140	1.2	1
-2.094395	1.870545	-2.976234
0.000000	0.000000	0.000000
2hym.pdb	-8.900	1.151	-1.123
model.B99990003.pdb	86.451	139.660	151.291
-1.047198	0.496451	0.593859	123	102	112	709.040
-1.308997	0.496451	0.593859	119	104	112	707.416
-1.832596	0.906588	1.252948	120	99	119	691.991
-1.570796	0.674054	1.013609	121	99	116	678.850
-2.356194	1.554776	0.100351	125	116	101	668.888
1.570796	1.417623	-0.202254	32	24	95	657.611
-2.617994	1.554776	0.100351	125	117	101	644.280
1.047198	1.606104	-0.451151	24	19	95	641.902
-1.832596	1.014500	0.906702	118	102	113	641.276
-2.094395	1.554776	0.100351	23	21	94	640.752
-1.832596	1.836682	-0.676006	33	34	98	634.651
-0.261799	0.458961	-0.107937	124	104	111	630.524
-2.617994	1.721184	-0.153948	131	116	101	625.545
0.523599	0.674054	1.013609	46	27	109	624.759
2.094395	1.617114	-1.572037	139	100	119	619.375
-0.523599	1.184361	0.625864	36	12	101	619.356
1.308997	1.014500	0.906702	38	40	105	617.974
2.617994	1.606104	-0.451151	34	21	95	611.268
-3.141593	1.417623	-0.202254	29	29	93	611.096
-1.832596	1.554776	0.100351	24	20	94	605.335
1.832596	1.617114	-1.572037	134	97	121	602.674
-1.832596	2.760637	2.781135	107	13	33	599.966
-1.047198	1.554776	0.100351	28	20	95	596.740
-0.523599	0.458961	-0.107937	120	104	111	594.151
-2.879793	1.824694	1.850876	108	7	32	592.400
-0.785398	1.554776	0.100351	29	20	95	592.170
-0.785398	0.496451	0.593859	128	101	112	588.534
-3.141593	1.836682	-0.676006	38	21	97	588.281
0.261799	0.496451	0.593859	11	116	113	583.625
-2.617994	0.591903	2.010408	114	97	15	583.611
2.356194	2.478122	2.609777	1	29	38	582.925
1.832596	1.325504	-1.671296	134	98	121	582.607
2.094395	1.545873	-1.877082	138	100	127	579.723
-1.832596	1.195355	1.200319	121	99	116	579.348
-1.570796	1.836682	-0.676006	31	36	97	579.233
-1.570796	1.721184	-0.153948	29	25	93	578.788
1.570796	0.674054	1.013609	35	44	110	578.577
0.785398	1.606104	-0.451151	22	19	95	577.962
-3.141593	0.618092	2.539118	115	99	19	576.706
-1.308997	1.367556	0.358405	25	15	97	576.494
0.785398	1.301460	-0.509251	25	15	97	576.444
-2.094395	1.836682	-0.676006	36	33	97	575.549
2.879793	1.836682	-0.676006	37	18	97	574.412
-1.308997	1.721184	-0.153948	29	26	93	571.038
-1.308997	1.909857	-0.381669	31	31	95	570.507
-2.617994	0.762244	-0.273349	22	39	100	569.759
-1.047198	1.721184	-0.153948	28	27	97	569.706
-1.047198	2.349581	-2.702517	109	16	38	567.926
-0.785398	2.349581	-2.702517	109	13	37	567.406
-2.617994	1.242974	-2.977882	34	22	136	565.898
-3.141593	1.135834	-1.431087	46	28	108	565.788
1.047198	1.301460	-0.509251	28	15	97	564.816
2.879793	1.510910	-0.740472	39	24	97	561.232
-1.308997	1.870545	-2.976234	131	15	45	560.733
-2.879793	2.089241	-0.114193	131	107	104	560.208
-0.261799	1.870545	-2.976234	118	9	44	559.764
-3.141593	1.510910	-0.740472	39	27	98	559.572
2.094395	1.242974	-2.977882	124	104	27	559.489
-2.879793	0.496451	0.593859	97	136	117	559.106
-1.570796	0.418037	1.360082	128	98	120	557.855
1.570796	0.418037	1.360082	29	46	115	557.644
-1.570796	1.367556	0.358405	23	16	97	557.470
2.617994	1.134497	-1.109631	44	21	103	555.293
2.879793	1.606104	-0.451151	35	23	95	555.030
1.047198	0.458961	-0.107937	11	117	112	554.924
-2.356194	2.760637	2.781135	109	23	33	554.786
-2.356194	0.700570	1.559208	111	98	10	553.908
-2.617994	1.606104	-0.451151	32	28	95	553.903
-0.261799	1.135834	-1.431087	106	17	124	553.753
-2.094395	1.504028	0.636812	120	106	107	553.647
-0.523599	1.606104	-0.451151	21	29	96	553.282
-0.523599	1.870545	-2.976234	117	11	45	553.182
2.356194	1.732874	-0.951685	139	104	110	552.987
-2.094395	1.683268	0.374177	125	109	102	552.645
-2.094395	2.760637	2.781135	107	18	33	552.494
0.785398	0.674054	1.013609	45	32	109	552.300
1.832596	1.256302	0.062705	33	30	97	551.140
2.879793	1.135834	-1.431087	47	22	109	550.680
-1.047198	2.404280	-0.174044	38	35	103	550.059
-1.832596	1.732874	-0.951685	32	39	100	549.484
-2.879793	0.762244	-0.273349	26	40	100	549.067
0.000000	1.417623	-0.202254	26	21	94	548.228
1.308997	0.674054	1.013609	39	41	110	547.731
-2.356194	0.762244	-0.273349	18	37	100	546.444
1.047198	1.014500	0.906702	41	36	105	546.371
-0.523599	0.203748	0.590255	132	100	116	545.528
-1.047198	1.367556	0.358405	28	14	96	545.163
2.094395	1.325504	-1.671296	139	100	122	544.541
-0.261799	1.014500	0.906702	14	118	114	544.480
-1.570796	1.510910	-0.740472	25	36	97	544.065
0.000000	0.458961	-0.107937	129	102	110	543.469
2.356194	1.050534	3.042579	119	105	27	543.005
0.261799	1.574060	2.783565	131	15	45	542.523
-0.261799	1.184361	0.625864	10	118	109	542.422
-2.094395	1.732874	-0.951685	36	37	100	542.352
2.356194	1.135834	-1.431087	43	13	110	541.060
2.617994	1.732874	-0.951685	40	16	100	540.418
-0.261799	1.836682	-0.676006	17	33	101	539.613
-2.617994	1.194549	-0.801900	35	37	99	539.533
2.617994	0.899350	-2.069907	41	12	119	539.470
0.261799	1.256302	0.062705	33	19	95	538.188
1.308997	0.496451	0.593859	44	34	107	537.674
2.617994	1.836682	-0.676006	36	16	97	537.279
-1.832596	0.700570	1.559208	124	98	123	537.105
-0.523599	1.014500	0.906702	39	11	105	536.983
1.047198	1.184361	0.625864	40	33	100	536.627
0.523599	0.831641	0.616218	43	22	104	536.612
-1.308997	1.504028	0.636812	29	11	99	536.576
-0.785398	1.606104	-0.451151	22	29	96	536.535
-1.308997	1.875281	0.107086	33	22	94	536.476
-2.094395	1.606104	-0.451151	30	30	95	536.327
1.832596	0.866395	-2.492918	120	97	20	535.166
2.094395	1.301460	-0.509251	36	22	98	535.008
1.832596	1.417623	-0.202254	32	25	95	534.844
-2.879793	1.721184	-0.153948	28	23	92	534.627
1.047198	0.831641	0.616218	43	31	104	534.046
-1.047198	2.979456	-1.009304	27	47	117	533.980
-1.308997	0.418037	1.360082	133	98	120	533.768
-1.047198	1.909857	-0.381669	29	32	94	533.222
1.047198	1.194549	-0.801900	26	10	99	533.072
-2.094395	1.875281	0.107086	131	111	101	532.434
2.356194	2.104282	-0.813972	132	103	109	532.244
-1.047198	0.709924	0.218797	118	108	106	531.992
-1.570796	1.554776	0.100351	26	20	94	531.877
-2.879793	1.617114	-1.572037	47	31	112	531.797
2.879793	2.089241	-0.114193	127	107	104	531.479
0.785398	0.418037	1.360082	42	37	113	531.381
0.000000	1.256302	0.062705	31	18	95	529.421
2.879793	1.732874	-0.951685	41	20	100	529.369
1.832596	1.736875	3.023612	131	12	46	529.297
-2.879793	0.458961	-0.107937	22	42	105	529.159
0.523599	0.961715	0.014085	36	16	98	529.139
-3.141593	0.961715	0.014085	25	37	97	528.498
-1.308997	2.089241	-0.114193	36	27	95	528.013
0.523599	1.301460	-0.509251	23	15	95	527.170
2.356194	0.762244	-0.273349	41	32	100	526.655
-1.308997	1.554776	0.100351	27	20	93	526.503
-0.523599	2.587733	0.232235	40	37	106	526.312
1.308997	1.113094	-0.272241	36	20	97	526.226
-2.356194	1.732874	-0.951685	38	34	101	526.103
2.879793	1.766067	2.153843	113	17	38	526.014
2.879793	1.909857	-0.381669	133	109	104	525.445
-2.356194	1.606104	-0.451151	135	124	100	524.966
2.094395	0.866955	-0.931351	43	16	103	524.068
-2.094395	2.478122	2.609777	107	15	37	524.054
-3.141593	0.866955	-0.931351	41	34	103	523.808
-3.141593	0.418037	1.360082	93	128	123	523.683
-2.879793	1.606104	-0.451151	34	27	95	523.011
-1.047198	0.961715	0.014085	119	111	102	522.357
2.356194	1.982574	-1.115518	137	103	112	521.718
-3.141593	1.606104	-0.451151	34	25	95	521.702
1.570796	0.866955	-0.931351	37	9	103	521.353
2.617994	0.866955	-0.931351	44	26	103	521.319
2.094395	1.836682	-0.676006	30	13	96	521.017
-2.879793	1.256302	0.062705	22	31	94	521.003
-0.523599	2.719179	-1.780644	107	22	26	520.520
-3.141593	1.875281	0.107086	124	111	103	520.037
-1.047198	1.875281	0.107086	34	23	94	519.711
-1.832596	1.606104	-0.451151	29	31	94	519.140
-1.832596	1.335669	0.897240	121	101	111	518.913
1.308997	1.569311	-3.003978	117	117	35	518.865
-0.785398	2.164094	-2.991358	113	10	42	518.564
-3.141593	1.301460	-0.509251	35	31	95	517.841
-2.356194	1.194549	-0.801900	32	38	99	517.515
-1.832596	1.909857	-0.381669	33	28	95	517.240
2.617994	1.135834	-1.431087	46	17	109	517.066
2.879793	0.615174	-0.666022	41	36	104	517.059
1.308997	1.045978	0.343692	39	31	100	517.038
-0.785398	1.184361	0.625864	32	11	101	517.000
-0.261799	2.455966	-0.641220	20	42	106	516.458
1.047198	0.418037	1.360082	39	42	115	516.232
-2.879793	2.001437	0.381215	121	107	106	516.078
2.879793	0.618092	2.539118	112	102	19	515.509
0.785398	0.762244	-0.273349	35	12	100	515.409
-2.094395	0.960688	-0.577532	22	37	99	515.202
-2.879793	1.134497	-1.109631	41	35	103	514.935
-2.617994	1.836682	-0.676006	38	27	97	514.814
-2.879793	1.113094	-0.272241	28	35	96	513.586
-0.523599	1.554776	0.100351	31	21	94	513.185
2.879793	1.134497	-1.109631	44	26	103	513.114
1.308997	1.184361	0.625864	37	36	100	513.113
0.785398	1.014500	0.906702	44	32	105	512.890
-2.617994	0.866955	-0.931351	34	40	103	512.594
-0.523599	0.700570	1.559208	44	16	116	512.156
2.094395	1.135834	-1.431087	0	102	117	511.992
1.832596	0.496451	0.593859	37	40	106	511.934
-2.617994	0.961715	0.014085	18	34	97	511.928
-2.879793	0.866955	-0.931351	38	37	103	511.808
-0.261799	1.045978	0.343692	34	13	99	511.697
2.617994	0.961715	0.014085	32	36	97	511.565
-2.617994	2.760637	2.781135	112	27	33	511.497
1.832596	2.033014	2.977192	136	15	45	511.346
0.523599	1.545873	-1.877082	96	115	128	511.056
-2.094395	1.909857	-0.381669	35	27	94	510.765
-0.785398	0.709924	0.218797	123	104	107	510.738
-0.785398	2.579248	-2.364801	106	16	33	509.724
2.879793	1.433411	-1.035986	43	23	102	509.693
-0.523599	1.683268	0.374177	8	125	105	509.527
-2.617994	1.301460	-0.509251	30	34	95	509.508
-0.261799	0.674054	1.013609	42	14	109	509.458
-1.308997	1.606104	-0.451151	25	30	94	509.409
2.617994	2.478122	2.609777	136	31	38	509.402
-1.047198	1.683268	0.374177	33	17	96	509.281
1.308997	1.194549	-0.801900	30	11	99	509.217
0.785398	1.417623	-0.202254	28	20	94	508.239
1.832596	1.554776	0.100351	28	30	94	507.458
0.523599	0.700570	1.559208	44	36	116	507.304
2.617994	1.909857	-0.381669	131	108	104	507.247
2.617994	1.374601	-2.456031	20	132	36	507.222
0.261799	1.569311	-3.003978	121	12	46	507.050
-1.570796	1.683268	0.374177	28	15	95	506.987
-2.356194	1.256302	0.062705	20	27	96	506.803
-3.141593	0.615174	-0.666022	37	39	104	506.479
-3.141593	1.194549	-0.801900	40	31	99	506.463
-0.523599	2.349581	-2.702517	109	8	38	506.030
-0.785398	1.367556	0.358405	31	14	96	505.838
-0.785398	0.618092	2.539118	44	29	127	505.803
-2.094395	1.433411	-1.035986	33	40	102	505.657
-3.141593	1.134497	-1.109631	43	31	103	505.654
-2.879793	2.187132	-0.479875	138	108	107	505.402
2.617994	0.615174	-0.666022	44	31	104	504.475
2.879793	1.699788	2.452890	117	15	42	503.657
0.785398	1.256302	0.062705	34	22	95	503.387
2.879793	0.960688	-0.577532	39	33	99	503.287
2.094395	1.134497	-1.109631	41	13	103	503.093
2.094395	1.824694	1.850876	119	31	34	502.566
2.879793	0.929350	-2.910676	130	101	24	501.913
0.261799	0.961715	0.014085	33	14	98	501.636
-2.356194	1.836682	-0.676006	38	31	97	501.539
1.570796	1.256302	0.062705	35	29	96	501.183
-0.523599	2.164094	-2.991358	115	7	42	501.168
2.617994	1.433411	-1.035986	43	19	101	500.873
-1.832596	1.721184	-0.153948	30	25	93	500.210
1.308997	0.290380	-0.796960	1	103	115	500.104
1.308997	1.256302	0.062705	35	27	96	500.090
-3.141593	1.766067	2.153843	111	13	38	500.041
-1.832596	1.510910	-0.740472	29	37	98	499.841
2.617994	2.104282	-0.813972	137	103	109	499.522
-0.523599	2.251330	-2.330739	107	15	35	498.535
-2.094395	1.194549	-0.801900	28	38	99	498.534
-2.617994	1.113094	-0.272241	25	34	96	498.276
-2.879793	1.135813	-2.658866	40	21	134	498.020
2.879793	0.709924	0.218797	25	40	102	497.963
-1.308997	0.674054	1.013609	126	100	113	497.901
-2.879793	1.875281	0.107086	125	110	103	497.796
1.832596	1.569311	-3.003978	129	6	47	497.773
2.879793	1.194549	-0.801900	41	27	100	497.680
-3.141593	1.256302	0.062705	24	32	94	497.119
1.308997	1.721184	-0.153948	25	24	93	497.103
-2.617994	1.875281	0.107086	128	111	102	496.705
2.094395	2.478122	2.609777	6	28	38	496.648
1.832596	2.247462	0.191623	100	128	108	496.418
-0.261799	1.606104	-0.451151	21	27	96	495.465
1.832596	0.866955	-0.931351	40	12	103	495.239
2.617994	0.914445	2.687814	114	106	25	494.573
-1.570796	1.184361	0.625864	123	104	106	494.469
-1.047198	1.504028	0.636812	32	12	99	494.339
2.356194	1.301460	-0.509251	36	24	100	494.049
-3.141593	1.325504	-1.671296	47	25	113	493.772
-0.523599	1.367556	0.358405	33	16	97	493.090
-0.523599	0.762244	-0.273349	118	109	105	493.048
-0.261799	2.041297	-2.664597	113	9	41	492.828
2.879793	0.866955	-0.931351	44	29	103	492.811
0.785398	0.700570	1.559208	41	40	116	492.794
-2.879793	1.732874	-0.951685	42	28	99	492.667
2.094395	2.356369	3.005869	9	21	41	492.618
0.000000	2.455966	-0.641220	128	36	121	492.590
-2.356194	1.417623	-0.202254	129	123	100	492.233
-2.617994	1.417623	-0.202254	26	29	93	492.134
-1.047198	1.869911	2.701025	137	3	45	491.486
-1.047198	1.256302	0.062705	23	17	95	490.758
1.832596	0.615174	-0.666022	44	17	104	490.736
-1.047198	1.417623	-0.202254	23	23	94	490.633
0.000000	1.135834	-1.431087	96	123	116	490.307
-0.261799	2.164094	-2.991358	118	4	42	490.271
0.261799	1.391910	3.030322	125	17	46	489.645
-0.261799	2.174483	2.653697	0	138	43	489.613
2.094395	0.496451	0.593859	33	42	106	489.504
1.570796	2.174483	2.653697	9	20	43	489.443
1.308997	0.831641	0.616218	41	35	103	489.002
-1.570796	1.606104	-0.451151	27	32	96	488.984
-2.094395	0.762244	-0.273349	15	34	100	488.387
2.879793	2.637879	2.121598	114	29	31	487.688
1.570796	1.301460	-0.509251	33	18	97	487.564
1.047198	1.256302	0.062705	35	24	95	487.531
-1.308997	1.417623	-0.202254	23	25	94	487.353
2.356194	2.089241	-0.114193	106	118	106	487.260
1.570796	1.194549	-0.801900	33	11	100	487.143
0.785398	1.732874	-0.951685	101	115	111	487.086
-0.785398	1.335669	0.897240	37	10	103	487.047
1.570796	0.831641	0.616218	38	37	102	486.787
0.523599	0.418037	1.360082	46	34	115	486.105
-0.261799	1.569311	-3.003978	120	15	46	485.664
1.308997	0.709924	0.218797	43	26	101	485.250
2.617994	1.683268	0.374177	104	128	106	484.335
1.570796	0.496451	0.593859	41	38	108	484.218
-2.356194	1.617114	-1.572037	41	40	111	483.677
1.047198	1.732874	-0.951685	105	113	111	483.407
-2.617994	0.960688	-0.577532	30	39	99	482.904
1.570796	1.014500	0.906702	34	42	105	482.475
-1.047198	1.335669	0.897240	33	8	103	482.473
1.570796	1.554776	0.100351	29	29	94	482.339
2.094395	2.404280	-0.174044	100	117	109	482.251
-2.879793	1.510910	-0.740472	37	30	97	482.238
-2.879793	0.615174	-0.666022	33	42	104	481.968
-2.356194	0.961715	0.014085	16	31	97	481.784
-3.141593	1.374601	-2.456031	42	22	133	481.563
1.570796	1.113094	-0.272241	36	21	100	481.483
0.000000	1.214854	-1.966664	99	16	16	481.384
2.094395	1.569311	-3.003978	131	6	46	481.015
1.832596	2.478122	2.609777	9	25	38	480.962
0.523599	0.960688	-0.577532	24	10	99	480.494
-2.356194	2.089241	-0.114193	136	111	103	480.182
2.094395	0.866395	-2.492918	125	95	21	480.148
2.356194	0.866955	-0.931351	44	21	103	479.775
-1.570796	1.875281	0.107086	32	20	94	479.567
-2.879793	0.961715	0.014085	23	36	97	479.473
-2.617994	0.571433	-1.188419	37	41	108	479.204
1.308997	1.554776	0.100351	30	29	94	479.049
-3.141593	1.135813	-2.658866	39	18	134	479.002
2.617994	0.458961	-0.107937	36	40	105	478.891
2.617994	0.591903	2.010408	93	126	131	478.580
-2.617994	0.615174	-0.666022	29	42	104	478.369
0.261799	0.458961	-0.107937	135	101	111	478.238
1.570796	2.478122	2.609777	12	21	38	478.138
1.047198	2.153910	-1.714959	33	22	100	477.961
-1.570796	1.909857	-0.381669	32	30	96	477.757
0.785398	0.961715	0.014085	37	18	97	477.611
-2.356194	1.982574	-1.115518	42	35	102	477.406
-0.785398	1.836682	-0.676006	22	35	97	476.977
0.785398	1.045978	0.343692	40	24	100	476.859
-2.617994	1.256302	0.062705	21	29	96	476.842
2.617994	1.510910	-0.740472	39	20	98	476.733
2.094395	0.615174	-0.666022	45	22	104	476.687
-2.617994	0.458961	-0.107937	18	40	105	475.576
-1.832596	1.433411	-1.035986	29	41	102	475.418
0.000000	1.741644	-2.695914	115	10	43	474.730
-0.523599	2.174483	2.653697	136	138	43	474.694
2.617994	1.554776	0.100351	109	128	104	474.600
1.047198	0.674054	1.013609	42	37	109	474.222
-0.523599	2.455966	-0.641220	24	43	106	473.934
-1.832596	1.504028	0.636812	123	104	106	473.709
-0.523599	1.836682	-0.676006	19	35	100	473.394
-3.141593	1.433411	-1.035986	43	27	101	473.128
2.356194	1.218453	2.777284	110	122	36	473.049
1.047198	0.080730	-2.622036	93	123	126	472.664
-2.879793	0.960688	-0.577532	33	37	99	472.563
2.617994	0.762244	-0.273349	38	35	100	472.495
2.617994	2.456751	-1.503343	24	129	19	472.389
-1.570796	1.256302	0.062705	21	21	95	472.060
1.308997	1.606104	-0.451151	26	19	94	472.032
-2.879793	1.417623	-0.202254	28	29	93	471.565
0.785398	1.194549	-0.801900	22	11	99	471.504
1.570796	1.184361	0.625864	34	39	101	471.458
-0.523599	0.591903	2.010408	46	24	121	471.425
-1.832596	0.674054	1.013609	117	102	116	470.759
-2.356194	1.367556	0.358405	18	21	96	470.591
2.879793	1.256302	0.062705	27	32	94	470.563
-1.308997	1.256302	0.062705	22	19	95	470.375
-3.141593	1.113094	-0.272241	31	34	96	470.108
0.261799	1.617114	-1.572037	94	119	121	469.810
1.047198	1.836682	-0.676006	104	117	107	469.492
1.832596	1.045978	0.343692	34	35	100	469.450
0.261799	1.948085	-2.363031	112	4	39	469.430
-0.261799	1.134497	-1.109631	107	13	118	469.405
1.047198	0.961715	0.014085	39	21	97	469.382
-2.879793	1.194549	-0.801900	38	34	99	469.331
-2.617994	1.732874	-0.951685	40	31	99	469.218
1.832596	1.574060	2.783565	126	17	47	469.125
-1.047198	1.606104	-0.451151	24	29	94	468.799
2.356194	2.108018	1.311430	111	29	24	468.672
2.879793	2.187132	-0.479875	133	104	106	468.572
-2.617994	1.545873	-1.877082	44	34	122	468.489
-3.141593	2.089241	-0.114193	127	108	104	468.450
-3.141593	0.674054	1.013609	95	134	118	468.307
-1.047198	1.870545	-2.976234	130	13	46	467.730
0.000000	2.164094	-2.991358	121	3	42	467.643
-1.308997	1.732874	-0.951685	24	40	100	467.501
0.261799	1.870545	-2.976234	122	7	44	466.987
0.000000	0.496451	0.593859	8	112	113	466.938
-1.308997	1.836682	-0.676006	28	36	97	466.900
-1.308997	1.824694	1.850876	0	99	13	466.881
-0.785398	0.762244	-0.273349	115	112	105	466.186
2.879793	2.455966	-0.641220	135	100	110	466.168
2.617994	2.356369	3.005869	3	27	41	465.862
-2.094395	1.256302	0.062705	20	25	95	465.675
-1.308997	1.736875	3.023612	135	10	46	465.641
2.356194	1.836682	-0.676006	133	106	105	465.453
1.570796	0.615174	-0.666022	41	13	104	465.400
2.356194	1.448123	-2.163292	22	128	31	465.251
-3.141593	1.904882	-1.478089	47	23	114	465.006
-2.617994	2.108018	1.311430	100	112	13	464.775
2.879793	1.721184	-0.153948	128	117	98	464.678
2.617994	0.850607	-1.335383	46	20	108	464.444
-0.523599	2.108018	1.311430	45	16	115	464.403
2.356194	1.134497	-1.109631	43	17	103	464.366
2.356194	0.709924	0.218797	34	39	101	464.023
-2.617994	1.909857	-0.381669	34	23	95	463.626
2.094395	2.001437	0.381215	102	130	108	463.202
0.261799	0.290380	-0.796960	120	102	114	463.185
0.523599	0.762244	-0.273349	31	10	100	462.831
0.261799	1.736875	3.023612	127	10	46	462.746
1.047198	0.496451	0.593859	46	30	108	462.672
2.356194	0.419640	2.974122	112	101	17	462.626
1.308997	1.134497	-1.109631	28	6	103	462.475
0.261799	1.113094	-0.272241	25	14	96	462.412
1.832596	0.458961	-0.107937	46	28	105	462.272
1.570796	2.984978	1.954446	9	31	27	461.995
-1.047198	2.187132	-0.479875	31	37	101	461.766
1.047198	1.617114	-1.572037	103	107	121	461.536
1.570796	2.637879	2.121598	8	29	32	461.519
0.785398	0.960688	-0.577532	28	10	99	461.471
-2.879793	1.325504	-1.671296	46	30	113	461.279
2.356194	1.574060	2.783565	124	14	46	461.208
-2.617994	1.413347	-1.339188	42	36	106	461.144
2.617994	0.831641	0.616218	22	40	102	461.092
-2.094395	1.510910	-0.740472	32	36	97	461.065
0.000000	2.724429	-0.348782	18	44	112	461.021
-3.141593	2.104282	-0.813972	1	109	109	460.795
-2.879793	1.135834	-1.431087	46	32	109	460.753
2.356194	0.733948	3.021411	115	103	22	460.726
2.094395	1.448123	-2.163292	135	96	18	460.592
-3.141593	0.899350	-2.069907	45	20	119	460.568
-1.047198	2.881233	-2.582574	105	17	29	460.385
-2.356194	0.615174	-0.666022	24	42	104	460.369
1.308997	0.458961	-0.107937	14	122	112	460.222
-1.832596	1.135834	-1.431087	30	45	110	460.169
-1.570796	2.760637	2.781135	107	8	33	459.992
2.879793	1.050534	3.042579	123	103	27	459.801
1.308997	0.961715	0.014085	40	25	98	459.761
-2.094395	1.335669	0.897240	117	104	110	459.627
2.617994	0.496451	0.593859	23	43	106	459.619
-3.141593	2.187132	-0.479875	136	106	106	459.525
-0.785398	1.014500	0.906702	35	8	105	459.246
-2.094395	1.721184	-0.153948	30	25	93	459.159
1.832596	2.153910	-1.714959	131	94	9	459.078
-3.141593	1.721184	-0.153948	28	23	92	459.015
2.356194	0.615174	-0.666022	45	27	104	458.999
0.785398	1.325504	-1.671296	99	110	124	458.821
-0.785398	2.089241	-0.114193	33	33	99	458.759
0.785398	0.709924	0.218797	42	17	101	458.509
-2.356194	0.960688	-0.577532	26	38	99	458.319
-2.879793	2.247462	0.191623	125	103	106	458.245
-0.785398	0.458961	-0.107937	116	107	110	457.899
-2.617994	1.367556	0.358405	17	24	95	457.865
0.000000	1.836682	-0.676006	17	30	100	457.785
2.879793	0.458961	-0.107937	31	42	105	457.618
2.356194	0.961715	0.014085	35	34	97	457.272
2.356194	0.571433	-1.188419	46	17	109	456.884
2.356194	1.194549	-0.801900	42	19	99	456.861
-2.094395	1.168678	2.108595	2	103	106	456.530
-2.879793	0.618092	2.539118	118	97	19	456.273
-0.785398	1.721184	-0.153948	28	26	93	456.201
2.356194	1.696674	-1.253233	1	104	113	455.915
1.308997	0.418037	1.360082	34	44	114	455.831
0.261799	0.618092	2.539118	32	43	130	455.755
0.523599	1.194549	-0.801900	19	12	99	455.729
1.047198	0.615174	-0.666022	34	7	104	455.596
2.094395	1.135813	-2.658866	126	99	23	455.530
1.047198	0.866955	-0.931351	28	6	103	455.362
-1.047198	2.579248	-2.364801	107	23	32	455.326
2.094395	1.555207	1.708892	110	32	14	455.176
2.094395	0.762244	-0.273349	42	31	100	455.092
0.785398	1.617114	-1.572037	99	110	121	454.953
-1.832596	1.184361	0.625864	119	106	107	454.938
2.617994	2.138223	1.678323	110	26	30	454.674
-1.308997	2.588535	-2.976617	107	14	36	454.452
1.570796	0.961715	0.014085	40	28	97	454.135
-3.141593	1.809167	1.213774	95	121	2	454.022
-2.356194	1.325504	-1.671296	41	40	114	454.018
1.308997	2.984978	1.954446	14	28	27	453.594
-1.832596	2.478122	2.609777	108	10	37	453.450
0.261799	1.510910	-0.740472	16	20	97	453.360
1.308997	0.866955	-0.931351	32	7	103	453.356
-1.832596	0.615174	-0.666022	17	38	104	453.126
2.617994	1.050534	3.042579	121	104	27	453.103
1.570796	1.135813	-2.658866	119	101	24	453.079
2.617994	2.247462	0.191623	101	118	108	453.072
2.617994	1.658653	-2.409879	23	135	35	452.547
0.523599	0.297065	2.160177	34	44	120	452.530
-2.879793	0.709924	0.218797	17	37	102	452.294
-2.094395	2.104282	-0.813972	40	33	99	452.293
2.094395	1.113094	-0.272241	37	27	99	452.265
1.047198	1.134497	-1.109631	108	107	114	451.866
2.879793	1.574060	2.783565	123	11	45	451.496
2.879793	0.914445	2.687814	116	103	25	451.244
2.617994	1.875281	0.107086	106	123	105	451.149
0.261799	0.762244	-0.273349	27	9	100	450.702
0.000000	0.674054	1.013609	45	18	109	450.683
-1.570796	1.014500	0.906702	122	100	112	450.604
2.356194	1.242974	-2.977882	126	104	27	450.526
-1.570796	2.719179	-1.780644	22	47	120	450.522
-1.832596	1.256302	0.062705	19	22	96	450.197
-1.308997	2.033014	2.977192	129	9	45	450.086
2.356194	1.510910	-0.740472	38	17	98	449.828
2.879793	1.440580	2.260026	114	12	40	449.815
-1.308997	2.455966	-0.641220	36	40	106	449.775
1.832596	1.135813	-2.658866	122	100	23	449.472
-1.047198	1.836682	-0.676006	25	35	96	449.435
-0.785398	1.242974	-2.977882	136	24	43	449.417
-1.047198	2.164094	-2.991358	112	13	42	449.403
-1.570796	2.456751	-1.503343	25	23	100	449.372
-0.785398	1.050534	3.042579	3	23	43	449.255
2.879793	0.619654	-2.216909	41	13	119	448.921
-0.785398	2.719179	-1.780644	109	27	26	448.751
-0.523599	2.247462	0.191623	37	34	102	448.720
0.785398	1.510910	-0.740472	20	15	97	448.350
1.047198	1.554776	0.100351	31	28	93	448.238
-2.879793	1.433411	-1.035986	42	31	101	447.905
2.879793	1.310100	1.488307	92	131	125	447.451
1.570796	1.721184	-0.153948	26	25	93	447.003
-0.261799	1.766067	2.153843	36	15	138	446.421
-0.785398	1.417623	-0.202254	23	24	94	445.931
1.570796	0.960688	-0.577532	38	16	99	445.787
-2.879793	2.637879	2.121598	107	20	31	445.199
-0.261799	2.587733	0.232235	38	40	106	445.148
0.261799	0.700570	1.559208	46	31	116	445.125
2.356194	1.875281	0.107086	106	124	105	445.020
2.094395	0.709924	0.218797	37	37	101	444.841
2.879793	1.417623	-0.202254	31	28	93	444.632
1.832596	1.194549	-0.801900	37	15	99	444.588
-2.617994	1.683268	0.374177	122	112	103	444.037
-0.261799	1.256302	0.062705	30	17	95	443.881
-2.094395	0.850607	-1.335383	31	43	108	443.763
2.356194	1.135813	-2.658866	129	100	23	443.745
0.261799	0.418037	1.360082	47	29	115	443.044
2.617994	0.960688	-0.577532	41	29	99	442.594
2.356194	1.606104	-0.451151	34	19	95	442.255
2.094395	0.961715	0.014085	38	32	97	442.175
2.356194	0.850607	-1.335383	44	15	108	441.973
2.617994	2.760637	2.781135	1	32	34	441.933
2.356194	1.617114	-1.572037	4	103	118	441.793
-3.141593	0.914445	2.687814	118	101	25	441.754
-2.617994	2.247462	0.191623	128	103	106	441.746
2.356194	1.433411	-1.035986	2	107	109	441.744
0.785398	0.458961	-0.107937	9	114	112	441.672
-1.832596	1.766067	2.153843	127	102	21	441.505
0.000000	0.618092	2.539118	36	41	130	441.355
-0.261799	1.683268	0.374177	9	127	105	441.254
2.094395	2.187132	-0.479875	108	113	108	441.083
2.094395	1.510910	-0.740472	35	16	98	440.929
-2.356194	0.571433	-1.188419	33	42	108	440.854
2.879793	1.014500	0.906702	97	135	116	440.736
0.000000	0.910508	1.903534	46	31	125	440.670
-1.047198	0.733948	3.021411	40	33	130	440.529
0.261799	0.674054	1.013609	47	23	109	440.461
0.523599	0.496451	0.593859	45	20	108	440.255
2.879793	1.617114	-1.572037	47	19	116	440.248
-2.879793	1.909857	-0.381669	34	21	93	440.241
2.617994	1.417623	-0.202254	32	27	93	440.044
0.785398	1.982574	-1.115518	98	115	113	439.976
0.523599	1.113094	-0.272241	28	16	99	439.939
-1.308997	1.683268	0.374177	31	16	95	439.791
2.617994	2.153910	-1.714959	26	132	22	439.568
-1.308997	1.948085	-2.363031	126	31	35	439.518
-0.261799	1.554776	0.100351	32	22	94	439.420
-1.832596	0.571433	-1.188419	23	43	108	438.675
2.879793	1.195355	1.200319	94	132	119	438.485
-2.356194	1.168678	2.108595	138	100	106	438.458
2.356194	1.413347	-1.339188	42	13	107	438.080
1.832596	2.174483	2.653697	6	23	43	438.037
-2.879793	1.301460	-0.509251	32	33	96	437.903
2.879793	1.045978	0.343692	22	36	97	437.881
1.832596	0.709924	0.218797	40	34	101	437.750
-0.261799	0.914445	2.687814	36	36	134	437.499
-2.617994	1.696674	-1.253233	42	34	104	437.105
-2.094395	0.571433	-1.188419	28	43	108	436.992
-1.570796	0.906588	1.252948	127	99	117	436.944
-2.617994	0.290380	-0.796960	31	43	109	436.769
2.094395	0.571433	-1.188419	43	13	108	436.613
1.832596	1.391910	3.030322	115	121	36	436.396
-2.356194	1.301460	-0.509251	29	34	95	436.017
1.570796	1.134497	-1.109631	33	7	103	435.740
2.094395	1.374601	-2.456031	131	100	22	435.616
-1.308997	1.569311	-3.003978	138	17	46	435.468
-2.094395	1.135834	-1.431087	35	44	110	435.339
-0.523599	1.256302	0.062705	27	17	95	435.089
2.879793	0.571433	-1.188419	46	28	108	435.002
2.356194	0.496451	0.593859	29	43	106	434.655
2.094395	0.929350	-2.910676	120	100	25	434.640
2.356194	1.662363	0.915448	100	137	114	434.517
1.047198	0.709924	0.218797	43	21	101	434.450
2.617994	2.174483	2.653697	136	27	43	434.172
0.000000	0.914445	2.687814	34	38	134	433.917
1.570796	1.367556	0.358405	32	34	97	433.832
0.000000	0.831641	0.616218	12	117	112	433.680
-3.141593	0.571433	-1.188419	44	33	108	433.634
-0.785398	1.256302	0.062705	25	18	95	433.514
-2.356194	1.696674	-1.253233	41	38	105	433.465
2.879793	2.104282	-0.813972	138	107	109	433.215
2.356194	2.174483	2.653697	139	27	43	433.199
-1.832596	1.982574	-1.115518	35	41	103	432.595
2.617994	0.571433	-1.188419	46	23	108	432.577
2.094395	1.417623	-0.202254	32	24	94	432.303
-1.570796	1.417623	-0.202254	24	26	94	432.219
-0.261799	2.033014	2.977192	134	3	45	432.215
-1.308997	1.756530	-2.105156	128	35	32	432.012
-2.879793	2.760637	2.781135	116	31	33	431.917
-2.356194	1.909857	-0.381669	137	117	102	431.780
-2.356194	0.914445	2.687814	135	99	106	431.713
-2.094395	1.301460	-0.509251	26	34	95	431.699
-0.261799	0.762244	-0.273349	122	105	105	431.319
2.879793	1.113094	-0.272241	33	33	95	431.200
2.094395	2.979456	-1.009304	123	92	6	431.152
1.832596	0.379747	-1.713059	32	4	114	430.990
2.356194	1.599406	1.426070	105	30	9	430.898
1.832596	0.929350	-2.910676	117	102	25	430.847
2.094395	0.685216	-1.712745	37	7	114	430.844
-0.261799	2.396274	-1.959260	105	15	28	430.809
2.094395	0.850607	-1.335383	41	11	108	430.708
-0.785398	2.187132	-0.479875	28	39	102	430.692
2.879793	0.700570	1.559208	92	129	126	430.528
1.308997	0.615174	-0.666022	38	11	104	430.381
-1.832596	1.194549	-0.801900	24	37	99	430.041
1.832596	1.870545	-2.976234	134	9	46	429.958
2.617994	1.982574	-1.115518	2	104	112	429.939
-1.832596	1.301460	-0.509251	23	33	95	429.739
-0.261799	1.367556	0.358405	26	47	105	429.720
-2.879793	0.290380	-0.796960	35	42	109	429.701
-2.617994	2.349581	-2.702517	30	34	101	429.692
2.094395	1.433411	-1.035986	139	106	107	429.575
1.308997	1.836682	-0.676006	106	114	108	429.547
2.094395	0.831641	0.616218	30	41	102	429.505
-1.047198	2.108018	1.311430	8	101	3	429.174
-2.879793	0.418037	1.360082	93	122	123	428.993
2.356194	1.904882	-1.478089	3	101	117	428.930
2.617994	1.335669	0.897240	99	136	114	428.924
2.356194	0.685216	-1.712745	30	128	21	428.552
-2.356194	0.619654	-2.216909	45	30	120	428.467
2.879793	2.760637	2.781135	136	32	34	428.286
2.617994	1.872854	1.543456	109	24	28	428.285
2.094395	2.174483	2.653697	3	25	43	428.229
-1.832596	2.187132	-0.479875	39	29	96	428.094
2.094395	2.664082	-1.071402	124	93	2	428.078
2.356194	0.297065	2.160177	94	128	128	428.014
-2.356194	1.875281	0.107086	130	111	102	427.914
-3.141593	1.909857	-0.381669	132	111	103	427.866
-0.785398	1.732874	-0.951685	17	37	101	427.811
1.832596	1.113094	-0.272241	38	25	97	427.762
2.617994	0.929350	-2.910676	126	101	23	427.737
-0.523599	1.335669	0.897240	13	117	113	427.455
0.261799	1.134497	-1.109631	101	117	111	427.420
2.356194	1.450119	-2.739050	131	104	26	427.310
2.617994	1.301460	-0.509251	38	25	97	427.254
-2.879793	1.982574	-1.115518	44	26	105	427.113
-2.094395	1.617114	-1.572037	37	43	111	426.977
1.832596	0.762244	-0.273349	43	27	100	426.863
-2.879793	1.045978	0.343692	16	32	98	426.857
-2.094395	1.417623	-0.202254	24	28	93	426.691
-1.570796	1.504028	0.636812	25	11	98	426.618
-2.879793	0.571433	-1.188419	41	37	108	426.612
2.617994	0.709924	0.218797	30	40	101	426.586
-3.141593	1.545873	-1.877082	47	24	122	426.544
0.000000	1.870545	-2.976234	120	8	44	426.372
0.785398	1.836682	-0.676006	102	119	107	426.368
2.879793	0.992645	-1.723759	47	19	114	426.340
1.832596	1.756530	-2.105156	133	94	15	426.170
-2.879793	1.554776	0.100351	23	25	92	426.166
-1.570796	0.866955	-0.931351	18	40	103	425.696
-0.523599	1.488617	1.159546	16	118	117	425.613
-1.308997	2.153910	-1.714959	20	46	118	425.414
1.308997	0.960688	-0.577532	36	14	99	425.191
-0.523599	1.417623	-0.202254	24	22	94	425.178
-2.617994	0.850607	-1.335383	40	38	108	425.075
1.047198	1.135834	-1.431087	105	106	119	425.058
-2.879793	0.992645	-1.723759	46	31	113	424.574
1.308997	1.870545	-2.976234	123	115	33	424.484
-1.308997	2.104282	-0.813972	30	41	104	424.455
0.261799	1.014500	0.906702	45	23	105	424.411
2.879793	1.696674	-1.253233	45	20	106	424.342
-0.785398	2.404280	-0.174044	36	37	103	424.276
2.356194	1.699788	2.452890	121	20	43	424.212
1.832596	1.998705	2.370472	130	27	41	424.212
2.617994	0.419640	2.974122	115	98	17	424.211
-2.879793	1.696674	-1.253233	44	29	104	424.164
-3.141593	1.574060	2.783565	112	124	36	424.074
0.261799	2.247462	0.191623	30	39	102	424.060
0.261799	2.041297	-2.664597	117	3	41	423.973
0.523599	0.591903	2.010408	38	41	121	423.933
-2.356194	0.850607	-1.335383	36	41	108	423.828
2.617994	0.618092	2.539118	110	104	20	423.587
-2.617994	1.135834	-1.431087	41	37	108	423.458
-2.617994	2.404280	-0.174044	136	104	107	423.301
-1.832596	2.719179	-1.780644	29	46	120	423.180
0.785398	2.104282	-0.813972	98	120	110	423.072
-1.308997	0.961715	0.014085	117	112	103	422.999
-2.356194	1.113094	-0.272241	22	33	96	422.979
1.832596	1.135834	-1.431087	136	100	116	422.701
-3.141593	1.440580	2.260026	103	122	31	422.565
-2.094395	0.961715	0.014085	14	28	97	422.173
-1.047198	0.203748	0.590255	122	98	118	422.127
0.523599	1.846342	-1.796954	95	113	125	422.123
-2.879793	1.836682	-0.676006	38	24	97	422.058
-0.785398	0.418037	1.360082	39	8	112	421.940
-3.141593	0.458961	-0.107937	26	43	105	421.328
2.356194	1.247695	1.809890	110	27	34	421.306
1.047198	0.762244	-0.273349	38	15	100	421.084
2.617994	1.310100	1.488307	95	135	125	420.995
-2.617994	2.001437	0.381215	123	105	106	420.856
1.832596	2.001437	0.381215	104	133	108	420.770
-2.094395	0.866955	-0.931351	27	41	103	420.590
0.261799	2.089241	-0.114193	24	36	100	420.585
2.879793	0.961715	0.014085	28	36	98	420.480
1.047198	1.909857	-0.381669	105	123	105	420.305
1.832596	2.089241	-0.114193	104	121	106	420.303
2.879793	1.982574	-1.115518	43	17	101	420.245
1.308997	0.906588	1.252948	36	44	112	419.994
-1.570796	1.135834	-1.431087	25	45	110	419.928
1.047198	0.700570	1.559208	37	43	116	419.661
1.832596	1.545873	-1.877082	134	97	126	419.529
-2.617994	1.050534	3.042579	131	95	112	419.375
2.617994	1.450119	-2.739050	16	135	39	419.339
0.523599	1.256302	0.062705	33	20	94	419.036
-2.617994	0.910508	1.903534	111	100	15	418.855
1.047198	1.367556	0.358405	36	30	96	418.845
-0.785398	2.455966	-0.641220	28	43	105	418.743
2.094395	0.640596	-2.797608	117	98	20	418.699
-1.047198	1.242974	-2.977882	138	24	43	418.697
-2.356194	2.478122	2.609777	109	20	37	418.680
-1.570796	2.588535	-2.976617	108	19	36	418.650
1.047198	1.948085	-2.363031	115	105	27	418.632
1.308997	2.455966	-0.641220	97	119	111	418.585
2.617994	1.194549	-0.801900	42	24	98	418.537
-3.141593	0.619654	-2.216909	45	16	120	418.434
2.356194	1.113094	-0.272241	37	29	95	418.283
0.523599	0.203748	0.590255	15	119	118	418.230
-0.785398	0.700570	1.559208	42	12	115	418.202
2.094395	1.194549	-0.801900	40	17	98	418.152
-3.141593	0.992645	-1.723759	47	26	113	418.146
0.000000	1.301460	-0.509251	18	19	96	418.100
0.000000	1.184361	0.625864	42	18	100	418.011
1.047198	1.721184	-0.153948	113	127	101	417.896
0.785398	1.904882	-1.478089	98	111	119	417.862
2.094395	1.869911	2.701025	129	20	45	417.779
-1.570796	1.904882	-1.478089	27	46	114	417.776
-1.047198	0.762244	-0.273349	113	115	104	417.718
-0.261799	1.721184	-0.153948	26	29	98	417.428
0.523599	0.290380	-0.796960	126	100	115	417.362
-1.047198	1.658653	-2.409879	126	29	37	417.027
1.832596	0.640596	-2.797608	115	99	20	416.874
-2.356194	0.080730	-2.622036	46	21	115	416.798
2.617994	0.379747	-1.713059	44	13	114	416.794
2.356194	0.831641	0.616218	26	41	102	416.628
0.785398	1.184361	0.625864	41	29	100	416.481
-3.141593	1.683268	0.374177	102	124	105	416.349
2.094395	1.870545	-2.976234	136	8	45	416.260
-0.261799	2.343981	-1.040456	126	35	121	416.230
2.356194	0.866395	-2.492918	129	97	19	416.062
-2.094395	1.440580	2.260026	5	101	112	416.010
-0.785398	0.419640	2.974122	41	38	125	415.913
2.356194	1.256302	0.062705	31	31	94	415.751
-2.356194	1.510910	-0.740472	35	35	97	415.604
-1.047198	2.343981	-1.040456	25	44	108	415.589
-3.141593	2.455966	-0.641220	138	103	110	415.576
1.570796	1.391910	3.030322	116	121	36	415.550
1.570796	1.741644	-2.695914	131	0	44	415.355
0.000000	1.128190	-2.288622	102	19	21	415.349
2.094395	1.045978	0.343692	32	37	97	415.322
2.879793	1.413430	2.550734	118	10	44	415.121
2.617994	2.455966	-0.641220	131	99	110	415.108
-0.261799	0.906588	1.252948	45	17	111	414.397
-2.879793	0.850607	-1.335383	43	35	108	414.390
2.879793	0.762244	-0.273349	35	37	100	414.371
2.094395	1.721184	-0.153948	26	24	94	414.195
2.094395	0.960688	-0.577532	42	22	98	413.847
2.356194	1.417623	-0.202254	32	26	94	413.830
-2.617994	1.045978	0.343692	14	29	97	413.766
2.617994	1.025536	1.576859	94	134	127	413.591
0.000000	0.418037	1.360082	47	22	112	413.465
-2.356194	0.906588	1.252948	108	100	6	413.258
1.832596	1.134497	-1.109631	37	9	103	413.236
-2.356194	1.433411	-1.035986	37	39	102	413.184
2.879793	0.496451	0.593859	18	42	106	412.892
1.570796	1.214854	-1.966664	128	96	127	412.887
-2.356194	0.685216	-1.712745	41	39	113	412.788
2.617994	1.617114	-1.572037	46	14	116	412.662
-0.261799	2.404280	-0.174044	29	41	103	412.474
-2.356194	1.450119	-2.739050	35	29	136	412.239
0.785398	2.153910	-1.714959	32	20	100	412.145
-3.141593	0.960688	-0.577532	36	36	98	412.110
2.617994	0.866395	-2.492918	133	97	21	412.098
2.094395	1.696674	-1.253233	137	100	114	412.059
2.094395	1.599406	1.426070	109	33	9	412.039
-2.879793	2.104282	-0.813972	4	114	108	412.033
0.785398	0.496451	0.593859	46	24	106	411.926
-1.047198	1.510910	-0.740472	20	34	97	411.740
-1.308997	2.881233	-2.582574	107	22	29	411.728
2.879793	1.998705	2.370472	116	20	40	411.689
-2.094395	1.413347	-1.339188	35	42	107	411.403
-1.308997	2.356369	3.005869	111	10	40	411.240
-2.879793	0.899350	-2.069907	46	25	120	410.719
-1.308997	1.184361	0.625864	127	103	106	410.658
-1.570796	2.108018	1.311430	135	95	5	410.621
-0.523599	0.914445	2.687814	38	33	133	410.602
0.000000	0.961715	0.014085	28	12	97	410.350
-2.356194	1.135834	-1.431087	40	41	110	410.218
-0.261799	0.700570	1.559208	46	21	116	410.211
2.094395	1.606104	-0.451151	31	20	94	410.007
0.523599	1.574060	2.783565	131	16	45	409.987
-2.617994	2.174483	2.653697	104	128	31	409.820
-2.356194	1.824694	1.850876	101	111	23	409.749
-1.308997	0.709924	0.218797	115	109	106	409.508
2.356194	1.045978	0.343692	29	37	97	409.456
1.832596	1.606104	-0.451151	30	19	95	409.409
-2.094395	1.367556	0.358405	121	113	102	409.119
-1.570796	1.433411	-1.035986	25	41	102	409.073
-2.617994	1.134497	-1.109631	38	37	103	408.859
1.832596	1.218453	2.777284	111	125	35	408.798
2.094395	2.760637	2.781135	10	28	34	408.699
1.047198	1.417623	-0.202254	30	21	93	408.599
0.785398	2.863997	0.549740	137	43	128	408.521
1.832596	1.741644	-2.695914	133	2	44	408.383
-0.523599	0.418037	1.360082	43	12	112	408.362
1.308997	1.741644	-2.695914	119	111	32	408.203
0.785398	1.545873	-1.877082	99	110	127	408.200
-1.832596	1.417623	-0.202254	23	27	93	408.127
2.356194	1.413430	2.550734	119	15	44	408.102
2.617994	1.218453	2.777284	110	120	36	408.089
0.000000	2.174483	2.653697	125	110	31	408.056
2.356194	1.569311	-3.003978	132	7	46	408.054
-1.047198	1.824694	1.850876	4	101	13	407.954
-2.879793	2.299159	2.264663	103	1	26	407.879
-2.094395	1.982574	-1.115518	39	38	102	407.766
2.356194	1.374601	-2.456031	18	129	36	407.748
0.523599	1.417623	-0.202254	28	21	94	407.682
-2.094395	1.134497	-1.109631	32	42	106	407.636
-1.047198	1.135813	-2.658866	135	30	39	407.248
-0.785398	2.033014	2.977192	119	6	45	407.137
-3.141593	0.709924	0.218797	21	39	101	407.012
-1.570796	0.831641	0.616218	119	105	109	407.000
-0.523599	2.033014	2.977192	121	5	44	406.928
0.261799	1.417623	-0.202254	28	20	94	406.859
1.308997	2.349581	-2.702517	134	99	20	406.858
-1.832596	1.683268	0.374177	51	26	113	406.684
0.261799	1.599406	1.426070	47	31	118	406.567
2.094395	1.310100	1.488307	109	33	11	406.457
0.785398	1.554776	0.100351	32	27	93	406.410
-1.832596	1.134497	-1.109631	27	43	103	406.347
-1.570796	1.809167	1.213774	136	96	2	406.297
1.832596	1.721184	-0.153948	26	25	93	406.279
-2.617994	0.700570	1.559208	107	101	11	406.173
0.523599	2.587733	0.232235	22	44	109	406.107
1.570796	2.299159	2.264663	7	27	38	405.630
-0.523599	2.396274	-1.959260	106	20	29	405.551
-0.523599	1.998705	2.370472	7	139	41	405.548
0.000000	0.379747	-1.713059	93	125	125	405.406
-1.832596	0.866955	-0.931351	21	41	102	405.098
1.047198	1.982574	-1.115518	101	112	113	404.743
-0.785398	0.906588	1.252948	39	9	112	404.690
2.879793	0.733948	3.021411	120	99	22	404.682
2.356194	0.960688	-0.577532	42	26	98	404.659
0.523599	1.606104	-0.451151	21	21	94	404.597
0.785398	0.297065	2.160177	29	45	119	404.432
2.094395	1.256302	0.062705	33	30	94	404.242
0.785398	0.866955	-0.931351	23	6	103	404.133
-2.617994	1.433411	-1.035986	39	34	101	404.101
2.094395	1.756530	-2.105156	21	125	29	404.086
-2.617994	0.992645	-1.723759	45	34	115	403.959
2.094395	0.914445	2.687814	105	122	33	403.941
0.000000	1.569311	-3.003978	121	13	46	403.863
2.617994	2.089241	-0.114193	108	117	106	403.395
1.832596	0.674054	1.013609	30	46	110	403.292
-1.570796	1.134497	-1.109631	22	40	103	403.162
-1.047198	0.866395	-2.492918	27	44	129	403.128
0.785398	1.696674	-1.253233	99	112	116	403.108
-1.047198	1.569311	-3.003978	137	15	46	403.107
2.617994	1.413430	2.550734	118	13	44	403.064
2.879793	0.370812	-2.547742	37	7	120	402.691
0.523599	0.910508	1.903534	40	40	126	402.663
-1.308997	2.187132	-0.479875	35	35	97	402.621
-3.141593	0.297065	2.160177	109	99	14	402.606
0.523599	1.510910	-0.740472	17	16	97	402.548
2.879793	1.301460	-0.509251	37	28	95	402.529
-3.141593	1.448123	-2.163292	45	23	128	402.457
-3.141593	2.138223	1.678323	106	17	30	402.440
-2.617994	1.510910	-0.740472	37	32	98	402.263
2.356194	2.115563	0.685730	97	131	111	402.228
1.047198	1.569311	-3.003978	116	116	36	402.187
0.000000	2.033014	2.977192	127	5	44	401.954
0.000000	2.041297	-2.664597	115	6	41	401.933
-1.570796	1.301460	-0.509251	22	33	96	401.513
1.308997	1.301460	-0.509251	31	16	95	401.345
2.617994	1.504028	0.636812	101	133	109	401.212
-1.047198	0.674054	1.013609	133	98	115	401.207
-0.261799	1.741644	-2.695914	114	13	43	401.195
-2.879793	1.756530	-2.105156	44	30	126	400.992
-2.094395	1.696674	-1.253233	37	41	105	400.983
2.094395	1.247695	1.809890	108	31	17	400.941
-1.308997	2.180315	-1.357379	24	46	112	400.875
2.879793	2.138223	1.678323	108	22	30	400.414
2.356194	2.760637	2.781135	6	29	34	400.381
0.261799	2.349581	-2.702517	110	107	27	400.352
2.356194	1.756530	-2.105156	24	129	29	400.345
1.308997	2.299159	2.264663	11	24	38	400.134
-3.141593	0.685216	-1.712745	47	25	113	400.002
1.832596	2.455966	-0.641220	102	112	112	399.954
-0.523599	0.618092	2.539118	42	35	129	399.904
2.356194	2.356369	3.005869	7	23	41	399.786
-2.094395	0.615174	-0.666022	19	40	104	399.730
-0.261799	1.417623	-0.202254	25	21	94	399.558
1.832596	1.214854	-1.966664	133	96	128	399.455
1.832596	1.301460	-0.509251	35	20	97	399.399
-1.047198	1.599406	1.426070	36	7	117	399.247
0.000000	1.809167	1.213774	46	27	113	399.141
-2.879793	1.450119	-2.739050	37	25	136	398.961
0.785398	1.135834	-1.431087	100	109	120	398.916
-0.523599	2.041297	-2.664597	111	13	40	398.786
-2.356194	1.413347	-1.339188	40	40	107	398.532
-1.570796	1.194549	-0.801900	20	36	99	398.434
2.879793	2.478122	2.609777	132	30	38	398.373
2.356194	1.683268	0.374177	105	130	106	398.256
2.094395	0.674054	1.013609	25	44	107	398.229
-1.047198	1.374601	-2.456031	130	30	38	398.126
2.879793	0.906588	1.252948	93	133	122	398.009
-0.785398	1.875281	0.107086	34	25	94	397.909
0.261799	1.325504	-1.671296	92	118	124	397.857
-3.141593	1.824694	1.850876	98	125	23	397.693
2.879793	1.488617	1.159546	93	131	118	397.599
1.047198	0.960688	-0.577532	32	12	99	397.403
-2.617994	0.370812	-2.547742	45	18	119	397.370
-2.879793	1.574060	2.783565	111	122	36	397.271
-3.141593	1.696674	-1.253233	46	25	104	397.246
-3.141593	0.850607	-1.335383	45	30	108	397.127
0.785398	2.138223	1.678323	13	27	29	397.122
0.261799	1.218453	2.777284	129	21	46	396.941
-1.570796	2.153910	-1.714959	25	47	118	396.920
-0.785398	2.104282	-0.813972	22	41	104	396.907
1.832596	1.824694	1.850876	122	33	34	396.903
2.094395	2.108018	1.311430	108	32	6	396.758
-3.141593	2.393226	1.857173	107	20	31	396.715
1.047198	2.104282	-0.813972	100	117	110	396.709
0.523599	1.045978	0.343692	40	21	98	396.636
-1.308997	2.108018	1.311430	1	97	5	396.633
2.617994	1.256302	0.062705	29	32	94	396.576
-3.141593	2.356369	3.005869	135	28	41	396.559
-3.141593	1.214854	-1.966664	47	23	119	396.538
0.000000	1.545873	-1.877082	100	14	13	396.533
2.617994	2.033014	2.977192	11	12	42	396.497
0.000000	0.297065	2.160177	43	38	119	396.417
-0.261799	0.591903	2.010408	46	29	121	396.403
-0.523599	2.089241	-0.114193	31	34	100	396.360
0.000000	1.391910	3.030322	126	17	47	396.172
2.356194	2.033014	2.977192	4	20	45	395.695
0.523599	1.014500	0.906702	45	28	105	395.264
-2.356194	1.683268	0.374177	123	110	103	395.088
0.261799	1.606104	-0.451151	21	23	94	395.066
1.570796	2.719179	-1.780644	126	93	8	394.891
2.356194	2.164094	-2.991358	20	7	40	394.695
2.094395	0.733948	3.021411	113	104	24	394.639
2.617994	1.440580	2.260026	115	16	40	394.423
1.047198	2.478122	2.609777	25	2	35	394.297
-1.047198	2.455966	-0.641220	33	42	105	393.914
-0.785398	1.683268	0.374177	35	18	95	393.899
-1.047198	2.588535	-2.976617	107	10	36	393.875
1.570796	0.458961	-0.107937	46	24	105	393.831
-0.785398	1.045978	0.343692	34	42	99	393.814
2.617994	1.870545	-2.976234	16	6	43	393.806
-0.261799	0.203748	0.590255	137	102	116	393.484
1.832596	0.850607	-1.335383	37	7	108	393.467
1.308997	1.909857	-0.381669	106	121	106	393.425
0.785398	1.218453	2.777284	126	23	45	393.229
2.617994	1.134796	2.434290	105	123	33	393.123
-0.261799	2.664082	-1.071402	126	38	125	393.055
2.356194	2.138223	1.678323	114	29	30	392.992
-1.308997	0.419640	2.974122	45	30	125	392.885
2.617994	0.685216	-1.712745	45	14	114	392.812
2.879793	1.168678	2.108595	101	123	29	392.698
-2.094395	2.719179	-1.780644	34	45	120	392.481
1.570796	2.455966	-0.641220	99	114	112	392.388
2.094395	1.554776	0.100351	26	30	94	392.381
2.617994	1.662363	0.915448	97	133	113	392.264
-1.047198	2.456751	-1.503343	18	46	115	392.103
0.523599	1.617114	-1.572037	95	114	121	391.929
-0.523599	0.831641	0.616218	34	8	102	391.889
0.785398	1.846342	-1.796954	99	109	126	391.572
2.356194	1.335669	0.897240	115	27	116	391.535
0.000000	1.606104	-0.451151	20	25	94	391.346
-0.261799	2.247462	0.191623	35	36	102	391.333
2.356194	1.214854	-1.966664	138	97	15	391.227
1.570796	0.709924	0.218797	42	30	101	391.197
0.000000	0.864993	2.278281	40	36	130	391.128
-2.617994	0.203748	0.590255	94	132	121	390.941
2.617994	1.977582	0.969896	101	22	0	390.871
-2.617994	1.450119	-2.739050	36	27	136	390.864
1.570796	1.569311	-3.003978	128	6	47	390.776
-1.308997	1.014500	0.906702	128	100	111	390.654
2.094395	1.846342	-1.796954	1	98	123	390.639
2.879793	1.683268	0.374177	103	126	105	390.601
2.094395	2.247462	0.191623	99	124	108	390.554
-2.879793	1.904882	-1.478089	47	30	108	390.439
-2.617994	1.872854	1.543456	98	114	17	390.334
2.879793	1.599406	1.426070	96	127	7	390.275
2.879793	2.033014	2.977192	8	14	43	390.083
2.356194	1.812176	0.656819	101	132	109	390.077
-0.785398	1.574060	2.783565	4	7	45	389.936
-0.785398	2.115563	0.685730	42	21	104	389.787
0.261799	1.545873	-1.877082	93	118	127	389.617
-0.785398	2.343981	-1.040456	20	44	109	389.485
-1.047198	1.391910	3.030322	3	13	46	389.301
0.523599	2.108018	1.311430	31	15	19	389.172
0.000000	1.617114	-1.572037	99	14	7	389.119
0.261799	1.301460	-0.509251	20	17	96	389.078
-2.617994	2.089241	-0.114193	133	108	104	388.884
2.879793	0.290380	-0.796960	43	35	109	388.719
2.356194	0.458961	-0.107937	40	37	105	388.680
-0.785398	1.218453	2.777284	9	12	45	388.375
-2.356194	2.104282	-0.813972	42	30	99	388.251
2.879793	2.164094	-2.991358	15	13	40	388.169
-1.570796	2.478122	2.609777	104	125	27	388.100
-1.570796	2.356369	3.005869	110	14	40	388.093
2.617994	1.367556	0.358405	125	96	111	387.942
-2.879793	1.374601	-2.456031	41	25	133	387.722
2.356194	1.809167	1.213774	105	29	5	387.699
2.356194	0.619654	-2.216909	34	6	120	387.635
-2.617994	1.374601	-2.456031	40	29	133	387.594
2.879793	1.824694	1.850876	109	17	32	387.500
0.523599	0.866955	-0.931351	113	109	108	387.474
2.879793	2.041297	-2.664597	37	33	103	387.338
0.785398	0.080730	-2.622036	93	128	126	387.332
2.094395	0.290380	-0.796960	46	20	109	387.280
2.094395	1.875281	0.107086	106	125	104	387.268
2.094395	1.391910	3.030322	124	110	28	387.180
-0.785398	2.041297	-2.664597	111	16	41	386.761
-1.570796	1.335669	0.897240	125	99	111	386.738
2.879793	1.504028	0.636812	99	130	109	386.394
0.523599	0.458961	-0.107937	138	103	110	386.304
-2.617994	1.617114	-1.572037	45	37	111	386.281
2.879793	1.506530	1.988858	101	127	27	385.982
1.308997	0.762244	-0.273349	41	18	100	385.919
-1.832596	2.396274	-1.959260	27	48	121	385.771
-2.356194	0.866955	-0.931351	30	42	102	385.759
0.000000	1.510910	-0.740472	14	22	97	385.634
1.832596	0.418037	1.360082	24	46	114	385.591
-1.047198	1.555207	1.708892	6	100	11	385.523
2.617994	2.001437	0.381215	101	123	107	385.499
0.261799	1.824694	1.850876	33	7	29	385.463
1.832596	2.456751	-1.503343	128	93	6	385.379
-2.356194	0.290380	-0.796960	25	43	109	385.315
2.617994	1.488617	1.159546	96	135	118	385.313
1.047198	2.393226	1.857173	11	27	31	385.143
-3.141593	0.370812	-2.547742	27	128	27	385.053
-1.832596	2.174483	2.653697	103	117	31	384.952
2.094395	1.488617	1.159546	110	32	3	384.844
-2.879793	1.242974	-2.977882	34	20	137	384.715
1.570796	1.448123	-2.163292	124	95	18	384.627
2.094395	2.180315	-1.357379	135	98	116	384.547
2.879793	1.870545	-2.976234	14	8	43	384.514
2.617994	1.413347	-1.339188	45	17	106	384.496
2.356194	1.310100	1.488307	105	30	10	384.484
-1.047198	2.174483	2.653697	113	121	32	384.409
2.356194	2.187132	-0.479875	110	112	107	384.122
2.094395	1.998705	2.370472	126	28	41	383.902
1.832596	1.948085	-2.363031	134	99	21	383.735
0.523599	1.554776	0.100351	32	26	93	383.663
0.000000	2.587733	0.232235	33	43	107	383.633
2.094395	1.128190	-2.288622	130	97	18	383.547
-0.785398	2.108018	1.311430	41	10	117	383.325
2.356194	0.290380	-0.796960	46	26	109	383.270
0.261799	2.164094	-2.991358	124	2	42	383.063
0.523599	1.569311	-3.003978	123	11	46	382.960
1.308997	1.736875	3.023612	122	120	35	382.866
-2.356194	1.812176	0.656819	119	104	108	382.571
-2.356194	1.721184	-0.153948	29	24	94	382.563
1.832596	1.450119	-2.739050	119	112	34	382.280
-1.832596	1.846342	-1.796954	30	46	120	382.270
2.879793	1.448123	-2.163292	45	19	128	382.086
-1.832596	0.960688	-0.577532	20	36	99	381.976
-0.523599	1.504028	0.636812	11	120	108	381.916
1.308997	1.417623	-0.202254	31	22	93	381.832
-3.141593	2.247462	0.191623	121	105	106	381.547
2.617994	2.115563	0.685730	96	126	110	381.493
1.832596	1.448123	-2.163292	130	95	17	381.041
-1.047198	2.664082	-1.071402	25	46	114	380.970
-0.261799	1.510910	-0.740472	16	26	97	380.854
1.047198	2.349581	-2.702517	130	96	20	380.848
-2.356194	1.504028	0.636812	118	109	105	380.784
2.617994	2.393226	1.857173	112	28	31	380.639
2.617994	1.846342	-1.796954	27	132	23	380.598
-0.785398	2.704512	1.488683	9	102	7	379.982
2.617994	2.349581	-2.702517	23	9	36	379.931
2.094395	1.982574	-1.115518	134	100	110	379.869
-2.094395	0.370812	-2.547742	46	27	120	379.801
-1.570796	1.545873	-1.877082	26	47	121	379.756
-2.617994	1.135813	-2.658866	40	23	134	379.708
-3.141593	0.290380	-0.796960	39	39	109	379.494
-0.523599	1.909857	-0.381669	25	34	97	379.335
0.000000	0.700570	1.559208	47	26	115	379.240
1.832596	0.571433	-1.188419	42	10	108	379.018
-1.047198	0.591903	2.010408	44	14	121	378.955
0.000000	1.325504	-1.671296	99	14	9	378.928
-2.617994	2.187132	-0.479875	0	111	106	378.828
-1.308997	1.510910	-0.740472	23	35	97	378.799
1.832596	1.128190	-2.288622	127	94	19	378.494
1.308997	1.325504	-1.671296	44	21	111	378.269
-1.308997	1.574060	2.783565	139	7	47	378.266
2.094395	1.904882	-1.478089	139	98	117	378.256
0.261799	2.033014	2.977192	129	4	45	378.128
1.570796	1.545873	-1.877082	125	93	12	378.051
-2.356194	2.174483	2.653697	106	137	32	378.029
-0.523599	1.045978	0.343692	30	44	99	377.886
2.617994	0.203748	0.590255	24	44	110	377.858
-2.879793	1.504028	0.636812	0	99	111	377.663
-1.308997	0.733948	3.021411	41	30	131	377.628
2.879793	2.343981	-1.040456	2	104	113	377.428
-1.047198	2.033014	2.977192	132	6	45	377.312
2.356194	0.929350	-2.910676	123	101	23	377.311
-2.879793	1.545873	-1.877082	46	29	123	377.173
0.000000	1.574060	2.783565	130	13	46	377.088
2.879793	1.554776	0.100351	108	127	104	377.086
-0.523599	2.404280	-0.174044	32	40	103	377.070
1.832596	2.637879	2.121598	3	33	32	377.052
2.617994	1.184361	0.625864	116	24	113	376.985
-0.261799	1.504028	0.636812	12	124	108	376.914
-2.879793	2.349581	-2.702517	32	33	101	376.879
-3.141593	2.637879	2.121598	111	26	31	376.753
2.617994	2.343981	-1.040456	138	102	111	376.527
-2.617994	1.824694	1.850876	99	116	24	376.369
-2.094395	0.899350	-2.069907	40	39	118	376.307
2.356194	1.545873	-1.877082	24	127	25	376.141
2.879793	0.831641	0.616218	18	38	102	376.106
-2.879793	1.872854	1.543456	97	119	17	376.026
-1.570796	0.571433	-1.188419	18	41	108	375.745
-1.308997	1.599406	1.426070	2	98	6	375.686
1.308997	2.089241	-0.114193	104	127	106	375.604
1.570796	1.870545	-2.976234	124	116	34	375.420
1.832596	0.619654	-2.216909	123	92	16	375.402
0.000000	2.089241	-0.114193	26	36	99	375.302
-0.523599	1.875281	0.107086	34	26	94	375.195
0.523599	2.033014	2.977192	123	113	34	375.158
2.094395	0.379747	-1.713059	37	6	114	375.122
-1.308997	1.977582	0.969896	35	7	110	375.112
2.617994	0.640596	-2.797608	126	95	21	374.861
-1.570796	2.174483	2.653697	107	126	32	374.816
0.261799	2.108018	1.311430	33	10	19	374.772
-3.141593	1.756530	-2.105156	46	26	126	374.764
1.570796	1.128190	-2.288622	122	94	20	374.717
2.879793	1.335669	0.897240	127	98	106	374.677
0.000000	1.909857	-0.381669	21	32	99	374.263
2.356194	1.325504	-1.671296	24	127	22	374.245
2.356194	0.379747	-1.713059	41	9	114	374.116
0.523599	0.709924	0.218797	39	13	101	373.994
-0.785398	1.195355	1.200319	39	9	109	373.889
1.570796	0.850607	-1.335383	32	5	108	373.711
2.094395	2.089241	-0.114193	105	119	106	373.669
-1.832596	1.696674	-1.253233	32	43	105	373.534
2.879793	1.325504	-1.671296	47	20	113	373.490
2.356194	2.719179	-1.780644	23	130	24	373.479
-2.617994	0.685216	-1.712745	44	35	113	373.456
2.356194	1.824694	1.850876	113	29	33	373.430
-2.356194	1.050534	3.042579	3	110	24	373.347
1.308997	1.658653	-2.409879	116	107	30	373.286
2.356194	2.343981	-1.040456	135	98	113	373.225
2.094395	0.458961	-0.107937	43	33	105	373.217
0.523599	1.870545	-2.976234	116	113	35	373.174
2.356194	2.396274	-1.959260	26	130	24	373.118
2.617994	1.696674	-1.253233	43	15	105	373.060
-3.141593	0.906588	1.252948	94	128	121	373.039
-2.617994	1.555207	1.708892	99	113	21	372.598
-1.308997	0.618092	2.539118	44	20	127	372.282
2.617994	0.619654	-2.216909	37	9	119	372.147
-2.617994	1.982574	-1.115518	43	30	101	372.146
-2.879793	0.619654	-2.216909	46	20	120	372.039
-0.785398	1.909857	-0.381669	28	32	95	372.028
-3.141593	1.310100	1.488307	95	122	8	371.994
2.356194	0.914445	2.687814	105	119	33	371.879
-0.523599	1.391910	3.030322	137	19	44	371.776
1.570796	1.736875	3.023612	131	13	47	371.650
2.617994	0.992645	-1.723759	45	15	113	371.485
2.356194	2.063651	-2.044600	25	130	27	371.485
1.047198	1.696674	-1.253233	103	109	116	371.462
0.261799	2.760637	2.781135	17	126	31	371.454
-2.879793	0.929350	-2.910676	126	95	111	371.117
1.047198	1.870545	-2.976234	120	113	34	371.048
2.879793	1.545873	-1.877082	47	19	122	370.873
2.879793	1.812176	0.656819	98	126	109	370.841
-2.356194	1.218453	2.777284	137	96	113	370.832
2.617994	1.812176	0.656819	99	129	109	370.820
2.879793	1.846342	-1.796954	30	38	103	370.768
-0.785398	2.407836	1.410646	10	103	6	370.710
1.308997	2.187132	-0.479875	101	120	108	370.703
2.617994	0.290380	-0.796960	45	31	109	370.680
1.570796	1.242974	-2.977882	113	116	36	370.660
1.570796	2.138223	1.678323	129	35	30	370.630
-0.785398	2.174483	2.653697	114	108	31	370.428
0.000000	2.138223	1.678323	34	1	25	370.329
-1.047198	0.831641	0.616218	127	101	109	370.261
2.094395	2.153910	-1.714959	137	94	7	370.219
2.094395	1.050534	3.042579	108	116	26	370.217
-3.141593	0.762244	-0.273349	30	39	101	370.164
2.617994	0.700570	1.559208	94	134	126	370.150
2.617994	0.733948	3.021411	118	101	22	370.037
-2.094395	1.658653	-2.409879	32	40	132	369.969
2.879793	1.413347	-1.339188	46	22	106	369.906
-2.617994	1.506530	1.988858	101	114	27	369.637
2.617994	1.325504	-1.671296	46	15	113	369.573
1.832596	0.290380	-0.796960	44	15	109	369.569
0.000000	1.045978	0.343692	20	43	98	369.490
-2.356194	1.134796	2.434290	137	99	107	369.476
-2.356194	1.846342	-1.796954	40	41	120	369.460
-1.047198	0.929350	-2.910676	2	28	41	369.354
2.094395	2.343981	-1.040456	127	93	138	369.293
-1.570796	0.960688	-0.577532	15	33	98	369.087
-2.094395	0.619654	-2.216909	43	34	120	369.045
1.832596	2.187132	-0.479875	105	114	108	368.976
-0.523599	2.478122	2.609777	117	103	26	368.764
1.047198	1.433411	-1.035986	106	109	112	368.749
-0.785398	1.870545	-2.976234	116	14	45	368.697
-0.261799	0.910508	1.903534	46	26	125	368.685
1.570796	2.153910	-1.714959	126	92	9	368.602
-2.617994	1.325504	-1.671296	44	35	113	368.590
0.261799	1.488617	1.159546	33	8	16	368.489
2.879793	1.134796	2.434290	105	120	33	368.144
2.356194	1.554776	0.100351	110	130	103	368.080
0.785398	0.685216	-1.712745	97	110	125	368.049
1.832596	1.184361	0.625864	31	41	99	368.020
-3.141593	1.014500	0.906702	94	131	116	368.012
2.094395	1.741644	-2.695914	135	104	24	368.007
2.879793	1.025536	1.576859	92	130	127	367.921
-1.308997	1.982574	-1.115518	25	44	107	367.751
2.617994	2.187132	-0.479875	130	103	106	367.682
-0.261799	1.948085	-2.363031	108	13	37	367.512
1.570796	0.290380	-0.796960	41	11	109	367.251
2.617994	1.128190	-2.288622	138	100	20	367.235
1.570796	2.089241	-0.114193	103	124	106	367.217
0.523599	2.001437	0.381215	32	37	102	367.130
2.617994	1.948085	-2.363031	25	138	33	367.052
-3.141593	1.982574	-1.115518	44	21	101	366.767
-0.261799	2.984978	1.954446	11	102	8	366.738
-1.570796	1.824694	1.850876	132	97	15	366.734
-1.308997	2.349581	-2.702517	120	20	39	366.612
2.356194	2.247462	0.191623	100	121	108	366.445
-1.047198	1.872854	1.543456	6	99	7	366.426
-2.617994	0.866395	-2.492918	44	25	126	366.337
-3.141593	1.025536	1.576859	27	9	94	366.322
-1.047198	0.297065	2.160177	47	17	119	366.300
0.000000	2.760637	2.781135	12	124	31	366.283
1.832596	0.960688	-0.577532	40	20	99	366.269
-2.617994	1.025536	1.576859	107	103	10	366.249
-0.523599	2.664082	-1.071402	129	40	127	366.203
-2.094395	1.824694	1.850876	105	108	24	366.175
-1.047198	2.478122	2.609777	108	107	27	366.108
1.832596	0.685216	-1.712745	32	5	114	365.937
2.356194	1.658653	-2.409879	21	131	35	365.914
0.523599	1.721184	-0.153948	25	26	93	365.884
0.523599	1.904882	-1.478089	95	115	119	365.848
2.879793	2.356369	3.005869	139	28	41	365.801
1.832596	0.961715	0.014085	39	29	96	365.800
2.094395	1.812176	0.656819	103	136	110	365.759
-1.047198	1.488617	1.159546	36	7	107	365.683
0.785398	2.033014	2.977192	125	116	34	365.679
1.832596	1.869911	2.701025	131	21	45	365.646
-2.617994	0.914445	2.687814	130	99	105	365.474
0.261799	0.910508	1.903534	43	36	126	365.435
-1.047198	2.704512	1.488683	4	98	8	365.420
-2.094395	2.174483	2.653697	103	122	32	365.360
-2.094395	2.295480	1.008277	120	93	1	365.266
0.261799	0.709924	0.218797	6	113	108	365.246
-0.785398	2.592629	0.909713	45	18	113	365.208
-1.308997	1.448123	-2.163292	131	35	34	365.174
-2.879793	1.683268	0.374177	119	113	102	365.103
2.617994	1.721184	-0.153948	112	122	104	364.976
-1.047198	1.982574	-1.115518	21	43	107	364.856
-2.617994	1.658653	-2.409879	39	32	132	364.841
2.879793	1.869911	2.701025	121	18	44	364.660
1.832596	2.299159	2.264663	3	29	38	364.568
0.785398	1.367556	0.358405	37	28	95	364.552
-2.617994	1.247695	1.809890	108	101	15	364.531
0.261799	1.554776	0.100351	32	25	93	364.483
-0.523599	1.135834	-1.431087	105	21	123	364.442
1.832596	1.374601	-2.456031	126	99	22	364.355
2.879793	0.685216	-1.712745	47	19	114	364.270
-3.141593	1.506530	1.988858	99	123	27	364.077
2.356194	1.977582	0.969896	104	25	0	363.854
-0.523599	2.724429	-0.348782	31	45	109	363.553
-0.785398	1.247695	1.809890	41	13	122	363.344
1.832596	2.138223	1.678323	124	35	30	362.992
-2.879793	1.448123	-2.163292	45	28	128	362.974
2.617994	2.108018	1.311430	100	25	6	362.962
-2.879793	1.440580	2.260026	103	118	31	362.893
1.308997	2.180315	-1.357379	105	106	119	362.609
-1.832596	0.418037	1.360082	122	98	121	362.574
-2.879793	1.869911	2.701025	124	88	12	362.508
-0.261799	0.831641	0.616218	38	10	102	362.445
0.523599	2.153910	-1.714959	30	19	100	362.397
2.617994	1.168678	2.108595	102	127	29	362.347
2.617994	2.063651	-2.044600	27	135	27	362.309
0.785398	1.413347	-1.339188	100	110	117	362.155
-1.308997	2.478122	2.609777	105	109	27	362.014
0.261799	0.297065	2.160177	39	42	119	361.985
-0.523599	0.961715	0.014085	29	44	99	361.834
1.308997	2.637879	2.121598	12	27	32	361.786
0.523599	2.760637	2.781135	21	129	31	361.782
2.094395	1.872854	1.543456	116	33	28	361.729
0.261799	1.214854	-1.966664	100	11	16	361.699
2.879793	0.899350	-2.069907	32	134	26	361.573
0.261799	2.724429	-0.348782	131	40	123	361.570
-1.832596	1.998705	2.370472	106	112	31	361.505
-2.356194	1.662363	0.915448	115	103	112	361.253
2.094395	1.732874	-0.951685	34	11	100	361.160
-2.879793	2.108018	1.311430	97	117	13	361.152
0.785398	0.831641	0.616218	45	27	103	361.100
-2.879793	0.685216	-1.712745	46	30	113	360.998
2.356194	1.741644	-2.695914	19	136	39	360.979
-0.523599	1.662363	0.915448	15	120	112	360.967
2.094395	1.909857	-0.381669	110	118	104	360.898
-0.523599	0.419640	2.974122	38	41	125	360.775
-3.141593	1.872854	1.543456	97	124	17	360.649
-0.261799	1.335669	0.897240	15	121	112	360.536
-0.523599	0.906588	1.252948	43	12	112	360.535
0.523599	1.218453	2.777284	128	22	45	360.271
-2.879793	2.138223	1.678323	98	121	20	360.152
-1.832596	1.875281	0.107086	135	114	101	360.134
1.308997	0.080730	-2.622036	94	118	126	360.060
1.570796	1.606104	-0.451151	28	19	94	359.957
-0.785398	2.251330	-2.330739	108	20	35	359.941
-2.356194	1.025536	1.576859	111	99	10	359.758
-1.308997	0.297065	2.160177	44	12	119	359.740
-2.617994	1.998705	2.370472	102	123	31	359.689
-3.141593	2.579248	-2.364801	29	16	28	359.659
-0.523599	0.864993	2.278281	43	28	129	359.588
-2.617994	2.073035	2.027405	133	90	13	359.539
-1.570796	1.846342	-1.796954	25	46	120	359.414
2.094395	1.367556	0.358405	28	34	94	359.014
1.570796	1.325504	-1.671296	129	96	121	358.992
1.570796	1.904882	-1.478089	37	27	103	358.781
0.261799	1.184361	0.625864	43	22	100	358.779
0.000000	0.619654	-2.216909	122	97	15	358.672
-2.879793	1.998705	2.370472	103	127	31	358.643
-1.308997	2.041297	-2.664597	127	21	42	358.070
-3.141593	1.335669	0.897240	133	98	107	358.066
2.879793	1.367556	0.358405	130	95	111	358.023
-0.261799	1.736875	3.023612	124	10	46	357.902
0.000000	1.134497	-1.109631	99	121	111	357.872
-2.879793	0.297065	2.160177	113	95	14	357.814
2.617994	1.869911	2.701025	124	19	44	357.778
-3.141593	1.184361	0.625864	98	131	111	357.728
-1.047198	1.050534	3.042579	21	9	40	357.694
1.832596	1.506530	1.988858	121	30	36	357.659
-0.261799	0.992645	-1.723759	95	132	122	357.296
-2.617994	2.251330	-2.330739	29	33	100	357.251
2.356194	0.899350	-2.069907	38	8	119	357.194
2.879793	0.418037	1.360082	93	132	124	357.168
-2.617994	1.846342	-1.796954	44	35	119	357.121
-3.141593	1.662363	0.915448	94	125	113	357.090
2.356194	1.488617	1.159546	106	30	3	357.059
0.261799	1.045978	0.343692	38	18	99	357.031
2.879793	1.184361	0.625864	100	134	111	356.989
-1.570796	2.104282	-0.813972	34	38	99	356.882
-1.832596	0.762244	-0.273349	15	32	100	356.844
1.047198	2.041297	-2.664597	119	108	30	356.738
0.000000	1.554776	0.100351	33	23	93	356.735
0.000000	0.203748	0.590255	39	8	111	356.735
-2.356194	0.866395	-2.492918	44	29	126	356.619
0.261799	2.001437	0.381215	35	36	101	356.588
2.356194	2.180315	-1.357379	1	100	117	356.530
1.047198	2.033014	2.977192	127	118	34	356.523
0.523599	1.391910	3.030322	125	17	46	356.366
-3.141593	1.554776	0.100351	24	26	92	356.246
2.356194	1.134796	2.434290	105	126	32	356.230
-1.832596	2.637879	2.121598	102	110	21	356.216
2.879793	1.569311	-3.003978	13	0	41	356.142
2.094395	1.413347	-1.339188	139	102	114	355.973
2.879793	1.242974	-2.977882	12	134	41	355.731
-2.617994	1.195355	1.200319	0	106	102	355.685
-2.094395	0.640596	-2.797608	44	26	126	355.649
-0.261799	0.496451	0.593859	37	7	106	355.638
-2.094395	1.025536	1.576859	118	97	126	355.621
-3.141593	1.504028	0.636812	98	127	109	355.445
-1.308997	0.866395	-2.492918	32	43	129	355.442
0.523599	2.404280	-0.174044	130	35	117	355.395
2.356194	0.640596	-2.797608	121	97	19	355.305
0.523599	1.310100	1.488307	45	37	119	354.837
1.047198	1.310100	1.488307	139	38	11	354.746
-2.617994	0.080730	-2.622036	45	15	115	354.711
0.261799	1.809167	1.213774	33	10	17	354.709
-2.356194	0.992645	-1.723759	40	39	113	354.532
-1.047198	1.846342	-1.796954	117	38	13	354.500
-0.523599	1.721184	-0.153948	28	27	93	354.391
2.356194	1.846342	-1.796954	25	127	23	354.305
0.261799	1.662363	0.915448	44	31	107	354.190
-1.308997	1.617114	-1.572037	20	47	114	354.057
-1.047198	0.418037	1.360082	22	123	20	353.982
-1.047198	1.506530	1.988858	6	102	17	353.868
1.047198	1.904882	-1.478089	102	108	119	353.789
-2.879793	1.168678	2.108595	102	114	28	353.701
0.000000	1.014500	0.906702	44	19	105	353.606
1.570796	1.574060	2.783565	126	19	47	353.513
0.261799	2.115563	0.685730	39	37	105	353.469
2.356194	1.555207	1.708892	111	29	31	353.427
-2.356194	2.637879	2.121598	99	119	21	353.329
-1.308997	1.135813	-2.658866	139	30	40	353.208
-2.617994	2.456751	-1.503343	45	33	117	353.042
-2.617994	2.979456	-1.009304	48	21	116	353.015
-1.308997	2.299159	2.264663	110	106	26	353.011
0.261799	0.379747	-1.713059	92	119	125	352.900
-0.523599	1.569311	-3.003978	120	16	47	352.798
-1.308997	1.045978	0.343692	43	37	99	352.779
1.047198	1.325504	-1.671296	103	106	123	352.665
-0.785398	1.504028	0.636812	36	13	98	352.616
-1.832596	1.824694	1.850876	126	99	16	352.589
1.047198	2.592629	0.909713	0	43	127	352.303
2.617994	1.756530	-2.105156	26	134	29	352.249
-1.308997	2.174483	2.653697	110	123	32	352.082
1.047198	0.203748	0.590255	47	28	110	352.065
-0.261799	1.909857	-0.381669	23	34	98	352.020
2.094395	1.506530	1.988858	116	29	37	351.998
2.617994	1.242974	-2.977882	128	105	27	351.945
-3.141593	1.050534	3.042579	125	102	27	351.674
-1.570796	1.766067	2.153843	131	100	21	351.647
1.570796	2.033014	2.977192	137	15	45	351.644
1.832596	1.242974	-2.977882	123	104	27	351.486
-2.617994	1.448123	-2.163292	43	32	128	351.368
0.785398	0.615174	-0.666022	29	7	104	351.159
2.094395	2.579248	-2.364801	25	134	30	351.115
-2.617994	2.664082	-1.071402	47	24	113	351.062
-2.356194	1.599406	1.426070	109	98	7	351.029
1.832596	1.904882	-1.478089	129	93	4	350.996
-0.785398	0.297065	2.160177	47	24	119	350.929
0.523599	2.863997	0.549740	28	46	115	350.818
-2.094395	0.685216	-1.712745	36	42	113	350.691
2.617994	1.699788	2.452890	119	18	43	350.423
-2.094395	1.325504	-1.671296	37	43	114	350.401
-2.617994	0.619654	-2.216909	46	25	120	350.285
2.356194	2.404280	-0.174044	103	114	109	350.271
2.094395	1.736875	3.023612	130	13	46	350.168
-1.570796	2.724429	-0.348782	45	28	111	350.050
1.832596	0.914445	2.687814	105	126	33	349.852
-3.141593	1.488617	1.159546	92	126	118	349.837
-1.308997	2.407836	1.410646	0	96	6	349.826
-2.879793	1.014500	0.906702	93	127	115	349.751
2.617994	1.809167	1.213774	107	25	22	349.738
2.617994	1.391910	3.030322	116	121	37	349.731
0.785398	1.113094	-0.272241	31	16	96	349.604
0.523599	1.335669	0.897240	44	33	107	349.564
-2.094395	0.866395	-2.492918	42	32	126	349.509
2.094395	0.203748	0.590255	34	43	110	349.456
-2.356194	0.733948	3.021411	133	100	105	349.390
1.047198	0.571433	-1.188419	129	97	115	349.283
0.523599	1.168678	2.108595	13	35	5	349.242
2.094395	0.297065	2.160177	95	133	128	349.178
-0.523599	1.732874	-0.951685	15	34	101	349.003
-1.570796	2.187132	-0.479875	37	32	96	348.929
0.000000	1.736875	3.023612	126	10	46	348.914
0.000000	1.242974	-2.977882	120	20	46	348.913
0.000000	0.709924	0.218797	2	111	108	348.886
-3.141593	1.599406	1.426070	95	122	6	348.859
1.570796	1.506530	1.988858	125	31	37	348.759
0.000000	1.824694	1.850876	32	2	29	348.618
-1.047198	1.448123	-2.163292	126	33	33	348.553
-2.094395	2.637879	2.121598	100	114	21	348.483
2.094395	0.910508	1.903534	105	29	17	348.288
-0.523599	1.741644	-2.695914	113	16	43	348.213
-1.832596	0.370812	-2.547742	45	34	121	348.198
1.308997	2.104282	-0.813972	102	113	111	348.090
-0.785398	0.961715	0.014085	122	109	102	348.007
-3.141593	2.153910	-1.714959	48	24	118	347.942
2.356194	1.128190	-2.288622	134	97	20	347.938
2.879793	0.379747	-1.713059	46	18	114	347.936
-0.261799	1.128190	-2.288622	103	23	21	347.850
1.308997	0.203748	0.590255	46	32	110	347.840
-0.785398	1.450119	-2.739050	130	24	42	347.694
1.832596	2.760637	2.781135	31	14	28	347.548
2.879793	1.662363	0.915448	95	129	113	347.348
1.570796	1.756530	-2.105156	127	95	18	347.227
0.523599	2.247462	0.191623	24	39	105	347.113
2.617994	2.164094	-2.991358	18	10	40	347.004
-2.879793	0.379747	-1.713059	48	30	114	346.980
1.308997	2.719179	-1.780644	121	92	8	346.762
-1.308997	1.872854	1.543456	1	98	7	346.680
-3.141593	1.128190	-2.288622	32	138	30	346.652
1.832596	1.367556	0.358405	30	34	94	346.616
-2.617994	1.812176	0.656819	116	106	107	346.550
-2.356194	1.247695	1.809890	111	97	15	346.518
-2.094395	1.134796	2.434290	2	102	107	346.309
2.617994	2.180315	-1.357379	4	103	115	346.300
2.617994	1.135813	-2.658866	132	101	24	346.207
0.523599	1.741644	-2.695914	119	6	43	346.131
1.308997	1.391910	3.030322	115	122	36	346.000
1.047198	1.741644	-2.695914	116	110	33	345.985
0.261799	1.135834	-1.431087	96	119	119	345.950
2.617994	1.766067	2.153843	115	20	38	345.936
-2.094395	1.948085	-2.363031	29	43	129	345.879
-1.308997	1.450119	-2.739050	139	22	44	345.839
-1.308997	2.637879	2.121598	111	104	21	345.813
-1.047198	1.310100	1.488307	37	7	114	345.692
-0.785398	1.134796	2.434290	26	1	38	345.613
-0.261799	1.599406	1.426070	46	21	118	345.456
-0.261799	2.108018	1.311430	46	22	115	345.348
2.617994	2.637879	2.121598	117	32	32	345.342
0.785398	2.760637	2.781135	24	133	31	345.079
0.000000	1.134796	2.434290	38	33	134	345.051
-0.523599	1.168678	2.108595	43	22	129	345.046
2.356194	0.992645	-1.723759	42	11	113	345.043
-1.570796	1.506530	1.988858	134	98	19	344.977
-1.832596	0.080730	-2.622036	46	30	115	344.947
-0.523599	1.977582	0.969896	44	20	108	344.793
2.617994	1.736875	3.023612	130	13	46	344.780
-3.141593	2.164094	-2.991358	35	34	103	344.704
2.879793	0.419640	2.974122	119	96	17	344.598
1.308997	2.579248	-2.364801	131	96	14	344.578
-0.785398	1.699788	2.452890	5	1	44	344.569
-0.785398	2.478122	2.609777	112	104	26	344.466
-0.523599	2.104282	-0.813972	19	39	104	344.463
0.523599	1.875281	0.107086	28	34	98	344.457
2.617994	2.295480	1.008277	100	20	1	344.438
1.047198	2.180315	-1.357379	100	110	117	344.217
0.000000	1.506530	1.988858	44	27	129	344.180
1.570796	2.579248	-2.364801	135	97	14	343.969
1.308997	2.343981	-1.040456	101	110	115	343.953
-0.785398	0.914445	2.687814	39	30	134	343.952
-0.261799	0.297065	2.160177	44	33	118	343.924
-2.617994	0.418037	1.360082	29	23	88	343.874
-2.356194	2.164094	-2.991358	135	25	43	343.788
2.094395	0.992645	-1.723759	38	8	113	343.693
2.879793	0.591903	2.010408	94	121	130	343.577
-1.308997	1.301460	-0.509251	20	31	96	343.548
-0.785398	2.724429	-0.348782	36	42	109	343.502
-2.094395	2.138223	1.678323	104	107	20	343.272
-2.879793	0.866395	-2.492918	42	19	125	343.223
-2.617994	1.869911	2.701025	108	124	34	343.211
-2.356194	1.195355	1.200319	108	100	4	343.110
0.523599	1.247695	1.809890	43	38	126	343.103
2.094395	2.456751	-1.503343	134	92	4	343.074
-2.356194	1.134497	-1.109631	36	40	103	343.008
-2.879793	0.370812	-2.547742	42	14	119	343.002
-1.308997	2.343981	-1.040456	30	44	108	342.899
1.832596	2.356369	3.005869	11	17	41	342.831
-2.879793	1.195355	1.200319	135	103	102	342.796
2.879793	0.866395	-2.492918	26	130	31	342.770
-2.879793	1.766067	2.153843	110	9	38	342.766
0.785398	2.041297	-2.664597	116	109	30	342.745
-2.094395	0.864993	2.278281	138	105	102	342.636
-1.047198	1.812176	0.656819	37	13	98	342.514
-1.832596	1.113094	-0.272241	20	30	96	342.506
-2.617994	2.588535	-2.976617	32	32	100	342.499
1.570796	1.824694	1.850876	127	33	34	342.498
0.261799	0.866955	-0.931351	104	114	111	342.486
1.570796	1.450119	-2.739050	124	4	45	342.426
-2.617994	0.496451	0.593859	93	131	117	342.424
0.261799	2.579248	-2.364801	105	107	22	342.176
-1.832596	1.617114	-1.572037	32	45	111	342.155
1.047198	1.756530	-2.105156	109	27	38	342.122
0.000000	0.762244	-0.273349	126	105	105	342.041
-1.308997	2.138223	1.678323	137	95	10	342.039
-0.523599	2.115563	0.685730	43	25	104	341.917
2.617994	0.297065	2.160177	94	123	128	341.874
-0.785398	2.863997	0.549740	47	25	114	341.811
2.879793	2.108018	1.311430	106	17	24	341.617
1.570796	1.135834	-1.431087	31	5	107	341.548
2.356194	2.153910	-1.714959	32	29	99	341.545
1.047198	2.063651	-2.044600	112	104	22	341.493
1.570796	0.571433	-1.188419	35	6	108	341.353
1.570796	2.393226	1.857173	3	32	32	341.284
0.523599	1.977582	0.969896	41	38	109	341.224
-1.570796	2.637879	2.121598	106	106	21	341.036
-1.308997	2.760637	2.781135	101	112	23	340.888
-2.094395	0.080730	-2.622036	35	4	22	340.559
0.261799	0.914445	2.687814	30	40	135	340.554
-1.308997	2.001437	0.381215	36	17	97	340.553
-3.141593	2.174483	2.653697	120	20	42	340.461
-0.261799	2.379497	0.561089	41	34	106	340.458
-1.047198	2.104282	-0.813972	26	42	104	340.418
1.047198	2.138223	1.678323	10	31	29	340.402
2.094395	1.658653	-2.409879	133	101	21	340.072
-2.356194	1.998705	2.370472	103	119	31	340.039
2.094395	1.766067	2.153843	120	29	39	339.969
1.308997	2.393226	1.857173	8	30	32	339.876
0.785398	2.478122	2.609777	23	137	35	339.873
-2.617994	1.756530	-2.105156	43	36	126	339.794
1.570796	1.045978	0.343692	38	34	98	339.675
-3.141593	1.168678	2.108595	101	118	28	339.659
-3.141593	2.001437	0.381215	119	109	106	339.636
-2.094395	1.998705	2.370472	104	115	31	339.539
0.000000	2.349581	-2.702517	106	109	27	339.453
-1.047198	2.637879	2.121598	116	103	21	339.440
-2.094395	0.379747	-1.713059	38	41	113	339.398
-1.570796	0.700570	1.559208	130	98	121	339.352
-0.523599	0.571433	-1.188419	104	15	123	339.349
2.094395	1.450119	-2.739050	130	102	26	339.261
-1.047198	1.756530	-2.105156	118	35	27	339.172
-1.308997	2.979456	-1.009304	33	20	98	339.046
-0.523599	0.496451	0.593859	132	100	111	339.009
-2.879793	0.080730	-2.622036	44	12	115	338.894
-1.047198	2.379497	0.561089	43	18	107	338.710
2.094395	2.349581	-2.702517	24	139	35	338.664
-3.141593	1.812176	0.656819	97	122	109	338.576
-1.047198	1.195355	1.200319	35	5	109	338.546
-2.094395	0.674054	1.013609	108	99	4	338.521
-1.308997	1.433411	-1.035986	21	40	102	338.357
-0.785398	0.370812	-2.547742	41	31	95	338.352
-1.832596	2.393226	1.857173	106	106	21	338.283
-2.094395	2.979456	-1.009304	46	32	116	337.978
-1.832596	1.168678	2.108595	44	15	97	337.937
1.570796	1.374601	-2.456031	123	98	21	337.934
2.094395	2.637879	2.121598	138	34	32	337.853
0.785398	1.569311	-3.003978	114	117	36	337.771
2.617994	1.014500	0.906702	124	104	100	337.749
1.832596	1.025536	1.576859	113	35	13	337.738
-0.261799	1.113094	-0.272241	21	15	94	337.699
0.785398	1.335669	0.897240	42	37	107	337.639
-1.047198	0.910508	1.903534	118	15	41	337.624
0.261799	1.168678	2.108595	41	35	130	337.498
-0.785398	2.295480	1.008277	44	14	111	337.233
-1.570796	2.138223	1.678323	132	97	11	337.109
-1.047198	2.724429	-0.348782	40	40	109	337.014
-1.047198	0.419640	2.974122	44	34	125	336.942
-1.570796	1.128190	-2.288622	31	44	128	336.925
0.523599	1.325504	-1.671296	95	113	123	336.837
-2.617994	1.168678	2.108595	112	100	20	336.810
0.523599	0.864993	2.278281	34	42	131	336.712
0.000000	1.440580	2.260026	40	28	134	336.694
-2.879793	1.025536	1.576859	30	9	94	336.692
2.356194	1.391910	3.030322	126	7	46	336.611
0.000000	1.599406	1.426070	34	3	22	336.427
2.617994	1.569311	-3.003978	121	121	36	336.332
-1.832596	2.404280	-0.174044	41	21	105	336.322
-0.785398	2.587733	0.232235	43	33	107	336.320
-1.570796	0.685216	-1.712745	28	45	114	336.294
1.570796	2.063651	-2.044600	129	94	15	336.211
-2.094395	0.290380	-0.796960	20	42	109	336.057
0.261799	0.615174	-0.666022	121	102	108	336.030
-0.523599	2.343981	-1.040456	16	42	109	335.982
-3.141593	1.998705	2.370472	104	130	30	335.757
-2.356194	0.418037	1.360082	29	23	88	335.739
2.094395	0.700570	1.559208	107	32	12	335.717
2.879793	2.404280	-0.174044	126	101	107	335.704
-1.832596	0.866395	-2.492918	40	36	126	335.686
1.047198	2.073035	2.027405	11	25	37	335.631
-0.523599	1.195355	1.200319	15	116	119	335.289
-1.570796	0.419640	2.974122	46	23	122	335.239
-1.832596	2.089241	-0.114193	36	22	94	335.197
-0.261799	1.977582	0.969896	45	25	108	335.098
2.879793	0.850607	-1.335383	46	25	108	334.733
0.523599	1.448123	-2.163292	96	115	133	334.608
-1.832596	0.640596	-2.797608	44	30	126	334.497
-2.094395	0.458961	-0.107937	108	117	29	334.492
-0.261799	0.418037	1.360082	45	17	112	334.437
1.308997	0.700570	1.559208	32	45	115	334.301
-1.047198	2.760637	2.781135	104	108	23	334.274
2.356194	1.721184	-0.153948	27	23	91	334.237
-0.785398	0.080730	-2.622036	29	46	117	334.104
0.523599	1.195355	1.200319	46	35	113	333.963
0.000000	2.247462	0.191623	33	38	102	333.886
-0.523599	0.080730	-2.622036	24	46	117	333.860
1.570796	2.456751	-1.503343	30	27	99	333.852
2.617994	1.555207	1.708892	110	20	30	333.838
-1.308997	0.379747	-1.713059	21	45	114	333.807
0.000000	1.948085	-2.363031	110	8	39	333.792
-1.570796	0.370812	-2.547742	29	14	26	333.778
-1.570796	2.073035	2.027405	129	99	17	333.774
1.308997	1.617114	-1.572037	41	22	103	333.706
-1.832596	2.984978	1.954446	103	106	16	333.576
2.879793	2.174483	2.653697	132	26	43	333.493
-1.308997	1.374601	-2.456031	134	31	38	333.456
-3.141593	0.831641	0.616218	98	136	113	333.423
1.832596	1.872854	1.543456	121	34	28	333.410
-2.356194	2.138223	1.678323	101	111	20	333.338
1.832596	2.396274	-1.959260	135	93	10	333.217
-0.785398	0.866395	-2.492918	24	43	129	333.129
-2.617994	1.766067	2.153843	113	4	38	333.118
-0.523599	1.242974	-2.977882	135	24	43	333.116
-1.308997	2.164094	-2.991358	122	17	42	332.901
-2.094395	2.073035	2.027405	102	110	25	332.877
-1.832596	2.104282	-0.813972	38	36	99	332.854
-0.261799	1.824694	1.850876	44	19	125	332.841
2.879793	0.674054	1.013609	96	136	119	332.670
0.000000	1.113094	-0.272241	22	15	96	332.501
0.523599	1.135834	-1.431087	96	112	120	332.480
-2.094395	1.488617	1.159546	113	95	2	332.439
1.308997	0.571433	-1.188419	30	6	108	332.423
-2.356194	2.704512	1.488683	102	108	15	332.341
-0.261799	2.187132	-0.479875	22	38	102	332.339
-0.261799	1.574060	2.783565	0	15	44	332.315
0.785398	1.433411	-1.035986	18	11	100	332.234
-1.047198	1.736875	3.023612	135	11	47	332.061
-0.523599	1.812176	0.656819	13	124	108	332.002
-2.617994	2.478122	2.609777	110	24	37	331.840
-2.094395	1.846342	-1.796954	36	43	120	331.726
-2.879793	1.599406	1.426070	94	117	7	331.659
-2.356194	2.407836	1.410646	102	107	14	331.640
1.832596	1.168678	2.108595	117	28	39	331.614
1.832596	1.014500	0.906702	30	44	104	331.581
-0.261799	1.440580	2.260026	40	24	134	331.500
-1.308997	1.506530	1.988858	1	101	16	331.433
-3.141593	1.699788	2.452890	115	13	43	331.220
-1.570796	2.979456	-1.009304	38	43	117	331.135
-0.261799	1.872854	1.543456	46	20	119	330.797
-2.356194	1.658653	-2.409879	37	37	132	330.627
2.356194	0.906588	1.252948	112	29	126	330.605
2.617994	1.574060	2.783565	122	14	46	330.529
0.261799	1.025536	1.576859	47	33	120	330.225
1.308997	2.153910	-1.714959	34	24	100	330.205
-1.047198	1.574060	2.783565	2	7	46	330.144
-2.356194	2.041297	-2.664597	25	37	103	330.087
0.785398	1.870545	-2.976234	119	114	35	329.763
1.570796	1.869911	2.701025	133	19	45	329.720
0.261799	1.450119	-2.739050	116	13	45	329.542
0.785398	0.910508	1.903534	9	40	1	329.539
-3.141593	0.379747	-1.713059	47	24	113	329.535
0.523599	1.134497	-1.109631	104	113	111	329.533
0.000000	1.135813	-2.658866	107	21	26	329.471
-0.261799	2.251330	-2.330739	108	9	36	329.397
0.785398	1.574060	2.783565	129	16	47	329.317
1.570796	2.041297	-2.664597	134	99	22	329.217
2.879793	1.128190	-2.288622	30	134	30	329.182
0.000000	0.685216	-1.712745	94	127	123	329.155
-0.785398	0.910508	1.903534	44	15	121	328.921
-2.879793	0.591903	2.010408	110	101	15	328.891
0.523599	1.658653	-2.409879	114	5	41	328.728
-0.523599	0.640596	-2.797608	26	44	129	328.717
-3.141593	1.846342	-1.796954	48	25	120	328.661
-1.832596	0.685216	-1.712745	31	44	113	328.654
1.308997	1.948085	-2.363031	36	17	103	328.504
-0.523599	1.218453	2.777284	4	19	43	328.498
-2.094395	2.393226	1.857173	102	110	21	328.386
-0.785398	1.846342	-1.796954	113	34	13	328.344
-0.523599	2.592629	0.909713	47	22	113	328.343
-2.356194	2.664082	-1.071402	45	30	113	328.338
-3.141593	2.719179	-1.780644	48	26	119	328.266
0.261799	2.138223	1.678323	34	6	25	328.209
-0.785398	1.510910	-0.740472	18	32	97	328.204
-1.047198	0.866955	-0.931351	116	101	13	328.196
2.879793	2.247462	0.191623	103	115	107	328.183
-1.047198	1.662363	0.915448	36	9	103	328.126
-1.047198	1.301460	-0.509251	17	30	95	327.928
-0.785398	2.760637	2.781135	108	105	23	327.921
-1.570796	2.393226	1.857173	111	104	21	327.814
2.617994	1.045978	0.343692	127	99	105	327.752
0.261799	0.960688	-0.577532	20	11	100	327.490
1.832596	0.203748	0.590255	38	40	111	327.406
-3.141593	1.617114	-1.572037	48	24	117	327.381
-1.047198	0.640596	-2.797608	35	42	129	327.372
0.261799	0.864993	2.278281	38	40	131	326.989
-1.308997	1.391910	3.030322	16	5	43	326.896
-0.523599	0.674054	1.013609	40	8	107	326.846
0.523599	1.599406	1.426070	45	37	118	326.839
2.094395	0.591903	2.010408	102	26	17	326.803
-1.047198	2.863997	0.549740	47	20	114	326.727
-3.141593	2.760637	2.781135	120	34	33	326.692
-2.094395	0.418037	1.360082	29	24	88	326.692
-2.094395	2.984978	1.954446	100	110	16	326.661
1.047198	1.510910	-0.740472	23	14	97	326.577
-2.094395	1.195355	1.200319	12	119	104	326.525
-1.832596	0.961715	0.014085	13	24	97	326.521
-1.570796	2.089241	-0.114193	37	25	94	326.520
0.261799	1.977582	0.969896	30	12	13	326.505
0.523599	0.992645	-1.723759	95	114	124	326.275
2.356194	1.014500	0.906702	116	30	119	326.180
-0.785398	0.864993	2.278281	43	23	130	326.147
0.523599	1.367556	0.358405	38	26	96	326.049
0.000000	0.906588	1.252948	47	22	111	326.020
1.308997	1.555207	1.708892	94	135	113	326.006
-1.832596	0.992645	-1.723759	33	44	116	325.788
0.523599	0.685216	-1.712745	95	114	124	325.731
2.094395	2.115563	0.685730	108	96	15	325.375
1.570796	1.050534	3.042579	108	121	35	325.370
-1.047198	2.407836	1.410646	5	97	6	325.283
0.261799	1.195355	1.200319	21	42	97	325.270
-0.523599	1.869911	2.701025	1	3	46	325.180
-3.141593	2.108018	1.311430	105	13	24	325.142
-1.832596	2.180315	-1.357379	34	44	112	325.091
-2.356194	1.756530	-2.105156	39	40	126	325.056
1.308997	2.174483	2.653697	10	17	43	325.009
1.570796	0.762244	-0.273349	42	22	99	324.945
1.832596	1.766067	2.153843	124	30	39	324.717
2.356194	2.041297	-2.664597	39	27	102	324.602
0.785398	2.984978	1.954446	33	10	23	324.521
-1.832596	1.045978	0.343692	46	26	97	324.397
-1.570796	2.033014	2.977192	128	12	46	324.379
2.879793	1.756530	-2.105156	46	21	126	324.347
2.617994	1.824694	1.850876	111	25	34	324.122
1.047198	1.998705	2.370472	10	20	42	324.069
-2.617994	1.662363	0.915448	111	107	112	324.019
-1.047198	2.356369	3.005869	112	6	40	323.920
1.047198	2.984978	1.954446	31	15	23	323.877
2.879793	0.910508	1.903534	93	125	132	323.780
-0.785398	0.850607	-1.335383	117	98	12	323.684
0.785398	2.164094	-2.991358	122	110	32	323.662
0.785398	1.741644	-2.695914	112	111	33	323.559
-0.261799	0.961715	0.014085	27	11	96	323.487
-0.261799	1.168678	2.108595	43	27	129	323.485
-1.308997	1.662363	0.915448	32	7	102	323.469
0.523599	0.906588	1.252948	46	32	111	323.400
2.617994	1.545873	-1.877082	45	14	122	323.370
1.047198	1.113094	-0.272241	34	17	96	323.279
1.047198	0.290380	-0.796960	33	5	109	322.984
-1.570796	1.025536	1.576859	43	23	94	322.979
2.617994	1.904882	-1.478089	7	106	116	322.858
-2.617994	2.393226	1.857173	98	119	21	322.844
1.832596	0.992645	-1.723759	34	6	113	322.659
-2.879793	1.335669	0.897240	138	100	106	322.644
1.047198	0.591903	2.010408	29	47	124	322.631
-1.308997	0.290380	-0.796960	118	103	20	322.603
-0.785398	2.979456	-1.009304	35	23	98	322.550
-0.261799	0.685216	-1.712745	95	132	122	322.437
0.785398	0.906588	1.252948	44	39	115	322.361
-2.094395	2.664082	-1.071402	44	34	113	322.357
-3.141593	2.033014	2.977192	6	15	43	322.157
-0.785398	2.664082	-1.071402	20	45	114	322.155
2.094395	1.574060	2.783565	125	16	47	322.112
-2.879793	1.948085	-2.363031	41	32	129	322.064
-0.785398	0.831641	0.616218	32	38	94	322.061
1.047198	1.045978	0.343692	40	27	98	322.025
-2.617994	2.041297	-2.664597	28	38	103	322.013
0.785398	2.456751	-1.503343	96	112	120	322.004
-1.570796	1.195355	1.200319	46	26	97	322.000
1.832596	1.699788	2.452890	44	22	119	321.995
-2.617994	2.138223	1.678323	134	91	14	321.980
2.094395	1.168678	2.108595	114	25	37	321.978
-0.261799	1.662363	0.915448	18	123	114	321.924
-2.617994	0.640596	-2.797608	43	17	126	321.817
0.000000	1.367556	0.358405	36	21	96	321.756
-2.356194	2.984978	1.954446	12	131	44	321.687
-1.832596	2.041297	-2.664597	19	35	103	321.541
2.617994	1.195355	1.200319	121	104	102	321.494
-1.308997	1.195355	1.200319	45	31	97	321.490
2.879793	1.904882	-1.478089	47	18	114	321.409
0.261799	2.396274	-1.959260	26	21	97	321.399
2.094395	1.683268	0.374177	106	133	105	321.146
-2.094395	0.992645	-1.723759	36	42	113	321.005
-2.094395	2.247462	0.191623	35	13	104	320.995
-1.832596	1.413347	-1.339188	30	44	107	320.855
1.308997	1.574060	2.783565	120	125	36	320.642
-0.785398	1.982574	-1.115518	17	41	107	320.504
-2.879793	2.719179	-1.780644	126	12	50	320.421
-3.141593	1.869911	2.701025	110	129	34	320.234
0.523599	2.041297	-2.664597	111	108	30	320.188
1.570796	1.948085	-2.363031	131	95	19	319.980
0.523599	1.662363	0.915448	43	36	107	319.904
-0.785398	2.063651	-2.044600	9	23	45	319.900
-1.832596	1.569311	-3.003978	14	10	43	319.853
-2.356194	1.904882	-1.478089	42	39	109	319.827
1.570796	0.618092	2.539118	104	24	21	319.786
-1.308997	1.741644	-2.695914	134	21	43	319.682
1.047198	2.863997	0.549740	132	42	128	319.586
-2.094395	1.247695	1.809890	42	12	98	319.534
-1.832596	0.619654	-2.216909	40	39	121	319.503
-2.356194	1.214854	-1.966664	42	38	120	319.271
0.000000	1.846342	-1.796954	98	13	12	319.010
0.000000	2.108018	1.311430	34	5	19	318.992
-2.879793	0.674054	1.013609	91	127	119	318.967
-2.617994	1.699788	2.452890	131	89	7	318.949
0.261799	0.906588	1.252948	47	27	111	318.918
-2.879793	2.153910	-1.714959	47	29	118	318.840
-0.523599	1.658653	-2.409879	115	25	33	318.605
0.523599	1.025536	1.576859	44	38	121	318.416
1.570796	2.396274	-1.959260	129	94	12	318.357
-3.141593	0.700570	1.559208	93	124	125	318.346
2.094395	2.138223	1.678323	119	34	30	318.180
-0.523599	2.984978	1.954446	17	125	25	318.018
0.000000	2.588535	-2.976617	111	105	25	317.913
-0.261799	1.506530	1.988858	43	22	129	317.606
-1.308997	0.080730	-2.622036	39	41	115	317.231
2.879793	1.247695	1.809890	97	125	14	317.159
-1.832596	1.310100	1.488307	47	19	99	316.962
0.523599	1.433411	-1.035986	102	116	109	316.899
-0.785398	1.869911	2.701025	138	3	46	316.846
-1.047198	0.618092	2.539118	45	23	125	316.621
-2.617994	0.864993	2.278281	117	97	20	316.549
-1.047198	1.025536	1.576859	38	6	116	316.472
0.261799	0.899350	-2.069907	92	123	130	316.265
0.000000	2.379497	0.561089	39	38	106	316.052
1.570796	0.203748	0.590255	42	37	111	315.910
1.047198	1.658653	-2.409879	112	107	30	315.746
0.000000	1.488617	1.159546	46	26	111	315.619
-2.879793	1.184361	0.625864	96	128	110	315.544
1.570796	1.440580	2.260026	124	28	42	315.538
-0.785398	1.756530	-2.105156	115	31	27	315.469
0.523599	0.615174	-0.666022	126	101	108	315.425
2.094395	1.440580	2.260026	117	26	41	315.422
-0.523599	1.025536	1.576859	45	16	117	315.377
1.047198	1.555207	1.708892	0	37	23	315.352
-2.094395	2.456751	-1.503343	26	21	19	315.304
-1.570796	0.379747	-1.713059	29	45	114	315.277
0.523599	1.488617	1.159546	45	36	112	315.267
0.261799	1.433411	-1.035986	101	120	108	315.256
-1.570796	0.615174	-0.666022	114	104	18	315.170
-1.308997	1.809167	1.213774	3	99	1	315.155
-0.261799	1.699788	2.452890	9	6	45	315.101
-2.356194	1.488617	1.159546	109	99	2	315.075
-2.094395	1.506530	1.988858	44	9	105	315.007
0.785398	2.115563	0.685730	30	42	107	315.006
-1.570796	1.736875	3.023612	134	12	47	314.993
-2.356194	1.310100	1.488307	109	98	9	314.928
-1.047198	1.977582	0.969896	39	10	109	314.821
2.094395	2.033014	2.977192	42	23	106	314.810
-2.356194	1.374601	-2.456031	39	32	133	314.505
0.785398	0.290380	-0.796960	132	97	116	314.410
-2.356194	1.545873	-1.877082	41	40	117	314.359
-2.356194	0.899350	-2.069907	44	36	119	314.262
-0.523599	1.134796	2.434290	40	26	133	314.109
-0.523599	1.948085	-2.363031	108	17	38	313.979
-0.785398	2.153910	-1.714959	114	33	19	313.879
-2.617994	2.579248	-2.364801	21	22	28	313.854
0.000000	1.025536	1.576859	28	40	94	313.705
-0.261799	2.104282	-0.813972	15	37	105	313.523
-3.141593	0.929350	-2.910676	131	101	25	313.512
0.785398	2.180315	-1.357379	97	113	118	313.481
1.570796	0.866395	-2.492918	116	99	20	313.397
-2.617994	1.440580	2.260026	113	104	24	313.228
-2.879793	2.881233	-2.582574	34	24	98	313.074
0.000000	1.195355	1.200319	25	43	97	312.946
0.523599	1.683268	0.374177	35	33	99	312.844
-1.570796	1.113094	-0.272241	18	27	95	312.819
1.308997	2.396274	-1.959260	124	92	12	312.814
-1.570796	2.587733	0.232235	43	17	109	312.775
0.785398	2.407836	1.410646	29	19	21	312.613
-0.523599	2.295480	1.008277	46	19	111	312.554
-2.356194	1.335669	0.897240	12	115	107	312.547
0.261799	2.478122	2.609777	18	130	35	312.396
-2.356194	0.370812	-2.547742	34	1	26	312.391
2.094395	2.455966	-0.641220	106	109	112	312.383
0.000000	0.992645	-1.723759	94	126	123	312.371
0.523599	2.478122	2.609777	21	133	35	312.236
1.570796	1.998705	2.370472	132	26	40	312.119
1.570796	1.218453	2.777284	119	19	46	312.096
-2.356194	1.766067	2.153843	103	114	30	312.003
0.523599	2.251330	-2.330739	107	106	25	311.976
2.356194	1.948085	-2.363031	24	133	33	311.935
0.000000	0.866955	-0.931351	106	115	108	311.932
-3.141593	0.733948	3.021411	125	98	22	311.889
1.308997	2.041297	-2.664597	36	15	102	311.856
-0.523599	1.846342	-1.796954	21	15	100	311.746
-0.785398	1.413430	2.550734	21	139	40	311.626
0.261799	1.721184	-0.153948	26	27	93	311.595
1.570796	2.343981	-1.040456	104	108	113	311.478
-1.308997	1.168678	2.108595	5	103	19	311.420
1.047198	0.992645	-1.723759	102	106	125	311.330
2.094395	1.809167	1.213774	109	32	5	311.223
-2.094395	0.906588	1.252948	111	96	6	311.141
-1.570796	1.872854	1.543456	133	96	10	311.113
-0.785398	1.599406	1.426070	41	8	119	311.109
2.094395	1.948085	-2.363031	22	129	32	310.954
1.570796	2.001437	0.381215	106	134	108	310.926
-2.356194	2.393226	1.857173	100	114	21	310.901
2.879793	2.251330	-2.330739	34	30	101	310.696
2.356194	0.700570	1.559208	103	29	12	310.608
-1.570796	1.998705	2.370472	109	109	31	310.515
2.356194	2.001437	0.381215	101	126	107	310.507
-3.141593	1.413430	2.550734	118	7	44	310.461
-2.617994	1.413430	2.550734	133	93	115	310.336
0.785398	2.592629	0.909713	31	45	114	310.191
2.356194	1.872854	1.543456	111	30	28	310.178
2.879793	2.063651	-2.044600	46	22	124	310.092
-3.141593	2.478122	2.609777	119	94	24	310.008
-1.308997	1.247695	1.809890	3	99	14	309.885
-3.141593	1.195355	1.200319	92	128	119	309.879
0.261799	1.909857	-0.381669	20	31	99	309.730
1.047198	2.881233	-2.582574	131	94	11	309.717
-2.094395	2.724429	-0.348782	45	19	111	309.709
0.523599	2.164094	-2.991358	119	109	32	309.648
1.308997	1.545873	-1.877082	41	20	104	309.630
0.261799	1.134796	2.434290	36	36	135	309.600
-0.785398	0.640596	-2.797608	31	43	129	309.594
-0.785398	2.138223	1.678323	39	7	123	309.452
-1.832596	1.325504	-1.671296	32	45	114	309.331
2.094395	2.393226	1.857173	123	34	31	309.108
-2.356194	2.187132	-0.479875	39	22	95	309.105
0.785398	2.587733	0.232235	133	39	123	309.094
2.094395	1.662363	0.915448	104	0	114	309.035
0.785398	2.343981	-1.040456	95	119	114	309.005
1.832596	2.180315	-1.357379	127	93	4	308.891
-1.308997	1.696674	-1.253233	22	45	109	308.863
-0.523599	1.050534	3.042579	31	35	136	308.852
-2.617994	1.904882	-1.478089	45	35	109	308.537
0.523599	1.909857	-0.381669	19	29	98	308.526
0.261799	2.407836	1.410646	33	10	20	308.463
-0.261799	1.869911	2.701025	3	5	46	308.309
-2.879793	1.699788	2.452890	125	88	7	308.289
-0.523599	0.850607	-1.335383	105	19	123	308.163
-1.308997	1.904882	-1.478089	22	46	113	308.145
2.356194	2.251330	-2.330739	26	135	31	308.072
2.617994	1.741644	-2.695914	20	139	39	307.606
2.094395	1.413430	2.550734	120	18	45	307.600
-3.141593	1.391910	3.030322	7	138	43	307.586
2.356194	1.766067	2.153843	117	27	40	307.582
-1.308997	1.766067	2.153843	138	101	19	307.456
2.356194	2.863997	0.549740	98	13	3	307.448
1.308997	1.413347	-1.339188	44	23	110	307.411
2.617994	1.506530	1.988858	112	19	36	307.410
-2.617994	1.391910	3.030322	132	93	118	307.324
-1.570796	0.297065	2.160177	129	113	95	307.165
1.832596	0.831641	0.616218	34	40	102	307.151
-2.617994	1.948085	-2.363031	38	35	129	306.976
0.261799	1.875281	0.107086	30	33	98	306.850
1.047198	1.450119	-2.739050	119	5	45	306.795
-2.356194	1.014500	0.906702	107	104	0	306.719
2.094395	2.299159	2.264663	139	31	38	306.690
-1.832596	2.588535	-2.976617	109	24	36	306.574
1.832596	1.875281	0.107086	106	128	103	306.563
2.094395	2.719179	-1.780644	20	125	23	306.529
-1.047198	2.587733	0.232235	44	27	108	306.490
0.785398	1.736875	3.023612	121	118	36	306.418
-2.356194	1.448123	-2.163292	40	36	128	306.320
-0.261799	2.089241	-0.114193	29	36	99	306.198
2.356194	1.506530	1.988858	112	27	37	305.989
-0.523599	2.063651	-2.044600	6	26	45	305.893
-1.308997	1.113094	-0.272241	117	120	100	305.855
-1.047198	1.247695	1.809890	8	101	14	305.672
0.523599	0.866395	-2.492918	101	15	21	305.646
