128	1.2	0
-2.617994	1.450119	-2.739050
0.000000	0.000000	0.000000
model.B99990002.pdb	-29.956	-19.562	-24.212
1iob.pdb	15.932	13.567	1.186
-3.141593	0.619654	-2.216909	100	30	22	6.142
-2.356194	0.419640	2.974122	99	28	24	6.076
-3.141593	0.899350	-2.069907	98	30	18	5.848
-1.832596	1.168678	2.108595	95	28	18	5.621
2.879793	0.619654	-2.216909	103	31	22	5.167
-2.094395	0.419640	2.974122	96	26	24	5.035
-2.617994	0.419640	2.974122	103	30	24	4.874
-2.617994	0.733948	3.021411	100	31	20	4.742
2.879793	1.214854	-1.966664	101	32	14	4.354
2.879793	0.899350	-2.069907	102	32	18	4.354
-2.879793	0.370812	-2.547742	99	28	24	3.995
-2.356194	0.618092	2.539118	102	30	23	3.995
-1.832596	0.618092	2.539118	95	27	23	3.834
-1.832596	1.977582	0.969896	93	26	18	3.833
1.832596	1.998705	2.370472	41	104	107	3.767
2.879793	1.696674	-1.253233	99	31	14	3.767
2.617994	0.992645	-1.723759	104	32	19	3.540
1.570796	2.295480	1.008277	44	103	113	3.540
-1.570796	1.809167	1.213774	91	24	19	3.540
-2.094395	0.914445	2.687814	96	29	18	3.474
-1.047198	0.418037	1.360082	100	23	30	3.474
-3.141593	1.128190	-2.288622	100	31	14	3.408
0.000000	0.203748	0.590255	102	23	31	3.313
-2.094395	0.910508	1.903534	101	30	23	3.247
-3.141593	0.866395	-2.492918	102	32	17	3.247
-1.570796	0.864993	2.278281	93	25	21	3.247
1.832596	2.295480	1.008277	45	107	113	3.247
2.356194	2.637879	2.121598	39	106	104	3.246
1.308997	2.343981	-1.040456	33	100	97	3.217
-1.832596	0.910508	1.903534	98	28	23	3.181
-2.617994	0.640596	-2.797608	97	29	20	3.181
1.308997	0.618092	2.539118	38	99	125	3.144
0.000000	2.343981	-1.040456	40	99	110	3.086
1.832596	1.555207	1.708892	45	103	118	3.086
-1.570796	1.310100	1.488307	94	26	22	3.086
-3.141593	0.992645	-1.723759	96	29	18	3.020
-1.308997	1.812176	0.656819	90	16	22	3.020
1.570796	0.866955	-0.931351	51	103	121	2.990
-0.261799	0.203748	0.590255	104	23	31	2.954
-3.141593	0.685216	-1.712745	95	27	23	2.954
1.832596	1.766067	2.153843	44	104	112	2.953
1.047198	2.404280	-0.174044	45	106	113	2.953
0.523599	2.247462	0.191623	36	96	119	2.917
-0.261799	1.045978	0.343692	88	23	11	2.859
-2.879793	0.640596	-2.797608	100	31	19	2.793
-0.785398	0.418037	1.360082	98	22	30	2.793
-1.570796	1.025536	1.576859	96	26	24	2.793
0.785398	0.866395	-2.492918	44	101	118	2.792
1.308997	1.736875	3.023612	39	103	105	2.792
0.000000	2.664082	-1.071402	40	102	107	2.792
1.832596	2.138223	1.678323	44	103	111	2.792
2.094395	1.413347	-1.339188	109	13	39	2.763
1.308997	0.850607	-1.335383	89	18	26	2.727
1.832596	2.033014	2.977192	38	108	102	2.727
0.523599	1.214854	-1.966664	43	101	115	2.727
2.356194	2.138223	1.678323	44	111	110	2.726
-2.617994	0.370812	-2.547742	95	26	24	2.726
1.570796	2.033014	2.977192	37	106	102	2.726
-1.570796	0.866955	-0.931351	84	23	18	2.697
0.000000	1.168678	2.108595	38	98	6	2.697
2.094395	1.998705	2.370472	42	108	106	2.660
0.000000	0.370812	-2.547742	32	96	126	2.660
-1.570796	1.335669	0.897240	95	22	28	2.631
0.261799	0.762244	-0.273349	86	20	18	2.565
1.570796	1.658653	-2.409879	101	32	26	2.565
-2.879793	2.478122	2.609777	36	113	102	2.565
1.308997	0.910508	1.903534	38	97	125	2.500
0.000000	1.617114	-1.572037	39	97	113	2.499
1.047198	1.736875	3.023612	37	100	105	2.499
1.047198	1.869911	2.701025	35	99	105	2.499
-1.570796	2.349581	-2.702517	27	108	100	2.499
1.570796	2.704512	1.488683	38	100	106	2.499
-3.141593	0.370812	-2.547742	102	29	24	2.433
1.308997	1.870545	-2.976234	38	106	103	2.433
2.879793	1.413347	-1.339188	99	31	18	2.433
0.785398	2.455966	-0.641220	44	106	110	2.433
1.832596	1.824694	1.850876	44	104	113	2.433
1.308997	1.699788	2.452890	39	99	109	2.433
2.094395	2.704512	1.488683	41	106	106	2.433
2.879793	0.992645	-1.723759	100	31	19	2.433
-1.832596	1.741644	-2.695914	89	30	22	2.404
-3.141593	1.335669	0.897240	32	19	7	2.404
-1.308997	0.864993	2.278281	90	21	21	2.368
-1.570796	0.297065	2.160177	98	25	27	2.367
-0.785398	2.979456	-1.009304	33	99	104	2.338
-1.308997	0.910508	1.903534	92	22	23	2.301
1.308997	2.247462	0.191623	45	107	116	2.301
-2.617994	2.247462	0.191623	96	30	16	2.272
1.832596	1.506530	1.988858	45	103	116	2.272
-1.308997	1.450119	-2.739050	92	112	105	2.272
0.000000	2.979456	-1.009304	40	105	105	2.272
2.617994	2.760637	2.781135	33	104	101	2.272
-0.785398	1.948085	-2.363031	27	100	103	2.272
-1.832596	1.247695	1.809890	96	29	20	2.272
0.261799	1.214854	-1.966664	41	98	115	2.272
1.832596	2.637879	2.121598	35	101	103	2.272
1.308997	2.295480	1.008277	42	99	113	2.272
2.094395	2.073035	2.027405	44	106	109	2.272
2.356194	2.478122	2.609777	36	106	101	2.272
0.000000	1.374601	-2.456031	33	95	109	2.272
1.832596	2.393226	1.857173	40	102	106	2.272
0.785398	1.812176	0.656819	35	97	125	2.264
-1.570796	0.910508	1.903534	94	26	23	2.206
1.047198	2.104282	-0.813972	46	111	114	2.206
-0.261799	1.374601	-2.456031	29	95	109	2.206
-1.308997	2.719179	-1.780644	30	101	102	2.206
0.261799	1.699788	2.452890	24	96	108	2.206
0.785398	1.134796	2.434290	34	94	117	2.206
0.000000	1.869911	2.701025	23	99	105	2.206
-1.047198	2.456751	-1.503343	28	98	104	2.206
2.356194	1.506530	1.988858	6	21	86	2.177
1.308997	1.741644	-2.695914	46	95	123	2.177
0.261799	2.187132	-0.479875	40	98	115	2.140
-2.879793	0.866395	-2.492918	97	30	17	2.140
-3.141593	1.325504	-1.671296	96	29	16	2.140
-1.832596	1.875281	0.107086	90	18	21	2.140
-0.523599	1.617114	-1.572037	31	94	113	2.140
0.785398	1.869911	2.701025	31	98	105	2.140
-3.141593	1.214854	-1.966664	97	30	14	2.140
1.308997	1.869911	2.701025	37	101	105	2.140
-1.308997	1.325504	-1.671296	40	107	6	2.111
1.832596	2.587733	0.232235	46	114	112	2.111
-0.785398	2.104282	-0.813972	45	109	119	2.110
-1.832596	1.504028	0.636812	94	23	27	2.045
-0.523599	0.864993	2.278281	93	24	22	2.008
-1.308997	0.297065	2.160177	96	23	28	1.979
0.261799	2.343981	-1.040456	42	101	110	1.979
2.617994	2.637879	2.121598	40	108	104	1.979
0.261799	1.904882	-1.478089	42	101	110	1.979
1.047198	2.187132	-0.479875	46	108	115	1.979
-1.570796	0.700570	1.559208	100	26	27	1.979
-3.141593	2.478122	2.609777	36	112	101	1.979
-0.785398	1.736875	3.023612	95	112	102	1.979
-0.785398	2.063651	-2.044600	29	99	104	1.979
0.261799	1.448123	-2.163292	39	98	110	1.979
-0.523599	1.736875	3.023612	97	109	102	1.979
1.308997	2.187132	-0.479875	46	112	115	1.978
0.523599	2.455966	-0.641220	43	102	111	1.978
0.523599	1.836682	-0.676006	44	102	119	1.978
0.261799	2.455966	-0.641220	41	99	111	1.978
-2.879793	2.247462	0.191623	13	32	118	1.978
1.832596	1.504028	0.636812	34	26	99	1.950
-2.879793	1.433411	-1.035986	22	31	97	1.950
1.832596	2.379497	0.561089	24	23	87	1.950
-2.617994	1.433411	-1.035986	17	31	97	1.950
-3.141593	0.866955	-0.931351	114	40	3	1.949
0.000000	2.104282	-0.813972	38	96	114	1.913
0.523599	2.187132	-0.479875	43	101	115	1.913
-1.832596	0.864993	2.278281	95	28	21	1.913
0.785398	2.343981	-1.040456	44	108	110	1.913
0.261799	2.247462	0.191623	35	94	118	1.913
1.570796	2.108018	1.311430	43	101	114	1.913
0.523599	1.374601	-2.456031	40	99	110	1.913
-0.261799	2.455966	-0.641220	33	95	110	1.913
0.785398	1.699788	2.452890	32	95	109	1.913
-2.094395	1.450119	-2.739050	95	32	28	1.884
1.047198	1.554776	0.100351	48	106	105	1.883
-2.356194	0.762244	-0.273349	88	30	19	1.883
2.879793	0.850607	-1.335383	98	28	24	1.847
1.047198	2.455966	-0.641220	44	110	110	1.847
-2.879793	1.599406	1.426070	36	105	99	1.818
2.617994	1.310100	1.488307	33	107	97	1.818
-0.261799	1.736875	3.023612	99	107	102	1.818
2.617994	0.906588	1.252948	40	111	100	1.818
-1.832596	0.290380	-0.796960	91	25	29	1.817
-2.356194	2.478122	2.609777	28	90	113	1.817
1.832596	2.174483	2.653697	48	15	125	1.788
1.570796	2.174483	2.653697	49	9	125	1.788
2.617994	1.335669	0.897240	40	101	102	1.752
1.047198	1.450119	-2.739050	42	104	107	1.752
-2.356194	0.733948	3.021411	97	30	20	1.752
2.094395	1.555207	1.708892	46	107	118	1.752
-1.570796	1.599406	1.426070	93	26	19	1.751
-2.617994	1.168678	2.108595	109	35	3	1.751
2.094395	1.506530	1.988858	46	107	116	1.751
-1.308997	1.310100	1.488307	91	22	23	1.686
-3.141593	0.080730	-2.622036	103	27	28	1.686
0.523599	2.343981	-1.040456	44	105	110	1.686
0.261799	1.617114	-1.572037	42	100	113	1.686
-2.879793	0.080730	-2.622036	100	26	28	1.686
0.261799	2.664082	-1.071402	41	105	106	1.685
1.570796	1.872854	1.543456	43	100	116	1.685
0.261799	1.242974	-2.977882	32	94	111	1.685
0.261799	2.153910	-1.714959	41	104	106	1.685
0.000000	0.379747	-1.713059	37	102	2	1.678
0.523599	1.168678	2.108595	43	102	6	1.656
0.523599	1.569311	-3.003978	99	33	14	1.620
-2.094395	0.864993	2.278281	99	30	22	1.620
1.832596	1.869911	2.701025	41	106	106	1.619
-1.570796	1.569311	-3.003978	87	22	28	1.591
0.261799	1.440580	2.260026	40	96	2	1.590
0.523599	2.724429	-0.348782	42	102	109	1.590
-1.308997	1.128190	-2.288622	42	97	125	1.590
-1.308997	1.247695	1.809890	91	22	20	1.554
1.047198	1.766067	2.153843	35	96	111	1.554
-3.141593	1.135834	-1.431087	95	28	20	1.553
0.261799	1.194549	-0.801900	92	23	29	1.525
-2.617994	0.290380	-0.796960	101	32	29	1.524
-2.356194	1.113094	-0.272241	89	30	13	1.524
-2.617994	2.108018	1.311430	43	102	105	1.524
0.261799	1.310100	1.488307	45	97	125	1.524
0.000000	1.325504	-1.671296	39	96	116	1.524
-0.261799	1.732874	-0.951685	36	94	118	1.524
-2.094395	0.458961	-0.107937	14	19	91	1.495
1.832596	2.001437	0.381215	21	24	89	1.495
1.308997	1.168678	2.108595	15	19	87	1.495
-0.523599	2.637879	2.121598	14	14	90	1.495
0.000000	2.637879	2.121598	13	15	90	1.495
-2.356194	0.458961	-0.107937	15	18	91	1.495
2.879793	2.478122	2.609777	5	16	91	1.495
-0.261799	2.637879	2.121598	14	14	90	1.495
-1.308997	2.001437	0.381215	1	1	89	1.495
1.308997	0.961715	0.014085	4	8	92	1.495
0.785398	2.187132	-0.479875	44	104	115	1.488
-2.879793	1.812176	0.656819	19	31	124	1.488
-1.047198	1.450119	-2.739050	94	109	105	1.458
-1.570796	0.906588	1.252948	98	25	28	1.458
-0.785398	2.251330	-2.330739	30	103	101	1.458
-1.308997	2.349581	-2.702517	28	108	100	1.458
1.832596	0.864993	2.278281	44	104	121	1.458
0.785398	1.374601	-2.456031	42	102	109	1.458
1.308997	2.592629	0.909713	41	100	109	1.458
1.308997	2.073035	2.027405	36	97	108	1.458
-1.308997	1.488617	1.159546	91	21	23	1.458
-1.832596	1.809167	1.213774	94	28	18	1.458
1.832596	2.760637	2.781135	104	110	99	1.458
0.785398	1.732874	-0.951685	46	106	118	1.458
-1.308997	0.700570	1.559208	96	24	27	1.458
0.261799	1.545873	-1.877082	41	99	111	1.458
2.094395	2.637879	2.121598	37	103	103	1.458
-2.879793	0.709924	0.218797	93	32	23	1.458
0.261799	0.992645	-1.723759	42	99	120	1.458
1.047198	0.866395	-2.492918	46	105	118	1.458
2.094395	2.138223	1.678323	45	107	111	1.458
2.094395	2.393226	1.857173	42	105	106	1.458
-0.785398	2.664082	-1.071402	31	97	106	1.458
2.617994	2.984978	1.954446	39	105	104	1.458
1.570796	1.998705	2.370472	38	100	106	1.458
0.785398	1.836682	-0.676006	46	106	119	1.458
-2.879793	2.760637	2.781135	36	109	101	1.458
0.523599	1.242974	-2.977882	36	95	111	1.458
0.000000	0.899350	-2.069907	37	95	119	1.458
-2.356194	1.555207	1.708892	105	35	2	1.458
-2.356194	1.606104	-0.451151	9	24	92	1.429
1.570796	1.433411	-1.035986	16	26	97	1.429
0.785398	1.168678	2.108595	18	16	87	1.429
-2.094395	0.591903	2.010408	126	14	91	1.429
-0.523599	2.456751	-1.503343	33	99	105	1.421
0.000000	1.574060	2.783565	23	96	108	1.393
-1.047198	1.658653	-2.409879	21	100	106	1.393
2.617994	0.685216	-1.712745	102	30	23	1.392
-3.141593	1.433411	-1.035986	95	28	21	1.392
2.094395	1.599406	1.426070	45	108	120	1.392
2.094395	2.299159	2.264663	40	105	105	1.392
-1.832596	2.115563	0.685730	91	24	17	1.392
0.523599	1.869911	2.701025	29	98	105	1.392
1.832596	2.299159	2.264663	39	103	105	1.392
-1.570796	2.881233	-2.582574	35	107	101	1.392
-0.261799	1.869911	2.701025	96	109	103	1.392
0.523599	0.619654	-2.216909	42	101	123	1.392
0.523599	1.732874	-0.951685	44	102	118	1.392
0.785398	1.218453	2.777284	36	94	114	1.392
-0.261799	2.180315	-1.357379	36	97	108	1.392
0.523599	2.104282	-0.813972	29	99	96	1.363
1.570796	1.732874	-0.951685	45	102	103	1.363
0.785398	0.762244	-0.273349	47	96	122	1.363
-1.308997	0.203748	0.590255	97	34	122	1.363
1.570796	2.343981	-1.040456	35	101	97	1.363
0.523599	0.850607	-1.335383	6	8	87	1.363
0.523599	1.045978	0.343692	48	97	119	1.363
-0.785398	1.846342	-1.796954	109	38	121	1.363
-0.261799	0.866395	-2.492918	48	114	119	1.363
-2.094395	1.875281	0.107086	91	22	21	1.327
0.261799	2.104282	-0.813972	41	99	114	1.326
1.047198	1.574060	2.783565	37	98	108	1.326
-2.617994	2.356369	3.005869	97	36	11	1.298
-1.308997	1.025536	1.576859	94	24	24	1.298
0.523599	0.866955	-0.931351	90	24	27	1.297
2.879793	1.045978	0.343692	47	102	111	1.297
2.617994	1.555207	1.708892	28	105	98	1.297
1.832596	2.478122	2.609777	33	103	100	1.297
-2.094395	1.218453	2.777284	99	102	103	1.297
-1.308997	1.870545	-2.976234	96	115	100	1.297
-2.356194	2.881233	-2.582574	32	103	101	1.297
0.261799	1.374601	-2.456031	46	116	4	1.297
1.308997	2.724429	-0.348782	32	92	126	1.297
2.094395	1.247695	1.809890	45	106	120	1.297
-2.617994	1.050534	3.042579	91	106	107	1.297
1.570796	1.168678	2.108595	36	17	13	1.297
-1.570796	1.741644	-2.695914	33	91	122	1.296
0.785398	0.496451	0.593859	50	107	3	1.268
0.785398	0.458961	-0.107937	48	99	1	1.268
2.094395	0.619654	-2.216909	45	103	7	1.268
0.000000	0.709924	0.218797	46	111	111	1.268
1.047198	1.184361	0.625864	54	110	119	1.268
-1.570796	0.591903	2.010408	96	25	26	1.260
2.879793	1.325504	-1.671296	100	31	15	1.260
0.000000	2.153910	-1.714959	39	101	106	1.232
0.261799	0.960688	-0.577532	89	23	24	1.232
0.000000	1.256302	0.062705	86	21	16	1.232
1.308997	0.419640	2.974122	41	101	124	1.231
0.785398	1.569311	-3.003978	38	100	106	1.231
-1.308997	1.809167	1.213774	89	21	19	1.231
-1.570796	1.488617	1.159546	93	24	24	1.231
-2.879793	1.809167	1.213774	41	104	102	1.231
-2.094395	1.310100	1.488307	102	33	8	1.231
0.785398	2.251330	-2.330739	33	90	109	1.231
2.094395	2.863997	0.549740	43	114	108	1.231
-1.308997	1.335669	0.897240	94	19	28	1.231
0.000000	1.433411	-1.035986	40	97	121	1.231
-1.832596	2.001437	0.381215	90	21	21	1.231
-1.832596	1.658653	-2.409879	93	116	103	1.231
-2.879793	0.762244	-0.273349	48	105	118	1.231
1.308997	0.929350	-2.910676	45	105	116	1.231
1.570796	1.809167	1.213774	44	101	119	1.231
0.785398	0.685216	-1.712745	97	32	23	1.231
0.261799	1.574060	2.783565	27	95	108	1.231
-1.570796	1.658653	-2.409879	33	93	0	1.231
-1.570796	2.001437	0.381215	89	17	21	1.231
-1.047198	2.247462	0.191623	88	120	8	1.231
0.785398	2.579248	-2.364801	39	99	118	1.202
2.617994	1.301460	-0.509251	121	36	121	1.202
-2.879793	0.591903	2.010408	11	21	90	1.202
1.308997	2.719179	-1.780644	39	99	115	1.202
1.047198	2.164094	-2.991358	46	93	117	1.202
2.879793	0.866955	-0.931351	121	37	3	1.202
-2.879793	0.458961	-0.107937	26	13	90	1.202
1.308997	2.001437	0.381215	34	16	88	1.202
1.047198	2.588535	-2.976617	43	93	107	1.202
0.000000	2.704512	1.488683	43	103	5	1.202
1.308997	2.579248	-2.364801	43	104	118	1.202
1.832596	0.929350	-2.910676	41	104	9	1.201
-0.261799	1.696674	-1.253233	36	94	116	1.166
0.523599	1.904882	-1.478089	44	104	111	1.165
0.000000	1.413347	-1.339188	40	97	119	1.165
-0.261799	1.301460	-0.509251	10	113	25	1.165
-0.261799	1.413347	-1.339188	36	94	119	1.165
1.832596	1.574060	2.783565	44	108	109	1.165
0.523599	0.866395	-2.492918	41	98	118	1.165
0.000000	2.180315	-1.357379	40	100	109	1.165
-0.261799	1.617114	-1.572037	36	95	114	1.165
1.570796	0.864993	2.278281	42	100	122	1.165
2.356194	2.073035	2.027405	44	110	109	1.165
1.308997	2.863997	0.549740	42	104	108	1.165
-1.047198	0.700570	1.559208	95	21	27	1.165
-2.879793	2.455966	-0.641220	94	27	9	1.165
1.832596	2.108018	1.311430	45	105	114	1.165
1.570796	2.863997	0.549740	43	107	108	1.165
1.308997	1.875281	0.107086	45	107	121	1.165
2.094395	1.488617	1.159546	44	109	123	1.165
2.356194	2.299159	2.264663	41	108	105	1.165
0.261799	0.640596	-2.797608	34	94	121	1.165
-3.141593	2.637879	2.121598	39	114	103	1.165
-0.523599	1.413347	-1.339188	32	93	119	1.165
1.308997	1.555207	1.708892	40	97	117	1.165
-0.261799	0.992645	-1.723759	34	96	122	1.157
2.356194	1.870545	-2.976234	45	18	1	1.136
-1.832596	1.870545	-2.976234	97	30	26	1.136
-2.879793	1.606104	-0.451151	7	29	92	1.136
-2.617994	1.836682	-0.676006	7	26	89	1.136
-2.617994	2.349581	-2.702517	105	38	9	1.136
2.094395	1.504028	0.636812	29	29	99	1.136
2.094395	1.045978	0.343692	120	37	1	1.136
-1.832596	2.180315	-1.357379	13	23	88	1.136
0.261799	1.606104	-0.451151	32	93	101	1.136
2.879793	2.343981	-1.040456	30	14	87	1.136
0.261799	1.504028	0.636812	45	95	110	1.136
2.356194	0.762244	-0.273349	121	36	4	1.136
1.570796	2.393226	1.857173	38	100	107	1.100
2.356194	1.617114	-1.572037	110	34	125	1.099
-2.879793	0.929350	-2.910676	102	32	15	1.099
-0.523599	2.979456	-1.009304	34	101	103	1.099
0.261799	0.674054	1.013609	104	114	25	1.099
-0.261799	1.982574	-1.115518	35	95	112	1.099
0.261799	2.033014	2.977192	27	101	102	1.099
-2.617994	1.256302	0.062705	89	31	10	1.070
2.617994	0.418037	1.360082	96	27	32	1.070
2.879793	1.741644	-2.695914	39	25	2	1.070
-3.141593	1.555207	1.708892	94	34	23	1.070
-2.617994	1.741644	-2.695914	104	37	22	1.070
-3.141593	1.599406	1.426070	93	34	19	1.070
-1.832596	0.615174	-0.666022	86	25	23	1.070
2.879793	1.433411	-1.035986	99	30	20	1.033
1.308997	0.914445	2.687814	42	99	120	1.033
2.094395	0.496451	0.593859	5	122	30	1.033
-2.356194	2.063651	-2.044600	103	36	8	1.005
2.356194	0.910508	1.903534	104	29	32	1.004
-0.261799	2.343981	-1.040456	37	96	110	1.004
-0.785398	0.960688	-0.577532	96	33	27	1.004
-1.570796	1.247695	1.809890	93	27	20	1.004
0.523599	0.899350	-2.069907	43	100	118	1.004
2.879793	1.195355	1.200319	39	108	100	1.004
1.308997	2.478122	2.609777	105	109	99	1.004
2.094395	1.872854	1.543456	46	107	116	1.004
-0.785398	2.153910	-1.714959	30	96	106	1.004
2.879793	2.760637	2.781135	34	105	101	1.004
-0.785398	1.569311	-3.003978	96	109	103	1.004
-1.308997	1.440580	2.260026	88	120	21	1.004
-1.832596	2.478122	2.609777	38	92	113	1.004
1.832596	1.413430	2.550734	44	106	110	1.004
-2.094395	0.992645	-1.723759	86	127	12	1.004
2.094395	1.824694	1.850876	46	107	114	1.004
-0.523599	1.904882	-1.478089	33	94	111	1.004
-1.047198	1.569311	-3.003978	94	112	103	1.004
-2.356194	2.349581	-2.702517	103	118	97	1.004
1.308997	1.766067	2.153843	50	111	124	1.004
0.523599	0.700570	1.559208	43	108	5	1.004
1.570796	0.297065	2.160177	37	99	0	1.004
2.356194	1.247695	1.809890	46	110	121	1.003
-0.261799	0.619654	-2.216909	100	15	38	0.975
2.617994	2.588535	-2.976617	37	24	97	0.975
2.617994	2.164094	-2.991358	38	26	105	0.975
-1.832596	1.683268	0.374177	91	20	24	0.967
-2.094395	0.618092	2.539118	99	29	23	0.938
-3.141593	0.831641	0.616218	95	33	23	0.938
-2.094395	1.555207	1.708892	101	34	2	0.938
-1.308997	1.195355	1.200319	94	21	27	0.938
0.785398	1.135813	-2.658866	42	99	113	0.938
-1.832596	0.591903	2.010408	99	28	25	0.938
1.047198	0.571433	-1.188419	87	21	21	0.938
-0.523599	2.719179	-1.780644	37	105	103	0.938
1.047198	1.242974	-2.977882	42	101	110	0.938
1.047198	1.135813	-2.658866	44	104	112	0.938
0.000000	2.407836	1.410646	96	105	107	0.938
2.879793	0.700570	1.559208	96	26	33	0.938
-1.047198	1.025536	1.576859	92	20	25	0.938
0.785398	1.391910	3.030322	37	97	109	0.938
-2.356194	2.588535	-2.976617	31	109	99	0.938
1.570796	2.073035	2.027405	39	99	108	0.938
0.523599	1.135813	-2.658866	39	97	112	0.938
1.570796	1.574060	2.783565	42	103	108	0.938
1.308997	2.587733	0.232235	45	106	113	0.938
0.785398	1.242974	-2.977882	39	97	111	0.938
-1.047198	1.488617	1.159546	90	17	23	0.938
0.785398	1.450119	-2.739050	40	101	107	0.938
0.261799	1.948085	-2.363031	37	103	103	0.938
-1.047198	1.870545	-2.976234	97	113	100	0.938
-0.261799	1.256302	0.062705	109	109	24	0.938
1.047198	0.914445	2.687814	39	96	118	0.938
0.261799	2.180315	-1.357379	42	102	108	0.938
-2.879793	0.960688	-0.577532	104	39	1	0.938
0.000000	1.134497	-1.109631	40	98	124	0.938
1.308997	1.242974	-2.977882	44	105	110	0.938
1.832596	1.812176	0.656819	45	109	122	0.937
-2.094395	1.247695	1.809890	102	34	5	0.937
-2.094395	2.588535	-2.976617	5	32	108	0.909
-2.094395	2.164094	-2.991358	89	33	14	0.909
1.308997	1.134796	2.434290	16	24	90	0.909
-1.832596	0.866955	-0.931351	85	28	18	0.909
-1.832596	1.134796	2.434290	6	0	90	0.909
1.308997	2.456751	-1.503343	5	22	93	0.909
1.570796	1.335669	0.897240	38	23	105	0.909
2.356194	0.458961	-0.107937	24	6	90	0.909
-2.094395	1.301460	-0.509251	86	28	7	0.909
-0.261799	0.866955	-0.931351	89	111	12	0.909
2.094395	2.247462	0.191623	127	7	91	0.908
-2.617994	1.696674	-1.253233	109	38	117	0.908
1.570796	2.247462	0.191623	45	111	116	0.901
2.879793	1.617114	-1.572037	99	31	12	0.872
1.832596	2.704512	1.488683	40	103	106	0.872
-1.832596	0.297065	2.160177	101	27	28	0.872
0.523599	2.664082	-1.071402	42	108	106	0.872
-1.308997	0.618092	2.539118	90	20	23	0.872
2.094395	2.108018	1.311430	45	109	113	0.872
1.570796	2.115563	0.685730	45	105	117	0.872
2.356194	2.393226	1.857173	43	109	107	0.872
1.047198	2.587733	0.232235	43	103	110	0.872
2.094395	2.407836	1.410646	44	108	109	0.872
2.094395	1.310100	1.488307	44	107	123	0.872
0.261799	1.869911	2.701025	26	98	105	0.872
0.785398	2.724429	-0.348782	43	105	109	0.872
2.094395	2.478122	2.609777	36	105	102	0.872
-0.261799	1.448123	-2.163292	32	95	110	0.872
1.308997	1.050534	3.042579	44	102	116	0.872
-1.047198	2.349581	-2.702517	27	106	100	0.872
1.832596	2.247462	0.191623	45	115	115	0.872
-2.356194	1.599406	1.426070	105	34	5	0.871
-0.523599	0.379747	-1.713059	32	99	1	0.864
0.523599	0.496451	0.593859	47	103	2	0.843
1.047198	2.180315	-1.357379	31	96	98	0.843
-2.356194	1.569311	-3.003978	97	33	28	0.843
0.261799	2.637879	2.121598	41	93	106	0.843
-2.879793	1.506530	1.988858	1	12	86	0.843
-3.141593	1.836682	-0.676006	23	24	88	0.843
-1.570796	1.014500	0.906702	98	23	30	0.843
2.617994	1.506530	1.988858	4	19	86	0.843
2.617994	2.979456	-1.009304	31	98	97	0.843
1.570796	2.404280	-0.174044	109	119	92	0.843
-2.094395	2.863997	0.549740	26	98	97	0.843
1.047198	0.899350	-2.069907	20	11	90	0.843
2.879793	1.506530	1.988858	2	17	86	0.843
0.523599	1.256302	0.062705	45	94	111	0.843
1.308997	1.433411	-1.035986	46	97	108	0.843
-2.879793	1.510910	-0.740472	123	115	93	0.843
1.047198	2.089241	-0.114193	116	115	94	0.843
1.047198	0.850607	-1.335383	9	5	87	0.843
0.523599	1.909857	-0.381669	112	106	95	0.843
-2.617994	1.732874	-0.951685	3	114	95	0.843
-2.879793	0.914445	2.687814	3	4	36	0.842
2.617994	0.914445	2.687814	8	4	36	0.842
1.832596	2.180315	-1.357379	42	102	99	0.842
1.570796	0.458961	-0.107937	49	113	0	0.842
1.570796	1.909857	-0.381669	118	117	95	0.842
1.832596	2.404280	-0.174044	108	120	92	0.842
1.832596	2.073035	2.027405	42	104	108	0.806
-2.617994	1.909857	-0.381669	92	25	20	0.806
-2.356194	2.089241	-0.114193	91	24	18	0.806
0.000000	2.455966	-0.641220	36	97	109	0.806
0.261799	2.404280	-0.174044	37	96	112	0.806
-1.047198	1.310100	1.488307	90	18	23	0.806
0.000000	1.736875	3.023612	25	98	105	0.806
1.832596	2.592629	0.909713	44	108	109	0.806
2.094395	2.984978	1.954446	35	102	103	0.806
0.261799	2.299159	2.264663	40	91	112	0.777
-1.570796	0.618092	2.539118	98	103	102	0.777
0.000000	2.299159	2.264663	35	89	112	0.777
-0.261799	2.187132	-0.479875	26	103	95	0.777
-2.356194	0.960688	-0.577532	92	33	16	0.777
0.523599	2.588535	-2.976617	33	90	108	0.777
1.308997	0.709924	0.218797	40	102	115	0.777
-1.047198	0.618092	2.539118	106	101	102	0.777
-2.094395	1.050534	3.042579	98	100	107	0.777
1.047198	1.413430	2.550734	37	96	110	0.777
0.000000	1.948085	-2.363031	35	101	103	0.777
2.356194	0.674054	1.013609	43	106	103	0.777
-1.570796	1.872854	1.543456	29	14	88	0.777
2.617994	0.496451	0.593859	10	3	90	0.777
0.785398	2.979456	-1.009304	19	109	97	0.777
-3.141593	1.413430	2.550734	92	114	100	0.776
-1.832596	1.617114	-1.572037	91	32	10	0.776
2.356194	1.872854	1.543456	46	111	115	0.776
0.261799	0.700570	1.559208	43	105	5	0.776
-0.261799	1.824694	1.850876	34	88	120	0.776
-2.617994	1.325504	-1.671296	124	42	5	0.748
1.570796	1.982574	-1.115518	35	105	96	0.748
-0.523599	1.545873	-1.877082	4	24	94	0.748
2.879793	2.704512	1.488683	11	27	90	0.748
1.308997	2.979456	-1.009304	11	16	86	0.748
-2.617994	1.135834	-1.431087	20	35	106	0.748
-2.617994	1.982574	-1.115518	12	28	88	0.748
2.094395	2.295480	1.008277	24	29	90	0.748
0.000000	1.977582	0.969896	23	27	100	0.748
-1.570796	1.325504	-1.671296	14	21	91	0.748
-2.617994	1.214854	-1.966664	111	42	6	0.748
-1.047198	2.979456	-1.009304	13	11	86	0.748
2.094395	2.115563	0.685730	25	29	90	0.748
-0.523599	1.683268	0.374177	23	24	95	0.748
-0.261799	1.977582	0.969896	27	26	100	0.748
2.879793	2.979456	-1.009304	8	13	86	0.748
-2.094395	1.982574	-1.115518	13	25	87	0.748
-3.141593	1.982574	-1.115518	29	24	87	0.748
1.570796	2.001437	0.381215	33	22	89	0.748
2.879793	1.982574	-1.115518	23	23	88	0.748
-1.570796	1.982574	-1.115518	7	20	87	0.748
-2.356194	1.982574	-1.115518	8	27	88	0.748
-2.617994	2.984978	1.954446	10	20	87	0.748
-2.879793	1.982574	-1.115518	16	26	88	0.748
0.785398	0.297065	2.160177	26	20	92	0.748
-1.308997	1.545873	-1.877082	14	25	94	0.748
-0.785398	1.545873	-1.877082	7	25	94	0.748
-2.356194	2.979456	-1.009304	9	11	86	0.748
1.570796	2.979456	-1.009304	10	16	86	0.748
-2.094395	1.325504	-1.671296	18	19	91	0.748
1.570796	2.984978	1.954446	18	11	87	0.748
-2.094395	2.984978	1.954446	6	18	87	0.748
-1.047198	1.982574	-1.115518	124	14	88	0.748
1.047198	0.762244	-0.273349	20	103	101	0.748
-1.570796	0.762244	-0.273349	24	20	91	0.748
-1.832596	1.325504	-1.671296	16	21	91	0.748
-0.785398	2.637879	2.121598	36	97	109	0.748
-0.523599	0.762244	-0.273349	5	21	92	0.748
-0.785398	2.089241	-0.114193	5	17	93	0.748
-1.047198	1.325504	-1.671296	9	21	91	0.748
0.523599	2.984978	1.954446	12	6	87	0.748
-1.570796	2.979456	-1.009304	12	10	86	0.748
-1.832596	2.979456	-1.009304	11	10	86	0.748
-1.047198	1.545873	-1.877082	11	25	94	0.748
1.308997	1.982574	-1.115518	38	97	97	0.748
-0.261799	2.089241	-0.114193	4	12	93	0.748
0.261799	2.719179	-1.780644	2	10	88	0.748
-0.785398	2.984978	1.954446	5	10	87	0.748
-2.617994	2.041297	-2.664597	107	43	127	0.748
2.356194	2.984978	1.954446	17	16	87	0.748
1.047198	2.979456	-1.009304	12	16	86	0.748
-2.617994	2.979456	-1.009304	9	11	86	0.748
-1.047198	2.089241	-0.114193	6	18	93	0.748
-2.356194	2.984978	1.954446	8	19	87	0.748
0.785398	2.984978	1.954446	28	21	97	0.748
0.000000	1.982574	-1.115518	19	96	97	0.748
0.000000	2.719179	-1.780644	2	13	88	0.748
-1.570796	1.545873	-1.877082	17	24	94	0.748
-1.832596	1.982574	-1.115518	10	23	87	0.748
-0.523599	2.089241	-0.114193	4	15	93	0.748
-1.570796	2.984978	1.954446	4	15	87	0.748
-0.261799	2.984978	1.954446	7	7	87	0.747
-2.094395	2.719179	-1.780644	8	15	86	0.747
0.523599	1.982574	-1.115518	10	126	88	0.747
0.785398	1.982574	-1.115518	14	126	88	0.747
-0.261799	2.719179	-1.780644	2	15	88	0.747
-1.832596	1.545873	-1.877082	20	22	94	0.747
0.785398	1.683268	0.374177	0	20	96	0.747
-2.356194	2.719179	-1.780644	9	16	86	0.747
1.047198	2.984978	1.954446	16	8	87	0.747
-1.832596	2.719179	-1.780644	8	14	86	0.747
2.356194	2.089241	-0.114193	34	105	102	0.747
-1.832596	2.984978	1.954446	5	17	87	0.747
2.879793	1.662363	0.915448	9	20	94	0.747
-2.094395	0.762244	-0.273349	28	17	91	0.747
-1.047198	2.984978	1.954446	4	12	87	0.747
1.047198	1.982574	-1.115518	35	95	97	0.747
0.000000	2.089241	-0.114193	4	11	93	0.747
1.308997	0.619654	-2.216909	119	113	33	0.747
0.000000	2.984978	1.954446	9	6	87	0.747
-2.094395	2.979456	-1.009304	10	10	86	0.747
0.261799	2.089241	-0.114193	5	9	93	0.747
-0.523599	2.984978	1.954446	6	8	87	0.747
-1.308997	1.982574	-1.115518	125	18	88	0.747
2.879793	1.301460	-0.509251	109	39	3	0.747
-2.879793	2.979456	-1.009304	8	12	86	0.747
1.308997	2.984978	1.954446	17	8	87	0.747
0.261799	2.984978	1.954446	11	6	87	0.747
-1.308997	2.979456	-1.009304	12	10	86	0.747
2.617994	0.615174	-0.666022	33	29	112	0.747
0.785398	2.719179	-1.780644	5	6	88	0.747
1.047198	2.719179	-1.780644	7	5	88	0.747
-0.785398	1.982574	-1.115518	124	10	88	0.747
-3.141593	2.979456	-1.009304	8	12	86	0.747
1.832596	2.984978	1.954446	18	13	87	0.747
0.523599	2.719179	-1.780644	3	8	88	0.747
-0.523599	1.982574	-1.115518	125	6	88	0.747
0.261799	1.982574	-1.115518	6	127	88	0.747
2.879793	1.448123	-2.163292	115	38	126	0.747
1.047198	1.875281	0.107086	43	103	122	0.740
-2.356194	0.864993	2.278281	106	34	5	0.711
-0.785398	0.379747	-1.713059	30	96	127	0.711
0.261799	1.325504	-1.671296	42	99	116	0.711
2.356194	1.168678	2.108595	108	29	33	0.711
2.879793	1.766067	2.153843	103	36	22	0.711
-0.523599	2.174483	2.653697	33	97	117	0.711
0.261799	1.846342	-1.796954	42	102	109	0.711
-2.617994	0.709924	0.218797	90	29	22	0.711
-3.141593	0.709924	0.218797	48	107	112	0.711
2.356194	0.700570	1.559208	102	29	33	0.711
-1.832596	1.194549	-0.801900	87	26	12	0.711
2.356194	1.367556	0.358405	115	38	124	0.711
1.047198	1.617114	-1.572037	39	91	111	0.711
0.261799	1.696674	-1.253233	43	100	115	0.711
1.570796	2.587733	0.232235	46	110	112	0.711
-1.047198	2.719179	-1.780644	33	100	103	0.711
-2.879793	2.295480	1.008277	45	100	110	0.711
0.523599	0.370812	-2.547742	39	99	124	0.711
1.047198	1.025536	1.576859	46	113	2	0.710
1.047198	1.247695	1.809890	47	111	1	0.710
0.261799	0.379747	-1.713059	42	104	0	0.710
1.047198	1.662363	0.915448	11	30	104	0.682
-1.832596	2.104282	-0.813972	3	21	86	0.682
-2.879793	2.001437	0.381215	0	23	89	0.682
-0.261799	0.961715	0.014085	7	20	92	0.682
1.047198	2.396274	-1.959260	4	18	91	0.682
-3.141593	1.662363	0.915448	8	19	94	0.682
0.000000	0.866955	-0.931351	1	22	98	0.682
-1.832596	1.662363	0.915448	42	103	107	0.682
-0.523599	2.760637	2.781135	113	109	98	0.682
-1.832596	1.195355	1.200319	36	101	103	0.682
-2.617994	0.458961	-0.107937	17	17	91	0.682
-2.094395	2.760637	2.781135	123	22	93	0.682
0.261799	0.418037	1.360082	40	100	119	0.682
2.356194	1.134796	2.434290	4	23	90	0.681
2.617994	0.458961	-0.107937	26	8	90	0.681
-0.261799	2.104282	-0.813972	3	5	86	0.681
-2.879793	1.662363	0.915448	6	18	94	0.681
-0.785398	2.356369	3.005869	85	115	4	0.681
-1.047198	1.555207	1.708892	9	95	113	0.681
2.356194	1.301460	-0.509251	10	94	111	0.681
1.308997	2.104282	-0.813972	38	101	96	0.681
0.785398	1.256302	0.062705	1	16	94	0.681
-0.523599	2.164094	-2.991358	86	113	7	0.681
-2.356194	1.134796	2.434290	1	5	90	0.681
2.617994	1.113094	-0.272241	118	39	125	0.681
-2.356194	2.001437	0.381215	124	15	89	0.681
-2.094395	2.001437	0.381215	124	11	89	0.681
2.356194	1.736875	3.023612	12	93	115	0.681
1.832596	2.115563	0.685730	45	110	117	0.674
2.094395	1.134497	-1.109631	22	30	125	0.645
-1.308997	0.906588	1.252948	96	22	28	0.645
-0.785398	1.450119	-2.739050	97	106	105	0.645
-2.879793	1.214854	-1.966664	93	28	14	0.645
1.832596	1.310100	1.488307	43	103	123	0.645
-0.785398	2.180315	-1.357379	29	95	108	0.645
-0.261799	1.904882	-1.478089	36	96	110	0.645
0.261799	0.615174	-0.666022	89	26	19	0.645
-2.094395	1.168678	2.108595	98	31	17	0.645
0.785398	1.998705	2.370472	30	97	106	0.645
-1.570796	1.870545	-2.976234	96	118	100	0.645
1.832596	1.440580	2.260026	45	104	114	0.645
-1.047198	1.736875	3.023612	94	115	102	0.645
1.308997	0.733948	3.021411	44	102	120	0.645
-0.523599	2.115563	0.685730	96	32	10	0.645
0.261799	1.741644	-2.695914	34	99	104	0.645
1.570796	1.736875	3.023612	40	106	104	0.644
0.785398	1.128190	-2.288622	45	103	115	0.644
1.832596	1.168678	2.108595	12	20	87	0.616
-1.570796	0.961715	0.014085	108	41	0	0.616
2.094395	1.168678	2.108595	10	20	87	0.616
0.000000	1.335669	0.897240	42	90	118	0.616
0.785398	1.606104	-0.451151	33	101	100	0.616
-1.832596	1.904882	-1.478089	93	31	5	0.616
1.308997	1.135834	-1.431087	45	93	118	0.616
-2.617994	1.504028	0.636812	34	21	91	0.616
1.832596	1.433411	-1.035986	50	107	108	0.615
1.832596	2.407836	1.410646	118	35	117	0.615
2.094395	1.433411	-1.035986	50	112	108	0.615
0.261799	1.168678	2.108595	19	12	87	0.615
1.047198	1.606104	-0.451151	36	105	100	0.615
2.356194	0.591903	2.010408	16	25	91	0.615
1.308997	1.325504	-1.671296	44	92	117	0.615
0.523599	1.014500	0.906702	118	37	125	0.615
1.570796	1.135834	-1.431087	7	4	88	0.615
2.617994	0.618092	2.539118	94	33	11	0.608
0.000000	1.050534	3.042579	23	94	116	0.607
1.832596	1.977582	0.969896	45	107	118	0.579
2.879793	0.674054	1.013609	107	106	99	0.579
-1.047198	1.256302	0.062705	103	111	24	0.579
1.570796	1.869911	2.701025	40	103	106	0.579
0.000000	1.836682	-0.676006	38	96	120	0.579
-0.785398	1.367556	0.358405	102	111	23	0.579
-2.879793	0.906588	1.252948	31	16	8	0.579
0.261799	1.450119	-2.739050	34	96	108	0.578
0.785398	2.456751	-1.503343	41	111	105	0.578
0.785398	2.180315	-1.357379	44	109	109	0.578
-0.785398	0.615174	-0.666022	109	38	5	0.550
-2.879793	2.073035	2.027405	28	23	97	0.550
1.832596	2.104282	-0.813972	39	106	97	0.550
0.261799	1.998705	2.370472	39	90	119	0.550
1.570796	1.504028	0.636812	7	33	117	0.550
-0.785398	1.554776	0.100351	97	99	103	0.550
-0.261799	1.554776	0.100351	107	97	103	0.550
0.261799	1.135813	-2.658866	36	95	112	0.550
-0.261799	1.741644	-2.695914	87	114	13	0.550
0.261799	1.824694	1.850876	44	94	120	0.550
2.094395	0.700570	1.559208	107	30	33	0.550
-3.141593	1.014500	0.906702	92	33	22	0.550
1.832596	2.343981	-1.040456	37	104	96	0.550
2.879793	1.413430	2.550734	108	32	31	0.550
1.570796	1.756530	-2.105156	48	97	116	0.550
0.000000	1.128190	-2.288622	89	115	19	0.550
0.785398	0.929350	-2.910676	41	98	115	0.550
0.785398	1.909857	-0.381669	38	100	98	0.550
-2.356194	0.615174	-0.666022	93	33	22	0.550
1.570796	2.592629	0.909713	44	103	111	0.550
1.570796	1.545873	-1.877082	48	97	117	0.550
0.523599	2.356369	3.005869	37	89	112	0.550
2.617994	1.440580	2.260026	109	33	30	0.550
-2.094395	0.850607	-1.335383	44	103	127	0.550
-1.570796	2.588535	-2.976617	22	12	88	0.550
-0.785398	1.683268	0.374177	100	98	103	0.550
0.261799	1.554776	0.100351	40	94	105	0.550
1.570796	2.104282	-0.813972	38	104	97	0.550
-2.356194	1.948085	-2.363031	1	15	92	0.550
-0.261799	2.001437	0.381215	111	102	98	0.550
1.832596	2.396274	-1.959260	45	100	104	0.550
-2.879793	1.569311	-3.003978	108	35	27	0.549
2.094395	0.850607	-1.335383	16	7	87	0.549
-0.261799	1.599406	1.426070	37	89	119	0.549
0.523599	1.335669	0.897240	50	100	119	0.549
2.879793	1.488617	1.159546	38	103	100	0.549
2.356194	0.899350	-2.069907	48	109	1	0.549
0.261799	1.662363	0.915448	46	96	111	0.549
-1.308997	1.504028	0.636812	90	101	109	0.549
2.879793	0.762244	-0.273349	111	40	4	0.549
-1.308997	0.591903	2.010408	94	23	26	0.513
2.879793	0.685216	-1.712745	100	29	24	0.513
-3.141593	0.290380	-0.796960	102	116	24	0.513
-0.261799	1.194549	-0.801900	33	98	0	0.505
-0.523599	1.440580	2.260026	117	34	122	0.484
-1.832596	1.433411	-1.035986	88	28	8	0.484
-2.617994	0.960688	-0.577532	96	36	16	0.484
-2.094395	1.135834	-1.431087	94	35	17	0.484
-2.094395	2.063651	-2.044600	97	35	8	0.484
0.000000	1.721184	-0.153948	87	20	23	0.484
1.570796	2.407836	1.410646	42	100	110	0.484
-0.523599	1.569311	-3.003978	98	106	103	0.484
-1.832596	1.846342	-1.796954	92	32	9	0.484
-0.523599	2.104282	-0.813972	20	103	97	0.484
-2.094395	0.571433	-1.188419	47	104	122	0.484
0.261799	2.724429	-0.348782	39	98	108	0.484
2.094395	1.025536	1.576859	43	105	125	0.484
-0.261799	1.569311	-3.003978	101	105	103	0.484
-2.356194	0.866955	-0.931351	95	35	18	0.484
-0.523599	1.194549	-0.801900	33	95	126	0.484
-2.356194	1.134497	-1.109631	96	36	14	0.484
-2.356194	0.914445	2.687814	93	108	102	0.484
-2.617994	2.760637	2.781135	36	110	100	0.484
-2.879793	1.045978	0.343692	49	113	112	0.484
2.094395	0.906588	1.252948	39	105	100	0.483
-2.356194	1.545873	-1.877082	101	37	15	0.483
-0.785398	2.719179	-1.780644	36	102	103	0.483
-0.261799	0.640596	-2.797608	27	94	120	0.483
-2.356194	2.174483	2.653697	26	91	110	0.483
-0.261799	2.664082	-1.071402	37	99	106	0.483
-0.523599	2.251330	-2.330739	32	103	101	0.483
1.570796	2.299159	2.264663	36	100	104	0.483
2.617994	2.138223	1.678323	44	114	110	0.483
-3.141593	2.760637	2.781135	36	106	102	0.483
2.879793	1.310100	1.488307	34	108	98	0.483
-1.047198	1.448123	-2.163292	21	96	110	0.483
0.785398	0.419640	2.974122	37	96	125	0.483
-2.094395	2.881233	-2.582574	33	103	101	0.483
-0.785398	0.762244	-0.273349	102	37	2	0.483
0.785398	0.640596	-2.797608	42	99	120	0.483
0.785398	0.910508	1.903534	43	111	6	0.483
-2.617994	1.872854	1.543456	38	103	100	0.483
-2.617994	0.914445	2.687814	91	112	102	0.483
-2.356194	1.658653	-2.409879	100	37	19	0.483
-1.308997	0.914445	2.687814	0	122	35	0.483
2.094395	2.456751	-1.503343	19	29	106	0.483
-2.356194	1.168678	2.108595	106	35	3	0.483
1.308997	2.033014	2.977192	45	0	127	0.483
0.523599	1.184361	0.625864	51	99	119	0.455
1.308997	1.448123	-2.163292	49	103	116	0.455
-3.141593	1.504028	0.636812	5	35	113	0.455
2.356194	1.134497	-1.109631	44	106	122	0.455
0.000000	1.195355	1.200319	27	19	94	0.454
0.523599	0.591903	2.010408	4	16	43	0.454
0.523599	1.488617	1.159546	52	101	120	0.454
2.094395	2.041297	-2.664597	54	111	117	0.454
2.094395	1.214854	-1.966664	53	107	124	0.454
2.094395	0.290380	-0.796960	41	102	124	0.454
2.879793	2.456751	-1.503343	39	105	3	0.454
0.261799	1.488617	1.159546	49	96	120	0.454
2.879793	0.733948	3.021411	27	30	122	0.447
0.785398	0.733948	3.021411	124	94	5	0.418
-2.879793	0.831641	0.616218	91	30	23	0.418
2.094395	2.063651	-2.044600	102	27	32	0.418
0.261799	2.979456	-1.009304	40	108	104	0.418
0.785398	0.850607	-1.335383	93	26	28	0.418
1.570796	1.741644	-2.695914	101	34	21	0.418
-1.832596	0.899350	-2.069907	96	31	28	0.418
0.261799	1.658653	-2.409879	37	99	106	0.418
-1.832596	1.310100	1.488307	96	28	23	0.418
-2.617994	2.295480	1.008277	47	105	110	0.418
1.047198	2.073035	2.027405	33	95	108	0.418
0.785398	1.574060	2.783565	34	96	108	0.418
1.570796	1.599406	1.426070	43	100	120	0.418
-1.047198	0.591903	2.010408	91	20	25	0.418
-1.832596	0.700570	1.559208	99	109	26	0.418
0.785398	1.247695	1.809890	30	93	120	0.418
-0.261799	2.396274	-1.959260	36	103	102	0.418
-2.094395	1.391910	3.030322	93	26	31	0.417
-2.094395	1.128190	-2.288622	99	33	27	0.417
1.570796	2.760637	2.781135	102	111	99	0.417
1.570796	2.379497	0.561089	46	107	115	0.417
-0.785398	2.456751	-1.503343	31	97	105	0.417
1.308997	0.496451	0.593859	106	116	26	0.417
-1.832596	1.948085	-2.363031	96	115	100	0.417
-1.308997	1.736875	3.023612	94	117	102	0.417
1.047198	2.247462	0.191623	44	101	116	0.417
1.832596	1.948085	-2.363031	52	103	116	0.389
1.047198	2.881233	-2.582574	42	103	114	0.389
-2.356194	2.704512	1.488683	23	24	97	0.388
1.047198	2.356369	3.005869	48	96	114	0.388
0.785398	2.356369	3.005869	44	92	114	0.388
2.617994	0.866395	-2.492918	40	98	120	0.388
-3.141593	2.174483	2.653697	105	39	15	0.388
1.047198	1.977582	0.969896	41	14	98	0.388
0.261799	2.356369	3.005869	41	101	119	0.388
-1.570796	1.050534	3.042579	45	104	118	0.388
-2.356194	1.870545	-2.976234	8	36	123	0.388
-1.570796	2.592629	0.909713	117	113	93	0.388
0.523599	2.349581	-2.702517	39	99	121	0.388
-1.047198	1.168678	2.108595	45	106	112	0.388
-0.523599	1.756530	-2.105156	28	96	108	0.381
-1.570796	2.115563	0.685730	89	19	17	0.381
1.047198	1.440580	2.260026	37	95	114	0.352
-1.570796	1.168678	2.108595	93	26	18	0.352
2.356194	0.615174	-0.666022	41	20	3	0.352
2.356194	0.379747	-1.713059	105	29	27	0.352
1.047198	0.640596	-2.797608	44	103	121	0.352
-1.832596	1.025536	1.576859	99	28	24	0.352
2.879793	2.637879	2.121598	40	111	104	0.352
1.832596	1.569311	-3.003978	101	37	20	0.352
-1.308997	2.251330	-2.330739	102	110	99	0.352
1.570796	2.138223	1.678323	41	100	110	0.352
1.308997	1.218453	2.777284	42	100	113	0.352
-1.308997	2.588535	-2.976617	31	111	100	0.352
-1.308997	1.606104	-0.451151	98	108	17	0.352
0.523599	1.134796	2.434290	30	93	117	0.352
-0.523599	1.391910	3.030322	95	106	107	0.352
-2.356194	0.290380	-0.796960	99	32	15	0.352
0.523599	0.929350	-2.910676	37	95	116	0.352
1.047198	1.824694	1.850876	35	95	112	0.352
-0.785398	1.014500	0.906702	96	15	31	0.352
0.000000	1.448123	-2.163292	36	96	110	0.351
-2.094395	2.349581	-2.702517	102	116	98	0.351
0.000000	1.904882	-1.478089	39	98	110	0.351
-0.261799	1.948085	-2.363031	32	100	103	0.351
-0.523599	2.180315	-1.357379	33	96	108	0.351
1.308997	1.569311	-3.003978	41	105	106	0.351
-2.356194	2.247462	0.191623	93	27	16	0.351
2.356194	2.704512	1.488683	42	109	106	0.351
0.785398	2.073035	2.027405	29	95	108	0.351
0.000000	1.135834	-1.431087	40	97	122	0.351
0.785398	0.591903	2.010408	29	96	127	0.351
-0.523599	1.696674	-1.253233	32	93	116	0.351
2.094395	1.335669	0.897240	117	39	1	0.323
2.617994	0.899350	-2.069907	48	114	1	0.323
-1.832596	1.413430	2.550734	123	111	97	0.323
-2.094395	0.685216	-1.712745	101	37	12	0.323
1.570796	1.948085	-2.363031	28	16	91	0.323
-2.094395	0.899350	-2.069907	102	37	12	0.323
0.523599	0.685216	-1.712745	104	37	8	0.323
-2.617994	1.606104	-0.451151	3	27	92	0.322
-1.308997	2.073035	2.027405	34	9	91	0.322
2.617994	2.073035	2.027405	18	100	102	0.322
2.356194	2.180315	-1.357379	15	94	108	0.322
2.094395	1.606104	-0.451151	40	104	110	0.322
0.523599	1.872854	1.543456	50	100	117	0.322
0.000000	1.699788	2.452890	33	17	91	0.322
1.047198	2.299159	2.264663	52	105	114	0.322
1.308997	1.413347	-1.339188	45	94	111	0.322
1.308997	2.881233	-2.582574	39	96	102	0.322
1.570796	1.683268	0.374177	36	20	94	0.322
1.308997	2.180315	-1.357379	36	96	99	0.322
1.570796	1.506530	1.988858	25	114	96	0.322
-2.617994	1.599406	1.426070	22	13	83	0.322
-2.617994	1.113094	-0.272241	50	112	122	0.322
-0.261799	0.290380	-0.796960	101	38	0	0.322
1.047198	1.433411	-1.035986	42	93	108	0.322
2.094395	1.809167	1.213774	116	39	125	0.322
0.523599	0.914445	2.687814	31	93	119	0.286
-3.141593	0.640596	-2.797608	105	32	20	0.286
-1.832596	0.419640	2.974122	92	23	24	0.286
0.523599	2.587733	0.232235	37	97	110	0.286
-1.832596	2.251330	-2.330739	100	113	99	0.286
-2.879793	0.619654	-2.216909	96	28	21	0.286
-2.094395	0.733948	3.021411	93	27	19	0.286
-1.047198	1.741644	-2.695914	97	110	102	0.286
1.832596	1.699788	2.452890	43	105	109	0.286
0.523599	2.180315	-1.357379	43	106	108	0.286
2.879793	1.135834	-1.431087	98	30	19	0.286
1.047198	2.343981	-1.040456	44	112	110	0.286
0.000000	0.674054	1.013609	103	115	25	0.286
0.785398	2.587733	0.232235	40	99	111	0.286
-0.785398	1.741644	-2.695914	99	108	102	0.286
0.785398	2.104282	-0.813972	45	106	114	0.286
2.356194	2.760637	2.781135	31	104	101	0.285
1.308997	2.404280	-0.174044	45	110	112	0.285
0.000000	0.685216	-1.712745	39	98	125	0.285
-0.523599	1.128190	-2.288622	26	93	115	0.285
-0.523599	2.407836	1.410646	92	111	107	0.285
0.523599	0.419640	2.974122	32	96	124	0.285
0.000000	1.242974	-2.977882	28	94	111	0.285
1.047198	2.724429	-0.348782	43	109	107	0.285
-2.617994	1.450119	-2.739050	105	35	27	0.257
-1.047198	2.063651	-2.044600	33	98	5	0.257
-1.832596	1.128190	-2.288622	94	31	28	0.257
0.000000	1.135813	-2.658866	32	94	112	0.257
-2.617994	0.961715	0.014085	90	32	16	0.257
2.094395	2.343981	-1.040456	38	106	96	0.257
-2.094395	0.960688	-0.577532	87	29	15	0.257
-2.094395	1.569311	-3.003978	93	30	28	0.257
-3.141593	2.033014	2.977192	108	37	20	0.257
-1.308997	2.579248	-2.364801	27	92	126	0.257
-1.570796	2.579248	-2.364801	30	103	100	0.257
-1.570796	1.696674	-1.253233	88	26	5	0.257
-2.879793	1.504028	0.636812	89	31	10	0.256
0.000000	1.909857	-0.381669	29	98	97	0.256
-1.832596	1.450119	-2.739050	91	29	28	0.256
-3.141593	1.574060	2.783565	105	34	28	0.256
-1.832596	1.413347	-1.339188	89	31	11	0.256
-2.617994	1.998705	2.370472	24	23	95	0.256
-1.570796	0.290380	-0.796960	88	21	29	0.256
1.308997	1.554776	0.100351	48	111	105	0.256
1.832596	2.456751	-1.503343	40	100	100	0.256
-2.879793	1.824694	1.850876	91	32	19	0.256
-2.617994	0.203748	0.590255	90	20	31	0.256
2.356194	0.961715	0.014085	119	37	2	0.256
1.047198	1.658653	-2.409879	39	90	120	0.256
0.000000	2.592629	0.909713	47	112	1	0.256
-0.523599	1.450119	-2.739050	85	120	19	0.256
0.785398	0.700570	1.559208	44	113	6	0.256
-1.832596	1.242974	-2.977882	94	26	33	0.256
-2.356194	0.910508	1.903534	96	118	27	0.256
2.617994	2.349581	-2.702517	35	98	104	0.256
-2.094395	0.615174	-0.666022	89	29	23	0.256
-2.879793	2.637879	2.121598	92	31	4	0.256
2.879793	1.869911	2.701025	110	36	24	0.256
1.308997	0.458961	-0.107937	49	108	0	0.256
-0.261799	1.555207	1.708892	35	89	123	0.256
-2.617994	1.045978	0.343692	87	29	16	0.256
0.785398	0.961715	0.014085	48	98	117	0.256
-0.785398	1.168678	2.108595	3	112	31	0.256
2.356194	1.658653	-2.409879	51	114	121	0.256
-0.785398	2.073035	2.027405	33	98	111	0.256
-2.094395	1.904882	-1.478089	86	126	3	0.256
0.523599	2.164094	-2.991358	34	88	115	0.256
2.094395	0.960688	-0.577532	50	118	117	0.256
-2.879793	0.910508	1.903534	18	18	88	0.228
0.523599	2.115563	0.685730	39	6	91	0.228
0.000000	2.393226	1.857173	6	24	28	0.227
1.832596	0.640596	-2.797608	8	13	37	0.227
-1.570796	1.948085	-2.363031	6	31	27	0.227
0.000000	0.992645	-1.723759	0	24	41	0.227
-3.141593	2.251330	-2.330739	35	27	97	0.227
1.308997	2.407836	1.410646	40	20	95	0.227
2.879793	1.545873	-1.877082	40	25	105	0.227
2.094395	0.640596	-2.797608	8	17	37	0.227
-0.261799	0.419640	2.974122	33	20	98	0.227
-0.261799	0.297065	2.160177	33	10	93	0.227
1.308997	2.704512	1.488683	37	20	91	0.227
1.832596	1.135834	-1.431087	14	19	26	0.227
1.047198	1.683268	0.374177	42	10	94	0.227
2.356194	1.756530	-2.105156	36	21	97	0.227
2.617994	1.756530	-2.105156	43	19	103	0.227
0.523599	2.295480	1.008277	40	6	91	0.227
2.356194	2.588535	-2.976617	41	19	96	0.227
2.356194	0.640596	-2.797608	7	20	37	0.227
2.094395	0.418037	1.360082	126	16	42	0.227
0.261799	1.247695	1.809890	29	23	98	0.227
-1.570796	1.504028	0.636812	80	122	115	0.227
2.879793	2.579248	-2.364801	38	21	93	0.227
-2.094395	1.184361	0.625864	79	124	1	0.227
-1.570796	2.299159	2.264663	79	117	124	0.227
2.879793	2.349581	-2.702517	37	26	98	0.227
1.570796	0.640596	-2.797608	8	10	37	0.227
1.047198	1.569311	-3.003978	4	14	34	0.227
-2.356194	0.496451	0.593859	83	127	13	0.227
-1.570796	2.174483	2.653697	79	123	1	0.227
-1.308997	2.174483	2.653697	79	116	0	0.227
0.785398	2.247462	0.191623	41	99	115	0.220
0.261799	1.413430	2.550734	26	95	112	0.219
1.832596	0.496451	0.593859	4	122	30	0.219
-2.879793	2.299159	2.264663	24	93	108	0.191
-0.261799	1.134796	2.434290	45	98	105	0.191
-0.785398	2.115563	0.685730	100	34	10	0.191
-2.094395	0.496451	0.593859	125	15	39	0.191
-0.261799	2.247462	0.191623	110	108	95	0.191
-1.570796	2.164094	-2.991358	34	91	120	0.191
2.879793	1.025536	1.576859	97	31	28	0.191
2.879793	1.440580	2.260026	104	33	29	0.191
-0.523599	0.674054	1.013609	97	18	30	0.191
-1.832596	2.247462	0.191623	89	20	17	0.191
1.832596	1.448123	-2.163292	30	27	111	0.190
0.000000	1.545873	-1.877082	39	97	111	0.190
-0.785398	1.335669	0.897240	50	106	119	0.190
-0.261799	1.545873	-1.877082	35	95	111	0.190
-3.141593	1.872854	1.543456	33	99	101	0.190
-1.832596	0.733948	3.021411	100	99	107	0.190
-2.879793	1.440580	2.260026	95	30	28	0.190
-0.785398	1.448123	-2.163292	25	95	110	0.190
-0.785398	1.658653	-2.409879	101	105	103	0.190
-1.570796	1.135813	-2.658866	36	91	120	0.190
-0.523599	2.063651	-2.044600	32	99	104	0.190
-0.785398	2.881233	-2.582574	36	112	101	0.190
0.523599	2.637879	2.121598	103	35	13	0.190
1.832596	2.863997	0.549740	44	110	108	0.190
-0.523599	0.992645	-1.723759	32	93	121	0.190
-1.832596	1.335669	0.897240	97	25	28	0.190
1.570796	1.391910	3.030322	43	106	108	0.190
0.523599	0.080730	-2.622036	38	101	1	0.190
-3.141593	1.310100	1.488307	34	110	97	0.190
2.879793	1.194549	-0.801900	117	37	125	0.190
0.000000	1.025536	1.576859	41	97	2	0.190
-2.356194	1.214854	-1.966664	86	5	7	0.190
-0.785398	2.379497	0.561089	108	105	96	0.190
-1.570796	1.214854	-1.966664	39	99	2	0.190
-0.785398	1.214854	-1.966664	26	93	116	0.190
-2.094395	1.545873	-1.877082	86	0	3	0.190
0.785398	2.115563	0.685730	35	96	120	0.183
-1.832596	0.458961	-0.107937	12	19	91	0.161
2.094395	2.001437	0.381215	17	26	89	0.161
1.047198	1.134796	2.434290	6	11	42	0.161
2.094395	1.325504	-1.671296	49	6	124	0.161
-1.570796	0.458961	-0.107937	10	19	91	0.161
2.356194	0.370812	-2.547742	29	11	92	0.161
-0.785398	0.866955	-0.931351	10	27	98	0.161
2.879793	2.104282	-0.813972	28	19	85	0.161
-1.832596	0.619654	-2.216909	102	31	34	0.161
-0.261799	1.662363	0.915448	26	23	96	0.161
1.047198	0.458961	-0.107937	19	108	99	0.161
0.785398	2.001437	0.381215	38	112	97	0.161
2.356194	1.555207	1.708892	8	26	101	0.161
2.094395	0.458961	-0.107937	25	5	90	0.161
1.832596	0.458961	-0.107937	23	4	90	0.161
1.047198	2.001437	0.381215	38	116	97	0.161
-1.047198	2.001437	0.381215	5	126	89	0.161
-2.094395	1.683268	0.374177	93	23	24	0.153
0.000000	2.247462	0.191623	117	92	2	0.153
1.047198	1.014500	0.906702	104	36	13	0.125
-2.094395	1.741644	-2.695914	93	33	20	0.125
-2.094395	1.812176	0.656819	95	27	22	0.125
-2.617994	0.762244	-0.273349	93	33	20	0.125
-0.785398	2.396274	-1.959260	32	101	102	0.125
-1.570796	1.812176	0.656819	91	20	22	0.125
-0.261799	2.153910	-1.714959	36	99	105	0.125
2.094395	1.699788	2.452890	44	108	109	0.125
0.261799	0.080730	-2.622036	94	19	34	0.124
0.523599	1.574060	2.783565	31	95	108	0.124
0.000000	0.619654	-2.216909	36	95	123	0.124
2.617994	2.881233	-2.582574	99	113	99	0.124
1.308997	0.080730	-2.622036	99	37	18	0.124
0.261799	2.456751	-1.503343	40	106	104	0.124
-2.617994	1.869911	2.701025	94	33	22	0.124
-2.356194	2.108018	1.311430	44	106	105	0.124
-0.261799	1.413430	2.550734	94	106	109	0.124
-0.523599	1.870545	-2.976234	100	109	100	0.124
-1.047198	2.251330	-2.330739	28	103	101	0.124
1.308997	0.700570	1.559208	35	18	12	0.124
-2.879793	2.984978	1.954446	39	113	103	0.124
-0.785398	1.904882	-1.478089	28	94	110	0.124
1.308997	0.640596	-2.797608	45	106	121	0.124
1.570796	2.637879	2.121598	110	106	101	0.124
2.094395	1.195355	1.200319	42	107	126	0.124
-1.832596	0.850607	-1.335383	45	107	127	0.124
-1.047198	2.356369	3.005869	15	13	89	0.124
2.617994	2.407836	1.410646	43	115	109	0.124
-2.094395	2.407836	1.410646	47	107	109	0.124
0.261799	1.870545	-2.976234	31	100	103	0.124
2.879793	0.960688	-0.577532	116	37	1	0.124
-0.523599	1.812176	0.656819	94	30	8	0.124
0.000000	0.850607	-1.335383	40	99	126	0.124
-1.832596	0.914445	2.687814	107	6	44	0.124
-0.261799	0.914445	2.687814	112	127	44	0.124
0.785398	0.080730	-2.622036	38	105	3	0.116
1.832596	1.662363	0.915448	123	35	123	0.095
1.047198	1.413347	-1.339188	41	90	112	0.095
1.047198	1.168678	2.108595	17	17	87	0.095
-2.356194	1.824694	1.850876	20	27	103	0.095
2.617994	1.606104	-0.451151	29	25	91	0.095
0.785398	1.194549	-0.801900	41	90	112	0.095
-2.617994	1.824694	1.850876	24	27	103	0.095
-2.094395	0.370812	-2.547742	8	20	93	0.095
1.308997	1.904882	-1.478089	41	94	105	0.095
-1.047198	0.615174	-0.666022	17	106	95	0.095
2.356194	1.510910	-0.740472	37	21	96	0.095
2.879793	2.180315	-1.357379	34	18	90	0.095
0.261799	2.001437	0.381215	22	98	102	0.095
-3.141593	1.696674	-1.253233	30	27	94	0.095
2.094395	1.256302	0.062705	36	26	101	0.095
0.785398	0.290380	-0.796960	38	93	2	0.095
2.879793	1.606104	-0.451151	25	27	91	0.095
-1.570796	2.295480	1.008277	31	105	103	0.095
-0.523599	0.899350	-2.069907	85	118	11	0.095
1.832596	1.335669	0.897240	122	36	1	0.095
-1.047198	1.504028	0.636812	0	89	113	0.095
-0.785398	2.863997	0.549740	39	104	96	0.095
-3.141593	1.909857	-0.381669	124	10	92	0.095
-1.047198	0.290380	-0.796960	86	119	13	0.095
2.879793	2.664082	-1.071402	38	107	95	0.095
-2.356194	2.587733	0.232235	118	120	90	0.095
-2.879793	2.404280	-0.174044	120	127	89	0.095
-2.617994	2.863997	0.549740	116	118	91	0.095
-3.141593	2.404280	-0.174044	121	0	89	0.095
2.879793	2.724429	-0.348782	122	121	89	0.095
-0.523599	0.685216	-1.712745	85	118	11	0.095
2.356194	2.455966	-0.641220	127	124	89	0.095
-1.308997	1.569311	-3.003978	84	125	10	0.094
-2.879793	1.617114	-1.572037	115	39	121	0.094
1.570796	1.440580	2.260026	42	100	114	0.059
2.879793	1.510910	-0.740472	100	30	23	0.059
-2.879793	0.899350	-2.069907	94	28	18	0.059
0.261799	0.419640	2.974122	29	95	125	0.058
1.308997	1.824694	1.850876	38	96	113	0.058
-0.261799	0.906588	1.252948	100	113	23	0.058
0.785398	1.736875	3.023612	35	99	105	0.058
-0.261799	2.251330	-2.330739	32	103	101	0.058
2.879793	2.393226	1.857173	41	116	106	0.058
-0.785398	1.391910	3.030322	93	109	107	0.058
0.523599	1.736875	3.023612	32	98	105	0.058
1.047198	2.760637	2.781135	100	113	99	0.058
1.570796	1.699788	2.452890	42	102	109	0.058
0.523599	2.979456	-1.009304	40	110	104	0.058
-0.523599	1.256302	0.062705	107	109	24	0.058
-0.261799	2.724429	-0.348782	32	96	108	0.058
0.000000	0.929350	-2.910676	29	93	116	0.058
2.356194	1.599406	1.426070	45	112	120	0.058
0.261799	1.134796	2.434290	25	93	117	0.058
1.047198	1.812176	0.656819	38	100	125	0.050
2.617994	2.299159	2.264663	113	40	125	0.030
-3.141593	1.732874	-0.951685	114	35	115	0.030
-1.832596	1.301460	-0.509251	49	105	117	0.030
-1.570796	1.128190	-2.288622	90	29	26	0.030
2.617994	0.700570	1.559208	98	29	31	0.029
-3.141593	0.674054	1.013609	92	29	27	0.029
-1.570796	1.135834	-1.431087	85	27	17	0.029
0.000000	1.824694	1.850876	39	90	119	0.029
-1.308997	2.637879	2.121598	90	104	103	0.029
-2.356194	0.961715	0.014085	86	28	16	0.029
-2.617994	0.866955	-0.931351	103	40	3	0.029
-3.141593	2.063651	-2.044600	120	35	120	0.029
-1.308997	1.218453	2.777284	1	110	100	0.029
-2.094395	2.033014	2.977192	88	30	19	0.029
-2.356194	2.073035	2.027405	21	25	98	0.029
0.523599	0.618092	2.539118	44	110	103	0.029
0.261799	2.407836	1.410646	45	99	105	0.029
-2.356194	2.299159	2.264663	23	22	94	0.029
0.523599	0.961715	0.014085	44	93	117	0.029
-1.832596	1.214854	-1.966664	2	15	92	0.029
-3.141593	2.073035	2.027405	31	21	97	0.029
0.000000	1.488617	1.159546	42	91	118	0.029
-2.879793	1.413430	2.550734	15	11	90	0.029
0.000000	1.014500	0.906702	42	92	123	0.029
-1.308997	1.617114	-1.572037	84	23	10	0.029
-1.308997	1.658653	-2.409879	37	94	127	0.029
-3.141593	0.458961	-0.107937	101	35	26	0.029
-2.356194	1.450119	-2.739050	100	34	28	0.029
-2.094395	2.073035	2.027405	28	0	91	0.029
0.523599	1.113094	-0.272241	85	15	20	0.029
-2.879793	1.050534	3.042579	124	111	98	0.029
-2.617994	2.073035	2.027405	25	25	99	0.029
0.261799	1.218453	2.777284	44	115	104	0.029
0.785398	2.089241	-0.114193	115	113	94	0.029
1.832596	2.979456	-1.009304	24	100	97	0.029
-2.617994	1.135813	-2.658866	107	32	32	0.029
-3.141593	2.295480	1.008277	43	96	110	0.029
0.000000	0.914445	2.687814	44	107	103	0.029
2.356194	1.214854	-1.966664	51	112	123	0.029
0.000000	2.379497	0.561089	6	118	93	0.029
2.879793	0.914445	2.687814	7	4	36	0.029
1.570796	1.696674	-1.253233	46	99	106	0.029
1.570796	1.836682	-0.676006	43	106	99	0.029
2.356194	1.310100	1.488307	45	110	123	0.029
-2.879793	2.396274	-1.959260	118	33	115	0.029
-3.141593	0.914445	2.687814	5	4	36	0.029
1.570796	0.914445	2.687814	12	127	36	0.029
2.094395	0.914445	2.687814	11	2	36	0.029
2.356194	0.914445	2.687814	10	3	36	0.029
-2.879793	1.310100	1.488307	127	126	91	0.029
-0.523599	1.135813	-2.658866	49	107	119	0.029
1.570796	0.906588	1.252948	34	101	2	0.021
1.308997	0.615174	-0.666022	124	48	0	0.004
1.832596	0.615174	-0.666022	124	76	123	0.004
-2.094395	1.417623	-0.202254	123	54	125	0.004
0.523599	0.674054	1.013609	1	76	123	0.004
1.832596	0.674054	1.013609	126	77	126	0.004
0.000000	2.187132	-0.479875	123	54	125	0.004
-0.785398	1.812176	0.656819	1	48	125	0.004
-2.879793	0.864993	2.278281	3	54	124	0.004
2.356194	2.247462	0.191623	4	54	125	0.004
0.523599	2.579248	-2.364801	3	53	126	0.004
1.047198	2.863997	0.549740	122	77	124	0.004
-1.570796	2.760637	2.781135	118	54	123	0.004
-0.523599	1.113094	-0.272241	2	76	124	0.004
0.523599	2.089241	-0.114193	120	54	0	0.004
-0.261799	1.606104	-0.451151	1	54	122	0.004
1.832596	1.606104	-0.451151	122	77	127	0.004
1.308997	1.977582	0.969896	10	76	127	0.004
-2.617994	0.571433	-1.188419	0	78	124	0.004
-1.308997	0.992645	-1.723759	0	48	124	0.004
-2.356194	2.104282	-0.813972	123	54	0	0.004
2.617994	0.733948	3.021411	2	76	0	0.004
2.879793	1.391910	3.030322	9	54	124	0.004
-1.570796	0.685216	-1.712745	127	76	4	0.004
1.308997	0.685216	-1.712745	125	76	1	0.004
0.523599	2.881233	-2.582574	0	50	127	0.004
-2.879793	1.247695	1.809890	123	76	127	0.004
-0.261799	1.658653	-2.409879	127	48	123	0.004
1.570796	1.662363	0.915448	4	54	124	0.004
2.356194	2.174483	2.653697	124	48	122	0.003
0.261799	1.134497	-1.109631	0	48	0	0.003
2.356194	1.256302	0.062705	127	50	122	0.003
-1.308997	1.391910	3.030322	0	47	125	0.003
-2.356194	1.301460	-0.509251	120	50	119	0.003
-3.141593	1.450119	-2.739050	118	44	2	0.003
-1.570796	1.450119	-2.739050	123	54	126	0.003
-0.261799	1.450119	-2.739050	0	54	0	0.003
0.000000	1.450119	-2.739050	4	54	0	0.003
1.308997	1.450119	-2.739050	0	77	127	0.003
1.832596	1.450119	-2.739050	127	50	1	0.003
2.094395	1.450119	-2.739050	120	47	126	0.003
2.356194	1.450119	-2.739050	127	48	125	0.003
2.617994	1.450119	-2.739050	7	48	125	0.003
-2.617994	2.404280	-0.174044	121	50	123	0.003
-2.094395	2.404280	-0.174044	8	50	0	0.003
-1.832596	2.404280	-0.174044	3	47	3	0.003
-1.308997	2.404280	-0.174044	8	54	1	0.003
-0.523599	2.404280	-0.174044	5	54	0	0.003
-0.261799	2.404280	-0.174044	2	48	123	0.003
0.000000	2.404280	-0.174044	127	78	127	0.003
0.785398	2.404280	-0.174044	6	54	1	0.003
2.879793	2.404280	-0.174044	127	54	0	0.003
-3.141593	2.115563	0.685730	122	76	127	0.003
-2.617994	2.115563	0.685730	121	54	1	0.003
-2.356194	2.115563	0.685730	127	54	0	0.003
-2.094395	2.115563	0.685730	6	46	127	0.003
-1.308997	2.115563	0.685730	6	50	127	0.003
-0.261799	2.115563	0.685730	7	48	127	0.003
0.000000	2.115563	0.685730	7	76	0	0.003
1.047198	2.115563	0.685730	8	48	2	0.003
1.308997	2.115563	0.685730	125	46	2	0.003
2.879793	2.115563	0.685730	3	54	2	0.003
-3.141593	1.756530	-2.105156	2	76	0	0.003
-1.832596	1.756530	-2.105156	5	54	1	0.003
-1.308997	1.756530	-2.105156	7	50	127	0.003
-1.047198	1.756530	-2.105156	119	54	0	0.003
-0.785398	1.756530	-2.105156	2	76	127	0.003
0.261799	1.756530	-2.105156	6	76	0	0.003
1.047198	1.756530	-2.105156	125	43	127	0.003
1.308997	1.756530	-2.105156	123	77	0	0.003
1.832596	1.756530	-2.105156	8	54	125	0.003
2.879793	1.756530	-2.105156	5	54	125	0.003
-3.141593	1.869911	2.701025	1	50	127	0.003
-2.879793	1.869911	2.701025	5	53	124	0.003
-2.094395	1.869911	2.701025	125	50	127	0.003
-1.832596	1.869911	2.701025	124	76	125	0.003
-1.308997	1.869911	2.701025	4	79	125	0.003
-0.785398	1.869911	2.701025	120	77	127	0.003
-0.523599	1.869911	2.701025	126	48	125	0.003
2.356194	1.869911	2.701025	123	48	1	0.003
2.617994	1.869911	2.701025	125	54	2	0.003
-1.308997	0.458961	-0.107937	124	50	126	0.003
-1.047198	0.458961	-0.107937	127	54	2	0.003
-0.785398	0.458961	-0.107937	5	48	3	0.003
-0.523599	0.458961	-0.107937	119	54	125	0.003
0.000000	0.458961	-0.107937	122	47	124	0.003
0.523599	0.458961	-0.107937	127	47	125	0.003
-1.832596	1.599406	1.426070	2	76	1	0.003
-1.308997	1.599406	1.426070	126	54	125	0.003
0.261799	1.599406	1.426070	5	76	3	0.003
0.785398	1.599406	1.426070	2	78	127	0.003
-3.141593	1.554776	0.100351	1	54	121	0.003
-2.879793	1.554776	0.100351	124	48	125	0.003
-2.617994	1.554776	0.100351	5	76	127	0.003
-2.356194	1.554776	0.100351	5	54	126	0.003
-1.570796	1.554776	0.100351	122	78	123	0.003
-1.308997	1.554776	0.100351	1	51	124	0.003
0.785398	1.554776	0.100351	3	43	127	0.003
1.570796	1.554776	0.100351	0	54	1	0.003
2.356194	1.554776	0.100351	6	54	1	0.003
2.617994	1.554776	0.100351	3	54	1	0.003
-3.141593	0.618092	2.539118	5	44	0	0.003
-2.617994	0.618092	2.539118	123	54	127	0.003
-0.523599	0.618092	2.539118	7	54	2	0.003
0.785398	0.618092	2.539118	0	54	126	0.003
1.047198	0.618092	2.539118	126	54	125	0.003
1.570796	0.618092	2.539118	117	76	127	0.003
2.879793	0.618092	2.539118	123	54	1	0.003
-2.617994	1.846342	-1.796954	127	54	1	0.003
-1.047198	1.846342	-1.796954	118	76	123	0.003
-0.523599	1.846342	-1.796954	122	53	124	0.003
0.000000	1.846342	-1.796954	126	54	127	0.003
0.523599	1.846342	-1.796954	127	54	0	0.003
1.308997	1.846342	-1.796954	10	54	124	0.003
2.879793	1.846342	-1.796954	5	48	0	0.003
-3.141593	0.615174	-0.666022	10	54	125	0.003
-2.879793	0.615174	-0.666022	6	50	127	0.003
-2.617994	0.615174	-0.666022	125	50	127	0.003
-1.570796	0.615174	-0.666022	124	50	123	0.003
-0.523599	0.615174	-0.666022	127	76	127	0.003
-0.261799	0.615174	-0.666022	2	54	126	0.003
0.000000	0.615174	-0.666022	1	76	122	0.003
0.523599	0.615174	-0.666022	124	49	124	0.003
0.785398	0.615174	-0.666022	127	78	126	0.003
1.047198	0.615174	-0.666022	4	54	122	0.003
1.570796	0.615174	-0.666022	122	54	127	0.003
2.094395	0.615174	-0.666022	123	54	1	0.003
-3.141593	2.393226	1.857173	118	48	126	0.003
-2.879793	2.393226	1.857173	127	54	123	0.003
-2.617994	2.393226	1.857173	125	76	127	0.003
-2.094395	2.393226	1.857173	0	76	127	0.003
-1.832596	2.393226	1.857173	124	76	125	0.003
-1.570796	2.393226	1.857173	122	54	127	0.003
-1.308997	2.393226	1.857173	126	48	125	0.003
0.523599	2.393226	1.857173	3	50	1	0.003
1.308997	2.393226	1.857173	122	54	126	0.003
-1.832596	1.569311	-3.003978	126	54	126	0.003
0.261799	1.569311	-3.003978	123	54	0	0.003
1.570796	1.569311	-3.003978	4	54	0	0.003
2.094395	1.569311	-3.003978	7	48	122	0.003
2.356194	1.569311	-3.003978	125	48	5	0.003
2.617994	1.569311	-3.003978	126	76	1	0.003
2.879793	1.569311	-3.003978	121	76	127	0.003
-3.141593	0.419640	2.974122	126	54	122	0.003
-2.879793	0.419640	2.974122	120	76	125	0.003
-1.570796	0.419640	2.974122	6	50	126	0.003
-1.047198	0.419640	2.974122	124	52	1	0.003
0.000000	0.419640	2.974122	127	47	0	0.003
1.832596	0.419640	2.974122	7	54	127	0.003
2.094395	0.419640	2.974122	123	48	119	0.003
2.617994	0.419640	2.974122	124	76	0	0.003
-3.141593	1.134796	2.434290	3	48	0	0.003
-2.879793	1.134796	2.434290	2	50	125	0.003
-1.308997	1.134796	2.434290	127	51	127	0.003
-1.047198	1.134796	2.434290	2	48	123	0.003
-0.785398	1.134796	2.434290	7	76	127	0.003
-0.523599	1.134796	2.434290	3	54	126	0.003
0.000000	1.134796	2.434290	7	49	126	0.003
1.570796	1.134796	2.434290	126	77	0	0.003
1.832596	1.134796	2.434290	3	50	125	0.003
2.094395	1.134796	2.434290	125	54	126	0.003
-2.879793	1.574060	2.783565	126	76	2	0.003
-2.617994	1.574060	2.783565	6	47	122	0.003
-2.094395	1.574060	2.783565	5	76	1	0.003
-1.832596	1.574060	2.783565	0	54	126	0.003
-1.308997	1.574060	2.783565	123	54	2	0.003
-1.047198	1.574060	2.783565	10	54	125	0.003
-0.785398	1.574060	2.783565	123	76	120	0.003
-0.523599	1.574060	2.783565	6	52	126	0.003
1.308997	1.574060	2.783565	1	47	123	0.003
2.094395	1.574060	2.783565	125	54	125	0.003
2.356194	1.574060	2.783565	4	54	125	0.003
2.617994	1.574060	2.783565	127	50	123	0.003
-2.879793	2.587733	0.232235	126	54	124	0.003
-2.617994	2.587733	0.232235	5	54	1	0.003
-2.094395	2.587733	0.232235	6	49	0	0.003
-1.832596	2.587733	0.232235	3	76	0	0.003
-1.570796	2.587733	0.232235	125	76	1	0.003
-1.308997	2.587733	0.232235	8	76	127	0.003
-0.785398	2.587733	0.232235	115	50	2	0.003
-0.523599	2.587733	0.232235	2	54	127	0.003
-0.261799	2.587733	0.232235	126	88	122	0.003
0.261799	2.587733	0.232235	1	53	124	0.003
2.356194	2.587733	0.232235	5	54	127	0.003
2.617994	2.587733	0.232235	4	53	1	0.003
-2.617994	1.413430	2.550734	124	76	127	0.003
-2.356194	1.413430	2.550734	120	54	0	0.003
-1.570796	1.413430	2.550734	124	53	127	0.003
-1.047198	1.413430	2.550734	8	76	124	0.003
-0.785398	1.413430	2.550734	121	48	5	0.003
-0.523599	1.413430	2.550734	5	54	127	0.003
0.000000	1.413430	2.550734	6	54	125	0.003
1.308997	1.413430	2.550734	0	47	119	0.003
1.570796	1.413430	2.550734	0	54	126	0.003
2.094395	1.413430	2.550734	3	54	1	0.003
2.356194	1.413430	2.550734	5	54	2	0.003
-2.879793	1.417623	-0.202254	0	51	1	0.003
-2.356194	1.417623	-0.202254	9	54	1	0.003
-1.570796	1.417623	-0.202254	125	51	126	0.003
-1.308997	1.417623	-0.202254	126	76	0	0.003
-0.785398	1.417623	-0.202254	127	54	125	0.003
0.000000	1.417623	-0.202254	3	76	126	0.003
0.261799	1.417623	-0.202254	126	48	125	0.003
1.570796	1.417623	-0.202254	2	54	0	0.003
1.832596	1.417623	-0.202254	6	77	0	0.003
2.356194	1.417623	-0.202254	126	54	127	0.003
2.617994	1.417623	-0.202254	2	48	125	0.003
-3.141593	0.850607	-1.335383	124	54	125	0.003
-2.617994	0.850607	-1.335383	123	54	127	0.003
-2.356194	0.850607	-1.335383	2	48	126	0.003
-1.570796	0.850607	-1.335383	3	54	1	0.003
-1.308997	0.850607	-1.335383	1	48	0	0.003
-1.047198	0.850607	-1.335383	117	48	123	0.003
-0.785398	0.850607	-1.335383	5	54	127	0.003
0.261799	0.850607	-1.335383	127	47	118	0.003
1.570796	0.850607	-1.335383	9	54	0	0.003
1.832596	0.850607	-1.335383	122	83	1	0.003
2.356194	0.850607	-1.335383	0	43	2	0.003
-2.356194	0.370812	-2.547742	7	54	1	0.003
-1.308997	0.370812	-2.547742	9	50	123	0.003
-1.047198	0.370812	-2.547742	124	48	6	0.003
-0.523599	0.370812	-2.547742	7	54	122	0.003
-0.261799	0.370812	-2.547742	0	54	1	0.003
0.261799	0.370812	-2.547742	127	76	126	0.003
0.785398	0.370812	-2.547742	125	50	127	0.003
1.047198	0.370812	-2.547742	6	53	1	0.003
1.832596	0.370812	-2.547742	10	54	126	0.003
2.094395	0.370812	-2.547742	117	86	123	0.003
2.617994	0.370812	-2.547742	123	76	126	0.003
2.879793	0.370812	-2.547742	127	50	1	0.003
-2.094395	0.640596	-2.797608	0	54	126	0.003
-1.832596	0.640596	-2.797608	0	76	0	0.003
-1.047198	0.640596	-2.797608	120	77	125	0.003
-0.785398	0.640596	-2.797608	6	54	124	0.003
-0.523599	0.640596	-2.797608	10	76	125	0.003
0.000000	0.640596	-2.797608	3	54	0	0.003
2.879793	0.640596	-2.797608	126	77	2	0.003
-2.356194	0.831641	0.616218	122	76	126	0.003
-2.094395	0.831641	0.616218	5	54	126	0.003
-1.308997	0.831641	0.616218	120	54	126	0.003
0.261799	0.831641	0.616218	126	54	0	0.003
0.523599	0.831641	0.616218	2	48	125	0.003
0.785398	0.831641	0.616218	127	54	125	0.003
1.047198	0.831641	0.616218	124	51	1	0.003
1.308997	0.831641	0.616218	126	54	124	0.003
1.832596	0.831641	0.616218	3	52	126	0.003
2.356194	0.831641	0.616218	125	79	2	0.003
2.617994	0.831641	0.616218	6	48	123	0.003
-2.879793	2.343981	-1.040456	123	54	122	0.003
-2.617994	2.343981	-1.040456	8	76	124	0.003
-2.094395	2.343981	-1.040456	1	76	0	0.003
-1.832596	2.343981	-1.040456	115	48	123	0.003
-1.570796	2.343981	-1.040456	6	54	1	0.003
-1.047198	2.343981	-1.040456	127	54	126	0.003
2.617994	2.343981	-1.040456	123	54	123	0.003
-1.832596	1.998705	2.370472	125	54	127	0.003
-1.308997	1.998705	2.370472	4	76	1	0.003
-1.047198	1.998705	2.370472	6	54	1	0.003
0.000000	1.998705	2.370472	122	54	2	0.003
0.523599	1.998705	2.370472	4	76	123	0.003
2.356194	1.998705	2.370472	127	54	121	0.003
2.617994	1.998705	2.370472	126	76	2	0.003
2.879793	1.998705	2.370472	122	76	125	0.003
-3.141593	1.413347	-1.339188	116	54	126	0.003
-2.879793	1.413347	-1.339188	4	54	127	0.003
-2.617994	1.413347	-1.339188	2	53	127	0.003
-2.356194	1.413347	-1.339188	2	49	125	0.003
-2.094395	1.413347	-1.339188	4	54	126	0.003
-1.570796	1.413347	-1.339188	119	54	122	0.003
-1.308997	1.413347	-1.339188	126	44	1	0.003
-1.047198	1.413347	-1.339188	125	54	125	0.003
0.261799	1.413347	-1.339188	6	54	1	0.003
0.523599	1.413347	-1.339188	127	54	2	0.003
0.785398	1.413347	-1.339188	124	76	2	0.003
1.570796	1.413347	-1.339188	9	48	1	0.003
2.356194	1.413347	-1.339188	121	54	126	0.003
-2.356194	0.674054	1.013609	123	54	127	0.003
-2.094395	0.674054	1.013609	9	53	126	0.003
-1.832596	0.674054	1.013609	114	44	2	0.003
-1.570796	0.674054	1.013609	10	54	127	0.003
-0.785398	0.674054	1.013609	120	47	127	0.003
-0.261799	0.674054	1.013609	7	54	0	0.003
0.785398	0.674054	1.013609	121	54	125	0.003
1.047198	0.674054	1.013609	117	76	0	0.003
1.308997	0.674054	1.013609	119	54	127	0.003
2.094395	0.674054	1.013609	2	54	1	0.003
2.617994	0.674054	1.013609	0	78	127	0.003
-2.617994	0.906588	1.252948	11	48	124	0.003
-2.356194	0.906588	1.252948	126	76	126	0.003
-2.094395	0.906588	1.252948	122	76	1	0.003
-1.047198	0.906588	1.252948	124	52	124	0.003
-0.785398	0.906588	1.252948	125	50	122	0.003
0.523599	0.906588	1.252948	1	54	126	0.003
0.785398	0.906588	1.252948	8	54	126	0.003
1.308997	0.906588	1.252948	5	54	1	0.003
-0.523599	1.335669	0.897240	114	47	120	0.003
1.047198	1.335669	0.897240	119	54	127	0.003
2.356194	1.335669	0.897240	120	54	1	0.003
2.879793	1.335669	0.897240	126	54	123	0.003
-3.141593	1.870545	-2.976234	124	49	0	0.003
-2.617994	1.870545	-2.976234	6	54	1	0.003
-2.094395	1.870545	-2.976234	124	44	122	0.003
-0.785398	1.870545	-2.976234	0	54	127	0.003
-0.261799	1.870545	-2.976234	123	48	127	0.003
0.000000	1.870545	-2.976234	3	48	126	0.003
1.047198	1.870545	-2.976234	124	50	126	0.003
1.570796	1.870545	-2.976234	6	54	1	0.003
1.832596	1.870545	-2.976234	0	54	3	0.003
2.094395	1.870545	-2.976234	6	54	127	0.003
2.617994	1.870545	-2.976234	8	52	125	0.003
-3.141593	2.164094	-2.991358	125	49	126	0.003
-2.879793	2.164094	-2.991358	6	80	127	0.003
-2.617994	2.164094	-2.991358	121	54	127	0.003
-1.832596	2.164094	-2.991358	124	54	123	0.003
-1.308997	2.164094	-2.991358	124	54	126	0.003
-1.047198	2.164094	-2.991358	2	50	123	0.003
-0.785398	2.164094	-2.991358	0	54	3	0.003
-0.261799	2.164094	-2.991358	0	47	126	0.003
0.785398	2.164094	-2.991358	1	54	0	0.003
1.570796	2.164094	-2.991358	5	54	123	0.003
2.094395	2.164094	-2.991358	121	78	127	0.003
2.356194	2.164094	-2.991358	124	54	126	0.003
-3.141593	0.379747	-1.713059	1	54	2	0.003
-2.617994	0.379747	-1.713059	126	48	123	0.003
-2.094395	0.379747	-1.713059	9	54	125	0.003
-1.832596	0.379747	-1.713059	122	54	2	0.003
-1.570796	0.379747	-1.713059	0	44	4	0.003
-1.308997	0.379747	-1.713059	127	54	125	0.003
-1.047198	0.379747	-1.713059	122	53	2	0.003
0.523599	0.379747	-1.713059	7	54	0	0.003
0.785398	0.379747	-1.713059	1	54	1	0.003
1.047198	0.379747	-1.713059	5	76	0	0.003
1.308997	0.379747	-1.713059	2	76	3	0.003
1.570796	0.379747	-1.713059	1	48	127	0.003
1.832596	0.379747	-1.713059	122	48	122	0.003
2.094395	0.379747	-1.713059	0	54	126	0.003
2.879793	0.379747	-1.713059	127	54	124	0.003
-3.141593	2.187132	-0.479875	1	54	3	0.003
-2.879793	2.187132	-0.479875	126	54	124	0.003
-2.617994	2.187132	-0.479875	123	76	3	0.003
-2.356194	2.187132	-0.479875	122	54	123	0.003
-2.094395	2.187132	-0.479875	122	54	0	0.003
-1.832596	2.187132	-0.479875	0	54	0	0.003
-1.570796	2.187132	-0.479875	7	76	2	0.003
-1.308997	2.187132	-0.479875	122	54	125	0.003
-1.047198	2.187132	-0.479875	125	76	127	0.003
-0.523599	2.187132	-0.479875	125	54	1	0.003
1.570796	2.187132	-0.479875	4	54	126	0.003
2.617994	2.187132	-0.479875	1	45	125	0.003
2.879793	2.187132	-0.479875	4	47	0	0.003
-2.879793	0.866955	-0.931351	126	76	2	0.003
-1.308997	0.866955	-0.931351	0	76	124	0.003
-1.047198	0.866955	-0.931351	119	76	125	0.003
-0.523599	0.866955	-0.931351	127	54	127	0.003
1.047198	0.866955	-0.931351	6	76	126	0.003
1.832596	0.866955	-0.931351	5	48	126	0.003
2.617994	0.866955	-0.931351	1	54	2	0.003
-2.094395	2.299159	2.264663	124	76	2	0.003
-1.047198	2.299159	2.264663	1	76	4	0.003
-0.785398	2.299159	2.264663	2	50	0	0.003
-0.523599	2.299159	2.264663	127	54	2	0.003
-0.261799	2.299159	2.264663	122	50	124	0.003
0.785398	2.299159	2.264663	125	54	125	0.003
1.308997	2.299159	2.264663	121	54	127	0.003
-2.356194	1.812176	0.656819	125	76	125	0.003
-1.047198	1.812176	0.656819	1	76	126	0.003
0.523599	1.812176	0.656819	117	76	125	0.003
1.308997	1.812176	0.656819	2	46	126	0.003
1.570796	1.812176	0.656819	3	54	0	0.003
2.094395	1.812176	0.656819	123	79	126	0.003
2.617994	1.812176	0.656819	1	54	0	0.003
2.879793	1.812176	0.656819	7	49	124	0.003
-1.570796	2.719179	-1.780644	10	47	125	0.003
1.570796	2.719179	-1.780644	123	79	0	0.003
1.832596	2.719179	-1.780644	125	76	124	0.003
2.094395	2.719179	-1.780644	0	76	3	0.003
2.617994	2.719179	-1.780644	122	44	126	0.003
-2.617994	2.396274	-1.959260	125	76	1	0.003
-1.832596	2.396274	-1.959260	9	54	126	0.003
-1.570796	2.396274	-1.959260	122	54	127	0.003
-1.047198	2.396274	-1.959260	7	54	127	0.003
-0.523599	2.396274	-1.959260	122	54	0	0.003
0.261799	2.396274	-1.959260	118	48	127	0.003
0.523599	2.396274	-1.959260	120	52	127	0.003
1.570796	2.396274	-1.959260	124	54	124	0.003
2.094395	2.396274	-1.959260	1	50	0	0.003
2.356194	2.396274	-1.959260	3	53	0	0.003
-2.617994	0.866395	-2.492918	10	48	2	0.003
-2.356194	0.866395	-2.492918	0	76	0	0.003
-2.094395	0.866395	-2.492918	1	54	122	0.003
-1.832596	0.866395	-2.492918	1	54	127	0.003
-1.570796	0.866395	-2.492918	1	54	0	0.003
-1.047198	0.866395	-2.492918	6	53	123	0.003
-0.785398	0.866395	-2.492918	127	51	121	0.003
0.000000	0.866395	-2.492918	125	76	127	0.003
0.261799	0.866395	-2.492918	121	48	0	0.003
2.094395	0.866395	-2.492918	3	76	125	0.003
2.356194	0.866395	-2.492918	1	49	125	0.003
2.879793	0.866395	-2.492918	120	50	2	0.003
-3.141593	1.617114	-1.572037	7	76	123	0.003
-2.617994	1.617114	-1.572037	125	54	1	0.003
-2.356194	1.617114	-1.572037	127	54	2	0.003
-2.094395	1.617114	-1.572037	3	50	127	0.003
-1.570796	1.617114	-1.572037	0	48	125	0.003
-1.047198	1.617114	-1.572037	127	54	0	0.003
0.785398	1.617114	-1.572037	124	54	2	0.003
1.570796	1.617114	-1.572037	0	76	127	0.003
1.832596	1.617114	-1.572037	126	47	2	0.003
-1.047198	0.864993	2.278281	122	76	2	0.003
-0.785398	0.864993	2.278281	6	54	0	0.003
-0.261799	0.864993	2.278281	10	54	126	0.003
0.261799	0.864993	2.278281	1	44	1	0.003
1.047198	0.864993	2.278281	122	76	126	0.003
1.308997	0.864993	2.278281	124	47	5	0.003
2.094395	0.864993	2.278281	4	54	126	0.003
2.356194	0.864993	2.278281	5	54	127	0.003
2.879793	0.864993	2.278281	3	50	126	0.003
-2.617994	1.014500	0.906702	121	48	1	0.003
-2.356194	1.014500	0.906702	126	76	1	0.003
-1.308997	1.014500	0.906702	4	76	124	0.003
0.261799	1.014500	0.906702	7	54	0	0.003
1.570796	1.014500	0.906702	3	54	0	0.003
1.832596	1.014500	0.906702	121	54	0	0.003
2.094395	1.014500	0.906702	122	78	0	0.003
2.356194	1.014500	0.906702	4	76	125	0.003
2.617994	1.014500	0.906702	4	76	127	0.003
-3.141593	2.247462	0.191623	8	54	1	0.003
-2.094395	2.247462	0.191623	123	48	0	0.003
-1.570796	2.247462	0.191623	4	52	126	0.003
-0.523599	2.247462	0.191623	3	50	125	0.003
2.879793	2.247462	0.191623	126	76	122	0.003
-3.141593	2.724429	-0.348782	3	49	125	0.003
-2.879793	2.724429	-0.348782	5	54	2	0.003
-2.617994	2.724429	-0.348782	125	54	123	0.003
-2.356194	2.724429	-0.348782	1	54	3	0.003
-1.832596	2.724429	-0.348782	124	54	127	0.003
-1.570796	2.724429	-0.348782	2	48	126	0.003
-1.047198	2.724429	-0.348782	125	48	126	0.003
-0.785398	2.724429	-0.348782	2	54	126	0.003
-0.523599	2.724429	-0.348782	127	54	124	0.003
1.570796	2.724429	-0.348782	124	50	126	0.003
1.832596	2.724429	-0.348782	116	47	0	0.003
2.356194	2.724429	-0.348782	120	76	122	0.003
-2.617994	1.194549	-0.801900	6	54	0	0.003
-2.356194	1.194549	-0.801900	2	77	127	0.003
-2.094395	1.194549	-0.801900	123	54	126	0.003
-1.570796	1.194549	-0.801900	4	54	0	0.003
-1.308997	1.194549	-0.801900	6	54	0	0.003
-0.785398	1.194549	-0.801900	0	49	126	0.003
0.523599	1.194549	-0.801900	125	54	125	0.003
1.047198	1.194549	-0.801900	9	50	126	0.003
1.308997	1.194549	-0.801900	10	76	0	0.003
1.570796	1.194549	-0.801900	126	50	1	0.003
-2.356194	1.504028	0.636812	8	54	127	0.003
-2.094395	1.504028	0.636812	124	54	1	0.003
-0.523599	1.504028	0.636812	126	54	125	0.003
-0.261799	1.504028	0.636812	1	50	2	0.003
0.000000	1.504028	0.636812	6	51	122	0.003
1.047198	1.504028	0.636812	5	76	124	0.003
1.308997	1.504028	0.636812	6	50	125	0.003
2.617994	1.504028	0.636812	124	54	126	0.003
2.879793	1.504028	0.636812	4	76	1	0.003
-2.879793	1.741644	-2.695914	1	47	124	0.003
-0.523599	1.741644	-2.695914	123	77	127	0.003
0.523599	1.741644	-2.695914	127	76	0	0.003
0.785398	1.741644	-2.695914	127	54	126	0.003
1.047198	1.741644	-2.695914	5	76	124	0.003
1.832596	1.741644	-2.695914	8	76	124	0.003
2.094395	1.741644	-2.695914	7	47	127	0.003
2.356194	1.741644	-2.695914	124	44	0	0.003
2.617994	1.741644	-2.695914	2	54	127	0.003
-2.879793	2.174483	2.653697	119	47	0	0.003
-2.617994	2.174483	2.653697	6	48	122	0.003
-2.094395	2.174483	2.653697	7	54	125	0.003
-1.047198	2.174483	2.653697	9	43	127	0.003
0.000000	2.174483	2.653697	0	54	0	0.003
0.261799	2.174483	2.653697	1	48	126	0.003
0.523599	2.174483	2.653697	125	76	4	0.003
1.047198	2.174483	2.653697	0	54	0	0.003
1.308997	2.174483	2.653697	126	48	125	0.003
2.094395	2.174483	2.653697	124	54	0	0.003
2.617994	2.174483	2.653697	127	47	125	0.003
2.879793	2.174483	2.653697	1	47	7	0.003
-3.141593	2.664082	-1.071402	122	54	125	0.003
-2.356194	2.664082	-1.071402	7	48	127	0.003
-2.094395	2.664082	-1.071402	2	48	4	0.003
-0.523599	2.664082	-1.071402	124	76	1	0.003
1.832596	2.664082	-1.071402	1	54	1	0.003
2.356194	2.664082	-1.071402	126	54	126	0.003
-2.617994	2.579248	-2.364801	114	44	2	0.003
-2.356194	2.579248	-2.364801	123	76	125	0.003
-2.094395	2.579248	-2.364801	127	76	127	0.003
-1.832596	2.579248	-2.364801	5	48	124	0.003
-1.047198	2.579248	-2.364801	127	76	0	0.003
-0.523599	2.579248	-2.364801	2	54	126	0.003
-0.261799	2.579248	-2.364801	3	76	0	0.003
0.000000	2.579248	-2.364801	121	54	1	0.003
0.261799	2.579248	-2.364801	4	48	126	0.003
1.047198	2.579248	-2.364801	3	48	126	0.003
1.832596	2.579248	-2.364801	5	44	124	0.003
2.617994	2.579248	-2.364801	7	54	2	0.003
-2.356194	0.899350	-2.069907	6	54	0	0.003
-1.570796	0.899350	-2.069907	126	54	126	0.003
-1.308997	0.899350	-2.069907	2	44	122	0.003
-0.785398	0.899350	-2.069907	10	54	127	0.003
-0.261799	0.899350	-2.069907	126	50	123	0.003
0.261799	0.899350	-2.069907	124	54	127	0.003
0.785398	0.899350	-2.069907	3	54	0	0.003
1.570796	0.899350	-2.069907	0	50	1	0.003
1.832596	0.899350	-2.069907	8	76	125	0.003
2.094395	0.899350	-2.069907	122	43	127	0.003
-1.308997	2.984978	1.954446	127	54	3	0.003
2.879793	2.984978	1.954446	126	48	125	0.003
-2.879793	1.766067	2.153843	6	47	3	0.003
-2.356194	1.766067	2.153843	5	53	126	0.003
-1.832596	1.766067	2.153843	119	50	125	0.003
-1.570796	1.766067	2.153843	2	82	125	0.003
-1.047198	1.766067	2.153843	2	48	124	0.003
-0.523599	1.766067	2.153843	127	48	124	0.003
-0.261799	1.766067	2.153843	120	77	1	0.003
0.000000	1.766067	2.153843	126	54	1	0.003
0.523599	1.766067	2.153843	118	48	4	0.003
0.785398	1.766067	2.153843	116	44	5	0.003
1.570796	1.766067	2.153843	124	76	121	0.003
2.356194	1.766067	2.153843	7	76	0	0.003
2.617994	1.766067	2.153843	5	76	124	0.003
-2.617994	1.809167	1.213774	3	76	1	0.003
-2.356194	1.809167	1.213774	124	43	125	0.003
-2.094395	1.809167	1.213774	119	47	121	0.003
-0.785398	1.809167	1.213774	124	54	127	0.003
-0.523599	1.809167	1.213774	6	54	123	0.003
-0.261799	1.809167	1.213774	4	48	127	0.003
0.785398	1.809167	1.213774	125	54	2	0.003
1.308997	1.809167	1.213774	5	54	127	0.003
1.832596	1.809167	1.213774	122	51	0	0.003
2.356194	1.809167	1.213774	7	54	127	0.003
2.617994	1.809167	1.213774	122	51	0	0.003
2.879793	1.809167	1.213774	8	76	127	0.003
-2.879793	1.135834	-1.431087	2	50	123	0.003
-1.308997	1.135834	-1.431087	5	54	124	0.003
-1.047198	1.135834	-1.431087	122	50	125	0.003
-0.785398	1.135834	-1.431087	8	77	125	0.003
-0.523599	1.135834	-1.431087	122	44	122	0.003
0.261799	1.135834	-1.431087	4	54	0	0.003
0.785398	1.135834	-1.431087	0	76	125	0.003
1.047198	1.135834	-1.431087	126	77	0	0.003
2.094395	1.135834	-1.431087	122	54	1	0.003
2.356194	1.135834	-1.431087	123	76	127	0.003
2.617994	1.135834	-1.431087	119	76	125	0.003
-2.356194	1.909857	-0.381669	0	54	3	0.003
-2.094395	1.909857	-0.381669	0	54	127	0.003
-1.570796	1.909857	-0.381669	127	76	1	0.003
-1.308997	1.909857	-0.381669	125	54	125	0.003
-1.047198	1.909857	-0.381669	8	47	121	0.003
-0.523599	1.909857	-0.381669	127	54	126	0.003
0.261799	1.909857	-0.381669	125	76	1	0.003
1.308997	1.909857	-0.381669	4	54	125	0.003
1.832596	1.909857	-0.381669	11	44	124	0.003
2.356194	1.909857	-0.381669	13	48	124	0.003
2.879793	1.909857	-0.381669	7	50	127	0.003
-2.356194	1.195355	1.200319	1	77	122	0.003
-0.523599	1.195355	1.200319	5	54	1	0.003
0.261799	1.195355	1.200319	125	50	1	0.003
1.308997	1.195355	1.200319	0	54	1	0.003
-2.617994	1.310100	1.488307	123	54	1	0.003
-0.785398	1.310100	1.488307	7	54	125	0.003
-0.523599	1.310100	1.488307	127	54	0	0.003
0.785398	1.310100	1.488307	125	50	1	0.003
1.047198	1.310100	1.488307	10	54	126	0.003
1.308997	1.310100	1.488307	121	54	2	0.003
1.570796	1.310100	1.488307	123	77	125	0.003
-3.141593	2.153910	-1.714959	8	50	125	0.003
-2.879793	2.153910	-1.714959	6	76	122	0.003
-2.094395	2.153910	-1.714959	123	47	126	0.003
-1.832596	2.153910	-1.714959	6	54	2	0.003
-1.570796	2.153910	-1.714959	8	54	125	0.003
-1.047198	2.153910	-1.714959	127	54	0	0.003
-0.523599	2.153910	-1.714959	1	54	125	0.003
1.047198	2.153910	-1.714959	127	54	3	0.003
1.308997	2.153910	-1.714959	2	76	2	0.003
1.832596	2.153910	-1.714959	0	50	2	0.003
2.094395	2.153910	-1.714959	0	76	125	0.003
2.879793	2.153910	-1.714959	7	54	122	0.003
-3.141593	1.134497	-1.109631	4	50	124	0.003
-2.617994	1.134497	-1.109631	5	48	1	0.003
-2.094395	1.134497	-1.109631	119	77	125	0.003
-1.832596	1.134497	-1.109631	0	54	1	0.003
-1.308997	1.134497	-1.109631	0	78	127	0.003
-1.047198	1.134497	-1.109631	6	54	126	0.003
-0.785398	1.134497	-1.109631	126	54	124	0.003
0.523599	1.134497	-1.109631	4	48	126	0.003
0.785398	1.134497	-1.109631	4	54	123	0.003
1.047198	1.134497	-1.109631	3	54	126	0.003
1.570796	1.134497	-1.109631	8	54	127	0.003
2.617994	1.134497	-1.109631	6	54	0	0.003
-1.308997	0.961715	0.014085	127	52	125	0.003
-0.785398	0.961715	0.014085	125	54	0	0.003
-0.523599	0.961715	0.014085	8	54	124	0.003
0.000000	0.961715	0.014085	7	49	1	0.003
0.261799	0.961715	0.014085	124	76	123	0.003
1.047198	0.961715	0.014085	124	51	0	0.003
1.570796	0.961715	0.014085	118	54	0	0.003
2.617994	0.961715	0.014085	0	54	0	0.003
2.879793	0.961715	0.014085	125	76	124	0.003
-3.141593	1.367556	0.358405	7	54	127	0.003
-2.879793	1.367556	0.358405	8	54	122	0.003
-2.617994	1.367556	0.358405	121	54	124	0.003
-2.356194	1.367556	0.358405	4	76	2	0.003
-2.094395	1.367556	0.358405	1	54	123	0.003
-0.523599	1.367556	0.358405	2	76	127	0.003
0.785398	1.367556	0.358405	126	54	125	0.003
1.832596	1.367556	0.358405	126	51	1	0.003
2.094395	1.367556	0.358405	2	76	125	0.003
2.617994	1.367556	0.358405	124	54	126	0.003
2.879793	1.367556	0.358405	0	78	124	0.003
-2.617994	1.440580	2.260026	2	80	127	0.003
-1.832596	1.440580	2.260026	125	54	0	0.003
-0.261799	1.440580	2.260026	4	54	1	0.003
0.785398	1.440580	2.260026	123	76	126	0.003
1.308997	1.440580	2.260026	4	76	0	0.003
2.356194	1.440580	2.260026	121	50	126	0.003
-2.879793	2.863997	0.549740	0	77	124	0.003
-2.356194	2.863997	0.549740	1	76	0	0.003
-1.832596	2.863997	0.549740	6	76	1	0.003
-1.308997	2.863997	0.549740	4	76	124	0.003
-1.047198	2.863997	0.549740	126	54	125	0.003
-0.523599	2.863997	0.549740	3	54	123	0.003
-0.261799	2.863997	0.549740	4	54	122	0.003
0.000000	2.863997	0.549740	127	49	127	0.003
0.261799	2.863997	0.549740	5	44	2	0.003
0.523599	2.863997	0.549740	6	54	0	0.003
0.785398	2.863997	0.549740	117	48	2	0.003
2.356194	2.863997	0.549740	3	54	124	0.003
-3.141593	2.041297	-2.664597	125	48	126	0.003
-2.879793	2.041297	-2.664597	124	54	127	0.003
-2.356194	2.041297	-2.664597	1	54	1	0.003
-2.094395	2.041297	-2.664597	6	54	124	0.003
-1.832596	2.041297	-2.664597	124	45	123	0.003
-1.047198	2.041297	-2.664597	119	76	124	0.003
-0.785398	2.041297	-2.664597	9	47	0	0.003
-0.523599	2.041297	-2.664597	2	76	1	0.003
-0.261799	2.041297	-2.664597	122	76	125	0.003
0.000000	2.041297	-2.664597	121	76	122	0.003
0.261799	2.041297	-2.664597	2	76	0	0.003
0.523599	2.041297	-2.664597	124	48	2	0.003
1.308997	2.041297	-2.664597	0	48	0	0.003
1.570796	2.041297	-2.664597	3	54	0	0.003
2.879793	2.041297	-2.664597	6	54	127	0.003
-2.356194	1.045978	0.343692	5	79	126	0.003
-2.094395	1.045978	0.343692	127	76	125	0.003
-1.832596	1.045978	0.343692	127	54	2	0.003
-1.570796	1.045978	0.343692	4	54	125	0.003
-1.308997	1.045978	0.343692	120	54	127	0.003
-0.785398	1.045978	0.343692	122	47	2	0.003
0.000000	1.045978	0.343692	11	54	0	0.003
0.261799	1.045978	0.343692	120	76	0	0.003
1.047198	1.045978	0.343692	4	54	122	0.003
1.308997	1.045978	0.343692	0	54	126	0.003
1.570796	1.045978	0.343692	126	50	126	0.003
2.356194	1.045978	0.343692	127	52	0	0.003
2.617994	1.045978	0.343692	5	80	127	0.003
-2.879793	0.290380	-0.796960	122	51	127	0.003
-2.094395	0.290380	-0.796960	126	52	127	0.003
-1.308997	0.290380	-0.796960	3	49	125	0.003
-0.785398	0.290380	-0.796960	123	54	3	0.003
-0.523599	0.290380	-0.796960	120	54	124	0.003
1.047198	0.290380	-0.796960	127	54	127	0.003
1.308997	0.290380	-0.796960	5	54	1	0.003
1.570796	0.290380	-0.796960	125	78	127	0.003
1.832596	0.290380	-0.796960	126	48	125	0.003
-3.141593	1.545873	-1.877082	1	54	125	0.003
-2.617994	1.545873	-1.877082	5	50	0	0.003
0.523599	1.545873	-1.877082	2	76	123	0.003
0.785398	1.545873	-1.877082	126	54	126	0.003
1.047198	1.545873	-1.877082	0	76	125	0.003
1.308997	1.545873	-1.877082	5	54	0	0.003
2.094395	1.545873	-1.877082	123	50	127	0.003
2.356194	1.545873	-1.877082	125	47	127	0.003
2.617994	1.545873	-1.877082	123	49	1	0.003
-3.141593	2.356369	3.005869	8	54	126	0.003
-2.879793	2.356369	3.005869	1	54	0	0.003
-2.094395	2.356369	3.005869	127	44	127	0.003
-1.832596	2.356369	3.005869	119	54	125	0.003
-1.308997	2.356369	3.005869	7	54	127	0.003
-0.523599	2.356369	3.005869	120	51	126	0.003
-0.261799	2.356369	3.005869	6	53	127	0.003
1.832596	2.356369	3.005869	3	82	122	0.003
2.094395	2.356369	3.005869	4	54	2	0.003
2.356194	2.356369	3.005869	123	52	127	0.003
2.617994	2.356369	3.005869	2	48	122	0.003
2.879793	2.356369	3.005869	4	54	123	0.003
-2.879793	1.836682	-0.676006	123	54	122	0.003
-2.094395	1.836682	-0.676006	2	50	127	0.003
-1.832596	1.836682	-0.676006	125	79	126	0.003
-1.570796	1.836682	-0.676006	8	48	121	0.003
-1.308997	1.836682	-0.676006	4	49	0	0.003
-1.047198	1.836682	-0.676006	3	54	126	0.003
-0.523599	1.836682	-0.676006	3	51	124	0.003
-0.261799	1.836682	-0.676006	8	50	125	0.003
1.047198	1.836682	-0.676006	124	52	125	0.003
1.308997	1.836682	-0.676006	2	54	125	0.003
1.832596	1.836682	-0.676006	122	54	1	0.003
2.094395	1.836682	-0.676006	2	76	127	0.003
2.356194	1.836682	-0.676006	115	50	123	0.003
2.879793	1.836682	-0.676006	3	76	123	0.003
-3.141593	1.948085	-2.363031	122	54	127	0.003
-2.879793	1.948085	-2.363031	4	48	122	0.003
-2.617994	1.948085	-2.363031	3	76	125	0.003
-2.094395	1.948085	-2.363031	126	77	127	0.003
-1.308997	1.948085	-2.363031	0	54	2	0.003
0.523599	1.948085	-2.363031	125	54	124	0.003
1.308997	1.948085	-2.363031	8	44	123	0.003
2.356194	1.948085	-2.363031	9	54	125	0.003
2.879793	1.948085	-2.363031	3	54	127	0.003
-1.570796	1.736875	3.023612	121	54	0	0.003
1.832596	1.736875	3.023612	6	51	126	0.003
2.094395	1.736875	3.023612	6	53	126	0.003
2.617994	1.736875	3.023612	125	54	124	0.003
2.879793	1.736875	3.023612	4	49	127	0.003
-3.141593	0.591903	2.010408	123	76	124	0.003
-2.356194	0.591903	2.010408	124	76	124	0.003
-0.785398	0.591903	2.010408	4	76	124	0.003
-0.523599	0.591903	2.010408	4	53	127	0.003
0.000000	0.591903	2.010408	7	54	0	0.003
0.261799	0.591903	2.010408	0	51	125	0.003
1.308997	0.591903	2.010408	123	76	126	0.003
1.570796	0.591903	2.010408	122	44	122	0.003
1.832596	0.591903	2.010408	4	54	124	0.003
-1.047198	2.760637	2.781135	125	76	1	0.003
-0.261799	2.760637	2.781135	122	54	0	0.003
0.000000	2.760637	2.781135	126	54	0	0.003
0.261799	2.760637	2.781135	121	54	125	0.003
0.785398	2.760637	2.781135	5	50	1	0.003
1.308997	2.760637	2.781135	121	54	122	0.003
2.094395	2.760637	2.781135	7	54	0	0.003
-2.356194	1.256302	0.062705	4	76	127	0.003
-1.832596	1.256302	0.062705	122	52	0	0.003
-0.785398	1.256302	0.062705	3	76	122	0.003
0.261799	1.256302	0.062705	122	44	2	0.003
1.047198	1.256302	0.062705	120	76	124	0.003
1.308997	1.256302	0.062705	8	54	124	0.003
1.570796	1.256302	0.062705	2	54	127	0.003
1.832596	1.256302	0.062705	120	48	124	0.003
2.879793	1.256302	0.062705	6	54	124	0.003
-3.141593	2.592629	0.909713	7	47	5	0.003
-2.617994	2.592629	0.909713	123	76	123	0.003
-2.356194	2.592629	0.909713	126	52	127	0.003
-1.832596	2.592629	0.909713	4	76	1	0.003
-1.308997	2.592629	0.909713	1	48	125	0.003
-0.523599	2.592629	0.909713	1	54	126	0.003
-0.261799	2.592629	0.909713	123	47	125	0.003
0.261799	2.592629	0.909713	3	54	126	0.003
0.523599	2.592629	0.909713	8	50	126	0.003
0.785398	2.592629	0.909713	126	54	3	0.003
2.094395	2.592629	0.909713	119	54	127	0.003
2.356194	2.592629	0.909713	125	54	0	0.003
2.617994	2.592629	0.909713	4	54	1	0.003
2.879793	2.592629	0.909713	122	48	3	0.003
-2.879793	1.113094	-0.272241	0	54	2	0.003
-1.832596	1.113094	-0.272241	5	54	122	0.003
0.000000	1.113094	-0.272241	126	50	127	0.003
0.785398	1.113094	-0.272241	4	54	123	0.003
1.047198	1.113094	-0.272241	0	54	127	0.003
1.570796	1.113094	-0.272241	125	48	125	0.003
1.832596	1.113094	-0.272241	124	47	126	0.003
2.879793	1.113094	-0.272241	1	76	127	0.003
-3.141593	2.407836	1.410646	124	41	126	0.003
-2.617994	2.407836	1.410646	126	76	125	0.003
-2.356194	2.407836	1.410646	9	54	124	0.003
-1.832596	2.407836	1.410646	3	54	125	0.003
-1.308997	2.407836	1.410646	6	54	126	0.003
