224	1.2	0
-2.356194	2.404280	-0.174044
0.000000	0.000000	0.000000
model.B99990003.pdb	-7.889	-11.614	39.648
2hym.pdb	-8.522	-7.294	10.864
-2.879793	0.379747	-1.713059	41	20	47	18.083
1.047198	0.700570	1.559208	39	42	33	14.073
0.000000	0.297065	2.160177	45	32	40	12.843
1.308997	0.203748	0.590255	42	25	37	11.694
0.261799	2.719179	-1.780644	16	66	28	11.553
1.308997	1.555207	1.708892	25	51	35	11.280
1.047198	0.906588	1.252948	36	38	29	11.149
2.879793	2.164094	-2.991358	222	55	65	11.127
0.523599	1.982574	-1.115518	40	54	17	10.742
1.308997	0.674054	1.013609	38	35	30	10.175
0.785398	0.700570	1.559208	41	38	33	10.174
0.785398	0.418037	1.360082	42	32	34	9.897
1.047198	2.393226	1.857173	26	54	44	9.639
1.047198	1.025536	1.576859	35	45	32	9.408
-2.879793	1.948085	-2.363031	48	29	15	8.863
1.832596	2.138223	1.678323	11	46	39	8.840
0.261799	0.297065	2.160177	45	36	40	8.334
2.879793	1.948085	-2.363031	43	18	16	8.219
1.047198	1.310100	1.488307	31	46	31	8.140
2.094395	2.393226	1.857173	8	44	44	7.977
0.785398	1.982574	-1.115518	34	57	17	7.457
1.308997	2.393226	1.857173	21	53	44	7.344
0.261799	0.591903	2.010408	44	36	38	7.264
1.308997	1.506530	1.988858	26	53	39	7.252
-1.047198	0.419640	2.974122	45	26	46	7.245
-0.523599	2.719179	-1.780644	42	63	28	7.114
1.570796	1.824694	1.850876	18	51	39	6.758
0.523599	1.134796	2.434290	61	49	39	6.688
2.617994	0.290380	-0.796960	42	23	41	6.556
0.000000	0.591903	2.010408	44	31	38	6.461
1.832596	0.203748	0.590255	44	35	37	6.437
-1.570796	0.080730	-2.622036	45	28	42	6.245
1.832596	1.824694	1.850876	14	49	39	6.217
-1.832596	2.719179	-1.780644	58	24	28	6.123
-0.523599	2.180315	-1.357379	48	41	16	5.792
0.785398	1.766067	2.153843	48	60	27	5.541
-1.832596	0.080730	-2.622036	43	23	42	5.105
1.308997	1.310100	1.488307	28	47	31	5.093
2.094395	1.766067	2.153843	11	48	44	4.914
-0.785398	2.180315	-1.357379	49	35	16	4.905
-1.308997	2.719179	-1.780644	58	42	28	4.855
1.832596	2.637879	2.121598	15	51	49	4.668
1.308997	1.440580	2.260026	38	68	31	4.541
-0.261799	2.104282	-0.813972	58	34	26	4.230
0.785398	2.592629	0.909713	14	49	40	3.822
-1.047198	1.242974	-2.977882	48	10	69	3.740
2.356194	2.478122	2.609777	13	48	54	3.656
-0.261799	2.719179	-1.780644	34	66	28	3.623
-1.570796	2.251330	-2.330739	44	53	19	3.557
2.356194	1.433411	-1.035986	11	55	18	3.441
0.261799	2.863997	0.549740	59	15	51	3.406
-0.785398	0.419640	2.974122	46	31	46	3.263
-2.617994	0.619654	-2.216909	37	18	53	3.153
2.879793	2.349581	-2.702517	51	11	28	2.904
1.570796	2.108018	1.311430	13	44	34	2.549
0.785398	1.440580	2.260026	53	58	31	2.470
2.094395	2.073035	2.027405	10	47	43	2.422
-1.047198	2.153910	-1.714959	43	41	13	2.386
1.308997	1.247695	1.809890	28	51	35	2.277
0.000000	2.247462	0.191623	61	22	55	2.058
0.523599	1.766067	2.153843	40	48	44	2.045
0.000000	2.456751	-1.503343	35	60	21	1.755
1.047198	1.247695	1.809890	33	50	35	1.704
0.523599	1.413430	2.550734	60	52	42	1.686
-3.141593	0.290380	-0.796960	45	32	41	1.664
-0.523599	0.618092	2.539118	57	10	44	1.307
0.785398	0.591903	2.010408	41	45	38	1.108
-2.094395	0.370812	-2.547742	41	20	48	1.051
2.356194	1.510910	-0.740472	4	58	26	1.043
1.832596	2.299159	2.264663	16	52	49	1.021
-0.785398	0.618092	2.539118	50	3	44	0.993
0.785398	0.906588	1.252948	37	35	29	0.968
2.094395	1.696674	-1.253233	13	48	12	0.948
0.000000	1.134796	2.434290	64	29	39	0.935
-1.308997	2.033014	2.977192	54	50	39	0.866
-0.261799	2.396274	-1.959260	25	60	18	0.789
0.523599	1.391910	3.030322	211	171	8	0.683
2.094395	1.606104	-0.451151	4	71	47	0.524
1.832596	0.080730	-2.622036	56	42	29	0.523
-1.832596	1.450119	-2.739050	37	63	13	0.522
-0.785398	0.762244	-0.273349	58	30	31	0.522
-2.879793	0.370812	-2.547742	39	74	27	0.522
2.879793	0.370812	-2.547742	43	64	24	0.521
0.000000	1.721184	-0.153948	39	61	68	0.521
-0.523599	1.413430	2.550734	17	70	50	0.521
1.047198	1.433411	-1.035986	38	72	35	0.521
-1.047198	1.247695	1.809890	45	64	61	0.521
-0.261799	1.413430	2.550734	9	66	50	0.521
0.523599	0.762244	-0.273349	24	71	39	0.521
2.094395	0.685216	-1.712745	32	64	20	0.521
-1.047198	1.574060	2.783565	17	77	37	0.521
-2.879793	1.433411	-1.035986	50	40	49	0.520
-1.047198	1.168678	2.108595	41	69	54	0.520
-0.261799	2.180315	-1.357379	55	55	58	0.520
0.523599	1.448123	-2.163292	32	68	25	0.520
-1.308997	1.741644	-2.695914	57	44	29	0.519
-1.047198	2.356369	3.005869	55	63	47	0.519
-2.617994	1.982574	-1.115518	47	48	52	0.519
-1.047198	1.335669	0.897240	56	43	65	0.519
-1.570796	2.041297	-2.664597	49	62	18	0.519
-1.047198	2.396274	-1.959260	60	52	22	0.518
-2.879793	0.619654	-2.216909	33	16	53	0.455
-1.832596	1.242974	-2.977882	28	173	5	0.453
-0.523599	1.606104	-0.451151	60	172	26	0.388
1.047198	0.418037	1.360082	42	36	34	0.361
-0.261799	1.134796	2.434290	62	20	39	0.266
-3.141593	1.391910	3.030322	47	168	15	0.228
-2.094395	2.251330	-2.330739	52	41	19	0.179
0.523599	1.242974	-2.977882	219	169	222	0.161
0.785398	1.574060	2.783565	213	163	19	0.158
-0.261799	1.982574	-1.115518	50	37	17	0.061
2.094395	1.869911	2.701025	48	3	54	0.048
-2.356194	2.760637	2.781135	18	70	44	0.026
0.000000	0.379747	-1.713059	15	76	23	0.025
-2.617994	2.984978	1.954446	9	75	50	0.025
1.832596	2.863997	0.549740	13	77	45	0.024
2.356194	2.704512	1.488683	15	65	57	0.024
1.308997	1.554776	0.100351	221	75	42	0.024
0.785398	1.869911	2.701025	215	56	35	0.023
2.356194	0.458961	-0.107937	209	146	31	0.023
-2.879793	2.393226	1.857173	16	155	49	0.023
-1.308997	1.569311	-3.003978	13	154	37	0.023
-1.570796	0.419640	2.974122	8	139	25	0.023
2.094395	2.587733	0.232235	8	155	52	0.023
1.570796	1.417623	-0.202254	218	143	44	0.023
2.094395	2.979456	-1.009304	212	153	46	0.023
2.617994	2.979456	-1.009304	209	154	42	0.023
1.570796	1.998705	2.370472	217	155	41	0.023
-2.094395	0.906588	1.252948	25	55	39	0.023
1.570796	0.379747	-1.713059	15	161	21	0.023
-1.570796	1.812176	0.656819	15	82	48	0.023
-1.832596	0.866395	-2.492918	4	140	21	0.023
1.047198	0.866395	-2.492918	5	56	16	0.023
2.617994	2.724429	-0.348782	205	55	44	0.023
-1.570796	1.504028	0.636812	19	53	51	0.023
-1.832596	1.741644	-2.695914	16	160	34	0.023
-3.141593	0.899350	-2.069907	222	160	16	0.023
-1.832596	0.899350	-2.069907	6	153	25	0.023
-2.879793	2.984978	1.954446	11	144	45	0.023
0.000000	2.984978	1.954446	218	61	50	0.023
-0.261799	2.863997	0.549740	0	150	48	0.023
2.094395	2.863997	0.549740	5	144	50	0.023
1.308997	2.041297	-2.664597	219	86	25	0.023
1.308997	2.356369	3.005869	217	52	42	0.023
1.308997	2.592629	0.909713	9	153	59	0.023
2.879793	2.592629	0.909713	9	150	51	0.023
-0.785398	2.407836	1.410646	221	92	51	0.023
0.785398	0.619654	-2.216909	9	60	23	0.023
1.047198	0.619654	-2.216909	7	148	17	0.023
2.094395	2.108018	1.311430	6	57	57	0.023
-1.308997	1.606104	-0.451151	21	86	41	0.023
1.832596	1.977582	0.969896	3	160	55	0.023
-2.617994	2.637879	2.121598	11	148	50	0.023
-1.570796	0.203748	0.590255	19	59	32	0.023
-1.308997	0.203748	0.590255	13	155	31	0.023
1.570796	0.080730	-2.622036	8	51	23	0.023
2.356194	0.762244	-0.273349	222	160	31	0.023
-2.356194	0.685216	-1.712745	216	55	19	0.023
0.523599	0.685216	-1.712745	16	61	20	0.023
-1.832596	0.700570	1.559208	24	159	33	0.023
0.523599	1.374601	-2.456031	220	56	15	0.023
1.308997	1.374601	-2.456031	2	86	22	0.023
-3.141593	2.704512	1.488683	10	155	48	0.023
-1.308997	2.704512	1.488683	218	150	52	0.023
-0.785398	2.704512	1.488683	1	150	55	0.023
2.094395	2.704512	1.488683	13	60	52	0.023
-1.570796	1.128190	-2.288622	5	62	20	0.023
0.523599	1.128190	-2.288622	5	55	17	0.023
-2.094395	2.881233	-2.582574	25	55	36	0.023
-1.570796	0.496451	0.593859	24	59	36	0.023
1.832596	0.496451	0.593859	218	144	33	0.023
1.570796	2.379497	0.561089	8	156	56	0.023
-1.308997	1.135813	-2.658866	8	139	25	0.023
-1.570796	2.455966	-0.641220	17	55	40	0.023
-3.141593	2.984978	1.954446	13	66	46	0.023
-2.356194	0.619654	-2.216909	222	69	22	0.023
-1.570796	2.881233	-2.582574	21	168	44	0.023
-1.832596	2.588535	-2.976617	26	69	41	0.022
2.094395	2.379497	0.561089	2	72	54	0.022
2.879793	2.984978	1.954446	24	65	44	0.022
1.832596	2.379497	0.561089	7	71	53	0.022
-0.261799	0.458961	-0.107937	24	65	29	0.022
1.047198	0.685216	-1.712745	7	65	22	0.022
1.047198	1.045978	0.343692	222	77	41	0.022
-2.094395	1.756530	-2.105156	14	76	26	0.021
1.047198	1.869911	2.701025	215	78	36	0.021
-1.047198	0.618092	2.539118	2	77	30	0.021
1.308997	1.846342	-1.796954	1	139	29	0.021
-0.785398	0.615174	-0.666022	22	76	31	0.021
-1.308997	1.134796	2.434290	13	86	41	0.021
-1.832596	1.574060	2.783565	20	89	26	0.021
1.570796	2.587733	0.232235	8	78	57	0.021
1.308997	2.979456	-1.009304	8	141	43	0.021
1.570796	2.187132	-0.479875	3	90	40	0.021
-1.570796	0.866395	-2.492918	2	88	17	0.021
-1.570796	2.174483	2.653697	21	87	33	0.021
1.047198	2.579248	-2.364801	216	140	34	0.021
2.094395	2.984978	1.954446	15	76	45	0.021
-1.832596	2.863997	0.549740	217	77	53	0.021
0.000000	0.290380	-0.796960	20	76	28	0.021
2.094395	0.290380	-0.796960	4	72	26	0.021
-1.832596	1.948085	-2.363031	18	69	32	0.021
0.523599	2.760637	2.781135	214	71	45	0.021
1.308997	0.619654	-2.216909	8	77	17	0.021
-1.832596	2.349581	-2.702517	25	85	34	0.021
-2.094395	2.478122	2.609777	11	67	44	0.021
-1.047198	1.184361	0.625864	27	87	47	0.021
-2.094395	2.637879	2.121598	9	91	46	0.021
0.785398	0.203748	0.590255	220	140	28	0.021
1.047198	2.033014	2.977192	209	81	34	0.021
1.308997	2.104282	-0.813972	223	89	46	0.021
1.570796	0.762244	-0.273349	213	143	38	0.021
1.308997	1.448123	-2.163292	0	86	21	0.021
-1.308997	1.242974	-2.977882	11	72	27	0.021
2.879793	2.704512	1.488683	10	65	51	0.021
0.523599	0.379747	-1.713059	9	69	21	0.021
-0.261799	2.592629	0.909713	1	70	54	0.021
0.000000	2.637879	2.121598	213	72	48	0.021
-1.832596	0.929350	-2.910676	16	72	25	0.021
0.261799	1.741644	-2.695914	218	65	28	0.021
-1.832596	0.640596	-2.797608	4	72	26	0.021
-1.308997	1.662363	0.915448	17	65	53	0.021
1.832596	1.554776	0.100351	1	72	39	0.021
-2.094395	1.569311	-3.003978	21	72	34	0.021
1.308997	2.587733	0.232235	6	76	49	0.021
1.832596	2.587733	0.232235	6	76	49	0.021
-1.308997	0.370812	-2.547742	221	70	19	0.021
1.308997	0.370812	-2.547742	5	65	22	0.021
2.094395	0.866955	-0.931351	220	77	26	0.021
1.047198	0.961715	0.014085	221	79	30	0.021
-1.832596	2.760637	2.781135	15	81	48	0.021
-2.879793	1.325504	-1.671296	1	70	21	0.021
-1.047198	0.297065	2.160177	4	72	31	0.021
1.047198	2.379497	0.561089	10	77	60	0.021
-0.261799	0.418037	1.360082	7	82	29	0.021
-1.047198	2.407836	1.410646	222	69	49	0.020
2.356194	0.080730	-2.622036	10	70	24	0.020
1.832596	1.045978	0.343692	208	67	43	0.020
2.094395	0.831641	0.616218	214	65	41	0.020
1.832596	1.367556	0.358405	217	66	44	0.020
-0.523599	0.458961	-0.107937	28	66	31	0.020
-1.832596	2.041297	-2.664597	19	67	31	0.020
-1.570796	1.450119	-2.739050	17	74	28	0.020
1.832596	0.615174	-0.666022	218	70	29	0.020
-1.047198	0.640596	-2.797608	219	77	20	0.020
1.308997	1.870545	-2.976234	216	65	33	0.020
-1.308997	2.863997	0.549740	220	65	52	0.020
1.308997	2.863997	0.549740	15	70	46	0.020
-2.617994	2.393226	1.857173	17	65	49	0.020
2.094395	0.458961	-0.107937	219	70	28	0.020
1.832596	1.756530	-2.105156	216	66	17	0.020
2.356194	2.984978	1.954446	14	65	52	0.020
-1.832596	2.592629	0.909713	219	70	57	0.020
2.356194	1.555207	1.708892	2	65	42	0.020
1.308997	2.063651	-2.044600	214	75	36	0.020
-1.570796	1.247695	1.809890	11	82	32	0.020
-1.832596	1.135813	-2.658866	16	71	23	0.020
1.047198	1.448123	-2.163292	6	72	22	0.020
1.832596	2.295480	1.008277	0	65	52	0.020
1.570796	1.367556	0.358405	223	70	51	0.020
-2.094395	2.033014	2.977192	19	65	36	0.020
-2.094395	2.356369	3.005869	22	68	41	0.020
1.570796	0.203748	0.590255	209	70	28	0.020
-1.832596	0.591903	2.010408	21	74	28	0.020
-1.832596	0.370812	-2.547742	222	70	25	0.020
-2.094395	2.393226	1.857173	17	67	47	0.020
0.261799	1.450119	-2.739050	216	59	23	0.020
1.047198	1.450119	-2.739050	221	58	18	0.020
1.308997	1.450119	-2.739050	221	154	29	0.020
1.570796	1.450119	-2.739050	220	56	32	0.020
-1.308997	2.404280	-0.174044	5	150	48	0.020
0.000000	2.404280	-0.174044	27	61	41	0.020
1.570796	2.404280	-0.174044	223	139	40	0.020
-1.832596	2.115563	0.685730	6	148	49	0.020
-1.308997	2.115563	0.685730	6	156	56	0.020
-1.047198	2.115563	0.685730	6	60	55	0.020
1.308997	2.115563	0.685730	2	154	58	0.020
1.570796	2.115563	0.685730	9	161	59	0.020
-1.832596	1.756530	-2.105156	6	150	23	0.020
-1.308997	1.756530	-2.105156	24	150	24	0.020
0.261799	1.756530	-2.105156	221	61	19	0.020
1.047198	1.756530	-2.105156	214	56	19	0.020
1.308997	1.756530	-2.105156	223	156	25	0.020
1.570796	1.756530	-2.105156	219	91	21	0.020
2.094395	1.756530	-2.105156	217	59	20	0.020
-2.879793	1.869911	2.701025	19	42	35	0.020
-1.308997	1.869911	2.701025	18	145	33	0.020
0.523599	1.869911	2.701025	215	59	41	0.020
1.308997	1.869911	2.701025	215	55	33	0.020
-3.141593	0.458961	-0.107937	221	55	30	0.020
-1.570796	0.458961	-0.107937	6	81	34	0.020
-1.047198	0.458961	-0.107937	24	154	33	0.020
1.047198	0.458961	-0.107937	0	139	26	0.020
1.308997	0.458961	-0.107937	220	69	32	0.020
1.832596	0.458961	-0.107937	6	86	27	0.020
2.617994	0.458961	-0.107937	207	60	31	0.020
-1.308997	1.599406	1.426070	17	148	45	0.020
0.523599	1.599406	1.426070	218	55	57	0.020
0.785398	1.599406	1.426070	214	56	55	0.020
1.308997	1.599406	1.426070	219	148	47	0.020
1.570796	1.599406	1.426070	214	51	51	0.020
-2.617994	1.554776	0.100351	223	39	43	0.020
-1.047198	1.554776	0.100351	20	145	49	0.020
2.094395	0.618092	2.539118	5	90	26	0.020
2.617994	0.618092	2.539118	0	91	32	0.020
-2.617994	1.846342	-1.796954	7	56	22	0.020
0.785398	1.846342	-1.796954	5	150	33	0.020
-1.570796	0.615174	-0.666022	9	81	30	0.020
-0.261799	0.615174	-0.666022	23	159	27	0.020
0.261799	0.615174	-0.666022	26	160	26	0.020
2.356194	0.615174	-0.666022	213	150	32	0.020
2.617994	0.615174	-0.666022	220	85	29	0.020
-3.141593	2.393226	1.857173	13	59	48	0.020
-2.356194	2.393226	1.857173	11	54	47	0.020
-1.832596	2.393226	1.857173	3	56	50	0.020
1.832596	2.393226	1.857173	5	56	47	0.020
-3.141593	1.569311	-3.003978	10	89	20	0.020
-2.617994	1.569311	-3.003978	9	54	21	0.020
-1.570796	1.569311	-3.003978	17	72	25	0.020
1.047198	1.569311	-3.003978	217	140	34	0.020
1.570796	1.569311	-3.003978	216	52	31	0.020
1.832596	1.569311	-3.003978	0	76	41	0.020
2.617994	1.569311	-3.003978	6	88	30	0.020
-2.356194	0.419640	2.974122	7	90	25	0.020
-2.094395	0.419640	2.974122	14	143	28	0.020
-0.523599	0.419640	2.974122	216	144	30	0.020
0.785398	0.419640	2.974122	217	56	25	0.020
0.261799	1.134796	2.434290	215	57	28	0.020
1.047198	1.134796	2.434290	220	56	28	0.020
-2.356194	1.574060	2.783565	21	57	36	0.020
-2.094395	1.574060	2.783565	22	156	40	0.020
-1.570796	1.574060	2.783565	17	81	35	0.020
-1.308997	1.574060	2.783565	15	144	31	0.020
1.308997	1.574060	2.783565	215	148	35	0.020
1.570796	1.574060	2.783565	220	144	31	0.020
1.832596	1.574060	2.783565	219	86	39	0.020
-3.141593	2.587733	0.232235	210	56	54	0.020
-2.879793	2.587733	0.232235	215	160	52	0.020
-2.617994	2.587733	0.232235	220	155	54	0.020
-2.356194	2.587733	0.232235	217	86	51	0.020
-1.570796	2.587733	0.232235	4	87	54	0.020
-1.047198	2.587733	0.232235	12	89	55	0.020
-2.879793	1.413430	2.550734	23	56	40	0.020
-1.570796	1.413430	2.550734	18	139	32	0.020
1.047198	1.413430	2.550734	214	54	30	0.020
-1.047198	1.417623	-0.202254	18	59	27	0.020
2.094395	1.417623	-0.202254	217	62	38	0.020
-1.047198	0.850607	-1.335383	1	52	15	0.020
-0.261799	0.850607	-1.335383	13	57	24	0.020
1.047198	0.850607	-1.335383	13	148	22	0.020
-1.570796	0.370812	-2.547742	214	163	28	0.020
-1.047198	0.370812	-2.547742	211	159	24	0.020
-0.785398	0.370812	-2.547742	213	156	25	0.020
0.785398	0.370812	-2.547742	15	55	20	0.020
1.047198	0.370812	-2.547742	0	150	25	0.020
1.570796	0.370812	-2.547742	18	56	18	0.020
2.094395	0.370812	-2.547742	11	60	19	0.020
-2.356194	0.640596	-2.797608	15	89	28	0.020
-2.094395	0.640596	-2.797608	6	144	26	0.020
-1.570796	0.640596	-2.797608	3	140	24	0.020
-0.785398	0.640596	-2.797608	216	150	22	0.020
-0.261799	0.640596	-2.797608	214	55	20	0.020
1.570796	0.640596	-2.797608	8	57	23	0.020
1.832596	0.640596	-2.797608	9	58	17	0.020
-2.879793	2.979456	-1.009304	217	60	50	0.020
-2.617994	2.979456	-1.009304	219	56	50	0.020
-1.047198	2.979456	-1.009304	15	60	42	0.020
-0.785398	2.979456	-1.009304	25	149	43	0.020
-0.261799	2.979456	-1.009304	19	141	49	0.020
0.000000	2.979456	-1.009304	18	86	47	0.020
0.261799	2.979456	-1.009304	3	150	47	0.020
0.785398	2.979456	-1.009304	9	140	43	0.020
2.356194	2.979456	-1.009304	206	54	44	0.020
-1.832596	0.831641	0.616218	16	150	41	0.020
-1.308997	0.831641	0.616218	18	59	41	0.020
1.832596	0.831641	0.616218	215	145	41	0.020
-1.832596	2.343981	-1.040456	7	150	51	0.020
1.308997	2.343981	-1.040456	2	139	47	0.020
2.879793	2.343981	-1.040456	220	86	37	0.020
-2.879793	1.998705	2.370472	12	148	44	0.020
1.832596	1.998705	2.370472	223	89	42	0.020
2.094395	1.413347	-1.339188	220	60	31	0.020
-3.141593	0.674054	1.013609	1	88	37	0.020
-1.832596	0.674054	1.013609	17	86	41	0.020
-1.570796	0.674054	1.013609	20	61	32	0.020
-1.308997	0.674054	1.013609	25	150	40	0.020
-0.261799	0.674054	1.013609	220	143	36	0.020
1.832596	0.674054	1.013609	218	90	43	0.020
-1.832596	0.906588	1.252948	19	56	35	0.020
-1.570796	0.906588	1.252948	23	141	41	0.020
-1.832596	1.335669	0.897240	20	88	49	0.020
-1.308997	1.335669	0.897240	18	150	52	0.020
1.570796	1.335669	0.897240	218	144	51	0.020
1.832596	1.335669	0.897240	219	90	51	0.020
-1.308997	1.870545	-2.976234	14	155	32	0.020
0.000000	1.870545	-2.976234	207	62	33	0.020
1.047198	1.870545	-2.976234	222	61	40	0.020
1.570796	1.870545	-2.976234	217	50	37	0.020
-0.261799	2.164094	-2.991358	218	161	39	0.020
1.047198	2.164094	-2.991358	214	155	41	0.020
1.308997	2.164094	-2.991358	213	56	35	0.020
1.570796	2.164094	-2.991358	220	55	35	0.020
1.832596	2.164094	-2.991358	222	56	33	0.020
2.356194	2.164094	-2.991358	217	46	29	0.020
-3.141593	0.379747	-1.713059	220	76	28	0.020
-2.356194	0.379747	-1.713059	221	155	22	0.020
-2.094395	0.379747	-1.713059	219	91	27	0.020
-1.832596	0.379747	-1.713059	223	62	22	0.020
-0.523599	0.379747	-1.713059	13	59	27	0.020
-0.261799	0.379747	-1.713059	8	81	28	0.020
0.261799	0.379747	-1.713059	9	150	27	0.020
0.785398	0.379747	-1.713059	12	59	23	0.020
1.047198	0.379747	-1.713059	11	160	27	0.020
1.308997	0.379747	-1.713059	9	164	22	0.020
2.356194	0.379747	-1.713059	1	155	26	0.020
-2.879793	2.187132	-0.479875	223	55	43	0.020
1.047198	2.187132	-0.479875	3	87	38	0.020
2.094395	2.187132	-0.479875	217	166	45	0.020
-2.879793	0.866955	-0.931351	223	52	19	0.020
-1.047198	0.866955	-0.931351	16	49	27	0.020
-0.785398	0.866955	-0.931351	16	150	23	0.020
-0.523599	0.866955	-0.931351	14	53	24	0.020
-0.261799	0.866955	-0.931351	15	55	26	0.020
0.000000	0.866955	-0.931351	18	55	22	0.020
-2.617994	2.299159	2.264663	16	155	49	0.020
-2.356194	2.299159	2.264663	16	150	47	0.020
-2.094395	2.299159	2.264663	19	60	41	0.020
0.523599	2.299159	2.264663	209	57	40	0.020
-1.308997	1.812176	0.656819	19	86	53	0.020
1.308997	1.812176	0.656819	1	148	54	0.020
1.832596	1.812176	0.656819	223	89	54	0.020
2.356194	1.812176	0.656819	219	160	57	0.020
-2.879793	2.719179	-1.780644	3	80	41	0.020
-2.094395	2.719179	-1.780644	26	56	36	0.020
-1.570796	2.719179	-1.780644	25	54	35	0.020
-0.785398	2.719179	-1.780644	20	86	43	0.020
1.570796	2.719179	-1.780644	208	155	37	0.020
1.832596	2.719179	-1.780644	210	160	42	0.020
2.356194	2.719179	-1.780644	214	90	39	0.020
-2.617994	2.396274	-1.959260	7	41	37	0.020
-1.570796	2.396274	-1.959260	21	79	35	0.020
1.570796	2.396274	-1.959260	219	144	43	0.020
1.832596	2.396274	-1.959260	214	87	38	0.020
-3.141593	0.866395	-2.492918	4	160	21	0.020
-2.879793	0.866395	-2.492918	11	60	25	0.020
-2.617994	0.866395	-2.492918	9	85	21	0.020
-2.094395	0.866395	-2.492918	10	161	21	0.020
-1.308997	0.866395	-2.492918	4	155	20	0.020
0.785398	0.866395	-2.492918	2	61	27	0.020
1.308997	0.866395	-2.492918	219	47	17	0.020
1.570796	0.866395	-2.492918	6	86	19	0.020
1.832596	0.866395	-2.492918	3	86	22	0.020
2.094395	0.866395	-2.492918	7	154	19	0.020
2.094395	1.617114	-1.572037	217	56	31	0.020
-1.570796	0.864993	2.278281	14	143	31	0.020
0.261799	0.864993	2.278281	217	62	30	0.020
0.523599	0.864993	2.278281	221	56	24	0.020
-1.832596	1.014500	0.906702	25	57	50	0.020
-1.570796	1.014500	0.906702	28	89	50	0.020
-1.308997	1.014500	0.906702	19	155	35	0.020
-0.261799	1.014500	0.906702	2	62	36	0.020
0.523599	1.014500	0.906702	3	144	32	0.020
1.308997	1.014500	0.906702	210	87	48	0.020
1.570796	1.014500	0.906702	218	148	52	0.020
-2.094395	2.247462	0.191623	220	86	44	0.020
1.308997	2.247462	0.191623	5	144	44	0.020
1.832596	2.247462	0.191623	4	92	42	0.020
-2.356194	2.724429	-0.348782	214	76	47	0.020
-2.094395	2.724429	-0.348782	6	85	50	0.020
1.308997	2.724429	-0.348782	6	144	52	0.020
1.570796	2.724429	-0.348782	8	75	48	0.020
2.879793	2.724429	-0.348782	211	56	44	0.020
-2.094395	1.194549	-0.801900	222	86	23	0.020
-1.832596	1.194549	-0.801900	14	59	39	0.020
-1.047198	1.194549	-0.801900	20	59	33	0.020
-0.261799	1.194549	-0.801900	12	57	32	0.020
0.261799	1.194549	-0.801900	15	55	26	0.020
2.094395	1.194549	-0.801900	218	155	38	0.020
-1.832596	1.504028	0.636812	20	86	54	0.020
1.570796	1.504028	0.636812	219	143	53	0.020
1.832596	1.504028	0.636812	217	161	58	0.020
-1.570796	1.741644	-2.695914	17	141	39	0.020
1.308997	1.741644	-2.695914	215	154	37	0.020
2.094395	1.741644	-2.695914	217	50	33	0.020
-3.141593	2.174483	2.653697	18	49	38	0.020
-2.879793	2.174483	2.653697	19	159	38	0.020
-2.617994	2.174483	2.653697	24	160	36	0.020
0.523599	2.174483	2.653697	216	156	42	0.020
0.785398	2.174483	2.653697	210	60	40	0.020
1.308997	2.174483	2.653697	213	56	45	0.020
2.094395	2.174483	2.653697	222	92	41	0.020
-2.356194	2.664082	-1.071402	7	84	50	0.020
1.308997	2.664082	-1.071402	7	87	45	0.020
2.356194	2.664082	-1.071402	217	158	44	0.020
-2.094395	2.579248	-2.364801	19	53	39	0.020
-1.570796	2.579248	-2.364801	23	155	37	0.020
-1.308997	2.579248	-2.364801	24	141	39	0.020
1.570796	2.579248	-2.364801	220	92	41	0.020
2.617994	2.579248	-2.364801	5	92	44	0.020
-2.094395	0.899350	-2.069907	223	140	21	0.020
0.523599	0.899350	-2.069907	8	59	21	0.020
1.308997	0.899350	-2.069907	3	138	21	0.020
2.879793	0.899350	-2.069907	214	154	21	0.020
-0.785398	2.984978	1.954446	216	160	51	0.020
0.261799	2.984978	1.954446	0	61	49	0.020
0.523599	2.984978	1.954446	3	90	52	0.020
1.570796	2.984978	1.954446	1	88	48	0.020
1.832596	2.984978	1.954446	4	89	47	0.020
2.617994	2.984978	1.954446	24	92	46	0.020
-1.832596	1.809167	1.213774	19	155	47	0.020
-1.570796	1.809167	1.213774	10	153	56	0.020
0.785398	1.809167	1.213774	1	61	56	0.020
1.570796	1.809167	1.213774	4	61	55	0.020
1.832596	1.809167	1.213774	2	87	55	0.020
0.000000	1.135834	-1.431087	7	61	17	0.020
0.261799	1.135834	-1.431087	16	55	17	0.020
0.523599	1.135834	-1.431087	7	52	15	0.020
0.785398	1.135834	-1.431087	5	55	13	0.020
2.617994	1.135834	-1.431087	221	61	13	0.020
-1.832596	1.909857	-0.381669	14	89	44	0.020
-1.570796	1.195355	1.200319	19	139	55	0.020
1.308997	1.195355	1.200319	214	150	53	0.020
1.832596	1.195355	1.200319	213	144	38	0.020
-1.308997	1.310100	1.488307	22	160	52	0.020
2.094395	1.310100	1.488307	3	46	39	0.020
-2.094395	2.153910	-1.714959	13	55	37	0.020
-0.785398	1.134497	-1.109631	19	56	38	0.020
0.523599	1.134497	-1.109631	11	59	18	0.020
-0.261799	0.961715	0.014085	5	62	37	0.020
1.308997	0.961715	0.014085	221	146	38	0.020
1.570796	0.961715	0.014085	214	156	35	0.020
1.832596	0.961715	0.014085	222	89	31	0.020
-1.570796	1.367556	0.358405	19	85	51	0.020
-1.308997	1.367556	0.358405	18	81	48	0.020
-1.047198	1.367556	0.358405	20	86	41	0.020
-0.785398	1.367556	0.358405	21	164	50	0.020
2.094395	1.367556	0.358405	218	62	52	0.020
0.523599	1.440580	2.260026	212	55	36	0.020
-2.356194	2.863997	0.549740	213	163	53	0.020
-2.094395	2.863997	0.549740	222	77	46	0.020
-1.047198	2.863997	0.549740	0	144	49	0.020
-0.785398	2.863997	0.549740	5	141	46	0.020
-0.523599	2.863997	0.549740	10	143	52	0.020
1.047198	2.863997	0.549740	18	154	48	0.020
2.617994	2.863997	0.549740	9	140	51	0.020
-2.094395	2.041297	-2.664597	23	155	30	0.020
1.047198	2.041297	-2.664597	216	160	32	0.020
1.570796	2.041297	-2.664597	216	56	41	0.020
-2.879793	1.045978	0.343692	214	42	47	0.020
-1.308997	1.045978	0.343692	26	85	43	0.020
-2.617994	0.290380	-0.796960	214	62	31	0.020
-2.356194	0.290380	-0.796960	7	76	27	0.020
-1.832596	0.290380	-0.796960	16	52	25	0.020
-1.308997	0.290380	-0.796960	6	150	27	0.020
-1.047198	0.290380	-0.796960	9	146	28	0.020
-0.785398	0.290380	-0.796960	6	92	34	0.020
-0.523599	0.290380	-0.796960	6	55	24	0.020
-0.261799	0.290380	-0.796960	16	155	28	0.020
0.261799	0.290380	-0.796960	18	79	31	0.020
0.523599	0.290380	-0.796960	20	147	29	0.020
1.047198	0.290380	-0.796960	1	159	28	0.020
1.308997	0.290380	-0.796960	223	91	26	0.020
1.832596	0.290380	-0.796960	223	148	27	0.020
2.356194	0.290380	-0.796960	2	144	28	0.020
2.879793	0.290380	-0.796960	218	155	31	0.020
-2.094395	1.545873	-1.877082	10	55	23	0.020
-1.047198	1.545873	-1.877082	5	160	17	0.020
1.832596	1.545873	-1.877082	215	62	23	0.020
2.094395	1.545873	-1.877082	218	56	16	0.020
-2.356194	2.356369	3.005869	22	89	43	0.020
-1.832596	2.356369	3.005869	9	75	42	0.020
0.785398	2.356369	3.005869	215	150	48	0.020
1.047198	2.356369	3.005869	211	60	41	0.020
1.570796	2.356369	3.005869	217	92	42	0.020
2.094395	2.356369	3.005869	2	138	37	0.020
-1.570796	1.836682	-0.676006	19	155	49	0.020
-1.570796	1.948085	-2.363031	23	154	27	0.020
1.570796	1.948085	-2.363031	218	140	26	0.020
-1.047198	1.736875	3.023612	14	139	29	0.020
0.785398	1.736875	3.023612	218	148	35	0.020
1.047198	1.736875	3.023612	219	90	38	0.020
1.308997	1.736875	3.023612	220	61	28	0.020
1.832596	1.736875	3.023612	219	60	30	0.020
2.617994	1.736875	3.023612	1	160	27	0.020
-2.879793	0.591903	2.010408	14	60	30	0.020
0.523599	0.591903	2.010408	213	156	34	0.020
2.617994	0.591903	2.010408	6	141	36	0.020
-3.141593	2.760637	2.781135	24	59	43	0.020
-2.879793	2.760637	2.781135	24	86	48	0.020
-2.617994	2.760637	2.781135	18	153	42	0.020
-2.094395	2.760637	2.781135	10	150	45	0.020
-1.570796	2.760637	2.781135	1	144	43	0.020
-0.261799	2.760637	2.781135	216	149	46	0.020
0.000000	2.760637	2.781135	209	163	46	0.020
0.261799	2.760637	2.781135	219	150	48	0.020
0.785398	2.760637	2.781135	218	86	50	0.020
1.047198	2.760637	2.781135	216	90	44	0.020
1.308997	2.760637	2.781135	222	90	47	0.020
1.832596	2.760637	2.781135	11	86	39	0.020
2.094395	2.760637	2.781135	219	141	46	0.020
-2.356194	1.256302	0.062705	0	46	43	0.020
-1.832596	1.256302	0.062705	19	90	33	0.020
1.832596	1.256302	0.062705	220	87	38	0.020
-3.141593	2.592629	0.909713	16	164	55	0.020
-2.879793	2.592629	0.909713	222	160	54	0.020
-1.570796	2.592629	0.909713	223	148	53	0.020
-1.308997	2.592629	0.909713	217	148	56	0.020
-1.047198	2.592629	0.909713	0	59	51	0.020
0.523599	2.592629	0.909713	223	155	51	0.020
1.570796	2.592629	0.909713	8	161	51	0.020
1.832596	2.592629	0.909713	10	164	56	0.020
2.094395	2.592629	0.909713	5	139	51	0.020
2.356194	2.592629	0.909713	12	160	58	0.020
2.617994	2.592629	0.909713	7	160	54	0.020
-1.047198	1.113094	-0.272241	15	92	33	0.020
2.879793	1.113094	-0.272241	210	148	39	0.020
-2.879793	2.407836	1.410646	16	150	45	0.020
-2.356194	2.407836	1.410646	219	60	61	0.020
-2.094395	2.407836	1.410646	220	60	60	0.020
-1.832596	2.407836	1.410646	213	55	59	0.020
-1.308997	2.407836	1.410646	0	149	57	0.020
-0.523599	2.407836	1.410646	219	62	54	0.020
1.308997	2.407836	1.410646	3	81	51	0.020
1.832596	2.407836	1.410646	6	51	49	0.020
2.094395	2.407836	1.410646	10	90	59	0.020
2.356194	2.407836	1.410646	10	160	52	0.020
2.617994	2.407836	1.410646	7	161	53	0.020
-1.570796	2.089241	-0.114193	10	90	46	0.020
-1.308997	2.089241	-0.114193	14	86	39	0.020
1.308997	2.089241	-0.114193	222	87	43	0.020
1.570796	2.089241	-0.114193	4	139	46	0.020
1.832596	2.089241	-0.114193	221	81	42	0.020
-2.094395	0.619654	-2.216909	3	161	26	0.020
-1.832596	0.619654	-2.216909	1	150	23	0.020
-1.570796	0.619654	-2.216909	221	150	21	0.020
1.570796	0.619654	-2.216909	15	87	23	0.020
1.832596	2.456751	-1.503343	209	60	37	0.020
-1.832596	2.001437	0.381215	6	56	48	0.020
-0.785398	2.001437	0.381215	17	150	50	0.020
1.308997	2.001437	0.381215	7	163	54	0.020
2.879793	2.001437	0.381215	223	60	55	0.020
-3.141593	2.138223	1.678323	8	51	55	0.020
-2.617994	2.138223	1.678323	16	60	46	0.020
1.570796	2.138223	1.678323	13	59	61	0.020
-2.879793	2.349581	-2.702517	16	42	36	0.020
-2.356194	2.349581	-2.702517	25	144	31	0.020
-2.094395	2.349581	-2.702517	30	143	36	0.020
-1.570796	2.349581	-2.702517	26	141	32	0.020
0.523599	2.349581	-2.702517	211	160	37	0.020
0.785398	2.349581	-2.702517	215	161	40	0.020
1.047198	2.349581	-2.702517	219	145	40	0.020
1.308997	2.349581	-2.702517	215	92	43	0.020
1.832596	2.349581	-2.702517	221	56	46	0.020
0.000000	1.168678	2.108595	212	55	26	0.020
0.261799	1.168678	2.108595	215	55	24	0.020
0.785398	1.168678	2.108595	213	52	31	0.020
-2.617994	2.180315	-1.357379	219	50	47	0.020
1.308997	2.180315	-1.357379	5	139	48	0.020
-3.141593	2.478122	2.609777	26	86	43	0.020
-2.617994	2.478122	2.609777	17	87	43	0.020
-1.570796	2.478122	2.609777	17	141	47	0.020
-1.308997	2.478122	2.609777	19	148	45	0.020
0.261799	2.478122	2.609777	207	166	46	0.020
0.523599	2.478122	2.609777	214	90	47	0.020
0.785398	2.478122	2.609777	217	145	50	0.020
1.047198	2.478122	2.609777	214	57	40	0.020
2.094395	2.478122	2.609777	0	89	45	0.020
1.570796	1.699788	2.452890	218	77	33	0.020
-1.832596	1.184361	0.625864	18	52	48	0.020
-1.570796	1.184361	0.625864	21	83	49	0.020
-1.308997	1.184361	0.625864	27	143	47	0.020
1.570796	1.184361	0.625864	218	144	52	0.020
-1.570796	2.108018	1.311430	9	149	60	0.020
-1.308997	2.108018	1.311430	7	159	59	0.020
1.308997	2.108018	1.311430	218	55	48	0.020
2.879793	2.108018	1.311430	221	61	51	0.020
-1.832596	1.488617	1.159546	16	150	45	0.020
1.570796	1.488617	1.159546	221	90	53	0.020
-2.094395	1.325504	-1.671296	10	50	13	0.020
-1.832596	1.325504	-1.671296	15	56	33	0.020
2.617994	1.325504	-1.671296	217	54	29	0.020
1.832596	1.606104	-0.451151	223	144	44	0.020
2.879793	1.606104	-0.451151	209	55	38	0.020
1.570796	1.506530	1.988858	220	59	33	0.020
1.832596	1.506530	1.988858	0	83	30	0.020
-1.308997	1.977582	0.969896	14	155	60	0.020
-1.047198	1.977582	0.969896	9	161	60	0.020
0.785398	1.977582	0.969896	1	61	56	0.020
1.047198	1.977582	0.969896	0	60	56	0.020
-3.141593	2.637879	2.121598	12	161	51	0.020
-2.879793	2.637879	2.121598	18	141	49	0.020
-1.308997	2.637879	2.121598	221	57	47	0.020
-0.785398	2.637879	2.121598	1	161	50	0.020
-0.523599	2.637879	2.121598	220	150	49	0.020
0.261799	2.637879	2.121598	214	59	45	0.020
1.047198	2.637879	2.121598	0	143	50	0.020
2.094395	2.637879	2.121598	8	55	53	0.020
2.356194	2.637879	2.121598	15	52	53	0.020
2.617994	2.637879	2.121598	14	62	48	0.020
-1.832596	1.218453	2.777284	17	62	21	0.020
-1.308997	1.218453	2.777284	18	140	48	0.020
-0.785398	1.218453	2.777284	2	58	22	0.020
0.000000	1.218453	2.777284	215	161	40	0.020
1.570796	1.218453	2.777284	223	87	39	0.020
2.617994	1.555207	1.708892	17	86	48	0.020
-1.570796	2.295480	1.008277	9	144	56	0.020
-1.308997	2.295480	1.008277	4	89	54	0.020
0.261799	2.295480	1.008277	7	60	57	0.020
0.523599	2.295480	1.008277	2	56	49	0.020
1.308997	2.295480	1.008277	6	70	56	0.020
1.570796	2.295480	1.008277	12	154	60	0.020
2.356194	2.295480	1.008277	221	160	50	0.020
2.617994	2.295480	1.008277	10	140	56	0.020
-2.879793	0.203748	0.590255	220	89	31	0.020
-2.617994	0.203748	0.590255	4	89	34	0.020
-2.094395	0.203748	0.590255	13	89	27	0.020
-1.832596	0.203748	0.590255	15	90	35	0.020
-1.047198	0.203748	0.590255	16	160	32	0.020
-0.785398	0.203748	0.590255	23	154	30	0.020
0.523599	0.203748	0.590255	3	144	33	0.020
1.047198	0.203748	0.590255	6	140	32	0.020
2.094395	0.203748	0.590255	211	150	34	0.020
-2.617994	1.510910	-0.740472	218	90	45	0.020
-1.308997	1.510910	-0.740472	19	90	43	0.020
-1.047198	1.510910	-0.740472	21	49	29	0.020
-2.879793	0.571433	-1.188419	211	148	22	0.020
-2.356194	0.571433	-1.188419	218	150	24	0.020
-2.094395	0.571433	-1.188419	217	61	24	0.020
-1.832596	0.571433	-1.188419	219	57	28	0.020
-0.785398	0.571433	-1.188419	13	57	31	0.020
-0.523599	0.571433	-1.188419	9	55	25	0.020
-0.261799	0.571433	-1.188419	8	86	23	0.020
0.261799	0.571433	-1.188419	20	160	24	0.020
1.832596	0.571433	-1.188419	223	155	28	0.020
2.617994	0.571433	-1.188419	218	157	28	0.020
-2.094395	1.982574	-1.115518	1	57	45	0.020
1.570796	1.982574	-1.115518	0	150	48	0.020
-1.570796	2.033014	2.977192	13	77	43	0.020
1.308997	2.033014	2.977192	218	59	43	0.020
-2.094395	0.297065	2.160177	15	161	21	0.020
-0.785398	0.297065	2.160177	8	143	36	0.020
0.785398	0.297065	2.160177	220	87	26	0.020
2.094395	0.297065	2.160177	0	150	27	0.020
2.356194	0.297065	2.160177	5	150	33	0.020
-2.617994	0.080730	-2.622036	2	144	25	0.020
-2.356194	0.080730	-2.622036	6	139	34	0.020
-2.094395	0.080730	-2.622036	2	86	31	0.020
-1.047198	0.080730	-2.622036	218	84	25	0.020
0.523599	0.080730	-2.622036	4	81	29	0.020
0.785398	0.080730	-2.622036	9	144	30	0.020
1.047198	0.080730	-2.622036	8	62	30	0.020
1.308997	0.080730	-2.622036	6	70	28	0.020
2.094395	0.080730	-2.622036	23	150	33	0.020
-2.356194	1.242974	-2.977882	18	156	27	0.020
-1.570796	1.242974	-2.977882	9	160	29	0.020
1.047198	1.242974	-2.977882	218	62	27	0.020
1.308997	1.242974	-2.977882	1	86	30	0.020
-2.879793	0.992645	-1.723759	2	58	15	0.020
-2.094395	0.992645	-1.723759	0	59	25	0.020
-1.832596	0.992645	-1.723759	11	86	18	0.020
-0.261799	0.992645	-1.723759	5	58	17	0.020
1.570796	0.992645	-1.723759	8	159	23	0.020
-2.617994	2.104282	-0.813972	218	40	44	0.020
-1.832596	2.104282	-0.813972	7	87	44	0.020
-1.570796	2.104282	-0.813972	17	87	40	0.020
-3.141593	1.872854	1.543456	11	42	51	0.020
-2.879793	1.872854	1.543456	7	55	52	0.020
-2.617994	1.872854	1.543456	15	59	37	0.020
-2.094395	1.872854	1.543456	1	60	60	0.020
-1.570796	1.872854	1.543456	14	160	50	0.020
1.047198	1.872854	1.543456	223	55	59	0.020
-1.308997	0.762244	-0.273349	9	74	33	0.020
-0.523599	0.762244	-0.273349	18	148	33	0.020
2.617994	0.762244	-0.273349	219	151	30	0.020
-1.832596	1.050534	3.042579	15	140	35	0.020
-1.570796	1.050534	3.042579	14	146	33	0.020
-1.308997	1.050534	3.042579	9	156	29	0.020
0.261799	1.050534	3.042579	210	56	27	0.020
1.047198	1.050534	3.042579	220	86	30	0.020
1.308997	1.050534	3.042579	0	86	33	0.020
1.570796	1.050534	3.042579	220	65	37	0.020
-1.832596	1.721184	-0.153948	14	82	39	0.020
-1.570796	1.721184	-0.153948	13	141	40	0.020
1.308997	1.721184	-0.153948	0	144	38	0.020
1.570796	1.721184	-0.153948	0	143	41	0.020
2.094395	1.721184	-0.153948	214	163	37	0.020
-2.094395	0.733948	3.021411	11	144	31	0.020
-1.832596	0.733948	3.021411	9	144	27	0.020
-1.570796	0.733948	3.021411	17	143	28	0.020
-1.308997	0.733948	3.021411	6	140	28	0.020
1.308997	0.733948	3.021411	220	150	30	0.020
1.832596	0.733948	3.021411	7	81	22	0.020
-2.879793	2.588535	-2.976617	15	56	48	0.020
-2.617994	2.588535	-2.976617	18	90	37	0.020
-2.356194	2.588535	-2.976617	22	86	42	0.020
-2.094395	2.588535	-2.976617	23	144	39	0.020
0.523599	2.588535	-2.976617	208	89	41	0.020
0.785398	2.588535	-2.976617	208	161	37	0.020
1.308997	2.588535	-2.976617	212	86	43	0.020
1.570796	2.588535	-2.976617	219	154	49	0.020
1.832596	2.588535	-2.976617	1	56	41	0.020
-2.094395	1.391910	3.030322	19	160	35	0.020
-1.832596	1.391910	3.030322	18	143	35	0.020
-1.570796	1.391910	3.030322	15	148	32	0.020
-1.308997	1.391910	3.030322	19	139	33	0.020
1.047198	1.391910	3.030322	217	55	23	0.020
-2.617994	0.685216	-1.712745	218	60	18	0.020
-2.094395	0.685216	-1.712745	5	141	24	0.020
-1.570796	0.685216	-1.712745	222	59	24	0.020
0.000000	0.685216	-1.712745	9	91	23	0.020
0.261799	0.685216	-1.712745	6	56	23	0.020
0.785398	0.685216	-1.712745	8	139	22	0.020
1.308997	0.685216	-1.712745	14	161	20	0.020
-2.356194	2.063651	-2.044600	21	47	21	0.020
-1.832596	2.063651	-2.044600	21	54	24	0.020
-1.570796	2.063651	-2.044600	19	139	31	0.020
-1.308997	2.063651	-2.044600	22	150	28	0.020
1.570796	2.063651	-2.044600	212	72	27	0.020
1.570796	0.700570	1.559208	217	150	35	0.020
-1.832596	2.251330	-2.330739	26	85	32	0.020
1.047198	2.251330	-2.330739	213	138	35	0.020
1.308997	2.251330	-2.330739	211	158	36	0.020
1.570796	2.251330	-2.330739	215	144	36	0.020
-1.570796	1.374601	-2.456031	15	139	19	0.020
-1.308997	1.374601	-2.456031	18	143	21	0.020
0.261799	1.374601	-2.456031	221	59	19	0.020
0.785398	1.374601	-2.456031	223	165	18	0.020
-1.832596	1.732874	-0.951685	15	150	41	0.020
-1.570796	1.732874	-0.951685	15	150	46	0.020
-1.570796	0.960688	-0.577532	19	86	43	0.020
-1.047198	0.960688	-0.577532	14	54	31	0.020
2.094395	0.960688	-0.577532	223	161	27	0.020
-2.356194	1.824694	1.850876	14	59	58	0.020
-2.879793	2.704512	1.488683	12	150	48	0.020
-2.356194	2.704512	1.488683	9	144	48	0.020
-0.261799	2.704512	1.488683	216	60	53	0.020
0.000000	2.704512	1.488683	4	150	54	0.020
0.261799	2.704512	1.488683	1	148	55	0.020
0.523599	2.704512	1.488683	2	150	51	0.020
0.785398	2.704512	1.488683	223	153	51	0.020
1.047198	2.704512	1.488683	223	144	48	0.020
1.308997	2.704512	1.488683	1	58	49	0.020
1.570796	2.704512	1.488683	8	82	51	0.020
1.832596	2.704512	1.488683	8	154	50	0.020
0.000000	0.910508	1.903534	212	55	27	0.020
0.785398	0.910508	1.903534	216	59	22	0.020
1.047198	0.910508	1.903534	218	57	43	0.020
1.308997	0.910508	1.903534	211	52	33	0.020
-2.094395	0.929350	-2.910676	17	150	29	0.020
-1.570796	0.929350	-2.910676	10	83	26	0.020
1.570796	0.929350	-2.910676	4	81	26	0.020
-2.879793	1.128190	-2.288622	222	56	23	0.020
-2.094395	1.128190	-2.288622	8	154	22	0.020
-1.832596	1.128190	-2.288622	15	151	20	0.020
-1.308997	1.128190	-2.288622	1	156	19	0.020
0.000000	1.128190	-2.288622	21	52	17	0.020
0.261799	1.128190	-2.288622	0	57	21	0.020
1.047198	1.128190	-2.288622	8	149	22	0.020
1.308997	1.128190	-2.288622	8	156	16	0.020
1.570796	1.128190	-2.288622	221	62	17	0.020
-2.879793	2.881233	-2.582574	2	87	41	0.020
-2.356194	2.881233	-2.582574	18	56	47	0.020
-1.832596	2.881233	-2.582574	26	155	47	0.020
-1.047198	2.881233	-2.582574	12	91	50	0.020
-0.523599	2.881233	-2.582574	1	139	49	0.020
-0.261799	2.881233	-2.582574	11	150	46	0.020
0.523599	2.881233	-2.582574	213	164	47	0.020
0.785398	2.881233	-2.582574	216	163	49	0.020
1.047198	2.881233	-2.582574	217	155	49	0.020
1.308997	2.881233	-2.582574	212	143	44	0.020
1.570796	2.881233	-2.582574	210	148	42	0.020
1.832596	2.881233	-2.582574	1	59	49	0.020
2.094395	2.881233	-2.582574	220	56	48	0.020
2.879793	2.881233	-2.582574	222	85	49	0.020
-2.617994	1.696674	-1.253233	0	36	18	0.020
-1.832596	1.683268	0.374177	12	150	45	0.020
-1.570796	1.683268	0.374177	16	56	56	0.020
-1.308997	1.683268	0.374177	15	59	53	0.020
-1.047198	1.683268	0.374177	15	86	50	0.020
1.570796	1.683268	0.374177	219	150	47	0.020
2.094395	1.683268	0.374177	213	166	52	0.020
-2.879793	2.073035	2.027405	18	141	47	0.020
-2.617994	2.073035	2.027405	9	56	49	0.020
-1.570796	2.073035	2.027405	12	145	43	0.020
1.570796	1.875281	0.107086	223	150	50	0.020
1.832596	1.875281	0.107086	222	166	48	0.020
-2.356194	1.301460	-0.509251	1	86	39	0.020
-1.047198	1.301460	-0.509251	19	148	33	0.020
1.832596	1.301460	-0.509251	216	150	41	0.020
2.879793	1.904882	-1.478089	4	49	23	0.020
-2.356194	0.709924	0.218797	221	90	44	0.020
-1.832596	0.709924	0.218797	12	150	38	0.020
-1.308997	0.709924	0.218797	14	155	39	0.020
-0.523599	0.709924	0.218797	15	139	36	0.020
1.308997	0.709924	0.218797	215	151	31	0.020
2.356194	0.709924	0.218797	216	148	33	0.020
-1.308997	0.496451	0.593859	18	61	37	0.020
-1.047198	0.496451	0.593859	23	150	41	0.020
-1.047198	2.379497	0.561089	7	59	51	0.020
0.261799	2.379497	0.561089	3	57	55	0.020
0.523599	2.379497	0.561089	3	58	56	0.020
-2.617994	1.433411	-1.035986	221	47	39	0.020
-2.094395	1.433411	-1.035986	8	51	37	0.020
-1.570796	1.433411	-1.035986	20	46	42	0.020
-1.047198	1.433411	-1.035986	19	59	16	0.020
-0.785398	1.433411	-1.035986	20	59	40	0.020
-1.832596	1.658653	-2.409879	21	148	22	0.020
-1.570796	1.658653	-2.409879	18	144	21	0.020
0.000000	1.658653	-2.409879	221	55	17	0.020
0.261799	1.658653	-2.409879	222	61	17	0.020
0.523599	1.658653	-2.409879	215	52	18	0.020
1.047198	1.658653	-2.409879	221	150	23	0.020
1.832596	1.658653	-2.409879	215	91	19	0.020
-2.356194	0.418037	1.360082	16	62	33	0.020
-1.570796	0.418037	1.360082	22	86	29	0.020
-0.785398	0.418037	1.360082	6	139	32	0.020
0.523599	0.418037	1.360082	211	86	32	0.020
1.308997	0.418037	1.360082	209	76	38	0.020
2.879793	0.418037	1.360082	14	89	31	0.020
-2.356194	1.214854	-1.966664	8	56	20	0.020
-2.094395	1.214854	-1.966664	5	70	17	0.020
-1.832596	1.214854	-1.966664	13	62	29	0.020
-1.570796	1.214854	-1.966664	12	144	25	0.020
0.523599	1.214854	-1.966664	19	150	25	0.020
1.047198	1.214854	-1.966664	4	140	17	0.020
1.570796	1.214854	-1.966664	1	160	13	0.020
1.832596	1.214854	-1.966664	221	144	25	0.020
2.617994	1.214854	-1.966664	12	56	19	0.020
-1.570796	0.914445	2.687814	14	139	27	0.020
-0.261799	0.914445	2.687814	213	57	23	0.020
0.261799	0.914445	2.687814	214	56	28	0.020
1.570796	0.914445	2.687814	0	86	37	0.020
2.094395	0.914445	2.687814	223	85	33	0.020
-2.617994	1.135813	-2.658866	13	59	23	0.020
-2.356194	1.135813	-2.658866	11	148	25	0.020
0.000000	1.135813	-2.658866	219	49	20	0.020
1.047198	1.135813	-2.658866	222	72	20	0.020
1.308997	1.135813	-2.658866	222	62	33	0.020
-2.094395	1.448123	-2.163292	17	60	22	0.020
-1.832596	1.448123	-2.163292	16	140	26	0.020
-1.570796	1.448123	-2.163292	11	87	20	0.020
0.261799	1.448123	-2.163292	1	52	18	0.020
-2.879793	2.455966	-0.641220	216	56	42	0.020
1.832596	2.455966	-0.641220	0	159	48	0.020
-1.832596	1.662363	0.915448	15	54	45	0.020
-1.570796	1.662363	0.915448	15	155	48	0.020
1.308997	1.662363	0.915448	221	86	54	0.020
1.570796	1.662363	0.915448	216	57	39	0.020
1.832596	1.662363	0.915448	223	86	46	0.020
2.094395	1.662363	0.915448	219	153	52	0.020
1.570796	0.571433	-1.188419	222	72	29	0.019
2.879793	1.504028	0.636812	0	65	53	0.019
1.047198	2.404280	-0.174044	6	75	45	0.019
0.785398	0.709924	0.218797	220	68	35	0.019
2.094395	2.247462	0.191623	222	72	47	0.019
1.832596	2.115563	0.685730	0	69	54	0.019
-1.832596	2.404280	-0.174044	0	65	52	0.019
0.523599	2.115563	0.685730	223	77	46	0.019
2.094395	0.640596	-2.797608	11	66	23	0.019
0.523599	2.979456	-1.009304	6	77	52	0.019
0.523599	0.831641	0.616218	219	70	28	0.019
1.570796	2.247462	0.191623	1	70	50	0.019
-2.094395	1.741644	-2.695914	18	72	33	0.019
-2.617994	2.863997	0.549740	214	77	49	0.019
-1.570796	1.045978	0.343692	23	67	49	0.019
2.879793	1.045978	0.343692	216	70	44	0.019
-2.617994	0.591903	2.010408	26	66	36	0.019
0.523599	2.637879	2.121598	213	70	49	0.019
0.000000	1.374601	-2.456031	215	86	16	0.019
0.523599	0.914445	2.687814	216	72	26	0.019
1.308997	1.413347	-1.339188	222	170	27	0.019
2.356194	0.619654	-2.216909	2	67	23	0.019
-1.308997	1.658653	-2.409879	12	70	24	0.019
1.832596	2.180315	-1.357379	215	69	38	0.019
-1.047198	0.831641	0.616218	22	69	38	0.019
2.094395	2.579248	-2.364801	212	65	47	0.019
-3.141593	1.195355	1.200319	223	65	46	0.019
2.094395	2.001437	0.381215	5	70	56	0.019
-1.308997	1.214854	-1.966664	12	65	15	0.019
1.570796	1.256302	0.062705	214	72	44	0.019
-0.523599	0.899350	-2.069907	0	65	19	0.019
-3.141593	2.724429	-0.348782	212	66	48	0.019
0.523599	2.579248	-2.364801	14	82	44	0.019
-2.617994	2.379497	0.561089	212	70	51	0.019
2.094395	0.961715	0.014085	218	67	33	0.019
-0.261799	2.063651	-2.044600	19	171	30	0.019
2.094395	1.554776	0.100351	215	76	46	0.019
-1.570796	0.618092	2.539118	13	79	35	0.019
1.570796	0.615174	-0.666022	223	80	28	0.019
-1.832596	1.569311	-3.003978	17	75	34	0.019
-1.047198	1.134796	2.434290	13	71	29	0.019
1.832596	1.417623	-0.202254	216	74	44	0.019
0.000000	0.906588	1.252948	222	139	44	0.019
0.523599	1.335669	0.897240	222	90	47	0.019
-0.261799	1.870545	-2.976234	14	139	30	0.019
-1.832596	2.164094	-2.991358	23	81	31	0.019
-2.094395	0.866955	-0.931351	6	65	24	0.019
-0.523599	2.664082	-1.071402	21	71	40	0.019
0.261799	2.579248	-2.364801	220	139	41	0.019
-1.570796	2.984978	1.954446	209	139	45	0.019
2.094395	1.809167	1.213774	6	65	49	0.019
0.000000	1.134497	-1.109631	16	75	14	0.019
-0.261799	1.256302	0.062705	18	139	46	0.019
1.308997	1.113094	-0.272241	215	70	36	0.019
1.832596	0.619654	-2.216909	4	77	20	0.019
2.879793	2.456751	-1.503343	1	65	51	0.019
-0.261799	2.349581	-2.702517	7	139	36	0.019
-2.356194	2.478122	2.609777	16	82	41	0.019
-1.832596	2.478122	2.609777	22	79	42	0.019
0.261799	1.184361	0.625864	1	88	41	0.019
2.094395	1.977582	0.969896	9	70	55	0.019
-0.261799	2.637879	2.121598	213	77	45	0.019
1.308997	1.982574	-1.115518	4	87	46	0.019
-0.523599	2.033014	2.977192	11	139	41	0.019
0.000000	0.080730	-2.622036	214	70	24	0.019
-2.094395	1.050534	3.042579	26	89	35	0.019
-2.879793	1.721184	-0.153948	221	59	45	0.019
1.047198	0.733948	3.021411	213	65	28	0.019
-2.617994	2.881233	-2.582574	7	65	43	0.019
2.094395	1.247695	1.809890	222	65	43	0.019
0.261799	0.496451	0.593859	0	86	32	0.019
0.523599	0.496451	0.593859	213	92	37	0.019
-0.261799	2.455966	-0.641220	34	86	39	0.019
1.308997	2.455966	-0.641220	222	77	48	0.019
-2.617994	1.168678	2.108595	19	65	33	0.019
0.523599	0.850607	-1.335383	10	65	26	0.018
-0.523599	0.961715	0.014085	21	171	40	0.018
-0.785398	1.045978	0.343692	24	65	45	0.018
2.879793	1.374601	-2.456031	220	71	29	0.018
1.570796	0.496451	0.593859	209	70	39	0.018
2.094395	2.455966	-0.641220	217	76	45	0.018
-1.047198	1.662363	0.915448	11	68	57	0.018
1.570796	0.831641	0.616218	216	67	47	0.018
-0.785398	2.343981	-1.040456	23	67	54	0.018
-2.356194	1.812176	0.656819	1	65	58	0.018
-2.879793	2.247462	0.191623	212	70	55	0.018
2.879793	0.080730	-2.622036	1	77	24	0.018
2.094395	1.872854	1.543456	1	70	58	0.018
1.832596	0.762244	-0.273349	223	66	28	0.018
2.617994	2.704512	1.488683	13	72	54	0.018
-1.308997	0.906588	1.252948	17	171	41	0.018
-0.523599	1.214854	-1.966664	10	65	16	0.018
-0.261799	0.370812	-2.547742	217	65	20	0.018
-1.047198	2.579248	-2.364801	14	70	39	0.018
0.000000	1.488617	1.159546	6	89	54	0.018
0.785398	1.545873	-1.877082	1	71	21	0.018
1.308997	1.325504	-1.671296	223	74	27	0.018
2.617994	2.455966	-0.641220	221	65	46	0.018
-0.785398	0.458961	-0.107937	21	72	33	0.018
1.047198	0.419640	2.974122	8	64	29	0.018
1.308997	0.906588	1.252948	217	66	35	0.018
-0.261799	2.247462	0.191623	7	70	55	0.018
1.570796	1.741644	-2.695914	0	64	33	0.018
2.094395	2.664082	-1.071402	212	66	45	0.018
-3.141593	1.113094	-0.272241	218	70	42	0.018
0.523599	0.619654	-2.216909	12	69	24	0.018
1.047198	0.571433	-1.188419	16	81	23	0.018
-0.523599	1.721184	-0.153948	25	76	35	0.018
1.308997	0.700570	1.559208	217	65	31	0.018
1.047198	0.709924	0.218797	0	74	36	0.018
-0.523599	0.418037	1.360082	12	72	34	0.018
2.094395	1.256302	0.062705	213	65	41	0.018
-0.261799	0.762244	-0.273349	27	67	32	0.018
-0.785398	2.033014	2.977192	223	82	45	0.018
2.879793	1.721184	-0.153948	212	65	42	0.018
0.785398	2.033014	2.977192	217	65	39	0.018
1.570796	1.696674	-1.253233	221	71	43	0.018
-1.308997	1.488617	1.159546	16	65	46	0.018
2.094395	2.115563	0.685730	223	75	51	0.018
-1.570796	2.299159	2.264663	15	77	42	0.018
-1.832596	1.699788	2.452890	19	77	42	0.018
1.047198	0.992645	-1.723759	9	72	14	0.018
1.047198	0.762244	-0.273349	223	66	31	0.018
-3.141593	0.685216	-1.712745	3	69	21	0.018
-0.785398	2.724429	-0.348782	23	65	38	0.018
-2.094395	1.736875	3.023612	24	64	34	0.018
-0.523599	1.128190	-2.288622	6	71	23	0.018
-1.047198	1.135813	-2.658866	2	65	15	0.018
-0.523599	0.203748	0.590255	11	75	31	0.018
-0.261799	1.367556	0.358405	14	77	49	0.018
2.094395	0.379747	-1.713059	222	70	25	0.018
2.094395	1.812176	0.656819	223	69	48	0.018
-3.141593	1.450119	-2.739050	20	59	31	0.018
1.832596	2.404280	-0.174044	5	143	55	0.018
-0.785398	2.115563	0.685730	9	79	48	0.018
1.047198	2.115563	0.685730	2	81	56	0.018
-1.570796	1.869911	2.701025	19	77	34	0.018
-1.047198	1.869911	2.701025	16	148	36	0.018
-0.523599	1.869911	2.701025	5	139	38	0.018
0.261799	1.869911	2.701025	213	86	39	0.018
-2.094395	0.458961	-0.107937	17	70	33	0.018
0.000000	0.458961	-0.107937	22	140	31	0.018
0.785398	0.458961	-0.107937	221	69	27	0.018
1.570796	0.458961	-0.107937	217	145	35	0.018
-2.879793	1.554776	0.100351	215	67	40	0.018
-2.356194	1.554776	0.100351	14	59	44	0.018
-1.308997	1.554776	0.100351	24	74	51	0.018
-0.261799	1.554776	0.100351	15	91	51	0.018
1.570796	1.554776	0.100351	2	139	49	0.018
-2.617994	0.618092	2.539118	16	77	27	0.018
-1.832596	0.618092	2.539118	6	70	26	0.018
-1.308997	0.618092	2.539118	13	139	36	0.018
0.261799	0.618092	2.539118	216	86	29	0.018
1.570796	1.846342	-1.796954	218	139	44	0.018
2.617994	1.846342	-1.796954	223	66	24	0.018
-3.141593	0.615174	-0.666022	223	76	27	0.018
-1.832596	0.615174	-0.666022	217	65	18	0.018
-1.308997	0.615174	-0.666022	4	65	23	0.018
-1.047198	0.615174	-0.666022	19	70	24	0.018
0.523599	0.615174	-0.666022	22	139	28	0.018
1.308997	0.615174	-0.666022	217	144	34	0.018
-1.570796	2.393226	1.857173	21	150	48	0.018
-0.785398	2.393226	1.857173	1	87	50	0.018
-2.879793	1.569311	-3.003978	14	60	21	0.018
2.094395	1.569311	-3.003978	7	55	28	0.018
-2.879793	0.419640	2.974122	16	144	31	0.018
-2.617994	0.419640	2.974122	3	144	21	0.018
-1.832596	0.419640	2.974122	4	71	24	0.018
-1.308997	0.419640	2.974122	5	140	30	0.018
2.617994	0.419640	2.974122	22	76	29	0.018
-1.570796	1.134796	2.434290	15	139	35	0.018
0.261799	2.587733	0.232235	27	70	49	0.018
0.785398	2.587733	0.232235	15	139	50	0.018
2.356194	2.587733	0.232235	5	139	54	0.018
-1.308997	1.413430	2.550734	20	144	36	0.018
0.000000	1.417623	-0.202254	17	139	44	0.018
1.308997	1.417623	-0.202254	219	89	46	0.018
-2.617994	0.370812	-2.547742	8	72	20	0.018
-2.356194	0.370812	-2.547742	220	139	17	0.018
0.523599	0.370812	-2.547742	8	72	25	0.018
2.617994	0.370812	-2.547742	10	88	23	0.018
-1.308997	0.640596	-2.797608	218	139	23	0.018
0.785398	0.640596	-2.797608	222	76	27	0.018
1.047198	2.979456	-1.009304	3	86	49	0.018
1.570796	2.979456	-1.009304	215	143	39	0.018
1.308997	0.831641	0.616218	218	72	45	0.018
2.879793	0.831641	0.616218	2	150	26	0.018
0.785398	2.343981	-1.040456	4	150	46	0.018
-2.094395	1.998705	2.370472	15	81	34	0.018
-1.047198	1.998705	2.370472	0	159	37	0.018
-0.785398	1.998705	2.370472	16	91	33	0.018
-0.261799	1.998705	2.370472	218	139	45	0.018
0.261799	1.998705	2.370472	213	139	36	0.018
1.570796	1.413347	-1.339188	220	139	28	0.018
0.785398	0.674054	1.013609	217	150	29	0.018
-0.785398	0.906588	1.252948	13	144	36	0.018
-2.879793	1.335669	0.897240	8	69	48	0.018
-1.570796	1.335669	0.897240	26	79	44	0.018
-0.785398	1.335669	0.897240	16	139	45	0.018
-2.094395	1.870545	-2.976234	19	87	32	0.018
-0.523599	1.870545	-2.976234	1	145	29	0.018
-1.047198	2.164094	-2.991358	13	89	43	0.018
0.000000	2.164094	-2.991358	214	139	33	0.018
1.832596	0.379747	-1.713059	0	144	19	0.018
2.617994	0.379747	-1.713059	5	144	14	0.018
2.879793	0.379747	-1.713059	222	89	21	0.018
-1.570796	2.187132	-0.479875	17	60	36	0.018
1.308997	2.187132	-0.479875	8	91	52	0.018
2.879793	2.187132	-0.479875	223	62	44	0.018
-1.832596	0.866955	-0.931351	222	155	31	0.018
1.570796	0.866955	-0.931351	221	69	34	0.018
2.879793	2.396274	-1.959260	219	60	34	0.018
-2.356194	0.866395	-2.492918	17	85	35	0.018
-1.308997	0.864993	2.278281	12	139	27	0.018
1.308997	0.864993	2.278281	223	59	42	0.018
-2.617994	1.014500	0.906702	16	59	42	0.018
1.047198	1.014500	0.906702	216	140	52	0.018
1.832596	1.014500	0.906702	213	70	41	0.018
2.356194	1.014500	0.906702	0	59	29	0.018
-1.832596	2.247462	0.191623	0	65	55	0.018
-1.570796	2.247462	0.191623	8	70	52	0.018
-2.879793	2.724429	-0.348782	219	81	52	0.018
0.000000	2.724429	-0.348782	23	72	48	0.018
0.523599	2.724429	-0.348782	20	139	47	0.018
1.832596	2.724429	-0.348782	0	91	53	0.018
2.094395	2.724429	-0.348782	223	137	48	0.018
1.570796	1.194549	-0.801900	223	81	32	0.018
0.261799	1.504028	0.636812	220	139	38	0.018
-1.832596	2.174483	2.653697	22	81	41	0.018
-1.308997	2.174483	2.653697	20	91	43	0.018
-0.785398	2.174483	2.653697	220	140	43	0.018
2.617994	2.174483	2.653697	29	56	47	0.018
-0.261799	2.579248	-2.364801	0	154	31	0.018
-2.356194	0.899350	-2.069907	4	85	17	0.018
-0.785398	0.899350	-2.069907	217	77	16	0.018
1.570796	0.899350	-2.069907	4	72	19	0.018
-2.356194	2.984978	1.954446	19	86	47	0.018
-0.523599	2.984978	1.954446	210	76	45	0.018
0.785398	2.984978	1.954446	6	74	52	0.018
-1.047198	1.766067	2.153843	15	144	29	0.018
1.308997	1.766067	2.153843	217	76	45	0.018
1.308997	1.809167	1.213774	0	82	59	0.018
-2.094395	1.135834	-1.431087	0	57	26	0.018
1.832596	1.135834	-1.431087	217	144	33	0.018
1.308997	1.909857	-0.381669	4	140	39	0.018
1.570796	1.909857	-0.381669	1	139	50	0.018
-1.047198	1.310100	1.488307	12	140	58	0.018
1.570796	2.153910	-1.714959	218	92	28	0.018
-2.094395	1.134497	-1.109631	4	59	15	0.018
-2.094395	0.961715	0.014085	4	150	40	0.018
-1.047198	0.961715	0.014085	21	82	38	0.018
1.308997	1.367556	0.358405	223	148	47	0.018
-1.047198	1.440580	2.260026	14	141	38	0.018
-1.570796	2.863997	0.549740	222	77	50	0.018
0.785398	2.863997	0.549740	14	81	53	0.018
2.356194	2.863997	0.549740	3	91	50	0.018
-3.141593	1.045978	0.343692	16	51	34	0.018
1.308997	1.045978	0.343692	220	69	30	0.018
1.570796	1.045978	0.343692	219	77	32	0.018
1.570796	0.290380	-0.796960	222	145	26	0.018
-1.570796	1.545873	-1.877082	16	65	28	0.018
-1.308997	1.545873	-1.877082	14	82	29	0.018
0.261799	2.356369	3.005869	210	142	42	0.018
-1.832596	1.836682	-0.676006	8	150	40	0.018
0.523599	1.836682	-0.676006	1	151	40	0.018
2.879793	1.836682	-0.676006	215	165	47	0.018
-2.617994	1.948085	-2.363031	18	58	27	0.018
-1.308997	1.948085	-2.363031	20	89	14	0.018
-1.832596	1.736875	3.023612	19	74	36	0.018
-1.308997	1.736875	3.023612	16	90	43	0.018
0.261799	1.736875	3.023612	3	139	33	0.018
2.356194	1.736875	3.023612	7	51	29	0.018
-2.356194	0.591903	2.010408	23	81	37	0.018
-1.308997	0.591903	2.010408	5	75	24	0.018
-0.785398	0.591903	2.010408	10	92	32	0.018
-0.261799	0.591903	2.010408	215	140	37	0.018
1.047198	0.591903	2.010408	218	77	34	0.018
-0.785398	2.760637	2.781135	10	90	48	0.018
-0.523599	2.760637	2.781135	11	149	42	0.018
1.570796	2.760637	2.781135	221	74	42	0.018
-2.617994	1.256302	0.062705	214	51	42	0.018
1.047198	1.256302	0.062705	2	141	38	0.018
-0.785398	2.592629	0.909713	13	65	44	0.018
1.047198	2.592629	0.909713	5	70	53	0.018
-2.879793	1.113094	-0.272241	218	60	36	0.018
1.832596	1.113094	-0.272241	220	83	34	0.018
-1.570796	2.407836	1.410646	8	88	55	0.018
-2.356194	2.089241	-0.114193	1	59	40	0.018
-1.832596	2.089241	-0.114193	10	65	51	0.018
0.785398	2.089241	-0.114193	16	89	49	0.018
2.617994	2.089241	-0.114193	222	77	47	0.018
-1.308997	0.619654	-2.216909	216	69	19	0.018
0.261799	0.619654	-2.216909	6	77	24	0.018
-1.308997	2.456751	-1.503343	24	77	37	0.018
-0.785398	2.456751	-1.503343	25	71	36	0.018
-1.570796	2.001437	0.381215	10	65	58	0.018
1.832596	2.001437	0.381215	7	86	56	0.018
-1.308997	2.349581	-2.702517	21	140	37	0.018
-1.047198	2.349581	-2.702517	18	86	35	0.018
0.000000	2.349581	-2.702517	217	140	29	0.018
2.094395	2.349581	-2.702517	222	153	40	0.018
-1.570796	1.168678	2.108595	21	86	48	0.018
-0.523599	2.478122	2.609777	215	143	43	0.018
-1.308997	1.699788	2.452890	8	139	43	0.018
-3.141593	1.184361	0.625864	10	55	40	0.018
-2.617994	1.184361	0.625864	20	150	46	0.018
1.047198	1.184361	0.625864	217	140	48	0.018
-1.832596	2.108018	1.311430	14	144	54	0.018
-1.047198	2.108018	1.311430	6	88	54	0.018
-3.141593	1.488617	1.159546	0	56	55	0.018
-0.261799	1.488617	1.159546	10	139	51	0.018
-1.308997	1.325504	-1.671296	19	76	26	0.018
-1.570796	1.606104	-0.451151	21	65	35	0.018
1.570796	1.606104	-0.451151	220	88	48	0.018
-2.879793	1.506530	1.988858	26	59	40	0.018
-1.832596	1.977582	0.969896	6	77	51	0.018
-2.356194	2.637879	2.121598	5	146	49	0.018
-2.356194	1.218453	2.777284	20	88	33	0.018
-1.570796	1.218453	2.777284	7	85	32	0.018
-3.141593	1.555207	1.708892	13	51	42	0.018
-1.832596	2.295480	1.008277	8	84	53	0.018
-1.047198	2.295480	1.008277	217	88	52	0.018
1.308997	1.510910	-0.740472	220	86	44	0.018
-3.141593	0.571433	-1.188419	216	86	21	0.018
2.094395	0.571433	-1.188419	221	144	24	0.018
-3.141593	1.982574	-1.115518	209	62	47	0.018
-2.617994	2.033014	2.977192	13	61	35	0.018
-1.047198	2.033014	2.977192	18	138	36	0.018
-1.570796	0.297065	2.160177	14	139	26	0.018
-0.523599	0.297065	2.160177	1	143	33	0.018
-3.141593	0.080730	-2.622036	4	139	35	0.018
-2.879793	0.080730	-2.622036	16	145	26	0.018
2.617994	0.080730	-2.622036	10	139	23	0.018
-2.879793	1.242974	-2.977882	17	160	29	0.018
-0.785398	1.242974	-2.977882	219	160	30	0.018
-0.523599	1.872854	1.543456	223	148	49	0.018
1.832596	1.872854	1.543456	2	74	54	0.018
2.617994	1.872854	1.543456	15	59	48	0.018
-3.141593	0.762244	-0.273349	209	62	35	0.018
2.094395	0.762244	-0.273349	215	84	38	0.018
-3.141593	2.588535	-2.976617	12	59	43	0.018
1.047198	2.588535	-2.976617	218	76	44	0.018
-0.261799	1.391910	3.030322	214	139	33	0.018
1.308997	1.391910	3.030322	221	73	37	0.018
1.570796	1.391910	3.030322	221	74	29	0.018
-1.308997	0.685216	-1.712745	222	79	19	0.018
2.356194	0.685216	-1.712745	211	160	20	0.018
-2.617994	0.700570	1.559208	19	75	34	0.018
-1.570796	0.700570	1.559208	21	79	33	0.018
-3.141593	1.025536	1.576859	15	51	45	0.018
0.785398	2.251330	-2.330739	0	144	35	0.018
-0.261799	1.374601	-2.456031	0	90	20	0.018
1.570796	1.374601	-2.456031	223	79	22	0.018
-2.879793	0.960688	-0.577532	218	55	38	0.018
-2.094395	0.960688	-0.577532	15	70	35	0.018
0.000000	0.960688	-0.577532	19	139	32	0.018
1.047198	0.960688	-0.577532	1	144	26	0.018
1.570796	0.960688	-0.577532	219	86	29	0.018
1.832596	0.960688	-0.577532	222	77	35	0.018
-2.094395	1.824694	1.850876	14	85	56	0.018
-1.832596	1.824694	1.850876	20	150	58	0.018
1.308997	1.824694	1.850876	208	60	38	0.018
-1.570796	2.704512	1.488683	217	85	56	0.018
0.523599	0.910508	1.903534	219	139	51	0.018
-1.047198	0.929350	-2.910676	0	90	20	0.018
-0.785398	0.929350	-2.910676	217	144	27	0.018
0.000000	2.881233	-2.582574	217	146	48	0.018
-2.094395	1.696674	-1.253233	8	56	37	0.018
-1.308997	1.875281	0.107086	18	72	49	0.018
1.308997	1.875281	0.107086	0	141	42	0.018
-2.617994	1.301460	-0.509251	217	56	30	0.018
-1.570796	1.301460	-0.509251	12	76	37	0.018
-0.785398	1.301460	-0.509251	19	76	34	0.018
1.308997	1.301460	-0.509251	222	91	36	0.018
-2.094395	1.904882	-1.478089	16	56	27	0.018
1.570796	0.709924	0.218797	220	139	38	0.018
0.000000	1.433411	-1.035986	22	150	27	0.018
-3.141593	1.658653	-2.409879	6	160	34	0.018
1.308997	1.658653	-2.409879	221	70	20	0.018
2.617994	1.658653	-2.409879	14	65	25	0.018
0.000000	0.418037	1.360082	1	140	38	0.018
-1.308997	0.914445	2.687814	10	139	40	0.018
-2.094395	1.135813	-2.658866	10	87	32	0.018
-1.308997	1.448123	-2.163292	12	71	18	0.018
0.523599	2.455966	-0.641220	12	146	44	0.018
-2.879793	1.662363	0.915448	222	60	62	0.018
0.523599	1.662363	0.915448	18	144	54	0.018
-0.523599	0.370812	-2.547742	207	70	28	0.018
-0.261799	0.496451	0.593859	1	72	31	0.017
1.308997	2.153910	-1.714959	1	79	37	0.017
1.047198	2.108018	1.311430	11	70	62	0.017
-0.523599	1.135834	-1.431087	7	70	26	0.017
-3.141593	2.295480	1.008277	16	65	47	0.017
1.832596	1.904882	-1.478089	218	68	34	0.017
2.356194	2.115563	0.685730	3	68	55	0.017
-1.570796	1.756530	-2.105156	19	65	24	0.017
1.832596	1.599406	1.426070	222	66	56	0.017
-1.832596	1.413430	2.550734	20	70	33	0.017
2.617994	0.850607	-1.335383	216	72	23	0.017
-1.570796	0.831641	0.616218	24	65	45	0.017
1.570796	2.343981	-1.040456	222	74	47	0.017
-1.832596	1.870545	-2.976234	22	70	41	0.017
0.000000	1.194549	-0.801900	10	86	19	0.017
0.000000	1.809167	1.213774	220	86	54	0.017
-2.617994	1.367556	0.358405	13	65	38	0.017
-1.047198	1.256302	0.062705	21	65	44	0.017
0.523599	0.992645	-1.723759	16	75	21	0.017
1.832596	2.104282	-0.813972	0	71	48	0.017
0.261799	0.418037	1.360082	6	66	29	0.017
2.356194	0.961715	0.014085	210	65	40	0.017
1.832596	2.343981	-1.040456	213	171	34	0.017
1.047198	1.134497	-1.109631	222	67	31	0.017
0.000000	2.041297	-2.664597	221	171	22	0.017
0.785398	0.290380	-0.796960	9	70	27	0.017
-1.047198	0.674054	1.013609	20	71	37	0.017
-1.047198	2.719179	-1.780644	25	66	36	0.017
1.832596	1.184361	0.625864	214	66	50	0.017
-0.523599	1.658653	-2.409879	10	79	30	0.017
-2.094395	1.450119	-2.739050	14	66	21	0.017
0.785398	1.554776	0.100351	220	66	36	0.017
-0.523599	0.914445	2.687814	219	70	33	0.017
-0.261799	1.450119	-2.739050	220	72	26	0.017
1.832596	1.617114	-1.572037	218	72	28	0.017
1.832596	1.450119	-2.739050	219	66	32	0.017
-1.832596	1.869911	2.701025	20	70	36	0.017
2.879793	0.458961	-0.107937	215	65	28	0.017
1.047198	1.554776	0.100351	6	85	45	0.017
-2.356194	0.618092	2.539118	25	70	35	0.017
1.832596	1.846342	-1.796954	220	77	33	0.017
1.047198	2.587733	0.232235	15	71	55	0.017
2.094395	1.335669	0.897240	223	65	49	0.017
1.570796	1.812176	0.656819	219	77	46	0.017
2.094395	2.719179	-1.780644	211	69	35	0.017
-0.261799	2.724429	-0.348782	10	70	52	0.017
1.047198	2.724429	-0.348782	1	76	51	0.017
1.047198	1.194549	-0.801900	221	77	41	0.017
-2.094395	2.174483	2.653697	15	74	42	0.017
0.000000	2.174483	2.653697	207	86	43	0.017
0.785398	2.664082	-1.071402	20	81	46	0.017
-1.570796	1.766067	2.153843	16	85	54	0.017
0.000000	1.440580	2.260026	217	90	30	0.017
-2.094395	1.948085	-2.363031	17	70	32	0.017
-2.356194	2.592629	0.909713	218	72	53	0.017
-0.261799	1.113094	-0.272241	34	85	43	0.017
-2.617994	2.089241	-0.114193	216	65	48	0.017
1.570796	2.001437	0.381215	223	76	49	0.017
1.570796	2.349581	-2.702517	222	65	37	0.017
1.308997	1.977582	0.969896	221	70	57	0.017
1.570796	1.977582	0.969896	1	70	60	0.017
0.523599	0.571433	-1.188419	11	77	22	0.017
-0.523599	0.733948	3.021411	222	80	16	0.017
-1.832596	0.685216	-1.712745	219	65	26	0.017
-2.094395	1.025536	1.576859	26	72	47	0.017
1.832596	1.128190	-2.288622	6	67	20	0.017
-1.308997	2.881233	-2.582574	7	70	42	0.017
1.308997	2.073035	2.027405	7	69	54	0.017
-2.356194	1.875281	0.107086	16	72	45	0.017
2.094395	0.496451	0.593859	211	69	42	0.017
-0.523599	2.379497	0.561089	9	70	55	0.017
-3.141593	1.135813	-2.658866	3	77	18	0.017
2.879793	1.218453	2.777284	0	65	29	0.017
-0.261799	1.977582	0.969896	9	70	43	0.017
0.523599	1.194549	-0.801900	17	81	18	0.017
-3.141593	1.998705	2.370472	3	66	36	0.017
-3.141593	2.407836	1.410646	7	66	51	0.017
-3.141593	1.128190	-2.288622	15	65	21	0.017
-3.141593	0.914445	2.687814	14	65	33	0.017
0.785398	1.014500	0.906702	219	68	39	0.017
-0.261799	2.356369	3.005869	219	79	42	0.017
-0.261799	0.899350	-2.069907	4	70	19	0.017
-2.356194	1.809167	1.213774	21	67	51	0.017
2.879793	0.571433	-1.188419	218	69	27	0.017
0.261799	2.073035	2.027405	220	65	55	0.017
2.356194	1.683268	0.374177	0	65	52	0.017
-1.047198	2.984978	1.954446	212	66	45	0.017
1.832596	0.370812	-2.547742	9	66	26	0.017
0.000000	0.640596	-2.797608	12	69	21	0.017
0.000000	0.831641	0.616218	11	92	44	0.017
2.356194	2.343981	-1.040456	0	77	46	0.017
-1.308997	0.866955	-0.931351	16	65	31	0.017
2.094395	0.899350	-2.069907	17	70	16	0.017
2.879793	2.863997	0.549740	0	77	49	0.017
1.047198	1.948085	-2.363031	216	67	20	0.017
2.356194	1.948085	-2.363031	217	66	41	0.017
-2.094395	2.592629	0.909713	3	71	54	0.017
-2.879793	2.138223	1.678323	16	70	53	0.017
-0.785398	0.733948	3.021411	1	76	25	0.017
-1.308997	0.700570	1.559208	21	171	45	0.017
0.000000	2.379497	0.561089	26	70	55	0.017
-2.094395	1.658653	-2.409879	15	65	19	0.017
-0.523599	0.906588	1.252948	0	171	35	0.017
0.523599	1.741644	-2.695914	210	63	25	0.017
0.785398	1.134497	-1.109631	15	66	19	0.017
0.000000	0.961715	0.014085	15	171	35	0.017
0.261799	1.045978	0.343692	0	68	51	0.017
2.094395	1.982574	-1.115518	214	65	39	0.017
0.261799	2.251330	-2.330739	11	174	39	0.017
-0.523599	1.824694	1.850876	0	72	58	0.017
-0.261799	0.709924	0.218797	9	69	32	0.017
-3.141593	0.619654	-2.216909	13	67	20	0.017
1.570796	2.456751	-1.503343	216	68	40	0.017
2.094395	1.113094	-0.272241	212	65	33	0.017
1.047198	0.615174	-0.666022	221	70	39	0.017
-1.570796	0.850607	-1.335383	2	65	12	0.017
1.047198	0.899350	-2.069907	10	66	14	0.017
-1.047198	1.699788	2.452890	10	90	48	0.017
0.261799	1.555207	1.708892	1	81	54	0.017
-2.617994	0.297065	2.160177	22	65	31	0.017
0.785398	1.128190	-2.288622	3	63	18	0.017
1.832596	0.850607	-1.335383	221	76	20	0.017
2.879793	2.247462	0.191623	221	69	53	0.017
-0.523599	1.325504	-1.671296	16	71	28	0.017
-3.141593	1.050534	3.042579	7	65	27	0.017
-2.879793	2.299159	2.264663	34	65	48	0.017
-2.617994	0.379747	-1.713059	215	67	25	0.017
-0.261799	1.440580	2.260026	216	85	40	0.017
-2.879793	2.108018	1.311430	14	69	50	0.017
1.570796	1.904882	-1.478089	218	74	31	0.017
-1.308997	2.041297	-2.664597	20	72	27	0.017
-1.832596	1.766067	2.153843	14	64	39	0.017
-0.523599	1.756530	-2.105156	13	140	27	0.017
-0.261799	1.756530	-2.105156	8	139	27	0.017
-2.879793	0.458961	-0.107937	15	65	38	0.017
-2.094395	1.846342	-1.796954	13	65	31	0.017
0.000000	1.846342	-1.796954	219	140	25	0.017
0.785398	0.615174	-0.666022	215	90	30	0.017
2.094395	0.615174	-0.666022	222	81	28	0.017
-1.047198	2.393226	1.857173	15	79	42	0.017
2.879793	2.393226	1.857173	13	69	44	0.017
-0.523599	1.569311	-3.003978	217	139	29	0.017
0.785398	1.569311	-3.003978	214	70	31	0.017
0.261799	0.419640	2.974122	222	65	20	0.017
1.832596	0.419640	2.974122	2	67	24	0.017
2.617994	1.574060	2.783565	14	55	40	0.017
0.261799	1.417623	-0.202254	4	139	47	0.017
-3.141593	0.640596	-2.797608	10	83	18	0.017
-0.523599	2.979456	-1.009304	15	72	44	0.017
-2.879793	0.831641	0.616218	214	56	48	0.017
-0.261799	2.343981	-1.040456	24	86	36	0.017
1.047198	2.343981	-1.040456	7	77	48	0.017
-1.832596	1.998705	2.370472	16	75	38	0.017
-2.094395	0.674054	1.013609	20	66	35	0.017
1.570796	0.906588	1.252948	218	65	44	0.017
2.356194	1.335669	0.897240	214	70	52	0.017
-0.785398	1.870545	-2.976234	221	139	43	0.017
1.832596	1.870545	-2.976234	222	66	33	0.017
2.094395	2.164094	-2.991358	222	66	44	0.017
0.785398	2.719179	-1.780644	16	89	40	0.017
1.308997	2.719179	-1.780644	217	86	42	0.017
0.261799	1.617114	-1.572037	17	139	34	0.017
-2.356194	1.014500	0.906702	21	70	45	0.017
-0.785398	1.014500	0.906702	18	85	37	0.017
-1.832596	2.724429	-0.348782	218	67	41	0.017
-0.261799	1.504028	0.636812	17	140	60	0.017
1.308997	1.504028	0.636812	220	76	56	0.017
1.308997	2.579248	-2.364801	212	69	38	0.017
0.785398	0.899350	-2.069907	2	77	21	0.017
-1.308997	2.984978	1.954446	212	88	49	0.017
-2.879793	1.135834	-1.431087	222	59	35	0.017
2.094395	1.135834	-1.431087	2	86	16	0.017
1.047198	1.909857	-0.381669	220	72	42	0.017
1.570796	1.195355	1.200319	218	71	45	0.017
-1.308997	2.153910	-1.714959	20	65	36	0.017
0.000000	2.153910	-1.714959	10	143	38	0.017
1.047198	2.153910	-1.714959	220	139	39	0.017
1.832596	2.153910	-1.714959	215	77	29	0.017
-0.261799	1.134497	-1.109631	15	82	18	0.017
1.570796	1.134497	-1.109631	216	79	34	0.017
0.785398	0.961715	0.014085	18	149	36	0.017
0.000000	1.367556	0.358405	0	139	35	0.017
-0.523599	1.440580	2.260026	0	140	36	0.017
-3.141593	2.863997	0.549740	206	140	45	0.017
0.523599	2.863997	0.549740	9	65	47	0.017
2.094395	1.045978	0.343692	219	65	39	0.017
-2.879793	1.545873	-1.877082	11	66	23	0.017
-2.617994	1.545873	-1.877082	8	65	21	0.017
-1.832596	1.545873	-1.877082	15	65	29	0.017
-0.261799	1.545873	-1.877082	222	144	19	0.017
-1.570796	2.356369	3.005869	22	86	42	0.017
-1.308997	2.356369	3.005869	11	77	44	0.017
0.523599	1.948085	-2.363031	217	90	19	0.017
2.879793	2.760637	2.781135	13	65	46	0.017
0.000000	1.113094	-0.272241	9	139	46	0.017
1.570796	1.113094	-0.272241	217	76	35	0.017
-2.094395	2.089241	-0.114193	15	66	44	0.017
2.617994	2.001437	0.381215	213	77	52	0.017
0.785398	2.180315	-1.357379	11	92	43	0.017
1.832596	2.108018	1.311430	3	73	57	0.017
-2.356194	1.488617	1.159546	20	67	54	0.017
-2.094395	1.488617	1.159546	21	77	46	0.017
-1.570796	1.488617	1.159546	20	71	52	0.017
2.356194	1.488617	1.159546	8	70	55	0.017
-2.879793	1.606104	-0.451151	213	160	43	0.017
2.617994	1.606104	-0.451151	219	77	40	0.017
-0.523599	1.218453	2.777284	8	139	36	0.017
2.094395	1.218453	2.777284	222	65	34	0.017
1.047198	2.295480	1.008277	5	76	58	0.017
-1.570796	1.510910	-0.740472	19	65	39	0.017
0.523599	1.510910	-0.740472	6	139	31	0.017
0.000000	0.571433	-1.188419	12	79	28	0.017
-1.832596	1.982574	-1.115518	11	66	36	0.017
-2.879793	0.297065	2.160177	17	66	24	0.017
-2.356194	0.297065	2.160177	23	81	32	0.017
-1.308997	0.297065	2.160177	12	82	28	0.017
0.523599	0.297065	2.160177	217	76	27	0.017
0.261799	1.242974	-2.977882	221	90	25	0.017
-1.047198	0.992645	-1.723759	21	70	28	0.017
0.785398	0.992645	-1.723759	17	86	21	0.017
-1.047198	0.762244	-0.273349	17	66	33	0.017
0.000000	0.762244	-0.273349	17	82	43	0.017
1.570796	0.733948	3.021411	9	66	22	0.017
-1.308997	2.588535	-2.976617	20	77	40	0.017
-1.047198	2.588535	-2.976617	19	81	44	0.017
-0.261799	2.588535	-2.976617	19	85	43	0.017
2.356194	2.588535	-2.976617	1	66	42	0.017
2.617994	0.685216	-1.712745	219	85	24	0.017
-0.523599	2.063651	-2.044600	9	88	41	0.017
-0.261799	0.700570	1.559208	8	89	32	0.017
0.000000	0.700570	1.559208	222	85	21	0.017
0.000000	1.025536	1.576859	219	139	40	0.017
-2.356194	1.374601	-2.456031	18	80	21	0.017
0.785398	1.732874	-0.951685	7	139	50	0.017
-3.141593	1.824694	1.850876	16	66	37	0.017
-1.308997	1.824694	1.850876	14	89	37	0.017
-2.617994	2.704512	1.488683	216	138	54	0.017
-1.047198	2.704512	1.488683	216	76	48	0.017
-0.785398	0.910508	1.903534	221	140	31	0.017
-2.617994	0.929350	-2.910676	14	83	22	0.017
-0.523599	0.929350	-2.910676	14	75	30	0.017
-0.261799	0.929350	-2.910676	15	76	21	0.017
-2.356194	1.128190	-2.288622	11	66	26	0.017
1.047198	1.301460	-0.509251	219	139	28	0.017
2.356194	1.301460	-0.509251	211	82	37	0.017
0.261799	1.904882	-1.478089	10	140	27	0.017
-0.785398	0.709924	0.218797	25	71	38	0.017
0.000000	0.709924	0.218797	21	139	32	0.017
0.261799	0.709924	0.218797	16	139	36	0.017
0.523599	0.709924	0.218797	17	144	41	0.017
-1.308997	2.379497	0.561089	6	70	54	0.017
-0.785398	2.379497	0.561089	16	65	53	0.017
0.785398	2.379497	0.561089	8	75	57	0.017
0.785398	1.433411	-1.035986	222	139	43	0.017
1.832596	1.433411	-1.035986	219	85	33	0.017
-2.617994	0.418037	1.360082	18	65	33	0.017
-1.832596	0.418037	1.360082	31	76	35	0.017
-2.094395	0.914445	2.687814	15	70	30	0.017
-1.832596	0.914445	2.687814	15	82	29	0.017
2.094395	1.448123	-2.163292	0	76	21	0.017
0.785398	2.455966	-0.641220	6	86	55	0.017
1.047198	1.662363	0.915448	222	75	53	0.017
-0.261799	2.251330	-2.330739	217	171	32	0.017
-1.570796	0.910508	1.903534	9	66	23	0.017
2.617994	2.247462	0.191623	220	72	54	0.017
-3.141593	1.242974	-2.977882	17	65	27	0.017
2.617994	2.404280	-0.174044	217	65	55	0.017
1.570796	1.617114	-1.572037	218	72	38	0.016
0.000000	1.766067	2.153843	212	72	57	0.016
2.879793	2.587733	0.232235	215	77	50	0.016
-0.785398	0.850607	-1.335383	0	67	23	0.016
1.832596	2.979456	-1.009304	214	72	42	0.016
-2.879793	1.413347	-1.339188	216	65	20	0.016
1.047198	2.396274	-1.959260	215	72	41	0.016
1.047198	1.741644	-2.695914	218	66	34	0.016
-2.356194	2.174483	2.653697	20	65	36	0.016
0.000000	1.195355	1.200319	1	81	33	0.016
-2.879793	0.733948	3.021411	17	72	26	0.016
-2.879793	1.875281	0.107086	219	65	48	0.016
0.785398	1.301460	-0.509251	222	72	40	0.016
0.523599	1.135813	-2.658866	5	65	14	0.016
-2.094395	2.704512	1.488683	6	70	52	0.016
-0.523599	0.496451	0.593859	21	72	29	0.016
0.000000	0.496451	0.593859	8	74	37	0.016
-3.141593	1.545873	-1.877082	14	65	24	0.016
0.523599	2.001437	0.381215	25	77	53	0.016
2.356194	1.256302	0.062705	217	65	43	0.016
2.094395	1.909857	-0.381669	216	69	43	0.016
-1.570796	2.115563	0.685730	8	64	56	0.016
-3.141593	1.756530	-2.105156	5	65	26	0.016
-2.094395	1.599406	1.426070	14	70	56	0.016
0.523599	0.618092	2.539118	6	65	17	0.016
-2.879793	0.850607	-1.335383	223	69	19	0.016
-0.261799	1.413347	-1.339188	16	86	34	0.016
2.356194	0.674054	1.013609	210	65	41	0.016
-0.261799	0.906588	1.252948	222	85	30	0.016
1.308997	2.396274	-1.959260	213	76	40	0.016
0.000000	1.617114	-1.572037	24	86	30	0.016
-0.523599	2.724429	-0.348782	5	65	52	0.016
1.832596	0.899350	-2.069907	5	70	14	0.016
-0.523599	1.367556	0.358405	23	81	50	0.016
-1.047198	2.478122	2.609777	18	81	47	0.016
1.308997	1.184361	0.625864	216	77	43	0.016
2.617994	1.977582	0.969896	5	65	50	0.016
-1.047198	1.050534	3.042579	6	81	30	0.016
-1.308997	2.251330	-2.330739	20	72	34	0.016
0.261799	0.960688	-0.577532	21	81	21	0.016
2.094395	0.709924	0.218797	217	65	29	0.016
-1.570796	1.135813	-2.658866	13	71	24	0.016
2.356194	1.135813	-2.658866	3	65	19	0.016
1.832596	1.448123	-2.163292	4	66	15	0.016
-0.785398	1.194549	-0.801900	18	65	40	0.016
-0.785398	1.325504	-1.671296	6	72	17	0.016
0.261799	1.721184	-0.153948	31	86	41	0.016
-2.879793	1.374601	-2.456031	3	65	28	0.016
0.785398	2.164094	-2.991358	209	65	35	0.016
-1.047198	0.733948	3.021411	4	76	26	0.016
1.832596	0.685216	-1.712745	3	75	17	0.016
0.785398	2.396274	-1.959260	223	174	31	0.016
-0.261799	0.866395	-2.492918	216	66	14	0.016
0.785398	1.904882	-1.478089	3	174	37	0.016
2.356194	1.875281	0.107086	2	66	49	0.016
-0.523599	1.301460	-0.509251	31	65	40	0.016
-2.356194	1.450119	-2.739050	21	65	29	0.016
0.785398	2.115563	0.685730	3	65	49	0.016
-2.879793	0.615174	-0.666022	204	65	30	0.016
-0.523599	1.194549	-0.801900	19	70	31	0.016
0.000000	1.325504	-1.671296	20	81	24	0.016
1.047198	2.063651	-2.044600	216	74	32	0.016
-0.523599	2.251330	-2.330739	6	86	26	0.016
2.356194	2.379497	0.561089	2	72	53	0.016
-0.261799	1.214854	-1.966664	12	77	22	0.016
2.879793	0.914445	2.687814	16	66	18	0.016
-0.261799	0.203748	0.590255	5	71	26	0.016
-1.047198	1.014500	0.906702	25	167	43	0.016
-0.523599	1.948085	-2.363031	11	81	26	0.016
-3.141593	2.108018	1.311430	16	65	41	0.016
0.785398	1.242974	-2.977882	211	66	25	0.016
2.617994	1.904882	-1.478089	212	65	33	0.016
2.879793	2.407836	1.410646	8	65	56	0.016
1.308997	2.404280	-0.174044	12	77	47	0.016
-0.523599	1.554776	0.100351	31	77	43	0.016
0.000000	0.618092	2.539118	217	77	25	0.016
-2.879793	1.846342	-1.796954	2	65	16	0.016
-2.356194	0.615174	-0.666022	215	65	30	0.016
2.879793	0.615174	-0.666022	209	64	29	0.016
1.570796	1.134796	2.434290	221	65	27	0.016
-3.141593	1.417623	-0.202254	3	70	34	0.016
-2.879793	2.343981	-1.040456	216	69	47	0.016
-1.570796	2.343981	-1.040456	23	65	33	0.016
-1.047198	2.343981	-1.040456	14	66	42	0.016
-1.308997	1.413347	-1.339188	19	69	20	0.016
-0.261799	1.812176	0.656819	13	85	53	0.016
0.523599	2.396274	-1.959260	1	90	39	0.016
-1.047198	0.866395	-2.492918	2	75	22	0.016
0.261799	2.247462	0.191623	0	78	52	0.016
2.356194	2.724429	-0.348782	217	86	52	0.016
-1.047198	1.504028	0.636812	20	65	54	0.016
1.832596	1.741644	-2.695914	221	66	29	0.016
2.879793	1.741644	-2.695914	24	65	24	0.016
-0.785398	2.664082	-1.071402	1	74	43	0.016
-1.832596	2.579248	-2.364801	24	65	35	0.016
-0.785398	2.579248	-2.364801	26	76	35	0.016
-1.308997	0.899350	-2.069907	7	65	16	0.016
2.617994	0.899350	-2.069907	9	75	20	0.016
2.879793	1.909857	-0.381669	210	77	31	0.016
0.261799	0.961715	0.014085	223	91	33	0.016
-0.523599	1.545873	-1.877082	13	81	28	0.016
1.308997	1.545873	-1.877082	223	72	16	0.016
0.523599	1.736875	3.023612	210	77	31	0.016
2.879793	1.256302	0.062705	208	77	41	0.016
0.785398	1.113094	-0.272241	215	72	34	0.016
2.617994	1.113094	-0.272241	209	75	39	0.016
-2.879793	2.089241	-0.114193	2	71	47	0.016
-0.785398	2.089241	-0.114193	31	69	45	0.016
0.523599	2.089241	-0.114193	11	81	50	0.016
-1.047198	0.619654	-2.216909	0	66	22	0.016
2.094395	0.619654	-2.216909	2	70	24	0.016
2.879793	0.619654	-2.216909	2	77	18	0.016
2.094395	2.138223	1.678323	1	65	42	0.016
1.570796	2.180315	-1.357379	1	81	37	0.016
0.000000	2.478122	2.609777	214	81	45	0.016
-1.570796	1.699788	2.452890	17	67	32	0.016
-0.523599	1.184361	0.625864	18	86	41	0.016
0.261799	1.325504	-1.671296	17	88	21	0.016
-2.356194	1.977582	0.969896	1	65	58	0.016
-1.570796	2.637879	2.121598	17	72	42	0.016
1.047198	1.218453	2.777284	220	65	36	0.016
0.000000	1.510910	-0.740472	28	88	28	0.016
-0.261799	1.242974	-2.977882	221	75	23	0.016
0.000000	1.242974	-2.977882	5	90	24	0.016
0.261799	2.104282	-0.813972	4	88	47	0.016
-2.879793	0.762244	-0.273349	218	65	34	0.016
-1.047198	1.391910	3.030322	3	170	32	0.016
0.785398	0.960688	-0.577532	5	89	34	0.016
0.261799	0.910508	1.903534	213	72	29	0.016
2.617994	1.128190	-2.288622	3	77	30	0.016
1.047198	1.696674	-1.253233	10	86	34	0.016
0.000000	1.683268	0.374177	14	88	47	0.016
2.356194	0.496451	0.593859	216	65	33	0.016
-2.094395	2.379497	0.561089	223	70	56	0.016
1.570796	1.448123	-2.163292	3	71	19	0.016
0.523599	1.367556	0.358405	16	169	44	0.016
0.261799	2.174483	2.653697	213	66	40	0.016
-2.617994	2.295480	1.008277	12	69	47	0.016
0.000000	2.588535	-2.976617	12	80	49	0.016
-0.785398	1.413347	-1.339188	23	65	34	0.016
-2.356194	1.506530	1.988858	23	69	35	0.016
-0.785398	2.455966	-0.641220	30	66	34	0.016
2.617994	2.108018	1.311430	2	65	49	0.016
-1.308997	1.450119	-2.739050	10	76	24	0.016
-2.094395	2.164094	-2.991358	23	70	34	0.016
-0.261799	0.864993	2.278281	7	82	32	0.016
-0.785398	1.310100	1.488307	13	81	50	0.016
0.000000	1.555207	1.708892	217	86	54	0.016
1.308997	1.683268	0.374177	2	168	55	0.016
1.832596	1.683268	0.374177	223	69	50	0.016
-0.785398	1.662363	0.915448	16	74	61	0.016
-2.879793	2.295480	1.008277	20	65	51	0.016
0.261799	2.588535	-2.976617	205	72	42	0.016
-1.570796	1.506530	1.988858	15	72	41	0.016
0.785398	0.866955	-0.931351	21	69	24	0.016
-1.832596	2.138223	1.678323	7	66	51	0.016
-0.261799	1.247695	1.809890	2	170	27	0.016
0.000000	1.662363	0.915448	12	65	51	0.016
0.523599	0.866955	-0.931351	19	70	19	0.016
2.879793	1.554776	0.100351	209	69	47	0.016
1.832596	1.194549	-0.801900	220	70	30	0.016
1.047198	1.504028	0.636812	218	72	52	0.016
-0.261799	0.619654	-2.216909	15	65	16	0.016
2.356194	0.929350	-2.910676	1	64	21	0.016
0.785398	1.662363	0.915448	12	73	62	0.016
-0.785398	1.050534	3.042579	10	77	29	0.016
-0.785398	1.195355	1.200319	15	169	44	0.016
-3.141593	2.001437	0.381215	222	65	47	0.016
-0.261799	2.404280	-0.174044	21	71	49	0.016
2.879793	2.115563	0.685730	12	69	52	0.016
-2.356194	1.599406	1.426070	11	66	52	0.016
0.785398	0.618092	2.539118	3	65	21	0.016
2.094395	1.846342	-1.796954	222	65	16	0.016
-0.261799	2.393226	1.857173	221	70	60	0.016
-2.094395	1.413430	2.550734	23	68	35	0.016
-2.617994	0.640596	-2.797608	17	72	29	0.016
-2.356194	2.164094	-2.991358	18	66	27	0.016
-1.308997	1.194549	-0.801900	19	65	37	0.016
2.879793	2.174483	2.653697	29	70	44	0.016
-3.141593	1.135834	-1.431087	222	70	26	0.016
1.047198	1.135834	-1.431087	0	85	38	0.016
2.356194	1.135834	-1.431087	216	76	25	0.016
-0.785398	1.836682	-0.676006	20	72	44	0.016
2.094395	1.948085	-2.363031	215	65	40	0.016
-3.141593	2.089241	-0.114193	2	70	41	0.016
2.879793	2.478122	2.609777	17	65	51	0.016
-0.785398	2.108018	1.311430	18	72	45	0.016
2.356194	1.506530	1.988858	5	65	53	0.016
-0.261799	0.733948	3.021411	4	72	27	0.016
2.879793	0.685216	-1.712745	0	71	24	0.016
-2.356194	1.025536	1.576859	15	69	34	0.016
1.832596	1.247695	1.809890	220	65	48	0.016
0.261799	1.135813	-2.658866	8	76	15	0.016
1.570796	1.325504	-1.671296	3	65	22	0.016
2.356194	1.545873	-1.877082	218	66	30	0.016
2.879793	1.696674	-1.253233	213	65	40	0.016
2.879793	1.617114	-1.572037	218	65	23	0.016
1.047198	2.719179	-1.780644	214	71	39	0.016
-0.261799	1.325504	-1.671296	6	80	22	0.016
-0.261799	1.606104	-0.451151	26	71	42	0.016
-0.523599	1.977582	0.969896	7	70	52	0.016
2.617994	1.450119	-2.739050	219	70	34	0.016
-3.141593	1.413347	-1.339188	220	66	21	0.016
1.047198	0.866955	-0.931351	5	74	30	0.016
-0.261799	2.984978	1.954446	210	66	49	0.016
-0.785398	1.113094	-0.272241	30	65	39	0.016
-0.523599	2.089241	-0.114193	29	72	41	0.016
0.785398	2.108018	1.311430	6	67	59	0.016
0.785398	1.606104	-0.451151	0	69	39	0.016
-0.523599	1.506530	1.988858	0	89	60	0.016
-0.523599	0.685216	-1.712745	17	65	31	0.016
2.617994	1.982574	-1.115518	215	66	43	0.016
-1.047198	1.812176	0.656819	7	65	58	0.016
1.570796	1.732874	-0.951685	222	70	40	0.016
-0.785398	1.025536	1.576859	14	169	52	0.016
-0.785398	0.961715	0.014085	31	65	43	0.016
2.617994	1.045978	0.343692	203	67	47	0.016
-0.523599	2.704512	1.488683	213	66	50	0.016
-0.523599	0.910508	1.903534	223	71	22	0.016
2.879793	2.073035	2.027405	12	70	61	0.016
1.047198	1.904882	-1.478089	0	76	37	0.016
-0.261799	1.045978	0.343692	4	178	32	0.016
-0.261799	0.960688	-0.577532	20	171	25	0.016
2.617994	0.203748	0.590255	204	65	23	0.016
0.785398	1.948085	-2.363031	216	65	33	0.016
-2.094395	2.073035	2.027405	18	65	47	0.016
-0.523599	1.699788	2.452890	11	77	30	0.016
2.094395	1.875281	0.107086	220	67	52	0.016
-2.094395	1.134796	2.434290	21	68	34	0.016
-0.261799	2.295480	1.008277	10	65	61	0.016
-2.879793	1.683268	0.374177	208	65	54	0.016
2.356194	1.214854	-1.966664	217	67	32	0.016
0.523599	1.870545	-2.976234	215	66	37	0.016
0.523599	1.998705	2.370472	212	65	46	0.016
-0.523599	1.736875	3.023612	16	80	29	0.016
-3.141593	1.301460	-0.509251	209	66	33	0.016
0.785398	1.658653	-2.409879	218	67	26	0.016
-2.879793	1.977582	0.969896	215	65	60	0.016
-2.617994	1.450119	-2.739050	13	60	32	0.016
-1.047198	1.450119	-2.739050	16	155	35	0.016
-0.523599	1.450119	-2.739050	216	142	32	0.016
0.000000	1.450119	-2.739050	210	154	28	0.016
0.523599	1.450119	-2.739050	214	160	30	0.016
0.785398	1.450119	-2.739050	200	53	31	0.016
2.094395	1.450119	-2.739050	218	55	39	0.016
2.356194	1.450119	-2.739050	0	62	19	0.016
2.879793	1.450119	-2.739050	4	61	29	0.016
-3.141593	2.404280	-0.174044	218	57	45	0.016
-2.879793	2.404280	-0.174044	206	56	51	0.016
-2.617994	2.404280	-0.174044	8	77	51	0.016
-2.356194	2.404280	-0.174044	5	56	40	0.016
-2.094395	2.404280	-0.174044	2	57	56	0.016
-1.570796	2.404280	-0.174044	12	90	48	0.016
-1.047198	2.404280	-0.174044	8	77	52	0.016
-0.785398	2.404280	-0.174044	4	159	53	0.016
-0.523599	2.404280	-0.174044	23	150	49	0.016
0.261799	2.404280	-0.174044	28	139	49	0.016
0.523599	2.404280	-0.174044	8	150	53	0.016
2.094395	2.404280	-0.174044	2	160	55	0.016
2.356194	2.404280	-0.174044	6	139	60	0.016
2.879793	2.404280	-0.174044	221	90	59	0.016
-3.141593	2.115563	0.685730	221	164	61	0.016
-2.879793	2.115563	0.685730	217	59	59	0.016
-2.617994	2.115563	0.685730	219	54	54	0.016
-2.356194	2.115563	0.685730	213	56	59	0.016
-2.094395	2.115563	0.685730	4	155	56	0.016
-0.523599	2.115563	0.685730	9	163	54	0.016
-0.261799	2.115563	0.685730	21	145	53	0.016
0.000000	2.115563	0.685730	1	72	52	0.016
0.261799	2.115563	0.685730	26	85	52	0.016
2.617994	2.115563	0.685730	6	59	52	0.016
-2.879793	1.756530	-2.105156	4	47	22	0.016
-2.617994	1.756530	-2.105156	18	86	24	0.016
-2.356194	1.756530	-2.105156	12	51	29	0.016
-1.047198	1.756530	-2.105156	13	156	33	0.016
0.000000	1.756530	-2.105156	1	89	29	0.016
0.523599	1.756530	-2.105156	3	164	32	0.016
0.785398	1.756530	-2.105156	218	58	25	0.016
2.356194	1.756530	-2.105156	5	89	25	0.016
2.617994	1.756530	-2.105156	11	87	20	0.016
2.879793	1.756530	-2.105156	12	65	27	0.016
-3.141593	1.869911	2.701025	20	59	42	0.016
-2.617994	1.869911	2.701025	22	150	45	0.016
-2.094395	1.869911	2.701025	21	141	44	0.016
-0.261799	1.869911	2.701025	209	61	42	0.016
0.000000	1.869911	2.701025	211	160	47	0.016
1.570796	1.869911	2.701025	221	144	47	0.016
1.832596	1.869911	2.701025	218	85	41	0.016
2.617994	1.869911	2.701025	17	85	41	0.016
2.879793	1.869911	2.701025	13	49	38	0.016
-2.617994	0.458961	-0.107937	213	50	38	0.016
-2.356194	0.458961	-0.107937	216	77	40	0.016
-1.832596	0.458961	-0.107937	13	80	39	0.016
-1.308997	0.458961	-0.107937	20	81	38	0.016
0.261799	0.458961	-0.107937	9	150	37	0.016
0.523599	0.458961	-0.107937	8	143	35	0.016
-3.141593	1.599406	1.426070	223	52	57	0.016
-2.879793	1.599406	1.426070	22	59	47	0.016
-2.617994	1.599406	1.426070	8	52	67	0.016
-1.832596	1.599406	1.426070	16	144	58	0.016
-1.570796	1.599406	1.426070	14	161	55	0.016
-1.047198	1.599406	1.426070	16	139	37	0.016
-0.785398	1.599406	1.426070	15	86	59	0.016
-0.523599	1.599406	1.426070	13	161	61	0.016
-0.261799	1.599406	1.426070	14	150	56	0.016
0.000000	1.599406	1.426070	2	161	60	0.016
0.261799	1.599406	1.426070	218	90	59	0.016
1.047198	1.599406	1.426070	213	155	57	0.016
2.094395	1.599406	1.426070	221	150	65	0.016
2.356194	1.599406	1.426070	223	150	63	0.016
2.617994	1.599406	1.426070	9	52	61	0.016
2.879793	1.599406	1.426070	8	56	58	0.016
-3.141593	1.554776	0.100351	2	59	53	0.016
-2.094395	1.554776	0.100351	3	56	47	0.016
-1.832596	1.554776	0.100351	22	53	58	0.016
-1.570796	1.554776	0.100351	19	82	54	0.016
-0.785398	1.554776	0.100351	27	150	40	0.016
0.523599	1.554776	0.100351	219	59	47	0.016
2.356194	1.554776	0.100351	222	155	53	0.016
2.617994	1.554776	0.100351	221	161	49	0.016
-3.141593	0.618092	2.539118	8	56	25	0.016
-2.879793	0.618092	2.539118	8	52	14	0.016
-2.094395	0.618092	2.539118	22	153	30	0.016
-0.261799	0.618092	2.539118	221	153	30	0.016
1.047198	0.618092	2.539118	208	52	39	0.016
1.308997	0.618092	2.539118	5	59	29	0.016
1.570796	0.618092	2.539118	0	148	35	0.016
1.832596	0.618092	2.539118	3	145	33	0.016
2.356194	0.618092	2.539118	3	87	34	0.016
2.879793	0.618092	2.539118	2	57	28	0.016
-3.141593	1.846342	-1.796954	10	47	25	0.016
-2.356194	1.846342	-1.796954	8	42	41	0.016
-1.832596	1.846342	-1.796954	11	59	37	0.016
-1.570796	1.846342	-1.796954	22	88	35	0.016
-1.308997	1.846342	-1.796954	24	87	27	0.016
-0.523599	1.846342	-1.796954	12	155	22	0.016
-0.261799	1.846342	-1.796954	23	164	34	0.016
0.523599	1.846342	-1.796954	218	164	22	0.016
1.047198	1.846342	-1.796954	221	144	38	0.016
2.356194	1.846342	-1.796954	207	62	31	0.016
2.879793	1.846342	-1.796954	6	153	35	0.016
-2.617994	0.615174	-0.666022	220	55	33	0.016
-2.094395	0.615174	-0.666022	18	139	39	0.016
-0.523599	0.615174	-0.666022	18	150	36	0.016
0.000000	0.615174	-0.666022	31	150	35	0.016
-1.308997	2.393226	1.857173	218	92	59	0.016
-0.523599	2.393226	1.857173	218	162	55	0.016
0.000000	2.393226	1.857173	217	160	51	0.016
0.261799	2.393226	1.857173	214	61	53	0.016
0.523599	2.393226	1.857173	9	144	55	0.016
0.785398	2.393226	1.857173	2	56	61	0.016
1.570796	2.393226	1.857173	3	60	51	0.016
2.356194	2.393226	1.857173	18	55	57	0.016
2.617994	2.393226	1.857173	21	140	54	0.016
-2.356194	1.569311	-3.003978	22	61	42	0.016
-0.785398	1.569311	-3.003978	12	160	25	0.016
0.000000	1.569311	-3.003978	210	160	41	0.016
0.261799	1.569311	-3.003978	208	60	32	0.016
0.523599	1.569311	-3.003978	216	58	37	0.016
1.308997	1.569311	-3.003978	223	149	40	0.016
2.356194	1.569311	-3.003978	14	88	32	0.016
2.879793	1.569311	-3.003978	8	44	38	0.016
-3.141593	0.419640	2.974122	15	81	28	0.016
-0.261799	0.419640	2.974122	219	159	31	0.016
0.000000	0.419640	2.974122	210	160	33	0.016
0.523599	0.419640	2.974122	213	51	32	0.016
1.308997	0.419640	2.974122	3	86	35	0.016
1.570796	0.419640	2.974122	2	90	32	0.016
2.094395	0.419640	2.974122	4	67	28	0.016
2.356194	0.419640	2.974122	25	82	31	0.016
2.879793	0.419640	2.974122	28	150	30	0.016
-3.141593	1.134796	2.434290	11	148	30	0.016
-2.879793	1.134796	2.434290	28	161	31	0.016
-2.617994	1.134796	2.434290	34	60	45	0.016
-2.356194	1.134796	2.434290	28	55	44	0.016
-1.832596	1.134796	2.434290	24	166	49	0.016
-0.785398	1.134796	2.434290	0	140	18	0.016
-0.523599	1.134796	2.434290	0	161	22	0.016
0.785398	1.134796	2.434290	216	59	43	0.016
1.308997	1.134796	2.434290	218	56	31	0.016
1.832596	1.134796	2.434290	0	76	34	0.016
2.094395	1.134796	2.434290	2	79	33	0.016
2.356194	1.134796	2.434290	7	86	37	0.016
2.879793	1.134796	2.434290	3	59	31	0.016
-3.141593	1.574060	2.783565	25	51	44	0.016
-2.879793	1.574060	2.783565	29	51	43	0.016
-2.617994	1.574060	2.783565	32	56	35	0.016
-0.785398	1.574060	2.783565	13	164	31	0.016
-0.523599	1.574060	2.783565	215	163	44	0.016
-0.261799	1.574060	2.783565	218	140	41	0.016
0.000000	1.574060	2.783565	212	153	39	0.016
0.261799	1.574060	2.783565	219	164	44	0.016
0.523599	1.574060	2.783565	204	56	49	0.016
1.047198	1.574060	2.783565	213	148	37	0.016
2.094395	1.574060	2.783565	2	92	37	0.016
