168	1.2	1
-1.832596	1.134796	2.434290
0.000000	0.000000	0.000000
1ext.pdb	-1.886	21.883	-23.365
model.B99990001.pdb	13.321	6.253	12.365
-2.879793	2.760637	2.781135	5	34	15	51.381
1.832596	2.379497	0.561089	18	34	23	50.945
-2.879793	1.948085	-2.363031	3	41	22	50.676
1.047198	1.741644	-2.695914	158	44	40	50.546
-2.617994	2.456751	-1.503343	3	33	35	50.099
1.832596	2.247462	0.191623	15	33	22	49.796
-2.356194	0.961715	0.014085	161	33	35	49.183
0.785398	2.041297	-2.664597	0	44	48	47.268
-1.047198	1.824694	1.850876	156	15	36	46.930
-1.047198	1.448123	-2.163292	11	34	47	46.535
2.879793	2.033014	2.977192	5	37	29	46.205
0.000000	0.615174	-0.666022	145	146	11	46.148
-0.261799	1.367556	0.358405	162	46	28	45.888
-0.523599	0.618092	2.539118	18	13	42	45.800
-2.879793	0.709924	0.218797	166	34	39	45.587
-1.047198	1.545873	-1.877082	9	37	43	45.535
-2.879793	2.153910	-1.714959	5	32	39	45.409
-2.094395	0.290380	-0.796960	157	25	54	45.371
-0.785398	0.080730	-2.622036	164	24	56	45.082
-0.785398	0.640596	-2.797608	153	18	48	44.985
1.570796	2.587733	0.232235	14	30	18	44.799
1.047198	2.041297	-2.664597	161	42	49	44.791
-2.617994	2.251330	-2.330739	167	36	15	44.757
-1.832596	1.599406	1.426070	150	25	40	44.704
1.047198	1.870545	-2.976234	159	44	40	44.626
-2.617994	2.588535	-2.976617	3	35	16	44.583
-3.141593	2.478122	2.609777	8	39	20	44.560
2.356194	2.063651	-2.044600	12	32	26	44.532
0.785398	2.251330	-2.330739	4	39	54	44.056
0.000000	0.290380	-0.796960	144	149	14	43.990
-1.047198	2.033014	2.977192	156	139	17	43.950
-2.356194	0.290380	-0.796960	159	28	53	43.778
-1.308997	2.174483	2.653697	154	139	12	43.673
1.832596	2.592629	0.909713	18	32	22	43.654
1.047198	2.033014	2.977192	159	44	40	43.648
-1.047198	0.640596	-2.797608	153	22	48	43.628
1.570796	2.379497	0.561089	21	30	23	43.408
0.261799	0.619654	-2.216909	9	46	13	43.309
-2.356194	0.762244	-0.273349	153	29	47	43.264
-2.879793	2.041297	-2.664597	3	41	22	43.250
2.617994	1.736875	3.023612	10	36	37	43.224
0.000000	1.134497	-1.109631	161	45	38	43.134
-1.047198	2.174483	2.653697	159	138	12	43.127
-3.141593	2.164094	-2.991358	4	37	31	43.077
-3.141593	2.356369	3.005869	10	39	21	43.044
1.832596	1.488617	1.159546	157	28	20	42.982
-1.308997	0.866395	-2.492918	16	25	48	42.954
-2.617994	0.961715	0.014085	165	35	35	42.731
-0.785398	1.545873	-1.877082	3	38	44	42.605
-2.617994	0.290380	-0.796960	162	30	51	42.359
2.356194	1.948085	-2.363031	12	32	28	42.210
1.570796	1.599406	1.426070	158	34	25	42.209
-2.879793	2.251330	-2.330739	4	38	16	42.201
2.879793	0.418037	1.360082	165	36	15	42.190
-2.879793	0.458961	-0.107937	2	33	43	42.177
-2.617994	2.180315	-1.357379	5	33	37	42.143
2.879793	2.984978	1.954446	6	31	14	42.114
-2.617994	0.458961	-0.107937	159	28	52	42.098
-0.261799	0.290380	-0.796960	143	154	14	42.047
-1.832596	2.108018	1.311430	149	24	26	41.961
-1.047198	0.733948	3.021411	21	15	44	41.865
-2.356194	2.343981	-1.040456	8	33	35	41.844
-2.617994	0.831641	0.616218	158	31	53	41.778
0.785398	1.948085	-2.363031	166	43	49	41.531
2.094395	2.108018	1.311430	156	27	24	41.506
1.308997	2.404280	-0.174044	17	28	17	41.456
2.617994	1.836682	-0.676006	159	128	27	41.446
-1.570796	1.014500	0.906702	159	22	42	41.395
-0.785398	0.733948	3.021411	155	19	51	41.349
-0.523599	0.080730	-2.622036	162	22	56	41.329
-2.879793	2.349581	-2.702517	4	37	15	41.307
-0.785398	1.617114	-1.572037	2	40	40	41.236
2.879793	2.478122	2.609777	12	37	19	41.226
1.308997	0.866395	-2.492918	154	41	32	41.189
2.094395	2.295480	1.008277	154	20	23	41.137
1.832596	1.662363	0.915448	155	24	20	41.110
-2.094395	2.719179	-1.780644	163	35	53	41.017
-2.879793	0.831641	0.616218	162	34	52	41.006
2.356194	2.104282	-0.813972	1	16	60	40.992
-1.047198	1.617114	-1.572037	7	39	41	40.980
1.047198	0.899350	-2.069907	154	41	38	40.980
-0.785398	0.929350	-2.910676	151	16	44	40.937
2.094395	2.704512	1.488683	150	27	31	40.932
-1.047198	0.929350	-2.910676	150	21	44	40.911
2.617994	0.914445	2.687814	0	30	42	40.851
0.785398	0.458961	-0.107937	158	23	18	40.823
-2.617994	2.396274	-1.959260	5	31	58	40.820
0.785398	2.001437	0.381215	153	35	35	40.759
-0.261799	1.184361	0.625864	163	43	20	40.730
1.047198	1.450119	-2.739050	157	45	32	40.684
-1.570796	0.831641	0.616218	159	21	44	40.656
-2.879793	0.700570	1.559208	162	30	33	40.654
2.617994	1.909857	-0.381669	161	127	27	40.606
-1.308997	0.733948	3.021411	20	11	43	40.605
-1.308997	2.979456	-1.009304	159	39	47	40.442
-0.785398	2.588535	-2.976617	158	138	24	40.377
1.047198	0.458961	-0.107937	158	19	19	40.319
2.617994	1.569311	-3.003978	11	35	40	40.314
1.047198	2.073035	2.027405	152	41	33	40.298
-3.141593	1.948085	-2.363031	9	42	22	40.231
0.523599	0.864993	2.278281	13	17	46	40.222
-1.570796	2.456751	-1.503343	156	143	31	40.191
-2.094395	1.113094	-0.272241	160	32	35	40.173
-1.832596	2.881233	-2.582574	1	29	12	40.139
-1.047198	0.370812	-2.547742	159	22	51	40.069
-0.785398	0.419640	2.974122	18	18	43	40.028
-1.308997	1.448123	-2.163292	16	31	46	40.017
-0.261799	1.045978	0.343692	161	43	20	40.010
-2.617994	0.906588	1.252948	164	30	31	39.951
-2.356194	2.588535	-2.976617	161	30	26	39.937
-1.308997	1.374601	-2.456031	17	28	48	39.913
0.785398	2.033014	2.977192	166	47	40	39.847
2.356194	0.297065	2.160177	157	38	23	39.798
-0.261799	0.419640	2.974122	163	18	55	39.769
-1.832596	0.297065	2.160177	151	23	23	39.753
-0.261799	1.683268	0.374177	163	46	37	39.743
-3.141593	0.418037	1.360082	160	34	14	39.668
-3.141593	2.760637	2.781135	9	33	14	39.576
2.617994	0.203748	0.590255	6	29	47	39.550
-3.141593	2.349581	-2.702517	9	37	14	39.523
-1.308997	2.033014	2.977192	151	141	17	39.516
1.047198	2.164094	-2.991358	162	43	47	39.511
2.094395	1.367556	0.358405	156	127	14	39.449
-1.308997	1.658653	-2.409879	14	28	51	39.438
-2.094395	2.587733	0.232235	143	151	161	39.398
2.094395	0.297065	2.160177	164	40	21	39.285
-1.832596	1.113094	-0.272241	154	27	39	39.265
0.000000	0.866955	-0.931351	159	45	29	39.212
-1.308997	0.899350	-2.069907	14	33	45	39.175
2.617994	2.863997	0.549740	163	126	20	39.108
-1.047198	0.866395	-2.492918	151	19	42	39.089
-2.617994	2.349581	-2.702517	0	37	15	39.067
2.617994	2.984978	1.954446	8	30	12	39.050
2.879793	1.736875	3.023612	5	37	37	38.986
-0.785398	0.700570	1.559208	159	27	12	38.962
-2.879793	0.496451	0.593859	162	33	41	38.952
-1.047198	1.699788	2.452890	20	25	20	38.919
0.523599	2.349581	-2.702517	9	41	53	38.911
1.047198	2.108018	1.311430	152	35	37	38.908
2.356194	1.909857	-0.381669	154	129	27	38.889
-3.141593	2.588535	-2.976617	9	33	11	38.879
-1.570796	1.195355	1.200319	158	22	38	38.870
2.094395	2.592629	0.909713	14	35	21	38.862
-2.356194	0.906588	1.252948	163	28	32	38.842
2.356194	1.721184	-0.153948	152	127	18	38.824
-1.832596	1.417623	-0.202254	154	27	33	38.818
0.785398	1.391910	3.030322	5	46	44	38.776
-2.094395	2.456751	-1.503343	150	146	31	38.746
0.000000	0.762244	-0.273349	149	142	7	38.697
1.047198	1.569311	-3.003978	158	45	32	38.692
1.570796	2.247462	0.191623	19	31	22	38.665
1.308997	0.914445	2.687814	3	141	25	38.640
2.617994	1.870545	-2.976234	11	35	33	38.634
1.047198	1.736875	3.023612	157	45	32	38.594
-2.879793	2.456751	-1.503343	8	33	34	38.525
1.047198	2.407836	1.410646	154	34	44	38.501
-1.570796	0.709924	0.218797	162	21	47	38.473
-2.094395	2.881233	-2.582574	163	29	22	38.461
0.261799	1.134497	-1.109631	154	42	39	38.456
-2.617994	2.153910	-1.714959	13	27	57	38.404
-2.094395	0.866955	-0.931351	6	37	37	38.355
-2.356194	1.335669	0.897240	153	32	45	38.338
1.570796	1.310100	1.488307	162	35	20	38.304
-2.879793	2.138223	1.678323	1	125	18	38.299
-2.094395	1.301460	-0.509251	3	37	27	38.278
1.570796	2.187132	-0.479875	15	30	17	38.266
1.832596	1.510910	-0.740472	158	13	50	38.232
2.356194	1.569311	-3.003978	14	33	39	38.180
-3.141593	1.617114	-1.572037	163	127	26	38.150
2.617994	1.325504	-1.671296	16	41	35	38.085
0.000000	1.413347	-1.339188	164	43	47	38.012
1.047198	1.948085	-2.363031	160	41	50	38.003
-2.879793	2.180315	-1.357379	10	32	38	38.001
1.570796	1.555207	1.708892	159	36	30	37.990
-0.785398	1.014500	0.906702	3	45	15	37.919
-1.308997	1.488617	1.159546	157	19	35	37.908
-1.308997	1.247695	1.809890	0	26	17	37.890
2.617994	1.554776	0.100351	160	124	11	37.889
0.000000	0.831641	0.616218	157	34	14	37.889
0.785398	0.591903	2.010408	14	21	47	37.847
-0.523599	1.413347	-1.339188	11	44	46	37.824
0.785398	1.247695	1.809890	17	15	43	37.822
-0.785398	0.914445	2.687814	155	18	51	37.818
-2.356194	0.615174	-0.666022	154	31	48	37.779
2.094395	1.135834	-1.431087	19	32	37	37.772
-0.261799	1.872854	1.543456	6	46	34	37.766
-2.356194	2.456751	-1.503343	10	36	54	37.750
1.308997	0.864993	2.278281	0	145	29	37.654
2.879793	0.591903	2.010408	165	32	37	37.609
-0.523599	2.180315	-1.357379	162	37	48	37.585
-1.570796	1.374601	-2.456031	20	24	47	37.547
1.047198	2.251330	-2.330739	166	37	56	37.541
-2.356194	1.113094	-0.272241	163	34	33	37.532
-2.094395	1.809167	1.213774	150	30	34	37.528
-0.261799	1.256302	0.062705	161	46	29	37.503
1.308997	1.134796	2.434290	6	142	24	37.476
0.261799	0.864993	2.278281	14	14	46	37.473
-1.308997	2.637879	2.121598	19	22	48	37.421
1.308997	2.587733	0.232235	16	26	16	37.399
2.617994	1.875281	0.107086	160	125	20	37.353
-1.308997	0.640596	-2.797608	20	19	43	37.341
-1.832596	0.831641	0.616218	161	25	44	37.337
0.785398	1.977582	0.969896	154	39	33	37.334
0.523599	0.297065	2.160177	2	20	57	37.324
1.570796	0.618092	2.539118	166	145	29	37.285
-1.047198	0.674054	1.013609	3	41	10	37.275
2.617994	1.869911	2.701025	8	37	31	37.271
0.523599	1.696674	-1.253233	151	37	54	37.262
-0.261799	0.458961	-0.107937	164	139	28	37.200
-2.356194	2.719179	-1.780644	0	37	54	37.200
1.570796	1.809167	1.213774	156	32	26	37.141
2.356194	0.203748	0.590255	1	28	55	37.110
-3.141593	2.396274	-1.959260	6	33	36	37.062
-2.617994	2.063651	-2.044600	6	22	60	37.021
-1.308997	1.014500	0.906702	158	18	42	36.991
-1.308997	2.299159	2.264663	29	26	22	36.960
-3.141593	1.756530	-2.105156	157	129	28	36.945
-1.832596	2.138223	1.678323	28	27	21	36.936
-1.832596	2.456751	-1.503343	153	145	32	36.926
-3.141593	0.496451	0.593859	165	29	57	36.923
-2.094395	1.982574	-1.115518	162	149	35	36.916
2.094395	2.299159	2.264663	8	37	24	36.916
1.570796	2.404280	-0.174044	14	31	17	36.891
2.617994	1.809167	1.213774	152	126	8	36.890
-2.094395	0.762244	-0.273349	160	32	40	36.841
-2.879793	1.617114	-1.572037	2	128	26	36.832
-2.879793	2.063651	-2.044600	3	40	19	36.830
-2.356194	1.045978	0.343692	158	31	32	36.795
2.879793	2.164094	-2.991358	141	138	22	36.759
0.523599	2.592629	0.909713	159	37	49	36.716
-2.617994	1.846342	-1.796954	160	38	22	36.699
0.000000	1.135813	-2.658866	4	44	33	36.685
-2.617994	0.615174	-0.666022	13	35	36	36.685
2.356194	1.870545	-2.976234	15	33	32	36.665
2.094395	1.846342	-1.796954	16	29	31	36.657
0.785398	2.164094	-2.991358	0	45	48	36.651
-0.523599	1.617114	-1.572037	14	40	53	36.637
1.832596	2.356369	3.005869	20	34	30	36.618
-0.261799	1.413347	-1.339188	5	45	46	36.616
-1.570796	2.108018	1.311430	15	33	33	36.585
1.570796	2.456751	-1.503343	14	33	48	36.545
2.617994	2.456751	-1.503343	0	34	51	36.518
1.570796	2.979456	-1.009304	8	19	51	36.505
1.308997	0.618092	2.539118	162	40	35	36.459
0.785398	0.080730	-2.622036	161	41	26	36.434
0.785398	1.658653	-2.409879	167	46	40	36.380
2.879793	1.413347	-1.339188	158	125	20	36.377
-1.832596	2.587733	0.232235	145	146	161	36.377
2.617994	2.187132	-0.479875	16	20	47	36.365
0.523599	1.242974	-2.977882	5	50	22	36.336
-2.094395	2.379497	0.561089	140	155	167	36.335
2.879793	0.496451	0.593859	4	33	44	36.319
1.047198	1.824694	1.850876	152	38	24	36.283
2.094395	2.588535	-2.976617	19	34	28	36.268
0.000000	1.606104	-0.451151	157	35	58	36.251
-1.047198	1.417623	-0.202254	7	49	21	36.251
-0.785398	2.356369	3.005869	141	146	163	36.244
1.047198	1.128190	-2.288622	157	42	42	36.241
1.047198	2.063651	-2.044600	13	40	42	36.237
2.617994	2.637879	2.121598	13	35	17	36.233
-3.141593	1.545873	-1.877082	4	45	29	36.208
-2.356194	2.379497	0.561089	17	26	47	36.204
-1.832596	2.299159	2.264663	29	15	22	36.197
2.094395	1.413347	-1.339188	23	33	32	36.195
-2.094395	1.662363	0.915448	148	28	35	36.175
1.832596	1.506530	1.988858	154	36	32	36.169
0.785398	2.073035	2.027405	159	46	33	36.159
-2.879793	0.762244	-0.273349	14	37	32	36.152
-2.094395	2.404280	-0.174044	144	150	161	36.149
-0.261799	1.554776	0.100351	162	47	37	36.138
0.000000	1.909857	-0.381669	155	41	53	36.133
2.617994	2.033014	2.977192	9	36	29	36.095
-0.523599	1.554776	0.100351	11	51	29	36.077
-2.094395	1.256302	0.062705	20	33	26	36.069
0.523599	2.579248	-2.364801	13	33	57	36.068
-0.261799	2.295480	1.008277	167	47	32	36.031
-2.879793	2.356369	3.005869	5	40	20	36.009
-0.523599	1.440580	2.260026	28	39	17	35.992
-2.617994	1.045978	0.343692	162	34	35	35.987
-2.094395	1.194549	-0.801900	4	38	32	35.969
-2.094395	0.961715	0.014085	157	31	35	35.964
-1.570796	1.488617	1.159546	158	23	34	35.901
-1.047198	2.588535	-2.976617	153	139	24	35.899
-0.523599	2.356369	3.005869	152	140	3	35.878
-1.308997	1.545873	-1.877082	13	36	44	35.869
0.785398	1.050534	3.042579	0	46	14	35.865
-3.141593	2.251330	-2.330739	2	27	57	35.811
-2.094395	2.343981	-1.040456	156	154	34	35.806
-2.879793	1.904882	-1.478089	7	31	41	35.797
0.261799	2.033014	2.977192	13	49	40	35.775
-1.570796	1.872854	1.543456	14	30	26	35.755
1.570796	2.153910	-1.714959	149	142	25	35.750
2.617994	2.174483	2.653697	8	36	26	35.734
0.523599	0.685216	-1.712745	10	49	25	35.714
-3.141593	0.906588	1.252948	162	31	63	35.705
-1.308997	1.218453	2.777284	22	22	29	35.699
1.832596	1.599406	1.426070	154	29	26	35.698
0.000000	1.184361	0.625864	156	39	20	35.681
1.047198	2.396274	-1.959260	17	36	45	35.673
-2.094395	1.417623	-0.202254	156	32	33	35.666
-0.261799	1.617114	-1.572037	7	43	52	35.664
-2.094395	0.571433	-1.188419	11	34	41	35.661
-2.617994	2.393226	1.857173	7	128	25	35.654
-3.141593	2.033014	2.977192	11	43	29	35.643
-0.261799	1.135834	-1.431087	158	41	52	35.639
-1.570796	2.174483	2.653697	27	12	20	35.637
0.000000	0.619654	-2.216909	15	45	13	35.607
-0.785398	1.824694	1.850876	157	11	35	35.602
-2.879793	1.756530	-2.105156	167	42	25	35.586
-1.308997	0.080730	-2.622036	19	23	41	35.568
-1.832596	0.379747	-1.713059	163	27	39	35.567
0.785398	1.824694	1.850876	160	43	23	35.564
0.000000	1.242974	-2.977882	6	43	34	35.562
-0.785398	1.391910	3.030322	147	139	17	35.548
-0.261799	1.504028	0.636812	6	50	21	35.540
1.047198	1.184361	0.625864	157	31	20	35.539
-3.141593	2.343981	-1.040456	1	30	54	35.529
2.094395	1.488617	1.159546	154	23	22	35.527
2.094395	1.872854	1.543456	10	30	37	35.525
2.617994	1.433411	-1.035986	154	126	20	35.489
2.356194	1.184361	0.625864	166	127	6	35.475
-3.141593	1.869911	2.701025	152	126	15	35.474
-1.308997	2.343981	-1.040456	3	42	50	35.456
-0.261799	1.417623	-0.202254	162	47	37	35.430
-0.261799	0.899350	-2.069907	12	44	29	35.422
0.523599	0.080730	-2.622036	0	44	25	35.422
0.523599	1.809167	1.213774	158	45	26	35.412
1.308997	2.063651	-2.044600	8	40	42	35.404
-2.879793	1.014500	0.906702	162	37	50	35.395
2.356194	1.875281	0.107086	153	126	20	35.394
2.094395	1.599406	1.426070	154	131	166	35.385
0.000000	1.367556	0.358405	155	42	28	35.371
1.832596	0.850607	-1.335383	21	27	44	35.360
-0.785398	1.195355	1.200319	20	40	9	35.345
-3.141593	1.870545	-2.976234	3	37	37	35.343
2.356194	2.164094	-2.991358	13	31	26	35.343
-1.570796	1.599406	1.426070	150	19	40	35.339
-0.785398	1.721184	-0.153948	19	49	37	35.329
-1.308997	1.025536	1.576859	164	29	19	35.326
-1.570796	2.881233	-2.582574	166	28	12	35.323
2.356194	0.618092	2.539118	166	33	35	35.312
-2.617994	1.732874	-0.951685	165	40	26	35.304
-1.308997	0.203748	0.590255	159	146	32	35.297
2.356194	2.455966	-0.641220	8	19	58	35.280
-1.047198	1.050534	3.042579	150	22	45	35.277
2.617994	0.496451	0.593859	6	34	43	35.276
2.617994	2.001437	0.381215	160	125	21	35.213
1.832596	1.134497	-1.109631	158	21	44	35.187
-0.261799	1.014500	0.906702	164	38	13	35.178
-0.261799	1.569311	-3.003978	13	40	43	35.170
0.523599	2.247462	0.191623	158	37	42	35.169
0.785398	2.115563	0.685730	155	37	38	35.163
-3.141593	2.063651	-2.044600	8	41	19	35.151
-2.879793	2.033014	2.977192	158	126	22	35.147
0.785398	0.618092	2.539118	167	5	62	35.129
2.356194	0.992645	-1.723759	16	34	39	35.125
2.356194	1.836682	-0.676006	151	130	28	35.118
-1.308997	1.310100	1.488307	156	18	36	35.099
-1.832596	1.872854	1.543456	150	26	33	35.074
0.261799	1.510910	-0.740472	158	35	58	35.070
2.879793	2.404280	-0.174044	13	17	55	35.051
2.617994	1.732874	-0.951685	8	20	51	35.050
-0.785398	2.164094	-2.991358	140	146	166	35.049
-1.047198	1.555207	1.708892	158	15	41	35.045
-0.261799	0.709924	0.218797	0	40	7	35.043
-1.570796	0.899350	-2.069907	160	27	33	35.021
-0.785398	2.456751	-1.503343	163	33	53	35.020
-0.523599	1.014500	0.906702	11	41	7	35.019
1.570796	2.863997	0.549740	10	28	13	35.018
2.617994	2.664082	-1.071402	11	35	50	35.014
-2.094395	2.180315	-1.357379	157	147	34	34.980
1.832596	1.869911	2.701025	17	35	33	34.976
-2.879793	2.164094	-2.991358	167	36	31	34.963
1.570796	2.724429	-0.348782	155	128	25	34.948
-0.523599	1.506530	1.988858	26	41	17	34.943
0.523599	1.247695	1.809890	15	12	43	34.936
-0.523599	2.164094	-2.991358	143	141	166	34.930
-1.047198	1.195355	1.200319	25	36	10	34.929
-2.356194	0.709924	0.218797	159	32	38	34.926
2.879793	1.256302	0.062705	162	44	45	34.926
1.832596	2.724429	-0.348782	162	127	25	34.924
1.308997	0.418037	1.360082	13	26	46	34.904
2.094395	0.831641	0.616218	17	34	39	34.893
0.785398	0.615174	-0.666022	146	138	2	34.892
-2.879793	1.545873	-1.877082	165	43	29	34.891
-1.047198	1.756530	-2.105156	8	34	50	34.879
-1.570796	1.450119	-2.739050	19	20	50	34.877
1.832596	0.418037	1.360082	9	28	46	34.875
0.523599	1.448123	-2.163292	14	47	34	34.873
2.879793	1.982574	-1.115518	158	133	28	34.872
-1.570796	0.615174	-0.666022	157	29	45	34.868
-0.523599	0.700570	1.559208	157	23	13	34.853
-0.785398	0.496451	0.593859	0	43	14	34.850
1.308997	0.910508	1.903534	11	12	61	34.847
-1.570796	0.640596	-2.797608	20	15	43	34.832
-3.141593	2.041297	-2.664597	5	37	32	34.827
-2.617994	2.343981	-1.040456	0	35	14	34.825
-2.617994	0.762244	-0.273349	165	35	38	34.819
1.308997	0.419640	2.974122	161	42	29	34.818
1.047198	1.555207	1.708892	17	15	42	34.809
-2.879793	2.396274	-1.959260	3	34	39	34.799
2.094395	2.724429	-0.348782	2	14	51	34.784
-0.785398	1.310100	1.488307	24	39	11	34.775
-2.094395	0.297065	2.160177	153	27	23	34.773
-1.570796	1.335669	0.897240	158	23	38	34.770
-2.617994	2.001437	0.381215	19	20	48	34.769
-2.617994	1.184361	0.625864	156	36	44	34.742
2.356194	1.256302	0.062705	160	127	18	34.727
-0.523599	1.256302	0.062705	167	47	28	34.727
-1.570796	2.664082	-1.071402	0	41	48	34.725
0.785398	0.899350	-2.069907	161	45	36	34.721
0.523599	1.168678	2.108595	12	12	44	34.697
2.879793	1.870545	-2.976234	9	36	36	34.696
0.785398	2.349581	-2.702517	4	41	54	34.694
0.000000	0.297065	2.160177	20	18	40	34.694
1.308997	1.184361	0.625864	156	25	20	34.691
-2.356194	0.960688	-0.577532	7	38	32	34.685
-0.261799	1.050534	3.042579	155	9	48	34.682
2.094395	1.982574	-1.115518	8	23	38	34.660
-1.308997	1.417623	-0.202254	9	42	40	34.652
2.356194	2.863997	0.549740	155	127	21	34.642
-0.785398	1.488617	1.159546	24	44	16	34.638
-0.523599	0.733948	3.021411	156	15	51	34.638
0.523599	0.709924	0.218797	152	28	18	34.634
-1.832596	0.762244	-0.273349	157	30	40	34.616
-2.094395	2.588535	-2.976617	162	33	16	34.613
2.356194	1.554776	0.100351	152	126	11	34.611
-2.094395	0.960688	-0.577532	160	32	43	34.581
0.261799	0.866395	-2.492918	11	48	17	34.578
1.832596	0.910508	1.903534	159	37	27	34.575
-2.617994	2.719179	-1.780644	5	39	53	34.568
2.356194	1.506530	1.988858	139	138	0	34.567
2.094395	1.869911	2.701025	12	37	34	34.566
-1.570796	2.979456	-1.009304	166	43	46	34.553
0.785398	0.866395	-2.492918	157	43	46	34.551
1.832596	1.812176	0.656819	31	37	29	34.543
0.785398	1.736875	3.023612	165	49	32	34.516
-0.523599	1.699788	2.452890	30	41	25	34.516
-3.141593	2.299159	2.264663	155	127	23	34.507
1.308997	0.674054	1.013609	152	136	161	34.507
1.832596	2.115563	0.685730	20	34	28	34.495
0.523599	1.569311	-3.003978	5	51	31	34.482
-1.308997	0.929350	-2.910676	18	18	48	34.482
-3.141593	2.664082	-1.071402	1	36	49	34.475
1.047198	0.297065	2.160177	167	20	57	34.472
-2.617994	0.709924	0.218797	162	33	40	34.467
-0.261799	1.662363	0.915448	8	51	24	34.465
-1.570796	0.619654	-2.216909	162	28	37	34.460
-1.047198	0.418037	1.360082	164	32	7	34.459
-1.308997	1.555207	1.708892	157	19	41	34.449
1.047198	1.658653	-2.409879	158	44	41	34.437
-3.141593	0.203748	0.590255	161	24	54	34.414
2.094395	0.992645	-1.723759	3	25	45	34.407
-1.308997	0.910508	1.903534	162	23	16	34.398
1.047198	2.299159	2.264663	155	43	41	34.392
0.523599	0.914445	2.687814	166	166	58	34.390
0.000000	2.979456	-1.009304	12	28	15	34.389
1.570796	2.356369	3.005869	146	28	57	34.384
1.047198	0.619654	-2.216909	157	43	27	34.380
-1.047198	0.496451	0.593859	161	141	39	34.378
2.879793	1.545873	-1.877082	10	42	29	34.374
0.785398	1.870545	-2.976234	7	49	26	34.372
2.094395	2.393226	1.857173	4	34	20	34.360
1.308997	1.683268	0.374177	36	25	30	34.357
-2.356194	2.153910	-1.714959	10	30	58	34.356
-0.523599	1.488617	1.159546	1	46	18	34.354
2.617994	2.881233	-2.582574	15	35	24	34.339
-1.832596	2.343981	-1.040456	156	153	34	34.333
0.261799	1.014500	0.906702	163	37	7	34.329
0.523599	1.135813	-2.658866	4	50	23	34.326
-1.832596	2.379497	0.561089	149	148	6	34.322
-1.047198	1.391910	3.030322	144	143	17	34.321
-1.832596	1.301460	-0.509251	166	35	28	34.310
1.570796	1.256302	0.062705	22	31	33	34.307
2.356194	1.433411	-1.035986	147	129	20	34.304
-2.879793	1.846342	-1.796954	166	131	31	34.302
-1.832596	0.899350	-2.069907	163	31	32	34.298
0.261799	0.290380	-0.796960	146	145	14	34.297
-1.832596	1.168678	2.108595	160	28	37	34.288
-0.523599	0.831641	0.616218	165	44	18	34.273
1.308997	0.700570	1.559208	12	23	45	34.254
0.523599	1.904882	-1.478089	155	36	59	34.238
1.570796	0.591903	2.010408	5	21	57	34.236
2.617994	1.134796	2.434290	1	34	37	34.228
-2.879793	2.588535	-2.976617	1	34	23	34.223
0.000000	2.295480	1.008277	160	45	33	34.212
-2.356194	2.984978	1.954446	166	13	51	34.193
-1.047198	0.080730	-2.622036	15	27	43	34.188
-1.308997	2.664082	-1.071402	161	40	48	34.186
-0.523599	1.025536	1.576859	16	36	5	34.173
2.879793	2.393226	1.857173	153	128	25	34.172
0.000000	1.135834	-1.431087	167	46	42	34.150
-1.308997	0.370812	-2.547742	17	24	44	34.138
-0.523599	0.709924	0.218797	1	47	21	34.137
-0.261799	0.418037	1.360082	0	24	16	34.129
1.047198	0.618092	2.539118	2	6	62	34.128
1.832596	2.138223	1.678323	9	34	19	34.116
-1.570796	0.762244	-0.273349	15	46	16	34.112
0.261799	1.617114	-1.572037	15	42	47	34.088
0.523599	2.295480	1.008277	161	42	41	34.088
0.261799	2.592629	0.909713	165	41	49	34.086
-0.785398	1.335669	0.897240	20	44	15	34.082
-2.356194	2.396274	-1.959260	1	30	59	34.078
2.879793	2.104282	-0.813972	160	134	28	34.077
1.308997	2.180315	-1.357379	12	29	51	34.074
-0.261799	1.128190	-2.288622	23	47	26	34.071
0.261799	0.615174	-0.666022	147	143	11	34.055
-1.047198	0.831641	0.616218	154	137	35	34.043
1.047198	1.510910	-0.740472	148	23	59	34.019
0.785398	1.510910	-0.740472	150	28	59	34.019
-2.879793	1.113094	-0.272241	14	36	26	34.013
2.356194	2.478122	2.609777	6	37	26	34.009
0.000000	0.419640	2.974122	12	27	47	34.005
-1.832596	2.180315	-1.357379	159	146	34	34.000
1.832596	1.335669	0.897240	161	25	16	33.999
1.832596	1.413347	-1.339188	18	27	31	33.990
1.308997	2.456751	-1.503343	11	30	56	33.988
-1.832596	0.615174	-0.666022	161	31	45	33.981
0.523599	0.591903	2.010408	165	16	55	33.980
-2.094395	1.335669	0.897240	149	28	45	33.979
1.832596	2.588535	-2.976617	22	30	28	33.972
0.523599	1.450119	-2.739050	4	51	31	33.970
-2.356194	1.256302	0.062705	160	33	30	33.969
2.094395	1.014500	0.906702	162	130	166	33.963
2.094395	1.904882	-1.478089	16	29	31	33.954
-2.356194	1.982574	-1.115518	7	33	39	33.952
0.523599	2.001437	0.381215	159	40	35	33.950
0.261799	1.824694	1.850876	3	51	26	33.945
-3.141593	1.846342	-1.796954	160	131	32	33.942
1.047198	2.588535	-2.976617	161	34	63	33.936
-1.570796	1.658653	-2.409879	16	26	50	33.936
2.879793	1.872854	1.543456	156	125	10	33.930
-0.523599	1.812176	0.656819	14	51	30	33.929
-1.832596	2.664082	-1.071402	148	155	32	33.927
-2.356194	2.664082	-1.071402	13	34	21	33.923
-0.785398	1.367556	0.358405	19	48	21	33.912
0.000000	1.809167	1.213774	3	51	26	33.904
0.523599	2.138223	1.678323	162	46	29	33.904
1.570796	0.297065	2.160177	167	20	58	33.902
1.570796	1.662363	0.915448	36	29	35	33.900
2.356194	2.724429	-0.348782	5	15	52	33.900
-0.261799	2.979456	-1.009304	6	24	10	33.895
-0.261799	1.555207	1.708892	16	47	17	33.887
2.879793	1.909857	-0.381669	7	9	58	33.886
-1.832596	1.809167	1.213774	146	24	34	33.866
-0.261799	0.961715	0.014085	2	46	14	33.863
1.832596	2.587733	0.232235	12	33	18	33.849
-0.523599	2.115563	0.685730	0	47	29	33.844
1.047198	1.836682	-0.676006	140	140	22	33.840
-0.523599	1.045978	0.343692	9	46	13	33.813
1.308997	1.168678	2.108595	166	40	32	33.811
-1.047198	2.760637	2.781135	12	20	45	33.794
-1.832596	0.619654	-2.216909	165	32	37	33.793
1.570796	1.488617	1.159546	159	31	20	33.792
-1.308997	0.700570	1.559208	4	33	4	33.785
1.570796	1.836682	-0.676006	8	19	37	33.775
-1.047198	1.554776	0.100351	27	46	29	33.775
-0.785398	2.393226	1.857173	143	137	1	33.768
0.523599	1.510910	-0.740472	144	37	45	33.767
-2.879793	1.658653	-2.409879	161	126	23	33.764
2.879793	1.869911	2.701025	4	38	32	33.761
-1.570796	0.960688	-0.577532	155	29	40	33.761
-1.308997	1.504028	0.636812	19	44	21	33.758
-1.570796	2.637879	2.121598	14	18	43	33.755
-3.141593	2.579248	-2.364801	1	34	52	33.752
-2.094395	2.247462	0.191623	139	154	166	33.738
-2.356194	0.379747	-1.713059	0	33	39	33.730
-2.617994	1.510910	-0.740472	150	162	7	33.726
0.523599	1.128190	-2.288622	161	40	55	33.719
-0.261799	1.433411	-1.035986	1	46	45	33.716
2.356194	1.812176	0.656819	150	126	12	33.716
-0.261799	1.440580	2.260026	22	44	17	33.707
0.261799	0.831641	0.616218	153	30	15	33.706
-2.879793	2.247462	0.191623	17	19	52	33.702
-2.094395	0.496451	0.593859	153	148	37	33.702
-1.832596	1.242974	-2.977882	20	12	46	33.700
-2.617994	2.760637	2.781135	2	34	17	33.697
0.261799	1.696674	-1.253233	157	41	54	33.692
1.308997	1.599406	1.426070	17	20	41	33.692
-0.523599	1.721184	-0.153948	11	51	37	33.685
-2.356194	1.504028	0.636812	147	157	19	33.670
-3.141593	2.153910	-1.714959	9	32	39	33.669
1.570796	1.948085	-2.363031	150	146	29	33.666
-0.523599	1.417623	-0.202254	12	51	29	33.653
-2.094395	1.135834	-1.431087	163	35	33	33.650
0.523599	1.756530	-2.105156	15	45	41	33.645
-2.094395	0.850607	-1.335383	164	34	38	33.624
2.094395	2.456751	-1.503343	167	31	57	33.624
-0.785398	2.719179	-1.780644	8	26	13	33.616
-3.141593	1.256302	0.062705	155	42	45	33.616
0.261799	0.496451	0.593859	163	26	15	33.608
-2.094395	2.295480	1.008277	6	136	19	33.608
0.261799	0.866955	-0.931351	146	145	12	33.603
-2.356194	1.488617	1.159546	153	35	42	33.599
1.047198	2.579248	-2.364801	12	43	48	33.595
-2.879793	2.719179	-1.780644	4	34	32	33.592
1.570796	0.419640	2.974122	166	143	29	33.592
0.785398	0.674054	1.013609	5	19	56	33.584
-2.094395	1.488617	1.159546	148	29	41	33.582
-2.356194	2.592629	0.909713	150	26	27	33.573
2.356194	2.637879	2.121598	154	33	37	33.569
-0.261799	2.174483	2.653697	25	44	41	33.566
0.261799	1.812176	0.656819	160	46	30	33.564
-0.261799	0.370812	-2.547742	160	15	56	33.560
0.785398	0.297065	2.160177	0	20	58	33.560
0.261799	2.588535	-2.976617	11	37	51	33.556
-0.523599	1.367556	0.358405	11	50	21	33.552
-3.141593	2.456751	-1.503343	8	35	12	33.549
0.261799	2.579248	-2.364801	27	30	40	33.544
2.617994	2.104282	-0.813972	0	17	61	33.539
0.785398	2.664082	-1.071402	147	137	24	33.533
2.879793	1.433411	-1.035986	161	124	20	33.523
0.261799	0.960688	-0.577532	148	142	7	33.513
0.785398	1.699788	2.452890	6	45	34	33.512
1.570796	2.063651	-2.044600	150	144	27	33.510
1.308997	1.301460	-0.509251	142	14	53	33.507
-2.094395	1.134497	-1.109631	161	34	33	33.494
1.047198	2.724429	-0.348782	14	28	15	33.487
1.570796	2.089241	-0.114193	19	31	22	33.483
2.356194	2.379497	0.561089	7	38	24	33.475
-1.832596	0.866955	-0.931351	14	41	29	33.475
0.000000	0.709924	0.218797	164	37	8	33.471
2.879793	2.407836	1.410646	159	127	25	33.470
1.832596	0.618092	2.539118	155	39	24	33.455
2.879793	0.992645	-1.723759	9	42	43	33.452
-1.308997	1.242974	-2.977882	23	23	28	33.449
1.570796	2.343981	-1.040456	9	23	59	33.446
0.000000	1.256302	0.062705	155	42	29	33.446
-1.047198	0.419640	2.974122	22	15	38	33.443
-1.570796	1.242974	-2.977882	29	19	26	33.442
-1.570796	0.906588	1.252948	160	22	43	33.438
2.879793	2.349581	-2.702517	153	25	63	33.433
0.785398	0.418037	1.360082	167	22	55	33.431
1.308997	1.909857	-0.381669	22	26	20	33.428
1.047198	2.664082	-1.071402	152	134	24	33.425
0.000000	0.961715	0.014085	163	44	14	33.416
2.879793	2.108018	1.311430	159	124	17	33.416
-2.879793	1.741644	-2.695914	159	125	22	33.414
2.356194	1.977582	0.969896	147	128	15	33.407
-1.570796	2.984978	1.954446	13	19	51	33.400
2.356194	2.153910	-1.714959	155	28	56	33.397
-2.879793	2.299159	2.264663	163	126	25	33.392
2.879793	0.864993	2.278281	164	31	38	33.389
-1.832596	2.073035	2.027405	28	20	18	33.385
-3.141593	2.863997	0.549740	12	14	52	33.384
-2.617994	1.904882	-1.478089	3	33	41	33.382
2.879793	2.187132	-0.479875	7	16	59	33.381
2.617994	0.297065	2.160177	153	33	23	33.368
0.523599	0.619654	-2.216909	156	45	40	33.354
2.879793	1.325504	-1.671296	9	45	35	33.354
-2.094395	0.640596	-2.797608	20	12	15	33.353
0.785398	0.929350	-2.910676	0	46	15	33.351
2.879793	2.760637	2.781135	12	33	14	33.334
-0.261799	0.762244	-0.273349	2	49	28	33.332
-2.094395	0.615174	-0.666022	152	27	49	33.330
0.523599	1.846342	-1.796954	13	42	47	33.321
0.785398	2.407836	1.410646	160	39	44	33.318
-0.261799	1.977582	0.969896	9	51	32	33.318
-0.261799	0.866955	-0.931351	165	48	29	33.315
1.570796	1.440580	2.260026	164	45	18	33.305
2.094395	2.153910	-1.714959	14	29	26	33.304
-1.832596	0.866395	-2.492918	165	33	35	33.300
-2.879793	0.906588	1.252948	3	38	44	33.298
-1.047198	1.869911	2.701025	159	138	16	33.293
-2.879793	1.869911	2.701025	160	124	15	33.292
0.523599	1.194549	-0.801900	145	38	36	33.292
2.879793	2.637879	2.121598	157	28	28	33.292
1.570796	2.592629	0.909713	16	28	14	33.291
-0.523599	0.762244	-0.273349	161	5	54	33.291
-2.617994	2.356369	3.005869	162	33	31	33.278
1.832596	0.762244	-0.273349	151	0	42	33.276
1.047198	1.506530	1.988858	6	45	13	33.273
-2.356194	1.836682	-0.676006	34	30	39	33.271
0.000000	1.045978	0.343692	154	39	20	33.268
-1.308997	2.379497	0.561089	4	41	53	33.263
1.832596	1.836682	-0.676006	167	15	43	33.254
2.356194	2.001437	0.381215	152	126	21	33.253
0.000000	1.875281	0.107086	154	43	46	33.252
1.570796	1.433411	-1.035986	147	133	24	33.244
-3.141593	0.674054	1.013609	167	31	56	33.238
0.000000	0.899350	-2.069907	14	49	21	33.236
-0.261799	0.080730	-2.622036	16	42	24	33.226
-0.785398	2.478122	2.609777	164	137	8	33.225
-1.308997	1.135813	-2.658866	160	27	33	33.225
-0.785398	0.685216	-1.712745	0	39	42	33.221
0.523599	1.741644	-2.695914	162	45	48	33.207
2.617994	1.256302	0.062705	166	127	18	33.205
0.000000	1.574060	2.783565	19	48	25	33.195
-1.308997	1.872854	1.543456	156	17	36	33.192
-1.308997	2.115563	0.685730	9	42	47	33.190
0.523599	0.733948	3.021411	10	42	8	33.181
-2.617994	2.041297	-2.664597	164	41	22	33.176
-1.308997	0.674054	1.013609	155	145	39	33.173
2.356194	1.732874	-0.951685	150	131	27	33.173
-2.879793	2.979456	-1.009304	161	34	60	33.159
-0.785398	1.506530	1.988858	31	37	17	33.157
-1.047198	1.025536	1.576859	23	30	5	33.156
0.523599	2.396274	-1.959260	20	34	51	33.149
2.617994	1.812176	0.656819	157	124	12	33.140
1.308997	0.960688	-0.577532	139	16	44	33.134
0.785398	0.864993	2.278281	166	10	54	33.120
1.047198	0.290380	-0.796960	145	25	33	33.104
1.570796	0.864993	2.278281	4	45	13	33.103
2.617994	1.506530	1.988858	145	133	1	33.102
-0.261799	1.909857	-0.381669	162	43	53	33.098
0.261799	0.419640	2.974122	164	15	58	33.095
0.785398	1.433411	-1.035986	142	33	45	33.090
1.308997	2.108018	1.311430	16	17	39	33.087
-0.261799	2.724429	-0.348782	144	31	52	33.086
2.094395	1.574060	2.783565	12	35	38	33.086
2.617994	2.041297	-2.664597	11	33	30	33.071
-1.047198	1.168678	2.108595	18	26	26	33.069
2.094395	2.881233	-2.582574	150	32	55	33.067
0.523599	1.977582	0.969896	156	43	32	33.063
-1.308997	1.168678	2.108595	9	24	7	33.061
1.832596	1.045978	0.343692	24	31	35	33.055
-2.094395	2.108018	1.311430	151	32	26	33.044
0.785398	1.741644	-2.695914	165	47	39	33.042
0.261799	1.168678	2.108595	14	11	43	33.040
0.523599	0.906588	1.252948	0	34	6	33.037
-1.308997	0.961715	0.014085	6	44	12	33.021
2.094395	1.736875	3.023612	153	33	30	33.016
2.879793	1.214854	-1.966664	13	43	37	33.014
2.617994	1.982574	-1.115518	151	134	25	33.012
2.879793	2.588535	-2.976617	148	28	58	33.003
-1.047198	0.700570	1.559208	162	29	12	32.998
1.832596	1.872854	1.543456	13	27	37	32.996
0.261799	2.299159	2.264663	8	49	42	32.992
0.000000	1.510910	-0.740472	163	37	58	32.988
-2.879793	0.290380	-0.796960	19	30	39	32.987
-2.617994	1.948085	-2.363031	164	40	21	32.975
1.832596	1.809167	1.213774	154	27	26	32.975
0.261799	1.135834	-1.431087	159	44	42	32.972
0.785398	0.850607	-1.335383	4	138	21	32.971
0.261799	1.982574	-1.115518	156	36	60	32.970
1.047198	1.218453	2.777284	0	47	35	32.965
0.785398	2.984978	1.954446	159	31	64	32.962
0.785398	1.869911	2.701025	163	48	33	32.960
-2.094395	1.696674	-1.253233	5	38	33	32.956
-1.047198	1.870545	-2.976234	151	143	16	32.951
0.000000	0.591903	2.010408	19	14	38	32.950
-1.570796	2.063651	-2.044600	160	28	21	32.948
-0.523599	0.914445	2.687814	156	14	51	32.947
-2.356194	1.909857	-0.381669	11	34	19	32.947
-3.141593	2.174483	2.653697	167	37	31	32.942
-0.261799	2.115563	0.685730	6	50	38	32.939
0.261799	0.961715	0.014085	154	38	25	32.937
-0.261799	0.618092	2.539118	16	17	45	32.937
2.094395	1.050534	3.042579	9	150	20	32.929
-0.785398	1.025536	1.576859	20	34	5	32.929
0.000000	1.824694	1.850876	10	51	25	32.928
0.785398	1.450119	-2.739050	164	48	31	32.927
2.094395	1.699788	2.452890	10	38	33	32.921
1.832596	2.180315	-1.357379	151	137	22	32.921
-2.879793	2.393226	1.857173	0	126	25	32.920
0.785398	0.685216	-1.712745	12	134	28	32.919
-1.047198	1.766067	2.153843	18	30	22	32.914
0.523599	1.872854	1.543456	6	44	12	32.906
-2.356194	1.721184	-0.153948	8	33	19	32.895
0.000000	1.113094	-0.272241	164	47	21	32.893
-2.617994	1.982574	-1.115518	166	39	21	32.880
-0.523599	1.335669	0.897240	13	47	15	32.879
-0.261799	1.214854	-1.966664	17	48	28	32.877
0.261799	2.174483	2.653697	11	49	41	32.872
-1.308997	1.599406	1.426070	5	34	25	32.870
-0.523599	1.214854	-1.966664	24	45	28	32.867
-2.617994	1.869911	2.701025	158	34	40	32.866
2.356194	1.683268	0.374177	151	126	12	32.862
-1.570796	0.992645	-1.723759	12	35	42	32.858
-0.785398	0.831641	0.616218	3	46	17	32.845
0.523599	2.379497	0.561089	160	39	45	32.845
-1.047198	0.910508	1.903534	165	16	30	32.840
1.832596	2.863997	0.549740	7	30	15	32.835
-1.308997	1.195355	1.200319	157	18	39	32.830
1.570796	1.554776	0.100351	147	0	47	32.827
-2.094395	0.899350	-2.069907	166	35	32	32.827
1.570796	0.910508	1.903534	8	40	7	32.826
-0.785398	0.370812	-2.547742	10	28	48	32.822
-1.308997	0.619654	-2.216909	150	22	44	32.812
-3.141593	1.214854	-1.966664	4	44	38	32.807
0.523599	2.343981	-1.040456	155	24	66	32.806
0.000000	1.545873	-1.877082	163	31	64	32.798
-2.094395	2.153910	-1.714959	154	140	30	32.795
-2.356194	2.089241	-0.114193	11	30	16	32.795
-0.261799	2.089241	-0.114193	156	44	30	32.794
-0.785398	1.050534	3.042579	153	16	48	32.791
1.308997	0.080730	-2.622036	7	42	14	32.780
0.785398	1.836682	-0.676006	143	27	53	32.778
-0.261799	1.247695	1.809890	16	42	10	32.773
0.785398	1.875281	0.107086	24	19	25	32.762
1.308997	0.640596	-2.797608	2	142	23	32.755
2.094395	1.184361	0.625864	20	36	35	32.753
0.523599	2.356369	3.005869	7	45	48	32.738
0.785398	2.637879	2.121598	155	38	57	32.735
0.261799	0.571433	-1.188419	166	44	12	32.734
0.261799	1.662363	0.915448	160	46	23	32.731
0.000000	1.504028	0.636812	156	43	29	32.729
-0.523599	2.349581	-2.702517	18	34	48	32.728
0.523599	1.662363	0.915448	156	42	23	32.728
-1.570796	0.571433	-1.188419	18	43	26	32.727
0.785398	2.108018	1.311430	153	40	35	32.721
1.832596	2.343981	-1.040456	7	24	59	32.721
0.261799	0.640596	-2.797608	13	43	10	32.720
0.785398	1.909857	-0.381669	22	20	21	32.720
-3.141593	2.407836	1.410646	166	126	25	32.718
1.308997	2.153910	-1.714959	11	36	48	32.714
0.785398	2.724429	-0.348782	16	26	15	32.707
1.832596	1.450119	-2.739050	10	148	12	32.702
-0.785398	1.555207	1.708892	6	37	21	32.702
-2.879793	1.168678	2.108595	152	133	3	32.702
-2.356194	0.458961	-0.107937	163	33	43	32.696
1.832596	1.433411	-1.035986	16	29	32	32.694
-1.308997	2.863997	0.549740	165	38	56	32.689
-0.523599	1.184361	0.625864	166	47	24	32.685
-2.094395	2.104282	-0.813972	4	34	37	32.676
-3.141593	2.393226	1.857173	160	126	26	32.676
1.570796	2.478122	2.609777	144	27	56	32.668
-1.832596	2.579248	-2.364801	2	32	3	32.660
1.308997	0.961715	0.014085	148	6	43	32.658
0.261799	0.297065	2.160177	18	22	42	32.654
2.356194	1.195355	1.200319	14	38	39	32.646
0.523599	2.104282	-0.813972	149	29	61	32.643
1.047198	1.846342	-1.796954	10	38	45	32.641
0.785398	1.569311	-3.003978	165	49	31	32.637
0.523599	1.374601	-2.456031	2	51	32	32.636
-1.308997	1.184361	0.625864	15	43	17	32.636
-3.141593	2.404280	-0.174044	12	21	55	32.629
-1.047198	1.134796	2.434290	18	26	26	32.627
1.832596	0.297065	2.160177	0	42	22	32.624
-2.617994	0.674054	1.013609	1	33	33	32.608
2.356194	1.218453	2.777284	6	33	41	32.607
0.523599	0.850607	-1.335383	10	131	22	32.602
1.308997	0.297065	2.160177	167	20	58	32.601
2.617994	1.977582	0.969896	154	125	15	32.594
1.308997	0.571433	-1.188419	146	28	39	32.587
0.523599	0.910508	1.903534	13	16	46	32.585
-2.356194	0.496451	0.593859	154	29	41	32.583
2.356194	1.367556	0.358405	164	126	15	32.579
-0.785398	1.812176	0.656819	7	47	25	32.578
1.832596	2.104282	-0.813972	9	18	39	32.575
-2.617994	2.174483	2.653697	167	126	24	32.570
2.356194	1.413430	2.550734	5	37	37	32.566
-1.570796	1.301460	-0.509251	155	28	35	32.564
-0.523599	1.413430	2.550734	30	38	19	32.560
-2.617994	0.496451	0.593859	158	31	42	32.542
1.570796	0.674054	1.013609	157	134	161	32.539
-1.832596	1.982574	-1.115518	11	35	58	32.538
1.570796	1.134497	-1.109631	143	134	21	32.537
2.356194	2.041297	-2.664597	10	31	26	32.537
1.047198	0.910508	1.903534	13	19	45	32.533
0.000000	2.115563	0.685730	167	49	38	32.525
-0.785398	1.448123	-2.163292	6	36	46	32.515
-3.141593	2.089241	-0.114193	13	14	56	32.513
0.000000	0.685216	-1.712745	159	45	42	32.493
-1.047198	2.104282	-0.813972	163	41	55	32.492
2.356194	1.766067	2.153843	137	138	7	32.488
-2.356194	2.187132	-0.479875	14	32	18	32.484
2.617994	1.696674	-1.253233	153	129	27	32.483
0.000000	1.872854	1.543456	6	51	27	32.479
-1.570796	1.184361	0.625864	157	22	40	32.477
-0.785398	0.674054	1.013609	166	39	10	32.476
1.570796	0.914445	2.687814	6	144	25	32.473
1.832596	1.184361	0.625864	16	33	40	32.469
2.356194	1.741644	-2.695914	16	33	36	32.467
-1.047198	0.615174	-0.666022	6	49	21	32.451
1.570796	0.831641	0.616218	15	30	43	32.445
1.570796	1.606104	-0.451151	154	18	31	32.438
1.308997	0.615174	-0.666022	9	17	54	32.433
2.617994	0.418037	1.360082	1	39	15	32.428
1.308997	0.591903	2.010408	6	19	57	32.419
1.308997	1.128190	-2.288622	151	39	41	32.417
-1.308997	1.869911	2.701025	156	139	16	32.415
-1.047198	1.721184	-0.153948	2	44	44	32.406
2.879793	2.251330	-2.330739	5	27	56	32.395
0.261799	1.846342	-1.796954	164	41	57	32.392
-2.879793	2.407836	1.410646	5	128	26	32.384
1.570796	2.174483	2.653697	141	27	49	32.370
2.617994	0.458961	-0.107937	4	33	41	32.370
-2.094395	1.812176	0.656819	146	154	15	32.369
2.617994	1.721184	-0.153948	160	124	19	32.367
1.570796	0.961715	0.014085	21	31	37	32.362
2.617994	1.391910	3.030322	9	34	42	32.347
0.785398	1.448123	-2.163292	152	41	44	32.346
-1.308997	1.134796	2.434290	20	21	26	32.338
-1.832596	0.290380	-0.796960	165	31	47	32.337
0.785398	1.168678	2.108595	14	14	44	32.336
-2.356194	2.724429	-0.348782	1	31	63	32.327
0.000000	0.370812	-2.547742	161	13	57	32.324
-1.047198	1.014500	0.906702	9	46	15	32.314
0.261799	1.732874	-0.951685	153	40	53	32.309
-1.308997	2.478122	2.609777	30	19	26	32.304
0.785398	1.766067	2.153843	12	48	19	32.300
-2.879793	1.875281	0.107086	149	38	30	32.299
-1.832596	2.592629	0.909713	140	152	162	32.294
2.094395	0.914445	2.687814	5	150	24	32.294
-0.785398	1.766067	2.153843	17	31	41	32.293
0.261799	2.396274	-1.959260	5	35	49	32.291
1.570796	1.812176	0.656819	36	31	29	32.290
-0.523599	0.906588	1.252948	157	33	17	32.289
-1.832596	1.569311	-3.003978	17	13	50	32.282
2.879793	0.080730	-2.622036	149	24	30	32.278
-2.879793	1.195355	1.200319	164	40	48	32.275
1.570796	1.977582	0.969896	14	24	40	32.273
-0.523599	1.325504	-1.671296	2	39	58	32.273
0.000000	0.418037	1.360082	11	24	46	32.260
-1.570796	0.674054	1.013609	161	22	44	32.258
-1.308997	2.407836	1.410646	138	144	0	32.255
-0.785398	1.247695	1.809890	163	26	17	32.251
2.094395	1.554776	0.100351	145	129	11	32.248
-2.094395	1.977582	0.969896	145	156	13	32.242
-0.523599	0.203748	0.590255	160	36	12	32.240
-2.879793	2.174483	2.653697	160	126	24	32.235
-0.785398	1.184361	0.625864	5	48	23	32.234
0.261799	0.709924	0.218797	156	33	18	32.233
-2.094395	1.909857	-0.381669	7	34	20	32.230
2.094395	0.685216	-1.712745	18	30	44	32.226
1.047198	2.089241	-0.114193	22	25	22	32.225
0.261799	1.904882	-1.478089	161	38	59	32.219
0.261799	1.721184	-0.153948	148	31	52	32.216
-0.523599	2.724429	-0.348782	149	36	52	32.215
0.261799	2.719179	-1.780644	6	28	53	32.209
-3.141593	2.073035	2.027405	158	124	17	32.205
2.617994	2.478122	2.609777	157	34	43	32.202
2.879793	2.295480	1.008277	163	125	23	32.197
1.570796	0.733948	3.021411	3	144	25	32.186
-1.047198	1.128190	-2.288622	8	30	52	32.183
1.832596	2.407836	1.410646	156	32	25	32.176
2.094395	2.407836	1.410646	150	129	17	32.174
-1.570796	2.588535	-2.976617	155	28	16	32.174
-0.261799	0.615174	-0.666022	5	45	11	32.165
-1.047198	1.440580	2.260026	15	26	16	32.158
0.785398	1.135813	-2.658866	164	49	23	32.156
0.523599	1.391910	3.030322	12	44	43	32.153
2.617994	2.108018	1.311430	151	126	17	32.148
1.832596	1.113094	-0.272241	153	1	48	32.124
-1.832596	2.295480	1.008277	150	23	24	32.108
-2.094395	2.637879	2.121598	4	10	51	32.104
-3.141593	1.872854	1.543456	163	124	10	32.100
0.261799	2.063651	-2.044600	22	38	47	32.100
-2.356194	1.732874	-0.951685	11	38	28	32.100
0.000000	1.699788	2.452890	155	128	18	32.097
-1.308997	1.809167	1.213774	7	37	30	32.092
0.000000	1.433411	-1.035986	161	46	45	32.091
1.308997	1.732874	-0.951685	146	135	27	32.091
1.832596	1.247695	1.809890	157	36	27	32.089
-2.617994	2.299159	2.264663	163	33	36	32.084
-0.261799	2.588535	-2.976617	149	145	161	32.081
-2.094395	0.709924	0.218797	154	29	39	32.079
-1.570796	0.866395	-2.492918	17	22	48	32.077
0.785398	2.089241	-0.114193	22	20	20	32.076
-0.261799	1.134497	-1.109631	2	48	37	32.076
-1.308997	1.756530	-2.105156	11	32	49	32.071
-0.785398	2.153910	-1.714959	167	35	53	32.071
1.570796	1.506530	1.988858	163	41	13	32.066
0.261799	1.555207	1.708892	1	48	17	32.065
-2.617994	1.135834	-1.431087	166	127	23	32.061
0.785398	1.846342	-1.796954	8	42	47	32.058
-0.785398	2.033014	2.977192	160	138	18	32.045
1.308997	1.904882	-1.478089	6	32	50	32.040
-1.047198	0.906588	1.252948	6	40	8	32.037
-2.094395	0.458961	-0.107937	159	31	43	32.034
0.000000	1.617114	-1.572037	0	44	52	32.033
0.000000	1.683268	0.374177	155	44	37	32.032
-0.261799	2.579248	-2.364801	12	31	51	32.031
-1.308997	1.256302	0.062705	11	45	13	32.030
0.261799	1.870545	-2.976234	13	49	40	32.026
1.570796	1.872854	1.543456	157	35	33	32.023
2.094395	1.218453	2.777284	157	34	18	32.022
1.570796	1.617114	-1.572037	166	34	46	32.016
1.832596	2.984978	1.954446	144	31	49	32.013
-3.141593	1.014500	0.906702	159	35	59	32.013
0.000000	2.984978	1.954446	161	41	53	32.004
1.308997	1.741644	-2.695914	152	41	39	31.998
-1.570796	1.448123	-2.163292	162	28	24	31.998
0.523599	2.073035	2.027405	165	49	34	31.993
1.832596	1.824694	1.850876	15	26	40	31.988
0.261799	1.875281	0.107086	146	29	51	31.988
1.308997	2.455966	-0.641220	151	131	26	31.968
-0.261799	1.310100	1.488307	12	44	11	31.967
-1.047198	1.488617	1.159546	29	39	17	31.967
2.356194	1.025536	1.576859	0	34	38	31.964
-3.141593	0.961715	0.014085	12	131	11	31.962
-2.356194	1.247695	1.809890	166	132	6	31.962
0.785398	1.374601	-2.456031	163	49	32	31.962
0.261799	2.356369	3.005869	8	43	46	31.961
-2.617994	1.662363	0.915448	146	36	43	31.960
0.261799	2.138223	1.678323	1	50	35	31.959
-1.047198	2.478122	2.609777	158	137	8	31.959
1.570796	1.413430	2.550734	163	47	25	31.955
0.785398	1.194549	-0.801900	140	32	36	31.953
0.523599	2.164094	-2.991358	3	45	43	31.953
-1.047198	2.379497	0.561089	165	41	53	31.938
2.879793	2.115563	0.685730	166	124	21	31.928
2.617994	2.295480	1.008277	155	126	24	31.928
-3.141593	1.909857	-0.381669	9	16	56	31.927
-1.308997	1.574060	2.783565	32	25	30	31.923
0.785398	0.619654	-2.216909	12	46	17	31.922
-0.261799	1.325504	-1.671296	9	46	43	31.920
1.570796	0.685216	-1.712745	139	139	11	31.920
-1.047198	1.506530	1.988858	20	27	35	31.915
0.523599	1.606104	-0.451151	155	40	32	31.912
1.832596	0.674054	1.013609	11	29	44	31.899
-3.141593	0.709924	0.218797	3	36	39	31.899
2.094395	1.506530	1.988858	149	32	32	31.898
1.832596	1.194549	-0.801900	152	13	44	31.897
-2.879793	2.579248	-2.364801	165	32	55	31.897
0.000000	2.881233	-2.582574	28	28	49	31.888
2.356194	0.496451	0.593859	21	31	12	31.882
-1.047198	1.606104	-0.451151	27	44	37	31.881
2.356194	1.335669	0.897240	20	44	44	31.872
-0.523599	1.391910	3.030322	152	10	44	31.866
-0.261799	0.619654	-2.216909	21	42	13	31.865
-0.523599	0.866395	-2.492918	25	39	17	31.858
0.000000	2.108018	1.311430	163	46	42	31.852
-2.879793	1.488617	1.159546	154	40	49	31.852
-2.356194	1.812176	0.656819	147	158	15	31.848
2.356194	0.709924	0.218797	164	127	5	31.847
-2.617994	2.164094	-2.991358	164	129	29	31.843
2.879793	2.174483	2.653697	3	37	25	31.835
-2.356194	1.417623	-0.202254	6	36	22	31.832
-0.523599	0.961715	0.014085	9	47	14	31.831
0.785398	0.910508	1.903534	6	6	62	31.829
-0.261799	2.349581	-2.702517	31	32	41	31.822
-1.047198	1.504028	0.636812	145	132	20	31.821
-1.832596	1.194549	-0.801900	160	32	40	31.816
1.308997	2.299159	2.264663	143	31	49	31.816
-0.523599	1.113094	-0.272241	11	50	21	31.814
2.356194	1.736875	3.023612	14	34	34	31.813
2.617994	1.683268	0.374177	12	50	30	31.805
-0.785398	0.709924	0.218797	8	48	21	31.804
-0.261799	0.992645	-1.723759	166	44	51	31.802
1.308997	2.251330	-2.330739	7	42	38	31.801
-2.879793	1.256302	0.062705	148	38	45	31.794
-1.047198	2.455966	-0.641220	0	46	43	31.786
0.523599	0.571433	-1.188419	167	46	24	31.784
-1.832596	0.458961	-0.107937	156	27	45	31.781
0.785398	1.872854	1.543456	155	43	28	31.777
1.570796	1.510910	-0.740472	155	17	49	31.766
0.261799	1.128190	-2.288622	9	51	26	31.765
0.261799	1.872854	1.543456	167	50	27	31.764
2.094395	2.033014	2.977192	15	36	34	31.762
-1.570796	1.617114	-1.572037	16	38	41	31.759
0.785398	2.174483	2.653697	4	47	28	31.756
0.785398	0.640596	-2.797608	2	43	10	31.756
-3.141593	1.045978	0.343692	14	134	8	31.752
-0.785398	2.455966	-0.641220	161	43	45	31.749
2.879793	0.700570	1.559208	159	32	42	31.745
-2.094395	2.187132	-0.479875	13	147	27	31.742
1.047198	0.685216	-1.712745	163	46	25	31.728
0.000000	1.869911	2.701025	19	49	33	31.724
1.570796	2.664082	-1.071402	16	24	57	31.721
-1.308997	2.760637	2.781135	156	134	18	31.715
-1.570796	2.592629	0.909713	143	147	165	31.713
-1.308997	1.391910	3.030322	22	22	32	31.711
-1.832596	1.014500	0.906702	162	26	41	31.709
-0.785398	1.909857	-0.381669	18	46	45	31.707
0.261799	0.850607	-1.335383	158	45	33	31.704
-0.785398	2.724429	-0.348782	155	40	52	31.703
-2.617994	2.073035	2.027405	5	126	18	31.703
-2.879793	1.766067	2.153843	165	125	10	31.701
-3.141593	1.374601	-2.456031	18	48	29	31.700
0.523599	1.998705	2.370472	0	50	33	31.697
0.261799	2.881233	-2.582574	27	31	40	31.695
-1.570796	2.299159	2.264663	30	21	22	31.690
1.570796	0.418037	1.360082	11	28	46	31.688
0.000000	1.450119	-2.739050	5	43	40	31.686
2.356194	1.391910	3.030322	11	33	40	31.684
-0.785398	0.906588	1.252948	15	34	4	31.684
2.356194	0.910508	1.903534	166	33	43	31.680
-2.094395	0.379747	-1.713059	165	31	40	31.680
-0.523599	0.419640	2.974122	158	19	53	31.680
2.094395	0.496451	0.593859	13	32	43	31.679
-1.570796	0.733948	3.021411	24	18	11	31.678
2.356194	1.135834	-1.431087	20	38	39	31.671
1.570796	1.184361	0.625864	17	30	40	31.671
1.047198	1.413347	-1.339188	161	39	46	31.662
1.308997	1.510910	-0.740472	147	18	59	31.661
1.047198	1.335669	0.897240	20	22	40	31.661
1.308997	1.014500	0.906702	25	24	38	31.654
-0.523599	0.674054	1.013609	162	35	10	31.652
0.785398	1.128190	-2.288622	10	49	26	31.646
1.047198	2.115563	0.685730	162	32	17	31.631
2.617994	0.080730	-2.622036	151	30	29	31.630
0.523599	1.488617	1.159546	159	42	17	31.630
0.523599	1.736875	3.023612	5	51	32	31.627
-0.261799	1.488617	1.159546	10	48	16	31.627
-1.570796	1.809167	1.213774	11	34	30	31.621
0.523599	2.478122	2.609777	164	41	56	31.616
-3.141593	0.831641	0.616218	166	37	53	31.614
2.879793	0.458961	-0.107937	9	35	43	31.614
-1.308997	0.866955	-0.931351	155	27	45	31.613
2.094395	2.719179	-1.780644	6	40	46	31.613
0.523599	2.033014	2.977192	5	50	40	31.611
2.356194	0.831641	0.616218	0	129	0	31.605
-1.047198	2.592629	0.909713	15	35	57	31.604
-0.523599	0.496451	0.593859	0	142	39	31.604
-1.308997	1.335669	0.897240	141	140	27	31.602
-1.047198	1.214854	-1.966664	14	38	42	31.599
-2.094395	2.396274	-1.959260	159	23	66	31.595
-1.832596	2.719179	-1.780644	158	34	53	31.589
1.832596	2.456751	-1.503343	159	14	68	31.578
-0.261799	2.760637	2.781135	16	32	54	31.575
0.523599	1.617114	-1.572037	153	41	52	31.569
-1.832596	2.588535	-2.976617	158	31	16	31.565
-2.356194	1.869911	2.701025	153	31	40	31.564
2.617994	2.455966	-0.641220	163	28	20	31.563
1.832596	1.696674	-1.253233	167	26	50	31.562
-1.832596	2.153910	-1.714959	159	139	31	31.558
0.261799	2.295480	1.008277	153	42	33	31.547
0.261799	2.637879	2.121598	167	40	58	31.546
2.617994	2.724429	-0.348782	161	27	20	31.546
2.356194	1.846342	-1.796954	13	33	31	31.540
-0.785398	0.379747	-1.713059	156	15	55	31.535
0.785398	0.700570	1.559208	1	17	55	31.533
0.000000	0.960688	-0.577532	166	48	20	31.529
-0.523599	1.977582	0.969896	17	50	32	31.528
-0.523599	1.242974	-2.977882	152	11	43	31.526
0.000000	2.396274	-1.959260	0	29	63	31.526
1.308997	2.724429	-0.348782	10	29	15	31.522
-2.356194	2.404280	-0.174044	143	155	161	31.521
1.308997	2.881233	-2.582574	0	27	67	31.512
0.523599	2.664082	-1.071402	158	20	65	31.508
-0.523599	1.875281	0.107086	11	50	38	31.506
0.000000	1.214854	-1.966664	12	51	31	31.505
0.785398	2.588535	-2.976617	166	35	63	31.504
-2.879793	1.310100	1.488307	158	38	55	31.501
-0.261799	1.824694	1.850876	18	49	26	31.497
-2.617994	1.909857	-0.381669	13	33	18	31.493
0.261799	2.724429	-0.348782	155	23	65	31.493
2.617994	0.831641	0.616218	7	131	0	31.489
2.879793	2.863997	0.549740	2	126	21	31.484
-2.094395	2.724429	-0.348782	4	152	35	31.482
2.094395	2.138223	1.678323	5	34	19	31.480
-3.141593	0.458961	-0.107937	24	32	15	31.477
1.047198	1.699788	2.452890	147	40	33	31.475
-2.879793	0.615174	-0.666022	5	36	40	31.474
0.000000	2.587733	0.232235	147	38	43	31.468
0.785398	2.587733	0.232235	157	31	27	31.466
0.785398	2.404280	-0.174044	19	23	17	31.460
-0.261799	0.831641	0.616218	2	39	6	31.455
2.617994	2.089241	-0.114193	162	128	29	31.455
-1.832596	1.998705	2.370472	152	36	28	31.452
-0.261799	0.929350	-2.910676	22	42	17	31.443
1.047198	1.134796	2.434290	2	138	25	31.437
0.261799	0.379747	-1.713059	155	19	51	31.434
0.000000	1.448123	-2.163292	14	50	37	31.431
0.261799	1.450119	-2.739050	12	51	31	31.430
-1.047198	2.704512	1.488683	152	144	4	31.427
-1.047198	2.108018	1.311430	140	136	9	31.424
-0.261799	2.592629	0.909713	158	42	42	31.420
2.356194	2.108018	1.311430	8	32	39	31.420
-1.832596	1.134497	-1.109631	23	40	30	31.419
2.617994	0.961715	0.014085	166	126	11	31.419
-3.141593	2.108018	1.311430	165	125	17	31.415
1.832596	2.704512	1.488683	28	29	11	31.411
1.832596	0.831641	0.616218	13	32	43	31.411
-1.832596	0.685216	-1.712745	161	28	34	31.411
-1.570796	2.041297	-2.664597	5	21	52	31.409
1.308997	2.478122	2.609777	148	33	56	31.409
0.523599	1.824694	1.850876	163	49	25	31.408
0.261799	1.809167	1.213774	165	49	26	31.401
-2.356194	1.741644	-2.695914	157	35	39	31.401
2.356194	1.606104	-0.451151	151	127	20	31.396
-1.047198	1.135813	-2.658866	159	23	33	31.394
0.000000	0.733948	3.021411	20	39	8	31.393
-1.832596	1.606104	-0.451151	1	35	22	31.386
-0.785398	0.960688	-0.577532	20	48	20	31.383
0.523599	2.299159	2.264663	0	48	42	31.382
2.617994	1.440580	2.260026	5	36	32	31.370
1.308997	1.812176	0.656819	26	23	23	31.370
-1.308997	1.413430	2.550734	22	22	31	31.369
-2.879793	2.073035	2.027405	166	124	17	31.368
-3.141593	2.295480	1.008277	2	126	23	31.360
-1.570796	2.138223	1.678323	17	28	29	31.356
2.356194	0.914445	2.687814	164	31	36	31.356
2.617994	1.824694	1.850876	145	130	9	31.354
2.617994	1.045978	0.343692	9	46	46	31.343
-1.047198	1.301460	-0.509251	7	50	27	31.336
-1.308997	1.134497	-1.109631	21	46	39	31.336
-0.261799	1.836682	-0.676006	164	43	54	31.334
0.523599	1.506530	1.988858	166	46	17	31.332
0.261799	1.050534	3.042579	14	46	14	31.331
1.832596	1.732874	-0.951685	7	22	37	31.329
0.000000	1.554776	0.100351	154	45	37	31.326
2.094395	1.696674	-1.253233	7	23	43	31.325
-0.261799	1.450119	-2.739050	7	41	37	31.325
-0.785398	2.863997	0.549740	161	40	49	31.320
-2.617994	1.756530	-2.105156	3	128	28	31.318
1.832596	2.001437	0.381215	153	14	39	31.312
2.879793	2.073035	2.027405	150	127	17	31.310
-1.047198	0.203748	0.590255	0	145	41	31.309
-0.261799	2.881233	-2.582574	7	20	45	31.305
1.570796	1.014500	0.906702	7	24	52	31.304
-1.308997	0.914445	2.687814	17	20	24	31.302
-1.047198	1.310100	1.488307	164	32	22	31.301
1.570796	1.824694	1.850876	17	22	40	31.298
0.261799	1.413430	2.550734	10	48	18	31.298
0.785398	1.440580	2.260026	162	45	17	31.294
1.832596	1.195355	1.200319	5	32	10	31.290
1.832596	1.875281	0.107086	153	13	36	31.290
0.000000	0.458961	-0.107937	150	139	9	31.287
0.523599	2.174483	2.653697	4	49	41	31.287
-1.047198	2.089241	-0.114193	10	50	29	31.286
0.000000	1.128190	-2.288622	2	44	34	31.282
1.832596	0.591903	2.010408	160	38	28	31.279
-2.879793	0.203748	0.590255	165	21	61	31.279
-0.523599	2.592629	0.909713	4	47	36	31.278
-1.047198	1.875281	0.107086	2	44	40	31.272
2.356194	1.555207	1.708892	7	37	25	31.271
0.261799	1.574060	2.783565	160	126	18	31.265
2.356194	1.809167	1.213774	144	130	8	31.261
2.617994	1.510910	-0.740472	156	125	20	31.260
1.570796	1.683268	0.374177	23	31	30	31.258
-0.523599	1.606104	-0.451151	160	46	30	31.253
-1.308997	1.128190	-2.288622	12	29	49	31.251
0.785398	2.295480	1.008277	153	36	40	31.251
-0.785398	2.174483	2.653697	163	136	11	31.250
-0.261799	1.113094	-0.272241	4	49	21	31.250
1.047198	1.135813	-2.658866	155	41	51	31.249
1.570796	0.379747	-1.713059	140	139	3	31.246
2.879793	2.704512	1.488683	167	31	29	31.246
1.570796	2.138223	1.678323	16	23	33	31.240
0.261799	1.417623	-0.202254	147	34	51	31.232
0.523599	1.301460	-0.509251	143	36	37	31.219
1.832596	1.982574	-1.115518	6	25	52	31.219
-2.094395	2.115563	0.685730	17	29	43	31.218
-1.832596	2.187132	-0.479875	14	151	27	31.215
0.785398	1.214854	-1.966664	12	130	13	31.211
-1.570796	0.910508	1.903534	10	28	2	31.207
1.570796	0.640596	-2.797608	164	41	17	31.204
-1.832596	1.335669	0.897240	160	26	36	31.204
-2.094395	1.699788	2.452890	158	41	35	31.202
0.261799	0.080730	-2.622036	5	45	24	31.201
1.047198	1.050534	3.042579	164	47	38	31.191
-1.047198	1.569311	-3.003978	144	143	13	31.191
-1.832596	2.247462	0.191623	13	33	58	31.187
0.523599	2.637879	2.121598	161	39	58	31.187
-2.356194	1.391910	3.030322	0	47	37	31.183
1.570796	2.180315	-1.357379	2	30	57	31.176
1.047198	2.455966	-0.641220	145	136	26	31.171
0.261799	2.349581	-2.702517	15	39	48	31.168
-1.308997	0.762244	-0.273349	7	47	16	31.166
-0.261799	1.699788	2.452890	24	47	25	31.165
-1.570796	1.218453	2.777284	22	17	28	31.156
2.356194	2.881233	-2.582574	19	32	24	31.156
-1.047198	1.736875	3.023612	156	141	21	31.153
0.261799	1.325504	-1.671296	161	45	43	31.151
1.832596	0.864993	2.278281	157	40	22	31.149
-0.261799	1.218453	2.777284	25	42	17	31.148
-3.141593	1.506530	1.988858	2	43	50	31.145
0.785398	2.393226	1.857173	5	50	27	31.141
-2.879793	0.961715	0.014085	16	136	11	31.131
2.094395	1.335669	0.897240	20	36	33	31.126
1.308997	1.506530	1.988858	1	44	13	31.124
0.785398	2.299159	2.264663	164	47	41	31.123
-1.832596	1.545873	-1.877082	150	28	37	31.119
-0.523599	0.960688	-0.577532	13	50	20	31.116
0.261799	1.836682	-0.676006	0	133	5	31.116
-1.047198	2.407836	1.410646	141	138	0	31.114
0.000000	1.812176	0.656819	166	49	30	31.114
0.261799	1.448123	-2.163292	21	45	34	31.110
-1.047198	1.998705	2.370472	19	26	47	31.109
0.523599	1.113094	-0.272241	143	32	45	31.107
-0.261799	1.696674	-1.253233	3	43	54	31.107
-1.047198	2.979456	-1.009304	154	36	47	31.106
0.785398	1.606104	-0.451151	147	22	58	31.105
0.785398	1.413430	2.550734	164	46	18	31.104
1.308997	2.396274	-1.959260	13	38	45	31.101
2.879793	1.977582	0.969896	162	124	15	31.096
-0.523599	1.195355	1.200319	167	41	12	31.094
-0.523599	1.194549	-0.801900	15	50	27	31.093
1.047198	1.756530	-2.105156	3	46	42	31.090
-0.523599	1.050534	3.042579	154	13	48	31.089
0.000000	1.982574	-1.115518	162	38	60	31.083
0.523599	2.153910	-1.714959	16	35	52	31.083
0.261799	1.433411	-1.035986	154	44	45	31.082
2.617994	0.992645	-1.723759	15	40	43	31.068
-2.879793	1.045978	0.343692	149	34	53	31.067
0.523599	1.335669	0.897240	158	39	15	31.060
-0.523599	0.591903	2.010408	7	24	20	31.052
2.879793	1.569311	-3.003978	6	37	40	31.047
1.570796	1.242974	-2.977882	160	43	29	31.040
-2.617994	1.998705	2.370472	3	124	16	31.040
-0.261799	0.685216	-1.712745	17	46	16	31.039
-2.356194	2.251330	-2.330739	162	35	16	31.035
2.879793	2.724429	-0.348782	158	25	20	31.034
-2.356194	1.683268	0.374177	147	157	14	31.032
-1.570796	1.555207	1.708892	9	27	20	31.030
0.785398	2.863997	0.549740	13	24	12	31.028
-2.356194	0.203748	0.590255	161	38	19	31.027
-1.047198	1.599406	1.426070	1	35	24	31.026
2.617994	1.872854	1.543456	148	127	9	31.024
1.570796	2.104282	-0.813972	158	18	41	31.023
0.523599	1.195355	1.200319	160	37	10	31.022
-1.308997	2.138223	1.678323	14	32	29	31.022
-1.047198	2.164094	-2.991358	151	142	18	31.022
-1.308997	0.379747	-1.713059	156	21	53	31.018
-1.047198	0.899350	-2.069907	7	35	46	31.014
-1.570796	1.510910	-0.740472	156	30	35	31.010
-0.523599	1.683268	0.374177	12	51	29	31.009
0.000000	1.696674	-1.253233	164	43	54	31.008
2.094395	1.433411	-1.035986	164	17	42	31.007
0.785398	1.555207	1.708892	157	41	17	31.001
-2.617994	1.335669	0.897240	156	38	43	31.001
0.523599	2.180315	-1.357379	157	29	65	31.000
-2.094395	1.310100	1.488307	159	137	0	30.999
-2.094395	1.721184	-0.153948	17	145	16	30.995
0.523599	1.184361	0.625864	160	37	14	30.994
0.261799	0.762244	-0.273349	152	139	6	30.991
0.000000	2.588535	-2.976617	153	142	162	30.988
-1.570796	2.393226	1.857173	21	26	30	30.984
2.879793	1.824694	1.850876	153	126	9	30.977
-0.785398	1.875281	0.107086	162	43	39	30.976
0.000000	2.407836	1.410646	164	44	51	30.975
-0.523599	0.458961	-0.107937	159	139	28	30.975
-1.832596	1.617114	-1.572037	20	35	40	30.968
0.000000	2.073035	2.027405	13	50	34	30.965
-2.356194	2.115563	0.685730	141	28	29	30.964
0.261799	2.456751	-1.503343	4	34	50	30.964
-2.356194	0.866955	-0.931351	153	36	40	30.964
-0.523599	2.455966	-0.641220	164	32	65	30.963
2.094395	1.555207	1.708892	10	30	44	30.956
2.356194	2.138223	1.678323	153	28	30	30.950
0.785398	2.247462	0.191623	19	18	15	30.947
0.261799	2.153910	-1.714959	165	33	64	30.943
2.094395	1.683268	0.374177	148	4	38	30.941
-0.261799	0.700570	1.559208	3	30	17	30.935
0.523599	1.433411	-1.035986	147	39	45	30.934
-1.308997	1.721184	-0.153948	16	49	24	30.930
0.785398	1.809167	1.213774	152	40	26	30.930
-0.523599	1.574060	2.783565	32	39	25	30.927
2.356194	1.662363	0.915448	22	46	36	30.926
2.356194	0.640596	-2.797608	155	30	42	30.922
2.879793	1.168678	2.108595	4	37	48	30.921
0.261799	2.407836	1.410646	158	44	50	30.921
-1.047198	1.741644	-2.695914	30	31	35	30.915
0.785398	0.992645	-1.723759	2	49	32	30.913
-1.832596	0.640596	-2.797608	22	16	15	30.906
0.261799	1.214854	-1.966664	159	38	58	30.905
-1.047198	0.762244	-0.273349	0	46	16	30.898
-1.570796	2.407836	1.410646	16	32	36	30.897
1.047198	1.904882	-1.478089	9	33	50	30.894
0.261799	1.545873	-1.877082	18	44	42	30.892
-1.047198	1.836682	-0.676006	6	49	38	30.888
0.261799	1.977582	0.969896	161	48	32	30.888
-1.832596	1.433411	-1.035986	146	23	41	30.881
0.000000	0.914445	2.687814	158	9	51	30.879
2.356194	1.510910	-0.740472	9	14	50	30.875
2.356194	1.413347	-1.339188	17	37	32	30.875
0.261799	2.089241	-0.114193	21	13	20	30.874
-1.570796	1.113094	-0.272241	146	16	48	30.873
-0.785398	2.073035	2.027405	15	38	31	30.873
0.523599	1.948085	-2.363031	16	45	40	30.871
-2.356194	1.875281	0.107086	147	156	9	30.870
-2.879793	0.674054	1.013609	12	31	18	30.868
-2.356194	2.407836	1.410646	11	4	54	30.867
-1.832596	0.960688	-0.577532	159	32	40	30.865
-2.094395	1.869911	2.701025	149	27	40	30.865
1.047198	0.929350	-2.910676	161	43	15	30.860
-0.785398	1.168678	2.108595	15	30	27	30.860
-1.047198	1.450119	-2.739050	30	31	28	30.857
-0.523599	2.187132	-0.479875	158	43	39	30.855
0.000000	1.417623	-0.202254	164	49	29	30.853
1.308997	1.256302	0.062705	24	27	33	30.850
0.523599	0.419640	2.974122	166	15	57	30.850
-2.356194	2.104282	-0.813972	10	33	35	30.849
-1.047198	2.001437	0.381215	18	46	18	30.849
2.879793	2.979456	-1.009304	6	21	68	30.846
-2.879793	1.448123	-2.163292	167	44	32	30.839
0.000000	1.218453	2.777284	19	45	16	30.837
0.785398	2.187132	-0.479875	19	22	18	30.833
-1.047198	1.872854	1.543456	156	13	36	30.828
-0.261799	1.732874	-0.951685	9	47	40	30.825
-1.047198	2.863997	0.549740	158	37	56	30.824
-1.570796	2.863997	0.549740	12	27	64	30.822
2.094395	2.379497	0.561089	12	35	23	30.821
-1.570796	2.404280	-0.174044	11	157	30	30.817
0.000000	2.138223	1.678323	0	47	43	30.814
-0.261799	2.407836	1.410646	6	48	30	30.813
-0.785398	1.869911	2.701025	17	31	44	30.813
0.785398	1.574060	2.783565	164	49	25	30.806
1.570796	1.998705	2.370472	160	46	29	30.806
1.308997	1.413430	2.550734	1	49	23	30.804
-1.308997	1.506530	1.988858	6	24	17	30.803
-2.094395	2.664082	-1.071402	148	157	31	30.801
-1.832596	2.863997	0.549740	154	147	1	30.799
0.000000	1.325504	-1.671296	10	51	35	30.798
-2.879793	1.696674	-1.253233	158	41	24	30.797
0.785398	2.153910	-1.714959	19	33	47	30.795
1.047198	2.404280	-0.174044	19	25	17	30.795
1.832596	0.571433	-1.188419	153	21	32	30.793
-2.094395	1.732874	-0.951685	6	38	28	30.783
-1.570796	1.194549	-0.801900	156	30	40	30.783
-2.617994	1.721184	-0.153948	164	40	26	30.782
1.832596	0.914445	2.687814	4	147	24	30.782
-1.308997	2.456751	-1.503343	2	38	42	30.782
-2.617994	2.579248	-2.364801	148	137	30	30.781
0.785398	0.571433	-1.188419	151	39	35	30.781
2.094395	0.674054	1.013609	14	33	10	30.776
-1.308997	2.592629	0.909713	8	41	50	30.774
0.523599	1.869911	2.701025	3	51	33	30.773
0.000000	0.571433	-1.188419	4	46	13	30.773
0.523599	0.496451	0.593859	146	13	29	30.772
-2.356194	1.846342	-1.796954	166	32	46	30.766
0.000000	1.374601	-2.456031	18	50	32	30.764
1.570796	2.455966	-0.641220	158	129	26	30.754
0.261799	0.458961	-0.107937	155	38	20	30.749
-0.785398	1.836682	-0.676006	166	47	39	30.742
0.785398	2.579248	-2.364801	8	36	57	30.742
2.879793	1.998705	2.370472	147	128	16	30.739
2.879793	2.089241	-0.114193	13	10	56	30.739
1.308997	2.664082	-1.071402	0	19	43	30.737
-3.141593	1.741644	-2.695914	152	128	22	30.729
-2.879793	0.618092	2.539118	4	27	65	30.728
0.000000	2.001437	0.381215	155	43	46	30.728
1.570796	1.195355	1.200319	15	26	44	30.726
-3.141593	1.658653	-2.409879	154	127	23	30.724
1.047198	1.025536	1.576859	16	20	43	30.721
2.617994	0.700570	1.559208	164	34	42	30.720
2.617994	2.579248	-2.364801	18	34	28	30.718
1.570796	1.732874	-0.951685	156	18	34	30.713
-1.308997	2.041297	-2.664597	149	19	34	30.712
2.617994	0.591903	2.010408	152	32	20	30.697
-1.047198	1.247695	1.809890	166	26	17	30.695
2.617994	0.864993	2.278281	164	32	33	30.690
1.570796	2.396274	-1.959260	155	143	30	30.689
-0.523599	1.909857	-0.381669	160	46	32	30.688
-3.141593	2.719179	-1.780644	18	34	25	30.685
-1.308997	0.290380	-0.796960	156	16	54	30.681
-0.785398	2.579248	-2.364801	15	27	49	30.679
2.094395	0.290380	-0.796960	9	32	60	30.679
-1.832596	1.699788	2.452890	153	36	35	30.679
-3.141593	0.080730	-2.622036	146	19	29	30.672
1.570796	1.904882	-1.478089	3	32	50	30.671
2.094395	2.478122	2.609777	11	37	26	30.668
0.000000	1.391910	3.030322	20	48	24	30.667
-1.047198	1.909857	-0.381669	24	43	45	30.666
2.617994	1.998705	2.370472	7	37	28	30.666
0.785398	1.683268	0.374177	153	35	27	30.664
-1.308997	2.089241	-0.114193	18	49	28	30.661
1.308997	1.869911	2.701025	142	34	42	30.655
-0.785398	2.041297	-2.664597	24	35	43	30.654
1.047198	0.960688	-0.577532	140	23	44	30.652
2.617994	2.115563	0.685730	158	125	21	30.648
-0.261799	1.812176	0.656819	6	51	30	30.642
1.047198	1.195355	1.200319	18	21	44	30.640
2.094395	2.104282	-0.813972	8	21	39	30.639
-3.141593	1.904882	-1.478089	8	42	23	30.634
0.261799	1.135813	-2.658866	165	44	33	30.629
-2.094395	2.592629	0.909713	157	26	19	30.624
2.617994	1.766067	2.153843	143	132	9	30.622
-1.570796	2.379497	0.561089	11	39	53	30.620
1.832596	1.014500	0.906702	20	32	38	30.613
2.356194	2.719179	-1.780644	1	39	46	30.613
-1.570796	0.591903	2.010408	2	24	37	30.612
-0.785398	1.134497	-1.109631	7	49	39	30.610
-1.832596	0.496451	0.593859	15	39	12	30.608
0.523599	1.050534	3.042579	7	48	14	30.602
-2.356194	1.662363	0.915448	142	30	43	30.602
1.570796	0.080730	-2.622036	2	41	14	30.601
-1.570796	0.379747	-1.713059	9	31	45	30.596
0.261799	0.203748	0.590255	9	20	64	30.582
-1.047198	1.113094	-0.272241	26	45	21	30.578
2.356194	1.904882	-1.478089	24	36	10	30.571
0.000000	1.721184	-0.153948	154	44	45	30.570
1.047198	1.732874	-0.951685	141	24	53	30.570
0.261799	1.134796	2.434290	2	43	19	30.569
-1.832596	1.450119	-2.739050	19	16	49	30.568
0.261799	1.699788	2.452890	1	47	35	30.565
-2.879793	1.699788	2.452890	161	124	9	30.563
1.308997	2.984978	1.954446	154	41	48	30.563
0.000000	2.579248	-2.364801	27	29	48	30.563
2.879793	1.836682	-0.676006	166	127	28	30.562
1.570796	1.367556	0.358405	32	32	38	30.558
-1.047198	1.658653	-2.409879	11	30	52	30.555
-3.141593	0.370812	-2.547742	151	128	8	30.554
-0.261799	1.195355	1.200319	151	28	25	30.553
1.832596	1.310100	1.488307	154	136	160	30.553
-1.047198	0.379747	-1.713059	16	44	28	30.547
-1.308997	1.450119	-2.739050	18	23	50	30.546
0.000000	1.301460	-0.509251	165	50	29	30.546
0.785398	1.812176	0.656819	166	39	21	30.545
-0.523599	1.741644	-2.695914	12	37	45	30.543
2.356194	1.325504	-1.671296	19	36	33	30.542
-2.617994	1.977582	0.969896	146	37	35	30.539
-1.570796	2.587733	0.232235	1	37	59	30.538
2.617994	2.138223	1.678323	147	128	18	30.536
2.879793	1.510910	-0.740472	164	124	20	30.536
1.047198	0.674054	1.013609	4	20	56	30.533
-1.308997	0.615174	-0.666022	14	48	21	30.532
-2.617994	1.836682	-0.676006	165	40	24	30.529
2.879793	2.343981	-1.040456	166	24	61	30.524
1.832596	1.699788	2.452890	15	36	32	30.523
-1.047198	2.587733	0.232235	17	49	33	30.522
0.261799	1.488617	1.159546	163	45	17	30.518
0.785398	2.979456	-1.009304	155	131	29	30.515
0.261799	1.256302	0.062705	162	42	19	30.515
1.047198	1.617114	-1.572037	166	41	48	30.514
2.617994	1.741644	-2.695914	135	138	14	30.513
0.261799	2.104282	-0.813972	153	33	61	30.512
2.094395	2.356369	3.005869	16	35	30	30.512
0.523599	1.732874	-0.951685	148	36	54	30.511
-3.141593	1.875281	0.107086	16	13	50	30.511
1.047198	2.637879	2.121598	2	49	36	30.507
1.832596	2.295480	1.008277	155	25	22	30.507
-1.047198	1.574060	2.783565	143	143	13	30.505
2.879793	1.732874	-0.951685	163	127	28	30.504
-2.094395	2.863997	0.549740	7	141	27	30.503
-1.308997	0.618092	2.539118	11	18	17	30.501
-2.617994	0.960688	-0.577532	13	37	31	30.499
1.047198	2.001437	0.381215	150	30	36	30.499
0.523599	2.108018	1.311430	157	45	34	30.497
-0.785398	1.599406	1.426070	27	43	19	30.495
1.570796	2.001437	0.381215	22	31	26	30.488
0.523599	0.929350	-2.910676	5	47	36	30.486
0.000000	2.379497	0.561089	162	46	25	30.483
-0.261799	1.721184	-0.153948	162	46	45	30.481
2.879793	1.809167	1.213774	160	124	9	30.480
-2.356194	1.413430	2.550734	167	44	41	30.478
-0.261799	1.741644	-2.695914	12	40	48	30.477
2.356194	1.014500	0.906702	14	39	50	30.470
-1.832596	1.510910	-0.740472	159	32	36	30.469
1.047198	0.370812	-2.547742	149	26	44	30.468
-1.570796	1.756530	-2.105156	159	28	27	30.467
0.261799	1.909857	-0.381669	149	38	52	30.463
0.000000	1.836682	-0.676006	157	42	53	30.463
-0.785398	1.741644	-2.695914	26	37	35	30.459
-1.832596	2.115563	0.685730	13	34	43	30.456
1.832596	0.419640	2.974122	167	41	15	30.454
2.879793	1.658653	-2.409879	148	130	23	30.448
1.570796	0.906588	1.252948	13	34	10	30.437
1.047198	2.760637	2.781135	162	44	39	30.429
1.047198	1.045978	0.343692	146	6	38	30.428
1.047198	2.863997	0.549740	13	26	12	30.428
1.308997	2.719179	-1.780644	166	137	27	30.417
-0.785398	1.606104	-0.451151	167	49	30	30.414
1.832596	1.135834	-1.431087	23	28	36	30.412
0.785398	1.218453	2.777284	7	47	35	30.411
-1.832596	1.214854	-1.966664	162	31	27	30.411
0.785398	1.014500	0.906702	10	16	54	30.410
-1.047198	0.961715	0.014085	22	43	15	30.407
1.570796	1.025536	1.576859	6	19	54	30.403
1.832596	2.979456	-1.009304	25	28	45	30.402
-1.832596	0.674054	1.013609	152	149	39	30.401
-1.308997	1.606104	-0.451151	15	50	30	30.401
2.094395	0.458961	-0.107937	9	33	40	30.398
1.570796	0.866395	-2.492918	148	36	34	30.398
1.832596	0.685216	-1.712745	149	28	25	30.398
2.356194	2.664082	-1.071402	6	30	57	30.393
-0.785398	1.045978	0.343692	16	45	13	30.389
0.261799	1.869911	2.701025	11	51	33	30.381
2.879793	2.180315	-1.357379	158	21	60	30.380
-1.047198	2.579248	-2.364801	2	27	15	30.380
2.617994	2.180315	-1.357379	160	24	60	30.378
-3.141593	0.290380	-0.796960	2	33	40	30.377
-2.094395	0.866395	-2.492918	20	15	24	30.377
0.261799	1.113094	-0.272241	162	42	18	30.377
-0.523599	2.664082	-1.071402	165	26	65	30.376
1.570796	1.134796	2.434290	157	38	39	30.369
-1.308997	1.301460	-0.509251	15	50	28	30.361
-2.617994	2.187132	-0.479875	167	37	16	30.359
-1.308997	2.251330	-2.330739	166	27	17	30.354
1.832596	2.108018	1.311430	159	32	23	30.352
-0.261799	1.809167	1.213774	11	51	26	30.348
-0.523599	1.696674	-1.253233	8	42	52	30.337
-0.523599	0.370812	-2.547742	16	41	29	30.334
-2.356194	2.704512	1.488683	7	8	58	30.329
2.094395	2.343981	-1.040456	8	22	35	30.329
0.261799	1.506530	1.988858	5	48	17	30.324
-1.832596	1.448123	-2.163292	164	32	25	30.320
-1.308997	2.164094	-2.991358	19	22	42	30.320
-0.523599	2.174483	2.653697	152	9	35	30.318
0.523599	1.699788	2.452890	1	51	25	30.317
0.261799	0.899350	-2.069907	161	43	50	30.312
0.261799	2.863997	0.549740	156	41	38	30.309
-0.261799	1.869911	2.701025	26	44	33	30.306
0.000000	2.089241	-0.114193	152	29	58	30.303
2.094395	0.419640	2.974122	0	38	11	30.303
-0.785398	1.574060	2.783565	26	37	30	30.302
2.094395	1.766067	2.153843	9	38	28	30.295
1.308997	2.349581	-2.702517	153	32	61	30.294
-2.356194	1.599406	1.426070	145	34	48	30.294
-0.523599	1.504028	0.636812	13	50	21	30.292
-2.094395	1.606104	-0.451151	5	36	23	30.289
-1.308997	1.050534	3.042579	23	23	25	30.284
-0.785398	0.618092	2.539118	160	23	51	30.283
2.617994	0.619654	-2.216909	140	133	9	30.281
0.523599	2.587733	0.232235	14	19	12	30.272
-0.785398	2.187132	-0.479875	165	47	39	30.272
-2.094395	1.554776	0.100351	156	32	30	30.271
2.356194	1.696674	-1.253233	147	133	28	30.270
-1.832596	2.760637	2.781135	156	30	17	30.269
1.570796	1.045978	0.343692	19	30	39	30.262
-3.141593	2.138223	1.678323	162	124	18	30.261
1.832596	2.033014	2.977192	20	33	34	30.255
-0.523599	2.089241	-0.114193	163	47	29	30.255
-2.617994	2.587733	0.232235	14	28	52	30.255
-1.047198	2.664082	-1.071402	1	40	38	30.255
-3.141593	1.184361	0.625864	7	42	38	30.253
-0.523599	1.809167	1.213774	3	48	24	30.247
-2.617994	2.979456	-1.009304	156	32	60	30.246
2.879793	0.762244	-0.273349	1	127	11	30.242
0.523599	1.766067	2.153843	166	50	25	30.235
1.047198	1.367556	0.358405	25	24	35	30.233
0.261799	0.591903	2.010408	163	17	55	30.225
-1.047198	1.256302	0.062705	6	45	14	30.222
2.617994	2.588535	-2.976617	150	11	63	30.221
0.000000	1.488617	1.159546	2	48	16	30.218
1.832596	1.168678	2.108595	155	37	32	30.213
0.785398	1.113094	-0.272241	140	25	45	30.212
2.356194	1.998705	2.370472	5	38	29	30.212
-0.261799	0.864993	2.278281	18	12	43	30.210
2.356194	2.356369	3.005869	147	31	54	30.205
2.617994	0.618092	2.539118	166	29	42	30.203
-1.832596	1.195355	1.200319	19	38	16	30.199
-2.356194	1.606104	-0.451151	9	36	23	30.198
1.047198	1.683268	0.374177	26	22	30	30.198
1.047198	0.615174	-0.666022	9	14	54	30.195
0.261799	1.184361	0.625864	148	144	7	30.191
2.617994	2.164094	-2.991358	18	37	18	30.188
0.785398	2.356369	3.005869	160	40	57	30.187
-0.785398	1.683268	0.374177	20	49	29	30.187
1.047198	2.587733	0.232235	19	26	18	30.184
1.047198	2.104282	-0.813972	158	30	44	30.183
-1.570796	2.579248	-2.364801	159	25	25	30.182
-3.141593	1.025536	1.576859	165	33	62	30.175
0.261799	1.195355	1.200319	167	41	10	30.172
0.000000	1.904882	-1.478089	166	39	59	30.171
-0.523599	2.881233	-2.582574	12	24	54	30.168
2.879793	1.699788	2.452890	147	129	9	30.164
0.785398	1.413347	-1.339188	144	36	45	30.162
2.356194	1.824694	1.850876	139	135	8	30.161
-1.570796	0.961715	0.014085	13	44	12	30.159
1.570796	1.247695	1.809890	1	38	6	30.157
-0.523599	1.662363	0.915448	16	50	24	30.153
-2.617994	1.606104	-0.451151	12	36	23	30.153
0.785398	1.301460	-0.509251	139	30	37	30.148
0.785398	2.704512	1.488683	162	47	33	30.147
1.308997	2.089241	-0.114193	22	27	21	30.145
1.570796	1.301460	-0.509251	154	18	24	30.144
1.047198	2.343981	-1.040456	152	136	33	30.143
2.356194	0.700570	1.559208	1	34	42	30.142
0.523599	2.041297	-2.664597	7	47	48	30.141
1.308997	0.685216	-1.712745	136	146	10	30.139
-2.094395	2.089241	-0.114193	9	31	16	30.135
-2.094395	2.984978	1.954446	167	13	51	30.134
1.832596	1.977582	0.969896	12	28	40	30.134
0.261799	1.606104	-0.451151	152	32	58	30.134
-2.356194	2.033014	2.977192	155	32	36	30.131
2.094395	2.984978	1.954446	145	138	28	30.130
-0.261799	0.640596	-2.797608	20	38	12	30.129
1.308997	2.247462	0.191623	22	28	22	30.129
-2.879793	1.367556	0.358405	149	38	46	30.126
2.356194	2.456751	-1.503343	163	31	57	30.125
1.308997	0.831641	0.616218	144	136	1	30.124
1.047198	2.456751	-1.503343	160	20	68	30.121
2.094395	0.203748	0.590255	10	30	46	30.119
-0.261799	1.506530	1.988858	20	45	17	30.119
-1.047198	1.510910	-0.740472	8	50	36	30.117
0.523599	2.063651	-2.044600	17	41	47	30.114
2.356194	1.134796	2.434290	5	35	37	30.111
-1.308997	2.073035	2.027405	26	30	18	30.110
-2.617994	0.866955	-0.931351	2	37	36	30.108
-2.094395	1.599406	1.426070	153	31	40	30.107
2.094395	0.379747	-1.713059	142	133	10	30.099
-0.261799	0.571433	-1.188419	11	46	13	30.096
1.570796	1.869911	2.701025	140	157	20	30.094
-0.785398	0.762244	-0.273349	158	7	54	30.094
0.261799	2.704512	1.488683	11	50	32	30.093
-1.308997	1.554776	0.100351	16	46	16	30.093
-3.141593	0.618092	2.539118	7	25	65	30.092
-2.879793	2.104282	-0.813972	3	40	18	30.092
-2.094395	1.870545	-2.976234	152	31	38	30.092
-2.879793	0.960688	-0.577532	151	39	47	30.085
-0.261799	0.203748	0.590255	148	25	30	30.079
2.617994	2.760637	2.781135	16	32	15	30.077
1.047198	1.662363	0.915448	155	35	30	30.069
-2.879793	1.736875	3.023612	159	124	15	30.062
2.879793	2.138223	1.678323	3	33	40	30.062
1.047198	1.014500	0.906702	10	18	54	30.060
0.523599	1.367556	0.358405	157	39	19	30.059
1.308997	1.554776	0.100351	22	28	30	30.058
2.617994	1.417623	-0.202254	13	50	30	30.058
-1.047198	0.866955	-0.931351	13	49	29	30.053
0.261799	0.733948	3.021411	16	41	8	30.051
-2.879793	1.998705	2.370472	163	123	16	30.048
0.785398	1.696674	-1.253233	146	32	54	30.047
1.047198	0.700570	1.559208	15	21	45	30.045
0.785398	1.488617	1.159546	154	37	17	30.043
2.617994	2.343981	-1.040456	0	25	61	30.042
0.785398	1.506530	1.988858	160	43	17	30.039
-0.785398	2.001437	0.381215	165	44	35	30.034
0.523599	0.866395	-2.492918	4	49	17	30.033
0.785398	1.242974	-2.977882	165	49	22	30.033
0.523599	1.413430	2.550734	3	48	18	30.031
1.047198	1.301460	-0.509251	15	19	35	30.030
0.261799	1.766067	2.153843	165	126	18	30.030
-3.141593	1.310100	1.488307	164	40	55	30.030
-1.570796	1.417623	-0.202254	15	39	39	30.027
-1.570796	1.569311	-3.003978	29	19	33	30.027
2.879793	1.599406	1.426070	2	44	48	30.026
2.879793	1.113094	-0.272241	5	49	38	30.026
-0.785398	1.242974	-2.977882	26	35	23	30.024
1.047198	0.864993	2.278281	7	5	60	30.021
-0.261799	2.984978	1.954446	7	31	64	30.017
2.094395	1.824694	1.850876	27	32	24	30.017
-0.261799	2.108018	1.311430	3	46	42	30.014
-1.308997	2.247462	0.191623	23	46	26	30.010
1.832596	1.736875	3.023612	10	147	12	30.009
1.308997	0.379747	-1.713059	136	146	3	30.008
-0.523599	1.555207	1.708892	23	45	17	30.008
-0.523599	2.379497	0.561089	166	46	40	30.008
2.617994	0.899350	-2.069907	144	132	17	30.006
-0.261799	0.591903	2.010408	4	26	20	30.002
1.832596	0.619654	-2.216909	137	143	12	30.000
2.094395	1.135813	-2.658866	158	35	22	29.996
-0.523599	1.904882	-1.478089	10	36	60	29.993
2.094395	0.961715	0.014085	152	128	13	29.993
1.832596	2.089241	-0.114193	15	34	22	29.992
1.308997	2.164094	-2.991358	157	41	47	29.991
-1.570796	2.164094	-2.991358	15	20	42	29.990
0.785398	1.662363	0.915448	160	39	30	29.990
2.617994	0.674054	1.013609	6	35	10	29.985
-0.523599	2.247462	0.191623	10	47	46	29.985
1.832596	1.545873	-1.877082	27	24	19	29.977
-1.570796	1.413430	2.550734	22	17	32	29.974
-1.570796	0.866955	-0.931351	159	30	45	29.969
-2.879793	0.850607	-1.335383	161	126	16	29.968
-1.308997	1.135834	-1.431087	15	43	36	29.968
2.879793	1.766067	2.153843	148	127	7	29.967
-3.141593	0.700570	1.559208	165	34	33	29.965
-2.879793	2.587733	0.232235	16	24	51	29.963
-2.356194	1.809167	1.213774	151	37	33	29.962
1.570796	1.504028	0.636812	22	30	36	29.962
-1.570796	1.214854	-1.966664	148	23	44	29.962
-0.785398	0.203748	0.590255	2	147	41	29.960
0.785398	0.709924	0.218797	144	14	35	29.959
1.308997	2.343981	-1.040456	9	22	46	29.952
1.832596	1.504028	0.636812	24	32	29	29.946
2.356194	2.588535	-2.976617	15	36	28	29.945
-1.047198	0.290380	-0.796960	6	48	19	29.944
-0.785398	0.961715	0.014085	16	46	14	29.943
2.617994	1.699788	2.452890	141	134	8	29.939
0.785398	1.325504	-1.671296	156	43	35	29.936
0.000000	0.850607	-1.335383	6	50	21	29.935
2.094395	0.733948	3.021411	164	33	39	29.933
1.308997	1.948085	-2.363031	148	150	29	29.932
0.785398	2.456751	-1.503343	161	22	68	29.927
1.308997	1.367556	0.358405	24	27	35	29.921
0.523599	2.588535	-2.976617	6	37	54	29.920
1.047198	1.766067	2.153843	147	36	38	29.918
1.047198	2.393226	1.857173	145	34	51	29.915
-2.094395	1.025536	1.576859	156	138	1	29.908
-1.832596	2.724429	-0.348782	155	145	164	29.908
-0.523599	1.872854	1.543456	23	47	27	29.907
-2.879793	1.982574	-1.115518	3	40	20	29.902
-2.879793	2.089241	-0.114193	13	18	55	29.902
-1.308997	1.812176	0.656819	21	44	26	29.893
-1.832596	2.404280	-0.174044	145	146	161	29.892
2.356194	1.617114	-1.572037	2	27	48	29.892
2.094395	0.618092	2.539118	149	36	24	29.892
-2.617994	2.637879	2.121598	162	31	30	29.888
-1.047198	2.343981	-1.040456	164	39	51	29.885
-1.570796	1.128190	-2.288622	14	27	48	29.882
-0.523599	1.869911	2.701025	12	34	44	29.881
0.261799	2.404280	-0.174044	20	17	17	29.875
-2.879793	0.929350	-2.910676	149	128	16	29.873
1.832596	1.218453	2.777284	7	148	20	29.869
1.570796	0.496451	0.593859	10	30	43	29.866
2.094395	1.658653	-2.409879	148	25	54	29.866
0.261799	0.674054	1.013609	163	29	17	29.863
-1.308997	1.045978	0.343692	17	44	19	29.858
0.261799	0.910508	1.903534	6	13	36	29.858
-1.047198	1.812176	0.656819	144	131	12	29.855
1.308997	1.413347	-1.339188	148	32	53	29.855
2.617994	1.574060	2.783565	9	37	38	29.854
2.356194	2.979456	-1.009304	166	140	30	29.850
2.094395	1.504028	0.636812	148	5	34	29.850
0.261799	1.756530	-2.105156	21	43	41	29.849
-2.094395	1.736875	3.023612	151	29	42	29.849
2.094395	0.850607	-1.335383	21	33	46	29.848
1.047198	1.721184	-0.153948	23	24	25	29.848
-1.047198	1.732874	-0.951685	7	46	45	29.847
-1.308997	1.194549	-0.801900	153	26	40	29.847
-0.785398	0.619654	-2.216909	141	144	31	29.846
-2.094395	1.504028	0.636812	148	153	19	29.846
0.261799	1.045978	0.343692	160	40	13	29.833
0.000000	2.174483	2.653697	19	48	41	29.831
0.000000	2.299159	2.264663	15	48	42	29.828
0.523599	2.187132	-0.479875	147	27	60	29.826
-2.094395	1.574060	2.783565	160	43	35	29.825
-1.047198	2.299159	2.264663	19	29	27	29.825
-0.785398	1.450119	-2.739050	26	37	28	29.823
-0.261799	2.104282	-0.813972	7	43	47	29.815
1.570796	0.992645	-1.723759	30	21	31	29.815
2.356194	1.488617	1.159546	163	128	0	29.815
1.308997	2.073035	2.027405	162	46	22	29.807
2.356194	0.571433	-1.188419	17	34	34	29.807
0.523599	2.704512	1.488683	3	50	32	29.807
-1.308997	1.736875	3.023612	31	24	35	29.806
-3.141593	2.979456	-1.009304	5	22	68	29.802
-2.617994	2.478122	2.609777	159	32	27	29.801
-3.141593	2.115563	0.685730	3	126	21	29.799
1.570796	1.870545	-2.976234	143	155	22	29.793
0.261799	1.599406	1.426070	0	48	19	29.791
-0.785398	1.554776	0.100351	19	50	29	29.790
0.523599	0.899350	-2.069907	14	47	25	29.790
0.261799	1.440580	2.260026	8	49	16	29.789
-1.832596	1.134796	2.434290	15	14	2	29.782
-2.617994	2.033014	2.977192	160	36	36	29.782
0.523599	2.407836	1.410646	167	49	25	29.781
2.879793	2.379497	0.561089	163	3	46	29.780
1.570796	1.135813	-2.658866	145	33	51	29.779
-2.879793	1.836682	-0.676006	153	38	23	29.773
0.785398	1.721184	-0.153948	24	19	25	29.767
-1.832596	2.164094	-2.991358	3	16	51	29.767
-1.832596	1.683268	0.374177	136	149	14	29.765
1.308997	1.617114	-1.572037	161	37	47	29.763
2.356194	2.760637	2.781135	147	33	52	29.758
-1.832596	0.418037	1.360082	161	151	42	29.757
-2.879793	1.554776	0.100351	149	39	38	29.755
-0.785398	1.870545	-2.976234	157	141	22	29.752
2.356194	0.961715	0.014085	159	126	12	29.750
0.000000	2.251330	-2.330739	27	34	46	29.750
-2.356194	1.510910	-0.740472	10	38	27	29.742
-0.785398	1.809167	1.213774	26	45	26	29.738
2.094395	0.591903	2.010408	1	24	56	29.737
-1.047198	2.637879	2.121598	152	144	167	29.733
-0.523599	2.588535	-2.976617	32	28	42	29.732
1.047198	2.153910	-1.714959	0	34	61	29.732
0.523599	0.640596	-2.797608	162	133	34	29.731
2.617994	1.662363	0.915448	155	125	6	29.723
-1.832596	1.662363	0.915448	12	140	6	29.722
1.308997	2.760637	2.781135	155	31	62	29.721
-1.308997	0.960688	-0.577532	16	49	25	29.718
2.094395	1.025536	1.576859	4	33	37	29.710
2.879793	0.709924	0.218797	8	37	40	29.702
0.000000	0.700570	1.559208	167	15	57	29.701
2.879793	2.041297	-2.664597	141	137	22	29.698
-2.356194	0.866395	-2.492918	163	127	12	29.696
2.094395	2.180315	-1.357379	6	25	35	29.694
-1.570796	1.391910	3.030322	32	18	26	29.694
0.261799	2.108018	1.311430	7	46	15	29.692
2.356194	1.135813	-2.658866	0	21	54	29.689
-2.356194	2.881233	-2.582574	151	29	52	29.684
0.523599	1.218453	2.777284	5	48	16	29.683
1.047198	1.448123	-2.163292	145	38	44	29.682
-2.356194	2.180315	-1.357379	0	34	37	29.680
2.879793	2.455966	-0.641220	14	30	51	29.680
0.523599	1.440580	2.260026	1	47	17	29.679
-0.785398	2.104282	-0.813972	163	43	45	29.678
-2.356194	2.979456	-1.009304	152	28	60	29.676
1.570796	0.960688	-0.577532	139	9	44	29.675
-0.261799	1.413430	2.550734	25	43	18	29.672
2.356194	2.704512	1.488683	148	22	30	29.671
-0.261799	2.379497	0.561089	3	47	47	29.665
2.356194	2.587733	0.232235	1	35	17	29.662
0.785398	1.025536	1.576859	16	17	43	29.656
1.832596	0.700570	1.559208	6	26	54	29.654
-2.617994	1.014500	0.906702	157	33	51	29.648
0.523599	2.984978	1.954446	150	35	53	29.647
-1.832596	2.089241	-0.114193	6	37	32	29.642
1.570796	0.370812	-2.547742	162	41	20	29.641
1.047198	0.418037	1.360082	165	22	54	29.638
2.094395	0.700570	1.559208	4	33	42	29.638
1.832596	0.496451	0.593859	17	31	44	29.638
0.261799	2.187132	-0.479875	151	32	60	29.633
0.261799	1.194549	-0.801900	151	43	36	29.633
2.879793	0.203748	0.590255	2	31	47	29.629
1.570796	1.875281	0.107086	21	31	24	29.621
-2.617994	1.417623	-0.202254	164	40	33	29.617
-0.785398	1.977582	0.969896	12	47	24	29.615
-1.832596	1.846342	-1.796954	163	32	23	29.615
0.261799	2.984978	1.954446	155	38	54	29.613
0.000000	2.704512	1.488683	166	41	58	29.611
-2.617994	1.555207	1.708892	156	133	4	29.608
0.523599	2.456751	-1.503343	1	32	50	29.606
1.832596	1.135813	-2.658866	28	27	37	29.605
0.000000	0.203748	0.590255	146	20	30	29.599
0.261799	0.370812	-2.547742	4	47	32	29.599
-2.356194	2.247462	0.191623	13	27	52	29.599
-3.141593	2.001437	0.381215	155	43	29	29.595
1.832596	0.906588	1.252948	10	34	10	29.595
1.047198	2.979456	-1.009304	5	20	52	29.591
-2.879793	0.418037	1.360082	154	27	44	29.589
2.617994	1.014500	0.906702	6	132	165	29.588
-2.094395	1.510910	-0.740472	5	38	28	29.582
2.356194	1.699788	2.452890	24	37	27	29.580
2.094395	2.863997	0.549740	147	130	19	29.576
-1.832596	2.356369	3.005869	157	29	31	29.573
2.356194	1.050534	3.042579	10	154	22	29.572
-3.141593	1.569311	-3.003978	163	30	47	29.571
1.832596	1.134796	2.434290	159	43	18	29.571
-0.261799	1.904882	-1.478089	4	39	60	29.570
1.047198	1.433411	-1.035986	150	30	57	29.563
-0.523599	1.247695	1.809890	10	36	28	29.563
-2.879793	1.872854	1.543456	157	45	41	29.562
1.308997	0.906588	1.252948	1	35	14	29.557
2.094395	1.391910	3.030322	10	152	17	29.552
-1.308997	2.349581	-2.702517	149	23	18	29.549
2.879793	1.195355	1.200319	6	40	37	29.545
2.356194	2.343981	-1.040456	2	24	61	29.541
2.879793	0.910508	1.903534	166	34	33	29.540
0.523599	1.214854	-1.966664	13	49	33	29.539
-0.523599	2.863997	0.549740	8	49	38	29.537
1.308997	2.379497	0.561089	23	27	23	29.533
-3.141593	2.455966	-0.641220	4	26	60	29.530
2.094395	0.864993	2.278281	151	35	21	29.530
-2.617994	1.812176	0.656819	144	36	37	29.529
1.570796	0.929350	-2.910676	7	144	20	29.527
2.879793	0.619654	-2.216909	147	129	12	29.526
0.785398	0.290380	-0.796960	149	138	9	29.526
1.047198	2.719179	-1.780644	23	31	45	29.525
0.261799	1.391910	3.030322	0	45	34	29.522
0.523599	1.658653	-2.409879	161	45	49	29.522
0.000000	1.025536	1.576859	8	39	6	29.516
-2.356194	1.554776	0.100351	160	37	30	29.514
-1.570796	0.203748	0.590255	143	154	13	29.512
0.261799	1.374601	-2.456031	10	51	32	29.511
-1.832596	1.325504	-1.671296	151	30	25	29.509
-0.523599	0.864993	2.278281	9	29	24	29.507
1.570796	0.700570	1.559208	0	19	55	29.507
-0.523599	1.824694	1.850876	26	46	25	29.504
0.261799	1.569311	-3.003978	13	52	31	29.504
-0.785398	1.699788	2.452890	36	35	25	29.504
-2.617994	2.704512	1.488683	1	8	50	29.500
0.523599	0.961715	0.014085	162	37	15	29.498
-0.261799	2.299159	2.264663	151	130	3	29.495
-1.570796	0.458961	-0.107937	6	45	13	29.490
-1.308997	1.569311	-3.003978	29	25	33	29.489
1.832596	1.569311	-3.003978	154	38	33	29.489
1.832596	2.041297	-2.664597	6	147	3	29.488
1.832596	0.203748	0.590255	11	29	45	29.482
1.308997	0.992645	-1.723759	157	42	32	29.481
-2.094395	1.875281	0.107086	147	151	9	29.481
-2.356194	2.001437	0.381215	16	25	48	29.481
2.094395	1.812176	0.656819	147	4	41	29.475
1.047198	0.906588	1.252948	14	23	46	29.473
1.832596	1.998705	2.370472	145	37	37	29.472
-1.047198	2.251330	-2.330739	12	27	42	29.464
0.523599	1.325504	-1.671296	153	44	43	29.463
2.356194	2.407836	1.410646	151	22	27	29.457
-0.785398	1.374601	-2.456031	6	27	57	29.456
0.523599	1.574060	2.783565	4	51	25	29.455
2.356194	2.115563	0.685730	150	127	21	29.453
-2.356194	1.050534	3.042579	158	125	14	29.448
1.308997	1.242974	-2.977882	166	45	22	29.446
1.047198	1.194549	-0.801900	144	27	51	29.441
2.094395	0.418037	1.360082	11	40	15	29.440
2.879793	1.756530	-2.105156	151	131	28	29.440
-0.261799	1.658653	-2.409879	3	40	42	29.440
-2.617994	1.256302	0.062705	6	36	22	29.440
-0.261799	1.168678	2.108595	19	40	9	29.439
-2.617994	2.863997	0.549740	167	137	28	29.437
-0.261799	1.982574	-1.115518	159	39	41	29.436
-2.879793	2.984978	1.954446	167	32	15	29.435
0.785398	1.904882	-1.478089	150	32	59	29.431
0.523599	1.870545	-2.976234	164	45	48	29.431
2.617994	1.025536	1.576859	16	38	42	29.422
-1.047198	2.456751	-1.503343	166	36	42	29.422
0.261799	2.455966	-0.641220	155	28	63	29.420
2.094395	1.247695	1.809890	3	34	38	29.419
2.356194	0.685216	-1.712745	150	129	18	29.415
0.785398	1.982574	-1.115518	148	28	60	29.414
-1.832596	0.709924	0.218797	146	146	33	29.414
-0.523599	1.982574	-1.115518	165	41	41	29.414
-0.523599	2.295480	1.008277	159	44	44	29.411
-2.356194	0.571433	-1.188419	1	34	42	29.409
2.879793	2.719179	-1.780644	20	31	24	29.409
2.617994	1.555207	1.708892	146	7	38	29.404
-0.523599	0.379747	-1.713059	15	49	26	29.400
-3.141593	2.247462	0.191623	17	14	52	29.400
1.308997	2.174483	2.653697	144	33	50	29.400
-0.261799	1.335669	0.897240	7	47	14	29.397
-2.094395	2.073035	2.027405	26	16	17	29.397
-3.141593	1.824694	1.850876	160	124	9	29.390
0.261799	0.906588	1.252948	167	34	4	29.389
-1.308997	2.984978	1.954446	13	23	54	29.389
1.308997	1.195355	1.200319	146	140	163	29.386
2.879793	1.846342	-1.796954	154	132	32	29.382
0.000000	1.335669	0.897240	1	47	14	29.376
0.523599	1.545873	-1.877082	12	46	42	29.376
2.356194	2.187132	-0.479875	14	40	9	29.374
-0.523599	1.599406	1.426070	20	47	19	29.372
1.308997	1.982574	-1.115518	156	24	40	29.372
-1.570796	1.135813	-2.658866	15	20	50	29.370
2.617994	0.370812	-2.547742	158	29	19	29.369
1.308997	1.998705	2.370472	141	33	42	29.369
2.094395	2.164094	-2.991358	19	33	34	29.367
0.523599	2.455966	-0.641220	15	22	14	29.362
-2.617994	1.870545	-2.976234	162	36	38	29.357
2.094395	1.809167	1.213774	151	22	27	29.355
-2.356194	1.194549	-0.801900	10	38	31	29.355
1.832596	1.909857	-0.381669	157	13	36	29.354
0.523599	2.979456	-1.009304	1	21	42	29.345
1.047198	1.875281	0.107086	145	10	53	29.345
1.047198	1.168678	2.108595	12	44	11	29.344
0.000000	0.866395	-2.492918	17	46	17	29.344
1.047198	1.214854	-1.966664	166	47	34	29.343
2.356194	1.168678	2.108595	5	37	33	29.342
