140	1.2	0
-3.141593	2.407836	1.410646
0.000000	0.000000	0.000000
model.B99990001.pdb	15.846	-28.829	15.709
1iob.pdb	15.932	13.567	1.186
-1.832596	2.251330	-2.330739	138	139	88	7.315
-1.832596	1.374601	-2.456031	100	136	110	7.183
0.785398	2.180315	-1.357379	43	128	18	7.146
0.785398	1.617114	-1.572037	46	127	23	6.889
-1.047198	1.569311	-3.003978	104	132	106	6.728
-1.570796	1.128190	-2.288622	99	131	115	6.662
0.785398	1.904882	-1.478089	44	127	20	6.625
1.308997	0.733948	3.021411	44	120	30	6.303
0.261799	1.846342	-1.796954	41	120	18	6.076
0.785398	1.448123	-2.163292	44	123	20	6.075
-2.094395	2.349581	-2.702517	1	2	87	5.981
-2.879793	2.588535	-2.976617	5	2	87	5.916
-0.261799	2.180315	-1.357379	113	123	95	5.820
1.832596	2.295480	1.008277	46	125	24	5.783
2.617994	2.407836	1.410646	43	134	19	5.717
0.261799	2.478122	2.609777	137	139	89	5.687
-1.047198	1.242974	-2.977882	101	129	111	5.622
-0.785398	1.569311	-3.003978	105	129	106	5.621
1.832596	2.478122	2.609777	130	124	97	5.263
-0.523599	2.979456	-1.009304	133	121	99	5.263
0.523599	1.617114	-1.572037	45	123	23	5.262
1.570796	2.587733	0.232235	45	128	20	5.262
2.094395	2.592629	0.909713	45	130	20	5.195
2.094395	1.977582	0.969896	46	130	29	5.130
-1.308997	2.724429	-0.348782	104	127	109	5.101
0.523599	1.846342	-1.796954	43	124	18	5.035
-2.879793	1.977582	0.969896	42	126	8	5.034
0.523599	1.904882	-1.478089	44	124	20	4.970
-1.832596	1.448123	-2.163292	100	134	111	4.969
-2.356194	2.251330	-2.330739	137	3	88	4.874
-2.879793	2.349581	-2.702517	2	5	87	4.874
-1.832596	2.579248	-2.364801	3	138	87	4.874
1.570796	2.881233	-2.582574	139	6	88	4.808
-0.261799	2.863997	0.549740	108	125	108	4.808
-0.523599	2.637879	2.121598	48	136	16	4.808
-1.047198	1.135813	-2.658866	102	126	113	4.808
2.879793	2.180315	-1.357379	42	136	9	4.712
2.094395	2.379497	0.561089	45	134	24	4.675
-3.141593	2.881233	-2.582574	2	136	88	4.648
0.261799	2.760637	2.781135	137	4	88	4.647
-3.141593	2.349581	-2.702517	3	5	87	4.647
-1.832596	1.948085	-2.363031	105	134	102	4.647
2.094395	1.809167	1.213774	46	128	30	4.610
1.308997	2.724429	-0.348782	43	131	17	4.610
0.261799	2.153910	-1.714959	40	122	15	4.610
2.356194	2.108018	1.311430	45	131	24	4.610
0.523599	2.356369	3.005869	1	139	88	4.581
-2.879793	2.881233	-2.582574	4	136	89	4.581
-1.308997	1.569311	-3.003978	103	135	106	4.581
-1.308997	2.343981	-1.040456	107	124	109	4.515
0.785398	2.637879	2.121598	0	133	92	4.449
1.832596	2.379497	0.561089	46	129	24	4.449
0.000000	1.135813	-2.658866	47	135	30	4.448
-2.617994	2.349581	-2.702517	1	4	87	4.355
-2.356194	2.881233	-2.582574	6	137	88	4.354
-1.832596	1.658653	-2.409879	102	136	105	4.353
-0.261799	2.343981	-1.040456	117	126	93	4.353
0.523599	2.343981	-1.040456	44	124	20	4.316
-0.785398	2.356369	3.005869	0	3	88	4.288
2.617994	2.356369	3.005869	9	3	88	4.288
0.785398	1.374601	-2.456031	43	121	19	4.287
2.356194	1.599406	1.426070	45	131	30	4.251
-2.094395	2.456751	-1.503343	133	138	92	4.222
1.832596	1.218453	2.777284	45	126	22	4.222
0.523599	1.756530	-2.105156	41	123	16	4.222
1.832596	0.864993	2.278281	44	122	31	4.221
0.785398	1.135813	-2.658866	42	118	22	4.221
2.356194	1.247695	1.809890	46	129	31	4.221
1.047198	1.135813	-2.658866	44	123	22	4.221
-1.308997	1.606104	-0.451151	109	126	98	4.192
-1.047198	1.256302	0.062705	111	115	106	4.192
-1.047198	2.724429	-0.348782	107	124	109	4.192
-0.261799	1.741644	-2.695914	100	121	123	4.192
0.523599	2.456751	-1.503343	42	128	15	4.156
0.785398	2.664082	-1.071402	42	130	15	4.155
2.094395	1.812176	0.656819	45	132	32	4.155
-2.356194	2.349581	-2.702517	1	3	87	4.127
-1.308997	1.658653	-2.409879	133	135	93	4.127
-1.308997	1.948085	-2.363031	137	135	90	4.127
-1.047198	0.929350	-2.910676	100	129	115	4.126
0.785398	2.299159	2.264663	126	119	100	4.090
-1.832596	1.756530	-2.105156	102	133	108	4.090
-2.356194	2.579248	-2.364801	1	0	87	4.061
-2.617994	2.881233	-2.582574	4	136	88	4.061
-2.879793	1.998705	2.370472	11	15	93	4.060
-1.832596	2.063651	-2.044600	105	132	103	4.060
-0.523599	0.866395	-2.492918	49	128	30	4.060
1.308997	2.881233	-2.582574	0	7	88	3.995
-1.832596	1.134796	2.434290	115	115	100	3.994
-0.785398	1.242974	-2.977882	103	126	111	3.994
-1.308997	1.242974	-2.977882	99	134	111	3.994
0.523599	1.545873	-1.877082	44	122	21	3.994
0.785398	2.153910	-1.714959	42	130	15	3.928
1.308997	0.914445	2.687814	42	117	28	3.928
-2.094395	2.251330	-2.330739	137	1	88	3.900
1.832596	1.606104	-0.451151	46	133	12	3.898
2.094395	0.906588	1.252948	107	128	104	3.891
1.570796	0.929350	-2.910676	46	128	26	3.863
-0.261799	1.574060	2.783565	135	131	95	3.834
-0.261799	2.033014	2.977192	138	137	89	3.833
2.879793	2.349581	-2.702517	4	5	87	3.833
-0.261799	1.869911	2.701025	135	135	92	3.833
1.308997	0.929350	-2.910676	45	123	25	3.833
-1.308997	1.869911	2.701025	132	7	92	3.833
-0.261799	1.699788	2.452890	103	128	108	3.833
-1.570796	2.664082	-1.071402	107	126	107	3.768
0.261799	2.299159	2.264663	137	133	92	3.768
-1.570796	2.041297	-2.664597	137	0	89	3.767
-2.094395	2.881233	-2.582574	8	137	88	3.767
-0.523599	2.174483	2.653697	135	0	90	3.767
-1.047198	1.050534	3.042579	99	131	115	3.767
-2.879793	2.174483	2.653697	9	11	90	3.767
-1.832596	2.041297	-2.664597	137	2	89	3.767
-1.308997	0.640596	-2.797608	99	132	121	3.766
0.000000	0.866955	-0.931351	108	115	120	3.738
-2.617994	2.356369	3.005869	6	7	88	3.702
-0.785398	1.869911	2.701025	132	0	93	3.701
-2.356194	2.033014	2.977192	2	10	90	3.701
-1.570796	1.450119	-2.739050	101	135	108	3.701
-2.879793	1.721184	-0.153948	118	115	100	3.672
0.261799	1.545873	-1.877082	41	117	21	3.635
0.523599	0.866395	-2.492918	41	116	28	3.635
0.261799	2.063651	-2.044600	38	122	13	3.635
2.879793	2.251330	-2.330739	2	8	88	3.606
-1.308997	1.450119	-2.739050	102	133	106	3.606
2.356194	1.948085	-2.363031	6	14	90	3.606
0.261799	1.998705	2.370472	121	118	102	3.570
2.617994	1.310100	1.488307	44	134	33	3.569
2.094395	2.295480	1.008277	45	129	23	3.569
2.094395	2.108018	1.311430	46	127	25	3.569
1.832596	2.592629	0.909713	45	126	20	3.569
1.832596	2.587733	0.232235	44	131	21	3.568
2.617994	2.588535	-2.976617	4	1	87	3.541
-1.047198	1.736875	3.023612	132	1	92	3.540
-1.308997	1.736875	3.023612	132	4	92	3.540
-1.570796	2.033014	2.977192	136	7	89	3.540
-0.785398	2.588535	-2.976617	45	117	31	3.540
0.523599	2.704512	1.488683	112	124	106	3.540
1.047198	2.984978	1.954446	139	133	91	3.540
-2.617994	2.579248	-2.364801	0	138	89	3.540
-1.570796	1.998705	2.370472	134	12	93	3.540
1.570796	1.218453	2.777284	44	122	22	3.540
-0.261799	1.168678	2.108595	102	126	119	3.540
1.832596	2.760637	2.781135	2	136	89	3.540
0.523599	1.214854	-1.966664	43	119	25	3.503
-0.261799	1.658653	-2.409879	128	117	101	3.475
2.094395	2.356369	3.005869	8	1	88	3.475
-0.261799	1.948085	-2.363031	129	120	98	3.474
2.617994	2.760637	2.781135	8	137	89	3.474
-2.094395	2.588535	-2.976617	6	3	87	3.474
2.094395	2.760637	2.781135	127	124	96	3.474
-2.879793	2.356369	3.005869	8	6	88	3.474
-1.570796	1.374601	-2.456031	100	132	110	3.474
2.356194	2.407836	1.410646	45	130	20	3.473
-0.261799	2.299159	2.264663	134	138	92	3.408
-0.523599	1.736875	3.023612	135	134	93	3.408
-2.356194	1.869911	2.701025	2	14	93	3.408
-1.047198	2.033014	2.977192	135	3	90	3.408
0.000000	2.033014	2.977192	0	135	90	3.408
0.785398	1.846342	-1.796954	44	128	18	3.408
-1.047198	0.733948	3.021411	99	132	120	3.407
1.047198	0.929350	-2.910676	43	119	25	3.407
-2.356194	2.396274	-1.959260	136	139	89	3.379
-3.141593	2.579248	-2.364801	138	2	87	3.379
1.570796	2.637879	2.121598	9	131	91	3.379
1.570796	2.108018	1.311430	102	128	104	3.379
-1.570796	0.733948	3.021411	3	125	96	3.379
0.785398	2.478122	2.609777	0	137	88	3.379
-0.261799	1.433411	-1.035986	102	121	109	3.379
0.261799	2.637879	2.121598	135	138	90	3.379
1.832596	0.618092	2.539118	44	124	33	3.342
0.523599	2.180315	-1.357379	44	125	19	3.341
-1.570796	1.658653	-2.409879	103	132	105	3.313
0.000000	1.869911	2.701025	138	132	92	3.313
-0.523599	2.356369	3.005869	139	3	87	3.313
0.000000	1.998705	2.370472	106	127	106	3.313
-0.785398	2.033014	2.977192	135	1	89	3.313
-1.308997	1.741644	-2.695914	133	138	91	3.313
0.523599	2.760637	2.781135	136	2	89	3.313
1.047198	2.588535	-2.976617	2	3	87	3.248
1.308997	2.588535	-2.976617	3	2	87	3.247
-2.094395	2.164094	-2.991358	0	6	88	3.247
-2.617994	1.998705	2.370472	7	16	93	3.247
-2.356194	2.588535	-2.976617	6	2	87	3.247
-2.879793	2.033014	2.977192	6	12	89	3.247
-1.832596	2.349581	-2.702517	2	2	87	3.247
2.356194	2.343981	-1.040456	121	40	102	3.247
-2.356194	2.063651	-2.044600	133	4	91	3.247
0.261799	2.984978	1.954446	135	138	91	3.247
-3.141593	1.998705	2.370472	13	13	93	3.247
-0.261799	1.766067	2.153843	102	127	111	3.247
2.617994	1.450119	-2.739050	103	122	114	3.246
-0.523599	1.134796	2.434290	100	128	117	3.246
1.832596	2.115563	0.685730	46	128	28	3.209
-2.356194	2.356369	3.005869	5	8	88	3.181
-1.570796	2.979456	-1.009304	121	120	99	3.181
-0.261799	2.174483	2.653697	136	138	91	3.181
-0.785398	2.637879	2.121598	134	6	91	3.181
0.261799	1.904882	-1.478089	43	120	21	3.181
-0.785398	1.391910	3.030322	102	128	110	3.181
1.047198	2.174483	2.653697	7	133	91	3.116
1.308997	0.419640	2.974122	42	120	35	3.115
1.832596	2.579248	-2.364801	3	7	88	3.115
1.308997	1.242974	-2.977882	44	122	21	3.115
-1.047198	2.760637	2.781135	4	11	88	3.086
-1.570796	2.164094	-2.991358	139	4	87	3.086
-1.832596	2.164094	-2.991358	139	5	87	3.086
-1.308997	2.979456	-1.009304	1	132	91	3.086
1.570796	1.977582	0.969896	105	123	105	3.086
-0.523599	0.914445	2.687814	101	127	117	3.086
-2.356194	1.948085	-2.363031	133	6	90	3.086
-2.879793	1.948085	-2.363031	136	10	90	3.085
-0.523599	1.869911	2.701025	132	138	92	3.085
-1.570796	1.448123	-2.163292	102	129	109	3.085
-2.094395	2.979456	-1.009304	40	131	7	3.085
0.000000	2.592629	0.909713	42	123	9	3.085
-0.523599	2.863997	0.549740	40	126	7	3.085
1.308997	1.869911	2.701025	134	121	101	3.050
-1.047198	2.174483	2.653697	135	5	91	3.049
-0.261799	1.756530	-2.105156	130	117	102	3.049
2.356194	1.977582	0.969896	45	134	29	3.048
-0.523599	2.251330	-2.330739	137	136	89	3.041
-1.047198	1.869911	2.701025	132	4	92	3.020
-1.308997	2.033014	2.977192	135	5	89	3.020
-2.094395	1.948085	-2.363031	134	4	90	3.020
1.047198	2.073035	2.027405	8	128	96	3.019
1.570796	2.760637	2.781135	1	136	89	3.019
0.785398	2.760637	2.781135	138	1	88	3.019
-1.570796	2.343981	-1.040456	104	126	109	3.019
0.000000	1.870545	-2.976234	2	133	90	3.019
1.047198	2.979456	-1.009304	104	134	96	2.990
1.570796	1.242974	-2.977882	45	127	21	2.983
2.094395	1.168678	2.108595	46	127	29	2.983
0.000000	2.393226	1.857173	134	135	94	2.954
-0.785398	1.218453	2.777284	100	131	113	2.954
-0.523599	1.413430	2.550734	101	128	112	2.954
-1.832596	2.881233	-2.582574	9	138	88	2.953
1.832596	2.174483	2.653697	50	135	26	2.953
-1.832596	2.396274	-1.959260	137	136	90	2.953
-1.832596	1.741644	-2.695914	133	3	92	2.953
-1.832596	1.545873	-1.877082	100	131	112	2.953
-0.523599	0.864993	2.278281	100	130	122	2.953
-0.261799	1.506530	1.988858	102	126	115	2.953
-0.785398	1.413430	2.550734	100	133	111	2.953
-1.570796	1.014500	0.906702	98	123	124	2.924
-1.308997	2.588535	-2.976617	129	132	95	2.888
-2.094395	1.741644	-2.695914	133	7	92	2.888
1.570796	0.733948	3.021411	45	123	30	2.888
-1.570796	1.869911	2.701025	133	9	93	2.888
-0.785398	1.870545	-2.976234	46	118	28	2.888
-1.308997	0.866395	-2.492918	100	129	118	2.887
-1.308997	1.504028	0.636812	112	115	106	2.858
1.308997	1.134796	2.434290	30	21	105	2.858
1.570796	1.872854	1.543456	105	132	100	2.858
-1.047198	2.247462	0.191623	106	119	122	2.858
2.094395	2.033014	2.977192	13	1	89	2.858
1.308997	2.984978	1.954446	126	120	99	2.822
0.785398	2.393226	1.857173	4	130	94	2.822
-0.261799	2.063651	-2.044600	131	120	99	2.822
0.523599	2.063651	-2.044600	39	125	13	2.821
-3.141593	1.977582	0.969896	40	122	8	2.821
0.523599	1.696674	-1.253233	45	123	25	2.821
2.617994	2.349581	-2.702517	5	5	87	2.793
-1.308997	2.478122	2.609777	0	10	88	2.793
2.617994	1.766067	2.153843	133	139	88	2.793
-1.832596	1.450119	-2.739050	101	138	107	2.792
1.047198	2.455966	-0.641220	34	6	110	2.792
-3.141593	2.174483	2.653697	11	9	90	2.792
1.570796	1.335669	0.897240	2	128	90	2.792
-1.047198	1.450119	-2.739050	103	128	107	2.792
-0.523599	2.407836	1.410646	96	137	112	2.792
0.000000	1.433411	-1.035986	137	122	95	2.764
-1.570796	1.948085	-2.363031	113	121	107	2.763
1.570796	0.864993	2.278281	42	119	31	2.756
2.356194	1.555207	1.708892	46	130	28	2.755
0.261799	2.588535	-2.976617	2	4	87	2.727
2.094395	1.413430	2.550734	45	128	20	2.727
0.000000	2.588535	-2.976617	3	5	87	2.727
1.047198	1.869911	2.701025	131	119	100	2.727
0.523599	1.998705	2.370472	123	117	101	2.727
-0.785398	1.736875	3.023612	133	138	92	2.727
1.832596	2.881233	-2.582574	139	4	88	2.727
2.879793	2.881233	-2.582574	0	138	88	2.726
-2.617994	2.251330	-2.330739	138	5	88	2.726
0.261799	2.393226	1.857173	107	126	106	2.726
-2.617994	2.174483	2.653697	7	11	90	2.726
-0.261799	1.374601	-2.456031	127	115	104	2.726
1.047198	2.478122	2.609777	125	122	97	2.726
-0.523599	1.168678	2.108595	99	130	119	2.726
2.094395	1.599406	1.426070	46	127	31	2.689
-2.617994	2.588535	-2.976617	7	3	87	2.661
-1.047198	2.478122	2.609777	139	7	89	2.661
-2.617994	2.719179	-1.780644	136	139	90	2.661
-2.879793	2.251330	-2.330739	138	6	89	2.661
-1.047198	2.356369	3.005869	139	6	88	2.661
0.000000	2.174483	2.653697	137	136	91	2.661
2.094395	2.349581	-2.702517	5	5	88	2.660
1.308997	2.033014	2.977192	133	124	97	2.660
-2.094395	2.356369	3.005869	4	7	88	2.660
-0.523599	1.440580	2.260026	100	129	114	2.660
-2.356194	2.041297	-2.664597	137	7	89	2.660
0.523599	2.478122	2.609777	0	137	89	2.660
-1.832596	2.979456	-1.009304	108	129	103	2.660
1.570796	2.299159	2.264663	50	134	23	2.660
0.000000	1.732874	-0.951685	108	120	103	2.632
-2.094395	1.736875	3.023612	138	11	91	2.631
1.047198	1.134796	2.434290	11	13	88	2.631
1.308997	1.554776	0.100351	48	130	14	2.631
-2.617994	1.617114	-1.572037	103	130	109	2.608
0.523599	2.153910	-1.714959	41	126	15	2.595
0.523599	2.393226	1.857173	112	123	107	2.594
-3.141593	1.869911	2.701025	11	13	93	2.594
0.785398	1.214854	-1.966664	46	125	25	2.594
2.617994	1.683268	0.374177	47	118	17	2.594
2.094395	2.251330	-2.330739	5	11	88	2.566
-2.094395	1.450119	-2.739050	131	9	94	2.565
-2.617994	2.164094	-2.991358	4	8	87	2.565
-0.523599	1.909857	-0.381669	138	131	86	2.565
-2.617994	1.948085	-2.363031	134	8	90	2.565
0.785398	2.343981	-1.040456	34	4	109	2.565
-1.308997	1.310100	1.488307	102	121	124	2.565
-0.785398	1.606104	-0.451151	113	119	98	2.565
1.047198	2.393226	1.857173	5	129	94	2.565
2.879793	1.367556	0.358405	39	4	109	2.565
1.832596	2.001437	0.381215	29	17	99	2.536
0.523599	1.982574	-1.115518	45	123	23	2.528
-1.308997	2.153910	-1.714959	121	119	101	2.528
1.047198	0.640596	-2.797608	44	121	31	2.528
-0.523599	1.998705	2.370472	131	139	93	2.500
1.308997	2.349581	-2.702517	6	5	87	2.500
0.261799	2.704512	1.488683	107	126	107	2.499
-1.308997	1.812176	0.656819	102	123	106	2.499
0.000000	1.574060	2.783565	138	129	95	2.499
-0.523599	2.033014	2.977192	136	139	89	2.499
1.570796	2.033014	2.977192	11	139	89	2.499
0.261799	1.869911	2.701025	1	131	92	2.499
1.832596	1.809167	1.213774	109	125	101	2.499
-1.832596	1.869911	2.701025	136	12	92	2.499
-1.047198	0.640596	-2.797608	101	128	120	2.498
-1.047198	1.554776	0.100351	112	116	100	2.471
-0.785398	1.721184	-0.153948	36	6	104	2.470
0.785398	2.138223	1.678323	129	115	106	2.463
2.094395	1.134796	2.434290	46	128	27	2.462
2.879793	2.588535	-2.976617	5	1	87	2.434
-2.094395	2.579248	-2.364801	2	139	87	2.434
-0.523599	1.658653	-2.409879	124	117	101	2.434
-3.141593	1.574060	2.783565	10	16	95	2.434
-0.261799	2.164094	-2.991358	1	138	88	2.434
0.261799	2.407836	1.410646	110	123	108	2.433
-1.047198	1.870545	-2.976234	135	139	90	2.433
0.261799	2.138223	1.678323	108	122	111	2.433
-2.094395	2.396274	-1.959260	107	132	102	2.433
-1.308997	2.664082	-1.071402	110	125	105	2.433
-2.879793	2.153910	-1.714959	132	9	93	2.433
-1.308997	1.374601	-2.456031	102	128	110	2.433
-0.261799	2.592629	0.909713	105	124	111	2.433
1.047198	1.599406	1.426070	107	135	99	2.433
-0.261799	1.555207	1.708892	102	126	117	2.433
-0.261799	1.440580	2.260026	102	126	114	2.433
1.047198	1.824694	1.850876	136	10	86	2.404
0.000000	0.297065	2.160177	107	107	37	2.404
0.261799	2.979456	-1.009304	102	6	98	2.404
0.000000	1.658653	-2.409879	131	118	101	2.368
0.000000	2.984978	1.954446	134	1	91	2.368
-0.785398	2.299159	2.264663	132	4	92	2.367
-0.785398	2.664082	-1.071402	128	117	101	2.367
-2.094395	2.041297	-2.664597	138	5	89	2.367
-2.879793	2.579248	-2.364801	0	1	88	2.367
1.832596	2.356369	3.005869	8	0	88	2.367
-1.047198	2.979456	-1.009304	127	119	99	2.367
-2.617994	2.041297	-2.664597	0	8	89	2.367
0.000000	1.766067	2.153843	107	124	110	2.367
2.356194	2.588535	-2.976617	126	128	95	2.367
-1.047198	1.391910	3.030322	101	133	109	2.367
-0.785398	2.724429	-0.348782	110	124	107	2.367
-1.570796	1.214854	-1.966664	100	129	115	2.367
0.523599	1.948085	-2.363031	38	124	12	2.366
2.356194	2.349581	-2.702517	3	6	87	2.339
0.261799	1.168678	2.108595	11	3	85	2.338
0.785398	1.168678	2.108595	10	7	85	2.338
-1.047198	1.662363	0.915448	106	118	110	2.338
-0.523599	2.456751	-1.503343	101	136	99	2.338
0.523599	1.168678	2.108595	11	5	85	2.338
1.308997	1.846342	-1.796954	43	111	19	2.338
-1.047198	2.180315	-1.357379	130	7	87	2.338
0.261799	2.104282	-0.813972	112	126	97	2.338
0.261799	1.606104	-0.451151	130	113	98	2.338
1.832596	1.599406	1.426070	111	129	98	2.338
-0.785398	1.168678	2.108595	7	137	85	2.338
1.047198	0.866395	-2.492918	35	0	117	2.338
-2.879793	0.674054	1.013609	28	17	103	2.338
2.356194	1.488617	1.159546	105	122	114	2.331
0.000000	1.982574	-1.115518	116	117	94	2.309
0.523599	1.325504	-1.671296	123	107	111	2.309
0.000000	2.251330	-2.330739	112	113	103	2.309
-0.261799	2.579248	-2.364801	109	120	98	2.309
-1.832596	2.704512	1.488683	110	121	96	2.309
-2.617994	2.115563	0.685730	108	135	96	2.309
-2.617994	2.295480	1.008277	107	134	97	2.309
-0.261799	2.349581	-2.702517	110	114	104	2.308
1.570796	2.478122	2.609777	129	123	97	2.302
-2.617994	2.033014	2.977192	4	11	90	2.301
-1.308997	0.929350	-2.910676	99	133	116	2.301
2.879793	2.579248	-2.364801	139	3	89	2.301
1.570796	2.379497	0.561089	46	125	24	2.301
-1.570796	0.866395	-2.492918	99	133	118	2.301
1.308997	2.587733	0.232235	45	124	21	2.300
0.785398	2.356369	3.005869	4	138	87	2.273
2.617994	2.863997	0.549740	115	133	93	2.272
0.523599	2.637879	2.121598	136	135	91	2.272
2.617994	2.881233	-2.582574	138	139	88	2.272
-0.785398	2.478122	2.609777	137	7	88	2.272
1.570796	2.579248	-2.364801	3	9	87	2.272
-1.308997	2.164094	-2.991358	139	3	87	2.272
-0.785398	0.733948	3.021411	100	129	120	2.272
1.308997	1.504028	0.636812	49	135	20	2.272
1.570796	1.683268	0.374177	46	138	15	2.272
-2.094395	2.719179	-1.780644	138	135	90	2.272
-1.570796	2.174483	2.653697	137	11	90	2.271
1.570796	1.050534	3.042579	46	126	24	2.271
-0.523599	2.588535	-2.976617	99	122	107	2.243
1.308997	1.113094	-0.272241	104	99	29	2.243
1.308997	2.299159	2.264663	132	120	100	2.236
0.785398	0.866395	-2.492918	44	120	28	2.235
0.785398	1.128190	-2.288622	44	122	24	2.234
0.785398	2.588535	-2.976617	2	4	87	2.207
0.000000	1.506530	1.988858	105	123	115	2.206
-0.523599	2.760637	2.781135	0	9	88	2.206
-0.785398	1.113094	-0.272241	101	121	113	2.206
2.879793	2.174483	2.653697	12	8	90	2.206
-0.261799	1.135813	-2.658866	49	130	30	2.206
-1.047198	1.741644	-2.695914	135	136	91	2.206
-1.570796	1.736875	3.023612	132	7	92	2.206
0.000000	1.736875	3.023612	0	131	92	2.206
-2.094395	1.574060	2.783565	136	15	95	2.206
-0.785398	1.741644	-2.695914	137	134	91	2.206
0.000000	1.599406	1.426070	105	123	120	2.206
-1.570796	1.741644	-2.695914	133	1	91	2.206
-1.308997	2.984978	1.954446	1	13	90	2.206
-0.523599	1.870545	-2.976234	139	134	90	2.206
-1.570796	1.488617	1.159546	48	133	23	2.206
-1.308997	2.299159	2.264663	135	10	91	2.206
-2.879793	1.869911	2.701025	8	14	92	2.206
-1.308997	1.391910	3.030322	99	137	109	2.205
0.523599	2.138223	1.678323	48	118	22	2.205
-1.308997	2.115563	0.685730	94	2	118	2.205
0.261799	1.014500	0.906702	113	106	40	2.177
-0.523599	0.700570	1.559208	101	135	102	2.176
-3.141593	2.041297	-2.664597	2	10	89	2.140
2.356194	2.760637	2.781135	7	136	89	2.140
-3.141593	2.356369	3.005869	9	5	88	2.140
-0.785398	1.050534	3.042579	101	127	115	2.140
0.261799	2.356369	3.005869	1	139	88	2.140
1.570796	2.984978	1.954446	5	132	91	2.140
0.523599	2.588535	-2.976617	3	3	87	2.140
0.000000	2.299159	2.264663	136	136	92	2.140
-0.785398	2.349581	-2.702517	127	128	95	2.140
-0.523599	1.741644	-2.695914	47	122	32	2.140
-1.832596	1.128190	-2.288622	98	135	115	2.140
2.617994	2.108018	1.311430	45	135	25	2.140
0.523599	1.448123	-2.163292	42	120	19	2.140
-0.785398	0.866395	-2.492918	48	123	30	2.140
-0.261799	2.704512	1.488683	133	136	93	2.139
2.356194	1.904882	-1.478089	121	40	103	2.139
-3.141593	1.948085	-2.363031	138	12	90	2.111
1.570796	1.310100	1.488307	5	136	85	2.111
-1.308997	2.180315	-1.357379	131	11	87	2.111
-1.047198	0.591903	2.010408	135	132	89	2.111
-2.617994	1.870545	-2.976234	0	10	89	2.111
-0.785398	0.762244	-0.273349	100	120	122	2.111
-2.879793	2.299159	2.264663	105	104	136	2.111
-2.879793	0.290380	-0.796960	109	111	40	2.111
0.523599	1.736875	3.023612	14	128	93	2.111
1.832596	1.050534	3.042579	95	2	106	2.110
0.261799	1.247695	1.809890	5	3	84	2.110
1.308997	1.195355	1.200319	4	131	87	2.110
0.000000	1.450119	-2.739050	128	116	103	2.074
0.523599	2.174483	2.653697	1	133	91	2.074
1.308997	2.478122	2.609777	4	135	90	2.074
-1.308997	2.455966	-0.641220	104	126	110	2.074
1.832596	0.914445	2.687814	46	125	28	2.074
1.832596	2.251330	-2.330739	8	9	89	2.074
1.570796	2.041297	-2.664597	12	5	89	2.074
-2.094395	1.374601	-2.456031	100	0	110	2.073
2.356194	1.440580	2.260026	46	131	24	2.073
-0.523599	1.766067	2.153843	15	7	87	2.045
-2.617994	2.247462	0.191623	110	40	110	2.045
2.617994	1.736875	3.023612	12	11	91	2.045
-0.261799	1.870545	-2.976234	1	135	89	2.045
-2.094395	1.658653	-2.409879	130	5	93	2.045
1.832596	2.033014	2.977192	13	139	89	2.045
-1.832596	2.343981	-1.040456	0	12	84	2.045
-2.879793	1.736875	3.023612	6	14	91	2.045
-0.523599	2.478122	2.609777	135	4	89	2.045
-0.523599	0.370812	-2.547742	118	127	99	2.045
-2.617994	2.396274	-1.959260	135	3	89	2.045
2.094395	2.396274	-1.959260	119	34	95	2.044
0.261799	2.180315	-1.357379	118	118	95	2.044
2.356194	2.592629	0.909713	43	133	20	2.036
0.523599	1.440580	2.260026	102	128	112	2.029
2.617994	1.982574	-1.115518	43	137	8	2.015
-1.570796	1.870545	-2.976234	135	3	91	2.009
0.523599	2.073035	2.027405	123	116	104	2.008
0.785398	1.325504	-1.671296	46	126	26	2.008
2.094395	2.579248	-2.364801	1	7	87	1.980
-1.570796	2.478122	2.609777	2	11	88	1.980
2.356194	2.881233	-2.582574	138	1	88	1.979
1.570796	2.349581	-2.702517	6	6	87	1.979
-0.261799	2.478122	2.609777	135	2	89	1.979
-1.570796	2.349581	-2.702517	2	0	87	1.979
1.570796	1.696674	-1.253233	32	128	106	1.979
1.047198	2.760637	2.781135	139	138	88	1.979
1.308997	2.579248	-2.364801	4	8	87	1.979
-1.832596	2.174483	2.653697	139	11	90	1.979
1.570796	2.356369	3.005869	6	138	88	1.979
-1.832596	2.393226	1.857173	95	133	108	1.979
-2.356194	1.998705	2.370472	3	16	93	1.978
-1.047198	1.977582	0.969896	94	1	119	1.978
-0.261799	1.606104	-0.451151	0	125	89	1.950
-1.047198	1.504028	0.636812	112	108	115	1.950
-0.523599	1.606104	-0.451151	136	127	89	1.950
-1.047198	1.168678	2.108595	134	104	51	1.950
2.356194	2.180315	-1.357379	138	123	96	1.949
-3.141593	1.504028	0.636812	109	116	39	1.949
-1.308997	1.554776	0.100351	101	107	138	1.949
2.356194	1.168678	2.108595	46	131	29	1.942
-0.785398	1.948085	-2.363031	125	120	98	1.913
0.000000	2.356369	3.005869	139	0	88	1.913
1.047198	2.356369	3.005869	4	137	88	1.913
1.832596	2.588535	-2.976617	4	1	87	1.913
0.000000	0.700570	1.559208	100	136	131	1.913
-0.261799	1.413430	2.550734	103	125	112	1.913
-3.141593	2.033014	2.977192	8	11	89	1.913
1.308997	1.998705	2.370472	133	119	101	1.913
-0.785398	2.760637	2.781135	2	9	88	1.913
0.000000	1.699788	2.452890	107	124	108	1.913
2.879793	1.869911	2.701025	13	11	92	1.913
-2.356194	1.736875	3.023612	139	13	92	1.913
-1.308997	2.174483	2.653697	135	7	90	1.913
-2.094395	2.174483	2.653697	2	11	90	1.913
2.879793	2.456751	-1.503343	42	131	9	1.913
-0.785398	0.914445	2.687814	99	131	118	1.913
0.785398	1.869911	2.701025	128	118	100	1.912
-0.785398	1.214854	-1.966664	96	111	30	1.884
2.879793	1.741644	-2.695914	24	39	25	1.884
0.523599	1.045978	0.343692	100	106	20	1.884
-2.879793	1.766067	2.153843	98	137	99	1.883
-0.785398	2.041297	-2.664597	96	107	23	1.883
2.094395	2.456751	-1.503343	120	39	99	1.883
1.570796	2.592629	0.909713	10	16	86	1.883
-1.832596	0.961715	0.014085	95	114	25	1.883
2.094395	1.875281	0.107086	40	109	23	1.876
0.785398	1.545873	-1.877082	44	124	21	1.876
0.261799	1.617114	-1.572037	43	119	23	1.847
-1.047198	2.664082	-1.071402	124	117	101	1.847
-0.261799	2.356369	3.005869	0	1	88	1.847
2.094395	2.588535	-2.976617	4	2	87	1.847
-1.308997	1.756530	-2.105156	135	133	94	1.847
-2.879793	2.041297	-2.664597	1	9	89	1.847
-0.523599	2.115563	0.685730	8	126	89	1.818
-3.141593	1.736875	3.023612	9	13	91	1.818
-2.879793	2.760637	2.781135	12	0	88	1.818
1.047198	1.168678	2.108595	9	8	85	1.818
-0.785398	2.456751	-1.503343	131	7	86	1.818
2.617994	1.134796	2.434290	135	10	88	1.818
-0.785398	2.001437	0.381215	112	121	100	1.818
2.879793	1.574060	2.783565	14	13	94	1.818
-1.047198	1.732874	-0.951685	30	13	101	1.818
-2.094395	2.063651	-2.044600	134	139	91	1.817
-1.308997	2.396274	-1.959260	129	13	90	1.817
-2.356194	2.379497	0.561089	104	135	97	1.817
-1.832596	1.870545	-2.976234	137	6	89	1.817
-1.308997	2.073035	2.027405	97	123	118	1.817
-1.047198	2.104282	-0.813972	35	13	107	1.817
1.570796	2.153910	-1.714959	43	115	14	1.817
-0.523599	1.310100	1.488307	96	137	123	1.817
1.832596	1.134796	2.434290	45	124	27	1.810
-1.832596	2.033014	2.977192	138	8	90	1.781
0.523599	1.374601	-2.456031	40	117	19	1.781
-2.094395	1.869911	2.701025	139	13	93	1.781
1.047198	1.242974	-2.977882	42	119	20	1.780
-2.617994	2.153910	-1.714959	131	6	93	1.752
-1.570796	2.356369	3.005869	3	7	87	1.752
0.000000	2.164094	-2.991358	3	138	87	1.752
1.832596	1.872854	1.543456	106	130	100	1.752
-1.047198	1.836682	-0.676006	112	126	95	1.752
-2.879793	1.741644	-2.695914	0	12	91	1.752
-1.047198	0.618092	2.539118	4	127	92	1.752
2.356194	2.251330	-2.330739	3	11	88	1.752
-0.261799	1.736875	3.023612	137	133	92	1.752
1.570796	2.588535	-2.976617	3	0	87	1.752
-2.879793	1.574060	2.783565	6	18	95	1.752
1.832596	2.349581	-2.702517	5	6	87	1.752
-0.785398	0.618092	2.539118	8	128	92	1.752
2.094395	0.961715	0.014085	46	4	28	1.752
-0.785398	1.510910	-0.740472	110	120	101	1.752
-2.094395	0.929350	-2.910676	97	1	115	1.752
0.000000	1.824694	1.850876	104	123	113	1.752
-1.047198	2.164094	-2.991358	139	1	87	1.752
-0.523599	1.574060	2.783565	104	128	107	1.752
-0.261799	1.909857	-0.381669	1	130	86	1.752
0.785398	2.881233	-2.582574	1	9	88	1.752
-1.308997	0.618092	2.539118	0	128	92	1.752
-2.356194	1.870545	-2.976234	138	10	89	1.751
0.785398	1.824694	1.850876	127	114	108	1.751
2.094395	2.343981	-1.040456	39	124	7	1.751
2.356194	2.456751	-1.503343	43	125	9	1.751
-3.141593	2.592629	0.909713	113	136	95	1.751
-1.047198	1.218453	2.777284	98	134	112	1.751
-0.261799	1.195355	1.200319	107	130	98	1.744
0.523599	2.455966	-0.641220	110	41	122	1.723
2.094395	1.554776	0.100351	32	20	104	1.723
2.356194	2.041297	-2.664597	41	12	116	1.722
1.308997	0.961715	0.014085	42	5	118	1.722
0.261799	2.041297	-2.664597	131	124	97	1.715
2.094395	1.218453	2.777284	46	131	23	1.715
1.047198	2.637879	2.121598	2	132	91	1.686
-2.356194	1.741644	-2.695914	135	10	91	1.686
-2.094395	1.998705	2.370472	1	14	93	1.686
1.047198	0.906588	1.252948	48	133	39	1.686
-2.094395	2.033014	2.977192	0	10	89	1.686
-2.617994	1.658653	-2.409879	134	12	93	1.686
1.308997	1.335669	0.897240	50	135	27	1.686
-0.261799	1.998705	2.370472	133	136	93	1.686
1.047198	2.033014	2.977192	8	136	89	1.685
2.879793	2.760637	2.781135	9	138	89	1.685
0.000000	0.370812	-2.547742	47	137	25	1.685
-0.261799	1.247695	1.809890	102	127	120	1.685
2.879793	2.001437	0.381215	138	18	87	1.657
-3.141593	2.393226	1.857173	133	22	95	1.657
-2.879793	2.001437	0.381215	132	14	87	1.657
1.047198	2.180315	-1.357379	7	127	87	1.657
-2.617994	2.760637	2.781135	134	20	91	1.657
1.308997	2.180315	-1.357379	128	114	104	1.657
2.356194	2.187132	-0.479875	99	106	19	1.657
-2.094395	0.899350	-2.069907	5	1	88	1.657
-2.879793	1.606104	-0.451151	116	41	94	1.657
-2.617994	1.683268	0.374177	127	14	92	1.656
0.000000	1.662363	0.915448	110	100	32	1.656
2.879793	1.658653	-2.409879	5	131	92	1.656
-0.523599	1.721184	-0.153948	35	10	104	1.656
2.356194	0.960688	-0.577532	11	100	45	1.656
-1.570796	0.297065	2.160177	99	101	21	1.656
-1.570796	2.592629	0.909713	139	129	86	1.656
-2.879793	1.135813	-2.658866	99	106	35	1.656
2.094395	2.863997	0.549740	42	133	16	1.649
2.356194	1.809167	1.213774	45	132	29	1.648
-1.047198	2.349581	-2.702517	127	128	95	1.621
2.879793	2.063651	-2.044600	0	13	91	1.620
-1.308997	2.637879	2.121598	138	12	91	1.620
-0.261799	1.218453	2.777284	116	117	108	1.620
-0.523599	2.164094	-2.991358	0	139	88	1.620
2.879793	2.164094	-2.991358	7	7	88	1.620
-2.356194	2.164094	-2.991358	1	7	88	1.620
0.000000	2.863997	0.549740	119	115	110	1.620
-0.261799	2.588535	-2.976617	4	5	87	1.620
-1.570796	2.579248	-2.364801	5	138	87	1.620
0.785398	2.984978	1.954446	137	135	91	1.620
-1.832596	2.456751	-1.503343	106	129	104	1.620
0.000000	2.478122	2.609777	137	0	89	1.620
0.261799	1.413430	2.550734	122	114	107	1.620
-2.879793	2.719179	-1.780644	135	1	90	1.619
-2.879793	2.164094	-2.991358	4	8	88	1.619
-3.141593	2.396274	-1.959260	136	7	90	1.619
1.832596	0.733948	3.021411	46	128	29	1.619
0.261799	2.174483	2.653697	0	135	90	1.619
-2.356194	2.719179	-1.780644	108	131	102	1.619
-0.785398	1.440580	2.260026	98	133	114	1.619
-1.308997	2.247462	0.191623	95	137	117	1.619
-3.141593	2.251330	-2.330739	138	7	88	1.591
1.308997	2.379497	0.561089	13	12	85	1.591
-2.879793	1.870545	-2.976234	2	13	89	1.591
0.785398	2.379497	0.561089	16	6	85	1.591
1.308997	2.592629	0.909713	13	14	86	1.591
2.879793	1.732874	-0.951685	1	128	88	1.590
1.047198	2.592629	0.909713	15	11	86	1.590
2.617994	1.554776	0.100351	8	22	92	1.590
-2.879793	2.478122	2.609777	12	5	88	1.590
0.000000	2.379497	0.561089	14	137	85	1.590
1.308997	1.135813	-2.658866	35	4	112	1.590
-1.308997	2.592629	0.909713	95	5	109	1.590
-1.832596	1.135813	-2.658866	101	119	5	1.589
1.570796	1.433411	-1.035986	49	119	18	1.589
0.523599	2.299159	2.264663	0	132	92	1.554
1.832596	2.984978	1.954446	8	133	91	1.554
-0.523599	2.587733	0.232235	108	123	110	1.554
0.523599	1.574060	2.783565	127	116	103	1.554
-1.832596	0.709924	0.218797	43	128	13	1.554
0.261799	2.033014	2.977192	124	122	97	1.554
-1.832596	2.719179	-1.780644	123	121	98	1.554
-1.308997	2.041297	-2.664597	138	139	89	1.553
1.832596	2.041297	-2.664597	11	7	89	1.553
0.261799	2.073035	2.027405	138	130	96	1.553
-0.523599	1.218453	2.777284	102	127	113	1.553
2.617994	2.164094	-2.991358	8	6	87	1.525
-1.570796	2.251330	-2.330739	139	137	88	1.525
-0.523599	1.696674	-1.253233	98	127	106	1.525
2.879793	0.929350	-2.910676	138	128	92	1.525
2.879793	1.870545	-2.976234	8	11	89	1.524
-1.832596	1.194549	-0.801900	104	108	34	1.524
-0.261799	1.696674	-1.253233	102	122	106	1.524
-0.785398	1.812176	0.656819	111	118	105	1.524
-0.261799	2.456751	-1.503343	102	132	99	1.524
-0.523599	2.379497	0.561089	8	131	86	1.524
1.308997	2.343981	-1.040456	108	117	41	1.524
-1.308997	2.089241	-0.114193	95	135	119	1.524
-0.523599	2.719179	-1.780644	101	138	99	1.524
-1.047198	2.343981	-1.040456	135	7	84	1.524
-1.308997	1.135813	-2.658866	100	130	112	1.524
-1.570796	1.135813	-2.658866	98	135	112	1.524
-1.832596	1.050534	3.042579	95	11	117	1.524
2.356194	2.379497	0.561089	106	102	26	1.496
1.047198	1.417623	-0.202254	102	101	30	1.496
-0.785398	0.615174	-0.666022	99	101	32	1.496
2.879793	1.977582	0.969896	118	116	106	1.496
-0.785398	1.256302	0.062705	105	95	19	1.495
2.617994	1.555207	1.708892	118	48	117	1.495
1.308997	0.762244	-0.273349	103	99	26	1.495
-2.617994	0.910508	1.903534	103	117	42	1.495
-0.785398	0.458961	-0.107937	139	5	88	1.495
-0.523599	1.732874	-0.951685	102	103	11	1.495
-1.047198	1.417623	-0.202254	100	102	15	1.495
1.570796	2.174483	2.653697	42	7	117	1.495
-0.523599	1.301460	-0.509251	104	96	17	1.495
2.617994	1.872854	1.543456	103	106	22	1.495
-1.047198	0.866955	-0.931351	137	117	50	1.495
-1.832596	0.831641	0.616218	96	108	31	1.495
-0.261799	1.982574	-1.115518	113	120	94	1.495
0.785398	0.961715	0.014085	99	104	24	1.495
-1.832596	1.247695	1.809890	99	108	37	1.495
-0.523599	0.458961	-0.107937	138	4	88	1.495
-1.047198	0.419640	2.974122	33	6	109	1.495
0.785398	2.089241	-0.114193	121	124	99	1.495
-0.523599	1.194549	-0.801900	101	98	20	1.495
-2.094395	1.025536	1.576859	99	110	38	1.495
1.570796	0.762244	-0.273349	107	96	26	1.495
-2.094395	1.247695	1.809890	98	112	37	1.495
0.523599	0.961715	0.014085	97	109	24	1.495
0.261799	0.929350	-2.910676	136	106	54	1.495
-0.785398	1.433411	-1.035986	97	106	17	1.495
2.094395	1.413347	-1.339188	110	108	42	1.495
2.094395	2.587733	0.232235	106	103	30	1.495
-2.094395	1.555207	1.708892	95	113	31	1.495
-0.785398	0.961715	0.014085	104	95	25	1.495
-1.047198	0.762244	-0.273349	98	101	28	1.495
-0.523599	1.982574	-1.115518	111	123	94	1.495
0.785398	0.831641	0.616218	115	109	40	1.495
-1.570796	0.831641	0.616218	98	103	31	1.495
-2.356194	1.440580	2.260026	100	121	38	1.495
-0.261799	1.732874	-0.951685	105	100	11	1.495
-1.832596	2.180315	-1.357379	101	117	26	1.494
-1.047198	1.113094	-0.272241	98	101	21	1.494
-0.261799	0.866955	-0.931351	104	95	27	1.494
1.047198	0.961715	0.014085	102	100	24	1.494
2.879793	2.033014	2.977192	10	9	90	1.488
-1.832596	1.998705	2.370472	137	14	94	1.488
1.047198	0.733948	3.021411	41	116	30	1.488
2.617994	2.456751	-1.503343	42	130	9	1.488
2.094395	0.418037	1.360082	49	136	18	1.487
1.308997	2.356369	3.005869	4	139	88	1.459
-0.523599	2.984978	1.954446	134	7	90	1.459
2.617994	2.579248	-2.364801	139	5	87	1.459
2.356194	2.579248	-2.364801	0	6	87	1.459
2.879793	2.478122	2.609777	12	3	88	1.459
0.785398	1.977582	0.969896	49	127	17	1.459
-1.047198	2.455966	-0.641220	108	123	109	1.459
-0.523599	1.135813	-2.658866	49	125	30	1.459
-3.141593	2.588535	-2.976617	6	0	87	1.459
-3.141593	2.478122	2.609777	12	5	88	1.459
-1.570796	2.063651	-2.044600	136	134	91	1.458
2.879793	2.041297	-2.664597	4	10	88	1.458
-1.308997	2.379497	0.561089	0	131	86	1.458
-0.523599	2.073035	2.027405	96	138	110	1.458
2.094395	2.180315	-1.357379	43	123	10	1.458
1.308997	2.760637	2.781135	0	137	89	1.458
1.047198	1.413430	2.550734	45	123	42	1.458
-0.261799	0.866395	-2.492918	48	134	29	1.458
-2.356194	2.174483	2.653697	5	13	90	1.458
0.261799	2.592629	0.909713	43	126	9	1.458
-2.617994	1.732874	-0.951685	95	10	119	1.458
2.617994	2.180315	-1.357379	43	132	9	1.457
-2.356194	1.168678	2.108595	128	119	51	1.429
0.000000	1.014500	0.906702	111	108	40	1.429
-2.879793	2.637879	2.121598	105	37	114	1.429
2.094395	2.138223	1.678323	129	45	105	1.429
2.356194	1.870545	-2.976234	29	34	25	1.429
1.047198	2.108018	1.311430	43	11	6	1.429
-1.832596	1.113094	-0.272241	42	16	24	1.429
-2.617994	1.812176	0.656819	92	11	107	1.429
-2.356194	1.433411	-1.035986	14	0	47	1.429
0.785398	0.674054	1.013609	112	107	39	1.429
-2.356194	2.247462	0.191623	100	2	97	1.429
0.523599	1.113094	-0.272241	97	112	29	1.429
-2.617994	1.113094	-0.272241	49	3	24	1.429
1.832596	1.184361	0.625864	106	41	105	1.429
-2.356194	2.592629	0.909713	103	113	132	1.428
1.570796	2.164094	-2.991358	10	1	89	1.422
0.000000	2.041297	-2.664597	129	123	97	1.421
2.094395	1.488617	1.159546	45	128	34	1.421
0.785398	1.696674	-1.253233	46	127	25	1.421
0.261799	2.295480	1.008277	132	97	139	1.395
-0.523599	1.450119	-2.739050	48	123	30	1.393
-2.617994	1.869911	2.701025	5	15	92	1.393
0.261799	1.766067	2.153843	138	128	98	1.393
-2.094395	1.870545	-2.976234	136	8	90	1.392
-1.047198	1.574060	2.783565	101	135	107	1.392
0.785398	1.113094	-0.272241	32	124	113	1.392
-1.570796	2.247462	0.191623	94	1	117	1.391
-1.832596	2.104282	-0.813972	1	129	50	1.364
-2.356194	2.153910	-1.714959	131	0	92	1.364
-1.308997	2.001437	0.381215	134	132	87	1.364
2.356194	2.001437	0.381215	7	18	87	1.364
-2.094395	2.863997	0.549740	2	131	84	1.364
-2.094395	1.982574	-1.115518	2	124	53	1.364
0.785398	1.134796	2.434290	13	11	88	1.363
-1.570796	2.104282	-0.813972	37	5	106	1.363
-1.832596	0.203748	0.590255	111	47	108	1.363
0.000000	2.001437	0.381215	13	130	87	1.363
-1.570796	2.379497	0.561089	139	132	85	1.363
-1.570796	1.569311	-3.003978	133	3	92	1.363
-1.570796	1.812176	0.656819	129	129	94	1.363
2.617994	2.001437	0.381215	3	18	87	1.363
0.000000	0.591903	2.010408	131	118	97	1.363
-0.261799	2.001437	0.381215	10	128	87	1.363
0.261799	0.674054	1.013609	107	107	136	1.363
-0.523599	2.001437	0.381215	5	128	87	1.363
-0.261799	1.504028	0.636812	111	103	37	1.363
-1.308997	1.870545	-2.976234	136	0	89	1.363
-1.308997	0.297065	2.160177	97	131	108	1.363
-0.261799	1.875281	0.107086	8	127	87	1.363
-1.308997	2.407836	1.410646	104	120	105	1.363
2.617994	1.391910	3.030322	116	100	36	1.363
-1.832596	2.138223	1.678323	33	3	102	1.363
-2.617994	0.080730	-2.622036	105	103	5	1.363
-1.832596	1.554776	0.100351	95	134	105	1.363
-1.047198	2.379497	0.561089	5	130	85	1.363
-0.523599	0.906588	1.252948	39	12	117	1.363
-2.879793	1.128190	-2.288622	98	130	126	1.362
0.523599	1.766067	2.153843	125	115	107	1.356
2.356194	1.872854	1.543456	46	131	26	1.356
2.094395	2.115563	0.685730	45	132	27	1.356
2.356194	2.295480	1.008277	44	133	23	1.355
1.308997	2.455966	-0.641220	44	132	20	1.355
-2.094395	1.699788	2.452890	138	16	96	1.327
2.094395	2.881233	-2.582574	139	2	88	1.327
-0.785398	0.619654	-2.216909	49	128	30	1.327
1.047198	1.310100	1.488307	124	126	93	1.327
0.261799	2.164094	-2.991358	4	137	88	1.326
1.047198	1.555207	1.708892	122	132	93	1.326
1.308997	0.290380	-0.796960	42	127	10	1.326
-0.523599	1.506530	1.988858	100	130	115	1.326
-0.523599	1.948085	-2.363031	126	120	98	1.326
0.261799	1.699788	2.452890	0	129	96	1.326
1.570796	1.766067	2.153843	118	138	96	1.326
2.094395	1.870545	-2.976234	11	7	89	1.298
1.570796	2.251330	-2.330739	8	9	88	1.298
-1.570796	1.555207	1.708892	97	125	123	1.297
-2.094395	2.984978	1.954446	130	139	88	1.297
-2.617994	1.256302	0.062705	135	124	48	1.297
0.000000	2.343981	-1.040456	136	137	84	1.297
1.308997	1.310100	1.488307	4	137	84	1.297
-0.261799	2.187132	-0.479875	2	135	83	1.297
0.261799	1.310100	1.488307	139	3	84	1.297
-1.047198	1.045978	0.343692	102	118	118	1.297
-0.523599	2.104282	-0.813972	105	131	97	1.297
1.570796	1.599406	1.426070	0	135	86	1.297
-0.785398	1.809167	1.213774	101	109	28	1.297
0.261799	2.396274	-1.959260	134	127	91	1.297
-2.094395	1.194549	-0.801900	103	111	34	1.297
-0.785398	1.909857	-0.381669	105	128	98	1.297
1.570796	1.554776	0.100351	48	135	15	1.297
-0.523599	1.195355	1.200319	105	109	36	1.297
-1.570796	1.335669	0.897240	97	123	118	1.297
2.094395	1.367556	0.358405	103	105	7	1.297
-1.308997	1.662363	0.915448	101	119	112	1.297
-0.261799	1.824694	1.850876	96	134	115	1.297
-1.047198	2.881233	-2.582574	99	0	101	1.297
-0.785398	0.591903	2.010408	104	115	36	1.297
-2.879793	0.700570	1.559208	104	118	41	1.297
0.261799	1.812176	0.656819	100	115	135	1.297
-1.832596	0.419640	2.974122	104	29	134	1.296
-2.356194	0.866395	-2.492918	95	12	119	1.296
-1.047198	1.440580	2.260026	93	4	115	1.296
-1.570796	0.864993	2.278281	97	12	122	1.296
2.879793	1.982574	-1.115518	31	16	98	1.268
2.094395	1.325504	-1.671296	42	3	115	1.268
1.570796	1.982574	-1.115518	32	136	98	1.268
-3.141593	1.982574	-1.115518	28	19	98	1.267
2.879793	2.356369	3.005869	9	5	88	1.261
-0.261799	1.448123	-2.163292	129	115	105	1.261
0.785398	2.174483	2.653697	127	120	99	1.260
-0.785398	1.134796	2.434290	99	132	117	1.260
2.094395	1.256302	0.062705	103	106	6	1.232
-2.617994	1.736875	3.023612	3	14	91	1.232
-1.832596	2.664082	-1.071402	105	128	106	1.232
-3.141593	2.164094	-2.991358	7	8	87	1.232
2.094395	2.478122	2.609777	11	137	88	1.231
-0.523599	1.554776	0.100351	0	123	94	1.231
-2.879793	2.863997	0.549740	107	133	96	1.231
0.785398	2.407836	1.410646	8	127	96	1.231
0.261799	2.456751	-1.503343	106	126	99	1.231
-1.570796	2.073035	2.027405	109	36	102	1.231
0.523599	1.504028	0.636812	104	124	114	1.231
-2.094395	2.343981	-1.040456	2	12	84	1.231
2.879793	0.618092	2.539118	132	15	92	1.231
-1.047198	0.960688	-0.577532	101	119	123	1.231
-1.308997	2.456751	-1.503343	134	12	86	1.231
-1.047198	1.606104	-0.451151	111	122	98	1.231
-2.356194	1.569311	-3.003978	135	13	93	1.231
2.094395	2.984978	1.954446	11	133	90	1.231
2.617994	1.824694	1.850876	119	123	94	1.231
-0.523599	2.393226	1.857173	130	1	93	1.231
0.000000	2.637879	2.121598	100	138	105	1.231
1.832596	0.709924	0.218797	47	2	33	1.231
1.308997	1.977582	0.969896	107	119	111	1.231
0.261799	2.108018	1.311430	46	116	18	1.231
-1.047198	2.719179	-1.780644	99	122	125	1.230
2.094395	1.836682	-0.676006	43	134	9	1.230
1.832596	0.203748	0.590255	29	21	34	1.202
-2.094395	1.301460	-0.509251	101	38	102	1.202
2.879793	1.168678	2.108595	1	7	45	1.202
0.000000	2.579248	-2.364801	133	126	91	1.202
1.047198	2.299159	2.264663	41	1	115	1.202
-2.879793	1.504028	0.636812	94	18	111	1.202
-2.617994	2.104282	-0.813972	97	134	109	1.201
-2.617994	1.504028	0.636812	91	13	111	1.201
0.261799	2.863997	0.549740	4	130	94	1.195
0.785398	2.073035	2.027405	127	116	104	1.194
-1.570796	2.881233	-2.582574	133	128	96	1.194
-2.879793	1.812176	0.656819	45	131	11	1.194
1.832596	1.699788	2.452890	48	127	27	1.187
0.523599	1.869911	2.701025	3	131	92	1.166
2.356194	2.138223	1.678323	134	138	84	1.166
-0.261799	0.618092	2.539118	137	119	100	1.166
-1.308997	2.356369	3.005869	1	7	87	1.165
1.570796	1.488617	1.159546	0	132	88	1.165
0.785398	1.870545	-2.976234	39	108	32	1.165
0.000000	2.073035	2.027405	105	127	107	1.165
-2.094395	2.153910	-1.714959	131	139	93	1.165
2.356194	2.396274	-1.959260	117	34	95	1.165
-2.617994	1.194549	-0.801900	103	133	35	1.165
-2.879793	2.979456	-1.009304	39	123	8	1.165
-0.261799	2.073035	2.027405	98	135	110	1.165
0.000000	1.242974	-2.977882	49	132	25	1.165
-0.523599	1.824694	1.850876	95	136	115	1.164
0.523599	1.433411	-1.035986	7	121	95	1.136
0.261799	2.251330	-2.330739	137	122	95	1.136
-2.094395	2.760637	2.781135	127	13	91	1.136
-1.047198	0.290380	-0.796960	135	133	87	1.136
-2.879793	2.379497	0.561089	132	5	85	1.136
0.261799	1.433411	-1.035986	2	121	95	1.136
-1.047198	2.138223	1.678323	111	108	116	1.136
-0.261799	0.080730	-2.622036	103	107	33	1.136
1.570796	1.014500	0.906702	28	45	14	1.136
1.832596	2.664082	-1.071402	98	105	26	1.136
-1.570796	1.756530	-2.105156	110	119	111	1.136
0.785398	1.606104	-0.451151	15	129	89	1.136
1.570796	1.998705	2.370472	98	113	28	1.136
-0.785398	1.977582	0.969896	119	107	112	1.136
-0.523599	1.433411	-1.035986	98	124	107	1.136
2.617994	1.977582	0.969896	116	46	101	1.136
2.356194	1.433411	-1.035986	38	14	109	1.136
-1.832596	1.168678	2.108595	128	113	51	1.136
2.617994	1.433411	-1.035986	35	18	108	1.136
-1.832596	2.001437	0.381215	129	137	87	1.136
-2.094395	0.685216	-1.712745	113	44	122	1.136
1.308997	2.456751	-1.503343	97	108	24	1.136
-3.141593	1.741644	-2.695914	97	116	34	1.136
-2.617994	2.138223	1.678323	91	14	114	1.136
1.570796	2.979456	-1.009304	98	111	32	1.136
-2.617994	1.168678	2.108595	129	124	51	1.136
-2.356194	1.766067	2.153843	102	132	99	1.136
2.879793	1.214854	-1.966664	104	106	38	1.136
-1.570796	0.591903	2.010408	93	133	106	1.135
1.570796	1.194549	-0.801900	112	38	104	1.135
-2.617994	1.301460	-0.509251	94	137	116	1.135
-1.047198	1.433411	-1.035986	90	139	109	1.135
1.832596	1.869911	2.701025	98	110	26	1.135
-1.570796	0.866955	-0.931351	89	10	121	1.134
2.094395	1.310100	1.488307	45	126	34	1.128
-1.832596	1.683268	0.374177	48	127	30	1.128
1.047198	2.343981	-1.040456	44	132	19	1.128
-0.785398	1.448123	-2.163292	121	115	105	1.100
0.000000	1.872854	1.543456	106	123	114	1.099
2.879793	2.396274	-1.959260	137	9	90	1.099
1.832596	2.637879	2.121598	131	121	99	1.099
0.000000	2.349581	-2.702517	6	1	87	1.099
-1.308997	2.063651	-2.044600	138	133	91	1.099
1.308997	1.736875	3.023612	48	121	36	1.099
1.308997	2.164094	-2.991358	9	0	88	1.099
-0.261799	2.637879	2.121598	133	1	91	1.099
-1.308997	1.809167	1.213774	113	114	108	1.099
1.570796	2.247462	0.191623	35	7	116	1.099
-2.879793	0.080730	-2.622036	100	120	119	1.099
-1.047198	1.413430	2.550734	94	2	114	1.099
1.308997	2.174483	2.653697	9	134	91	1.099
2.617994	1.721184	-0.153948	38	137	118	1.099
-1.832596	1.214854	-1.966664	98	133	115	1.098
2.617994	2.379497	0.561089	139	14	85	1.071
2.879793	2.379497	0.561089	136	12	85	1.071
-1.047198	1.374601	-2.456031	106	106	2	1.070
-1.308997	1.599406	1.426070	123	33	92	1.070
1.047198	2.863997	0.549740	7	14	84	1.070
-2.094395	1.569311	-3.003978	133	10	92	1.070
-0.523599	2.295480	1.008277	10	125	90	1.070
2.356194	1.909857	-0.381669	14	11	85	1.070
-2.617994	1.367556	0.358405	4	32	34	1.070
2.356194	2.478122	2.609777	11	137	88	1.070
-0.261799	2.664082	-1.071402	107	139	95	1.070
-1.832596	0.700570	1.559208	93	6	103	1.070
-0.523599	2.343981	-1.040456	106	136	95	1.070
-2.356194	2.001437	0.381215	100	0	99	1.070
-0.261799	0.850607	-1.335383	105	113	127	1.070
2.617994	0.080730	-2.622036	95	113	27	1.070
0.523599	2.979456	-1.009304	105	139	96	1.070
-2.617994	1.846342	-1.796954	96	8	109	1.070
1.047198	2.724429	-0.348782	111	139	94	1.070
-2.356194	2.138223	1.678323	96	119	20	1.070
0.785398	1.909857	-0.381669	14	133	85	1.070
2.356194	2.637879	2.121598	97	116	139	1.070
0.261799	2.001437	0.381215	15	133	87	1.069
2.617994	2.637879	2.121598	98	111	139	1.069
-1.308997	0.379747	-1.713059	96	133	114	1.069
-2.094395	2.664082	-1.071402	104	113	139	1.069
0.523599	2.033014	2.977192	126	122	97	1.034
-0.261799	2.984978	1.954446	135	4	90	1.033
-0.523599	1.448123	-2.163292	125	115	105	1.033
-0.785398	1.504028	0.636812	99	136	128	1.033
2.094395	0.864993	2.278281	45	125	32	1.033
2.617994	1.247695	1.809890	119	115	103	1.033
-1.570796	1.766067	2.153843	128	117	94	1.033
-2.617994	1.741644	-2.695914	137	11	92	1.033
0.523599	0.290380	-0.796960	15	28	34	1.033
1.570796	0.618092	2.539118	42	119	33	1.033
-1.308997	1.134796	2.434290	95	6	118	1.032
1.308997	1.574060	2.783565	3	21	94	1.005
0.000000	1.417623	-0.202254	6	122	95	1.004
-0.261799	0.203748	0.590255	121	43	19	1.004
-0.785398	0.906588	1.252948	132	5	87	1.004
1.832596	1.736875	3.023612	17	1	91	1.004
-2.617994	0.591903	2.010408	133	12	89	1.004
2.617994	1.168678	2.108595	0	8	85	1.004
2.356194	2.979456	-1.009304	116	36	97	1.004
1.570796	1.168678	2.108595	6	10	85	1.004
-0.785398	2.115563	0.685730	4	126	89	1.004
2.356194	2.164094	-2.991358	7	6	87	1.004
0.523599	1.824694	1.850876	1	13	86	1.004
2.094395	1.736875	3.023612	17	4	91	1.004
-2.094395	1.836682	-0.676006	133	13	87	1.004
-0.523599	2.592629	0.909713	11	132	86	1.004
2.094395	1.247695	1.809890	5	4	84	1.004
1.832596	1.506530	1.988858	0	5	85	1.004
-0.523599	0.591903	2.010408	2	130	89	1.004
2.094395	2.104282	-0.813972	41	128	7	1.004
0.785398	1.184361	0.625864	51	122	26	1.004
2.094395	1.506530	1.988858	139	3	86	1.004
-0.785398	2.592629	0.909713	8	130	86	1.004
2.617994	2.251330	-2.330739	1	10	88	1.004
1.832596	1.488617	1.159546	4	131	87	1.004
1.570796	1.904882	-1.478089	45	116	15	1.004
-1.832596	2.637879	2.121598	34	134	113	1.004
-2.617994	0.619654	-2.216909	97	12	124	1.004
-1.832596	1.301460	-0.509251	105	109	36	1.004
-0.523599	1.135834	-1.431087	103	116	123	1.003
-2.356194	2.180315	-1.357379	102	118	1	1.003
0.523599	2.108018	1.311430	49	120	18	1.003
-2.094395	0.370812	-2.547742	96	7	126	1.003
-3.141593	2.704512	1.488683	105	122	41	0.975
-2.617994	1.555207	1.708892	97	4	111	0.975
-0.261799	2.104282	-0.813972	103	133	96	0.974
-1.832596	0.866955	-0.931351	98	34	127	0.974
-1.570796	2.456751	-1.503343	95	139	112	0.974
-1.832596	2.299159	2.264663	139	14	92	0.967
2.356194	1.184361	0.625864	46	120	14	0.967
1.308997	2.393226	1.857173	48	133	18	0.967
1.832596	2.396274	-1.959260	45	119	13	0.938
-0.785398	2.247462	0.191623	3	132	85	0.938
-1.832596	2.478122	2.609777	5	11	88	0.938
-0.785398	0.864993	2.278281	6	132	88	0.938
-0.261799	1.836682	-0.676006	119	118	95	0.938
-1.570796	1.982574	-1.115518	131	11	88	0.938
1.308997	2.247462	0.191623	35	2	117	0.938
-0.785398	2.174483	2.653697	135	2	90	0.938
-1.308997	0.733948	3.021411	8	126	96	0.938
-0.523599	1.836682	-0.676006	116	120	95	0.938
-2.617994	0.733948	3.021411	99	129	108	0.938
1.308997	1.662363	0.915448	106	124	104	0.938
1.047198	1.195355	1.200319	122	121	94	0.938
1.047198	2.664082	-1.071402	31	10	106	0.938
-2.356194	1.574060	2.783565	139	17	95	0.938
0.523599	0.418037	1.360082	127	114	100	0.938
-1.832596	1.736875	3.023612	134	10	92	0.938
0.785398	0.906588	1.252948	124	119	95	0.938
-1.047198	2.108018	1.311430	115	109	113	0.938
-3.141593	1.870545	-2.976234	5	13	89	0.938
-1.570796	1.909857	-0.381669	131	2	86	0.938
-0.261799	2.393226	1.857173	98	136	108	0.938
0.785398	2.104282	-0.813972	35	1	114	0.938
2.094395	0.960688	-0.577532	50	138	26	0.938
2.094395	1.696674	-1.253233	49	128	16	0.938
1.832596	2.393226	1.857173	98	134	107	0.938
2.356194	0.615174	-0.666022	47	1	35	0.938
0.000000	0.709924	0.218797	45	130	12	0.938
-0.523599	2.299159	2.264663	132	2	91	0.938
-0.785398	1.599406	1.426070	95	139	120	0.937
2.356194	1.510910	-0.740472	46	139	16	0.937
1.570796	2.704512	1.488683	97	131	114	0.937
2.356194	0.914445	2.687814	6	122	56	0.909
2.879793	0.914445	2.687814	3	123	56	0.909
2.094395	0.914445	2.687814	7	121	56	0.909
0.523599	1.599406	1.426070	15	40	32	0.909
-1.832596	0.914445	2.687814	136	118	56	0.909
-1.308997	1.335669	0.897240	119	96	3	0.909
-0.261799	0.914445	2.687814	1	111	56	0.909
2.356194	1.214854	-1.966664	41	9	123	0.909
1.047198	0.914445	2.687814	7	114	56	0.909
2.094395	1.113094	-0.272241	37	18	112	0.909
1.570796	0.914445	2.687814	8	118	56	0.909
2.617994	2.104282	-0.813972	28	12	96	0.909
-3.141593	2.664082	-1.071402	27	6	95	0.909
2.617994	2.979456	-1.009304	8	131	83	0.909
0.523599	0.866955	-0.931351	101	117	40	0.909
-2.094395	0.419640	2.974122	98	128	109	0.909
2.879793	2.664082	-1.071402	27	4	95	0.909
2.094395	1.433411	-1.035986	40	9	109	0.909
2.094395	1.014500	0.906702	97	30	122	0.909
2.617994	2.343981	-1.040456	29	6	96	0.908
-0.785398	1.194549	-0.801900	92	130	112	0.908
1.832596	1.433411	-1.035986	40	3	109	0.908
-0.523599	2.180315	-1.357379	96	138	100	0.908
0.523599	1.301460	-0.509251	36	3	112	0.908
-1.308997	1.168678	2.108595	131	106	51	0.908
1.832596	2.073035	2.027405	96	4	102	0.908
0.261799	1.504028	0.636812	28	125	99	0.908
2.879793	1.948085	-2.363031	94	7	129	0.908
0.523599	1.488617	1.159546	40	137	119	0.908
2.356194	2.247462	0.191623	43	111	22	0.901
1.047198	1.128190	-2.288622	46	125	25	0.901
-2.879793	2.247462	0.191623	118	51	3	0.872
-2.617994	2.063651	-2.044600	134	6	91	0.872
-0.523599	1.374601	-2.456031	123	115	104	0.872
1.308997	1.506530	1.988858	49	132	38	0.872
0.523599	2.579248	-2.364801	8	6	87	0.872
-3.141593	1.824694	1.850876	136	139	83	0.872
-1.570796	2.153910	-1.714959	117	120	101	0.872
1.570796	2.396274	-1.959260	42	116	13	0.872
0.000000	1.555207	1.708892	105	123	117	0.872
-0.261799	1.194549	-0.801900	105	118	113	0.872
-0.261799	2.760637	2.781135	139	7	89	0.872
2.617994	2.187132	-0.479875	39	2	123	0.872
-2.356194	1.658653	-2.409879	132	9	93	0.872
-0.785398	0.700570	1.559208	104	132	37	0.872
-1.308997	1.448123	-2.163292	103	127	109	0.872
1.832596	2.180315	-1.357379	42	120	10	0.872
-1.832596	2.115563	0.685730	100	130	102	0.872
2.094395	2.153910	-1.714959	47	124	14	0.872
1.832596	2.108018	1.311430	104	126	105	0.871
-1.308997	1.014500	0.906702	102	121	124	0.871
-0.523599	0.831641	0.616218	111	127	42	0.871
-0.523599	1.756530	-2.105156	96	127	115	0.871
-1.570796	1.732874	-0.951685	19	3	87	0.843
0.785398	1.014500	0.906702	109	105	136	0.843
-1.047198	1.812176	0.656819	136	123	94	0.843
-0.785398	1.367556	0.358405	137	122	97	0.843
-3.141593	2.001437	0.381215	136	16	87	0.843
2.356194	2.863997	0.549740	134	8	84	0.843
-1.047198	1.683268	0.374177	133	127	92	0.843
2.617994	0.960688	-0.577532	15	103	45	0.843
0.261799	2.664082	-1.071402	135	1	83	0.843
-2.356194	0.762244	-0.273349	103	40	115	0.843
0.261799	1.242974	-2.977882	106	100	24	0.843
0.000000	0.496451	0.593859	99	102	20	0.843
-2.094395	2.001437	0.381215	128	2	87	0.843
1.047198	0.831641	0.616218	110	101	0	0.843
-2.094395	2.180315	-1.357379	8	113	50	0.843
1.832596	1.128190	-2.288622	106	38	119	0.843
-1.570796	2.001437	0.381215	131	134	87	0.843
-0.523599	1.977582	0.969896	8	122	94	0.843
-1.308997	2.704512	1.488683	136	126	90	0.843
1.570796	1.809167	1.213774	99	109	28	0.843
2.094395	1.510910	-0.740472	16	48	13	0.843
-2.617994	1.134497	-1.109631	102	118	32	0.843
-0.785398	2.407836	1.410646	2	122	93	0.843
2.617994	1.741644	-2.695914	92	9	123	0.843
0.261799	1.135813	-2.658866	135	102	49	0.843
-3.141593	1.214854	-1.966664	107	103	39	0.843
2.879793	0.762244	-0.273349	101	7	99	0.843
1.308997	1.417623	-0.202254	107	117	38	0.843
-1.047198	2.001437	0.381215	102	107	29	0.843
-0.261799	1.025536	1.576859	97	136	126	0.843
0.000000	1.335669	0.897240	95	5	104	0.843
1.570796	0.960688	-0.577532	106	100	33	0.843
-1.570796	1.599406	1.426070	97	123	119	0.843
1.570796	2.724429	-0.348782	138	115	53	0.842
-1.047198	1.982574	-1.115518	136	120	53	0.842
-0.523599	1.545873	-1.877082	100	119	122	0.842
1.832596	2.063651	-2.044600	38	138	110	0.842
1.570796	2.180315	-1.357379	9	116	53	0.842
0.000000	1.025536	1.576859	99	133	126	0.842
1.308997	1.599406	1.426070	107	132	97	0.842
-1.047198	0.674054	1.013609	91	4	105	0.842
-1.570796	0.458961	-0.107937	91	139	129	0.842
2.356194	1.741644	-2.695914	94	13	123	0.842
-0.261799	1.310100	1.488307	97	134	124	0.842
2.356194	2.356369	3.005869	9	2	88	0.806
-0.523599	1.569311	-3.003978	137	131	94	0.806
-1.308997	2.760637	2.781135	109	126	100	0.806
-0.785398	2.063651	-2.044600	127	119	99	0.806
0.523599	2.984978	1.954446	137	137	90	0.806
-1.047198	2.115563	0.685730	95	138	118	0.806
0.000000	1.374601	-2.456031	130	116	104	0.806
2.356194	1.554776	0.100351	45	115	23	0.798
-0.261799	1.113094	-0.272241	5	108	48	0.777
-2.617994	2.379497	0.561089	132	5	85	0.777
-0.785398	2.404280	-0.174044	4	0	82	0.777
1.570796	2.863997	0.549740	2	14	84	0.777
-0.261799	2.251330	-2.330739	106	114	114	0.777
0.000000	1.696674	-1.253233	105	119	106	0.777
1.308997	2.979456	-1.009304	135	138	84	0.777
2.879793	1.134796	2.434290	132	7	88	0.777
0.261799	0.866395	-2.492918	134	105	50	0.777
-1.570796	1.510910	-0.740472	104	105	31	0.777
0.000000	1.113094	-0.272241	7	109	48	0.777
-3.141593	2.379497	0.561089	134	11	85	0.777
-1.047198	1.134796	2.434290	32	13	105	0.777
-0.261799	2.404280	-0.174044	6	0	82	0.777
2.356194	1.606104	-0.451151	31	17	102	0.777
-1.308997	2.104282	-0.813972	134	6	84	0.777
-1.047198	1.909857	-0.381669	104	132	97	0.777
0.000000	1.325504	-1.671296	108	110	122	0.777
-2.879793	0.929350	-2.910676	100	109	7	0.777
-1.047198	2.404280	-0.174044	3	0	82	0.777
-2.879793	2.104282	-0.813972	7	14	84	0.777
-2.356194	0.960688	-0.577532	26	32	31	0.777
-1.308997	1.824694	1.850876	99	122	119	0.777
-1.047198	0.297065	2.160177	135	129	93	0.777
0.785398	1.310100	1.488307	0	139	84	0.777
-2.094395	2.637879	2.121598	95	139	105	0.777
2.879793	2.247462	0.191623	139	12	84	0.777
-2.094395	1.134796	2.434290	138	132	88	0.777
-1.570796	1.809167	1.213774	103	30	128	0.777
-0.261799	2.115563	0.685730	12	127	89	0.777
0.000000	0.619654	-2.216909	130	109	50	0.777
2.617994	2.138223	1.678323	34	10	110	0.777
1.832596	1.617114	-1.572037	50	120	20	0.777
1.570796	2.115563	0.685730	18	13	89	0.777
-0.785398	1.732874	-0.951685	28	16	101	0.777
0.000000	2.664082	-1.071402	107	137	95	0.777
-1.308997	1.256302	0.062705	36	13	113	0.776
0.523599	2.379497	0.561089	16	3	85	0.776
-3.141593	1.135813	-2.658866	99	111	12	0.776
-1.308997	1.135834	-1.431087	37	9	112	0.776
-2.356194	1.909857	-0.381669	135	12	85	0.776
-0.261799	2.407836	1.410646	98	134	110	0.776
-2.356194	0.379747	-1.713059	104	114	36	0.776
2.094395	2.404280	-0.174044	5	8	82	0.776
-1.570796	2.299159	2.264663	94	131	111	0.776
-1.570796	0.419640	2.974122	35	18	112	0.776
-2.356194	2.115563	0.685730	100	138	100	0.776
1.308997	2.251330	-2.330739	101	121	122	0.776
0.261799	1.450119	-2.739050	16	126	96	0.776
-0.523599	1.872854	1.543456	95	136	115	0.776
-0.785398	2.704512	1.488683	97	3	106	0.776
-1.047198	2.592629	0.909713	95	1	109	0.776
2.094395	2.637879	2.121598	95	133	114	0.776
-0.785398	1.872854	1.543456	94	0	115	0.776
-0.785398	2.073035	2.027405	95	2	109	0.776
-2.094395	0.866395	-2.492918	93	8	119	0.775
-2.617994	2.664082	-1.071402	138	4	86	0.769
-2.094395	1.184361	0.625864	93	113	25	0.748
-1.308997	1.836682	-0.676006	100	106	17	0.748
-3.141593	2.299159	2.264663	113	49	108	0.748
-1.832596	2.407836	1.410646	98	105	14	0.748
2.879793	0.418037	1.360082	132	118	52	0.748
-2.356194	2.984978	1.954446	136	131	95	0.748
-1.570796	1.433411	-1.035986	97	110	23	0.748
-1.308997	1.696674	-1.253233	99	108	19	0.748
-1.308997	0.571433	-1.188419	96	118	34	0.748
2.094395	1.214854	-1.966664	52	138	26	0.748
-0.261799	0.674054	1.013609	107	113	38	0.748
-2.356194	0.458961	-0.107937	99	125	36	0.748
-1.047198	1.413347	-1.339188	100	103	24	0.748
-3.141593	0.992645	-1.723759	112	103	44	0.748
0.523599	0.640596	-2.797608	5	103	49	0.748
2.879793	2.407836	1.410646	110	45	100	0.748
-0.261799	0.619654	-2.216909	101	110	42	0.748
1.308997	1.982574	-1.115518	14	129	85	0.748
-2.094395	1.872854	1.543456	93	112	23	0.748
-2.094395	2.089241	-0.114193	6	124	98	0.748
-0.261799	1.545873	-1.877082	98	99	23	0.748
0.000000	1.134497	-1.109631	104	108	29	0.748
0.785398	0.496451	0.593859	49	139	33	0.748
-1.308997	1.194549	-0.801900	99	106	29	0.748
1.570796	0.709924	0.218797	118	42	104	0.748
1.047198	0.762244	-0.273349	136	135	89	0.748
-1.047198	1.325504	-1.671296	93	116	25	0.748
0.523599	1.184361	0.625864	50	130	21	0.748
-2.356194	0.709924	0.218797	96	122	31	0.748
-2.879793	1.488617	1.159546	98	127	26	0.748
0.785398	2.349581	-2.702517	10	119	96	0.748
-1.570796	1.135834	-1.431087	97	113	29	0.748
0.000000	1.135834	-1.431087	105	109	32	0.748
-0.785398	1.135813	-2.658866	99	111	39	0.748
2.617994	1.184361	0.625864	119	50	112	0.748
1.047198	1.982574	-1.115518	11	127	85	0.748
-1.047198	1.214854	-1.966664	94	117	30	0.748
-2.356194	0.297065	2.160177	138	131	91	0.747
-2.356194	0.496451	0.593859	97	116	37	0.747
1.047198	1.184361	0.625864	53	2	21	0.747
-1.047198	1.135834	-1.431087	93	113	25	0.747
-1.832596	2.108018	1.311430	96	106	17	0.747
2.879793	1.617114	-1.572037	111	111	44	0.747
-2.617994	1.488617	1.159546	95	123	26	0.747
-2.617994	1.413347	-1.339188	108	43	109	0.747
-1.047198	2.041297	-2.664597	99	14	9	0.747
-2.094395	2.592629	0.909713	107	103	33	0.747
0.261799	1.488617	1.159546	48	127	22	0.747
-1.308997	2.349581	-2.702517	103	109	28	0.747
-1.047198	2.251330	-2.330739	103	110	29	0.747
-1.570796	1.367556	0.358405	98	109	30	0.747
-1.047198	2.295480	1.008277	0	122	89	0.747
-1.832596	1.982574	-1.115518	129	23	93	0.747
2.879793	2.455966	-0.641220	102	110	30	0.747
-1.570796	1.696674	-1.253233	98	111	18	0.747
-1.570796	1.310100	1.488307	105	15	19	0.747
0.261799	0.733948	3.021411	35	2	47	0.747
-2.356194	2.407836	1.410646	96	115	14	0.747
-2.617994	1.184361	0.625864	96	125	25	0.747
2.094395	2.041297	-2.664597	53	2	19	0.747
0.523599	2.041297	-2.664597	134	89	1	0.746
0.261799	1.948085	-2.363031	36	121	12	0.740
2.617994	2.041297	-2.664597	6	11	89	0.740
-1.047198	1.948085	-2.363031	122	122	98	0.740
-0.523599	2.664082	-1.071402	132	118	101	0.740
-0.785398	1.846342	-1.796954	125	115	104	0.740
2.356194	1.506530	1.988858	46	130	25	0.739
-0.523599	0.929350	-2.910676	48	123	25	0.739
-0.785398	1.310100	1.488307	110	132	97	0.733
-0.785398	2.108018	1.311430	2	121	97	0.711
-0.785398	2.343981	-1.040456	135	5	84	0.711
1.570796	1.736875	3.023612	15	0	91	0.711
2.617994	0.831641	0.616218	6	118	50	0.711
1.047198	2.456751	-1.503343	5	128	87	0.711
-0.261799	2.379497	0.561089	12	132	86	0.711
1.832596	1.310100	1.488307	6	137	85	0.711
2.879793	0.831641	0.616218	5	119	50	0.711
1.832596	1.168678	2.108595	4	11	85	0.711
2.094395	1.732874	-0.951685	132	135	88	0.711
-2.356194	1.413430	2.550734	128	131	92	0.711
1.308997	1.948085	-2.363031	44	110	25	0.711
0.000000	2.456751	-1.503343	103	130	99	0.711
1.832596	2.164094	-2.991358	9	3	87	0.711
2.617994	1.870545	-2.976234	10	10	89	0.711
0.785398	1.574060	2.783565	12	19	94	0.711
1.047198	1.766067	2.153843	1	14	87	0.711
-0.785398	2.138223	1.678323	138	122	99	0.711
-3.141593	2.760637	2.781135	11	139	88	0.711
-0.261799	2.138223	1.678323	98	133	111	0.711
2.356194	1.736875	3.023612	15	7	91	0.711
1.832596	0.418037	1.360082	39	8	108	0.711
-3.141593	2.863997	0.549740	106	135	96	0.711
-1.570796	1.194549	-0.801900	106	105	34	0.711
-0.785398	2.379497	0.561089	107	118	119	0.711
1.570796	1.870545	-2.976234	13	2	89	0.711
-1.308997	1.247695	1.809890	3	2	84	0.711
1.308997	1.184361	0.625864	51	134	26	0.711
1.832596	0.370812	-2.547742	111	112	36	0.711
1.308997	2.404280	-0.174044	35	7	114	0.711
-0.785398	1.875281	0.107086	110	122	100	0.711
0.261799	2.379497	0.561089	42	125	8	0.710
2.356194	1.310100	1.488307	8	139	84	0.710
1.308997	0.700570	1.559208	36	2	103	0.710
1.570796	1.732874	-0.951685	46	121	13	0.710
0.785398	2.724429	-0.348782	43	123	18	0.703
0.785398	0.929350	-2.910676	2	105	54	0.682
1.832596	0.458961	-0.107937	9	137	88	0.682
-2.356194	1.134796	2.434290	105	119	43	0.682
1.832596	0.929350	-2.910676	12	111	54	0.682
1.308997	1.247695	1.809890	47	8	32	0.682
-0.523599	1.113094	-0.272241	110	107	118	0.682
2.617994	1.135834	-1.431087	31	44	9	0.682
1.832596	0.640596	-2.797608	7	109	55	0.682
0.523599	0.458961	-0.107937	0	137	88	0.682
0.261799	0.458961	-0.107937	139	139	88	0.682
2.356194	0.080730	-2.622036	108	107	32	0.682
2.094395	0.850607	-1.335383	103	104	35	0.682
1.047198	1.247695	1.809890	48	3	32	0.682
0.523599	1.812176	0.656819	38	137	108	0.682
2.879793	1.662363	0.915448	108	124	106	0.682
2.356194	0.640596	-2.797608	10	112	55	0.682
2.094395	0.458961	-0.107937	11	138	88	0.682
1.308997	0.640596	-2.797608	3	107	55	0.682
1.047198	1.812176	0.656819	107	34	103	0.682
1.570796	0.496451	0.593859	45	12	32	0.682
0.785398	2.295480	1.008277	38	5	105	0.682
2.617994	0.929350	-2.910676	12	119	54	0.682
2.617994	0.685216	-1.712745	33	1	102	0.682
2.617994	2.592629	0.909713	107	102	30	0.682
-0.261799	2.881233	-2.582574	103	108	133	0.682
2.879793	0.866955	-0.931351	24	51	10	0.682
-1.308997	0.914445	2.687814	44	136	15	0.682
-2.094395	1.113094	-0.272241	99	36	106	0.682
-2.879793	0.618092	2.539118	106	112	33	0.682
-2.094395	1.417623	-0.202254	44	14	25	0.682
1.047198	2.001437	0.381215	22	4	86	0.682
-0.785398	0.866955	-0.931351	137	116	50	0.682
2.094395	0.379747	-1.713059	91	138	117	0.681
0.523599	1.417623	-0.202254	15	124	94	0.681
1.047198	1.025536	1.576859	47	6	33	0.681
-3.141593	2.343981	-1.040456	106	103	26	0.681
-2.617994	0.961715	0.014085	49	6	19	0.681
0.785398	0.618092	2.539118	119	40	101	0.681
0.785398	2.001437	0.381215	22	0	86	0.681
1.832596	1.948085	-2.363031	51	135	18	0.681
2.879793	2.104282	-0.813972	27	14	96	0.681
-2.094395	0.961715	0.014085	44	15	19	0.681
2.356194	1.662363	0.915448	93	7	114	0.681
1.308997	1.870545	-2.976234	48	130	25	0.681
1.570796	0.640596	-2.797608	5	108	55	0.681
2.356194	2.587733	0.232235	109	101	30	0.681
1.308997	2.104282	-0.813972	12	133	83	0.681
2.356194	1.721184	-0.153948	93	2	104	0.681
1.832596	1.721184	-0.153948	95	11	104	0.681
-1.832596	2.187132	-0.479875	44	7	23	0.681
2.617994	2.063651	-2.044600	31	41	0	0.681
-2.356194	0.961715	0.014085	47	11	19	0.681
0.785398	1.998705	2.370472	128	118	102	0.674
-1.570796	2.396274	-1.959260	122	122	98	0.674
0.261799	1.741644	-2.695914	132	119	100	0.674
-0.785398	2.164094	-2.991358	122	127	96	0.674
1.832596	1.977582	0.969896	46	125	29	0.674
-3.141593	2.063651	-2.044600	136	11	91	0.645
2.879793	1.736875	3.023612	11	13	92	0.645
-2.879793	2.063651	-2.044600	134	9	91	0.645
-1.832596	0.733948	3.021411	107	115	117	0.645
0.523599	1.256302	0.062705	31	123	111	0.645
2.617994	1.948085	-2.363031	4	13	90	0.645
1.308997	2.637879	2.121598	4	132	91	0.645
1.308997	2.073035	2.027405	12	129	96	0.645
2.879793	1.135813	-2.658866	107	121	108	0.645
1.047198	1.335669	0.897240	112	117	108	0.645
0.000000	2.760637	2.781135	138	6	88	0.645
-1.570796	2.180315	-1.357379	100	131	110	0.645
-1.570796	1.242974	-2.977882	94	4	113	0.645
-1.047198	2.587733	0.232235	97	135	112	0.645
0.000000	0.866395	-2.492918	46	138	29	0.645
1.047198	1.977582	0.969896	49	132	17	0.644
-1.570796	2.404280	-0.174044	95	138	114	0.644
0.000000	1.909857	-0.381669	4	130	86	0.644
2.094395	1.606104	-0.451151	44	137	12	0.644
-0.785398	1.488617	1.159546	96	139	124	0.644
2.879793	1.554776	0.100351	40	2	113	0.644
1.047198	1.504028	0.636812	50	130	20	0.644
-1.832596	2.404280	-0.174044	94	2	114	0.644
1.570796	0.290380	-0.796960	42	131	10	0.644
1.832596	2.153910	-1.714959	46	120	14	0.644
2.094395	1.025536	1.576859	105	128	105	0.637
-2.356194	2.637879	2.121598	99	125	138	0.617
0.261799	2.343981	-1.040456	137	106	51	0.616
-0.785398	0.685216	-1.712745	46	10	27	0.616
1.308997	2.704512	1.488683	19	34	35	0.616
-0.261799	1.809167	1.213774	104	103	28	0.616
1.832596	2.089241	-0.114193	123	43	106	0.616
2.879793	1.545873	-1.877082	107	111	42	0.616
2.617994	1.836682	-0.676006	29	16	99	0.616
-1.308997	2.251330	-2.330739	100	1	138	0.616
1.308997	1.014500	0.906702	113	46	107	0.616
0.000000	0.914445	2.687814	113	110	43	0.616
2.617994	1.606104	-0.451151	28	20	102	0.616
0.785398	1.736875	3.023612	128	44	106	0.616
-0.523599	2.247462	0.191623	8	132	83	0.616
1.832596	1.554776	0.100351	35	16	105	0.616
-2.356194	0.850607	-1.335383	139	134	91	0.616
-2.879793	2.407836	1.410646	101	128	138	0.616
2.617994	1.617114	-1.572037	112	111	44	0.615
1.047198	0.700570	1.559208	110	45	110	0.615
-2.356194	2.587733	0.232235	105	136	96	0.615
-1.832596	2.247462	0.191623	102	136	97	0.615
-0.523599	2.089241	-0.114193	4	132	83	0.615
-3.141593	2.724429	-0.348782	106	113	35	0.615
-1.570796	2.089241	-0.114193	101	138	97	0.615
0.523599	2.664082	-1.071402	103	139	96	0.615
-2.094395	1.977582	0.969896	97	114	0	0.615
-2.356194	0.992645	-1.723759	100	116	28	0.615
1.832596	0.906588	1.252948	111	111	41	0.615
1.832596	1.413430	2.550734	28	135	99	0.615
-2.879793	1.824694	1.850876	95	19	122	0.615
-2.617994	1.506530	1.988858	101	139	96	0.615
-2.356194	2.295480	1.008277	92	3	104	0.615
-1.832596	1.721184	-0.153948	94	4	103	0.615
-0.523599	2.349581	-2.702517	97	123	110	0.615
2.356194	1.836682	-0.676006	31	13	99	0.615
0.785398	2.456751	-1.503343	32	9	107	0.615
0.523599	1.741644	-2.695914	97	114	31	0.615
-3.141593	1.545873	-1.877082	108	109	42	0.615
2.879793	0.866395	-2.492918	98	112	12	0.615
-1.832596	1.256302	0.062705	89	2	111	0.615
-1.047198	0.910508	1.903534	95	7	124	0.615
-2.356194	1.977582	0.969896	97	119	0	0.614
-2.879793	2.396274	-1.959260	137	5	89	0.579
1.047198	2.881233	-2.582574	0	8	88	0.579
1.308997	1.194549	-0.801900	34	128	112	0.579
1.047198	1.440580	2.260026	47	126	41	0.579
-0.261799	0.496451	0.593859	112	132	41	0.579
2.879793	0.992645	-1.723759	117	50	7	0.579
-2.094395	2.187132	-0.479875	94	3	117	0.578
1.570796	1.134796	2.434290	5	16	88	0.551
-0.261799	2.041297	-2.664597	37	2	124	0.550
2.094395	1.574060	2.783565	100	106	21	0.550
-0.785398	1.683268	0.374177	139	124	92	0.550
0.000000	1.904882	-1.478089	110	112	110	0.550
-3.141593	0.618092	2.539118	132	10	91	0.550
-3.141593	2.984978	1.954446	105	106	31	0.550
1.047198	2.104282	-0.813972	9	133	84	0.550
2.094395	2.979456	-1.009304	1	132	84	0.550
-2.879793	2.587733	0.232235	115	42	104	0.550
1.308997	2.664082	-1.071402	1	134	83	0.550
1.047198	1.488617	1.159546	135	136	87	0.550
-2.356194	1.335669	0.897240	30	15	102	0.550
2.356194	2.153910	-1.714959	118	39	98	0.550
2.356194	1.732874	-0.951685	102	131	101	0.550
-2.356194	2.863997	0.549740	138	133	84	0.550
1.570796	1.413430	2.550734	1	16	89	0.550
-1.832596	2.153910	-1.714959	37	15	112	0.550
-2.094395	1.809167	1.213774	31	10	101	0.550
-1.570796	2.637879	2.121598	97	128	105	0.550
-2.356194	1.510910	-0.740472	10	133	85	0.550
-0.261799	0.700570	1.559208	106	111	38	0.550
0.785398	1.433411	-1.035986	132	109	53	0.550
0.785398	0.700570	1.559208	23	26	37	0.550
0.785398	1.662363	0.915448	107	109	131	0.550
-1.570796	0.080730	-2.622036	106	112	38	0.550
-0.261799	1.554776	0.100351	6	123	92	0.550
-0.523599	0.733948	3.021411	27	131	97	0.550
-1.570796	0.914445	2.687814	136	117	55	0.550
-3.141593	0.297065	2.160177	106	44	106	0.550
2.356194	2.033014	2.977192	101	37	122	0.550
2.356194	2.455966	-0.641220	136	110	51	0.550
-0.785398	1.662363	0.915448	2	121	98	0.550
0.523599	2.404280	-0.174044	120	136	93	0.550
-1.047198	0.914445	2.687814	137	114	55	0.550
-2.879793	0.571433	-1.188419	106	117	38	0.550
0.523599	2.104282	-0.813972	5	131	84	0.550
-0.523599	1.256302	0.062705	139	121	98	0.550
-2.094395	1.128190	-2.288622	100	120	7	0.549
1.308997	1.433411	-1.035986	47	115	18	0.549
-2.879793	0.866395	-2.492918	38	2	110	0.549
0.785398	1.391910	3.030322	20	127	97	0.549
0.000000	2.104282	-0.813972	111	126	96	0.549
-3.141593	0.733948	3.021411	95	116	25	0.549
-0.523599	1.875281	0.107086	4	127	87	0.549
2.879793	2.138223	1.678323	104	133	97	0.549
2.356194	0.866395	-2.492918	98	135	104	0.549
-1.832596	1.846342	-1.796954	110	112	47	0.549
-2.094395	0.290380	-0.796960	97	132	118	0.549
-0.523599	1.683268	0.374177	4	123	92	0.549
0.000000	2.138223	1.678323	106	106	3	0.549
-2.094395	1.662363	0.915448	31	15	103	0.549
-0.261799	0.640596	-2.797608	96	134	112	0.549
-2.356194	2.760637	2.781135	97	16	106	0.549
-0.785398	2.089241	-0.114193	112	128	95	0.549
-0.261799	0.762244	-0.273349	130	92	6	0.549
0.000000	1.301460	-0.509251	3	121	96	0.549
-1.047198	0.615174	-0.666022	31	13	103	0.549
1.308997	1.555207	1.708892	39	11	123	0.549
-1.832596	1.732874	-0.951685	18	139	87	0.549
-1.832596	0.866395	-2.492918	1	132	89	0.549
0.000000	0.458961	-0.107937	95	115	27	0.549
-0.785398	1.134497	-1.109631	100	126	4	0.548
-0.523599	1.247695	1.809890	5	133	85	0.543
-1.047198	0.619654	-2.216909	114	10	43	0.520
1.047198	1.998705	2.370472	8	130	94	0.513
2.617994	2.174483	2.653697	14	5	90	0.513
0.785398	0.640596	-2.797608	42	117	31	0.513
-2.617994	2.478122	2.609777	9	8	89	0.513
-1.570796	0.618092	2.539118	105	117	112	0.512
2.879793	1.184361	0.625864	48	129	14	0.511
0.523599	1.872854	1.543456	49	117	25	0.484
-2.094395	1.599406	1.426070	113	41	114	0.484
0.785398	2.979456	-1.009304	133	2	85	0.484
0.000000	1.875281	0.107086	9	128	88	0.484
1.047198	0.619654	-2.216909	3	103	50	0.484
1.308997	0.910508	1.903534	12	5	85	0.484
0.000000	1.812176	0.656819	100	120	135	0.484
0.523599	0.203748	0.590255	117	39	19	0.484
0.523599	0.080730	-2.622036	107	115	44	0.484
-0.523599	2.138223	1.678323	95	138	112	0.484
0.523599	1.247695	1.809890	5	3	84	0.484
1.047198	0.910508	1.903534	12	3	85	0.484
-0.261799	1.134497	-1.109631	107	111	120	0.484
1.047198	1.014500	0.906702	118	46	108	0.484
-1.832596	0.370812	-2.547742	103	114	34	0.484
-2.617994	2.979456	-1.009304	40	125	7	0.484
-1.832596	1.574060	2.783565	135	12	94	0.484
0.785398	0.619654	-2.216909	139	103	50	0.484
2.879793	2.343981	-1.040456	15	7	84	0.484
0.000000	1.504028	0.636812	127	139	89	0.484
-2.356194	2.478122	2.609777	9	8	88	0.484
-0.785398	2.396274	-1.959260	97	137	103	0.484
1.308997	1.488617	1.159546	108	129	99	0.484
1.047198	2.587733	0.232235	8	9	83	0.484
1.047198	1.574060	2.783565	20	128	96	0.484
-2.094395	0.960688	-0.577532	108	110	39	0.484
0.261799	2.187132	-0.479875	6	135	83	0.484
1.832596	0.910508	1.903534	11	8	85	0.484
-1.308997	1.766067	2.153843	16	137	87	0.484
2.356194	0.910508	1.903534	7	10	85	0.483
-2.356194	0.591903	2.010408	132	9	89	0.483
1.570796	1.195355	1.200319	5	133	86	0.483
-1.832596	1.367556	0.358405	113	39	17	0.483
-0.785398	2.104282	-0.813972	104	134	97	0.483
-0.261799	2.719179	-1.780644	101	135	99	0.483
1.308997	0.960688	-0.577532	50	119	26	0.483
-1.308997	1.982574	-1.115518	96	7	102	0.483
-1.832596	1.569311	-3.003978	132	8	92	0.483
-2.094395	2.379497	0.561089	105	132	97	0.483
1.832596	1.846342	-1.796954	49	119	19	0.483
2.356194	1.413430	2.550734	133	9	90	0.483
2.356194	1.448123	-2.163292	96	7	132	0.483
-3.141593	2.719179	-1.780644	18	8	86	0.483
-0.523599	1.809167	1.213774	96	134	119	0.483
-2.356194	2.455966	-0.641220	95	6	110	0.483
-1.832596	1.242974	-2.977882	102	123	3	0.483
0.261799	1.736875	3.023612	11	128	93	0.483
2.356194	2.724429	-0.348782	0	1	82	0.483
-2.617994	0.866395	-2.492918	98	15	119	0.483
0.261799	0.080730	-2.622036	107	118	44	0.483
-2.879793	1.569311	-3.003978	99	127	114	0.483
-2.879793	2.664082	-1.071402	38	129	6	0.483
-1.308997	2.587733	0.232235	94	138	114	0.483
-1.832596	0.640596	-2.797608	94	6	122	0.483
-1.047198	1.766067	2.153843	101	120	125	0.483
-1.832596	0.297065	2.160177	37	0	110	0.482
-2.356194	0.899350	-2.069907	94	8	120	0.482
-0.785398	0.640596	-2.797608	135	138	49	0.455
0.000000	0.929350	-2.910676	136	126	48	0.455
-2.617994	0.929350	-2.910676	6	4	48	0.455
-1.570796	0.929350	-2.910676	137	0	48	0.455
-3.141593	0.640596	-2.797608	13	136	49	0.455
-1.832596	0.929350	-2.910676	137	3	48	0.455
2.617994	1.301460	-0.509251	33	23	110	0.455
-0.523599	1.699788	2.452890	6	2	47	0.455
-2.356194	1.247695	1.809890	35	11	110	0.455
-2.356194	0.929350	-2.910676	3	5	48	0.455
1.047198	2.349581	-2.702517	33	128	111	0.454
0.000000	0.640596	-2.797608	135	131	49	0.454
2.094395	1.417623	-0.202254	37	17	108	0.454
-2.094395	0.640596	-2.797608	5	3	49	0.454
-1.308997	2.404280	-0.174044	29	14	108	0.454
-2.356194	0.640596	-2.797608	7	2	49	0.454
-1.832596	2.295480	1.008277	37	14	110	0.454
2.617994	1.732874	-0.951685	35	16	104	0.454
-3.141593	0.929350	-2.910676	11	2	48	0.454
2.094395	1.721184	-0.153948	94	7	104	0.454
-0.523599	0.640596	-2.797608	135	135	49	0.454
2.617994	1.194549	-0.801900	36	21	113	0.454
1.308997	1.301460	-0.509251	98	137	108	0.454
1.570796	1.417623	-0.202254	99	135	107	0.454
2.879793	0.640596	-2.797608	13	135	49	0.454
1.308997	2.108018	1.311430	37	1	109	0.454
-0.261799	0.929350	-2.910676	134	128	48	0.454
1.570796	2.001437	0.381215	37	9	109	0.454
0.523599	2.295480	1.008277	37	2	101	0.454
-2.879793	0.640596	-2.797608	11	139	49	0.454
1.047198	2.164094	-2.991358	36	129	116	0.454
2.094395	1.135834	-1.431087	42	5	116	0.454
0.523599	2.115563	0.685730	36	0	100	0.454
1.308997	0.831641	0.616218	41	11	124	0.454
0.261799	0.640596	-2.797608	136	129	49	0.454
-1.570796	0.640596	-2.797608	2	1	49	0.454
0.785398	1.367556	0.358405	40	139	109	0.454
1.308997	1.606104	-0.451151	96	137	111	0.454
2.094395	0.762244	-0.273349	39	18	121	0.454
2.879793	2.704512	1.488683	98	12	121	0.454
1.832596	1.417623	-0.202254	102	132	107	0.454
1.570796	1.301460	-0.509251	100	134	108	0.454
1.570796	2.393226	1.857173	135	120	102	0.447
0.785398	2.063651	-2.044600	40	129	13	0.447
-0.523599	0.203748	0.590255	124	44	17	0.419
1.308997	0.080730	-2.622036	4	7	85	0.418
2.094395	2.164094	-2.991358	10	4	87	0.418
0.785398	1.504028	0.636812	106	120	114	0.418
2.094395	2.719179	-1.780644	41	120	9	0.418
1.570796	1.869911	2.701025	15	135	92	0.418
-1.570796	1.440580	2.260026	1	126	88	0.418
0.261799	2.579248	-2.364801	115	112	108	0.418
0.523599	0.591903	2.010408	137	122	97	0.418
1.570796	0.866955	-0.931351	36	131	119	0.418
-0.261799	2.396274	-1.959260	100	128	103	0.417
0.523599	1.683268	0.374177	102	124	119	0.417
2.617994	2.396274	-1.959260	139	10	89	0.417
-0.523599	0.618092	2.539118	134	116	100	0.417
0.785398	1.599406	1.426070	51	124	28	0.417
-0.785398	0.960688	-0.577532	104	115	123	0.417
-2.094395	0.496451	0.593859	11	24	37	0.417
1.047198	2.404280	-0.174044	35	1	113	0.417
-1.047198	1.555207	1.708892	94	4	118	0.417
2.617994	1.325504	-1.671296	103	121	115	0.417
-1.308997	1.488617	1.159546	101	120	117	0.417
-1.308997	2.295480	1.008277	94	5	114	0.417
2.617994	1.545873	-1.877082	103	121	118	0.417
-0.785398	1.555207	1.708892	94	0	118	0.417
-1.832596	1.696674	-1.253233	94	136	117	0.417
1.308997	1.875281	0.107086	107	39	118	0.389
0.785398	1.982574	-1.115518	7	125	88	0.389
0.785398	1.256302	0.062705	99	104	25	0.389
0.261799	1.367556	0.358405	97	113	20	0.389
-0.523599	1.504028	0.636812	108	106	37	0.389
-2.879793	1.195355	1.200319	2	131	91	0.389
-2.879793	1.184361	0.625864	102	101	20	0.389
-2.617994	1.195355	1.200319	4	131	91	0.389
0.785398	0.203748	0.590255	102	124	110	0.389
-0.785398	1.545873	-1.877082	95	109	24	0.388
0.000000	1.721184	-0.153948	99	119	33	0.388
-0.785398	2.984978	1.954446	41	13	114	0.388
2.879793	1.014500	0.906702	97	108	22	0.388
-0.523599	1.325504	-1.671296	97	103	25	0.388
0.523599	2.407836	1.410646	38	0	107	0.388
-2.617994	0.640596	-2.797608	97	128	114	0.388
2.879793	1.335669	0.897240	97	107	26	0.388
-0.523599	2.063651	-2.044600	97	105	17	0.388
0.000000	1.836682	-0.676006	107	129	99	0.388
2.879793	1.247695	1.809890	102	128	109	0.388
-0.785398	1.374601	-2.456031	97	110	34	0.388
-1.047198	2.456751	-1.503343	97	10	101	0.388
0.261799	1.721184	-0.153948	99	114	33	0.388
0.523599	1.510910	-0.740472	104	114	41	0.388
2.617994	0.864993	2.278281	100	132	109	0.388
-0.785398	1.756530	-2.105156	95	109	23	0.388
2.356194	0.929350	-2.910676	21	23	40	0.388
0.785398	2.115563	0.685730	98	109	19	0.388
-0.785398	1.982574	-1.115518	94	0	102	0.388
0.523599	1.367556	0.358405	98	108	20	0.388
-1.832596	1.606104	-0.451151	93	8	103	0.388
0.523599	1.450119	-2.739050	97	116	29	0.388
2.879793	1.875281	0.107086	92	134	110	0.388
1.570796	2.104282	-0.813972	92	3	106	0.388
-2.617994	1.045978	0.343692	92	16	117	0.388
-0.785398	1.824694	1.850876	94	2	112	0.388
-0.523599	2.579248	-2.364801	99	107	12	0.388
-0.523599	0.960688	-0.577532	97	124	116	0.388
-1.570796	2.393226	1.857173	98	107	1	0.388
2.617994	1.135813	-2.658866	90	6	120	0.387
1.308997	2.138223	1.678323	95	6	103	0.387
-2.617994	1.335669	0.897240	90	13	117	0.387
1.832596	0.685216	-1.712745	91	4	124	0.387
-1.832596	1.699788	2.452890	111	120	103	0.381
0.785398	2.704512	1.488683	126	118	101	0.381
2.617994	1.812176	0.656819	43	119	12	0.381
-1.832596	1.045978	0.343692	46	128	18	0.380
2.879793	1.812176	0.656819	45	123	12	0.380
-1.832596	2.356369	3.005869	2	7	87	0.352
2.356194	0.850607	-1.335383	123	50	11	0.352
-1.047198	2.299159	2.264663	133	7	91	0.352
-2.617994	2.299159	2.264663	10	14	91	0.352
-1.047198	2.637879	2.121598	136	10	90	0.352
0.000000	0.674054	1.013609	106	110	30	0.352
-1.570796	2.587733	0.232235	95	2	112	0.352
1.832596	2.456751	-1.503343	40	119	9	0.352
1.308997	1.050534	3.042579	44	120	24	0.351
-0.261799	1.450119	-2.739050	49	128	30	0.351
0.261799	1.574060	2.783565	124	116	103	0.351
2.879793	0.080730	-2.622036	122	131	93	0.351
-0.261799	1.846342	-1.796954	100	123	110	0.351
-2.356194	1.904882	-1.478089	95	3	112	0.351
2.356194	2.104282	-0.813972	40	131	8	0.351
-1.308997	1.683268	0.374177	129	130	92	0.323
-3.141593	0.866955	-0.931351	126	47	113	0.323
-2.094395	0.850607	-1.335383	1	133	91	0.323
0.523599	2.251330	-2.330739	2	121	95	0.323
0.261799	2.881233	-2.582574	107	121	101	0.323
2.356194	1.869911	2.701025	26	47	14	0.323
2.879793	1.045978	0.343692	4	122	50	0.323
-1.570796	1.504028	0.636812	97	125	109	0.323
2.094395	2.704512	1.488683	6	20	89	0.323
1.570796	2.073035	2.027405	99	112	31	0.323
1.047198	0.458961	-0.107937	102	101	23	0.323
2.356194	1.045978	0.343692	6	120	50	0.323
-0.261799	1.872854	1.543456	96	133	116	0.323
0.785398	2.863997	0.549740	8	13	84	0.323
1.832596	1.662363	0.915448	2	126	90	0.323
2.356194	0.733948	3.021411	109	98	27	0.323
-1.570796	1.699788	2.452890	13	130	89	0.323
2.617994	2.724429	-0.348782	100	102	28	0.323
2.094395	0.290380	-0.796960	17	11	87	0.323
-0.785398	1.417623	-0.202254	133	126	93	0.323
2.617994	1.699788	2.452890	130	2	89	0.323
2.879793	2.719179	-1.780644	44	130	8	0.323
-3.141593	1.433411	-1.035986	14	23	95	0.323
-3.141593	1.699788	2.452890	131	135	89	0.323
-1.570796	1.683268	0.374177	128	132	92	0.323
-2.356194	1.809167	1.213774	32	7	103	0.323
0.785398	0.762244	-0.273349	98	108	27	0.323
-0.523599	1.812176	0.656819	107	104	33	0.322
-1.570796	1.554776	0.100351	125	136	92	0.322
-2.617994	1.134796	2.434290	134	137	88	0.322
1.832596	1.214854	-1.966664	110	121	46	0.322
-1.308997	2.108018	1.311430	102	119	108	0.322
0.785398	0.910508	1.903534	107	109	38	0.322
-0.261799	1.488617	1.159546	105	104	32	0.322
0.523599	2.719179	-1.780644	106	124	99	0.322
0.785398	0.709924	0.218797	102	102	21	0.322
-2.617994	1.554776	0.100351	129	17	92	0.322
1.570796	1.721184	-0.153948	113	95	32	0.322
2.879793	1.846342	-1.796954	110	115	43	0.322
-3.141593	0.866395	-2.492918	100	108	12	0.322
0.785398	0.960688	-0.577532	100	104	36	0.322
2.617994	2.587733	0.232235	6	4	84	0.322
0.785398	2.592629	0.909713	20	7	86	0.322
-2.356194	0.419640	2.974122	6	136	85	0.322
1.308997	1.045978	0.343692	7	114	50	0.322
-2.879793	2.343981	-1.040456	12	10	83	0.322
2.094395	1.450119	-2.739050	92	138	114	0.322
1.047198	2.379497	0.561089	18	8	85	0.322
-2.617994	1.977582	0.969896	91	10	109	0.322
2.879793	1.413347	-1.339188	34	22	112	0.322
0.785398	2.041297	-2.664597	99	108	33	0.322
-0.785398	1.836682	-0.676006	133	134	86	0.322
0.523599	1.413347	-1.339188	5	120	98	0.322
1.308997	1.766067	2.153843	98	117	24	0.322
-1.308997	1.555207	1.708892	102	29	126	0.322
-0.261799	1.413347	-1.339188	99	121	110	0.322
-0.785398	1.045978	0.343692	107	41	104	0.322
2.617994	2.664082	-1.071402	104	110	31	0.322
1.308997	1.809167	1.213774	98	115	28	0.322
2.356194	1.301460	-0.509251	101	3	98	0.322
-1.308997	1.218453	2.777284	94	4	112	0.322
1.832596	1.696674	-1.253233	105	109	135	0.322
-1.570796	2.407836	1.410646	100	123	105	0.322
0.261799	0.203748	0.590255	36	11	106	0.322
-2.094395	1.135813	-2.658866	101	123	5	0.322
2.617994	1.510910	-0.740472	32	19	106	0.322
-3.141593	1.732874	-0.951685	13	18	89	0.322
2.617994	0.992645	-1.723759	105	104	37	0.322
0.261799	1.335669	0.897240	96	1	103	0.322
2.879793	1.128190	-2.288622	93	138	126	0.322
-1.308997	1.699788	2.452890	98	126	127	0.322
-1.047198	1.195355	1.200319	113	34	93	0.322
-1.570796	0.496451	0.593859	104	39	120	0.322
-3.141593	1.128190	-2.288622	95	134	126	0.322
-1.047198	1.599406	1.426070	101	24	129	0.322
1.308997	0.615174	-0.666022	96	6	104	0.322
2.094395	1.766067	2.153843	101	105	25	0.322
-2.356194	0.864993	2.278281	91	0	105	0.322
0.000000	2.881233	-2.582574	104	123	101	0.322
-0.785398	1.658653	-2.409879	121	118	101	0.286
-1.832596	2.073035	2.027405	113	37	101	0.286
-3.141593	0.290380	-0.796960	106	127	39	0.286
-0.523599	1.391910	3.030322	104	126	109	0.286
2.094395	2.073035	2.027405	101	135	103	0.286
-2.094395	1.391910	3.030322	135	3	94	0.285
1.832596	1.982574	-1.115518	44	124	11	0.285
-1.570796	2.863997	0.549740	136	139	88	0.278
-3.141593	2.637879	2.121598	136	21	92	0.257
-2.094395	0.733948	3.021411	1	121	55	0.257
-1.047198	0.379747	-1.713059	99	130	114	0.257
2.356194	0.961715	0.014085	3	122	50	0.257
2.094395	2.174483	2.653697	102	107	33	0.257
0.000000	2.979456	-1.009304	138	8	84	0.257
0.785398	2.455966	-0.641220	135	122	51	0.257
1.832596	1.766067	2.153843	135	7	87	0.257
2.879793	1.113094	-0.272241	138	125	48	0.257
-1.047198	0.866395	-2.492918	129	122	50	0.257
-3.141593	2.115563	0.685730	100	105	31	0.257
1.832596	2.863997	0.549740	0	10	84	0.257
0.261799	1.599406	1.426070	103	7	100	0.257
-0.785398	2.579248	-2.364801	97	136	103	0.257
-2.094395	2.393226	1.857173	4	18	93	0.257
2.617994	2.247462	0.191623	1	14	84	0.257
-1.308997	1.977582	0.969896	104	120	106	0.257
-2.879793	0.961715	0.014085	138	121	50	0.257
-3.141593	1.113094	-0.272241	136	124	48	0.257
1.047198	2.138223	1.678323	10	126	97	0.256
-3.141593	1.683268	0.374177	135	20	92	0.256
2.879793	0.961715	0.014085	0	122	50	0.256
-2.356194	0.571433	-1.188419	106	111	38	0.256
-1.308997	1.875281	0.107086	132	134	87	0.256
-1.047198	1.875281	0.107086	135	131	87	0.256
-1.832596	1.875281	0.107086	129	1	87	0.256
2.879793	2.592629	0.909713	134	12	86	0.256
2.356194	1.256302	0.062705	106	102	6	0.256
-1.570796	1.247695	1.809890	102	137	97	0.256
2.617994	0.619654	-2.216909	135	133	89	0.256
0.523599	0.674054	1.013609	137	129	90	0.256
-1.570796	1.875281	0.107086	130	137	87	0.256
1.832596	2.404280	-0.174044	7	5	82	0.256
-2.356194	0.733948	3.021411	2	121	55	0.256
1.047198	1.658653	-2.409879	32	3	105	0.256
-1.570796	2.115563	0.685730	104	126	100	0.256
0.261799	1.909857	-0.381669	9	130	85	0.256
0.000000	2.187132	-0.479875	115	128	95	0.256
-1.570796	1.606104	-0.451151	105	107	34	0.256
1.047198	1.909857	-0.381669	16	136	85	0.256
-1.308997	2.881233	-2.582574	96	10	103	0.256
-1.570796	1.846342	-1.796954	111	110	47	0.256
1.308997	2.063651	-2.044600	104	122	36	0.256
-0.523599	2.108018	1.311430	95	136	115	0.256
-0.523599	2.187132	-0.479875	106	136	97	0.256
-1.047198	2.579248	-2.364801	97	0	103	0.256
0.523599	1.809167	1.213774	50	119	22	0.256
0.000000	1.310100	1.488307	105	3	99	0.256
2.094395	1.448123	-2.163292	101	110	29	0.256
-2.879793	0.733948	3.021411	99	113	2	0.256
-1.570796	2.760637	2.781135	96	137	104	0.256
0.523599	1.506530	1.988858	6	9	84	0.256
1.832596	1.870545	-2.976234	13	5	89	0.256
-0.523599	1.662363	0.915448	97	135	125	0.256
0.000000	1.440580	2.260026	105	122	112	0.256
-2.617994	0.297065	2.160177	130	13	93	0.256
0.000000	1.741644	-2.695914	37	10	123	0.256
0.523599	2.724429	-0.348782	3	5	82	0.256
2.094395	1.184361	0.625864	102	125	111	0.248
2.879793	0.419640	2.974122	45	131	27	0.241
-2.617994	1.214854	-1.966664	11	56	125	0.229
0.523599	1.135834	-1.431087	8	97	120	0.228
-2.617994	1.325504	-1.671296	125	61	1	0.228
2.356194	1.367556	0.358405	130	59	135	0.228
-0.261799	0.831641	0.616218	97	112	18	0.228
-1.308997	1.545873	-1.877082	95	30	123	0.228
1.832596	0.571433	-1.188419	41	2	128	0.228
-1.832596	0.619654	-2.216909	126	47	22	0.228
2.356194	0.496451	0.593859	133	51	18	0.228
1.047198	0.290380	-0.796960	34	3	107	0.228
1.832596	2.455966	-0.641220	36	3	112	0.228
-1.832596	1.135834	-1.431087	100	38	125	0.228
-1.570796	1.413347	-1.339188	97	33	119	0.228
-2.617994	0.203748	0.590255	2	132	48	0.228
1.047198	0.203748	0.590255	6	137	48	0.228
0.000000	1.683268	0.374177	97	28	119	0.228
-2.879793	0.418037	1.360082	3	137	48	0.228
-2.617994	1.135834	-1.431087	123	61	2	0.228
-2.094395	1.510910	-0.740472	98	28	122	0.228
-2.356194	1.194549	-0.801900	104	41	119	0.227
-1.570796	1.325504	-1.671296	97	35	124	0.227
1.047198	0.615174	-0.666022	99	107	35	0.227
-0.261799	0.960688	-0.577532	99	33	133	0.227
1.047198	1.872854	1.543456	44	7	117	0.227
2.356194	0.297065	2.160177	7	133	48	0.227
-2.356194	2.108018	1.311430	109	109	39	0.227
0.523599	1.310100	1.488307	34	2	112	0.227
2.879793	2.153910	-1.714959	115	10	36	0.227
-2.356194	1.599406	1.426070	100	121	33	0.227
-2.356194	2.393226	1.857173	109	115	45	0.227
-1.832596	1.977582	0.969896	27	115	115	0.227
2.617994	0.733948	3.021411	10	132	51	0.227
1.832596	0.379747	-1.713059	32	135	103	0.227
-2.356194	1.134497	-1.109631	107	43	122	0.227
0.000000	0.203748	0.590255	7	112	105	0.227
-0.523599	1.045978	0.343692	112	112	42	0.227
1.570796	1.504028	0.636812	40	18	112	0.227
-2.879793	1.050534	3.042579	36	139	121	0.227
-0.261799	0.297065	2.160177	32	5	105	0.227
-2.094395	0.615174	-0.666022	92	17	123	0.227
2.356194	1.504028	0.636812	97	121	25	0.227
2.879793	1.909857	-0.381669	14	105	118	0.227
0.785398	1.756530	-2.105156	120	119	44	0.227
-1.570796	1.413430	2.550734	101	114	42	0.227
2.356194	0.992645	-1.723759	107	111	45	0.227
1.832596	0.297065	2.160177	8	131	48	0.227
-1.832596	0.674054	1.013609	123	47	15	0.227
-3.141593	1.812176	0.656819	102	111	30	0.227
-3.141593	0.203748	0.590255	1	135	48	0.227
2.617994	0.370812	-2.547742	34	138	112	0.227
0.523599	2.001437	0.381215	36	0	102	0.227
-1.047198	0.370812	-2.547742	111	126	46	0.227
2.356194	1.683268	0.374177	103	131	106	0.227
-1.570796	1.050534	3.042579	107	120	46	0.227
1.308997	1.824694	1.850876	39	138	116	0.227
-1.047198	1.824694	1.850876	106	37	124	0.227
-2.356194	0.203748	0.590255	1	132	48	0.227
-1.832596	1.836682	-0.676006	98	23	117	0.227
-1.832596	0.496451	0.593859	110	114	44	0.227
0.261799	1.824694	1.850876	11	101	118	0.227
-0.523599	1.599406	1.426070	33	13	109	0.227
-1.832596	1.134497	-1.109631	98	36	122	0.227
0.785398	0.899350	-2.069907	119	113	41	0.227
-1.832596	1.555207	1.708892	101	114	36	0.227
-0.785398	0.370812	-2.547742	109	124	46	0.227
1.570796	1.510910	-0.740472	111	105	41	0.227
0.261799	1.982574	-1.115518	105	130	98	0.227
-1.308997	0.370812	-2.547742	35	9	110	0.227
-3.141593	1.391910	3.030322	33	138	111	0.227
1.047198	1.683268	0.374177	41	5	106	0.227
-2.094395	1.909857	-0.381669	37	8	116	0.227
1.832596	1.741644	-2.695914	112	103	36	0.227
2.617994	0.762244	-0.273349	19	116	106	0.227
-1.570796	1.391910	3.030322	101	120	42	0.227
-2.356194	1.824694	1.850876	96	123	30	0.227
2.356194	1.982574	-1.115518	122	115	45	0.227
1.570796	1.812176	0.656819	40	9	116	0.227
1.570796	1.448123	-2.163292	107	102	26	0.227
2.879793	1.448123	-2.163292	15	52	119	0.227
-0.261799	0.419640	2.974122	115	121	48	0.227
-3.141593	2.407836	1.410646	104	118	42	0.227
-0.523599	2.881233	-2.582574	101	32	134	0.227
-2.356194	1.367556	0.358405	99	10	13	0.227
1.570796	1.662363	0.915448	40	7	119	0.227
0.523599	2.592629	0.909713	36	7	100	0.227
1.832596	2.138223	1.678323	39	10	111	0.227
-2.356194	1.301460	-0.509251	102	38	116	0.227
