168	1.2	1
-1.832596	1.134796	2.434290
0.000000	0.000000	0.000000
1ext.pdb	-1.886	21.883	-23.365
model.B99990004.pdb	-3.522	-11.075	-27.844
2.879793	1.872854	1.543456	9	31	47	60.187
-1.570796	2.393226	1.857173	158	28	46	55.855
2.879793	2.108018	1.311430	6	34	43	54.263
1.832596	0.615174	-0.666022	5	38	29	52.227
2.617994	2.396274	-1.959260	154	32	26	49.072
0.523599	0.929350	-2.910676	0	41	32	49.038
2.879793	2.295480	1.008277	1	38	39	48.534
-1.570796	1.134796	2.434290	166	38	27	47.146
0.523599	0.640596	-2.797608	0	40	27	46.934
0.523599	2.592629	0.909713	149	132	20	46.629
-2.617994	1.872854	1.543456	159	133	15	46.269
-1.047198	1.325504	-1.671296	157	133	11	46.026
-2.094395	0.700570	1.559208	9	42	37	45.918
1.047198	1.554776	0.100351	6	28	48	45.902
-0.785398	2.724429	-0.348782	2	37	48	45.895
1.570796	0.615174	-0.666022	10	38	29	45.482
0.000000	1.025536	1.576859	8	33	37	45.233
-1.832596	0.906588	1.252948	5	41	40	45.202
-3.141593	2.407836	1.410646	3	38	40	45.199
1.308997	2.455966	-0.641220	152	24	41	45.181
-2.879793	1.809167	1.213774	4	37	41	45.019
-1.570796	2.115563	0.685730	151	138	20	44.975
0.000000	2.247462	0.191623	164	40	36	44.712
-1.570796	1.510910	-0.740472	155	32	35	44.693
-1.832596	1.134497	-1.109631	162	34	46	44.531
1.570796	2.379497	0.561089	156	30	42	44.481
-1.832596	2.393226	1.857173	161	32	46	44.362
-0.785398	0.929350	-2.910676	11	39	31	44.361
-0.523599	1.545873	-1.877082	167	39	43	44.290
2.094395	1.909857	-0.381669	1	36	47	44.254
-0.785398	2.033014	2.977192	167	34	24	43.861
-3.141593	0.571433	-1.188419	161	35	31	43.857
1.308997	2.724429	-0.348782	156	26	46	43.789
-2.356194	0.899350	-2.069907	164	36	26	43.743
-2.356194	0.685216	-1.712745	158	32	29	43.678
0.000000	2.587733	0.232235	161	38	42	43.611
-1.832596	1.510910	-0.740472	160	37	34	43.591
-2.094395	1.450119	-2.739050	159	32	29	43.571
-2.094395	0.619654	-2.216909	161	35	33	43.434
-1.832596	0.674054	1.013609	10	39	44	43.324
1.832596	2.396274	-1.959260	0	30	48	43.167
-3.141593	2.108018	1.311430	1	36	44	43.156
0.785398	1.574060	2.783565	165	38	41	43.086
1.047198	0.733948	3.021411	163	38	25	42.977
-1.047198	0.640596	-2.797608	14	36	23	42.908
-2.617994	0.850607	-1.335383	140	137	12	42.885
2.879793	2.456751	-1.503343	153	33	31	42.792
-1.308997	2.455966	-0.641220	7	39	37	42.756
-2.879793	0.379747	-1.713059	165	39	32	42.752
1.308997	0.419640	2.974122	162	35	19	42.623
2.879793	1.135834	-1.431087	155	130	16	42.620
0.523599	1.606104	-0.451151	157	34	38	42.562
0.000000	1.440580	2.260026	6	37	23	42.481
-1.047198	2.187132	-0.479875	5	39	33	42.392
-3.141593	0.866395	-2.492918	3	41	30	42.316
2.356194	0.290380	-0.796960	0	39	37	42.293
-3.141593	2.115563	0.685730	2	39	34	42.217
-1.832596	0.496451	0.593859	17	31	47	42.202
-2.356194	1.872854	1.543456	166	133	16	42.005
1.047198	1.766067	2.153843	161	37	45	41.998
-1.570796	0.496451	0.593859	13	35	48	41.973
0.000000	1.301460	-0.509251	19	28	55	41.921
-0.261799	1.433411	-1.035986	165	40	27	41.875
-0.261799	2.404280	-0.174044	164	38	43	41.804
-2.356194	0.910508	1.903534	0	38	43	41.797
0.523599	2.295480	1.008277	145	135	21	41.739
0.000000	1.113094	-0.272241	13	33	55	41.645
-0.523599	1.128190	-2.288622	2	39	38	41.630
-2.879793	0.866395	-2.492918	164	39	29	41.579
1.047198	2.587733	0.232235	160	34	40	41.457
1.047198	1.506530	1.988858	162	40	35	41.455
2.617994	2.108018	1.311430	10	35	43	41.405
0.785398	1.325504	-1.671296	8	36	29	41.344
0.785398	0.640596	-2.797608	163	39	26	41.308
2.879793	0.619654	-2.216909	2	41	36	41.255
2.879793	0.571433	-1.188419	165	38	31	41.215
-1.308997	1.812176	0.656819	161	136	22	41.213
1.832596	2.592629	0.909713	157	28	49	41.206
0.000000	0.910508	1.903534	5	34	37	41.154
-3.141593	1.809167	1.213774	0	32	49	41.139
2.356194	0.864993	2.278281	160	36	45	41.111
0.261799	2.379497	0.561089	163	40	36	41.068
1.832596	0.290380	-0.796960	9	39	32	41.036
-0.785398	1.869911	2.701025	165	33	29	41.002
2.094395	1.721184	-0.153948	1	32	53	40.995
2.094395	2.396274	-1.959260	165	29	48	40.963
-3.141593	0.379747	-1.713059	2	39	31	40.944
0.785398	1.699788	2.452890	165	38	42	40.938
1.047198	2.455966	-0.641220	155	28	41	40.937
1.047198	1.721184	-0.153948	10	30	45	40.812
0.785398	1.218453	2.777284	165	40	30	40.749
-0.785398	2.478122	2.609777	154	30	37	40.725
2.356194	2.251330	-2.330739	159	32	22	40.700
-1.570796	2.104282	-0.813972	9	37	37	40.644
1.570796	2.592629	0.909713	160	32	45	40.537
-1.570796	0.709924	0.218797	14	29	52	40.464
1.047198	0.458961	-0.107937	11	38	35	40.449
2.094395	2.041297	-2.664597	148	141	22	40.433
-2.617994	2.115563	0.685730	163	38	41	40.432
-1.308997	2.001437	0.381215	161	133	16	40.422
0.523599	2.579248	-2.364801	2	30	44	40.379
0.523599	0.866395	-2.492918	6	46	26	40.375
2.356194	1.699788	2.452890	6	40	32	40.252
-0.785398	0.640596	-2.797608	9	38	24	40.181
-1.308997	0.591903	2.010408	160	134	21	40.154
-3.141593	2.138223	1.678323	8	35	44	40.075
0.785398	2.592629	0.909713	155	130	20	39.989
2.356194	0.571433	-1.188419	4	37	25	39.957
-0.523599	0.618092	2.539118	13	36	25	39.920
-0.785398	1.214854	-1.966664	5	40	33	39.919
-0.523599	0.733948	3.021411	9	38	28	39.833
2.094395	0.290380	-0.796960	6	39	36	39.794
-3.141593	2.104282	-0.813972	162	38	29	39.787
2.356194	1.836682	-0.676006	161	36	43	39.767
0.261799	2.153910	-1.714959	15	32	37	39.747
1.308997	2.863997	0.549740	162	32	46	39.739
-0.261799	1.247695	1.809890	10	31	41	39.728
0.261799	1.869911	2.701025	2	39	39	39.713
-1.308997	2.115563	0.685730	156	136	20	39.711
-3.141593	0.370812	-2.547742	2	40	39	39.688
0.523599	1.391910	3.030322	2	41	38	39.687
0.000000	2.724429	-0.348782	163	39	34	39.685
-0.523599	1.696674	-1.253233	3	43	33	39.651
-1.047198	2.251330	-2.330739	2	35	30	39.649
0.523599	2.073035	2.027405	6	38	46	39.636
-0.261799	1.696674	-1.253233	163	40	35	39.624
0.000000	1.606104	-0.451151	165	39	29	39.591
-2.879793	0.850607	-1.335383	135	144	12	39.589
1.570796	0.733948	3.021411	165	29	54	39.485
2.617994	2.153910	-1.714959	157	36	31	39.481
0.523599	1.242974	-2.977882	0	41	39	39.475
0.523599	1.448123	-2.163292	6	45	38	39.415
-2.094395	1.569311	-3.003978	163	27	48	39.403
-2.356194	0.929350	-2.910676	22	39	24	39.376
-2.094395	2.637879	2.121598	164	37	35	39.353
0.785398	1.545873	-1.877082	157	36	52	39.281
1.047198	1.025536	1.576859	166	30	47	39.163
2.879793	2.001437	0.381215	4	39	32	39.154
1.832596	0.914445	2.687814	156	32	35	39.122
2.356194	0.906588	1.252948	16	33	53	39.112
-1.308997	2.104282	-0.813972	7	39	37	39.056
-0.523599	1.325504	-1.671296	166	41	35	39.009
2.617994	2.180315	-1.357379	159	39	37	38.991
-3.141593	2.073035	2.027405	2	34	32	38.972
-1.832596	1.982574	-1.115518	11	35	41	38.954
0.261799	0.618092	2.539118	163	34	39	38.924
0.785398	1.554776	0.100351	8	28	47	38.924
0.000000	1.869911	2.701025	8	39	39	38.915
0.261799	0.762244	-0.273349	7	42	49	38.911
1.570796	0.297065	2.160177	144	140	17	38.901
-1.047198	0.733948	3.021411	18	34	26	38.871
-2.879793	1.812176	0.656819	0	36	47	38.869
-2.356194	0.619654	-2.216909	165	38	32	38.838
-2.617994	0.571433	-1.188419	143	134	13	38.786
-2.094395	1.134796	2.434290	158	37	37	38.776
-1.832596	1.134796	2.434290	4	41	27	38.713
-1.047198	2.115563	0.685730	162	135	20	38.687
2.879793	1.809167	1.213774	4	31	49	38.617
2.356194	1.909857	-0.381669	164	33	47	38.608
-2.094395	1.870545	-2.976234	161	29	44	38.563
2.879793	1.599406	1.426070	6	28	52	38.557
0.261799	1.574060	2.783565	2	40	33	38.528
2.617994	0.290380	-0.796960	164	38	37	38.510
-2.879793	1.872854	1.543456	154	133	16	38.503
0.261799	2.592629	0.909713	144	136	20	38.480
-0.261799	2.587733	0.232235	166	40	43	38.397
2.617994	1.504028	0.636812	10	36	43	38.338
-2.879793	0.290380	-0.796960	142	134	10	38.264
2.879793	1.812176	0.656819	6	38	39	38.260
2.617994	1.683268	0.374177	8	38	38	38.244
-1.047198	2.724429	-0.348782	5	38	49	38.217
-2.879793	0.203748	0.590255	149	136	15	38.209
-2.879793	2.407836	1.410646	166	38	40	38.204
-3.141593	1.875281	0.107086	158	130	10	38.190
1.047198	2.404280	-0.174044	17	43	28	38.182
-2.617994	1.870545	-2.976234	13	36	18	38.171
0.000000	1.247695	1.809890	6	33	42	38.167
-1.308997	1.413430	2.550734	164	38	20	38.154
1.308997	2.379497	0.561089	158	34	39	38.150
0.000000	1.433411	-1.035986	160	38	27	38.149
-1.047198	0.591903	2.010408	166	135	21	38.053
1.308997	1.599406	1.426070	161	38	29	38.048
-2.617994	0.866395	-2.492918	159	35	30	38.031
0.523599	1.218453	2.777284	4	40	30	38.027
-2.094395	1.135813	-2.658866	157	32	34	38.022
0.523599	1.440580	2.260026	10	43	17	38.008
0.523599	1.195355	1.200319	1	34	36	37.993
-2.356194	1.135813	-2.658866	160	36	34	37.988
-2.617994	2.379497	0.561089	160	38	35	37.974
-2.356194	1.569311	-3.003978	166	28	48	37.971
1.832596	1.134796	2.434290	160	134	25	37.948
-2.617994	2.393226	1.857173	3	37	40	37.940
2.356194	1.413430	2.550734	7	40	39	37.938
-2.094395	0.080730	-2.622036	166	40	37	37.924
0.000000	2.089241	-0.114193	162	39	36	37.907
-2.094395	0.419640	2.974122	23	40	30	37.895
-0.261799	0.992645	-1.723759	14	46	32	37.861
1.570796	1.699788	2.452890	163	135	27	37.828
2.356194	2.396274	-1.959260	14	31	35	37.778
0.000000	2.579248	-2.364801	150	131	14	37.761
0.000000	1.310100	1.488307	8	32	41	37.755
-2.879793	0.685216	-1.712745	165	37	27	37.727
-3.141593	2.295480	1.008277	164	37	40	37.720
-3.141593	0.615174	-0.666022	139	138	16	37.702
-2.879793	2.379497	0.561089	165	40	36	37.687
0.261799	0.960688	-0.577532	15	38	50	37.685
1.570796	1.569311	-3.003978	4	36	25	37.671
0.261799	0.080730	-2.622036	147	137	11	37.630
-2.356194	1.134497	-1.109631	3	42	40	37.630
-2.094395	0.850607	-1.335383	152	128	13	37.627
2.879793	2.104282	-0.813972	167	40	29	37.590
0.523599	2.180315	-1.357379	21	38	36	37.572
1.308997	1.506530	1.988858	155	36	38	37.528
-1.832596	0.700570	1.559208	4	43	37	37.481
0.785398	1.050534	3.042579	163	40	32	37.467
-0.785398	1.134796	2.434290	16	33	35	37.463
-2.094395	1.732874	-0.951685	167	39	31	37.453
-2.356194	0.370812	-2.547742	3	40	32	37.399
2.879793	1.870545	-2.976234	160	136	21	37.376
-1.308997	1.504028	0.636812	164	137	24	37.368
1.832596	2.579248	-2.364801	164	32	46	37.342
1.047198	1.417623	-0.202254	7	32	42	37.316
2.094395	1.875281	0.107086	6	29	55	37.305
1.832596	1.417623	-0.202254	159	39	34	37.284
-1.832596	2.637879	2.121598	159	35	35	37.275
-1.570796	1.606104	-0.451151	155	32	29	37.251
1.047198	2.379497	0.561089	159	36	34	37.236
2.356194	2.104282	-0.813972	160	37	38	37.215
-1.832596	1.433411	-1.035986	160	36	40	37.188
-2.094395	2.404280	-0.174044	154	132	12	37.176
1.570796	1.050534	3.042579	157	32	41	37.167
-3.141593	2.456751	-1.503343	2	30	41	37.111
0.785398	2.587733	0.232235	162	36	38	37.097
-1.308997	0.864993	2.278281	159	136	23	37.094
0.000000	0.762244	-0.273349	13	40	49	37.087
1.047198	1.413430	2.550734	159	39	30	37.082
-0.785398	0.733948	3.021411	14	37	28	37.079
0.523599	1.617114	-1.572037	12	35	34	37.054
0.000000	1.836682	-0.676006	152	34	51	37.040
-1.570796	1.569311	-3.003978	166	23	54	37.016
2.617994	0.418037	1.360082	149	137	21	37.006
-1.570796	1.836682	-0.676006	159	33	29	36.950
1.570796	0.418037	1.360082	158	30	39	36.921
1.570796	2.295480	1.008277	159	33	43	36.912
-0.523599	1.417623	-0.202254	4	46	27	36.908
-2.094395	0.618092	2.539118	167	40	38	36.883
-0.261799	0.618092	2.539118	8	37	26	36.831
2.094395	1.335669	0.897240	0	33	46	36.814
2.094395	1.184361	0.625864	7	35	21	36.771
2.617994	0.700570	1.559208	154	137	27	36.738
0.523599	1.050534	3.042579	4	41	32	36.728
-3.141593	1.135834	-1.431087	162	129	16	36.690
1.308997	0.458961	-0.107937	5	40	36	36.680
-3.141593	1.413430	2.550734	161	130	20	36.677
1.308997	2.587733	0.232235	157	31	42	36.665
0.785398	1.766067	2.153843	166	39	44	36.659
-0.261799	1.025536	1.576859	11	31	37	36.653
0.261799	2.001437	0.381215	159	39	29	36.635
-2.879793	1.599406	1.426070	7	36	44	36.618
1.832596	0.591903	2.010408	149	139	24	36.598
-0.785398	0.571433	-1.188419	18	43	21	36.591
1.832596	2.295480	1.008277	19	36	39	36.586
2.356194	1.367556	0.358405	0	33	31	36.576
-1.570796	1.741644	-2.695914	165	29	49	36.512
2.356194	2.587733	0.232235	154	37	43	36.502
2.356194	0.700570	1.559208	150	140	27	36.495
1.832596	0.297065	2.160177	149	136	17	36.483
2.094395	2.089241	-0.114193	153	36	38	36.479
-3.141593	1.450119	-2.739050	149	133	19	36.462
-0.523599	2.592629	0.909713	167	133	22	36.437
1.570796	0.906588	1.252948	161	30	42	36.431
-3.141593	2.760637	2.781135	26	30	29	36.429
-1.570796	1.812176	0.656819	157	137	22	36.408
-3.141593	0.619654	-2.216909	165	40	36	36.397
-1.308997	1.574060	2.783565	167	35	16	36.369
-3.141593	1.872854	1.543456	6	33	48	36.324
2.879793	1.168678	2.108595	150	133	12	36.278
-1.308997	2.251330	-2.330739	6	36	31	36.252
0.261799	1.247695	1.809890	11	45	28	36.242
-0.523599	0.864993	2.278281	16	35	31	36.225
-3.141593	1.846342	-1.796954	139	144	1	36.220
1.308997	1.301460	-0.509251	15	41	19	36.211
0.523599	1.982574	-1.115518	157	27	59	36.209
2.094395	2.724429	-0.348782	149	33	36	36.202
-3.141593	0.674054	1.013609	151	137	25	36.151
0.523599	1.301460	-0.509251	156	35	31	36.149
-0.261799	1.310100	1.488307	11	133	10	36.144
-2.356194	0.571433	-1.188419	149	130	13	36.140
1.832596	1.741644	-2.695914	20	32	40	36.139
-1.832596	2.089241	-0.114193	159	28	33	36.119
-2.879793	0.619654	-2.216909	17	39	17	36.095
-2.094395	0.370812	-2.547742	165	40	32	36.076
2.094395	1.662363	0.915448	163	34	20	36.049
1.047198	2.407836	1.410646	152	129	18	36.036
0.785398	2.174483	2.653697	2	32	52	36.033
-2.617994	0.992645	-1.723759	163	34	22	36.033
2.094395	1.846342	-1.796954	150	134	17	36.020
-1.570796	1.440580	2.260026	3	42	27	36.016
0.785398	2.760637	2.781135	166	36	55	36.009
-0.523599	2.041297	-2.664597	162	37	20	35.992
-2.879793	2.073035	2.027405	12	34	44	35.986
-0.261799	2.073035	2.027405	155	13	56	35.981
2.617994	2.164094	-2.991358	157	140	25	35.973
0.523599	1.134796	2.434290	13	41	14	35.966
-2.617994	1.128190	-2.288622	138	149	165	35.964
-1.047198	1.413347	-1.339188	157	134	15	35.949
-0.261799	1.113094	-0.272241	165	43	22	35.942
-2.879793	2.115563	0.685730	0	40	40	35.940
0.523599	1.574060	2.783565	1	39	41	35.928
-2.617994	0.831641	0.616218	153	135	23	35.924
-2.094395	0.674054	1.013609	14	36	45	35.921
1.308997	0.618092	2.539118	147	138	19	35.905
-1.570796	1.699788	2.452890	8	40	45	35.893
-1.308997	1.741644	-2.695914	162	26	51	35.887
1.832596	0.864993	2.278281	155	135	25	35.884
0.785398	1.128190	-2.288622	1	45	32	35.875
-3.141593	1.504028	0.636812	154	133	5	35.848
2.356194	2.349581	-2.702517	158	29	49	35.845
0.785398	1.450119	-2.739050	14	135	14	35.842
1.308997	2.979456	-1.009304	160	39	28	35.835
0.523599	2.724429	-0.348782	161	34	41	35.827
1.308997	0.615174	-0.666022	23	37	20	35.822
1.308997	1.413430	2.550734	155	135	25	35.816
1.047198	1.736875	3.023612	158	40	42	35.816
2.094395	1.756530	-2.105156	159	27	47	35.811
2.356194	2.164094	-2.991358	153	142	26	35.798
-2.356194	1.574060	2.783565	8	32	46	35.785
0.785398	1.998705	2.370472	0	36	48	35.783
0.261799	2.587733	0.232235	157	35	44	35.772
-2.879793	2.001437	0.381215	163	37	44	35.753
-1.832596	1.168678	2.108595	6	42	33	35.718
-0.523599	0.379747	-1.713059	159	36	35	35.708
-0.523599	0.866395	-2.492918	6	39	36	35.700
0.523599	1.045978	0.343692	163	33	26	35.693
1.047198	0.961715	0.014085	3	137	18	35.691
-1.047198	0.618092	2.539118	7	44	36	35.690
2.617994	2.704512	1.488683	15	39	34	35.690
-2.879793	2.138223	1.678323	5	36	46	35.682
-2.617994	2.343981	-1.040456	3	29	41	35.680
-1.308997	0.709924	0.218797	11	32	53	35.670
-0.785398	2.396274	-1.959260	3	35	28	35.669
1.570796	1.875281	0.107086	10	27	54	35.662
-2.094395	0.899350	-2.069907	160	32	27	35.638
2.879793	0.899350	-2.069907	167	40	30	35.625
-1.832596	1.869911	2.701025	11	43	40	35.624
1.832596	1.721184	-0.153948	4	31	52	35.617
1.047198	2.104282	-0.813972	153	16	59	35.615
1.832596	2.356369	3.005869	9	33	28	35.590
0.261799	2.115563	0.685730	14	16	52	35.575
-2.879793	0.370812	-2.547742	23	38	24	35.567
-0.261799	1.812176	0.656819	3	45	23	35.560
-3.141593	1.599406	1.426070	11	34	44	35.559
-0.785398	2.979456	-1.009304	166	39	40	35.546
0.523599	1.948085	-2.363031	0	34	58	35.511
-2.094395	1.433411	-1.035986	165	39	37	35.506
2.094395	0.591903	2.010408	153	136	24	35.467
-1.047198	2.979456	-1.009304	3	40	39	35.458
-1.570796	0.379747	-1.713059	2	21	57	35.452
0.000000	1.683268	0.374177	165	20	66	35.439
-0.785398	2.063651	-2.044600	4	38	33	35.436
1.308997	1.025536	1.576859	163	29	46	35.415
-2.356194	1.433411	-1.035986	3	43	33	35.411
2.094395	2.356369	3.005869	153	30	42	35.408
0.000000	0.960688	-0.577532	20	34	49	35.374
2.094395	1.135813	-2.658866	167	34	27	35.371
-2.356194	2.295480	1.008277	162	39	36	35.362
-0.523599	1.413347	-1.339188	14	43	41	35.348
1.308997	2.247462	0.191623	155	33	37	35.345
-0.523599	1.617114	-1.572037	164	40	40	35.338
-2.617994	1.721184	-0.153948	159	30	53	35.329
2.094395	0.615174	-0.666022	0	39	30	35.323
1.570796	1.218453	2.777284	159	131	19	35.319
2.617994	2.343981	-1.040456	161	40	40	35.300
-2.879793	2.180315	-1.357379	1	27	43	35.300
0.261799	1.113094	-0.272241	9	36	56	35.288
-2.356194	0.640596	-2.797608	158	36	36	35.244
2.356194	2.404280	-0.174044	18	40	28	35.235
-2.356194	1.413347	-1.339188	5	42	40	35.231
-0.261799	2.396274	-1.959260	163	33	35	35.228
0.000000	1.574060	2.783565	8	39	32	35.227
0.785398	2.404280	-0.174044	23	40	28	35.212
0.000000	0.080730	-2.622036	143	141	10	35.210
-0.523599	2.404280	-0.174044	2	41	43	35.201
1.832596	1.872854	1.543456	166	40	34	35.197
-0.261799	1.128190	-2.288622	164	39	39	35.194
-0.261799	0.619654	-2.216909	20	42	22	35.186
1.570796	1.134796	2.434290	155	136	25	35.183
-0.523599	0.640596	-2.797608	5	38	27	35.182
-1.832596	2.115563	0.685730	146	141	20	35.165
2.879793	1.413430	2.550734	155	132	20	35.162
-1.832596	0.203748	0.590255	15	29	44	35.156
2.356194	2.579248	-2.364801	9	32	33	35.150
1.832596	1.977582	0.969896	144	138	10	35.139
-1.047198	1.617114	-1.572037	159	38	34	35.129
2.617994	1.214854	-1.966664	149	134	20	35.118
2.879793	1.683268	0.374177	150	134	7	35.103
-1.832596	1.025536	1.576859	2	43	34	35.056
0.785398	1.433411	-1.035986	146	27	49	35.054
-1.832596	0.866395	-2.492918	21	32	28	35.054
0.261799	1.699788	2.452890	2	40	33	35.052
0.523599	1.869911	2.701025	2	37	46	35.048
1.570796	0.864993	2.278281	150	138	25	35.044
1.570796	2.115563	0.685730	155	31	37	35.036
-2.879793	2.108018	1.311430	5	39	34	35.036
-1.047198	1.135834	-1.431087	159	134	18	35.020
-1.832596	1.870545	-2.976234	157	27	45	35.007
0.523599	1.998705	2.370472	5	37	47	35.002
-2.879793	0.899350	-2.069907	162	37	33	34.994
-0.261799	1.367556	0.358405	21	38	17	34.994
2.094395	2.349581	-2.702517	11	33	33	34.979
2.094395	2.251330	-2.330739	15	31	35	34.978
2.879793	2.592629	0.909713	166	38	35	34.968
-2.356194	2.299159	2.264663	2	129	19	34.964
2.617994	1.977582	0.969896	2	36	43	34.926
0.000000	1.335669	0.897240	165	39	16	34.917
-1.047198	0.866395	-2.492918	13	37	24	34.916
-0.261799	1.836682	-0.676006	11	45	26	34.911
0.261799	1.134796	2.434290	18	39	14	34.909
2.094395	1.214854	-1.966664	13	27	57	34.908
1.308997	1.977582	0.969896	159	36	31	34.897
0.785398	1.721184	-0.153948	12	29	45	34.892
-0.785398	1.569311	-3.003978	160	39	26	34.891
2.356194	0.910508	1.903534	159	137	30	34.890
1.047198	2.704512	1.488683	153	128	16	34.861
1.570796	0.571433	-1.188419	5	130	19	34.849
2.094395	2.588535	-2.976617	7	34	29	34.848
-2.879793	1.247695	1.809890	160	129	11	34.832
-1.570796	1.870545	-2.976234	161	23	52	34.827
-3.141593	1.506530	1.988858	155	131	19	34.823
2.617994	1.045978	0.343692	155	137	34	34.818
-0.523599	1.214854	-1.966664	163	36	49	34.817
-3.141593	0.290380	-0.796960	154	25	51	34.816
-2.356194	0.850607	-1.335383	146	132	13	34.812
0.523599	2.407836	1.410646	141	137	19	34.812
-2.356194	1.045978	0.343692	152	134	20	34.808
2.879793	1.391910	3.030322	160	130	19	34.807
-3.141593	1.812176	0.656819	154	131	12	34.807
2.356194	1.870545	-2.976234	153	137	27	34.800
2.879793	0.418037	1.360082	157	39	35	34.783
2.094395	2.164094	-2.991358	9	34	34	34.768
-0.261799	1.606104	-0.451151	13	43	20	34.767
0.785398	1.413430	2.550734	5	45	20	34.741
-2.617994	1.809167	1.213774	164	130	18	34.707
2.094395	1.977582	0.969896	149	133	10	34.699
2.879793	1.504028	0.636812	148	136	5	34.696
-2.356194	1.736875	3.023612	161	28	46	34.690
2.879793	1.554776	0.100351	3	130	13	34.689
-1.308997	1.448123	-2.163292	166	37	46	34.684
2.094395	0.618092	2.539118	160	32	49	34.674
0.785398	0.899350	-2.069907	27	30	11	34.666
-1.308997	0.419640	2.974122	164	40	40	34.650
0.000000	1.909857	-0.381669	8	45	27	34.635
1.308997	1.510910	-0.740472	12	39	15	34.632
0.261799	0.733948	3.021411	152	134	13	34.623
2.879793	2.138223	1.678323	3	35	30	34.622
-2.879793	2.174483	2.653697	19	36	23	34.607
0.785398	1.732874	-0.951685	157	30	46	34.605
2.356194	1.184361	0.625864	8	31	47	34.604
-3.141593	2.001437	0.381215	155	131	14	34.601
-1.570796	1.554776	0.100351	166	25	61	34.598
-2.617994	1.766067	2.153843	12	39	22	34.596
1.832596	2.251330	-2.330739	163	32	44	34.592
-2.356194	2.455966	-0.641220	161	31	28	34.588
2.879793	0.700570	1.559208	159	135	28	34.581
2.094395	2.404280	-0.174044	152	36	37	34.573
0.000000	2.153910	-1.714959	6	35	10	34.573
2.617994	1.554776	0.100351	165	129	12	34.569
-2.617994	1.134497	-1.109631	10	41	40	34.565
2.094395	2.104282	-0.813972	7	42	24	34.560
2.094395	1.606104	-0.451151	165	35	49	34.554
-2.879793	0.615174	-0.666022	145	133	16	34.553
-3.141593	2.881233	-2.582574	15	45	21	34.548
-1.308997	1.555207	1.708892	167	22	61	34.546
-3.141593	2.180315	-1.357379	4	28	43	34.543
-0.523599	0.850607	-1.335383	15	46	28	34.534
-1.832596	2.719179	-1.780644	5	38	43	34.533
2.617994	1.870545	-2.976234	159	135	27	34.531
2.879793	1.982574	-1.115518	165	39	28	34.531
-3.141593	1.683268	0.374177	156	131	7	34.531
-2.356194	2.187132	-0.479875	162	33	33	34.523
2.879793	1.875281	0.107086	151	132	10	34.497
-1.570796	0.831641	0.616218	6	35	48	34.483
-1.570796	1.218453	2.777284	13	44	36	34.462
-1.308997	1.135813	-2.658866	16	36	33	34.462
-0.523599	2.724429	-0.348782	165	35	49	34.457
-2.879793	1.977582	0.969896	158	131	19	34.430
2.879793	2.396274	-1.959260	151	27	26	34.428
0.000000	0.899350	-2.069907	13	46	29	34.427
1.570796	2.108018	1.311430	157	34	38	34.426
-1.047198	0.914445	2.687814	162	38	47	34.423
-2.617994	0.379747	-1.713059	161	35	36	34.395
1.570796	2.579248	-2.364801	1	33	43	34.387
1.047198	0.419640	2.974122	167	38	19	34.386
-1.570796	1.325504	-1.671296	163	127	13	34.379
1.570796	2.001437	0.381215	11	43	39	34.375
0.261799	1.413430	2.550734	18	43	20	34.373
-2.094395	1.242974	-2.977882	158	34	36	34.361
0.785398	2.637879	2.121598	166	133	23	34.359
2.879793	1.662363	0.915448	9	36	43	34.351
-2.617994	2.108018	1.311430	0	39	34	34.346
0.000000	1.699788	2.452890	8	39	33	34.345
0.785398	1.875281	0.107086	12	24	48	34.340
-0.523599	1.433411	-1.035986	9	45	39	34.331
1.308997	1.247695	1.809890	155	36	30	34.309
1.047198	0.762244	-0.273349	14	37	34	34.307
1.308997	2.164094	-2.991358	153	132	10	34.302
-1.570796	2.343981	-1.040456	7	37	42	34.298
-2.879793	2.760637	2.781135	23	34	29	34.290
2.879793	1.310100	1.488307	147	136	10	34.267
0.785398	1.869911	2.701025	167	36	48	34.262
-1.047198	1.824694	1.850876	160	23	58	34.261
-1.832596	0.864993	2.278281	5	41	32	34.254
-1.308997	0.866395	-2.492918	0	33	40	34.254
-1.832596	2.349581	-2.702517	22	39	23	34.242
0.000000	1.812176	0.656819	165	43	23	34.241
-0.261799	2.393226	1.857173	4	27	54	34.232
-2.356194	0.866395	-2.492918	159	35	38	34.228
-3.141593	2.379497	0.561089	1	39	27	34.210
1.832596	1.875281	0.107086	8	28	54	34.208
-2.094395	1.824694	1.850876	3	40	24	34.207
2.617994	2.041297	-2.664597	157	137	22	34.199
2.617994	2.104282	-0.813972	164	39	46	34.197
-2.094395	1.510910	-0.740472	166	39	33	34.196
2.617994	0.709924	0.218797	149	134	27	34.183
0.785398	0.929350	-2.910676	164	41	33	34.181
-0.523599	0.914445	2.687814	13	38	33	34.179
-1.832596	1.413430	2.550734	17	40	42	34.154
1.308997	1.417623	-0.202254	3	32	43	34.150
-0.261799	1.488617	1.159546	10	40	12	34.146
-1.570796	2.001437	0.381215	160	132	21	34.129
0.261799	1.391910	3.030322	9	41	37	34.119
2.356194	1.504028	0.636812	11	34	43	34.107
1.047198	1.218453	2.777284	159	39	30	34.104
0.261799	1.977582	0.969896	164	42	24	34.103
-0.261799	0.866955	-0.931351	7	46	27	34.100
0.261799	1.194549	-0.801900	21	33	50	34.098
2.617994	2.456751	-1.503343	157	38	31	34.088
-1.570796	1.683268	0.374177	162	132	22	34.085
0.261799	0.899350	-2.069907	6	47	29	34.071
1.832596	2.089241	-0.114193	10	33	50	34.057
1.832596	1.909857	-0.381669	5	36	48	34.052
0.000000	1.617114	-1.572037	164	36	55	34.047
1.308997	1.440580	2.260026	162	38	17	34.038
-3.141593	1.569311	-3.003978	147	134	17	34.030
-0.261799	1.417623	-0.202254	15	40	15	34.028
-2.617994	0.674054	1.013609	162	133	25	34.027
-1.570796	1.732874	-0.951685	8	36	37	34.022
1.047198	2.637879	2.121598	3	134	23	34.012
2.617994	1.875281	0.107086	146	136	10	34.011
2.617994	2.404280	-0.174044	2	134	27	34.011
2.356194	2.588535	-2.976617	162	31	49	34.006
2.356194	0.685216	-1.712745	6	41	38	34.004
-1.570796	2.138223	1.678323	11	47	25	34.004
-2.094395	1.555207	1.708892	2	42	32	34.002
-0.523599	2.396274	-1.959260	167	35	35	33.999
-2.617994	0.960688	-0.577532	2	43	34	33.978
2.094395	2.719179	-1.780644	3	30	47	33.965
-3.141593	2.153910	-1.714959	138	142	7	33.960
-1.047198	0.850607	-1.335383	26	39	28	33.957
-3.141593	0.080730	-2.622036	3	132	25	33.944
-1.047198	1.545873	-1.877082	159	36	40	33.941
1.308997	1.736875	3.023612	152	37	42	33.937
0.785398	2.456751	-1.503343	166	19	63	33.932
-3.141593	1.128190	-2.288622	167	39	25	33.931
-2.356194	1.168678	2.108595	19	40	15	33.929
-2.879793	2.719179	-1.780644	16	39	24	33.928
0.785398	2.724429	-0.348782	19	42	27	33.927
1.308997	1.310100	1.488307	162	38	24	33.911
-2.879793	2.153910	-1.714959	142	136	7	33.910
0.261799	0.866395	-2.492918	1	42	34	33.891
-0.785398	1.247695	1.809890	1	129	18	33.871
2.356194	0.850607	-1.335383	145	32	43	33.868
-2.879793	1.846342	-1.796954	143	138	1	33.861
-1.308997	1.218453	2.777284	6	44	36	33.860
2.356194	2.379497	0.561089	2	40	33	33.852
-2.094395	1.168678	2.108595	13	43	15	33.851
-0.785398	2.456751	-1.503343	7	133	17	33.850
-1.570796	1.050534	3.042579	0	40	40	33.846
-0.523599	2.588535	-2.976617	158	37	29	33.844
-2.879793	0.571433	-1.188419	138	140	13	33.842
2.879793	0.290380	-0.796960	0	23	66	33.834
0.261799	1.909857	-0.381669	161	36	43	33.818
-1.047198	0.866955	-0.931351	21	42	26	33.816
1.570796	0.866955	-0.931351	19	36	15	33.811
2.094395	2.393226	1.857173	136	145	11	33.797
1.047198	2.588535	-2.976617	165	35	56	33.795
0.523599	2.881233	-2.582574	12	47	25	33.793
-0.261799	0.866395	-2.492918	24	40	27	33.784
-2.094395	0.910508	1.903534	3	42	29	33.780
-1.570796	2.579248	-2.364801	24	37	21	33.778
-0.261799	2.664082	-1.071402	8	135	19	33.776
-0.523599	1.606104	-0.451151	4	45	35	33.776
2.617994	1.836682	-0.676006	164	34	51	33.760
2.879793	2.187132	-0.479875	162	39	38	33.758
-2.094395	1.872854	1.543456	1	41	31	33.748
-0.785398	0.290380	-0.796960	160	29	39	33.738
1.047198	1.909857	-0.381669	16	43	24	33.735
1.308997	1.555207	1.708892	156	37	35	33.735
-2.617994	0.685216	-1.712745	161	35	28	33.734
-2.094395	2.073035	2.027405	141	140	13	33.719
-2.094395	1.440580	2.260026	11	41	27	33.715
1.832596	2.724429	-0.348782	154	37	36	33.703
2.094395	0.866395	-2.492918	156	28	38	33.701
-1.047198	1.374601	-2.456031	140	138	20	33.696
2.356194	2.456751	-1.503343	162	42	32	33.693
-3.141593	2.592629	0.909713	162	37	42	33.692
-3.141593	1.574060	2.783565	164	132	24	33.675
2.356194	2.407836	1.410646	148	133	17	33.674
-0.261799	2.407836	1.410646	162	136	28	33.674
2.356194	0.418037	1.360082	145	141	21	33.657
2.879793	1.448123	-2.163292	147	135	19	33.653
-1.570796	2.379497	0.561089	151	32	53	33.649
-1.570796	2.299159	2.264663	142	135	9	33.626
2.879793	2.984978	1.954446	19	38	28	33.623
2.617994	1.699788	2.452890	0	40	32	33.621
-1.570796	2.041297	-2.664597	14	42	19	33.615
2.356194	1.335669	0.897240	11	30	47	33.614
2.879793	1.977582	0.969896	0	35	45	33.613
-2.356194	2.579248	-2.364801	5	34	50	33.613
1.832596	1.218453	2.777284	2	32	52	33.608
-2.617994	1.904882	-1.478089	144	134	10	33.608
0.000000	2.407836	1.410646	166	136	29	33.589
2.879793	2.343981	-1.040456	155	36	40	33.580
-0.261799	2.579248	-2.364801	145	135	14	33.575
-1.570796	1.413430	2.550734	1	39	21	33.573
-0.785398	2.089241	-0.114193	155	9	58	33.566
-2.617994	1.736875	3.023612	163	30	43	33.563
2.879793	1.242974	-2.977882	143	138	11	33.553
-1.047198	1.836682	-0.676006	15	42	43	33.552
-0.261799	1.214854	-1.966664	17	44	38	33.551
-2.094395	1.736875	3.023612	4	36	41	33.550
0.261799	0.914445	2.687814	20	38	14	33.550
0.785398	1.135813	-2.658866	11	138	22	33.544
-0.261799	1.440580	2.260026	11	35	23	33.542
-1.308997	1.736875	3.023612	3	44	31	33.542
2.879793	1.135813	-2.658866	145	135	13	33.539
1.308997	1.218453	2.777284	153	36	30	33.533
2.356194	2.041297	-2.664597	153	138	23	33.528
-1.570796	0.866395	-2.492918	17	35	28	33.525
0.261799	1.310100	1.488307	4	33	41	33.523
2.094395	0.910508	1.903534	154	139	30	33.522
2.879793	0.866395	-2.492918	10	39	20	33.519
-2.094395	1.658653	-2.409879	13	36	17	33.518
0.523599	0.899350	-2.069907	4	46	28	33.513
-1.832596	2.247462	0.191623	155	133	17	33.509
0.261799	1.440580	2.260026	13	41	14	33.508
-1.047198	1.135813	-2.658866	162	37	18	33.499
0.261799	1.836682	-0.676006	163	35	44	33.492
2.879793	2.041297	-2.664597	161	137	22	33.486
2.356194	2.295480	1.008277	10	38	39	33.485
2.356194	1.433411	-1.035986	165	37	45	33.484
0.261799	0.685216	-1.712745	5	46	24	33.483
-0.785398	1.909857	-0.381669	9	44	40	33.483
0.785398	2.164094	-2.991358	165	40	50	33.472
1.832596	1.194549	-0.801900	8	39	14	33.467
0.785398	1.247695	1.809890	166	44	29	33.465
-1.570796	2.637879	2.121598	158	34	40	33.464
0.000000	1.982574	-1.115518	0	44	32	33.462
1.570796	1.417623	-0.202254	166	40	34	33.460
0.261799	1.599406	1.426070	13	45	33	33.441
-1.308997	1.325504	-1.671296	165	41	36	33.439
-1.308997	0.458961	-0.107937	16	26	50	33.435
0.261799	1.448123	-2.163292	0	39	50	33.433
-0.785398	0.866395	-2.492918	6	39	27	33.429
0.261799	2.247462	0.191623	156	37	37	33.424
-1.047198	1.448123	-2.163292	161	33	45	33.423
2.094395	1.836682	-0.676006	165	37	42	33.420
-1.570796	2.478122	2.609777	142	138	15	33.417
-1.308997	2.579248	-2.364801	18	41	21	33.415
0.523599	0.906588	1.252948	141	142	15	33.408
-1.832596	1.450119	-2.739050	167	32	38	33.405
-1.047198	1.417623	-0.202254	0	19	62	33.400
-2.617994	1.977582	0.969896	167	38	43	33.395
0.261799	0.700570	1.559208	4	34	32	33.391
0.523599	0.914445	2.687814	8	43	28	33.390
-2.879793	2.349581	-2.702517	166	24	59	33.389
1.047198	2.138223	1.678323	148	35	36	33.387
-1.308997	1.134796	2.434290	160	37	27	33.376
-0.261799	2.349581	-2.702517	162	35	24	33.375
0.523599	0.080730	-2.622036	152	133	11	33.367
1.308997	2.295480	1.008277	160	36	37	33.364
-0.785398	1.741644	-2.695914	143	132	9	33.358
-0.261799	1.301460	-0.509251	11	39	14	33.351
2.356194	1.721184	-0.153948	8	40	32	33.345
-2.356194	0.080730	-2.622036	4	40	38	33.338
-1.570796	0.618092	2.539118	19	42	37	33.331
-2.356194	1.128190	-2.288622	156	33	32	33.330
-1.308997	1.836682	-0.676006	9	39	34	33.327
2.617994	1.812176	0.656819	163	129	11	33.324
0.000000	1.977582	0.969896	150	14	61	33.323
2.617994	2.379497	0.561089	155	34	49	33.320
2.879793	2.153910	-1.714959	136	149	7	33.317
-1.047198	2.356369	3.005869	164	41	32	33.316
0.523599	1.194549	-0.801900	157	38	33	33.314
0.000000	2.073035	2.027405	155	11	56	33.304
-0.523599	0.571433	-1.188419	12	45	21	33.291
0.261799	0.619654	-2.216909	166	41	30	33.285
-1.308997	1.050534	3.042579	162	40	39	33.282
2.879793	1.450119	-2.739050	145	137	19	33.273
-2.094395	1.367556	0.358405	155	133	22	33.271
0.785398	2.247462	0.191623	164	137	27	33.265
2.879793	2.115563	0.685730	152	28	53	33.261
0.261799	1.301460	-0.509251	14	32	55	33.260
-2.617994	0.619654	-2.216909	2	39	26	33.259
-1.308997	0.571433	-1.188419	27	35	20	33.251
0.785398	1.569311	-3.003978	146	138	9	33.250
1.570796	1.440580	2.260026	167	40	34	33.249
2.879793	1.569311	-3.003978	10	36	53	33.238
-1.832596	2.041297	-2.664597	159	30	39	33.238
1.832596	0.674054	1.013609	159	30	39	33.235
-2.094395	1.741644	-2.695914	165	32	45	33.227
-0.785398	0.618092	2.539118	1	43	36	33.224
-2.094395	1.134497	-1.109631	0	37	45	33.224
-1.047198	2.295480	1.008277	159	38	35	33.223
2.617994	2.863997	0.549740	156	38	43	33.222
-1.832596	2.251330	-2.330739	19	34	18	33.218
2.356194	1.662363	0.915448	3	34	45	33.216
2.094395	0.850607	-1.335383	6	42	31	33.216
1.308997	1.606104	-0.451151	12	43	21	33.214
-0.785398	0.910508	1.903534	3	132	24	33.199
-3.141593	2.393226	1.857173	2	33	25	33.197
-1.570796	1.168678	2.108595	1	40	33	33.192
-2.617994	0.203748	0.590255	153	132	14	33.190
-2.617994	2.455966	-0.641220	164	33	28	33.184
-0.785398	0.914445	2.687814	17	35	30	33.169
2.094395	1.301460	-0.509251	166	40	19	33.167
2.094395	2.579248	-2.364801	4	35	34	33.156
-2.879793	2.478122	2.609777	20	35	33	33.150
-1.832596	2.478122	2.609777	139	144	16	33.149
-2.879793	1.721184	-0.153948	156	32	49	33.137
1.832596	2.104282	-0.813972	13	41	24	33.137
-1.570796	1.998705	2.370472	3	39	45	33.130
-0.785398	0.419640	2.974122	15	35	21	33.123
1.570796	2.587733	0.232235	154	27	46	33.120
-3.141593	2.724429	-0.348782	159	136	21	33.118
-2.356194	1.870545	-2.976234	9	37	18	33.111
1.047198	1.574060	2.783565	151	135	20	33.100
2.879793	2.637879	2.121598	21	35	34	33.095
-0.261799	1.683268	0.374177	0	44	23	33.092
-1.570796	2.164094	-2.991358	11	44	28	33.087
-1.832596	2.343981	-1.040456	12	36	40	33.083
-1.047198	0.370812	-2.547742	149	27	37	33.080
-1.832596	2.073035	2.027405	146	135	13	33.076
-2.356194	2.138223	1.678323	10	41	24	33.073
0.000000	2.251330	-2.330739	164	34	19	33.066
-2.094395	2.041297	-2.664597	24	36	20	33.056
-0.785398	1.433411	-1.035986	16	44	39	33.055
-2.617994	0.080730	-2.622036	156	29	52	33.054
1.832596	1.242974	-2.977882	2	35	25	33.042
-0.523599	1.247695	1.809890	11	30	41	33.039
-1.570796	1.135813	-2.658866	20	34	33	33.038
-1.832596	2.588535	-2.976617	163	31	44	33.031
-2.617994	1.218453	2.777284	15	38	21	33.025
-2.879793	1.662363	0.915448	159	130	12	33.015
0.261799	2.108018	1.311430	0	46	27	33.012
0.523599	2.587733	0.232235	163	39	29	33.005
1.570796	2.073035	2.027405	153	31	48	33.004
2.879793	1.555207	1.708892	10	27	51	33.001
0.000000	0.379747	-1.713059	162	29	44	33.000
0.261799	0.929350	-2.910676	18	44	23	32.989
-1.832596	1.699788	2.452890	11	40	45	32.988
-2.617994	2.704512	1.488683	165	39	40	32.987
-1.308997	2.187132	-0.479875	9	38	32	32.971
-1.832596	0.929350	-2.910676	11	44	24	32.964
-1.570796	1.367556	0.358405	165	132	22	32.962
0.523599	1.741644	-2.695914	2	38	51	32.958
2.879793	1.699788	2.452890	154	135	27	32.951
2.356194	1.510910	-0.740472	8	40	26	32.940
0.261799	1.875281	0.107086	4	16	66	32.939
-1.047198	0.571433	-1.188419	23	39	21	32.937
0.523599	1.658653	-2.409879	166	37	53	32.936
-0.261799	2.704512	1.488683	158	133	23	32.929
2.617994	0.379747	-1.713059	21	38	19	32.914
-2.617994	1.242974	-2.977882	29	33	25	32.913
-1.308997	1.721184	-0.153948	142	22	33	32.910
-2.879793	0.866955	-0.931351	141	138	20	32.909
-2.356194	2.404280	-0.174044	13	33	37	32.909
0.785398	2.041297	-2.664597	166	35	56	32.908
1.832596	2.404280	-0.174044	158	39	37	32.898
2.356194	0.709924	0.218797	145	138	27	32.890
-1.047198	1.391910	3.030322	165	42	31	32.890
-2.356194	2.588535	-2.976617	21	35	26	32.882
1.570796	1.977582	0.969896	140	143	10	32.878
-1.832596	2.579248	-2.364801	22	34	21	32.878
0.000000	2.343981	-1.040456	21	36	16	32.870
2.356194	2.455966	-0.641220	11	41	23	32.869
-2.094395	1.574060	2.783565	20	40	38	32.867
2.617994	2.719179	-1.780644	154	32	26	32.866
-0.785398	0.685216	-1.712745	165	40	36	32.859
0.523599	2.760637	2.781135	3	36	55	32.853
2.356194	1.134497	-1.109631	165	37	46	32.853
-2.879793	1.168678	2.108595	163	129	11	32.853
2.617994	1.391910	3.030322	154	132	19	32.845
-1.832596	0.297065	2.160177	163	131	25	32.837
-1.308997	0.733948	3.021411	151	140	33	32.835
-1.832596	2.138223	1.678323	156	24	59	32.834
0.523599	1.310100	1.488307	6	45	27	32.831
0.000000	2.174483	2.653697	7	37	45	32.830
0.785398	0.733948	3.021411	167	39	25	32.829
-2.879793	1.555207	1.708892	160	130	18	32.828
-1.832596	2.760637	2.781135	7	45	33	32.827
-0.261799	1.335669	0.897240	24	38	22	32.823
2.094395	0.914445	2.687814	3	35	46	32.819
2.356194	0.992645	-1.723759	10	41	24	32.807
-1.308997	1.909857	-0.381669	22	41	39	32.803
0.000000	0.992645	-1.723759	8	47	32	32.803
0.785398	0.615174	-0.666022	3	45	44	32.799
-1.047198	1.809167	1.213774	9	36	33	32.795
1.047198	0.290380	-0.796960	166	129	18	32.791
-1.047198	2.174483	2.653697	165	37	39	32.781
-1.047198	1.741644	-2.695914	140	136	9	32.779
0.000000	2.138223	1.678323	162	8	57	32.774
1.047198	1.214854	-1.966664	12	36	37	32.769
2.617994	1.872854	1.543456	12	31	46	32.769
-0.785398	1.413430	2.550734	167	38	39	32.762
-1.047198	2.379497	0.561089	165	132	22	32.751
1.832596	1.606104	-0.451151	146	134	16	32.750
0.785398	2.295480	1.008277	150	132	21	32.749
1.570796	2.393226	1.857173	158	126	12	32.749
0.523599	1.846342	-1.796954	146	30	43	32.743
1.570796	1.194549	-0.801900	13	39	14	32.735
2.879793	2.379497	0.561089	150	31	49	32.734
1.570796	0.618092	2.539118	152	134	19	32.732
-1.047198	1.948085	-2.363031	7	37	36	32.729
2.094395	0.864993	2.278281	161	133	25	32.725
-1.308997	0.960688	-0.577532	153	27	46	32.722
-1.832596	1.824694	1.850876	147	133	12	32.716
-0.523599	1.699788	2.452890	162	32	43	32.714
0.785398	2.704512	1.488683	148	131	21	32.710
-0.523599	1.756530	-2.105156	166	36	50	32.709
0.523599	0.203748	0.590255	18	43	32	32.705
0.000000	1.367556	0.358405	162	39	18	32.696
-0.523599	1.824694	1.850876	159	19	58	32.690
-1.832596	1.599406	1.426070	166	14	62	32.687
-0.261799	0.733948	3.021411	165	34	41	32.681
-2.356194	2.393226	1.857173	139	143	6	32.678
-1.832596	1.242974	-2.977882	14	44	25	32.678
-1.570796	1.391910	3.030322	9	45	32	32.671
0.523599	2.478122	2.609777	167	40	49	32.668
-0.785398	2.343981	-1.040456	1	131	24	32.668
1.832596	1.836682	-0.676006	167	38	16	32.662
-1.047198	2.396274	-1.959260	9	134	9	32.661
0.261799	0.591903	2.010408	11	41	15	32.660
0.785398	1.440580	2.260026	3	43	17	32.653
0.261799	1.732874	-0.951685	161	34	39	32.651
-0.523599	1.836682	-0.676006	4	43	43	32.647
1.047198	2.115563	0.685730	161	36	28	32.645
2.617994	1.569311	-3.003978	156	132	23	32.635
2.356194	1.977582	0.969896	153	131	11	32.632
-3.141593	2.343981	-1.040456	167	37	26	32.630
2.094395	2.153910	-1.714959	165	26	50	32.620
2.879793	2.404280	-0.174044	7	41	27	32.613
-0.523599	1.846342	-1.796954	164	37	47	32.603
-0.261799	0.674054	1.013609	5	130	14	32.595
-1.047198	1.872854	1.543456	162	16	60	32.578
2.356194	2.033014	2.977192	159	24	58	32.574
-2.356194	1.554776	0.100351	161	29	55	32.572
-2.879793	1.699788	2.452890	154	32	42	32.570
-2.094395	1.045978	0.343692	157	132	20	32.570
-2.879793	2.396274	-1.959260	13	42	32	32.569
-1.047198	2.089241	-0.114193	15	44	38	32.569
-0.785398	1.367556	0.358405	11	44	17	32.566
2.617994	0.458961	-0.107937	141	137	17	32.564
-1.570796	2.247462	0.191623	161	131	17	32.563
-2.617994	1.696674	-1.253233	142	135	15	32.557
-0.261799	1.977582	0.969896	8	47	25	32.550
-2.617994	2.033014	2.977192	15	37	20	32.549
-2.617994	1.574060	2.783565	161	27	45	32.547
-2.094395	2.984978	1.954446	162	40	34	32.544
2.094395	1.504028	0.636812	0	37	41	32.543
0.785398	1.982574	-1.115518	154	24	59	32.541
2.879793	2.863997	0.549740	160	38	34	32.538
-1.308997	2.379497	0.561089	155	134	16	32.538
-1.308997	1.510910	-0.740472	24	40	37	32.535
0.261799	1.555207	1.708892	8	42	14	32.533
-2.356194	2.033014	2.977192	11	38	20	32.533
2.879793	1.658653	-2.409879	167	131	20	32.528
-0.523599	2.456751	-1.503343	163	21	61	32.527
0.261799	1.450119	-2.739050	17	45	31	32.526
0.000000	1.662363	0.915448	151	21	61	32.526
-3.141593	2.299159	2.264663	2	32	26	32.522
0.261799	0.850607	-1.335383	167	45	28	32.522
-1.047198	1.869911	2.701025	0	35	28	32.520
0.261799	2.984978	1.954446	159	132	18	32.520
-0.785398	1.025536	1.576859	164	46	33	32.519
0.000000	1.998705	2.370472	7	39	39	32.513
-1.308997	0.618092	2.539118	14	43	36	32.512
2.094395	0.571433	-1.188419	9	37	25	32.512
2.356194	2.089241	-0.114193	8	40	28	32.508
-3.141593	1.488617	1.159546	167	28	54	32.506
1.308997	1.256302	0.062705	10	139	12	32.504
0.261799	2.724429	-0.348782	165	37	41	32.501
-1.570796	1.982574	-1.115518	6	35	42	32.501
-0.785398	0.866955	-0.931351	15	45	26	32.500
0.000000	0.370812	-2.547742	19	39	15	32.493
0.523599	1.135813	-2.658866	166	41	39	32.489
0.261799	0.674054	1.013609	144	31	47	32.486
-0.523599	1.367556	0.358405	5	44	17	32.483
-1.308997	1.450119	-2.739050	14	35	37	32.482
2.879793	0.961715	0.014085	10	39	29	32.478
0.523599	2.041297	-2.664597	3	35	56	32.477
1.570796	1.413430	2.550734	160	133	25	32.473
0.261799	1.367556	0.358405	158	35	18	32.460
1.047198	1.510910	-0.740472	17	37	15	32.445
1.308997	1.194549	-0.801900	17	36	14	32.437
-1.308997	1.569311	-3.003978	3	44	26	32.435
-2.094395	0.418037	1.360082	13	40	41	32.423
-1.047198	2.719179	-1.780644	20	35	20	32.412
-2.617994	1.812176	0.656819	167	130	12	32.396
0.261799	1.510910	-0.740472	163	39	38	32.394
-2.617994	1.488617	1.159546	165	129	10	32.390
-1.047198	0.615174	-0.666022	16	42	18	32.387
0.000000	0.685216	-1.712745	12	46	24	32.384
-1.832596	1.506530	1.988858	7	43	32	32.383
0.523599	2.247462	0.191623	144	26	47	32.382
0.261799	2.704512	1.488683	1	134	24	32.376
-1.308997	0.929350	-2.910676	162	24	51	32.372
-3.141593	1.335669	0.897240	163	26	55	32.369
2.879793	2.719179	-1.780644	2	33	37	32.369
-2.617994	1.310100	1.488307	165	129	10	32.366
-0.261799	0.640596	-2.797608	1	39	30	32.358
0.523599	0.700570	1.559208	9	41	15	32.358
-1.832596	1.836682	-0.676006	163	37	29	32.345
-0.785398	2.356369	3.005869	163	37	32	32.341
-1.308997	0.674054	1.013609	22	44	37	32.331
0.785398	1.391910	3.030322	164	38	40	32.327
0.261799	2.979456	-1.009304	15	43	27	32.327
-1.047198	2.033014	2.977192	0	40	32	32.326
1.570796	1.242974	-2.977882	6	36	25	32.326
0.523599	1.510910	-0.740472	158	35	38	32.311
0.785398	1.506530	1.988858	166	42	35	32.310
-2.356194	1.699788	2.452890	8	39	20	32.310
0.000000	2.393226	1.857173	1	42	44	32.306
-3.141593	1.824694	1.850876	4	26	56	32.306
-2.094395	1.699788	2.452890	2	39	20	32.306
-3.141593	0.906588	1.252948	157	139	30	32.304
0.000000	1.417623	-0.202254	10	41	16	32.301
-0.523599	2.379497	0.561089	8	46	36	32.301
0.785398	2.407836	1.410646	146	132	19	32.300
-1.570796	2.251330	-2.330739	20	37	16	32.299
1.308997	2.104282	-0.813972	3	40	17	32.296
-0.523599	1.982574	-1.115518	165	33	59	32.282
0.785398	2.356369	3.005869	147	136	14	32.281
0.000000	0.640596	-2.797608	22	39	19	32.278
-1.308997	0.290380	-0.796960	19	37	14	32.277
1.570796	0.619654	-2.216909	13	32	44	32.276
-0.261799	1.504028	0.636812	23	39	23	32.268
-1.832596	1.948085	-2.363031	15	36	17	32.267
1.570796	1.606104	-0.451151	6	43	20	32.265
0.000000	1.134796	2.434290	1	32	47	32.261
-1.832596	1.135813	-2.658866	153	29	34	32.260
2.094395	2.063651	-2.044600	153	135	24	32.258
1.832596	0.458961	-0.107937	162	41	37	32.255
1.308997	1.554776	0.100351	13	45	34	32.247
1.047198	1.325504	-1.671296	149	32	49	32.240
2.879793	1.134497	-1.109631	160	129	16	32.233
-2.617994	2.664082	-1.071402	21	35	20	32.231
-0.523599	0.910508	1.903534	9	134	24	32.226
-2.094395	2.356369	3.005869	19	42	32	32.225
2.879793	1.606104	-0.451151	1	131	22	32.215
-2.617994	2.760637	2.781135	19	37	29	32.213
2.356194	2.001437	0.381215	12	40	35	32.209
1.308997	1.870545	-2.976234	153	132	8	32.205
-0.785398	1.574060	2.783565	160	38	37	32.200
1.832596	0.866395	-2.492918	2	37	28	32.199
-0.785398	2.719179	-1.780644	11	136	12	32.198
-0.261799	1.617114	-1.572037	159	38	40	32.198
0.523599	0.733948	3.021411	15	41	16	32.197
-1.047198	2.247462	0.191623	4	132	17	32.197
-1.832596	2.404280	-0.174044	160	131	11	32.196
-3.141593	2.863997	0.549740	147	29	44	32.191
-2.617994	2.396274	-1.959260	155	37	30	32.189
2.879793	1.374601	-2.456031	147	136	21	32.189
-2.094395	1.128190	-2.288622	153	29	32	32.185
0.000000	2.180315	-1.357379	161	25	62	32.183
-0.523599	1.168678	2.108595	160	30	56	32.173
2.094395	1.699788	2.452890	13	40	32	32.164
-2.617994	1.869911	2.701025	14	39	26	32.159
0.000000	1.809167	1.213774	6	44	19	32.158
2.094395	1.195355	1.200319	10	46	21	32.148
-0.523599	0.929350	-2.910676	6	39	32	32.145
-1.832596	0.591903	2.010408	160	33	49	32.144
-2.356194	2.704512	1.488683	151	31	50	32.141
0.785398	2.863997	0.549740	165	128	18	32.140
-1.047198	1.909857	-0.381669	13	40	20	32.133
-1.832596	1.574060	2.783565	14	43	38	32.133
-3.141593	1.440580	2.260026	157	131	19	32.131
0.000000	0.929350	-2.910676	23	41	23	32.126
0.261799	1.809167	1.213774	167	42	20	32.124
-2.356194	0.831641	0.616218	158	133	23	32.107
0.000000	2.979456	-1.009304	21	41	27	32.106
-1.308997	1.977582	0.969896	160	139	32	32.104
-2.617994	0.370812	-2.547742	154	31	46	32.099
-0.785398	1.554776	0.100351	11	46	25	32.094
-3.141593	2.579248	-2.364801	19	44	28	32.076
-1.308997	0.418037	1.360082	164	29	55	32.069
2.094395	2.587733	0.232235	160	39	43	32.068
0.523599	2.251330	-2.330739	151	24	56	32.067
0.785398	1.504028	0.636812	7	32	52	32.066
-3.141593	1.904882	-1.478089	136	146	9	32.065
-2.879793	1.440580	2.260026	164	130	19	32.064
-1.570796	2.881233	-2.582574	21	41	27	32.056
-3.141593	1.977582	0.969896	152	133	19	32.056
-0.523599	1.488617	1.159546	161	38	48	32.053
-1.832596	2.164094	-2.991358	157	28	43	32.050
-2.094395	1.809167	1.213774	9	134	18	32.049
2.094395	1.658653	-2.409879	149	135	20	32.048
2.617994	2.724429	-0.348782	10	40	21	32.048
2.879793	1.721184	-0.153948	3	131	20	32.047
-2.356194	0.914445	2.687814	10	41	26	32.044
-1.308997	1.554776	0.100351	164	24	61	32.042
-0.261799	0.615174	-0.666022	2	44	20	32.041
0.261799	1.846342	-1.796954	15	34	33	32.041
-0.261799	0.910508	1.903534	7	33	35	32.040
0.261799	2.863997	0.549740	161	36	48	32.040
2.356194	1.658653	-2.409879	155	132	20	32.040
2.356194	1.417623	-0.202254	165	38	25	32.039
-0.785398	0.458961	-0.107937	165	36	25	32.037
-1.832596	2.299159	2.264663	142	138	13	32.036
-0.523599	0.619654	-2.216909	26	37	22	32.036
2.356194	2.704512	1.488683	20	37	35	32.031
-1.832596	2.881233	-2.582574	20	36	23	32.030
0.785398	1.134497	-1.109631	145	30	43	32.030
1.570796	1.214854	-1.966664	8	43	11	32.029
1.308997	0.297065	2.160177	165	39	28	32.026
2.356194	1.113094	-0.272241	23	38	43	32.024
2.617994	1.809167	1.213774	7	33	49	32.023
-2.094395	2.138223	1.678323	4	41	24	32.022
-0.785398	2.295480	1.008277	163	136	29	32.022
0.785398	0.080730	-2.622036	164	33	43	32.014
-0.785398	0.864993	2.278281	164	36	50	32.009
2.617994	1.766067	2.153843	167	40	27	32.008
-1.308997	1.214854	-1.966664	167	39	42	32.007
2.879793	1.574060	2.783565	157	133	24	31.999
2.356194	1.812176	0.656819	2	37	40	31.998
1.570796	2.863997	0.549740	159	29	49	31.991
0.261799	2.063651	-2.044600	1	29	61	31.989
1.570796	0.458961	-0.107937	1	41	37	31.989
-1.832596	0.418037	1.360082	6	41	42	31.987
-0.785398	0.615174	-0.666022	10	44	18	31.981
2.879793	1.014500	0.906702	5	133	30	31.978
-1.570796	0.914445	2.687814	5	38	47	31.972
-0.523599	1.025536	1.576859	7	130	17	31.971
0.523599	1.599406	1.426070	166	39	14	31.956
2.356194	1.982574	-1.115518	156	37	33	31.954
-2.094395	0.929350	-2.910676	17	42	25	31.953
2.879793	2.299159	2.264663	152	36	42	31.952
-0.261799	0.961715	0.014085	9	36	51	31.949
1.570796	1.617114	-1.572037	148	18	56	31.949
1.832596	2.379497	0.561089	13	40	33	31.949
1.047198	2.343981	-1.040456	13	41	46	31.948
-3.141593	0.929350	-2.910676	9	42	27	31.948
0.261799	0.640596	-2.797608	7	42	26	31.945
0.523599	2.637879	2.121598	160	133	23	31.943
-1.570796	1.721184	-0.153948	13	37	25	31.940
-1.832596	1.662363	0.915448	4	39	52	31.939
-1.047198	1.450119	-2.739050	165	40	20	31.931
1.832596	2.637879	2.121598	160	126	13	31.931
-1.047198	1.218453	2.777284	0	42	37	31.928
-1.570796	2.704512	1.488683	9	48	30	31.922
-0.785398	0.674054	1.013609	9	47	37	31.916
-2.617994	1.741644	-2.695914	161	34	56	31.915
2.356194	1.875281	0.107086	150	33	43	31.914
0.785398	0.906588	1.252948	165	34	33	31.914
-1.832596	1.658653	-2.409879	14	37	14	31.908
1.832596	1.683268	0.374177	164	14	66	31.908
-2.617994	1.413347	-1.339188	12	40	40	31.908
0.261799	2.104282	-0.813972	156	39	41	31.904
1.832596	0.618092	2.539118	158	131	19	31.904
-1.570796	0.615174	-0.666022	24	35	18	31.900
-1.570796	0.370812	-2.547742	16	34	22	31.898
2.356194	1.014500	0.906702	161	131	29	31.897
-3.141593	2.251330	-2.330739	20	43	35	31.894
2.617994	1.374601	-2.456031	6	22	58	31.890
0.785398	1.242974	-2.977882	12	136	19	31.889
-1.570796	2.407836	1.410646	7	48	31	31.889
0.000000	1.721184	-0.153948	10	45	22	31.887
-2.617994	2.456751	-1.503343	14	40	26	31.881
0.261799	1.870545	-2.976234	17	44	36	31.881
1.308997	1.836682	-0.676006	8	41	16	31.881
-2.617994	1.135813	-2.658866	24	35	19	31.874
-0.785398	0.370812	-2.547742	11	40	45	31.873
1.832596	0.866955	-0.931351	15	38	14	31.873
0.785398	2.379497	0.561089	158	133	21	31.869
-0.261799	1.242974	-2.977882	0	41	40	31.868
-2.356194	1.766067	2.153843	8	40	21	31.864
-0.261799	1.135813	-2.658866	0	39	42	31.862
1.047198	0.571433	-1.188419	17	47	27	31.851
2.617994	2.587733	0.232235	150	32	43	31.850
-2.094395	1.301460	-0.509251	19	33	29	31.849
-1.308997	1.113094	-0.272241	151	27	40	31.847
2.094395	0.379747	-1.713059	160	45	30	31.845
-0.523599	2.455966	-0.641220	158	30	59	31.840
-1.308997	2.247462	0.191623	166	131	17	31.840
2.356194	1.194549	-0.801900	24	39	39	31.838
2.879793	2.579248	-2.364801	25	40	28	31.832
-1.308997	1.662363	0.915448	162	140	27	31.828
-2.356194	1.134796	2.434290	164	39	36	31.826
2.879793	2.073035	2.027405	7	35	30	31.823
-3.141593	1.721184	-0.153948	153	29	49	31.818
2.356194	0.866955	-0.931351	4	39	14	31.814
-0.261799	0.864993	2.278281	10	38	31	31.813
0.261799	2.299159	2.264663	0	42	42	31.812
2.094395	1.242974	-2.977882	145	138	15	31.809
-0.785398	1.696674	-1.253233	6	35	54	31.808
0.000000	1.184361	0.625864	163	38	16	31.804
0.785398	1.417623	-0.202254	10	33	43	31.803
1.570796	0.370812	-2.547742	10	28	47	31.803
0.261799	2.041297	-2.664597	1	36	41	31.802
0.261799	1.050534	3.042579	19	42	21	31.801
2.094395	1.325504	-1.671296	8	39	20	31.800
0.785398	2.343981	-1.040456	161	30	32	31.796
-2.879793	1.450119	-2.739050	0	28	62	31.795
-0.261799	2.187132	-0.479875	13	45	34	31.789
-0.261799	1.325504	-1.671296	161	39	35	31.786
-2.094395	0.290380	-0.796960	3	46	34	31.786
-0.261799	1.662363	0.915448	6	44	18	31.780
2.356194	2.247462	0.191623	160	130	21	31.775
-1.832596	0.733948	3.021411	16	44	30	31.769
-0.261799	2.592629	0.909713	5	134	23	31.769
2.617994	1.662363	0.915448	13	35	43	31.765
-2.617994	1.555207	1.708892	166	130	18	31.762
2.617994	1.732874	-0.951685	153	33	40	31.762
-1.570796	2.760637	2.781135	160	40	42	31.761
2.094395	1.367556	0.358405	8	31	16	31.752
2.879793	1.836682	-0.676006	0	40	36	31.747
0.261799	1.128190	-2.288622	14	46	30	31.746
0.261799	2.343981	-1.040456	17	39	16	31.746
-1.308997	1.194549	-0.801900	25	40	31	31.745
1.570796	0.290380	-0.796960	23	39	24	31.745
0.000000	2.115563	0.685730	166	44	30	31.734
1.570796	2.881233	-2.582574	149	134	9	31.729
2.094395	1.617114	-1.572037	9	38	17	31.725
1.570796	0.831641	0.616218	157	36	49	31.720
1.308997	1.617114	-1.572037	149	23	56	31.715
1.832596	0.961715	0.014085	1	44	30	31.713
-0.523599	2.251330	-2.330739	1	40	16	31.711
-3.141593	1.756530	-2.105156	154	136	28	31.707
-1.832596	1.195355	1.200319	5	42	39	31.703
-2.879793	0.674054	1.013609	156	134	25	31.703
0.523599	1.128190	-2.288622	7	46	32	31.696
-1.832596	1.736875	3.023612	13	44	32	31.695
0.523599	1.555207	1.708892	2	41	14	31.689
-1.832596	2.704512	1.488683	16	47	30	31.687
2.617994	0.685216	-1.712745	164	38	38	31.683
0.523599	1.909857	-0.381669	158	32	43	31.680
-1.832596	1.050534	3.042579	15	44	31	31.679
-2.617994	2.001437	0.381215	1	30	62	31.677
-2.356194	2.456751	-1.503343	155	37	27	31.677
1.570796	0.850607	-1.335383	3	130	19	31.669
-1.570796	0.733948	3.021411	156	31	44	31.668
-1.308997	1.417623	-0.202254	1	18	62	31.665
2.094395	1.812176	0.656819	166	33	29	31.664
-2.094395	1.025536	1.576859	9	42	34	31.662
2.617994	2.247462	0.191623	148	31	43	31.662
1.308997	2.115563	0.685730	158	35	37	31.661
2.356194	2.343981	-1.040456	153	134	22	31.656
-1.570796	1.872854	1.543456	161	17	61	31.656
0.523599	1.766067	2.153843	0	39	36	31.654
2.094395	1.809167	1.213774	161	36	26	31.652
1.308997	2.637879	2.121598	166	26	60	31.644
-2.879793	1.870545	-2.976234	160	35	54	31.643
2.879793	2.455966	-0.641220	160	131	22	31.641
-0.523599	2.863997	0.549740	6	133	17	31.636
2.356194	1.045978	0.343692	167	33	33	31.635
-2.356194	2.637879	2.121598	2	40	36	31.633
0.523599	2.115563	0.685730	145	32	38	31.630
-1.308997	1.391910	3.030322	27	29	31	31.627
1.570796	1.741644	-2.695914	4	36	31	31.623
0.000000	1.554776	0.100351	160	41	25	31.622
0.261799	1.606104	-0.451151	1	42	20	31.616
-1.047198	1.606104	-0.451151	17	45	35	31.614
1.308997	0.700570	1.559208	161	30	43	31.611
0.523599	1.417623	-0.202254	157	34	32	31.607
0.000000	1.242974	-2.977882	3	45	32	31.603
2.617994	2.760637	2.781135	8	46	24	31.602
2.356194	0.831641	0.616218	159	29	39	31.596
-0.785398	1.195355	1.200319	1	44	43	31.590
-1.308997	0.640596	-2.797608	18	34	23	31.589
0.261799	2.089241	-0.114193	4	46	32	31.585
-1.047198	1.699788	2.452890	157	131	25	31.585
-1.832596	1.732874	-0.951685	13	35	36	31.580
0.000000	0.615174	-0.666022	164	42	20	31.578
2.356194	2.115563	0.685730	2	39	39	31.574
0.785398	0.618092	2.539118	0	40	33	31.568
-0.523599	1.732874	-0.951685	166	39	53	31.567
1.832596	2.455966	-0.641220	12	41	23	31.566
1.832596	1.135813	-2.658866	3	34	27	31.554
-1.570796	0.910508	1.903534	4	40	38	31.552
-2.356194	0.864993	2.278281	166	39	43	31.552
-2.617994	2.724429	-0.348782	147	137	11	31.551
-3.141593	0.203748	0.590255	143	140	14	31.546
-2.617994	1.699788	2.452890	10	38	20	31.545
-2.356194	0.866955	-0.931351	1	43	41	31.545
0.261799	1.417623	-0.202254	8	30	61	31.543
1.832596	0.640596	-2.797608	12	30	44	31.543
-0.261799	2.881233	-2.582574	151	36	36	31.541
1.308997	1.113094	-0.272241	15	43	25	31.539
2.879793	1.335669	0.897240	147	137	4	31.538
0.000000	0.733948	3.021411	3	39	34	31.531
-2.094395	1.836682	-0.676006	0	23	52	31.528
-0.785398	1.683268	0.374177	13	46	23	31.526
1.570796	1.128190	-2.288622	5	37	31	31.520
-3.141593	2.247462	0.191623	165	40	35	31.520
0.785398	2.664082	-1.071402	21	36	45	31.515
-2.356194	2.587733	0.232235	167	137	20	31.514
-0.523599	0.906588	1.252948	2	129	12	31.513
-2.356194	2.108018	1.311430	5	42	29	31.513
-0.261799	1.904882	-1.478089	162	40	42	31.504
2.617994	1.909857	-0.381669	2	34	54	31.503
-2.879793	1.242974	-2.977882	13	39	19	31.486
0.000000	1.194549	-0.801900	0	45	33	31.485
2.356194	0.929350	-2.910676	166	16	64	31.484
-1.047198	0.864993	2.278281	1	135	31	31.484
1.308997	2.393226	1.857173	146	31	44	31.483
0.000000	1.488617	1.159546	4	40	12	31.478
-0.523599	1.374601	-2.456031	3	40	42	31.477
-0.785398	2.704512	1.488683	144	31	47	31.477
2.617994	1.982574	-1.115518	3	41	27	31.473
2.617994	2.187132	-0.479875	8	42	30	31.470
-1.047198	1.574060	2.783565	166	41	38	31.467
2.879793	1.128190	-2.288622	5	41	25	31.463
-2.879793	1.904882	-1.478089	139	140	10	31.462
0.000000	2.299159	2.264663	7	41	42	31.462
-0.523599	1.510910	-0.740472	165	42	46	31.460
2.094395	0.203748	0.590255	21	41	33	31.460
-0.523599	1.812176	0.656819	10	45	23	31.458
1.308997	1.045978	0.343692	166	39	45	31.458
0.523599	1.367556	0.358405	4	42	18	31.454
-0.261799	1.869911	2.701025	12	38	37	31.453
-0.785398	1.872854	1.543456	165	15	60	31.453
-1.832596	2.033014	2.977192	14	44	33	31.452
-0.785398	1.218453	2.777284	162	40	36	31.451
-0.523599	2.579248	-2.364801	2	42	22	31.450
1.047198	1.545873	-1.877082	159	37	42	31.443
-1.570796	0.906588	1.252948	2	43	42	31.438
-1.570796	1.574060	2.783565	9	44	37	31.435
2.356194	1.606104	-0.451151	6	41	29	31.435
1.570796	1.721184	-0.153948	6	45	28	31.435
-0.785398	2.881233	-2.582574	163	41	36	31.434
0.523599	1.870545	-2.976234	153	30	53	31.434
-2.879793	2.393226	1.857173	8	38	41	31.430
-0.523599	2.033014	2.977192	163	32	25	31.429
-0.785398	2.115563	0.685730	2	136	26	31.427
0.000000	2.104282	-0.813972	153	29	57	31.427
2.356194	2.153910	-1.714959	164	25	51	31.421
1.832596	1.510910	-0.740472	3	38	15	31.417
0.785398	0.709924	0.218797	20	42	33	31.410
2.356194	2.299159	2.264663	163	42	42	31.410
-2.617994	1.050534	3.042579	2	40	25	31.408
-0.261799	2.104282	-0.813972	158	31	58	31.397
-2.356194	2.407836	1.410646	152	27	55	31.393
0.785398	2.393226	1.857173	155	39	43	31.391
-2.617994	2.588535	-2.976617	24	31	26	31.387
-1.047198	0.419640	2.974122	157	39	39	31.385
-0.261799	1.721184	-0.153948	165	44	33	31.384
0.523599	1.247695	1.809890	13	42	25	31.378
-0.523599	2.356369	3.005869	158	33	32	31.375
2.094395	2.295480	1.008277	13	38	41	31.373
1.047198	1.413347	-1.339188	147	26	52	31.371
-2.094395	0.906588	1.252948	9	40	40	31.370
0.261799	2.295480	1.008277	152	38	42	31.367
-2.617994	0.709924	0.218797	163	43	22	31.367
-0.785398	1.617114	-1.572037	2	41	39	31.365
-1.308997	2.295480	1.008277	153	38	46	31.365
-2.879793	2.251330	-2.330739	13	46	35	31.364
-0.523599	0.080730	-2.622036	8	40	23	31.361
-1.832596	0.762244	-0.273349	7	34	11	31.359
-2.879793	2.881233	-2.582574	1	43	34	31.359
-0.261799	0.960688	-0.577532	3	46	26	31.359
-1.047198	1.870545	-2.976234	157	38	34	31.356
0.523599	2.664082	-1.071402	9	43	22	31.354
-1.832596	1.683268	0.374177	146	32	31	31.351
-0.261799	1.050534	3.042579	12	46	28	31.350
-0.261799	1.134497	-1.109631	6	47	33	31.348
2.356194	2.063651	-2.044600	158	26	48	31.346
-1.570796	2.719179	-1.780644	167	37	44	31.346
-2.094395	0.864993	2.278281	161	36	43	31.343
1.570796	0.914445	2.687814	156	133	19	31.343
1.047198	1.606104	-0.451151	18	41	21	31.336
-0.523599	1.135813	-2.658866	3	41	35	31.331
-1.308997	2.041297	-2.664597	9	43	20	31.320
0.000000	1.504028	0.636812	17	43	23	31.319
-0.785398	1.977582	0.969896	167	140	33	31.311
0.261799	1.242974	-2.977882	8	42	38	31.310
-0.523599	2.089241	-0.114193	3	44	39	31.310
1.570796	1.574060	2.783565	161	131	20	31.308
-1.047198	1.242974	-2.977882	164	41	25	31.296
-0.523599	1.134497	-1.109631	11	46	33	31.296
-0.785398	2.664082	-1.071402	164	39	37	31.293
2.879793	0.080730	-2.622036	164	131	25	31.292
-1.570796	1.809167	1.213774	163	10	61	31.292
0.523599	2.063651	-2.044600	148	27	50	31.286
-0.523599	0.458961	-0.107937	0	39	13	31.286
-0.785398	2.588535	-2.976617	145	135	16	31.285
-0.523599	1.335669	0.897240	163	38	50	31.282
2.094395	1.569311	-3.003978	146	139	23	31.280
0.785398	1.606104	-0.451151	153	30	38	31.267
2.879793	2.587733	0.232235	13	41	25	31.267
-0.523599	2.001437	0.381215	7	46	30	31.264
2.617994	2.063651	-2.044600	156	24	48	31.259
-2.879793	1.998705	2.370472	165	32	32	31.253
-0.261799	0.831641	0.616218	21	30	10	31.252
0.785398	2.033014	2.977192	147	136	15	31.249
-1.308997	0.866955	-0.931351	27	38	26	31.247
-0.523599	2.138223	1.678323	160	11	58	31.246
-1.047198	1.134796	2.434290	26	31	27	31.245
1.047198	1.998705	2.370472	163	35	50	31.234
-0.523599	2.478122	2.609777	152	25	39	31.232
-1.308997	1.128190	-2.288622	4	36	47	31.227
-1.570796	1.301460	-0.509251	28	37	30	31.226
1.832596	1.870545	-2.976234	20	34	34	31.224
-0.261799	0.929350	-2.910676	3	40	37	31.223
2.094395	0.899350	-2.069907	150	136	11	31.219
-1.308997	0.297065	2.160177	23	40	34	31.208
-1.832596	1.391910	3.030322	15	44	31	31.208
-1.832596	0.914445	2.687814	21	41	37	31.207
-0.523599	0.866955	-0.931351	9	46	26	31.206
-1.047198	1.214854	-1.966664	162	37	43	31.201
2.356194	1.574060	2.783565	7	40	39	31.200
1.047198	1.555207	1.708892	162	40	33	31.197
1.832596	0.960688	-0.577532	166	38	27	31.192
0.261799	2.180315	-1.357379	11	36	12	31.189
-2.356194	1.450119	-2.739050	1	30	47	31.188
-2.879793	0.640596	-2.797608	0	41	33	31.184
-0.523599	1.683268	0.374177	7	45	24	31.178
1.570796	2.456751	-1.503343	159	44	39	31.175
0.523599	2.588535	-2.976617	6	34	56	31.174
-1.047198	0.418037	1.360082	161	28	56	31.174
-1.047198	2.478122	2.609777	158	34	37	31.173
-0.261799	2.299159	2.264663	151	12	51	31.167
-1.832596	1.440580	2.260026	6	41	27	31.166
2.356194	1.218453	2.777284	162	32	51	31.165
-0.523599	2.108018	1.311430	163	141	32	31.161
2.356194	1.846342	-1.796954	155	131	17	31.160
2.356194	1.554776	0.100351	164	38	31	31.160
-0.785398	0.379747	-1.713059	22	38	18	31.159
1.832596	1.184361	0.625864	166	33	21	31.158
2.094395	1.134497	-1.109631	8	35	10	31.157
2.617994	2.637879	2.121598	25	31	34	31.150
-2.879793	0.496451	0.593859	148	136	18	31.149
1.047198	1.242974	-2.977882	157	41	37	31.142
-1.570796	2.033014	2.977192	7	45	33	31.134
-0.523599	0.203748	0.590255	162	43	42	31.133
-0.523599	0.992645	-1.723759	159	38	41	31.132
0.523599	2.001437	0.381215	167	11	66	31.132
2.356194	1.214854	-1.966664	158	133	16	31.128
1.308997	1.998705	2.370472	150	35	40	31.127
-0.523599	1.194549	-0.801900	3	39	19	31.125
2.356194	1.506530	1.988858	3	46	35	31.125
2.879793	0.615174	-0.666022	2	31	62	31.125
0.000000	2.984978	1.954446	156	35	27	31.125
-1.832596	1.756530	-2.105156	159	38	53	31.123
-1.308997	2.587733	0.232235	163	130	16	31.113
0.000000	2.881233	-2.582574	7	27	47	31.111
-1.047198	0.709924	0.218797	7	34	53	31.110
2.094395	1.599406	1.426070	162	38	32	31.109
-1.832596	1.374601	-2.456031	12	39	14	31.100
1.570796	1.824694	1.850876	7	40	40	31.097
-2.617994	0.866955	-0.931351	8	41	41	31.095
0.261799	1.812176	0.656819	158	14	65	31.093
-1.047198	2.592629	0.909713	155	134	23	31.092
-2.617994	2.073035	2.027405	15	38	19	31.091
1.308997	2.760637	2.781135	164	131	17	31.090
-1.047198	2.299159	2.264663	156	29	42	31.085
1.047198	1.904882	-1.478089	155	23	60	31.085
-0.785398	2.637879	2.121598	2	46	22	31.084
2.356194	2.108018	1.311430	23	32	36	31.082
0.261799	1.168678	2.108595	9	46	29	31.082
-0.261799	2.001437	0.381215	0	46	31	31.077
0.261799	2.637879	2.121598	154	134	23	31.075
1.047198	0.080730	-2.622036	161	29	43	31.075
2.094395	1.218453	2.777284	8	37	45	31.069
2.879793	2.247462	0.191623	151	133	19	31.065
2.094395	1.982574	-1.115518	6	40	20	31.062
-2.094395	2.180315	-1.357379	13	33	45	31.061
-0.523599	1.113094	-0.272241	3	45	22	31.061
-1.308997	1.872854	1.543456	162	17	60	31.059
1.047198	1.128190	-2.288622	162	42	32	31.053
2.094395	0.992645	-1.723759	11	41	24	31.052
-0.261799	0.571433	-1.188419	6	45	21	31.038
0.261799	2.187132	-0.479875	0	44	33	31.033
0.000000	1.391910	3.030322	23	41	23	31.033
1.308997	1.413347	-1.339188	166	128	13	31.032
2.617994	1.417623	-0.202254	161	35	25	31.031
2.879793	1.367556	0.358405	150	137	167	31.028
-1.832596	0.080730	-2.622036	160	40	36	31.027
-1.308997	1.168678	2.108595	4	32	56	31.027
2.094395	2.760637	2.781135	9	38	43	31.019
-2.356194	1.977582	0.969896	162	37	43	31.018
-1.832596	0.910508	1.903534	11	42	37	31.016
2.356194	2.356369	3.005869	21	44	35	31.009
1.047198	2.760637	2.781135	157	132	17	31.007
-0.785398	2.138223	1.678323	158	13	58	31.006
1.832596	0.419640	2.974122	153	22	60	31.005
2.356194	0.379747	-1.713059	5	39	43	31.002
0.785398	1.413347	-1.339188	149	31	50	30.997
0.523599	0.685216	-1.712745	155	39	34	30.989
2.617994	0.960688	-0.577532	167	38	35	30.984
-0.261799	1.766067	2.153843	154	21	54	30.979
-0.785398	1.824694	1.850876	159	21	58	30.966
-2.356194	1.869911	2.701025	21	38	39	30.959
-1.832596	1.872854	1.543456	162	19	61	30.958
2.094395	1.870545	-2.976234	9	35	39	30.958
-0.261799	0.850607	-1.335383	9	47	27	30.956
-2.617994	2.089241	-0.114193	161	30	59	30.956
-1.308997	1.869911	2.701025	159	36	47	30.950
2.879793	1.736875	3.023612	161	134	26	30.942
-1.570796	1.113094	-0.272241	159	33	36	30.941
0.000000	1.846342	-1.796954	155	30	51	30.940
-2.617994	1.545873	-1.877082	12	35	29	30.934
0.785398	0.370812	-2.547742	159	131	8	30.930
-2.094395	1.766067	2.153843	3	41	23	30.930
-0.261799	2.456751	-1.503343	162	20	61	30.923
1.832596	1.301460	-0.509251	162	38	27	30.923
-2.879793	2.979456	-1.009304	155	132	11	30.919
2.094395	0.640596	-2.797608	9	31	45	30.917
1.047198	1.448123	-2.163292	14	38	9	30.916
2.617994	1.450119	-2.739050	13	46	37	30.910
2.879793	2.664082	-1.071402	166	135	28	30.908
-1.570796	2.979456	-1.009304	151	129	16	30.907
0.523599	1.413430	2.550734	11	45	21	30.907
0.785398	1.555207	1.708892	167	44	35	30.905
-1.047198	0.379747	-1.713059	27	33	17	30.899
0.785398	2.881233	-2.582574	4	47	24	30.889
-2.356194	1.696674	-1.253233	4	43	33	30.880
-0.785398	2.587733	0.232235	9	43	43	30.875
-1.570796	1.488617	1.159546	0	42	47	30.874
-3.141593	2.637879	2.121598	17	38	34	30.874
-1.832596	2.407836	1.410646	14	47	31	30.866
-2.094395	1.977582	0.969896	154	9	58	30.866
1.832596	2.719179	-1.780644	167	46	29	30.865
1.308997	2.174483	2.653697	157	23	59	30.865
2.617994	2.592629	0.909713	163	38	50	30.864
-2.356194	2.063651	-2.044600	164	43	43	30.864
-1.570796	2.863997	0.549740	145	31	43	30.863
1.047198	1.699788	2.452890	156	39	34	30.859
-1.570796	2.587733	0.232235	145	24	52	30.858
2.879793	1.256302	0.062705	157	30	49	30.857
1.570796	1.766067	2.153843	0	40	34	30.848
0.785398	1.617114	-1.572037	5	36	33	30.847
-1.047198	1.050534	3.042579	20	35	31	30.847
-0.523599	1.658653	-2.409879	149	128	13	30.841
1.832596	2.760637	2.781135	163	35	44	30.841
-0.523599	2.984978	1.954446	15	34	30	30.839
2.094395	1.113094	-0.272241	27	33	43	30.836
1.047198	1.948085	-2.363031	160	35	55	30.836
-2.094395	2.187132	-0.479875	158	29	33	30.835
-1.832596	1.569311	-3.003978	15	44	26	30.832
0.785398	1.195355	1.200319	165	35	37	30.829
-0.261799	2.108018	1.311430	1	8	57	30.827
1.570796	2.138223	1.678323	161	127	21	30.824
-0.785398	0.762244	-0.273349	11	28	56	30.824
0.000000	0.866395	-2.492918	167	42	20	30.822
0.523599	1.554776	0.100351	11	28	46	30.821
-0.785398	1.506530	1.988858	0	129	18	30.818
-0.785398	2.404280	-0.174044	5	42	45	30.818
-2.879793	1.766067	2.153843	7	26	55	30.818
-2.879793	1.417623	-0.202254	157	27	54	30.817
0.785398	0.914445	2.687814	167	41	28	30.809
-1.832596	0.370812	-2.547742	159	39	32	30.808
1.308997	0.762244	-0.273349	8	39	34	30.807
1.047198	0.615174	-0.666022	24	33	20	30.807
-2.094395	2.455966	-0.641220	18	34	9	30.806
1.308997	1.574060	2.783565	156	132	20	30.806
1.047198	1.875281	0.107086	149	33	37	30.806
-1.832596	1.014500	0.906702	18	41	38	30.797
-0.261799	1.256302	0.062705	7	31	55	30.792
-2.356194	2.724429	-0.348782	9	35	37	30.786
-1.570796	2.455966	-0.641220	5	37	18	30.786
-1.832596	1.998705	2.370472	9	40	22	30.785
1.308997	2.187132	-0.479875	7	43	22	30.784
-1.047198	1.846342	-1.796954	21	40	35	30.784
2.356194	1.413347	-1.339188	167	40	39	30.783
-1.832596	1.606104	-0.451151	161	36	28	30.780
-1.047198	1.168678	2.108595	156	41	30	30.778
1.832596	2.033014	2.977192	1	131	16	30.773
-3.141593	0.418037	1.360082	159	132	21	30.773
-0.261799	1.184361	0.625864	23	36	16	30.772
0.523599	1.488617	1.159546	6	45	28	30.770
0.000000	1.599406	1.426070	9	41	14	30.768
-1.308997	2.588535	-2.976617	6	45	28	30.767
2.879793	0.379747	-1.713059	16	41	19	30.757
1.570796	0.700570	1.559208	24	21	52	30.756
0.000000	1.135834	-1.431087	166	39	16	30.756
1.570796	0.419640	2.974122	160	130	12	30.756
-0.523599	2.343981	-1.040456	13	44	40	30.755
0.000000	1.506530	1.988858	17	41	15	30.755
0.000000	1.696674	-1.253233	157	39	35	30.755
0.000000	1.128190	-2.288622	17	45	34	30.753
-1.570796	0.850607	-1.335383	0	44	33	30.750
2.879793	2.063651	-2.044600	30	35	35	30.748
0.523599	2.174483	2.653697	166	42	43	30.746
-1.047198	0.290380	-0.796960	14	40	14	30.743
-1.308997	1.870545	-2.976234	163	40	34	30.740
-3.141593	2.396274	-1.959260	142	137	7	30.738
1.047198	1.374601	-2.456031	164	43	35	30.737
-2.356194	0.960688	-0.577532	163	43	34	30.731
-0.523599	1.506530	1.988858	22	36	15	30.726
-2.879793	2.587733	0.232235	166	41	51	30.724
-2.879793	0.080730	-2.622036	24	38	27	30.723
-2.617994	0.899350	-2.069907	137	147	3	30.718
-2.094395	1.218453	2.777284	24	39	36	30.712
-0.523599	0.297065	2.160177	164	40	44	30.711
2.094395	2.456751	-1.503343	4	27	51	30.709
-2.094395	1.413430	2.550734	158	36	30	30.708
-1.832596	1.488617	1.159546	13	45	34	30.703
-2.617994	1.909857	-0.381669	157	23	61	30.703
-0.785398	1.998705	2.370472	163	31	44	30.703
1.308997	0.914445	2.687814	150	135	19	30.700
2.617994	2.033014	2.977192	141	143	18	30.700
-0.785398	1.014500	0.906702	8	44	45	30.697
2.617994	2.478122	2.609777	5	47	29	30.692
-1.308997	1.658653	-2.409879	7	38	13	30.692
1.047198	1.869911	2.701025	157	40	40	30.690
0.523599	2.299159	2.264663	8	34	51	30.689
1.832596	0.910508	1.903534	150	142	30	30.682
1.570796	2.478122	2.609777	20	34	40	30.681
0.785398	2.455966	-0.641220	14	42	22	30.680
0.785398	1.756530	-2.105156	161	36	54	30.675
-2.617994	2.579248	-2.364801	8	34	48	30.673
2.094395	2.407836	1.410646	143	137	17	30.669
2.617994	0.571433	-1.188419	0	38	25	30.666
1.570796	1.256302	0.062705	164	30	48	30.666
2.094395	1.510910	-0.740472	167	37	14	30.662
1.570796	0.899350	-2.069907	2	40	35	30.661
-1.570796	0.418037	1.360082	1	44	39	30.661
-3.141593	1.998705	2.370472	2	34	32	30.657
0.523599	0.571433	-1.188419	146	133	17	30.653
-1.832596	0.831641	0.616218	11	34	47	30.652
-1.570796	2.349581	-2.702517	15	42	23	30.650
-0.523599	1.948085	-2.363031	148	129	6	30.649
-0.523599	2.187132	-0.479875	160	37	54	30.646
-2.879793	2.299159	2.264663	7	34	47	30.645
-2.356194	1.599406	1.426070	3	131	16	30.640
-1.308997	0.914445	2.687814	9	44	36	30.638
0.000000	2.404280	-0.174044	150	30	54	30.630
0.000000	2.664082	-1.071402	156	17	59	30.630
0.000000	1.555207	1.708892	14	41	14	30.630
2.617994	2.356369	3.005869	14	47	34	30.628
-0.785398	1.168678	2.108595	164	31	56	30.625
2.094395	1.948085	-2.363031	152	136	25	30.623
-3.141593	1.510910	-0.740472	154	31	48	30.623
-2.094395	2.760637	2.781135	14	44	33	30.621
-0.523599	1.554776	0.100351	24	37	20	30.616
0.000000	1.545873	-1.877082	155	39	37	30.603
0.523599	1.450119	-2.739050	7	131	13	30.597
1.570796	2.724429	-0.348782	160	40	37	30.596
0.523599	1.836682	-0.676006	158	33	43	30.596
0.523599	2.456751	-1.503343	1	39	16	30.589
0.261799	0.370812	-2.547742	148	136	7	30.587
2.094395	0.906588	1.252948	161	127	23	30.587
-1.308997	1.617114	-1.572037	2	128	16	30.587
2.617994	1.218453	2.777284	158	30	51	30.587
-0.523599	1.301460	-0.509251	6	47	30	30.582
-3.141593	1.242974	-2.977882	147	133	11	30.579
-2.617994	2.063651	-2.044600	3	42	43	30.571
-1.832596	0.640596	-2.797608	7	44	23	30.571
-1.832596	1.247695	1.809890	9	43	37	30.570
-2.617994	1.606104	-0.451151	160	15	63	30.562
-1.570796	1.756530	-2.105156	154	35	53	30.562
-0.261799	2.153910	-1.714959	3	38	32	30.561
2.094395	0.297065	2.160177	154	132	17	30.553
-1.308997	1.301460	-0.509251	24	41	29	30.548
2.879793	2.407836	1.410646	1	33	25	30.546
0.523599	0.591903	2.010408	5	41	16	30.541
-2.094395	0.297065	2.160177	15	47	22	30.540
1.308997	1.869911	2.701025	159	132	22	30.538
1.047198	2.979456	-1.009304	154	21	49	30.537
1.308997	1.050534	3.042579	156	132	13	30.537
-3.141593	1.218453	2.777284	164	129	15	30.536
-0.261799	2.115563	0.685730	4	47	31	30.532
1.832596	2.863997	0.549740	160	26	50	30.525
-2.356194	1.824694	1.850876	9	41	24	30.522
2.617994	1.696674	-1.253233	3	41	29	30.519
0.261799	1.658653	-2.409879	15	43	40	30.516
-2.617994	0.733948	3.021411	3	41	31	30.515
0.261799	2.760637	2.781135	7	34	55	30.514
-2.356194	0.496451	0.593859	159	131	19	30.513
-0.523599	2.979456	-1.009304	161	37	41	30.512
-0.785398	1.736875	3.023612	164	39	31	30.503
2.879793	1.545873	-1.877082	151	135	24	30.497
0.261799	0.297065	2.160177	10	38	11	30.495
-3.141593	1.391910	3.030322	167	130	20	30.494
-1.047198	2.164094	-2.991358	167	43	28	30.490
-0.785398	1.875281	0.107086	11	46	31	30.484
-2.356194	1.413430	2.550734	14	39	22	30.475
0.523599	1.904882	-1.478089	11	34	38	30.475
-0.785398	1.310100	1.488307	164	45	39	30.474
-1.047198	1.982574	-1.115518	5	31	58	30.472
0.000000	1.050534	3.042579	25	39	20	30.470
-2.094395	2.588535	-2.976617	18	38	26	30.469
1.832596	1.045978	0.343692	166	41	37	30.465
-0.523599	0.899350	-2.069907	25	40	30	30.465
-1.570796	0.960688	-0.577532	28	35	24	30.463
-0.785398	1.391910	3.030322	164	39	30	30.456
-2.094395	1.606104	-0.451151	6	40	12	30.453
0.523599	1.812176	0.656819	13	25	53	30.453
0.785398	0.674054	1.013609	163	37	49	30.450
-2.356194	1.374601	-2.456031	19	35	14	30.448
0.000000	2.704512	1.488683	163	133	23	30.447
2.879793	2.881233	-2.582574	4	34	30	30.446
-3.141593	1.168678	2.108595	156	130	12	30.445
0.785398	1.824694	1.850876	157	39	29	30.445
2.617994	0.080730	-2.622036	15	47	21	30.443
-1.308997	1.335669	0.897240	164	39	52	30.440
2.094395	1.554776	0.100351	153	36	42	30.439
2.617994	1.128190	-2.288622	10	41	25	30.438
-2.356194	2.478122	2.609777	13	38	21	30.438
-2.356194	2.073035	2.027405	10	40	20	30.437
-0.785398	1.756530	-2.105156	163	30	55	30.429
-0.261799	1.809167	1.213774	12	45	19	30.427
2.617994	2.881233	-2.582574	10	35	31	30.424
0.000000	2.456751	-1.503343	1	35	31	30.421
-0.261799	1.599406	1.426070	14	41	14	30.421
0.523599	0.864993	2.278281	163	33	43	30.418
1.832596	1.335669	0.897240	16	40	16	30.417
0.261799	2.579248	-2.364801	6	30	44	30.415
-2.094395	2.664082	-1.071402	11	39	21	30.413
1.832596	2.108018	1.311430	157	30	47	30.405
-2.617994	2.104282	-0.813972	148	20	55	30.402
-2.617994	2.478122	2.609777	16	36	21	30.400
0.785398	1.025536	1.576859	1	43	22	30.397
0.000000	2.637879	2.121598	5	39	50	30.395
-2.356194	2.760637	2.781135	144	25	39	30.394
0.261799	1.662363	0.915448	150	17	61	30.394
1.047198	1.301460	-0.509251	20	39	19	30.394
1.047198	2.393226	1.857173	149	36	43	30.393
-3.141593	2.404280	-0.174044	162	39	37	30.392
-2.617994	2.984978	1.954446	165	41	43	30.392
2.617994	2.115563	0.685730	167	37	38	30.388
-1.047198	0.906588	1.252948	8	48	39	30.387
0.000000	1.256302	0.062705	160	39	20	30.387
0.000000	1.045978	0.343692	162	38	17	30.386
2.617994	2.138223	1.678323	10	34	27	30.381
0.261799	2.456751	-1.503343	164	33	34	30.380
2.356194	2.180315	-1.357379	1	23	53	30.379
0.523599	0.370812	-2.547742	1	31	47	30.379
2.879793	2.356369	3.005869	158	25	56	30.379
1.047198	0.418037	1.360082	160	35	35	30.378
0.000000	2.187132	-0.479875	151	31	54	30.378
0.261799	0.906588	1.252948	1	33	55	30.376
-2.879793	0.960688	-0.577532	9	41	34	30.372
-2.094395	2.979456	-1.009304	7	35	27	30.371
-0.261799	1.574060	2.783565	26	38	23	30.370
2.094395	1.135834	-1.431087	7	42	26	30.369
-1.832596	1.766067	2.153843	9	42	26	30.368
1.308997	2.063651	-2.044600	158	28	60	30.364
1.570796	1.555207	1.708892	156	36	33	30.364
-0.261799	1.135834	-1.431087	10	46	35	30.362
1.832596	1.256302	0.062705	159	40	40	30.359
-0.785398	2.174483	2.653697	164	34	32	30.357
0.000000	0.591903	2.010408	16	40	16	30.356
1.570796	2.089241	-0.114193	14	32	50	30.355
-1.047198	0.762244	-0.273349	3	40	28	30.353
0.785398	1.872854	1.543456	161	39	21	30.351
2.617994	1.413430	2.550734	150	135	19	30.347
-0.523599	1.736875	3.023612	160	35	31	30.346
1.047198	2.247462	0.191623	1	138	27	30.345
-0.785398	2.247462	0.191623	11	45	38	30.343
0.785398	0.458961	-0.107937	155	42	46	30.343
-3.141593	1.135813	-2.658866	150	131	13	30.342
1.832596	1.128190	-2.288622	1	35	34	30.340
0.523599	2.979456	-1.009304	9	45	27	30.337
-1.570796	2.592629	0.909713	167	43	34	30.337
-1.308997	2.396274	-1.959260	3	131	9	30.334
-1.832596	1.555207	1.708892	6	42	37	30.334
-1.047198	2.063651	-2.044600	8	38	33	30.334
-0.261799	1.168678	2.108595	156	28	56	30.334
2.617994	1.599406	1.426070	9	28	52	30.331
-0.523599	1.413430	2.550734	160	34	12	30.331
-2.094395	1.256302	0.062705	153	132	14	30.327
0.523599	0.619654	-2.216909	2	45	22	30.321
-0.261799	1.846342	-1.796954	4	31	60	30.320
-3.141593	2.984978	1.954446	14	40	28	30.320
-1.832596	2.174483	2.653697	140	144	21	30.319
0.000000	2.379497	0.561089	0	42	36	30.313
2.356194	1.948085	-2.363031	157	134	26	30.306
-0.261799	1.194549	-0.801900	7	46	33	30.304
-0.785398	0.591903	2.010408	8	136	29	30.301
2.356194	1.696674	-1.253233	3	40	21	30.298
-2.879793	2.089241	-0.114193	167	130	15	30.296
1.832596	1.134497	-1.109631	13	34	10	30.295
1.047198	0.700570	1.559208	166	39	15	30.292
-1.832596	2.587733	0.232235	10	36	33	30.285
-2.879793	2.592629	0.909713	11	40	24	30.284
-3.141593	1.699788	2.452890	160	133	27	30.283
1.047198	1.367556	0.358405	157	21	64	30.281
1.570796	2.704512	1.488683	163	38	33	30.281
0.000000	2.063651	-2.044600	4	27	62	30.279
-2.356194	1.194549	-0.801900	167	42	33	30.278
1.308997	2.478122	2.609777	166	131	20	30.276
0.785398	1.870545	-2.976234	163	42	44	30.275
-2.617994	2.881233	-2.582574	4	37	46	30.273
2.617994	0.929350	-2.910676	166	15	64	30.271
-2.356194	1.732874	-0.951685	148	132	22	30.271
-2.356194	2.356369	3.005869	13	35	17	30.271
1.570796	1.113094	-0.272241	0	40	33	30.262
0.261799	1.904882	-1.478089	159	30	60	30.257
2.356194	0.203748	0.590255	16	44	34	30.256
-2.879793	2.724429	-0.348782	164	137	22	30.255
2.094395	2.984978	1.954446	166	26	61	30.253
-2.617994	1.413430	2.550734	9	41	22	30.251
-0.523599	2.407836	1.410646	158	137	28	30.250
-0.523599	1.555207	1.708892	164	20	62	30.247
2.094395	1.168678	2.108595	162	138	31	30.244
1.570796	1.869911	2.701025	164	132	22	30.244
-0.261799	0.899350	-2.069907	20	44	29	30.238
0.523599	1.875281	0.107086	4	17	66	30.230
2.356194	1.569311	-3.003978	152	135	23	30.224
2.094395	1.050534	3.042579	25	33	21	30.219
1.832596	1.113094	-0.272241	4	44	25	30.214
0.261799	1.025536	1.576859	3	34	37	30.213
-1.832596	1.325504	-1.671296	160	40	49	30.211
0.523599	2.104282	-0.813972	154	23	59	30.205
-2.094395	1.195355	1.200319	20	41	32	30.203
-2.617994	1.113094	-0.272241	165	41	27	30.202
-1.047198	2.760637	2.781135	161	18	55	30.202
-1.308997	1.599406	1.426070	0	15	62	30.202
-0.261799	1.413347	-1.339188	8	45	41	30.199
-0.785398	1.194549	-0.801900	14	46	32	30.198
-0.785398	2.407836	1.410646	146	32	50	30.191
1.570796	2.637879	2.121598	6	40	38	30.185
1.832596	1.195355	1.200319	164	28	48	30.183
-2.879793	2.456751	-1.503343	166	29	40	30.179
0.261799	1.135813	-2.658866	16	45	26	30.177
-0.785398	1.440580	2.260026	1	35	45	30.176
-1.570796	2.174483	2.653697	4	43	39	30.176
0.000000	0.850607	-1.335383	6	46	28	30.172
2.879793	0.685216	-1.712745	15	37	13	30.171
-0.261799	1.510910	-0.740472	10	43	19	30.170
0.785398	1.846342	-1.796954	160	31	59	30.170
-0.523599	0.674054	1.013609	2	48	38	30.167
0.000000	0.906588	1.252948	153	35	39	30.166
-0.261799	1.554776	0.100351	166	44	25	30.165
0.000000	0.700570	1.559208	166	35	52	30.163
-2.617994	2.247462	0.191623	2	131	19	30.161
-1.570796	1.824694	1.850876	163	25	60	30.160
-3.141593	0.762244	-0.273349	148	133	25	30.160
0.261799	1.218453	2.777284	15	41	16	30.159
-1.308997	2.174483	2.653697	166	41	39	30.159
-3.141593	2.063651	-2.044600	25	40	36	30.158
-0.523599	2.164094	-2.991358	18	33	35	30.152
-2.356194	2.089241	-0.114193	158	28	59	30.150
-2.617994	2.719179	-1.780644	18	43	21	30.146
1.308997	2.001437	0.381215	156	34	31	30.144
-1.308997	1.699788	2.452890	151	133	24	30.141
2.356194	2.592629	0.909713	9	41	34	30.141
-2.356194	1.812176	0.656819	6	31	60	30.141
-2.617994	2.295480	1.008277	0	41	37	30.139
-1.832596	1.256302	0.062705	159	131	15	30.138
1.832596	0.899350	-2.069907	157	27	44	30.137
-2.356194	1.809167	1.213774	3	131	18	30.136
-2.094395	1.554776	0.100351	157	26	54	30.136
1.047198	1.134497	-1.109631	143	24	45	30.135
-2.617994	2.637879	2.121598	12	39	23	30.135
-3.141593	2.356369	3.005869	156	22	57	30.133
-2.356194	1.998705	2.370472	10	37	17	30.129
0.000000	0.297065	2.160177	15	36	11	30.128
-2.094395	2.033014	2.977192	19	42	33	30.126
1.832596	2.073035	2.027405	17	46	28	30.126
0.261799	1.741644	-2.695914	7	39	48	30.126
0.523599	1.134497	-1.109631	150	36	44	30.125
1.047198	1.195355	1.200319	3	37	15	30.117
-2.094395	2.587733	0.232235	153	35	51	30.113
2.094395	2.033014	2.977192	6	36	33	30.113
2.094395	1.741644	-2.695914	149	137	24	30.111
-2.356194	2.664082	-1.071402	23	37	14	30.108
0.523599	2.379497	0.561089	146	29	45	30.108
-0.523599	1.909857	-0.381669	3	44	40	30.106
0.261799	1.721184	-0.153948	4	44	23	30.104
0.000000	1.510910	-0.740472	163	42	38	30.103
1.047198	1.846342	-1.796954	157	29	59	30.102
1.047198	0.379747	-1.713059	9	39	40	30.100
-2.094395	2.704512	1.488683	148	27	50	30.100
-2.094395	2.299159	2.264663	166	36	52	30.098
-1.047198	1.569311	-3.003978	166	42	25	30.093
1.570796	1.506530	1.988858	167	41	29	30.093
1.308997	1.904882	-1.478089	153	20	60	30.092
0.785398	1.488617	1.159546	3	25	61	30.092
0.523599	1.168678	2.108595	2	45	30	30.087
-1.832596	1.977582	0.969896	0	41	50	30.085
2.356194	1.325504	-1.671296	8	42	30	30.080
0.523599	1.824694	1.850876	2	45	21	30.077
-1.570796	0.203748	0.590255	16	34	46	30.077
-0.523599	2.153910	-1.714959	166	38	50	30.075
2.879793	0.992645	-1.723759	13	43	43	30.075
-3.141593	0.640596	-2.797608	11	41	23	30.074
-0.785398	2.153910	-1.714959	14	43	40	30.073
1.047198	2.063651	-2.044600	162	30	60	30.070
-1.308997	0.203748	0.590255	12	36	47	30.070
-2.879793	1.869911	2.701025	19	37	26	30.068
1.832596	2.393226	1.857173	152	28	50	30.068
-1.570796	1.875281	0.107086	167	31	44	30.067
1.832596	1.555207	1.708892	12	47	28	30.066
1.308997	1.756530	-2.105156	2	133	26	30.061
1.832596	1.554776	0.100351	8	41	30	30.061
-1.832596	1.617114	-1.572037	156	128	15	30.060
0.261799	1.374601	-2.456031	153	36	41	30.060
2.879793	1.440580	2.260026	152	133	19	30.054
-0.523599	1.014500	0.906702	2	43	45	30.053
-1.047198	1.195355	1.200319	16	35	9	30.051
0.785398	2.478122	2.609777	153	133	21	30.049
0.523599	2.704512	1.488683	139	138	15	30.046
-0.785398	2.393226	1.857173	153	14	55	30.045
-1.570796	2.063651	-2.044600	15	32	13	30.045
1.570796	2.719179	-1.780644	153	41	38	30.045
-1.047198	1.504028	0.636812	0	138	24	30.044
0.785398	0.203748	0.590255	166	140	33	30.043
2.094395	0.733948	3.021411	15	38	48	30.042
-0.785398	1.809167	1.213774	4	36	34	30.042
0.000000	2.863997	0.549740	149	132	19	30.041
-2.094395	2.579248	-2.364801	25	30	21	30.036
2.356194	0.960688	-0.577532	163	28	56	30.036
2.094395	0.866955	-0.931351	10	39	16	30.034
-0.261799	0.290380	-0.796960	3	40	14	30.031
-1.832596	2.984978	1.954446	157	36	34	30.030
2.356194	0.733948	3.021411	9	33	40	30.027
-2.617994	1.195355	1.200319	164	24	56	30.026
0.785398	2.104282	-0.813972	152	20	59	30.026
0.261799	1.256302	0.062705	8	39	14	30.021
1.570796	0.929350	-2.910676	24	31	48	30.019
2.617994	1.135834	-1.431087	162	38	41	30.018
2.356194	1.998705	2.370472	8	47	35	30.017
1.832596	1.809167	1.213774	155	30	43	30.013
0.785398	0.591903	2.010408	162	30	44	30.012
1.570796	0.709924	0.218797	1	44	33	30.010
-2.094395	2.108018	1.311430	155	17	60	30.010
-1.047198	2.180315	-1.357379	2	130	19	30.003
2.617994	0.850607	-1.335383	142	26	43	30.001
2.094395	1.488617	1.159546	161	25	59	29.999
-2.094395	2.174483	2.653697	15	42	39	29.994
-0.261799	0.685216	-1.712745	14	46	25	29.994
-2.617994	1.374601	-2.456031	2	29	60	29.992
0.261799	1.504028	0.636812	156	22	63	29.987
-2.356194	0.297065	2.160177	151	134	25	29.984
-2.879793	2.247462	0.191623	163	130	19	29.982
0.785398	1.948085	-2.363031	165	37	55	29.982
0.261799	1.683268	0.374177	164	19	66	29.979
2.879793	0.709924	0.218797	153	131	26	29.976
-1.047198	1.599406	1.426070	159	42	50	29.974
-0.785398	1.413347	-1.339188	10	37	51	29.974
2.879793	2.164094	-2.991358	165	140	33	29.967
2.617994	1.721184	-0.153948	22	45	27	29.966
-0.785398	0.619654	-2.216909	3	37	22	29.962
2.094395	0.080730	-2.622036	6	33	50	29.956
-1.047198	1.256302	0.062705	159	138	22	29.953
-2.094395	0.379747	-1.713059	161	34	19	29.951
-0.523599	2.180315	-1.357379	10	45	38	29.950
0.000000	1.824694	1.850876	159	15	58	29.944
-1.308997	1.367556	0.358405	7	35	49	29.944
-0.523599	0.418037	1.360082	6	132	23	29.942
0.000000	0.458961	-0.107937	167	40	51	29.935
-2.617994	1.417623	-0.202254	154	25	54	29.932
2.094395	0.458961	-0.107937	156	39	36	29.932
1.832596	2.349581	-2.702517	17	32	25	29.931
1.047198	0.929350	-2.910676	154	133	8	29.930
-1.832596	0.419640	2.974122	17	43	29	29.924
-2.879793	2.704512	1.488683	161	37	50	29.919
2.356194	1.448123	-2.163292	13	40	21	29.916
2.356194	1.741644	-2.695914	154	134	23	29.909
2.356194	1.756530	-2.105156	156	25	47	29.909
0.785398	1.836682	-0.676006	156	35	26	29.905
-3.141593	1.662363	0.915448	152	132	12	29.901
1.832596	1.824694	1.850876	1	41	41	29.901
-0.261799	1.555207	1.708892	163	20	62	29.899
-1.047198	1.184361	0.625864	4	139	25	29.897
-3.141593	1.696674	-1.253233	145	20	50	29.891
-1.832596	2.108018	1.311430	155	15	59	29.891
-1.570796	1.184361	0.625864	13	39	44	29.885
-1.570796	2.108018	1.311430	156	12	59	29.884
-2.879793	1.504028	0.636812	0	32	53	29.878
-1.047198	1.025536	1.576859	1	49	34	29.874
-1.308997	2.637879	2.121598	147	26	49	29.873
1.047198	0.960688	-0.577532	24	37	19	29.872
2.094395	2.343981	-1.040456	13	40	22	29.868
-1.047198	1.413430	2.550734	161	134	30	29.863
-2.356194	0.733948	3.021411	27	37	30	29.856
0.523599	2.349581	-2.702517	11	42	13	29.848
0.785398	0.290380	-0.796960	159	129	18	29.847
0.785398	2.180315	-1.357379	14	42	37	29.842
-0.523599	2.115563	0.685730	167	42	43	29.833
-0.785398	2.579248	-2.364801	167	32	40	29.832
-1.832596	1.875281	0.107086	2	31	47	29.828
-0.523599	0.615174	-0.666022	4	44	18	29.825
1.308997	1.504028	0.636812	21	30	10	29.825
1.047198	1.836682	-0.676006	13	41	17	29.824
1.570796	1.247695	1.809890	18	45	34	29.824
-2.879793	1.413430	2.550734	167	130	20	29.821
2.356194	1.599406	1.426070	20	37	35	29.819
0.261799	1.766067	2.153843	153	13	54	29.816
2.356194	2.664082	-1.071402	149	37	47	29.816
2.617994	2.407836	1.410646	13	37	40	29.815
-0.523599	2.073035	2.027405	155	17	55	29.814
-2.617994	0.290380	-0.796960	148	130	10	29.813
-2.879793	1.683268	0.374177	7	21	65	29.805
-1.308997	0.850607	-1.335383	160	24	55	29.805
-0.261799	2.295480	1.008277	164	41	44	29.801
1.832596	2.407836	1.410646	6	131	25	29.799
1.308997	1.391910	3.030322	155	131	14	29.798
2.879793	1.417623	-0.202254	1	130	14	29.798
-1.308997	1.242974	-2.977882	160	39	33	29.793
0.261799	0.615174	-0.666022	16	41	44	29.792
-2.879793	1.135813	-2.658866	8	40	18	29.783
-1.308997	1.846342	-1.796954	149	35	45	29.781
-3.141593	0.899350	-2.069907	162	39	31	29.774
-1.570796	0.929350	-2.910676	31	27	23	29.773
-1.570796	0.762244	-0.273349	22	37	16	29.768
2.879793	1.247695	1.809890	2	14	57	29.767
0.523599	2.187132	-0.479875	151	22	57	29.767
-0.523599	0.700570	1.559208	7	132	21	29.765
2.617994	2.174483	2.653697	6	47	35	29.764
1.047198	0.906588	1.252948	166	39	17	29.762
-1.832596	1.417623	-0.202254	165	34	9	29.757
1.570796	1.554776	0.100351	166	41	42	29.756
-1.570796	0.674054	1.013609	4	40	45	29.750
-2.094395	1.247695	1.809890	161	38	36	29.748
2.879793	2.251330	-2.330739	27	40	35	29.748
0.523599	0.960688	-0.577532	9	41	51	29.747
-2.094395	0.709924	0.218797	166	37	38	29.744
2.879793	1.948085	-2.363031	25	38	42	29.740
-2.617994	2.299159	2.264663	2	35	47	29.733
-2.617994	2.356369	3.005869	17	33	18	29.732
0.261799	1.824694	1.850876	9	45	21	29.727
1.308997	0.960688	-0.577532	19	39	19	29.727
0.261799	1.872854	1.543456	4	45	21	29.726
-3.141593	0.850607	-1.335383	163	129	10	29.726
0.785398	2.089241	-0.114193	161	41	32	29.723
-2.094395	1.599406	1.426070	163	34	53	29.712
-2.879793	1.391910	3.030322	157	23	60	29.708
0.000000	2.396274	-1.959260	20	35	29	29.708
2.094395	2.180315	-1.357379	2	23	53	29.706
-1.308997	1.824694	1.850876	161	24	60	29.704
-2.617994	1.875281	0.107086	3	131	10	29.703
-1.047198	2.456751	-1.503343	159	38	24	29.701
1.832596	0.733948	3.021411	163	27	55	29.698
-1.047198	1.662363	0.915448	10	39	23	29.696
-2.879793	2.295480	1.008277	1	40	31	29.696
0.785398	1.134796	2.434290	4	43	29	29.696
-2.617994	1.599406	1.426070	165	130	16	29.695
0.785398	1.184361	0.625864	7	35	51	29.694
-1.047198	0.960688	-0.577532	18	44	24	29.693
-3.141593	1.870545	-2.976234	1	136	28	29.693
2.094395	0.831641	0.616218	149	135	28	29.693
0.785398	1.696674	-1.253233	152	29	54	29.691
2.617994	2.455966	-0.641220	7	41	24	29.691
-0.261799	0.379747	-1.713059	166	30	44	29.691
-0.785398	1.050534	3.042579	15	38	35	29.686
-1.047198	0.458961	-0.107937	16	29	52	29.684
2.356194	2.478122	2.609777	12	47	29	29.683
-0.261799	1.909857	-0.381669	15	45	27	29.682
2.094395	1.683268	0.374177	3	40	35	29.681
-0.523599	1.448123	-2.163292	0	38	44	29.677
-2.617994	1.450119	-2.739050	27	32	20	29.669
-2.617994	2.592629	0.909713	147	24	49	29.668
0.000000	0.571433	-1.188419	3	45	22	29.667
-2.617994	2.407836	1.410646	11	40	23	29.667
-0.261799	2.455966	-0.641220	11	43	40	29.667
2.356194	2.174483	2.653697	5	39	24	29.665
2.094395	0.762244	-0.273349	159	40	34	29.661
0.261799	2.393226	1.857173	163	41	44	29.658
0.523599	1.014500	0.906702	5	33	54	29.645
0.000000	0.290380	-0.796960	167	38	14	29.638
-3.141593	1.606104	-0.451151	157	32	50	29.631
0.785398	0.496451	0.593859	2	136	29	29.631
1.832596	2.001437	0.381215	10	41	34	29.630
1.047198	1.982574	-1.115518	153	20	59	29.626
1.832596	2.247462	0.191623	4	44	34	29.625
-2.879793	1.606104	-0.451151	153	29	49	29.624
2.617994	2.984978	1.954446	23	35	29	29.623
-2.617994	0.640596	-2.797608	24	37	24	29.621
1.570796	2.404280	-0.174044	5	44	29	29.621
1.570796	2.984978	1.954446	5	39	37	29.621
-1.308997	2.724429	-0.348782	20	38	32	29.620
1.570796	1.510910	-0.740472	7	39	15	29.619
-1.047198	1.658653	-2.409879	10	38	35	29.617
1.308997	0.619654	-2.216909	158	36	20	29.615
-0.523599	0.960688	-0.577532	6	46	23	29.613
0.261799	0.992645	-1.723759	5	46	31	29.610
0.523599	2.343981	-1.040456	11	40	16	29.609
-0.261799	1.448123	-2.163292	19	41	43	29.606
0.785398	2.984978	1.954446	3	132	18	29.600
-0.785398	1.325504	-1.671296	163	132	11	29.598
-3.141593	2.979456	-1.009304	150	134	11	29.598
-3.141593	1.310100	1.488307	152	132	10	29.591
-0.261799	1.545873	-1.877082	161	38	43	29.587
-2.617994	1.025536	1.576859	162	42	32	29.587
-3.141593	1.948085	-2.363031	19	41	43	29.585
1.308997	1.335669	0.897240	158	36	21	29.583
0.261799	0.910508	1.903534	11	44	22	29.582
-1.308997	1.256302	0.062705	2	25	61	29.581
0.000000	1.872854	1.543456	20	41	38	29.580
-2.617994	0.418037	1.360082	167	38	47	29.579
-0.261799	0.700570	1.559208	23	35	16	29.575
-1.570796	1.025536	1.576859	165	44	35	29.573
1.047198	1.310100	1.488307	2	40	21	29.573
-1.832596	2.063651	-2.044600	18	30	13	29.573
-0.261799	1.699788	2.452890	23	40	22	29.573
-0.785398	1.417623	-0.202254	11	47	27	29.572
1.308997	2.073035	2.027405	26	40	31	29.569
