160	1.2	1
-2.094395	2.404280	-0.174044
0.000000	0.000000	0.000000
2hym.pdb	2.149	6.945	3.046
model.B99990004.pdb	-3.522	-11.075	-27.844
1.308997	1.433411	-1.035986	1	79	5	0.072
2.879793	1.440580	2.260026	1	79	4	0.071
-3.141593	1.909857	-0.381669	8	78	0	0.069
2.094395	2.478122	2.609777	2	80	4	0.069
2.356194	1.417623	-0.202254	8	79	1	0.068
2.356194	2.592629	0.909713	6	78	159	0.068
-1.308997	2.247462	0.191623	1	79	10	0.067
0.000000	1.135813	-2.658866	3	80	5	0.067
-1.308997	0.899350	-2.069907	6	78	159	0.065
-0.523599	1.335669	0.897240	6	78	4	0.064
1.047198	1.617114	-1.572037	154	99	2	0.064
1.308997	1.736875	3.023612	6	80	1	0.064
2.617994	1.732874	-0.951685	9	100	1	0.063
2.617994	2.001437	0.381215	5	100	158	0.063
0.523599	1.450119	-2.739050	6	90	4	0.062
-0.785398	2.404280	-0.174044	156	90	10	0.062
-0.523599	2.404280	-0.174044	6	84	158	0.062
2.879793	2.404280	-0.174044	5	88	4	0.062
-1.832596	2.115563	0.685730	9	89	1	0.062
-1.570796	2.115563	0.685730	3	84	159	0.062
2.356194	2.115563	0.685730	9	84	0	0.062
-1.308997	1.756530	-2.105156	11	84	158	0.062
-0.785398	1.756530	-2.105156	9	89	158	0.062
1.832596	0.458961	-0.107937	159	84	2	0.062
-2.617994	1.599406	1.426070	2	85	159	0.062
-2.094395	1.599406	1.426070	5	82	154	0.062
-1.308997	1.599406	1.426070	158	85	154	0.062
-0.523599	1.599406	1.426070	153	83	3	0.062
2.617994	1.599406	1.426070	159	85	1	0.062
-1.047198	1.554776	0.100351	157	90	8	0.062
1.832596	1.554776	0.100351	156	85	3	0.062
2.094395	1.554776	0.100351	2	83	8	0.062
-2.617994	0.618092	2.539118	157	86	8	0.062
-0.261799	0.618092	2.539118	154	85	1	0.062
2.617994	0.618092	2.539118	4	88	2	0.062
-1.308997	1.846342	-1.796954	4	88	1	0.062
-2.879793	2.393226	1.857173	6	89	7	0.062
2.094395	1.569311	-3.003978	159	82	157	0.062
1.832596	1.574060	2.783565	158	85	4	0.062
-2.617994	2.587733	0.232235	0	88	8	0.062
-1.832596	2.587733	0.232235	7	90	4	0.062
-0.785398	2.587733	0.232235	154	85	6	0.062
-0.261799	1.413430	2.550734	4	90	4	0.062
0.785398	1.413430	2.550734	158	89	8	0.062
2.356194	1.413430	2.550734	4	85	0	0.062
-1.832596	1.417623	-0.202254	159	85	158	0.062
2.879793	1.417623	-0.202254	9	90	159	0.062
-2.356194	0.850607	-1.335383	156	89	159	0.062
-1.832596	0.850607	-1.335383	156	89	2	0.062
-1.308997	0.850607	-1.335383	154	82	159	0.062
-0.785398	0.370812	-2.547742	0	79	1	0.062
-1.047198	0.640596	-2.797608	159	90	2	0.062
-0.785398	0.640596	-2.797608	156	82	4	0.062
0.000000	0.640596	-2.797608	154	86	3	0.062
0.523599	0.640596	-2.797608	0	88	5	0.062
2.094395	0.640596	-2.797608	159	87	159	0.062
-2.094395	2.979456	-1.009304	9	88	159	0.062
-0.523599	2.979456	-1.009304	6	89	3	0.062
1.308997	2.979456	-1.009304	2	90	6	0.062
-1.308997	0.831641	0.616218	6	90	157	0.062
-1.047198	0.831641	0.616218	0	84	157	0.062
1.047198	0.831641	0.616218	1	84	157	0.062
1.047198	2.343981	-1.040456	5	83	4	0.062
1.832596	2.343981	-1.040456	157	90	1	0.062
-3.141593	1.998705	2.370472	2	88	6	0.062
-2.879793	1.998705	2.370472	6	88	1	0.062
-1.570796	1.413347	-1.339188	0	88	2	0.062
1.308997	1.413347	-1.339188	154	85	7	0.062
2.094395	1.413347	-1.339188	5	88	2	0.062
-2.356194	0.674054	1.013609	3	88	158	0.062
-1.308997	0.674054	1.013609	3	82	1	0.062
-0.785398	0.906588	1.252948	7	83	1	0.062
-0.261799	0.906588	1.252948	0	87	6	0.062
-2.879793	1.335669	0.897240	159	82	0	0.062
2.879793	1.335669	0.897240	158	84	9	0.062
0.523599	1.870545	-2.976234	3	89	4	0.062
1.832596	1.870545	-2.976234	7	90	0	0.062
-2.356194	2.164094	-2.991358	6	89	9	0.062
1.832596	2.164094	-2.991358	3	87	2	0.062
2.879793	2.164094	-2.991358	159	89	3	0.062
-2.617994	0.379747	-1.713059	7	82	155	0.062
-1.570796	0.379747	-1.713059	1	85	3	0.062
-3.141593	2.187132	-0.479875	159	86	3	0.062
1.832596	2.187132	-0.479875	153	88	6	0.062
2.356194	2.187132	-0.479875	9	85	158	0.062
-3.141593	0.866955	-0.931351	9	88	1	0.062
-2.879793	0.866955	-0.931351	0	84	159	0.062
1.308997	2.299159	2.264663	158	88	0	0.062
-1.832596	1.812176	0.656819	1	84	0	0.062
-1.570796	1.812176	0.656819	5	78	5	0.062
0.785398	2.396274	-1.959260	0	90	3	0.062
-3.141593	0.866395	-2.492918	5	88	156	0.062
1.308997	1.617114	-1.572037	159	90	158	0.062
-2.879793	0.864993	2.278281	0	84	155	0.062
-2.356194	0.864993	2.278281	13	89	2	0.062
-2.094395	0.864993	2.278281	2	85	2	0.062
0.261799	0.864993	2.278281	159	84	8	0.062
-3.141593	1.014500	0.906702	5	89	3	0.062
2.617994	2.247462	0.191623	6	88	153	0.062
-2.094395	1.504028	0.636812	1	85	155	0.062
-1.832596	1.504028	0.636812	13	90	157	0.062
2.094395	1.741644	-2.695914	5	81	2	0.062
-2.879793	2.174483	2.653697	3	85	2	0.062
1.832596	2.174483	2.653697	0	84	9	0.062
1.308997	2.664082	-1.071402	158	82	2	0.062
-2.356194	2.579248	-2.364801	7	90	3	0.062
-1.047198	0.899350	-2.069907	13	89	159	0.062
-0.523599	0.899350	-2.069907	0	85	9	0.062
2.094395	0.899350	-2.069907	0	88	3	0.062
0.785398	2.984978	1.954446	3	90	0	0.062
1.308997	2.984978	1.954446	1	82	3	0.062
1.832596	2.984978	1.954446	158	84	159	0.062
-3.141593	1.766067	2.153843	2	88	0	0.062
-1.570796	1.766067	2.153843	9	90	2	0.062
0.000000	1.766067	2.153843	159	90	2	0.062
0.261799	1.766067	2.153843	2	85	5	0.062
0.523599	1.766067	2.153843	157	88	7	0.062
-2.356194	1.135834	-1.431087	2	84	1	0.062
1.047198	1.135834	-1.431087	155	84	3	0.062
1.308997	1.135834	-1.431087	155	88	6	0.062
1.570796	1.135834	-1.431087	155	84	4	0.062
-1.832596	1.909857	-0.381669	8	84	0	0.062
0.785398	1.909857	-0.381669	1	89	0	0.062
-2.094395	1.195355	1.200319	0	89	2	0.062
-2.617994	1.310100	1.488307	4	85	156	0.062
-2.094395	1.310100	1.488307	8	89	3	0.062
-1.570796	1.310100	1.488307	7	88	9	0.062
-1.047198	2.153910	-1.714959	9	84	0	0.062
-0.261799	2.153910	-1.714959	5	87	156	0.062
0.000000	2.153910	-1.714959	5	90	2	0.062
1.308997	2.153910	-1.714959	0	87	3	0.062
-0.785398	1.134497	-1.109631	7	90	4	0.062
2.879793	0.961715	0.014085	7	89	159	0.062
-3.141593	1.440580	2.260026	6	84	159	0.062
-2.617994	1.440580	2.260026	5	83	0	0.062
-2.094395	1.440580	2.260026	4	90	12	0.062
-1.047198	2.863997	0.549740	4	84	2	0.062
0.000000	2.863997	0.549740	0	89	158	0.062
-1.047198	2.041297	-2.664597	8	90	0	0.062
1.047198	2.041297	-2.664597	159	84	4	0.062
-3.141593	1.045978	0.343692	7	88	156	0.062
-2.879793	0.290380	-0.796960	158	85	2	0.062
-2.356194	0.290380	-0.796960	8	89	5	0.062
1.570796	0.290380	-0.796960	6	84	158	0.062
-1.308997	1.545873	-1.877082	9	87	7	0.062
-0.785398	1.545873	-1.877082	158	85	0	0.062
-0.523599	1.545873	-1.877082	6	84	2	0.062
-1.047198	1.836682	-0.676006	1	88	0	0.062
1.047198	1.836682	-0.676006	2	85	5	0.062
1.832596	1.836682	-0.676006	152	84	7	0.062
-2.094395	1.948085	-2.363031	6	90	4	0.062
0.785398	1.948085	-2.363031	156	89	3	0.062
-2.617994	1.736875	3.023612	2	87	8	0.062
-0.785398	1.736875	3.023612	4	85	2	0.062
2.094395	1.736875	3.023612	7	89	12	0.062
1.832596	2.760637	2.781135	4	89	7	0.062
2.094395	2.760637	2.781135	159	86	4	0.062
2.356194	2.760637	2.781135	2	85	2	0.062
-3.141593	1.256302	0.062705	10	88	1	0.062
-2.094395	1.256302	0.062705	9	85	158	0.062
1.570796	1.256302	0.062705	154	84	8	0.062
1.832596	1.113094	-0.272241	8	85	1	0.062
0.523599	2.407836	1.410646	1	84	5	0.062
-1.570796	2.089241	-0.114193	0	82	0	0.062
-1.308997	2.089241	-0.114193	4	84	1	0.062
-0.785398	2.089241	-0.114193	3	87	2	0.062
1.832596	2.089241	-0.114193	2	90	8	0.062
-0.785398	0.619654	-2.216909	6	89	4	0.062
0.523599	0.619654	-2.216909	3	85	156	0.062
-2.094395	2.456751	-1.503343	4	85	7	0.062
-1.570796	2.456751	-1.503343	156	89	6	0.062
-1.308997	2.456751	-1.503343	8	87	8	0.062
0.000000	2.456751	-1.503343	157	84	156	0.062
-3.141593	2.138223	1.678323	4	85	0	0.062
-1.570796	2.138223	1.678323	158	87	0	0.062
1.832596	2.138223	1.678323	159	90	1	0.062
-2.356194	2.349581	-2.702517	8	81	156	0.062
-2.617994	1.168678	2.108595	3	90	4	0.062
-2.094395	1.168678	2.108595	158	90	6	0.062
0.000000	1.168678	2.108595	156	82	3	0.062
-2.094395	2.180315	-1.357379	8	89	7	0.062
1.047198	2.478122	2.609777	158	89	4	0.062
1.570796	2.478122	2.609777	7	89	5	0.062
-2.879793	1.699788	2.452890	159	82	6	0.062
0.261799	1.699788	2.452890	9	88	6	0.062
1.832596	1.699788	2.452890	6	88	2	0.062
-2.094395	2.108018	1.311430	4	90	10	0.062
-1.047198	2.108018	1.311430	157	85	1	0.062
-2.879793	1.488617	1.159546	5	88	158	0.062
-2.094395	1.488617	1.159546	7	84	5	0.062
-1.570796	1.488617	1.159546	158	87	0	0.062
-1.308997	1.488617	1.159546	156	88	3	0.062
-0.785398	1.325504	-1.671296	2	84	159	0.062
1.308997	1.325504	-1.671296	5	89	7	0.062
-0.785398	1.506530	1.988858	5	84	5	0.062
0.523599	1.506530	1.988858	9	85	1	0.062
1.308997	1.506530	1.988858	0	89	1	0.062
-1.308997	1.977582	0.969896	9	89	9	0.062
0.000000	1.977582	0.969896	3	85	3	0.062
2.094395	1.977582	0.969896	0	88	5	0.062
-2.617994	2.637879	2.121598	2	89	6	0.062
-1.570796	2.637879	2.121598	158	85	7	0.062
-1.047198	2.637879	2.121598	10	90	5	0.062
2.356194	1.218453	2.777284	7	88	5	0.062
2.879793	1.218453	2.777284	158	89	1	0.062
1.047198	1.555207	1.708892	8	87	3	0.062
1.832596	1.555207	1.708892	4	90	0	0.062
2.879793	1.555207	1.708892	158	84	156	0.062
-2.617994	2.295480	1.008277	10	89	0	0.062
-0.261799	0.203748	0.590255	5	90	158	0.062
2.094395	0.203748	0.590255	3	89	0	0.062
-2.879793	1.510910	-0.740472	0	89	5	0.062
0.523599	1.510910	-0.740472	157	87	4	0.062
0.523599	0.571433	-1.188419	5	86	3	0.062
1.308997	0.571433	-1.188419	10	90	158	0.062
-2.094395	1.982574	-1.115518	0	86	5	0.062
-2.879793	2.033014	2.977192	7	89	1	0.062
0.785398	2.033014	2.977192	1	84	157	0.062
1.570796	2.033014	2.977192	4	90	155	0.062
1.832596	2.033014	2.977192	1	90	3	0.062
2.094395	2.033014	2.977192	3	90	4	0.062
-1.047198	0.297065	2.160177	6	84	155	0.062
-1.047198	0.080730	-2.622036	0	84	159	0.062
2.094395	0.080730	-2.622036	4	88	159	0.062
2.356194	0.080730	-2.622036	157	89	5	0.062
-2.879793	1.242974	-2.977882	157	86	158	0.062
-1.832596	1.242974	-2.977882	5	90	3	0.062
-0.261799	1.242974	-2.977882	4	90	8	0.062
0.523599	1.242974	-2.977882	149	85	5	0.062
1.047198	1.242974	-2.977882	6	81	157	0.062
1.570796	0.992645	-1.723759	2	90	156	0.062
2.617994	0.992645	-1.723759	159	87	4	0.062
-1.047198	2.104282	-0.813972	13	89	0	0.062
-0.261799	2.104282	-0.813972	4	82	157	0.062
1.570796	2.104282	-0.813972	151	82	3	0.062
1.832596	2.104282	-0.813972	154	85	9	0.062
2.356194	2.104282	-0.813972	5	90	6	0.062
2.617994	2.104282	-0.813972	6	90	9	0.062
-2.617994	1.872854	1.543456	5	90	4	0.062
-2.356194	1.872854	1.543456	0	90	159	0.062
-1.570796	1.872854	1.543456	5	90	156	0.062
-2.617994	1.050534	3.042579	8	85	5	0.062
-0.261799	1.050534	3.042579	4	84	153	0.062
-2.617994	1.721184	-0.153948	4	90	7	0.062
-3.141593	0.733948	3.021411	156	84	6	0.062
-2.879793	0.733948	3.021411	7	89	1	0.062
-0.785398	2.588535	-2.976617	6	88	0	0.062
1.570796	2.588535	-2.976617	7	88	3	0.062
1.832596	2.588535	-2.976617	9	85	3	0.062
2.094395	1.391910	3.030322	4	87	5	0.062
2.879793	1.391910	3.030322	157	83	6	0.062
1.570796	0.685216	-1.712745	12	90	159	0.062
1.832596	0.685216	-1.712745	0	89	159	0.062
-2.094395	2.063651	-2.044600	5	87	0	0.062
0.000000	2.063651	-2.044600	10	89	158	0.062
-1.832596	1.025536	1.576859	158	84	158	0.062
-1.308997	1.025536	1.576859	7	87	158	0.062
-1.832596	2.251330	-2.330739	4	90	4	0.062
-0.261799	2.251330	-2.330739	6	89	4	0.062
0.261799	2.251330	-2.330739	159	90	0	0.062
-3.141593	1.374601	-2.456031	8	87	5	0.062
-0.523599	1.374601	-2.456031	156	84	6	0.062
1.047198	1.374601	-2.456031	2	88	153	0.062
1.308997	1.374601	-2.456031	5	84	154	0.062
-0.523599	1.732874	-0.951685	159	89	1	0.062
1.047198	1.732874	-0.951685	2	90	159	0.062
-1.570796	0.960688	-0.577532	159	90	159	0.062
1.047198	0.960688	-0.577532	157	84	6	0.062
2.094395	0.960688	-0.577532	0	82	3	0.062
2.356194	0.960688	-0.577532	6	88	156	0.062
-0.523599	1.824694	1.850876	3	90	0	0.062
-1.047198	2.704512	1.488683	4	90	159	0.062
-0.523599	2.704512	1.488683	159	85	1	0.062
1.832596	2.704512	1.488683	2	88	1	0.062
2.879793	2.704512	1.488683	1	82	2	0.062
-2.879793	0.910508	1.903534	159	90	3	0.062
-2.356194	0.910508	1.903534	159	84	3	0.062
-1.570796	0.929350	-2.910676	6	89	6	0.062
2.094395	0.929350	-2.910676	3	82	158	0.062
-2.879793	1.128190	-2.288622	2	85	2	0.062
-1.047198	1.128190	-2.288622	152	88	5	0.062
0.000000	1.128190	-2.288622	7	90	156	0.062
0.523599	1.128190	-2.288622	5	84	158	0.062
1.570796	1.128190	-2.288622	4	87	1	0.062
-1.047198	2.881233	-2.582574	3	89	0	0.062
-1.047198	1.696674	-1.253233	5	84	7	0.062
-0.785398	1.696674	-1.253233	8	89	2	0.062
-2.879793	1.683268	0.374177	3	88	0	0.062
-0.785398	1.683268	0.374177	157	85	1	0.062
2.356194	1.683268	0.374177	8	89	159	0.062
2.617994	1.683268	0.374177	7	90	158	0.062
-3.141593	2.073035	2.027405	9	90	1	0.062
-2.094395	2.073035	2.027405	8	90	6	0.062
0.000000	2.073035	2.027405	3	89	158	0.062
-2.356194	1.875281	0.107086	6	90	8	0.062
0.785398	1.247695	1.809890	3	82	158	0.062
1.308997	1.301460	-0.509251	9	88	2	0.062
-2.094395	1.904882	-1.478089	159	85	2	0.062
-1.047198	1.904882	-1.478089	4	89	159	0.062
1.047198	1.904882	-1.478089	154	90	2	0.062
0.000000	0.709924	0.218797	2	90	5	0.062
1.047198	0.709924	0.218797	6	90	6	0.062
1.570796	0.709924	0.218797	5	69	4	0.062
0.523599	0.496451	0.593859	9	84	159	0.062
-0.785398	2.379497	0.561089	9	88	155	0.062
-1.832596	1.433411	-1.035986	157	90	158	0.062
0.785398	1.433411	-1.035986	155	84	2	0.062
1.832596	1.433411	-1.035986	152	88	6	0.062
2.356194	1.433411	-1.035986	156	84	1	0.062
2.879793	1.433411	-1.035986	5	90	6	0.062
-0.785398	1.214854	-1.966664	155	84	1	0.062
2.356194	0.914445	2.687814	8	90	9	0.062
0.261799	1.135813	-2.658866	157	85	3	0.062
2.094395	1.135813	-2.658866	5	83	3	0.062
2.879793	1.135813	-2.658866	4	90	10	0.062
-0.523599	1.448123	-2.163292	3	90	6	0.062
-0.261799	1.448123	-2.163292	4	89	9	0.062
-1.047198	2.455966	-0.641220	7	89	7	0.062
-0.523599	2.455966	-0.641220	1	84	3	0.062
2.094395	2.455966	-0.641220	4	90	9	0.062
-1.570796	1.662363	0.915448	12	90	6	0.062
-1.308997	1.662363	0.915448	8	84	6	0.062
-1.047198	1.662363	0.915448	156	82	0	0.062
-1.047198	1.545873	-1.877082	158	80	2	0.062
2.617994	1.846342	-1.796954	156	79	3	0.062
-3.141593	1.134796	2.434290	4	79	155	0.060
-3.141593	1.433411	-1.035986	159	79	2	0.060
0.261799	1.134796	2.434290	151	70	0	0.059
-1.308997	1.617114	-1.572037	155	78	6	0.059
-1.047198	1.014500	0.906702	2	73	4	0.059
2.356194	1.194549	-0.801900	7	63	5	0.059
-0.261799	1.310100	1.488307	156	70	3	0.059
2.356194	1.113094	-0.272241	8	69	7	0.059
-2.617994	1.025536	1.576859	2	75	7	0.059
-2.879793	1.214854	-1.966664	2	73	5	0.059
0.261799	1.256302	0.062705	6	79	159	0.058
-2.879793	0.850607	-1.335383	1	69	5	0.058
-1.308997	0.992645	-1.723759	156	64	0	0.058
0.785398	1.658653	-2.409879	0	74	156	0.058
-0.785398	2.247462	0.191623	159	78	4	0.058
-2.617994	0.850607	-1.335383	1	69	0	0.058
0.785398	0.379747	-1.713059	6	79	6	0.058
1.570796	0.866955	-0.931351	158	79	0	0.058
-0.523599	1.135834	-1.431087	158	94	2	0.058
2.094395	1.045978	0.343692	156	68	3	0.058
-1.832596	1.448123	-2.163292	8	69	2	0.058
-1.047198	2.343981	-1.040456	5	79	159	0.057
-1.832596	2.863997	0.549740	6	70	5	0.057
1.570796	1.050534	3.042579	2	69	0	0.057
-3.141593	0.850607	-1.335383	159	65	2	0.057
0.000000	1.506530	1.988858	155	75	6	0.057
-0.261799	1.998705	2.370472	0	75	4	0.057
2.617994	0.866955	-0.931351	158	69	7	0.057
2.094395	0.709924	0.218797	1	79	5	0.057
0.261799	1.574060	2.783565	158	69	6	0.057
2.356194	1.574060	2.783565	159	77	2	0.057
2.356194	0.370812	-2.547742	3	75	5	0.057
-1.308997	1.335669	0.897240	11	75	0	0.057
1.832596	1.194549	-0.801900	156	80	2	0.057
-3.141593	1.504028	0.636812	2	75	3	0.057
-1.570796	0.899350	-2.069907	6	80	1	0.057
-1.047198	1.909857	-0.381669	3	73	1	0.057
-0.523599	1.310100	1.488307	12	74	3	0.057
-0.523599	0.591903	2.010408	8	68	8	0.057
2.617994	1.699788	2.452890	8	69	9	0.057
-1.047198	1.488617	1.159546	8	80	158	0.057
-1.308997	1.325504	-1.671296	1	92	4	0.057
2.356194	1.606104	-0.451151	4	77	8	0.057
1.832596	1.218453	2.777284	6	79	159	0.057
-2.094395	1.555207	1.708892	8	69	0	0.057
-2.879793	0.762244	-0.273349	0	78	5	0.057
-1.047198	0.733948	3.021411	5	79	4	0.057
-2.356194	1.824694	1.850876	4	75	3	0.057
1.047198	0.418037	1.360082	6	80	2	0.057
-1.832596	1.135813	-2.658866	159	63	158	0.057
-3.141593	1.606104	-0.451151	9	75	154	0.056
-2.879793	1.413347	-1.339188	150	75	1	0.056
-1.570796	2.404280	-0.174044	156	80	8	0.056
0.785398	2.979456	-1.009304	2	79	7	0.056
2.879793	1.870545	-2.976234	153	79	10	0.056
-1.570796	1.909857	-0.381669	9	78	159	0.056
1.570796	1.909857	-0.381669	2	79	6	0.056
-1.308997	0.290380	-0.796960	4	79	8	0.056
1.308997	0.591903	2.010408	11	79	5	0.056
-0.523599	0.619654	-2.216909	158	79	0	0.056
0.523599	1.325504	-1.671296	7	79	159	0.056
1.832596	2.637879	2.121598	5	78	4	0.056
0.261799	1.218453	2.777284	159	99	3	0.056
0.000000	2.295480	1.008277	2	79	4	0.056
-2.617994	0.080730	-2.622036	7	80	2	0.056
-2.356194	1.025536	1.576859	2	78	2	0.056
2.356194	2.073035	2.027405	4	75	1	0.056
1.047198	1.247695	1.809890	9	70	2	0.056
-2.094395	2.033014	2.977192	4	69	157	0.055
0.523599	2.251330	-2.330739	1	79	2	0.055
0.785398	0.496451	0.593859	9	59	155	0.055
1.308997	2.704512	1.488683	157	68	3	0.055
1.832596	1.450119	-2.739050	8	65	6	0.055
0.523599	1.756530	-2.105156	8	79	5	0.055
2.879793	1.869911	2.701025	8	85	3	0.055
1.570796	0.458961	-0.107937	159	85	8	0.055
-2.356194	1.599406	1.426070	4	75	8	0.055
2.356194	1.599406	1.426070	0	85	6	0.055
-0.785398	0.618092	2.539118	159	79	5	0.055
-3.141593	0.615174	-0.666022	13	75	159	0.055
-0.785398	2.393226	1.857173	8	83	5	0.055
1.832596	0.419640	2.974122	3	85	157	0.055
1.047198	1.413430	2.550734	151	89	6	0.055
1.308997	1.417623	-0.202254	8	73	5	0.055
-1.570796	0.640596	-2.797608	1	78	3	0.055
0.261799	1.998705	2.370472	157	69	1	0.055
1.308997	1.998705	2.370472	9	79	3	0.055
2.617994	1.998705	2.370472	7	88	8	0.055
-1.047198	1.413347	-1.339188	3	65	4	0.055
0.261799	1.413347	-1.339188	0	80	7	0.055
0.523599	1.413347	-1.339188	6	74	7	0.055
-1.832596	0.906588	1.252948	8	80	157	0.055
-1.047198	0.906588	1.252948	159	67	8	0.055
0.261799	0.906588	1.252948	8	74	4	0.055
0.261799	0.379747	-1.713059	6	82	3	0.055
-0.261799	2.187132	-0.479875	7	74	9	0.055
2.094395	0.866395	-2.492918	6	79	4	0.055
-1.308997	1.014500	0.906702	5	80	0	0.055
-0.523599	2.247462	0.191623	5	79	0	0.055
2.356194	2.247462	0.191623	1	73	159	0.055
2.617994	2.724429	-0.348782	0	77	4	0.055
-0.785398	1.741644	-2.695914	3	82	11	0.055
-1.308997	2.174483	2.653697	5	89	6	0.055
-2.617994	1.766067	2.153843	152	87	2	0.055
2.094395	1.766067	2.153843	0	70	159	0.055
-2.094395	1.809167	1.213774	0	75	5	0.055
-1.047198	1.135834	-1.431087	8	85	10	0.055
-0.785398	1.135834	-1.431087	2	69	157	0.055
0.000000	1.135834	-1.431087	156	87	5	0.055
0.261799	1.135834	-1.431087	6	79	3	0.055
-2.879793	1.909857	-0.381669	159	82	11	0.055
-1.047198	1.195355	1.200319	1	78	4	0.055
-2.617994	1.134497	-1.109631	158	78	9	0.055
-1.570796	1.134497	-1.109631	156	70	4	0.055
2.356194	1.440580	2.260026	3	78	8	0.055
-2.617994	2.863997	0.549740	155	73	5	0.055
-2.879793	2.041297	-2.664597	7	82	10	0.055
-3.141593	0.290380	-0.796960	156	68	4	0.055
0.523599	0.290380	-0.796960	0	79	8	0.055
1.308997	0.290380	-0.796960	14	84	4	0.055
-0.261799	1.545873	-1.877082	159	75	4	0.055
2.094395	1.545873	-1.877082	156	78	159	0.055
-2.356194	2.356369	3.005869	10	85	7	0.055
-2.094395	1.836682	-0.676006	4	87	10	0.055
-0.785398	1.948085	-2.363031	7	73	7	0.055
-1.832596	1.256302	0.062705	5	73	3	0.055
0.000000	2.592629	0.909713	154	79	6	0.055
-0.261799	2.407836	1.410646	10	76	3	0.055
2.617994	2.407836	1.410646	6	79	4	0.055
-1.047198	2.456751	-1.503343	7	73	158	0.055
-0.785398	1.184361	0.625864	4	75	10	0.055
-2.879793	2.108018	1.311430	7	76	6	0.055
1.832596	1.325504	-1.671296	2	80	157	0.055
-2.879793	1.977582	0.969896	7	78	2	0.055
-2.356194	1.218453	2.777284	2	70	158	0.055
-0.785398	1.218453	2.777284	1	79	4	0.055
-1.047198	2.295480	1.008277	159	88	14	0.055
-0.785398	2.295480	1.008277	153	89	9	0.055
0.785398	2.295480	1.008277	156	85	2	0.055
1.570796	1.510910	-0.740472	158	75	3	0.055
-1.308997	1.982574	-1.115518	153	89	10	0.055
1.047198	1.982574	-1.115518	5	75	2	0.055
2.879793	2.033014	2.977192	152	84	6	0.055
-1.832596	0.297065	2.160177	5	73	5	0.055
-3.141593	0.080730	-2.622036	7	74	2	0.055
2.879793	0.080730	-2.622036	2	75	159	0.055
2.094395	1.242974	-2.977882	7	80	6	0.055
2.617994	1.872854	1.543456	157	79	159	0.055
2.356194	1.721184	-0.153948	6	75	2	0.055
-1.308997	2.588535	-2.976617	155	84	3	0.055
0.000000	1.391910	3.030322	2	74	155	0.055
-2.617994	0.960688	-0.577532	2	79	6	0.055
-1.832596	2.704512	1.488683	3	84	13	0.055
-0.261799	2.704512	1.488683	13	65	4	0.055
-2.617994	0.910508	1.903534	6	87	10	0.055
-1.308997	2.881233	-2.582574	159	78	0	0.055
-0.523599	2.881233	-2.582574	2	64	10	0.055
0.523599	2.881233	-2.582574	3	88	0	0.055
1.308997	1.696674	-1.253233	154	79	3	0.055
2.879793	1.696674	-1.253233	159	82	6	0.055
2.617994	1.301460	-0.509251	10	83	4	0.055
-1.570796	0.709924	0.218797	158	84	7	0.055
-0.261799	0.709924	0.218797	13	88	5	0.055
1.832596	2.379497	0.561089	8	87	6	0.055
-0.261799	1.433411	-1.035986	3	74	5	0.055
-0.785398	0.418037	1.360082	11	79	6	0.055
-3.141593	0.914445	2.687814	4	74	2	0.055
0.000000	1.488617	1.159546	6	78	1	0.054
-2.879793	2.979456	-1.009304	2	78	2	0.054
2.094395	0.866955	-0.931351	3	79	158	0.054
0.000000	2.356369	3.005869	159	68	6	0.054
-1.832596	1.836682	-0.676006	158	94	3	0.054
2.094395	2.295480	1.008277	152	79	6	0.054
-1.832596	1.696674	-1.253233	4	79	1	0.054
-2.879793	0.618092	2.539118	2	80	5	0.054
-2.617994	1.450119	-2.739050	3	70	1	0.054
-1.308997	2.404280	-0.174044	155	79	4	0.054
0.523599	1.869911	2.701025	4	78	159	0.054
-3.141593	1.554776	0.100351	0	79	2	0.054
-0.261799	1.846342	-1.796954	7	77	157	0.054
-0.261799	1.574060	2.783565	158	79	4	0.054
-3.141593	1.413430	2.550734	155	75	5	0.054
-0.785398	1.413430	2.550734	5	79	156	0.054
2.094395	0.831641	0.616218	3	69	1	0.054
-0.785398	0.866395	-2.492918	7	79	159	0.054
-0.523599	2.579248	-2.364801	2	75	3	0.054
-1.832596	1.367556	0.358405	5	79	1	0.054
2.094395	2.041297	-2.664597	1	78	9	0.054
-0.785398	2.592629	0.909713	6	80	1	0.054
1.308997	2.349581	-2.702517	6	79	2	0.054
-1.047198	1.168678	2.108595	6	80	1	0.054
-0.261799	1.184361	0.625864	156	65	1	0.054
-0.523599	0.203748	0.590255	3	78	158	0.054
0.261799	2.063651	-2.044600	5	80	158	0.054
0.000000	0.700570	1.559208	3	74	2	0.054
0.000000	1.732874	-0.951685	3	80	2	0.054
-0.785398	0.496451	0.593859	155	79	0	0.054
-1.570796	2.455966	-0.641220	1	79	158	0.054
-1.832596	1.214854	-1.966664	0	79	0	0.053
0.523599	1.168678	2.108595	2	78	0	0.053
-1.832596	2.404280	-0.174044	4	79	0	0.053
-2.879793	1.417623	-0.202254	159	79	3	0.053
-1.832596	2.153910	-1.714959	156	74	6	0.053
-1.832596	2.001437	0.381215	7	78	159	0.053
-1.047198	2.478122	2.609777	6	70	3	0.053
2.356194	1.555207	1.708892	16	79	4	0.053
2.879793	1.872854	1.543456	4	79	5	0.053
-2.879793	2.073035	2.027405	4	79	1	0.053
0.785398	1.135834	-1.431087	7	68	157	0.053
-2.094395	1.846342	-1.796954	2	79	0	0.053
1.047198	1.450119	-2.739050	10	73	0	0.053
-2.356194	2.115563	0.685730	2	73	2	0.053
-2.094395	2.115563	0.685730	4	70	156	0.053
0.261799	1.869911	2.701025	158	92	2	0.053
0.523599	0.458961	-0.107937	156	79	2	0.053
-1.832596	1.599406	1.426070	0	77	157	0.053
0.785398	1.554776	0.100351	156	65	159	0.053
2.356194	0.618092	2.539118	8	79	7	0.053
2.094395	0.615174	-0.666022	159	75	3	0.053
0.523599	1.134796	2.434290	159	78	5	0.053
1.832596	2.587733	0.232235	0	80	3	0.053
-2.617994	1.413430	2.550734	8	69	11	0.053
0.261799	1.413430	2.550734	155	73	4	0.053
-1.308997	2.979456	-1.009304	158	73	4	0.053
-1.047198	2.979456	-1.009304	159	73	5	0.053
2.094395	2.343981	-1.040456	3	64	1	0.053
-2.094395	0.674054	1.013609	2	69	4	0.053
-2.356194	1.335669	0.897240	19	79	0	0.053
1.570796	2.164094	-2.991358	5	78	0	0.053
-2.879793	0.379747	-1.713059	2	78	6	0.053
-1.308997	2.187132	-0.479875	156	69	4	0.053
-1.047198	2.187132	-0.479875	3	76	6	0.053
1.308997	2.187132	-0.479875	159	79	7	0.053
-2.617994	0.866955	-0.931351	159	68	159	0.053
-2.356194	2.299159	2.264663	10	70	4	0.053
-0.523599	2.299159	2.264663	9	74	5	0.053
-2.094395	1.812176	0.656819	6	75	157	0.053
-1.308997	1.812176	0.656819	1	80	3	0.053
2.879793	2.396274	-1.959260	154	69	3	0.053
-1.047198	0.866395	-2.492918	4	79	4	0.053
-0.261799	0.866395	-2.492918	6	94	3	0.053
0.261799	1.617114	-1.572037	11	79	3	0.053
-3.141593	0.864993	2.278281	1	78	8	0.053
1.832596	2.247462	0.191623	1	74	4	0.053
-0.523599	2.724429	-0.348782	159	79	9	0.053
2.879793	2.724429	-0.348782	3	94	8	0.053
-0.523599	1.194549	-0.801900	2	79	157	0.053
0.785398	1.194549	-0.801900	157	79	5	0.053
2.094395	1.194549	-0.801900	156	73	1	0.053
1.832596	1.741644	-2.695914	158	64	6	0.053
-1.308997	1.809167	1.213774	156	73	10	0.053
-0.261799	1.809167	1.213774	154	77	3	0.053
2.879793	1.809167	1.213774	157	79	159	0.053
-1.570796	1.135834	-1.431087	2	79	154	0.053
2.094395	1.367556	0.358405	158	78	156	0.053
2.879793	1.367556	0.358405	158	75	11	0.053
0.261799	1.440580	2.260026	156	72	6	0.053
-1.308997	1.045978	0.343692	1	78	158	0.053
0.000000	0.290380	-0.796960	4	63	158	0.053
-1.570796	1.545873	-1.877082	2	75	6	0.053
-2.879793	2.356369	3.005869	4	75	1	0.053
0.523599	0.591903	2.010408	0	80	3	0.053
-2.879793	2.760637	2.781135	4	75	4	0.053
0.261799	2.592629	0.909713	154	76	6	0.053
0.785398	2.592629	0.909713	0	73	3	0.053
-3.141593	1.113094	-0.272241	156	79	159	0.053
1.570796	1.113094	-0.272241	156	78	2	0.053
-0.261799	0.619654	-2.216909	2	78	2	0.053
2.094395	0.619654	-2.216909	3	75	6	0.053
-0.261799	2.456751	-1.503343	158	69	5	0.053
-2.879793	2.138223	1.678323	158	75	7	0.053
2.617994	2.349581	-2.702517	6	75	1	0.053
2.356194	1.168678	2.108595	1	79	2	0.053
0.523599	2.180315	-1.357379	4	75	8	0.053
1.047198	2.180315	-1.357379	158	80	158	0.053
-3.141593	1.699788	2.452890	7	77	4	0.053
1.570796	1.699788	2.452890	5	72	5	0.053
-2.356194	1.184361	0.625864	4	69	153	0.053
0.000000	1.325504	-1.671296	2	79	11	0.053
-2.094395	1.606104	-0.451151	7	78	6	0.053
1.570796	2.637879	2.121598	159	78	158	0.053
0.523599	0.203748	0.590255	2	68	7	0.053
1.308997	1.510910	-0.740472	4	79	159	0.053
2.356194	2.033014	2.977192	2	77	2	0.053
1.308997	2.104282	-0.813972	4	74	5	0.053
-3.141593	1.872854	1.543456	156	72	1	0.053
1.047198	1.721184	-0.153948	156	78	4	0.053
2.617994	0.733948	3.021411	5	79	0	0.053
-0.523599	2.588535	-2.976617	5	75	7	0.053
1.308997	0.685216	-1.712745	6	79	4	0.053
2.356194	2.063651	-2.044600	6	73	6	0.053
-2.094395	0.700570	1.559208	4	78	11	0.053
-1.308997	0.700570	1.559208	10	68	4	0.053
-1.047198	1.824694	1.850876	1	73	1	0.053
1.047198	2.704512	1.488683	0	79	12	0.053
-1.308997	1.128190	-2.288622	3	78	1	0.053
-0.261799	2.881233	-2.582574	6	94	8	0.053
-1.570796	1.696674	-1.253233	2	74	2	0.053
0.523599	1.696674	-1.253233	151	59	6	0.053
0.785398	1.696674	-1.253233	5	75	2	0.053
-1.570796	1.875281	0.107086	1	79	10	0.053
-1.308997	1.875281	0.107086	156	79	3	0.053
2.356194	1.875281	0.107086	10	79	156	0.053
1.308997	1.904882	-1.478089	4	92	159	0.053
1.570796	1.904882	-1.478089	0	77	159	0.053
0.000000	0.496451	0.593859	5	75	0	0.053
-0.523599	2.379497	0.561089	0	75	1	0.053
0.261799	2.379497	0.561089	4	79	10	0.053
-2.879793	0.914445	2.687814	4	74	5	0.053
2.094395	0.914445	2.687814	2	64	1	0.053
2.879793	0.914445	2.687814	6	74	3	0.053
-2.879793	2.455966	-0.641220	157	66	3	0.053
0.000000	1.699788	2.452890	4	69	2	0.053
0.000000	1.554776	0.100351	3	79	155	0.052
2.094395	2.356369	3.005869	158	79	8	0.052
0.000000	1.824694	1.850876	159	74	159	0.052
0.261799	1.824694	1.850876	1	69	3	0.052
-3.141593	0.640596	-2.797608	1	78	4	0.052
1.047198	1.569311	-3.003978	1	79	2	0.052
-0.523599	0.674054	1.013609	156	75	1	0.052
2.879793	2.863997	0.549740	158	80	2	0.052
1.570796	2.180315	-1.357379	158	76	5	0.052
2.617994	1.977582	0.969896	4	80	2	0.052
0.261799	0.910508	1.903534	3	80	3	0.052
-1.570796	0.418037	1.360082	2	79	158	0.052
2.879793	1.448123	-2.163292	157	73	2	0.052
-0.523599	2.164094	-2.991358	3	79	5	0.052
1.047198	2.404280	-0.174044	156	69	9	0.052
-0.523599	0.290380	-0.796960	7	80	158	0.052
0.000000	0.571433	-1.188419	157	70	4	0.052
0.261799	1.732874	-0.951685	0	69	158	0.052
1.832596	1.869911	2.701025	9	80	1	0.052
1.832596	0.370812	-2.547742	3	74	0	0.052
-2.356194	2.343981	-1.040456	3	80	1	0.052
-1.570796	2.343981	-1.040456	158	79	8	0.052
-2.617994	1.998705	2.370472	1	80	9	0.052
2.356194	1.998705	2.370472	5	75	157	0.052
1.570796	0.674054	1.013609	1	80	11	0.052
1.570796	0.906588	1.252948	158	79	158	0.052
0.000000	2.164094	-2.991358	5	79	1	0.052
-1.047198	0.866955	-0.931351	154	62	0	0.052
-1.832596	1.194549	-0.801900	1	80	4	0.052
2.356194	1.909857	-0.381669	3	80	4	0.052
-1.832596	1.310100	1.488307	159	80	5	0.052
1.570796	2.153910	-1.714959	159	80	1	0.052
-2.094395	1.134497	-1.109631	4	78	3	0.052
2.879793	1.134497	-1.109631	0	68	9	0.052
1.832596	0.961715	0.014085	154	74	155	0.052
-2.356194	1.440580	2.260026	157	103	3	0.052
-0.785398	1.440580	2.260026	2	80	4	0.052
2.356194	1.836682	-0.676006	6	80	4	0.052
-2.617994	1.948085	-2.363031	1	73	158	0.052
2.617994	1.948085	-2.363031	159	99	9	0.052
-0.261799	1.736875	3.023612	3	79	8	0.052
1.570796	2.089241	-0.114193	156	99	2	0.052
-2.879793	2.456751	-1.503343	2	75	4	0.052
-1.308997	2.001437	0.381215	9	68	1	0.052
0.261799	2.001437	0.381215	3	75	2	0.052
2.879793	2.349581	-2.702517	3	77	6	0.052
-2.356194	1.168678	2.108595	157	78	9	0.052
-3.141593	2.180315	-1.357379	157	77	8	0.052
-0.261799	1.699788	2.452890	6	80	8	0.052
-2.617994	2.108018	1.311430	158	79	5	0.052
-1.832596	1.606104	-0.451151	5	80	1	0.052
-2.356194	1.977582	0.969896	153	75	7	0.052
-2.879793	2.637879	2.121598	154	63	11	0.052
-0.523599	1.218453	2.777284	8	69	5	0.052
-2.356194	1.555207	1.708892	5	80	6	0.052
0.785398	1.555207	1.708892	156	74	11	0.052
1.832596	1.510910	-0.740472	155	73	2	0.052
-2.617994	0.571433	-1.188419	0	75	6	0.052
-1.308997	0.571433	-1.188419	157	75	1	0.052
-0.785398	0.297065	2.160177	159	78	2	0.052
-2.879793	0.080730	-2.622036	4	79	3	0.052
-1.570796	0.992645	-1.723759	2	74	155	0.052
0.261799	0.992645	-1.723759	155	74	159	0.052
2.617994	1.721184	-0.153948	4	79	6	0.052
-3.141593	2.588535	-2.976617	156	94	8	0.052
2.617994	2.588535	-2.976617	159	78	4	0.052
0.785398	0.700570	1.559208	153	74	159	0.052
-1.047198	1.732874	-0.951685	156	69	158	0.052
2.094395	0.910508	1.903534	159	73	0	0.052
-0.785398	0.929350	-2.910676	2	75	0	0.052
1.570796	2.073035	2.027405	4	79	154	0.052
1.832596	1.875281	0.107086	156	64	4	0.052
-2.879793	1.247695	1.809890	3	78	7	0.052
2.356194	0.709924	0.218797	158	78	4	0.052
0.785398	1.214854	-1.966664	159	78	2	0.052
2.879793	2.455966	-0.641220	159	80	4	0.052
-2.356194	1.736875	3.023612	0	79	8	0.052
-2.617994	2.455966	-0.641220	4	69	2	0.052
-1.047198	1.599406	1.426070	158	91	2	0.051
-3.141593	0.618092	2.539118	156	97	8	0.051
2.879793	2.587733	0.232235	1	80	157	0.051
-1.047198	0.370812	-2.547742	157	65	4	0.051
-1.570796	2.247462	0.191623	1	80	0	0.051
1.047198	2.724429	-0.348782	159	78	159	0.051
1.047198	2.984978	1.954446	0	100	8	0.051
-2.094395	0.961715	0.014085	5	80	157	0.051
1.832596	2.041297	-2.664597	1	75	4	0.051
2.879793	0.619654	-2.216909	1	79	7	0.051
0.785398	2.108018	1.311430	12	77	156	0.051
2.879793	2.637879	2.121598	157	69	10	0.051
0.785398	1.982574	-1.115518	3	80	3	0.051
-0.785398	1.242974	-2.977882	0	79	3	0.051
2.879793	0.960688	-0.577532	3	74	158	0.051
-3.141593	1.824694	1.850876	157	79	8	0.051
0.261799	1.128190	-2.288622	1	80	1	0.051
-2.356194	1.696674	-1.253233	157	79	2	0.051
-0.261799	1.569311	-3.003978	2	79	159	0.051
-0.785398	1.998705	2.370472	0	67	3	0.051
-0.523599	1.367556	0.358405	4	79	158	0.051
-0.523599	1.450119	-2.739050	156	79	6	0.051
-0.261799	1.450119	-2.739050	3	74	6	0.051
-3.141593	2.404280	-0.174044	3	74	4	0.051
-1.047198	2.404280	-0.174044	13	75	4	0.051
1.308997	2.404280	-0.174044	8	73	7	0.051
2.879793	2.115563	0.685730	10	73	4	0.051
0.785398	1.756530	-2.105156	5	78	11	0.051
-0.523599	1.869911	2.701025	7	79	2	0.051
2.356194	1.869911	2.701025	6	79	4	0.051
2.356194	0.458961	-0.107937	8	95	5	0.051
-0.785398	1.599406	1.426070	159	78	159	0.051
-1.308997	1.554776	0.100351	8	80	157	0.051
-0.785398	1.554776	0.100351	0	68	11	0.051
-1.047198	0.618092	2.539118	5	78	6	0.051
1.570796	0.618092	2.539118	3	80	3	0.051
1.047198	1.846342	-1.796954	8	73	9	0.051
-1.308997	0.615174	-0.666022	10	63	2	0.051
1.832596	0.615174	-0.666022	6	100	158	0.051
2.356194	0.615174	-0.666022	157	79	0	0.051
2.617994	0.615174	-0.666022	157	77	12	0.051
-0.523599	2.393226	1.857173	159	68	2	0.051
-2.617994	1.569311	-3.003978	0	80	3	0.051
-0.523599	0.419640	2.974122	2	69	2	0.051
-0.261799	0.419640	2.974122	157	68	158	0.051
-2.617994	1.134796	2.434290	154	69	1	0.051
-2.356194	1.574060	2.783565	5	69	10	0.051
-1.570796	2.587733	0.232235	2	78	6	0.051
-1.047198	2.587733	0.232235	10	73	9	0.051
1.570796	1.417623	-0.202254	3	80	8	0.051
0.000000	0.850607	-1.335383	153	79	4	0.051
1.047198	0.850607	-1.335383	156	74	0	0.051
2.617994	0.370812	-2.547742	2	79	9	0.051
2.879793	0.640596	-2.797608	12	65	4	0.051
0.785398	0.831641	0.616218	159	74	8	0.051
0.523599	2.343981	-1.040456	156	97	8	0.051
-2.617994	1.413347	-1.339188	12	73	159	0.051
-1.570796	0.674054	1.013609	9	65	4	0.051
-0.785398	0.674054	1.013609	2	79	159	0.051
0.000000	0.674054	1.013609	7	79	4	0.051
1.308997	0.674054	1.013609	155	80	3	0.051
-0.261799	1.335669	0.897240	158	78	2	0.051
2.356194	1.335669	0.897240	8	64	6	0.051
-0.523599	1.870545	-2.976234	9	72	4	0.051
0.000000	2.187132	-0.479875	155	74	5	0.051
1.832596	0.866955	-0.931351	155	75	4	0.051
2.879793	0.866955	-0.931351	5	79	154	0.051
0.000000	2.299159	2.264663	2	78	4	0.051
0.523599	2.299159	2.264663	157	95	4	0.051
2.356194	2.299159	2.264663	157	77	4	0.051
-2.094395	2.719179	-1.780644	157	79	8	0.051
0.523599	1.617114	-1.572037	158	94	0	0.051
-1.832596	0.864993	2.278281	6	74	1	0.051
-1.047198	2.247462	0.191623	8	67	7	0.051
1.570796	2.247462	0.191623	2	69	5	0.051
-1.570796	2.724429	-0.348782	157	73	7	0.051
0.000000	2.724429	-0.348782	159	80	6	0.051
1.047198	1.194549	-0.801900	7	79	0	0.051
1.570796	1.194549	-0.801900	7	75	4	0.051
2.617994	1.194549	-0.801900	2	79	8	0.051
2.879793	1.194549	-0.801900	10	80	5	0.051
-2.356194	1.504028	0.636812	9	80	158	0.051
0.000000	1.741644	-2.695914	7	79	4	0.051
0.261799	1.741644	-2.695914	8	63	8	0.051
-1.832596	0.899350	-2.069907	4	77	5	0.051
1.570796	1.766067	2.153843	4	75	2	0.051
1.832596	1.766067	2.153843	8	78	0	0.051
-3.141593	1.809167	1.213774	0	74	4	0.051
-2.356194	1.195355	1.200319	7	65	3	0.051
0.000000	1.195355	1.200319	7	65	7	0.051
-1.047198	1.310100	1.488307	6	79	7	0.051
-1.570796	2.153910	-1.714959	10	64	1	0.051
1.047198	2.153910	-1.714959	157	73	4	0.051
-2.879793	1.134497	-1.109631	0	75	158	0.051
1.832596	1.134497	-1.109631	0	78	3	0.051
-3.141593	0.961715	0.014085	5	75	0	0.051
0.000000	0.961715	0.014085	5	78	6	0.051
2.356194	1.367556	0.358405	5	94	1	0.051
-0.523599	1.440580	2.260026	4	79	8	0.051
-0.261799	2.863997	0.549740	0	74	159	0.051
2.356194	2.041297	-2.664597	6	75	4	0.051
2.356194	1.045978	0.343692	6	78	1	0.051
2.356194	0.290380	-0.796960	11	74	158	0.051
1.047198	2.356369	3.005869	4	65	6	0.051
-2.356194	1.836682	-0.676006	5	69	157	0.051
-1.308997	1.836682	-0.676006	16	80	3	0.051
2.879793	1.836682	-0.676006	5	74	5	0.051
-1.570796	0.591903	2.010408	5	78	158	0.051
-0.785398	0.591903	2.010408	2	73	159	0.051
-2.617994	2.760637	2.781135	154	78	1	0.051
-1.832596	2.760637	2.781135	11	73	159	0.051
1.047198	1.256302	0.062705	8	63	0	0.051
-1.832596	2.089241	-0.114193	0	75	2	0.051
-1.047198	2.089241	-0.114193	2	75	2	0.051
1.047198	2.089241	-0.114193	158	69	7	0.051
2.879793	2.089241	-0.114193	0	73	4	0.051
0.261799	0.619654	-2.216909	2	77	7	0.051
1.047198	2.001437	0.381215	4	77	158	0.051
-0.261799	2.138223	1.678323	157	78	2	0.051
2.094395	1.168678	2.108595	9	80	12	0.051
-2.356194	2.180315	-1.357379	4	79	158	0.051
2.356194	2.478122	2.609777	4	74	1	0.051
1.047198	1.184361	0.625864	6	78	6	0.051
-2.356194	1.488617	1.159546	5	77	0	0.051
1.570796	1.488617	1.159546	1	74	1	0.051
1.047198	1.325504	-1.671296	7	77	159	0.051
1.570796	1.606104	-0.451151	7	79	2	0.051
2.094395	1.606104	-0.451151	7	75	3	0.051
-3.141593	1.506530	1.988858	159	74	4	0.051
0.523599	1.977582	0.969896	0	92	6	0.051
-2.356194	2.637879	2.121598	154	69	5	0.051
-0.523599	2.637879	2.121598	6	74	8	0.051
1.047198	2.637879	2.121598	157	74	7	0.051
1.308997	2.637879	2.121598	7	77	6	0.051
-2.879793	1.218453	2.777284	12	65	10	0.051
0.523599	1.218453	2.777284	6	69	159	0.051
1.570796	1.555207	1.708892	159	79	7	0.051
2.617994	1.555207	1.708892	0	73	3	0.051
-2.356194	2.295480	1.008277	2	75	2	0.051
-2.094395	2.295480	1.008277	6	79	1	0.051
0.261799	2.295480	1.008277	150	80	9	0.051
2.879793	2.295480	1.008277	155	74	157	0.051
-0.785398	0.203748	0.590255	0	75	9	0.051
1.047198	0.203748	0.590255	1	72	159	0.051
-2.879793	0.571433	-1.188419	158	57	158	0.051
-2.094395	0.297065	2.160177	5	79	159	0.051
-1.308997	0.297065	2.160177	6	78	2	0.051
0.785398	0.297065	2.160177	158	80	159	0.051
-2.356194	0.080730	-2.622036	155	72	4	0.051
-1.308997	1.721184	-0.153948	4	75	4	0.051
-1.047198	1.721184	-0.153948	4	79	2	0.051
0.523599	1.721184	-0.153948	155	69	8	0.051
2.356194	0.733948	3.021411	154	59	8	0.051
-0.261799	2.588535	-2.976617	154	79	5	0.051
2.617994	1.391910	3.030322	157	70	0	0.051
-2.617994	0.685216	-1.712745	155	79	7	0.051
2.356194	0.685216	-1.712745	157	75	157	0.051
-0.785398	0.700570	1.559208	10	92	2	0.051
1.047198	0.700570	1.559208	3	80	0	0.051
-2.094395	2.251330	-2.330739	156	94	2	0.051
-1.832596	1.732874	-0.951685	159	69	158	0.051
2.879793	1.732874	-0.951685	9	95	3	0.051
-2.617994	1.824694	1.850876	154	76	2	0.051
0.785398	0.910508	1.903534	11	67	5	0.051
-2.879793	0.929350	-2.910676	1	94	11	0.051
2.879793	0.929350	-2.910676	152	75	2	0.051
-1.832596	1.128190	-2.288622	4	79	6	0.051
-1.570796	1.128190	-2.288622	8	65	8	0.051
0.000000	2.881233	-2.582574	0	79	9	0.051
1.570796	2.881233	-2.582574	7	63	9	0.051
-1.570796	1.683268	0.374177	6	78	159	0.051
0.261799	2.073035	2.027405	3	77	0	0.051
-2.356194	1.247695	1.809890	8	78	5	0.051
-1.832596	1.247695	1.809890	1	75	5	0.051
1.047198	1.301460	-0.509251	3	79	157	0.051
1.832596	1.301460	-0.509251	0	75	2	0.051
-1.308997	0.496451	0.593859	1	79	8	0.051
2.094395	0.496451	0.593859	2	72	10	0.051
-1.832596	2.379497	0.561089	11	73	0	0.051
-0.261799	2.379497	0.561089	4	80	7	0.051
1.047198	1.433411	-1.035986	4	75	11	0.051
-1.308997	1.214854	-1.966664	159	73	159	0.051
0.523599	0.914445	2.687814	3	73	0	0.051
1.047198	0.914445	2.687814	9	73	5	0.051
0.785398	1.135813	-2.658866	156	69	0	0.051
1.832596	1.135813	-2.658866	12	80	6	0.051
-1.047198	1.448123	-2.163292	2	74	3	0.051
-0.785398	1.448123	-2.163292	6	80	6	0.051
-2.094395	2.455966	-0.641220	3	80	3	0.051
0.523599	2.455966	-0.641220	157	79	3	0.051
-2.094395	1.662363	0.915448	3	74	4	0.051
2.094395	1.662363	0.915448	0	65	1	0.051
-3.141593	2.033014	2.977192	3	98	0	0.051
-3.141593	1.869911	2.701025	158	78	5	0.051
1.832596	0.290380	-0.796960	5	80	159	0.051
-1.832596	0.762244	-0.273349	4	79	0	0.051
-0.523599	1.050534	3.042579	11	69	157	0.051
0.000000	1.450119	-2.739050	1	80	4	0.050
1.570796	1.554776	0.100351	157	69	2	0.050
2.617994	1.554776	0.100351	4	79	159	0.050
-1.570796	1.417623	-0.202254	5	78	159	0.050
-3.141593	2.299159	2.264663	4	79	159	0.050
-0.261799	2.299159	2.264663	2	78	4	0.050
-2.617994	2.719179	-1.780644	1	77	159	0.050
-0.523599	0.866395	-2.492918	10	98	157	0.050
2.356194	2.579248	-2.364801	1	80	5	0.050
2.617994	2.579248	-2.364801	8	70	5	0.050
-2.094395	1.909857	-0.381669	4	70	10	0.050
1.047198	1.440580	2.260026	159	70	8	0.050
0.523599	2.456751	-1.503343	2	77	4	0.050
-2.356194	2.138223	1.678323	7	79	0	0.050
2.356194	2.637879	2.121598	4	80	0	0.050
-2.094395	1.872854	1.543456	154	73	158	0.050
-2.617994	0.733948	3.021411	2	78	6	0.050
2.094395	1.696674	-1.253233	7	74	155	0.050
0.261799	1.247695	1.809890	156	69	10	0.050
0.785398	0.418037	1.360082	4	69	4	0.050
-1.308997	2.138223	1.678323	11	79	2	0.050
-1.570796	0.370812	-2.547742	4	69	2	0.050
-0.261799	1.195355	1.200319	3	79	3	0.050
1.047198	0.458961	-0.107937	9	69	0	0.050
2.094395	0.458961	-0.107937	1	79	157	0.050
0.000000	1.599406	1.426070	9	75	1	0.050
-1.570796	1.554776	0.100351	9	77	156	0.050
1.832596	1.846342	-1.796954	4	94	3	0.050
-2.617994	2.393226	1.857173	154	73	1	0.050
2.879793	1.134796	2.434290	159	69	4	0.050
-0.261799	0.370812	-2.547742	1	65	158	0.050
-0.785398	2.979456	-1.009304	3	79	159	0.050
-0.261799	0.831641	0.616218	154	79	1	0.050
-2.356194	1.998705	2.370472	158	74	7	0.050
1.308997	1.335669	0.897240	2	92	3	0.050
2.094395	2.164094	-2.991358	11	69	1	0.050
-1.832596	2.299159	2.264663	4	80	5	0.050
-1.047198	2.299159	2.264663	2	80	9	0.050
2.094395	2.299159	2.264663	152	70	5	0.050
-0.523599	2.396274	-1.959260	6	69	1	0.050
0.000000	2.396274	-1.959260	159	92	2	0.050
1.570796	1.617114	-1.572037	2	69	157	0.050
1.047198	0.864993	2.278281	159	70	11	0.050
0.000000	2.247462	0.191623	157	93	3	0.050
-1.570796	1.504028	0.636812	11	79	155	0.050
0.000000	2.664082	-1.071402	158	69	159	0.050
1.047198	2.664082	-1.071402	156	75	0	0.050
-0.785398	0.899350	-2.069907	5	74	157	0.050
-3.141593	2.984978	1.954446	158	78	6	0.050
-2.617994	2.984978	1.954446	0	74	3	0.050
-2.356194	2.984978	1.954446	0	79	5	0.050
2.356194	1.766067	2.153843	0	69	0	0.050
0.261799	1.909857	-0.381669	11	68	3	0.050
1.047198	1.909857	-0.381669	159	75	1	0.050
-0.523599	1.134497	-1.109631	155	73	159	0.050
-1.832596	1.045978	0.343692	8	75	157	0.050
0.261799	1.045978	0.343692	4	80	8	0.050
0.000000	1.736875	3.023612	5	78	159	0.050
2.094395	1.256302	0.062705	156	67	159	0.050
-2.617994	2.592629	0.909713	0	79	4	0.050
-1.308997	2.592629	0.909713	156	69	2	0.050
-3.141593	2.407836	1.410646	157	94	7	0.050
-1.047198	2.407836	1.410646	7	78	157	0.050
-0.261799	2.180315	-1.357379	157	70	1	0.050
0.000000	2.180315	-1.357379	4	69	3	0.050
0.261799	2.478122	2.609777	1	78	1	0.050
2.617994	1.184361	0.625864	155	79	157	0.050
-2.617994	1.977582	0.969896	8	80	4	0.050
1.047198	1.977582	0.969896	158	73	7	0.050
0.523599	1.555207	1.708892	159	75	7	0.050
2.094395	1.555207	1.708892	6	68	154	0.050
1.832596	0.203748	0.590255	5	78	3	0.050
1.308997	1.982574	-1.115518	0	75	2	0.050
1.570796	0.297065	2.160177	159	69	5	0.050
-0.523599	0.080730	-2.622036	1	79	4	0.050
1.047198	0.080730	-2.622036	3	80	3	0.050
-1.832596	0.992645	-1.723759	157	78	2	0.050
-1.047198	0.762244	-0.273349	155	92	4	0.050
-2.879793	1.050534	3.042579	3	74	154	0.050
1.308997	1.050534	3.042579	7	73	156	0.050
2.094395	1.721184	-0.153948	157	67	1	0.050
2.094395	0.733948	3.021411	6	68	158	0.050
-2.094395	2.588535	-2.976617	2	80	4	0.050
0.523599	2.063651	-2.044600	3	73	158	0.050
0.523599	1.732874	-0.951685	158	75	3	0.050
1.308997	1.732874	-0.951685	6	77	158	0.050
1.832596	0.960688	-0.577532	0	69	1	0.050
-1.570796	2.704512	1.488683	0	68	6	0.050
0.523599	2.704512	1.488683	156	68	2	0.050
2.356194	2.704512	1.488683	8	79	2	0.050
-0.523599	0.929350	-2.910676	0	80	1	0.050
-2.094395	1.128190	-2.288622	8	69	6	0.050
-0.523599	1.128190	-2.288622	155	77	7	0.050
1.570796	1.683268	0.374177	5	70	3	0.050
-1.308997	2.073035	2.027405	2	94	6	0.050
-1.832596	1.875281	0.107086	2	74	4	0.050
2.879793	1.875281	0.107086	157	100	1	0.050
-2.094395	1.247695	1.809890	4	80	3	0.050
2.617994	1.214854	-1.966664	3	95	3	0.050
1.570796	2.455966	-0.641220	159	64	0	0.050
2.356194	2.455966	-0.641220	0	80	3	0.050
-0.261799	1.662363	0.915448	2	95	159	0.050
1.308997	2.407836	1.410646	156	95	159	0.050
2.879793	2.881233	-2.582574	159	76	157	0.050
-3.141593	0.674054	1.013609	156	68	157	0.050
0.261799	1.391910	3.030322	0	80	7	0.050
0.523599	2.478122	2.609777	1	69	3	0.049
0.523599	2.115563	0.685730	158	68	159	0.049
2.617994	2.115563	0.685730	154	78	7	0.049
1.570796	1.869911	2.701025	7	79	4	0.049
-1.832596	1.574060	2.783565	159	67	4	0.049
-0.261799	2.343981	-1.040456	4	99	0	0.049
2.356194	2.164094	-2.991358	3	68	157	0.049
2.617994	2.174483	2.653697	7	80	1	0.049
2.356194	0.961715	0.014085	1	79	2	0.049
-0.523599	2.592629	0.909713	159	78	3	0.049
1.832596	2.478122	2.609777	158	69	7	0.049
-1.308997	2.108018	1.311430	157	92	159	0.049
-0.785398	1.977582	0.969896	4	80	159	0.049
2.879793	1.977582	0.969896	2	98	0	0.049
0.523599	2.637879	2.121598	155	79	0	0.049
-3.141593	0.992645	-1.723759	1	78	4	0.049
-1.047198	1.872854	1.543456	9	69	4	0.049
1.832596	0.929350	-2.910676	6	93	0	0.049
2.879793	2.073035	2.027405	4	80	1	0.049
-2.094395	1.875281	0.107086	0	69	10	0.049
-2.879793	1.433411	-1.035986	158	100	2	0.049
0.523599	1.846342	-1.796954	157	94	0	0.049
-2.879793	2.592629	0.909713	4	69	0	0.049
0.785398	1.450119	-2.739050	3	78	2	0.049
0.523599	2.404280	-0.174044	153	69	0	0.049
0.785398	2.404280	-0.174044	9	79	4	0.049
2.356194	2.404280	-0.174044	11	80	2	0.049
-3.141593	2.115563	0.685730	158	65	7	0.049
-0.261799	1.756530	-2.105156	159	80	7	0.049
-2.356194	1.869911	2.701025	3	80	7	0.049
2.617994	1.869911	2.701025	159	79	154	0.049
2.879793	0.458961	-0.107937	1	98	6	0.049
-3.141593	1.599406	1.426070	0	104	9	0.049
2.094395	1.599406	1.426070	0	94	8	0.049
-2.879793	1.554776	0.100351	2	80	5	0.049
2.356194	1.554776	0.100351	7	67	4	0.049
2.094395	1.846342	-1.796954	11	74	5	0.049
1.047198	0.615174	-0.666022	2	98	2	0.049
1.570796	0.615174	-0.666022	1	78	6	0.049
2.879793	0.615174	-0.666022	156	63	1	0.049
0.523599	2.393226	1.857173	151	69	3	0.049
2.879793	2.393226	1.857173	1	75	8	0.049
0.523599	1.569311	-3.003978	4	75	159	0.049
0.785398	1.569311	-3.003978	9	68	1	0.049
0.261799	0.419640	2.974122	6	79	7	0.049
-2.879793	1.134796	2.434290	0	74	9	0.049
-3.141593	1.574060	2.783565	11	79	4	0.049
-2.879793	1.574060	2.783565	4	77	0	0.049
0.523599	1.574060	2.783565	8	70	8	0.049
1.047198	2.587733	0.232235	0	65	1	0.049
2.879793	1.413430	2.550734	9	79	7	0.049
1.047198	1.417623	-0.202254	158	80	5	0.049
2.617994	1.417623	-0.202254	5	94	159	0.049
-2.094395	0.370812	-2.547742	9	79	3	0.049
-2.356194	0.640596	-2.797608	5	69	5	0.049
-0.261799	0.640596	-2.797608	7	78	0	0.049
-0.261799	2.979456	-1.009304	11	65	1	0.049
0.261799	0.831641	0.616218	7	94	0	0.049
0.000000	2.343981	-1.040456	2	71	154	0.049
-2.094395	1.998705	2.370472	11	80	8	0.049
-1.832596	1.998705	2.370472	0	70	157	0.049
0.785398	1.413347	-1.339188	4	75	1	0.049
2.879793	1.413347	-1.339188	3	78	6	0.049
-1.570796	1.335669	0.897240	9	80	159	0.049
-1.570796	1.870545	-2.976234	0	75	8	0.049
0.261799	1.870545	-2.976234	2	69	9	0.049
-1.047198	0.379747	-1.713059	2	68	157	0.049
1.308997	0.379747	-1.713059	8	69	7	0.049
1.570796	0.379747	-1.713059	0	74	2	0.049
1.832596	0.379747	-1.713059	0	75	159	0.049
2.094395	0.379747	-1.713059	3	75	4	0.049
-1.570796	2.187132	-0.479875	156	95	2	0.049
0.261799	2.299159	2.264663	0	77	0	0.049
2.617994	2.299159	2.264663	2	80	5	0.049
2.879793	2.299159	2.264663	1	74	5	0.049
-1.047198	1.812176	0.656819	4	100	158	0.049
1.832596	1.812176	0.656819	4	94	3	0.049
2.094395	1.812176	0.656819	2	75	3	0.049
2.879793	1.812176	0.656819	1	95	0	0.049
-2.356194	2.719179	-1.780644	7	79	0	0.049
-1.832596	2.719179	-1.780644	0	94	5	0.049
-2.617994	0.864993	2.278281	0	69	0	0.049
-2.879793	1.014500	0.906702	3	75	2	0.049
-2.617994	1.014500	0.906702	8	67	4	0.049
-1.832596	1.014500	0.906702	5	70	3	0.049
1.308997	1.014500	0.906702	9	72	6	0.049
0.785398	2.247462	0.191623	157	65	0	0.049
-0.261799	2.724429	-0.348782	4	69	9	0.049
0.785398	2.724429	-0.348782	12	64	156	0.049
2.356194	2.724429	-0.348782	154	80	0	0.049
-2.617994	1.194549	-0.801900	2	71	159	0.049
0.261799	1.504028	0.636812	6	65	157	0.049
-0.261799	1.741644	-2.695914	0	75	1	0.049
-2.617994	2.174483	2.653697	158	99	2	0.049
1.570796	2.174483	2.653697	157	67	9	0.049
2.094395	2.174483	2.653697	157	69	4	0.049
-1.047198	2.664082	-1.071402	6	78	158	0.049
-2.617994	2.579248	-2.364801	0	77	3	0.049
-1.832596	2.579248	-2.364801	11	67	3	0.049
2.094395	2.984978	1.954446	4	64	6	0.049
-0.523599	1.809167	1.213774	7	79	8	0.049
0.261799	1.809167	1.213774	14	68	158	0.049
1.832596	1.135834	-1.431087	16	100	0	0.049
-2.617994	1.195355	1.200319	5	74	158	0.049
2.617994	1.195355	1.200319	2	78	1	0.049
2.879793	1.310100	1.488307	159	73	156	0.049
0.785398	2.153910	-1.714959	5	68	3	0.049
-1.308997	1.134497	-1.109631	4	74	8	0.049
0.785398	1.134497	-1.109631	2	100	5	0.049
-2.879793	0.961715	0.014085	2	80	4	0.049
-0.261799	1.367556	0.358405	3	64	4	0.049
1.047198	2.863997	0.549740	4	77	6	0.049
2.617994	1.045978	0.343692	0	80	5	0.049
-2.094395	1.545873	-1.877082	10	74	6	0.049
0.785398	1.545873	-1.877082	8	92	0	0.049
-0.523599	1.836682	-0.676006	0	68	6	0.049
-2.356194	1.948085	-2.363031	7	72	2	0.049
0.523599	1.948085	-2.363031	6	69	11	0.049
-2.094395	0.591903	2.010408	159	78	6	0.049
0.000000	0.591903	2.010408	9	67	5	0.049
-1.570796	2.760637	2.781135	18	68	0	0.049
0.261799	2.760637	2.781135	13	80	1	0.049
1.570796	2.760637	2.781135	158	71	3	0.049
2.617994	1.256302	0.062705	0	63	154	0.049
-2.879793	1.113094	-0.272241	2	79	6	0.049
-0.523599	2.407836	1.410646	3	80	11	0.049
0.000000	2.407836	1.410646	154	69	1	0.049
0.261799	2.407836	1.410646	157	100	9	0.049
1.832596	2.407836	1.410646	0	69	10	0.049
-1.308997	0.619654	-2.216909	10	80	7	0.049
-1.047198	0.619654	-2.216909	5	69	12	0.049
-3.141593	2.001437	0.381215	7	79	3	0.049
-1.570796	2.349581	-2.702517	6	79	159	0.049
-0.785398	1.168678	2.108595	4	68	158	0.049
0.261799	1.168678	2.108595	4	69	7	0.049
1.570796	1.168678	2.108595	152	69	3	0.049
1.832596	1.168678	2.108595	2	69	7	0.049
-0.261799	2.478122	2.609777	156	75	5	0.049
1.308997	2.478122	2.609777	156	72	3	0.049
-2.617994	1.699788	2.452890	2	78	5	0.049
-2.356194	1.699788	2.452890	7	64	2	0.049
2.356194	1.184361	0.625864	8	75	5	0.049
-1.570796	2.108018	1.311430	5	74	12	0.049
-0.785398	2.108018	1.311430	3	93	157	0.049
0.000000	2.108018	1.311430	157	74	158	0.049
0.261799	2.108018	1.311430	6	95	2	0.049
-0.785398	1.488617	1.159546	156	75	159	0.049
-0.261799	1.325504	-1.671296	3	75	159	0.049
-2.094395	1.506530	1.988858	3	100	1	0.049
1.832596	1.977582	0.969896	0	73	2	0.049
2.356194	1.977582	0.969896	4	94	4	0.049
2.617994	1.218453	2.777284	8	73	0	0.049
0.000000	1.510910	-0.740472	2	92	10	0.049
1.047198	1.510910	-0.740472	0	74	3	0.049
2.617994	0.571433	-1.188419	8	69	5	0.049
-2.356194	1.982574	-1.115518	157	71	4	0.049
1.832596	1.982574	-1.115518	157	71	6	0.049
1.308997	2.033014	2.977192	2	75	9	0.049
-3.141593	0.297065	2.160177	9	63	1	0.049
0.000000	0.297065	2.160177	5	68	8	0.049
0.261799	0.297065	2.160177	0	77	7	0.049
-1.570796	0.080730	-2.622036	7	63	156	0.049
-1.308997	0.080730	-2.622036	0	64	6	0.049
-2.879793	0.992645	-1.723759	9	69	7	0.049
0.000000	1.872854	1.543456	2	92	159	0.049
1.308997	1.872854	1.543456	7	79	9	0.049
0.523599	0.762244	-0.273349	2	69	5	0.049
2.617994	1.050534	3.042579	7	93	3	0.049
-1.570796	1.721184	-0.153948	1	97	159	0.049
-0.523599	1.721184	-0.153948	8	77	4	0.049
2.879793	1.721184	-0.153948	155	94	3	0.049
0.785398	0.733948	3.021411	6	80	156	0.049
2.879793	0.733948	3.021411	1	68	159	0.049
2.094395	0.685216	-1.712745	10	93	158	0.049
-2.356194	2.063651	-2.044600	7	77	10	0.049
-0.523599	0.700570	1.559208	4	80	3	0.049
-0.785398	1.025536	1.576859	158	78	159	0.049
0.000000	1.025536	1.576859	4	79	1	0.049
-1.570796	2.251330	-2.330739	12	69	6	0.049
2.617994	1.374601	-2.456031	155	68	1	0.049
-2.356194	0.960688	-0.577532	8	69	1	0.049
2.094395	1.824694	1.850876	2	78	1	0.049
-2.094395	2.704512	1.488683	0	77	8	0.049
-2.094395	0.910508	1.903534	0	72	0	0.049
-2.617994	1.128190	-2.288622	4	68	7	0.049
-0.785398	1.128190	-2.288622	156	69	159	0.049
-2.617994	2.881233	-2.582574	4	99	1	0.049
-1.570796	2.881233	-2.582574	158	69	2	0.049
2.356194	1.696674	-1.253233	11	77	9	0.049
-1.832596	2.073035	2.027405	13	69	7	0.049
0.523599	1.875281	0.107086	0	68	3	0.049
0.000000	1.247695	1.809890	7	75	10	0.049
-2.094395	1.301460	-0.509251	2	79	0	0.049
1.570796	1.301460	-0.509251	156	69	158	0.049
-1.570796	1.904882	-1.478089	11	69	3	0.049
-2.094395	0.709924	0.218797	0	80	154	0.049
-2.094395	0.496451	0.593859	3	75	0	0.049
1.570796	2.379497	0.561089	155	79	7	0.049
2.356194	2.379497	0.561089	159	94	0	0.049
2.617994	2.379497	0.561089	0	68	11	0.049
-2.094395	1.433411	-1.035986	5	74	1	0.049
-2.617994	0.418037	1.360082	158	64	157	0.049
-2.094395	0.418037	1.360082	6	95	6	0.049
0.000000	0.418037	1.360082	4	64	4	0.049
0.261799	0.418037	1.360082	1	65	6	0.049
-1.047198	1.214854	-1.966664	3	77	6	0.049
0.000000	0.914445	2.687814	151	75	8	0.049
0.000000	1.448123	-2.163292	7	76	157	0.049
2.617994	1.662363	0.915448	2	97	6	0.049
-2.094395	1.658653	-2.409879	0	69	2	0.049
2.356194	2.719179	-1.780644	158	68	3	0.049
-0.785398	1.809167	1.213774	6	80	2	0.049
1.832596	1.736875	3.023612	9	69	2	0.049
-3.141593	1.050534	3.042579	157	95	1	0.049
-2.356194	2.404280	-0.174044	3	100	1	0.048
2.617994	0.458961	-0.107937	7	70	159	0.048
2.879793	1.569311	-3.003978	157	95	4	0.048
2.094395	1.413430	2.550734	6	68	0	0.048
2.879793	2.719179	-1.780644	159	100	4	0.048
-2.094395	2.664082	-1.071402	154	92	3	0.048
-1.832596	2.664082	-1.071402	4	98	0	0.048
-0.523599	2.153910	-1.714959	1	80	1	0.048
-2.879793	1.836682	-0.676006	154	102	1	0.048
-1.832596	2.456751	-1.503343	5	99	4	0.048
-2.879793	2.478122	2.609777	1	95	0	0.048
-0.523599	1.555207	1.708892	5	74	158	0.048
-3.141593	1.510910	-0.740472	0	78	159	0.048
-2.356194	0.571433	-1.188419	159	66	4	0.048
1.832596	0.571433	-1.188419	1	98	158	0.048
-1.570796	1.982574	-1.115518	5	69	156	0.048
-2.094395	0.992645	-1.723759	0	77	1	0.048
0.261799	2.104282	-0.813972	8	69	1	0.048
-2.617994	0.929350	-2.910676	2	78	3	0.048
0.261799	1.696674	-1.253233	1	69	157	0.048
2.617994	1.247695	1.809890	10	78	156	0.048
0.785398	0.709924	0.218797	8	70	159	0.048
2.094395	1.448123	-2.163292	159	80	5	0.048
-0.785398	1.662363	0.915448	157	65	5	0.048
0.000000	2.979456	-1.009304	157	67	1	0.048
1.570796	2.587733	0.232235	153	68	10	0.048
2.356194	0.379747	-1.713059	158	100	2	0.048
-2.356194	1.741644	-2.695914	0	67	153	0.048
-1.047198	0.914445	2.687814	153	72	158	0.048
-1.570796	2.299159	2.264663	0	78	3	0.048
0.000000	2.115563	0.685730	5	80	5	0.048
2.094395	1.756530	-2.105156	9	79	158	0.048
2.617994	1.756530	-2.105156	155	69	4	0.048
-3.141593	0.458961	-0.107937	3	99	155	0.048
0.523599	1.599406	1.426070	3	72	1	0.048
-2.617994	1.554776	0.100351	1	69	7	0.048
-0.523599	0.618092	2.539118	10	80	1	0.048
0.000000	0.618092	2.539118	158	74	158	0.048
0.785398	0.618092	2.539118	2	67	2	0.048
-1.570796	0.615174	-0.666022	4	75	157	0.048
-1.570796	2.393226	1.857173	156	75	1	0.048
-1.308997	2.393226	1.857173	9	99	7	0.048
1.832596	2.393226	1.857173	159	68	5	0.048
-1.308997	0.419640	2.974122	5	69	6	0.048
0.000000	0.419640	2.974122	7	74	153	0.048
2.879793	0.419640	2.974122	158	72	9	0.048
-2.879793	2.587733	0.232235	0	69	5	0.048
0.000000	1.413430	2.550734	157	74	156	0.048
1.570796	0.850607	-1.335383	159	98	5	0.048
-1.308997	0.370812	-2.547742	158	80	11	0.048
-2.356194	2.979456	-1.009304	4	75	1	0.048
-2.356194	1.413347	-1.339188	1	79	2	0.048
-0.785398	1.335669	0.897240	157	72	2	0.048
0.523599	1.812176	0.656819	5	69	1	0.048
1.308997	1.812176	0.656819	1	69	9	0.048
-2.617994	2.396274	-1.959260	157	94	2	0.048
-1.308997	2.396274	-1.959260	6	75	155	0.048
2.617994	0.866395	-2.492918	0	74	157	0.048
-2.094395	1.617114	-1.572037	7	79	2	0.048
-0.261799	2.247462	0.191623	5	98	3	0.048
0.523599	2.247462	0.191623	4	69	2	0.048
-2.094395	2.724429	-0.348782	1	78	3	0.048
-0.785398	1.194549	-0.801900	150	79	5	0.048
-1.832596	2.174483	2.653697	4	70	155	0.048
2.094395	2.664082	-1.071402	11	69	6	0.048
1.047198	0.899350	-2.069907	157	65	6	0.048
-0.523599	1.766067	2.153843	12	79	6	0.048
-1.570796	1.809167	1.213774	156	68	10	0.048
-0.785398	1.195355	1.200319	3	59	159	0.048
2.094395	2.153910	-1.714959	5	80	9	0.048
-3.141593	1.367556	0.358405	7	79	159	0.048
-1.047198	1.440580	2.260026	8	75	2	0.048
-1.570796	2.863997	0.549740	158	80	5	0.048
-0.523599	2.863997	0.549740	3	80	157	0.048
1.308997	2.863997	0.549740	5	69	8	0.048
1.832596	2.863997	0.549740	3	69	156	0.048
2.879793	1.045978	0.343692	159	68	5	0.048
-1.832596	1.545873	-1.877082	156	74	2	0.048
-0.785398	1.836682	-0.676006	3	100	159	0.048
1.570796	1.948085	-2.363031	153	79	4	0.048
-2.879793	0.591903	2.010408	157	70	7	0.048
-2.356194	0.591903	2.010408	6	100	7	0.048
-0.523599	2.760637	2.781135	8	74	0	0.048
0.523599	2.592629	0.909713	1	99	5	0.048
1.047198	2.592629	0.909713	155	79	10	0.048
-0.785398	1.113094	-0.272241	156	69	4	0.048
-2.356194	2.089241	-0.114193	2	78	1	0.048
1.308997	2.456751	-1.503343	155	95	3	0.048
-2.617994	2.138223	1.678323	4	100	6	0.048
-2.879793	1.168678	2.108595	157	94	0	0.048
2.356194	2.180315	-1.357379	4	98	1	0.048
0.523599	1.184361	0.625864	156	68	2	0.048
2.617994	2.108018	1.311430	158	72	153	0.048
0.261799	1.977582	0.969896	156	80	7	0.048
-2.617994	1.218453	2.777284	3	74	6	0.048
-0.261799	1.218453	2.777284	0	100	159	0.048
-1.047198	1.555207	1.708892	151	80	2	0.048
-0.261799	2.295480	1.008277	6	78	158	0.048
2.617994	2.295480	1.008277	154	69	9	0.048
-1.570796	0.571433	-1.188419	1	77	156	0.048
0.261799	1.982574	-1.115518	6	69	3	0.048
-2.617994	2.033014	2.977192	159	69	1	0.048
-2.094395	0.080730	-2.622036	159	72	158	0.048
-2.094395	1.050534	3.042579	2	75	5	0.048
-1.832596	1.721184	-0.153948	2	80	9	0.048
-0.785398	1.721184	-0.153948	0	78	4	0.048
-1.832596	0.733948	3.021411	0	70	0	0.048
-0.261799	0.733948	3.021411	8	96	158	0.048
-1.047198	0.685216	-1.712745	0	68	6	0.048
-0.523599	0.685216	-1.712745	5	75	156	0.048
2.094395	2.251330	-2.330739	6	95	1	0.048
-2.879793	1.824694	1.850876	10	94	157	0.048
1.308997	1.824694	1.850876	158	95	0	0.048
-1.047198	0.910508	1.903534	7	69	158	0.048
2.617994	0.929350	-2.910676	158	93	2	0.048
-2.094395	1.696674	-1.253233	0	69	3	0.048
-0.523599	1.875281	0.107086	156	78	159	0.048
0.261799	1.301460	-0.509251	5	67	155	0.048
-0.523599	0.709924	0.218797	154	80	4	0.048
-1.570796	1.433411	-1.035986	158	65	2	0.048
1.570796	1.433411	-1.035986	3	92	154	0.048
2.617994	1.433411	-1.035986	2	99	2	0.048
2.356194	1.448123	-2.163292	1	78	10	0.048
-1.308997	2.455966	-0.641220	5	69	1	0.048
-2.094395	2.396274	-1.959260	154	74	2	0.048
-3.141593	1.194549	-0.801900	0	69	3	0.048
2.617994	0.619654	-2.216909	6	78	156	0.048
-1.047198	0.929350	-2.910676	2	67	159	0.048
0.261799	1.846342	-1.796954	3	77	157	0.048
-1.308997	1.413347	-1.339188	8	100	1	0.048
-2.094395	0.960688	-0.577532	0	79	1	0.048
2.356194	0.297065	2.160177	150	64	4	0.047
-2.879793	1.869911	2.701025	2	69	4	0.047
-0.261799	0.850607	-1.335383	156	70	9	0.047
-0.785398	2.299159	2.264663	158	69	10	0.047
-0.523599	1.812176	0.656819	4	78	158	0.047
1.570796	2.719179	-1.780644	5	68	158	0.047
0.000000	1.014500	0.906702	156	79	6	0.047
1.570796	2.724429	-0.348782	5	69	1	0.047
0.523599	1.194549	-0.801900	158	68	156	0.047
-0.785398	0.961715	0.014085	5	69	158	0.047
-1.570796	1.367556	0.358405	0	97	0	0.047
0.523599	1.045978	0.343692	0	75	157	0.047
0.785398	1.836682	-0.676006	159	73	159	0.047
-3.141593	2.760637	2.781135	159	95	1	0.047
2.879793	1.113094	-0.272241	3	94	158	0.047
-2.356194	2.456751	-1.503343	5	79	3	0.047
2.879793	2.180315	-1.357379	159	69	1	0.047
-0.785398	0.992645	-1.723759	8	79	1	0.047
1.047198	2.104282	-0.813972	157	74	3	0.047
-2.879793	2.588535	-2.976617	10	68	156	0.047
-1.570796	1.732874	-0.951685	3	75	157	0.047
1.832596	1.732874	-0.951685	1	70	4	0.047
-2.094395	1.824694	1.850876	4	80	156	0.047
-1.832596	0.929350	-2.910676	8	70	5	0.047
-0.261799	0.929350	-2.910676	13	78	157	0.047
-0.261799	1.875281	0.107086	157	80	1	0.047
2.617994	1.904882	-1.478089	157	67	12	0.047
2.094395	1.488617	1.159546	154	67	157	0.047
-2.356194	1.413430	2.550734	156	73	5	0.047
0.785398	2.343981	-1.040456	157	65	3	0.047
1.570796	1.440580	2.260026	5	69	159	0.047
1.570796	1.325504	-1.671296	0	79	2	0.047
-3.141593	1.128190	-2.288622	5	69	158	0.047
2.094395	1.574060	2.783565	1	74	158	0.047
0.261799	0.850607	-1.335383	1	69	158	0.047
-1.047198	0.418037	1.360082	12	68	155	0.047
-3.141593	1.450119	-2.739050	156	90	1	0.047
-2.879793	1.450119	-2.739050	6	89	8	0.047
-1.308997	1.450119	-2.739050	5	78	10	0.047
-1.047198	1.450119	-2.739050	1	88	7	0.047
-0.785398	1.450119	-2.739050	0	85	10	0.047
0.261799	1.450119	-2.739050	8	87	157	0.047
1.570796	1.450119	-2.739050	159	90	6	0.047
2.094395	1.450119	-2.739050	157	84	12	0.047
2.356194	1.450119	-2.739050	7	73	5	0.047
2.617994	1.450119	-2.739050	0	89	7	0.047
2.879793	1.450119	-2.739050	158	88	10	0.047
-2.879793	2.404280	-0.174044	159	89	4	0.047
-2.617994	2.404280	-0.174044	5	89	5	0.047
-0.261799	2.404280	-0.174044	8	90	3	0.047
0.000000	2.404280	-0.174044	5	88	5	0.047
0.261799	2.404280	-0.174044	0	90	9	0.047
1.570796	2.404280	-0.174044	9	65	5	0.047
1.832596	2.404280	-0.174044	5	85	10	0.047
2.094395	2.404280	-0.174044	2	87	0	0.047
-1.308997	2.115563	0.685730	6	85	3	0.047
-1.047198	2.115563	0.685730	157	83	3	0.047
-0.785398	2.115563	0.685730	156	90	8	0.047
-0.523599	2.115563	0.685730	156	89	8	0.047
-0.261799	2.115563	0.685730	154	82	1	0.047
0.261799	2.115563	0.685730	1	90	2	0.047
0.785398	2.115563	0.685730	7	64	10	0.047
1.047198	2.115563	0.685730	158	85	9	0.047
1.570796	2.115563	0.685730	1	82	10	0.047
1.832596	2.115563	0.685730	5	90	1	0.047
2.094395	2.115563	0.685730	159	90	7	0.047
-2.879793	1.756530	-2.105156	8	84	11	0.047
-2.617994	1.756530	-2.105156	8	85	9	0.047
-2.356194	1.756530	-2.105156	4	83	157	0.047
-2.094395	1.756530	-2.105156	3	90	7	0.047
-1.832596	1.756530	-2.105156	14	88	5	0.047
-1.570796	1.756530	-2.105156	4	89	0	0.047
-1.047198	1.756530	-2.105156	3	88	7	0.047
-0.523599	1.756530	-2.105156	155	82	1	0.047
0.000000	1.756530	-2.105156	155	84	5	0.047
1.047198	1.756530	-2.105156	156	69	13	0.047
1.308997	1.756530	-2.105156	159	84	5	0.047
2.356194	1.756530	-2.105156	3	90	7	0.047
-2.617994	1.869911	2.701025	0	84	11	0.047
-1.047198	1.869911	2.701025	7	90	7	0.047
-0.261799	1.869911	2.701025	13	63	7	0.047
0.000000	1.869911	2.701025	11	83	8	0.047
0.785398	1.869911	2.701025	1	85	9	0.047
1.047198	1.869911	2.701025	3	84	7	0.047
1.308997	1.869911	2.701025	0	81	5	0.047
2.094395	1.869911	2.701025	159	82	1	0.047
-2.617994	0.458961	-0.107937	12	63	154	0.047
-2.356194	0.458961	-0.107937	157	83	156	0.047
-1.832596	0.458961	-0.107937	156	90	158	0.047
-1.570796	0.458961	-0.107937	1	82	154	0.047
-0.785398	0.458961	-0.107937	16	82	5	0.047
-0.523599	0.458961	-0.107937	2	89	6	0.047
-0.261799	0.458961	-0.107937	6	84	7	0.047
0.000000	0.458961	-0.107937	158	89	10	0.047
0.261799	0.458961	-0.107937	7	89	156	0.047
1.308997	0.458961	-0.107937	2	89	7	0.047
-1.570796	1.599406	1.426070	3	89	155	0.047
-0.261799	1.599406	1.426070	2	82	4	0.047
0.261799	1.599406	1.426070	3	88	7	0.047
1.308997	1.599406	1.426070	158	87	5	0.047
2.879793	1.599406	1.426070	156	90	9	0.047
-2.356194	1.554776	0.100351	158	89	9	0.047
-2.094395	1.554776	0.100351	0	88	3	0.047
-1.832596	1.554776	0.100351	159	85	1	0.047
-0.523599	1.554776	0.100351	2	85	3	0.047
-0.261799	1.554776	0.100351	9	84	7	0.047
0.523599	1.554776	0.100351	155	81	4	0.047
1.047198	1.554776	0.100351	158	85	3	0.047
1.308997	1.554776	0.100351	156	88	3	0.047
2.879793	1.554776	0.100351	8	90	6	0.047
-2.356194	0.618092	2.539118	8	82	157	0.047
-1.832596	0.618092	2.539118	4	84	4	0.047
-1.570796	0.618092	2.539118	158	65	8	0.047
-1.308997	0.618092	2.539118	8	63	8	0.047
0.261799	0.618092	2.539118	0	88	8	0.047
0.523599	0.618092	2.539118	1	88	6	0.047
1.047198	0.618092	2.539118	9	86	4	0.047
1.308997	0.618092	2.539118	157	83	158	0.047
1.832596	0.618092	2.539118	5	90	9	0.047
2.094395	0.618092	2.539118	1	85	11	0.047
2.879793	0.618092	2.539118	4	84	2	0.047
-2.617994	1.846342	-1.796954	12	84	3	0.047
-2.356194	1.846342	-1.796954	159	85	3	0.047
-1.832596	1.846342	-1.796954	155	90	9	0.047
-1.570796	1.846342	-1.796954	13	90	158	0.047
-1.047198	1.846342	-1.796954	4	88	7	0.047
0.000000	1.846342	-1.796954	9	90	3	0.047
1.308997	1.846342	-1.796954	159	84	11	0.047
1.570796	1.846342	-1.796954	4	88	9	0.047
2.356194	1.846342	-1.796954	4	85	8	0.047
-2.879793	0.615174	-0.666022	1	82	1	0.047
-2.617994	0.615174	-0.666022	158	82	12	0.047
-2.356194	0.615174	-0.666022	4	84	12	0.047
-2.094395	0.615174	-0.666022	3	83	159	0.047
-1.832596	0.615174	-0.666022	11	89	7	0.047
-0.785398	0.615174	-0.666022	150	89	7	0.047
-0.523599	0.615174	-0.666022	5	89	3	0.047
0.000000	0.615174	-0.666022	4	82	8	0.047
0.523599	0.615174	-0.666022	7	85	5	0.047
0.785398	0.615174	-0.666022	153	90	7	0.047
1.308997	0.615174	-0.666022	5	88	4	0.047
-3.141593	2.393226	1.857173	157	79	10	0.047
-2.356194	2.393226	1.857173	8	90	3	0.047
-2.094395	2.393226	1.857173	158	89	9	0.047
-1.832596	2.393226	1.857173	0	84	157	0.047
-0.261799	2.393226	1.857173	8	85	159	0.047
0.261799	2.393226	1.857173	156	90	7	0.047
0.785398	2.393226	1.857173	5	84	4	0.047
1.047198	2.393226	1.857173	3	90	11	0.047
1.308997	2.393226	1.857173	159	84	7	0.047
2.094395	2.393226	1.857173	150	88	4	0.047
2.617994	2.393226	1.857173	157	83	14	0.047
-3.141593	1.569311	-3.003978	7	72	4	0.047
-2.879793	1.569311	-3.003978	1	87	1	0.047
-2.356194	1.569311	-3.003978	6	84	1	0.047
-2.094395	1.569311	-3.003978	6	86	3	0.047
-0.785398	1.569311	-3.003978	6	88	13	0.047
-0.523599	1.569311	-3.003978	2	89	3	0.047
0.000000	1.569311	-3.003978	6	88	10	0.047
0.261799	1.569311	-3.003978	159	89	7	0.047
1.308997	1.569311	-3.003978	5	84	2	0.047
1.570796	1.569311	-3.003978	155	85	10	0.047
1.832596	1.569311	-3.003978	10	89	159	0.047
2.356194	1.569311	-3.003978	154	84	9	0.047
2.617994	1.569311	-3.003978	156	84	5	0.047
-3.141593	0.419640	2.974122	5	85	4	0.047
-2.879793	0.419640	2.974122	10	88	4	0.047
-2.356194	0.419640	2.974122	6	90	8	0.047
-2.094395	0.419640	2.974122	6	89	8	0.047
-1.832596	0.419640	2.974122	8	89	7	0.047
-1.047198	0.419640	2.974122	155	88	3	0.047
0.523599	0.419640	2.974122	155	86	9	0.047
1.047198	0.419640	2.974122	5	88	8	0.047
1.308997	0.419640	2.974122	156	84	7	0.047
1.570796	0.419640	2.974122	8	65	7	0.047
2.094395	0.419640	2.974122	1	88	0	0.047
2.356194	0.419640	2.974122	4	90	6	0.047
2.617994	0.419640	2.974122	157	81	6	0.047
-2.094395	1.134796	2.434290	155	88	6	0.047
-1.832596	1.134796	2.434290	1	84	12	0.047
-1.308997	1.134796	2.434290	3	79	6	0.047
-0.785398	1.134796	2.434290	159	84	9	0.047
-0.523599	1.134796	2.434290	6	89	5	0.047
-0.261799	1.134796	2.434290	157	87	158	0.047
0.000000	1.134796	2.434290	8	90	6	0.047
1.047198	1.134796	2.434290	7	69	9	0.047
1.308997	1.134796	2.434290	11	85	5	0.047
1.570796	1.134796	2.434290	9	79	7	0.047
1.832596	1.134796	2.434290	10	88	158	0.047
2.356194	1.134796	2.434290	19	90	5	0.047
2.617994	1.134796	2.434290	159	88	156	0.047
-2.617994	1.574060	2.783565	5	83	9	0.047
-2.094395	1.574060	2.783565	156	82	3	0.047
-1.570796	1.574060	2.783565	159	82	6	0.047
-0.523599	1.574060	2.783565	11	85	9	0.047
0.000000	1.574060	2.783565	7	84	6	0.047
0.785398	1.574060	2.783565	159	86	7	0.047
1.047198	1.574060	2.783565	1	84	8	0.047
1.570796	1.574060	2.783565	5	84	2	0.047
2.879793	1.574060	2.783565	158	83	14	0.047
-2.094395	2.587733	0.232235	1	84	5	0.047
-1.308997	2.587733	0.232235	7	89	9	0.047
-0.523599	2.587733	0.232235	8	87	7	0.047
0.523599	2.587733	0.232235	6	90	4	0.047
0.785398	2.587733	0.232235	10	64	6	0.047
1.308997	2.587733	0.232235	3	84	6	0.047
2.356194	2.587733	0.232235	156	83	6	0.047
2.617994	2.587733	0.232235	159	89	9	0.047
-2.879793	1.413430	2.550734	157	89	11	0.047
-1.570796	1.413430	2.550734	10	90	5	0.047
-1.308997	1.413430	2.550734	0	85	8	0.047
-1.047198	1.413430	2.550734	7	90	6	0.047
-0.523599	1.413430	2.550734	11	89	1	0.047
0.523599	1.413430	2.550734	5	90	11	0.047
1.308997	1.413430	2.550734	8	88	7	0.047
1.570796	1.413430	2.550734	8	90	10	0.047
1.832596	1.413430	2.550734	149	88	5	0.047
-3.141593	1.417623	-0.202254	9	82	154	0.047
-2.617994	1.417623	-0.202254	158	88	0	0.047
-2.356194	1.417623	-0.202254	4	82	8	0.047
-2.094395	1.417623	-0.202254	1	89	158	0.047
-1.308997	1.417623	-0.202254	9	89	4	0.047
-1.047198	1.417623	-0.202254	4	89	11	0.047
-0.785398	1.417623	-0.202254	15	90	156	0.047
0.261799	1.417623	-0.202254	11	83	5	0.047
1.832596	1.417623	-0.202254	5	89	10	0.047
2.094395	1.417623	-0.202254	3	90	8	0.047
-2.094395	0.850607	-1.335383	157	105	9	0.047
-1.570796	0.850607	-1.335383	0	89	8	0.047
-0.785398	0.850607	-1.335383	6	89	8	0.047
-0.523599	0.850607	-1.335383	14	89	159	0.047
0.785398	0.850607	-1.335383	1	88	8	0.047
1.308997	0.850607	-1.335383	6	87	9	0.047
1.832596	0.850607	-1.335383	154	83	7	0.047
2.094395	0.850607	-1.335383	0	85	11	0.047
2.356194	0.850607	-1.335383	149	89	5	0.047
2.617994	0.850607	-1.335383	6	85	5	0.047
2.879793	0.850607	-1.335383	2	84	159	0.047
-3.141593	0.370812	-2.547742	5	85	11	0.047
-2.879793	0.370812	-2.547742	3	88	3	0.047
-2.617994	0.370812	-2.547742	8	87	154	0.047
-2.356194	0.370812	-2.547742	154	84	6	0.047
-1.832596	0.370812	-2.547742	156	83	158	0.047
-0.523599	0.370812	-2.547742	5	90	10	0.047
0.000000	0.370812	-2.547742	11	88	6	0.047
0.261799	0.370812	-2.547742	156	82	158	0.047
0.523599	0.370812	-2.547742	159	87	4	0.047
1.308997	0.370812	-2.547742	1	90	8	0.047
1.570796	0.370812	-2.547742	6	85	7	0.047
2.879793	0.370812	-2.547742	3	85	8	0.047
-2.879793	0.640596	-2.797608	157	82	5	0.047
-2.617994	0.640596	-2.797608	9	89	5	0.047
-2.094395	0.640596	-2.797608	9	89	5	0.047
-1.832596	0.640596	-2.797608	4	84	1	0.047
-1.308997	0.640596	-2.797608	6	90	5	0.047
-0.523599	0.640596	-2.797608	5	84	8	0.047
0.261799	0.640596	-2.797608	5	90	4	0.047
1.570796	0.640596	-2.797608	3	81	9	0.047
1.832596	0.640596	-2.797608	11	85	5	0.047
2.356194	0.640596	-2.797608	8	90	10	0.047
2.617994	0.640596	-2.797608	4	90	9	0.047
-2.617994	2.979456	-1.009304	0	84	158	0.047
-1.832596	2.979456	-1.009304	10	87	1	0.047
-1.570796	2.979456	-1.009304	7	88	4	0.047
0.523599	2.979456	-1.009304	158	89	159	0.047
1.047198	2.979456	-1.009304	5	90	2	0.047
1.570796	2.979456	-1.009304	7	85	5	0.047
2.094395	2.979456	-1.009304	6	90	6	0.047
2.617994	2.979456	-1.009304	6	65	2	0.047
2.879793	2.979456	-1.009304	7	84	11	0.047
-3.141593	0.831641	0.616218	5	65	1	0.047
-2.617994	0.831641	0.616218	3	90	1	0.047
-2.094395	0.831641	0.616218	5	90	155	0.047
-1.570796	0.831641	0.616218	3	85	4	0.047
-0.785398	0.831641	0.616218	0	83	7	0.047
0.000000	0.831641	0.616218	1	65	1	0.047
0.523599	0.831641	0.616218	12	90	3	0.047
1.308997	0.831641	0.616218	3	63	3	0.047
1.570796	0.831641	0.616218	155	88	5	0.047
1.832596	0.831641	0.616218	0	85	155	0.047
2.356194	0.831641	0.616218	0	90	5	0.047
-3.141593	2.343981	-1.040456	1	89	156	0.047
-2.879793	2.343981	-1.040456	153	82	5	0.047
-2.617994	2.343981	-1.040456	152	82	1	0.047
-2.094395	2.343981	-1.040456	5	84	6	0.047
-1.832596	2.343981	-1.040456	0	84	9	0.047
-1.308997	2.343981	-1.040456	9	84	6	0.047
0.261799	2.343981	-1.040456	6	89	159	0.047
1.308997	2.343981	-1.040456	2	85	11	0.047
1.570796	2.343981	-1.040456	158	87	3	0.047
2.356194	2.343981	-1.040456	10	90	8	0.047
2.879793	2.343981	-1.040456	3	85	11	0.047
-1.570796	1.998705	2.370472	2	85	157	0.047
-1.308997	1.998705	2.370472	9	90	10	0.047
-0.523599	1.998705	2.370472	10	90	3	0.047
0.523599	1.998705	2.370472	0	86	1	0.047
0.785398	1.998705	2.370472	5	79	10	0.047
1.047198	1.998705	2.370472	16	88	2	0.047
1.570796	1.998705	2.370472	157	90	10	0.047
1.832596	1.998705	2.370472	158	88	1	0.047
2.094395	1.998705	2.370472	4	87	3	0.047
2.879793	1.998705	2.370472	9	83	7	0.047
-3.141593	1.413347	-1.339188	8	89	6	0.047
-2.094395	1.413347	-1.339188	5	90	4	0.047
-1.832596	1.413347	-1.339188	159	87	13	0.047
-0.785398	1.413347	-1.339188	7	90	8	0.047
-0.523599	1.413347	-1.339188	6	87	1	0.047
-0.261799	1.413347	-1.339188	7	83	11	0.047
0.000000	1.413347	-1.339188	13	82	2	0.047
1.047198	1.413347	-1.339188	153	85	1	0.047
1.570796	1.413347	-1.339188	159	82	9	0.047
2.356194	1.413347	-1.339188	153	75	6	0.047
-2.879793	0.674054	1.013609	4	87	155	0.047
-2.617994	0.674054	1.013609	157	89	2	0.047
-1.832596	0.674054	1.013609	159	89	9	0.047
-1.047198	0.674054	1.013609	4	88	3	0.047
0.261799	0.674054	1.013609	4	84	2	0.047
1.047198	0.674054	1.013609	3	89	8	0.047
1.832596	0.674054	1.013609	152	92	9	0.047
2.094395	0.674054	1.013609	6	82	9	0.047
-3.141593	0.906588	1.252948	159	87	158	0.047
-2.617994	0.906588	1.252948	5	88	6	0.047
-2.094395	0.906588	1.252948	8	88	8	0.047
-1.570796	0.906588	1.252948	10	90	8	0.047
-1.308997	0.906588	1.252948	9	84	2	0.047
-0.523599	0.906588	1.252948	3	89	7	0.047
0.000000	0.906588	1.252948	0	84	156	0.047
1.308997	0.906588	1.252948	154	85	9	0.047
-3.141593	1.335669	0.897240	158	88	3	0.047
-2.617994	1.335669	0.897240	155	84	11	0.047
-1.832596	1.335669	0.897240	9	90	2	0.047
-1.047198	1.335669	0.897240	11	63	3	0.047
0.000000	1.335669	0.897240	6	89	10	0.047
1.570796	1.335669	0.897240	5	85	0	0.047
2.094395	1.335669	0.897240	153	81	6	0.047
2.617994	1.335669	0.897240	1	88	5	0.047
-3.141593	1.870545	-2.976234	9	90	159	0.047
-2.356194	1.870545	-2.976234	0	88	5	0.047
-2.094395	1.870545	-2.976234	7	89	8	0.047
-1.832596	1.870545	-2.976234	10	90	5	0.047
-1.308997	1.870545	-2.976234	4	84	158	0.047
-0.261799	1.870545	-2.976234	5	84	4	0.047
0.785398	1.870545	-2.976234	1	85	3	0.047
1.047198	1.870545	-2.976234	5	85	4	0.047
1.308997	1.870545	-2.976234	5	84	14	0.047
1.570796	1.870545	-2.976234	0	84	5	0.047
2.094395	1.870545	-2.976234	9	89	7	0.047
2.356194	1.870545	-2.976234	1	85	7	0.047
-3.141593	2.164094	-2.991358	5	69	3	0.047
-2.879793	2.164094	-2.991358	3	89	6	0.047
-2.617994	2.164094	-2.991358	5	88	9	0.047
-2.094395	2.164094	-2.991358	5	90	5	0.047
-1.832596	2.164094	-2.991358	10	83	0	0.047
-1.047198	2.164094	-2.991358	1	89	1	0.047
-0.785398	2.164094	-2.991358	7	89	4	0.047
-0.261799	2.164094	-2.991358	8	85	0	0.047
0.523599	2.164094	-2.991358	6	88	8	0.047
0.785398	2.164094	-2.991358	10	90	5	0.047
1.047198	2.164094	-2.991358	17	85	9	0.047
1.308997	2.164094	-2.991358	0	85	1	0.047
2.617994	2.164094	-2.991358	159	79	13	0.047
-3.141593	0.379747	-1.713059	156	89	3	0.047
-2.356194	0.379747	-1.713059	8	90	2	0.047
-2.094395	0.379747	-1.713059	9	89	5	0.047
-1.832596	0.379747	-1.713059	6	90	10	0.047
-1.308997	0.379747	-1.713059	6	89	159	0.047
-0.785398	0.379747	-1.713059	157	85	4	0.047
-0.523599	0.379747	-1.713059	6	85	154	0.047
-0.261799	0.379747	-1.713059	1	89	1	0.047
1.047198	0.379747	-1.713059	3	89	0	0.047
2.879793	0.379747	-1.713059	7	91	5	0.047
-2.879793	2.187132	-0.479875	155	82	7	0.047
-2.617994	2.187132	-0.479875	0	90	1	0.047
-2.356194	2.187132	-0.479875	1	85	3	0.047
-1.832596	2.187132	-0.479875	5	88	6	0.047
-0.785398	2.187132	-0.479875	1	89	8	0.047
-0.523599	2.187132	-0.479875	2	82	1	0.047
0.261799	2.187132	-0.479875	153	83	9	0.047
0.523599	2.187132	-0.479875	8	84	159	0.047
0.785398	2.187132	-0.479875	0	89	156	0.047
1.047198	2.187132	-0.479875	158	90	7	0.047
1.570796	2.187132	-0.479875	156	88	3	0.047
2.094395	2.187132	-0.479875	155	85	10	0.047
2.617994	2.187132	-0.479875	2	90	8	0.047
2.879793	2.187132	-0.479875	0	89	5	0.047
-2.356194	0.866955	-0.931351	0	84	1	0.047
-2.094395	0.866955	-0.931351	157	89	4	0.047
-1.832596	0.866955	-0.931351	0	88	8	0.047
-1.570796	0.866955	-0.931351	157	84	4	0.047
-1.308997	0.866955	-0.931351	3	85	10	0.047
-0.785398	0.866955	-0.931351	149	90	2	0.047
0.000000	0.866955	-0.931351	159	88	9	0.047
0.261799	0.866955	-0.931351	1	84	155	0.047
0.523599	0.866955	-0.931351	7	90	9	0.047
1.047198	0.866955	-0.931351	12	85	0	0.047
2.356194	0.866955	-0.931351	3	90	158	0.047
-2.879793	2.299159	2.264663	156	83	6	0.047
-2.617994	2.299159	2.264663	6	89	0	0.047
-2.094395	2.299159	2.264663	1	85	158	0.047
-1.308997	2.299159	2.264663	1	88	6	0.047
0.785398	2.299159	2.264663	7	90	0	0.047
1.047198	2.299159	2.264663	154	83	3	0.047
1.570796	2.299159	2.264663	4	84	4	0.047
1.832596	2.299159	2.264663	1	88	6	0.047
-3.141593	1.812176	0.656819	6	88	158	0.047
-2.879793	1.812176	0.656819	1	84	11	0.047
-2.617994	1.812176	0.656819	159	90	2	0.047
-2.356194	1.812176	0.656819	15	89	0	0.047
-0.785398	1.812176	0.656819	5	85	159	0.047
-0.261799	1.812176	0.656819	157	75	4	0.047
0.000000	1.812176	0.656819	1	90	0	0.047
1.570796	1.812176	0.656819	158	87	5	0.047
2.356194	1.812176	0.656819	154	90	0	0.047
2.617994	1.812176	0.656819	6	82	4	0.047
-2.879793	2.719179	-1.780644	5	84	4	0.047
-1.570796	2.719179	-1.780644	13	90	5	0.047
-1.308997	2.719179	-1.780644	158	89	0	0.047
-1.047198	2.719179	-1.780644	158	87	4	0.047
-0.785398	2.719179	-1.780644	4	88	1	0.047
-0.523599	2.719179	-1.780644	154	88	3	0.047
-0.261799	2.719179	-1.780644	2	90	5	0.047
0.000000	2.719179	-1.780644	4	90	2	0.047
0.261799	2.719179	-1.780644	3	88	157	0.047
0.785398	2.719179	-1.780644	7	88	157	0.047
1.047198	2.719179	-1.780644	5	82	7	0.047
2.617994	2.719179	-1.780644	4	88	3	0.047
-3.141593	2.396274	-1.959260	3	90	7	0.047
-2.356194	2.396274	-1.959260	5	82	2	0.047
-1.832596	2.396274	-1.959260	11	88	5	0.047
-1.570796	2.396274	-1.959260	5	85	7	0.047
-1.047198	2.396274	-1.959260	1	82	159	0.047
-0.785398	2.396274	-1.959260	153	83	4	0.047
-0.261799	2.396274	-1.959260	2	82	155	0.047
0.261799	2.396274	-1.959260	3	85	4	0.047
0.523599	2.396274	-1.959260	11	88	8	0.047
1.308997	2.396274	-1.959260	7	86	6	0.047
1.832596	2.396274	-1.959260	5	84	11	0.047
2.356194	2.396274	-1.959260	4	89	4	0.047
2.617994	2.396274	-1.959260	3	88	158	0.047
-2.879793	0.866395	-2.492918	4	88	2	0.047
-2.617994	0.866395	-2.492918	10	89	7	0.047
-2.356194	0.866395	-2.492918	6	85	11	0.047
-2.094395	0.866395	-2.492918	2	83	2	0.047
-1.832596	0.866395	-2.492918	2	88	3	0.047
-1.570796	0.866395	-2.492918	2	68	4	0.047
-1.308997	0.866395	-2.492918	6	90	12	0.047
0.000000	0.866395	-2.492918	156	90	1	0.047
0.261799	0.866395	-2.492918	157	81	4	0.047
0.523599	0.866395	-2.492918	153	83	0	0.047
0.785398	0.866395	-2.492918	152	85	10	0.047
1.047198	0.866395	-2.492918	3	84	4	0.047
1.570796	0.866395	-2.492918	2	83	3	0.047
1.832596	0.866395	-2.492918	6	90	7	0.047
2.356194	0.866395	-2.492918	8	89	3	0.047
2.879793	0.866395	-2.492918	157	85	7	0.047
-3.141593	1.617114	-1.572037	6	83	4	0.047
-2.617994	1.617114	-1.572037	10	84	6	0.047
-2.356194	1.617114	-1.572037	3	85	158	0.047
-1.832596	1.617114	-1.572037	5	87	11	0.047
-1.570796	1.617114	-1.572037	8	87	7	0.047
-1.047198	1.617114	-1.572037	1	90	9	0.047
-0.785398	1.617114	-1.572037	11	89	6	0.047
-0.523599	1.617114	-1.572037	4	84	1	0.047
-0.261799	1.617114	-1.572037	157	90	9	0.047
1.832596	1.617114	-1.572037	155	89	4	0.047
2.094395	1.617114	-1.572037	159	82	9	0.047
2.617994	1.617114	-1.572037	9	89	11	0.047
2.879793	1.617114	-1.572037	153	89	4	0.047
-1.570796	0.864993	2.278281	159	90	8	0.047
-1.308997	0.864993	2.278281	5	90	9	0.047
-0.785398	0.864993	2.278281	14	90	6	0.047
-0.523599	0.864993	2.278281	12	87	0	0.047
-0.261799	0.864993	2.278281	4	90	5	0.047
0.000000	0.864993	2.278281	2	89	8	0.047
0.523599	0.864993	2.278281	0	84	0	0.047
0.785398	0.864993	2.278281	0	89	6	0.047
1.308997	0.864993	2.278281	4	90	8	0.047
1.570796	0.864993	2.278281	156	85	11	0.047
2.094395	0.864993	2.278281	158	78	8	0.047
2.356194	0.864993	2.278281	3	89	7	0.047
2.617994	0.864993	2.278281	5	90	159	0.047
2.879793	0.864993	2.278281	4	88	1	0.047
-2.356194	1.014500	0.906702	2	90	4	0.047
-2.094395	1.014500	0.906702	4	88	5	0.047
-0.785398	1.014500	0.906702	2	85	12	0.047
-0.261799	1.014500	0.906702	5	90	5	0.047
0.261799	1.014500	0.906702	159	90	5	0.047
0.523599	1.014500	0.906702	157	89	5	0.047
0.785398	1.014500	0.906702	5	63	2	0.047
1.570796	1.014500	0.906702	159	90	7	0.047
1.832596	1.014500	0.906702	5	89	5	0.047
2.094395	1.014500	0.906702	5	88	155	0.047
2.356194	1.014500	0.906702	5	82	158	0.047
2.879793	1.014500	0.906702	5	83	155	0.047
-3.141593	2.247462	0.191623	155	90	4	0.047
-2.617994	2.247462	0.191623	1	88	156	0.047
-2.356194	2.247462	0.191623	8	89	1	0.047
-2.094395	2.247462	0.191623	154	89	0	0.047
-1.832596	2.247462	0.191623	10	90	5	0.047
1.047198	2.247462	0.191623	4	68	5	0.047
1.308997	2.247462	0.191623	0	90	2	0.047
2.094395	2.247462	0.191623	1	92	7	0.047
2.879793	2.247462	0.191623	158	89	2	0.047
-3.141593	2.724429	-0.348782	6	90	3	0.047
-2.879793	2.724429	-0.348782	10	89	8	0.047
-2.617994	2.724429	-0.348782	6	79	6	0.047
-2.356194	2.724429	-0.348782	7	88	0	0.047
-1.832596	2.724429	-0.348782	8	83	9	0.047
-1.308997	2.724429	-0.348782	157	88	159	0.047
-1.047198	2.724429	-0.348782	7	85	3	0.047
-0.785398	2.724429	-0.348782	9	88	7	0.047
0.261799	2.724429	-0.348782	10	63	6	0.047
1.308997	2.724429	-0.348782	1	83	1	0.047
2.094395	2.724429	-0.348782	155	85	4	0.047
-2.879793	1.194549	-0.801900	4	88	8	0.047
-2.356194	1.194549	-0.801900	156	89	8	0.047
-2.094395	1.194549	-0.801900	157	85	6	0.047
-1.570796	1.194549	-0.801900	2	88	12	0.047
-1.308997	1.194549	-0.801900	3	82	7	0.047
-1.047198	1.194549	-0.801900	157	83	4	0.047
-0.261799	1.194549	-0.801900	3	90	7	0.047
0.000000	1.194549	-0.801900	158	83	4	0.047
0.261799	1.194549	-0.801900	0	88	1	0.047
1.308997	1.194549	-0.801900	1	89	2	0.047
-2.879793	1.504028	0.636812	1	82	4	0.047
-2.617994	1.504028	0.636812	10	84	0	0.047
-1.308997	1.504028	0.636812	7	89	1	0.047
-1.047198	1.504028	0.636812	0	89	157	0.047
-0.785398	1.504028	0.636812	5	90	9	0.047
-0.523599	1.504028	0.636812	2	90	0	0.047
1.047198	1.504028	0.636812	0	88	5	0.047
2.356194	1.504028	0.636812	6	84	8	0.047
2.617994	1.504028	0.636812	7	86	9	0.047
2.879793	1.504028	0.636812	154	89	6	0.047
-2.879793	1.741644	-2.695914	11	88	5	0.047
-2.617994	1.741644	-2.695914	5	82	159	0.047
-2.094395	1.741644	-2.695914	7	89	5	0.047
-1.832596	1.741644	-2.695914	2	89	2	0.047
-1.570796	1.741644	-2.695914	2	83	4	0.047
-1.308997	1.741644	-2.695914	7	89	5	0.047
-1.047198	1.741644	-2.695914	152	90	8	0.047
-0.523599	1.741644	-2.695914	0	89	5	0.047
0.785398	1.741644	-2.695914	2	88	8	0.047
1.047198	1.741644	-2.695914	159	89	7	0.047
1.308997	1.741644	-2.695914	11	84	9	0.047
1.570796	1.741644	-2.695914	8	88	158	0.047
2.879793	1.741644	-2.695914	1	85	12	0.047
-3.141593	2.174483	2.653697	3	86	7	0.047
-0.785398	2.174483	2.653697	3	85	6	0.047
-0.523599	2.174483	2.653697	8	90	7	0.047
-0.261799	2.174483	2.653697	7	90	10	0.047
0.000000	2.174483	2.653697	159	84	0	0.047
0.261799	2.174483	2.653697	4	85	4	0.047
1.047198	2.174483	2.653697	159	89	8	0.047
1.308997	2.174483	2.653697	6	90	6	0.047
2.879793	2.174483	2.653697	3	88	2	0.047
-2.879793	2.664082	-1.071402	9	82	4	0.047
-2.617994	2.664082	-1.071402	1	90	5	0.047
-1.570796	2.664082	-1.071402	7	88	156	0.047
-1.308997	2.664082	-1.071402	156	81	13	0.047
-0.523599	2.664082	-1.071402	157	90	1	0.047
0.261799	2.664082	-1.071402	2	85	9	0.047
0.523599	2.664082	-1.071402	153	90	8	0.047
0.785398	2.664082	-1.071402	2	108	159	0.047
1.570796	2.664082	-1.071402	2	89	2	0.047
1.832596	2.664082	-1.071402	9	90	159	0.047
2.356194	2.664082	-1.071402	1	83	9	0.047
2.617994	2.664082	-1.071402	3	89	2	0.047
-2.879793	2.579248	-2.364801	2	90	9	0.047
-2.094395	2.579248	-2.364801	6	85	5	0.047
-1.308997	2.579248	-2.364801	157	84	5	0.047
-1.047198	2.579248	-2.364801	159	83	6	0.047
-0.785398	2.579248	-2.364801	10	83	5	0.047
-0.261799	2.579248	-2.364801	6	83	1	0.047
0.000000	2.579248	-2.364801	7	90	2	0.047
0.523599	2.579248	-2.364801	2	87	13	0.047
0.785398	2.579248	-2.364801	157	82	5	0.047
1.047198	2.579248	-2.364801	8	89	4	0.047
2.879793	2.579248	-2.364801	8	90	10	0.047
-3.141593	0.899350	-2.069907	8	88	6	0.047
-2.879793	0.899350	-2.069907	10	65	9	0.047
-2.617994	0.899350	-2.069907	2	89	7	0.047
-2.094395	0.899350	-2.069907	9	90	7	0.047
0.261799	0.899350	-2.069907	145	88	4	0.047
0.523599	0.899350	-2.069907	8	85	156	0.047
0.785398	0.899350	-2.069907	6	81	4	0.047
1.308997	0.899350	-2.069907	157	89	0	0.047
1.570796	0.899350	-2.069907	2	84	1	0.047
1.832596	0.899350	-2.069907	5	88	6	0.047
2.356194	0.899350	-2.069907	0	84	5	0.047
2.617994	0.899350	-2.069907	155	85	6	0.047
2.879793	0.899350	-2.069907	3	88	6	0.047
-2.879793	2.984978	1.954446	5	85	4	0.047
-1.832596	2.984978	1.954446	6	88	3	0.047
-1.308997	2.984978	1.954446	158	86	1	0.047
-1.047198	2.984978	1.954446	156	82	1	0.047
-0.261799	2.984978	1.954446	3	90	6	0.047
0.000000	2.984978	1.954446	4	88	10	0.047
0.261799	2.984978	1.954446	6	84	1	0.047
0.523599	2.984978	1.954446	1	84	8	0.047
1.570796	2.984978	1.954446	157	90	5	0.047
2.617994	2.984978	1.954446	3	86	5	0.047
2.879793	2.984978	1.954446	3	89	9	0.047
-2.879793	1.766067	2.153843	4	83	159	0.047
-2.356194	1.766067	2.153843	159	88	10	0.047
-2.094395	1.766067	2.153843	3	65	2	0.047
-1.308997	1.766067	2.153843	1	85	2	0.047
-1.047198	1.766067	2.153843	2	90	1	0.047
-0.785398	1.766067	2.153843	3	89	5	0.047
-0.261799	1.766067	2.153843	158	89	2	0.047
0.785398	1.766067	2.153843	8	89	8	0.047
1.047198	1.766067	2.153843	157	84	6	0.047
1.308997	1.766067	2.153843	11	89	9	0.047
2.617994	1.766067	2.153843	5	76	11	0.047
2.879793	1.766067	2.153843	2	84	155	0.047
-2.879793	1.809167	1.213774	5	86	10	0.047
-2.617994	1.809167	1.213774	157	83	7	0.047
-2.356194	1.809167	1.213774	3	74	9	0.047
-1.832596	1.809167	1.213774	4	90	158	0.047
-1.047198	1.809167	1.213774	10	89	5	0.047
0.523599	1.809167	1.213774	156	82	4	0.047
0.785398	1.809167	1.213774	159	90	3	0.047
1.047198	1.809167	1.213774	157	89	0	0.047
1.308997	1.809167	1.213774	157	89	1	0.047
2.356194	1.809167	1.213774	2	90	7	0.047
2.617994	1.809167	1.213774	10	84	4	0.047
-3.141593	1.135834	-1.431087	8	88	5	0.047
-2.617994	1.135834	-1.431087	154	82	11	0.047
-2.094395	1.135834	-1.431087	1	85	1	0.047
-1.308997	1.135834	-1.431087	3	88	8	0.047
0.523599	1.135834	-1.431087	5	63	159	0.047
2.094395	1.135834	-1.431087	154	87	11	0.047
2.356194	1.135834	-1.431087	154	83	1	0.047
2.617994	1.135834	-1.431087	9	89	9	0.047
2.879793	1.135834	-1.431087	3	84	5	0.047
-2.617994	1.909857	-0.381669	157	89	4	0.047
