140	1.2	1
-2.094395	1.870545	-2.976234
0.000000	0.000000	0.000000
2hym.pdb	-8.900	1.151	-1.123
model.B99990001.pdb	-24.190	66.895	6.399
-3.141593	1.134796	2.434290	125	56	133	0.055
-0.785398	2.984978	1.954446	128	56	5	0.055
-2.617994	1.195355	1.200319	130	55	0	0.055
-0.785398	0.961715	0.014085	137	75	129	0.055
1.047198	0.992645	-1.723759	124	56	132	0.055
1.832596	2.063651	-2.044600	123	56	11	0.055
0.261799	1.168678	2.108595	129	87	2	0.054
1.570796	0.458961	-0.107937	124	56	134	0.051
-2.094395	1.998705	2.370472	131	88	7	0.051
-1.570796	2.164094	-2.991358	132	69	12	0.051
0.000000	1.367556	0.358405	130	70	138	0.051
-0.523599	1.113094	-0.272241	132	70	133	0.051
-2.617994	1.325504	-1.671296	1	68	133	0.051
-2.356194	1.872854	1.543456	130	67	6	0.051
-1.047198	0.733948	3.021411	131	56	1	0.051
-1.570796	2.704512	1.488683	129	68	8	0.051
-1.308997	2.073035	2.027405	135	69	13	0.051
1.832596	0.914445	2.687814	123	70	3	0.051
2.879793	1.448123	-2.163292	130	67	134	0.051
-3.141593	0.379747	-1.713059	135	52	128	0.049
1.832596	2.719179	-1.780644	128	70	3	0.049
2.356194	2.984978	1.954446	123	50	3	0.049
0.000000	1.606104	-0.451151	128	51	134	0.049
-2.879793	0.297065	2.160177	129	65	128	0.049
0.000000	1.510910	-0.740472	126	52	135	0.048
-0.523599	1.450119	-2.739050	130	76	1	0.047
-3.141593	2.404280	-0.174044	128	65	4	0.047
-1.570796	2.404280	-0.174044	139	81	138	0.047
0.000000	2.404280	-0.174044	137	78	2	0.047
0.785398	2.404280	-0.174044	125	73	5	0.047
-2.879793	2.115563	0.685730	123	56	5	0.047
-2.356194	2.115563	0.685730	128	56	4	0.047
-1.832596	1.756530	-2.105156	0	56	137	0.047
-1.308997	1.756530	-2.105156	134	76	139	0.047
1.308997	1.756530	-2.105156	114	56	135	0.047
0.523599	0.458961	-0.107937	132	69	128	0.047
1.047198	0.458961	-0.107937	130	74	138	0.047
-2.094395	1.599406	1.426070	128	71	3	0.047
-1.047198	1.599406	1.426070	0	75	2	0.047
1.047198	1.599406	1.426070	132	74	139	0.047
1.832596	1.599406	1.426070	125	73	137	0.047
2.094395	1.599406	1.426070	116	80	3	0.047
-2.617994	1.554776	0.100351	136	56	135	0.047
-2.356194	1.554776	0.100351	130	56	137	0.047
-2.094395	1.554776	0.100351	132	64	132	0.047
-1.832596	1.554776	0.100351	136	79	1	0.047
-0.523599	1.554776	0.100351	2	70	137	0.047
2.094395	1.554776	0.100351	123	74	134	0.047
2.617994	0.618092	2.539118	123	56	139	0.047
-1.570796	1.846342	-1.796954	138	79	1	0.047
-1.832596	0.615174	-0.666022	129	70	136	0.047
1.308997	2.393226	1.857173	125	80	9	0.047
2.356194	2.393226	1.857173	127	83	0	0.047
-1.308997	1.569311	-3.003978	133	74	8	0.047
-3.141593	1.574060	2.783565	127	55	5	0.047
-0.523599	1.574060	2.783565	132	84	9	0.047
2.356194	1.574060	2.783565	123	56	139	0.047
0.261799	2.587733	0.232235	127	83	11	0.047
-2.356194	1.413430	2.550734	131	56	3	0.047
1.308997	1.413430	2.550734	136	77	133	0.047
-0.261799	1.417623	-0.202254	135	76	133	0.047
1.308997	1.417623	-0.202254	123	55	137	0.047
1.832596	0.850607	-1.335383	125	56	128	0.047
-2.356194	0.370812	-2.547742	0	78	132	0.047
2.094395	0.370812	-2.547742	126	74	138	0.047
2.356194	0.370812	-2.547742	139	74	131	0.047
1.832596	0.640596	-2.797608	120	55	1	0.047
0.261799	2.979456	-1.009304	132	73	135	0.047
2.356194	2.979456	-1.009304	121	52	11	0.047
-2.094395	0.831641	0.616218	131	56	134	0.047
1.047198	0.831641	0.616218	131	79	130	0.047
-1.832596	2.343981	-1.040456	4	70	136	0.047
-1.047198	1.413347	-1.339188	132	84	134	0.047
2.356194	1.413347	-1.339188	133	60	130	0.047
-2.356194	0.674054	1.013609	127	56	130	0.047
-3.141593	1.335669	0.897240	125	56	137	0.047
-2.356194	1.335669	0.897240	135	56	137	0.047
-1.570796	1.335669	0.897240	135	52	5	0.047
1.308997	1.335669	0.897240	136	80	131	0.047
1.308997	1.870545	-2.976234	118	60	3	0.047
-2.094395	2.164094	-2.991358	133	80	14	0.047
-0.261799	2.164094	-2.991358	134	76	3	0.047
2.356194	2.164094	-2.991358	130	52	12	0.047
-2.879793	0.379747	-1.713059	130	79	135	0.047
0.261799	0.379747	-1.713059	123	77	127	0.047
-2.617994	2.187132	-0.479875	126	55	5	0.047
-0.261799	2.187132	-0.479875	134	84	139	0.047
0.000000	2.187132	-0.479875	126	73	139	0.047
-2.356194	1.812176	0.656819	133	51	135	0.047
1.570796	1.812176	0.656819	117	74	134	0.047
-0.261799	2.719179	-1.780644	128	73	9	0.047
2.879793	2.719179	-1.780644	133	62	2	0.047
1.570796	0.866395	-2.492918	123	74	136	0.047
1.832596	0.866395	-2.492918	121	79	3	0.047
2.879793	0.866395	-2.492918	134	56	0	0.047
-0.523599	1.617114	-1.572037	132	73	133	0.047
2.356194	1.617114	-1.572037	128	51	131	0.047
2.617994	1.617114	-1.572037	125	56	3	0.047
-3.141593	0.864993	2.278281	121	56	134	0.047
0.523599	0.864993	2.278281	136	76	139	0.047
-3.141593	2.247462	0.191623	124	74	134	0.047
-2.617994	2.247462	0.191623	125	52	3	0.047
-2.356194	2.247462	0.191623	135	55	7	0.047
-1.047198	2.247462	0.191623	6	73	134	0.047
0.523599	2.247462	0.191623	133	75	5	0.047
0.261799	2.724429	-0.348782	124	78	13	0.047
2.879793	2.724429	-0.348782	122	52	9	0.047
-1.832596	1.194549	-0.801900	134	81	138	0.047
-2.617994	1.504028	0.636812	127	51	133	0.047
0.785398	1.504028	0.636812	132	73	132	0.047
-1.570796	1.741644	-2.695914	132	65	7	0.047
2.617994	1.741644	-2.695914	128	75	5	0.047
1.308997	2.174483	2.653697	122	72	6	0.047
1.570796	2.579248	-2.364801	121	56	2	0.047
-2.356194	0.899350	-2.069907	0	73	135	0.047
2.879793	0.899350	-2.069907	133	84	139	0.047
-1.308997	2.984978	1.954446	137	75	0	0.047
2.094395	2.984978	1.954446	130	77	10	0.047
2.617994	2.984978	1.954446	124	83	5	0.047
2.879793	2.984978	1.954446	126	74	8	0.047
0.523599	1.766067	2.153843	130	78	11	0.047
-3.141593	1.809167	1.213774	131	69	136	0.047
-2.617994	1.809167	1.213774	130	56	136	0.047
1.047198	1.809167	1.213774	126	81	7	0.047
-0.523599	1.909857	-0.381669	127	77	139	0.047
1.308997	1.195355	1.200319	121	81	138	0.047
-1.047198	2.153910	-1.714959	135	78	139	0.047
1.832596	2.153910	-1.714959	125	56	3	0.047
0.261799	1.134497	-1.109631	122	95	131	0.047
1.047198	1.134497	-1.109631	126	64	129	0.047
1.308997	1.134497	-1.109631	130	74	127	0.047
0.523599	1.367556	0.358405	129	73	136	0.047
0.785398	1.367556	0.358405	122	55	0	0.047
0.785398	1.440580	2.260026	124	80	13	0.047
2.879793	1.440580	2.260026	130	64	5	0.047
-3.141593	2.863997	0.549740	123	79	4	0.047
-2.879793	2.863997	0.549740	124	55	2	0.047
-2.617994	1.045978	0.343692	130	73	129	0.047
0.785398	1.045978	0.343692	130	74	133	0.047
-1.047198	0.290380	-0.796960	125	74	127	0.047
2.356194	0.290380	-0.796960	129	60	136	0.047
2.879793	0.290380	-0.796960	138	79	133	0.047
-2.094395	1.545873	-1.877082	4	88	2	0.047
-1.570796	2.356369	3.005869	133	73	5	0.047
0.000000	1.836682	-0.676006	127	80	137	0.047
0.785398	1.836682	-0.676006	117	95	137	0.047
1.047198	1.836682	-0.676006	115	70	136	0.047
-1.570796	1.948085	-2.363031	129	78	9	0.047
-1.047198	1.948085	-2.363031	137	75	135	0.047
-2.879793	1.736875	3.023612	128	59	4	0.047
-0.785398	1.736875	3.023612	134	79	12	0.047
0.523599	1.736875	3.023612	130	74	3	0.047
-0.261799	0.591903	2.010408	137	81	129	0.047
-0.261799	2.760637	2.781135	130	79	3	0.047
-2.094395	1.256302	0.062705	129	72	136	0.047
-1.570796	1.256302	0.062705	129	74	133	0.047
1.570796	1.256302	0.062705	123	73	138	0.047
-2.879793	2.592629	0.909713	126	56	7	0.047
-2.356194	2.592629	0.909713	129	76	5	0.047
-1.832596	2.407836	1.410646	130	52	8	0.047
1.832596	2.407836	1.410646	128	78	9	0.047
0.261799	2.089241	-0.114193	123	81	135	0.047
2.879793	2.089241	-0.114193	129	55	131	0.047
1.308997	0.619654	-2.216909	121	56	137	0.047
1.832596	0.619654	-2.216909	125	72	135	0.047
1.832596	2.456751	-1.503343	124	42	0	0.047
-2.356194	2.001437	0.381215	130	74	137	0.047
0.523599	2.001437	0.381215	129	79	138	0.047
-1.308997	2.349581	-2.702517	132	74	139	0.047
-0.523599	2.349581	-2.702517	128	70	3	0.047
2.094395	2.349581	-2.702517	125	55	1	0.047
-0.261799	1.168678	2.108595	139	83	5	0.047
1.308997	1.168678	2.108595	123	84	9	0.047
2.356194	2.180315	-1.357379	126	67	4	0.047
-3.141593	2.478122	2.609777	129	74	4	0.047
1.047198	1.699788	2.452890	129	76	3	0.047
2.094395	1.699788	2.452890	125	73	12	0.047
-3.141593	1.184361	0.625864	117	56	139	0.047
0.261799	1.184361	0.625864	133	79	137	0.047
1.047198	1.184361	0.625864	124	72	135	0.047
-3.141593	1.488617	1.159546	123	56	1	0.047
-2.879793	1.488617	1.159546	129	56	137	0.047
-2.356194	1.488617	1.159546	138	83	3	0.047
0.523599	1.488617	1.159546	125	80	133	0.047
0.785398	1.488617	1.159546	126	56	8	0.047
1.308997	1.488617	1.159546	122	56	0	0.047
2.094395	1.325504	-1.671296	124	63	0	0.047
2.356194	1.325504	-1.671296	130	56	129	0.047
-3.141593	1.606104	-0.451151	129	56	135	0.047
-0.523599	1.606104	-0.451151	137	76	134	0.047
-2.879793	1.506530	1.988858	127	56	11	0.047
-2.879793	1.977582	0.969896	129	81	4	0.047
-2.617994	1.977582	0.969896	128	46	1	0.047
-2.356194	2.637879	2.121598	129	74	139	0.047
-2.094395	2.637879	2.121598	125	75	6	0.047
-1.308997	2.637879	2.121598	124	66	12	0.047
0.000000	2.637879	2.121598	129	74	14	0.047
-0.261799	1.218453	2.777284	132	76	4	0.047
2.094395	1.218453	2.777284	120	55	3	0.047
-2.356194	1.555207	1.708892	138	74	137	0.047
1.047198	1.555207	1.708892	121	74	2	0.047
-2.356194	2.295480	1.008277	134	75	134	0.047
1.570796	0.203748	0.590255	130	74	135	0.047
-2.879793	1.510910	-0.740472	133	67	136	0.047
-1.832596	1.510910	-0.740472	139	72	135	0.047
-1.308997	1.510910	-0.740472	136	73	136	0.047
-2.879793	0.571433	-1.188419	1	74	129	0.047
-2.617994	0.571433	-1.188419	133	73	0	0.047
2.879793	0.571433	-1.188419	133	76	138	0.047
-1.308997	1.982574	-1.115518	137	79	137	0.047
-2.094395	2.033014	2.977192	130	81	10	0.047
-0.785398	0.297065	2.160177	138	80	136	0.047
-1.832596	0.080730	-2.622036	135	70	135	0.047
2.879793	0.080730	-2.622036	137	79	132	0.047
-0.785398	1.242974	-2.977882	129	56	9	0.047
1.832596	1.242974	-2.977882	120	53	4	0.047
2.617994	1.242974	-2.977882	128	54	5	0.047
-2.094395	0.992645	-1.723759	0	74	139	0.047
-1.570796	2.104282	-0.813972	2	74	139	0.047
2.617994	2.104282	-0.813972	130	52	0	0.047
-1.570796	1.872854	1.543456	131	52	7	0.047
1.308997	1.872854	1.543456	126	77	1	0.047
0.261799	0.762244	-0.273349	136	79	126	0.047
1.047198	0.762244	-0.273349	128	73	134	0.047
1.570796	0.762244	-0.273349	131	76	137	0.047
2.356194	0.762244	-0.273349	127	77	134	0.047
-2.879793	1.050534	3.042579	129	55	5	0.047
-3.141593	1.721184	-0.153948	127	55	0	0.047
-2.617994	1.721184	-0.153948	129	59	0	0.047
2.879793	1.721184	-0.153948	125	56	133	0.047
2.094395	0.733948	3.021411	123	71	3	0.047
2.617994	0.733948	3.021411	127	56	2	0.047
-1.570796	2.588535	-2.976617	130	73	137	0.047
1.832596	1.391910	3.030322	121	55	136	0.047
2.879793	1.391910	3.030322	131	56	139	0.047
1.832596	0.685216	-1.712745	123	53	133	0.047
-2.879793	0.700570	1.559208	126	56	126	0.047
-2.094395	0.700570	1.559208	129	56	4	0.047
0.523599	0.700570	1.559208	133	81	4	0.047
-2.617994	1.025536	1.576859	125	52	0	0.047
0.785398	1.025536	1.576859	128	75	0	0.047
2.879793	1.025536	1.576859	122	56	1	0.047
2.094395	1.374601	-2.456031	126	77	1	0.047
2.356194	1.374601	-2.456031	121	81	137	0.047
2.617994	1.374601	-2.456031	125	53	3	0.047
-2.617994	1.732874	-0.951685	135	56	134	0.047
-1.308997	1.732874	-0.951685	136	83	130	0.047
2.356194	1.732874	-0.951685	129	56	138	0.047
-2.879793	0.960688	-0.577532	133	70	135	0.047
-2.617994	1.824694	1.850876	129	56	6	0.047
0.261799	1.824694	1.850876	133	73	8	0.047
0.523599	1.824694	1.850876	127	79	139	0.047
2.094395	1.824694	1.850876	118	74	4	0.047
-2.094395	2.704512	1.488683	125	75	0	0.047
0.523599	0.910508	1.903534	129	79	4	0.047
0.000000	0.929350	-2.910676	129	78	139	0.047
1.570796	0.929350	-2.910676	123	74	132	0.047
1.832596	0.929350	-2.910676	126	75	5	0.047
2.617994	0.929350	-2.910676	129	56	0	0.047
-0.523599	1.128190	-2.288622	131	79	139	0.047
1.047198	2.881233	-2.582574	130	56	10	0.047
1.308997	2.881233	-2.582574	132	81	1	0.047
2.617994	1.696674	-1.253233	130	55	132	0.047
-2.094395	1.683268	0.374177	139	73	138	0.047
-1.832596	1.683268	0.374177	133	56	135	0.047
0.261799	1.683268	0.374177	132	74	131	0.047
0.785398	1.683268	0.374177	126	84	131	0.047
-2.094395	2.073035	2.027405	131	74	9	0.047
0.261799	1.875281	0.107086	126	80	138	0.047
0.523599	1.247695	1.809890	130	84	7	0.047
-1.047198	1.301460	-0.509251	134	68	138	0.047
-1.047198	1.904882	-1.478089	134	76	0	0.047
2.617994	1.904882	-1.478089	134	55	4	0.047
1.308997	0.709924	0.218797	127	79	136	0.047
0.785398	0.496451	0.593859	136	83	134	0.047
1.047198	0.496451	0.593859	132	79	134	0.047
1.832596	0.496451	0.593859	135	79	133	0.047
-3.141593	2.379497	0.561089	126	56	4	0.047
0.523599	2.379497	0.561089	129	81	0	0.047
2.094395	1.658653	-2.409879	126	56	2	0.047
2.356194	1.658653	-2.409879	121	56	9	0.047
0.000000	0.418037	1.360082	136	79	132	0.047
1.308997	1.214854	-1.966664	121	73	129	0.047
1.570796	1.214854	-1.966664	129	65	3	0.047
2.094395	1.214854	-1.966664	133	56	129	0.047
2.617994	1.214854	-1.966664	126	56	1	0.047
-0.785398	1.135813	-2.658866	126	79	133	0.047
1.832596	1.135813	-2.658866	123	56	7	0.047
1.308997	1.448123	-2.163292	120	55	139	0.047
-2.356194	1.662363	0.915448	129	75	5	0.047
1.570796	2.393226	1.857173	127	93	14	0.045
-2.356194	0.906588	1.252948	134	67	135	0.045
-1.570796	1.870545	-2.976234	128	59	0	0.045
-1.570796	0.866395	-2.492918	137	70	2	0.045
-0.261799	1.440580	2.260026	132	95	3	0.045
-1.570796	1.545873	-1.877082	137	70	138	0.045
2.094395	1.948085	-2.363031	125	67	1	0.045
1.047198	1.488617	1.159546	125	69	0	0.045
-2.617994	0.297065	2.160177	136	59	0	0.045
0.000000	1.025536	1.576859	135	91	137	0.045
-1.570796	1.128190	-2.288622	137	55	0	0.045
-1.570796	1.696674	-1.253233	132	65	133	0.045
1.047198	2.073035	2.027405	124	52	9	0.045
-0.785398	1.904882	-1.478089	130	65	138	0.045
0.000000	0.709924	0.218797	1	65	130	0.045
0.785398	1.433411	-1.035986	120	51	128	0.045
0.785398	0.203748	0.590255	138	88	136	0.044
-1.570796	1.982574	-1.115518	0	90	2	0.044
-1.047198	1.732874	-0.951685	132	86	130	0.043
-0.523599	2.404280	-0.174044	129	78	133	0.043
-3.141593	2.115563	0.685730	125	60	139	0.043
-2.617994	2.115563	0.685730	129	56	10	0.043
-2.356194	1.756530	-2.105156	2	70	135	0.043
-1.570796	1.756530	-2.105156	127	73	0	0.043
1.832596	1.756530	-2.105156	120	65	10	0.043
-3.141593	1.869911	2.701025	130	70	8	0.043
-1.308997	1.869911	2.701025	135	87	10	0.043
0.000000	1.869911	2.701025	126	69	12	0.043
-1.308997	0.458961	-0.107937	130	55	126	0.043
-0.261799	0.458961	-0.107937	133	83	0	0.043
0.261799	0.458961	-0.107937	126	70	133	0.043
-2.617994	1.846342	-1.796954	130	65	0	0.043
1.570796	1.846342	-1.796954	127	56	135	0.043
2.617994	1.846342	-1.796954	131	59	3	0.043
-2.617994	2.393226	1.857173	131	55	8	0.043
-1.832596	2.393226	1.857173	127	69	0	0.043
0.785398	1.569311	-3.003978	124	79	6	0.043
-2.879793	0.419640	2.974122	126	53	137	0.043
2.617994	0.419640	2.974122	123	62	2	0.043
2.094395	1.574060	2.783565	124	53	15	0.043
2.879793	2.587733	0.232235	124	67	7	0.043
-2.617994	1.417623	-0.202254	129	52	134	0.043
-2.356194	1.417623	-0.202254	130	56	2	0.043
0.523599	1.417623	-0.202254	128	54	139	0.043
1.047198	0.850607	-1.335383	123	69	135	0.043
1.570796	0.850607	-1.335383	125	56	0	0.043
2.617994	0.850607	-1.335383	132	70	133	0.043
1.570796	0.370812	-2.547742	127	55	138	0.043
-1.832596	0.640596	-2.797608	132	80	135	0.043
-1.308997	0.640596	-2.797608	130	56	135	0.043
0.785398	0.831641	0.616218	126	56	139	0.043
-1.570796	1.998705	2.370472	131	55	11	0.043
2.094395	1.413347	-1.339188	124	59	0	0.043
-2.617994	0.674054	1.013609	131	56	136	0.043
0.785398	0.674054	1.013609	134	56	138	0.043
1.047198	1.870545	-2.976234	132	80	137	0.043
1.570796	2.187132	-0.479875	116	67	137	0.043
0.523599	0.866955	-0.931351	124	67	137	0.043
2.094395	0.866955	-0.931351	134	70	134	0.043
2.617994	0.866955	-0.931351	135	74	135	0.043
1.308997	2.299159	2.264663	126	51	11	0.043
1.047198	1.812176	0.656819	124	56	138	0.043
2.094395	2.719179	-1.780644	129	60	137	0.043
-3.141593	1.617114	-1.572037	137	62	134	0.043
-2.617994	1.617114	-1.572037	136	81	2	0.043
-2.094395	1.617114	-1.572037	132	69	1	0.043
1.570796	0.864993	2.278281	120	84	2	0.043
2.356194	1.014500	0.906702	122	70	1	0.043
2.094395	1.194549	-0.801900	135	74	121	0.043
2.617994	1.194549	-0.801900	133	86	132	0.043
-2.879793	2.174483	2.653697	128	69	10	0.043
-1.832596	2.579248	-2.364801	127	55	4	0.043
0.261799	2.579248	-2.364801	128	69	139	0.043
1.308997	2.579248	-2.364801	126	53	7	0.043
2.617994	2.579248	-2.364801	130	66	5	0.043
-3.141593	0.899350	-2.069907	134	68	133	0.043
-2.617994	0.899350	-2.069907	135	70	134	0.043
2.617994	0.899350	-2.069907	134	73	127	0.043
-2.094395	2.984978	1.954446	122	66	11	0.043
-1.832596	2.984978	1.954446	131	56	5	0.043
-2.879793	1.766067	2.153843	134	76	7	0.043
-1.047198	1.766067	2.153843	138	70	3	0.043
-3.141593	1.135834	-1.431087	130	81	139	0.043
-1.832596	1.135834	-1.431087	133	70	2	0.043
1.570796	1.135834	-1.431087	120	67	0	0.043
-2.879793	1.195355	1.200319	127	51	6	0.043
-2.094395	1.195355	1.200319	132	68	4	0.043
2.094395	1.310100	1.488307	119	70	3	0.043
1.570796	1.134497	-1.109631	124	70	131	0.043
2.094395	1.134497	-1.109631	123	65	132	0.043
2.356194	1.134497	-1.109631	127	73	129	0.043
-2.617994	0.961715	0.014085	126	59	135	0.043
-1.832596	0.961715	0.014085	129	70	139	0.043
-1.047198	0.961715	0.014085	129	51	129	0.043
2.094395	0.961715	0.014085	123	70	133	0.043
-2.356194	1.367556	0.358405	125	49	139	0.043
1.047198	1.367556	0.358405	123	65	138	0.043
-1.832596	1.440580	2.260026	137	73	3	0.043
2.356194	1.440580	2.260026	121	68	3	0.043
-0.523599	2.863997	0.549740	136	76	136	0.043
-1.308997	2.041297	-2.664597	129	64	5	0.043
2.356194	2.041297	-2.664597	130	65	8	0.043
-2.879793	1.045978	0.343692	124	88	132	0.043
2.094395	0.290380	-0.796960	128	74	1	0.043
-2.879793	1.545873	-1.877082	0	67	134	0.043
-1.832596	1.545873	-1.877082	130	66	138	0.043
2.094395	1.545873	-1.877082	123	60	139	0.043
0.261799	2.356369	3.005869	129	65	5	0.043
-1.308997	1.948085	-2.363031	129	64	1	0.043
-1.570796	1.736875	3.023612	131	70	9	0.043
-0.523599	1.736875	3.023612	128	69	137	0.043
1.047198	0.591903	2.010408	127	67	134	0.043
2.617994	2.760637	2.781135	128	93	3	0.043
0.000000	1.256302	0.062705	136	84	127	0.043
1.047198	2.407836	1.410646	128	56	9	0.043
-3.141593	2.089241	-0.114193	134	60	139	0.043
-2.879793	2.089241	-0.114193	137	52	129	0.043
-2.094395	2.089241	-0.114193	139	66	5	0.043
2.356194	2.456751	-1.503343	121	59	7	0.043
-2.879793	2.001437	0.381215	130	56	6	0.043
-1.832596	2.001437	0.381215	130	67	137	0.043
-2.879793	2.138223	1.678323	122	59	8	0.043
-2.356194	2.138223	1.678323	132	74	135	0.043
1.308997	2.138223	1.678323	130	70	1	0.043
2.356194	1.168678	2.108595	122	67	136	0.043
2.879793	1.168678	2.108595	121	50	0	0.043
-1.832596	2.478122	2.609777	138	69	1	0.043
-2.356194	1.699788	2.452890	131	74	3	0.043
-2.356194	2.108018	1.311430	126	49	7	0.043
2.356194	1.488617	1.159546	117	80	139	0.043
-2.879793	1.325504	-1.671296	138	69	138	0.043
-2.356194	1.325504	-1.671296	139	91	131	0.043
0.000000	1.325504	-1.671296	126	70	1	0.043
2.879793	1.325504	-1.671296	131	46	132	0.043
2.879793	1.606104	-0.451151	132	64	136	0.043
0.261799	1.506530	1.988858	132	73	134	0.043
1.832596	1.506530	1.988858	122	93	7	0.043
2.617994	1.506530	1.988858	126	55	6	0.043
0.523599	1.977582	0.969896	131	56	133	0.043
-2.879793	2.637879	2.121598	133	56	2	0.043
2.617994	1.555207	1.708892	122	52	1	0.043
2.879793	1.555207	1.708892	129	74	7	0.043
1.047198	2.295480	1.008277	131	73	13	0.043
-1.570796	0.203748	0.590255	124	56	139	0.043
0.523599	0.203748	0.590255	138	79	139	0.043
-2.094395	1.510910	-0.740472	137	56	127	0.043
0.785398	1.510910	-0.740472	122	88	137	0.043
2.356194	0.571433	-1.188419	131	55	137	0.043
-2.356194	1.982574	-1.115518	139	70	2	0.043
-1.047198	1.982574	-1.115518	133	69	137	0.043
2.617994	1.982574	-1.115518	134	51	131	0.043
-1.308997	0.297065	2.160177	7	79	126	0.043
-1.047198	0.297065	2.160177	135	69	130	0.043
1.308997	0.080730	-2.622036	124	70	135	0.043
1.832596	0.080730	-2.622036	127	65	135	0.043
-0.523599	2.104282	-0.813972	124	73	0	0.043
-2.356194	0.762244	-0.273349	124	67	134	0.043
-0.523599	0.762244	-0.273349	131	56	134	0.043
2.617994	1.050534	3.042579	131	63	133	0.043
-2.094395	1.721184	-0.153948	130	69	138	0.043
0.000000	0.733948	3.021411	130	54	139	0.043
1.570796	0.733948	3.021411	119	55	2	0.043
-2.617994	2.588535	-2.976617	127	67	6	0.043
-1.308997	2.588535	-2.976617	123	51	7	0.043
-2.617994	1.391910	3.030322	131	67	5	0.043
-1.832596	1.391910	3.030322	139	74	12	0.043
0.523599	1.391910	3.030322	130	82	133	0.043
0.785398	0.685216	-1.712745	124	56	130	0.043
2.094395	2.063651	-2.044600	123	66	8	0.043
-2.879793	1.025536	1.576859	133	56	137	0.043
-1.047198	1.025536	1.576859	131	70	137	0.043
0.523599	1.025536	1.576859	135	70	134	0.043
2.617994	1.025536	1.576859	122	87	136	0.043
0.785398	2.251330	-2.330739	123	66	5	0.043
1.308997	1.374601	-2.456031	119	55	6	0.043
-2.879793	1.732874	-0.951685	134	52	139	0.043
-2.356194	1.732874	-0.951685	135	69	134	0.043
-1.832596	1.732874	-0.951685	134	81	132	0.043
2.617994	1.732874	-0.951685	125	65	5	0.043
-1.832596	0.960688	-0.577532	131	65	136	0.043
-1.570796	0.960688	-0.577532	127	64	128	0.043
1.047198	0.960688	-0.577532	124	53	130	0.043
1.832596	1.824694	1.850876	130	77	136	0.043
-1.308997	2.704512	1.488683	133	52	5	0.043
-0.785398	2.704512	1.488683	133	52	139	0.043
1.832596	2.704512	1.488683	124	56	139	0.043
-3.141593	0.910508	1.903534	131	55	136	0.043
0.000000	0.910508	1.903534	127	56	1	0.043
-1.308997	0.929350	-2.910676	131	54	2	0.043
2.356194	0.929350	-2.910676	119	64	4	0.043
0.523599	1.683268	0.374177	129	67	135	0.043
-3.141593	1.301460	-0.509251	129	69	139	0.043
-2.617994	1.301460	-0.509251	130	86	137	0.043
-2.356194	1.301460	-0.509251	129	56	132	0.043
-2.094395	1.301460	-0.509251	135	49	134	0.043
2.094395	1.904882	-1.478089	125	50	10	0.043
-1.047198	0.709924	0.218797	128	70	131	0.043
-2.879793	2.379497	0.561089	127	52	3	0.043
-2.356194	2.379497	0.561089	128	64	4	0.043
1.570796	1.433411	-1.035986	120	75	128	0.043
2.879793	1.433411	-1.035986	125	79	0	0.043
0.523599	0.418037	1.360082	128	70	139	0.043
1.570796	0.418037	1.360082	126	91	132	0.043
-1.308997	1.214854	-1.966664	129	69	132	0.043
1.570796	0.914445	2.687814	117	79	4	0.043
2.879793	0.914445	2.687814	128	65	136	0.043
2.094395	1.135813	-2.658866	120	65	139	0.043
2.356194	1.135813	-2.658866	124	59	1	0.043
1.570796	1.448123	-2.163292	120	67	3	0.043
-0.261799	2.455966	-0.641220	137	55	134	0.043
-0.523599	1.846342	-1.796954	127	87	4	0.042
0.261799	1.554776	0.100351	131	91	139	0.042
0.000000	0.615174	-0.666022	130	87	137	0.042
-2.356194	1.413347	-1.339188	3	86	132	0.042
1.308997	1.310100	1.488307	129	59	139	0.042
-0.785398	2.153910	-1.714959	133	65	132	0.042
1.308997	2.108018	1.311430	128	67	14	0.042
-2.356194	0.992645	-1.723759	139	87	139	0.042
-0.523599	0.960688	-0.577532	127	86	128	0.042
-0.785398	1.545873	-1.877082	133	60	5	0.042
1.047198	0.203748	0.590255	0	60	135	0.042
1.832596	2.393226	1.857173	128	59	7	0.042
0.000000	1.909857	-0.381669	128	88	135	0.042
0.785398	1.184361	0.625864	135	65	130	0.042
-1.570796	1.869911	2.701025	132	49	11	0.041
-0.523599	0.618092	2.539118	134	69	139	0.041
-1.832596	1.846342	-1.796954	8	70	132	0.041
2.094395	0.615174	-0.666022	127	88	134	0.041
2.617994	0.615174	-0.666022	130	87	128	0.041
-1.047198	1.569311	-3.003978	133	56	9	0.041
-1.308997	0.419640	2.974122	4	87	132	0.041
-2.356194	2.587733	0.232235	134	60	5	0.041
0.000000	1.413430	2.550734	135	56	137	0.041
-3.141593	0.370812	-2.547742	133	60	129	0.041
-2.617994	0.370812	-2.547742	2	51	133	0.041
-1.570796	0.640596	-2.797608	135	55	130	0.041
2.617994	0.640596	-2.797608	124	70	0	0.041
-2.356194	0.831641	0.616218	134	65	136	0.041
1.832596	0.831641	0.616218	132	68	133	0.041
0.000000	2.343981	-1.040456	119	54	4	0.041
-2.094395	0.674054	1.013609	137	60	128	0.041
0.261799	0.674054	1.013609	139	69	127	0.041
0.785398	2.164094	-2.991358	133	91	137	0.041
2.617994	0.379747	-1.713059	135	49	130	0.041
-3.141593	1.812176	0.656819	129	67	7	0.041
2.356194	2.719179	-1.780644	125	59	0	0.041
-0.523599	0.866395	-2.492918	122	86	2	0.041
-0.261799	0.864993	2.278281	134	90	6	0.041
-1.570796	1.014500	0.906702	0	59	137	0.041
1.047198	1.014500	0.906702	124	67	133	0.041
-2.094395	1.504028	0.636812	132	64	5	0.041
1.570796	1.741644	-2.695914	133	56	135	0.041
-2.356194	2.174483	2.653697	132	46	8	0.041
-1.047198	2.664082	-1.071402	127	53	3	0.041
-0.523599	2.579248	-2.364801	138	65	1	0.041
0.523599	2.579248	-2.364801	133	65	3	0.041
1.832596	1.766067	2.153843	123	56	15	0.041
-1.570796	1.909857	-0.381669	134	87	131	0.041
-1.570796	1.134497	-1.109631	129	90	139	0.041
0.523599	0.961715	0.014085	135	70	138	0.041
0.523599	2.863997	0.549740	124	60	1	0.041
-0.523599	1.045978	0.343692	130	87	136	0.041
-1.047198	1.836682	-0.676006	5	94	130	0.041
1.570796	1.948085	-2.363031	125	60	5	0.041
2.356194	1.736875	3.023612	128	70	7	0.041
0.785398	2.592629	0.909713	133	70	6	0.041
-2.356194	2.089241	-0.114193	139	65	137	0.041
-2.356194	0.619654	-2.216909	135	50	135	0.041
0.785398	2.001437	0.381215	122	62	3	0.041
1.047198	2.001437	0.381215	122	70	2	0.041
-0.785398	2.180315	-1.357379	129	70	10	0.041
-1.047198	2.478122	2.609777	130	51	9	0.041
2.356194	2.108018	1.311430	120	87	0	0.041
1.308997	1.506530	1.988858	119	91	3	0.041
0.785398	1.977582	0.969896	132	56	135	0.041
-1.047198	1.218453	2.777284	137	56	7	0.041
-1.832596	2.295480	1.008277	1	67	1	0.041
0.523599	0.297065	2.160177	121	70	136	0.041
-1.308997	0.080730	-2.622036	131	65	132	0.041
-2.879793	2.104282	-0.813972	138	70	135	0.041
-1.832596	0.762244	-0.273349	133	62	129	0.041
-1.047198	1.391910	3.030322	0	88	9	0.041
0.000000	1.391910	3.030322	124	55	5	0.041
-1.832596	0.685216	-1.712745	135	87	133	0.041
2.094395	0.685216	-1.712745	130	70	3	0.041
-0.523599	0.700570	1.559208	2	67	132	0.041
-3.141593	1.025536	1.576859	133	70	0	0.041
-1.832596	1.374601	-2.456031	138	90	133	0.041
0.000000	1.732874	-0.951685	129	95	132	0.041
-2.356194	1.824694	1.850876	136	70	132	0.041
-2.617994	1.696674	-1.253233	1	62	1	0.041
-1.308997	1.696674	-1.253233	134	56	0	0.041
1.047198	1.301460	-0.509251	121	88	138	0.041
-1.308997	1.904882	-1.478089	2	69	136	0.041
1.570796	0.709924	0.218797	128	65	139	0.041
0.785398	2.379497	0.561089	123	59	137	0.041
-1.832596	1.658653	-2.409879	4	87	139	0.041
1.832596	0.418037	1.360082	125	88	137	0.041
-2.094395	1.214854	-1.966664	135	49	3	0.041
-3.141593	2.455966	-0.641220	133	67	11	0.041
-0.523599	0.992645	-1.723759	131	86	1	0.041
-1.308997	1.450119	-2.739050	138	65	12	0.041
0.523599	1.310100	1.488307	128	85	139	0.041
-1.047198	1.870545	-2.976234	129	87	9	0.040
0.785398	1.134796	2.434290	132	88	136	0.040
-1.570796	2.343981	-1.040456	138	89	138	0.040
1.308997	0.906588	1.252948	127	64	136	0.040
1.047198	2.299159	2.264663	127	87	8	0.040
-0.785398	2.719179	-1.780644	134	59	133	0.040
-0.261799	0.866395	-2.492918	122	52	138	0.040
1.832596	1.809167	1.213774	122	87	138	0.040
0.000000	2.153910	-1.714959	131	65	134	0.040
0.261799	1.440580	2.260026	124	89	5	0.040
-1.570796	0.619654	-2.216909	139	63	134	0.040
0.261799	2.001437	0.381215	0	56	133	0.040
2.617994	0.203748	0.590255	129	86	128	0.040
-2.879793	0.992645	-1.723759	133	48	133	0.040
-2.094395	2.588535	-2.976617	134	63	7	0.040
-0.261799	1.696674	-1.253233	130	59	131	0.040
1.832596	1.875281	0.107086	118	86	0	0.040
-1.832596	1.904882	-1.478089	2	89	133	0.040
0.523599	0.496451	0.593859	132	88	135	0.040
-0.523599	1.135813	-2.658866	132	65	5	0.040
0.000000	2.587733	0.232235	135	89	3	0.040
0.000000	1.242974	-2.977882	136	63	135	0.040
2.094395	1.195355	1.200319	123	86	135	0.040
0.785398	1.256302	0.062705	133	90	132	0.040
1.308997	2.592629	0.909713	128	58	8	0.040
2.094395	2.138223	1.678323	126	85	2	0.040
-1.047198	2.349581	-2.702517	126	85	10	0.040
1.570796	1.168678	2.108595	116	86	7	0.040
-0.785398	1.325504	-1.671296	131	88	5	0.040
-1.570796	0.929350	-2.910676	3	87	134	0.040
-0.523599	1.812176	0.656819	1	100	134	0.039
0.785398	1.391910	3.030322	133	89	134	0.039
-0.785398	0.419640	2.974122	130	57	2	0.039
-2.879793	1.450119	-2.739050	138	64	2	0.039
-1.832596	1.450119	-2.739050	136	75	8	0.039
-1.570796	1.450119	-2.739050	130	73	4	0.039
-0.261799	1.450119	-2.739050	133	77	139	0.039
0.261799	1.450119	-2.739050	125	70	3	0.039
1.047198	1.450119	-2.739050	124	73	1	0.039
1.308997	1.450119	-2.739050	127	78	4	0.039
1.570796	1.450119	-2.739050	126	51	136	0.039
2.094395	1.450119	-2.739050	121	55	1	0.039
2.356194	1.450119	-2.739050	123	75	8	0.039
-2.879793	2.404280	-0.174044	133	81	3	0.039
-2.617994	2.404280	-0.174044	132	65	9	0.039
-2.094395	2.404280	-0.174044	134	55	8	0.039
-1.832596	2.404280	-0.174044	137	72	7	0.039
-1.308997	2.404280	-0.174044	2	78	136	0.039
-1.047198	2.404280	-0.174044	5	74	135	0.039
-0.261799	2.404280	-0.174044	127	83	6	0.039
0.523599	2.404280	-0.174044	123	74	13	0.039
1.047198	2.404280	-0.174044	121	81	6	0.039
1.308997	2.404280	-0.174044	118	56	5	0.039
2.879793	2.404280	-0.174044	121	56	0	0.039
-2.094395	2.115563	0.685730	130	73	5	0.039
-1.832596	2.115563	0.685730	128	64	6	0.039
-1.570796	2.115563	0.685730	128	65	7	0.039
-1.308997	2.115563	0.685730	136	54	8	0.039
0.261799	2.115563	0.685730	138	83	136	0.039
0.785398	2.115563	0.685730	127	76	136	0.039
1.047198	2.115563	0.685730	131	70	0	0.039
1.308997	2.115563	0.685730	123	78	16	0.039
1.570796	2.115563	0.685730	120	83	8	0.039
-2.094395	1.756530	-2.105156	137	88	139	0.039
-1.047198	1.756530	-2.105156	136	79	5	0.039
-0.785398	1.756530	-2.105156	125	88	8	0.039
-0.261799	1.756530	-2.105156	133	87	134	0.039
1.570796	1.756530	-2.105156	124	54	4	0.039
2.094395	1.756530	-2.105156	127	74	7	0.039
2.356194	1.756530	-2.105156	124	72	7	0.039
2.879793	1.756530	-2.105156	136	53	139	0.039
-2.094395	1.869911	2.701025	138	56	7	0.039
-1.832596	1.869911	2.701025	132	70	8	0.039
-1.047198	1.869911	2.701025	132	56	7	0.039
-0.261799	1.869911	2.701025	132	81	0	0.039
0.261799	1.869911	2.701025	125	73	10	0.039
0.523599	1.869911	2.701025	122	76	15	0.039
0.785398	1.869911	2.701025	125	78	11	0.039
1.047198	1.869911	2.701025	125	73	14	0.039
1.570796	1.869911	2.701025	123	56	10	0.039
1.832596	1.869911	2.701025	129	87	11	0.039
2.356194	1.869911	2.701025	123	74	5	0.039
-1.047198	0.458961	-0.107937	128	77	131	0.039
-0.785398	0.458961	-0.107937	131	77	1	0.039
-0.523599	0.458961	-0.107937	125	75	137	0.039
0.785398	0.458961	-0.107937	131	56	135	0.039
1.308997	0.458961	-0.107937	137	74	130	0.039
1.832596	0.458961	-0.107937	132	74	131	0.039
2.094395	0.458961	-0.107937	135	74	137	0.039
2.356194	0.458961	-0.107937	129	73	126	0.039
2.617994	0.458961	-0.107937	134	73	130	0.039
-3.141593	1.599406	1.426070	129	65	137	0.039
-2.879793	1.599406	1.426070	131	55	139	0.039
-2.617994	1.599406	1.426070	129	56	7	0.039
-2.356194	1.599406	1.426070	128	56	10	0.039
0.261799	1.599406	1.426070	133	79	4	0.039
0.523599	1.599406	1.426070	128	79	7	0.039
0.785398	1.599406	1.426070	127	79	5	0.039
1.308997	1.599406	1.426070	132	77	132	0.039
1.570796	1.599406	1.426070	121	80	9	0.039
-2.879793	1.554776	0.100351	117	56	0	0.039
-1.047198	1.554776	0.100351	139	80	139	0.039
-0.785398	1.554776	0.100351	0	75	139	0.039
-0.261799	1.554776	0.100351	135	73	136	0.039
0.000000	1.554776	0.100351	134	71	133	0.039
0.523599	1.554776	0.100351	131	74	0	0.039
0.785398	1.554776	0.100351	130	74	139	0.039
1.832596	1.554776	0.100351	117	74	129	0.039
-3.141593	0.618092	2.539118	128	74	0	0.039
-2.879793	0.618092	2.539118	126	56	7	0.039
-2.617994	0.618092	2.539118	0	52	135	0.039
-2.356194	0.618092	2.539118	136	83	135	0.039
-1.570796	0.618092	2.539118	138	72	132	0.039
-1.308997	0.618092	2.539118	2	74	137	0.039
-0.261799	0.618092	2.539118	125	69	7	0.039
0.000000	0.618092	2.539118	126	78	0	0.039
0.261799	0.618092	2.539118	128	79	0	0.039
0.523599	0.618092	2.539118	123	76	1	0.039
0.785398	0.618092	2.539118	133	80	131	0.039
1.047198	0.618092	2.539118	128	73	134	0.039
1.832596	0.618092	2.539118	117	76	138	0.039
2.094395	0.618092	2.539118	122	60	1	0.039
2.356194	0.618092	2.539118	122	66	6	0.039
2.879793	0.618092	2.539118	124	74	139	0.039
-3.141593	1.846342	-1.796954	132	73	1	0.039
-2.879793	1.846342	-1.796954	6	74	135	0.039
-2.094395	1.846342	-1.796954	2	75	5	0.039
-1.047198	1.846342	-1.796954	129	63	9	0.039
-0.785398	1.846342	-1.796954	125	87	137	0.039
0.000000	1.846342	-1.796954	125	83	3	0.039
1.308997	1.846342	-1.796954	118	55	139	0.039
1.832596	1.846342	-1.796954	123	73	10	0.039
2.094395	1.846342	-1.796954	129	56	6	0.039
2.356194	1.846342	-1.796954	127	54	3	0.039
2.879793	1.846342	-1.796954	126	56	4	0.039
-2.356194	0.615174	-0.666022	131	73	129	0.039
-1.308997	0.615174	-0.666022	127	77	137	0.039
-0.785398	0.615174	-0.666022	131	79	136	0.039
-0.523599	0.615174	-0.666022	132	73	133	0.039
-0.261799	0.615174	-0.666022	127	74	133	0.039
0.261799	0.615174	-0.666022	133	76	131	0.039
0.785398	0.615174	-0.666022	136	75	133	0.039
1.047198	0.615174	-0.666022	124	67	137	0.039
1.308997	0.615174	-0.666022	125	56	133	0.039
1.570796	0.615174	-0.666022	132	73	0	0.039
1.832596	0.615174	-0.666022	125	79	135	0.039
2.356194	0.615174	-0.666022	131	75	131	0.039
2.879793	0.615174	-0.666022	128	74	3	0.039
-3.141593	2.393226	1.857173	121	74	8	0.039
-2.356194	2.393226	1.857173	125	83	10	0.039
-2.094395	2.393226	1.857173	129	56	12	0.039
-1.308997	2.393226	1.857173	130	72	16	0.039
-1.047198	2.393226	1.857173	133	67	5	0.039
-0.785398	2.393226	1.857173	132	72	3	0.039
-0.523599	2.393226	1.857173	131	73	5	0.039
0.785398	2.393226	1.857173	130	74	16	0.039
2.094395	2.393226	1.857173	125	75	10	0.039
2.617994	2.393226	1.857173	121	62	10	0.039
-1.832596	1.569311	-3.003978	1	73	9	0.039
-0.785398	1.569311	-3.003978	134	72	10	0.039
0.000000	1.569311	-3.003978	125	72	139	0.039
0.261799	1.569311	-3.003978	121	76	11	0.039
0.523599	1.569311	-3.003978	123	73	0	0.039
1.047198	1.569311	-3.003978	135	91	136	0.039
1.308997	1.569311	-3.003978	128	65	3	0.039
1.570796	1.569311	-3.003978	119	55	12	0.039
1.832596	1.569311	-3.003978	125	73	13	0.039
2.617994	1.569311	-3.003978	129	56	11	0.039
2.879793	1.569311	-3.003978	129	82	7	0.039
-3.141593	0.419640	2.974122	130	54	0	0.039
-1.570796	0.419640	2.974122	138	51	131	0.039
-1.047198	0.419640	2.974122	139	83	131	0.039
-0.523599	0.419640	2.974122	137	81	132	0.039
0.000000	0.419640	2.974122	130	84	139	0.039
0.261799	0.419640	2.974122	125	84	4	0.039
0.785398	0.419640	2.974122	135	78	122	0.039
1.832596	0.419640	2.974122	121	56	134	0.039
2.094395	0.419640	2.974122	125	54	135	0.039
2.356194	0.419640	2.974122	124	73	8	0.039
2.879793	0.419640	2.974122	133	56	2	0.039
-2.879793	1.134796	2.434290	133	55	5	0.039
-2.094395	1.134796	2.434290	135	56	0	0.039
-0.261799	1.134796	2.434290	138	80	136	0.039
0.000000	1.134796	2.434290	131	80	6	0.039
0.261799	1.134796	2.434290	134	84	137	0.039
0.523599	1.134796	2.434290	136	74	136	0.039
1.308997	1.134796	2.434290	122	80	1	0.039
1.570796	1.134796	2.434290	117	75	9	0.039
1.832596	1.134796	2.434290	134	75	5	0.039
2.094395	1.134796	2.434290	3	80	131	0.039
2.617994	1.134796	2.434290	132	74	138	0.039
2.879793	1.134796	2.434290	129	56	8	0.039
-2.879793	1.574060	2.783565	130	56	0	0.039
-2.356194	1.574060	2.783565	131	56	7	0.039
-1.570796	1.574060	2.783565	132	79	7	0.039
-1.047198	1.574060	2.783565	134	81	8	0.039
-0.261799	1.574060	2.783565	133	74	4	0.039
0.000000	1.574060	2.783565	124	84	8	0.039
0.261799	1.574060	2.783565	132	74	8	0.039
0.523599	1.574060	2.783565	121	79	10	0.039
0.785398	1.574060	2.783565	126	73	1	0.039
1.047198	1.574060	2.783565	126	73	5	0.039
1.308997	1.574060	2.783565	120	76	10	0.039
1.570796	1.574060	2.783565	127	79	1	0.039
1.832596	1.574060	2.783565	123	79	137	0.039
2.617994	1.574060	2.783565	129	72	9	0.039
-3.141593	2.587733	0.232235	132	66	7	0.039
-2.879793	2.587733	0.232235	134	56	4	0.039
-2.617994	2.587733	0.232235	128	56	10	0.039
-1.832596	2.587733	0.232235	129	77	5	0.039
-1.570796	2.587733	0.232235	0	52	0	0.039
0.523599	2.587733	0.232235	127	78	9	0.039
0.785398	2.587733	0.232235	133	79	4	0.039
1.308997	2.587733	0.232235	126	73	134	0.039
-2.617994	1.413430	2.550734	135	53	6	0.039
-1.570796	1.413430	2.550734	134	49	7	0.039
-1.047198	1.413430	2.550734	129	79	9	0.039
-0.523599	1.413430	2.550734	128	73	9	0.039
-0.261799	1.413430	2.550734	128	52	12	0.039
0.261799	1.413430	2.550734	133	83	137	0.039
0.785398	1.413430	2.550734	121	84	11	0.039
1.047198	1.413430	2.550734	119	68	5	0.039
1.570796	1.413430	2.550734	122	75	5	0.039
1.832596	1.413430	2.550734	119	73	7	0.039
2.094395	1.413430	2.550734	117	64	8	0.039
2.356194	1.413430	2.550734	125	82	0	0.039
2.617994	1.413430	2.550734	123	64	11	0.039
2.879793	1.413430	2.550734	128	73	5	0.039
-2.094395	1.417623	-0.202254	134	54	137	0.039
-1.832596	1.417623	-0.202254	135	73	3	0.039
-1.570796	1.417623	-0.202254	136	56	137	0.039
-1.308997	1.417623	-0.202254	133	73	128	0.039
-1.047198	1.417623	-0.202254	133	73	1	0.039
-0.523599	1.417623	-0.202254	137	73	136	0.039
0.000000	1.417623	-0.202254	129	97	131	0.039
0.261799	1.417623	-0.202254	131	77	139	0.039
0.785398	1.417623	-0.202254	125	83	125	0.039
1.570796	1.417623	-0.202254	119	70	134	0.039
1.832596	1.417623	-0.202254	122	81	129	0.039
-3.141593	0.850607	-1.335383	134	76	135	0.039
-2.356194	0.850607	-1.335383	133	88	135	0.039
-2.094395	0.850607	-1.335383	133	80	139	0.039
-1.832596	0.850607	-1.335383	130	83	3	0.039
-1.570796	0.850607	-1.335383	135	74	1	0.039
-1.308997	0.850607	-1.335383	131	80	0	0.039
-0.785398	0.850607	-1.335383	131	70	138	0.039
1.308997	0.850607	-1.335383	122	75	131	0.039
2.094395	0.850607	-1.335383	129	83	3	0.039
-2.879793	0.370812	-2.547742	3	74	127	0.039
-1.832596	0.370812	-2.547742	134	74	137	0.039
-1.047198	0.370812	-2.547742	126	80	6	0.039
-0.785398	0.370812	-2.547742	128	65	7	0.039
-0.523599	0.370812	-2.547742	126	70	134	0.039
1.047198	0.370812	-2.547742	121	42	135	0.039
1.308997	0.370812	-2.547742	119	49	1	0.039
1.832596	0.370812	-2.547742	124	55	1	0.039
2.617994	0.370812	-2.547742	131	52	136	0.039
-3.141593	0.640596	-2.797608	138	56	137	0.039
-2.617994	0.640596	-2.797608	136	67	132	0.039
-2.094395	0.640596	-2.797608	139	74	4	0.039
-0.523599	0.640596	-2.797608	125	74	134	0.039
0.000000	0.640596	-2.797608	125	81	0	0.039
1.308997	0.640596	-2.797608	116	78	0	0.039
1.570796	0.640596	-2.797608	118	70	0	0.039
2.094395	0.640596	-2.797608	119	77	7	0.039
2.356194	0.640596	-2.797608	132	56	1	0.039
2.879793	0.640596	-2.797608	128	53	136	0.039
-3.141593	2.979456	-1.009304	136	56	6	0.039
-2.879793	2.979456	-1.009304	130	73	4	0.039
-2.617994	2.979456	-1.009304	133	56	6	0.039
-1.047198	2.979456	-1.009304	133	81	6	0.039
-0.523599	2.979456	-1.009304	137	80	12	0.039
0.000000	2.979456	-1.009304	123	75	11	0.039
0.523599	2.979456	-1.009304	127	73	0	0.039
0.785398	2.979456	-1.009304	126	72	9	0.039
1.308997	2.979456	-1.009304	123	79	4	0.039
1.570796	2.979456	-1.009304	127	77	138	0.039
1.832596	2.979456	-1.009304	120	63	8	0.039
2.094395	2.979456	-1.009304	124	73	8	0.039
2.617994	2.979456	-1.009304	127	69	3	0.039
-2.617994	0.831641	0.616218	129	56	135	0.039
-1.832596	0.831641	0.616218	127	74	138	0.039
-1.570796	0.831641	0.616218	134	70	134	0.039
-1.047198	0.831641	0.616218	132	77	1	0.039
-0.785398	0.831641	0.616218	138	73	137	0.039
-0.523599	0.831641	0.616218	133	74	136	0.039
0.000000	0.831641	0.616218	134	73	0	0.039
0.261799	0.831641	0.616218	128	74	139	0.039
0.523599	0.831641	0.616218	139	83	131	0.039
2.094395	0.831641	0.616218	124	77	139	0.039
-3.141593	2.343981	-1.040456	137	56	6	0.039
-2.879793	2.343981	-1.040456	3	75	137	0.039
-2.356194	2.343981	-1.040456	134	56	137	0.039
-2.094395	2.343981	-1.040456	138	74	6	0.039
-1.308997	2.343981	-1.040456	135	54	2	0.039
-1.047198	2.343981	-1.040456	135	82	2	0.039
-0.785398	2.343981	-1.040456	124	81	3	0.039
-0.523599	2.343981	-1.040456	134	83	1	0.039
-0.261799	2.343981	-1.040456	127	73	9	0.039
0.261799	2.343981	-1.040456	125	84	9	0.039
2.094395	2.343981	-1.040456	120	55	4	0.039
2.356194	2.343981	-1.040456	128	56	6	0.039
2.617994	2.343981	-1.040456	127	56	5	0.039
2.879793	2.343981	-1.040456	122	51	10	0.039
-3.141593	1.998705	2.370472	128	73	5	0.039
-2.617994	1.998705	2.370472	130	88	14	0.039
-2.356194	1.998705	2.370472	130	87	1	0.039
-1.832596	1.998705	2.370472	132	73	13	0.039
-1.308997	1.998705	2.370472	134	81	10	0.039
-0.785398	1.998705	2.370472	133	67	16	0.039
-0.523599	1.998705	2.370472	136	73	7	0.039
-0.261799	1.998705	2.370472	133	78	2	0.039
0.261799	1.998705	2.370472	127	76	12	0.039
0.523599	1.998705	2.370472	127	74	0	0.039
0.785398	1.998705	2.370472	131	73	3	0.039
1.047198	1.998705	2.370472	123	81	8	0.039
1.308997	1.998705	2.370472	126	77	11	0.039
1.832596	1.998705	2.370472	125	77	16	0.039
2.094395	1.998705	2.370472	122	60	7	0.039
2.356194	1.998705	2.370472	129	73	0	0.039
2.879793	1.998705	2.370472	127	69	11	0.039
-3.141593	1.413347	-1.339188	135	56	135	0.039
-2.094395	1.413347	-1.339188	2	84	0	0.039
-1.832596	1.413347	-1.339188	136	71	133	0.039
-1.570796	1.413347	-1.339188	139	74	3	0.039
-1.308997	1.413347	-1.339188	133	77	2	0.039
-0.785398	1.413347	-1.339188	132	73	4	0.039
1.570796	1.413347	-1.339188	129	77	3	0.039
1.832596	1.413347	-1.339188	128	56	133	0.039
2.879793	1.413347	-1.339188	128	52	2	0.039
-1.832596	0.674054	1.013609	0	80	129	0.039
-1.570796	0.674054	1.013609	133	60	0	0.039
-1.308997	0.674054	1.013609	131	55	130	0.039
-0.785398	0.674054	1.013609	131	74	133	0.039
-0.523599	0.674054	1.013609	0	74	126	0.039
-0.261799	0.674054	1.013609	5	75	132	0.039
0.523599	0.674054	1.013609	139	77	128	0.039
1.047198	0.674054	1.013609	125	73	3	0.039
1.308997	0.674054	1.013609	124	81	3	0.039
-3.141593	0.906588	1.252948	119	54	131	0.039
-2.879793	0.906588	1.252948	134	73	130	0.039
-2.617994	0.906588	1.252948	126	52	130	0.039
-2.094395	0.906588	1.252948	128	78	2	0.039
-1.832596	0.906588	1.252948	126	56	0	0.039
-1.308997	0.906588	1.252948	130	53	1	0.039
0.261799	0.906588	1.252948	2	83	132	0.039
0.523599	0.906588	1.252948	124	80	137	0.039
0.785398	0.906588	1.252948	123	79	7	0.039
1.570796	0.906588	1.252948	124	84	136	0.039
1.832596	0.906588	1.252948	116	79	138	0.039
-2.879793	1.335669	0.897240	128	72	1	0.039
-2.617994	1.335669	0.897240	122	50	139	0.039
-2.094395	1.335669	0.897240	132	78	0	0.039
-1.308997	1.335669	0.897240	135	69	134	0.039
-1.047198	1.335669	0.897240	3	73	130	0.039
0.523599	1.335669	0.897240	124	84	139	0.039
0.785398	1.335669	0.897240	129	79	0	0.039
1.047198	1.335669	0.897240	123	77	2	0.039
1.832596	1.335669	0.897240	125	76	137	0.039
-2.094395	1.870545	-2.976234	135	76	10	0.039
-1.832596	1.870545	-2.976234	132	76	11	0.039
-1.308997	1.870545	-2.976234	127	74	6	0.039
-0.785398	1.870545	-2.976234	127	76	14	0.039
-0.523599	1.870545	-2.976234	132	73	2	0.039
-0.261799	1.870545	-2.976234	128	81	12	0.039
0.000000	1.870545	-2.976234	124	79	5	0.039
0.261799	1.870545	-2.976234	128	65	6	0.039
0.523599	1.870545	-2.976234	126	73	8	0.039
0.785398	1.870545	-2.976234	131	73	0	0.039
1.570796	1.870545	-2.976234	134	79	2	0.039
2.094395	1.870545	-2.976234	126	74	135	0.039
2.356194	1.870545	-2.976234	124	56	13	0.039
-1.832596	2.164094	-2.991358	133	74	12	0.039
-1.308997	2.164094	-2.991358	139	83	9	0.039
-1.047198	2.164094	-2.991358	133	76	15	0.039
-0.785398	2.164094	-2.991358	123	72	10	0.039
-0.523599	2.164094	-2.991358	127	83	2	0.039
0.261799	2.164094	-2.991358	125	87	6	0.039
0.523599	2.164094	-2.991358	132	74	7	0.039
1.308997	2.164094	-2.991358	121	56	6	0.039
1.570796	2.164094	-2.991358	131	65	4	0.039
2.094395	2.164094	-2.991358	126	65	14	0.039
2.617994	2.164094	-2.991358	133	70	5	0.039
2.879793	2.164094	-2.991358	125	74	5	0.039
-2.617994	0.379747	-1.713059	0	70	139	0.039
-2.356194	0.379747	-1.713059	129	74	3	0.039
-2.094395	0.379747	-1.713059	130	56	5	0.039
-1.570796	0.379747	-1.713059	133	73	137	0.039
-1.308997	0.379747	-1.713059	135	73	135	0.039
-0.785398	0.379747	-1.713059	123	81	129	0.039
0.000000	0.379747	-1.713059	117	74	132	0.039
0.523599	0.379747	-1.713059	122	55	133	0.039
0.785398	0.379747	-1.713059	122	55	127	0.039
1.047198	0.379747	-1.713059	129	74	0	0.039
1.308997	0.379747	-1.713059	125	70	133	0.039
1.570796	0.379747	-1.713059	122	73	4	0.039
1.832596	0.379747	-1.713059	124	73	0	0.039
2.094395	0.379747	-1.713059	130	73	136	0.039
2.356194	0.379747	-1.713059	133	55	0	0.039
2.879793	0.379747	-1.713059	133	69	127	0.039
-3.141593	2.187132	-0.479875	128	56	1	0.039
-2.879793	2.187132	-0.479875	130	73	9	0.039
-2.356194	2.187132	-0.479875	136	56	129	0.039
-2.094395	2.187132	-0.479875	138	56	1	0.039
-1.832596	2.187132	-0.479875	137	82	1	0.039
-1.570796	2.187132	-0.479875	3	74	137	0.039
-1.308997	2.187132	-0.479875	134	73	139	0.039
-0.785398	2.187132	-0.479875	130	73	135	0.039
-0.523599	2.187132	-0.479875	129	73	7	0.039
0.261799	2.187132	-0.479875	124	77	9	0.039
0.523599	2.187132	-0.479875	124	82	1	0.039
1.047198	2.187132	-0.479875	117	76	4	0.039
2.617994	2.187132	-0.479875	125	66	2	0.039
-2.879793	0.866955	-0.931351	132	70	139	0.039
-2.617994	0.866955	-0.931351	135	68	135	0.039
-2.356194	0.866955	-0.931351	129	74	0	0.039
-2.094395	0.866955	-0.931351	0	80	0	0.039
-1.832596	0.866955	-0.931351	128	78	135	0.039
-1.570796	0.866955	-0.931351	127	79	131	0.039
-0.261799	0.866955	-0.931351	126	74	133	0.039
0.261799	0.866955	-0.931351	128	70	130	0.039
0.785398	0.866955	-0.931351	129	74	133	0.039
1.047198	0.866955	-0.931351	123	65	139	0.039
1.308997	0.866955	-0.931351	125	63	139	0.039
1.570796	0.866955	-0.931351	123	74	137	0.039
2.356194	0.866955	-0.931351	133	89	132	0.039
2.879793	0.866955	-0.931351	130	74	126	0.039
-3.141593	2.299159	2.264663	133	72	8	0.039
-2.879793	2.299159	2.264663	133	56	4	0.039
-2.617994	2.299159	2.264663	125	67	6	0.039
-2.356194	2.299159	2.264663	129	56	4	0.039
-2.094395	2.299159	2.264663	126	70	4	0.039
-1.832596	2.299159	2.264663	132	64	12	0.039
-1.570796	2.299159	2.264663	126	76	7	0.039
-1.047198	2.299159	2.264663	131	74	9	0.039
-0.785398	2.299159	2.264663	133	75	3	0.039
-0.261799	2.299159	2.264663	127	69	8	0.039
0.000000	2.299159	2.264663	131	72	8	0.039
0.261799	2.299159	2.264663	130	79	6	0.039
0.523599	2.299159	2.264663	132	72	3	0.039
1.832596	2.299159	2.264663	126	72	15	0.039
-2.879793	1.812176	0.656819	129	56	7	0.039
-2.094395	1.812176	0.656819	135	55	0	0.039
-1.308997	1.812176	0.656819	139	51	1	0.039
0.261799	1.812176	0.656819	132	83	135	0.039
0.523599	1.812176	0.656819	126	83	0	0.039
1.308997	1.812176	0.656819	126	76	6	0.039
1.832596	1.812176	0.656819	117	69	3	0.039
2.617994	1.812176	0.656819	132	75	136	0.039
2.879793	1.812176	0.656819	122	74	2	0.039
-3.141593	2.719179	-1.780644	134	55	9	0.039
-0.523599	2.719179	-1.780644	126	76	6	0.039
0.000000	2.719179	-1.780644	120	81	11	0.039
1.570796	2.719179	-1.780644	120	51	11	0.039
-1.308997	2.396274	-1.959260	126	78	12	0.039
-1.047198	2.396274	-1.959260	123	77	6	0.039
-0.785398	2.396274	-1.959260	130	79	4	0.039
-0.523599	2.396274	-1.959260	130	73	139	0.039
-0.261799	2.396274	-1.959260	124	70	5	0.039
0.000000	2.396274	-1.959260	121	77	8	0.039
1.308997	2.396274	-1.959260	123	64	6	0.039
1.570796	2.396274	-1.959260	124	56	9	0.039
1.832596	2.396274	-1.959260	120	54	1	0.039
2.617994	2.396274	-1.959260	128	55	10	0.039
2.879793	2.396274	-1.959260	133	55	2	0.039
-2.879793	0.866395	-2.492918	138	55	138	0.039
-2.094395	0.866395	-2.492918	138	74	3	0.039
-1.832596	0.866395	-2.492918	137	73	2	0.039
-1.047198	0.866395	-2.492918	130	81	138	0.039
1.308997	0.866395	-2.492918	119	74	5	0.039
2.094395	0.866395	-2.492918	125	77	6	0.039
2.356194	0.866395	-2.492918	122	52	9	0.039
-2.879793	1.617114	-1.572037	138	77	131	0.039
-2.356194	1.617114	-1.572037	138	71	137	0.039
-1.832596	1.617114	-1.572037	137	84	4	0.039
-1.570796	1.617114	-1.572037	4	79	0	0.039
-1.308997	1.617114	-1.572037	130	74	7	0.039
-1.047198	1.617114	-1.572037	125	73	4	0.039
-0.785398	1.617114	-1.572037	127	74	5	0.039
-0.261799	1.617114	-1.572037	121	79	136	0.039
1.308997	1.617114	-1.572037	121	56	1	0.039
1.832596	1.617114	-1.572037	126	53	0	0.039
2.094395	1.617114	-1.572037	126	76	3	0.039
2.879793	1.617114	-1.572037	125	56	134	0.039
-2.879793	0.864993	2.278281	126	55	3	0.039
-2.617994	0.864993	2.278281	127	56	7	0.039
-2.356194	0.864993	2.278281	137	56	2	0.039
-0.785398	0.864993	2.278281	0	72	137	0.039
0.000000	0.864993	2.278281	131	76	3	0.039
0.261799	0.864993	2.278281	133	76	132	0.039
2.356194	0.864993	2.278281	115	56	5	0.039
2.617994	0.864993	2.278281	120	55	6	0.039
2.879793	0.864993	2.278281	126	56	139	0.039
-2.879793	1.014500	0.906702	130	63	122	0.039
-2.617994	1.014500	0.906702	122	53	2	0.039
-2.356194	1.014500	0.906702	128	51	0	0.039
-2.094395	1.014500	0.906702	133	74	4	0.039
-1.308997	1.014500	0.906702	3	80	126	0.039
-1.047198	1.014500	0.906702	131	77	135	0.039
-0.785398	1.014500	0.906702	2	73	139	0.039
-0.523599	1.014500	0.906702	138	84	136	0.039
0.000000	1.014500	0.906702	131	74	133	0.039
0.785398	1.014500	0.906702	128	74	133	0.039
1.308997	1.014500	0.906702	126	72	132	0.039
1.570796	1.014500	0.906702	120	73	135	0.039
2.617994	1.014500	0.906702	117	69	135	0.039
-2.879793	2.247462	0.191623	129	56	7	0.039
-2.094395	2.247462	0.191623	128	55	1	0.039
-1.570796	2.247462	0.191623	136	65	6	0.039
-1.308997	2.247462	0.191623	0	74	4	0.039
-0.785398	2.247462	0.191623	138	73	136	0.039
-0.523599	2.247462	0.191623	132	75	0	0.039
0.000000	2.247462	0.191623	1	82	138	0.039
0.261799	2.247462	0.191623	131	83	7	0.039
1.308997	2.247462	0.191623	117	55	0	0.039
2.879793	2.247462	0.191623	126	56	0	0.039
-3.141593	2.724429	-0.348782	130	74	5	0.039
-2.356194	2.724429	-0.348782	138	55	5	0.039
-2.094395	2.724429	-0.348782	139	59	3	0.039
-1.832596	2.724429	-0.348782	135	67	3	0.039
-1.308997	2.724429	-0.348782	138	74	138	0.039
-0.261799	2.724429	-0.348782	133	81	3	0.039
0.785398	2.724429	-0.348782	122	74	7	0.039
2.356194	2.724429	-0.348782	126	53	5	0.039
2.617994	2.724429	-0.348782	132	81	6	0.039
-3.141593	1.194549	-0.801900	1	70	134	0.039
-2.879793	1.194549	-0.801900	129	56	138	0.039
-2.617994	1.194549	-0.801900	131	74	2	0.039
-1.308997	1.194549	-0.801900	132	76	129	0.039
-0.785398	1.194549	-0.801900	129	74	134	0.039
-0.523599	1.194549	-0.801900	133	74	128	0.039
0.000000	1.194549	-0.801900	126	77	131	0.039
1.308997	1.194549	-0.801900	124	73	132	0.039
1.832596	1.194549	-0.801900	130	73	137	0.039
-3.141593	1.504028	0.636812	124	56	135	0.039
-2.356194	1.504028	0.636812	128	56	3	0.039
-1.832596	1.504028	0.636812	132	74	5	0.039
-1.570796	1.504028	0.636812	131	71	131	0.039
-1.308997	1.504028	0.636812	130	74	136	0.039
-0.785398	1.504028	0.636812	2	73	139	0.039
-0.261799	1.504028	0.636812	138	78	137	0.039
0.261799	1.504028	0.636812	123	74	9	0.039
0.523599	1.504028	0.636812	132	74	138	0.039
1.047198	1.504028	0.636812	119	74	0	0.039
1.570796	1.504028	0.636812	121	84	3	0.039
1.832596	1.504028	0.636812	124	83	137	0.039
-1.832596	1.741644	-2.695914	132	73	6	0.039
-1.308997	1.741644	-2.695914	129	76	10	0.039
-1.047198	1.741644	-2.695914	128	80	2	0.039
-0.785398	1.741644	-2.695914	130	81	137	0.039
-0.523599	1.741644	-2.695914	129	84	7	0.039
0.000000	1.741644	-2.695914	127	75	2	0.039
1.047198	1.741644	-2.695914	128	77	139	0.039
1.308997	1.741644	-2.695914	119	56	10	0.039
1.832596	1.741644	-2.695914	124	56	3	0.039
2.094395	1.741644	-2.695914	123	77	11	0.039
2.356194	1.741644	-2.695914	129	56	8	0.039
-3.141593	2.174483	2.653697	133	79	10	0.039
-2.094395	2.174483	2.653697	129	56	5	0.039
-1.832596	2.174483	2.653697	133	73	17	0.039
-1.570796	2.174483	2.653697	134	67	8	0.039
-1.308997	2.174483	2.653697	134	72	7	0.039
-1.047198	2.174483	2.653697	133	79	3	0.039
-0.785398	2.174483	2.653697	124	78	25	0.039
-0.523599	2.174483	2.653697	133	73	6	0.039
-0.261799	2.174483	2.653697	129	70	10	0.039
0.261799	2.174483	2.653697	126	69	13	0.039
0.523599	2.174483	2.653697	133	73	4	0.039
0.785398	2.174483	2.653697	126	80	2	0.039
1.570796	2.174483	2.653697	124	71	3	0.039
2.356194	2.174483	2.653697	127	67	10	0.039
2.879793	2.174483	2.653697	125	73	3	0.039
-2.879793	2.664082	-1.071402	132	56	10	0.039
-2.617994	2.664082	-1.071402	139	82	9	0.039
-0.785398	2.664082	-1.071402	133	83	6	0.039
-0.523599	2.664082	-1.071402	124	76	7	0.039
-0.261799	2.664082	-1.071402	138	82	135	0.039
0.000000	2.664082	-1.071402	126	76	12	0.039
0.523599	2.664082	-1.071402	120	78	1	0.039
2.094395	2.664082	-1.071402	123	56	9	0.039
2.356194	2.664082	-1.071402	127	56	12	0.039
2.617994	2.664082	-1.071402	123	52	8	0.039
-2.094395	2.579248	-2.364801	135	83	10	0.039
-1.570796	2.579248	-2.364801	134	84	12	0.039
-1.308997	2.579248	-2.364801	123	76	13	0.039
-0.261799	2.579248	-2.364801	132	70	2	0.039
1.047198	2.579248	-2.364801	125	74	138	0.039
1.832596	2.579248	-2.364801	134	79	7	0.039
2.094395	2.579248	-2.364801	131	56	5	0.039
-2.879793	0.899350	-2.069907	6	74	130	0.039
-1.832596	0.899350	-2.069907	135	84	3	0.039
-1.570796	0.899350	-2.069907	129	65	2	0.039
-1.308997	0.899350	-2.069907	125	74	5	0.039
-0.785398	0.899350	-2.069907	133	83	4	0.039
-0.523599	0.899350	-2.069907	127	80	4	0.039
0.785398	0.899350	-2.069907	121	70	134	0.039
1.308997	0.899350	-2.069907	120	56	133	0.039
1.570796	0.899350	-2.069907	127	77	139	0.039
1.832596	0.899350	-2.069907	124	55	134	0.039
2.094395	0.899350	-2.069907	125	73	5	0.039
2.356194	0.899350	-2.069907	127	52	1	0.039
-3.141593	2.984978	1.954446	126	79	10	0.039
-2.879793	2.984978	1.954446	124	74	9	0.039
-2.617994	2.984978	1.954446	132	80	135	0.039
-2.356194	2.984978	1.954446	127	77	2	0.039
-1.570796	2.984978	1.954446	125	74	11	0.039
-1.047198	2.984978	1.954446	127	51	8	0.039
-0.523599	2.984978	1.954446	131	73	13	0.039
-0.261799	2.984978	1.954446	134	56	2	0.039
0.000000	2.984978	1.954446	128	56	6	0.039
0.261799	2.984978	1.954446	132	54	12	0.039
1.832596	2.984978	1.954446	133	74	7	0.039
-3.141593	1.766067	2.153843	129	72	0	0.039
-2.617994	1.766067	2.153843	128	82	6	0.039
-2.356194	1.766067	2.153843	130	73	7	0.039
-1.832596	1.766067	2.153843	137	56	6	0.039
-1.570796	1.766067	2.153843	138	56	7	0.039
-1.308997	1.766067	2.153843	139	76	11	0.039
-0.523599	1.766067	2.153843	138	74	1	0.039
-0.261799	1.766067	2.153843	133	51	11	0.039
0.261799	1.766067	2.153843	135	77	7	0.039
0.785398	1.766067	2.153843	124	78	138	0.039
1.047198	1.766067	2.153843	122	80	13	0.039
1.308997	1.766067	2.153843	131	74	3	0.039
1.570796	1.766067	2.153843	128	81	7	0.039
2.356194	1.766067	2.153843	122	56	10	0.039
2.617994	1.766067	2.153843	128	71	8	0.039
2.879793	1.766067	2.153843	123	87	2	0.039
-2.879793	1.809167	1.213774	124	56	137	0.039
-2.356194	1.809167	1.213774	126	50	9	0.039
-2.094395	1.809167	1.213774	129	53	14	0.039
-1.570796	1.809167	1.213774	136	51	0	0.039
-1.308997	1.809167	1.213774	137	56	6	0.039
-0.785398	1.809167	1.213774	4	71	138	0.039
0.261799	1.809167	1.213774	131	70	139	0.039
0.523599	1.809167	1.213774	124	56	2	0.039
0.785398	1.809167	1.213774	125	77	8	0.039
1.308997	1.809167	1.213774	129	81	12	0.039
2.094395	1.809167	1.213774	120	70	2	0.039
2.356194	1.809167	1.213774	116	73	5	0.039
-2.617994	1.135834	-1.431087	3	75	135	0.039
-2.094395	1.135834	-1.431087	132	91	138	0.039
-1.570796	1.135834	-1.431087	136	79	3	0.039
-1.308997	1.135834	-1.431087	134	81	6	0.039
-1.047198	1.135834	-1.431087	131	60	2	0.039
-0.785398	1.135834	-1.431087	133	73	127	0.039
0.523599	1.135834	-1.431087	122	71	130	0.039
1.308997	1.135834	-1.431087	129	75	138	0.039
1.832596	1.135834	-1.431087	121	70	139	0.039
2.094395	1.135834	-1.431087	130	83	136	0.039
2.617994	1.135834	-1.431087	127	56	0	0.039
2.879793	1.135834	-1.431087	136	73	135	0.039
-3.141593	1.909857	-0.381669	131	80	2	0.039
-2.879793	1.909857	-0.381669	126	52	4	0.039
-2.617994	1.909857	-0.381669	131	54	139	0.039
-2.356194	1.909857	-0.381669	127	59	4	0.039
-2.094395	1.909857	-0.381669	135	80	6	0.039
-1.832596	1.909857	-0.381669	3	77	139	0.039
-1.308997	1.909857	-0.381669	1	82	131	0.039
-1.047198	1.909857	-0.381669	137	78	136	0.039
-0.785398	1.909857	-0.381669	130	73	3	0.039
0.261799	1.909857	-0.381669	125	76	138	0.039
0.523599	1.909857	-0.381669	121	80	6	0.039
0.785398	1.909857	-0.381669	120	69	0	0.039
1.047198	1.909857	-0.381669	126	73	131	0.039
2.356194	1.909857	-0.381669	122	87	4	0.039
2.879793	1.909857	-0.381669	126	79	138	0.039
-3.141593	1.195355	1.200319	123	36	139	0.039
-2.356194	1.195355	1.200319	135	79	135	0.039
-1.832596	1.195355	1.200319	137	79	133	0.039
-1.570796	1.195355	1.200319	127	54	139	0.039
-1.308997	1.195355	1.200319	139	56	3	0.039
0.000000	1.195355	1.200319	132	76	137	0.039
0.523599	1.195355	1.200319	132	77	6	0.039
0.785398	1.195355	1.200319	131	84	132	0.039
1.047198	1.195355	1.200319	123	72	136	0.039
2.879793	1.195355	1.200319	115	65	138	0.039
-3.141593	1.310100	1.488307	130	54	2	0.039
-2.879793	1.310100	1.488307	118	56	8	0.039
-2.617994	1.310100	1.488307	128	75	9	0.039
-2.356194	1.310100	1.488307	126	56	4	0.039
-2.094395	1.310100	1.488307	130	76	5	0.039
-1.832596	1.310100	1.488307	131	60	5	0.039
-1.570796	1.310100	1.488307	132	72	7	0.039
-0.261799	1.310100	1.488307	130	69	0	0.039
0.000000	1.310100	1.488307	136	81	2	0.039
0.785398	1.310100	1.488307	126	81	9	0.039
1.047198	1.310100	1.488307	121	73	4	0.039
1.570796	1.310100	1.488307	118	76	8	0.039
1.832596	1.310100	1.488307	127	78	138	0.039
2.356194	1.310100	1.488307	118	68	139	0.039
2.879793	1.310100	1.488307	116	38	4	0.039
-3.141593	2.153910	-1.714959	139	67	4	0.039
-2.356194	2.153910	-1.714959	135	91	134	0.039
-1.832596	2.153910	-1.714959	5	83	6	0.039
-1.570796	2.153910	-1.714959	129	83	0	0.039
-1.308997	2.153910	-1.714959	131	79	13	0.039
-0.261799	2.153910	-1.714959	125	84	8	0.039
1.570796	2.153910	-1.714959	116	54	5	0.039
2.094395	2.153910	-1.714959	133	72	136	0.039
2.356194	2.153910	-1.714959	122	55	134	0.039
2.617994	2.153910	-1.714959	132	70	2	0.039
2.879793	2.153910	-1.714959	133	70	8	0.039
-3.141593	1.134497	-1.109631	136	56	133	0.039
-2.879793	1.134497	-1.109631	131	80	129	0.039
-2.617994	1.134497	-1.109631	138	87	134	0.039
-2.356194	1.134497	-1.109631	133	87	137	0.039
-2.094395	1.134497	-1.109631	138	74	0	0.039
-1.832596	1.134497	-1.109631	134	81	138	0.039
-1.308997	1.134497	-1.109631	131	73	139	0.039
-1.047198	1.134497	-1.109631	129	77	2	0.039
-0.785398	1.134497	-1.109631	126	79	136	0.039
-0.523599	1.134497	-1.109631	127	73	133	0.039
0.000000	1.134497	-1.109631	126	78	130	0.039
0.785398	1.134497	-1.109631	115	75	133	0.039
1.832596	1.134497	-1.109631	131	81	130	0.039
2.617994	1.134497	-1.109631	129	73	136	0.039
2.879793	1.134497	-1.109631	129	55	130	0.039
-0.261799	0.961715	0.014085	134	79	134	0.039
0.000000	0.961715	0.014085	132	73	132	0.039
0.261799	0.961715	0.014085	131	75	135	0.039
0.785398	0.961715	0.014085	126	70	139	0.039
1.570796	0.961715	0.014085	126	81	129	0.039
2.617994	0.961715	0.014085	124	62	130	0.039
-2.617994	1.367556	0.358405	134	83	139	0.039
-2.094395	1.367556	0.358405	0	77	136	0.039
-1.832596	1.367556	0.358405	134	81	138	0.039
-1.570796	1.367556	0.358405	139	73	134	0.039
-1.047198	1.367556	0.358405	138	77	2	0.039
-0.785398	1.367556	0.358405	5	76	132	0.039
-0.523599	1.367556	0.358405	1	79	134	0.039
0.261799	1.367556	0.358405	132	77	137	0.039
1.570796	1.367556	0.358405	123	79	138	0.039
1.832596	1.367556	0.358405	119	78	132	0.039
-3.141593	1.440580	2.260026	122	55	6	0.039
-2.879793	1.440580	2.260026	129	56	16	0.039
-2.617994	1.440580	2.260026	133	74	2	0.039
-2.094395	1.440580	2.260026	130	54	5	0.039
-0.785398	1.440580	2.260026	137	80	4	0.039
-0.523599	1.440580	2.260026	134	83	12	0.039
0.000000	1.440580	2.260026	131	74	139	0.039
1.047198	1.440580	2.260026	128	83	8	0.039
1.308997	1.440580	2.260026	122	70	5	0.039
1.570796	1.440580	2.260026	130	73	3	0.039
1.832596	1.440580	2.260026	118	67	9	0.039
2.617994	1.440580	2.260026	130	79	2	0.039
-2.617994	2.863997	0.549740	133	80	3	0.039
-2.356194	2.863997	0.549740	127	56	12	0.039
-1.832596	2.863997	0.549740	132	74	10	0.039
-1.308997	2.863997	0.549740	135	74	12	0.039
0.785398	2.863997	0.549740	120	56	5	0.039
1.308997	2.863997	0.549740	125	84	15	0.039
1.570796	2.863997	0.549740	130	65	6	0.039
1.832596	2.863997	0.549740	120	69	11	0.039
2.617994	2.863997	0.549740	129	69	4	0.039
2.879793	2.863997	0.549740	131	60	4	0.039
-2.094395	2.041297	-2.664597	135	74	13	0.039
-1.570796	2.041297	-2.664597	135	70	6	0.039
-1.047198	2.041297	-2.664597	126	74	14	0.039
-0.785398	2.041297	-2.664597	126	78	15	0.039
-0.523599	2.041297	-2.664597	125	83	3	0.039
-0.261799	2.041297	-2.664597	132	81	138	0.039
0.000000	2.041297	-2.664597	123	75	6	0.039
0.523599	2.041297	-2.664597	125	81	7	0.039
0.785398	2.041297	-2.664597	126	75	4	0.039
1.047198	2.041297	-2.664597	122	68	4	0.039
1.308997	2.041297	-2.664597	124	56	5	0.039
1.570796	2.041297	-2.664597	133	78	1	0.039
1.832596	2.041297	-2.664597	129	68	136	0.039
2.094395	2.041297	-2.664597	129	54	11	0.039
2.617994	2.041297	-2.664597	133	77	12	0.039
-2.356194	1.045978	0.343692	132	76	3	0.039
-1.832596	1.045978	0.343692	130	73	139	0.039
-1.308997	1.045978	0.343692	128	65	2	0.039
-1.047198	1.045978	0.343692	130	74	138	0.039
-0.261799	1.045978	0.343692	139	73	130	0.039
0.000000	1.045978	0.343692	131	75	138	0.039
0.261799	1.045978	0.343692	126	74	134	0.039
1.047198	1.045978	0.343692	135	80	128	0.039
1.308997	1.045978	0.343692	124	65	136	0.039
1.570796	1.045978	0.343692	122	81	126	0.039
1.832596	1.045978	0.343692	123	80	2	0.039
2.094395	1.045978	0.343692	126	79	135	0.039
2.356194	1.045978	0.343692	119	74	133	0.039
-3.141593	0.290380	-0.796960	132	75	1	0.039
-2.879793	0.290380	-0.796960	129	65	137	0.039
-2.617994	0.290380	-0.796960	132	74	2	0.039
-2.094395	0.290380	-0.796960	129	80	130	0.039
-1.832596	0.290380	-0.796960	125	84	132	0.039
-0.785398	0.290380	-0.796960	130	71	129	0.039
-0.523599	0.290380	-0.796960	130	73	130	0.039
-0.261799	0.290380	-0.796960	125	83	131	0.039
0.000000	0.290380	-0.796960	122	56	1	0.039
0.261799	0.290380	-0.796960	126	77	135	0.039
0.523599	0.290380	-0.796960	125	64	0	0.039
1.308997	0.290380	-0.796960	133	64	131	0.039
1.570796	0.290380	-0.796960	131	78	129	0.039
1.832596	0.290380	-0.796960	2	74	132	0.039
2.617994	0.290380	-0.796960	126	74	137	0.039
-1.308997	1.545873	-1.877082	131	76	11	0.039
-1.047198	1.545873	-1.877082	137	73	7	0.039
-0.261799	1.545873	-1.877082	124	81	138	0.039
1.308997	1.545873	-1.877082	122	66	5	0.039
1.570796	1.545873	-1.877082	122	55	2	0.039
1.832596	1.545873	-1.877082	122	74	5	0.039
2.617994	1.545873	-1.877082	128	69	5	0.039
2.879793	1.545873	-1.877082	135	52	139	0.039
-2.617994	2.356369	3.005869	133	66	8	0.039
-2.094395	2.356369	3.005869	128	79	13	0.039
-1.832596	2.356369	3.005869	129	77	17	0.039
-1.047198	2.356369	3.005869	132	83	10	0.039
-0.785398	2.356369	3.005869	126	73	16	0.039
-0.523599	2.356369	3.005869	125	76	12	0.039
0.523599	2.356369	3.005869	129	70	5	0.039
1.047198	2.356369	3.005869	131	77	12	0.039
1.308997	2.356369	3.005869	133	84	10	0.039
1.570796	2.356369	3.005869	126	79	14	0.039
1.832596	2.356369	3.005869	124	65	5	0.039
2.094395	2.356369	3.005869	124	56	7	0.039
2.356194	2.356369	3.005869	126	70	1	0.039
-3.141593	1.836682	-0.676006	133	55	2	0.039
-2.879793	1.836682	-0.676006	133	77	7	0.039
-2.617994	1.836682	-0.676006	132	76	138	0.039
-2.356194	1.836682	-0.676006	133	81	138	0.039
-1.570796	1.836682	-0.676006	3	74	135	0.039
-1.308997	1.836682	-0.676006	0	63	139	0.039
-0.785398	1.836682	-0.676006	134	79	2	0.039
-0.523599	1.836682	-0.676006	137	79	136	0.039
-0.261799	1.836682	-0.676006	126	83	3	0.039
0.261799	1.836682	-0.676006	129	74	133	0.039
0.523599	1.836682	-0.676006	130	94	132	0.039
2.356194	1.836682	-0.676006	127	86	1	0.039
2.617994	1.836682	-0.676006	127	66	137	0.039
-1.832596	1.948085	-2.363031	134	79	3	0.039
-0.785398	1.948085	-2.363031	131	82	7	0.039
-0.523599	1.948085	-2.363031	133	80	7	0.039
0.523599	1.948085	-2.363031	126	73	3	0.039
1.308997	1.948085	-2.363031	121	50	11	0.039
1.832596	1.948085	-2.363031	122	56	15	0.039
2.356194	1.948085	-2.363031	124	55	138	0.039
2.879793	1.948085	-2.363031	132	52	3	0.039
-2.094395	1.736875	3.023612	136	56	5	0.039
-1.832596	1.736875	3.023612	134	73	10	0.039
-1.308997	1.736875	3.023612	133	79	15	0.039
-1.047198	1.736875	3.023612	128	87	15	0.039
0.000000	1.736875	3.023612	132	78	5	0.039
0.785398	1.736875	3.023612	125	68	6	0.039
1.047198	1.736875	3.023612	124	76	12	0.039
1.308997	1.736875	3.023612	130	74	1	0.039
1.570796	1.736875	3.023612	124	56	135	0.039
1.832596	1.736875	3.023612	123	56	13	0.039
2.094395	1.736875	3.023612	129	71	10	0.039
2.879793	1.736875	3.023612	126	79	6	0.039
-2.617994	0.591903	2.010408	129	75	135	0.039
-2.356194	0.591903	2.010408	131	54	1	0.039
-2.094395	0.591903	2.010408	138	56	132	0.039
-1.570796	0.591903	2.010408	135	73	136	0.039
-1.308997	0.591903	2.010408	0	70	130	0.039
-0.523599	0.591903	2.010408	136	73	136	0.039
0.000000	0.591903	2.010408	135	74	129	0.039
0.261799	0.591903	2.010408	128	79	129	0.039
1.308997	0.591903	2.010408	128	80	138	0.039
1.570796	0.591903	2.010408	119	76	132	0.039
2.617994	0.591903	2.010408	115	56	135	0.039
2.879793	0.591903	2.010408	121	51	137	0.039
-3.141593	2.760637	2.781135	131	69	11	0.039
-2.879793	2.760637	2.781135	131	81	1	0.039
-2.617994	2.760637	2.781135	128	83	16	0.039
-2.356194	2.760637	2.781135	130	76	9	0.039
-1.832596	2.760637	2.781135	134	75	8	0.039
-1.570796	2.760637	2.781135	130	79	9	0.039
-1.308997	2.760637	2.781135	123	74	11	0.039
-1.047198	2.760637	2.781135	127	73	12	0.039
-0.785398	2.760637	2.781135	137	81	3	0.039
-0.523599	2.760637	2.781135	124	76	8	0.039
0.000000	2.760637	2.781135	125	56	7	0.039
0.261799	2.760637	2.781135	125	59	14	0.039
0.523599	2.760637	2.781135	130	81	136	0.039
1.047198	2.760637	2.781135	130	73	14	0.039
1.832596	2.760637	2.781135	130	73	8	0.039
-2.879793	1.256302	0.062705	125	55	132	0.039
-2.617994	1.256302	0.062705	123	56	130	0.039
-2.356194	1.256302	0.062705	124	41	138	0.039
-1.832596	1.256302	0.062705	126	66	136	0.039
-1.308997	1.256302	0.062705	138	72	129	0.039
-1.047198	1.256302	0.062705	131	74	138	0.039
-0.785398	1.256302	0.062705	136	84	131	0.039
-0.261799	1.256302	0.062705	132	76	137	0.039
0.261799	1.256302	0.062705	130	79	0	0.039
0.523599	1.256302	0.062705	130	78	135	0.039
1.047198	1.256302	0.062705	127	55	132	0.039
1.832596	1.256302	0.062705	121	83	139	0.039
2.879793	1.256302	0.062705	123	90	126	0.039
-3.141593	2.592629	0.909713	136	73	6	0.039
-2.617994	2.592629	0.909713	121	54	13	0.039
-2.094395	2.592629	0.909713	124	55	6	0.039
-1.832596	2.592629	0.909713	130	74	6	0.039
-1.570796	2.592629	0.909713	123	56	11	0.039
-1.308997	2.592629	0.909713	135	55	137	0.039
-0.785398	2.592629	0.909713	133	70	9	0.039
0.523599	2.592629	0.909713	129	76	9	0.039
1.047198	2.592629	0.909713	120	81	9	0.039
2.094395	2.592629	0.909713	130	79	7	0.039
2.356194	2.592629	0.909713	130	74	0	0.039
-3.141593	1.113094	-0.272241	128	55	130	0.039
-2.879793	1.113094	-0.272241	129	68	131	0.039
-2.356194	1.113094	-0.272241	129	73	136	0.039
-2.094395	1.113094	-0.272241	132	84	136	0.039
-1.832596	1.113094	-0.272241	131	76	133	0.039
-1.570796	1.113094	-0.272241	132	74	133	0.039
-1.308997	1.113094	-0.272241	137	79	132	0.039
-1.047198	1.113094	-0.272241	137	73	130	0.039
-0.261799	1.113094	-0.272241	130	75	135	0.039
0.261799	1.113094	-0.272241	126	70	138	0.039
0.523599	1.113094	-0.272241	131	73	129	0.039
0.785398	1.113094	-0.272241	124	75	128	0.039
1.308997	1.113094	-0.272241	124	73	3	0.039
1.570796	1.113094	-0.272241	129	74	137	0.039
1.832596	1.113094	-0.272241	122	67	134	0.039
-3.141593	2.407836	1.410646	121	62	6	0.039
-2.879793	2.407836	1.410646	128	56	139	0.039
-2.617994	2.407836	1.410646	126	56	11	0.039
-2.356194	2.407836	1.410646	129	67	4	0.039
-2.094395	2.407836	1.410646	131	76	14	0.039
-1.570796	2.407836	1.410646	129	76	16	0.039
-1.047198	2.407836	1.410646	138	73	5	0.039
1.308997	2.407836	1.410646	123	77	11	0.039
1.570796	2.407836	1.410646	124	81	12	0.039
2.094395	2.407836	1.410646	131	73	2	0.039
2.617994	2.407836	1.410646	121	76	10	0.039
-2.617994	2.089241	-0.114193	128	49	134	0.039
-1.832596	2.089241	-0.114193	137	56	7	0.039
-1.570796	2.089241	-0.114193	136	55	1	0.039
-1.047198	2.089241	-0.114193	0	69	1	0.039
-0.785398	2.089241	-0.114193	3	81	135	0.039
-0.523599	2.089241	-0.114193	129	56	0	0.039
-0.261799	2.089241	-0.114193	132	81	5	0.039
0.000000	2.089241	-0.114193	136	79	139	0.039
0.523599	2.089241	-0.114193	129	76	135	0.039
0.785398	2.089241	-0.114193	128	66	0	0.039
1.047198	2.089241	-0.114193	121	74	5	0.039
1.308997	2.089241	-0.114193	125	77	1	0.039
2.356194	2.089241	-0.114193	122	55	129	0.039
-3.141593	0.619654	-2.216909	1	66	131	0.039
-2.879793	0.619654	-2.216909	133	66	134	0.039
-2.617994	0.619654	-2.216909	138	75	130	0.039
-2.094395	0.619654	-2.216909	131	70	2	0.039
-1.832596	0.619654	-2.216909	136	72	136	0.039
-1.308997	0.619654	-2.216909	129	78	136	0.039
-1.047198	0.619654	-2.216909	139	80	134	0.039
-0.785398	0.619654	-2.216909	128	83	138	0.039
-0.523599	0.619654	-2.216909	123	80	133	0.039
0.785398	0.619654	-2.216909	120	52	135	0.039
1.047198	0.619654	-2.216909	124	74	139	0.039
1.570796	0.619654	-2.216909	127	77	139	0.039
2.094395	0.619654	-2.216909	128	55	2	0.039
2.356194	0.619654	-2.216909	131	56	130	0.039
2.617994	0.619654	-2.216909	137	81	137	0.039
2.879793	0.619654	-2.216909	129	81	0	0.039
-3.141593	2.456751	-1.503343	137	73	2	0.039
-2.879793	2.456751	-1.503343	136	72	139	0.039
-1.570796	2.456751	-1.503343	137	76	133	0.039
-1.308997	2.456751	-1.503343	3	83	139	0.039
-1.047198	2.456751	-1.503343	125	65	4	0.039
-0.523599	2.456751	-1.503343	131	70	136	0.039
-0.261799	2.456751	-1.503343	123	74	5	0.039
0.000000	2.456751	-1.503343	124	73	2	0.039
0.523599	2.456751	-1.503343	124	73	139	0.039
2.094395	2.456751	-1.503343	127	74	14	0.039
2.617994	2.456751	-1.503343	133	56	6	0.039
2.879793	2.456751	-1.503343	128	74	5	0.039
-3.141593	2.001437	0.381215	117	56	4	0.039
-2.617994	2.001437	0.381215	128	50	9	0.039
-2.094395	2.001437	0.381215	132	56	2	0.039
-1.570796	2.001437	0.381215	129	67	3	0.039
-1.308997	2.001437	0.381215	137	74	136	0.039
-1.047198	2.001437	0.381215	2	70	135	0.039
-0.785398	2.001437	0.381215	5	77	132	0.039
0.000000	2.001437	0.381215	139	80	136	0.039
1.308997	2.001437	0.381215	115	83	139	0.039
1.570796	2.001437	0.381215	124	74	6	0.039
2.094395	2.001437	0.381215	119	74	137	0.039
-3.141593	2.138223	1.678323	122	80	4	0.039
-2.617994	2.138223	1.678323	126	82	5	0.039
-2.094395	2.138223	1.678323	130	56	6	0.039
-1.832596	2.138223	1.678323	133	70	11	0.039
-1.308997	2.138223	1.678323	130	56	14	0.039
-0.785398	2.138223	1.678323	139	65	9	0.039
0.523599	2.138223	1.678323	131	78	12	0.039
0.785398	2.138223	1.678323	127	83	10	0.039
1.047198	2.138223	1.678323	125	74	12	0.039
1.570796	2.138223	1.678323	129	77	8	0.039
1.832596	2.138223	1.678323	130	82	137	0.039
-2.094395	2.349581	-2.702517	130	81	7	0.039
-1.832596	2.349581	-2.702517	130	66	14	0.039
-0.261799	2.349581	-2.702517	120	78	10	0.039
0.000000	2.349581	-2.702517	131	72	0	0.039
0.523599	2.349581	-2.702517	122	68	4	0.039
1.047198	2.349581	-2.702517	121	56	10	0.039
1.308997	2.349581	-2.702517	125	74	12	0.039
1.570796	2.349581	-2.702517	124	56	2	0.039
1.832596	2.349581	-2.702517	123	70	11	0.039
2.617994	2.349581	-2.702517	133	41	11	0.039
-3.141593	1.168678	2.108595	119	53	3	0.039
-2.879793	1.168678	2.108595	136	52	136	0.039
-2.617994	1.168678	2.108595	125	55	2	0.039
-2.094395	1.168678	2.108595	136	70	139	0.039
-1.832596	1.168678	2.108595	135	67	0	0.039
-1.570796	1.168678	2.108595	139	56	8	0.039
0.000000	1.168678	2.108595	128	81	2	0.039
0.523599	1.168678	2.108595	124	79	11	0.039
0.785398	1.168678	2.108595	127	84	6	0.039
1.047198	1.168678	2.108595	120	84	2	0.039
1.832596	1.168678	2.108595	121	76	7	0.039
2.094395	1.168678	2.108595	120	71	6	0.039
2.617994	1.168678	2.108595	125	79	5	0.039
-3.141593	2.180315	-1.357379	134	59	3	0.039
-2.879793	2.180315	-1.357379	133	79	2	0.039
-2.617994	2.180315	-1.357379	137	56	136	0.039
-2.094395	2.180315	-1.357379	7	69	138	0.039
-1.832596	2.180315	-1.357379	2	73	0	0.039
-1.570796	2.180315	-1.357379	136	64	133	0.039
-1.308997	2.180315	-1.357379	137	84	3	0.039
-1.047198	2.180315	-1.357379	131	84	7	0.039
-0.523599	2.180315	-1.357379	132	76	3	0.039
0.000000	2.180315	-1.357379	126	80	1	0.039
1.570796	2.180315	-1.357379	119	56	1	0.039
1.832596	2.180315	-1.357379	130	80	3	0.039
2.094395	2.180315	-1.357379	129	75	2	0.039
2.617994	2.180315	-1.357379	133	56	11	0.039
2.879793	2.180315	-1.357379	124	59	6	0.039
-2.617994	2.478122	2.609777	131	79	8	0.039
-2.356194	2.478122	2.609777	127	64	9	0.039
-1.570796	2.478122	2.609777	131	73	12	0.039
-1.308997	2.478122	2.609777	127	79	15	0.039
-0.523599	2.478122	2.609777	126	67	12	0.039
0.000000	2.478122	2.609777	134	73	4	0.039
0.261799	2.478122	2.609777	127	74	12	0.039
1.047198	2.478122	2.609777	132	70	7	0.039
1.308997	2.478122	2.609777	126	79	8	0.039
1.570796	2.478122	2.609777	129	74	8	0.039
2.879793	2.478122	2.609777	130	74	12	0.039
-3.141593	1.699788	2.452890	126	56	14	0.039
-2.879793	1.699788	2.452890	123	56	5	0.039
-1.308997	1.699788	2.452890	139	77	8	0.039
-0.523599	1.699788	2.452890	136	74	7	0.039
0.261799	1.699788	2.452890	132	79	9	0.039
0.523599	1.699788	2.452890	128	81	0	0.039
0.785398	1.699788	2.452890	124	79	5	0.039
1.832596	1.699788	2.452890	119	81	2	0.039
2.356194	1.699788	2.452890	121	73	5	0.039
2.617994	1.699788	2.452890	124	67	8	0.039
2.879793	1.699788	2.452890	131	40	6	0.039
-2.879793	1.184361	0.625864	115	56	136	0.039
-2.617994	1.184361	0.625864	133	56	1	0.039
-2.356194	1.184361	0.625864	134	56	3	0.039
-2.094395	1.184361	0.625864	128	54	1	0.039
-1.570796	1.184361	0.625864	126	70	134	0.039
-1.308997	1.184361	0.625864	136	76	130	0.039
-1.047198	1.184361	0.625864	133	83	137	0.039
-0.785398	1.184361	0.625864	138	66	139	0.039
-0.261799	1.184361	0.625864	135	70	133	0.039
0.000000	1.184361	0.625864	133	71	135	0.039
0.523599	1.184361	0.625864	126	70	3	0.039
1.308997	1.184361	0.625864	127	67	132	0.039
2.356194	1.184361	0.625864	123	70	130	0.039
2.879793	1.184361	0.625864	125	70	136	0.039
-3.141593	2.108018	1.311430	124	70	9	0.039
-2.617994	2.108018	1.311430	124	56	5	0.039
-2.094395	2.108018	1.311430	131	65	9	0.039
-1.832596	2.108018	1.311430	124	56	10	0.039
0.523599	2.108018	1.311430	129	81	2	0.039
0.785398	2.108018	1.311430	131	51	5	0.039
1.047198	2.108018	1.311430	128	79	11	0.039
1.570796	2.108018	1.311430	120	56	7	0.039
1.832596	2.108018	1.311430	122	81	8	0.039
2.094395	2.108018	1.311430	124	78	3	0.039
2.617994	2.108018	1.311430	117	91	4	0.039
2.879793	2.108018	1.311430	123	42	3	0.039
-2.617994	1.488617	1.159546	125	74	10	0.039
-2.094395	1.488617	1.159546	127	60	5	0.039
-1.832596	1.488617	1.159546	137	56	8	0.039
-1.570796	1.488617	1.159546	130	66	7	0.039
-1.308997	1.488617	1.159546	138	80	137	0.039
0.261799	1.488617	1.159546	132	84	0	0.039
1.570796	1.488617	1.159546	128	75	132	0.039
1.832596	1.488617	1.159546	120	73	4	0.039
2.094395	1.488617	1.159546	122	74	3	0.039
-2.094395	1.325504	-1.671296	137	72	1	0.039
-1.832596	1.325504	-1.671296	130	74	2	0.039
-1.570796	1.325504	-1.671296	133	79	1	0.039
-1.047198	1.325504	-1.671296	136	82	2	0.039
-0.523599	1.325504	-1.671296	123	83	137	0.039
-0.261799	1.325504	-1.671296	128	82	0	0.039
0.523599	1.325504	-1.671296	123	74	139	0.039
1.308997	1.325504	-1.671296	118	74	134	0.039
1.570796	1.325504	-1.671296	127	73	7	0.039
1.832596	1.325504	-1.671296	124	55	133	0.039
2.617994	1.325504	-1.671296	126	75	3	0.039
-2.879793	1.606104	-0.451151	128	51	128	0.039
-2.617994	1.606104	-0.451151	129	55	2	0.039
-2.356194	1.606104	-0.451151	132	53	136	0.039
-2.094395	1.606104	-0.451151	129	65	139	0.039
-1.832596	1.606104	-0.451151	132	56	134	0.039
-1.570796	1.606104	-0.451151	135	70	139	0.039
-1.308997	1.606104	-0.451151	2	65	131	0.039
-1.047198	1.606104	-0.451151	1	71	132	0.039
-0.785398	1.606104	-0.451151	131	80	137	0.039
-0.261799	1.606104	-0.451151	126	70	132	0.039
0.523599	1.606104	-0.451151	121	79	1	0.039
0.785398	1.606104	-0.451151	118	70	133	0.039
1.570796	1.606104	-0.451151	112	70	134	0.039
2.356194	1.606104	-0.451151	125	74	8	0.039
2.617994	1.606104	-0.451151	119	55	134	0.039
-3.141593	1.506530	1.988858	129	65	7	0.039
-2.617994	1.506530	1.988858	130	56	4	0.039
-2.356194	1.506530	1.988858	129	54	2	0.039
-2.094395	1.506530	1.988858	129	51	9	0.039
-1.832596	1.506530	1.988858	132	56	8	0.039
-1.308997	1.506530	1.988858	0	73	10	0.039
-1.047198	1.506530	1.988858	138	72	3	0.039
-0.261799	1.506530	1.988858	137	73	7	0.039
0.523599	1.506530	1.988858	127	74	5	0.039
0.785398	1.506530	1.988858	127	80	11	0.039
1.047198	1.506530	1.988858	131	78	12	0.039
1.570796	1.506530	1.988858	118	70	3	0.039
2.094395	1.506530	1.988858	127	76	1	0.039
2.356194	1.506530	1.988858	118	70	8	0.039
2.879793	1.506530	1.988858	116	56	6	0.039
-3.141593	1.977582	0.969896	129	55	1	0.039
-2.356194	1.977582	0.969896	126	55	136	0.039
-2.094395	1.977582	0.969896	123	62	2	0.039
-1.832596	1.977582	0.969896	136	73	5	0.039
-1.570796	1.977582	0.969896	136	55	10	0.039
-1.308997	1.977582	0.969896	137	74	4	0.039
1.047198	1.977582	0.969896	125	74	5	0.039
1.570796	1.977582	0.969896	121	80	132	0.039
2.094395	1.977582	0.969896	117	69	1	0.039
-3.141593	2.637879	2.121598	124	64	9	0.039
-2.617994	2.637879	2.121598	128	74	12	0.039
-0.785398	2.637879	2.121598	131	69	12	0.039
-0.523599	2.637879	2.121598	132	74	9	0.039
1.308997	2.637879	2.121598	129	77	3	0.039
2.094395	2.637879	2.121598	125	74	8	0.039
2.356194	2.637879	2.121598	128	79	14	0.039
2.879793	2.637879	2.121598	123	76	8	0.039
-3.141593	1.218453	2.777284	129	55	13	0.039
-1.570796	1.218453	2.777284	1	91	10	0.039
-1.308997	1.218453	2.777284	139	77	9	0.039
-0.785398	1.218453	2.777284	131	81	3	0.039
-0.523599	1.218453	2.777284	129	80	2	0.039
0.261799	1.218453	2.777284	129	77	2	0.039
1.308997	1.218453	2.777284	118	83	4	0.039
1.570796	1.218453	2.777284	127	74	2	0.039
1.832596	1.218453	2.777284	132	74	130	0.039
2.356194	1.218453	2.777284	125	70	3	0.039
2.617994	1.218453	2.777284	122	56	2	0.039
2.879793	1.218453	2.777284	125	56	1	0.039
-3.141593	1.555207	1.708892	131	74	5	0.039
-2.879793	1.555207	1.708892	132	56	9	0.039
-2.617994	1.555207	1.708892	125	56	0	0.039
-2.094395	1.555207	1.708892	126	52	5	0.039
-1.832596	1.555207	1.708892	136	73	137	0.039
-1.308997	1.555207	1.708892	139	69	137	0.039
0.523599	1.555207	1.708892	128	80	1	0.039
0.785398	1.555207	1.708892	125	76	10	0.039
1.570796	1.555207	1.708892	121	74	12	0.039
1.832596	1.555207	1.708892	115	95	3	0.039
-3.141593	2.295480	1.008277	128	69	2	0.039
-2.879793	2.295480	1.008277	133	89	0	0.039
-2.617994	2.295480	1.008277	120	56	5	0.039
-2.094395	2.295480	1.008277	127	67	7	0.039
-1.570796	2.295480	1.008277	136	56	13	0.039
-1.308997	2.295480	1.008277	135	56	10	0.039
-1.047198	2.295480	1.008277	139	55	9	0.039
0.261799	2.295480	1.008277	131	80	2	0.039
0.523599	2.295480	1.008277	129	51	139	0.039
0.785398	2.295480	1.008277	128	78	2	0.039
1.308997	2.295480	1.008277	127	74	13	0.039
1.832596	2.295480	1.008277	119	81	12	0.039
2.094395	2.295480	1.008277	124	79	7	0.039
2.879793	2.295480	1.008277	128	74	12	0.039
-2.356194	0.203748	0.590255	126	46	133	0.039
-0.785398	0.203748	0.590255	129	70	132	0.039
-0.523599	0.203748	0.590255	128	81	134	0.039
0.000000	0.203748	0.590255	132	77	136	0.039
1.308997	0.203748	0.590255	127	71	2	0.039
1.832596	0.203748	0.590255	132	74	0	0.039
2.356194	0.203748	0.590255	137	73	135	0.039
-2.617994	1.510910	-0.740472	130	72	3	0.039
-1.570796	1.510910	-0.740472	132	70	136	0.039
-1.047198	1.510910	-0.740472	135	79	3	0.039
-0.785398	1.510910	-0.740472	135	74	137	0.039
0.261799	1.510910	-0.740472	127	83	136	0.039
1.047198	1.510910	-0.740472	123	74	138	0.039
1.308997	1.510910	-0.740472	121	74	0	0.039
1.832596	1.510910	-0.740472	123	62	138	0.039
2.094395	1.510910	-0.740472	124	69	138	0.039
2.617994	1.510910	-0.740472	123	54	137	0.039
2.879793	1.510910	-0.740472	121	56	124	0.039
-3.141593	0.571433	-1.188419	137	74	136	0.039
-2.356194	0.571433	-1.188419	135	76	131	0.039
-2.094395	0.571433	-1.188419	133	79	1	0.039
-1.832596	0.571433	-1.188419	132	73	2	0.039
-1.308997	0.571433	-1.188419	123	75	134	0.039
0.000000	0.571433	-1.188419	122	81	133	0.039
0.261799	0.571433	-1.188419	124	86	125	0.039
0.523599	0.571433	-1.188419	126	77	131	0.039
1.047198	0.571433	-1.188419	124	73	2	0.039
1.308997	0.571433	-1.188419	130	74	138	0.039
1.570796	0.571433	-1.188419	129	59	133	0.039
2.617994	0.571433	-1.188419	136	81	137	0.039
-3.141593	1.982574	-1.115518	128	54	4	0.039
-2.879793	1.982574	-1.115518	138	53	135	0.039
-2.094395	1.982574	-1.115518	139	65	129	0.039
-0.785398	1.982574	-1.115518	126	80	7	0.039
1.047198	1.982574	-1.115518	117	70	133	0.039
2.356194	1.982574	-1.115518	122	74	1	0.039
-2.617994	2.033014	2.977192	129	80	7	0.039
-2.356194	2.033014	2.977192	134	60	5	0.039
-1.832596	2.033014	2.977192	137	78	13	0.039
-1.308997	2.033014	2.977192	130	75	17	0.039
-0.785398	2.033014	2.977192	137	84	1	0.039
-0.523599	2.033014	2.977192	132	73	3	0.039
0.000000	2.033014	2.977192	126	79	9	0.039
0.785398	2.033014	2.977192	125	70	10	0.039
1.047198	2.033014	2.977192	121	63	9	0.039
1.308997	2.033014	2.977192	128	79	9	0.039
2.094395	2.033014	2.977192	126	52	1	0.039
2.879793	2.033014	2.977192	127	87	6	0.039
-3.141593	0.297065	2.160177	129	73	5	0.039
-2.356194	0.297065	2.160177	125	56	0	0.039
-2.094395	0.297065	2.160177	127	74	138	0.039
-1.832596	0.297065	2.160177	4	78	131	0.039
-0.523599	0.297065	2.160177	127	73	136	0.039
-0.261799	0.297065	2.160177	133	54	137	0.039
0.000000	0.297065	2.160177	131	77	5	0.039
0.261799	0.297065	2.160177	138	79	137	0.039
1.047198	0.297065	2.160177	122	93	131	0.039
1.570796	0.297065	2.160177	126	68	0	0.039
2.356194	0.297065	2.160177	120	81	137	0.039
2.617994	0.297065	2.160177	126	64	134	0.039
2.879793	0.297065	2.160177	120	56	0	0.039
-3.141593	0.080730	-2.622036	132	77	138	0.039
-2.879793	0.080730	-2.622036	134	75	135	0.039
-2.617994	0.080730	-2.622036	131	73	139	0.039
-2.356194	0.080730	-2.622036	0	80	136	0.039
-2.094395	0.080730	-2.622036	130	84	138	0.039
-1.570796	0.080730	-2.622036	125	73	139	0.039
1.570796	0.080730	-2.622036	124	65	137	0.039
2.094395	0.080730	-2.622036	121	53	133	0.039
2.356194	0.080730	-2.622036	129	55	3	0.039
2.617994	0.080730	-2.622036	136	55	0	0.039
-1.832596	1.242974	-2.977882	134	67	9	0.039
-1.308997	1.242974	-2.977882	136	79	5	0.039
-0.523599	1.242974	-2.977882	139	56	1	0.039
-0.261799	1.242974	-2.977882	129	73	10	0.039
0.261799	1.242974	-2.977882	125	74	4	0.039
1.047198	1.242974	-2.977882	121	78	5	0.039
1.308997	1.242974	-2.977882	127	80	1	0.039
1.570796	1.242974	-2.977882	116	56	6	0.039
2.094395	1.242974	-2.977882	126	65	2	0.039
2.356194	1.242974	-2.977882	122	56	4	0.039
2.879793	1.242974	-2.977882	130	56	8	0.039
-2.617994	0.992645	-1.723759	4	72	128	0.039
-1.570796	0.992645	-1.723759	128	81	137	0.039
-1.308997	0.992645	-1.723759	132	76	130	0.039
-1.047198	0.992645	-1.723759	128	79	130	0.039
-0.785398	0.992645	-1.723759	125	76	133	0.039
0.261799	0.992645	-1.723759	129	70	135	0.039
0.785398	0.992645	-1.723759	124	73	132	0.039
1.570796	0.992645	-1.723759	124	65	138	0.039
2.094395	0.992645	-1.723759	126	74	136	0.039
2.356194	0.992645	-1.723759	123	54	132	0.039
2.617994	0.992645	-1.723759	128	74	135	0.039
2.879793	0.992645	-1.723759	132	62	0	0.039
-3.141593	2.104282	-0.813972	128	56	9	0.039
-2.617994	2.104282	-0.813972	131	56	132	0.039
-2.356194	2.104282	-0.813972	134	73	5	0.039
-1.832596	2.104282	-0.813972	137	70	4	0.039
-1.308997	2.104282	-0.813972	138	74	3	0.039
-1.047198	2.104282	-0.813972	139	80	135	0.039
-0.785398	2.104282	-0.813972	136	76	0	0.039
-0.261799	2.104282	-0.813972	123	74	4	0.039
0.785398	2.104282	-0.813972	121	69	136	0.039
2.356194	2.104282	-0.813972	123	73	4	0.039
2.879793	2.104282	-0.813972	131	67	3	0.039
-3.141593	1.872854	1.543456	126	73	6	0.039
-2.879793	1.872854	1.543456	125	56	8	0.039
-2.617994	1.872854	1.543456	128	56	13	0.039
-2.094395	1.872854	1.543456	128	62	10	0.039
-1.832596	1.872854	1.543456	128	56	16	0.039
-1.308997	1.872854	1.543456	136	56	14	0.039
-0.785398	1.872854	1.543456	137	73	7	0.039
0.785398	1.872854	1.543456	123	83	6	0.039
1.047198	1.872854	1.543456	127	79	7	0.039
1.570796	1.872854	1.543456	130	80	7	0.039
1.832596	1.872854	1.543456	120	83	1	0.039
2.356194	1.872854	1.543456	122	90	9	0.039
2.617994	1.872854	1.543456	125	64	6	0.039
2.879793	1.872854	1.543456	129	82	3	0.039
-3.141593	0.762244	-0.273349	129	73	134	0.039
-2.879793	0.762244	-0.273349	125	91	130	0.039
-2.094395	0.762244	-0.273349	131	75	0	0.039
-1.570796	0.762244	-0.273349	130	67	138	0.039
0.000000	0.762244	-0.273349	128	42	131	0.039
0.523599	0.762244	-0.273349	125	74	134	0.039
0.785398	0.762244	-0.273349	129	77	125	0.039
1.308997	0.762244	-0.273349	130	73	136	0.039
1.832596	0.762244	-0.273349	126	78	126	0.039
2.617994	0.762244	-0.273349	124	73	136	0.039
-3.141593	1.050534	3.042579	131	73	4	0.039
-1.308997	1.050534	3.042579	133	68	6	0.039
-1.047198	1.050534	3.042579	130	79	10	0.039
-0.523599	1.050534	3.042579	133	78	3	0.039
-0.261799	1.050534	3.042579	126	84	7	0.039
0.000000	1.050534	3.042579	131	76	7	0.039
0.261799	1.050534	3.042579	131	76	133	0.039
0.523599	1.050534	3.042579	130	79	133	0.039
1.570796	1.050534	3.042579	120	53	4	0.039
2.094395	1.050534	3.042579	118	51	8	0.039
2.356194	1.050534	3.042579	118	56	6	0.039
2.879793	1.050534	3.042579	133	56	0	0.039
-2.879793	1.721184	-0.153948	128	45	2	0.039
-2.356194	1.721184	-0.153948	131	73	2	0.039
-1.047198	1.721184	-0.153948	139	80	135	0.039
-0.785398	1.721184	-0.153948	134	74	0	0.039
-0.523599	1.721184	-0.153948	129	79	138	0.039
-0.261799	1.721184	-0.153948	128	73	138	0.039
0.000000	1.721184	-0.153948	128	74	5	0.039
0.261799	1.721184	-0.153948	124	84	5	0.039
0.785398	1.721184	-0.153948	120	84	2	0.039
1.047198	1.721184	-0.153948	127	74	1	0.039
1.308997	1.721184	-0.153948	120	74	1	0.039
2.617994	1.721184	-0.153948	122	55	128	0.039
-3.141593	0.733948	3.021411	127	77	0	0.039
-1.308997	0.733948	3.021411	133	76	133	0.039
-0.785398	0.733948	3.021411	136	75	7	0.039
-0.523599	0.733948	3.021411	135	73	0	0.039
-0.261799	0.733948	3.021411	123	79	6	0.039
0.261799	0.733948	3.021411	122	83	2	0.039
0.523599	0.733948	3.021411	123	73	2	0.039
1.308997	0.733948	3.021411	116	73	139	0.039
1.832596	0.733948	3.021411	113	60	1	0.039
2.356194	0.733948	3.021411	128	54	137	0.039
2.879793	0.733948	3.021411	127	51	138	0.039
-3.141593	2.588535	-2.976617	131	74	14	0.039
-2.356194	2.588535	-2.976617	130	78	139	0.039
-1.832596	2.588535	-2.976617	127	79	8	0.039
-1.047198	2.588535	-2.976617	129	73	0	0.039
-0.785398	2.588535	-2.976617	126	65	5	0.039
-0.261799	2.588535	-2.976617	126	69	11	0.039
0.000000	2.588535	-2.976617	121	74	11	0.039
0.261799	2.588535	-2.976617	135	78	0	0.039
0.523599	2.588535	-2.976617	125	55	12	0.039
0.785398	2.588535	-2.976617	125	55	13	0.039
1.047198	2.588535	-2.976617	124	70	139	0.039
1.308997	2.588535	-2.976617	131	63	9	0.039
2.356194	2.588535	-2.976617	135	79	10	0.039
-3.141593	1.391910	3.030322	128	74	3	0.039
-1.570796	1.391910	3.030322	137	69	6	0.039
-0.785398	1.391910	3.030322	132	80	10	0.039
-0.523599	1.391910	3.030322	128	79	8	0.039
-0.261799	1.391910	3.030322	131	63	0	0.039
0.261799	1.391910	3.030322	134	84	138	0.039
1.308997	1.391910	3.030322	116	65	6	0.039
1.570796	1.391910	3.030322	126	69	10	0.039
2.094395	1.391910	3.030322	119	66	7	0.039
2.356194	1.391910	3.030322	125	66	5	0.039
2.617994	1.391910	3.030322	126	50	3	0.039
-3.141593	0.685216	-1.712745	0	73	135	0.039
-2.617994	0.685216	-1.712745	139	74	130	0.039
-2.356194	0.685216	-1.712745	133	73	2	0.039
-2.094395	0.685216	-1.712745	135	73	4	0.039
-1.570796	0.685216	-1.712745	129	73	131	0.039
-1.047198	0.685216	-1.712745	124	83	132	0.039
-0.785398	0.685216	-1.712745	124	81	133	0.039
-0.523599	0.685216	-1.712745	120	74	134	0.039
0.261799	0.685216	-1.712745	119	72	132	0.039
0.523599	0.685216	-1.712745	121	75	136	0.039
1.308997	0.685216	-1.712745	119	81	131	0.039
1.570796	0.685216	-1.712745	122	67	4	0.039
2.356194	0.685216	-1.712745	133	56	138	0.039
2.617994	0.685216	-1.712745	131	64	139	0.039
2.879793	0.685216	-1.712745	131	65	138	0.039
-1.832596	2.063651	-2.044600	136	84	138	0.039
-1.308997	2.063651	-2.044600	135	80	7	0.039
-1.047198	2.063651	-2.044600	130	73	2	0.039
-0.785398	2.063651	-2.044600	130	68	139	0.039
-0.261799	2.063651	-2.044600	130	84	0	0.039
1.570796	2.063651	-2.044600	122	52	1	0.039
2.879793	2.063651	-2.044600	139	81	4	0.039
-3.141593	0.700570	1.559208	125	56	1	0.039
-2.617994	0.700570	1.559208	130	56	9	0.039
-2.356194	0.700570	1.559208	131	78	9	0.039
-1.832596	0.700570	1.559208	135	73	1	0.039
-1.570796	0.700570	1.559208	129	73	138	0.039
-1.047198	0.700570	1.559208	138	69	137	0.039
-0.261799	0.700570	1.559208	138	82	139	0.039
0.000000	0.700570	1.559208	129	84	139	0.039
0.261799	0.700570	1.559208	135	83	1	0.039
0.785398	0.700570	1.559208	132	74	1	0.039
1.047198	0.700570	1.559208	122	83	133	0.039
1.308997	0.700570	1.559208	124	79	135	0.039
1.832596	0.700570	1.559208	124	77	136	0.039
-2.356194	1.025536	1.576859	130	56	0	0.039
-2.094395	1.025536	1.576859	130	76	138	0.039
