160	1.2	1
-2.617994	1.134796	2.434290
0.000000	0.000000	0.000000
1ext.pdb	14.325	16.151	-23.365
model.B99990001.pdb	-24.190	66.895	6.399
2.617994	1.195355	1.200319	33	14	23	60.932
2.617994	1.247695	1.809890	29	18	20	55.359
0.261799	2.164094	-2.991358	18	22	37	53.425
-0.785398	2.592629	0.909713	32	15	30	51.754
0.000000	2.001437	0.381215	122	147	11	50.721
-2.879793	1.128190	-2.288622	122	153	18	50.720
-2.617994	0.992645	-1.723759	128	147	21	49.927
0.261799	1.870545	-2.976234	19	22	33	49.774
1.047198	0.618092	2.539118	35	12	30	49.716
0.000000	1.869911	2.701025	127	1	23	48.671
-0.785398	0.709924	0.218797	12	27	44	48.293
-1.047198	1.998705	2.370472	22	20	42	47.779
-0.523599	1.875281	0.107086	122	158	18	47.171
2.617994	1.756530	-2.105156	17	20	28	47.127
2.356194	0.906588	1.252948	35	11	27	46.807
2.879793	0.762244	-0.273349	14	16	37	46.759
2.617994	1.413430	2.550734	8	12	46	46.647
2.356194	0.458961	-0.107937	15	15	39	46.354
2.356194	1.448123	-2.163292	8	31	35	46.170
-0.261799	1.809167	1.213774	123	155	2	45.999
0.523599	1.218453	2.777284	33	10	24	45.986
-1.832596	2.455966	-0.641220	155	133	14	45.674
-2.879793	1.256302	0.062705	127	142	4	45.614
-2.617994	1.413430	2.550734	33	10	48	45.576
-0.785398	0.496451	0.593859	7	27	39	45.533
-0.785398	1.662363	0.915448	124	6	10	45.514
2.094395	1.025536	1.576859	32	13	22	44.989
2.879793	0.615174	-0.666022	15	17	37	44.987
-2.356194	1.135813	-2.658866	123	143	9	44.528
0.000000	2.579248	-2.364801	35	13	29	44.377
-2.879793	1.872854	1.543456	21	22	33	44.252
1.570796	0.591903	2.010408	35	11	28	44.140
-2.879793	1.374601	-2.456031	120	156	13	44.125
-0.785398	2.760637	2.781135	23	17	40	43.975
-2.879793	0.992645	-1.723759	126	152	21	43.843
1.047198	0.864993	2.278281	34	8	25	43.757
-0.523599	0.762244	-0.273349	14	24	47	43.666
2.617994	1.310100	1.488307	35	13	24	43.663
-2.094395	2.404280	-0.174044	30	13	26	43.638
2.356194	1.025536	1.576859	33	15	24	43.310
-1.308997	2.073035	2.027405	24	16	47	43.245
1.832596	0.929350	-2.910676	21	35	31	43.000
-2.617994	2.247462	0.191623	30	32	37	42.969
0.785398	0.914445	2.687814	34	10	26	42.931
-0.785398	1.301460	-0.509251	14	16	52	42.785
-0.523599	2.760637	2.781135	20	20	40	42.782
2.879793	1.214854	-1.966664	126	3	23	42.776
2.617994	0.458961	-0.107937	15	15	38	42.772
-0.523599	1.683268	0.374177	121	1	14	42.719
-0.523599	1.554776	0.100351	123	0	20	42.523
-1.047198	0.496451	0.593859	11	29	39	42.426
-2.617994	2.104282	-0.813972	30	15	31	42.176
2.094395	0.700570	1.559208	35	13	28	42.081
0.000000	2.356369	3.005869	18	22	36	42.063
2.356194	1.247695	1.809890	31	15	20	41.949
0.000000	2.349581	-2.702517	33	16	25	41.828
-2.094395	1.135813	-2.658866	127	138	10	41.810
-0.523599	1.809167	1.213774	124	1	3	41.795
-0.785398	1.113094	-0.272241	13	21	50	41.752
0.261799	2.393226	1.857173	32	20	39	41.733
2.617994	1.194549	-0.801900	27	9	26	41.655
-3.141593	0.615174	-0.666022	14	16	37	41.607
-1.047198	0.685216	-1.712745	15	30	27	41.603
1.570796	0.203748	0.590255	15	13	40	41.593
0.000000	2.588535	-2.976617	31	21	24	41.587
-3.141593	0.640596	-2.797608	30	12	25	41.584
0.523599	2.295480	1.008277	30	29	44	41.552
-0.523599	1.977582	0.969896	122	0	6	41.501
-3.141593	1.214854	-1.966664	125	157	24	41.433
0.000000	1.574060	2.783565	126	4	21	41.396
-2.617994	1.256302	0.062705	131	137	4	41.285
-0.785398	1.554776	0.100351	126	6	21	41.278
2.617994	1.904882	-1.478089	15	26	45	41.192
-0.785398	1.488617	1.159546	125	4	7	41.123
-0.785398	1.875281	0.107086	123	3	18	41.078
2.356194	1.658653	-2.409879	8	31	28	41.070
-0.785398	0.831641	0.616218	5	25	41	41.032
-0.261799	1.977582	0.969896	122	153	6	40.965
2.879793	1.756530	-2.105156	4	24	44	40.946
0.523599	1.766067	2.153843	133	153	31	40.837
2.617994	1.413347	-1.339188	12	19	53	40.810
-1.047198	0.899350	-2.069907	22	30	34	40.796
-3.141593	1.448123	-2.163292	123	1	19	40.796
-3.141593	1.128190	-2.288622	122	0	17	40.787
-0.261799	2.588535	-2.976617	32	17	25	40.781
-0.785398	2.719179	-1.780644	34	28	31	40.766
2.617994	0.709924	0.218797	16	14	41	40.758
2.356194	1.374601	-2.456031	8	32	29	40.719
0.000000	2.164094	-2.991358	21	21	37	40.702
2.879793	0.961715	0.014085	125	149	8	40.644
2.617994	0.906588	1.252948	34	17	27	40.615
2.356194	1.195355	1.200319	33	10	23	40.492
0.785398	1.766067	2.153843	133	149	31	40.489
2.617994	1.846342	-1.796954	14	21	27	40.447
-2.879793	1.135834	-1.431087	130	152	26	40.366
0.000000	1.809167	1.213774	124	149	2	40.329
-1.047198	1.256302	0.062705	23	20	35	40.306
2.094395	1.050534	3.042579	19	34	23	40.293
0.261799	0.866955	-0.931351	25	16	23	40.269
-2.879793	1.413347	-1.339188	21	14	44	40.239
-2.617994	2.138223	1.678323	19	23	29	40.194
-2.617994	1.909857	-0.381669	136	132	9	40.121
-0.261799	2.001437	0.381215	120	154	10	40.089
-2.879793	2.407836	1.410646	22	21	29	39.957
-2.879793	1.699788	2.452890	30	9	50	39.903
-1.308997	2.299159	2.264663	21	17	46	39.894
2.356194	1.325504	-1.671296	18	23	34	39.872
-1.047198	0.674054	1.013609	6	26	36	39.864
0.785398	1.134497	-1.109631	23	17	36	39.799
-3.141593	0.961715	0.014085	126	144	8	39.610
2.879793	1.134497	-1.109631	10	17	44	39.593
2.879793	1.433411	-1.035986	31	7	31	39.586
2.094395	1.506530	1.988858	14	19	29	39.455
-2.879793	1.982574	-1.115518	21	19	39	39.453
0.000000	1.977582	0.969896	124	147	7	39.435
1.047198	0.571433	-1.188419	23	19	39	39.360
0.261799	2.041297	-2.664597	19	22	36	39.350
-1.308997	0.685216	-1.712745	21	30	27	39.341
-0.523599	0.960688	-0.577532	18	20	51	39.305
-1.308997	0.992645	-1.723759	22	30	29	39.271
-1.570796	0.929350	-2.910676	31	31	32	39.255
-0.523599	0.709924	0.218797	17	21	33	39.058
2.879793	1.504028	0.636812	38	13	43	39.046
-2.879793	1.732874	-0.951685	23	18	40	39.043
2.617994	1.699788	2.452890	8	17	43	39.023
0.261799	2.349581	-2.702517	19	20	40	38.959
2.879793	1.195355	1.200319	31	19	23	38.952
2.617994	2.343981	-1.040456	127	141	7	38.932
1.570796	0.910508	1.903534	33	10	24	38.920
-3.141593	2.153910	-1.714959	7	26	44	38.896
0.261799	2.579248	-2.364801	34	18	30	38.870
0.523599	1.812176	0.656819	128	138	9	38.846
-0.261799	1.875281	0.107086	122	151	18	38.814
-2.356194	2.295480	1.008277	27	30	29	38.805
-0.261799	2.356369	3.005869	21	20	35	38.780
2.617994	1.488617	1.159546	32	11	21	38.776
2.617994	1.545873	-1.877082	9	23	48	38.720
-0.523599	1.662363	0.915448	123	0	10	38.708
1.047198	1.113094	-0.272241	24	30	20	38.680
2.879793	1.301460	-0.509251	19	16	49	38.648
0.523599	1.574060	2.783565	124	153	20	38.643
0.261799	2.108018	1.311430	127	147	1	38.631
0.523599	2.153910	-1.714959	34	14	37	38.623
-2.094395	1.554776	0.100351	146	129	16	38.609
0.261799	1.574060	2.783565	125	159	20	38.586
-2.356194	1.440580	2.260026	30	13	52	38.545
-1.570796	0.418037	1.360082	9	29	31	38.516
0.261799	2.001437	0.381215	124	141	11	38.509
-0.261799	1.025536	1.576859	28	32	41	38.500
0.000000	1.870545	-2.976234	21	22	33	38.492
-1.047198	0.831641	0.616218	8	28	41	38.484
-1.308997	0.831641	0.616218	14	30	39	38.476
0.261799	1.869911	2.701025	127	156	25	38.466
-1.047198	1.045978	0.343692	21	22	31	38.451
-2.879793	1.413430	2.550734	32	5	48	38.445
-3.141593	2.979456	-1.009304	135	135	21	38.380
2.356194	0.709924	0.218797	125	0	8	38.365
2.356194	1.391910	3.030322	10	31	19	38.327
2.356194	2.033014	2.977192	24	12	31	38.325
-2.879793	1.113094	-0.272241	129	141	4	38.285
-2.617994	2.404280	-0.174044	134	134	18	38.284
0.261799	1.194549	-0.801900	19	22	26	38.266
2.356194	1.413430	2.550734	10	15	45	38.224
-1.308997	0.674054	1.013609	10	28	35	38.216
-0.785398	2.041297	-2.664597	134	154	28	38.165
-0.785398	1.256302	0.062705	21	22	34	38.159
2.094395	1.488617	1.159546	25	10	30	38.083
0.000000	2.760637	2.781135	16	23	39	38.077
2.094395	0.496451	0.593859	124	0	9	38.056
2.356194	0.496451	0.593859	124	153	9	38.024
2.879793	2.063651	-2.044600	5	27	42	37.982
2.617994	1.025536	1.576859	32	17	26	37.976
0.000000	0.762244	-0.273349	16	20	34	37.974
2.094395	1.134796	2.434290	5	21	41	37.948
-1.047198	2.393226	1.857173	18	22	36	37.898
-2.879793	1.440580	2.260026	28	3	53	37.890
-2.879793	2.247462	0.191623	34	28	37	37.885
-2.879793	1.417623	-0.202254	127	143	0	37.875
0.000000	2.115563	0.685730	37	24	35	37.838
2.879793	0.290380	-0.796960	16	16	38	37.838
2.617994	0.203748	0.590255	125	149	5	37.829
-1.832596	2.138223	1.678323	10	16	61	37.806
2.617994	0.762244	-0.273349	16	16	36	37.792
0.000000	2.979456	-1.009304	32	28	38	37.781
-2.617994	1.721184	-0.153948	134	133	11	37.780
2.879793	1.413347	-1.339188	31	6	37	37.758
0.261799	2.115563	0.685730	32	29	35	37.754
-2.356194	2.187132	-0.479875	29	15	26	37.728
1.047198	0.203748	0.590255	132	134	21	37.720
0.261799	1.699788	2.452890	129	158	26	37.706
-2.356194	0.992645	-1.723759	130	142	21	37.703
-2.094395	2.407836	1.410646	27	28	22	37.674
-2.094395	1.391910	3.030322	40	21	29	37.665
-0.261799	2.881233	-2.582574	24	16	39	37.660
0.523599	1.869911	2.701025	127	150	25	37.650
-0.523599	2.579248	-2.364801	18	31	31	37.633
2.879793	1.545873	-1.877082	5	22	48	37.632
-3.141593	1.134497	-1.109631	12	14	53	37.605
1.308997	0.864993	2.278281	32	13	24	37.577
-0.523599	0.619654	-2.216909	14	30	31	37.569
-2.879793	2.592629	0.909713	10	15	48	37.511
-2.094395	2.089241	-0.114193	134	152	12	37.469
0.523599	1.184361	0.625864	28	32	24	37.438
-2.617994	1.836682	-0.676006	29	15	27	37.411
0.523599	1.440580	2.260026	129	156	26	37.404
-0.785398	2.174483	2.653697	19	22	47	37.394
-2.094395	2.164094	-2.991358	40	21	33	37.373
-2.879793	1.134796	2.434290	32	1	47	37.367
2.617994	1.948085	-2.363031	17	18	26	37.354
1.570796	0.866395	-2.492918	18	35	39	37.340
2.879793	1.417623	-0.202254	23	17	47	37.310
-2.356194	2.379497	0.561089	29	32	29	37.309
-0.261799	2.164094	-2.991358	38	7	14	37.252
-1.308997	0.496451	0.593859	15	31	38	37.197
-2.617994	1.846342	-1.796954	37	19	35	37.194
0.261799	1.696674	-1.253233	24	23	12	37.187
-2.879793	1.184361	0.625864	124	142	8	37.135
-1.047198	0.961715	0.014085	23	20	31	37.120
2.879793	1.904882	-1.478089	10	25	46	37.118
2.356194	1.488617	1.159546	24	13	30	37.116
-1.570796	1.809167	1.213774	27	19	27	37.100
1.047198	0.929350	-2.910676	11	22	43	37.097
-0.261799	1.696674	-1.253233	31	19	12	37.087
-1.308997	1.374601	-2.456031	24	35	36	37.082
-0.261799	1.683268	0.374177	121	154	14	37.079
0.523599	2.115563	0.685730	27	33	35	37.072
-2.094395	2.349581	-2.702517	42	18	30	37.016
0.523599	2.719179	-1.780644	35	14	34	36.992
2.617994	1.448123	-2.163292	6	24	45	36.985
-1.047198	1.134497	-1.109631	10	21	44	36.976
2.094395	0.379747	-1.713059	15	23	41	36.975
-2.617994	0.866395	-2.492918	122	147	15	36.972
-1.832596	1.168678	2.108595	30	18	50	36.956
-1.308997	2.579248	-2.364801	34	28	31	36.950
-1.308997	2.407836	1.410646	21	29	16	36.934
-2.879793	2.115563	0.685730	33	26	36	36.900
-0.261799	0.762244	-0.273349	18	22	34	36.842
-2.356194	2.588535	-2.976617	42	16	36	36.813
2.356194	0.992645	-1.723759	17	23	37	36.801
1.047198	2.349581	-2.702517	11	25	39	36.758
-2.356194	1.168678	2.108595	31	9	49	36.748
0.000000	1.014500	0.906702	24	30	47	36.748
2.879793	0.496451	0.593859	126	142	9	36.747
1.570796	1.599406	1.426070	5	30	53	36.732
2.879793	1.606104	-0.451151	22	20	46	36.729
0.523599	2.592629	0.909713	31	27	46	36.696
1.570796	1.440580	2.260026	29	14	19	36.688
-2.879793	2.138223	1.678323	22	20	29	36.687
-1.047198	1.417623	-0.202254	13	22	47	36.656
2.356194	1.506530	1.988858	26	15	17	36.647
-0.523599	2.637879	2.121598	15	23	38	36.636
0.000000	2.033014	2.977192	20	22	33	36.633
-2.356194	2.089241	-0.114193	139	131	17	36.631
-1.570796	2.138223	1.678323	9	16	61	36.579
-2.356194	2.247462	0.191623	23	35	37	36.572
-0.261799	2.478122	2.609777	17	22	37	36.568
-3.141593	2.455966	-0.641220	129	137	13	36.553
2.879793	1.696674	-1.253233	13	22	51	36.540
-2.356194	0.906588	1.252948	132	137	8	36.538
-3.141593	0.929350	-2.910676	32	7	26	36.530
-3.141593	1.135834	-1.431087	8	14	53	36.499
2.356194	1.545873	-1.877082	19	21	30	36.486
-1.570796	2.579248	-2.364801	39	24	31	36.478
-2.094395	0.899350	-2.069907	131	139	15	36.476
2.617994	1.555207	1.708892	31	12	18	36.465
2.879793	1.045978	0.343692	125	145	15	36.454
-3.141593	1.812176	0.656819	37	21	40	36.451
2.617994	1.599406	1.426070	34	10	21	36.446
0.785398	2.187132	-0.479875	24	32	29	36.438
-0.523599	0.297065	2.160177	32	28	19	36.406
-1.308997	1.998705	2.370472	25	20	43	36.370
1.308997	1.310100	1.488307	128	2	23	36.336
-2.356194	0.419640	2.974122	39	19	21	36.330
0.785398	2.588535	-2.976617	12	25	39	36.287
1.308997	0.615174	-0.666022	30	24	14	36.283
1.308997	1.301460	-0.509251	18	29	17	36.276
0.523599	2.407836	1.410646	32	22	49	36.261
0.785398	1.194549	-0.801900	28	23	13	36.244
2.356194	2.587733	0.232235	7	22	42	36.240
-2.617994	1.413347	-1.339188	19	15	44	36.229
0.261799	1.948085	-2.363031	9	26	43	36.220
-2.879793	1.696674	-1.253233	20	17	42	36.203
0.785398	0.899350	-2.069907	30	28	48	36.186
-1.570796	1.909857	-0.381669	27	20	34	36.178
-0.523599	1.574060	2.783565	24	29	44	36.172
2.879793	1.310100	1.488307	33	18	24	36.170
1.308997	1.683268	0.374177	8	36	38	36.165
-2.617994	1.756530	-2.105156	36	19	40	36.157
-1.832596	1.554776	0.100351	152	130	16	36.152
-1.832596	0.379747	-1.713059	18	6	49	36.122
2.356194	0.379747	-1.713059	34	17	12	36.112
-2.356194	0.733948	3.021411	41	17	23	36.104
2.879793	1.721184	-0.153948	36	16	49	36.100
0.523599	1.367556	0.358405	21	32	44	36.096
-1.832596	1.391910	3.030322	36	26	29	36.088
0.261799	1.736875	3.023612	27	17	23	36.086
1.308997	0.831641	0.616218	138	141	17	36.083
-2.879793	1.977582	0.969896	33	25	32	36.068
2.879793	2.979456	-1.009304	130	137	20	36.056
2.356194	0.203748	0.590255	125	155	5	36.037
-3.141593	1.113094	-0.272241	127	146	5	36.030
-0.523599	2.478122	2.609777	15	16	57	36.010
2.879793	1.574060	2.783565	13	11	48	35.991
2.879793	1.846342	-1.796954	11	21	28	35.981
-2.617994	1.554776	0.100351	133	133	15	35.980
-0.785398	0.762244	-0.273349	24	21	34	35.978
-2.356194	2.164094	-2.991358	43	15	32	35.967
-2.094395	2.379497	0.561089	24	35	29	35.960
-0.523599	2.356369	3.005869	23	19	35	35.952
-0.785398	1.977582	0.969896	125	6	6	35.946
-2.356194	1.310100	1.488307	23	2	54	35.915
-2.356194	1.998705	2.370472	25	20	55	35.909
-0.785398	1.683268	0.374177	124	7	15	35.895
0.523599	0.733948	3.021411	37	10	34	35.890
2.356194	1.218453	2.777284	6	13	47	35.867
-1.832596	2.404280	-0.174044	27	18	27	35.840
2.879793	0.458961	-0.107937	126	155	2	35.836
-2.356194	1.721184	-0.153948	140	130	11	35.834
0.785398	1.909857	-0.381669	25	31	27	35.809
0.261799	2.174483	2.653697	128	152	26	35.804
2.617994	1.696674	-1.253233	16	22	50	35.803
0.785398	1.982574	-1.115518	20	18	34	35.798
2.094395	1.195355	1.200319	32	8	22	35.784
0.261799	2.396274	-1.959260	34	12	33	35.769
2.356194	2.041297	-2.664597	17	23	27	35.766
0.523599	2.108018	1.311430	129	142	1	35.759
2.617994	1.617114	-1.572037	11	24	49	35.756
2.879793	0.619654	-2.216909	35	13	11	35.722
1.832596	1.766067	2.153843	24	13	16	35.718
2.617994	1.433411	-1.035986	26	8	29	35.706
-0.523599	1.113094	-0.272241	20	21	37	35.704
-2.356194	1.134497	-1.109631	13	15	52	35.702
-2.617994	2.724429	-0.348782	135	133	20	35.697
0.261799	2.719179	-1.780644	34	10	33	35.694
0.261799	2.588535	-2.976617	18	22	40	35.684
-2.617994	1.732874	-0.951685	20	19	40	35.644
2.356194	0.674054	1.013609	20	10	45	35.633
2.356194	1.134796	2.434290	3	18	41	35.627
1.308997	1.194549	-0.801900	20	24	12	35.617
-3.141593	2.089241	-0.114193	35	25	44	35.609
-2.356194	2.343981	-1.040456	6	26	43	35.603
-2.617994	2.295480	1.008277	32	27	28	35.602
0.000000	2.396274	-1.959260	14	30	25	35.601
-2.879793	2.104282	-0.813972	31	10	31	35.600
-1.570796	2.115563	0.685730	25	20	33	35.599
-2.617994	0.640596	-2.797608	38	18	17	35.591
-1.570796	2.073035	2.027405	25	14	46	35.574
-1.570796	1.184361	0.625864	33	10	25	35.560
-0.261799	1.756530	-2.105156	15	25	14	35.547
0.523599	2.396274	-1.959260	34	17	33	35.542
-0.785398	0.685216	-1.712745	12	29	33	35.540
1.308997	0.960688	-0.577532	23	26	14	35.532
2.617994	1.214854	-1.966664	15	23	33	35.525
-2.617994	2.180315	-1.357379	6	24	45	35.521
-2.356194	0.866395	-2.492918	125	142	15	35.503
-2.617994	1.875281	0.107086	133	134	18	35.503
-1.308997	1.195355	1.200319	8	28	35	35.497
2.094395	0.831641	0.616218	124	159	16	35.495
0.000000	2.174483	2.653697	23	21	41	35.482
1.570796	1.113094	-0.272241	13	30	22	35.479
1.308997	1.195355	1.200319	7	35	47	35.473
2.617994	2.115563	0.685730	5	16	48	35.468
-3.141593	1.504028	0.636812	36	19	43	35.448
1.832596	1.998705	2.370472	22	14	16	35.441
-0.261799	0.906588	1.252948	23	31	48	35.437
-0.523599	0.203748	0.590255	42	12	22	35.437
-2.356194	2.393226	1.857173	18	21	26	35.432
-1.832596	1.135813	-2.658866	132	134	10	35.422
-1.570796	1.310100	1.488307	20	17	41	35.420
-2.356194	1.569311	-3.003978	43	15	27	35.420
-3.141593	0.960688	-0.577532	13	18	36	35.412
1.308997	1.391910	3.030322	13	23	41	35.393
0.785398	2.478122	2.609777	135	139	28	35.381
0.000000	1.875281	0.107086	123	145	18	35.380
-1.308997	2.863997	0.549740	143	134	26	35.379
1.832596	0.496451	0.593859	144	140	18	35.334
-2.617994	1.135813	-2.658866	39	13	16	35.332
0.261799	2.979456	-1.009304	26	31	38	35.322
-2.356194	1.875281	0.107086	139	131	18	35.315
-2.094395	1.574060	2.783565	39	20	36	35.311
-2.356194	1.846342	-1.796954	34	24	35	35.300
0.523599	2.104282	-0.813972	25	30	22	35.299
-1.832596	2.247462	0.191623	1	35	44	35.297
0.523599	2.180315	-1.357379	14	29	18	35.280
-2.879793	2.404280	-0.174044	129	138	19	35.253
0.000000	2.704512	1.488683	31	19	39	35.235
-1.570796	1.374601	-2.456031	30	32	32	35.230
0.785398	0.290380	-0.796960	19	21	44	35.226
-1.047198	1.766067	2.153843	24	21	41	35.219
0.523599	1.699788	2.452890	129	153	26	35.215
1.832596	2.164094	-2.991358	22	22	23	35.214
2.356194	0.619654	-2.216909	19	23	35	35.203
-1.832596	2.073035	2.027405	20	20	29	35.201
-1.832596	1.662363	0.915448	29	18	29	35.197
-0.523599	1.904882	-1.478089	23	32	22	35.191
2.617994	1.569311	-3.003978	4	21	40	35.189
1.570796	0.960688	-0.577532	18	27	16	35.187
-0.523599	2.456751	-1.503343	34	28	24	35.185
-2.879793	1.836682	-0.676006	30	11	27	35.171
0.261799	1.662363	0.915448	22	27	55	35.168
-2.617994	1.128190	-2.288622	123	147	18	35.165
-1.308997	1.135834	-1.431087	14	19	47	35.149
2.879793	1.982574	-1.115518	32	6	32	35.127
2.879793	1.599406	1.426070	28	18	36	35.117
0.523599	2.579248	-2.364801	34	22	31	35.109
2.879793	0.709924	0.218797	124	148	8	35.103
-1.570796	1.413347	-1.339188	13	19	47	35.100
-2.094395	1.417623	-0.202254	145	130	7	35.095
0.523599	2.455966	-0.641220	27	31	30	35.088
0.000000	2.041297	-2.664597	23	21	36	35.081
-0.785398	1.504028	0.636812	20	23	38	35.070
1.832596	1.488617	1.159546	158	32	47	35.058
0.000000	1.812176	0.656819	120	149	7	35.042
-2.879793	1.510910	-0.740472	25	16	41	35.007
0.261799	1.504028	0.636812	24	28	51	35.001
-0.785398	0.960688	-0.577532	21	19	51	34.988
-2.617994	1.450119	-2.739050	43	10	20	34.983
1.047198	0.290380	-0.796960	17	21	43	34.982
-1.308997	1.134497	-1.109631	12	21	44	34.974
1.308997	0.866395	-2.492918	25	34	39	34.965
1.308997	1.367556	0.358405	137	145	15	34.962
-2.094395	1.128190	-2.288622	37	27	25	34.960
2.617994	2.153910	-1.714959	21	23	33	34.950
0.000000	1.367556	0.358405	30	25	44	34.935
-0.523599	2.063651	-2.044600	23	28	18	34.935
0.000000	2.343981	-1.040456	32	29	24	34.933
1.308997	2.637879	2.121598	25	27	48	34.926
0.261799	1.506530	1.988858	21	31	43	34.926
0.261799	2.295480	1.008277	35	25	43	34.923
-3.141593	1.413347	-1.339188	23	12	41	34.912
0.261799	1.014500	0.906702	19	33	47	34.909
-0.785398	0.203748	0.590255	43	7	22	34.909
-2.617994	1.113094	-0.272241	133	136	4	34.893
-2.356194	1.325504	-1.671296	27	25	44	34.882
2.094395	2.164094	-2.991358	19	21	23	34.872
-1.047198	1.113094	-0.272241	22	22	27	34.858
2.094395	0.685216	-1.712745	127	3	24	34.849
-3.141593	1.554776	0.100351	123	147	7	34.847
-1.832596	1.606104	-0.451151	26	19	29	34.802
1.047198	1.824694	1.850876	139	149	35	34.801
-1.047198	2.299159	2.264663	20	18	49	34.799
-1.570796	2.295480	1.008277	18	34	21	34.798
-2.356194	2.984978	1.954446	27	16	26	34.795
2.356194	2.089241	-0.114193	43	9	44	34.759
-0.785398	1.812176	0.656819	124	4	15	34.758
-1.832596	1.545873	-1.877082	41	18	19	34.755
-1.570796	0.674054	1.013609	14	31	33	34.742
0.523599	0.914445	2.687814	35	6	27	34.742
-2.356194	0.297065	2.160177	31	10	31	34.722
2.879793	1.413430	2.550734	9	10	47	34.718
-1.570796	2.404280	-0.174044	154	134	19	34.717
1.832596	0.700570	1.559208	35	9	27	34.715
1.570796	2.881233	-2.582574	132	136	20	34.691
-0.785398	2.393226	1.857173	25	21	27	34.689
-3.141593	1.846342	-1.796954	5	21	48	34.689
0.261799	1.184361	0.625864	34	29	24	34.671
-0.261799	1.721184	-0.153948	5	17	49	34.669
2.094395	1.824694	1.850876	25	10	16	34.669
-0.523599	2.041297	-2.664597	32	10	30	34.661
-1.832596	1.045978	0.343692	30	17	32	34.651
0.261799	1.599406	1.426070	130	140	7	34.630
-2.879793	1.135813	-2.658866	40	8	16	34.625
0.261799	1.812176	0.656819	124	143	8	34.611
-2.356194	1.554776	0.100351	139	131	15	34.607
-1.570796	1.433411	-1.035986	12	21	45	34.592
1.832596	1.440580	2.260026	26	17	20	34.586
0.523599	1.413430	2.550734	125	155	23	34.584
-3.141593	0.290380	-0.796960	13	15	40	34.583
0.261799	1.998705	2.370472	31	13	26	34.569
-3.141593	0.571433	-1.188419	10	7	52	34.566
-3.141593	1.256302	0.062705	123	148	4	34.566
2.356194	1.440580	2.260026	4	20	38	34.565
-1.832596	1.875281	0.107086	151	130	19	34.559
-1.047198	2.760637	2.781135	23	17	37	34.558
0.000000	1.195355	1.200319	21	31	50	34.557
2.617994	1.809167	1.213774	35	8	22	34.557
2.617994	1.510910	-0.740472	24	7	25	34.554
0.785398	2.456751	-1.503343	33	16	39	34.540
-2.617994	1.367556	0.358405	127	139	3	34.539
-1.570796	2.001437	0.381215	22	21	36	34.534
-1.832596	2.089241	-0.114193	135	149	13	34.531
2.879793	1.658653	-2.409879	2	24	41	34.522
-0.523599	1.218453	2.777284	25	31	37	34.520
-2.879793	0.080730	-2.622036	36	23	19	34.508
2.879793	2.379497	0.561089	46	12	29	34.506
1.047198	1.574060	2.783565	26	19	28	34.500
-2.879793	0.640596	-2.797608	40	13	17	34.493
2.879793	0.831641	0.616218	25	17	42	34.489
-0.523599	1.721184	-0.153948	18	23	42	34.486
0.261799	0.831641	0.616218	35	25	18	34.486
-1.832596	1.504028	0.636812	29	18	31	34.481
1.832596	1.721184	-0.153948	22	22	39	34.472
2.617994	1.417623	-0.202254	24	15	46	34.467
-3.141593	1.599406	1.426070	23	20	37	34.465
2.356194	0.831641	0.616218	124	153	16	34.444
0.000000	1.450119	-2.739050	31	13	26	34.439
-1.047198	0.709924	0.218797	16	28	44	34.436
-1.047198	2.637879	2.121598	19	20	39	34.433
-0.261799	1.599406	1.426070	126	151	7	34.432
0.261799	1.766067	2.153843	133	157	31	34.418
-1.832596	2.478122	2.609777	25	27	44	34.413
-0.785398	1.184361	0.625864	4	24	43	34.412
1.832596	0.831641	0.616218	12	15	50	34.406
-0.261799	0.619654	-2.216909	10	29	31	34.403
-2.094395	2.356369	3.005869	36	23	38	34.402
-3.141593	0.709924	0.218797	126	143	7	34.393
-0.523599	1.756530	-2.105156	15	34	26	34.391
-1.832596	2.760637	2.781135	25	28	42	34.388
-2.617994	1.135834	-1.431087	130	148	25	34.383
-2.617994	0.571433	-1.188419	16	8	49	34.370
-0.523599	1.214854	-1.966664	11	30	40	34.367
-2.879793	0.370812	-2.547742	36	20	16	34.357
2.094395	2.295480	1.008277	8	23	59	34.354
2.617994	0.910508	1.903534	29	22	26	34.342
-1.047198	1.504028	0.636812	33	18	32	34.341
-1.570796	1.135834	-1.431087	16	18	47	34.335
-0.523599	2.073035	2.027405	27	20	36	34.325
-3.141593	2.404280	-0.174044	34	28	39	34.321
-1.832596	0.700570	1.559208	11	30	27	34.316
-2.617994	2.587733	0.232235	30	33	31	34.314
-1.047198	2.719179	-1.780644	39	24	31	34.314
-1.570796	1.872854	1.543456	21	23	12	34.298
-1.570796	2.760637	2.781135	27	13	22	34.296
-2.094395	1.433411	-1.035986	9	18	50	34.290
-2.356194	2.587733	0.232235	15	37	38	34.289
0.523599	1.909857	-0.381669	32	29	27	34.282
2.094395	0.203748	0.590255	126	0	5	34.281
1.570796	0.458961	-0.107937	133	138	28	34.280
-3.141593	2.984978	1.954446	28	27	44	34.273
1.047198	1.506530	1.988858	132	150	30	34.273
2.879793	1.113094	-0.272241	22	13	48	34.267
0.000000	2.295480	1.008277	30	26	34	34.265
0.523599	1.194549	-0.801900	14	23	26	34.263
-3.141593	1.662363	0.915448	37	20	35	34.262
-0.785398	0.914445	2.687814	21	35	40	34.228
0.523599	1.134497	-1.109631	20	18	24	34.225
0.523599	0.290380	-0.796960	28	12	26	34.217
0.785398	1.184361	0.625864	13	34	46	34.217
-0.261799	1.606104	-0.451151	9	17	51	34.212
2.617994	2.174483	2.653697	21	14	34	34.210
-1.308997	1.904882	-1.478089	39	23	21	34.208
-2.617994	1.045978	0.343692	126	141	2	34.201
1.047198	1.662363	0.915448	10	28	57	34.193
1.047198	0.960688	-0.577532	28	25	14	34.178
1.308997	0.290380	-0.796960	36	20	15	34.170
1.832596	1.599406	1.426070	0	29	53	34.168
0.261799	2.407836	1.410646	29	25	41	34.168
0.523599	2.760637	2.781135	130	141	25	34.161
0.000000	1.683268	0.374177	122	148	15	34.137
0.785398	1.335669	0.897240	10	32	52	34.137
-1.047198	1.569311	-3.003978	145	139	10	34.128
-0.785398	1.846342	-1.796954	25	33	24	34.113
0.000000	1.335669	0.897240	26	28	49	34.112
-1.308997	2.396274	-1.959260	40	22	24	34.086
0.000000	1.599406	1.426070	127	145	7	34.084
1.570796	1.721184	-0.153948	0	33	38	34.079
0.785398	1.998705	2.370472	133	144	30	34.070
1.047198	0.910508	1.903534	125	156	22	34.069
2.879793	2.863997	0.549740	9	19	43	34.064
0.785398	2.587733	0.232235	12	35	49	34.063
-3.141593	2.343981	-1.040456	135	133	7	34.062
2.617994	2.251330	-2.330739	132	157	11	34.048
2.356194	1.310100	1.488307	30	13	19	34.046
0.000000	1.301460	-0.509251	24	23	28	34.046
1.570796	0.709924	0.218797	16	34	25	34.042
1.308997	1.450119	-2.739050	33	31	31	34.039
2.356194	2.343981	-1.040456	124	147	6	34.035
0.523599	1.732874	-0.951685	25	27	16	34.031
-2.617994	2.393226	1.857173	21	20	26	34.023
-2.617994	2.164094	-2.991358	125	143	3	34.022
-1.570796	2.637879	2.121598	17	17	46	34.021
1.047198	0.496451	0.593859	134	133	22	34.011
1.308997	2.881233	-2.582574	128	140	20	33.993
1.570796	1.335669	0.897240	4	36	40	33.983
-2.879793	1.909857	-0.381669	131	136	9	33.973
0.523599	1.696674	-1.253233	21	23	12	33.973
-2.879793	1.301460	-0.509251	131	141	2	33.972
2.879793	1.335669	0.897240	37	14	38	33.970
2.879793	2.664082	-1.071402	131	135	13	33.951
-1.308997	1.812176	0.656819	20	22	31	33.947
2.356194	2.164094	-2.991358	16	21	23	33.945
0.785398	1.699788	2.452890	129	148	27	33.932
2.879793	1.135834	-1.431087	9	15	53	33.919
-2.094395	0.929350	-2.910676	125	141	7	33.912
2.356194	2.104282	-0.813972	33	23	48	33.911
-3.141593	2.592629	0.909713	10	17	47	33.909
-1.308997	1.256302	0.062705	5	30	52	33.898
-1.308997	1.756530	-2.105156	12	38	40	33.894
-2.356194	1.870545	-2.976234	43	15	30	33.892
-0.785398	2.579248	-2.364801	23	32	31	33.891
2.879793	1.569311	-3.003978	2	22	36	33.890
2.356194	1.450119	-2.739050	11	30	22	33.888
2.356194	1.869911	2.701025	19	18	19	33.887
1.047198	1.721184	-0.153948	12	35	39	33.876
2.879793	1.732874	-0.951685	27	16	40	33.873
2.879793	1.812176	0.656819	40	14	38	33.870
1.308997	0.866955	-0.931351	26	22	11	33.859
-3.141593	0.080730	-2.622036	37	19	18	33.858
-1.832596	2.349581	-2.702517	39	24	30	33.858
-2.094395	1.699788	2.452890	27	22	53	33.845
-0.523599	2.979456	-1.009304	131	133	10	33.844
-1.832596	1.948085	-2.363031	39	19	20	33.842
-3.141593	1.721184	-0.153948	33	20	50	33.840
0.523599	1.836682	-0.676006	28	28	20	33.833
-1.570796	1.662363	0.915448	26	20	29	33.829
1.570796	1.662363	0.915448	2	25	57	33.817
-3.141593	1.545873	-1.877082	3	20	48	33.814
-0.785398	2.153910	-1.714959	33	25	17	33.810
0.261799	2.455966	-0.641220	33	29	30	33.810
1.570796	1.128190	-2.288622	16	35	42	33.809
-1.047198	2.073035	2.027405	20	20	44	33.806
0.261799	1.732874	-0.951685	30	25	16	33.802
-0.523599	2.251330	-2.330739	35	4	28	33.794
-1.832596	1.128190	-2.288622	133	136	11	33.792
2.094395	0.458961	-0.107937	17	16	38	33.787
-2.617994	0.733948	3.021411	42	12	23	33.770
2.356194	2.379497	0.561089	0	25	55	33.769
-2.356194	1.301460	-0.509251	139	134	0	33.769
-0.785398	0.458961	-0.107937	21	28	44	33.768
-3.141593	1.325504	-1.671296	11	17	39	33.759
-1.047198	1.606104	-0.451151	13	16	51	33.757
0.785398	1.168678	2.108595	127	156	24	33.752
-2.094395	0.618092	2.539118	43	16	28	33.746
-0.261799	2.299159	2.264663	24	20	39	33.746
0.785398	2.104282	-0.813972	19	31	22	33.737
-2.617994	2.349581	-2.702517	122	145	9	33.732
-2.617994	1.374601	-2.456031	121	149	13	33.731
0.000000	1.658653	-2.409879	14	28	37	33.728
-2.094395	1.448123	-2.163292	132	137	27	33.717
0.785398	1.809167	1.213774	13	27	57	33.715
-2.617994	0.419640	2.974122	42	13	21	33.713
0.000000	2.393226	1.857173	33	17	39	33.712
1.570796	1.488617	1.159546	4	34	47	33.705
-0.785398	2.299159	2.264663	21	16	55	33.704
-1.570796	0.850607	-1.335383	22	28	22	33.704
-1.047198	1.904882	-1.478089	35	27	21	33.703
-2.094395	1.440580	2.260026	29	18	52	33.696
0.523599	1.504028	0.636812	20	31	51	33.691
2.356194	1.014500	0.906702	26	12	38	33.683
-0.261799	2.251330	-2.330739	13	29	25	33.682
2.879793	1.374601	-2.456031	2	23	43	33.674
-1.570796	1.488617	1.159546	25	19	25	33.673
0.523599	2.001437	0.381215	28	33	33	33.667
0.261799	1.683268	0.374177	124	141	15	33.667
-2.356194	2.174483	2.653697	28	25	50	33.666
-0.261799	0.203748	0.590255	40	18	22	33.665
0.785398	1.417623	-0.202254	29	30	24	33.657
0.000000	1.846342	-1.796954	18	24	13	33.650
-2.879793	1.168678	2.108595	26	158	50	33.647
-2.356194	0.640596	-2.797608	35	22	17	33.631
-0.523599	1.504028	0.636812	31	14	51	33.626
-1.832596	2.592629	0.909713	25	33	22	33.618
1.047198	0.866955	-0.931351	29	18	10	33.614
1.308997	1.134796	2.434290	32	14	24	33.612
0.261799	1.335669	0.897240	20	29	52	33.606
0.523599	2.456751	-1.503343	34	11	38	33.604
-2.094395	1.050534	3.042579	40	22	26	33.601
2.617994	1.014500	0.906702	22	14	43	33.600
-2.094395	1.134497	-1.109631	19	18	44	33.597
1.308997	1.413430	2.550734	30	15	22	33.596
0.261799	2.637879	2.121598	33	15	42	33.594
2.879793	2.295480	1.008277	3	19	59	33.591
1.570796	0.615174	-0.666022	25	26	14	33.584
-3.141593	2.478122	2.609777	40	10	45	33.583
2.617994	1.812176	0.656819	34	9	25	33.569
0.261799	1.982574	-1.115518	26	28	18	33.568
-0.785398	2.863997	0.549740	33	18	38	33.566
-2.879793	1.756530	-2.105156	38	14	41	33.560
-2.356194	0.899350	-2.069907	127	143	15	33.555
0.261799	1.134796	2.434290	16	32	41	33.546
1.308997	1.134497	-1.109631	22	19	9	33.542
2.356194	1.909857	-0.381669	37	13	49	33.541
-1.570796	1.504028	0.636812	34	10	29	33.540
-1.570796	1.948085	-2.363031	36	24	20	33.534
-1.047198	0.866395	-2.492918	17	36	31	33.529
-2.879793	2.704512	1.488683	26	18	27	33.527
-1.832596	2.063651	-2.044600	16	32	48	33.524
-2.094395	2.719179	-1.780644	23	22	52	33.514
-1.570796	2.247462	0.191623	27	15	23	33.513
-1.832596	1.413430	2.550734	28	26	48	33.510
0.000000	2.881233	-2.582574	34	17	30	33.508
2.617994	1.574060	2.783565	17	22	22	33.508
0.261799	2.478122	2.609777	130	147	28	33.506
-1.308997	1.658653	-2.409879	33	31	30	33.484
-2.879793	2.379497	0.561089	41	23	29	33.471
-0.523599	1.812176	0.656819	123	159	15	33.469
-2.879793	1.218453	2.777284	43	2	32	33.469
2.617994	2.033014	2.977192	22	14	33	33.467
-2.879793	2.089241	-0.114193	30	30	44	33.460
-2.879793	1.662363	0.915448	33	25	35	33.450
-0.785398	2.637879	2.121598	18	22	38	33.450
-1.832596	0.571433	-1.188419	19	15	46	33.449
-1.570796	1.134497	-1.109631	15	21	44	33.447
2.879793	1.510910	-0.740472	27	8	25	33.445
-0.785398	1.417623	-0.202254	11	21	48	33.443
0.000000	1.488617	1.159546	127	145	14	33.432
-1.832596	0.910508	1.903534	33	14	47	33.420
0.785398	1.869911	2.701025	128	145	25	33.394
-0.261799	1.545873	-1.877082	25	22	29	33.383
2.879793	1.325504	-1.671296	7	19	51	33.382
-0.785398	1.599406	1.426070	33	18	46	33.364
-2.094395	2.033014	2.977192	23	28	51	33.363
-2.879793	1.448123	-2.163292	122	154	19	33.359
-3.141593	1.242974	-2.977882	42	0	22	33.347
-2.356194	1.599406	1.426070	18	5	58	33.339
2.617994	0.831641	0.616218	125	147	16	33.329
-1.832596	2.041297	-2.664597	39	23	26	33.316
-2.356194	2.041297	-2.664597	44	12	26	33.315
1.047198	1.134796	2.434290	33	10	24	33.312
2.356194	0.700570	1.559208	33	18	28	33.311
1.832596	2.881233	-2.582574	137	133	20	33.307
-1.832596	2.393226	1.857173	18	21	31	33.306
-1.832596	1.050534	3.042579	36	27	27	33.306
2.617994	1.909857	-0.381669	33	13	36	33.290
-2.879793	0.961715	0.014085	128	139	8	33.289
-2.094395	0.080730	-2.622036	129	137	19	33.285
0.261799	0.906588	1.252948	12	34	48	33.281
2.094395	1.168678	2.108595	7	25	36	33.276
-0.261799	0.458961	-0.107937	16	22	30	33.275
-2.617994	1.606104	-0.451151	135	134	4	33.273
2.617994	2.063651	-2.044600	17	18	25	33.271
0.785398	1.662363	0.915448	23	36	37	33.270
-0.261799	0.700570	1.559208	37	28	26	33.264
-2.879793	2.724429	-0.348782	130	137	19	33.264
-1.308997	2.115563	0.685730	23	20	33	33.264
-3.141593	0.762244	-0.273349	20	12	50	33.258
0.261799	1.510910	-0.740472	17	26	31	33.254
-2.094395	0.379747	-1.713059	17	4	49	33.251
2.356194	1.736875	3.023612	20	13	50	33.250
0.523599	0.458961	-0.107937	38	22	20	33.249
1.047198	0.831641	0.616218	137	131	22	33.247
0.785398	1.450119	-2.739050	43	22	30	33.245
2.879793	1.135813	-2.658866	36	0	16	33.240
-2.094395	0.733948	3.021411	39	22	23	33.226
-0.785398	0.297065	2.160177	37	24	19	33.218
-1.308997	1.599406	1.426070	23	19	23	33.210
-2.879793	1.050534	3.042579	43	5	26	33.208
2.356194	1.756530	-2.105156	9	31	33	33.206
0.523599	2.349581	-2.702517	18	22	40	33.200
-2.094395	1.736875	3.023612	40	21	33	33.200
-0.261799	0.899350	-2.069907	8	30	35	33.195
1.570796	0.571433	-1.188419	17	21	43	33.192
0.523599	0.866955	-0.931351	23	17	23	33.191
-1.832596	1.242974	-2.977882	34	27	23	33.191
-3.141593	2.104282	-0.813972	32	7	28	33.182
-0.785398	2.984978	1.954446	37	26	19	33.179
-3.141593	1.982574	-1.115518	24	19	39	33.179
-2.356194	2.579248	-2.364801	122	145	12	33.179
2.617994	1.875281	0.107086	43	9	43	33.165
-1.308997	1.909857	-0.381669	25	23	36	33.164
-3.141593	1.184361	0.625864	122	148	8	33.145
-1.570796	2.407836	1.410646	3	10	61	33.138
2.617994	1.662363	0.915448	33	9	21	33.132
-2.617994	1.998705	2.370472	28	18	54	33.128
-2.356194	0.914445	2.687814	43	13	30	33.118
-2.879793	2.041297	-2.664597	121	153	12	33.113
2.094395	0.762244	-0.273349	11	21	46	33.110
-0.785398	0.910508	1.903534	33	29	39	33.105
-3.141593	0.370812	-2.547742	37	16	15	33.103
-1.570796	0.640596	-2.797608	35	26	19	33.101
-2.094395	1.766067	2.153843	23	19	57	33.101
-0.785398	0.618092	2.539118	33	30	26	33.101
-1.308997	1.301460	-0.509251	6	27	59	33.096
-2.094395	0.864993	2.278281	35	15	44	33.095
0.523599	0.619654	-2.216909	41	19	37	33.090
-2.094395	2.881233	-2.582574	130	134	8	33.088
-2.094395	1.506530	1.988858	26	14	56	33.077
1.832596	0.379747	-1.713059	19	22	39	33.066
-0.261799	1.662363	0.915448	28	20	55	33.061
-2.356194	1.766067	2.153843	24	15	58	33.060
-2.879793	1.846342	-1.796954	30	19	48	33.046
-3.141593	1.488617	1.159546	35	20	32	33.045
1.570796	1.050534	3.042579	35	23	17	33.044
-2.094395	1.218453	2.777284	41	19	32	33.037
1.047198	2.295480	1.008277	12	31	55	33.031
2.879793	2.343981	-1.040456	130	137	7	33.031
0.523599	1.982574	-1.115518	20	29	18	33.025
0.000000	1.374601	-2.456031	32	14	28	33.023
1.047198	1.732874	-0.951685	16	27	16	33.022
1.308997	1.606104	-0.451151	15	30	21	33.013
0.000000	1.128190	-2.288622	5	28	41	33.010
1.832596	1.247695	1.809890	31	11	20	33.009
1.308997	2.719179	-1.780644	30	28	37	32.998
-1.570796	1.135813	-2.658866	29	33	33	32.996
-1.832596	2.164094	-2.991358	36	27	33	32.988
-2.879793	1.721184	-0.153948	129	137	12	32.988
-3.141593	1.168678	2.108595	23	156	49	32.987
1.047198	1.699788	2.452890	131	143	28	32.981
0.000000	0.619654	-2.216909	7	25	39	32.978
-1.570796	0.910508	1.903534	31	21	46	32.973
0.785398	0.709924	0.218797	17	34	33	32.970
-1.308997	2.587733	0.232235	30	19	29	32.969
-2.879793	1.045978	0.343692	124	146	2	32.966
-0.523599	0.458961	-0.107937	41	1	20	32.965
0.000000	2.664082	-1.071402	31	30	31	32.964
2.879793	1.662363	0.915448	38	15	34	32.960
-2.879793	2.979456	-1.009304	140	133	20	32.953
0.261799	2.760637	2.781135	13	24	39	32.952
-2.094395	2.063651	-2.044600	21	30	47	32.952
0.785398	0.866395	-2.492918	42	20	32	32.949
0.785398	1.433411	-1.035986	23	22	12	32.946
2.879793	2.164094	-2.991358	25	19	47	32.939
-0.523599	1.606104	-0.451151	19	24	40	32.934
-0.523599	2.588535	-2.976617	25	16	36	32.931
-1.570796	2.863997	0.549740	138	136	26	32.922
1.047198	2.881233	-2.582574	8	16	51	32.922
-0.785398	0.571433	-1.188419	31	15	31	32.921
1.047198	1.766067	2.153843	135	145	31	32.914
-2.356194	2.404280	-0.174044	139	131	18	32.912
-1.832596	2.295480	1.008277	24	32	21	32.908
1.308997	2.251330	-2.330739	32	30	26	32.894
-1.570796	1.766067	2.153843	30	15	41	32.894
-0.785398	1.741644	-2.695914	139	157	31	32.890
1.047198	1.440580	2.260026	129	147	27	32.890
2.356194	0.762244	-0.273349	8	21	46	32.884
2.617994	0.080730	-2.622036	41	9	19	32.874
-1.047198	1.014500	0.906702	31	17	23	32.871
-1.570796	2.587733	0.232235	31	15	29	32.869
-1.047198	0.458961	-0.107937	27	27	44	32.869
-1.832596	2.001437	0.381215	27	18	36	32.865
2.879793	1.014500	0.906702	27	16	41	32.863
0.261799	1.134497	-1.109631	30	13	9	32.858
0.785398	0.618092	2.539118	36	6	29	32.856
0.785398	2.579248	-2.364801	31	27	31	32.844
-2.617994	0.914445	2.687814	35	10	39	32.844
0.261799	0.370812	-2.547742	8	26	36	32.840
0.261799	1.846342	-1.796954	125	149	18	32.836
-2.356194	1.736875	3.023612	42	16	34	32.830
2.094395	2.033014	2.977192	19	20	20	32.829
0.000000	1.134497	-1.109631	31	10	9	32.826
0.785398	1.218453	2.777284	14	25	33	32.825
0.000000	1.555207	1.708892	19	29	54	32.823
2.879793	1.184361	0.625864	37	13	35	32.813
-2.879793	1.741644	-2.695914	121	153	13	32.812
-2.617994	1.050534	3.042579	44	11	26	32.811
-0.523599	2.349581	-2.702517	12	31	30	32.811
2.356194	1.555207	1.708892	32	8	18	32.808
-1.308997	0.591903	2.010408	29	28	40	32.801
1.047198	1.134497	-1.109631	24	19	10	32.800
0.261799	0.290380	-0.796960	38	3	16	32.796
0.523599	1.335669	0.897240	16	31	53	32.793
0.000000	0.961715	0.014085	32	22	33	32.787
-0.261799	1.335669	0.897240	34	26	38	32.786
1.047198	2.579248	-2.364801	15	23	43	32.773
0.785398	1.721184	-0.153948	18	34	39	32.769
0.261799	1.569311	-3.003978	19	22	29	32.765
-2.094395	1.450119	-2.739050	39	21	21	32.754
-0.261799	2.104282	-0.813972	29	32	23	32.752
-2.617994	0.866955	-0.931351	17	13	50	32.750
1.570796	1.367556	0.358405	132	153	11	32.739
-1.308997	1.504028	0.636812	34	14	29	32.739
2.356194	0.080730	-2.622036	30	10	28	32.738
2.356194	2.187132	-0.479875	39	18	45	32.736
-0.261799	1.617114	-1.572037	24	19	9	32.735
1.832596	1.367556	0.358405	133	148	11	32.728
2.356194	0.733948	3.021411	24	33	22	32.726
0.000000	2.108018	1.311430	124	153	0	32.725
1.832596	2.478122	2.609777	21	25	54	32.720
0.000000	1.504028	0.636812	27	24	51	32.713
-2.617994	1.301460	-0.509251	134	137	0	32.712
0.785398	2.455966	-0.641220	21	32	31	32.703
-1.832596	1.184361	0.625864	34	6	24	32.686
-1.570796	2.299159	2.264663	19	19	29	32.681
2.617994	1.335669	0.897240	35	11	25	32.680
1.570796	1.310100	1.488307	1	29	53	32.677
-0.261799	0.866395	-2.492918	13	30	37	32.672
-2.094395	1.569311	-3.003978	40	22	27	32.671
-3.141593	2.863997	0.549740	5	19	44	32.670
-2.356194	2.760637	2.781135	33	24	42	32.664
-3.141593	0.379747	-1.713059	31	8	40	32.661
-2.094395	2.393226	1.857173	22	20	30	32.660
-2.356194	2.592629	0.909713	13	11	49	32.658
-0.785398	1.574060	2.783565	30	26	44	32.658
0.523599	0.615174	-0.666022	37	14	15	32.656
-2.879793	1.554776	0.100351	127	141	7	32.655
1.832596	1.050534	3.042579	26	33	23	32.653
-1.570796	2.393226	1.857173	20	13	49	32.640
2.617994	1.391910	3.030322	5	29	20	32.637
0.523599	2.251330	-2.330739	20	21	42	32.637
-0.785398	2.588535	-2.976617	4	34	44	32.633
0.785398	1.014500	0.906702	8	35	47	32.624
1.308997	1.510910	-0.740472	19	16	59	32.618
0.523599	0.961715	0.014085	15	17	47	32.615
1.047198	1.025536	1.576859	126	7	17	32.610
1.832596	0.709924	0.218797	10	34	25	32.609
-2.617994	1.569311	-3.003978	45	10	27	32.608
1.308997	0.709924	0.218797	137	135	27	32.604
-0.261799	2.396274	-1.959260	20	31	25	32.590
2.617994	2.592629	0.909713	16	22	49	32.588
-2.094395	1.367556	0.358405	19	37	40	32.584
0.000000	0.290380	-0.796960	37	158	16	32.584
-3.141593	2.299159	2.264663	35	11	47	32.583
-0.523599	0.685216	-1.712745	33	11	30	32.579
2.617994	1.683268	0.374177	35	10	29	32.577
-1.570796	1.836682	-0.676006	11	16	50	32.569
0.523599	0.929350	-2.910676	14	21	47	32.566
0.785398	1.836682	-0.676006	23	30	21	32.565
-1.047198	1.128190	-2.288622	16	35	32	32.564
-1.832596	1.741644	-2.695914	37	24	23	32.564
1.047198	1.413430	2.550734	32	12	22	32.554
0.261799	1.809167	1.213774	126	143	3	32.554
1.570796	0.700570	1.559208	29	13	23	32.545
1.570796	0.866955	-0.931351	24	21	10	32.543
2.356194	1.599406	1.426070	31	10	20	32.543
-2.356194	1.417623	-0.202254	139	131	8	32.542
1.047198	2.396274	-1.959260	32	26	39	32.535
-3.141593	1.869911	2.701025	40	1	40	32.535
-2.356194	1.391910	3.030322	43	16	29	32.534
-1.832596	1.574060	2.783565	36	26	37	32.533
1.308997	0.850607	-1.335383	27	13	8	32.532
0.523599	2.164094	-2.991358	36	20	14	32.530
-2.356194	2.001437	0.381215	19	35	44	32.530
2.617994	2.041297	-2.664597	19	16	26	32.518
-1.832596	1.809167	1.213774	24	28	17	32.517
-0.261799	1.741644	-2.695914	32	12	28	32.512
0.523599	1.135813	-2.658866	46	11	26	32.508
0.523599	0.496451	0.593859	32	25	15	32.502
-1.308997	1.247695	1.809890	26	22	54	32.502
1.570796	1.184361	0.625864	6	37	33	32.502
-1.047198	2.579248	-2.364801	29	31	31	32.501
0.261799	1.545873	-1.877082	19	20	43	32.499
1.308997	1.741644	-2.695914	33	31	30	32.495
-0.785398	2.456751	-1.503343	38	24	24	32.493
-2.094395	1.875281	0.107086	144	130	18	32.492
-1.047198	1.721184	-0.153948	11	20	47	32.490
2.617994	2.664082	-1.071402	127	140	13	32.488
2.617994	1.168678	2.108595	29	20	22	32.485
1.047198	1.450119	-2.739050	39	27	30	32.482
-1.047198	2.881233	-2.582574	24	31	37	32.477
2.617994	2.863997	0.549740	11	25	44	32.476
-1.308997	1.683268	0.374177	21	21	36	32.475
1.832596	0.685216	-1.712745	19	22	34	32.471
1.308997	2.407836	1.410646	12	25	60	32.461
-0.785398	2.396274	-1.959260	30	30	24	32.461
-2.094395	2.588535	-2.976617	39	22	37	32.460
-1.832596	0.419640	2.974122	34	27	22	32.460
-2.617994	2.174483	2.653697	39	16	45	32.458
-0.523599	1.982574	-1.115518	29	31	21	32.452
1.832596	1.977582	0.969896	6	22	59	32.452
-2.094395	1.870545	-2.976234	41	20	28	32.452
-1.308997	1.606104	-0.451151	15	18	49	32.450
2.617994	1.658653	-2.409879	3	29	28	32.448
-0.785398	2.343981	-1.040456	129	140	26	32.444
-0.523599	2.001437	0.381215	121	0	11	32.442
2.094395	1.766067	2.153843	24	13	16	32.431
-0.261799	0.418037	1.360082	38	22	19	32.426
1.832596	0.910508	1.903534	32	16	23	32.424
2.356194	1.510910	-0.740472	29	11	42	32.421
2.617994	0.290380	-0.796960	16	18	35	32.420
1.570796	1.574060	2.783565	12	24	39	32.416
-0.261799	1.998705	2.370472	24	18	21	32.414
-1.308997	1.846342	-1.796954	36	27	23	32.412
0.261799	0.379747	-1.713059	37	23	42	32.411
2.094395	1.870545	-2.976234	9	24	39	32.407
0.523599	1.875281	0.107086	23	34	26	32.404
0.261799	2.180315	-1.357379	21	29	19	32.403
0.785398	0.866955	-0.931351	20	19	42	32.377
0.261799	1.025536	1.576859	132	137	9	32.375
-1.308997	0.700570	1.559208	11	21	45	32.371
-2.356194	0.618092	2.539118	35	13	37	32.369
-1.308997	2.108018	1.311430	26	19	27	32.369
0.261799	0.458961	-0.107937	39	18	20	32.363
-2.617994	2.704512	1.488683	23	21	29	32.351
-2.879793	0.960688	-0.577532	19	15	51	32.350
-2.094395	0.419640	2.974122	37	22	22	32.344
2.094395	0.866395	-2.492918	16	34	32	32.341
2.356194	1.948085	-2.363031	19	23	31	32.331
-0.523599	0.906588	1.252948	28	27	48	32.323
-0.785398	0.080730	-2.622036	127	158	1	32.320
0.785398	2.299159	2.264663	138	142	30	32.312
-0.523599	2.719179	-1.780644	28	31	31	32.311
1.570796	1.134796	2.434290	30	16	23	32.309
0.000000	1.135813	-2.658866	31	12	25	32.299
1.308997	1.168678	2.108595	32	10	21	32.293
-0.523599	1.417623	-0.202254	19	24	37	32.291
-1.047198	2.664082	-1.071402	25	34	36	32.291
-0.261799	2.063651	-2.044600	17	28	19	32.290
-1.570796	2.704512	1.488683	20	32	26	32.289
0.261799	1.721184	-0.153948	35	26	23	32.286
0.000000	1.696674	-1.253233	27	21	12	32.285
0.785398	2.979456	-1.009304	7	34	46	32.281
-2.617994	2.356369	3.005869	42	15	39	32.281
-1.570796	2.187132	-0.479875	26	21	39	32.279
-1.308997	1.218453	2.777284	20	29	53	32.276
2.879793	2.104282	-0.813972	29	20	36	32.275
-0.261799	1.214854	-1.966664	6	29	41	32.268
2.094395	0.910508	1.903534	34	15	25	32.267
1.832596	0.899350	-2.069907	15	34	40	32.267
1.570796	1.617114	-1.572037	18	28	54	32.260
-0.785398	1.194549	-0.801900	21	13	53	32.257
-2.617994	2.033014	2.977192	43	12	36	32.257
2.356194	1.168678	2.108595	25	20	20	32.254
2.356194	0.418037	1.360082	25	16	42	32.251
0.523599	0.992645	-1.723759	38	19	43	32.249
1.832596	2.719179	-1.780644	20	36	37	32.249
2.094395	2.455966	-0.641220	122	145	14	32.248
-0.261799	1.488617	1.159546	31	26	45	32.246
1.047198	1.606104	-0.451151	21	31	21	32.240
-0.261799	1.504028	0.636812	30	19	51	32.234
0.523599	2.478122	2.609777	131	143	28	32.232
0.000000	1.310100	1.488307	15	30	55	32.232
-2.356194	1.658653	-2.409879	125	142	19	32.226
1.570796	1.846342	-1.796954	21	32	48	32.226
2.356194	0.685216	-1.712745	30	13	8	32.223
2.356194	1.184361	0.625864	35	6	28	32.220
0.785398	2.349581	-2.702517	4	18	52	32.219
-0.261799	1.014500	0.906702	29	26	47	32.216
-1.308997	2.138223	1.678323	8	15	61	32.211
2.879793	1.617114	-1.572037	17	19	40	32.201
-0.523599	2.396274	-1.959260	26	31	25	32.201
0.261799	0.674054	1.013609	33	29	21	32.200
2.617994	2.587733	0.232235	46	12	31	32.190
0.261799	1.756530	-2.105156	9	27	39	32.190
-2.356194	0.866955	-0.931351	17	14	51	32.187
2.879793	0.929350	-2.910676	38	159	18	32.184
0.785398	0.864993	2.278281	124	155	17	32.183
-0.785398	2.104282	-0.813972	39	24	24	32.181
0.523599	2.343981	-1.040456	21	31	24	32.174
0.523599	2.041297	-2.664597	42	18	20	32.166
0.261799	2.343981	-1.040456	26	31	25	32.159
1.832596	0.203748	0.590255	128	5	5	32.158
0.785398	0.571433	-1.188419	23	15	21	32.157
0.000000	2.478122	2.609777	128	152	27	32.150
0.785398	1.506530	1.988858	22	30	48	32.145
0.000000	2.455966	-0.641220	38	25	30	32.142
-2.617994	2.478122	2.609777	36	20	46	32.141
-1.047198	0.203748	0.590255	41	1	22	32.137
-2.094395	1.242974	-2.977882	39	22	23	32.135
0.261799	2.664082	-1.071402	25	32	31	32.135
2.094395	1.545873	-1.877082	5	34	49	32.134
0.523599	1.741644	-2.695914	43	15	21	32.133
2.617994	1.301460	-0.509251	21	16	48	32.128
-2.094395	2.138223	1.678323	19	21	32	32.125
-0.261799	1.450119	-2.739050	31	11	25	32.120
-2.356194	1.504028	0.636812	23	34	43	32.116
-1.570796	2.041297	-2.664597	20	36	38	32.113
-2.356194	1.450119	-2.739050	41	15	20	32.111
-0.261799	0.685216	-1.712745	32	15	30	32.106
2.879793	2.455966	-0.641220	126	142	12	32.104
2.094395	0.709924	0.218797	126	4	9	32.103
-2.356194	1.218453	2.777284	43	14	32	32.103
0.261799	1.450119	-2.739050	45	5	22	32.100
2.094395	1.736875	3.023612	10	25	33	32.098
-0.261799	2.760637	2.781135	20	22	39	32.090
-3.141593	0.992645	-1.723759	5	14	51	32.080
-0.523599	1.510910	-0.740472	14	17	51	32.080
1.308997	2.404280	-0.174044	16	32	36	32.076
-1.570796	1.367556	0.358405	27	19	33	32.075
1.308997	1.218453	2.777284	14	23	38	32.075
2.617994	1.554776	0.100351	35	10	35	32.073
-2.094395	0.961715	0.014085	23	32	50	32.072
-2.356194	1.574060	2.783565	42	15	36	32.069
1.832596	0.458961	-0.107937	136	138	27	32.068
-2.617994	1.545873	-1.877082	38	18	36	32.067
0.785398	0.458961	-0.107937	34	26	19	32.064
-3.141593	1.440580	2.260026	24	1	52	32.064
-2.879793	2.356369	3.005869	43	8	40	32.060
0.261799	0.615174	-0.666022	38	10	14	32.056
2.094395	1.417623	-0.202254	32	4	38	32.055
0.523599	0.866395	-2.492918	45	13	31	32.055
-2.356194	1.824694	1.850876	20	14	60	32.054
0.523599	1.948085	-2.363031	5	24	44	32.054
-1.047198	1.510910	-0.740472	16	16	50	32.048
-1.047198	1.662363	0.915448	127	11	10	32.048
-1.047198	1.301460	-0.509251	16	16	52	32.045
-2.617994	1.736875	3.023612	43	10	32	32.035
2.617994	0.961715	0.014085	124	155	9	32.030
2.356194	1.554776	0.100351	35	7	35	32.030
2.617994	1.870545	-2.976234	15	21	25	32.022
-2.356194	2.407836	1.410646	15	14	49	32.020
1.832596	1.335669	0.897240	157	34	40	32.019
1.047198	1.554776	0.100351	16	15	47	32.017
-2.617994	1.977582	0.969896	30	29	31	32.017
-1.832596	2.251330	-2.330739	42	18	24	32.013
-2.356194	1.869911	2.701025	31	20	50	32.010
0.523599	1.658653	-2.409879	6	26	38	32.005
-0.785398	2.881233	-2.582574	19	30	38	32.004
-2.094395	1.413430	2.550734	40	18	39	32.003
1.832596	0.866955	-0.931351	20	22	9	31.988
-2.879793	2.033014	2.977192	44	6	38	31.988
-2.879793	0.850607	-1.335383	132	148	27	31.986
-0.261799	1.736875	3.023612	129	3	26	31.983
1.832596	2.863997	0.549740	24	29	44	31.980
-0.261799	0.866955	-0.931351	25	19	35	31.977
1.308997	1.014500	0.906702	27	26	18	31.969
0.000000	0.866955	-0.931351	22	20	35	31.967
0.785398	2.115563	0.685730	23	34	41	31.960
2.094395	0.418037	1.360082	26	12	42	31.958
-0.523599	1.391910	3.030322	23	32	38	31.954
-2.879793	2.349581	-2.702517	121	151	8	31.954
-2.094395	0.571433	-1.188419	20	13	46	31.953
0.000000	1.045978	0.343692	14	13	50	31.949
-2.094395	0.866395	-2.492918	129	137	14	31.944
1.047198	0.615174	-0.666022	32	21	14	31.938
-1.832596	1.218453	2.777284	38	25	33	31.932
2.094395	1.554776	0.100351	34	3	35	31.931
-2.617994	2.379497	0.561089	28	32	36	31.931
-2.879793	0.733948	3.021411	42	6	23	31.912
2.617994	1.045978	0.343692	35	8	32	31.910
0.000000	0.674054	1.013609	22	33	41	31.907
-1.047198	1.247695	1.809890	23	25	55	31.907
-1.570796	1.194549	-0.801900	13	23	42	31.901
1.570796	1.195355	1.200319	1	34	46	31.900
-1.308997	2.881233	-2.582574	30	29	37	31.898
2.094395	1.242974	-2.977882	21	32	18	31.896
0.785398	1.741644	-2.695914	44	21	30	31.894
-1.308997	0.762244	-0.273349	30	17	34	31.892
-3.141593	2.115563	0.685730	37	21	36	31.880
0.523599	1.599406	1.426070	134	136	7	31.879
0.000000	1.256302	0.062705	32	23	37	31.875
-2.356194	1.699788	2.452890	39	14	43	31.874
-0.523599	1.766067	2.153843	19	24	59	31.871
2.094395	1.014500	0.906702	13	15	50	31.870
-1.570796	1.218453	2.777284	33	29	33	31.866
-1.570796	0.370812	-2.547742	1	16	44	31.864
-1.047198	1.194549	-0.801900	19	17	47	31.857
1.047198	2.724429	-0.348782	21	32	37	31.832
1.047198	0.709924	0.218797	12	35	33	31.830
-2.094395	1.741644	-2.695914	40	19	23	31.818
-3.141593	1.836682	-0.676006	29	18	37	31.812
-1.308997	0.910508	1.903534	39	21	39	31.807
0.261799	0.866395	-2.492918	46	7	32	31.804
0.000000	1.194549	-0.801900	36	13	13	31.801
1.832596	1.554776	0.100351	33	0	35	31.793
0.523599	1.256302	0.062705	17	14	48	31.788
-1.308997	1.448123	-2.163292	33	29	22	31.787
-1.832596	2.407836	1.410646	22	31	22	31.779
-1.308997	2.063651	-2.044600	36	25	20	31.779
1.047198	2.719179	-1.780644	33	23	37	31.773
-2.356194	2.153910	-1.714959	37	23	34	31.771
-1.047198	2.588535	-2.976617	19	31	36	31.771
2.356194	1.721184	-0.153948	34	7	35	31.771
0.785398	2.881233	-2.582574	25	32	29	31.769
-1.832596	0.618092	2.539118	31	26	36	31.761
-0.785398	1.025536	1.576859	25	27	52	31.761
-2.094395	2.478122	2.609777	28	25	45	31.757
0.785398	2.343981	-1.040456	5	35	33	31.754
-0.261799	0.850607	-1.335383	36	12	48	31.754
-1.832596	1.555207	1.708892	18	26	13	31.753
-0.785398	0.961715	0.014085	13	24	48	31.752
-0.785398	1.909857	-0.381669	10	17	48	31.751
1.308997	1.335669	0.897240	11	37	40	31.747
1.570796	0.914445	2.687814	10	24	40	31.746
-1.047198	2.063651	-2.044600	32	29	21	31.744
-3.141593	2.187132	-0.479875	127	139	11	31.744
-1.570796	1.812176	0.656819	37	5	24	31.738
-2.356194	0.700570	1.559208	15	16	49	31.737
2.094395	1.569311	-3.003978	10	26	38	31.733
1.832596	1.506530	1.988858	29	12	19	31.724
-2.356194	2.478122	2.609777	32	22	45	31.723
-2.617994	1.184361	0.625864	38	28	28	31.721
1.832596	1.824694	1.850876	25	9	17	31.718
0.261799	1.824694	1.850876	36	20	38	31.715
-1.570796	2.588535	-2.976617	31	28	36	31.713
0.523599	2.588535	-2.976617	15	23	40	31.705
-2.356194	1.242974	-2.977882	42	17	23	31.704
-2.879793	0.866395	-2.492918	121	153	15	31.704
-1.832596	1.658653	-2.409879	39	21	19	31.703
0.261799	1.367556	0.358405	28	29	44	31.703
-3.141593	2.108018	1.311430	25	20	33	31.702
-1.308997	1.982574	-1.115518	134	141	31	31.699
-1.047198	0.297065	2.160177	40	19	19	31.695
1.832596	1.135834	-1.431087	23	20	37	31.693
-0.785398	0.866395	-2.492918	17	33	35	31.691
-1.570796	1.242974	-2.977882	33	29	25	31.688
1.308997	2.396274	-1.959260	28	31	39	31.686
0.261799	1.113094	-0.272241	29	25	29	31.680
1.832596	0.571433	-1.188419	29	19	10	31.679
2.356194	1.050534	3.042579	12	34	24	31.678
0.261799	0.709924	0.218797	27	29	33	31.672
-1.832596	1.998705	2.370472	19	26	56	31.672
-2.094395	2.704512	1.488683	14	14	48	31.671
2.617994	1.732874	-0.951685	27	17	41	31.665
-1.047198	1.413430	2.550734	16	22	61	31.664
0.261799	2.984978	1.954446	142	134	26	31.662
-2.356194	1.135834	-1.431087	132	143	25	31.661
-1.308997	1.128190	-2.288622	22	35	31	31.661
-2.617994	1.766067	2.153843	25	12	58	31.656
-2.356194	0.203748	0.590255	34	30	36	31.656
0.261799	1.195355	1.200319	14	31	53	31.655
2.094395	1.904882	-1.478089	13	32	53	31.655
2.356194	1.875281	0.107086	43	3	43	31.653
-1.308997	0.906588	1.252948	8	27	32	31.646
2.617994	0.866395	-2.492918	34	2	13	31.646
-1.570796	0.297065	2.160177	39	21	25	31.645
-0.261799	0.674054	1.013609	41	20	21	31.640
1.047198	0.899350	-2.069907	24	31	47	31.639
0.523599	1.014500	0.906702	13	34	47	31.638
-0.785398	2.478122	2.609777	35	14	9	31.636
-1.308997	2.478122	2.609777	6	29	52	31.634
0.523599	1.374601	-2.456031	45	14	29	31.630
1.308997	2.456751	-1.503343	33	23	44	31.630
0.523599	2.174483	2.653697	129	147	28	31.630
2.356194	1.699788	2.452890	12	20	44	31.626
1.832596	1.846342	-1.796954	15	35	48	31.626
-1.047198	2.164094	-2.991358	20	32	33	31.624
0.785398	2.760637	2.781135	135	137	26	31.623
-1.308997	0.899350	-2.069907	26	30	33	31.621
-1.047198	0.080730	-2.622036	129	2	0	31.620
-2.094395	2.115563	0.685730	25	34	29	31.615
-0.261799	1.045978	0.343692	33	20	40	31.614
2.356194	2.863997	0.549740	5	30	52	31.614
-1.047198	2.174483	2.653697	19	23	41	31.614
0.000000	0.831641	0.616218	38	21	18	31.612
-1.308997	2.164094	-2.991358	26	31	32	31.606
-2.617994	1.218453	2.777284	44	8	32	31.606
2.094395	0.929350	-2.910676	14	36	32	31.601
-2.879793	0.290380	-0.796960	20	6	47	31.600
-2.617994	2.089241	-0.114193	134	134	17	31.598
-2.617994	1.417623	-0.202254	134	134	7	31.598
-1.308997	1.168678	2.108595	33	25	41	31.594
-3.141593	2.295480	1.008277	45	11	21	31.594
-1.570796	1.875281	0.107086	21	20	37	31.594
0.523599	2.979456	-1.009304	21	31	37	31.589
-2.356194	2.073035	2.027405	18	19	60	31.589
-2.617994	1.555207	1.708892	19	21	36	31.581
1.047198	0.961715	0.014085	13	34	35	31.580
-3.141593	1.413430	2.550734	29	1	49	31.579
-3.141593	0.458961	-0.107937	23	11	46	31.577
-1.570796	1.869911	2.701025	29	28	40	31.569
0.261799	1.135813	-2.658866	46	5	26	31.567
-1.047198	0.762244	-0.273349	22	25	47	31.562
1.832596	1.699788	2.452890	25	17	18	31.561
-2.356194	1.413430	2.550734	33	17	48	31.558
-1.832596	1.872854	1.543456	15	12	61	31.557
2.356194	2.251330	-2.330739	19	24	29	31.552
-2.617994	0.906588	1.252948	26	32	19	31.552
2.356194	0.910508	1.903534	33	18	26	31.547
-2.617994	2.041297	-2.664597	122	146	12	31.543
-1.832596	1.824694	1.850876	18	18	59	31.540
2.356194	1.812176	0.656819	35	5	25	31.536
-0.785398	2.979456	-1.009304	126	138	11	31.535
2.617994	2.295480	1.008277	15	16	50	31.529
0.523599	1.113094	-0.272241	25	28	31	31.522
1.570796	0.418037	1.360082	124	156	11	31.515
-1.570796	1.134796	2.434290	27	29	46	31.509
-1.047198	1.545873	-1.877082	29	30	19	31.501
-0.785398	1.325504	-1.671296	15	29	40	31.494
1.570796	2.404280	-0.174044	2	33	45	31.493
0.785398	1.301460	-0.509251	28	27	17	31.491
-1.047198	2.180315	-1.357379	26	30	40	31.489
0.261799	0.685216	-1.712745	37	20	44	31.487
1.832596	1.555207	1.708892	1	23	59	31.486
-2.356194	2.881233	-2.582574	126	139	8	31.486
-1.570796	2.478122	2.609777	11	31	52	31.486
-0.261799	1.569311	-3.003978	30	11	24	31.484
-1.832596	0.866395	-2.492918	33	30	28	31.481
-0.261799	2.180315	-1.357379	31	27	18	31.476
0.785398	1.440580	2.260026	129	152	27	31.471
1.832596	1.736875	3.023612	13	25	33	31.462
2.094395	1.335669	0.897240	6	28	26	31.458
2.356194	1.732874	-0.951685	30	13	40	31.454
-0.261799	1.374601	-2.456031	19	28	30	31.454
-0.261799	1.904882	-1.478089	26	27	14	31.451
0.261799	2.063651	-2.044600	9	25	45	31.449
-2.617994	0.850607	-1.335383	13	10	52	31.439
2.356194	0.914445	2.687814	22	11	44	31.436
1.308997	1.045978	0.343692	4	35	39	31.435
-1.308997	0.203748	0.590255	20	31	37	31.435
-2.356194	1.247695	1.809890	28	5	54	31.434
0.000000	0.458961	-0.107937	16	20	33	31.428
-0.261799	2.041297	-2.664597	41	1	19	31.428
-1.832596	1.569311	-3.003978	36	27	27	31.427
-1.047198	2.863997	0.549740	148	134	26	31.424
-0.261799	2.704512	1.488683	34	15	37	31.420
-2.356194	1.741644	-2.695914	125	140	13	31.420
-0.261799	2.664082	-1.071402	14	35	46	31.419
-0.261799	2.456751	-1.503343	28	31	24	31.418
-0.523599	2.174483	2.653697	26	17	18	31.415
-1.832596	1.450119	-2.739050	35	25	20	31.411
1.047198	1.836682	-0.676006	16	30	20	31.401
2.617994	2.247462	0.191623	45	12	36	31.400
-1.570796	0.733948	3.021411	33	29	23	31.400
-2.617994	2.455966	-0.641220	31	11	30	31.398
-2.094395	2.247462	0.191623	9	36	44	31.396
-3.141593	2.251330	-2.330739	22	23	53	31.392
-3.141593	1.617114	-1.572037	6	21	49	31.390
0.261799	2.404280	-0.174044	27	33	35	31.389
1.308997	1.909857	-0.381669	4	34	36	31.387
-2.879793	1.606104	-0.451151	131	137	4	31.386
1.570796	0.831641	0.616218	8	36	32	31.382
0.523599	2.393226	1.857173	27	24	44	31.380
0.523599	1.662363	0.915448	17	29	55	31.378
1.832596	1.025536	1.576859	33	10	22	31.376
0.523599	1.310100	1.488307	135	135	8	31.375
-2.879793	0.379747	-1.713059	130	138	25	31.367
-2.617994	0.370812	-2.547742	32	24	16	31.362
1.308997	0.418037	1.360082	125	2	11	31.361
-1.308997	2.984978	1.954446	38	24	18	31.358
2.094395	2.984978	1.954446	126	141	3	31.357
-0.785398	1.982574	-1.115518	35	27	21	31.354
-3.141593	2.724429	-0.348782	21	36	40	31.351
2.879793	1.872854	1.543456	39	6	12	31.343
2.879793	2.153910	-1.714959	17	22	33	31.338
1.832596	0.914445	2.687814	37	20	16	31.338
-2.094395	2.001437	0.381215	12	37	44	31.336
-1.047198	1.448123	-2.163292	26	32	21	31.336
0.523599	1.846342	-1.796954	126	145	18	31.325
2.356194	1.870545	-2.976234	16	21	20	31.318
-1.832596	0.370812	-2.547742	133	132	18	31.317
-1.047198	2.592629	0.909713	34	12	30	31.316
0.261799	1.310100	1.488307	17	35	47	31.313
-3.141593	1.732874	-0.951685	32	8	32	31.313
0.000000	1.569311	-3.003978	22	22	29	31.312
2.879793	0.618092	2.539118	12	29	37	31.309
1.047198	1.301460	-0.509251	23	28	17	31.306
0.785398	1.812176	0.656819	133	133	9	31.303
-0.785398	0.866955	-0.931351	14	24	62	31.300
1.047198	1.510910	-0.740472	20	27	15	31.296
0.523599	1.450119	-2.739050	44	12	22	31.295
2.617994	1.982574	-1.115518	27	19	38	31.290
-2.617994	2.979456	-1.009304	145	131	20	31.285
-0.523599	2.343981	-1.040456	39	24	25	31.284
0.000000	1.184361	0.625864	29	28	42	31.279
0.523599	2.587733	0.232235	129	135	10	31.267
-1.047198	1.870545	-2.976234	20	32	29	31.265
-1.308997	1.242974	-2.977882	26	33	40	31.263
-1.570796	1.683268	0.374177	36	7	20	31.252
-0.523599	1.310100	1.488307	33	26	41	31.249
-1.308997	2.379497	0.561089	150	136	29	31.246
-2.094395	1.721184	-0.153948	146	129	11	31.244
-2.356194	2.138223	1.678323	21	21	32	31.243
-2.617994	1.506530	1.988858	26	7	56	31.242
-2.879793	1.569311	-3.003978	44	4	26	31.240
-1.832596	1.756530	-2.105156	33	29	24	31.240
0.000000	1.554776	0.100351	32	23	42	31.232
1.570796	0.290380	-0.796960	33	24	16	31.232
1.308997	2.664082	-1.071402	35	15	42	31.227
0.261799	1.488617	1.159546	130	140	14	31.226
-2.617994	2.881233	-2.582574	122	146	7	31.225
-3.141593	1.417623	-0.202254	124	148	1	31.219
2.879793	1.128190	-2.288622	2	20	47	31.218
0.000000	0.571433	-1.188419	31	23	47	31.217
0.261799	1.904882	-1.478089	5	31	29	31.214
-1.308997	0.929350	-2.910676	25	34	32	31.210
0.523599	1.433411	-1.035986	27	22	11	31.208
1.308997	1.766067	2.153843	14	30	52	31.208
0.261799	2.587733	0.232235	125	140	9	31.202
2.617994	2.407836	1.410646	23	16	52	31.199
-0.785398	1.721184	-0.153948	9	20	46	31.194
1.047198	2.073035	2.027405	141	144	34	31.191
-2.879793	2.251330	-2.330739	34	20	42	31.188
-1.570796	0.700570	1.559208	14	20	46	31.186
1.308997	2.073035	2.027405	17	31	49	31.184
-2.356194	0.864993	2.278281	35	9	44	31.183
2.094395	0.619654	-2.216909	22	21	33	31.183
1.832596	2.724429	-0.348782	6	26	37	31.176
1.308997	2.153910	-1.714959	29	28	46	31.174
-1.832596	0.418037	1.360082	14	31	31	31.168
-3.141593	1.696674	-1.253233	19	19	41	31.167
-2.356194	2.356369	3.005869	40	19	39	31.167
1.047198	1.909857	-0.381669	19	32	27	31.165
-1.832596	0.929350	-2.910676	35	26	20	31.158
1.570796	1.812176	0.656819	4	29	54	31.158
-2.094395	0.640596	-2.797608	34	24	16	31.157
-2.617994	1.325504	-1.671296	30	20	44	31.156
2.879793	0.700570	1.559208	37	27	20	31.155
1.570796	0.674054	1.013609	126	3	15	31.153
-2.094395	2.637879	2.121598	9	26	56	31.151
1.570796	1.504028	0.636812	0	29	50	31.143
-2.356194	2.863997	0.549740	22	34	33	31.142
2.094395	2.251330	-2.330739	23	23	29	31.138
2.879793	0.960688	-0.577532	15	18	35	31.137
2.617994	2.379497	0.561089	157	22	55	31.134
-2.094395	0.203748	0.590255	36	27	39	31.134
-2.879793	2.478122	2.609777	38	16	45	31.132
-2.879793	0.571433	-1.188419	11	7	52	31.126
1.308997	1.998705	2.370472	18	25	56	31.125
0.000000	1.662363	0.915448	26	24	55	31.123
2.617994	2.404280	-0.174044	43	20	39	31.123
0.261799	1.128190	-2.288622	44	9	33	31.119
-2.094395	2.984978	1.954446	23	20	26	31.119
-1.308997	1.836682	-0.676006	5	16	51	31.117
0.785398	1.606104	-0.451151	27	30	21	31.117
0.523599	0.864993	2.278281	125	1	17	31.117
0.785398	0.762244	-0.273349	15	20	44	31.115
0.785398	0.910508	1.903534	127	2	22	31.115
2.094395	1.683268	0.374177	34	2	30	31.111
2.094395	1.440580	2.260026	8	24	38	31.111
0.785398	1.569311	-3.003978	39	17	15	31.109
1.047198	0.458961	-0.107937	29	29	20	31.109
0.261799	2.379497	0.561089	127	138	11	31.104
2.617994	2.984978	1.954446	14	27	59	31.101
-2.879793	2.455966	-0.641220	135	132	13	31.101
-0.261799	2.719179	-1.780644	22	33	31	31.100
0.785398	0.960688	-0.577532	31	23	15	31.099
-2.094395	0.619654	-2.216909	133	133	22	31.098
-1.308997	0.419640	2.974122	129	134	11	31.097
2.879793	0.906588	1.252948	42	20	19	31.097
-2.356194	1.134796	2.434290	34	13	45	31.094
-1.570796	1.417623	-0.202254	7	33	54	31.089
1.832596	0.906588	1.252948	27	11	21	31.089
-1.570796	0.379747	-1.713059	20	8	49	31.087
-0.785398	0.615174	-0.666022	27	18	32	31.079
-2.094395	0.685216	-1.712745	12	6	51	31.074
-1.832596	2.033014	2.977192	25	31	45	31.070
-1.832596	2.588535	-2.976617	34	27	37	31.059
1.570796	1.218453	2.777284	22	23	32	31.059
0.000000	0.203748	0.590255	38	22	22	31.058
2.879793	1.741644	-2.695914	19	20	30	31.056
-2.356194	2.455966	-0.641220	31	16	31	31.052
0.261799	1.417623	-0.202254	4	18	46	31.049
-0.785398	1.606104	-0.451151	11	17	50	31.048
0.785398	1.045978	0.343692	31	30	27	31.038
-1.047198	2.349581	-2.702517	23	32	31	31.033
2.617994	2.456751	-1.503343	133	135	8	31.030
2.879793	0.640596	-2.797608	38	5	17	31.027
-1.047198	0.419640	2.974122	135	130	11	31.023
-2.617994	1.872854	1.543456	17	24	33	31.022
2.879793	2.592629	0.909713	27	19	32	31.020
-3.141593	0.418037	1.360082	123	141	8	31.017
0.523599	1.977582	0.969896	29	31	41	31.016
-1.832596	1.599406	1.426070	20	8	59	31.011
-2.617994	2.187132	-0.479875	137	132	12	31.010
2.356194	2.404280	-0.174044	45	13	39	31.008
-2.356194	1.014500	0.906702	128	151	153	31.007
-0.523599	1.325504	-1.671296	10	30	39	30.990
-3.141593	0.619654	-2.216909	34	16	11	30.989
-1.047198	1.135813	-2.658866	20	36	39	30.989
-1.308997	2.104282	-0.813972	30	26	20	30.982
-0.785398	1.135834	-1.431087	11	19	49	30.980
2.094395	0.618092	2.539118	18	25	39	30.976
-1.047198	1.732874	-0.951685	19	28	38	30.974
-3.141593	1.301460	-0.509251	128	146	2	30.970
-1.047198	2.033014	2.977192	18	31	36	30.965
2.094395	0.866955	-0.931351	20	16	22	30.963
1.308997	1.554776	0.100351	6	34	42	30.954
-2.094395	2.592629	0.909713	157	8	56	30.951
-1.832596	2.299159	2.264663	22	18	27	30.949
-2.094395	0.992645	-1.723759	133	139	20	30.948
0.523599	0.762244	-0.273349	27	26	28	30.948
-2.356194	0.910508	1.903534	32	3	48	30.947
2.356194	1.335669	0.897240	26	12	33	30.941
-1.570796	1.413430	2.550734	23	31	48	30.939
-3.141593	0.866395	-2.492918	38	9	13	30.939
-2.617994	2.760637	2.781135	36	21	43	30.938
2.094395	1.310100	1.488307	31	10	20	30.936
1.832596	1.569311	-3.003978	15	25	37	30.935
2.356194	1.836682	-0.676006	32	13	38	30.932
-0.523599	2.180315	-1.357379	34	27	20	30.930
-1.308997	1.413347	-1.339188	11	19	47	30.925
2.879793	1.242974	-2.977882	38	156	22	30.915
0.000000	0.615174	-0.666022	38	5	15	30.908
1.308997	0.080730	-2.622036	33	29	36	30.908
-0.261799	1.554776	0.100351	123	154	21	30.901
-1.832596	2.704512	1.488683	36	25	16	30.895
2.617994	1.325504	-1.671296	6	23	49	30.892
0.523599	1.809167	1.213774	36	24	25	30.875
-0.785398	1.732874	-0.951685	35	23	15	30.875
-1.570796	2.108018	1.311430	20	30	16	30.874
2.094395	1.367556	0.358405	31	3	28	30.864
1.570796	2.456751	-1.503343	29	28	44	30.862
2.617994	1.135813	-2.658866	27	15	21	30.856
1.047198	0.297065	2.160177	124	151	8	30.856
-0.261799	0.960688	-0.577532	14	22	50	30.854
0.000000	0.906588	1.252948	18	33	48	30.849
1.308997	0.640596	-2.797608	32	32	35	30.849
0.261799	0.496451	0.593859	36	21	14	30.848
1.570796	0.733948	3.021411	39	22	23	30.848
0.785398	2.089241	-0.114193	29	31	34	30.840
0.000000	2.456751	-1.503343	23	31	26	30.840
-1.570796	0.961715	0.014085	32	10	18	30.837
-0.785398	1.135813	-2.658866	13	35	38	30.837
1.832596	0.762244	-0.273349	1	30	27	30.836
-2.094395	0.700570	1.559208	15	32	25	30.834
0.261799	0.203748	0.590255	18	21	36	30.833
2.617994	1.977582	0.969896	159	16	59	30.832
-3.141593	1.948085	-2.363031	36	12	44	30.823
-0.785398	2.349581	-2.702517	17	32	31	30.823
-3.141593	1.335669	0.897240	35	19	38	30.821
0.000000	1.904882	-1.478089	11	33	29	30.815
-1.308997	1.721184	-0.153948	27	21	30	30.814
-2.094395	1.374601	-2.456031	39	26	30	30.814
2.356194	0.370812	-2.547742	38	2	15	30.809
0.785398	1.732874	-0.951685	20	28	16	30.808
1.308997	2.724429	-0.348782	15	32	37	30.806
2.356194	1.214854	-1.966664	20	22	33	30.805
-1.047198	2.396274	-1.959260	35	26	24	30.801
1.047198	0.914445	2.687814	33	17	26	30.800
1.047198	1.014500	0.906702	17	36	39	30.800
-0.261799	2.343981	-1.040456	37	25	24	30.800
2.356194	1.741644	-2.695914	17	23	25	30.798
0.000000	2.153910	-1.714959	17	29	18	30.798
-1.047198	0.733948	3.021411	25	34	35	30.797
-1.308997	1.696674	-1.253233	140	139	34	30.796
-0.523599	1.242974	-2.977882	9	34	45	30.795
-3.141593	1.195355	1.200319	34	22	32	30.791
0.785398	1.658653	-2.409879	43	21	28	30.790
-2.094395	1.413347	-1.339188	16	17	47	30.780
1.832596	1.310100	1.488307	156	26	53	30.778
0.785398	1.113094	-0.272241	30	28	20	30.775
0.785398	2.247462	0.191623	135	130	13	30.771
-1.570796	2.174483	2.653697	31	8	19	30.766
0.000000	2.299159	2.264663	28	20	7	30.762
-0.785398	0.674054	1.013609	12	18	48	30.761
1.047198	0.850607	-1.335383	28	11	8	30.760
2.094395	2.379497	0.561089	4	27	55	30.759
-1.832596	1.812176	0.656819	29	18	32	30.756
1.308997	1.504028	0.636812	147	129	18	30.753
-3.141593	2.033014	2.977192	42	0	38	30.751
-3.141593	2.407836	1.410646	27	17	29	30.747
-1.832596	1.417623	-0.202254	12	33	54	30.747
1.308997	0.961715	0.014085	7	34	35	30.741
-1.570796	2.984978	1.954446	23	16	43	30.740
-1.570796	0.591903	2.010408	10	23	42	30.736
-0.261799	2.174483	2.653697	23	19	18	30.726
-1.570796	0.496451	0.593859	24	31	39	30.720
0.523599	1.824694	1.850876	32	25	39	30.716
2.356194	2.115563	0.685730	44	156	29	30.715
-0.523599	1.134497	-1.109631	19	19	46	30.714
1.047198	1.504028	0.636812	10	33	50	30.713
0.523599	0.379747	-1.713059	34	26	40	30.712
-1.832596	1.134497	-1.109631	27	26	19	30.707
1.832596	1.875281	0.107086	157	29	45	30.702
-0.261799	1.184361	0.625864	31	23	46	30.696
1.832596	1.812176	0.656819	0	27	54	30.695
2.094395	1.135813	-2.658866	24	28	22	30.690
-1.308997	1.025536	1.576859	30	19	50	30.689
-1.570796	2.033014	2.977192	30	29	37	30.689
-2.879793	2.588535	-2.976617	123	146	4	30.688
2.879793	0.203748	0.590255	126	144	6	30.687
-3.141593	1.050534	3.042579	43	159	26	30.686
1.047198	1.195355	1.200319	29	28	22	30.683
-0.523599	1.194549	-0.801900	15	21	47	30.681
0.000000	2.404280	-0.174044	126	139	18	30.680
2.879793	0.080730	-2.622036	41	14	18	30.680
-0.523599	2.153910	-1.714959	10	35	42	30.678
-1.570796	2.164094	-2.991358	31	29	32	30.677
2.356194	0.290380	-0.796960	131	138	27	30.677
1.047198	1.741644	-2.695914	0	17	51	30.674
-1.308997	1.545873	-1.877082	34	27	19	30.672
0.523599	2.187132	-0.479875	30	31	28	30.671
-2.879793	2.174483	2.653697	40	10	42	30.671
-3.141593	1.135813	-2.658866	40	3	16	30.671
0.523599	1.510910	-0.740472	30	26	16	30.671
1.832596	1.134796	2.434290	19	22	32	30.671
-1.832596	2.379497	0.561089	7	38	37	30.669
-2.356194	1.374601	-2.456031	124	143	13	30.668
-0.261799	1.417623	-0.202254	7	20	47	30.667
-2.356194	1.545873	-1.877082	43	21	24	30.654
-2.094395	0.910508	1.903534	33	9	48	30.654
-1.832596	0.640596	-2.797608	128	136	12	30.648
2.617994	2.104282	-0.813972	30	18	35	30.648
-1.308997	1.766067	2.153843	27	18	40	30.645
-3.141593	1.574060	2.783565	31	13	25	30.638
-1.832596	2.108018	1.311430	26	30	16	30.636
0.261799	0.992645	-1.723759	39	14	43	30.635
-2.094395	0.591903	2.010408	16	21	21	30.633
2.094395	2.664082	-1.071402	28	30	43	30.630
0.523599	1.756530	-2.105156	44	14	32	30.630
2.094395	2.041297	-2.664597	21	23	27	30.625
1.832596	0.418037	1.360082	123	150	12	30.620
-0.523599	2.704512	1.488683	139	141	31	30.620
2.617994	0.370812	-2.547742	39	7	16	30.619
-1.570796	1.335669	0.897240	25	20	27	30.615
1.308997	2.579248	-2.364801	11	24	43	30.615
0.000000	1.025536	1.576859	13	34	49	30.615
2.617994	1.721184	-0.153948	34	12	35	30.613
-0.785398	1.014500	0.906702	2	26	39	30.611
1.570796	0.850607	-1.335383	24	20	41	30.610
-1.308997	2.343981	-1.040456	32	26	38	30.608
-1.832596	2.180315	-1.357379	32	28	27	30.607
0.785398	0.370812	-2.547742	43	20	35	30.605
-1.047198	1.909857	-0.381669	10	17	49	30.602
-2.356194	0.929350	-2.910676	39	19	19	30.599
1.047198	1.335669	0.897240	5	31	52	30.598
2.879793	2.478122	2.609777	40	5	45	30.596
1.308997	0.370812	-2.547742	34	30	35	30.596
0.523599	1.683268	0.374177	26	34	27	30.595
0.000000	1.617114	-1.572037	22	20	10	30.590
2.879793	1.247695	1.809890	27	22	20	30.589
-0.261799	0.709924	0.218797	3	25	44	30.587
0.785398	1.488617	1.159546	19	32	51	30.585
-0.523599	0.640596	-2.797608	19	31	33	30.584
-1.832596	2.637879	2.121598	24	14	39	30.582
-2.094395	1.606104	-0.451151	27	17	29	30.581
-0.261799	0.080730	-2.622036	127	147	2	30.571
2.356194	2.001437	0.381215	45	0	36	30.570
-2.356194	2.251330	-2.330739	123	144	16	30.570
2.094395	2.247462	0.191623	44	158	36	30.570
2.094395	1.869911	2.701025	21	18	19	30.568
2.617994	1.113094	-0.272241	21	12	49	30.567
1.570796	2.089241	-0.114193	1	33	43	30.565
1.308997	1.721184	-0.153948	6	35	38	30.564
0.261799	2.456751	-1.503343	18	31	25	30.564
-1.308997	2.174483	2.653697	14	21	62	30.548
1.308997	0.297065	2.160177	28	17	26	30.544
-0.523599	0.850607	-1.335383	31	15	35	30.541
1.832596	0.615174	-0.666022	10	29	23	30.541
0.261799	1.909857	-0.381669	32	28	22	30.538
-1.570796	1.658653	-2.409879	32	25	16	30.530
-0.261799	2.379497	0.561089	121	150	11	30.528
0.523599	1.554776	0.100351	24	33	41	30.526
1.047198	1.168678	2.108595	32	7	21	30.522
1.570796	2.587733	0.232235	19	30	42	30.522
2.094395	2.456751	-1.503343	124	145	7	30.520
-0.261799	1.301460	-0.509251	16	25	36	30.519
2.356194	1.683268	0.374177	35	6	30	30.516
-1.047198	0.850607	-1.335383	15	21	46	30.511
-0.261799	1.948085	-2.363031	130	154	26	30.510
-1.308997	1.367556	0.358405	25	19	32	30.508
-2.094395	1.662363	0.915448	13	159	57	30.505
-2.356194	0.615174	-0.666022	22	17	43	30.502
-1.570796	0.914445	2.687814	35	29	31	30.501
-2.094395	0.914445	2.687814	42	18	30	30.501
1.047198	2.760637	2.781135	139	135	26	30.499
2.356194	0.850607	-1.335383	15	24	39	30.496
-2.094395	1.909857	-0.381669	27	19	30	30.495
-0.523599	1.135834	-1.431087	8	29	34	30.493
2.617994	0.615174	-0.666022	13	18	32	30.492
-2.617994	1.510910	-0.740472	22	18	41	30.486
1.047198	2.863997	0.549740	133	132	6	30.486
0.000000	1.998705	2.370472	22	23	36	30.481
-2.879793	2.863997	0.549740	10	13	49	30.480
-2.879793	2.587733	0.232235	9	10	50	30.479
0.785398	2.404280	-0.174044	142	128	18	30.478
-0.523599	0.419640	2.974122	1	10	46	30.473
2.094395	1.836682	-0.676006	17	24	33	30.471
2.879793	0.914445	2.687814	10	28	33	30.470
0.523599	1.721184	-0.153948	34	29	29	30.468
-3.141593	2.073035	2.027405	31	8	51	30.467
-1.308997	2.592629	0.909713	29	15	24	30.463
0.785398	1.554776	0.100351	18	34	41	30.458
1.047198	2.153910	-1.714959	32	22	46	30.458
2.356194	1.606104	-0.451151	32	9	38	30.454
2.617994	0.700570	1.559208	23	21	38	30.453
0.523599	1.045978	0.343692	32	29	24	30.447
0.785398	1.504028	0.636812	15	33	50	30.445
-1.308997	1.413430	2.550734	28	29	38	30.445
0.261799	2.104282	-0.813972	27	31	21	30.444
-2.879793	2.153910	-1.714959	3	23	45	30.444
2.879793	2.138223	1.678323	25	9	53	30.443
-2.094395	2.587733	0.232235	137	134	25	30.442
2.094395	1.504028	0.636812	154	20	51	30.436
-1.308997	2.356369	3.005869	21	30	38	30.433
1.832596	1.014500	0.906702	126	0	21	30.431
2.356194	1.904882	-1.478089	27	19	39	30.430
-2.617994	1.869911	2.701025	42	11	39	30.427
-0.523599	1.488617	1.159546	36	21	45	30.427
-1.047198	2.478122	2.609777	0	29	52	30.427
2.356194	1.696674	-1.253233	27	17	40	30.427
-1.570796	2.881233	-2.582574	35	25	37	30.425
2.879793	1.998705	2.370472	35	1	49	30.423
-1.832596	2.579248	-2.364801	130	133	12	30.420
2.356194	2.174483	2.653697	23	13	33	30.414
2.879793	1.488617	1.159546	32	16	21	30.411
-2.356194	2.724429	-0.348782	139	132	21	30.410
-1.308997	2.393226	1.857173	2	17	60	30.404
0.785398	0.640596	-2.797608	46	14	29	30.401
-2.094395	0.297065	2.160177	43	10	25	30.401
0.000000	2.407836	1.410646	32	21	34	30.397
2.094395	1.555207	1.708892	158	20	59	30.393
2.879793	0.866395	-2.492918	159	23	43	30.387
1.832596	2.299159	2.264663	14	29	53	30.387
2.879793	1.450119	-2.739050	1	23	40	30.381
-0.261799	0.370812	-2.547742	45	4	38	30.379
-1.308997	1.045978	0.343692	24	21	32	30.373
-0.523599	1.367556	0.358405	19	24	38	30.372
-2.094395	2.041297	-2.664597	42	17	25	30.369
0.261799	1.606104	-0.451151	34	26	19	30.354
2.094395	2.104282	-0.813972	37	20	48	30.350
-0.785398	2.404280	-0.174044	123	149	20	30.347
-2.094395	2.108018	1.311430	31	28	16	30.335
-0.523599	1.301460	-0.509251	33	15	9	30.335
2.617994	1.450119	-2.739050	4	25	40	30.332
-0.261799	2.033014	2.977192	35	7	9	30.329
-2.879793	0.929350	-2.910676	42	9	19	30.328
2.617994	0.899350	-2.069907	127	0	29	30.321
-0.785398	1.413347	-1.339188	13	30	36	30.314
1.047198	0.619654	-2.216909	34	29	38	30.312
2.356194	1.433411	-1.035986	26	13	43	30.311
-2.879793	0.458961	-0.107937	127	144	3	30.310
0.261799	1.391910	3.030322	27	14	21	30.309
-2.094395	1.488617	1.159546	19	2	56	30.302
2.879793	1.448123	-2.163292	3	21	46	30.302
2.094395	1.448123	-2.163292	14	33	35	30.297
1.570796	0.961715	0.014085	2	32	35	30.295
-1.047198	0.992645	-1.723759	17	30	37	30.295
-0.785398	1.510910	-0.740472	15	12	54	30.281
-2.617994	2.592629	0.909713	10	13	48	30.280
0.000000	2.138223	1.678323	33	19	33	30.278
2.879793	1.194549	-0.801900	28	12	27	30.277
-1.832596	1.247695	1.809890	29	14	53	30.272
0.785398	0.929350	-2.910676	45	13	24	30.262
1.570796	0.929350	-2.910676	28	33	31	30.260
-3.141593	1.658653	-2.409879	14	23	29	30.258
-2.356194	2.033014	2.977192	28	25	51	30.255
2.356194	2.247462	0.191623	46	4	36	30.252
-2.356194	1.732874	-0.951685	131	154	27	30.250
-0.523599	2.984978	1.954446	32	30	19	30.250
2.617994	1.741644	-2.695914	28	8	49	30.246
1.047198	2.187132	-0.479875	17	32	29	30.245
-1.047198	2.587733	0.232235	125	154	13	30.243
1.308997	0.571433	-1.188419	32	15	11	30.240
1.832596	2.343981	-1.040456	122	145	12	30.238
-0.261799	0.615174	-0.666022	22	18	19	30.238
0.785398	1.824694	1.850876	138	152	35	30.237
-1.832596	2.343981	-1.040456	37	22	23	30.237
0.785398	0.496451	0.593859	129	137	22	30.235
-0.523599	0.080730	-2.622036	126	153	2	30.229
-2.617994	0.685216	-1.712745	130	143	21	30.228
2.879793	2.760637	2.781135	126	144	0	30.227
-0.785398	2.073035	2.027405	31	17	36	30.220
-1.047198	2.104282	-0.813972	30	28	30	30.220
2.356194	1.574060	2.783565	10	25	30	30.220
-0.785398	1.045978	0.343692	21	22	33	30.220
1.832596	0.674054	1.013609	124	158	15	30.215
1.832596	2.033014	2.977192	23	20	22	30.212
2.617994	2.979456	-1.009304	37	29	28	30.210
2.094395	1.599406	1.426070	156	26	54	30.202
-0.261799	0.831641	0.616218	31	25	41	30.200
0.785398	2.664082	-1.071402	12	32	31	30.196
0.261799	0.899350	-2.069907	44	13	40	30.192
-1.308997	2.251330	-2.330739	35	27	24	30.192
-2.356194	0.850607	-1.335383	14	10	52	30.191
0.000000	2.984978	1.954446	138	136	26	30.188
0.000000	2.637879	2.121598	135	143	30	30.188
2.879793	2.115563	0.685730	46	10	29	30.187
1.047198	2.588535	-2.976617	9	25	39	30.178
-1.047198	2.407836	1.410646	24	21	29	30.177
1.570796	1.545873	-1.877082	17	33	49	30.173
0.785398	1.977582	0.969896	24	34	42	30.171
0.785398	0.379747	-1.713059	29	29	40	30.166
0.785398	0.297065	2.160177	125	157	8	30.163
-1.570796	1.168678	2.108595	28	24	51	30.151
-1.047198	0.914445	2.687814	22	30	53	30.150
1.047198	1.194549	-0.801900	25	24	11	30.150
-2.356194	1.909857	-0.381669	141	130	11	30.149
0.261799	1.135834	-1.431087	16	17	64	30.144
0.000000	0.496451	0.593859	40	23	23	30.141
1.047198	2.664082	-1.071402	34	12	40	30.139
0.523599	1.025536	1.576859	137	134	10	30.136
-2.617994	2.299159	2.264663	33	17	48	30.135
-0.785398	1.247695	1.809890	35	24	40	30.134
-1.832596	1.367556	0.358405	29	18	34	30.129
-0.261799	1.195355	1.200319	25	28	51	30.125
2.879793	0.418037	1.360082	121	148	9	30.123
-2.356194	2.637879	2.121598	23	24	48	30.118
0.000000	0.914445	2.687814	19	31	47	30.118
2.094395	1.135834	-1.431087	20	22	39	30.112
0.261799	2.704512	1.488683	31	22	44	30.109
2.879793	0.571433	-1.188419	133	142	31	30.108
-1.047198	1.374601	-2.456031	26	33	25	30.103
-0.523599	1.599406	1.426070	32	23	47	30.102
-1.047198	2.295480	1.008277	148	143	34	30.098
1.570796	1.736875	3.023612	12	23	41	30.097
1.832596	1.869911	2.701025	23	19	20	30.097
-1.570796	1.555207	1.708892	22	16	59	30.094
0.785398	1.134796	2.434290	31	9	21	30.094
1.308997	1.417623	-0.202254	8	34	35	30.092
-2.094395	2.724429	-0.348782	145	130	20	30.092
-1.570796	1.025536	1.576859	10	27	29	30.087
0.000000	0.709924	0.218797	31	24	34	30.085
0.000000	1.982574	-1.115518	32	25	18	30.084
0.000000	2.379497	0.561089	123	144	11	30.079
0.261799	2.138223	1.678323	31	23	35	30.068
-1.308997	1.325504	-1.671296	31	24	12	30.067
-1.308997	1.809167	1.213774	34	12	32	30.066
-2.094395	1.998705	2.370472	22	24	56	30.060
2.094395	1.325504	-1.671296	22	21	33	30.060
-1.308997	2.349581	-2.702517	29	31	30	30.059
2.617994	2.001437	0.381215	46	7	36	30.058
-2.879793	2.456751	-1.503343	6	27	40	30.054
-0.785398	1.870545	-2.976234	141	151	32	30.053
1.832596	0.864993	2.278281	10	25	35	30.045
2.879793	0.850607	-1.335383	132	149	32	30.045
-1.047198	1.846342	-1.796954	31	31	23	30.044
2.094395	2.724429	-0.348782	46	12	32	30.042
-2.094395	0.674054	1.013609	25	34	33	30.034
-2.879793	1.766067	2.153843	26	10	56	30.032
-2.617994	0.619654	-2.216909	124	143	21	30.032
-0.785398	1.128190	-2.288622	8	32	48	30.031
0.261799	1.413430	2.550734	126	1	23	30.028
2.094395	1.977582	0.969896	3	20	59	30.028
1.570796	2.863997	0.549740	29	27	44	30.027
-1.308997	1.433411	-1.035986	10	21	44	30.026
-1.832596	1.014500	0.906702	27	19	26	30.022
-2.094395	1.904882	-1.478089	33	26	28	30.020
-1.047198	1.741644	-2.695914	140	159	32	30.011
0.523599	1.872854	1.543456	14	28	57	30.009
2.356194	0.419640	2.974122	26	34	29	30.009
2.879793	2.247462	0.191623	126	139	18	30.009
-0.785398	1.617114	-1.572037	26	29	16	30.003
-3.141593	0.419640	2.974122	41	3	22	30.001
0.785398	0.591903	2.010408	125	0	14	30.001
-0.523599	2.587733	0.232235	121	150	13	29.999
2.617994	0.379747	-1.713059	127	145	26	29.996
-2.617994	0.080730	-2.622036	32	26	19	29.996
-2.617994	1.134796	2.434290	33	7	46	29.994
-0.261799	1.448123	-2.163292	24	23	28	29.991
-0.523599	2.115563	0.685730	122	159	12	29.987
1.832596	1.195355	1.200319	4	33	31	29.986
-2.879793	2.187132	-0.479875	132	135	12	29.986
-1.308997	1.617114	-1.572037	36	23	16	29.986
0.000000	1.506530	1.988858	14	30	55	29.985
1.308997	2.588535	-2.976617	134	135	24	29.984
-1.308997	0.961715	0.014085	27	20	33	29.982
-0.523599	1.050534	3.042579	23	33	31	29.981
-2.356194	0.290380	-0.796960	22	14	43	29.978
-1.832596	1.869911	2.701025	24	29	51	29.974
0.261799	2.089241	-0.114193	33	26	17	29.970
2.094395	0.992645	-1.723759	21	23	37	29.968
-2.879793	1.555207	1.708892	22	21	36	29.965
0.261799	0.864993	2.278281	19	33	33	29.960
-1.308997	2.704512	1.488683	26	30	16	29.958
-1.047198	2.704512	1.488683	14	23	41	29.958
2.879793	0.370812	-2.547742	38	12	15	29.954
0.261799	1.301460	-0.509251	8	10	62	29.945
2.356194	2.719179	-1.780644	133	134	14	29.943
-1.832596	1.448123	-2.163292	41	20	21	29.938
2.094395	1.413430	2.550734	15	24	29	29.936
2.879793	1.766067	2.153843	26	10	5	29.934
1.308997	0.992645	-1.723759	14	31	54	29.932
1.308997	2.187132	-0.479875	11	31	28	29.928
0.000000	2.104282	-0.813972	34	28	22	29.923
-0.261799	1.870545	-2.976234	39	1	14	29.916
0.000000	0.418037	1.360082	34	27	19	29.911
0.785398	2.407836	1.410646	28	26	49	29.909
1.308997	1.448123	-2.163292	23	33	42	29.908
-1.047198	2.456751	-1.503343	42	21	27	29.906
2.094395	0.674054	1.013609	121	156	9	29.904
-2.617994	1.574060	2.783565	35	14	45	29.899
-2.617994	1.440580	2.260026	30	8	54	29.899
1.308997	1.662363	0.915448	6	27	57	29.898
-0.523599	0.674054	1.013609	10	18	48	29.898
1.832596	2.588535	-2.976617	14	14	56	29.894
-0.523599	1.025536	1.576859	22	30	51	29.891
0.523599	1.391910	3.030322	15	26	40	29.886
-3.141593	1.450119	-2.739050	40	159	19	29.882
0.000000	2.724429	-0.348782	22	34	48	29.871
0.000000	0.960688	-0.577532	23	20	23	29.865
-1.570796	1.998705	2.370472	14	28	57	29.864
-1.308997	0.418037	1.360082	5	27	32	29.864
1.570796	1.766067	2.153843	26	12	17	29.862
1.832596	1.256302	0.062705	156	29	38	29.857
-1.832596	0.864993	2.278281	33	21	44	29.857
-2.617994	0.899350	-2.069907	29	15	47	29.857
-0.785398	0.591903	2.010408	19	34	40	29.855
2.094395	1.247695	1.809890	30	14	20	29.854
-1.832596	1.870545	-2.976234	37	26	29	29.850
-2.356194	2.063651	-2.044600	34	25	40	29.850
-2.879793	1.824694	1.850876	27	18	33	29.850
-2.879793	2.393226	1.857173	26	17	50	29.850
-2.356194	2.349581	-2.702517	45	12	31	29.849
-1.570796	1.450119	-2.739050	30	29	20	29.840
1.570796	2.001437	0.381215	5	32	50	29.840
-1.308997	0.618092	2.539118	35	29	28	29.840
-2.094395	0.370812	-2.547742	35	21	14	29.840
-1.832596	1.766067	2.153843	21	21	58	29.840
-2.879793	2.664082	-1.071402	141	130	14	29.832
-3.141593	1.374601	-2.456031	121	3	13	29.831
0.000000	1.948085	-2.363031	13	27	42	29.831
-2.879793	1.195355	1.200319	35	26	16	29.830
-2.094395	1.214854	-1.966664	24	25	51	29.824
1.570796	1.809167	1.213774	8	33	51	29.823
-2.879793	2.063651	-2.044600	25	22	51	29.822
2.879793	1.909857	-0.381669	34	21	50	29.815
1.047198	2.104282	-0.813972	13	31	22	29.815
0.261799	1.325504	-1.671296	26	16	57	29.814
0.000000	1.168678	2.108595	12	36	48	29.808
2.094395	2.063651	-2.044600	33	156	39	29.808
-0.785398	0.700570	1.559208	27	29	44	29.808
0.785398	2.637879	2.121598	145	138	31	29.808
0.000000	0.850607	-1.335383	16	24	61	29.806
-2.879793	1.025536	1.576859	24	32	28	29.805
-2.094395	2.174483	2.653697	25	27	51	29.802
-1.832596	1.374601	-2.456031	42	22	26	29.801
0.261799	2.033014	2.977192	26	20	23	29.799
-2.879793	2.299159	2.264663	33	16	49	29.798
-2.094395	2.343981	-1.040456	156	133	10	29.796
-1.832596	0.899350	-2.069907	135	135	16	29.794
-1.570796	1.756530	-2.105156	16	33	45	29.794
0.261799	2.251330	-2.330739	34	16	29	29.789
0.523599	1.195355	1.200319	9	31	53	29.784
0.785398	2.863997	0.549740	128	136	6	29.781
2.879793	2.108018	1.311430	29	16	32	29.779
-0.261799	2.187132	-0.479875	34	30	27	29.777
0.523599	0.831641	0.616218	30	29	18	29.776
0.785398	1.135813	-2.658866	44	18	26	29.774
1.570796	1.448123	-2.163292	17	36	43	29.771
-2.617994	0.618092	2.539118	44	5	28	29.767
0.785398	0.961715	0.014085	19	34	34	29.766
-2.356194	1.506530	1.988858	26	10	57	29.759
-0.261799	1.872854	1.543456	25	21	58	29.759
-1.832596	1.732874	-0.951685	20	22	38	29.752
-0.523599	0.910508	1.903534	15	34	48	29.750
-0.523599	1.045978	0.343692	18	24	33	29.749
-0.261799	1.836682	-0.676006	31	28	18	29.743
-2.094395	1.256302	0.062705	146	129	12	29.742
0.785398	2.724429	-0.348782	27	31	37	29.742
-2.879793	1.812176	0.656819	33	26	40	29.740
2.094395	0.571433	-1.188419	15	25	19	29.735
-1.308997	1.506530	1.988858	20	24	57	29.735
0.785398	2.251330	-2.330739	32	25	33	29.735
0.523599	2.637879	2.121598	142	139	31	29.732
1.832596	1.909857	-0.381669	21	23	34	29.731
-1.308997	1.574060	2.783565	14	25	60	29.731
-3.141593	2.180315	-1.357379	21	21	37	29.730
-1.570796	1.617114	-1.572037	39	19	16	29.726
0.523599	1.301460	-0.509251	24	28	27	29.726
-1.308997	2.588535	-2.976617	24	31	37	29.726
-2.879793	1.574060	2.783565	42	4	36	29.726
-2.094395	2.760637	2.781135	28	28	43	29.725
-0.261799	1.869911	2.701025	129	5	24	29.725
2.617994	2.089241	-0.114193	41	16	44	29.724
1.047198	1.417623	-0.202254	19	33	23	29.719
0.523599	1.168678	2.108595	23	29	48	29.719
-3.141593	0.685216	-1.712745	127	147	27	29.717
1.570796	0.899350	-2.069907	21	33	41	29.713
2.094395	2.863997	0.549740	10	31	52	29.711
-1.570796	0.864993	2.278281	39	23	36	29.711
0.785398	0.203748	0.590255	31	24	13	29.709
-2.356194	1.555207	1.708892	21	7	60	29.708
0.261799	1.658653	-2.409879	9	28	37	29.707
-2.879793	1.948085	-2.363031	34	17	45	29.706
-2.879793	0.685216	-1.712745	6	9	50	29.706
-1.047198	2.455966	-0.641220	124	144	22	29.705
0.523599	1.417623	-0.202254	24	31	34	29.701
-0.523599	2.299159	2.264663	26	19	38	29.701
0.000000	1.214854	-1.966664	31	15	32	29.700
-3.141593	0.906588	1.252948	24	23	38	29.698
-0.261799	1.732874	-0.951685	14	14	52	29.697
-2.879793	2.164094	-2.991358	122	149	4	29.696
-0.523599	1.134796	2.434290	15	27	58	29.694
-1.308997	1.450119	-2.739050	147	127	13	29.689
2.356194	2.984978	1.954446	130	136	2	29.689
-1.308997	0.733948	3.021411	37	26	25	29.684
1.832596	1.448123	-2.163292	10	37	42	29.684
2.094395	1.218453	2.777284	4	19	45	29.683
-1.047198	2.724429	-0.348782	121	150	14	29.681
0.523599	2.247462	0.191623	130	133	13	29.681
-2.094395	1.184361	0.625864	26	34	27	29.680
-0.261799	2.247462	0.191623	121	149	11	29.673
-1.308997	2.033014	2.977192	24	31	37	29.673
-0.261799	2.724429	-0.348782	124	140	14	29.672
-1.832596	0.674054	1.013609	21	32	33	29.672
0.261799	0.571433	-1.188419	33	2	11	29.670
-1.832596	1.113094	-0.272241	18	30	56	29.665
2.356194	1.982574	-1.115518	29	17	37	29.662
-2.356194	1.448123	-2.163292	129	141	26	29.658
-3.141593	2.637879	2.121598	32	18	48	29.657
-0.261799	0.297065	2.160177	135	130	13	29.657
-3.141593	1.977582	0.969896	45	14	23	29.657
0.785398	2.396274	-1.959260	33	22	37	29.657
-0.261799	1.134497	-1.109631	11	17	64	29.657
-1.308997	1.510910	-0.740472	12	16	54	29.656
2.356194	1.417623	-0.202254	32	7	39	29.653
-2.617994	2.396274	-1.959260	35	22	36	29.651
0.261799	0.618092	2.539118	125	4	10	29.651
0.000000	0.685216	-1.712745	40	15	44	29.648
-1.308997	0.571433	-1.188419	15	27	24	29.647
1.047198	1.569311	-3.003978	38	26	23	29.640
-2.617994	1.168678	2.108595	30	4	50	29.638
2.617994	1.134497	-1.109631	27	8	30	29.633
0.261799	1.875281	0.107086	30	32	26	29.632
-3.141593	1.904882	-1.478089	17	20	37	29.631
-0.523599	1.135813	-2.658866	9	29	52	29.631
-1.308997	0.864993	2.278281	26	30	44	29.631
0.000000	1.606104	-0.451151	39	22	20	29.630
-1.832596	1.977582	0.969896	12	36	34	29.630
1.832596	0.961715	0.014085	10	32	21	29.626
1.832596	2.041297	-2.664597	13	22	45	29.624
-0.261799	2.979456	-1.009304	37	24	37	29.618
0.785398	1.247695	1.809890	129	6	22	29.617
-0.523599	2.164094	-2.991358	38	2	14	29.607
0.000000	1.413347	-1.339188	22	22	27	29.606
1.570796	0.496451	0.593859	16	14	39	29.603
1.047198	1.870545	-2.976234	20	21	38	29.601
-2.356194	0.619654	-2.216909	128	138	21	29.599
-1.047198	1.756530	-2.105156	143	140	19	29.598
0.785398	1.413430	2.550734	126	149	23	29.595
-2.879793	1.433411	-1.035986	23	15	43	29.588
1.308997	2.104282	-0.813972	29	15	52	29.578
-0.523599	2.724429	-0.348782	26	29	47	29.575
1.047198	2.299159	2.264663	141	139	31	29.571
2.356194	2.979456	-1.009304	24	34	34	29.571
-0.261799	2.592629	0.909713	32	22	35	29.567
1.570796	1.977582	0.969896	8	24	59	29.565
-1.570796	1.195355	1.200319	35	9	25	29.559
0.261799	2.153910	-1.714959	35	11	36	29.557
0.261799	2.881233	-2.582574	33	22	30	29.556
-1.047198	1.310100	1.488307	25	19	57	29.556
-0.785398	2.247462	0.191623	41	13	19	29.548
1.570796	1.904882	-1.478089	23	27	53	29.542
-0.261799	1.310100	1.488307	16	27	57	29.540
0.261799	2.299159	2.264663	30	18	42	29.539
1.570796	1.555207	1.708892	25	10	18	29.533
-1.832596	2.587733	0.232235	142	134	25	29.532
-3.141593	2.393226	1.857173	29	15	51	29.531
-1.308997	1.184361	0.625864	33	13	23	29.531
2.094395	0.906588	1.252948	6	31	32	29.531
-0.261799	0.419640	2.974122	128	4	4	29.530
0.261799	1.555207	1.708892	14	31	54	29.530
1.832596	1.184361	0.625864	18	25	14	29.529
0.000000	1.736875	3.023612	28	15	23	29.528
2.094395	1.872854	1.543456	1	27	56	29.525
-2.879793	0.899350	-2.069907	29	10	47	29.522
1.570796	1.909857	-0.381669	8	29	26	29.522
-2.617994	1.242974	-2.977882	43	12	23	29.515
0.523599	1.128190	-2.288622	45	15	34	29.515
