128	1.2	0
-2.879793	2.404280	-0.174044
0.000000	0.000000	0.000000
model.B99990001.pdb	-3.449	56.500	41.894
1iob.pdb	15.932	13.567	1.186
-1.570796	0.496451	0.593859	6	24	31	6.303
-1.047198	0.709924	0.218797	4	20	31	6.303
-0.523599	2.407836	1.410646	99	126	115	5.687
1.832596	2.579248	-2.364801	120	23	98	5.556
1.308997	2.881233	-2.582574	117	23	99	5.262
0.785398	2.588535	-2.976617	120	19	97	5.101
-2.356194	0.458961	-0.107937	4	14	30	4.874
1.047198	2.588535	-2.976617	120	18	97	4.808
1.047198	0.961715	0.014085	10	20	30	4.742
-0.785398	0.458961	-0.107937	9	20	30	4.676
-1.308997	0.709924	0.218797	3	20	31	4.676
-0.785398	2.637879	2.121598	112	23	101	4.581
-1.570796	0.866955	-0.931351	92	11	125	4.551
1.308997	2.349581	-2.702517	124	21	98	4.420
-2.617994	0.458961	-0.107937	4	17	31	4.354
2.879793	0.496451	0.593859	8	17	31	4.288
-0.785398	1.599406	1.426070	97	1	126	4.287
-1.308997	2.587733	0.232235	97	0	117	4.192
0.523599	2.108018	1.311430	100	11	110	4.060
-0.523599	0.866955	-0.931351	9	9	26	3.995
2.094395	2.719179	-1.780644	118	27	100	3.994
-2.356194	0.961715	0.014085	1	21	31	3.965
1.047198	2.349581	-2.702517	125	19	98	3.929
1.570796	2.881233	-2.582574	115	23	99	3.899
-0.523599	2.138223	1.678323	98	126	116	3.833
-0.785398	1.247695	1.809890	97	3	126	3.767
-2.879793	2.637879	2.121598	101	20	111	3.738
0.523599	2.760637	2.781135	115	18	99	3.701
-2.094395	1.135813	-2.658866	98	10	118	3.701
-2.356194	1.450119	-2.739050	102	13	113	3.701
-1.832596	1.135813	-2.658866	97	6	118	3.701
-1.308997	0.762244	-0.273349	4	15	30	3.701
-1.308997	0.496451	0.593859	6	24	31	3.635
0.785398	1.256302	0.062705	12	15	28	3.635
2.879793	2.979456	-1.009304	113	27	101	3.606
-2.617994	1.367556	0.358405	0	31	28	3.540
-2.356194	1.214854	-1.966664	97	7	121	3.474
1.308997	0.961715	0.014085	10	22	30	3.408
1.832596	0.961715	0.014085	9	25	30	3.408
-1.832596	0.961715	0.014085	127	19	30	3.408
-0.261799	0.762244	-0.273349	9	17	30	3.408
0.261799	2.478122	2.609777	115	16	99	3.379
0.523599	2.356369	3.005869	119	16	98	3.379
2.879793	2.063651	-2.044600	116	29	101	3.379
-0.261799	2.984978	1.954446	112	20	101	3.342
1.047198	2.760637	2.781135	116	16	99	3.313
2.356194	2.456751	-1.503343	119	31	102	3.313
-1.832596	1.050534	3.042579	98	11	120	3.312
2.356194	2.251330	-2.330739	121	26	99	3.247
-2.879793	1.256302	0.062705	0	29	29	3.247
1.832596	2.349581	-2.702517	123	21	98	3.247
-3.141593	1.256302	0.062705	2	30	29	3.247
-2.094395	1.569311	-3.003978	102	11	111	3.247
-1.047198	1.247695	1.809890	97	6	126	3.246
-1.047198	1.440580	2.260026	97	6	119	3.246
-3.141593	1.809167	1.213774	120	19	96	3.218
-0.785398	0.762244	-0.273349	7	15	30	3.181
-1.832596	0.762244	-0.273349	0	15	30	3.181
-1.570796	1.574060	2.783565	100	9	113	3.181
-2.094395	1.450119	-2.739050	100	10	113	3.181
-0.785398	0.910508	1.903534	5	6	32	3.152
1.832596	1.875281	0.107086	96	15	116	3.152
0.785398	0.960688	-0.577532	23	22	26	3.152
-0.523599	2.984978	1.954446	113	23	101	3.115
-2.356194	1.374601	-2.456031	100	11	115	3.115
-0.785398	1.506530	1.988858	97	1	121	3.114
-2.356194	0.709924	0.218797	5	21	32	3.086
-1.308997	2.478122	2.609777	117	26	99	3.086
-0.261799	2.478122	2.609777	113	19	99	3.086
-0.261799	2.393226	1.857173	110	12	104	3.049
-1.570796	1.050534	3.042579	97	6	120	3.019
1.308997	2.588535	-2.976617	120	18	97	2.954
2.879793	0.458961	-0.107937	1	19	31	2.954
0.261799	0.960688	-0.577532	14	16	28	2.954
0.523599	0.960688	-0.577532	15	18	28	2.954
-0.523599	2.073035	2.027405	99	0	114	2.954
2.617994	2.251330	-2.330739	118	26	99	2.925
-2.356194	2.108018	1.311430	101	23	106	2.924
-2.879793	1.504028	0.636812	97	19	117	2.924
-2.617994	1.045978	0.343692	95	17	123	2.924
2.879793	0.762244	-0.273349	1	24	30	2.888
2.617994	2.349581	-2.702517	120	23	98	2.859
2.879793	2.251330	-2.330739	117	26	99	2.858
0.785398	2.356369	3.005869	121	13	98	2.822
0.261799	0.762244	-0.273349	10	19	30	2.822
-0.523599	2.393226	1.857173	109	16	104	2.821
-1.047198	2.478122	2.609777	115	24	99	2.793
2.617994	1.948085	-2.363031	122	30	101	2.793
-1.047198	2.704512	1.488683	109	23	103	2.792
2.356194	2.579248	-2.364801	118	23	98	2.792
2.094395	2.881233	-2.582574	115	19	98	2.792
-0.523599	0.458961	-0.107937	10	21	31	2.727
2.617994	2.979456	-1.009304	116	28	101	2.726
-1.047198	1.574060	2.783565	98	2	113	2.726
-2.094395	2.456751	-1.503343	121	33	96	2.697
-0.261799	0.615174	-0.666022	12	15	29	2.661
-1.047198	2.637879	2.121598	113	25	101	2.661
-1.308997	1.134796	2.434290	97	7	122	2.660
-3.141593	1.756530	-2.105156	114	31	104	2.631
-0.785398	0.709924	0.218797	5	19	31	2.595
0.523599	2.478122	2.609777	117	12	99	2.595
1.832596	1.113094	-0.272241	11	28	28	2.595
0.000000	2.760637	2.781135	116	21	99	2.595
-2.879793	0.458961	-0.107937	2	18	31	2.595
-1.570796	0.762244	-0.273349	2	15	30	2.595
2.094395	1.440580	2.260026	31	119	122	2.565
0.000000	1.301460	-0.509251	13	9	26	2.565
1.308997	1.135813	-2.658866	98	12	113	2.565
-0.261799	0.496451	0.593859	103	19	106	2.565
0.261799	1.599406	1.426070	106	8	104	2.565
0.000000	1.599406	1.426070	107	9	104	2.565
1.308997	2.579248	-2.364801	123	23	98	2.529
-1.570796	0.615174	-0.666022	3	11	29	2.500
-0.785398	0.960688	-0.577532	6	9	28	2.499
1.832596	2.588535	-2.976617	120	18	97	2.499
1.570796	2.349581	-2.702517	123	21	98	2.499
-2.617994	1.256302	0.062705	127	28	29	2.499
-2.094395	1.756530	-2.105156	99	3	112	2.499
1.308997	1.741644	-2.695914	31	106	2	2.470
-3.141593	1.367556	0.358405	112	39	108	2.470
2.879793	1.367556	0.358405	117	41	108	2.470
1.570796	2.251330	-2.330739	127	24	99	2.434
1.047198	2.881233	-2.582574	119	24	98	2.433
0.261799	2.637879	2.121598	113	13	101	2.433
-0.785398	1.699788	2.452890	99	0	113	2.433
-2.094395	2.979456	-1.009304	104	125	109	2.433
-0.523599	1.555207	1.708892	123	24	95	2.404
-1.832596	1.554776	0.100351	102	18	103	2.404
1.308997	2.379497	0.561089	3	28	96	2.404
2.879793	1.872854	1.543456	114	40	113	2.404
-2.879793	1.045978	0.343692	4	27	30	2.368
-2.617994	0.709924	0.218797	4	20	31	2.367
2.094395	0.961715	0.014085	8	25	30	2.367
-2.094395	0.961715	0.014085	127	20	30	2.367
0.000000	0.960688	-0.577532	12	14	28	2.367
-1.047198	1.218453	2.777284	97	1	118	2.367
-0.261799	0.700570	1.559208	15	9	31	2.338
2.356194	2.719179	-1.780644	115	27	100	2.338
-2.356194	1.812176	0.656819	102	23	104	2.338
-2.094395	2.033014	2.977192	96	17	125	2.338
-0.785398	0.418037	1.360082	106	13	102	2.338
1.308997	1.256302	0.062705	14	20	28	2.302
0.000000	0.762244	-0.273349	10	17	30	2.302
-0.523599	2.637879	2.121598	112	20	101	2.301
-1.047198	2.033014	2.977192	113	19	99	2.272
0.000000	2.588535	-2.976617	121	21	97	2.272
0.261799	2.760637	2.781135	115	21	99	2.272
2.356194	2.349581	-2.702517	122	21	97	2.272
2.356194	2.164094	-2.991358	125	22	98	2.272
-1.308997	1.391910	3.030322	97	3	114	2.272
2.879793	1.948085	-2.363031	119	30	101	2.272
-1.570796	2.587733	0.232235	97	3	117	2.272
-2.094395	2.164094	-2.991358	97	21	121	2.243
-2.094395	2.588535	-2.976617	99	20	112	2.242
-0.785398	2.393226	1.857173	109	19	104	2.235
1.570796	2.579248	-2.364801	120	22	98	2.235
0.785398	2.760637	2.781135	115	17	99	2.206
-0.261799	0.960688	-0.577532	11	11	28	2.206
-2.879793	1.184361	0.625864	7	30	29	2.206
-1.832596	1.450119	-2.739050	99	5	112	2.206
-2.094395	2.349581	-2.702517	120	116	96	2.206
2.879793	2.041297	-2.664597	121	26	99	2.206
-0.785398	1.440580	2.260026	97	0	118	2.206
-1.832596	2.343981	-1.040456	118	29	94	2.177
-1.047198	1.168678	2.108595	126	6	32	2.177
0.000000	1.168678	2.108595	13	7	32	2.177
-1.570796	2.174483	2.653697	115	24	101	2.169
-0.261799	0.458961	-0.107937	9	22	31	2.140
-1.832596	0.496451	0.593859	8	24	31	2.140
-1.047198	2.592629	0.909713	98	2	115	2.140
-1.047198	1.413430	2.550734	97	4	117	2.140
-2.094395	1.374601	-2.456031	98	7	115	2.140
-1.832596	1.242974	-2.977882	98	8	116	2.140
-0.785398	1.809167	1.213774	97	0	125	2.140
-2.617994	0.831641	0.616218	8	24	32	2.111
2.617994	2.724429	-0.348782	30	19	21	2.111
2.356194	0.960688	-0.577532	14	2	26	2.111
2.879793	2.724429	-0.348782	30	24	21	2.111
-2.879793	0.709924	0.218797	6	20	32	2.111
-3.141593	1.448123	-2.163292	114	34	107	2.111
1.308997	1.050534	3.042579	30	113	123	2.111
-1.047198	0.674054	1.013609	108	26	101	2.111
-3.141593	2.138223	1.678323	110	37	109	2.111
0.000000	2.478122	2.609777	115	16	99	2.074
-2.879793	0.961715	0.014085	1	25	30	2.074
0.785398	2.349581	-2.702517	125	19	97	2.045
1.832596	2.881233	-2.582574	115	20	98	2.045
-0.523599	0.674054	1.013609	106	18	101	2.045
-2.879793	1.756530	-2.105156	111	29	104	2.045
2.094395	2.349581	-2.702517	122	22	97	2.045
-0.785398	2.719179	-1.780644	109	23	96	2.045
0.000000	2.637879	2.121598	112	14	101	2.008
-0.261799	2.637879	2.121598	112	17	101	2.008
1.047198	1.113094	-0.272241	14	21	29	1.979
0.785398	2.881233	-2.582574	120	25	98	1.979
2.617994	2.041297	-2.664597	123	27	99	1.979
-0.261799	1.168678	2.108595	8	5	30	1.979
2.356194	2.041297	-2.664597	125	26	99	1.979
2.617994	2.579248	-2.364801	117	22	98	1.979
-2.879793	2.164094	-2.991358	122	25	98	1.979
-0.785398	1.168678	2.108595	1	5	30	1.979
-2.094395	0.762244	-0.273349	1	18	30	1.979
0.000000	2.984978	1.954446	111	19	101	1.979
-1.047198	1.699788	2.452890	98	5	113	1.979
-0.785398	1.824694	1.850876	1	25	97	1.950
-2.094395	1.301460	-0.509251	95	17	115	1.950
2.879793	1.504028	0.636812	115	40	108	1.950
-2.094395	1.433411	-1.035986	108	36	106	1.950
-3.141593	1.683268	0.374177	112	37	103	1.950
-1.047198	0.960688	-0.577532	3	10	28	1.913
0.785398	1.045978	0.343692	8	16	30	1.913
0.000000	0.290380	-0.796960	14	22	29	1.913
-1.047198	0.762244	-0.273349	5	15	30	1.913
0.523599	0.615174	-0.666022	14	22	29	1.913
-1.308997	2.299159	2.264663	112	26	102	1.913
0.000000	0.864993	2.278281	12	13	35	1.884
-2.094395	2.343981	-1.040456	120	29	94	1.884
-1.047198	2.343981	-1.040456	112	23	94	1.884
0.261799	0.700570	1.559208	19	15	32	1.884
-2.094395	1.510910	-0.740472	17	27	29	1.884
-2.094395	2.001437	0.381215	97	1	105	1.884
-2.879793	2.407836	1.410646	106	29	102	1.884
-2.356194	2.001437	0.381215	97	5	105	1.884
2.879793	1.335669	0.897240	113	40	115	1.883
-2.617994	2.356369	3.005869	113	40	110	1.883
-1.047198	0.496451	0.593859	5	25	31	1.847
-2.617994	1.658653	-2.409879	103	12	111	1.847
-2.094395	2.455966	-0.641220	98	3	115	1.847
-0.785398	1.413430	2.550734	98	0	117	1.847
-0.785398	2.295480	1.008277	98	125	119	1.847
-2.094395	1.128190	-2.288622	97	7	119	1.846
2.617994	0.709924	0.218797	4	19	31	1.818
1.308997	0.290380	-0.796960	19	10	29	1.818
0.261799	2.588535	-2.976617	119	21	97	1.818
2.879793	1.045978	0.343692	8	27	31	1.818
-1.047198	0.640596	-2.797608	97	9	117	1.818
-2.617994	2.108018	1.311430	28	113	112	1.817
1.047198	2.356369	3.005869	122	13	98	1.781
-1.047198	2.393226	1.857173	110	23	104	1.781
-0.785398	2.984978	1.954446	114	25	101	1.781
-0.785398	1.555207	1.708892	97	1	123	1.780
-1.832596	0.709924	0.218797	5	20	32	1.752
-2.879793	2.104282	-0.813972	13	27	31	1.752
-0.785398	0.700570	1.559208	8	6	31	1.752
0.523599	0.290380	-0.796960	13	26	30	1.752
-1.308997	2.393226	1.857173	110	27	104	1.752
2.617994	2.592629	0.909713	114	30	97	1.751
1.308997	1.569311	-3.003978	96	12	119	1.751
-0.785398	1.606104	-0.451151	107	9	100	1.723
-0.523599	1.545873	-1.877082	88	2	10	1.722
-0.785398	2.349581	-2.702517	88	5	4	1.722
1.570796	2.588535	-2.976617	120	18	97	1.686
-0.261799	2.760637	2.781135	116	23	99	1.686
-0.261799	1.134796	2.434290	5	7	32	1.686
1.832596	2.164094	-2.991358	126	19	98	1.686
-2.617994	1.184361	0.625864	4	31	29	1.686
0.000000	1.194549	-0.801900	14	8	24	1.686
-1.570796	1.869911	2.701025	111	26	103	1.686
2.879793	2.349581	-2.702517	121	21	97	1.686
-1.047198	2.138223	1.678323	106	22	108	1.686
-2.356194	1.367556	0.358405	126	30	28	1.686
-1.308997	2.138223	1.678323	107	26	108	1.686
2.879793	2.407836	1.410646	113	35	103	1.685
-0.785398	2.704512	1.488683	109	20	103	1.685
1.832596	1.301460	-0.509251	13	30	26	1.685
2.356194	1.301460	-0.509251	7	34	26	1.685
-1.047198	1.134796	2.434290	96	5	122	1.685
-0.523599	2.343981	-1.040456	111	18	94	1.657
-0.523599	1.506530	1.988858	127	21	95	1.657
-2.879793	1.554776	0.100351	111	36	103	1.657
-1.832596	2.456751	-1.503343	118	33	96	1.656
2.879793	1.554776	0.100351	119	39	103	1.656
-1.570796	2.343981	-1.040456	116	28	94	1.656
1.047198	2.637879	2.121598	113	39	104	1.656
-3.141593	1.554776	0.100351	115	38	103	1.656
-1.570796	1.417623	-0.202254	101	17	104	1.656
2.617994	1.809167	1.213774	117	27	103	1.656
0.785398	2.637879	2.121598	118	40	104	1.656
1.308997	0.960688	-0.577532	13	27	28	1.620
1.832596	0.960688	-0.577532	9	31	28	1.620
-1.047198	0.458961	-0.107937	9	19	31	1.620
2.617994	1.736875	3.023612	3	28	103	1.620
-1.308997	0.864993	2.278281	98	10	127	1.619
-1.832596	1.391910	3.030322	100	10	114	1.619
-3.141593	1.948085	-2.363031	116	28	100	1.591
-2.356194	1.870545	-2.976234	123	26	99	1.591
-1.832596	1.875281	0.107086	106	17	98	1.590
2.879793	2.343981	-1.040456	24	125	105	1.590
-3.141593	1.599406	1.426070	109	37	116	1.590
0.261799	0.290380	-0.796960	13	24	29	1.554
1.832596	1.510910	-0.740472	15	32	21	1.554
0.785398	0.961715	0.014085	10	19	30	1.554
-2.356194	1.545873	-1.877082	98	7	116	1.554
-2.356194	2.063651	-2.044600	102	4	109	1.553
-2.094395	1.242974	-2.977882	100	13	116	1.553
-2.094395	0.929350	-2.910676	99	11	121	1.553
-2.094395	1.448123	-2.163292	98	5	115	1.553
-2.356194	1.756530	-2.105156	100	6	112	1.553
2.879793	2.393226	1.857173	117	39	106	1.525
-0.261799	0.418037	1.360082	15	11	32	1.525
2.094395	0.379747	-1.713059	19	13	30	1.525
-3.141593	1.374601	-2.456031	118	35	107	1.524
-1.832596	2.033014	2.977192	93	12	125	1.524
-3.141593	2.115563	0.685730	111	32	100	1.524
1.308997	1.195355	1.200319	114	28	101	1.495
1.047198	1.256302	0.062705	14	18	28	1.488
-0.261799	2.299159	2.264663	111	14	102	1.487
-1.570796	0.297065	2.160177	9	12	34	1.459
0.261799	1.301460	-0.509251	15	12	26	1.459
-1.832596	2.478122	2.609777	121	27	99	1.459
2.094395	2.588535	-2.976617	121	18	97	1.459
-3.141593	1.450119	-2.739050	120	33	105	1.458
-1.570796	2.356369	3.005869	121	23	98	1.458
-0.523599	2.478122	2.609777	114	20	99	1.458
-2.879793	2.041297	-2.664597	117	26	99	1.458
2.879793	1.756530	-2.105156	117	32	104	1.458
-3.141593	2.041297	-2.664597	119	27	99	1.458
-1.308997	2.033014	2.977192	113	21	99	1.458
-2.094395	1.574060	2.783565	114	31	105	1.458
-1.832596	0.866955	-0.931351	94	17	124	1.429
-0.523599	2.180315	-1.357379	106	16	97	1.429
-2.617994	1.113094	-0.272241	35	122	1	1.429
-1.570796	1.433411	-1.035986	101	28	106	1.429
-1.308997	1.606104	-0.451151	97	126	105	1.429
2.879793	2.579248	-2.364801	117	21	98	1.393
2.617994	0.831641	0.616218	10	21	31	1.393
-2.356194	1.904882	-1.478089	3	20	34	1.393
1.570796	1.301460	-0.509251	15	28	26	1.393
1.570796	1.256302	0.062705	13	23	29	1.393
2.094395	1.301460	-0.509251	10	32	26	1.392
2.879793	0.961715	0.014085	4	27	31	1.392
2.617994	0.961715	0.014085	5	27	31	1.392
-3.141593	2.393226	1.857173	112	36	106	1.392
-1.832596	2.299159	2.264663	117	30	102	1.392
2.617994	1.301460	-0.509251	4	34	26	1.392
-1.047198	2.407836	1.410646	106	21	107	1.392
-1.308997	1.574060	2.783565	99	6	113	1.392
2.094395	2.041297	-2.664597	125	25	98	1.363
0.261799	1.256302	0.062705	112	36	110	1.363
-2.094395	2.180315	-1.357379	118	34	97	1.363
-0.523599	1.696674	-1.253233	104	10	103	1.363
-1.308997	2.343981	-1.040456	114	26	94	1.363
-1.570796	1.732874	-0.951685	105	26	100	1.363
2.617994	2.104282	-0.813972	24	126	105	1.363
2.617994	0.618092	2.539118	114	34	102	1.363
-2.356194	1.554776	0.100351	104	28	103	1.363
2.879793	1.741644	-2.695914	27	37	18	1.363
-2.617994	1.812176	0.656819	95	11	110	1.363
-2.094395	1.554776	0.100351	103	24	103	1.363
-2.617994	1.721184	-0.153948	111	32	99	1.363
2.094395	2.579248	-2.364801	117	24	97	1.363
2.356194	1.809167	1.213774	124	41	110	1.363
0.523599	1.113094	-0.272241	93	3	126	1.363
-2.094395	2.299159	2.264663	91	9	118	1.363
-1.570796	1.242974	-2.977882	97	5	116	1.326
-0.785398	2.592629	0.909713	99	125	115	1.326
-1.047198	1.555207	1.708892	97	5	122	1.326
-1.308997	1.218453	2.777284	97	6	118	1.326
-3.141593	2.251330	-2.330739	116	23	98	1.298
-0.523599	1.766067	2.153843	5	23	98	1.297
-2.356194	2.379497	0.561089	109	17	96	1.297
-2.356194	0.618092	2.539118	106	15	102	1.297
-1.047198	1.998705	2.370472	109	23	103	1.297
2.617994	2.456751	-1.503343	115	31	102	1.297
2.879793	1.870545	-2.976234	124	29	100	1.297
2.617994	2.063651	-2.044600	119	30	101	1.297
-0.785398	2.478122	2.609777	115	24	99	1.297
-2.094395	2.379497	0.561089	110	14	96	1.297
-1.308997	2.396274	-1.959260	98	14	108	1.297
-1.308997	2.180315	-1.357379	100	12	105	1.297
1.570796	1.574060	2.783565	116	35	104	1.297
0.523599	1.504028	0.636812	96	125	112	1.297
-2.094395	1.413430	2.550734	114	34	109	1.297
2.879793	1.450119	-2.739050	123	34	105	1.297
-2.879793	1.335669	0.897240	96	18	123	1.297
-0.261799	1.135813	-2.658866	99	20	121	1.297
-2.356194	0.762244	-0.273349	96	18	126	1.297
1.308997	2.587733	0.232235	30	116	120	1.297
-2.617994	1.335669	0.897240	93	14	123	1.297
-2.617994	0.961715	0.014085	0	24	30	1.260
-0.523599	0.591903	2.010408	11	14	35	1.232
0.000000	0.418037	1.360082	17	14	32	1.231
2.617994	0.496451	0.593859	8	17	32	1.231
1.047198	0.866395	-2.492918	8	5	31	1.231
-1.570796	2.180315	-1.357379	126	20	33	1.231
-2.617994	2.251330	-2.330739	114	21	98	1.231
0.785398	0.290380	-0.796960	13	5	29	1.231
-2.879793	2.349581	-2.702517	119	21	97	1.231
0.000000	0.910508	1.903534	14	10	32	1.231
1.832596	0.864993	2.278281	30	115	2	1.231
1.570796	0.290380	-0.796960	21	15	29	1.231
1.570796	1.836682	-0.676006	27	30	15	1.231
-2.094395	1.869911	2.701025	116	30	102	1.231
-2.879793	1.948085	-2.363031	114	26	100	1.231
1.308997	0.929350	-2.910676	100	10	108	1.231
1.047198	1.450119	-2.739050	28	114	116	1.231
-1.832596	1.413430	2.550734	111	31	109	1.231
2.879793	1.658653	-2.409879	120	32	103	1.231
-1.832596	1.440580	2.260026	111	32	111	1.231
1.308997	1.242974	-2.977882	30	115	119	1.231
2.617994	1.134796	2.434290	15	34	32	1.202
1.308997	0.866955	-0.931351	34	108	0	1.202
1.308997	1.736875	3.023612	23	27	21	1.202
-0.785398	0.864993	2.278281	119	120	29	1.202
2.356194	1.134796	2.434290	18	33	32	1.202
-1.832596	2.881233	-2.582574	112	34	98	1.202
2.879793	2.001437	0.381215	116	35	97	1.202
1.047198	1.301460	-0.509251	33	108	118	1.202
0.523599	1.256302	0.062705	10	13	28	1.195
-0.785398	2.138223	1.678323	98	2	116	1.194
0.000000	1.113094	-0.272241	10	13	29	1.165
1.308997	1.113094	-0.272241	14	24	29	1.165
1.570796	1.113094	-0.272241	13	26	29	1.165
2.617994	1.113094	-0.272241	4	29	29	1.165
-0.523599	2.356369	3.005869	116	19	98	1.165
-0.785398	2.407836	1.410646	98	1	115	1.165
-2.356194	1.448123	-2.163292	98	8	115	1.165
-1.047198	1.506530	1.988858	97	7	120	1.165
-2.879793	1.599406	1.426070	9	25	29	1.158
-3.141593	1.335669	0.897240	19	31	25	1.136
-0.523599	2.719179	-1.780644	107	21	96	1.136
-3.141593	0.866955	-0.931351	20	42	16	1.136
0.785398	1.606104	-0.451151	27	17	21	1.136
-2.879793	1.606104	-0.451151	118	37	100	1.136
-0.523599	2.456751	-1.503343	107	19	96	1.136
1.570796	0.866955	-0.931351	36	114	127	1.136
-2.879793	0.733948	3.021411	102	15	106	1.136
2.094395	1.168678	2.108595	20	34	30	1.136
-1.832596	2.180315	-1.357379	114	33	97	1.136
-2.356194	1.510910	-0.740472	111	36	103	1.136
2.617994	2.299159	2.264663	127	42	111	1.136
-2.617994	0.960688	-0.577532	112	40	113	1.136
1.832596	1.998705	2.370472	95	20	0	1.136
1.308997	1.417623	-0.202254	17	23	26	1.099
2.617994	2.881233	-2.582574	115	15	99	1.099
-2.879793	1.736875	3.023612	123	30	102	1.099
-1.308997	1.869911	2.701025	110	23	103	1.099
-0.785398	2.108018	1.311430	97	0	119	1.099
0.785398	2.001437	0.381215	9	17	98	1.070
-2.094395	0.914445	2.687814	127	21	36	1.070
-2.617994	0.080730	-2.622036	17	18	33	1.070
-1.308997	0.914445	2.687814	127	16	36	1.070
0.000000	2.343981	-1.040456	113	13	94	1.070
2.356194	1.869911	2.701025	20	36	23	1.070
-2.879793	0.080730	-2.622036	17	15	33	1.070
0.000000	0.674054	1.013609	18	7	28	1.070
1.832596	2.407836	1.410646	4	35	103	1.070
-0.261799	1.413430	2.550734	4	3	30	1.070
1.047198	0.290380	-0.796960	17	7	29	1.070
-0.785398	1.909857	-0.381669	104	122	102	1.070
-3.141593	0.914445	2.687814	3	27	37	1.070
-1.570796	2.456751	-1.503343	115	31	96	1.070
0.523599	1.247695	1.809890	115	30	101	1.070
-2.879793	1.977582	0.969896	105	30	104	1.070
-2.879793	1.809167	1.213774	104	33	110	1.070
1.832596	2.001437	0.381215	3	31	98	1.070
-2.879793	0.914445	2.687814	1	27	37	1.070
-2.094395	2.295480	1.008277	96	126	107	1.070
2.094395	2.379497	0.561089	122	32	96	1.070
-2.094395	0.618092	2.539118	106	11	102	1.070
2.617994	2.719179	-1.780644	114	26	100	1.070
1.570796	1.606104	-0.451151	26	28	21	1.070
-2.356194	1.325504	-1.671296	98	3	115	1.070
1.308997	2.393226	1.857173	93	19	2	1.070
0.523599	2.724429	-0.348782	27	113	116	1.070
1.047198	2.592629	0.909713	5	24	97	1.033
-1.570796	0.203748	0.590255	11	24	30	1.033
-3.141593	0.458961	-0.107937	1	18	31	1.033
1.570796	0.961715	0.014085	10	22	30	1.033
-1.570796	1.113094	-0.272241	4	23	28	1.033
-1.832596	1.998705	2.370472	114	30	104	1.033
1.570796	1.448123	-2.163292	95	7	121	1.033
0.000000	0.914445	2.687814	6	14	36	1.004
-3.141593	1.045978	0.343692	7	26	31	1.004
-3.141593	0.709924	0.218797	5	20	32	1.004
2.617994	2.164094	-2.991358	124	24	98	1.004
-1.570796	0.709924	0.218797	5	20	32	1.004
-2.094395	0.709924	0.218797	5	20	32	1.004
-1.832596	1.736875	3.023612	112	26	102	1.004
-2.356194	1.948085	-2.363031	103	4	107	1.004
-2.617994	2.379497	0.561089	109	20	96	1.004
-0.261799	1.440580	2.260026	7	2	28	1.004
-2.879793	0.831641	0.616218	8	23	32	1.004
-3.141593	2.704512	1.488683	109	29	99	1.004
2.356194	1.413430	2.550734	15	34	30	1.004
-3.141593	2.979456	-1.009304	111	25	101	1.004
2.356194	2.396274	-1.959260	118	29	100	1.004
1.832596	1.440580	2.260026	26	31	26	1.004
0.261799	2.724429	-0.348782	25	111	116	1.004
-3.141593	2.637879	2.121598	115	37	103	1.004
-2.879793	2.588535	-2.976617	122	38	104	1.004
-1.832596	0.418037	1.360082	110	30	103	1.004
0.785398	1.812176	0.656819	96	123	113	1.004
-0.785398	2.073035	2.027405	107	19	105	1.004
2.094395	0.733948	3.021411	113	36	107	1.004
-1.570796	1.812176	0.656819	123	36	99	1.004
2.356194	1.574060	2.783565	106	27	104	1.004
-1.570796	1.766067	2.153843	23	113	108	1.004
-2.356194	2.396274	-1.959260	104	127	106	1.004
-2.356194	1.662363	0.915448	98	25	109	0.975
-2.617994	1.683268	0.374177	103	31	103	0.975
-2.094395	1.812176	0.656819	100	18	102	0.975
-2.617994	1.554776	0.100351	105	34	103	0.975
-2.094395	1.113094	-0.272241	100	30	110	0.975
-2.617994	1.662363	0.915448	100	30	109	0.975
-2.617994	2.299159	2.264663	104	36	110	0.975
-0.261799	0.379747	-1.713059	116	33	105	0.974
-2.879793	1.555207	1.708892	104	35	120	0.974
2.356194	1.113094	-0.272241	7	31	28	0.967
2.094395	1.113094	-0.272241	9	29	28	0.967
-3.141593	2.164094	-2.991358	122	25	98	0.938
-0.523599	1.335669	0.897240	110	28	100	0.938
2.879793	1.736875	3.023612	1	30	103	0.938
-3.141593	2.063651	-2.044600	114	28	101	0.938
-1.570796	0.290380	-0.796960	13	11	27	0.938
-0.523599	2.760637	2.781135	117	25	99	0.938
-3.141593	2.349581	-2.702517	119	21	97	0.938
-1.308997	1.998705	2.370472	110	25	103	0.938
-1.832596	2.404280	-0.174044	96	4	119	0.938
-1.570796	1.870545	-2.976234	112	21	100	0.938
-1.570796	2.478122	2.609777	120	27	99	0.938
-1.047198	0.290380	-0.796960	17	112	24	0.938
2.879793	2.592629	0.909713	111	28	97	0.938
1.570796	1.809167	1.213774	29	112	0	0.938
-2.617994	1.846342	-1.796954	99	8	113	0.938
-2.094395	2.637879	2.121598	103	22	103	0.938
2.356194	1.554776	0.100351	13	31	25	0.930
0.523599	2.979456	-1.009304	110	22	94	0.909
0.000000	1.812176	0.656819	27	105	113	0.909
-1.047198	1.696674	-1.253233	101	19	102	0.909
-0.261799	2.664082	-1.071402	112	22	93	0.909
2.617994	2.379497	0.561089	116	32	95	0.909
0.261799	2.664082	-1.071402	112	18	93	0.909
0.000000	1.391910	3.030322	109	27	107	0.909
1.047198	2.863997	0.549740	124	31	94	0.909
2.356194	2.247462	0.191623	121	31	94	0.909
-1.570796	1.606104	-0.451151	103	19	99	0.909
-0.523599	1.977582	0.969896	112	31	96	0.909
-0.523599	2.108018	1.311430	120	36	101	0.909
-1.570796	0.914445	2.687814	111	0	30	0.909
-0.785398	2.180315	-1.357379	106	19	96	0.909
1.570796	1.128190	-2.288622	21	7	27	0.909
1.047198	2.979456	-1.009304	102	0	100	0.909
2.356194	2.863997	0.549740	111	25	94	0.909
2.094395	1.812176	0.656819	1	38	103	0.909
-1.047198	1.606104	-0.451151	105	11	99	0.909
2.094395	2.407836	1.410646	127	38	102	0.909
1.570796	1.812176	0.656819	9	32	103	0.909
0.523599	1.391910	3.030322	106	21	107	0.909
2.356194	2.295480	1.008277	121	38	100	0.909
-2.617994	2.407836	1.410646	90	17	0	0.908
-1.047198	2.349581	-2.702517	87	10	4	0.908
2.094395	1.982574	-1.115518	98	8	119	0.908
0.523599	0.961715	0.014085	9	17	31	0.873
2.094395	2.251330	-2.330739	123	25	98	0.872
-2.094395	0.203748	0.590255	19	20	28	0.872
-2.617994	2.396274	-1.959260	104	3	107	0.872
-1.308997	2.407836	1.410646	107	25	107	0.872
2.879793	1.113094	-0.272241	2	30	29	0.872
-3.141593	1.113094	-0.272241	0	29	29	0.872
-2.356194	1.256302	0.062705	125	26	29	0.872
-0.261799	2.704512	1.488683	102	124	110	0.872
1.832596	1.555207	1.708892	30	115	126	0.872
-1.832596	1.824694	1.850876	112	33	111	0.872
-1.047198	2.863997	0.549740	100	0	112	0.872
0.261799	2.104282	-0.813972	118	9	94	0.843
2.617994	1.870545	-2.976234	125	27	99	0.843
1.308997	0.866395	-2.492918	12	5	31	0.843
0.523599	2.104282	-0.813972	121	8	94	0.843
1.308997	2.404280	-0.174044	124	21	92	0.843
1.308997	1.128190	-2.288622	16	3	26	0.843
2.617994	1.450119	-2.739050	29	31	24	0.843
-0.523599	2.104282	-0.813972	112	13	94	0.843
-2.094395	2.719179	-1.780644	123	33	96	0.843
2.094395	1.014500	0.906702	94	14	118	0.843
-1.047198	1.872854	1.543456	127	28	97	0.843
1.047198	2.033014	2.977192	32	107	127	0.843
1.570796	1.168678	2.108595	24	28	30	0.843
-2.356194	2.637879	2.121598	95	10	109	0.843
-3.141593	1.301460	-0.509251	122	40	106	0.843
-2.617994	1.606104	-0.451151	113	35	100	0.843
-2.356194	1.809167	1.213774	99	22	110	0.843
-1.570796	1.836682	-0.676006	107	23	97	0.843
2.094395	1.335669	0.897240	94	14	122	0.843
-3.141593	2.592629	0.909713	100	9	103	0.843
2.879793	1.809167	1.213774	115	26	103	0.843
-2.617994	1.696674	-1.253233	121	39	103	0.843
-2.617994	1.510910	-0.740472	115	38	103	0.843
2.356194	1.606104	-0.451151	8	31	100	0.843
0.523599	1.134796	2.434290	113	33	102	0.843
-1.047198	2.180315	-1.357379	108	24	97	0.843
-2.356194	1.606104	-0.451151	109	32	100	0.843
-3.141593	1.606104	-0.451151	121	37	100	0.843
1.047198	1.904882	-1.478089	95	2	109	0.843
-2.356194	1.696674	-1.253233	116	38	103	0.843
-2.094395	0.700570	1.559208	113	29	98	0.843
-0.785398	2.579248	-2.364801	102	18	101	0.843
-3.141593	1.872854	1.543456	19	110	108	0.843
2.617994	1.683268	0.374177	121	39	103	0.843
-2.356194	2.343981	-1.040456	123	29	94	0.843
-1.832596	1.433411	-1.035986	104	32	106	0.843
0.261799	1.014500	0.906702	112	33	103	0.843
0.523599	2.588535	-2.976617	120	19	97	0.806
-2.356194	1.741644	-2.695914	104	9	109	0.806
-2.094395	2.174483	2.653697	120	29	101	0.806
-1.308997	0.203748	0.590255	11	25	30	0.806
1.308997	1.194549	-0.801900	18	27	24	0.806
-2.094395	1.658653	-2.409879	100	6	111	0.806
-1.047198	1.869911	2.701025	110	20	103	0.806
-3.141593	0.831641	0.616218	10	23	32	0.777
2.879793	0.080730	-2.622036	13	10	33	0.777
-0.523599	0.418037	1.360082	13	8	32	0.777
0.000000	1.766067	2.153843	1	28	98	0.777
-1.308997	0.591903	2.010408	4	10	35	0.777
-3.141593	2.343981	-1.040456	1	25	94	0.777
1.308997	2.251330	-2.330739	127	24	98	0.777
1.832596	0.618092	2.539118	30	116	3	0.777
-2.356194	2.393226	1.857173	102	26	106	0.777
-1.832596	2.863997	0.549740	109	27	104	0.777
0.261799	1.766067	2.153843	127	30	98	0.777
-3.141593	2.299159	2.264663	115	40	110	0.777
-0.523599	0.700570	1.559208	12	7	31	0.777
-2.094395	1.875281	0.107086	106	21	98	0.777
1.570796	2.379497	0.561089	1	30	96	0.777
-0.785398	0.674054	1.013609	107	23	101	0.777
-1.308997	0.615174	-0.666022	6	11	30	0.777
1.832596	0.929350	-2.910676	112	37	112	0.777
1.308997	2.592629	0.909713	3	30	97	0.777
-1.570796	1.875281	0.107086	107	13	98	0.777
-2.879793	2.592629	0.909713	108	23	97	0.777
-0.785398	1.998705	2.370472	109	19	103	0.777
-1.570796	0.674054	1.013609	113	32	101	0.777
2.094395	1.310100	1.488307	30	117	4	0.777
-1.570796	1.696674	-1.253233	96	14	111	0.777
-3.141593	1.732874	-0.951685	0	35	100	0.777
-2.879793	2.299159	2.264663	110	38	110	0.777
-1.570796	0.458961	-0.107937	94	1	4	0.776
1.308997	1.301460	-0.509251	35	119	0	0.748
2.879793	0.619654	-2.216909	6	5	26	0.748
2.356194	1.367556	0.358405	0	42	107	0.748
1.047198	0.640596	-2.797608	22	10	28	0.748
-1.832596	2.349581	-2.702517	105	36	106	0.748
-1.308997	0.733948	3.021411	17	13	26	0.748
-2.879793	0.203748	0.590255	120	29	99	0.748
0.000000	1.982574	-1.115518	114	102	94	0.748
0.261799	0.733948	3.021411	20	24	26	0.748
-0.261799	1.982574	-1.115518	101	121	101	0.748
2.356194	1.134497	-1.109631	29	116	1	0.748
-2.356194	2.349581	-2.702517	115	42	106	0.748
2.094395	1.875281	0.107086	112	27	103	0.748
-0.523599	1.982574	-1.115518	99	124	101	0.748
1.308997	0.297065	2.160177	121	32	101	0.748
2.094395	2.295480	1.008277	125	39	99	0.748
2.094395	1.214854	-1.966664	38	117	3	0.748
-1.832596	2.579248	-2.364801	111	37	100	0.748
-1.570796	1.982574	-1.115518	108	30	96	0.748
2.094395	2.115563	0.685730	126	38	98	0.747
-1.570796	2.251330	-2.330739	104	34	105	0.747
-2.356194	2.588535	-2.976617	113	40	103	0.747
2.094395	1.325504	-1.671296	39	118	124	0.747
-3.141593	0.203748	0.590255	122	29	99	0.747
2.879793	2.704512	1.488683	112	36	98	0.747
-0.261799	1.909857	-0.381669	114	36	113	0.747
-1.047198	1.325504	-1.671296	88	2	126	0.747
-2.617994	1.135834	-1.431087	121	44	114	0.747
-1.047198	1.135834	-1.431087	88	0	127	0.747
2.356194	1.194549	-0.801900	6	35	24	0.740
1.570796	1.194549	-0.801900	15	30	24	0.740
-0.523599	0.615174	-0.666022	10	14	29	0.740
-1.570796	0.961715	0.014085	0	18	30	0.740
-2.356194	1.846342	-1.796954	99	4	114	0.740
-3.141593	0.961715	0.014085	3	26	30	0.740
2.617994	0.960688	-0.577532	2	31	28	0.740
-1.308997	2.863997	0.549740	100	2	112	0.740
0.000000	0.591903	2.010408	13	17	35	0.711
2.617994	0.080730	-2.622036	11	9	33	0.711
-0.261799	0.203748	0.590255	12	7	31	0.711
-3.141593	2.579248	-2.364801	116	19	97	0.711
1.308997	1.045978	0.343692	10	19	31	0.711
-0.523599	0.910508	1.903534	9	7	32	0.711
-0.785398	2.588535	-2.976617	123	22	97	0.711
0.000000	0.458961	-0.107937	10	23	32	0.711
-1.047198	2.299159	2.264663	111	24	101	0.711
-1.308997	1.812176	0.656819	119	36	99	0.711
0.261799	2.984978	1.954446	111	17	101	0.711
-2.617994	1.948085	-2.363031	112	24	100	0.711
-1.832596	1.732874	-0.951685	8	16	98	0.711
-2.879793	2.251330	-2.330739	115	23	98	0.711
1.047198	0.914445	2.687814	25	107	127	0.711
-2.094395	1.045978	0.343692	1	25	31	0.711
-2.356194	1.413430	2.550734	118	35	109	0.711
-2.879793	1.450119	-2.739050	116	33	105	0.711
1.570796	1.242974	-2.977882	31	119	119	0.711
-2.879793	1.658653	-2.409879	114	30	103	0.711
-2.617994	2.138223	1.678323	103	29	109	0.711
-2.094395	2.863997	0.549740	111	28	103	0.711
-2.356194	2.153910	-1.714959	100	1	110	0.711
-2.617994	2.115563	0.685730	106	25	100	0.711
0.261799	1.574060	2.783565	9	2	27	0.711
2.879793	2.379497	0.561089	113	28	96	0.711
1.832596	1.335669	0.897240	97	17	123	0.711
0.261799	0.831641	0.616218	97	125	112	0.711
0.523599	2.719179	-1.780644	94	10	127	0.711
2.879793	0.640596	-2.797608	0	2	29	0.682
-1.832596	2.664082	-1.071402	123	29	93	0.682
2.617994	0.640596	-2.797608	0	0	29	0.682
0.000000	2.704512	1.488683	19	13	31	0.682
1.047198	2.164094	-2.991358	31	104	124	0.682
1.832596	0.418037	1.360082	121	27	99	0.682
-3.141593	2.174483	2.653697	121	43	114	0.682
-1.047198	2.979456	-1.009304	123	31	94	0.682
1.832596	1.014500	0.906702	115	22	99	0.682
-1.832596	2.104282	-0.813972	112	28	94	0.682
1.832596	2.984978	1.954446	1	33	97	0.682
-2.356194	0.370812	-2.547742	120	29	101	0.682
-1.308997	2.664082	-1.071402	119	29	93	0.682
-2.617994	1.555207	1.708892	101	4	113	0.682
0.785398	1.870545	-2.976234	25	100	2	0.682
0.785398	1.440580	2.260026	124	28	96	0.682
-0.261799	2.104282	-0.813972	105	123	99	0.682
1.308997	1.184361	0.625864	113	22	100	0.682
2.617994	2.637879	2.121598	123	40	102	0.682
-3.141593	2.760637	2.781135	121	39	101	0.682
2.094395	2.478122	2.609777	89	18	7	0.681
-0.785398	0.370812	-2.547742	105	2	106	0.681
2.617994	2.393226	1.857173	121	41	105	0.681
0.785398	2.863997	0.549740	126	30	94	0.681
2.617994	1.135813	-2.658866	88	14	14	0.681
-0.261799	1.433411	-1.035986	114	35	113	0.681
-1.570796	2.108018	1.311430	30	114	124	0.681
0.000000	0.615174	-0.666022	12	18	29	0.674
0.261799	2.343981	-1.040456	116	10	94	0.645
-2.356194	1.736875	3.023612	117	30	102	0.645
2.879793	2.588535	-2.976617	122	18	97	0.645
-1.832596	0.203748	0.590255	19	22	28	0.645
-1.832596	0.297065	2.160177	7	11	34	0.645
2.094395	1.510910	-0.740472	11	36	21	0.645
-0.261799	0.290380	-0.796960	14	19	30	0.645
-1.570796	1.218453	2.777284	120	21	33	0.645
2.356194	2.881233	-2.582574	115	17	99	0.645
2.356194	0.961715	0.014085	7	25	31	0.645
-1.570796	2.299159	2.264663	114	28	102	0.645
2.879793	2.164094	-2.991358	124	24	98	0.645
-2.879793	1.113094	-0.272241	126	26	29	0.645
-1.570796	2.863997	0.549740	108	23	104	0.645
2.356194	0.831641	0.616218	10	21	31	0.645
2.356194	0.496451	0.593859	5	15	31	0.645
-1.832596	1.869911	2.701025	114	29	103	0.645
-2.879793	1.683268	0.374177	3	36	24	0.645
-2.094395	1.391910	3.030322	111	30	107	0.645
-0.261799	1.194549	-0.801900	11	7	25	0.645
-2.617994	1.869911	2.701025	122	32	103	0.645
-0.785398	1.766067	2.153843	97	2	116	0.645
-3.141593	0.571433	-1.188419	15	39	26	0.616
-3.141593	1.135813	-2.658866	16	34	31	0.616
1.832596	0.203748	0.590255	115	37	103	0.616
-2.879793	2.073035	2.027405	107	37	113	0.616
2.617994	0.419640	2.974122	107	33	107	0.616
-1.047198	2.456751	-1.503343	100	11	104	0.616
-2.356194	1.909857	-0.381669	113	29	95	0.616
-2.879793	0.899350	-2.069907	15	38	28	0.616
2.617994	1.812176	0.656819	119	39	103	0.616
-1.308997	1.617114	-1.572037	100	27	108	0.616
-2.617994	0.685216	-1.712745	10	40	28	0.616
1.570796	2.592629	0.909713	1	33	97	0.616
-2.094395	1.367556	0.358405	99	22	108	0.616
2.356194	1.812176	0.656819	124	39	103	0.616
-2.356194	1.194549	-0.801900	109	38	109	0.616
-2.356194	1.683268	0.374177	102	24	102	0.616
-1.570796	2.579248	-2.364801	98	16	109	0.616
-2.356194	2.356369	3.005869	108	38	110	0.616
-0.261799	2.180315	-1.357379	101	123	102	0.615
-1.308997	2.063651	-2.044600	93	13	114	0.615
-1.832596	1.606104	-0.451151	97	7	105	0.615
0.000000	1.948085	-2.363031	21	112	110	0.615
-2.617994	1.433411	-1.035986	117	40	106	0.615
-1.832596	1.870545	-2.976234	94	16	127	0.615
-2.094395	2.356369	3.005869	95	18	118	0.615
-2.879793	1.417623	-0.202254	113	38	104	0.615
-1.308997	1.948085	-2.363031	91	11	120	0.615
-0.523599	0.864993	2.278281	6	11	34	0.579
2.879793	1.256302	0.062705	4	30	29	0.579
-2.617994	1.736875	3.023612	120	30	102	0.579
0.523599	2.984978	1.954446	104	126	109	0.579
-2.617994	2.063651	-2.044600	102	6	109	0.579
1.047198	0.571433	-1.188419	15	27	27	0.579
2.356194	2.704512	1.488683	27	121	113	0.579
-2.356194	2.299159	2.264663	123	31	102	0.579
-0.523599	1.168678	2.108595	5	5	32	0.550
-0.261799	0.910508	1.903534	13	9	33	0.550
-1.308997	0.297065	2.160177	12	13	35	0.550
-0.523599	1.440580	2.260026	2	2	29	0.550
1.570796	0.992645	-1.723759	120	24	99	0.550
0.000000	1.696674	-1.253233	3	24	35	0.550
0.523599	1.699788	2.452890	1	32	100	0.550
-3.141593	0.619654	-2.216909	18	30	32	0.550
2.094395	1.135813	-2.658866	22	17	30	0.550
0.785398	2.164094	-2.991358	124	16	97	0.550
2.356194	2.393226	1.857173	127	39	106	0.550
-0.261799	0.591903	2.010408	14	15	35	0.550
2.356194	0.619654	-2.216909	20	17	32	0.550
1.308997	2.174483	2.653697	114	37	107	0.550
-0.785398	2.343981	-1.040456	111	20	94	0.550
2.356194	1.870545	-2.976234	127	25	99	0.550
1.308997	0.685216	-1.712745	16	4	27	0.550
0.261799	1.998705	2.370472	2	33	102	0.550
2.094395	1.836682	-0.676006	29	124	108	0.550
1.832596	1.606104	-0.451151	12	23	100	0.550
-2.356194	2.295480	1.008277	95	3	107	0.550
-1.832596	1.721184	-0.153948	97	4	106	0.550
-2.356194	2.180315	-1.357379	121	34	97	0.550
2.617994	2.863997	0.549740	102	6	101	0.550
-3.141593	1.417623	-0.202254	120	39	104	0.550
2.356194	2.108018	1.311430	124	40	106	0.550
1.308997	1.732874	-0.951685	100	113	101	0.550
-0.261799	1.488617	1.159546	113	26	97	0.550
-2.356194	1.875281	0.107086	106	24	98	0.550
-2.094395	1.721184	-0.153948	105	24	99	0.550
-2.879793	1.721184	-0.153948	114	34	99	0.550
0.261799	1.569311	-3.003978	4	0	26	0.550
-3.141593	1.488617	1.159546	108	37	115	0.550
-1.832596	2.153910	-1.714959	112	35	101	0.550
-1.570796	2.637879	2.121598	95	124	109	0.549
-2.094395	2.393226	1.857173	100	20	106	0.549
-0.785398	1.448123	-2.163292	29	116	10	0.549
2.617994	1.433411	-1.035986	111	31	105	0.549
-0.785398	1.194549	-0.801900	94	119	117	0.549
2.879793	1.824694	1.850876	116	41	117	0.549
2.617994	1.662363	0.915448	119	41	109	0.549
-2.617994	2.073035	2.027405	95	17	122	0.549
0.261799	0.615174	-0.666022	13	21	29	0.513
0.523599	1.554776	0.100351	13	9	25	0.513
-0.261799	0.866955	-0.931351	12	10	26	0.513
-2.356194	0.866395	-2.492918	99	12	122	0.512
0.261799	0.571433	-1.188419	17	18	28	0.484
1.047198	2.180315	-1.357379	18	17	31	0.484
2.879793	0.831641	0.616218	9	21	32	0.484
2.094395	1.256302	0.062705	13	27	30	0.484
-2.356194	0.080730	-2.622036	17	21	33	0.484
1.047198	0.685216	-1.712745	10	1	26	0.484
-3.141593	0.762244	-0.273349	0	21	31	0.484
0.261799	1.335669	0.897240	112	36	109	0.484
-1.570796	1.977582	0.969896	126	31	96	0.484
1.308997	2.863997	0.549740	27	114	114	0.484
2.094395	2.724429	-0.348782	26	11	21	0.484
-1.832596	1.374601	-2.456031	98	3	112	0.484
1.047198	1.766067	2.153843	117	30	98	0.484
-1.047198	2.073035	2.027405	107	23	105	0.484
0.785398	1.732874	-0.951685	111	28	98	0.484
-2.356194	1.135813	-2.658866	99	12	117	0.484
-2.356194	2.138223	1.678323	100	23	109	0.484
-1.047198	2.104282	-0.813972	102	4	102	0.483
-1.308997	2.153910	-1.714959	97	13	109	0.483
-2.617994	2.393226	1.857173	104	30	106	0.483
-2.617994	1.809167	1.213774	93	13	118	0.483
-1.308997	0.418037	1.360082	106	23	103	0.483
-2.879793	1.662363	0.915448	96	18	117	0.483
-0.785398	1.872854	1.543456	96	1	119	0.483
-1.308997	1.050534	3.042579	96	2	118	0.483
-2.094395	1.025536	1.576859	90	7	24	0.455
-2.617994	0.619654	-2.216909	19	37	30	0.455
2.356194	1.014500	0.906702	114	17	98	0.455
-1.047198	2.455966	-0.641220	116	21	91	0.455
-3.141593	1.504028	0.636812	100	24	117	0.455
-1.047198	2.247462	0.191623	116	10	93	0.455
-1.570796	2.455966	-0.641220	117	22	91	0.455
-1.832596	2.187132	-0.479875	112	22	92	0.455
0.523599	2.863997	0.549740	114	27	103	0.455
1.308997	2.343981	-1.040456	97	4	20	0.455
-1.308997	2.704512	1.488683	121	24	98	0.455
-1.047198	2.295480	1.008277	111	24	100	0.455
-1.308997	1.909857	-0.381669	107	16	94	0.455
2.356194	0.458961	-0.107937	23	40	24	0.455
-1.047198	1.417623	-0.202254	103	9	104	0.455
-0.785398	0.615174	-0.666022	90	127	18	0.455
1.308997	0.619654	-2.216909	122	112	25	0.455
-2.094395	2.104282	-0.813972	113	28	93	0.454
2.094395	0.850607	-1.335383	94	2	22	0.454
-2.356194	1.440580	2.260026	91	18	24	0.454
2.617994	2.138223	1.678323	118	42	109	0.454
-0.785398	1.982574	-1.115518	119	29	102	0.454
-2.094395	1.555207	1.708892	86	10	17	0.454
-1.832596	0.619654	-2.216909	8	38	30	0.454
-2.094395	2.724429	-0.348782	114	31	104	0.454
1.308997	1.662363	0.915448	107	25	104	0.454
-1.570796	0.831641	0.616218	89	1	17	0.454
-1.832596	1.247695	1.809890	90	5	23	0.454
-2.356194	2.724429	-0.348782	117	32	104	0.454
1.308997	2.104282	-0.813972	94	5	16	0.454
-2.617994	0.910508	1.903534	94	14	28	0.454
1.308997	0.762244	-0.273349	94	125	12	0.454
1.832596	1.574060	2.783565	110	34	103	0.454
-2.094395	1.247695	1.809890	89	9	23	0.454
-2.094395	2.760637	2.781135	103	29	101	0.454
1.832596	2.247462	0.191623	94	3	11	0.454
2.879793	2.138223	1.678323	113	41	109	0.454
2.094395	2.587733	0.232235	97	1	16	0.454
-0.785398	0.961715	0.014085	95	121	12	0.454
0.785398	1.128190	-2.288622	95	20	14	0.454
1.308997	2.187132	-0.479875	93	6	14	0.454
2.617994	1.872854	1.543456	94	3	8	0.454
-0.523599	1.732874	-0.951685	93	1	125	0.454
1.047198	1.617114	-1.572037	93	11	17	0.454
-1.047198	2.041297	-2.664597	90	5	120	0.454
-1.047198	1.214854	-1.966664	90	8	127	0.454
-1.832596	1.310100	1.488307	88	4	19	0.454
-1.047198	1.683268	0.374177	92	14	9	0.454
0.785398	2.295480	1.008277	89	12	3	0.454
-1.047198	1.113094	-0.272241	89	127	7	0.454
2.617994	1.184361	0.625864	12	46	14	0.454
-1.832596	1.448123	-2.163292	94	12	120	0.454
-1.047198	2.396274	-1.959260	90	16	125	0.454
-0.523599	1.194549	-0.801900	92	124	6	0.454
1.832596	0.914445	2.687814	93	17	7	0.454
-1.047198	1.875281	0.107086	92	14	9	0.454
-0.261799	2.979456	-1.009304	96	13	4	0.454
-1.308997	1.875281	0.107086	93	17	9	0.454
1.308997	0.640596	-2.797608	94	18	6	0.454
-0.785398	1.433411	-1.035986	88	3	3	0.453
1.832596	2.251330	-2.330739	125	25	99	0.447
1.832596	1.194549	-0.801900	12	32	24	0.447
-2.094395	1.741644	-2.695914	102	7	110	0.447
-3.141593	0.496451	0.593859	9	18	32	0.418
0.000000	0.700570	1.559208	16	11	31	0.418
0.785398	1.510910	-0.740472	28	18	19	0.418
0.000000	1.014500	0.906702	99	1	108	0.418
1.832596	2.478122	2.609777	127	110	97	0.418
2.356194	0.709924	0.218797	6	20	32	0.418
-1.308997	2.579248	-2.364801	106	27	101	0.418
2.617994	0.619654	-2.216909	20	21	31	0.418
1.570796	0.619654	-2.216909	13	7	31	0.418
-0.261799	0.674054	1.013609	107	14	101	0.418
-1.047198	2.588535	-2.976617	124	21	97	0.418
-0.523599	1.998705	2.370472	100	127	110	0.418
1.308997	0.571433	-1.188419	19	7	25	0.418
-0.523599	2.704512	1.488683	100	2	111	0.418
-1.308997	2.104282	-0.813972	103	7	102	0.418
-2.879793	1.367556	0.358405	3	32	28	0.418
-2.094395	1.218453	2.777284	112	32	110	0.418
-2.879793	2.579248	-2.364801	117	18	97	0.418
-1.570796	2.393226	1.857173	113	30	104	0.418
-1.308997	2.456751	-1.503343	103	13	104	0.418
-2.356194	2.664082	-1.071402	100	1	110	0.418
-3.141593	1.658653	-2.409879	117	31	103	0.418
-2.617994	1.756530	-2.105156	109	26	104	0.418
-0.261799	2.343981	-1.040456	104	127	102	0.418
1.570796	2.115563	0.685730	31	116	125	0.418
-2.094395	1.134796	2.434290	114	34	114	0.417
-0.523599	1.450119	-2.739050	97	2	115	0.417
-2.617994	1.977582	0.969896	103	26	105	0.417
-1.308997	1.977582	0.969896	124	32	96	0.417
0.261799	1.045978	0.343692	94	1	116	0.417
1.308997	1.450119	-2.739050	29	119	115	0.417
-1.047198	2.379497	0.561089	97	126	120	0.417
1.308997	0.914445	2.687814	28	111	126	0.417
0.000000	2.979456	-1.009304	25	116	112	0.417
1.832596	2.356369	3.005869	115	41	112	0.417
-0.523599	1.134796	2.434290	2	6	34	0.389
-0.785398	1.134796	2.434290	127	7	34	0.389
1.047198	0.864993	2.278281	21	24	34	0.389
0.785398	2.979456	-1.009304	109	20	94	0.389
-0.523599	1.836682	-0.676006	110	9	96	0.389
2.094395	1.218453	2.777284	24	28	32	0.389
1.570796	1.134796	2.434290	24	26	32	0.389
1.308997	1.134796	2.434290	25	23	32	0.389
-1.570796	2.063651	-2.044600	19	26	27	0.389
0.785398	0.618092	2.539118	15	24	35	0.389
1.832596	1.218453	2.777284	25	25	32	0.389
-0.523599	0.914445	2.687814	116	122	30	0.389
2.879793	1.977582	0.969896	113	39	104	0.389
2.356194	1.683268	0.374177	127	39	102	0.389
-0.785398	2.396274	-1.959260	103	20	99	0.389
2.879793	1.812176	0.656819	115	39	103	0.389
1.047198	1.134796	2.434290	25	19	32	0.389
2.356194	0.992645	-1.723759	117	23	99	0.388
-0.523599	1.413430	2.550734	113	113	24	0.388
2.879793	1.683268	0.374177	117	39	102	0.388
-0.523599	1.756530	-2.105156	88	2	9	0.388
-2.879793	0.419640	2.974122	101	18	106	0.388
2.879793	1.662363	0.915448	114	41	108	0.388
1.832596	2.115563	0.685730	2	35	99	0.388
-1.832596	1.904882	-1.478089	110	35	102	0.388
1.047198	1.736875	3.023612	24	24	21	0.388
-0.523599	1.662363	0.915448	112	33	100	0.388
0.785398	1.134796	2.434290	24	17	32	0.388
0.261799	1.391910	3.030322	119	112	24	0.388
2.094395	1.134796	2.434290	21	31	32	0.388
2.094395	2.001437	0.381215	127	34	97	0.388
-1.047198	0.591903	2.010408	121	120	29	0.388
1.570796	1.699788	2.452890	113	32	99	0.388
1.832596	1.134796	2.434290	23	29	32	0.388
-1.832596	1.413347	-1.339188	104	35	109	0.388
-0.523599	1.301460	-0.509251	119	34	106	0.388
2.356194	2.637879	2.121598	0	38	102	0.388
-0.785398	2.041297	-2.664597	87	4	10	0.388
-2.356194	2.407836	1.410646	89	12	0	0.388
-0.261799	2.456751	-1.503343	109	14	96	0.352
-2.356194	0.831641	0.616218	5	26	31	0.352
2.879793	2.356369	3.005869	125	21	98	0.352
-0.523599	2.174483	2.653697	113	17	100	0.352
1.308997	0.379747	-1.713059	11	6	30	0.352
-3.141593	0.290380	-0.796960	10	36	29	0.352
0.785398	1.113094	-0.272241	14	19	29	0.352
2.356194	2.407836	1.410646	123	37	103	0.352
-1.570796	2.033014	2.977192	114	24	100	0.352
2.879793	1.721184	-0.153948	5	37	22	0.352
2.617994	2.356369	3.005869	126	20	98	0.352
-1.570796	1.736875	3.023612	110	23	102	0.352
2.094395	1.809167	1.213774	31	122	126	0.352
-1.308997	1.440580	2.260026	97	10	119	0.351
-2.879793	2.396274	-1.959260	104	4	108	0.351
-1.308997	1.242974	-2.977882	98	127	115	0.351
0.000000	2.592629	0.909713	7	13	96	0.323
1.832596	2.637879	2.121598	10	32	103	0.323
-1.047198	1.909857	-0.381669	110	13	95	0.323
1.570796	1.135813	-2.658866	19	9	30	0.323
0.000000	1.555207	1.708892	121	25	94	0.323
2.094395	1.413430	2.550734	18	32	31	0.323
-1.308997	1.247695	1.809890	119	18	94	0.323
-2.879793	2.379497	0.561089	101	7	101	0.323
-0.785398	1.948085	-2.363031	27	109	9	0.323
0.785398	1.658653	-2.409879	111	25	103	0.323
-2.094395	1.836682	-0.676006	111	30	97	0.323
0.523599	2.138223	1.678323	34	110	120	0.323
2.356194	0.762244	-0.273349	27	38	17	0.323
-2.617994	1.135813	-2.658866	15	37	28	0.323
0.785398	0.762244	-0.273349	32	107	0	0.323
-2.879793	2.108018	1.311430	104	32	106	0.323
0.785398	1.168678	2.108595	26	19	30	0.323
-1.570796	1.721184	-0.153948	17	40	20	0.323
0.261799	1.606104	-0.451151	127	99	98	0.323
-1.832596	1.836682	-0.676006	109	27	97	0.323
1.832596	0.899350	-2.069907	22	10	27	0.323
2.356194	2.592629	0.909713	117	34	97	0.323
0.523599	1.168678	2.108595	25	14	30	0.323
-0.523599	1.599406	1.426070	119	28	95	0.323
2.356194	1.977582	0.969896	123	40	105	0.323
-0.261799	1.766067	2.153843	3	26	97	0.322
-0.261799	2.719179	-1.780644	107	18	96	0.322
0.523599	2.251330	-2.330739	28	26	26	0.322
-0.523599	2.979456	-1.009304	119	30	94	0.322
-1.832596	2.247462	0.191623	22	39	16	0.322
0.261799	0.961715	0.014085	113	36	106	0.322
-2.356194	1.836682	-0.676006	114	32	97	0.322
2.356194	1.732874	-0.951685	105	120	103	0.322
2.094395	2.704512	1.488683	125	36	99	0.322
1.047198	0.899350	-2.069907	11	1	27	0.322
-2.617994	1.836682	-0.676006	117	34	97	0.322
-2.094395	1.606104	-0.451151	107	29	100	0.322
-1.570796	0.906588	1.252948	114	29	97	0.322
-2.617994	0.290380	-0.796960	112	30	98	0.322
-3.141593	1.836682	-0.676006	124	34	97	0.322
0.261799	1.504028	0.636812	31	106	119	0.322
-0.785398	2.174483	2.653697	112	21	100	0.322
-1.570796	1.214854	-1.966664	111	19	99	0.322
-2.094395	1.256302	0.062705	100	24	108	0.322
-1.832596	2.719179	-1.780644	120	33	96	0.322
1.570796	2.704512	1.488683	5	32	99	0.322
-2.356194	1.732874	-0.951685	115	36	100	0.322
-2.617994	2.704512	1.488683	104	23	99	0.322
-1.832596	2.588535	-2.976617	104	31	104	0.322
-0.261799	1.599406	1.426070	117	27	95	0.322
2.617994	1.869911	2.701025	16	40	23	0.322
-1.047198	1.870545	-2.976234	29	106	126	0.322
-1.832596	1.256302	0.062705	99	19	108	0.322
-3.141593	2.407836	1.410646	108	34	103	0.322
0.261799	1.824694	1.850876	121	30	96	0.322
-2.356194	1.433411	-1.035986	114	39	106	0.322
2.356194	1.766067	2.153843	110	28	96	0.322
1.832596	2.592629	0.909713	124	34	97	0.322
2.879793	2.180315	-1.357379	28	0	107	0.322
2.617994	1.977582	0.969896	118	40	105	0.322
-0.261799	2.881233	-2.582574	99	122	105	0.322
-1.047198	1.658653	-2.409879	27	108	8	0.322
2.094395	1.766067	2.153843	111	30	96	0.322
-2.356194	2.456751	-1.503343	125	33	96	0.322
-2.356194	1.872854	1.543456	99	24	112	0.322
0.785398	2.180315	-1.357379	94	10	113	0.322
-2.094395	0.960688	-0.577532	104	33	113	0.322
-2.617994	2.881233	-2.582574	125	35	98	0.322
-2.617994	2.349581	-2.702517	122	42	108	0.322
2.617994	1.504028	0.636812	120	41	108	0.322
-1.308997	1.335669	0.897240	31	107	125	0.322
-1.570796	0.850607	-1.335383	94	15	0	0.322
-1.047198	2.356369	3.005869	118	21	98	0.286
2.617994	2.588535	-2.976617	122	17	97	0.286
2.094395	1.194549	-0.801900	9	34	24	0.286
-0.523599	0.762244	-0.273349	8	16	30	0.286
2.617994	2.396274	-1.959260	117	27	100	0.286
-0.261799	1.325504	-1.671296	16	103	10	0.286
-1.832596	1.569311	-3.003978	101	7	111	0.286
-2.094395	2.073035	2.027405	117	33	106	0.285
-0.523599	1.218453	2.777284	127	8	33	0.257
-0.785398	2.724429	-0.348782	112	23	101	0.257
-0.261799	1.506530	1.988858	0	22	95	0.257
1.047198	2.579248	-2.364801	124	25	97	0.257
-2.879793	2.343981	-1.040456	127	27	94	0.257
0.261799	1.488617	1.159546	110	20	97	0.257
2.356194	1.948085	-2.363031	123	30	100	0.257
-2.094395	2.407836	1.410646	102	15	103	0.257
-1.308997	0.906588	1.252948	113	26	97	0.257
2.094395	2.396274	-1.959260	120	29	100	0.257
1.832596	0.290380	-0.796960	22	18	29	0.257
-1.832596	1.367556	0.358405	113	25	105	0.257
0.261799	1.506530	1.988858	126	25	95	0.257
-2.356194	0.914445	2.687814	127	25	37	0.257
-2.617994	0.733948	3.021411	7	24	37	0.257
-0.261799	0.297065	2.160177	14	22	35	0.257
-0.523599	1.872854	1.543456	123	30	97	0.256
-1.570796	2.138223	1.678323	110	31	108	0.256
-2.879793	2.455966	-0.641220	121	121	25	0.256
-2.356194	2.984978	1.954446	98	5	104	0.256
-2.617994	0.914445	2.687814	0	26	37	0.256
-1.570796	2.407836	1.410646	110	30	107	0.256
-2.879793	1.488617	1.159546	105	34	115	0.256
-3.141593	0.297065	2.160177	114	35	104	0.256
-2.356194	2.592629	0.909713	107	16	97	0.256
2.879793	2.760637	2.781135	114	28	102	0.256
-3.141593	0.733948	3.021411	103	20	106	0.256
0.785398	2.579248	-2.364801	125	24	97	0.256
1.308997	1.606104	-0.451151	27	25	21	0.256
0.000000	1.050534	3.042579	37	118	124	0.256
-0.785398	1.025536	1.576859	5	2	28	0.256
2.879793	1.545873	-1.877082	116	36	109	0.256
-1.832596	2.001437	0.381215	107	14	98	0.256
-2.879793	2.138223	1.678323	106	34	109	0.256
0.261799	1.809167	1.213774	25	33	24	0.256
-3.141593	0.618092	2.539118	107	27	102	0.256
-2.617994	1.870545	-2.976234	116	29	100	0.256
0.261799	2.456751	-1.503343	103	121	103	0.256
-2.094395	2.592629	0.909713	101	124	103	0.256
2.356194	1.875281	0.107086	126	34	98	0.256
-1.832596	0.080730	-2.622036	97	12	23	0.256
-2.617994	1.872854	1.543456	93	14	121	0.256
2.879793	2.299159	2.264663	121	41	110	0.256
-2.356194	1.050534	3.042579	112	33	111	0.256
-3.141593	2.379497	0.561089	110	26	96	0.256
0.000000	1.374601	-2.456031	20	106	117	0.256
-1.308997	2.073035	2.027405	109	27	105	0.256
-2.879793	1.872854	1.543456	96	18	121	0.256
-3.141593	1.194549	-0.801900	117	16	92	0.228
1.570796	1.195355	1.200319	123	18	94	0.228
-2.617994	1.134497	-1.109631	123	19	92	0.228
-1.308997	0.910508	1.903534	112	16	95	0.228
-1.308997	1.555207	1.708892	118	18	92	0.228
-1.570796	0.591903	2.010408	125	21	94	0.228
1.832596	2.455966	-0.641220	121	17	90	0.228
-1.308997	2.979456	-1.009304	120	16	93	0.228
-3.141593	1.134497	-1.109631	122	17	92	0.228
2.356194	0.733948	3.021411	110	15	96	0.228
0.785398	1.982574	-1.115518	122	4	95	0.228
2.094395	2.984978	1.954446	126	20	94	0.228
0.523599	1.982574	-1.115518	118	4	95	0.228
2.879793	1.488617	1.159546	115	29	103	0.228
-0.523599	1.135813	-2.658866	91	5	26	0.228
-1.308997	1.168678	2.108595	115	17	99	0.228
-3.141593	1.510910	-0.740472	116	10	94	0.228
-1.832596	1.325504	-1.671296	124	27	98	0.228
1.570796	1.247695	1.809890	120	24	94	0.228
-2.879793	1.194549	-0.801900	118	43	109	0.228
2.356194	0.297065	2.160177	123	36	102	0.228
2.617994	2.587733	0.232235	112	24	91	0.228
-1.832596	2.984978	1.954446	113	23	94	0.228
0.785398	2.719179	-1.780644	113	12	95	0.228
2.356194	1.247695	1.809890	118	22	92	0.228
1.047198	2.587733	0.232235	112	19	100	0.228
2.617994	2.407836	1.410646	111	23	101	0.228
2.617994	0.929350	-2.910676	109	10	99	0.228
1.308997	1.599406	1.426070	112	18	95	0.228
-2.094395	0.992645	-1.723759	127	31	98	0.228
-0.261799	1.658653	-2.409879	90	124	14	0.228
2.356194	1.135813	-2.658866	122	29	98	0.228
-1.832596	0.899350	-2.069907	118	20	97	0.227
-2.094395	0.591903	2.010408	117	21	96	0.227
-0.523599	2.187132	-0.479875	109	22	103	0.227
-2.879793	1.982574	-1.115518	124	33	95	0.227
1.832596	2.295480	1.008277	116	24	99	0.227
-1.570796	2.001437	0.381215	101	16	107	0.227
-2.617994	2.592629	0.909713	92	10	122	0.227
-0.785398	0.640596	-2.797608	96	101	14	0.227
-0.523599	1.824694	1.850876	126	20	91	0.227
-3.141593	2.984978	1.954446	121	26	94	0.227
2.879793	2.863997	0.549740	108	20	92	0.227
-2.094395	0.685216	-1.712745	114	18	98	0.227
0.000000	1.699788	2.452890	3	26	98	0.227
-1.570796	1.325504	-1.671296	100	32	112	0.227
-2.356194	1.504028	0.636812	120	23	99	0.227
-1.047198	1.904882	-1.478089	100	22	100	0.227
-1.832596	2.396274	-1.959260	110	23	96	0.227
2.617994	1.247695	1.809890	117	22	92	0.227
-3.141593	2.664082	-1.071402	109	17	98	0.227
2.356194	1.025536	1.576859	124	22	93	0.227
0.261799	1.982574	-1.115518	114	5	95	0.227
-1.832596	2.108018	1.311430	87	3	2	0.227
0.000000	2.719179	-1.780644	110	19	95	0.227
-2.094395	1.325504	-1.671296	126	25	98	0.227
-1.832596	1.135834	-1.431087	124	27	94	0.227
2.879793	1.846342	-1.796954	114	20	95	0.227
-2.617994	2.001437	0.381215	92	17	122	0.227
0.523599	1.662363	0.915448	104	18	98	0.227
2.879793	2.455966	-0.641220	117	21	93	0.227
1.570796	2.724429	-0.348782	114	20	90	0.227
1.832596	1.696674	-1.253233	107	25	104	0.227
-1.308997	2.251330	-2.330739	99	27	104	0.227
2.356194	1.335669	0.897240	111	14	99	0.227
-2.356194	2.719179	-1.780644	117	22	93	0.227
1.832596	2.724429	-0.348782	114	19	90	0.227
2.356194	0.640596	-2.797608	109	16	96	0.227
2.879793	1.599406	1.426070	112	28	104	0.227
2.617994	1.510910	-0.740472	112	19	99	0.227
2.356194	0.370812	-2.547742	107	25	103	0.227
-2.879793	2.704512	1.488683	104	27	97	0.227
1.832596	2.587733	0.232235	117	27	91	0.227
-2.879793	1.135813	-2.658866	111	16	97	0.227
2.617994	1.194549	-0.801900	115	23	98	0.227
2.879793	1.194549	-0.801900	115	22	98	0.227
2.617994	2.108018	1.311430	113	25	101	0.227
2.617994	1.606104	-0.451151	108	20	102	0.227
-2.356194	1.977582	0.969896	104	31	108	0.227
0.000000	0.203748	0.590255	114	24	94	0.227
-3.141593	1.982574	-1.115518	122	29	96	0.227
0.000000	0.496451	0.593859	114	29	96	0.227
-0.785398	0.591903	2.010408	112	15	99	0.227
-1.308997	0.571433	-1.188419	87	15	21	0.227
-2.879793	1.812176	0.656819	104	32	101	0.227
-2.617994	1.909857	-0.381669	109	26	97	0.227
-1.308997	2.164094	-2.991358	118	26	97	0.227
2.617994	2.089241	-0.114193	103	19	109	0.227
-3.141593	0.906588	1.252948	113	15	98	0.227
1.570796	1.440580	2.260026	110	30	102	0.227
-0.785398	2.164094	-2.991358	115	25	97	0.227
-3.141593	1.846342	-1.796954	114	19	95	0.227
-3.141593	2.153910	-1.714959	116	22	95	0.227
2.617994	1.256302	0.062705	124	42	108	0.227
2.617994	1.488617	1.159546	117	31	105	0.227
0.785398	0.080730	-2.622036	104	11	101	0.227
0.000000	2.089241	-0.114193	112	17	100	0.227
0.523599	2.299159	2.264663	117	29	103	0.227
2.879793	2.587733	0.232235	111	22	91	0.227
1.832596	1.242974	-2.977882	102	21	105	0.227
2.356194	2.115563	0.685730	119	36	97	0.227
-0.261799	2.073035	2.027405	2	25	94	0.227
-0.785398	1.904882	-1.478089	100	17	100	0.227
2.094395	2.089241	-0.114193	125	27	92	0.227
-2.094395	1.872854	1.543456	84	10	10	0.227
-1.047198	0.899350	-2.069907	112	23	101	0.227
1.832596	1.391910	3.030322	103	23	106	0.227
1.047198	2.724429	-0.348782	115	22	90	0.227
2.094395	0.619654	-2.216909	107	18	97	0.227
0.523599	2.379497	0.561089	117	15	97	0.227
2.879793	0.297065	2.160177	108	19	100	0.227
-1.832596	0.992645	-1.723759	124	31	96	0.227
2.356194	1.909857	-0.381669	105	21	105	0.227
-0.523599	1.310100	1.488307	118	30	100	0.227
-1.308997	1.545873	-1.877082	98	27	111	0.227
-1.047198	1.824694	1.850876	109	34	112	0.227
0.000000	1.545873	-1.877082	108	25	101	0.227
2.094395	1.050534	3.042579	105	15	99	0.227
-1.832596	2.704512	1.488683	104	11	98	0.227
2.617994	1.982574	-1.115518	126	26	96	0.227
0.523599	1.506530	1.988858	108	34	106	0.227
-3.141593	2.001437	0.381215	109	33	97	0.227
2.356194	1.510910	-0.740472	110	15	94	0.227
-0.785398	1.870545	-2.976234	113	26	98	0.227
0.000000	1.134497	-1.109631	95	5	15	0.227
-0.261799	0.619654	-2.216909	92	7	28	0.227
1.570796	1.948085	-2.363031	108	31	105	0.227
2.356194	2.089241	-0.114193	103	23	109	0.227
-1.570796	2.984978	1.954446	112	21	94	0.227
0.523599	2.664082	-1.071402	111	16	91	0.227
-0.523599	2.089241	-0.114193	112	21	100	0.227
2.094395	2.180315	-1.357379	110	29	101	0.227
2.617994	1.824694	1.850876	92	5	10	0.227
-2.617994	1.982574	-1.115518	117	29	96	0.227
-2.617994	2.180315	-1.357379	120	28	95	0.227
0.523599	1.335669	0.897240	106	14	97	0.227
2.094395	1.696674	-1.253233	106	22	104	0.227
2.617994	1.599406	1.426070	115	30	104	0.227
2.094395	0.419640	2.974122	112	37	105	0.227
-2.094395	0.864993	2.278281	112	34	116	0.227
-1.308997	1.836682	-0.676006	110	30	108	0.227
-1.047198	1.374601	-2.456031	116	37	110	0.227
-0.523599	1.870545	-2.976234	90	125	15	0.227
-1.308997	1.448123	-2.163292	88	8	9	0.227
-0.261799	2.579248	-2.364801	103	9	99	0.227
-0.523599	1.374601	-2.456031	88	2	20	0.227
2.356194	1.433411	-1.035986	106	21	104	0.227
-1.832596	1.696674	-1.253233	105	35	103	0.227
-2.094395	2.984978	1.954446	114	24	94	0.227
-1.832596	0.685216	-1.712745	119	34	98	0.227
2.879793	2.115563	0.685730	111	34	97	0.227
-2.617994	2.295480	1.008277	101	23	98	0.227
-1.308997	0.640596	-2.797608	95	108	14	0.227
-0.261799	0.906588	1.252948	116	28	97	0.227
-2.094395	1.134497	-1.109631	119	29	102	0.227
-0.785398	2.089241	-0.114193	113	23	100	0.227
-1.570796	0.864993	2.278281	107	5	100	0.227
-1.570796	0.992645	-1.723759	121	32	96	0.227
0.785398	2.174483	2.653697	105	15	101	0.227
-2.879793	2.404280	-0.174044	111	30	98	0.227
-2.356194	2.187132	-0.479875	106	26	100	0.227
-1.570796	2.349581	-2.702517	100	29	105	0.227
-0.523599	0.960688	-0.577532	114	31	103	0.227
2.879793	0.850607	-1.335383	111	21	99	0.227
2.094395	2.247462	0.191623	114	23	99	0.227
2.356194	1.440580	2.260026	109	25	95	0.227
-1.308997	2.174483	2.653697	85	4	11	0.227
-1.047198	2.881233	-2.582574	103	25	98	0.227
-2.356194	0.850607	-1.335383	122	28	95	0.227
0.000000	1.683268	0.374177	100	27	109	0.227
-0.523599	0.640596	-2.797608	98	98	14	0.227
-1.308997	1.982574	-1.115518	105	24	95	0.227
-1.570796	1.134497	-1.109631	98	30	112	0.227
1.570796	2.664082	-1.071402	103	19	110	0.227
-1.570796	2.719179	-1.780644	116	19	93	0.227
-3.141593	2.089241	-0.114193	115	29	92	0.227
1.308997	1.683268	0.374177	106	19	103	0.227
-3.141593	0.850607	-1.335383	111	19	99	0.227
-0.261799	2.153910	-1.714959	103	10	99	0.227
-1.570796	2.588535	-2.976617	100	26	102	0.227
1.047198	2.456751	-1.503343	103	21	108	0.227
0.785398	2.247462	0.191623	115	17	99	0.227
-2.617994	2.863997	0.549740	94	2	16	0.227
0.000000	0.906588	1.252948	114	27	97	0.227
-1.832596	1.134497	-1.109631	101	35	112	0.227
-2.879793	2.984978	1.954446	119	26	94	0.227
-1.308997	2.349581	-2.702517	98	24	105	0.227
-2.356194	1.982574	-1.115518	107	18	99	0.227
-2.356194	0.203748	0.590255	114	25	98	0.227
2.617994	1.836682	-0.676006	109	14	100	0.227
0.523599	2.174483	2.653697	126	36	105	0.227
-2.617994	1.824694	1.850876	111	38	113	0.227
-1.047198	1.982574	-1.115518	104	20	95	0.227
2.617994	2.115563	0.685730	115	38	99	0.227
-2.356194	1.301460	-0.509251	105	37	106	0.227
-1.047198	2.579248	-2.364801	101	23	99	0.227
-2.617994	1.504028	0.636812	114	26	101	0.227
1.047198	1.504028	0.636812	112	11	97	0.227
1.570796	1.683268	0.374177	106	16	103	0.227
2.356194	2.187132	-0.479875	101	12	105	0.227
-2.617994	2.984978	1.954446	105	25	95	0.227
2.879793	1.135813	-2.658866	118	30	98	0.227
-1.308997	2.588535	-2.976617	99	21	102	0.227
2.617994	0.899350	-2.069907	112	19	100	0.227
-1.308997	0.866395	-2.492918	122	40	107	0.227
2.879793	0.899350	-2.069907	105	23	104	0.227
1.047198	0.297065	2.160177	92	19	10	0.227
-2.356194	1.247695	1.809890	93	9	10	0.227
-2.094395	0.850607	-1.335383	120	27	93	0.227
2.879793	1.374601	-2.456031	107	17	100	0.227
0.000000	0.929350	-2.910676	92	18	11	0.227
-2.879793	1.836682	-0.676006	114	30	97	0.227
0.523599	2.396274	-1.959260	103	23	110	0.227
-1.570796	0.910508	1.903534	105	12	96	0.227
0.785398	2.456751	-1.503343	104	25	108	0.227
-0.261799	0.831641	0.616218	118	36	102	0.227
-0.785398	1.545873	-1.877082	115	31	101	0.227
0.000000	2.073035	2.027405	101	20	109	0.227
-0.261799	1.545873	-1.877082	89	125	10	0.227
0.261799	1.113094	-0.272241	108	28	104	0.227
-0.523599	0.203748	0.590255	117	28	96	0.227
-0.785398	1.214854	-1.966664	90	0	10	0.227
0.000000	0.379747	-1.713059	112	33	106	0.227
-1.047198	0.866395	-2.492918	114	34	106	0.227
-1.570796	1.440580	2.260026	117	36	105	0.227
2.356194	2.104282	-0.813972	105	8	102	0.227
-2.094395	2.664082	-1.071402	108	27	105	0.227
-2.617994	2.637879	2.121598	115	31	98	0.227
-1.047198	2.089241	-0.114193	114	24	100	0.227
1.570796	1.736875	3.023612	100	22	111	0.227
1.308997	2.478122	2.609777	107	9	104	0.227
2.356194	0.899350	-2.069907	117	31	100	0.227
-1.570796	1.413347	-1.339188	100	32	109	0.227
0.000000	2.180315	-1.357379	109	27	104	0.227
-1.832596	1.982574	-1.115518	109	31	95	0.227
-0.785398	1.135813	-2.658866	90	9	25	0.227
1.308997	1.869911	2.701025	107	31	109	0.227
-1.832596	0.458961	-0.107937	116	27	101	0.227
1.047198	2.664082	-1.071402	100	29	115	0.227
-0.523599	1.658653	-2.409879	109	32	109	0.227
2.094395	2.187132	-0.479875	100	19	107	0.227
2.356194	2.984978	1.954446	110	29	106	0.227
-0.261799	2.349581	-2.702517	92	123	3	0.227
-0.523599	1.574060	2.783565	119	28	97	0.227
2.094395	0.914445	2.687814	107	28	103	0.227
0.261799	1.050534	3.042579	92	17	15	0.227
2.617994	1.367556	0.358405	108	27	106	0.227
-1.570796	0.866395	-2.492918	106	21	102	0.227
2.094395	0.899350	-2.069907	120	31	100	0.227
2.879793	1.417623	-0.202254	121	41	104	0.227
-2.356194	1.824694	1.850876	107	36	113	0.227
2.617994	1.417623	-0.202254	105	20	99	0.227
0.261799	2.180315	-1.357379	108	24	104	0.227
1.047198	1.683268	0.374177	106	22	103	0.227
-0.785398	2.760637	2.781135	113	31	102	0.227
-0.261799	2.138223	1.678323	116	28	102	0.227
-1.047198	1.413347	-1.339188	91	1	9	0.227
1.570796	1.335669	0.897240	110	21	99	0.227
-2.094395	1.184361	0.625864	84	11	11	0.227
2.879793	2.295480	1.008277	109	34	98	0.227
1.570796	1.869911	2.701025	105	26	107	0.227
-2.356194	1.134497	-1.109631	110	40	110	0.227
-1.832596	1.545873	-1.877082	105	39	113	0.227
0.261799	1.367556	0.358405	100	12	103	0.227
-2.879793	2.295480	1.008277	103	28	98	0.227
2.879793	1.836682	-0.676006	120	33	99	0.227
0.785398	1.909857	-0.381669	91	14	9	0.227
-1.570796	1.135834	-1.431087	88	11	15	0.227
-1.047198	1.617114	-1.572037	97	23	108	0.227
-0.261799	2.041297	-2.664597	115	35	109	0.227
2.094395	1.128190	-2.288622	102	15	104	0.227
-0.261799	2.089241	-0.114193	112	19	100	0.227
-1.570796	0.640596	-2.797608	95	111	14	0.227
-2.094395	2.108018	1.311430	103	28	106	0.227
-2.356194	0.496451	0.593859	93	6	17	0.227
-2.356194	2.104282	-0.813972	106	29	102	0.227
-1.832596	2.041297	-2.664597	105	27	101	0.227
-0.261799	1.448123	-2.163292	107	28	104	0.227
-2.094395	1.683268	0.374177	87	11	0	0.227
-2.356194	1.766067	2.153843	88	20	18	0.227
1.047198	1.869911	2.701025	103	32	115	0.227
1.570796	0.370812	-2.547742	106	31	108	0.227
-0.261799	2.396274	-1.959260	97	1	11	0.227
2.094395	2.104282	-0.813972	106	16	102	0.227
-1.308997	1.135834	-1.431087	89	5	15	0.227
-1.308997	2.760637	2.781135	88	7	127	0.227
-0.261799	0.080730	-2.622036	92	15	4	0.227
-1.832596	2.407836	1.410646	89	2	0	0.227
-3.141593	1.555207	1.708892	96	18	5	0.227
-3.141593	1.696674	-1.253233	105	28	108	0.227
-0.785398	2.153910	-1.714959	93	10	13	0.227
-2.094395	1.982574	-1.115518	112	33	95	0.227
-2.879793	1.824694	1.850876	116	40	113	0.227
-1.570796	1.699788	2.452890	88	15	11	0.227
-1.308997	1.554776	0.100351	90	2	11	0.227
-2.094395	0.290380	-0.796960	94	14	1	0.227
0.000000	2.664082	-1.071402	95	7	4	0.227
-1.570796	1.374601	-2.456031	88	14	11	0.227
0.261799	2.153910	-1.714959	107	28	105	0.227
-1.832596	1.574060	2.783565	90	20	12	0.227
-2.094395	0.674054	1.013609	93	13	9	0.227
-1.570796	1.450119	-2.739050	88	15	11	0.227
1.308997	2.664082	-1.071402	103	23	110	0.227
0.261799	2.349581	-2.702517	91	11	15	0.227
-1.570796	1.448123	-2.163292	88	13	9	0.227
-1.832596	1.809167	1.213774	88	15	10	0.227
-1.832596	2.393226	1.857173	86	6	3	0.227
-2.094395	0.906588	1.252948	93	11	8	0.227
0.000000	2.251330	-2.330739	94	123	2	0.227
-1.832596	2.637879	2.121598	87	8	127	0.227
-2.617994	1.247695	1.809890	93	13	9	0.227
-0.523599	0.370812	-2.547742	94	19	4	0.227
-1.308997	1.194549	-0.801900	95	123	8	0.227
-1.308997	1.870545	-2.976234	89	11	3	0.227
-2.617994	1.488617	1.159546	91	12	6	0.226
-1.832596	1.113094	-0.272241	5	23	28	0.220
2.094395	0.960688	-0.577532	7	30	28	0.219
-1.047198	1.391910	3.030322	99	127	114	0.219
-2.094395	1.545873	-1.877082	97	3	116	0.219
-2.094395	0.831641	0.616218	5	26	32	0.191
1.047198	0.591903	2.010408	11	28	35	0.191
-0.785398	2.299159	2.264663	110	21	101	0.191
1.570796	1.050534	3.042579	31	117	123	0.191
-3.141593	0.864993	2.278281	112	26	98	0.191
-2.356194	0.864993	2.278281	110	17	98	0.191
2.617994	1.391910	3.030322	16	33	30	0.191
-0.523599	2.588535	-2.976617	122	22	97	0.191
0.785398	0.992645	-1.723759	31	118	0	0.191
-0.523599	0.709924	0.218797	6	20	32	0.191
1.570796	0.864993	2.278281	28	111	2	0.191
-1.308997	1.450119	-2.739050	25	104	1	0.191
1.047198	1.325504	-1.671296	98	16	119	0.191
-3.141593	2.396274	-1.959260	113	24	99	0.191
1.570796	2.455966	-0.641220	20	8	25	0.190
2.356194	1.736875	3.023612	3	25	102	0.190
2.094395	2.108018	1.311430	1	38	106	0.190
-1.570796	1.488617	1.159546	118	27	93	0.190
-2.094395	2.478122	2.609777	123	27	99	0.190
-2.617994	1.574060	2.783565	120	34	105	0.190
1.832596	2.396274	-1.959260	123	29	100	0.190
-1.570796	1.413430	2.550734	108	28	109	0.190
-2.094395	1.736875	3.023612	114	29	102	0.190
-0.261799	2.407836	1.410646	100	123	115	0.190
0.523599	0.709924	0.218797	95	124	117	0.190
-1.832596	2.724429	-0.348782	95	9	1	0.190
2.879793	0.419640	2.974122	92	13	121	0.190
2.879793	1.050534	3.042579	92	12	120	0.190
-1.832596	1.194549	-0.801900	122	17	93	0.161
-1.832596	1.812176	0.656819	101	13	102	0.161
1.308997	1.014500	0.906702	115	24	99	0.161
-0.261799	1.904882	-1.478089	105	8	101	0.161
-0.523599	1.721184	-0.153948	110	18	103	0.161
0.000000	1.836682	-0.676006	110	33	115	0.161
2.617994	2.760637	2.781135	3	37	101	0.161
0.000000	2.299159	2.264663	109	12	101	0.161
-2.094395	2.115563	0.685730	103	16	98	0.161
0.785398	1.721184	-0.153948	105	23	108	0.161
1.570796	1.998705	2.370472	108	31	101	0.161
-2.879793	2.001437	0.381215	108	30	97	0.161
1.047198	1.184361	0.625864	113	24	100	0.161
-1.308997	2.001437	0.381215	103	120	102	0.161
-2.879793	2.115563	0.685730	105	28	98	0.161
-2.617994	0.762244	-0.273349	107	39	118	0.161
-0.261799	1.510910	-0.740472	113	35	112	0.161
0.523599	0.496451	0.593859	11	18	33	0.154
-1.047198	1.977582	0.969896	97	1	123	0.153
2.356194	2.588535	-2.976617	121	18	97	0.125
2.094395	2.164094	-2.991358	126	21	98	0.125
2.094395	1.872854	1.543456	31	119	124	0.125
-0.785398	1.756530	-2.105156	121	20	97	0.125
-1.308997	2.356369	3.005869	119	23	98	0.125
0.785398	2.478122	2.609777	117	12	99	0.125
2.617994	1.045978	0.343692	9	25	31	0.125
-1.832596	2.164094	-2.991358	119	119	96	0.125
2.617994	1.741644	-2.695914	126	31	102	0.125
-1.308997	2.379497	0.561089	96	3	120	0.125
0.000000	0.961715	0.014085	8	15	31	0.125
2.617994	0.203748	0.590255	11	111	25	0.125
1.308997	1.721184	-0.153948	28	22	19	0.125
2.094395	1.869911	2.701025	27	120	113	0.125
-0.785398	0.496451	0.593859	5	25	32	0.124
0.261799	1.194549	-0.801900	24	14	22	0.124
-2.356194	2.251330	-2.330739	106	1	106	0.124
2.356194	0.203748	0.590255	2	12	30	0.124
-2.617994	2.174483	2.653697	124	29	100	0.124
2.879793	0.709924	0.218797	5	20	32	0.124
-0.785398	1.574060	2.783565	99	126	113	0.124
-1.570796	2.724429	-0.348782	100	124	112	0.124
-2.879793	1.869911	2.701025	125	32	103	0.124
0.000000	2.393226	1.857173	103	122	110	0.124
-0.261799	1.195355	1.200319	103	5	105	0.124
-2.879793	2.063651	-2.044600	112	26	101	0.124
2.879793	2.984978	1.954446	116	31	97	0.124
-2.356194	1.869911	2.701025	120	32	103	0.124
-1.832596	2.073035	2.027405	114	32	106	0.124
-0.523599	0.297065	2.160177	15	20	36	0.096
0.261799	0.914445	2.687814	8	14	38	0.096
0.000000	1.440580	2.260026	3	23	96	0.096
0.000000	1.506530	1.988858	126	24	94	0.096
-0.785398	0.297065	2.160177	15	18	36	0.096
2.617994	0.370812	-2.547742	127	123	28	0.096
1.570796	2.247462	0.191623	0	28	94	0.096
-3.141593	0.370812	-2.547742	17	19	35	0.096
-2.879793	0.370812	-2.547742	17	22	35	0.096
-1.570796	1.554776	0.100351	102	13	102	0.096
2.094395	1.824694	1.850876	104	0	101	0.096
0.000000	1.335669	0.897240	28	102	125	0.095
-1.570796	1.256302	0.062705	100	13	107	0.095
-0.261799	0.914445	2.687814	116	123	30	0.095
0.523599	1.218453	2.777284	123	118	27	0.095
2.094395	0.370812	-2.547742	112	27	102	0.095
-2.094395	2.063651	-2.044600	113	40	106	0.095
-1.832596	0.591903	2.010408	113	121	29	0.095
-3.141593	1.977582	0.969896	109	36	104	0.095
-2.879793	2.478122	2.609777	114	40	107	0.095
-1.570796	1.662363	0.915448	120	33	96	0.095
1.570796	2.863997	0.549740	119	31	94	0.095
-0.785398	1.732874	-0.951685	104	14	100	0.095
2.617994	2.295480	1.008277	116	37	100	0.095
0.261799	0.866395	-2.492918	101	23	106	0.095
-2.879793	1.433411	-1.035986	123	41	106	0.095
-1.308997	1.256302	0.062705	102	8	107	0.095
-1.047198	0.619654	-2.216909	114	37	103	0.095
0.523599	0.203748	0.590255	21	16	32	0.095
1.570796	1.450119	-2.739050	23	10	27	0.095
-1.047198	0.297065	2.160177	14	16	36	0.095
-2.617994	1.242974	-2.977882	112	33	107	0.095
2.617994	2.001437	0.381215	119	36	98	0.095
-3.141593	2.478122	2.609777	118	41	108	0.095
0.261799	1.218453	2.777284	120	117	27	0.095
2.617994	0.379747	-1.713059	22	21	31	0.095
2.356194	2.379497	0.561089	119	33	95	0.095
2.356194	2.001437	0.381215	123	36	98	0.095
1.832596	2.379497	0.561089	125	33	96	0.095
0.523599	1.766067	2.153843	124	32	97	0.095
-2.879793	1.909857	-0.381669	117	32	95	0.095
-2.356194	1.242974	-2.977882	109	31	107	0.095
-1.570796	1.367556	0.358405	101	10	107	0.095
-1.570796	2.396274	-1.959260	109	33	100	0.095
-1.047198	0.864993	2.278281	115	121	29	0.095
-3.141593	1.909857	-0.381669	121	33	95	0.095
0.000000	1.045978	0.343692	101	23	108	0.095
0.785398	2.664082	-1.071402	106	126	99	0.095
-2.879793	0.290380	-0.796960	7	39	30	0.095
2.879793	0.370812	-2.547742	0	126	28	0.095
-2.094395	1.909857	-0.381669	103	8	100	0.095
-1.047198	0.914445	2.687814	112	125	30	0.095
-2.617994	1.050534	3.042579	114	35	111	0.095
-2.617994	2.456751	-1.503343	95	12	127	0.095
-1.832596	1.909857	-0.381669	102	5	100	0.095
-1.570796	1.301460	-0.509251	100	20	105	0.095
-0.785398	0.914445	2.687814	113	124	30	0.095
0.785398	1.413430	2.550734	93	10	10	0.095
2.879793	1.195355	1.200319	112	40	121	0.095
-2.879793	1.448123	-2.163292	97	23	4	0.095
-1.832596	1.134796	2.434290	109	32	113	0.095
2.094395	1.736875	3.023612	98	16	115	0.095
-0.523599	2.299159	2.264663	111	17	102	0.088
-0.261799	1.846342	-1.796954	7	11	35	0.059
-0.261799	0.709924	0.218797	6	19	32	0.059
2.879793	2.396274	-1.959260	114	25	100	0.059
1.832596	1.599406	1.426070	30	116	0	0.058
1.308997	1.574060	2.783565	96	11	118	0.058
-3.141593	2.863997	0.549740	8	17	32	0.051
0.523599	2.404280	-0.174044	125	18	92	0.030
1.308997	1.909857	-0.381669	6	17	95	0.030
1.047198	1.909857	-0.381669	5	14	95	0.030
1.047198	1.555207	1.708892	116	21	94	0.030
-1.570796	1.168678	2.108595	119	13	95	0.030
-0.261799	2.404280	-0.174044	123	16	92	0.030
1.047198	1.168678	2.108595	26	20	30	0.030
-1.047198	1.301460	-0.509251	102	11	106	0.030
-0.523599	1.247695	1.809890	122	18	94	0.030
1.832596	1.413430	2.550734	20	28	31	0.030
0.523599	2.579248	-2.364801	124	23	97	0.029
-0.523599	2.863997	0.549740	6	17	95	0.029
-0.523599	2.349581	-2.702517	17	30	28	0.029
-1.832596	0.914445	2.687814	127	20	37	0.029
2.879793	0.914445	2.687814	6	28	37	0.029
-0.261799	1.696674	-1.253233	4	24	35	0.029
0.523599	0.914445	2.687814	9	17	37	0.029
1.832596	1.732874	-0.951685	32	118	111	0.029
-1.570796	2.760637	2.781135	102	20	102	0.029
-2.879793	2.180315	-1.357379	3	32	97	0.029
0.785398	0.914445	2.687814	10	18	37	0.029
0.000000	2.104282	-0.813972	116	10	94	0.029
-2.356194	2.704512	1.488683	96	2	106	0.029
-1.570796	0.571433	-1.188419	33	125	2	0.029
1.832596	1.050534	3.042579	114	37	107	0.029
-1.832596	2.089241	-0.114193	111	18	94	0.029
0.523599	1.367556	0.358405	108	34	111	0.029
1.047198	1.242974	-2.977882	14	9	32	0.029
-0.785398	2.104282	-0.813972	111	16	94	0.029
-1.832596	1.195355	1.200319	93	122	0	0.029
-3.141593	1.184361	0.625864	111	39	114	0.029
-2.879793	2.089241	-0.114193	115	27	94	0.029
1.570796	1.218453	2.777284	120	37	103	0.029
-2.879793	2.724429	-0.348782	120	126	27	0.029
1.308997	2.456751	-1.503343	25	20	29	0.029
-0.261799	1.872854	1.543456	121	31	97	0.029
1.308997	0.910508	1.903534	100	4	105	0.029
-2.356194	1.417623	-0.202254	105	31	104	0.029
-2.879793	2.356369	3.005869	118	41	110	0.029
-1.832596	1.214854	-1.966664	111	22	100	0.029
2.356194	2.063651	-2.044600	120	31	101	0.029
1.570796	1.732874	-0.951685	99	2	104	0.029
-2.879793	1.875281	0.107086	112	32	98	0.029
-2.879793	0.571433	-1.188419	10	40	26	0.029
1.832596	0.733948	3.021411	117	38	106	0.029
1.047198	1.809167	1.213774	100	127	105	0.029
-1.308997	1.721184	-0.153948	106	13	99	0.029
-1.308997	1.374601	-2.456031	26	106	6	0.029
0.000000	1.135813	-2.658866	107	116	23	0.029
-2.879793	1.301460	-0.509251	117	40	106	0.029
2.879793	1.448123	-2.163292	117	35	107	0.029
2.356194	1.662363	0.915448	125	41	109	0.029
1.570796	1.545873	-1.877082	33	108	124	0.029
2.617994	1.569311	-3.003978	0	31	103	0.029
2.879793	2.247462	0.191623	116	28	94	0.029
-3.141593	1.545873	-1.877082	111	33	108	0.029
-2.617994	1.875281	0.107086	109	29	98	0.029
-3.141593	1.242974	-2.977882	94	126	118	0.029
2.879793	1.875281	0.107086	119	35	98	0.029
-3.141593	1.875281	0.107086	115	34	98	0.029
1.570796	1.756530	-2.105156	33	108	123	0.029
-3.141593	1.050534	3.042579	94	1	113	0.029
-1.308997	1.846342	-1.796954	93	12	115	0.029
-2.356194	1.721184	-0.153948	108	29	99	0.029
2.356194	0.618092	2.539118	117	36	102	0.029
1.308997	1.658653	-2.409879	30	105	0	0.029
-2.617994	1.391910	3.030322	116	34	106	0.029
0.261799	2.299159	2.264663	26	102	121	0.029
1.047198	0.203748	0.590255	2	36	103	0.029
-3.141593	1.014500	0.906702	29	123	111	0.029
0.523599	1.948085	-2.363031	112	29	106	0.029
-2.879793	2.174483	2.653697	114	41	114	0.029
-2.094395	1.977582	0.969896	93	0	111	0.029
-0.523599	1.904882	-1.478089	95	123	110	0.029
-1.047198	1.433411	-1.035986	92	0	113	0.029
-1.570796	1.045978	0.343692	92	122	122	0.028
-2.879793	0.866395	-2.492918	0	71	125	0.004
0.261799	1.128190	-2.288622	0	70	127	0.004
-2.879793	2.033014	2.977192	125	78	127	0.003
0.523599	1.574060	2.783565	126	65	0	0.003
0.000000	1.741644	-2.695914	127	67	126	0.003
-3.141593	0.992645	-1.723759	124	79	126	0.003
1.832596	1.450119	-2.739050	125	76	123	0.003
-2.094395	2.404280	-0.174044	124	71	127	0.003
-1.047198	2.404280	-0.174044	126	75	1	0.003
2.356194	2.404280	-0.174044	126	74	125	0.003
-0.523599	2.115563	0.685730	124	73	126	0.003
-0.261799	2.115563	0.685730	127	69	127	0.003
-0.261799	1.756530	-2.105156	126	71	125	0.003
0.261799	1.869911	2.701025	127	70	127	0.003
0.785398	1.869911	2.701025	126	69	126	0.003
2.879793	1.869911	2.701025	127	73	124	0.003
-0.261799	1.554776	0.100351	2	71	127	0.003
1.308997	0.618092	2.539118	125	71	127	0.003
0.523599	1.846342	-1.796954	125	71	124	0.003
0.785398	1.846342	-1.796954	127	72	125	0.003
-1.047198	0.615174	-0.666022	0	70	1	0.003
2.879793	0.615174	-0.666022	2	70	125	0.003
-2.617994	1.569311	-3.003978	126	73	125	0.003
-1.570796	1.134796	2.434290	122	71	1	0.003
2.356194	2.587733	0.232235	0	75	126	0.003
-2.617994	1.413430	2.550734	126	71	126	0.003
-0.523599	1.417623	-0.202254	126	70	2	0.003
1.570796	1.417623	-0.202254	2	75	125	0.003
2.356194	1.417623	-0.202254	126	74	1	0.003
0.785398	0.370812	-2.547742	0	71	125	0.003
-2.879793	2.979456	-1.009304	127	76	127	0.003
0.261799	2.979456	-1.009304	126	76	127	0.003
1.047198	0.831641	0.616218	126	75	123	0.003
-1.570796	1.998705	2.370472	126	73	126	0.003
-0.261799	1.998705	2.370472	123	70	124	0.003
0.000000	1.998705	2.370472	126	71	122	0.003
0.523599	1.998705	2.370472	126	70	126	0.003
2.617994	1.998705	2.370472	126	70	125	0.003
-3.141593	1.413347	-1.339188	0	75	0	0.003
2.617994	1.335669	0.897240	125	72	2	0.003
0.261799	1.870545	-2.976234	127	72	126	0.003
1.047198	1.870545	-2.976234	126	69	0	0.003
1.308997	1.870545	-2.976234	127	73	1	0.003
-2.617994	2.164094	-2.991358	124	71	1	0.003
-0.261799	2.164094	-2.991358	2	76	127	0.003
0.000000	2.164094	-2.991358	124	69	125	0.003
-1.570796	2.187132	-0.479875	125	75	0	0.003
0.261799	0.866955	-0.931351	126	70	126	0.003
2.879793	0.866955	-0.931351	0	71	127	0.003
1.832596	1.812176	0.656819	127	74	123	0.003
-3.141593	2.719179	-1.780644	126	75	125	0.003
-2.879793	1.617114	-1.572037	126	70	0	0.003
0.261799	1.617114	-1.572037	123	76	127	0.003
-2.094395	2.247462	0.191623	1	76	123	0.003
0.000000	2.247462	0.191623	125	71	126	0.003
-1.047198	1.504028	0.636812	126	70	123	0.003
2.094395	1.504028	0.636812	0	70	124	0.003
2.356194	1.504028	0.636812	127	73	125	0.003
-2.879793	1.741644	-2.695914	0	75	126	0.003
-1.832596	1.741644	-2.695914	125	75	0	0.003
1.832596	1.741644	-2.695914	125	71	127	0.003
1.832596	2.174483	2.653697	126	58	126	0.003
-2.617994	2.579248	-2.364801	0	76	0	0.003
-2.356194	2.579248	-2.364801	127	76	125	0.003
-3.141593	0.899350	-2.069907	127	75	0	0.003
-2.094395	0.899350	-2.069907	125	65	126	0.003
0.261799	0.899350	-2.069907	124	76	127	0.003
-3.141593	1.766067	2.153843	118	75	125	0.003
2.879793	1.766067	2.153843	124	70	126	0.003
-1.047198	1.809167	1.213774	0	75	123	0.003
0.000000	1.135834	-1.431087	127	72	119	0.003
0.000000	1.909857	-0.381669	126	76	127	0.003
2.094395	1.909857	-0.381669	122	71	122	0.003
-2.356194	1.195355	1.200319	0	75	127	0.003
2.356194	1.195355	1.200319	4	76	1	0.003
-1.047198	1.134497	-1.109631	125	70	123	0.003
-0.261799	1.134497	-1.109631	127	75	126	0.003
2.094395	1.134497	-1.109631	1	76	127	0.003
-0.785398	1.367556	0.358405	2	70	0	0.003
-2.617994	1.440580	2.260026	0	75	124	0.003
0.000000	2.041297	-2.664597	126	75	126	0.003
-1.047198	1.045978	0.343692	126	70	124	0.003
2.617994	0.290380	-0.796960	1	70	127	0.003
-2.879793	1.545873	-1.877082	122	75	127	0.003
-3.141593	2.356369	3.005869	3	75	2	0.003
0.000000	2.356369	3.005869	0	72	126	0.003
1.308997	1.948085	-2.363031	127	71	126	0.003
-3.141593	1.736875	3.023612	126	70	122	0.003
0.000000	1.736875	3.023612	127	63	124	0.003
-2.617994	2.760637	2.781135	0	70	0	0.003
-0.261799	1.113094	-0.272241	2	73	124	0.003
0.523599	2.407836	1.410646	124	74	126	0.003
-2.094395	2.089241	-0.114193	3	75	2	0.003
-0.785398	2.001437	0.381215	0	76	126	0.003
-0.523599	2.001437	0.381215	127	72	127	0.003
1.047198	2.001437	0.381215	124	76	0	0.003
-3.141593	1.699788	2.452890	2	71	0	0.003
-2.356194	1.699788	2.452890	0	71	125	0.003
-1.832596	1.699788	2.452890	127	69	124	0.003
-0.523599	1.699788	2.452890	125	71	125	0.003
-0.261799	1.699788	2.452890	127	75	124	0.003
2.356194	1.488617	1.159546	124	71	126	0.003
-3.141593	1.325504	-1.671296	123	75	126	0.003
-2.617994	1.506530	1.988858	125	75	125	0.003
-0.785398	1.977582	0.969896	1	71	127	0.003
2.094395	1.977582	0.969896	126	76	127	0.003
1.308997	2.637879	2.121598	0	75	1	0.003
-1.570796	2.295480	1.008277	126	75	125	0.003
-0.523599	2.295480	1.008277	0	75	126	0.003
-1.047198	1.510910	-0.740472	125	76	1	0.003
-0.261799	2.033014	2.977192	0	71	125	0.003
0.523599	1.242974	-2.977882	124	75	126	0.003
-3.141593	1.391910	3.030322	3	75	127	0.003
-1.308997	0.685216	-1.712745	126	72	124	0.003
0.000000	0.685216	-1.712745	126	75	3	0.003
0.785398	0.685216	-1.712745	4	74	123	0.003
0.785398	2.251330	-2.330739	127	76	1	0.003
0.785398	1.374601	-2.456031	125	71	0	0.003
1.047198	1.374601	-2.456031	122	75	127	0.003
-0.261799	1.732874	-0.951685	125	69	0	0.003
-2.879793	0.929350	-2.910676	125	71	1	0.003
-2.356194	0.929350	-2.910676	123	70	0	0.003
-2.617994	1.128190	-2.288622	125	74	127	0.003
0.523599	1.696674	-1.253233	125	74	1	0.003
2.879793	1.696674	-1.253233	3	74	121	0.003
0.523599	1.683268	0.374177	126	75	126	0.003
0.261799	2.073035	2.027405	127	72	0	0.003
2.617994	2.073035	2.027405	2	75	126	0.003
2.879793	2.073035	2.027405	1	76	127	0.003
0.523599	1.301460	-0.509251	127	70	126	0.003
1.047198	0.496451	0.593859	126	72	122	0.003
0.785398	2.379497	0.561089	2	76	1	0.003
2.879793	1.433411	-1.035986	123	75	127	0.003
0.000000	1.658653	-2.409879	126	71	127	0.003
-0.261799	1.214854	-1.966664	0	75	126	0.003
0.261799	1.214854	-1.966664	2	71	126	0.003
0.261799	1.135813	-2.658866	125	73	123	0.003
0.785398	1.135813	-2.658866	0	69	126	0.003
-2.356194	2.455966	-0.641220	0	71	127	0.003
2.879793	1.574060	2.783565	0	60	126	0.003
-2.356194	2.041297	-2.664597	126	68	127	0.003
-0.785398	1.488617	1.159546	0	63	127	0.003
-0.261799	2.295480	1.008277	125	66	1	0.003
1.308997	2.247462	0.191623	3	63	124	0.003
-2.617994	1.310100	1.488307	127	66	126	0.003
1.308997	1.506530	1.988858	4	67	123	0.003
-2.617994	1.325504	-1.671296	125	78	125	0.003
1.308997	1.554776	0.100351	0	60	127	0.003
-2.617994	0.370812	-2.547742	126	67	123	0.003
0.523599	1.870545	-2.976234	124	63	126	0.003
-0.523599	1.367556	0.358405	127	60	126	0.003
1.832596	2.041297	-2.664597	126	79	0	0.003
-2.356194	1.218453	2.777284	124	67	121	0.003
0.261799	0.929350	-2.910676	0	61	124	0.003
-0.261799	1.128190	-2.288622	125	67	123	0.003
0.523599	1.545873	-1.877082	2	68	4	0.003
-2.617994	2.089241	-0.114193	125	63	125	0.003
1.047198	1.128190	-2.288622	126	56	4	0.003
0.785398	2.393226	1.857173	127	84	2	0.003
-0.523599	1.014500	0.906702	126	68	127	0.003
-2.617994	1.194549	-0.801900	0	68	127	0.003
-2.356194	2.033014	2.977192	0	65	126	0.003
-3.141593	0.080730	-2.622036	124	65	124	0.003
-3.141593	1.812176	0.656819	123	80	1	0.003
-2.094395	1.504028	0.636812	5	67	126	0.003
-2.617994	1.195355	1.200319	4	82	0	0.003
-0.785398	0.080730	-2.622036	120	62	127	0.003
-1.047198	0.850607	-1.335383	122	66	0	0.003
-2.094395	1.194549	-0.801900	1	63	127	0.003
2.094395	2.174483	2.653697	122	59	125	0.003
0.000000	1.606104	-0.451151	0	59	126	0.003
-0.523599	1.875281	0.107086	126	58	0	0.003
-1.308997	2.404280	-0.174044	122	63	124	0.003
-0.261799	1.135834	-1.431087	125	64	126	0.003
2.094395	0.290380	-0.796960	2	67	0	0.003
0.000000	1.256302	0.062705	0	66	0	0.003
-1.570796	0.929350	-2.910676	127	54	123	0.003
0.785398	1.696674	-1.253233	124	61	127	0.003
1.570796	0.709924	0.218797	127	63	126	0.003
2.094395	0.458961	-0.107937	127	65	124	0.003
0.523599	0.618092	2.539118	126	67	127	0.003
1.308997	1.998705	2.370472	124	80	0	0.003
2.094395	1.741644	-2.695914	5	67	123	0.003
-1.308997	1.134497	-1.109631	121	63	120	0.003
0.785398	0.733948	3.021411	121	67	125	0.003
0.523599	1.214854	-1.966664	125	65	126	0.003
1.308997	2.073035	2.027405	0	78	124	0.002
0.785398	1.214854	-1.966664	127	62	122	0.002
1.570796	2.404280	-0.174044	125	65	124	0.002
0.000000	2.115563	0.685730	127	72	123	0.002
-1.570796	1.756530	-2.105156	125	76	127	0.002
0.261799	1.756530	-2.105156	124	75	4	0.002
-3.141593	1.869911	2.701025	123	78	126	0.002
2.617994	0.458961	-0.107937	122	70	0	0.002
-0.523599	1.554776	0.100351	126	67	126	0.002
2.094395	1.554776	0.100351	1	68	126	0.002
0.261799	0.618092	2.539118	124	69	125	0.002
2.356194	1.846342	-1.796954	0	75	125	0.002
1.308997	0.615174	-0.666022	120	76	3	0.002
1.570796	1.569311	-3.003978	3	70	120	0.002
-2.617994	1.134796	2.434290	124	74	123	0.002
1.570796	2.587733	0.232235	124	76	125	0.002
1.570796	1.413430	2.550734	120	71	123	0.002
-2.094395	1.417623	-0.202254	118	70	125	0.002
0.523599	1.417623	-0.202254	0	75	123	0.002
0.523599	0.850607	-1.335383	125	71	2	0.002
2.617994	0.850607	-1.335383	1	71	2	0.002
-2.094395	0.370812	-2.547742	124	76	2	0.002
-2.356194	2.979456	-1.009304	1	70	121	0.002
0.785398	0.831641	0.616218	2	71	5	0.002
2.879793	1.998705	2.370472	127	75	5	0.002
1.570796	1.413347	-1.339188	125	72	2	0.002
0.523599	0.674054	1.013609	124	69	122	0.002
-2.879793	1.870545	-2.976234	119	75	127	0.002
1.047198	2.187132	-0.479875	122	75	3	0.002
-0.785398	0.866955	-0.931351	124	61	127	0.002
1.047198	2.299159	2.264663	123	76	0	0.002
-2.094395	0.866395	-2.492918	122	74	124	0.002
0.523599	1.617114	-1.572037	0	76	5	0.002
1.570796	1.617114	-1.572037	119	68	123	0.002
2.094395	0.864993	2.278281	2	75	120	0.002
2.879793	0.864993	2.278281	125	70	4	0.002
-1.570796	1.014500	0.906702	4	70	125	0.002
1.570796	1.014500	0.906702	125	68	1	0.002
-0.261799	2.247462	0.191623	125	71	123	0.002
-0.261799	1.504028	0.636812	120	67	0	0.002
1.570796	1.504028	0.636812	119	71	124	0.002
0.000000	2.174483	2.653697	117	67	125	0.002
1.832596	2.664082	-1.071402	4	71	125	0.002
-0.523599	0.899350	-2.069907	122	72	4	0.002
1.308997	2.984978	1.954446	122	75	0	0.002
1.047198	1.135834	-1.431087	124	76	126	0.002
-0.523599	1.909857	-0.381669	126	76	121	0.002
2.617994	1.195355	1.200319	127	67	125	0.002
-1.308997	1.310100	1.488307	124	70	126	0.002
0.000000	1.310100	1.488307	3	75	122	0.002
1.308997	1.134497	-1.109631	125	74	122	0.002
2.617994	1.134497	-1.109631	125	60	125	0.002
-1.308997	0.961715	0.014085	120	73	1	0.002
-0.523599	0.961715	0.014085	119	70	122	0.002
-3.141593	1.440580	2.260026	2	74	120	0.002
2.879793	1.440580	2.260026	6	75	0	0.002
2.879793	0.290380	-0.796960	123	71	2	0.002
0.261799	1.545873	-1.877082	120	75	3	0.002
2.094395	1.545873	-1.877082	120	71	124	0.002
-0.261799	1.836682	-0.676006	7	74	123	0.002
-0.523599	1.948085	-2.363031	127	69	123	0.002
0.261799	0.591903	2.010408	122	75	2	0.002
2.094395	2.592629	0.909713	119	76	124	0.002
-2.879793	0.619654	-2.216909	121	70	126	0.002
1.832596	2.138223	1.678323	121	75	127	0.002
-2.617994	2.478122	2.609777	121	71	127	0.002
2.879793	1.699788	2.452890	120	70	0	0.002
-0.523599	1.488617	1.159546	124	76	125	0.002
0.000000	1.488617	1.159546	3	69	121	0.002
0.785398	1.488617	1.159546	125	71	2	0.002
-0.523599	1.606104	-0.451151	127	73	4	0.002
-1.308997	1.506530	1.988858	122	68	127	0.002
1.832596	1.506530	1.988858	122	71	124	0.002
1.308997	1.977582	0.969896	4	75	1	0.002
2.094395	1.555207	1.708892	1	71	122	0.002
-2.094395	0.571433	-1.188419	122	76	123	0.002
1.047198	1.982574	-1.115518	4	75	126	0.002
1.308997	1.982574	-1.115518	4	74	2	0.002
2.094395	0.297065	2.160177	122	71	122	0.002
-0.785398	1.242974	-2.977882	125	71	1	0.002
2.879793	0.992645	-1.723759	1	68	125	0.002
0.000000	1.872854	1.543456	120	73	0	0.002
1.047198	1.872854	1.543456	123	60	125	0.002
0.785398	1.050534	3.042579	123	72	0	0.002
2.356194	1.050534	3.042579	120	62	0	0.002
-0.261799	2.588535	-2.976617	124	71	126	0.002
-2.356194	1.391910	3.030322	121	60	125	0.002
-1.047198	2.063651	-2.044600	124	71	125	0.002
-0.523599	2.063651	-2.044600	127	72	122	0.002
0.785398	2.063651	-2.044600	119	76	127	0.002
1.047198	0.700570	1.559208	126	69	2	0.002
2.356194	0.700570	1.559208	1	72	127	0.002
0.523599	1.025536	1.576859	4	75	126	0.002
1.047198	0.960688	-0.577532	119	69	126	0.002
2.879793	0.960688	-0.577532	6	70	125	0.002
1.832596	1.824694	1.850876	0	75	122	0.002
1.832596	2.704512	1.488683	5	73	126	0.002
1.047198	0.910508	1.903534	124	76	127	0.002
-1.832596	1.683268	0.374177	126	75	2	0.002
0.261799	1.683268	0.374177	117	70	0	0.002
0.785398	1.683268	0.374177	124	68	0	0.002
-0.785398	1.875281	0.107086	6	75	126	0.002
1.047198	1.875281	0.107086	6	74	127	0.002
-3.141593	1.247695	1.809890	125	75	121	0.002
-1.308997	1.301460	-0.509251	1	69	3	0.002
-0.261799	1.301460	-0.509251	3	70	1	0.002
-1.570796	1.904882	-1.478089	2	75	120	0.002
0.785398	0.496451	0.593859	0	63	0	0.002
-1.832596	1.658653	-2.409879	4	75	127	0.002
-0.785398	1.658653	-2.409879	126	71	123	0.002
0.523599	1.658653	-2.409879	121	70	121	0.002
-1.570796	0.418037	1.360082	2	76	5	0.002
2.879793	0.418037	1.360082	121	67	2	0.002
0.000000	1.214854	-1.966664	123	50	126	0.002
0.785398	1.448123	-2.163292	126	60	125	0.002
1.308997	2.455966	-0.641220	122	60	126	0.002
2.356194	2.455966	-0.641220	121	71	1	0.002
2.617994	2.455966	-0.641220	127	70	124	0.002
1.047198	1.662363	0.915448	124	70	122	0.002
-2.356194	2.174483	2.653697	1	64	0	0.002
-0.785398	0.850607	-1.335383	0	67	1	0.002
-0.523599	1.741644	-2.695914	2	68	120	0.002
2.879793	1.325504	-1.671296	4	68	125	0.002
-1.832596	0.571433	-1.188419	4	68	2	0.002
0.523599	1.721184	-0.153948	127	65	0	0.002
-2.617994	0.700570	1.559208	123	64	125	0.002
-2.356194	1.128190	-2.288622	2	63	127	0.002
2.094395	2.404280	-0.174044	127	54	124	0.002
1.570796	0.615174	-0.666022	1	58	126	0.002
-0.261799	0.850607	-1.335383	1	68	124	0.002
-1.308997	0.866955	-0.931351	0	61	126	0.002
0.261799	0.864993	2.278281	123	66	4	0.002
-1.047198	1.194549	-0.801900	126	63	0	0.002
0.261799	2.174483	2.653697	127	66	126	0.002
