168	1.2	1
-2.356194	2.349581	-2.702517
0.000000	0.000000	0.000000
1ext.pdb	3.760	-23.185	-17.834
model.B99990005.pdb	-5.846	-27.306	-10.135
-0.523599	2.063651	-2.044600	39	40	152	52.838
-2.617994	1.555207	1.708892	18	47	159	52.611
-1.308997	2.664082	-1.071402	22	40	137	51.173
-0.523599	1.617114	-1.572037	41	34	149	51.102
1.570796	1.732874	-0.951685	25	27	138	50.038
2.879793	2.349581	-2.702517	27	37	135	49.835
1.570796	0.866955	-0.931351	29	41	139	48.380
-0.785398	1.756530	-2.105156	39	32	146	47.578
2.879793	2.041297	-2.664597	28	42	138	47.367
-1.047198	2.063651	-2.044600	40	29	151	47.309
1.308997	1.732874	-0.951685	23	25	138	47.147
-0.785398	2.063651	-2.044600	40	36	150	46.990
-2.356194	1.696674	-1.253233	14	26	133	46.828
-0.523599	1.756530	-2.105156	37	38	145	46.675
-0.785398	1.846342	-1.796954	40	32	149	46.404
-2.094395	1.301460	-0.509251	34	22	148	46.344
-0.261799	1.617114	-1.572037	38	38	149	46.246
-0.523599	1.846342	-1.796954	39	37	149	46.093
-2.094395	1.433411	-1.035986	10	26	135	46.064
1.832596	1.982574	-1.115518	25	29	137	46.047
-0.785398	1.617114	-1.572037	41	28	149	45.815
0.261799	1.433411	-1.035986	24	54	149	45.757
-0.261799	1.301460	-0.509251	25	40	147	45.735
2.617994	2.349581	-2.702517	31	55	151	45.720
-1.832596	1.658653	-2.409879	27	30	139	45.680
1.308997	0.960688	-0.577532	29	46	142	45.625
-0.261799	1.545873	-1.877082	35	38	144	45.597
0.523599	1.413347	-1.339188	23	32	133	45.589
-2.617994	1.545873	-1.877082	21	38	132	45.540
2.094395	2.881233	-2.582574	41	39	138	45.038
-0.523599	1.413347	-1.339188	41	32	149	44.993
-1.047198	2.251330	-2.330739	41	34	153	44.954
0.785398	1.135834	-1.431087	29	27	135	44.859
0.000000	2.063651	-2.044600	16	22	134	44.483
-2.617994	1.448123	-2.163292	24	44	136	44.443
-1.832596	1.870545	-2.976234	31	38	144	44.395
-1.832596	2.033014	2.977192	31	42	149	44.365
0.261799	1.045978	0.343692	20	37	146	44.293
-0.785398	2.180315	-1.357379	158	20	12	44.280
-1.570796	1.510910	-0.740472	38	29	151	44.280
0.000000	1.545873	-1.877082	32	42	144	44.205
1.832596	2.104282	-0.813972	21	32	137	44.178
1.047198	0.685216	-1.712745	26	35	138	44.069
0.785398	2.343981	-1.040456	24	37	134	44.027
0.523599	1.134497	-1.109631	20	50	143	44.023
-1.832596	1.741644	-2.695914	28	34	140	43.871
0.261799	2.984978	1.954446	39	30	134	43.841
-2.094395	1.569311	-3.003978	27	35	140	43.819
-0.785398	1.904882	-1.478089	43	29	154	43.758
-2.356194	1.569311	-3.003978	26	32	139	43.734
1.570796	1.982574	-1.115518	25	26	138	43.687
-1.570796	2.041297	-2.664597	129	30	19	43.667
0.785398	1.440580	2.260026	10	43	150	43.646
-2.356194	1.113094	-0.272241	29	19	144	43.621
-2.094395	1.741644	-2.695914	28	30	141	43.452
-2.356194	1.617114	-1.572037	16	33	131	43.438
1.047198	0.458961	-0.107937	38	28	153	43.311
1.308997	1.135813	-2.658866	16	29	136	43.290
-2.356194	1.736875	3.023612	31	33	143	43.146
1.832596	1.433411	-1.035986	31	27	139	43.089
-1.832596	2.349581	-2.702517	42	24	155	42.919
2.094395	2.379497	0.561089	16	39	125	42.830
-2.356194	1.683268	0.374177	25	27	152	42.734
1.832596	0.866955	-0.931351	36	29	145	42.670
-2.617994	1.617114	-1.572037	17	32	132	42.625
-2.356194	1.658653	-2.409879	29	44	137	42.594
1.832596	2.984978	1.954446	28	41	141	42.483
-1.047198	1.948085	-2.363031	41	34	147	42.463
-1.570796	2.349581	-2.702517	43	30	155	42.316
-1.047198	2.153910	-1.714959	43	25	156	42.292
-0.261799	0.080730	-2.622036	26	15	138	42.286
0.523599	1.413430	2.550734	16	18	153	42.250
-1.570796	2.251330	-2.330739	43	23	153	42.235
-1.570796	1.982574	-1.115518	17	43	136	42.216
-1.832596	1.510910	-0.740472	34	26	151	42.153
2.094395	2.343981	-1.040456	21	31	135	42.151
-2.094395	2.456751	-1.503343	24	43	139	42.125
-2.617994	1.569311	-3.003978	24	28	139	42.109
1.570796	1.836682	-0.676006	24	32	137	42.092
-0.523599	1.904882	-1.478089	42	34	155	42.058
0.261799	1.214854	-1.966664	28	39	139	42.049
1.570796	2.180315	-1.357379	21	22	138	42.044
-2.094395	1.736875	3.023612	31	38	144	41.983
-1.832596	2.138223	1.678323	2	35	148	41.920
2.617994	1.135813	-2.658866	9	31	132	41.906
-1.047198	2.396274	-1.959260	42	28	158	41.823
0.523599	1.135834	-1.431087	27	24	135	41.684
1.570796	1.433411	-1.035986	28	23	139	41.660
-1.832596	2.251330	-2.330739	40	19	153	41.651
-0.523599	1.545873	-1.877082	36	34	144	41.377
-0.785398	1.872854	1.543456	10	60	152	41.313
-2.356194	1.870545	-2.976234	29	28	143	41.275
1.570796	1.194549	-0.801900	31	28	140	41.256
-0.261799	1.846342	-1.796954	37	42	149	41.252
0.261799	1.194549	-0.801900	25	51	147	41.200
-1.308997	2.579248	-2.364801	42	30	159	41.178
-1.570796	1.194549	-0.801900	3	39	141	41.168
-0.785398	1.545873	-1.877082	38	30	143	41.124
0.523599	1.310100	1.488307	14	40	149	41.081
-1.047198	1.756530	-2.105156	39	29	144	41.073
-1.570796	2.579248	-2.364801	131	35	0	41.042
1.832596	2.343981	-1.040456	20	28	136	40.946
-0.785398	2.396274	-1.959260	42	34	158	40.917
0.261799	1.335669	0.897240	22	39	150	40.916
-1.308997	2.251330	-2.330739	42	30	153	40.848
-2.094395	2.719179	-1.780644	26	44	141	40.810
-2.094395	1.696674	-1.253233	18	26	133	40.810
-2.356194	1.310100	1.488307	42	27	152	40.801
0.523599	2.153910	-1.714959	16	59	154	40.739
-1.570796	1.732874	-0.951685	37	31	154	40.736
0.523599	0.709924	0.218797	36	44	154	40.725
-1.570796	1.301460	-0.509251	5	33	137	40.709
1.047198	1.658653	-2.409879	9	41	141	40.676
-2.617994	1.599406	1.426070	17	47	160	40.594
-0.261799	1.214854	-1.966664	32	34	139	40.552
1.832596	1.134497	-1.109631	33	25	141	40.536
2.617994	2.587733	0.232235	150	16	34	40.490
0.785398	1.247695	1.809890	12	39	148	40.466
-2.879793	1.184361	0.625864	128	30	163	40.444
1.047198	1.134497	-1.109631	28	36	135	40.440
-1.570796	2.664082	-1.071402	23	38	137	40.431
1.308997	1.510910	-0.740472	27	27	139	40.427
2.617994	0.929350	-2.910676	15	33	131	40.406
0.523599	1.488617	1.159546	14	41	151	40.381
0.785398	1.310100	1.488307	12	40	149	40.350
0.261799	0.709924	0.218797	34	38	153	40.339
2.879793	0.615174	-0.666022	6	38	143	40.317
1.047198	0.960688	-0.577532	32	43	142	40.306
-0.785398	2.153910	-1.714959	41	31	155	40.253
-2.356194	1.025536	1.576859	40	30	147	40.207
1.570796	0.615174	-0.666022	37	28	149	40.206
0.000000	2.251330	-2.330739	13	27	134	40.177
-2.356194	1.433411	-1.035986	25	15	147	40.155
-1.308997	2.063651	-2.044600	43	24	151	40.153
-1.832596	2.180315	-1.357379	21	45	139	40.123
1.832596	2.379497	0.561089	17	38	125	40.069
-2.094395	1.870545	-2.976234	31	33	143	40.042
0.523599	1.247695	1.809890	15	40	149	40.017
2.617994	2.588535	-2.976617	35	24	139	40.008
-3.141593	0.418037	1.360082	127	23	22	39.999
1.047198	0.906588	1.252948	44	46	160	39.930
0.785398	1.134497	-1.109631	16	49	143	39.923
1.832596	1.696674	-1.253233	28	23	138	39.903
-2.356194	1.904882	-1.478089	21	25	133	39.794
1.308997	2.153910	-1.714959	167	55	155	39.788
-0.261799	1.510910	-0.740472	28	21	136	39.716
-2.356194	1.809167	1.213774	27	24	154	39.702
-2.617994	2.115563	0.685730	27	15	160	39.668
-2.617994	1.450119	-2.739050	20	28	136	39.665
-2.356194	1.756530	-2.105156	25	38	133	39.652
2.094395	2.115563	0.685730	22	44	127	39.652
-2.094395	1.194549	-0.801900	33	23	145	39.626
-0.523599	1.433411	-1.035986	18	20	133	39.624
-2.879793	1.506530	1.988858	24	48	158	39.598
-1.047198	1.391910	3.030322	143	9	37	39.592
-1.308997	1.450119	-2.739050	137	26	32	39.586
1.832596	1.247695	1.809890	31	35	161	39.584
0.261799	1.510910	-0.740472	24	54	153	39.547
1.308997	1.374601	-2.456031	24	20	136	39.534
1.832596	2.180315	-1.357379	23	24	137	39.475
-0.261799	2.724429	-0.348782	24	36	136	39.442
-2.356194	1.545873	-1.877082	17	38	132	39.428
1.047198	0.899350	-2.069907	23	34	137	39.400
1.047198	0.762244	-0.273349	32	46	147	39.394
-1.308997	1.569311	-3.003978	136	19	34	39.387
1.047198	1.374601	-2.456031	13	37	137	39.349
-2.094395	2.033014	2.977192	33	37	148	39.344
-2.617994	1.506530	1.988858	18	48	157	39.301
1.308997	0.615174	-0.666022	33	43	144	39.262
0.261799	1.134497	-1.109631	26	49	143	39.252
1.308997	0.762244	-0.273349	28	49	147	39.227
-3.141593	0.685216	-1.712745	152	35	21	39.212
1.047198	2.724429	-0.348782	6	25	128	39.200
-1.832596	2.108018	1.311430	35	23	161	39.182
0.785398	2.180315	-1.357379	24	32	132	39.163
0.261799	1.545873	-1.877082	29	44	144	39.128
-2.094395	2.881233	-2.582574	141	40	162	39.091
0.261799	2.063651	-2.044600	19	22	134	39.080
-3.141593	1.869911	2.701025	29	43	145	39.062
1.570796	1.510910	-0.740472	29	31	139	39.000
0.261799	1.184361	0.625864	22	38	148	38.994
1.832596	2.587733	0.232235	13	31	125	38.985
1.832596	2.881233	-2.582574	42	30	139	38.951
-0.261799	1.732874	-0.951685	158	31	11	38.948
-2.879793	0.674054	1.013609	124	25	13	38.929
-0.785398	1.448123	-2.163292	37	30	140	38.912
-1.832596	1.301460	-0.509251	34	25	147	38.892
2.879793	1.135813	-2.658866	11	31	132	38.885
0.785398	1.128190	-2.288622	19	30	136	38.877
1.047198	1.128190	-2.288622	19	37	135	38.850
2.356194	1.135813	-2.658866	9	35	132	38.809
-0.261799	2.251330	-2.330739	24	57	151	38.792
2.879793	2.164094	-2.991358	31	41	138	38.770
0.261799	2.455966	-0.641220	32	17	139	38.732
1.570796	2.587733	0.232235	12	31	126	38.720
-0.785398	1.374601	-2.456031	32	33	136	38.687
-2.094395	2.174483	2.653697	34	41	155	38.656
-0.523599	1.301460	-0.509251	27	38	148	38.642
-1.047198	1.904882	-1.478089	42	23	154	38.592
-2.356194	1.846342	-1.796954	25	31	133	38.577
-0.785398	1.510910	-0.740472	46	36	155	38.509
-2.356194	1.824694	1.850876	13	47	153	38.502
2.879793	0.733948	3.021411	21	35	131	38.480
2.617994	2.041297	-2.664597	31	55	159	38.447
-1.047198	1.510910	-0.740472	48	29	156	38.427
0.523599	1.194549	-0.801900	18	49	146	38.424
1.832596	2.456751	-1.503343	22	24	136	38.423
-1.832596	2.174483	2.653697	31	45	154	38.414
-2.094395	1.374601	-2.456031	22	30	136	38.409
0.785398	1.195355	1.200319	13	38	147	38.385
-1.832596	1.374601	-2.456031	25	36	139	38.382
1.308997	2.588535	-2.976617	45	21	148	38.379
-0.261799	1.756530	-2.105156	32	42	144	38.332
2.879793	1.869911	2.701025	40	25	150	38.284
0.000000	1.214854	-1.966664	31	37	139	38.249
-2.094395	0.960688	-0.577532	31	23	141	38.221
-2.356194	1.448123	-2.163292	21	44	135	38.220
-2.094395	2.349581	-2.702517	40	18	154	38.207
2.356194	1.413430	2.550734	140	2	3	38.204
-1.308997	1.872854	1.543456	33	45	158	38.171
1.047198	2.343981	-1.040456	24	39	133	38.169
0.785398	2.251330	-2.330739	21	31	135	38.163
0.000000	2.187132	-0.479875	34	35	138	38.123
-1.832596	2.164094	-2.991358	24	50	141	38.118
-0.523599	1.606104	-0.451151	27	40	151	38.112
-0.523599	1.448123	-2.163292	36	36	139	38.088
-0.523599	2.153910	-1.714959	41	37	155	38.080
2.356194	0.866395	-2.492918	10	40	134	38.078
-1.570796	1.870545	-2.976234	130	24	27	38.047
0.523599	0.496451	0.593859	39	31	156	38.032
-1.308997	2.979456	-1.009304	27	40	139	38.017
-1.047198	2.979456	-1.009304	25	42	138	38.004
0.785398	0.674054	1.013609	53	35	160	37.961
-1.832596	1.732874	-0.951685	37	25	155	37.958
-1.832596	0.960688	-0.577532	1	40	143	37.933
-1.308997	1.732874	-0.951685	10	39	135	37.916
2.356194	1.662363	0.915448	37	40	161	37.901
-1.570796	2.138223	1.678323	1	32	148	37.853
1.570796	2.396274	-1.959260	33	13	144	37.844
1.308997	0.866955	-0.931351	31	37	139	37.830
-1.047198	0.961715	0.014085	45	35	145	37.806
-0.261799	1.721184	-0.153948	25	42	153	37.772
-1.832596	1.448123	-2.163292	22	29	136	37.740
0.261799	1.367556	0.358405	20	39	149	37.736
-2.094395	2.138223	1.678323	10	42	148	37.635
0.523599	2.456751	-1.503343	18	35	132	37.627
-2.094395	1.450119	-2.739050	25	38	139	37.623
-1.308997	1.824694	1.850876	37	29	158	37.621
0.000000	1.948085	-2.363031	12	19	137	37.574
-0.785398	0.831641	0.616218	40	43	144	37.570
0.785398	0.458961	-0.107937	36	42	150	37.560
1.047198	2.349581	-2.702517	40	1	157	37.479
-0.261799	2.063651	-2.044600	37	45	151	37.456
2.879793	0.290380	-0.796960	9	43	144	37.452
-1.047198	2.719179	-1.780644	133	33	159	37.449
1.047198	2.104282	-0.813972	31	37	136	37.445
0.523599	1.168678	2.108595	16	40	148	37.444
0.785398	0.709924	0.218797	18	32	143	37.401
-0.523599	2.393226	1.857173	8	59	154	37.392
-0.261799	2.456751	-1.503343	24	18	135	37.347
-2.617994	1.247695	1.809890	21	47	162	37.332
2.094395	2.174483	2.653697	31	39	139	37.325
-2.879793	1.809167	1.213774	21	47	157	37.325
-2.617994	1.812176	0.656819	20	25	152	37.316
-2.617994	1.683268	0.374177	19	25	151	37.280
2.356194	1.574060	2.783565	139	1	6	37.177
-0.785398	2.251330	-2.330739	41	41	154	37.171
-1.047198	1.658653	-2.409879	36	32	141	37.148
1.308997	2.063651	-2.044600	164	52	150	37.145
0.261799	0.914445	2.687814	7	39	132	37.110
-1.308997	1.242974	-2.977882	145	22	38	37.107
-1.570796	2.180315	-1.357379	17	47	138	37.075
-1.832596	0.203748	0.590255	33	23	132	37.072
-1.832596	1.433411	-1.035986	14	26	135	37.068
-0.785398	1.218453	2.777284	154	6	39	37.064
-1.832596	1.194549	-0.801900	9	23	138	37.060
2.356194	2.579248	-2.364801	42	44	144	37.057
1.308997	2.587733	0.232235	39	27	141	37.040
-1.570796	1.948085	-2.363031	18	41	134	37.035
0.523599	2.180315	-1.357379	24	29	132	36.981
-0.523599	1.325504	-1.671296	39	31	143	36.979
1.308997	1.448123	-2.163292	24	27	135	36.964
-2.617994	1.766067	2.153843	19	47	152	36.938
-2.094395	1.658653	-2.409879	26	31	137	36.915
-2.879793	1.555207	1.708892	23	47	159	36.895
0.000000	0.700570	1.559208	50	22	2	36.888
1.047198	1.574060	2.783565	18	32	154	36.885
-2.617994	0.831641	0.616218	124	27	4	36.884
0.785398	1.194549	-0.801900	32	39	139	36.883
-0.523599	0.290380	-0.796960	36	29	133	36.876
-0.523599	1.510910	-0.740472	43	42	155	36.873
1.047198	2.587733	0.232235	38	23	140	36.871
-0.261799	1.433411	-1.035986	158	33	7	36.832
2.617994	2.295480	1.008277	33	43	148	36.828
-3.141593	2.041297	-2.664597	26	45	137	36.821
0.000000	2.343981	-1.040456	29	14	138	36.805
-0.785398	1.194549	-0.801900	36	48	144	36.794
-0.261799	2.407836	1.410646	35	18	134	36.783
2.617994	1.050534	3.042579	148	7	4	36.783
0.261799	1.014500	0.906702	21	38	147	36.781
0.785398	1.113094	-0.272241	33	46	147	36.778
1.570796	2.104282	-0.813972	23	32	137	36.738
-0.261799	1.014500	0.906702	26	37	145	36.737
-1.832596	1.450119	-2.739050	25	39	139	36.714
2.617994	0.866395	-2.492918	10	39	133	36.714
-0.261799	0.866955	-0.931351	37	42	140	36.710
-0.261799	1.325504	-1.671296	36	36	143	36.689
0.000000	1.045978	0.343692	22	37	146	36.685
0.523599	1.214854	-1.966664	27	42	139	36.677
-0.261799	1.836682	-0.676006	30	27	135	36.670
2.356194	1.050534	3.042579	148	9	5	36.639
-1.832596	2.115563	0.685730	33	22	159	36.636
0.261799	2.724429	-0.348782	31	19	137	36.567
-1.047198	2.863997	0.549740	30	34	129	36.567
-1.570796	2.407836	1.410646	4	31	144	36.539
-1.047198	1.977582	0.969896	34	31	159	36.538
-0.261799	2.187132	-0.479875	35	31	137	36.536
1.308997	2.984978	1.954446	34	16	143	36.533
1.047198	1.247695	1.809890	11	37	148	36.504
-1.570796	2.033014	2.977192	30	46	149	36.497
2.617994	2.174483	2.653697	28	48	139	36.470
2.356194	0.674054	1.013609	25	4	148	36.461
1.047198	1.301460	-0.509251	31	28	140	36.392
0.261799	0.910508	1.903534	20	39	145	36.374
2.879793	1.998705	2.370472	34	38	148	36.360
-1.570796	1.741644	-2.695914	28	38	140	36.356
2.617994	0.640596	-2.797608	17	41	132	36.328
0.523599	2.455966	-0.641220	35	19	139	36.318
1.047198	0.866395	-2.492918	22	29	135	36.291
-1.047198	2.180315	-1.357379	158	19	13	36.284
2.879793	2.174483	2.653697	33	36	144	36.280
1.308997	2.404280	-0.174044	145	27	30	36.277
2.094395	1.135813	-2.658866	7	34	134	36.276
0.000000	0.866955	-0.931351	33	45	140	36.272
-3.141593	2.579248	-2.364801	26	33	133	36.272
-1.308997	1.741644	-2.695914	130	25	27	36.263
1.047198	0.866955	-0.931351	33	36	138	36.235
-2.617994	1.870545	-2.976234	26	24	143	36.200
-2.356194	1.741644	-2.695914	25	26	140	36.183
1.047198	1.194549	-0.801900	29	42	138	36.182
-3.141593	1.599406	1.426070	27	47	160	36.174
2.879793	2.108018	1.311430	31	45	151	36.150
-1.308997	1.870545	-2.976234	128	18	27	36.150
1.047198	1.846342	-1.796954	5	54	147	36.136
-0.785398	2.295480	1.008277	23	19	129	36.133
-2.094395	1.510910	-0.740472	32	20	151	36.129
2.094395	1.699788	2.452890	137	6	8	36.125
1.570796	0.831641	0.616218	45	49	150	36.117
-0.785398	2.579248	-2.364801	20	45	135	36.114
-1.308997	1.982574	-1.115518	13	43	135	36.107
-2.356194	0.370812	-2.547742	148	29	25	36.088
0.261799	1.504028	0.636812	20	39	151	36.078
2.879793	1.741644	-2.695914	29	47	142	36.046
0.785398	0.762244	-0.273349	36	43	148	36.033
0.261799	1.135813	-2.658866	26	7	156	36.033
-2.879793	2.881233	-2.582574	32	56	141	35.999
-0.261799	1.417623	-0.202254	25	40	150	35.996
-0.785398	1.662363	0.915448	33	35	154	35.994
2.879793	1.870545	-2.976234	32	45	143	35.990
2.356194	2.295480	1.008277	30	12	167	35.985
-0.523599	0.458961	-0.107937	34	38	135	35.977
-2.879793	2.396274	-1.959260	23	35	131	35.973
-1.832596	1.948085	-2.363031	23	41	135	35.972
1.570796	1.135813	-2.658866	16	27	135	35.963
0.523599	1.335669	0.897240	13	39	149	35.955
-2.617994	1.846342	-1.796954	25	30	133	35.944
-1.308997	2.396274	-1.959260	43	24	158	35.925
-3.141593	2.251330	-2.330739	22	40	134	35.918
1.570796	2.588535	-2.976617	47	27	148	35.892
1.308997	0.458961	-0.107937	38	35	152	35.885
-2.356194	2.115563	0.685730	30	17	160	35.852
-0.523599	2.180315	-1.357379	155	21	11	35.841
-1.832596	0.615174	-0.666022	145	37	24	35.831
-2.094395	1.662363	0.915448	166	11	142	35.830
-1.832596	0.866955	-0.931351	4	48	148	35.827
-3.141593	2.356369	3.005869	28	35	139	35.810
1.308997	2.592629	0.909713	38	23	141	35.803
0.261799	1.413347	-1.339188	26	53	145	35.799
-2.617994	1.662363	0.915448	15	35	151	35.799
1.308997	0.418037	1.360082	31	50	166	35.778
1.308997	0.685216	-1.712745	25	38	138	35.770
0.261799	0.418037	1.360082	51	29	1	35.765
0.785398	2.299159	2.264663	28	10	142	35.764
-1.308997	0.203748	0.590255	33	30	132	35.760
-2.356194	1.948085	-2.363031	29	27	136	35.759
-2.879793	2.247462	0.191623	24	16	160	35.748
-2.879793	1.242974	-2.977882	35	34	143	35.742
0.000000	2.984978	1.954446	37	28	132	35.714
-1.570796	1.413347	-1.339188	37	31	145	35.689
-1.047198	1.545873	-1.877082	37	43	143	35.686
-1.308997	1.555207	1.708892	34	45	151	35.686
-3.141593	1.135813	-2.658866	14	31	133	35.671
-2.617994	1.736875	3.023612	29	29	143	35.662
1.308997	1.134497	-1.109631	27	37	135	35.652
0.000000	1.194549	-0.801900	32	49	147	35.623
0.000000	2.299159	2.264663	14	43	155	35.612
0.261799	2.251330	-2.330739	8	27	133	35.610
-0.785398	1.948085	-2.363031	37	37	146	35.605
-0.261799	2.153910	-1.714959	39	42	155	35.605
0.523599	0.700570	1.559208	42	37	167	35.604
-3.141593	1.506530	1.988858	28	46	158	35.595
0.261799	1.756530	-2.105156	25	48	144	35.564
1.832596	0.379747	-1.713059	17	31	130	35.557
0.261799	2.587733	0.232235	30	14	140	35.551
-0.785398	1.433411	-1.035986	31	20	137	35.521
-0.261799	1.904882	-1.478089	40	40	155	35.516
0.785398	0.906588	1.252948	15	36	144	35.498
-1.570796	1.554776	0.100351	47	22	160	35.495
2.879793	0.203748	0.590255	10	48	163	35.491
-0.261799	1.247695	1.809890	27	40	149	35.489
2.094395	2.180315	-1.357379	17	27	133	35.481
-2.356194	2.138223	1.678323	14	44	148	35.478
0.785398	2.979456	-1.009304	28	33	133	35.470
-1.832596	1.134497	-1.109631	8	29	134	35.465
-1.047198	1.555207	1.708892	36	34	153	35.464
2.094395	2.592629	0.909713	37	36	141	35.463
-1.308997	0.496451	0.593859	40	31	137	35.453
2.617994	1.809167	1.213774	20	20	156	35.452
1.047198	0.674054	1.013609	50	44	160	35.447
-1.047198	1.721184	-0.153948	46	34	163	35.447
0.523599	1.325504	-1.671296	18	26	132	35.439
-2.617994	1.374601	-2.456031	147	32	29	35.439
-2.617994	1.809167	1.213774	21	23	153	35.429
-0.523599	2.138223	1.678323	5	58	153	35.424
-2.094395	2.760637	2.781135	22	35	136	35.414
-2.094395	1.869911	2.701025	33	41	150	35.410
1.047198	1.741644	-2.695914	6	37	141	35.402
-0.785398	1.554776	0.100351	31	36	152	35.399
1.570796	2.349581	-2.702517	47	22	154	35.383
-2.617994	1.367556	0.358405	1	34	137	35.379
-0.785398	1.413347	-1.339188	41	26	149	35.370
-1.047198	1.504028	0.636812	33	32	151	35.364
-2.617994	1.301460	-0.509251	20	29	146	35.354
-1.832596	0.419640	2.974122	23	37	127	35.340
1.047198	2.153910	-1.714959	5	58	154	35.335
2.356194	2.760637	2.781135	38	23	143	35.328
-1.832596	2.407836	1.410646	3	34	143	35.325
-2.617994	2.073035	2.027405	27	40	155	35.322
1.047198	2.180315	-1.357379	9	59	159	35.318
2.356194	2.174483	2.653697	31	44	140	35.314
0.000000	2.704512	1.488683	38	27	133	35.305
-1.570796	0.203748	0.590255	132	12	23	35.297
1.308997	0.709924	0.218797	53	31	149	35.277
2.356194	0.929350	-2.910676	147	8	3	35.265
-2.879793	1.135813	-2.658866	15	31	133	35.263
1.832596	2.295480	1.008277	42	31	147	35.262
-1.047198	2.579248	-2.364801	41	34	160	35.250
-1.047198	2.041297	-2.664597	40	39	148	35.214
-3.141593	2.407836	1.410646	26	45	145	35.190
-1.832596	2.041297	-2.664597	23	45	136	35.188
-0.785398	0.914445	2.687814	162	12	40	35.180
-0.785398	1.367556	0.358405	31	35	150	35.168
-2.879793	0.899350	-2.069907	23	13	133	35.163
1.047198	0.992645	-1.723759	29	21	136	35.152
1.570796	2.592629	0.909713	39	27	141	35.145
-0.785398	1.335669	0.897240	32	34	150	35.122
-1.832596	1.014500	0.906702	143	21	26	35.094
-2.094395	2.073035	2.027405	11	42	147	35.085
-0.523599	2.349581	-2.702517	24	57	152	35.082
-2.617994	1.488617	1.159546	21	25	150	35.071
0.785398	2.104282	-0.813972	34	35	136	35.036
0.261799	2.180315	-1.357379	31	16	139	35.034
-2.094395	2.108018	1.311430	33	19	161	35.019
0.000000	1.510910	-0.740472	32	51	155	35.016
0.523599	2.724429	-0.348782	33	22	137	35.014
-0.785398	2.456751	-1.503343	156	18	14	35.004
0.000000	0.571433	-1.188419	33	38	133	35.003
1.570796	2.063651	-2.044600	161	48	150	34.995
-2.879793	1.658653	-2.409879	151	40	23	34.993
-1.832596	2.456751	-1.503343	24	46	141	34.982
-2.094395	2.393226	1.857173	13	42	143	34.980
1.308997	1.998705	2.370472	38	16	147	34.979
1.047198	2.704512	1.488683	42	45	137	34.967
0.785398	2.724429	-0.348782	35	25	137	34.959
-0.261799	1.194549	-0.801900	37	47	147	34.953
1.832596	2.478122	2.609777	35	23	138	34.947
0.785398	0.899350	-2.069907	22	31	137	34.947
-3.141593	0.379747	-1.713059	8	34	127	34.920
-0.785398	1.812176	0.656819	33	35	156	34.919
-2.356194	0.618092	2.539118	20	43	131	34.903
1.570796	2.407836	1.410646	40	23	144	34.902
-1.570796	1.335669	0.897240	138	16	21	34.897
-0.523599	1.335669	0.897240	30	36	150	34.893
2.879793	2.592629	0.909713	28	42	143	34.892
-2.617994	1.756530	-2.105156	29	35	135	34.868
-1.832596	1.736875	3.023612	29	42	145	34.866
2.094395	1.982574	-1.115518	27	31	137	34.861
0.000000	1.325504	-1.671296	34	39	143	34.849
1.570796	2.404280	-0.174044	19	57	141	34.848
0.523599	2.719179	-1.780644	10	43	133	34.845
-1.570796	1.658653	-2.409879	28	34	139	34.845
1.832596	1.574060	2.783565	43	27	151	34.845
-2.356194	2.073035	2.027405	15	44	147	34.841
-3.141593	1.846342	-1.796954	30	27	136	34.832
-3.141593	0.906588	1.252948	6	47	158	34.818
1.047198	2.592629	0.909713	36	19	141	34.812
2.356194	2.041297	-2.664597	34	51	158	34.803
-2.094395	1.256302	0.062705	165	31	132	34.783
0.000000	1.335669	0.897240	25	39	150	34.782
-1.308997	1.948085	-2.363031	42	28	146	34.781
-2.617994	2.979456	-1.009304	34	40	132	34.780
-2.094395	1.617114	-1.572037	19	33	132	34.779
2.879793	1.809167	1.213774	30	45	157	34.769
-0.261799	0.571433	-1.188419	35	35	133	34.769
-1.308997	2.041297	-2.664597	42	33	148	34.766
-2.879793	0.685216	-1.712745	149	34	21	34.761
-2.879793	0.831641	0.616218	128	33	3	34.757
1.308997	1.128190	-2.288622	29	22	137	34.743
-1.308997	1.812176	0.656819	35	29	155	34.741
-2.094395	1.184361	0.625864	141	23	23	34.720
-2.356194	1.812176	0.656819	23	26	152	34.717
-1.047198	0.910508	1.903534	32	5	8	34.716
-1.047198	1.617114	-1.572037	38	42	147	34.711
1.570796	1.824694	1.850876	43	21	153	34.708
-1.047198	1.812176	0.656819	34	32	155	34.706
0.785398	1.433411	-1.035986	154	34	19	34.694
-2.094395	1.948085	-2.363031	29	28	136	34.681
-2.094395	1.977582	0.969896	35	20	158	34.673
0.261799	2.343981	-1.040456	32	17	139	34.672
0.000000	2.455966	-0.641220	29	14	139	34.671
2.356194	0.619654	-2.216909	15	23	130	34.656
-1.308997	2.138223	1.678323	4	30	148	34.656
-2.356194	2.393226	1.857173	16	44	143	34.655
-1.308997	2.349581	-2.702517	42	34	155	34.654
2.094395	2.664082	-1.071402	25	36	135	34.650
-0.785398	1.504028	0.636812	32	35	151	34.650
-2.356194	1.391910	3.030322	27	36	140	34.648
-0.785398	0.458961	-0.107937	36	34	135	34.644
-1.047198	0.762244	-0.273349	42	32	140	34.636
-1.832596	1.756530	-2.105156	17	37	131	34.636
-1.570796	1.134497	-1.109631	11	28	134	34.633
-0.523599	0.961715	0.014085	38	46	145	34.631
0.785398	1.168678	2.108595	13	40	148	34.624
2.617994	1.413430	2.550734	39	22	154	34.623
-1.308997	1.554776	0.100351	47	29	160	34.618
2.879793	0.640596	-2.797608	22	18	131	34.616
-3.141593	2.349581	-2.702517	25	38	135	34.615
2.356194	1.869911	2.701025	35	16	150	34.613
2.094395	2.041297	-2.664597	25	23	135	34.611
0.000000	2.089241	-0.114193	14	50	157	34.607
-3.141593	1.555207	1.708892	28	46	159	34.594
0.523599	1.506530	1.988858	9	46	150	34.593
-2.094395	0.709924	0.218797	138	36	16	34.589
-2.879793	1.367556	0.358405	3	39	137	34.566
0.785398	0.571433	-1.188419	45	17	151	34.559
-3.141593	2.033014	2.977192	27	42	141	34.536
-0.261799	2.664082	-1.071402	26	20	134	34.534
-0.523599	0.831641	0.616218	43	31	161	34.525
-2.617994	2.881233	-2.582574	17	49	140	34.523
-2.094395	0.866395	-2.492918	158	28	33	34.523
-2.094395	1.732874	-0.951685	16	21	135	34.514
-0.261799	1.440580	2.260026	24	16	162	34.504
0.523599	1.025536	1.576859	17	39	146	34.501
-0.785398	0.496451	0.593859	36	39	136	34.496
2.879793	1.413347	-1.339188	19	43	132	34.493
-1.047198	1.025536	1.576859	11	58	141	34.484
-0.523599	0.929350	-2.910676	21	32	130	34.479
1.570796	2.456751	-1.503343	31	31	135	34.471
0.000000	2.456751	-1.503343	27	19	135	34.468
-2.617994	1.335669	0.897240	34	11	149	34.465
-1.832596	1.335669	0.897240	163	17	144	34.462
-2.094395	2.164094	-2.991358	33	35	143	34.456
0.000000	0.709924	0.218797	34	33	153	34.449
-2.879793	1.569311	-3.003978	36	30	143	34.438
-1.570796	0.496451	0.593859	40	26	137	34.412
0.523599	1.433411	-1.035986	29	36	135	34.399
-0.523599	1.488617	1.159546	32	165	148	34.395
-2.617994	0.910508	1.903534	36	28	140	34.381
1.570796	0.929350	-2.910676	30	13	144	34.372
-1.308997	1.417623	-0.202254	32	9	150	34.370
0.785398	2.247462	0.191623	39	17	146	34.358
-2.617994	2.108018	1.311430	17	46	151	34.356
2.356194	1.812176	0.656819	36	41	158	34.330
2.617994	1.599406	1.426070	35	41	160	34.328
0.785398	2.455966	-0.641220	37	23	140	34.324
0.523599	2.396274	-1.959260	28	21	134	34.322
1.832596	0.831641	0.616218	39	55	150	34.313
-0.785398	1.658653	-2.409879	36	38	141	34.300
-0.261799	2.704512	1.488683	37	22	133	34.296
0.000000	1.756530	-2.105156	29	45	144	34.296
0.523599	0.850607	-1.335383	23	45	137	34.294
0.261799	1.977582	0.969896	47	20	136	34.273
-2.879793	1.683268	0.374177	17	25	151	34.272
-1.308997	0.831641	0.616218	45	32	143	34.270
-3.141593	0.674054	1.013609	128	33	14	34.268
-0.261799	0.906588	1.252948	25	39	143	34.267
0.785398	0.960688	-0.577532	35	39	142	34.263
-2.094395	1.134497	-1.109631	36	10	142	34.260
1.047198	1.025536	1.576859	12	35	146	34.255
0.785398	0.290380	-0.796960	22	38	131	34.250
-1.047198	1.846342	-1.796954	40	26	149	34.248
1.308997	2.407836	1.410646	39	19	144	34.240
-2.094395	0.418037	1.360082	38	23	135	34.226
0.261799	1.310100	1.488307	19	41	149	34.222
0.261799	0.290380	-0.796960	143	6	30	34.220
-2.356194	2.719179	-1.780644	29	42	142	34.217
-2.356194	2.108018	1.311430	12	45	151	34.208
2.617994	1.696674	-1.253233	19	37	131	34.191
-1.308997	1.510910	-0.740472	6	34	135	34.184
-2.879793	2.393226	1.857173	25	44	143	34.183
-2.356194	1.413347	-1.339188	11	33	132	34.171
-1.047198	2.760637	2.781135	15	32	134	34.152
-0.785398	1.696674	-1.253233	43	27	154	34.149
-1.047198	2.664082	-1.071402	16	49	130	34.144
-2.617994	0.619654	-2.216909	146	32	21	34.144
0.785398	0.850607	-1.335383	18	44	135	34.144
0.523599	2.587733	0.232235	34	16	141	34.135
0.785398	0.379747	-1.713059	27	34	130	34.132
1.570796	1.374601	-2.456031	25	22	136	34.131
1.570796	2.379497	0.561089	42	30	145	34.130
1.832596	1.045978	0.343692	42	49	142	34.129
0.785398	1.014500	0.906702	16	36	145	34.093
-0.261799	0.700570	1.559208	36	29	165	34.086
0.000000	2.588535	-2.976617	17	21	135	34.081
-1.308997	2.033014	2.977192	27	51	149	34.061
2.356194	1.448123	-2.163292	50	17	167	34.058
1.308997	1.134796	2.434290	29	26	159	34.056
2.617994	1.014500	0.906702	30	6	155	34.048
2.356194	2.164094	-2.991358	35	34	138	34.038
0.785398	2.587733	0.232235	36	20	140	34.023
0.523599	2.984978	1.954446	34	37	132	34.022
0.785398	2.760637	2.781135	42	19	142	34.021
-2.356194	2.187132	-0.479875	31	20	160	34.021
2.617994	0.419640	2.974122	28	21	130	34.020
1.570796	2.295480	1.008277	42	26	146	34.018
-2.879793	0.929350	-2.910676	30	13	135	34.007
1.570796	1.998705	2.370472	41	20	147	34.003
1.308997	2.719179	-1.780644	25	29	134	33.999
-2.879793	1.325504	-1.671296	41	46	154	33.996
-1.308997	0.458961	-0.107937	40	24	137	33.989
-2.879793	2.108018	1.311430	21	48	151	33.987
1.047198	0.615174	-0.666022	12	41	135	33.982
-1.308997	1.721184	-0.153948	139	6	11	33.981
1.832596	2.863997	0.549740	3	36	128	33.979
-3.141593	2.299159	2.264663	139	44	17	33.978
-0.785398	1.301460	-0.509251	46	36	153	33.978
-2.094395	0.685216	-1.712745	12	35	137	33.968
-2.617994	2.138223	1.678323	18	46	148	33.964
-1.832596	1.184361	0.625864	140	18	24	33.961
-1.832596	1.909857	-0.381669	42	15	165	33.935
-1.308997	2.343981	-1.040456	20	41	135	33.926
-0.523599	2.396274	-1.959260	41	37	158	33.923
-1.570796	1.977582	0.969896	34	25	158	33.904
-1.047198	0.831641	0.616218	43	37	144	33.901
2.356194	2.343981	-1.040456	27	40	138	33.901
0.261799	2.863997	0.549740	26	39	132	33.900
-1.832596	1.113094	-0.272241	1	33	140	33.894
-2.879793	1.824694	1.850876	23	47	153	33.891
1.308997	1.391910	3.030322	40	17	153	33.887
-3.141593	0.419640	2.974122	27	21	130	33.887
1.832596	2.073035	2.027405	42	25	147	33.877
0.785398	1.904882	-1.478089	12	59	152	33.867
-1.047198	2.349581	-2.702517	14	25	137	33.865
2.879793	1.699788	2.452890	34	41	151	33.865
1.308997	1.756530	-2.105156	36	167	162	33.853
0.261799	2.164094	-2.991358	21	13	138	33.852
-1.308997	1.836682	-0.676006	35	14	144	33.842
2.879793	1.696674	-1.253233	17	36	131	33.837
-0.785398	2.138223	1.678323	12	60	153	33.836
-1.047198	0.591903	2.010408	25	49	132	33.829
-2.617994	1.824694	1.850876	18	48	153	33.827
-0.261799	2.104282	-0.813972	30	34	133	33.822
-1.047198	0.203748	0.590255	33	33	132	33.818
0.000000	2.664082	-1.071402	29	21	134	33.817
-0.785398	1.977582	0.969896	19	12	132	33.816
-1.832596	2.588535	-2.976617	18	32	135	33.787
-1.832596	1.872854	1.543456	36	34	158	33.768
2.879793	1.569311	-3.003978	37	25	142	33.761
2.094395	2.164094	-2.991358	27	41	136	33.744
0.261799	2.396274	-1.959260	17	29	133	33.741
-0.785398	0.910508	1.903534	37	8	8	33.741
0.785398	2.478122	2.609777	46	25	142	33.734
2.094395	1.134796	2.434290	33	12	156	33.731
-0.523599	0.866955	-0.931351	41	37	139	33.726
1.047198	1.904882	-1.478089	7	59	153	33.725
-1.047198	1.736875	3.023612	134	4	32	33.710
1.570796	0.640596	-2.797608	34	15	146	33.703
1.047198	2.295480	1.008277	39	17	147	33.698
1.570796	1.134497	-1.109631	26	37	135	33.694
-2.356194	1.574060	2.783565	32	37	144	33.693
-1.570796	0.591903	2.010408	148	24	28	33.686
-0.523599	1.506530	1.988858	31	39	153	33.685
0.523599	1.113094	-0.272241	35	24	143	33.673
-0.261799	2.115563	0.685730	19	49	157	33.667
-2.617994	2.637879	2.121598	23	40	139	33.664
1.047198	2.115563	0.685730	41	18	150	33.660
0.000000	1.184361	0.625864	24	38	148	33.659
-3.141593	2.108018	1.311430	26	47	151	33.659
2.094395	1.812176	0.656819	27	48	131	33.635
1.832596	0.615174	-0.666022	37	35	148	33.612
1.308997	1.506530	1.988858	40	15	159	33.608
-1.832596	2.356369	3.005869	14	35	138	33.605
2.356194	0.370812	-2.547742	21	25	129	33.590
1.570796	2.478122	2.609777	34	20	138	33.588
0.785398	0.910508	1.903534	14	37	144	33.585
0.523599	2.404280	-0.174044	36	16	142	33.584
-2.356194	1.374601	-2.456031	19	28	135	33.581
1.047198	0.418037	1.360082	34	45	166	33.570
-2.617994	1.310100	1.488307	18	45	163	33.562
-0.785398	0.591903	2.010408	42	16	9	33.560
-0.785398	1.721184	-0.153948	44	40	163	33.551
1.570796	0.674054	1.013609	34	50	158	33.550
-2.879793	2.041297	-2.664597	13	63	159	33.549
0.785398	0.992645	-1.723759	27	19	137	33.545
-2.879793	2.164094	-2.991358	15	53	136	33.541
-2.617994	1.417623	-0.202254	20	28	147	33.533
-1.570796	1.756530	-2.105156	15	36	132	33.532
1.308997	0.866395	-2.492918	22	30	135	33.525
0.523599	1.045978	0.343692	18	37	146	33.523
2.879793	1.488617	1.159546	30	44	163	33.508
1.832596	2.063651	-2.044600	40	18	150	33.495
2.094395	2.760637	2.781135	29	24	134	33.493
-1.047198	1.433411	-1.035986	48	29	151	33.488
0.261799	2.299159	2.264663	42	16	140	33.482
-2.879793	1.948085	-2.363031	151	43	15	33.478
-2.094395	2.356369	3.005869	16	37	137	33.476
-1.570796	0.700570	1.559208	148	22	29	33.475
-2.617994	1.256302	0.062705	2	43	132	33.458
-1.832596	0.297065	2.160177	154	26	28	33.452
2.094395	1.658653	-2.409879	48	14	3	33.451
0.785398	2.153910	-1.714959	10	59	154	33.441
-2.356194	1.242974	-2.977882	23	35	135	33.438
0.261799	2.153910	-1.714959	21	26	133	33.437
0.785398	2.456751	-1.503343	14	59	162	33.431
-0.785398	1.699788	2.452890	34	37	156	33.423
-2.879793	0.992645	-1.723759	21	11	135	33.421
-2.617994	1.135813	-2.658866	17	32	133	33.417
1.570796	2.579248	-2.364801	17	15	136	33.416
2.356194	1.599406	1.426070	25	6	151	33.411
1.308997	2.664082	-1.071402	14	8	131	33.409
-2.356194	2.041297	-2.664597	34	29	139	33.405
0.000000	0.762244	-0.273349	28	48	139	33.404
-1.570796	1.310100	1.488307	42	29	148	33.400
1.308997	2.108018	1.311430	42	19	150	33.399
2.094395	1.113094	-0.272241	45	39	136	33.394
2.879793	1.218453	2.777284	41	24	151	33.389
-2.617994	2.719179	-1.780644	22	26	132	33.383
-1.308997	1.875281	0.107086	44	28	0	33.382
-2.356194	1.662363	0.915448	25	26	151	33.381
1.308997	2.456751	-1.503343	31	29	136	33.380
-1.047198	1.506530	1.988858	36	33	153	33.375
0.523599	1.135813	-2.658866	31	9	156	33.375
2.879793	0.929350	-2.910676	15	33	131	33.373
1.308997	0.899350	-2.069907	20	33	136	33.359
-0.261799	1.696674	-1.253233	158	31	10	33.349
0.523599	0.762244	-0.273349	37	21	148	33.347
-2.094395	2.041297	-2.664597	32	32	139	33.341
-2.617994	1.128190	-2.288622	152	29	33	33.340
-3.141593	2.295480	1.008277	24	46	148	33.333
-3.141593	2.393226	1.857173	29	42	142	33.329
1.570796	1.872854	1.543456	44	23	154	33.298
2.617994	1.662363	0.915448	33	43	161	33.295
-1.308997	1.766067	2.153843	38	30	157	33.291
0.523599	0.571433	-1.188419	25	40	133	33.289
-0.785398	2.592629	0.909713	29	24	128	33.288
-2.356194	1.135813	-2.658866	18	34	133	33.288
-2.617994	2.379497	0.561089	1	52	142	33.284
1.047198	2.379497	0.561089	41	20	145	33.281
-2.356194	2.760637	2.781135	24	34	136	33.266
0.000000	1.846342	-1.796954	34	45	149	33.255
-0.785398	1.256302	0.062705	43	42	152	33.251
-1.832596	1.569311	-3.003978	28	40	138	33.246
1.047198	2.760637	2.781135	52	19	145	33.238
-2.356194	2.295480	1.008277	28	19	162	33.237
-0.261799	1.413347	-1.339188	40	36	149	33.229
0.261799	0.992645	-1.723759	33	38	139	33.228
-0.523599	0.700570	1.559208	43	9	2	33.225
1.047198	1.696674	-1.253233	32	27	135	33.220
1.308997	1.904882	-1.478089	31	167	143	33.217
2.356194	0.640596	-2.797608	21	22	129	33.206
0.523599	2.041297	-2.664597	19	24	137	33.204
-2.617994	2.760637	2.781135	24	35	134	33.191
1.308997	2.138223	1.678323	39	16	147	33.186
-3.141593	2.247462	0.191623	8	56	143	33.184
0.785398	1.982574	-1.115518	32	31	134	33.182
-0.261799	1.195355	1.200319	27	39	148	33.174
0.000000	1.433411	-1.035986	31	50	150	33.172
2.356194	2.247462	0.191623	23	54	143	33.167
1.570796	2.299159	2.264663	38	20	142	33.159
0.261799	1.948085	-2.363031	25	11	140	33.150
-0.785398	1.045978	0.343692	29	33	145	33.146
0.523599	0.906588	1.252948	19	37	145	33.140
-0.261799	1.134497	-1.109631	38	45	142	33.139
2.879793	1.554776	0.100351	17	44	128	33.138
-1.832596	1.904882	-1.478089	20	52	143	33.137
2.094395	1.869911	2.701025	137	6	13	33.131
2.356194	1.218453	2.777284	37	17	150	33.130
-0.261799	2.396274	-1.959260	125	12	1	33.124
2.094395	2.455966	-0.641220	26	14	126	33.116
2.356194	1.809167	1.213774	38	38	157	33.108
-2.879793	1.214854	-1.966664	24	7	139	33.106
-0.523599	1.194549	-0.801900	40	43	145	33.090
-1.308997	1.391910	3.030322	143	15	38	33.090
0.785398	2.592629	0.909713	34	16	141	33.086
-1.047198	1.194549	-0.801900	47	28	148	33.074
-3.141593	1.741644	-2.695914	152	41	20	33.072
-2.094395	1.809167	1.213774	35	19	156	33.072
1.832596	1.732874	-0.951685	29	31	138	33.071
-2.879793	1.247695	1.809890	23	46	162	33.069
0.000000	0.899350	-2.069907	31	31	136	33.065
2.094395	2.588535	-2.976617	38	47	143	33.062
1.308997	2.724429	-0.348782	9	23	127	33.062
-0.785398	2.108018	1.311430	17	41	153	33.061
1.308997	1.247695	1.809890	2	32	146	33.039
0.785398	2.704512	1.488683	30	14	139	33.038
2.879793	1.025536	1.576859	9	48	160	33.036
0.785398	1.998705	2.370472	130	25	15	33.027
-2.356194	2.349581	-2.702517	136	36	6	33.023
-0.523599	2.089241	-0.114193	34	15	144	33.023
-0.261799	1.504028	0.636812	27	39	151	33.022
-2.356194	0.290380	-0.796960	150	47	21	33.020
2.094395	0.615174	-0.666022	10	19	139	33.019
2.879793	2.033014	2.977192	31	41	141	33.013
2.617994	2.164094	-2.991358	33	38	138	33.008
-2.617994	2.153910	-1.714959	38	47	146	33.005
1.308997	1.014500	0.906702	11	31	145	32.996
-0.785398	2.881233	-2.582574	22	30	133	32.989
2.094395	2.478122	2.609777	35	27	138	32.987
-1.047198	1.310100	1.488307	35	34	149	32.982
0.523599	1.184361	0.625864	18	38	148	32.978
-2.879793	1.812176	0.656819	29	8	160	32.978
-1.832596	2.063651	-2.044600	38	14	150	32.968
1.047198	1.413347	-1.339188	153	40	16	32.958
-1.308997	0.899350	-2.069907	2	60	166	32.956
0.000000	2.153910	-1.714959	26	14	138	32.956
2.356194	0.080730	-2.622036	27	30	130	32.955
-2.356194	0.619654	-2.216909	143	30	21	32.954
2.879793	0.700570	1.559208	9	46	163	32.950
2.356194	1.488617	1.159546	25	7	156	32.950
2.356194	1.998705	2.370472	33	46	145	32.948
-1.832596	1.417623	-0.202254	36	23	150	32.947
-1.308997	2.587733	0.232235	40	19	128	32.946
1.308997	2.760637	2.781135	53	27	145	32.946
0.261799	1.134796	2.434290	1	44	137	32.945
-1.308997	2.863997	0.549740	31	31	128	32.944
-0.261799	0.961715	0.014085	34	36	150	32.942
-1.047198	1.741644	-2.695914	36	37	142	32.939
1.047198	2.251330	-2.330739	44	11	154	32.936
-2.879793	1.488617	1.159546	10	49	142	32.935
-2.617994	2.295480	1.008277	25	17	162	32.934
0.785398	1.374601	-2.456031	17	39	137	32.927
-2.356194	0.379747	-1.713059	9	40	141	32.923
-2.617994	2.393226	1.857173	21	44	143	32.922
0.261799	0.906588	1.252948	21	37	145	32.913
2.094395	2.356369	3.005869	26	38	135	32.908
-1.308997	2.164094	-2.991358	9	28	139	32.891
0.000000	1.617114	-1.572037	37	44	149	32.887
-1.047198	1.732874	-0.951685	34	19	139	32.885
2.879793	1.325504	-1.671296	29	42	134	32.880
-1.308997	0.864993	2.278281	149	29	26	32.880
-2.094395	1.214854	-1.966664	18	28	136	32.867
-2.356194	1.301460	-0.509251	22	31	146	32.862
1.047198	2.588535	-2.976617	46	7	151	32.856
-1.047198	1.569311	-3.003978	135	14	34	32.847
-1.570796	0.864993	2.278281	142	25	24	32.838
-1.832596	1.506530	1.988858	147	27	28	32.822
-1.570796	2.115563	0.685730	34	26	159	32.821
-0.785398	2.164094	-2.991358	25	56	149	32.820
-2.879793	2.704512	1.488683	24	41	141	32.816
1.047198	2.393226	1.857173	33	13	143	32.816
-1.570796	1.555207	1.708892	38	42	152	32.811
1.832596	1.504028	0.636812	32	55	135	32.798
2.617994	1.242974	-2.977882	38	25	142	32.785
-1.570796	2.063651	-2.044600	41	18	151	32.779
2.356194	1.134796	2.434290	35	13	158	32.762
0.261799	1.218453	2.777284	6	46	135	32.759
2.617994	2.379497	0.561089	33	21	4	32.751
-2.356194	1.732874	-0.951685	32	4	158	32.747
0.523599	1.134796	2.434290	16	17	157	32.746
-2.879793	1.135834	-1.431087	39	48	151	32.745
-1.832596	2.760637	2.781135	20	34	136	32.745
1.832596	2.299159	2.264663	39	25	142	32.743
-2.879793	1.574060	2.783565	14	57	148	32.737
1.308997	2.393226	1.857173	36	17	143	32.736
-0.523599	2.979456	-1.009304	27	23	134	32.733
-1.047198	1.218453	2.777284	152	8	39	32.733
0.785398	1.506530	1.988858	9	42	150	32.728
2.617994	1.450119	-2.739050	33	25	138	32.719
1.832596	2.592629	0.909713	39	31	142	32.697
2.617994	1.977582	0.969896	34	43	154	32.694
-2.879793	2.138223	1.678323	23	47	148	32.693
-2.617994	1.135834	-1.431087	33	52	151	32.686
2.356194	1.168678	2.108595	34	16	162	32.681
0.261799	0.379747	-1.713059	29	31	129	32.678
-2.617994	2.349581	-2.702517	140	38	4	32.671
0.261799	2.108018	1.311430	34	18	132	32.668
1.832596	1.135834	-1.431087	26	32	134	32.668
-3.141593	0.899350	-2.069907	19	14	133	32.667
2.094395	1.504028	0.636812	33	51	138	32.663
1.570796	1.184361	0.625864	42	49	142	32.662
-0.261799	0.496451	0.593859	37	19	157	32.661
-0.785398	1.809167	1.213774	33	35	156	32.660
1.832596	1.998705	2.370472	41	25	146	32.648
1.570796	1.014500	0.906702	38	54	151	32.644
1.047198	1.998705	2.370472	128	18	14	32.644
0.785398	0.496451	0.593859	54	25	158	32.642
2.356194	2.863997	0.549740	156	19	34	32.638
2.879793	2.588535	-2.976617	20	42	132	32.637
1.832596	2.760637	2.781135	28	22	134	32.637
-3.141593	0.850607	-1.335383	17	26	141	32.628
-0.523599	0.910508	1.903534	42	13	8	32.626
1.047198	0.831641	0.616218	53	34	150	32.609
-1.832596	0.418037	1.360082	38	27	135	32.607
0.000000	1.195355	1.200319	24	40	148	32.604
2.094395	0.961715	0.014085	43	47	140	32.600
2.356194	1.440580	2.260026	140	2	3	32.600
1.570796	2.073035	2.027405	41	20	147	32.592
-2.094395	2.180315	-1.357379	21	43	139	32.584
0.000000	1.301460	-0.509251	32	51	153	32.581
-3.141593	1.574060	2.783565	40	31	149	32.577
1.832596	1.824694	1.850876	44	26	153	32.567
-0.523599	2.108018	1.311430	150	30	26	32.566
0.000000	1.014500	0.906702	25	37	147	32.560
-1.047198	2.456751	-1.503343	157	17	14	32.556
1.047198	1.510910	-0.740472	40	33	142	32.553
-0.785398	2.393226	1.857173	166	32	140	32.549
-3.141593	1.569311	-3.003978	37	28	142	32.543
1.308997	2.579248	-2.364801	46	19	145	32.528
0.523599	2.356369	3.005869	22	14	137	32.519
-1.308997	1.045978	0.343692	47	31	149	32.517
0.785398	0.914445	2.687814	29	11	164	32.515
0.523599	2.089241	-0.114193	38	13	148	32.510
2.094395	1.836682	-0.676006	35	20	125	32.508
2.617994	0.615174	-0.666022	14	14	138	32.508
-0.785398	0.960688	-0.577532	45	35	145	32.505
0.785398	2.379497	0.561089	37	15	145	32.495
0.785398	1.846342	-1.796954	10	56	147	32.493
-2.617994	2.356369	3.005869	38	31	146	32.493
2.879793	1.450119	-2.739050	33	28	138	32.493
-2.094395	1.756530	-2.105156	25	39	134	32.490
-1.832596	2.881233	-2.582574	134	36	162	32.485
0.261799	0.866955	-0.931351	27	47	140	32.482
-3.141593	0.910508	1.903534	20	50	166	32.481
-0.785398	1.683268	0.374177	32	36	152	32.466
-1.832596	1.809167	1.213774	37	23	156	32.460
-0.261799	2.073035	2.027405	15	43	153	32.448
-2.356194	2.247462	0.191623	159	26	35	32.448
0.000000	1.488617	1.159546	24	41	152	32.447
0.523599	2.251330	-2.330739	18	27	134	32.445
0.000000	1.977582	0.969896	15	51	156	32.443
2.879793	2.407836	1.410646	32	43	144	32.442
0.261799	0.831641	0.616218	22	35	144	32.431
-1.570796	2.760637	2.781135	19	34	136	32.427
1.047198	1.617114	-1.572037	8	55	146	32.412
1.570796	1.756530	-2.105156	163	47	143	32.408
1.308997	0.700570	1.559208	39	42	163	32.402
2.617994	1.134497	-1.109631	15	51	136	32.400
0.261799	1.448123	-2.163292	25	44	139	32.393
2.094395	1.413430	2.550734	138	6	3	32.385
-2.879793	1.875281	0.107086	26	14	156	32.384
2.356194	0.906588	1.252948	26	9	147	32.381
-3.141593	1.247695	1.809890	28	44	163	32.375
-1.832596	1.982574	-1.115518	18	41	136	32.375
1.832596	2.579248	-2.364801	44	24	144	32.366
0.000000	1.448123	-2.163292	29	41	139	32.366
2.879793	0.910508	1.903534	23	48	166	32.357
1.047198	2.299159	2.264663	32	13	142	32.346
-0.523599	1.696674	-1.253233	43	33	155	32.343
-2.094395	2.984978	1.954446	15	13	132	32.342
-1.308997	1.184361	0.625864	47	33	153	32.331
2.879793	0.866395	-2.492918	19	14	133	32.331
1.308997	2.187132	-0.479875	140	29	25	32.327
0.000000	2.724429	-0.348782	16	42	127	32.324
-2.356194	1.135834	-1.431087	25	20	139	32.324
1.570796	1.440580	2.260026	43	20	158	32.323
0.523599	2.979456	-1.009304	29	31	133	32.322
2.356194	2.349581	-2.702517	37	51	151	32.309
-1.047198	2.164094	-2.991358	30	52	149	32.307
-1.047198	1.875281	0.107086	44	34	0	32.306
2.094395	0.850607	-1.335383	167	31	19	32.302
-2.879793	1.977582	0.969896	25	13	158	32.299
2.356194	0.290380	-0.796960	19	47	144	32.297
0.000000	0.831641	0.616218	39	24	156	32.293
2.879793	2.881233	-2.582574	30	20	137	32.293
-1.047198	2.115563	0.685730	34	32	159	32.267
2.879793	0.496451	0.593859	13	48	160	32.265
2.094395	2.587733	0.232235	148	17	33	32.256
0.000000	1.998705	2.370472	16	42	154	32.253
0.000000	2.863997	0.549740	39	14	146	32.251
1.308997	2.180315	-1.357379	37	28	139	32.250
-1.570796	1.872854	1.543456	35	39	157	32.249
-2.356194	0.961715	0.014085	1	40	141	32.246
-2.879793	2.295480	1.008277	19	46	148	32.243
1.308997	2.033014	2.977192	37	17	143	32.238
-0.523599	1.195355	1.200319	39	0	156	32.233
1.308997	1.977582	0.969896	42	20	154	32.226
-0.785398	0.700570	1.559208	38	4	2	32.226
-1.570796	1.909857	-0.381669	30	8	150	32.223
-0.523599	2.187132	-0.479875	13	30	124	32.216
-2.094395	0.290380	-0.796960	165	65	159	32.208
-2.879793	1.545873	-1.877082	22	38	132	32.207
2.879793	1.977582	0.969896	29	46	154	32.200
0.261799	0.685216	-1.712745	137	2	28	32.197
0.000000	2.104282	-0.813972	156	34	21	32.196
1.308997	1.194549	-0.801900	31	25	140	32.196
-0.785398	2.187132	-0.479875	21	47	158	32.190
2.617994	1.413347	-1.339188	24	42	132	32.180
-1.570796	1.599406	1.426070	37	43	156	32.170
-2.879793	1.128190	-2.288622	26	9	137	32.170
2.356194	2.588535	-2.976617	31	19	139	32.169
1.047198	2.396274	-1.959260	22	37	133	32.167
1.832596	2.407836	1.410646	41	28	144	32.167
0.523599	2.863997	0.549740	28	36	138	32.164
0.523599	1.545873	-1.877082	24	45	143	32.164
2.356194	2.379497	0.561089	35	41	147	32.159
1.047198	1.732874	-0.951685	36	32	137	32.156
1.832596	2.108018	1.311430	43	30	150	32.153
1.570796	2.984978	1.954446	37	20	142	32.148
0.785398	1.448123	-2.163292	18	43	139	32.139
-1.047198	1.413347	-1.339188	37	44	145	32.132
-2.356194	0.866955	-0.931351	21	20	135	32.130
0.261799	1.736875	3.023612	14	19	144	32.127
0.523599	0.899350	-2.069907	28	36	135	32.122
2.617994	0.674054	1.013609	31	8	148	32.121
1.832596	1.025536	1.576859	8	22	143	32.116
0.000000	0.992645	-1.723759	34	34	140	32.115
1.308997	2.379497	0.561089	41	24	145	32.115
-2.094395	1.909857	-0.381669	12	43	120	32.108
0.261799	0.496451	0.593859	36	24	156	32.108
0.523599	2.299159	2.264663	45	22	140	32.106
1.308997	1.982574	-1.115518	28	34	133	32.104
-0.261799	2.138223	1.678323	31	11	135	32.098
0.523599	1.014500	0.906702	54	25	152	32.094
-0.785398	0.615174	-0.666022	127	9	15	32.093
2.094395	1.809167	1.213774	40	34	156	32.092
-0.785398	0.866955	-0.931351	42	32	139	32.091
-1.047198	0.960688	-0.577532	131	20	18	32.081
-3.141593	0.866395	-2.492918	24	14	132	32.079
-0.785398	0.961715	0.014085	42	41	145	32.060
-1.570796	0.640596	-2.797608	159	23	34	32.058
-2.879793	1.869911	2.701025	39	33	150	32.056
-1.308997	1.599406	1.426070	37	30	153	32.048
1.047198	0.203748	0.590255	52	35	165	32.047
-0.261799	1.045978	0.343692	25	36	145	32.047
-1.570796	0.709924	0.218797	43	24	141	32.044
-2.879793	1.014500	0.906702	16	27	143	32.040
-2.094395	1.904882	-1.478089	26	52	143	32.038
2.356194	1.134497	-1.109631	18	59	138	32.035
1.832596	0.733948	3.021411	34	12	150	32.030
-0.523599	1.417623	-0.202254	28	38	150	32.030
-0.785398	2.588535	-2.976617	17	27	136	32.026
0.000000	0.910508	1.903534	24	40	144	32.024
1.832596	2.349581	-2.702517	54	21	157	32.021
-2.094395	1.113094	-0.272241	33	21	144	32.019
0.000000	1.367556	0.358405	24	39	149	32.013
-1.832596	1.599406	1.426070	39	38	155	32.013
0.523599	0.961715	0.014085	35	44	152	32.008
0.000000	1.732874	-0.951685	31	52	157	32.007
0.785398	1.301460	-0.509251	32	44	143	32.004
-2.356194	1.977582	0.969896	22	25	154	32.002
-0.261799	1.875281	0.107086	25	41	155	32.002
1.832596	0.709924	0.218797	50	40	155	31.996
-1.832596	0.619654	-2.216909	13	42	139	31.993
-0.785398	1.128190	-2.288622	33	27	135	31.988
-3.141593	2.164094	-2.991358	148	43	7	31.982
1.832596	2.393226	1.857173	39	25	142	31.982
0.523599	0.864993	2.278281	18	38	145	31.982
-0.261799	1.662363	0.915448	28	39	154	31.981
0.523599	2.379497	0.561089	34	11	145	31.972
-1.047198	1.128190	-2.288622	137	37	28	31.970
-1.308997	1.977582	0.969896	34	28	159	31.968
-0.523599	2.104282	-0.813972	5	31	127	31.964
0.261799	1.846342	-1.796954	30	11	142	31.964
0.785398	1.658653	-2.409879	13	41	141	31.962
-0.523599	1.504028	0.636812	30	37	151	31.956
-0.785398	0.762244	-0.273349	40	37	140	31.952
-1.308997	0.571433	-1.188419	33	24	131	31.951
-2.617994	1.325504	-1.671296	28	6	142	31.951
1.832596	2.138223	1.678323	43	27	148	31.948
0.000000	1.721184	-0.153948	14	51	151	31.940
0.261799	2.041297	-2.664597	17	25	138	31.937
1.308997	2.251330	-2.330739	48	17	154	31.936
-1.308997	2.760637	2.781135	17	33	136	31.933
-1.047198	0.700570	1.559208	31	4	0	31.923
-0.523599	2.115563	0.685730	42	13	132	31.921
-1.570796	2.719179	-1.780644	9	53	138	31.913
-2.617994	1.554776	0.100351	17	26	149	31.912
-0.785398	1.440580	2.260026	34	36	152	31.911
-2.094395	0.297065	2.160177	157	25	29	31.909
2.094395	2.033014	2.977192	39	30	142	31.909
2.356194	2.592629	0.909713	34	37	143	31.908
1.832596	0.914445	2.687814	29	9	154	31.891
-2.617994	1.741644	-2.695914	32	32	138	31.890
1.308997	1.846342	-1.796954	167	53	147	31.889
2.617994	1.846342	-1.796954	27	28	128	31.888
2.094395	0.929350	-2.910676	20	38	129	31.880
0.523599	0.685216	-1.712745	141	166	27	31.874
0.523599	2.104282	-0.813972	36	31	136	31.870
-0.523599	1.555207	1.708892	22	1	146	31.862
2.356194	1.977582	0.969896	29	41	131	31.862
2.617994	1.134796	2.434290	38	16	158	31.862
0.523599	1.872854	1.543456	41	18	138	31.855
0.785398	0.831641	0.616218	18	34	144	31.845
1.047198	1.413430	2.550734	36	10	156	31.844
-0.523599	2.356369	3.005869	11	21	136	31.844
-3.141593	1.367556	0.358405	24	6	151	31.838
-1.570796	1.736875	3.023612	133	18	32	31.837
-3.141593	1.977582	0.969896	24	48	154	31.833
2.356194	1.699788	2.452890	140	2	8	31.833
-0.523599	2.343981	-1.040456	154	20	12	31.832
0.261799	1.195355	1.200319	36	4	150	31.829
0.000000	1.875281	0.107086	15	51	154	31.826
1.047198	2.063651	-2.044600	41	8	158	31.823
2.617994	1.218453	2.777284	39	19	151	31.820
2.094395	2.104282	-0.813972	23	35	137	31.817
-1.570796	1.569311	-3.003978	137	24	34	31.814
-1.308997	0.709924	0.218797	130	18	16	31.813
-0.785398	1.506530	1.988858	34	36	153	31.804
1.308997	1.413430	2.550734	40	14	156	31.802
2.617994	2.001437	0.381215	20	57	149	31.801
0.523599	1.948085	-2.363031	23	23	138	31.794
-1.308997	1.736875	3.023612	133	10	32	31.790
0.261799	2.187132	-0.479875	152	32	22	31.780
-2.356194	1.450119	-2.739050	33	36	142	31.780
1.570796	2.115563	0.685730	44	29	151	31.772
-1.832596	0.709924	0.218797	133	30	15	31.764
0.000000	2.180315	-1.357379	131	12	159	31.762
-0.785398	1.875281	0.107086	42	39	0	31.761
-0.261799	1.488617	1.159546	40	1	148	31.752
-2.617994	2.299159	2.264663	21	44	142	31.750
-1.832596	1.836682	-0.676006	35	25	155	31.748
-2.879793	0.619654	-2.216909	150	35	21	31.743
0.523599	1.195355	1.200319	15	40	147	31.742
-2.879793	2.979456	-1.009304	37	36	132	31.738
1.570796	1.904882	-1.478089	38	2	142	31.736
-2.356194	1.325504	-1.671296	13	41	133	31.728
1.832596	2.174483	2.653697	32	34	139	31.727
2.879793	1.242974	-2.977882	13	24	130	31.727
2.094395	1.440580	2.260026	137	4	4	31.725
-1.047198	1.662363	0.915448	23	165	142	31.725
-0.785398	1.982574	-1.115518	158	21	12	31.722
-1.308997	1.662363	0.915448	34	28	154	31.721
1.832596	0.961715	0.014085	47	41	140	31.721
0.523599	0.831641	0.616218	20	35	145	31.721
2.094395	1.242974	-2.977882	33	17	142	31.720
1.570796	0.379747	-1.713059	18	32	130	31.719
2.094395	2.407836	1.410646	40	32	144	31.713
-2.617994	2.407836	1.410646	18	44	145	31.713
0.000000	2.587733	0.232235	27	11	140	31.711
-0.785398	2.587733	0.232235	42	29	128	31.703
1.308997	2.041297	-2.664597	45	6	166	31.703
1.047198	1.168678	2.108595	11	37	148	31.702
2.879793	1.574060	2.783565	41	23	151	31.696
-3.141593	1.194549	-0.801900	149	36	17	31.695
-1.047198	2.407836	1.410646	164	34	142	31.695
-0.785398	1.310100	1.488307	33	37	149	31.690
-1.570796	2.247462	0.191623	34	26	162	31.688
-1.832596	0.591903	2.010408	150	26	28	31.687
-2.094395	0.419640	2.974122	148	29	25	31.686
-1.047198	1.696674	-1.253233	43	21	154	31.683
1.047198	1.050534	3.042579	37	12	161	31.679
1.570796	2.393226	1.857173	39	21	142	31.679
0.261799	0.591903	2.010408	31	26	0	31.678
-1.570796	1.683268	0.374177	19	11	148	31.677
0.261799	2.719179	-1.780644	26	26	133	31.672
0.523599	2.343981	-1.040456	35	20	138	31.671
0.785398	1.413347	-1.339188	24	34	132	31.668
2.356194	1.658653	-2.409879	40	21	137	31.665
-0.261799	0.709924	0.218797	43	30	154	31.662
2.094395	2.247462	0.191623	14	61	148	31.662
-2.356194	2.456751	-1.503343	20	28	130	31.660
2.617994	1.488617	1.159546	20	20	153	31.651
0.000000	1.555207	1.708892	36	5	146	31.643
1.047198	2.579248	-2.364801	32	167	146	31.638
-1.047198	1.554776	0.100351	46	36	160	31.631
1.047198	2.164094	-2.991358	49	21	155	31.628
-1.570796	1.875281	0.107086	35	26	156	31.624
-3.141593	0.831641	0.616218	14	28	141	31.623
-2.879793	1.736875	3.023612	38	32	145	31.619
0.523599	2.760637	2.781135	10	30	132	31.617
2.356194	2.033014	2.977192	30	45	140	31.613
-1.308997	1.335669	0.897240	138	12	21	31.612
-3.141593	1.809167	1.213774	25	47	157	31.606
1.308997	1.809167	1.213774	134	20	22	31.605
-1.832596	1.310100	1.488307	38	39	150	31.598
-0.785398	2.979456	-1.009304	14	43	135	31.597
2.094395	2.579248	-2.364801	46	35	145	31.597
-2.356194	1.184361	0.625864	163	26	144	31.596
0.785398	0.700570	1.559208	42	43	167	31.595
-2.356194	1.510910	-0.740472	25	13	150	31.594
1.832596	2.455966	-0.641220	21	14	126	31.593
1.832596	2.115563	0.685730	43	33	151	31.584
-1.570796	2.174483	2.653697	31	51	154	31.577
0.261799	1.301460	-0.509251	25	53	152	31.575
-0.523599	1.214854	-1.966664	35	32	138	31.575
0.785398	2.396274	-1.959260	29	23	134	31.572
-2.356194	1.128190	-2.288622	149	28	33	31.569
1.570796	0.866395	-2.492918	21	28	136	31.568
0.523599	0.910508	1.903534	18	39	144	31.568
1.047198	1.218453	2.777284	36	11	158	31.567
-1.308997	1.256302	0.062705	48	29	153	31.565
2.094395	1.870545	-2.976234	39	48	162	31.563
2.617994	0.370812	-2.547742	151	12	35	31.560
-0.523599	1.599406	1.426070	31	37	154	31.560
-1.570796	0.961715	0.014085	45	22	145	31.557
-1.832596	1.413347	-1.339188	14	52	146	31.557
2.879793	2.295480	1.008277	19	35	128	31.552
-0.523599	2.760637	2.781135	13	25	135	31.544
-0.261799	2.379497	0.561089	36	6	156	31.531
-0.785398	1.555207	1.708892	34	37	153	31.528
-2.879793	2.356369	3.005869	39	27	146	31.526
-3.141593	0.992645	-1.723759	152	38	15	31.526
-0.261799	2.760637	2.781135	14	23	135	31.519
-0.785398	2.760637	2.781135	14	30	134	31.518
0.785398	2.063651	-2.044600	6	58	149	31.512
-1.832596	2.396274	-1.959260	11	58	144	31.512
1.308997	0.906588	1.252948	12	31	144	31.512
2.617994	1.869911	2.701025	38	20	150	31.508
-2.879793	2.033014	2.977192	38	30	146	31.503
1.832596	1.367556	0.358405	37	50	134	31.494
0.523599	2.108018	1.311430	10	49	158	31.494
-1.047198	0.418037	1.360082	42	35	158	31.493
-2.617994	2.984978	1.954446	24	37	135	31.492
0.523599	0.866955	-0.931351	156	38	10	31.491
2.879793	1.812176	0.656819	27	45	134	31.487
-1.047198	1.367556	0.358405	46	38	156	31.487
-1.047198	0.419640	2.974122	16	46	128	31.487
2.879793	1.195355	1.200319	9	25	145	31.486
1.570796	1.696674	-1.253233	25	20	139	31.484
-3.141593	2.174483	2.653697	30	40	143	31.484
-2.879793	2.407836	1.410646	22	45	145	31.475
1.308997	1.450119	-2.739050	8	32	137	31.471
0.000000	2.108018	1.311430	16	49	158	31.470
1.308997	1.617114	-1.572037	16	48	135	31.466
-0.523599	1.025536	1.576859	41	5	0	31.462
2.879793	1.448123	-2.163292	36	35	136	31.460
1.570796	2.760637	2.781135	28	20	134	31.459
0.523599	2.664082	-1.071402	32	24	136	31.453
2.879793	1.683268	0.374177	29	14	2	31.450
-3.141593	2.704512	1.488683	28	40	140	31.444
-2.617994	0.640596	-2.797608	30	22	130	31.436
2.879793	0.685216	-1.712745	157	36	21	31.435
1.047198	1.836682	-0.676006	35	35	139	31.435
-1.832596	2.579248	-2.364801	137	42	0	31.435
0.523599	2.407836	1.410646	50	30	138	31.434
0.261799	0.960688	-0.577532	45	17	149	31.434
2.094395	1.134497	-1.109631	23	57	138	31.433
1.308997	2.478122	2.609777	31	17	138	31.433
2.617994	2.115563	0.685730	33	45	152	31.427
-2.617994	0.571433	-1.188419	8	34	139	31.422
2.356194	1.846342	-1.796954	24	53	140	31.418
0.261799	2.379497	0.561089	36	32	126	31.410
-0.523599	1.662363	0.915448	30	38	154	31.404
2.094395	0.914445	2.687814	33	11	154	31.403
-3.141593	1.736875	3.023612	38	30	144	31.402
1.308997	0.080730	-2.622036	43	39	140	31.402
-2.879793	0.370812	-2.547742	154	32	25	31.401
-0.523599	1.732874	-0.951685	22	24	132	31.399
1.047198	0.080730	-2.622036	129	10	26	31.388
1.570796	0.961715	0.014085	49	34	140	31.386
0.785398	0.591903	2.010408	36	37	1	31.386
-0.261799	0.674054	1.013609	36	24	160	31.386
-2.356194	1.134497	-1.109631	4	33	134	31.386
-2.094395	0.831641	0.616218	133	32	11	31.383
-1.832596	0.961715	0.014085	43	16	145	31.380
-2.356194	1.869911	2.701025	34	36	149	31.376
2.094395	2.393226	1.857173	41	31	142	31.368
-2.094395	1.195355	1.200319	143	27	24	31.368
2.879793	2.724429	-0.348782	28	35	129	31.367
2.094395	1.736875	3.023612	41	33	146	31.354
1.832596	1.809167	1.213774	41	29	156	31.345
-1.832596	2.104282	-0.813972	37	11	167	31.341
-3.141593	1.325504	-1.671296	25	44	133	31.341
-2.617994	1.504028	0.636812	34	10	154	31.340
-3.141593	0.733948	3.021411	22	37	131	31.337
-3.141593	1.998705	2.370472	28	43	146	31.337
2.356194	1.736875	3.023612	41	38	147	31.336
0.261799	1.599406	1.426070	38	9	142	31.333
-1.832596	0.762244	-0.273349	39	15	140	31.331
2.094395	2.187132	-0.479875	30	20	125	31.327
2.617994	2.251330	-2.330739	34	52	151	31.326
0.000000	2.041297	-2.664597	12	22	136	31.325
-1.570796	1.809167	1.213774	37	27	156	31.321
-0.261799	1.977582	0.969896	39	9	135	31.320
-2.094395	1.310100	1.488307	45	18	150	31.319
2.356194	2.404280	-0.174044	142	16	31	31.311
2.879793	1.662363	0.915448	37	11	165	31.310
1.308997	1.870545	-2.976234	4	41	135	31.309
-2.879793	1.870545	-2.976234	37	29	142	31.304
1.832596	1.766067	2.153843	1	41	27	31.303
0.261799	2.664082	-1.071402	31	24	134	31.301
2.879793	2.478122	2.609777	32	32	141	31.300
-2.617994	0.591903	2.010408	36	17	136	31.298
-1.308997	1.909857	-0.381669	27	42	154	31.293
2.617994	2.592629	0.909713	18	28	127	31.292
2.356194	2.664082	-1.071402	13	47	132	31.274
1.047198	2.664082	-1.071402	16	47	134	31.273
1.832596	1.310100	1.488307	5	22	148	31.270
-1.047198	1.809167	1.213774	34	31	157	31.268
-0.523599	2.407836	1.410646	28	16	131	31.261
-1.047198	2.356369	3.005869	26	56	155	31.260
-1.047198	1.045978	0.343692	45	36	148	31.258
2.094395	0.864993	2.278281	31	12	160	31.256
-3.141593	1.766067	2.153843	28	46	152	31.247
-2.879793	2.637879	2.121598	26	39	139	31.247
2.356194	1.045978	0.343692	28	56	141	31.243
-0.523599	1.184361	0.625864	29	36	147	31.243
-2.879793	1.256302	0.062705	17	28	147	31.237
-1.832596	2.343981	-1.040456	21	37	136	31.234
2.879793	1.948085	-2.363031	25	43	136	31.230
-3.141593	0.929350	-2.910676	26	12	135	31.226
0.523599	2.164094	-2.991358	25	13	138	31.225
-2.879793	2.984978	1.954446	28	34	136	31.225
2.617994	2.579248	-2.364801	35	50	144	31.215
-1.570796	1.721184	-0.153948	28	7	153	31.215
1.832596	2.153910	-1.714959	26	20	139	31.201
1.832596	0.619654	-2.216909	16	33	127	31.199
2.356194	2.396274	-1.959260	18	46	133	31.198
-2.617994	2.041297	-2.664597	31	11	147	31.195
2.879793	1.134497	-1.109631	154	37	16	31.191
2.356194	2.356369	3.005869	39	24	144	31.190
0.261799	2.588535	-2.976617	19	20	135	31.186
-0.523599	2.588535	-2.976617	16	26	134	31.184
2.356194	2.455966	-0.641220	26	41	139	31.182
2.094395	1.218453	2.777284	34	13	151	31.177
-0.785398	2.455966	-0.641220	17	40	126	31.177
2.879793	1.736875	3.023612	37	25	144	31.167
0.785398	2.588535	-2.976617	44	16	143	31.165
1.047198	1.606104	-0.451151	41	37	145	31.160
-2.879793	0.290380	-0.796960	21	68	159	31.159
-3.141593	1.214854	-1.966664	45	37	162	31.157
2.617994	2.356369	3.005869	26	45	135	31.157
1.570796	1.741644	-2.695914	22	18	136	31.157
2.879793	2.138223	1.678323	32	43	148	31.156
1.832596	2.187132	-0.479875	136	21	25	31.152
2.094395	2.073035	2.027405	43	31	147	31.149
0.000000	2.393226	1.857173	46	7	146	31.148
2.094395	1.448123	-2.163292	40	22	135	31.148
-2.356194	0.496451	0.593859	139	36	21	31.147
-1.047198	1.256302	0.062705	46	36	153	31.142
-1.570796	0.929350	-2.910676	155	25	40	31.142
-2.617994	1.869911	2.701025	37	38	150	31.136
-0.523599	1.367556	0.358405	30	38	149	31.128
-2.879793	1.766067	2.153843	25	48	151	31.127
-3.141593	0.203748	0.590255	160	60	163	31.127
-2.879793	1.846342	-1.796954	42	45	151	31.126
-0.523599	0.496451	0.593859	43	31	156	31.126
2.879793	2.343981	-1.040456	10	52	136	31.119
-0.523599	1.977582	0.969896	34	5	135	31.117
2.879793	1.045978	0.343692	34	52	153	31.115
1.308997	2.164094	-2.991358	25	30	136	31.110
1.308997	1.574060	2.783565	39	17	150	31.108
1.570796	2.637879	2.121598	38	44	142	31.108
-0.785398	2.115563	0.685730	37	8	132	31.107
0.261799	2.456751	-1.503343	29	20	135	31.101
-1.570796	2.164094	-2.991358	41	35	151	31.100
-0.261799	0.203748	0.590255	38	0	165	31.099
-2.094395	0.992645	-1.723759	29	9	134	31.099
1.308997	2.104282	-0.813972	29	41	136	31.098
2.879793	2.247462	0.191623	33	34	130	31.098
-1.570796	0.850607	-1.335383	29	31	133	31.094
-0.261799	0.418037	1.360082	47	14	1	31.087
1.047198	1.699788	2.452890	34	12	150	31.084
-2.094395	2.588535	-2.976617	19	32	135	31.084
-0.785398	1.184361	0.625864	23	165	142	31.083
-1.308997	0.762244	-0.273349	131	23	18	31.082
1.832596	0.370812	-2.547742	24	28	129	31.082
-1.308997	1.218453	2.777284	149	8	39	31.078
2.094395	2.984978	1.954446	27	44	141	31.078
-1.047198	2.033014	2.977192	22	54	149	31.076
-2.617994	1.904882	-1.478089	19	28	128	31.075
2.617994	1.658653	-2.409879	51	28	3	31.075
-1.047198	1.683268	0.374177	28	12	149	31.075
2.094395	1.367556	0.358405	32	51	134	31.074
-0.261799	2.393226	1.857173	2	55	154	31.074
-3.141593	2.153910	-1.714959	29	21	136	31.068
-2.617994	2.247462	0.191623	27	16	160	31.065
0.261799	2.247462	0.191623	31	10	146	31.062
-1.832596	1.721184	-0.153948	165	44	125	31.059
0.261799	1.732874	-0.951685	24	55	156	31.056
2.879793	1.374601	-2.456031	32	47	137	31.047
-2.094395	1.836682	-0.676006	14	52	123	31.041
1.047198	0.379747	-1.713059	25	34	130	31.041
-0.523599	0.866395	-2.492918	27	28	132	31.030
-0.261799	2.299159	2.264663	33	7	140	31.025
0.785398	2.164094	-2.991358	46	14	155	31.024
-2.617994	2.579248	-2.364801	140	32	162	31.023
-1.570796	2.343981	-1.040456	19	39	136	31.023
-1.570796	1.836682	-0.676006	38	28	158	31.022
-1.570796	0.458961	-0.107937	37	21	135	31.021
-0.523599	0.571433	-1.188419	36	31	133	31.019
-3.141593	0.290380	-0.796960	6	39	143	31.019
-2.617994	1.134497	-1.109631	3	35	134	31.018
0.523599	2.579248	-2.364801	32	4	145	31.009
-2.879793	2.073035	2.027405	24	46	148	31.008
2.094395	0.297065	2.160177	16	22	128	31.003
2.356194	1.310100	1.488307	38	36	164	31.002
2.356194	0.914445	2.687814	35	14	153	30.999
0.261799	0.762244	-0.273349	23	49	139	30.996
1.047198	2.455966	-0.641220	37	28	139	30.996
-1.308997	1.194549	-0.801900	47	21	149	30.984
0.785398	2.108018	1.311430	37	26	132	30.984
-1.570796	0.615174	-0.666022	140	33	24	30.974
1.832596	1.756530	-2.105156	26	36	135	30.974
0.261799	0.961715	0.014085	37	22	147	30.971
1.308997	1.836682	-0.676006	30	12	127	30.964
-1.308997	2.588535	-2.976617	17	30	136	30.962
-3.141593	2.588535	-2.976617	27	34	134	30.962
-2.356194	0.906588	1.252948	38	15	142	30.957
1.047198	1.433411	-1.035986	149	34	20	30.957
-2.617994	2.164094	-2.991358	37	11	151	30.957
0.000000	1.836682	-0.676006	8	15	127	30.955
-2.094395	0.458961	-0.107937	48	16	155	30.951
1.047198	1.256302	0.062705	48	19	136	30.947
2.094395	0.992645	-1.723759	43	35	140	30.947
1.308997	2.073035	2.027405	39	16	148	30.939
-2.356194	2.478122	2.609777	20	39	137	30.939
2.617994	1.812176	0.656819	33	45	159	30.936
-2.617994	0.370812	-2.547742	31	44	144	30.930
-1.832596	2.295480	1.008277	31	22	162	30.927
1.832596	1.413430	2.550734	44	26	156	30.924
1.570796	0.960688	-0.577532	25	48	141	30.916
0.785398	2.187132	-0.479875	40	20	144	30.916
1.047198	1.982574	-1.115518	31	32	135	30.916
-2.094395	2.478122	2.609777	17	39	137	30.915
2.356194	1.242974	-2.977882	35	20	142	30.915
2.617994	1.545873	-1.877082	23	20	134	30.915
-2.617994	1.214854	-1.966664	29	9	138	30.909
0.000000	2.295480	1.008277	16	48	160	30.909
2.356194	2.478122	2.609777	35	30	138	30.900
-1.047198	2.379497	0.561089	31	13	127	30.899
-0.261799	0.960688	-0.577532	25	37	144	30.898
1.047198	1.214854	-1.966664	167	4	30	30.896
1.832596	2.404280	-0.174044	8	35	121	30.891
2.617994	1.569311	-3.003978	36	21	142	30.890
-1.308997	1.168678	2.108595	24	42	137	30.888
1.570796	1.450119	-2.739050	26	16	139	30.883
1.047198	1.367556	0.358405	48	28	135	30.882
-0.261799	1.050534	3.042579	14	42	132	30.880
-3.141593	0.571433	-1.188419	150	32	24	30.878
1.570796	0.370812	-2.547742	145	12	33	30.874
0.000000	1.699788	2.452890	6	19	149	30.873
-1.570796	2.356369	3.005869	12	33	138	30.871
1.570796	0.619654	-2.216909	17	31	129	30.870
2.617994	2.108018	1.311430	35	41	151	30.869
-2.094395	1.545873	-1.877082	28	29	134	30.868
2.879793	0.419640	2.974122	26	20	130	30.867
0.523599	0.297065	2.160177	19	31	133	30.864
-1.570796	0.297065	2.160177	152	25	29	30.864
-1.832596	1.875281	0.107086	34	23	157	30.863
-2.356194	2.881233	-2.582574	148	42	162	30.856
-0.261799	2.719179	-1.780644	24	25	133	30.855
-1.570796	1.606104	-0.451151	38	29	154	30.850
-2.879793	1.872854	1.543456	13	60	152	30.849
-2.356194	0.297065	2.160177	44	24	154	30.848
-1.570796	2.881233	-2.582574	15	40	130	30.847
-0.261799	0.379747	-1.713059	49	27	143	30.846
2.617994	1.699788	2.452890	40	21	155	30.841
2.094395	1.310100	1.488307	30	22	167	30.840
-2.356194	0.910508	1.903534	36	31	140	30.836
1.832596	2.588535	-2.976617	19	35	132	30.833
1.570796	2.724429	-0.348782	7	21	126	30.833
2.617994	2.456751	-1.503343	35	39	138	30.828
-1.308997	2.881233	-2.582574	128	32	0	30.822
-0.523599	0.379747	-1.713059	47	20	143	30.822
0.000000	2.356369	3.005869	16	16	137	30.822
2.094395	2.251330	-2.330739	23	44	134	30.816
0.000000	0.906588	1.252948	24	37	145	30.808
2.617994	2.299159	2.264663	29	48	140	30.807
1.570796	1.045978	0.343692	46	43	141	30.802
2.356194	0.831641	0.616218	24	60	150	30.799
-1.308997	0.297065	2.160177	151	23	30	30.798
1.308997	1.045978	0.343692	49	36	141	30.794
1.570796	2.164094	-2.991358	27	33	136	30.791
-1.570796	1.367556	0.358405	48	24	157	30.784
-1.570796	2.104282	-0.813972	41	17	166	30.780
-2.356194	1.256302	0.062705	167	37	132	30.773
-0.261799	1.310100	1.488307	26	1	149	30.763
-0.261799	1.113094	-0.272241	25	37	147	30.763
1.570796	1.128190	-2.288622	31	26	137	30.762
-2.879793	0.591903	2.010408	33	14	136	30.762
0.261799	0.571433	-1.188419	27	39	132	30.748
1.832596	2.247462	0.191623	20	60	148	30.746
-0.523599	0.685216	-1.712745	23	45	129	30.746
1.832596	0.850607	-1.335383	30	35	136	30.745
1.832596	0.571433	-1.188419	50	10	158	30.741
-1.570796	1.450119	-2.739050	140	29	33	30.739
-2.356194	2.984978	1.954446	12	15	132	30.738
-2.617994	1.045978	0.343692	20	28	143	30.731
-2.879793	0.733948	3.021411	29	48	147	30.730
0.261799	0.458961	-0.107937	42	34	150	30.726
1.047198	2.456751	-1.503343	32	5	143	30.723
2.617994	1.214854	-1.966664	39	38	137	30.720
-3.141593	2.396274	-1.959260	23	32	131	30.719
2.356194	1.982574	-1.115518	28	36	137	30.714
0.785398	2.664082	-1.071402	32	29	135	30.710
2.617994	2.881233	-2.582574	28	16	138	30.701
2.617994	2.138223	1.678323	36	39	148	30.700
-0.523599	2.704512	1.488683	33	20	131	30.697
2.094395	2.299159	2.264663	32	39	140	30.697
-1.308997	1.809167	1.213774	37	30	156	30.697
1.570796	2.356369	3.005869	47	32	153	30.695
2.094395	1.025536	1.576859	37	30	0	30.692
0.000000	1.256302	0.062705	22	39	148	30.688
2.356194	1.824694	1.850876	39	36	152	30.683
1.047198	1.325504	-1.671296	157	45	8	30.680
0.261799	0.203748	0.590255	48	11	165	30.680
-2.879793	1.391910	3.030322	39	32	148	30.674
0.523599	2.033014	2.977192	25	9	143	30.673
-0.523599	0.591903	2.010408	45	22	9	30.672
2.356194	1.756530	-2.105156	35	24	131	30.670
-0.785398	1.599406	1.426070	10	60	151	30.665
2.617994	0.864993	2.278281	37	15	160	30.663
-1.047198	1.606104	-0.451151	46	34	157	30.656
2.356194	1.256302	0.062705	39	47	139	30.655
-0.523599	1.683268	0.374177	30	39	152	30.646
0.523599	2.592629	0.909713	39	39	130	30.645
0.523599	2.349581	-2.702517	38	6	150	30.645
2.879793	2.760637	2.781135	33	27	141	30.644
-0.261799	1.135834	-1.431087	38	33	144	30.644
-2.356194	2.579248	-2.364801	139	35	166	30.642
0.000000	1.413347	-1.339188	28	28	134	30.638
-1.832596	1.606104	-0.451151	2	47	123	30.637
2.094395	0.496451	0.593859	29	51	158	30.631
-1.308997	0.591903	2.010408	34	10	6	30.629
0.000000	2.396274	-1.959260	24	59	158	30.624
-2.094395	0.571433	-1.188419	150	47	19	30.622
1.047198	2.174483	2.653697	33	12	142	30.620
-0.523599	1.045978	0.343692	42	26	158	30.613
0.000000	0.850607	-1.335383	134	166	20	30.613
-1.047198	2.637879	2.121598	7	27	138	30.612
-2.094395	2.637879	2.121598	18	39	138	30.612
0.000000	2.637879	2.121598	38	18	134	30.611
2.617994	1.574060	2.783565	39	20	150	30.607
-1.832596	1.977582	0.969896	36	24	158	30.606
-2.094395	2.295480	1.008277	32	20	163	30.605
-1.570796	0.618092	2.539118	143	25	25	30.604
-2.356194	0.762244	-0.273349	3	47	145	30.603
2.094395	1.662363	0.915448	39	35	161	30.602
1.570796	1.658653	-2.409879	23	25	134	30.600
-3.141593	1.904882	-1.478089	18	30	129	30.598
2.356194	2.115563	0.685730	36	41	152	30.598
-0.785398	0.418037	1.360082	39	5	167	30.596
-0.785398	0.203748	0.590255	32	35	132	30.589
1.570796	0.290380	-0.796960	32	43	144	30.587
-0.261799	1.367556	0.358405	26	39	149	30.582
-1.570796	0.866955	-0.931351	42	14	141	30.581
-2.879793	0.850607	-1.335383	5	46	134	30.579
2.094395	1.433411	-1.035986	17	55	134	30.579
-0.261799	2.979456	-1.009304	28	25	134	30.579
2.094395	1.184361	0.625864	46	40	148	30.578
1.832596	1.545873	-1.877082	43	3	157	30.576
1.308997	2.881233	-2.582574	42	7	141	30.568
-1.570796	2.108018	1.311430	33	24	161	30.566
2.356194	1.391910	3.030322	140	1	3	30.564
-1.308997	0.640596	-2.797608	160	29	39	30.563
2.879793	1.846342	-1.796954	30	25	135	30.555
-0.785398	0.674054	1.013609	29	39	137	30.554
0.000000	0.290380	-0.796960	140	10	30	30.552
-3.141593	2.001437	0.381215	21	13	158	30.548
-1.832596	1.135813	-2.658866	151	33	37	30.545
0.523599	1.909857	-0.381669	42	29	144	30.542
0.000000	1.904882	-1.478089	130	7	163	30.542
-1.570796	1.824694	1.850876	38	26	158	30.540
2.094395	1.977582	0.969896	40	35	154	30.539
0.523599	2.247462	0.191623	36	13	147	30.538
1.047198	2.719179	-1.780644	25	28	134	30.534
-1.832596	0.618092	2.539118	146	28	25	30.531
-1.047198	2.587733	0.232235	42	24	128	30.529
-0.261799	0.290380	-0.796960	36	32	133	30.529
-1.570796	0.762244	-0.273349	134	30	18	30.528
-2.879793	2.115563	0.685730	26	14	161	30.524
1.570796	1.569311	-3.003978	42	24	148	30.523
2.094395	1.766067	2.153843	163	44	28	30.521
1.832596	2.251330	-2.330739	23	41	134	30.515
1.832596	1.555207	1.708892	32	56	144	30.511
-0.785398	1.050534	3.042579	155	22	42	30.511
-3.141593	2.881233	-2.582574	32	23	137	30.508
-0.523599	1.809167	1.213774	34	0	144	30.507
1.570796	2.247462	0.191623	24	51	144	30.499
2.356194	0.297065	2.160177	132	21	29	30.492
0.000000	1.824694	1.850876	15	42	153	30.491
-3.141593	1.014500	0.906702	129	35	5	30.486
0.261799	2.979456	-1.009304	29	28	133	30.477
-1.570796	1.135834	-1.431087	33	31	138	30.476
0.523599	0.203748	0.590255	38	32	158	30.471
2.879793	1.440580	2.260026	41	25	159	30.469
2.617994	2.407836	1.410646	34	12	162	30.468
1.308997	1.869911	2.701025	28	27	144	30.464
-2.094395	1.242974	-2.977882	138	18	29	30.463
-2.879793	2.089241	-0.114193	25	15	158	30.463
-0.785398	2.343981	-1.040456	157	20	14	30.456
0.523599	1.998705	2.370472	47	18	147	30.453
2.356194	2.393226	1.857173	39	34	142	30.452
-0.785398	1.732874	-0.951685	46	36	157	30.446
-1.570796	1.545873	-1.877082	37	30	143	30.445
-1.308997	2.356369	3.005869	12	30	138	30.439
1.832596	2.704512	1.488683	37	28	139	30.438
-3.141593	1.128190	-2.288622	22	9	136	30.420
2.356194	1.214854	-1.966664	41	33	137	30.418
-1.570796	1.433411	-1.035986	16	26	134	30.417
-1.047198	0.571433	-1.188419	49	19	152	30.414
-3.141593	1.391910	3.030322	39	27	148	30.414
0.523599	1.977582	0.969896	9	49	156	30.413
-2.617994	1.732874	-0.951685	26	2	156	30.411
-0.261799	2.001437	0.381215	41	10	158	30.403
-1.570796	0.831641	0.616218	45	26	143	30.397
2.094395	0.571433	-1.188419	1	39	130	30.397
-3.141593	0.496451	0.593859	14	33	138	30.396
-2.879793	0.640596	-2.797608	40	35	145	30.393
2.094395	2.108018	1.311430	41	33	151	30.392
1.308997	2.349581	-2.702517	49	23	151	30.392
1.308997	2.455966	-0.641220	14	15	126	30.390
-2.356194	2.033014	2.977192	34	38	145	30.387
0.000000	2.881233	-2.582574	21	30	133	30.387
1.832596	1.836682	-0.676006	37	18	127	30.386
-2.356194	2.299159	2.264663	17	43	142	30.384
1.832596	1.569311	-3.003978	135	14	8	30.383
-2.356194	1.998705	2.370472	28	40	153	30.380
-1.308997	2.089241	-0.114193	43	27	3	30.379
-2.617994	0.709924	0.218797	133	40	7	30.378
2.617994	0.571433	-1.188419	156	32	24	30.377
0.785398	2.041297	-2.664597	23	25	137	30.373
-1.308997	0.615174	-0.666022	39	24	135	30.372
-1.308997	2.407836	1.410646	31	26	164	30.370
1.308997	0.619654	-2.216909	38	7	152	30.362
1.832596	1.391910	3.030322	45	27	154	30.361
-1.308997	1.440580	2.260026	28	45	135	30.361
2.356194	2.704512	1.488683	1	61	134	30.360
0.523599	2.063651	-2.044600	12	57	148	30.359
-3.141593	2.138223	1.678323	28	46	148	30.359
-0.523599	1.982574	-1.115518	155	22	10	30.354
1.832596	0.290380	-0.796960	29	46	144	30.351
-0.261799	1.812176	0.656819	27	40	155	30.346
0.261799	0.700570	1.559208	20	37	141	30.346
2.094395	2.863997	0.549740	32	37	136	30.344
-2.094395	1.045978	0.343692	142	20	25	30.341
0.261799	0.850607	-1.335383	138	161	20	30.336
0.000000	1.310100	1.488307	33	3	150	30.331
1.570796	2.863997	0.549740	4	39	129	30.331
0.000000	1.599406	1.426070	32	6	142	30.330
-0.523599	1.875281	0.107086	20	50	153	30.326
-1.308997	1.504028	0.636812	4	12	134	30.325
-0.261799	2.108018	1.311430	27	14	132	30.323
-2.094395	1.367556	0.358405	134	17	16	30.322
2.617994	1.256302	0.062705	25	52	132	30.320
1.308997	1.555207	1.708892	131	18	14	30.319
-2.356194	1.335669	0.897240	38	14	149	30.319
1.308997	0.674054	1.013609	37	44	158	30.319
-0.523599	0.674054	1.013609	36	20	160	30.318
2.094395	2.089241	-0.114193	36	43	147	30.318
-0.523599	0.762244	-0.273349	37	42	140	30.317
-3.141593	2.063651	-2.044600	33	27	130	30.312
-3.141593	1.870545	-2.976234	37	25	142	30.312
1.832596	2.164094	-2.991358	45	43	154	30.310
-2.617994	0.458961	-0.107937	7	48	156	30.303
-0.261799	1.184361	0.625864	39	2	142	30.302
0.523599	2.588535	-2.976617	40	11	143	30.302
-2.094395	1.335669	0.897240	41	19	149	30.302
2.879793	0.961715	0.014085	19	9	143	30.301
1.047198	2.356369	3.005869	29	16	137	30.296
-1.570796	2.984978	1.954446	24	12	132	30.292
-2.094395	2.001437	0.381215	165	27	34	30.286
-0.785398	2.863997	0.549740	49	25	135	30.285
-0.523599	1.247695	1.809890	31	38	149	30.285
2.094395	0.762244	-0.273349	50	43	145	30.279
-0.261799	1.872854	1.543456	29	7	138	30.277
-0.785398	0.906588	1.252948	32	41	140	30.277
0.261799	0.674054	1.013609	52	18	161	30.272
2.094395	0.866395	-2.492918	47	19	151	30.271
-2.617994	1.699788	2.452890	10	57	148	30.271
0.261799	2.393226	1.857173	39	21	134	30.268
-2.094395	1.982574	-1.115518	35	7	162	30.267
-0.523599	1.168678	2.108595	31	38	148	30.267
0.261799	2.478122	2.609777	41	14	141	30.261
-1.570796	2.001437	0.381215	34	26	157	30.255
2.617994	1.870545	-2.976234	34	41	142	30.255
2.094395	1.045978	0.343692	36	53	141	30.251
-1.308997	2.153910	-1.714959	43	19	156	30.250
1.570796	1.948085	-2.363031	30	38	138	30.245
-3.141593	1.045978	0.343692	14	26	143	30.245
-2.879793	0.379747	-1.713059	150	30	25	30.244
-2.879793	2.349581	-2.702517	141	35	0	30.243
1.570796	1.766067	2.153843	42	20	153	30.240
0.261799	2.404280	-0.174044	32	13	142	30.239
-2.094395	2.579248	-2.364801	8	57	145	30.239
1.570796	2.033014	2.977192	167	28	138	30.236
1.047198	2.041297	-2.664597	38	1	166	30.230
1.570796	2.251330	-2.330739	47	7	155	30.230
-0.261799	1.448123	-2.163292	31	39	139	30.228
0.785398	2.356369	3.005869	47	20	147	30.227
-0.261799	0.850607	-1.335383	39	37	137	30.223
-2.879793	2.404280	-0.174044	26	17	162	30.218
1.570796	2.138223	1.678323	41	21	147	30.216
-0.523599	1.113094	-0.272241	39	44	146	30.208
0.785398	2.349581	-2.702517	34	166	157	30.206
1.308997	2.637879	2.121598	32	17	138	30.205
-0.523599	1.014500	0.906702	29	35	146	30.203
2.617994	1.045978	0.343692	21	57	141	30.202
2.617994	2.393226	1.857173	35	37	143	30.199
-2.356194	1.367556	0.358405	38	14	151	30.195
-0.523599	0.709924	0.218797	36	44	140	30.194
2.879793	0.992645	-1.723759	165	18	28	30.193
2.617994	0.080730	-2.622036	26	30	129	30.192
2.879793	2.115563	0.685730	28	48	152	30.189
2.094395	0.619654	-2.216909	48	25	152	30.184
-2.094395	1.504028	0.636812	166	16	137	30.184
0.523599	1.574060	2.783565	25	6	150	30.183
-2.879793	2.478122	2.609777	18	52	136	30.180
0.261799	1.247695	1.809890	18	42	148	30.178
2.356194	1.025536	1.576859	35	34	0	30.176
-0.785398	2.664082	-1.071402	11	46	130	30.174
0.523599	0.674054	1.013609	54	27	160	30.167
2.356194	1.606104	-0.451151	37	33	125	30.166
1.047198	1.448123	-2.163292	21	25	134	30.165
-1.308997	0.960688	-0.577532	45	22	145	30.163
0.785398	1.732874	-0.951685	6	63	156	30.160
-0.523599	2.592629	0.909713	32	29	127	30.159
1.570796	1.809167	1.213774	134	14	23	30.158
2.879793	0.379747	-1.713059	28	43	141	30.157
0.000000	2.349581	-2.702517	11	28	132	30.157
-0.785398	1.606104	-0.451151	46	36	161	30.153
-3.141593	1.699788	2.452890	41	31	155	30.153
0.785398	1.135813	-2.658866	36	12	156	30.153
1.308997	0.640596	-2.797608	32	13	146	30.152
2.094395	1.256302	0.062705	37	46	132	30.150
1.308997	1.025536	1.576859	7	31	143	30.150
-2.879793	1.045978	0.343692	18	26	143	30.144
2.879793	1.128190	-2.288622	42	40	143	30.144
2.094395	1.574060	2.783565	43	32	151	30.144
0.261799	0.899350	-2.069907	30	34	135	30.135
-2.356194	1.195355	1.200319	41	13	149	30.135
-1.570796	1.448123	-2.163292	25	32	137	30.126
-2.879793	0.866955	-0.931351	11	18	135	30.126
-0.523599	2.404280	-0.174044	34	22	141	30.126
2.879793	0.850607	-1.335383	155	36	20	30.125
0.785398	1.045978	0.343692	29	44	148	30.124
-1.047198	2.393226	1.857173	166	36	140	30.124
0.000000	1.168678	2.108595	23	41	148	30.119
-1.832596	2.724429	-0.348782	38	29	126	30.118
-2.356194	0.960688	-0.577532	3	44	142	30.117
1.832596	1.699788	2.452890	43	26	151	30.111
-1.308997	0.418037	1.360082	153	21	30	30.101
-2.356194	2.637879	2.121598	21	40	138	30.100
2.356194	1.450119	-2.739050	151	14	9	30.100
2.617994	1.367556	0.358405	39	47	145	30.096
0.261799	2.349581	-2.702517	33	3	151	30.096
0.000000	2.138223	1.678323	143	35	26	30.083
1.047198	0.290380	-0.796960	40	35	146	30.082
1.308997	0.850607	-1.335383	32	31	136	30.080
-2.094395	1.413347	-1.339188	20	53	145	30.076
2.094395	0.080730	-2.622036	27	29	129	30.074
-0.261799	1.256302	0.062705	25	39	148	30.072
0.785398	0.619654	-2.216909	30	30	135	30.072
-1.832596	1.325504	-1.671296	39	10	142	30.069
2.356194	2.299159	2.264663	32	43	140	30.066
-2.617994	1.982574	-1.115518	27	2	162	30.059
-2.879793	1.904882	-1.478089	38	56	139	30.059
-1.570796	2.379497	0.561089	27	6	130	30.059
2.094395	0.866955	-0.931351	53	24	146	30.051
2.094395	1.050534	3.042579	34	13	148	30.051
1.832596	1.184361	0.625864	36	56	142	30.050
-1.570796	0.992645	-1.723759	38	16	134	30.050
-1.832596	1.683268	0.374177	135	20	14	30.050
-1.570796	1.134796	2.434290	137	25	18	30.049
-2.617994	1.875281	0.107086	29	16	156	30.048
-0.785398	1.113094	-0.272241	43	39	147	30.046
-0.523599	2.455966	-0.641220	14	39	126	30.045
-1.308997	1.135834	-1.431087	34	37	138	30.045
1.308997	1.335669	0.897240	37	59	144	30.044
1.832596	2.724429	-0.348782	1	28	125	30.036
0.785398	1.050534	3.042579	31	12	158	30.035
-0.785398	1.325504	-1.671296	33	47	139	30.035
0.000000	1.869911	2.701025	15	11	146	30.032
-0.261799	1.809167	1.213774	24	7	135	30.032
0.523599	0.914445	2.687814	24	10	164	30.030
0.000000	1.417623	-0.202254	45	17	151	30.028
2.356194	0.961715	0.014085	37	52	141	30.028
-0.261799	1.506530	1.988858	24	32	153	30.027
1.832596	2.396274	-1.959260	38	19	143	30.026
0.000000	0.960688	-0.577532	32	48	144	30.026
-1.308997	1.301460	-0.509251	29	11	143	30.024
1.570796	1.545873	-1.877082	35	166	157	30.022
0.785398	0.203748	0.590255	49	28	163	30.018
1.570796	1.335669	0.897240	31	65	144	30.017
0.523599	1.599406	1.426070	15	42	152	30.012
-1.047198	1.824694	1.850876	37	34	158	30.011
1.047198	0.370812	-2.547742	134	4	30	30.011
-1.832596	1.242974	-2.977882	147	26	38	30.009
-0.261799	1.555207	1.708892	29	2	146	30.008
1.570796	0.709924	0.218797	51	39	149	30.007
-2.879793	1.335669	0.897240	17	23	147	30.004
1.570796	0.571433	-1.188419	35	37	140	30.004
-3.141593	1.504028	0.636812	8	3	27	30.000
1.308997	0.992645	-1.723759	166	4	32	29.999
-2.094395	2.187132	-0.479875	33	21	160	29.995
-3.141593	0.640596	-2.797608	26	20	131	29.995
2.617994	2.719179	-1.780644	11	42	131	29.994
-1.047198	1.113094	-0.272241	45	34	147	29.993
0.523599	1.809167	1.213774	9	50	154	29.992
0.785398	2.033014	2.977192	29	10	143	29.978
-2.879793	0.297065	2.160177	31	21	132	29.977
2.356194	0.992645	-1.723759	52	16	160	29.976
2.356194	0.618092	2.539118	37	13	156	29.972
1.308997	2.396274	-1.959260	29	10	144	29.969
-0.785398	2.089241	-0.114193	25	27	121	29.968
0.000000	0.419640	2.974122	14	23	132	29.966
2.879793	1.413430	2.550734	41	24	154	29.965
-0.261799	2.579248	-2.364801	24	59	160	29.965
1.570796	1.846342	-1.796954	162	51	149	29.961
-0.261799	0.831641	0.616218	38	20	156	29.960
-3.141593	2.379497	0.561089	11	57	142	29.958
-0.261799	1.948085	-2.363031	10	21	137	29.952
-1.832596	1.554776	0.100351	134	16	14	29.951
0.000000	0.615174	-0.666022	165	40	10	29.951
-3.141593	1.545873	-1.877082	28	39	131	29.950
2.617994	2.760637	2.781135	30	29	134	29.945
-0.785398	1.391910	3.030322	144	8	38	29.942
-2.094395	0.591903	2.010408	153	28	28	29.937
-2.617994	2.174483	2.653697	38	37	150	29.932
0.000000	1.658653	-2.409879	9	37	133	29.931
1.047198	1.135813	-2.658866	16	32	134	29.931
-2.617994	0.899350	-2.069907	158	26	35	29.925
-2.094395	1.135834	-1.431087	36	12	140	29.924
-2.094395	0.733948	3.021411	145	31	21	29.921
0.523599	0.458961	-0.107937	42	1	155	29.919
-2.094395	1.391910	3.030322	27	40	138	29.918
1.570796	1.699788	2.452890	42	19	151	29.915
-2.617994	2.587733	0.232235	1	48	138	29.914
2.879793	2.579248	-2.364801	17	43	132	29.908
1.047198	0.709924	0.218797	18	31	143	29.907
1.308997	2.295480	1.008277	41	22	147	29.907
1.047198	2.984978	1.954446	27	43	132	29.903
-0.523599	1.812176	0.656819	30	39	155	29.901
2.617994	0.961715	0.014085	37	54	147	29.898
2.094395	2.138223	1.678323	40	31	148	29.896
-1.047198	0.297065	2.160177	45	19	6	29.892
-1.047198	0.864993	2.278281	29	49	134	29.890
-2.617994	0.674054	1.013609	51	26	151	29.889
2.879793	1.135834	-1.431087	23	49	136	29.885
0.261799	2.138223	1.678323	12	51	159	29.882
-1.570796	1.846342	-1.796954	26	20	136	29.881
-2.617994	0.297065	2.160177	32	24	132	29.878
-1.308997	2.478122	2.609777	9	32	137	29.875
2.094395	1.998705	2.370472	42	30	145	29.873
-1.047198	2.343981	-1.040456	10	44	129	29.873
1.047198	1.045978	0.343692	51	29	141	29.872
-0.785398	2.073035	2.027405	25	29	156	29.869
-2.356194	2.592629	0.909713	8	39	141	29.868
1.047198	1.391910	3.030322	36	12	153	29.868
-1.570796	0.685216	-1.712745	4	63	160	29.864
-1.047198	1.134497	-1.109631	36	42	140	29.864
-1.832596	0.571433	-1.188419	142	44	18	29.862
1.832596	0.899350	-2.069907	46	23	144	29.842
-0.785398	0.297065	2.160177	47	26	6	29.842
0.785398	2.881233	-2.582574	11	39	131	29.840
-0.261799	2.588535	-2.976617	14	23	133	29.840
-2.617994	2.704512	1.488683	20	41	141	29.840
-3.141593	1.824694	1.850876	28	47	153	29.839
0.000000	0.379747	-1.713059	130	9	27	29.838
-0.261799	1.606104	-0.451151	25	42	151	29.838
-2.356194	0.458961	-0.107937	156	58	153	29.834
2.094395	1.128190	-2.288622	44	22	142	29.833
2.356194	2.180315	-1.357379	19	52	136	29.832
0.523599	1.846342	-1.796954	15	58	147	29.832
1.308997	1.417623	-0.202254	44	21	131	29.824
-1.308997	2.115563	0.685730	34	29	159	29.818
1.570796	0.899350	-2.069907	165	12	35	29.813
-2.879793	1.448123	-2.163292	156	37	27	29.810
1.308997	2.115563	0.685730	44	23	151	29.808
2.879793	0.571433	-1.188419	4	30	130	29.808
-3.141593	2.089241	-0.114193	23	14	159	29.808
1.832596	0.458961	-0.107937	52	39	156	29.802
0.523599	0.419640	2.974122	23	22	131	29.801
2.879793	0.418037	1.360082	21	16	132	29.799
-0.261799	1.335669	0.897240	44	3	147	29.798
-2.879793	1.440580	2.260026	23	49	156	29.798
0.523599	2.637879	2.121598	44	25	140	29.798
0.523599	1.904882	-1.478089	18	58	152	29.791
-2.617994	0.961715	0.014085	4	45	141	29.790
0.261799	1.506530	1.988858	2	33	143	29.790
0.785398	1.242974	-2.977882	34	10	155	29.785
0.000000	1.554776	0.100351	46	18	157	29.784
-2.879793	1.741644	-2.695914	33	29	138	29.783
0.523599	0.960688	-0.577532	47	24	149	29.783
-3.141593	1.335669	0.897240	24	6	149	29.782
-1.308997	1.113094	-0.272241	29	9	147	29.782
-0.261799	1.982574	-1.115518	158	30	16	29.782
-1.832596	2.299159	2.264663	10	39	142	29.772
0.000000	1.113094	-0.272241	45	16	153	29.767
-0.523599	2.719179	-1.780644	30	43	135	29.767
-2.617994	1.696674	-1.253233	29	3	154	29.760
1.308997	1.736875	3.023612	38	17	146	29.751
-3.141593	2.664082	-1.071402	43	23	130	29.749
-0.785398	1.247695	1.809890	33	35	149	29.748
-3.141593	1.554776	0.100351	24	5	157	29.741
2.617994	1.128190	-2.288622	49	20	6	29.739
2.094395	0.418037	1.360082	3	65	166	29.735
-1.047198	1.417623	-0.202254	144	3	17	29.734
-2.356194	1.194549	-0.801900	18	51	139	29.733
-1.832596	0.929350	-2.910676	157	25	40	29.732
-0.785398	1.134497	-1.109631	44	34	142	29.732
2.617994	0.685216	-1.712745	12	20	132	29.729
-2.879793	1.554776	0.100351	29	6	157	29.725
-0.523599	0.203748	0.590255	29	37	131	29.721
-3.141593	1.662363	0.915448	12	5	28	29.721
-2.094395	0.496451	0.593859	37	17	137	29.712
-0.785398	2.299159	2.264663	25	28	157	29.707
2.094395	0.831641	0.616218	29	54	150	29.707
1.832596	1.242974	-2.977882	15	21	136	29.705
-1.308997	0.674054	1.013609	43	35	141	29.702
0.785398	1.870545	-2.976234	133	30	10	29.699
-0.785398	1.766067	2.153843	35	36	157	29.696
-0.785398	1.413430	2.550734	34	36	152	29.696
0.261799	1.869911	2.701025	11	20	144	29.694
-2.094395	1.135813	-2.658866	143	20	33	29.689
2.094395	2.349581	-2.702517	54	29	158	29.686
-0.523599	2.724429	-0.348782	25	45	127	29.686
1.308997	2.356369	3.005869	48	33	148	29.683
-1.570796	1.812176	0.656819	11	4	133	29.683
2.356194	0.571433	-1.188419	161	32	24	29.677
2.356194	2.187132	-0.479875	22	33	122	29.676
-3.141593	2.073035	2.027405	30	45	147	29.676
-0.261799	1.025536	1.576859	27	0	158	29.674
0.261799	2.033014	2.977192	20	9	142	29.672
0.261799	1.488617	1.159546	23	41	152	29.672
0.261799	1.872854	1.543456	38	13	138	29.665
0.000000	0.203748	0.590255	39	41	151	29.662
0.785398	2.001437	0.381215	36	29	126	29.659
0.000000	1.025536	1.576859	25	38	148	29.656
2.879793	1.756530	-2.105156	48	34	159	29.655
1.832596	1.554776	0.100351	34	42	127	29.654
-2.094395	1.574060	2.783565	135	20	33	29.650
1.047198	1.113094	-0.272241	35	31	143	29.647
-2.356194	2.164094	-2.991358	25	57	141	29.646
0.523599	0.290380	-0.796960	24	38	131	29.643
-1.047198	0.615174	-0.666022	41	25	138	29.642
-2.356194	0.700570	1.559208	41	16	140	29.638
1.308997	1.440580	2.260026	40	14	158	29.637
-2.617994	0.929350	-2.910676	35	16	134	29.637
2.879793	1.545873	-1.877082	25	20	134	29.637
-3.141593	1.134497	-1.109631	44	49	143	29.634
1.832596	1.256302	0.062705	41	42	133	29.629
1.570796	1.977582	0.969896	44	26	154	29.624
-2.617994	1.658653	-2.409879	145	37	23	29.615
1.308997	1.824694	1.850876	39	15	153	29.614
-1.832596	1.247695	1.809890	38	36	145	29.614
-1.308997	0.906588	1.252948	38	34	140	29.612
-2.617994	1.998705	2.370472	28	37	152	29.605
-3.141593	1.374601	-2.456031	28	33	135	29.601
2.617994	1.948085	-2.363031	34	52	159	29.600
-3.141593	1.948085	-2.363031	35	61	160	29.597
-1.308997	2.108018	1.311430	33	26	161	29.596
1.832596	1.050534	3.042579	32	12	147	29.596
-0.785398	0.709924	0.218797	40	40	141	29.594
-3.141593	1.184361	0.625864	24	7	147	29.592
-3.141593	2.115563	0.685730	21	16	159	29.592
-2.356194	1.045978	0.343692	129	30	167	29.589
-1.570796	2.588535	-2.976617	18	31	135	29.589
2.356194	1.683268	0.374177	28	48	129	29.588
0.000000	2.247462	0.191623	43	15	151	29.587
1.308997	0.961715	0.014085	26	48	145	29.587
1.832596	2.089241	-0.114193	136	17	25	29.582
-1.832596	0.992645	-1.723759	33	12	134	29.581
-0.523599	0.960688	-0.577532	39	42	142	29.580
0.785398	1.736875	3.023612	32	8	147	29.580
-3.141593	1.448123	-2.163292	34	38	136	29.579
-2.356194	0.899350	-2.069907	141	31	15	29.579
-0.785398	1.195355	1.200319	32	35	148	29.578
-2.879793	1.450119	-2.739050	146	35	26	29.574
2.094395	0.899350	-2.069907	46	29	144	29.574
2.617994	1.335669	0.897240	31	7	161	29.572
-1.308997	1.195355	1.200319	41	35	145	29.570
1.047198	1.569311	-3.003978	37	13	150	29.568
2.356194	1.555207	1.708892	34	26	163	29.566
0.261799	2.760637	2.781135	40	17	137	29.566
2.617994	2.247462	0.191623	19	56	143	29.565
-1.570796	1.050534	3.042579	42	29	139	29.563
-2.617994	1.014500	0.906702	125	26	8	29.563
0.261799	1.574060	2.783565	20	6	151	29.558
-2.879793	1.195355	1.200319	127	31	10	29.556
0.523599	0.418037	1.360082	50	37	1	29.550
1.308997	1.367556	0.358405	48	35	135	29.547
1.047198	1.756530	-2.105156	14	41	134	29.547
-0.261799	2.984978	1.954446	37	23	132	29.546
-0.523599	1.440580	2.260026	18	41	139	29.546
-3.141593	1.812176	0.656819	24	6	160	29.545
2.094395	1.948085	-2.363031	51	15	165	29.544
-1.047198	1.766067	2.153843	36	34	157	29.541
0.000000	2.379497	0.561089	39	29	127	29.540
1.570796	0.906588	1.252948	166	35	138	29.538
1.832596	1.128190	-2.288622	2	19	33	29.536
2.617994	0.619654	-2.216909	24	46	140	29.534
-0.523599	1.554776	0.100351	32	17	145	29.532
1.570796	1.870545	-2.976234	2	36	135	29.529
0.785398	2.115563	0.685730	32	45	128	29.528
0.523599	1.555207	1.708892	10	44	151	29.525
-3.141593	1.135834	-1.431087	16	8	139	29.523
-1.047198	2.089241	-0.114193	25	25	121	29.521
0.785398	2.295480	1.008277	28	27	128	29.516
2.094395	1.391910	3.030322	32	13	146	29.515
0.785398	0.370812	-2.547742	132	11	30	29.515
-1.570796	2.979456	-1.009304	33	48	132	29.513
0.785398	1.872854	1.543456	6	50	156	29.513
-2.879793	2.579248	-2.364801	29	34	133	29.505
-1.047198	0.866955	-0.931351	43	26	139	29.505
-2.094395	1.998705	2.370472	11	43	146	29.504
1.308997	0.831641	0.616218	50	42	151	29.502
1.570796	2.719179	-1.780644	25	29	134	29.498
0.000000	0.961715	0.014085	35	18	148	29.498
