140	1.2	1
-3.141593	0.640596	-2.797608
0.000000	0.000000	0.000000
2hym.pdb	-4.898	1.247	4.993
model.B99990003.pdb	23.446	-10.507	-19.734
2.879793	2.587733	0.232235	125	64	5	0.039
-1.832596	1.721184	-0.153948	119	81	10	0.039
-3.141593	1.450119	-2.739050	125	80	0	0.031
-2.879793	1.450119	-2.739050	118	63	8	0.031
-2.094395	1.450119	-2.739050	136	64	3	0.031
-1.308997	1.450119	-2.739050	124	61	3	0.031
-1.047198	1.450119	-2.739050	117	64	2	0.031
0.000000	1.450119	-2.739050	137	59	4	0.031
1.308997	1.450119	-2.739050	128	80	3	0.031
2.356194	1.450119	-2.739050	0	81	137	0.031
-2.356194	2.404280	-0.174044	121	79	4	0.031
0.523599	2.404280	-0.174044	116	79	2	0.031
1.570796	2.404280	-0.174044	7	59	13	0.031
2.879793	2.404280	-0.174044	131	80	3	0.031
-0.785398	2.115563	0.685730	130	65	14	0.031
2.617994	2.115563	0.685730	8	80	5	0.031
-3.141593	1.756530	-2.105156	108	64	2	0.031
-2.879793	1.756530	-2.105156	124	59	2	0.031
-0.523599	1.756530	-2.105156	133	84	1	0.031
0.523599	1.756530	-2.105156	121	61	5	0.031
2.356194	1.756530	-2.105156	113	62	9	0.031
2.617994	1.756530	-2.105156	123	61	2	0.031
-2.617994	1.869911	2.701025	126	64	136	0.031
-2.094395	1.869911	2.701025	138	64	7	0.031
0.000000	1.869911	2.701025	0	80	3	0.031
2.094395	1.869911	2.701025	121	59	139	0.031
-0.785398	0.458961	-0.107937	122	80	9	0.031
0.785398	0.458961	-0.107937	113	61	5	0.031
-1.047198	1.599406	1.426070	138	88	6	0.031
0.000000	1.599406	1.426070	124	65	1	0.031
2.356194	1.599406	1.426070	133	79	3	0.031
2.617994	1.599406	1.426070	12	79	1	0.031
2.879793	1.599406	1.426070	127	57	1	0.031
-1.308997	1.554776	0.100351	135	80	14	0.031
-1.047198	1.554776	0.100351	124	80	5	0.031
-0.785398	1.554776	0.100351	132	80	11	0.031
-0.261799	1.554776	0.100351	123	87	3	0.031
0.000000	1.554776	0.100351	118	65	12	0.031
1.832596	1.554776	0.100351	119	59	6	0.031
2.356194	1.554776	0.100351	136	62	9	0.031
-3.141593	0.618092	2.539118	130	64	3	0.031
-2.879793	0.618092	2.539118	131	65	6	0.031
-2.617994	0.618092	2.539118	117	64	6	0.031
-1.047198	0.618092	2.539118	126	80	0	0.031
-0.261799	0.618092	2.539118	112	65	2	0.031
0.523599	0.618092	2.539118	1	62	8	0.031
1.308997	0.618092	2.539118	126	80	134	0.031
1.570796	0.618092	2.539118	130	86	139	0.031
2.356194	0.618092	2.539118	124	65	2	0.031
2.617994	0.618092	2.539118	3	65	6	0.031
0.000000	1.846342	-1.796954	3	80	12	0.031
0.785398	1.846342	-1.796954	115	84	3	0.031
1.047198	1.846342	-1.796954	122	65	8	0.031
-0.523599	0.615174	-0.666022	125	81	11	0.031
0.785398	0.615174	-0.666022	131	79	10	0.031
1.832596	0.615174	-0.666022	117	64	3	0.031
2.617994	0.615174	-0.666022	134	81	10	0.031
-2.879793	2.393226	1.857173	130	84	0	0.031
-2.356194	2.393226	1.857173	120	56	7	0.031
-2.094395	2.393226	1.857173	127	64	9	0.031
-1.047198	2.393226	1.857173	123	80	136	0.031
-0.261799	2.393226	1.857173	117	57	6	0.031
0.523599	2.393226	1.857173	125	65	8	0.031
-2.094395	1.569311	-3.003978	128	80	1	0.031
-1.832596	1.569311	-3.003978	125	63	0	0.031
1.047198	1.569311	-3.003978	123	80	139	0.031
1.832596	1.569311	-3.003978	126	81	2	0.031
-2.879793	0.419640	2.974122	127	59	8	0.031
-2.094395	0.419640	2.974122	113	65	6	0.031
0.000000	0.419640	2.974122	135	64	11	0.031
0.523599	0.419640	2.974122	115	63	4	0.031
1.570796	0.419640	2.974122	8	81	2	0.031
-2.356194	1.134796	2.434290	124	80	137	0.031
0.785398	1.134796	2.434290	125	63	135	0.031
1.308997	1.134796	2.434290	118	61	136	0.031
1.570796	1.134796	2.434290	116	81	138	0.031
1.832596	1.134796	2.434290	125	80	0	0.031
2.094395	1.134796	2.434290	129	64	3	0.031
-2.094395	1.574060	2.783565	130	60	6	0.031
-1.570796	1.574060	2.783565	120	80	133	0.031
0.000000	1.574060	2.783565	112	59	137	0.031
0.785398	1.574060	2.783565	132	80	2	0.031
1.047198	1.574060	2.783565	6	78	5	0.031
1.570796	1.574060	2.783565	120	79	4	0.031
2.879793	1.574060	2.783565	125	59	138	0.031
-2.617994	2.587733	0.232235	123	65	7	0.031
-0.523599	2.587733	0.232235	130	80	8	0.031
-0.261799	2.587733	0.232235	139	80	3	0.031
1.308997	2.587733	0.232235	122	83	5	0.031
2.356194	2.587733	0.232235	119	64	10	0.031
-3.141593	1.413430	2.550734	120	59	133	0.031
-2.356194	1.413430	2.550734	128	83	2	0.031
0.261799	1.413430	2.550734	123	79	134	0.031
0.785398	1.413430	2.550734	120	82	3	0.031
1.047198	1.413430	2.550734	5	79	0	0.031
2.094395	1.413430	2.550734	118	59	4	0.031
-3.141593	1.417623	-0.202254	127	56	16	0.031
-2.879793	1.417623	-0.202254	126	64	9	0.031
-0.785398	1.417623	-0.202254	134	79	5	0.031
-0.261799	1.417623	-0.202254	124	80	2	0.031
0.261799	1.417623	-0.202254	5	84	6	0.031
0.523599	1.417623	-0.202254	122	84	9	0.031
1.308997	1.417623	-0.202254	125	80	6	0.031
2.356194	1.417623	-0.202254	127	81	5	0.031
-3.141593	0.850607	-1.335383	113	79	10	0.031
-2.356194	0.850607	-1.335383	123	79	5	0.031
-0.785398	0.850607	-1.335383	130	65	6	0.031
-0.523599	0.850607	-1.335383	13	87	3	0.031
-0.261799	0.850607	-1.335383	125	81	0	0.031
0.523599	0.850607	-1.335383	119	81	6	0.031
-1.570796	0.370812	-2.547742	113	80	0	0.031
-1.047198	0.370812	-2.547742	7	80	0	0.031
-0.523599	0.370812	-2.547742	132	80	9	0.031
0.000000	0.370812	-2.547742	131	56	10	0.031
1.047198	0.370812	-2.547742	127	87	10	0.031
2.356194	0.370812	-2.547742	121	65	139	0.031
-3.141593	0.640596	-2.797608	138	65	9	0.031
-1.832596	0.640596	-2.797608	110	56	0	0.031
-0.261799	0.640596	-2.797608	126	64	139	0.031
0.000000	0.640596	-2.797608	127	57	136	0.031
0.523599	0.640596	-2.797608	132	81	136	0.031
0.785398	0.640596	-2.797608	1	82	8	0.031
1.308997	0.640596	-2.797608	131	58	137	0.031
1.832596	0.640596	-2.797608	126	83	9	0.031
2.617994	0.640596	-2.797608	128	64	5	0.031
-3.141593	2.979456	-1.009304	112	64	9	0.031
-2.094395	2.979456	-1.009304	109	63	2	0.031
-1.570796	2.979456	-1.009304	127	60	1	0.031
-1.047198	2.979456	-1.009304	0	80	11	0.031
0.000000	2.979456	-1.009304	11	83	7	0.031
0.523599	2.979456	-1.009304	125	63	139	0.031
2.094395	2.979456	-1.009304	123	61	7	0.031
2.617994	2.979456	-1.009304	120	82	139	0.031
-2.879793	0.831641	0.616218	127	63	10	0.031
-2.094395	0.831641	0.616218	131	63	9	0.031
-1.832596	0.831641	0.616218	124	83	3	0.031
-1.308997	0.831641	0.616218	3	80	5	0.031
-1.047198	0.831641	0.616218	132	80	1	0.031
-0.785398	0.831641	0.616218	6	79	9	0.031
0.000000	0.831641	0.616218	121	80	7	0.031
0.785398	0.831641	0.616218	113	80	3	0.031
1.832596	0.831641	0.616218	126	80	6	0.031
2.879793	0.831641	0.616218	127	56	6	0.031
1.047198	2.343981	-1.040456	129	59	0	0.031
1.570796	2.343981	-1.040456	5	64	14	0.031
1.832596	2.343981	-1.040456	123	83	7	0.031
-2.094395	1.998705	2.370472	129	64	3	0.031
0.000000	1.998705	2.370472	124	79	0	0.031
0.523599	1.998705	2.370472	138	59	8	0.031
1.047198	1.998705	2.370472	127	64	139	0.031
-3.141593	1.413347	-1.339188	6	79	10	0.031
-2.356194	1.413347	-1.339188	110	64	5	0.031
0.785398	1.413347	-1.339188	5	87	10	0.031
2.879793	1.413347	-1.339188	133	80	12	0.031
-1.832596	0.674054	1.013609	118	87	139	0.031
-1.570796	0.674054	1.013609	119	80	0	0.031
-0.785398	0.674054	1.013609	136	65	6	0.031
0.000000	0.674054	1.013609	1	87	2	0.031
0.261799	0.674054	1.013609	118	65	3	0.031
1.047198	0.674054	1.013609	125	65	7	0.031
-2.879793	0.906588	1.252948	2	80	4	0.031
-2.356194	0.906588	1.252948	11	83	2	0.031
-1.832596	0.906588	1.252948	3	81	8	0.031
-1.570796	0.906588	1.252948	120	59	4	0.031
-1.047198	0.906588	1.252948	125	62	11	0.031
0.000000	0.906588	1.252948	117	80	11	0.031
0.261799	0.906588	1.252948	118	64	5	0.031
1.308997	0.906588	1.252948	123	63	14	0.031
2.617994	0.906588	1.252948	2	63	5	0.031
-2.356194	1.335669	0.897240	126	65	3	0.031
-1.308997	1.335669	0.897240	1	57	16	0.031
-1.047198	1.335669	0.897240	126	80	8	0.031
-0.523599	1.335669	0.897240	136	83	3	0.031
-0.261799	1.335669	0.897240	111	80	9	0.031
2.879793	1.335669	0.897240	131	65	8	0.031
-2.879793	1.870545	-2.976234	120	62	134	0.031
-0.523599	1.870545	-2.976234	129	56	137	0.031
-0.261799	1.870545	-2.976234	128	61	11	0.031
2.617994	1.870545	-2.976234	116	79	3	0.031
-2.356194	2.164094	-2.991358	123	79	138	0.031
-2.094395	2.164094	-2.991358	131	57	139	0.031
-1.832596	2.164094	-2.991358	120	80	138	0.031
-1.308997	2.164094	-2.991358	122	78	2	0.031
0.261799	2.164094	-2.991358	133	63	3	0.031
0.523599	2.164094	-2.991358	136	84	2	0.031
0.785398	2.164094	-2.991358	128	63	5	0.031
1.308997	2.164094	-2.991358	0	81	4	0.031
2.356194	2.164094	-2.991358	119	87	138	0.031
-2.879793	0.379747	-1.713059	2	81	4	0.031
-2.356194	0.379747	-1.713059	1	62	1	0.031
1.570796	0.379747	-1.713059	1	79	8	0.031
2.094395	0.379747	-1.713059	128	81	2	0.031
2.617994	0.379747	-1.713059	124	87	139	0.031
2.879793	0.379747	-1.713059	116	64	2	0.031
-2.617994	2.187132	-0.479875	131	79	8	0.031
-1.570796	2.187132	-0.479875	126	59	16	0.031
-1.047198	2.187132	-0.479875	137	65	13	0.031
-0.261799	2.187132	-0.479875	124	80	1	0.031
1.570796	2.187132	-0.479875	131	59	13	0.031
-1.832596	0.866955	-0.931351	125	64	2	0.031
-1.308997	0.866955	-0.931351	128	56	5	0.031
0.000000	0.866955	-0.931351	130	80	2	0.031
0.261799	0.866955	-0.931351	125	83	9	0.031
0.523599	0.866955	-0.931351	125	80	14	0.031
0.785398	0.866955	-0.931351	115	80	4	0.031
1.308997	0.866955	-0.931351	127	78	6	0.031
1.570796	0.866955	-0.931351	115	84	10	0.031
2.356194	0.866955	-0.931351	118	81	1	0.031
2.879793	0.866955	-0.931351	1	56	12	0.031
-2.356194	2.299159	2.264663	130	85	139	0.031
-1.047198	2.299159	2.264663	125	81	3	0.031
0.261799	2.299159	2.264663	0	79	0	0.031
0.785398	2.299159	2.264663	116	63	5	0.031
1.308997	2.299159	2.264663	135	65	2	0.031
1.832596	2.299159	2.264663	121	56	6	0.031
-2.094395	1.812176	0.656819	139	64	12	0.031
-1.308997	1.812176	0.656819	113	80	1	0.031
-1.047198	1.812176	0.656819	139	81	12	0.031
-0.261799	1.812176	0.656819	120	61	11	0.031
0.785398	1.812176	0.656819	119	56	8	0.031
1.308997	1.812176	0.656819	128	60	10	0.031
-1.570796	2.719179	-1.780644	123	64	4	0.031
-1.047198	2.719179	-1.780644	133	80	6	0.031
1.047198	2.719179	-1.780644	8	81	7	0.031
-2.356194	2.396274	-1.959260	116	64	2	0.031
-2.094395	2.396274	-1.959260	131	58	9	0.031
0.000000	2.396274	-1.959260	131	59	10	0.031
1.308997	2.396274	-1.959260	132	82	9	0.031
1.570796	2.396274	-1.959260	122	64	3	0.031
1.832596	2.396274	-1.959260	115	84	5	0.031
2.094395	2.396274	-1.959260	115	81	134	0.031
2.617994	2.396274	-1.959260	111	65	6	0.031
-2.356194	0.866395	-2.492918	137	80	2	0.031
-1.308997	0.866395	-2.492918	133	63	8	0.031
-0.785398	0.866395	-2.492918	125	81	5	0.031
2.617994	0.866395	-2.492918	119	84	8	0.031
-2.617994	1.617114	-1.572037	111	81	6	0.031
0.785398	1.617114	-1.572037	131	84	2	0.031
1.832596	1.617114	-1.572037	121	80	2	0.031
2.094395	1.617114	-1.572037	1	84	14	0.031
2.879793	1.617114	-1.572037	119	80	7	0.031
-3.141593	0.864993	2.278281	122	81	2	0.031
-2.356194	0.864993	2.278281	135	64	5	0.031
-1.832596	0.864993	2.278281	116	87	1	0.031
-0.261799	0.864993	2.278281	123	65	10	0.031
0.000000	0.864993	2.278281	123	60	6	0.031
1.047198	0.864993	2.278281	4	62	138	0.031
1.832596	0.864993	2.278281	128	56	4	0.031
2.356194	0.864993	2.278281	130	57	1	0.031
2.617994	0.864993	2.278281	120	63	136	0.031
-2.879793	1.014500	0.906702	0	64	4	0.031
-1.570796	1.014500	0.906702	129	83	6	0.031
-1.047198	1.014500	0.906702	138	82	7	0.031
-0.785398	1.014500	0.906702	119	64	8	0.031
-0.523599	1.014500	0.906702	110	80	4	0.031
0.523599	1.014500	0.906702	122	57	9	0.031
1.570796	1.014500	0.906702	118	65	4	0.031
2.879793	1.014500	0.906702	115	59	9	0.031
-2.094395	2.247462	0.191623	129	64	5	0.031
-1.308997	2.247462	0.191623	130	64	5	0.031
-0.785398	2.247462	0.191623	131	78	9	0.031
0.000000	2.247462	0.191623	113	80	5	0.031
1.570796	2.247462	0.191623	133	62	10	0.031
2.617994	2.247462	0.191623	122	57	139	0.031
-3.141593	2.724429	-0.348782	122	81	14	0.031
-2.879793	2.724429	-0.348782	119	79	10	0.031
-2.094395	2.724429	-0.348782	133	81	11	0.031
-1.832596	2.724429	-0.348782	125	59	8	0.031
-0.523599	2.724429	-0.348782	2	80	6	0.031
0.523599	2.724429	-0.348782	125	63	139	0.031
1.570796	2.724429	-0.348782	129	62	5	0.031
2.617994	2.724429	-0.348782	130	84	8	0.031
-2.094395	1.194549	-0.801900	119	57	139	0.031
-1.308997	1.194549	-0.801900	12	81	2	0.031
0.261799	1.194549	-0.801900	126	80	9	0.031
0.523599	1.194549	-0.801900	129	64	14	0.031
1.047198	1.194549	-0.801900	120	63	3	0.031
2.094395	1.194549	-0.801900	120	57	1	0.031
-3.141593	1.504028	0.636812	128	65	7	0.031
-1.570796	1.504028	0.636812	121	81	6	0.031
-0.785398	1.504028	0.636812	113	80	4	0.031
2.879793	1.504028	0.636812	135	80	8	0.031
-2.356194	1.741644	-2.695914	139	63	7	0.031
-1.308997	1.741644	-2.695914	128	63	1	0.031
0.000000	1.741644	-2.695914	130	80	3	0.031
0.523599	1.741644	-2.695914	131	79	134	0.031
0.785398	1.741644	-2.695914	122	63	1	0.031
1.047198	1.741644	-2.695914	133	81	11	0.031
-2.617994	2.174483	2.653697	125	63	138	0.031
-1.308997	2.174483	2.653697	121	79	10	0.031
-0.523599	2.174483	2.653697	128	80	5	0.031
-0.261799	2.174483	2.653697	122	61	8	0.031
0.261799	2.174483	2.653697	7	81	0	0.031
1.047198	2.174483	2.653697	131	62	0	0.031
1.832596	2.174483	2.653697	121	80	138	0.031
-3.141593	2.664082	-1.071402	124	78	13	0.031
-1.832596	2.664082	-1.071402	113	79	8	0.031
1.047198	2.664082	-1.071402	127	63	13	0.031
1.832596	2.664082	-1.071402	1	84	10	0.031
2.617994	2.664082	-1.071402	127	81	0	0.031
-3.141593	2.579248	-2.364801	136	61	2	0.031
-2.879793	2.579248	-2.364801	124	80	6	0.031
-2.094395	2.579248	-2.364801	135	65	4	0.031
0.261799	2.579248	-2.364801	0	87	3	0.031
1.832596	2.579248	-2.364801	112	61	9	0.031
-0.523599	0.899350	-2.069907	7	79	8	0.031
0.785398	0.899350	-2.069907	5	83	5	0.031
1.047198	0.899350	-2.069907	117	84	1	0.031
1.832596	0.899350	-2.069907	118	80	11	0.031
2.356194	0.899350	-2.069907	113	79	1	0.031
-3.141593	2.984978	1.954446	128	56	1	0.031
-1.047198	2.984978	1.954446	129	78	6	0.031
-0.785398	2.984978	1.954446	131	64	4	0.031
1.047198	2.984978	1.954446	113	80	1	0.031
-3.141593	1.766067	2.153843	130	80	2	0.031
-2.879793	1.766067	2.153843	117	80	1	0.031
-1.570796	1.766067	2.153843	115	65	5	0.031
-0.785398	1.766067	2.153843	124	58	2	0.031
-0.523599	1.766067	2.153843	128	80	2	0.031
1.047198	1.766067	2.153843	0	57	9	0.031
-2.356194	1.809167	1.213774	134	64	11	0.031
-2.094395	1.809167	1.213774	117	64	9	0.031
-0.523599	1.809167	1.213774	110	84	1	0.031
-0.261799	1.809167	1.213774	112	62	6	0.031
0.000000	1.809167	1.213774	136	65	9	0.031
1.308997	1.809167	1.213774	123	63	4	0.031
2.879793	1.809167	1.213774	2	80	10	0.031
-3.141593	1.135834	-1.431087	123	65	11	0.031
-0.785398	1.135834	-1.431087	15	81	136	0.031
0.261799	1.135834	-1.431087	131	81	8	0.031
0.785398	1.135834	-1.431087	131	80	12	0.031
2.356194	1.135834	-1.431087	127	65	3	0.031
2.617994	1.135834	-1.431087	116	81	139	0.031
-2.879793	1.909857	-0.381669	136	63	12	0.031
-2.617994	1.909857	-0.381669	122	80	8	0.031
-2.356194	1.909857	-0.381669	113	80	2	0.031
-0.785398	1.909857	-0.381669	114	57	9	0.031
-0.523599	1.909857	-0.381669	124	83	10	0.031
1.047198	1.909857	-0.381669	124	80	7	0.031
1.832596	1.909857	-0.381669	137	79	14	0.031
2.094395	1.909857	-0.381669	120	81	7	0.031
2.617994	1.909857	-0.381669	122	63	4	0.031
-1.570796	1.195355	1.200319	121	57	10	0.031
-1.308997	1.195355	1.200319	115	61	4	0.031
-3.141593	1.310100	1.488307	11	64	10	0.031
-1.570796	1.310100	1.488307	130	81	6	0.031
2.094395	1.310100	1.488307	3	62	10	0.031
-2.879793	2.153910	-1.714959	111	65	8	0.031
-1.308997	2.153910	-1.714959	132	56	8	0.031
1.308997	2.153910	-1.714959	6	78	14	0.031
1.570796	2.153910	-1.714959	117	78	7	0.031
2.356194	2.153910	-1.714959	124	65	8	0.031
-2.356194	1.134497	-1.109631	133	56	15	0.031
-1.308997	1.134497	-1.109631	129	80	9	0.031
1.047198	1.134497	-1.109631	127	80	12	0.031
1.570796	1.134497	-1.109631	124	65	9	0.031
-1.832596	0.961715	0.014085	125	57	11	0.031
0.523599	0.961715	0.014085	0	80	12	0.031
1.047198	0.961715	0.014085	124	64	7	0.031
-2.617994	1.367556	0.358405	131	61	7	0.031
-1.832596	1.367556	0.358405	120	79	13	0.031
-0.523599	1.367556	0.358405	127	80	13	0.031
0.261799	1.367556	0.358405	120	80	11	0.031
1.047198	1.367556	0.358405	119	65	13	0.031
1.308997	1.367556	0.358405	138	79	12	0.031
2.356194	1.367556	0.358405	132	81	10	0.031
-3.141593	1.440580	2.260026	129	57	0	0.031
-2.617994	1.440580	2.260026	128	79	9	0.031
-2.356194	1.440580	2.260026	7	60	7	0.031
-2.094395	1.440580	2.260026	136	80	7	0.031
-0.523599	1.440580	2.260026	121	58	9	0.031
0.261799	1.440580	2.260026	125	64	5	0.031
0.523599	1.440580	2.260026	115	64	138	0.031
1.047198	1.440580	2.260026	124	59	9	0.031
1.308997	1.440580	2.260026	5	87	5	0.031
1.570796	1.440580	2.260026	4	82	6	0.031
2.356194	1.440580	2.260026	117	61	0	0.031
2.879793	1.440580	2.260026	120	82	138	0.031
-2.356194	2.863997	0.549740	1	84	13	0.031
-1.570796	2.863997	0.549740	116	81	10	0.031
-1.308997	2.863997	0.549740	136	80	8	0.031
-0.523599	2.863997	0.549740	130	63	5	0.031
-0.261799	2.863997	0.549740	132	64	8	0.031
0.000000	2.863997	0.549740	118	62	137	0.031
0.523599	2.863997	0.549740	139	63	10	0.031
2.617994	2.863997	0.549740	119	64	8	0.031
-3.141593	2.041297	-2.664597	133	65	1	0.031
-1.570796	2.041297	-2.664597	120	79	138	0.031
0.000000	2.041297	-2.664597	130	79	7	0.031
0.261799	2.041297	-2.664597	130	64	138	0.031
0.523599	2.041297	-2.664597	139	78	10	0.031
2.879793	2.041297	-2.664597	138	65	7	0.031
-2.617994	1.045978	0.343692	122	64	11	0.031
-1.047198	1.045978	0.343692	129	80	5	0.031
-0.523599	1.045978	0.343692	2	65	9	0.031
-0.261799	1.045978	0.343692	125	61	12	0.031
1.832596	1.045978	0.343692	121	84	4	0.031
-3.141593	0.290380	-0.796960	127	79	1	0.031
-1.570796	0.290380	-0.796960	132	79	6	0.031
-1.047198	0.290380	-0.796960	130	64	8	0.031
0.785398	0.290380	-0.796960	119	87	4	0.031
1.832596	0.290380	-0.796960	118	80	6	0.031
2.094395	0.290380	-0.796960	6	80	1	0.031
-2.617994	1.545873	-1.877082	115	57	10	0.031
-1.570796	1.545873	-1.877082	125	57	0	0.031
1.570796	1.545873	-1.877082	122	85	7	0.031
-2.879793	2.356369	3.005869	124	80	3	0.031
-2.356194	2.356369	3.005869	137	57	4	0.031
-2.094395	2.356369	3.005869	118	64	1	0.031
-0.261799	2.356369	3.005869	0	80	2	0.031
0.000000	2.356369	3.005869	129	63	7	0.031
-2.617994	1.836682	-0.676006	131	61	6	0.031
-0.785398	1.836682	-0.676006	0	61	13	0.031
-0.523599	1.836682	-0.676006	131	60	4	0.031
0.785398	1.836682	-0.676006	132	80	12	0.031
2.094395	1.836682	-0.676006	116	81	139	0.031
2.617994	1.836682	-0.676006	126	78	9	0.031
2.879793	1.836682	-0.676006	116	60	2	0.031
-2.879793	1.948085	-2.363031	122	64	136	0.031
-2.617994	1.948085	-2.363031	129	79	6	0.031
-2.094395	1.948085	-2.363031	126	57	12	0.031
-1.832596	1.948085	-2.363031	138	60	8	0.031
-1.308997	1.948085	-2.363031	137	64	8	0.031
2.356194	1.948085	-2.363031	114	88	1	0.031
-1.832596	1.736875	3.023612	132	65	3	0.031
-0.261799	1.736875	3.023612	116	80	0	0.031
0.523599	1.736875	3.023612	122	79	2	0.031
0.785398	1.736875	3.023612	122	65	136	0.031
1.832596	1.736875	3.023612	138	83	2	0.031
2.356194	1.736875	3.023612	123	81	136	0.031
2.879793	1.736875	3.023612	139	65	3	0.031
-2.617994	0.591903	2.010408	130	80	5	0.031
-2.094395	0.591903	2.010408	121	85	139	0.031
-1.832596	0.591903	2.010408	130	80	6	0.031
-1.570796	0.591903	2.010408	139	79	15	0.031
-1.047198	0.591903	2.010408	113	64	5	0.031
0.523599	0.591903	2.010408	135	64	4	0.031
2.617994	0.591903	2.010408	116	81	5	0.031
-2.617994	2.760637	2.781135	132	52	4	0.031
-1.047198	2.760637	2.781135	130	63	8	0.031
-0.523599	2.760637	2.781135	4	65	9	0.031
-0.261799	2.760637	2.781135	117	78	6	0.031
0.261799	2.760637	2.781135	138	80	14	0.031
1.047198	2.760637	2.781135	114	64	5	0.031
1.832596	2.760637	2.781135	122	80	6	0.031
-2.094395	1.256302	0.062705	4	80	10	0.031
-1.570796	1.256302	0.062705	116	80	3	0.031
-1.308997	1.256302	0.062705	124	80	16	0.031
-0.523599	1.256302	0.062705	138	87	12	0.031
-0.261799	1.256302	0.062705	137	80	16	0.031
0.785398	1.256302	0.062705	129	80	8	0.031
1.570796	1.256302	0.062705	116	57	10	0.031
2.617994	1.256302	0.062705	134	64	10	0.031
2.879793	1.256302	0.062705	128	57	6	0.031
-3.141593	2.592629	0.909713	130	80	139	0.031
-1.308997	2.592629	0.909713	130	65	4	0.031
-2.879793	1.113094	-0.272241	120	64	6	0.031
-1.832596	1.113094	-0.272241	117	63	9	0.031
-1.047198	1.113094	-0.272241	116	80	9	0.031
-0.523599	1.113094	-0.272241	116	79	12	0.031
0.000000	1.113094	-0.272241	1	81	12	0.031
1.047198	1.113094	-0.272241	139	80	18	0.031
2.356194	1.113094	-0.272241	127	52	12	0.031
-3.141593	2.407836	1.410646	126	80	7	0.031
-2.356194	2.407836	1.410646	130	86	0	0.031
-0.785398	2.407836	1.410646	132	64	3	0.031
2.879793	2.407836	1.410646	128	80	5	0.031
-0.261799	2.089241	-0.114193	4	80	6	0.031
0.261799	2.089241	-0.114193	136	57	11	0.031
2.094395	2.089241	-0.114193	139	79	7	0.031
2.356194	2.089241	-0.114193	130	80	7	0.031
0.000000	0.619654	-2.216909	131	78	136	0.031
0.523599	0.619654	-2.216909	138	64	1	0.031
0.785398	0.619654	-2.216909	120	62	1	0.031
1.047198	0.619654	-2.216909	130	82	4	0.031
1.308997	0.619654	-2.216909	134	64	2	0.031
1.832596	0.619654	-2.216909	122	80	1	0.031
-2.094395	2.456751	-1.503343	133	80	7	0.031
0.000000	2.456751	-1.503343	130	79	2	0.031
0.261799	2.456751	-1.503343	119	61	138	0.031
2.617994	2.456751	-1.503343	110	63	4	0.031
-3.141593	2.001437	0.381215	130	65	12	0.031
-2.879793	2.001437	0.381215	7	80	7	0.031
-1.308997	2.001437	0.381215	118	60	12	0.031
-1.047198	2.001437	0.381215	129	80	14	0.031
-0.523599	2.001437	0.381215	115	59	7	0.031
2.356194	2.001437	0.381215	134	60	4	0.031
2.617994	2.001437	0.381215	117	64	5	0.031
-3.141593	2.138223	1.678323	118	57	3	0.031
-2.094395	2.138223	1.678323	133	83	10	0.031
0.000000	2.138223	1.678323	126	80	7	0.031
0.523599	2.138223	1.678323	0	65	5	0.031
2.094395	2.138223	1.678323	11	61	5	0.031
2.879793	2.138223	1.678323	124	63	4	0.031
-2.879793	2.349581	-2.702517	4	80	0	0.031
-1.832596	2.349581	-2.702517	128	80	138	0.031
-1.047198	2.349581	-2.702517	121	87	138	0.031
-0.785398	2.349581	-2.702517	129	56	7	0.031
-0.523599	2.349581	-2.702517	10	80	1	0.031
0.523599	2.349581	-2.702517	127	80	0	0.031
1.308997	2.349581	-2.702517	124	65	137	0.031
-2.879793	1.168678	2.108595	122	79	134	0.031
-1.832596	1.168678	2.108595	5	83	137	0.031
-0.523599	1.168678	2.108595	127	79	6	0.031
0.523599	1.168678	2.108595	125	57	0	0.031
1.308997	1.168678	2.108595	119	64	2	0.031
2.094395	1.168678	2.108595	128	57	137	0.031
2.879793	1.168678	2.108595	120	57	0	0.031
-2.879793	2.180315	-1.357379	138	65	4	0.031
1.308997	2.180315	-1.357379	120	65	0	0.031
1.832596	2.180315	-1.357379	115	84	5	0.031
2.094395	2.180315	-1.357379	119	80	11	0.031
-3.141593	2.478122	2.609777	135	62	139	0.031
-0.523599	2.478122	2.609777	123	63	136	0.031
0.000000	2.478122	2.609777	133	79	4	0.031
0.785398	2.478122	2.609777	3	64	5	0.031
-2.617994	1.699788	2.452890	136	57	139	0.031
-2.356194	1.699788	2.452890	129	64	6	0.031
-1.047198	1.699788	2.452890	120	80	3	0.031
-0.785398	1.699788	2.452890	123	78	8	0.031
-0.261799	1.699788	2.452890	130	79	1	0.031
0.785398	1.699788	2.452890	123	79	135	0.031
1.308997	1.699788	2.452890	115	65	137	0.031
2.617994	1.699788	2.452890	118	62	139	0.031
-3.141593	1.184361	0.625864	131	79	12	0.031
-2.094395	1.184361	0.625864	118	64	12	0.031
-1.570796	1.184361	0.625864	129	60	11	0.031
-1.308997	1.184361	0.625864	130	63	9	0.031
-0.785398	1.184361	0.625864	118	65	9	0.031
0.785398	1.184361	0.625864	139	81	14	0.031
1.047198	1.184361	0.625864	122	83	8	0.031
2.356194	1.184361	0.625864	121	80	5	0.031
-2.617994	2.108018	1.311430	123	80	11	0.031
-2.356194	2.108018	1.311430	8	80	10	0.031
-1.047198	2.108018	1.311430	121	83	9	0.031
-0.523599	2.108018	1.311430	135	87	6	0.031
0.000000	2.108018	1.311430	113	78	9	0.031
0.261799	2.108018	1.311430	123	81	2	0.031
-2.356194	1.488617	1.159546	120	80	137	0.031
-2.094395	1.488617	1.159546	131	64	4	0.031
-1.308997	1.488617	1.159546	129	80	6	0.031
0.000000	1.488617	1.159546	131	80	6	0.031
0.261799	1.488617	1.159546	126	80	7	0.031
-2.879793	1.325504	-1.671296	10	87	139	0.031
-2.617994	1.325504	-1.671296	116	80	6	0.031
-2.356194	1.325504	-1.671296	117	79	4	0.031
1.570796	1.325504	-1.671296	139	80	10	0.031
2.094395	1.325504	-1.671296	1	61	15	0.031
2.879793	1.325504	-1.671296	0	61	7	0.031
-2.617994	1.606104	-0.451151	117	64	5	0.031
-2.356194	1.606104	-0.451151	132	79	7	0.031
-0.785398	1.606104	-0.451151	125	63	8	0.031
-0.523599	1.606104	-0.451151	5	79	11	0.031
0.000000	1.606104	-0.451151	118	59	14	0.031
2.356194	1.606104	-0.451151	119	81	4	0.031
-2.356194	1.506530	1.988858	117	59	3	0.031
-2.094395	1.506530	1.988858	118	61	4	0.031
-1.832596	1.506530	1.988858	131	79	10	0.031
-1.047198	1.506530	1.988858	121	80	136	0.031
0.261799	1.506530	1.988858	0	64	5	0.031
0.523599	1.506530	1.988858	113	78	0	0.031
1.832596	1.506530	1.988858	127	80	139	0.031
2.094395	1.506530	1.988858	115	56	8	0.031
-0.785398	1.977582	0.969896	117	64	5	0.031
-0.523599	1.977582	0.969896	113	61	4	0.031
0.261799	1.977582	0.969896	127	63	11	0.031
1.047198	1.977582	0.969896	116	60	5	0.031
-2.094395	2.637879	2.121598	120	80	137	0.031
-1.308997	2.637879	2.121598	120	81	8	0.031
0.000000	2.637879	2.121598	113	80	8	0.031
0.261799	2.637879	2.121598	129	80	7	0.031
0.523599	2.637879	2.121598	114	61	8	0.031
1.047198	2.637879	2.121598	113	62	139	0.031
2.094395	2.637879	2.121598	1	57	5	0.031
2.356194	2.637879	2.121598	132	56	7	0.031
-2.094395	1.218453	2.777284	113	64	0	0.031
-1.832596	1.218453	2.777284	3	80	12	0.031
-0.785398	1.218453	2.777284	130	81	2	0.031
-0.523599	1.218453	2.777284	139	83	6	0.031
0.785398	1.218453	2.777284	131	57	8	0.031
1.308997	1.218453	2.777284	135	80	5	0.031
-2.879793	1.555207	1.708892	122	61	7	0.031
-2.094395	1.555207	1.708892	124	65	5	0.031
-1.832596	1.555207	1.708892	121	80	13	0.031
-2.356194	2.295480	1.008277	126	79	10	0.031
-1.308997	2.295480	1.008277	121	81	138	0.031
-1.047198	2.295480	1.008277	129	65	3	0.031
1.047198	2.295480	1.008277	130	63	7	0.031
2.879793	2.295480	1.008277	121	65	2	0.031
-0.785398	0.203748	0.590255	119	87	8	0.031
-0.523599	0.203748	0.590255	128	62	8	0.031
0.261799	0.203748	0.590255	137	83	14	0.031
1.308997	0.203748	0.590255	119	64	7	0.031
1.832596	0.203748	0.590255	139	65	8	0.031
2.356194	0.203748	0.590255	132	56	14	0.031
-3.141593	1.510910	-0.740472	134	81	5	0.031
-0.785398	1.510910	-0.740472	121	65	8	0.031
-0.523599	1.510910	-0.740472	119	80	10	0.031
0.261799	1.510910	-0.740472	120	87	10	0.031
1.308997	1.510910	-0.740472	128	79	2	0.031
1.832596	1.510910	-0.740472	2	80	16	0.031
2.094395	1.510910	-0.740472	113	59	11	0.031
2.356194	1.510910	-0.740472	124	82	14	0.031
-1.047198	0.571433	-1.188419	127	64	9	0.031
0.000000	0.571433	-1.188419	121	80	8	0.031
0.261799	0.571433	-1.188419	123	80	7	0.031
0.785398	0.571433	-1.188419	117	80	10	0.031
2.094395	0.571433	-1.188419	125	64	11	0.031
2.356194	0.571433	-1.188419	112	85	9	0.031
2.617994	0.571433	-1.188419	138	58	6	0.031
-2.879793	1.982574	-1.115518	111	83	10	0.031
-2.356194	1.982574	-1.115518	122	65	11	0.031
-1.832596	1.982574	-1.115518	113	64	6	0.031
0.523599	1.982574	-1.115518	134	81	10	0.031
1.570796	1.982574	-1.115518	125	83	138	0.031
1.832596	1.982574	-1.115518	126	84	10	0.031
-3.141593	2.033014	2.977192	135	63	3	0.031
-2.094395	2.033014	2.977192	134	78	139	0.031
-1.570796	2.033014	2.977192	128	55	5	0.031
-0.785398	2.033014	2.977192	118	65	138	0.031
-0.523599	2.033014	2.977192	128	79	8	0.031
0.000000	2.033014	2.977192	1	86	6	0.031
1.047198	2.033014	2.977192	129	64	138	0.031
2.356194	2.033014	2.977192	137	84	139	0.031
2.617994	2.033014	2.977192	126	57	4	0.031
-1.832596	0.297065	2.160177	123	81	0	0.031
-0.261799	0.297065	2.160177	119	56	4	0.031
0.000000	0.297065	2.160177	113	63	4	0.031
0.523599	0.297065	2.160177	117	64	138	0.031
0.785398	0.297065	2.160177	129	63	137	0.031
1.047198	0.297065	2.160177	0	79	0	0.031
2.617994	0.297065	2.160177	118	58	3	0.031
-2.879793	0.080730	-2.622036	6	81	4	0.031
-2.356194	0.080730	-2.622036	134	80	6	0.031
-2.094395	0.080730	-2.622036	127	63	6	0.031
-1.832596	0.080730	-2.622036	1	63	7	0.031
-1.570796	0.080730	-2.622036	136	63	3	0.031
-0.523599	0.080730	-2.622036	116	57	2	0.031
2.617994	0.080730	-2.622036	2	81	0	0.031
2.879793	0.080730	-2.622036	129	63	138	0.031
-2.617994	1.242974	-2.977882	121	56	4	0.031
-1.832596	1.242974	-2.977882	139	61	10	0.031
0.523599	1.242974	-2.977882	122	64	8	0.031
1.570796	1.242974	-2.977882	136	57	139	0.031
2.094395	1.242974	-2.977882	118	80	1	0.031
-2.094395	0.992645	-1.723759	138	63	5	0.031
0.261799	0.992645	-1.723759	123	80	138	0.031
0.785398	0.992645	-1.723759	128	80	8	0.031
1.308997	0.992645	-1.723759	138	87	6	0.031
1.570796	0.992645	-1.723759	117	65	12	0.031
2.356194	0.992645	-1.723759	119	63	139	0.031
2.617994	0.992645	-1.723759	3	87	7	0.031
2.879793	0.992645	-1.723759	117	65	9	0.031
-0.523599	2.104282	-0.813972	117	58	16	0.031
0.261799	2.104282	-0.813972	124	65	5	0.031
0.523599	2.104282	-0.813972	122	81	2	0.031
1.047198	2.104282	-0.813972	138	64	9	0.031
1.570796	2.104282	-0.813972	132	83	11	0.031
-0.785398	1.872854	1.543456	133	80	12	0.031
-0.523599	1.872854	1.543456	122	62	139	0.031
2.356194	1.872854	1.543456	123	80	7	0.031
-2.879793	0.762244	-0.273349	137	80	4	0.031
-2.356194	0.762244	-0.273349	128	61	10	0.031
-1.832596	0.762244	-0.273349	122	63	7	0.031
0.261799	0.762244	-0.273349	122	87	1	0.031
2.879793	0.762244	-0.273349	133	64	9	0.031
-2.879793	1.050534	3.042579	133	61	5	0.031
-2.094395	1.050534	3.042579	127	80	7	0.031
0.261799	1.050534	3.042579	124	79	0	0.031
1.047198	1.050534	3.042579	120	82	4	0.031
1.570796	1.050534	3.042579	129	65	135	0.031
1.832596	1.050534	3.042579	128	83	137	0.031
-0.523599	1.721184	-0.153948	138	86	3	0.031
-0.261799	1.721184	-0.153948	134	65	14	0.031
0.000000	1.721184	-0.153948	120	81	13	0.031
0.261799	1.721184	-0.153948	137	83	11	0.031
1.047198	1.721184	-0.153948	136	80	10	0.031
1.570796	1.721184	-0.153948	117	56	9	0.031
1.832596	1.721184	-0.153948	116	80	8	0.031
2.356194	1.721184	-0.153948	123	57	13	0.031
-2.094395	0.733948	3.021411	138	63	5	0.031
-0.785398	0.733948	3.021411	119	61	2	0.031
0.000000	0.733948	3.021411	4	80	6	0.031
-1.570796	2.588535	-2.976617	3	64	8	0.031
-0.785398	2.588535	-2.976617	138	65	9	0.031
-0.523599	2.588535	-2.976617	3	79	4	0.031
0.523599	2.588535	-2.976617	129	80	10	0.031
1.047198	2.588535	-2.976617	117	80	137	0.031
1.308997	2.588535	-2.976617	136	60	12	0.031
2.879793	2.588535	-2.976617	113	80	3	0.031
-2.356194	1.391910	3.030322	136	80	7	0.031
-1.832596	1.391910	3.030322	117	65	138	0.031
-0.785398	1.391910	3.030322	123	56	2	0.031
0.000000	1.391910	3.030322	114	79	6	0.031
0.785398	1.391910	3.030322	128	63	3	0.031
1.308997	1.391910	3.030322	5	65	138	0.031
1.570796	1.391910	3.030322	137	63	2	0.031
-2.879793	0.685216	-1.712745	120	79	0	0.031
-2.356194	0.685216	-1.712745	2	58	13	0.031
0.523599	0.685216	-1.712745	134	65	10	0.031
1.570796	0.685216	-1.712745	120	61	7	0.031
2.094395	0.685216	-1.712745	124	79	9	0.031
-2.879793	2.063651	-2.044600	135	64	4	0.031
-1.832596	2.063651	-2.044600	137	63	8	0.031
0.261799	2.063651	-2.044600	124	79	4	0.031
0.785398	2.063651	-2.044600	136	89	1	0.031
1.308997	2.063651	-2.044600	1	79	5	0.031
1.570796	2.063651	-2.044600	126	80	3	0.031
2.094395	2.063651	-2.044600	125	81	0	0.031
-2.617994	0.700570	1.559208	129	56	7	0.031
-1.570796	0.700570	1.559208	127	80	11	0.031
-1.047198	0.700570	1.559208	134	63	9	0.031
0.523599	0.700570	1.559208	124	79	9	0.031
1.570796	0.700570	1.559208	123	56	11	0.031
2.356194	0.700570	1.559208	0	64	2	0.031
-2.879793	1.025536	1.576859	120	80	5	0.031
-2.356194	1.025536	1.576859	130	64	1	0.031
-1.570796	1.025536	1.576859	132	80	2	0.031
-1.308997	1.025536	1.576859	5	78	13	0.031
1.047198	1.025536	1.576859	117	57	12	0.031
-3.141593	2.251330	-2.330739	111	62	4	0.031
-2.879793	2.251330	-2.330739	124	84	139	0.031
-1.832596	2.251330	-2.330739	132	55	4	0.031
1.570796	2.251330	-2.330739	121	61	2	0.031
-1.832596	1.374601	-2.456031	126	59	1	0.031
-0.261799	1.374601	-2.456031	4	57	4	0.031
0.785398	1.374601	-2.456031	131	79	10	0.031
1.308997	1.374601	-2.456031	130	62	4	0.031
2.879793	1.374601	-2.456031	118	64	6	0.031
-0.785398	1.732874	-0.951685	121	60	15	0.031
0.261799	1.732874	-0.951685	127	64	8	0.031
2.356194	1.732874	-0.951685	1	80	6	0.031
2.879793	1.732874	-0.951685	115	79	11	0.031
-2.356194	0.960688	-0.577532	136	65	13	0.031
-0.261799	0.960688	-0.577532	130	64	7	0.031
0.000000	0.960688	-0.577532	122	57	14	0.031
0.785398	0.960688	-0.577532	5	64	10	0.031
1.047198	0.960688	-0.577532	138	87	12	0.031
1.308997	0.960688	-0.577532	127	64	10	0.031
2.617994	0.960688	-0.577532	122	83	8	0.031
-1.570796	1.824694	1.850876	122	80	1	0.031
-1.308997	1.824694	1.850876	134	65	4	0.031
-0.785398	1.824694	1.850876	130	64	7	0.031
0.000000	1.824694	1.850876	111	79	3	0.031
0.523599	1.824694	1.850876	113	79	4	0.031
1.047198	1.824694	1.850876	1	79	2	0.031
1.832596	1.824694	1.850876	124	59	7	0.031
-2.356194	2.704512	1.488683	6	82	6	0.031
-1.308997	2.704512	1.488683	131	64	11	0.031
-1.047198	2.704512	1.488683	129	85	1	0.031
-0.523599	2.704512	1.488683	120	80	139	0.031
1.570796	2.704512	1.488683	136	60	4	0.031
-2.617994	0.910508	1.903534	125	80	7	0.031
-1.570796	0.910508	1.903534	132	84	9	0.031
1.832596	0.910508	1.903534	135	62	1	0.031
-2.879793	0.929350	-2.910676	131	80	4	0.031
-2.617994	0.929350	-2.910676	127	79	7	0.031
-1.832596	0.929350	-2.910676	126	60	3	0.031
-1.047198	0.929350	-2.910676	122	65	137	0.031
1.570796	0.929350	-2.910676	139	87	5	0.031
1.832596	0.929350	-2.910676	128	63	135	0.031
2.617994	0.929350	-2.910676	128	64	6	0.031
-2.356194	1.128190	-2.288622	8	63	7	0.031
-0.261799	1.128190	-2.288622	126	64	0	0.031
0.000000	1.128190	-2.288622	125	56	5	0.031
0.261799	1.128190	-2.288622	2	80	4	0.031
1.047198	1.128190	-2.288622	120	63	2	0.031
1.308997	1.128190	-2.288622	123	79	2	0.031
1.832596	1.128190	-2.288622	120	80	5	0.031
2.094395	1.128190	-2.288622	138	79	10	0.031
2.879793	1.128190	-2.288622	115	64	6	0.031
-2.879793	2.881233	-2.582574	123	63	9	0.031
-2.094395	2.881233	-2.582574	134	51	3	0.031
-0.261799	2.881233	-2.582574	127	79	8	0.031
0.261799	2.881233	-2.582574	132	81	8	0.031
0.785398	2.881233	-2.582574	116	81	5	0.031
1.047198	2.881233	-2.582574	120	61	10	0.031
2.617994	2.881233	-2.582574	117	80	1	0.031
2.879793	2.881233	-2.582574	125	57	5	0.031
-2.879793	1.696674	-1.253233	130	65	7	0.031
-0.785398	1.696674	-1.253233	6	61	11	0.031
-0.523599	1.696674	-1.253233	133	57	6	0.031
0.523599	1.696674	-1.253233	5	82	3	0.031
2.356194	1.696674	-1.253233	116	82	3	0.031
-2.879793	1.683268	0.374177	9	84	7	0.031
-2.094395	1.683268	0.374177	126	81	10	0.031
-1.832596	1.683268	0.374177	124	81	7	0.031
-1.570796	1.683268	0.374177	1	64	8	0.031
-1.308997	1.683268	0.374177	139	84	8	0.031
-0.785398	1.683268	0.374177	3	63	11	0.031
1.570796	1.683268	0.374177	133	61	9	0.031
-1.047198	2.073035	2.027405	117	64	9	0.031
1.308997	2.073035	2.027405	137	80	137	0.031
2.617994	2.073035	2.027405	119	57	9	0.031
-2.879793	1.875281	0.107086	127	80	8	0.031
-2.617994	1.875281	0.107086	139	63	12	0.031
-1.570796	1.875281	0.107086	117	79	7	0.031
-0.785398	1.875281	0.107086	130	63	8	0.031
-0.261799	1.875281	0.107086	117	82	0	0.031
0.523599	1.875281	0.107086	127	55	12	0.031
0.785398	1.875281	0.107086	115	78	2	0.031
1.832596	1.875281	0.107086	133	60	8	0.031
2.094395	1.875281	0.107086	137	65	13	0.031
2.617994	1.875281	0.107086	130	78	2	0.031
2.879793	1.875281	0.107086	126	80	1	0.031
-3.141593	1.247695	1.809890	126	84	8	0.031
-2.356194	1.247695	1.809890	127	81	136	0.031
-0.785398	1.247695	1.809890	136	61	9	0.031
-0.523599	1.247695	1.809890	119	81	0	0.031
1.047198	1.247695	1.809890	114	61	139	0.031
1.308997	1.247695	1.809890	0	65	1	0.031
-2.356194	1.301460	-0.509251	121	80	5	0.031
-1.047198	1.301460	-0.509251	127	64	8	0.031
-0.523599	1.301460	-0.509251	122	81	3	0.031
0.000000	1.301460	-0.509251	124	64	3	0.031
1.047198	1.301460	-0.509251	118	61	12	0.031
1.308997	1.301460	-0.509251	125	64	0	0.031
2.094395	1.301460	-0.509251	116	64	13	0.031
2.356194	1.301460	-0.509251	138	65	6	0.031
2.879793	1.301460	-0.509251	123	65	4	0.031
0.523599	1.904882	-1.478089	120	78	2	0.031
0.785398	1.904882	-1.478089	139	82	9	0.031
1.047198	1.904882	-1.478089	131	80	4	0.031
1.308997	1.904882	-1.478089	125	64	4	0.031
2.094395	1.904882	-1.478089	0	65	14	0.031
2.879793	1.904882	-1.478089	124	80	4	0.031
-2.879793	0.709924	0.218797	124	79	139	0.031
-2.094395	0.709924	0.218797	139	61	4	0.031
-1.308997	0.709924	0.218797	122	61	3	0.031
-0.523599	0.709924	0.218797	132	83	3	0.031
0.523599	0.709924	0.218797	127	81	5	0.031
0.785398	0.709924	0.218797	115	82	7	0.031
1.832596	0.709924	0.218797	118	79	3	0.031
-0.785398	0.496451	0.593859	130	65	9	0.031
-0.523599	0.496451	0.593859	119	83	138	0.031
0.000000	0.496451	0.593859	110	80	5	0.031
1.047198	0.496451	0.593859	117	64	4	0.031
2.879793	0.496451	0.593859	139	59	7	0.031
-2.617994	2.379497	0.561089	130	80	9	0.031
-2.356194	2.379497	0.561089	127	63	4	0.031
-1.832596	2.379497	0.561089	123	81	13	0.031
-1.047198	2.379497	0.561089	110	80	4	0.031
1.047198	2.379497	0.561089	129	56	6	0.031
1.570796	2.379497	0.561089	127	61	1	0.031
2.356194	2.379497	0.561089	6	64	8	0.031
-0.261799	1.433411	-1.035986	120	80	8	0.031
0.000000	1.433411	-1.035986	124	62	16	0.031
1.570796	1.433411	-1.035986	122	82	6	0.031
-2.879793	1.658653	-2.409879	128	57	6	0.031
-2.094395	1.658653	-2.409879	127	64	3	0.031
-0.523599	1.658653	-2.409879	118	61	138	0.031
-0.261799	1.658653	-2.409879	120	81	1	0.031
0.261799	1.658653	-2.409879	127	65	137	0.031
0.523599	1.658653	-2.409879	131	64	136	0.031
0.785398	1.658653	-2.409879	139	80	137	0.031
1.047198	1.658653	-2.409879	129	56	1	0.031
2.879793	1.658653	-2.409879	135	65	1	0.031
-2.356194	0.418037	1.360082	124	84	136	0.031
-2.094395	0.418037	1.360082	120	64	9	0.031
-1.570796	0.418037	1.360082	119	64	10	0.031
-1.047198	0.418037	1.360082	126	80	5	0.031
-0.785398	0.418037	1.360082	118	64	4	0.031
0.000000	0.418037	1.360082	131	56	10	0.031
1.832596	0.418037	1.360082	115	57	10	0.031
-2.356194	1.214854	-1.966664	7	84	135	0.031
-0.261799	1.214854	-1.966664	124	84	135	0.031
0.000000	1.214854	-1.966664	14	61	10	0.031
1.832596	1.214854	-1.966664	120	62	9	0.031
-2.617994	0.914445	2.687814	136	80	139	0.031
-2.094395	0.914445	2.687814	129	64	10	0.031
0.000000	0.914445	2.687814	7	55	7	0.031
0.261799	0.914445	2.687814	139	79	9	0.031
0.523599	0.914445	2.687814	133	64	138	0.031
1.047198	0.914445	2.687814	130	64	2	0.031
1.832596	0.914445	2.687814	133	78	138	0.031
2.879793	0.914445	2.687814	127	63	5	0.031
-3.141593	1.135813	-2.658866	4	81	7	0.031
-2.879793	1.135813	-2.658866	1	80	7	0.031
-0.261799	1.135813	-2.658866	133	63	1	0.031
0.785398	1.135813	-2.658866	123	63	7	0.031
1.570796	1.135813	-2.658866	130	81	139	0.031
1.832596	1.135813	-2.658866	137	80	5	0.031
-1.570796	1.448123	-2.163292	129	57	9	0.031
-0.523599	1.448123	-2.163292	139	65	3	0.031
0.785398	1.448123	-2.163292	6	64	14	0.031
1.308997	1.448123	-2.163292	127	62	10	0.031
2.617994	1.448123	-2.163292	134	79	4	0.031
-1.047198	2.455966	-0.641220	118	81	8	0.031
0.785398	2.455966	-0.641220	0	63	11	0.031
1.570796	2.455966	-0.641220	1	84	8	0.031
2.356194	2.455966	-0.641220	123	82	11	0.031
2.617994	2.455966	-0.641220	131	84	8	0.031
2.879793	2.455966	-0.641220	112	64	4	0.031
-2.879793	1.662363	0.915448	127	81	11	0.031
-1.308997	1.662363	0.915448	120	86	1	0.031
-1.047198	1.662363	0.915448	120	81	4	0.031
-0.523599	1.662363	0.915448	128	65	6	0.031
0.261799	1.662363	0.915448	114	65	4	0.031
0.523599	1.662363	0.915448	136	59	9	0.031
0.523599	0.615174	-0.666022	131	89	9	0.027
-0.785398	2.587733	0.232235	127	97	12	0.027
-1.832596	1.998705	2.370472	128	88	8	0.027
-0.261799	0.906588	1.252948	110	88	0	0.027
-3.141593	0.379747	-1.713059	1	87	11	0.027
-3.141593	2.863997	0.549740	129	88	138	0.027
2.094395	1.045978	0.343692	123	98	6	0.027
0.000000	2.592629	0.909713	113	89	7	0.027
1.832596	1.113094	-0.272241	129	90	7	0.027
0.523599	2.089241	-0.114193	112	64	9	0.027
1.832596	2.089241	-0.114193	118	88	9	0.027
-2.094395	1.977582	0.969896	18	61	138	0.027
-3.141593	0.203748	0.590255	123	88	10	0.027
1.570796	0.203748	0.590255	118	88	0	0.027
-0.785398	0.297065	2.160177	112	87	137	0.027
0.523599	0.762244	-0.273349	125	83	16	0.027
2.879793	2.073035	2.027405	120	45	7	0.027
2.356194	0.615174	-0.666022	110	97	8	0.025
1.832596	2.587733	0.232235	18	47	0	0.025
2.094395	2.187132	-0.479875	125	99	15	0.025
-0.261799	2.984978	1.954446	2	48	3	0.025
-1.570796	1.045978	0.343692	115	46	7	0.025
-3.141593	2.379497	0.561089	12	44	4	0.025
0.000000	2.379497	0.561089	129	97	7	0.025
-2.617994	1.450119	-2.739050	137	60	5	0.023
-2.356194	1.450119	-2.739050	9	62	5	0.023
-1.832596	1.450119	-2.739050	122	83	0	0.023
-1.570796	1.450119	-2.739050	119	57	5	0.023
-0.785398	1.450119	-2.739050	6	65	1	0.023
-0.523599	1.450119	-2.739050	0	51	5	0.023
-0.261799	1.450119	-2.739050	131	62	7	0.023
0.261799	1.450119	-2.739050	123	65	3	0.023
0.523599	1.450119	-2.739050	122	84	6	0.023
0.785398	1.450119	-2.739050	127	79	137	0.023
1.047198	1.450119	-2.739050	134	80	8	0.023
1.570796	1.450119	-2.739050	122	56	135	0.023
1.832596	1.450119	-2.739050	7	61	12	0.023
2.094395	1.450119	-2.739050	139	81	8	0.023
2.617994	1.450119	-2.739050	3	78	5	0.023
2.879793	1.450119	-2.739050	2	80	6	0.023
-3.141593	2.404280	-0.174044	121	61	6	0.023
-2.879793	2.404280	-0.174044	124	65	12	0.023
-2.617994	2.404280	-0.174044	133	62	13	0.023
-2.094395	2.404280	-0.174044	120	87	5	0.023
-1.832596	2.404280	-0.174044	119	82	138	0.023
-1.570796	2.404280	-0.174044	132	60	10	0.023
-1.308997	2.404280	-0.174044	139	64	18	0.023
-1.047198	2.404280	-0.174044	139	83	12	0.023
-0.785398	2.404280	-0.174044	113	64	8	0.023
-0.523599	2.404280	-0.174044	6	64	12	0.023
-0.261799	2.404280	-0.174044	110	57	8	0.023
0.000000	2.404280	-0.174044	134	79	11	0.023
0.261799	2.404280	-0.174044	137	57	12	0.023
1.047198	2.404280	-0.174044	121	53	10	0.023
1.308997	2.404280	-0.174044	10	57	9	0.023
1.832596	2.404280	-0.174044	129	54	10	0.023
2.094395	2.404280	-0.174044	123	62	17	0.023
2.356194	2.404280	-0.174044	124	62	13	0.023
2.617994	2.404280	-0.174044	127	56	13	0.023
-3.141593	2.115563	0.685730	10	56	16	0.023
-2.879793	2.115563	0.685730	3	80	18	0.023
-2.617994	2.115563	0.685730	0	87	11	0.023
-2.356194	2.115563	0.685730	139	65	13	0.023
-2.094395	2.115563	0.685730	137	62	8	0.023
-1.832596	2.115563	0.685730	120	81	11	0.023
-1.570796	2.115563	0.685730	116	65	10	0.023
-1.308997	2.115563	0.685730	129	59	8	0.023
-1.047198	2.115563	0.685730	113	63	9	0.023
-0.523599	2.115563	0.685730	126	64	15	0.023
-0.261799	2.115563	0.685730	127	79	6	0.023
0.000000	2.115563	0.685730	115	79	7	0.023
0.261799	2.115563	0.685730	121	59	9	0.023
0.523599	2.115563	0.685730	124	61	13	0.023
0.785398	2.115563	0.685730	131	64	14	0.023
1.047198	2.115563	0.685730	117	80	11	0.023
1.308997	2.115563	0.685730	132	56	4	0.023
1.570796	2.115563	0.685730	134	57	10	0.023
1.832596	2.115563	0.685730	124	64	6	0.023
2.094395	2.115563	0.685730	125	84	11	0.023
2.356194	2.115563	0.685730	131	80	10	0.023
2.879793	2.115563	0.685730	11	64	4	0.023
-2.617994	1.756530	-2.105156	139	61	6	0.023
-2.356194	1.756530	-2.105156	137	65	7	0.023
-2.094395	1.756530	-2.105156	10	82	1	0.023
-1.832596	1.756530	-2.105156	139	57	0	0.023
-1.570796	1.756530	-2.105156	126	60	10	0.023
-1.308997	1.756530	-2.105156	9	63	8	0.023
-1.047198	1.756530	-2.105156	118	80	137	0.023
-0.785398	1.756530	-2.105156	120	57	3	0.023
-0.261799	1.756530	-2.105156	6	79	15	0.023
0.000000	1.756530	-2.105156	128	57	8	0.023
0.261799	1.756530	-2.105156	128	60	10	0.023
0.785398	1.756530	-2.105156	2	64	8	0.023
1.047198	1.756530	-2.105156	123	64	6	0.023
1.308997	1.756530	-2.105156	3	84	12	0.023
1.570796	1.756530	-2.105156	131	63	138	0.023
1.832596	1.756530	-2.105156	121	83	0	0.023
2.879793	1.756530	-2.105156	125	63	5	0.023
-3.141593	1.869911	2.701025	122	57	5	0.023
-2.879793	1.869911	2.701025	10	81	5	0.023
-2.356194	1.869911	2.701025	137	64	7	0.023
-1.570796	1.869911	2.701025	124	64	7	0.023
-1.308997	1.869911	2.701025	124	57	11	0.023
-1.047198	1.869911	2.701025	5	64	7	0.023
-0.785398	1.869911	2.701025	130	65	6	0.023
-0.523599	1.869911	2.701025	4	83	7	0.023
-0.261799	1.869911	2.701025	138	56	10	0.023
0.261799	1.869911	2.701025	9	87	137	0.023
0.523599	1.869911	2.701025	115	80	4	0.023
0.785398	1.869911	2.701025	127	79	2	0.023
1.047198	1.869911	2.701025	114	57	6	0.023
1.308997	1.869911	2.701025	4	87	4	0.023
1.570796	1.869911	2.701025	8	82	2	0.023
1.832596	1.869911	2.701025	131	56	6	0.023
2.617994	1.869911	2.701025	116	65	3	0.023
2.879793	1.869911	2.701025	120	57	7	0.023
-3.141593	0.458961	-0.107937	136	64	6	0.023
-2.879793	0.458961	-0.107937	0	64	9	0.023
-2.617994	0.458961	-0.107937	134	64	11	0.023
-2.094395	0.458961	-0.107937	1	61	10	0.023
-1.832596	0.458961	-0.107937	119	63	12	0.023
-1.047198	0.458961	-0.107937	123	81	139	0.023
-0.523599	0.458961	-0.107937	117	65	10	0.023
-0.261799	0.458961	-0.107937	134	87	7	0.023
0.000000	0.458961	-0.107937	122	64	15	0.023
0.261799	0.458961	-0.107937	5	84	12	0.023
0.523599	0.458961	-0.107937	135	59	14	0.023
1.047198	0.458961	-0.107937	115	61	13	0.023
1.308997	0.458961	-0.107937	0	84	13	0.023
1.570796	0.458961	-0.107937	119	57	138	0.023
1.832596	0.458961	-0.107937	5	80	14	0.023
2.094395	0.458961	-0.107937	138	55	18	0.023
2.356194	0.458961	-0.107937	114	81	3	0.023
2.879793	0.458961	-0.107937	131	60	9	0.023
-3.141593	1.599406	1.426070	120	81	6	0.023
-2.879793	1.599406	1.426070	119	80	10	0.023
-2.617994	1.599406	1.426070	4	80	12	0.023
-2.356194	1.599406	1.426070	121	63	12	0.023
-2.094395	1.599406	1.426070	124	56	10	0.023
-1.832596	1.599406	1.426070	3	87	8	0.023
-1.570796	1.599406	1.426070	128	87	7	0.023
-1.308997	1.599406	1.426070	3	84	6	0.023
-0.785398	1.599406	1.426070	136	79	13	0.023
-0.523599	1.599406	1.426070	122	87	8	0.023
-0.261799	1.599406	1.426070	133	81	6	0.023
0.261799	1.599406	1.426070	111	57	9	0.023
0.523599	1.599406	1.426070	112	82	0	0.023
0.785398	1.599406	1.426070	119	65	12	0.023
1.047198	1.599406	1.426070	124	83	5	0.023
1.308997	1.599406	1.426070	112	64	9	0.023
1.570796	1.599406	1.426070	137	80	10	0.023
1.832596	1.599406	1.426070	133	57	13	0.023
2.094395	1.599406	1.426070	127	64	11	0.023
-3.141593	1.554776	0.100351	120	80	13	0.023
-2.879793	1.554776	0.100351	130	54	12	0.023
-2.617994	1.554776	0.100351	123	52	11	0.023
-2.356194	1.554776	0.100351	134	63	12	0.023
-1.832596	1.554776	0.100351	130	55	10	0.023
-1.570796	1.554776	0.100351	130	65	16	0.023
-0.523599	1.554776	0.100351	129	65	13	0.023
0.261799	1.554776	0.100351	136	64	8	0.023
0.523599	1.554776	0.100351	132	64	15	0.023
0.785398	1.554776	0.100351	132	78	16	0.023
1.047198	1.554776	0.100351	131	59	15	0.023
1.308997	1.554776	0.100351	128	81	9	0.023
1.570796	1.554776	0.100351	129	80	14	0.023
2.094395	1.554776	0.100351	136	57	17	0.023
2.617994	1.554776	0.100351	125	64	8	0.023
2.879793	1.554776	0.100351	131	56	16	0.023
-2.356194	0.618092	2.539118	132	65	5	0.023
-2.094395	0.618092	2.539118	115	64	1	0.023
-1.832596	0.618092	2.539118	137	87	7	0.023
-1.570796	0.618092	2.539118	122	64	7	0.023
-0.785398	0.618092	2.539118	2	64	5	0.023
0.000000	0.618092	2.539118	4	81	8	0.023
0.261799	0.618092	2.539118	132	65	12	0.023
0.785398	0.618092	2.539118	137	52	9	0.023
1.047198	0.618092	2.539118	6	57	12	0.023
1.832596	0.618092	2.539118	125	57	9	0.023
2.094395	0.618092	2.539118	126	55	9	0.023
-3.141593	1.846342	-1.796954	120	65	8	0.023
-2.879793	1.846342	-1.796954	129	59	13	0.023
-2.617994	1.846342	-1.796954	133	65	4	0.023
-2.356194	1.846342	-1.796954	126	57	7	0.023
-2.094395	1.846342	-1.796954	113	57	1	0.023
-1.832596	1.846342	-1.796954	127	80	7	0.023
-1.570796	1.846342	-1.796954	132	60	6	0.023
-1.308997	1.846342	-1.796954	137	80	9	0.023
-1.047198	1.846342	-1.796954	4	61	9	0.023
-0.785398	1.846342	-1.796954	7	63	9	0.023
-0.523599	1.846342	-1.796954	9	65	9	0.023
-0.261799	1.846342	-1.796954	127	57	10	0.023
0.261799	1.846342	-1.796954	4	65	12	0.023
0.523599	1.846342	-1.796954	126	82	11	0.023
1.308997	1.846342	-1.796954	1	80	13	0.023
1.570796	1.846342	-1.796954	118	79	9	0.023
2.094395	1.846342	-1.796954	4	61	15	0.023
2.356194	1.846342	-1.796954	128	57	10	0.023
2.617994	1.846342	-1.796954	139	65	13	0.023
2.879793	1.846342	-1.796954	117	80	9	0.023
-2.879793	0.615174	-0.666022	5	64	14	0.023
-2.617994	0.615174	-0.666022	5	62	14	0.023
-2.356194	0.615174	-0.666022	138	57	18	0.023
-2.094395	0.615174	-0.666022	113	85	2	0.023
-1.832596	0.615174	-0.666022	126	82	5	0.023
-1.570796	0.615174	-0.666022	133	57	138	0.023
-1.308997	0.615174	-0.666022	117	61	12	0.023
-1.047198	0.615174	-0.666022	120	58	5	0.023
-0.785398	0.615174	-0.666022	129	65	14	0.023
-0.261799	0.615174	-0.666022	117	84	7	0.023
0.000000	0.615174	-0.666022	131	80	11	0.023
0.261799	0.615174	-0.666022	124	62	13	0.023
1.047198	0.615174	-0.666022	125	64	9	0.023
1.308997	0.615174	-0.666022	2	65	13	0.023
2.094395	0.615174	-0.666022	118	56	15	0.023
2.879793	0.615174	-0.666022	122	65	10	0.023
-3.141593	2.393226	1.857173	119	61	5	0.023
-2.617994	2.393226	1.857173	7	88	8	0.023
-1.832596	2.393226	1.857173	126	80	9	0.023
-1.570796	2.393226	1.857173	9	81	11	0.023
-1.308997	2.393226	1.857173	139	81	13	0.023
-0.785398	2.393226	1.857173	114	58	4	0.023
-0.523599	2.393226	1.857173	132	57	5	0.023
0.000000	2.393226	1.857173	4	80	5	0.023
0.261799	2.393226	1.857173	121	64	13	0.023
0.785398	2.393226	1.857173	0	81	8	0.023
1.047198	2.393226	1.857173	115	62	135	0.023
1.308997	2.393226	1.857173	122	88	8	0.023
1.570796	2.393226	1.857173	138	52	13	0.023
1.832596	2.393226	1.857173	127	89	9	0.023
2.094395	2.393226	1.857173	127	64	8	0.023
2.356194	2.393226	1.857173	128	83	139	0.023
2.617994	2.393226	1.857173	132	65	2	0.023
-3.141593	1.569311	-3.003978	124	57	4	0.023
-2.879793	1.569311	-3.003978	138	57	12	0.023
-2.617994	1.569311	-3.003978	135	63	2	0.023
-2.356194	1.569311	-3.003978	136	59	11	0.023
-1.570796	1.569311	-3.003978	6	62	9	0.023
-1.308997	1.569311	-3.003978	136	62	9	0.023
-1.047198	1.569311	-3.003978	123	62	4	0.023
-0.785398	1.569311	-3.003978	124	61	6	0.023
-0.523599	1.569311	-3.003978	119	81	135	0.023
-0.261799	1.569311	-3.003978	125	81	4	0.023
0.000000	1.569311	-3.003978	123	56	3	0.023
0.261799	1.569311	-3.003978	134	57	3	0.023
0.523599	1.569311	-3.003978	1	64	4	0.023
0.785398	1.569311	-3.003978	4	80	7	0.023
1.308997	1.569311	-3.003978	132	64	7	0.023
1.570796	1.569311	-3.003978	112	83	4	0.023
2.094395	1.569311	-3.003978	134	80	5	0.023
2.356194	1.569311	-3.003978	114	60	139	0.023
2.617994	1.569311	-3.003978	0	80	8	0.023
2.879793	1.569311	-3.003978	130	80	9	0.023
-3.141593	0.419640	2.974122	132	59	12	0.023
-2.617994	0.419640	2.974122	115	81	8	0.023
-2.356194	0.419640	2.974122	3	60	15	0.023
-1.832596	0.419640	2.974122	138	60	4	0.023
-1.570796	0.419640	2.974122	125	61	12	0.023
-1.308997	0.419640	2.974122	0	79	9	0.023
-1.047198	0.419640	2.974122	118	65	8	0.023
-0.785398	0.419640	2.974122	117	61	7	0.023
-0.523599	0.419640	2.974122	139	59	6	0.023
-0.261799	0.419640	2.974122	6	61	3	0.023
0.261799	0.419640	2.974122	127	65	9	0.023
0.785398	0.419640	2.974122	10	82	3	0.023
1.047198	0.419640	2.974122	1	84	4	0.023
1.308997	0.419640	2.974122	123	57	9	0.023
1.832596	0.419640	2.974122	128	81	9	0.023
2.094395	0.419640	2.974122	129	64	7	0.023
2.356194	0.419640	2.974122	126	80	11	0.023
2.617994	0.419640	2.974122	123	64	6	0.023
-3.141593	1.134796	2.434290	117	61	2	0.023
-2.879793	1.134796	2.434290	136	61	7	0.023
-2.617994	1.134796	2.434290	0	59	11	0.023
-2.094395	1.134796	2.434290	128	59	8	0.023
-1.832596	1.134796	2.434290	6	83	6	0.023
-1.570796	1.134796	2.434290	138	86	2	0.023
-1.308997	1.134796	2.434290	136	87	6	0.023
-1.047198	1.134796	2.434290	5	82	4	0.023
-0.785398	1.134796	2.434290	109	80	139	0.023
-0.523599	1.134796	2.434290	113	85	137	0.023
-0.261799	1.134796	2.434290	117	79	9	0.023
0.000000	1.134796	2.434290	10	65	2	0.023
0.261799	1.134796	2.434290	4	61	7	0.023
0.523599	1.134796	2.434290	133	62	2	0.023
1.047198	1.134796	2.434290	123	61	2	0.023
2.356194	1.134796	2.434290	128	62	3	0.023
2.617994	1.134796	2.434290	0	52	9	0.023
2.879793	1.134796	2.434290	124	57	138	0.023
-3.141593	1.574060	2.783565	0	60	8	0.023
-2.879793	1.574060	2.783565	133	55	12	0.023
-2.617994	1.574060	2.783565	137	61	6	0.023
-2.356194	1.574060	2.783565	125	64	8	0.023
-1.832596	1.574060	2.783565	118	63	4	0.023
-1.308997	1.574060	2.783565	123	56	5	0.023
-1.047198	1.574060	2.783565	123	63	5	0.023
-0.785398	1.574060	2.783565	7	81	8	0.023
-0.523599	1.574060	2.783565	124	57	3	0.023
-0.261799	1.574060	2.783565	3	82	8	0.023
0.261799	1.574060	2.783565	134	87	5	0.023
0.523599	1.574060	2.783565	6	80	12	0.023
1.308997	1.574060	2.783565	5	81	9	0.023
1.832596	1.574060	2.783565	115	61	7	0.023
2.094395	1.574060	2.783565	135	59	7	0.023
2.356194	1.574060	2.783565	122	57	9	0.023
2.617994	1.574060	2.783565	138	57	6	0.023
-3.141593	2.587733	0.232235	127	79	10	0.023
-2.879793	2.587733	0.232235	134	61	11	0.023
-2.356194	2.587733	0.232235	128	64	9	0.023
-2.094395	2.587733	0.232235	127	79	2	0.023
-1.832596	2.587733	0.232235	132	81	12	0.023
-1.570796	2.587733	0.232235	124	84	11	0.023
-1.308997	2.587733	0.232235	3	56	14	0.023
-1.047198	2.587733	0.232235	132	81	10	0.023
0.000000	2.587733	0.232235	110	64	4	0.023
0.523599	2.587733	0.232235	133	59	8	0.023
0.785398	2.587733	0.232235	124	81	12	0.023
1.047198	2.587733	0.232235	117	64	5	0.023
1.570796	2.587733	0.232235	136	59	11	0.023
2.094395	2.587733	0.232235	9	62	17	0.023
2.617994	2.587733	0.232235	134	56	18	0.023
-2.879793	1.413430	2.550734	118	64	7	0.023
-2.617994	1.413430	2.550734	10	58	8	0.023
-2.094395	1.413430	2.550734	139	78	12	0.023
-1.832596	1.413430	2.550734	4	65	8	0.023
-1.570796	1.413430	2.550734	0	80	7	0.023
-1.308997	1.413430	2.550734	136	62	7	0.023
-1.047198	1.413430	2.550734	128	56	6	0.023
-0.785398	1.413430	2.550734	124	80	136	0.023
-0.523599	1.413430	2.550734	139	87	3	0.023
-0.261799	1.413430	2.550734	113	88	138	0.023
0.000000	1.413430	2.550734	138	81	9	0.023
0.523599	1.413430	2.550734	5	64	8	0.023
1.308997	1.413430	2.550734	1	80	1	0.023
1.570796	1.413430	2.550734	137	62	7	0.023
1.832596	1.413430	2.550734	126	61	8	0.023
2.356194	1.413430	2.550734	123	62	133	0.023
2.617994	1.413430	2.550734	123	84	1	0.023
2.879793	1.413430	2.550734	123	63	4	0.023
-2.617994	1.417623	-0.202254	133	64	13	0.023
-2.356194	1.417623	-0.202254	118	80	14	0.023
-2.094395	1.417623	-0.202254	126	63	6	0.023
-1.832596	1.417623	-0.202254	117	80	13	0.023
-1.308997	1.417623	-0.202254	123	79	15	0.023
-1.047198	1.417623	-0.202254	1	79	11	0.023
-0.523599	1.417623	-0.202254	120	59	16	0.023
0.000000	1.417623	-0.202254	0	58	14	0.023
0.785398	1.417623	-0.202254	120	63	6	0.023
1.047198	1.417623	-0.202254	0	80	11	0.023
1.570796	1.417623	-0.202254	129	80	14	0.023
1.832596	1.417623	-0.202254	123	80	15	0.023
2.094395	1.417623	-0.202254	131	54	18	0.023
2.617994	1.417623	-0.202254	9	58	19	0.023
2.879793	1.417623	-0.202254	1	85	13	0.023
-2.879793	0.850607	-1.335383	113	63	5	0.023
-2.617994	0.850607	-1.335383	137	64	6	0.023
-2.094395	0.850607	-1.335383	124	54	14	0.023
0.000000	0.850607	-1.335383	7	62	12	0.023
0.261799	0.850607	-1.335383	123	61	11	0.023
0.785398	0.850607	-1.335383	125	80	1	0.023
1.047198	0.850607	-1.335383	120	65	11	0.023
1.308997	0.850607	-1.335383	126	64	16	0.023
1.570796	0.850607	-1.335383	3	83	14	0.023
1.832596	0.850607	-1.335383	6	81	14	0.023
2.094395	0.850607	-1.335383	115	57	13	0.023
2.356194	0.850607	-1.335383	116	65	13	0.023
2.617994	0.850607	-1.335383	121	65	15	0.023
2.879793	0.850607	-1.335383	136	57	12	0.023
-3.141593	0.370812	-2.547742	111	79	4	0.023
-2.879793	0.370812	-2.547742	130	64	2	0.023
-2.617994	0.370812	-2.547742	137	81	7	0.023
-2.356194	0.370812	-2.547742	136	79	7	0.023
-2.094395	0.370812	-2.547742	117	81	2	0.023
-1.832596	0.370812	-2.547742	8	65	138	0.023
-1.308997	0.370812	-2.547742	138	61	5	0.023
-0.785398	0.370812	-2.547742	119	64	7	0.023
-0.261799	0.370812	-2.547742	129	54	1	0.023
0.261799	0.370812	-2.547742	0	65	14	0.023
0.523599	0.370812	-2.547742	0	57	12	0.023
0.785398	0.370812	-2.547742	7	63	3	0.023
1.308997	0.370812	-2.547742	121	80	7	0.023
1.570796	0.370812	-2.547742	118	63	9	0.023
1.832596	0.370812	-2.547742	137	80	10	0.023
2.094395	0.370812	-2.547742	118	87	8	0.023
2.617994	0.370812	-2.547742	1	96	10	0.023
2.879793	0.370812	-2.547742	134	62	1	0.023
-2.879793	0.640596	-2.797608	121	64	7	0.023
-2.617994	0.640596	-2.797608	111	64	10	0.023
-2.356194	0.640596	-2.797608	139	64	12	0.023
-2.094395	0.640596	-2.797608	7	64	9	0.023
-1.570796	0.640596	-2.797608	119	52	9	0.023
-1.308997	0.640596	-2.797608	138	63	5	0.023
-1.047198	0.640596	-2.797608	4	81	10	0.023
-0.785398	0.640596	-2.797608	1	56	10	0.023
-0.523599	0.640596	-2.797608	135	57	11	0.023
0.261799	0.640596	-2.797608	123	64	6	0.023
1.047198	0.640596	-2.797608	134	79	12	0.023
1.570796	0.640596	-2.797608	135	57	4	0.023
2.094395	0.640596	-2.797608	139	78	3	0.023
2.356194	0.640596	-2.797608	125	80	10	0.023
2.879793	0.640596	-2.797608	134	80	3	0.023
-2.879793	2.979456	-1.009304	3	57	9	0.023
-2.617994	2.979456	-1.009304	5	62	14	0.023
-2.356194	2.979456	-1.009304	112	59	139	0.023
-1.832596	2.979456	-1.009304	127	57	14	0.023
-1.308997	2.979456	-1.009304	5	63	11	0.023
-0.523599	2.979456	-1.009304	126	57	16	0.023
0.261799	2.979456	-1.009304	131	81	11	0.023
0.785398	2.979456	-1.009304	133	61	10	0.023
1.047198	2.979456	-1.009304	138	61	11	0.023
1.308997	2.979456	-1.009304	1	65	5	0.023
1.570796	2.979456	-1.009304	1	64	14	0.023
1.832596	2.979456	-1.009304	134	80	9	0.023
2.356194	2.979456	-1.009304	132	65	10	0.023
-3.141593	0.831641	0.616218	128	65	11	0.023
-2.617994	0.831641	0.616218	123	80	0	0.023
-2.356194	0.831641	0.616218	133	65	8	0.023
-1.570796	0.831641	0.616218	126	64	8	0.023
-0.523599	0.831641	0.616218	4	79	10	0.023
-0.261799	0.831641	0.616218	126	64	12	0.023
0.261799	0.831641	0.616218	134	87	12	0.023
0.523599	0.831641	0.616218	131	64	13	0.023
1.047198	0.831641	0.616218	139	61	9	0.023
1.308997	0.831641	0.616218	117	56	14	0.023
1.570796	0.831641	0.616218	125	56	11	0.023
2.094395	0.831641	0.616218	135	64	8	0.023
2.356194	0.831641	0.616218	120	64	14	0.023
2.617994	0.831641	0.616218	130	61	9	0.023
-3.141593	2.343981	-1.040456	138	85	5	0.023
-2.356194	2.343981	-1.040456	118	54	13	0.023
-2.094395	2.343981	-1.040456	129	61	17	0.023
-1.832596	2.343981	-1.040456	125	59	5	0.023
-1.570796	2.343981	-1.040456	116	61	15	0.023
-1.308997	2.343981	-1.040456	127	81	4	0.023
-1.047198	2.343981	-1.040456	120	61	11	0.023
-0.785398	2.343981	-1.040456	128	57	15	0.023
-0.523599	2.343981	-1.040456	121	79	14	0.023
-0.261799	2.343981	-1.040456	130	57	4	0.023
0.000000	2.343981	-1.040456	137	65	6	0.023
0.523599	2.343981	-1.040456	121	62	12	0.023
0.785398	2.343981	-1.040456	129	87	5	0.023
1.308997	2.343981	-1.040456	119	56	9	0.023
2.094395	2.343981	-1.040456	3	64	15	0.023
2.356194	2.343981	-1.040456	1	65	9	0.023
2.617994	2.343981	-1.040456	131	64	12	0.023
2.879793	2.343981	-1.040456	138	80	1	0.023
-2.879793	1.998705	2.370472	9	80	11	0.023
-2.617994	1.998705	2.370472	134	80	1	0.023
-1.570796	1.998705	2.370472	123	79	7	0.023
-1.047198	1.998705	2.370472	123	81	8	0.023
-0.785398	1.998705	2.370472	133	87	5	0.023
-0.523599	1.998705	2.370472	119	57	9	0.023
-0.261799	1.998705	2.370472	119	65	4	0.023
0.261799	1.998705	2.370472	5	82	9	0.023
0.785398	1.998705	2.370472	0	83	9	0.023
1.308997	1.998705	2.370472	1	59	10	0.023
1.570796	1.998705	2.370472	139	56	7	0.023
1.832596	1.998705	2.370472	129	57	6	0.023
2.094395	1.998705	2.370472	116	46	139	0.023
2.356194	1.998705	2.370472	138	64	10	0.023
2.617994	1.998705	2.370472	124	62	1	0.023
2.879793	1.998705	2.370472	7	64	10	0.023
-2.879793	1.413347	-1.339188	135	56	16	0.023
-2.617994	1.413347	-1.339188	119	56	8	0.023
-2.094395	1.413347	-1.339188	118	63	11	0.023
-1.832596	1.413347	-1.339188	133	64	10	0.023
-1.570796	1.413347	-1.339188	119	81	9	0.023
-1.308997	1.413347	-1.339188	129	56	5	0.023
-1.047198	1.413347	-1.339188	118	57	7	0.023
-0.785398	1.413347	-1.339188	131	62	11	0.023
-0.523599	1.413347	-1.339188	131	65	11	0.023
-0.261799	1.413347	-1.339188	9	60	11	0.023
0.261799	1.413347	-1.339188	133	56	11	0.023
0.523599	1.413347	-1.339188	12	85	4	0.023
1.047198	1.413347	-1.339188	116	80	9	0.023
1.308997	1.413347	-1.339188	3	82	15	0.023
1.570796	1.413347	-1.339188	128	61	11	0.023
1.832596	1.413347	-1.339188	1	58	8	0.023
2.094395	1.413347	-1.339188	135	80	15	0.023
2.617994	1.413347	-1.339188	133	65	11	0.023
-3.141593	0.674054	1.013609	131	83	5	0.023
-2.879793	0.674054	1.013609	11	81	4	0.023
-2.617994	0.674054	1.013609	4	57	12	0.023
-2.356194	0.674054	1.013609	7	59	2	0.023
-2.094395	0.674054	1.013609	123	65	11	0.023
-1.308997	0.674054	1.013609	6	80	9	0.023
-1.047198	0.674054	1.013609	134	84	4	0.023
-0.523599	0.674054	1.013609	128	61	13	0.023
-0.261799	0.674054	1.013609	114	64	12	0.023
0.523599	0.674054	1.013609	138	80	12	0.023
0.785398	0.674054	1.013609	138	57	4	0.023
1.308997	0.674054	1.013609	119	63	8	0.023
1.570796	0.674054	1.013609	3	64	10	0.023
1.832596	0.674054	1.013609	119	64	8	0.023
2.094395	0.674054	1.013609	122	61	6	0.023
2.356194	0.674054	1.013609	120	80	8	0.023
2.617994	0.674054	1.013609	126	79	13	0.023
2.879793	0.674054	1.013609	139	81	12	0.023
-3.141593	0.906588	1.252948	136	63	12	0.023
-2.617994	0.906588	1.252948	11	61	11	0.023
-2.094395	0.906588	1.252948	126	65	6	0.023
-1.308997	0.906588	1.252948	1	82	12	0.023
-0.785398	0.906588	1.252948	129	57	11	0.023
-0.523599	0.906588	1.252948	127	78	9	0.023
0.523599	0.906588	1.252948	117	60	9	0.023
0.785398	0.906588	1.252948	135	79	9	0.023
1.047198	0.906588	1.252948	115	88	8	0.023
1.570796	0.906588	1.252948	123	61	10	0.023
1.832596	0.906588	1.252948	1	57	11	0.023
2.094395	0.906588	1.252948	121	83	1	0.023
2.356194	0.906588	1.252948	119	57	8	0.023
2.879793	0.906588	1.252948	138	65	11	0.023
-3.141593	1.335669	0.897240	132	80	6	0.023
-2.879793	1.335669	0.897240	16	81	10	0.023
-2.617994	1.335669	0.897240	137	61	8	0.023
-2.094395	1.335669	0.897240	138	83	12	0.023
-1.832596	1.335669	0.897240	7	60	16	0.023
-1.570796	1.335669	0.897240	120	57	6	0.023
-0.785398	1.335669	0.897240	116	88	2	0.023
0.000000	1.335669	0.897240	113	79	8	0.023
0.261799	1.335669	0.897240	117	55	10	0.023
0.523599	1.335669	0.897240	137	57	13	0.023
0.785398	1.335669	0.897240	113	78	11	0.023
1.047198	1.335669	0.897240	137	64	15	0.023
1.570796	1.335669	0.897240	3	57	15	0.023
1.832596	1.335669	0.897240	123	83	5	0.023
2.094395	1.335669	0.897240	5	65	13	0.023
2.356194	1.335669	0.897240	129	56	13	0.023
2.617994	1.335669	0.897240	4	62	15	0.023
-3.141593	1.870545	-2.976234	129	55	3	0.023
-2.356194	1.870545	-2.976234	137	80	1	0.023
-2.094395	1.870545	-2.976234	3	56	7	0.023
-1.832596	1.870545	-2.976234	139	63	8	0.023
-1.570796	1.870545	-2.976234	131	81	8	0.023
-1.308997	1.870545	-2.976234	126	81	3	0.023
-1.047198	1.870545	-2.976234	8	64	7	0.023
-0.785398	1.870545	-2.976234	12	51	14	0.023
0.000000	1.870545	-2.976234	3	65	10	0.023
0.261799	1.870545	-2.976234	3	65	7	0.023
0.523599	1.870545	-2.976234	125	63	5	0.023
0.785398	1.870545	-2.976234	114	64	1	0.023
1.047198	1.870545	-2.976234	3	84	7	0.023
1.308997	1.870545	-2.976234	117	81	6	0.023
1.570796	1.870545	-2.976234	132	85	2	0.023
1.832596	1.870545	-2.976234	139	63	7	0.023
2.094395	1.870545	-2.976234	128	65	9	0.023
2.879793	1.870545	-2.976234	132	62	8	0.023
-3.141593	2.164094	-2.991358	134	59	2	0.023
-2.879793	2.164094	-2.991358	129	80	4	0.023
-2.617994	2.164094	-2.991358	124	81	3	0.023
-1.570796	2.164094	-2.991358	126	81	139	0.023
-1.047198	2.164094	-2.991358	130	85	5	0.023
-0.785398	2.164094	-2.991358	126	87	5	0.023
-0.523599	2.164094	-2.991358	6	57	7	0.023
-0.261799	2.164094	-2.991358	120	63	4	0.023
0.000000	2.164094	-2.991358	130	57	9	0.023
1.047198	2.164094	-2.991358	136	65	11	0.023
1.570796	2.164094	-2.991358	126	64	4	0.023
1.832596	2.164094	-2.991358	126	56	4	0.023
2.094395	2.164094	-2.991358	135	80	2	0.023
2.617994	2.164094	-2.991358	1	78	7	0.023
2.879793	2.164094	-2.991358	2	85	3	0.023
-2.617994	0.379747	-1.713059	110	59	1	0.023
-1.832596	0.379747	-1.713059	132	48	13	0.023
-1.570796	0.379747	-1.713059	2	57	8	0.023
-1.308997	0.379747	-1.713059	123	59	139	0.023
-1.047198	0.379747	-1.713059	139	65	5	0.023
-0.523599	0.379747	-1.713059	2	52	9	0.023
-0.261799	0.379747	-1.713059	136	81	7	0.023
0.000000	0.379747	-1.713059	127	64	12	0.023
0.261799	0.379747	-1.713059	118	59	8	0.023
0.523599	0.379747	-1.713059	122	81	10	0.023
0.785398	0.379747	-1.713059	133	62	13	0.023
1.047198	0.379747	-1.713059	8	79	9	0.023
1.308997	0.379747	-1.713059	4	63	14	0.023
1.832596	0.379747	-1.713059	139	87	7	0.023
2.356194	0.379747	-1.713059	0	79	16	0.023
-3.141593	2.187132	-0.479875	132	57	13	0.023
-2.879793	2.187132	-0.479875	112	64	8	0.023
-2.356194	2.187132	-0.479875	120	64	11	0.023
-2.094395	2.187132	-0.479875	126	78	16	0.023
-1.832596	2.187132	-0.479875	115	81	15	0.023
-0.785398	2.187132	-0.479875	137	80	11	0.023
-0.523599	2.187132	-0.479875	128	58	9	0.023
0.000000	2.187132	-0.479875	137	59	11	0.023
0.261799	2.187132	-0.479875	123	57	5	0.023
0.523599	2.187132	-0.479875	121	81	14	0.023
0.785398	2.187132	-0.479875	132	65	13	0.023
1.047198	2.187132	-0.479875	122	54	15	0.023
1.308997	2.187132	-0.479875	126	87	5	0.023
1.832596	2.187132	-0.479875	124	63	14	0.023
2.356194	2.187132	-0.479875	125	63	13	0.023
2.617994	2.187132	-0.479875	131	64	13	0.023
2.879793	2.187132	-0.479875	134	80	15	0.023
-3.141593	0.866955	-0.931351	1	63	17	0.023
-2.879793	0.866955	-0.931351	117	63	6	0.023
-2.617994	0.866955	-0.931351	132	63	11	0.023
-2.094395	0.866955	-0.931351	125	57	14	0.023
-1.570796	0.866955	-0.931351	118	80	11	0.023
-0.785398	0.866955	-0.931351	136	64	7	0.023
-0.523599	0.866955	-0.931351	14	83	1	0.023
-0.261799	0.866955	-0.931351	9	83	7	0.023
1.047198	0.866955	-0.931351	3	61	12	0.023
1.832596	0.866955	-0.931351	115	57	13	0.023
2.094395	0.866955	-0.931351	130	64	14	0.023
2.617994	0.866955	-0.931351	108	59	8	0.023
-3.141593	2.299159	2.264663	13	57	8	0.023
-2.879793	2.299159	2.264663	13	64	6	0.023
-2.617994	2.299159	2.264663	132	81	4	0.023
-2.094395	2.299159	2.264663	4	65	2	0.023
-1.832596	2.299159	2.264663	136	80	3	0.023
-1.570796	2.299159	2.264663	3	59	11	0.023
-1.308997	2.299159	2.264663	127	64	6	0.023
-0.785398	2.299159	2.264663	1	62	8	0.023
-0.523599	2.299159	2.264663	126	64	5	0.023
-0.261799	2.299159	2.264663	4	60	7	0.023
0.000000	2.299159	2.264663	116	85	5	0.023
0.523599	2.299159	2.264663	134	57	10	0.023
1.047198	2.299159	2.264663	128	58	1	0.023
1.570796	2.299159	2.264663	132	78	3	0.023
2.094395	2.299159	2.264663	134	79	13	0.023
2.356194	2.299159	2.264663	119	52	8	0.023
2.617994	2.299159	2.264663	4	79	6	0.023
2.879793	2.299159	2.264663	134	62	3	0.023
-3.141593	1.812176	0.656819	10	81	15	0.023
-2.879793	1.812176	0.656819	124	62	10	0.023
-2.617994	1.812176	0.656819	127	63	7	0.023
-2.356194	1.812176	0.656819	137	81	13	0.023
-1.832596	1.812176	0.656819	119	85	14	0.023
-1.570796	1.812176	0.656819	113	65	10	0.023
-0.785398	1.812176	0.656819	135	79	9	0.023
-0.523599	1.812176	0.656819	138	80	14	0.023
0.000000	1.812176	0.656819	138	82	15	0.023
0.261799	1.812176	0.656819	3	80	14	0.023
0.523599	1.812176	0.656819	116	63	9	0.023
1.047198	1.812176	0.656819	117	80	8	0.023
1.570796	1.812176	0.656819	115	56	12	0.023
1.832596	1.812176	0.656819	138	84	5	0.023
2.094395	1.812176	0.656819	122	56	16	0.023
2.356194	1.812176	0.656819	129	63	10	0.023
2.617994	1.812176	0.656819	122	64	15	0.023
2.879793	1.812176	0.656819	127	81	13	0.023
-3.141593	2.719179	-1.780644	111	65	11	0.023
-2.879793	2.719179	-1.780644	6	59	14	0.023
-2.617994	2.719179	-1.780644	123	59	10	0.023
-2.356194	2.719179	-1.780644	1	62	13	0.023
-2.094395	2.719179	-1.780644	132	80	10	0.023
-1.832596	2.719179	-1.780644	139	58	13	0.023
-1.308997	2.719179	-1.780644	3	64	12	0.023
-0.785398	2.719179	-1.780644	18	78	5	0.023
-0.523599	2.719179	-1.780644	121	56	7	0.023
-0.261799	2.719179	-1.780644	11	78	14	0.023
0.000000	2.719179	-1.780644	120	61	4	0.023
0.261799	2.719179	-1.780644	133	56	8	0.023
0.523599	2.719179	-1.780644	123	62	4	0.023
0.785398	2.719179	-1.780644	134	82	7	0.023
1.308997	2.719179	-1.780644	124	81	14	0.023
1.832596	2.719179	-1.780644	138	80	9	0.023
2.094395	2.719179	-1.780644	130	88	8	0.023
2.356194	2.719179	-1.780644	123	57	11	0.023
2.617994	2.719179	-1.780644	124	64	6	0.023
2.879793	2.719179	-1.780644	117	81	10	0.023
-3.141593	2.396274	-1.959260	120	55	9	0.023
-2.879793	2.396274	-1.959260	139	57	14	0.023
-2.617994	2.396274	-1.959260	128	57	12	0.023
-1.832596	2.396274	-1.959260	128	61	9	0.023
-1.570796	2.396274	-1.959260	134	56	3	0.023
-1.308997	2.396274	-1.959260	10	64	9	0.023
-1.047198	2.396274	-1.959260	128	65	8	0.023
-0.785398	2.396274	-1.959260	7	57	9	0.023
-0.523599	2.396274	-1.959260	9	54	9	0.023
-0.261799	2.396274	-1.959260	119	62	7	0.023
0.261799	2.396274	-1.959260	121	64	12	0.023
0.523599	2.396274	-1.959260	10	63	12	0.023
0.785398	2.396274	-1.959260	121	80	9	0.023
1.047198	2.396274	-1.959260	130	56	10	0.023
2.356194	2.396274	-1.959260	2	83	1	0.023
2.879793	2.396274	-1.959260	117	61	138	0.023
-3.141593	0.866395	-2.492918	128	57	9	0.023
-2.879793	0.866395	-2.492918	114	80	8	0.023
-2.617994	0.866395	-2.492918	129	59	9	0.023
-1.832596	0.866395	-2.492918	2	65	10	0.023
-1.570796	0.866395	-2.492918	120	55	6	0.023
-1.047198	0.866395	-2.492918	119	57	3	0.023
-0.523599	0.866395	-2.492918	130	81	6	0.023
-0.261799	0.866395	-2.492918	137	80	139	0.023
0.000000	0.866395	-2.492918	127	65	8	0.023
0.261799	0.866395	-2.492918	120	64	137	0.023
0.523599	0.866395	-2.492918	136	64	8	0.023
0.785398	0.866395	-2.492918	124	62	6	0.023
1.047198	0.866395	-2.492918	7	59	8	0.023
1.308997	0.866395	-2.492918	1	80	9	0.023
1.570796	0.866395	-2.492918	127	87	5	0.023
1.832596	0.866395	-2.492918	127	60	6	0.023
2.094395	0.866395	-2.492918	135	79	11	0.023
2.356194	0.866395	-2.492918	123	57	9	0.023
2.879793	0.866395	-2.492918	0	79	12	0.023
-3.141593	1.617114	-1.572037	116	84	3	0.023
-2.879793	1.617114	-1.572037	134	63	5	0.023
-2.094395	1.617114	-1.572037	11	80	139	0.023
-1.832596	1.617114	-1.572037	121	83	4	0.023
-1.570796	1.617114	-1.572037	124	44	6	0.023
-1.308997	1.617114	-1.572037	127	65	4	0.023
-1.047198	1.617114	-1.572037	125	81	6	0.023
-0.785398	1.617114	-1.572037	9	64	7	0.023
-0.261799	1.617114	-1.572037	126	87	7	0.023
0.000000	1.617114	-1.572037	131	62	14	0.023
0.261799	1.617114	-1.572037	121	64	0	0.023
0.523599	1.617114	-1.572037	135	82	14	0.023
1.047198	1.617114	-1.572037	139	81	9	0.023
1.308997	1.617114	-1.572037	138	65	13	0.023
1.570796	1.617114	-1.572037	137	86	11	0.023
2.356194	1.617114	-1.572037	113	57	8	0.023
2.617994	1.617114	-1.572037	124	83	3	0.023
-2.617994	0.864993	2.278281	130	82	11	0.023
-2.094395	0.864993	2.278281	127	64	0	0.023
-1.570796	0.864993	2.278281	138	65	13	0.023
-1.047198	0.864993	2.278281	1	79	9	0.023
-0.785398	0.864993	2.278281	138	78	13	0.023
-0.523599	0.864993	2.278281	111	60	0	0.023
0.261799	0.864993	2.278281	113	59	6	0.023
0.523599	0.864993	2.278281	3	81	6	0.023
0.785398	0.864993	2.278281	127	61	6	0.023
1.308997	0.864993	2.278281	121	63	1	0.023
1.570796	0.864993	2.278281	127	80	3	0.023
2.094395	0.864993	2.278281	130	80	139	0.023
2.879793	0.864993	2.278281	3	80	10	0.023
-3.141593	1.014500	0.906702	9	81	12	0.023
-2.617994	1.014500	0.906702	2	79	6	0.023
-2.094395	1.014500	0.906702	120	65	13	0.023
-1.832596	1.014500	0.906702	5	64	18	0.023
-1.308997	1.014500	0.906702	136	81	15	0.023
-0.261799	1.014500	0.906702	117	59	7	0.023
0.000000	1.014500	0.906702	1	80	16	0.023
0.261799	1.014500	0.906702	123	81	11	0.023
0.785398	1.014500	0.906702	0	62	6	0.023
1.047198	1.014500	0.906702	126	63	6	0.023
1.308997	1.014500	0.906702	128	80	9	0.023
1.832596	1.014500	0.906702	125	79	8	0.023
2.094395	1.014500	0.906702	118	64	12	0.023
2.356194	1.014500	0.906702	7	57	10	0.023
2.617994	1.014500	0.906702	10	85	0	0.023
-3.141593	2.247462	0.191623	4	61	17	0.023
-2.879793	2.247462	0.191623	123	42	13	0.023
-2.617994	2.247462	0.191623	139	64	19	0.023
-2.356194	2.247462	0.191623	125	61	15	0.023
-1.832596	2.247462	0.191623	0	65	13	0.023
-1.570796	2.247462	0.191623	5	64	9	0.023
-1.047198	2.247462	0.191623	122	65	17	0.023
-0.523599	2.247462	0.191623	130	54	18	0.023
-0.261799	2.247462	0.191623	138	65	16	0.023
0.523599	2.247462	0.191623	128	79	12	0.023
0.785398	2.247462	0.191623	117	57	10	0.023
1.047198	2.247462	0.191623	130	58	11	0.023
1.308997	2.247462	0.191623	119	86	3	0.023
1.832596	2.247462	0.191623	8	82	13	0.023
2.094395	2.247462	0.191623	118	79	10	0.023
2.356194	2.247462	0.191623	134	80	13	0.023
2.879793	2.247462	0.191623	3	64	14	0.023
-2.617994	2.724429	-0.348782	138	79	9	0.023
-2.356194	2.724429	-0.348782	125	88	4	0.023
-1.570796	2.724429	-0.348782	124	56	17	0.023
-1.308997	2.724429	-0.348782	136	81	10	0.023
-1.047198	2.724429	-0.348782	0	83	12	0.023
-0.785398	2.724429	-0.348782	129	57	13	0.023
-0.261799	2.724429	-0.348782	133	56	14	0.023
0.000000	2.724429	-0.348782	118	87	7	0.023
0.785398	2.724429	-0.348782	1	64	12	0.023
1.047198	2.724429	-0.348782	128	64	12	0.023
1.308997	2.724429	-0.348782	122	87	139	0.023
1.832596	2.724429	-0.348782	129	61	14	0.023
2.094395	2.724429	-0.348782	130	61	12	0.023
2.356194	2.724429	-0.348782	125	84	14	0.023
2.879793	2.724429	-0.348782	136	80	14	0.023
-3.141593	1.194549	-0.801900	133	81	4	0.023
-2.879793	1.194549	-0.801900	134	60	14	0.023
-2.617994	1.194549	-0.801900	123	85	10	0.023
-2.356194	1.194549	-0.801900	118	57	14	0.023
-1.832596	1.194549	-0.801900	136	57	14	0.023
-1.570796	1.194549	-0.801900	117	80	10	0.023
-1.047198	1.194549	-0.801900	0	65	12	0.023
-0.785398	1.194549	-0.801900	126	85	12	0.023
-0.523599	1.194549	-0.801900	120	60	11	0.023
-0.261799	1.194549	-0.801900	123	64	12	0.023
0.000000	1.194549	-0.801900	119	62	8	0.023
0.785398	1.194549	-0.801900	137	62	13	0.023
1.308997	1.194549	-0.801900	138	63	16	0.023
1.570796	1.194549	-0.801900	9	59	16	0.023
1.832596	1.194549	-0.801900	116	58	15	0.023
2.356194	1.194549	-0.801900	5	87	11	0.023
2.617994	1.194549	-0.801900	0	80	10	0.023
2.879793	1.194549	-0.801900	129	80	14	0.023
-2.879793	1.504028	0.636812	2	65	11	0.023
-2.617994	1.504028	0.636812	137	62	12	0.023
-2.356194	1.504028	0.636812	3	61	13	0.023
-2.094395	1.504028	0.636812	130	83	3	0.023
-1.832596	1.504028	0.636812	137	84	5	0.023
-1.308997	1.504028	0.636812	133	59	18	0.023
-0.523599	1.504028	0.636812	0	61	17	0.023
-0.261799	1.504028	0.636812	120	64	13	0.023
0.000000	1.504028	0.636812	117	87	11	0.023
0.261799	1.504028	0.636812	133	85	14	0.023
0.523599	1.504028	0.636812	123	57	3	0.023
0.785398	1.504028	0.636812	129	82	11	0.023
1.047198	1.504028	0.636812	134	83	10	0.023
1.308997	1.504028	0.636812	115	83	9	0.023
1.570796	1.504028	0.636812	135	65	11	0.023
1.832596	1.504028	0.636812	4	65	15	0.023
2.094395	1.504028	0.636812	120	79	11	0.023
2.617994	1.504028	0.636812	131	81	12	0.023
-3.141593	1.741644	-2.695914	129	63	10	0.023
-2.879793	1.741644	-2.695914	139	56	7	0.023
-2.617994	1.741644	-2.695914	124	61	8	0.023
-2.094395	1.741644	-2.695914	3	52	12	0.023
-1.832596	1.741644	-2.695914	120	65	5	0.023
-1.570796	1.741644	-2.695914	1	65	139	0.023
-1.047198	1.741644	-2.695914	5	78	7	0.023
-0.785398	1.741644	-2.695914	118	80	7	0.023
-0.523599	1.741644	-2.695914	129	57	8	0.023
-0.261799	1.741644	-2.695914	1	64	7	0.023
0.261799	1.741644	-2.695914	1	63	9	0.023
1.308997	1.741644	-2.695914	118	65	8	0.023
1.570796	1.741644	-2.695914	131	83	3	0.023
1.832596	1.741644	-2.695914	128	81	9	0.023
2.094395	1.741644	-2.695914	0	63	14	0.023
2.356194	1.741644	-2.695914	128	62	7	0.023
2.617994	1.741644	-2.695914	115	64	3	0.023
2.879793	1.741644	-2.695914	0	64	8	0.023
-3.141593	2.174483	2.653697	126	81	8	0.023
-2.879793	2.174483	2.653697	126	83	3	0.023
-2.356194	2.174483	2.653697	125	57	8	0.023
-2.094395	2.174483	2.653697	128	80	11	0.023
-1.832596	2.174483	2.653697	137	80	6	0.023
-1.570796	2.174483	2.653697	125	65	4	0.023
-1.047198	2.174483	2.653697	120	57	6	0.023
-0.785398	2.174483	2.653697	139	84	5	0.023
0.000000	2.174483	2.653697	132	80	5	0.023
0.523599	2.174483	2.653697	129	79	0	0.023
0.785398	2.174483	2.653697	137	81	10	0.023
1.308997	2.174483	2.653697	139	64	4	0.023
1.570796	2.174483	2.653697	122	56	9	0.023
2.094395	2.174483	2.653697	127	80	6	0.023
2.356194	2.174483	2.653697	4	79	8	0.023
2.617994	2.174483	2.653697	127	80	5	0.023
2.879793	2.174483	2.653697	6	83	6	0.023
-2.879793	2.664082	-1.071402	127	65	11	0.023
-2.094395	2.664082	-1.071402	111	79	139	0.023
-1.047198	2.664082	-1.071402	124	64	16	0.023
-0.785398	2.664082	-1.071402	132	81	3	0.023
-0.523599	2.664082	-1.071402	116	65	10	0.023
-0.261799	2.664082	-1.071402	139	78	14	0.023
0.261799	2.664082	-1.071402	6	79	12	0.023
0.523599	2.664082	-1.071402	6	80	4	0.023
0.785398	2.664082	-1.071402	8	84	8	0.023
1.308997	2.664082	-1.071402	7	80	13	0.023
1.570796	2.664082	-1.071402	139	87	12	0.023
2.094395	2.664082	-1.071402	121	79	12	0.023
2.356194	2.664082	-1.071402	0	65	9	0.023
2.879793	2.664082	-1.071402	135	61	8	0.023
-2.617994	2.579248	-2.364801	130	65	7	0.023
-2.356194	2.579248	-2.364801	128	57	8	0.023
-1.832596	2.579248	-2.364801	123	59	11	0.023
-1.570796	2.579248	-2.364801	133	61	7	0.023
-1.308997	2.579248	-2.364801	1	84	5	0.023
-1.047198	2.579248	-2.364801	6	56	13	0.023
-0.785398	2.579248	-2.364801	118	60	7	0.023
-0.523599	2.579248	-2.364801	7	62	10	0.023
-0.261799	2.579248	-2.364801	137	57	2	0.023
0.000000	2.579248	-2.364801	126	56	10	0.023
0.523599	2.579248	-2.364801	134	63	13	0.023
0.785398	2.579248	-2.364801	123	80	10	0.023
1.047198	2.579248	-2.364801	132	64	7	0.023
1.308997	2.579248	-2.364801	126	79	13	0.023
1.570796	2.579248	-2.364801	124	83	11	0.023
2.094395	2.579248	-2.364801	113	79	7	0.023
2.356194	2.579248	-2.364801	8	80	138	0.023
2.617994	2.579248	-2.364801	138	62	6	0.023
2.879793	2.579248	-2.364801	132	57	7	0.023
-3.141593	0.899350	-2.069907	111	87	7	0.023
-2.879793	0.899350	-2.069907	122	80	8	0.023
-2.617994	0.899350	-2.069907	125	58	11	0.023
-2.094395	0.899350	-2.069907	119	57	6	0.023
-1.832596	0.899350	-2.069907	138	58	11	0.023
-1.570796	0.899350	-2.069907	112	59	3	0.023
-1.308997	0.899350	-2.069907	4	64	9	0.023
-1.047198	0.899350	-2.069907	118	63	139	0.023
-0.785398	0.899350	-2.069907	125	57	13	0.023
-0.261799	0.899350	-2.069907	135	57	0	0.023
0.000000	0.899350	-2.069907	130	88	11	0.023
0.261799	0.899350	-2.069907	128	57	11	0.023
0.523599	0.899350	-2.069907	126	62	7	0.023
1.308997	0.899350	-2.069907	9	79	6	0.023
1.570796	0.899350	-2.069907	129	57	1	0.023
2.094395	0.899350	-2.069907	127	65	10	0.023
2.617994	0.899350	-2.069907	123	57	10	0.023
2.879793	0.899350	-2.069907	137	59	8	0.023
-2.879793	2.984978	1.954446	130	80	6	0.023
-2.617994	2.984978	1.954446	121	80	5	0.023
-2.356194	2.984978	1.954446	126	79	10	0.023
-2.094395	2.984978	1.954446	6	63	14	0.023
-1.832596	2.984978	1.954446	116	63	8	0.023
-1.570796	2.984978	1.954446	124	65	12	0.023
-1.308997	2.984978	1.954446	121	61	11	0.023
-0.523599	2.984978	1.954446	131	62	11	0.023
0.000000	2.984978	1.954446	135	64	11	0.023
0.261799	2.984978	1.954446	130	62	11	0.023
0.523599	2.984978	1.954446	111	63	7	0.023
0.785398	2.984978	1.954446	139	61	12	0.023
1.308997	2.984978	1.954446	139	65	10	0.023
1.570796	2.984978	1.954446	117	64	12	0.023
1.832596	2.984978	1.954446	122	78	11	0.023
2.094395	2.984978	1.954446	133	57	6	0.023
2.617994	2.984978	1.954446	134	64	0	0.023
2.879793	2.984978	1.954446	131	80	9	0.023
-2.617994	1.766067	2.153843	139	65	7	0.023
-2.356194	1.766067	2.153843	132	64	7	0.023
-2.094395	1.766067	2.153843	9	65	3	0.023
-1.832596	1.766067	2.153843	131	80	14	0.023
-1.308997	1.766067	2.153843	128	65	4	0.023
-1.047198	1.766067	2.153843	115	65	3	0.023
-0.261799	1.766067	2.153843	3	64	7	0.023
0.000000	1.766067	2.153843	4	85	2	0.023
0.261799	1.766067	2.153843	137	83	8	0.023
0.523599	1.766067	2.153843	3	55	15	0.023
0.785398	1.766067	2.153843	120	56	5	0.023
1.308997	1.766067	2.153843	126	83	3	0.023
1.570796	1.766067	2.153843	138	57	0	0.023
1.832596	1.766067	2.153843	133	78	3	0.023
2.094395	1.766067	2.153843	124	80	0	0.023
2.356194	1.766067	2.153843	128	64	139	0.023
2.617994	1.766067	2.153843	7	65	8	0.023
2.879793	1.766067	2.153843	128	54	0	0.023
-3.141593	1.809167	1.213774	7	51	15	0.023
-2.879793	1.809167	1.213774	125	61	12	0.023
-2.617994	1.809167	1.213774	130	81	0	0.023
-1.832596	1.809167	1.213774	120	81	12	0.023
-1.570796	1.809167	1.213774	119	64	7	0.023
-1.308997	1.809167	1.213774	130	81	11	0.023
-1.047198	1.809167	1.213774	121	80	14	0.023
-0.785398	1.809167	1.213774	132	60	12	0.023
0.261799	1.809167	1.213774	115	81	5	0.023
0.523599	1.809167	1.213774	124	79	9	0.023
1.047198	1.809167	1.213774	126	58	1	0.023
1.570796	1.809167	1.213774	131	58	11	0.023
1.832596	1.809167	1.213774	13	87	2	0.023
2.094395	1.809167	1.213774	137	61	8	0.023
2.356194	1.809167	1.213774	5	56	7	0.023
-2.879793	1.135834	-1.431087	136	52	15	0.023
-2.617994	1.135834	-1.431087	120	80	2	0.023
-2.356194	1.135834	-1.431087	129	80	12	0.023
-2.094395	1.135834	-1.431087	128	80	1	0.023
-1.832596	1.135834	-1.431087	130	79	8	0.023
-1.570796	1.135834	-1.431087	6	79	137	0.023
-1.308997	1.135834	-1.431087	136	63	9	0.023
-1.047198	1.135834	-1.431087	3	81	11	0.023
-0.523599	1.135834	-1.431087	10	82	11	0.023
-0.261799	1.135834	-1.431087	138	65	13	0.023
0.000000	1.135834	-1.431087	117	88	2	0.023
0.523599	1.135834	-1.431087	131	64	12	0.023
1.047198	1.135834	-1.431087	0	80	16	0.023
1.308997	1.135834	-1.431087	5	63	13	0.023
1.570796	1.135834	-1.431087	6	86	6	0.023
1.832596	1.135834	-1.431087	117	64	12	0.023
2.094395	1.135834	-1.431087	116	58	9	0.023
2.879793	1.135834	-1.431087	139	80	12	0.023
-3.141593	1.909857	-0.381669	7	80	14	0.023
-2.094395	1.909857	-0.381669	119	80	15	0.023
-1.832596	1.909857	-0.381669	128	80	12	0.023
-1.570796	1.909857	-0.381669	119	64	13	0.023
-1.308997	1.909857	-0.381669	138	57	12	0.023
-1.047198	1.909857	-0.381669	5	65	14	0.023
0.000000	1.909857	-0.381669	131	62	7	0.023
0.261799	1.909857	-0.381669	129	56	17	0.023
0.523599	1.909857	-0.381669	128	57	18	0.023
0.785398	1.909857	-0.381669	1	81	11	0.023
1.570796	1.909857	-0.381669	117	81	13	0.023
2.356194	1.909857	-0.381669	125	57	9	0.023
2.879793	1.909857	-0.381669	133	64	3	0.023
-3.141593	1.195355	1.200319	134	80	12	0.023
-2.879793	1.195355	1.200319	125	56	10	0.023
-2.617994	1.195355	1.200319	125	61	139	0.023
-2.356194	1.195355	1.200319	123	61	15	0.023
-2.094395	1.195355	1.200319	127	64	11	0.023
-1.832596	1.195355	1.200319	127	85	6	0.023
-1.047198	1.195355	1.200319	113	65	11	0.023
-0.785398	1.195355	1.200319	126	63	13	0.023
-0.523599	1.195355	1.200319	131	65	12	0.023
-0.261799	1.195355	1.200319	118	64	8	0.023
0.000000	1.195355	1.200319	0	64	13	0.023
0.261799	1.195355	1.200319	121	57	10	0.023
0.523599	1.195355	1.200319	117	63	0	0.023
1.047198	1.195355	1.200319	119	65	3	0.023
1.308997	1.195355	1.200319	3	56	4	0.023
1.570796	1.195355	1.200319	116	59	13	0.023
2.094395	1.195355	1.200319	131	62	1	0.023
2.617994	1.195355	1.200319	9	65	8	0.023
2.879793	1.195355	1.200319	125	65	136	0.023
-2.879793	1.310100	1.488307	121	61	8	0.023
-2.617994	1.310100	1.488307	137	61	10	0.023
-2.356194	1.310100	1.488307	132	64	5	0.023
-2.094395	1.310100	1.488307	123	63	10	0.023
-1.832596	1.310100	1.488307	131	80	13	0.023
-1.308997	1.310100	1.488307	136	64	9	0.023
-1.047198	1.310100	1.488307	116	59	9	0.023
-0.785398	1.310100	1.488307	113	85	7	0.023
-0.523599	1.310100	1.488307	122	65	6	0.023
-0.261799	1.310100	1.488307	121	64	1	0.023
0.000000	1.310100	1.488307	2	63	10	0.023
0.261799	1.310100	1.488307	123	81	8	0.023
0.523599	1.310100	1.488307	137	62	8	0.023
0.785398	1.310100	1.488307	120	54	8	0.023
1.047198	1.310100	1.488307	121	82	4	0.023
1.308997	1.310100	1.488307	16	79	131	0.023
1.570796	1.310100	1.488307	114	64	1	0.023
2.617994	1.310100	1.488307	124	63	9	0.023
2.879793	1.310100	1.488307	5	81	7	0.023
-3.141593	2.153910	-1.714959	113	83	12	0.023
-2.617994	2.153910	-1.714959	110	63	1	0.023
-2.356194	2.153910	-1.714959	118	61	7	0.023
-2.094395	2.153910	-1.714959	3	61	7	0.023
-1.832596	2.153910	-1.714959	2	58	8	0.023
-1.570796	2.153910	-1.714959	1	63	11	0.023
-1.047198	2.153910	-1.714959	130	80	4	0.023
-0.785398	2.153910	-1.714959	124	55	6	0.023
-0.523599	2.153910	-1.714959	133	55	11	0.023
-0.261799	2.153910	-1.714959	119	62	10	0.023
0.000000	2.153910	-1.714959	137	57	13	0.023
0.261799	2.153910	-1.714959	128	63	3	0.023
0.523599	2.153910	-1.714959	10	57	10	0.023
0.785398	2.153910	-1.714959	119	87	6	0.023
1.047198	2.153910	-1.714959	121	80	8	0.023
1.832596	2.153910	-1.714959	129	65	10	0.023
2.094395	2.153910	-1.714959	138	87	9	0.023
2.617994	2.153910	-1.714959	110	80	9	0.023
-2.879793	1.134497	-1.109631	122	65	12	0.023
-2.617994	1.134497	-1.109631	134	59	9	0.023
-1.832596	1.134497	-1.109631	120	79	15	0.023
-1.047198	1.134497	-1.109631	120	79	137	0.023
-0.785398	1.134497	-1.109631	129	56	11	0.023
-0.523599	1.134497	-1.109631	117	81	11	0.023
-0.261799	1.134497	-1.109631	133	79	14	0.023
0.000000	1.134497	-1.109631	138	61	15	0.023
0.261799	1.134497	-1.109631	130	56	12	0.023
0.523599	1.134497	-1.109631	124	62	10	0.023
0.785398	1.134497	-1.109631	1	61	14	0.023
1.308997	1.134497	-1.109631	4	80	4	0.023
1.832596	1.134497	-1.109631	118	62	9	0.023
2.094395	1.134497	-1.109631	1	79	13	0.023
2.356194	1.134497	-1.109631	122	65	15	0.023
2.617994	1.134497	-1.109631	111	65	8	0.023
2.879793	1.134497	-1.109631	116	51	12	0.023
-3.141593	0.961715	0.014085	139	59	10	0.023
-2.879793	0.961715	0.014085	127	80	11	0.023
-2.617994	0.961715	0.014085	5	59	17	0.023
-2.356194	0.961715	0.014085	125	60	16	0.023
-2.094395	0.961715	0.014085	117	87	13	0.023
-1.570796	0.961715	0.014085	0	63	17	0.023
-1.308997	0.961715	0.014085	138	57	11	0.023
-1.047198	0.961715	0.014085	134	57	11	0.023
-0.785398	0.961715	0.014085	122	87	14	0.023
-0.523599	0.961715	0.014085	5	82	11	0.023
-0.261799	0.961715	0.014085	126	65	14	0.023
0.000000	0.961715	0.014085	126	64	12	0.023
0.261799	0.961715	0.014085	127	63	14	0.023
0.785398	0.961715	0.014085	117	64	13	0.023
1.308997	0.961715	0.014085	121	83	12	0.023
1.570796	0.961715	0.014085	3	56	13	0.023
1.832596	0.961715	0.014085	126	56	14	0.023
2.094395	0.961715	0.014085	121	80	13	0.023
2.356194	0.961715	0.014085	118	95	3	0.023
2.617994	0.961715	0.014085	124	59	11	0.023
2.879793	0.961715	0.014085	128	52	16	0.023
-3.141593	1.367556	0.358405	130	87	13	0.023
-2.356194	1.367556	0.358405	139	62	13	0.023
-2.094395	1.367556	0.358405	125	81	4	0.023
-1.570796	1.367556	0.358405	5	62	9	0.023
-1.308997	1.367556	0.358405	129	80	14	0.023
-1.047198	1.367556	0.358405	120	65	16	0.023
-0.785398	1.367556	0.358405	136	64	14	0.023
-0.261799	1.367556	0.358405	125	79	11	0.023
0.000000	1.367556	0.358405	136	79	9	0.023
0.523599	1.367556	0.358405	130	65	13	0.023
0.785398	1.367556	0.358405	118	55	14	0.023
1.570796	1.367556	0.358405	120	64	15	0.023
1.832596	1.367556	0.358405	132	83	15	0.023
2.094395	1.367556	0.358405	1	64	12	0.023
2.617994	1.367556	0.358405	124	62	0	0.023
2.879793	1.367556	0.358405	121	59	16	0.023
-2.879793	1.440580	2.260026	130	81	7	0.023
-1.832596	1.440580	2.260026	122	79	2	0.023
-1.570796	1.440580	2.260026	2	84	5	0.023
-1.308997	1.440580	2.260026	2	63	10	0.023
-1.047198	1.440580	2.260026	122	87	6	0.023
-0.785398	1.440580	2.260026	113	83	4	0.023
-0.261799	1.440580	2.260026	124	65	3	0.023
0.000000	1.440580	2.260026	5	59	4	0.023
0.785398	1.440580	2.260026	125	60	8	0.023
1.832596	1.440580	2.260026	1	63	5	0.023
2.094395	1.440580	2.260026	131	57	0	0.023
2.617994	1.440580	2.260026	125	84	139	0.023
-2.879793	2.863997	0.549740	1	79	11	0.023
