224	1.2	0
-2.617994	1.014500	0.906702
0.000000	0.000000	0.000000
model.B99990003.pdb	-16.835	76.912	-2.277
1iob.pdb	15.932	13.567	1.186
1.047198	0.733948	3.021411	4	17	67	9.645
-2.356194	0.700570	1.559208	219	40	76	9.059
2.879793	1.413347	-1.339188	208	44	66	9.022
2.094395	0.379747	-1.713059	218	42	75	8.539
1.570796	0.571433	-1.188419	221	39	76	8.275
-0.261799	1.413347	-1.339188	223	13	66	7.791
-2.879793	0.418037	1.360082	1	32	78	7.696
1.832596	1.194549	-0.801900	222	41	74	7.564
-0.261799	1.696674	-1.253233	223	13	63	6.977
1.832596	0.379747	-1.713059	221	41	75	6.911
-2.879793	2.247462	0.191623	210	45	64	6.845
2.094395	0.571433	-1.188419	215	41	76	6.779
-0.785398	2.637879	2.121598	201	42	21	6.596
-2.879793	1.812176	0.656819	215	45	70	6.552
-3.141593	0.906588	1.252948	1	35	77	6.457
-2.617994	1.812176	0.656819	211	44	70	6.127
1.570796	1.256302	0.062705	0	30	79	5.937
-2.617994	1.310100	1.488307	218	44	71	5.900
1.308997	0.496451	0.593859	11	155	7	5.782
-2.094395	0.203748	0.590255	0	28	79	5.776
1.570796	0.379747	-1.713059	0	39	75	5.577
-0.523599	0.203748	0.590255	216	37	79	5.577
-1.047198	0.290380	-0.796960	222	21	79	5.548
-3.141593	2.247462	0.191623	214	46	64	5.511
-2.356194	2.637879	2.121598	0	22	149	5.461
0.261799	0.379747	-1.713059	4	22	75	5.321
0.000000	0.379747	-1.713059	2	20	75	5.321
-3.141593	2.456751	-1.503343	201	43	22	5.262
2.356194	1.510910	-0.740472	218	45	71	5.189
2.617994	2.456751	-1.503343	206	49	22	5.130
2.094395	1.256302	0.062705	222	35	79	5.123
-2.617994	1.448123	-2.163292	198	47	27	5.101
1.570796	0.203748	0.590255	6	154	5	5.101
-2.094395	0.571433	-1.188419	200	42	188	5.035
-2.094395	1.195355	1.200319	211	41	75	4.991
2.356194	1.135834	-1.431087	217	45	69	4.925
1.047198	0.370812	-2.547742	26	184	200	4.903
2.094395	0.618092	2.539118	28	187	197	4.874
-1.570796	0.906588	1.252948	208	38	77	4.830
-2.094395	1.025536	1.576859	212	43	73	4.830
-2.356194	0.418037	1.360082	222	36	78	4.764
2.094395	0.850607	-1.335383	218	43	73	4.764
-2.617994	2.979456	-1.009304	200	36	21	4.742
2.094395	1.325504	-1.671296	222	44	64	4.727
2.879793	1.721184	-0.153948	215	44	72	4.669
2.879793	2.704512	1.488683	9	19	153	4.647
0.261799	1.014500	0.906702	208	20	81	4.647
-2.356194	0.960688	-0.577532	3	157	3	4.515
0.000000	1.014500	0.906702	206	21	81	4.486
2.879793	0.419640	2.974122	223	41	72	4.471
1.570796	2.881233	-2.582574	205	40	18	4.449
-3.141593	2.979456	-1.009304	201	43	21	4.449
-2.356194	2.063651	-2.044600	200	39	21	4.449
-2.617994	2.637879	2.121598	2	21	149	4.354
-2.879793	2.637879	2.121598	4	19	149	4.354
-1.832596	0.571433	-1.188419	201	39	188	4.353
2.617994	2.664082	-1.071402	206	51	23	4.288
-3.141593	0.290380	-0.796960	4	156	4	4.287
2.356194	0.850607	-1.335383	215	44	73	4.243
-0.785398	1.417623	-0.202254	205	37	188	4.222
-0.523599	2.984978	1.954446	202	42	20	4.222
-3.141593	0.618092	2.539118	223	42	71	4.207
2.879793	2.456751	-1.503343	203	46	22	4.155
-2.617994	1.683268	0.374177	209	42	73	4.111
-2.094395	2.760637	2.781135	1	17	147	4.061
-2.617994	1.374601	-2.456031	200	49	26	4.061
-1.832596	2.724429	-0.348782	211	45	75	4.061
2.094395	2.247462	0.191623	27	197	192	4.060
-0.523599	1.869911	2.701025	200	32	22	3.995
2.356194	1.134796	2.434290	29	192	191	3.995
-2.094395	0.866955	-0.931351	199	43	187	3.995
-2.356194	1.554776	0.100351	203	36	78	3.994
2.094395	1.812176	0.656819	28	191	196	3.994
2.094395	1.214854	-1.966664	223	44	63	3.951
1.832596	1.134796	2.434290	29	184	191	3.928
0.523599	0.418037	1.360082	6	152	4	3.928
-2.617994	2.664082	-1.071402	198	39	23	3.928
1.308997	0.733948	3.021411	27	180	194	3.928
0.000000	0.906588	1.252948	5	150	3	3.928
-1.832596	2.760637	2.781135	0	18	147	3.899
0.785398	2.251330	-2.330739	3	14	147	3.899
-1.047198	2.637879	2.121598	206	21	85	3.833
2.879793	2.979456	-1.009304	203	45	21	3.796
2.094395	1.134796	2.434290	30	188	191	3.768
0.523599	2.760637	2.781135	203	37	19	3.767
-1.570796	2.881233	-2.582574	19	185	174	3.767
2.356194	2.089241	-0.114193	0	43	66	3.752
1.832596	0.571433	-1.188419	218	40	76	3.752
-0.261799	1.741644	-2.695914	222	141	219	3.738
2.356194	1.433411	-1.035986	216	45	69	3.723
2.617994	2.979456	-1.009304	205	48	21	3.701
0.785398	2.455966	-0.641220	28	185	184	3.701
1.832596	2.187132	-0.479875	5	14	143	3.672
1.570796	2.187132	-0.479875	5	12	143	3.672
-1.832596	1.256302	0.062705	4	158	4	3.635
2.879793	2.719179	-1.780644	202	40	20	3.635
0.523599	2.984978	1.954446	203	31	20	3.635
-1.308997	1.440580	2.260026	196	38	190	3.606
-2.356194	1.599406	1.426070	213	45	68	3.591
-2.617994	1.195355	1.200319	218	41	75	3.591
-2.879793	0.591903	2.010408	0	40	74	3.562
2.094395	0.961715	0.014085	218	33	81	3.562
-1.047198	1.134497	-1.109631	17	192	214	3.540
-2.356194	2.979456	-1.009304	200	33	21	3.540
2.356194	1.809167	1.213774	28	192	194	3.504
1.570796	0.733948	3.021411	29	184	194	3.474
-1.308997	2.115563	0.685730	220	158	215	3.474
-1.832596	1.194549	-0.801900	196	42	186	3.473
-3.141593	2.164094	-2.991358	25	185	181	3.467
0.000000	0.992645	-1.723759	2	15	68	3.466
-1.832596	1.721184	-0.153948	198	28	73	3.437
1.047198	0.929350	-2.910676	27	179	190	3.408
0.261799	2.760637	2.781135	205	39	18	3.408
0.261799	2.478122	2.609777	204	33	19	3.408
-0.261799	2.033014	2.977192	205	31	19	3.408
0.523599	1.325504	-1.671296	28	181	191	3.408
-1.047198	1.812176	0.656819	222	154	220	3.407
2.094395	1.617114	-1.572037	222	44	61	3.393
-2.094395	1.574060	2.783565	197	85	152	3.379
2.094395	0.619654	-2.216909	0	42	70	3.364
2.094395	0.864993	2.278281	28	187	195	3.342
-3.141593	2.664082	-1.071402	201	46	23	3.342
0.523599	0.619654	-2.216909	25	179	197	3.342
-1.832596	2.063651	-2.044600	201	33	21	3.342
0.261799	2.984978	1.954446	202	34	20	3.342
-0.523599	0.906588	1.252948	3	156	3	3.342
-2.617994	2.247462	0.191623	206	44	64	3.334
2.094395	2.863997	0.549740	10	17	153	3.313
-2.879793	2.984978	1.954446	7	16	150	3.313
-2.879793	1.448123	-2.163292	200	50	27	3.313
-2.617994	1.168678	2.108595	200	35	83	3.313
2.879793	2.393226	1.857173	10	19	154	3.313
1.047198	0.496451	0.593859	11	156	7	3.276
1.832596	2.164094	-2.991358	2	13	147	3.247
1.308997	2.979456	-1.009304	4	21	150	3.247
2.617994	2.719179	-1.780644	203	42	20	3.247
-2.879793	2.979456	-1.009304	200	39	21	3.247
1.832596	2.033014	2.977192	6	11	149	3.247
2.879793	2.664082	-1.071402	203	48	23	3.247
-0.261799	1.113094	-0.272241	17	149	5	3.247
-0.523599	0.961715	0.014085	14	152	7	3.247
0.000000	1.113094	-0.272241	19	150	5	3.247
-1.570796	1.721184	-0.153948	195	43	184	3.246
1.047198	0.866395	-2.492918	28	183	192	3.210
0.785398	2.760637	2.781135	205	35	18	3.181
-2.356194	2.724429	-0.348782	197	43	25	3.181
-0.261799	2.984978	1.954446	200	39	21	3.181
0.523599	0.831641	0.616218	12	154	7	3.181
-0.523599	1.683268	0.374177	5	146	223	3.181
-0.261799	0.496451	0.593859	10	161	7	3.180
2.356194	1.617114	-1.572037	217	45	61	3.166
2.617994	0.640596	-2.797608	222	44	68	3.137
2.879793	1.194549	-0.801900	208	41	74	3.136
0.523599	0.379747	-1.713059	25	185	203	3.115
2.617994	1.247695	1.809890	28	194	195	3.115
0.523599	1.214854	-1.966664	27	179	190	3.115
1.308997	0.203748	0.590255	7	156	6	3.115
-3.141593	2.881233	-2.582574	208	31	18	3.115
-1.832596	0.203748	0.590255	0	31	79	3.107
-2.617994	1.998705	2.370472	0	26	152	3.086
-3.141593	1.998705	2.370472	6	22	152	3.086
0.261799	2.349581	-2.702517	222	12	146	3.086
-2.879793	1.998705	2.370472	3	24	152	3.086
-1.308997	1.869911	2.701025	190	42	184	3.086
0.785398	1.948085	-2.363031	6	11	149	3.086
-2.356194	0.571433	-1.188419	199	44	189	3.086
0.785398	1.448123	-2.163292	27	183	185	3.049
-1.832596	1.301460	-0.509251	2	153	2	3.020
2.617994	2.349581	-2.702517	219	16	146	3.020
-0.523599	1.374601	-2.456031	192	39	185	3.020
2.879793	2.349581	-2.702517	205	75	144	3.020
2.094395	1.574060	2.783565	12	15	155	3.020
1.308997	2.724429	-0.348782	11	15	154	3.020
-2.879793	1.554776	0.100351	208	40	78	3.020
-1.570796	0.203748	0.590255	17	184	215	3.019
1.832596	0.850607	-1.335383	223	41	73	3.005
2.617994	1.909857	-0.381669	218	45	68	3.005
0.261799	2.637879	2.121598	11	47	151	2.991
-2.094395	2.719179	-1.780644	222	140	184	2.991
-2.879793	0.571433	-1.188419	216	152	211	2.991
-2.617994	1.606104	-0.451151	201	37	72	2.975
-0.261799	0.961715	0.014085	15	152	7	2.954
-2.617994	1.045978	0.343692	211	34	83	2.954
-2.879793	2.664082	-1.071402	198	43	24	2.953
-1.047198	1.869911	2.701025	199	39	22	2.953
-0.785398	1.812176	0.656819	223	150	220	2.953
-0.261799	1.256302	0.062705	14	148	5	2.953
0.000000	1.135834	-1.431087	3	16	68	2.946
-2.617994	1.599406	1.426070	217	45	68	2.939
1.832596	2.104282	-0.813972	8	10	144	2.925
2.094395	2.343981	-1.040456	6	9	143	2.925
2.879793	2.343981	-1.040456	6	16	143	2.925
0.261799	1.194549	-0.801900	35	154	222	2.924
1.308997	0.370812	-2.547742	26	188	201	2.917
2.617994	1.510910	-0.740472	213	44	71	2.910
-1.308997	2.592629	0.909713	195	40	27	2.888
-2.617994	1.875281	0.107086	204	41	73	2.888
1.832596	0.733948	3.021411	29	188	194	2.888
2.356194	1.662363	0.915448	27	193	197	2.888
-0.261799	1.335669	0.897240	5	149	2	2.887
2.356194	0.864993	2.278281	28	190	195	2.887
1.308997	2.455966	-0.641220	11	17	156	2.887
-1.047198	1.721184	-0.153948	4	146	222	2.887
2.356194	1.214854	-1.966664	219	45	63	2.873
1.832596	2.724429	-0.348782	9	22	155	2.859
-2.094395	1.310100	1.488307	223	17	143	2.859
-2.094395	1.335669	0.897240	6	24	149	2.858
-1.047198	2.356369	3.005869	217	15	146	2.858
-0.523599	2.478122	2.609777	198	74	146	2.858
-2.094395	1.194549	-0.801900	214	145	206	2.858
0.000000	0.290380	-0.796960	1	30	78	2.843
2.879793	0.640596	-2.797608	218	45	68	2.843
-1.047198	0.418037	1.360082	210	37	78	2.843
1.832596	0.960688	-0.577532	219	39	78	2.814
-3.141593	2.001437	0.381215	217	45	69	2.814
-2.879793	1.875281	0.107086	210	43	70	2.806
-3.141593	2.637879	2.121598	8	17	151	2.792
1.308997	2.664082	-1.071402	7	20	152	2.792
1.832596	2.247462	0.191623	26	187	200	2.792
-0.785398	2.089241	-0.114193	219	134	199	2.792
2.617994	2.089241	-0.114193	220	45	66	2.777
2.617994	0.370812	-2.547742	219	43	72	2.777
1.308997	1.606104	-0.451151	14	8	148	2.763
2.879793	0.709924	0.218797	14	159	7	2.755
2.356194	0.992645	-1.723759	217	45	68	2.749
1.832596	0.961715	0.014085	219	32	81	2.748
1.047198	2.187132	-0.479875	30	187	189	2.727
-0.261799	1.450119	-2.739050	197	34	187	2.727
0.261799	2.719179	-1.780644	6	14	149	2.727
1.832596	1.242974	-2.977882	13	16	158	2.727
-2.356194	2.760637	2.781135	2	15	147	2.726
2.617994	2.396274	-1.959260	205	46	20	2.726
1.308997	2.187132	-0.479875	30	191	189	2.726
-1.570796	1.836682	-0.676006	0	149	218	2.726
-2.356194	0.864993	2.278281	204	28	88	2.697
-2.094395	1.904882	-1.478089	212	146	193	2.697
1.570796	2.356369	3.005869	198	90	159	2.697
-0.785398	0.458961	-0.107937	206	40	19	2.697
-2.617994	2.063651	-2.044600	216	146	214	2.697
2.356194	0.762244	-0.273349	12	30	168	2.697
-2.094395	1.982574	-1.115518	211	146	195	2.697
-1.047198	2.299159	2.264663	200	41	22	2.689
2.617994	2.299159	2.264663	208	43	20	2.682
2.094395	1.504028	0.636812	26	190	200	2.661
-1.832596	2.979456	-1.009304	203	28	21	2.660
2.356194	2.592629	0.909713	11	19	156	2.660
1.570796	2.404280	-0.174044	28	193	186	2.660
0.523599	1.128190	-2.288622	26	177	189	2.660
2.356194	1.869911	2.701025	9	15	152	2.660
0.785398	1.256302	0.062705	196	49	30	2.660
-0.523599	2.637879	2.121598	200	40	21	2.660
-2.617994	2.456751	-1.503343	198	38	22	2.660
-2.617994	1.909857	-0.381669	200	38	71	2.660
-0.785398	1.488617	1.159546	222	155	221	2.660
1.308997	2.587733	0.232235	28	184	184	2.660
-1.047198	2.138223	1.678323	195	41	28	2.660
-0.785398	1.025536	1.576859	223	158	0	2.660
-2.879793	1.247695	1.809890	219	14	143	2.631
-2.617994	0.906588	1.252948	1	23	146	2.631
1.047198	2.299159	2.264663	31	177	197	2.631
0.261799	1.135834	-1.431087	36	151	217	2.631
2.879793	2.247462	0.191623	9	93	175	2.631
2.094395	0.458961	-0.107937	10	160	6	2.623
-3.141593	0.591903	2.010408	2	37	74	2.617
-1.308997	0.418037	1.360082	211	38	78	2.616
0.785398	0.866395	-2.492918	27	179	192	2.595
2.094395	1.998705	2.370472	26	186	180	2.595
2.617994	1.809167	1.213774	27	196	194	2.595
2.356194	1.506530	1.988858	29	190	189	2.595
1.570796	2.588535	-2.976617	206	45	24	2.595
-1.047198	2.984978	1.954446	205	46	20	2.594
-0.261799	2.863997	0.549740	204	25	24	2.594
-1.832596	2.592629	0.909713	198	47	27	2.594
1.570796	0.929350	-2.910676	29	188	190	2.594
-0.523599	0.674054	1.013609	206	30	82	2.594
1.308997	0.640596	-2.797608	28	184	195	2.594
-0.523599	1.721184	-0.153948	10	143	222	2.594
0.000000	0.685216	-1.712745	2	17	71	2.587
-3.141593	2.174483	2.653697	4	20	149	2.566
-3.141593	2.180315	-1.357379	214	35	86	2.565
-1.832596	2.478122	2.609777	220	21	147	2.565
0.000000	1.135813	-2.658866	201	35	192	2.565
-1.570796	2.356369	3.005869	218	17	146	2.565
-1.832596	1.574060	2.783565	194	82	152	2.565
0.261799	0.080730	-2.622036	19	93	177	2.565
-3.141593	2.396274	-1.959260	198	77	146	2.565
-2.356194	2.478122	2.609777	0	20	147	2.565
-2.356194	1.506530	1.988858	192	45	44	2.565
-1.047198	2.760637	2.781135	220	20	147	2.565
-0.261799	0.674054	1.013609	6	158	5	2.528
2.879793	0.496451	0.593859	17	155	7	2.528
-1.308997	2.863997	0.549740	198	37	23	2.528
1.832596	2.001437	0.381215	194	40	185	2.500
-3.141593	2.704512	1.488683	7	22	153	2.500
2.879793	1.824694	1.850876	10	22	159	2.499
-1.832596	0.733948	3.021411	206	19	26	2.499
2.879793	2.407836	1.410646	9	22	156	2.499
-2.094395	0.733948	3.021411	202	21	26	2.499
-2.879793	2.063651	-2.044600	197	49	193	2.499
-0.785398	1.732874	-0.951685	3	13	222	2.499
-0.785398	0.290380	-0.796960	0	23	78	2.492
2.094395	1.135834	-1.431087	221	44	69	2.485
-2.094395	2.979456	-1.009304	8	15	143	2.470
-0.523599	2.863997	0.549740	8	10	143	2.470
-2.356194	2.349581	-2.702517	3	95	188	2.469
-0.523599	1.195355	1.200319	2	153	1	2.462
2.094395	0.733948	3.021411	28	193	194	2.462
-2.617994	1.488617	1.159546	217	44	71	2.455
-2.879793	0.700570	1.559208	0	38	76	2.455
2.094395	1.869911	2.701025	9	13	152	2.433
2.356194	2.164094	-2.991358	1	16	147	2.433
2.617994	1.869911	2.701025	8	19	152	2.433
2.094395	2.033014	2.977192	6	13	149	2.433
2.356194	2.881233	-2.582574	205	34	18	2.433
1.570796	2.760637	2.781135	208	31	18	2.433
-0.523599	2.407836	1.410646	196	32	27	2.433
2.879793	2.396274	-1.959260	203	43	20	2.433
0.000000	2.456751	-1.503343	23	181	178	2.433
2.356194	2.138223	1.678323	29	189	185	2.433
1.570796	2.863997	0.549740	26	185	179	2.433
-2.879793	2.456751	-1.503343	199	42	22	2.433
-2.356194	0.591903	2.010408	217	42	74	2.418
0.785398	1.510910	-0.740472	39	158	219	2.404
-0.785398	1.606104	-0.451151	197	27	20	2.404
2.879793	1.741644	-2.695914	25	197	205	2.404
-1.570796	1.168678	2.108595	197	40	194	2.404
2.094395	1.433411	-1.035986	220	44	69	2.389
0.785398	0.419640	2.974122	223	15	72	2.389
2.094395	0.914445	2.687814	29	189	192	2.368
2.617994	0.591903	2.010408	26	191	201	2.367
1.832596	2.592629	0.909713	28	186	183	2.367
2.617994	1.025536	1.576859	26	190	200	2.367
-1.047198	1.736875	3.023612	199	36	22	2.367
1.047198	1.242974	-2.977882	26	179	185	2.367
-0.785398	2.984978	1.954446	202	44	21	2.367
-3.141593	1.448123	-2.163292	204	52	27	2.367
-2.879793	2.153910	-1.714959	199	44	23	2.367
-0.785398	1.869911	2.701025	199	35	22	2.367
-1.308997	1.812176	0.656819	222	158	221	2.367
-0.523599	1.488617	1.159546	0	151	222	2.367
-0.523599	1.025536	1.576859	0	155	0	2.367
-1.047198	1.683268	0.374177	2	152	0	2.367
-1.308997	2.138223	1.678323	196	45	28	2.367
-1.308997	1.194549	-0.801900	206	17	77	2.367
-0.785398	2.704512	1.488683	197	38	24	2.367
1.832596	0.914445	2.687814	29	185	192	2.367
-0.261799	0.906588	1.252948	3	154	3	2.367
-1.832596	0.866955	-0.931351	199	41	188	2.367
2.617994	1.696674	-1.253233	212	45	63	2.352
-2.356194	1.014500	0.906702	5	25	150	2.338
-0.261799	1.870545	-2.976234	12	16	160	2.338
1.047198	1.214854	-1.966664	40	160	211	2.338
-3.141593	2.073035	2.027405	8	23	155	2.338
-1.832596	1.440580	2.260026	192	46	190	2.338
2.094395	0.899350	-2.069907	13	91	176	2.338
-0.261799	0.992645	-1.723759	222	13	68	2.323
2.879793	1.510910	-0.740472	209	43	71	2.323
1.308997	2.588535	-2.976617	208	46	24	2.301
0.785398	0.674054	1.013609	11	151	6	2.301
2.617994	1.766067	2.153843	10	19	157	2.301
2.617994	0.910508	1.903534	27	193	198	2.301
-1.832596	2.041297	-2.664597	203	37	19	2.301
-0.523599	2.033014	2.977192	204	33	19	2.301
-1.308997	2.299159	2.264663	201	45	22	2.301
-0.785398	2.138223	1.678323	195	35	28	2.301
0.785398	0.619654	-2.216909	27	183	197	2.301
-0.523599	1.184361	0.625864	7	152	5	2.301
2.094395	1.809167	1.213774	29	188	194	2.301
-2.617994	0.290380	-0.796960	202	44	192	2.301
-1.047198	1.554776	0.100351	4	149	1	2.301
1.047198	1.545873	-1.877082	39	161	207	2.272
2.094395	1.050534	3.042579	200	54	27	2.272
-2.356194	2.033014	2.977192	219	21	148	2.272
-1.570796	2.478122	2.609777	218	20	147	2.272
-3.141593	1.606104	-0.451151	206	41	75	2.272
0.785398	2.664082	-1.071402	10	14	152	2.272
-3.141593	1.450119	-2.739050	209	50	24	2.272
-1.308997	2.356369	3.005869	217	16	146	2.272
1.570796	2.664082	-1.071402	6	23	153	2.272
-2.879793	2.393226	1.857173	5	24	153	2.272
-1.832596	1.606104	-0.451151	213	145	204	2.272
-1.047198	2.247462	0.191623	214	139	197	2.272
-1.047198	1.545873	-1.877082	3	12	8	2.272
-0.523599	1.982574	-1.115518	8	13	217	2.272
1.832596	2.115563	0.685730	39	41	204	2.272
-1.832596	1.134796	2.434290	198	47	195	2.272
-2.879793	1.310100	1.488307	222	43	71	2.257
-2.356194	0.910508	1.903534	215	44	71	2.257
-2.879793	2.001437	0.381215	212	45	68	2.257
2.879793	2.592629	0.909713	6	144	221	2.243
0.000000	2.881233	-2.582574	223	19	147	2.206
2.356194	1.870545	-2.976234	4	19	149	2.206
-1.308997	1.998705	2.370472	194	79	151	2.206
2.617994	1.135813	-2.658866	217	53	29	2.206
-2.094395	2.404280	-0.174044	190	77	157	2.206
-2.879793	2.299159	2.264663	3	22	150	2.206
-1.570796	1.194549	-0.801900	20	192	212	2.206
2.879793	1.325504	-1.671296	6	150	7	2.206
-0.523599	0.992645	-1.723759	219	149	222	2.206
-0.261799	1.721184	-0.153948	14	142	222	2.206
2.879793	1.135813	-2.658866	213	54	29	2.206
-2.879793	1.367556	0.358405	211	39	80	2.206
-1.570796	1.506530	1.988858	192	40	185	2.206
-2.617994	1.545873	-1.877082	196	45	28	2.206
-0.785398	1.301460	-0.509251	11	145	2	2.206
-0.523599	1.301460	-0.509251	14	145	2	2.206
0.523599	2.478122	2.609777	205	33	19	2.206
0.785398	2.719179	-1.780644	4	19	149	2.206
0.000000	2.637879	2.121598	200	35	21	2.206
1.570796	0.419640	2.974122	27	183	198	2.206
2.094395	1.721184	-0.153948	20	193	208	2.206
2.879793	0.960688	-0.577532	7	166	4	2.206
-0.523599	1.113094	-0.272241	14	149	5	2.205
-1.832596	1.870545	-2.976234	194	40	72	2.177
2.094395	1.413347	-1.339188	206	23	85	2.177
0.261799	2.587733	0.232235	11	13	216	2.177
1.832596	2.637879	2.121598	20	89	164	2.177
-2.617994	1.134497	-1.109631	213	153	206	2.177
-3.141593	1.335669	0.897240	17	192	212	2.176
1.832596	1.256302	0.062705	223	33	79	2.162
-3.141593	1.569311	-3.003978	214	51	25	2.162
-0.261799	1.214854	-1.966664	222	145	221	2.140
2.879793	1.256302	0.062705	10	191	214	2.140
-0.785398	1.683268	0.374177	2	149	223	2.140
2.356194	2.664082	-1.071402	209	51	23	2.140
1.308997	1.741644	-2.695914	8	12	151	2.140
-2.879793	0.709924	0.218797	213	28	84	2.140
-1.570796	1.658653	-2.409879	199	32	23	2.140
-2.879793	2.719179	-1.780644	201	36	20	2.140
-0.785398	1.256302	0.062705	9	150	5	2.140
-1.832596	0.960688	-0.577532	5	152	4	2.140
2.617994	0.297065	2.160177	25	189	202	2.139
1.570796	1.135834	-1.431087	4	39	68	2.125
-3.141593	1.721184	-0.153948	211	43	72	2.125
-2.094395	2.478122	2.609777	222	20	147	2.111
1.047198	2.251330	-2.330739	3	16	147	2.111
2.356194	2.343981	-1.040456	6	11	143	2.111
-3.141593	1.050534	3.042579	183	75	160	2.111
1.047198	2.349581	-2.702517	215	136	207	2.110
-2.617994	0.591903	2.010408	220	42	74	2.096
2.617994	1.721184	-0.153948	219	44	72	2.096
1.570796	0.290380	-0.796960	214	38	79	2.096
0.785398	1.756530	-2.105156	26	184	181	2.074
1.308997	0.458961	-0.107937	12	162	7	2.074
-0.523599	1.335669	0.897240	3	151	2	2.074
1.308997	1.256302	0.062705	24	158	5	2.074
2.356194	1.168678	2.108595	29	191	193	2.074
-0.261799	1.869911	2.701025	202	29	22	2.074
1.047198	2.760637	2.781135	206	33	18	2.074
1.570796	0.458961	-0.107937	11	162	7	2.074
-2.356194	1.683268	0.374177	204	39	76	2.074
0.523599	1.982574	-1.115518	28	182	187	2.074
1.832596	2.295480	1.008277	29	185	187	2.074
0.000000	2.760637	2.781135	204	40	19	2.074
-1.047198	2.592629	0.909713	195	36	27	2.074
1.047198	0.458961	-0.107937	13	163	7	2.074
2.094395	1.977582	0.969896	29	189	192	2.074
-3.141593	0.379747	-1.713059	4	166	2	2.073
-2.617994	0.571433	-1.188419	198	48	188	2.073
-3.141593	0.297065	2.160177	1	36	76	2.059
-1.308997	2.478122	2.609777	217	19	147	2.045
-1.308997	2.379497	0.561089	208	25	15	2.045
-2.879793	2.478122	2.609777	3	17	147	2.045
-3.141593	2.393226	1.857173	7	21	152	2.045
-2.879793	1.214854	-1.966664	194	85	159	2.045
-2.617994	1.658653	-2.409879	196	82	150	2.045
0.785398	2.153910	-1.714959	10	14	152	2.045
2.617994	2.138223	1.678323	13	18	158	2.045
1.832596	1.574060	2.783565	12	11	155	2.045
-1.308997	1.809167	1.213774	4	24	148	2.045
-1.047198	1.998705	2.370472	193	76	150	2.045
2.094395	1.870545	-2.976234	18	17	167	2.045
0.785398	0.910508	1.903534	23	182	217	2.045
2.356194	1.574060	2.783565	11	19	155	2.045
1.832596	0.864993	2.278281	38	155	218	2.045
-0.785398	2.073035	2.027405	191	73	153	2.045
2.356194	1.977582	0.969896	29	192	193	2.045
-0.261799	2.343981	-1.040456	219	145	177	2.044
-2.617994	1.025536	1.576859	221	42	73	2.038
-0.261799	0.619654	-2.216909	197	24	84	2.016
1.570796	1.574060	2.783565	195	74	193	2.016
1.047198	1.301460	-0.509251	17	50	154	2.016
-1.570796	2.174483	2.653697	189	27	68	2.016
2.356194	1.050534	3.042579	208	34	79	2.016
-1.308997	0.929350	-2.910676	197	71	207	2.015
2.094395	2.393226	1.857173	26	184	181	2.008
-1.570796	2.393226	1.857173	202	48	24	2.008
1.047198	0.203748	0.590255	7	158	6	2.008
2.879793	2.001437	0.381215	221	44	69	2.001
-2.617994	2.984978	1.954446	6	19	150	1.979
2.617994	1.413430	2.550734	11	21	158	1.979
2.094395	1.242974	-2.977882	12	20	158	1.979
0.785398	2.063651	-2.044600	7	13	150	1.979
0.785398	2.979456	-1.009304	7	16	150	1.979
-2.094395	1.450119	-2.739050	193	79	152	1.979
2.617994	0.914445	2.687814	199	49	22	1.979
0.523599	2.979456	-1.009304	8	13	150	1.979
-1.047198	1.448123	-2.163292	1	14	7	1.979
2.879793	1.545873	-1.877082	205	53	28	1.979
2.356194	0.914445	2.687814	202	52	22	1.979
-1.832596	1.741644	-2.695914	197	42	72	1.979
-1.570796	1.766067	2.153843	190	41	183	1.979
-1.832596	2.356369	3.005869	218	17	146	1.979
2.356194	1.413430	2.550734	199	44	20	1.979
2.617994	1.218453	2.777284	196	43	23	1.979
2.356194	1.699788	2.452890	28	189	183	1.979
-2.094395	2.063651	-2.044600	200	34	21	1.979
-0.785398	1.554776	0.100351	220	138	208	1.979
-0.785398	0.709924	0.218797	4	139	221	1.978
-2.356194	2.719179	-1.780644	223	163	3	1.978
-0.261799	2.592629	0.909713	1	14	10	1.971
2.356194	1.909857	-0.381669	222	44	68	1.964
2.879793	1.836682	-0.676006	211	45	67	1.964
1.308997	0.571433	-1.188419	0	37	76	1.964
-2.879793	2.180315	-1.357379	5	25	145	1.950
-1.570796	1.433411	-1.035986	186	80	152	1.950
-1.308997	1.433411	-1.035986	185	75	152	1.950
-1.047198	2.251330	-2.330739	185	75	152	1.950
-1.047198	1.433411	-1.035986	185	70	152	1.950
1.047198	1.606104	-0.451151	12	4	148	1.950
0.261799	1.335669	0.897240	191	71	146	1.950
0.000000	2.592629	0.909713	10	6	145	1.950
-2.617994	1.977582	0.969896	186	80	152	1.950
1.047198	1.736875	3.023612	194	59	202	1.950
-1.047198	2.063651	-2.044600	185	76	152	1.950
2.879793	2.180315	-1.357379	10	20	145	1.950
2.356194	2.456751	-1.503343	10	9	144	1.950
1.308997	1.448123	-2.163292	20	12	2	1.950
-2.356194	1.977582	0.969896	185	75	152	1.950
-1.308997	2.251330	-2.330739	186	80	152	1.949
1.832596	1.606104	-0.451151	14	17	148	1.949
-1.570796	2.033014	2.977192	25	4	24	1.949
2.879793	2.881233	-2.582574	207	33	18	1.942
-0.261799	0.831641	0.616218	210	27	81	1.934
-3.141593	1.836682	-0.676006	207	43	68	1.934
-1.047198	2.349581	-2.702517	219	10	146	1.913
0.261799	1.135813	-2.658866	204	33	191	1.913
1.308997	2.760637	2.781135	207	32	18	1.913
0.000000	1.721184	-0.153948	18	143	223	1.913
1.832596	1.977582	0.969896	208	23	16	1.913
-2.879793	2.396274	-1.959260	201	39	20	1.913
-2.879793	0.733948	3.021411	194	34	26	1.913
0.261799	1.977582	0.969896	218	140	195	1.913
-2.356194	2.153910	-1.714959	198	35	23	1.913
-0.785398	1.413430	2.550734	199	36	191	1.913
-2.617994	2.396274	-1.959260	201	38	20	1.913
-2.094395	1.836682	-0.676006	220	158	217	1.912
-2.879793	1.194549	-0.801900	203	36	74	1.898
-0.523599	1.450119	-2.739050	192	38	188	1.884
-3.141593	1.732874	-0.951685	4	29	149	1.884
-1.047198	1.113094	-0.272241	3	96	180	1.884
1.570796	2.104282	-0.813972	6	8	143	1.884
0.000000	2.579248	-2.364801	4	14	147	1.884
-0.523599	0.458961	-0.107937	205	39	19	1.884
-2.094395	1.134796	2.434290	201	30	86	1.884
0.523599	1.875281	0.107086	209	137	195	1.884
1.570796	1.555207	1.708892	22	88	182	1.884
2.879793	1.909857	-0.381669	0	25	144	1.884
-1.570796	0.866955	-0.931351	185	80	164	1.884
0.261799	1.504028	0.636812	26	11	8	1.884
1.832596	1.824694	1.850876	20	91	178	1.884
-1.047198	0.458961	-0.107937	207	42	19	1.884
-2.356194	1.134796	2.434290	202	33	86	1.884
-2.094395	1.977582	0.969896	208	145	188	1.883
-3.141593	1.488617	1.159546	213	137	206	1.883
2.879793	1.606104	-0.451151	212	44	72	1.869
2.094395	2.115563	0.685730	29	192	191	1.847
1.570796	0.914445	2.687814	28	181	192	1.847
-0.261799	2.979456	-1.009304	21	180	177	1.847
2.879793	2.984978	1.954446	23	186	177	1.847
-1.832596	2.863997	0.549740	198	43	24	1.847
-0.523599	2.356369	3.005869	205	38	18	1.847
0.785398	2.343981	-1.040456	28	187	183	1.847
-0.785398	0.700570	1.559208	2	161	3	1.847
2.356194	2.108018	1.311430	29	191	188	1.847
-0.261799	2.637879	2.121598	200	37	21	1.847
-1.832596	1.658653	-2.409879	198	36	23	1.847
1.570796	2.455966	-0.641220	10	20	156	1.847
-2.356194	0.961715	0.014085	208	30	83	1.847
2.356194	1.195355	1.200319	26	189	202	1.847
2.356194	0.961715	0.014085	11	187	216	1.847
0.261799	1.184361	0.625864	12	149	5	1.847
-1.047198	1.606104	-0.451151	6	145	222	1.847
-3.141593	0.700570	1.559208	19	188	212	1.847
0.000000	2.478122	2.609777	203	36	19	1.847
0.261799	1.741644	-2.695914	18	177	178	1.846
-0.261799	1.683268	0.374177	8	144	223	1.846
2.879793	0.290380	-0.796960	4	159	4	1.846
-2.356194	1.168678	2.108595	215	10	145	1.818
0.785398	0.929350	-2.910676	7	29	161	1.818
1.047198	1.555207	1.708892	201	75	142	1.818
0.523599	2.719179	-1.780644	7	17	150	1.818
0.785398	2.108018	1.311430	16	10	154	1.818
2.094395	2.299159	2.264663	194	39	185	1.818
-1.832596	1.982574	-1.115518	213	141	194	1.818
-2.879793	1.128190	-2.288622	196	87	158	1.818
-2.879793	1.870545	-2.976234	204	83	147	1.818
0.785398	0.914445	2.687814	218	24	89	1.818
0.785398	0.960688	-0.577532	192	38	188	1.818
0.523599	0.914445	2.687814	217	23	89	1.817
0.261799	0.370812	-2.547742	11	26	161	1.817
-2.617994	2.153910	-1.714959	220	151	215	1.817
0.000000	2.001437	0.381215	2	132	201	1.817
-2.356194	1.025536	1.576859	216	43	73	1.803
2.356194	1.696674	-1.253233	217	46	63	1.803
-2.617994	1.504028	0.636812	212	42	75	1.802
2.879793	0.700570	1.559208	24	192	202	1.781
2.356194	0.910508	1.903534	27	187	198	1.781
1.308997	2.343981	-1.040456	203	31	82	1.781
-0.785398	2.033014	2.977192	203	35	19	1.781
1.047198	2.455966	-0.641220	28	188	184	1.781
0.000000	2.984978	1.954446	201	36	20	1.781
2.617994	0.203748	0.590255	212	20	82	1.781
-1.308997	1.606104	-0.451151	3	148	222	1.780
-2.879793	0.850607	-1.335383	1	165	223	1.780
1.308997	0.080730	-2.622036	24	188	203	1.780
-0.785398	1.194549	-0.801900	12	144	0	1.780
2.094395	1.696674	-1.253233	221	45	64	1.774
2.356194	0.866395	-2.492918	0	43	65	1.766
2.617994	1.413347	-1.339188	212	45	66	1.766
-2.879793	1.504028	0.636812	196	53	28	1.752
-0.261799	1.134796	2.434290	7	40	161	1.752
-2.879793	1.555207	1.708892	11	92	175	1.752
2.094395	1.872854	1.543456	30	185	189	1.752
-1.047198	1.875281	0.107086	215	139	203	1.752
2.879793	1.699788	2.452890	9	22	155	1.752
2.879793	2.174483	2.653697	5	18	149	1.752
0.523599	2.251330	-2.330739	3	12	147	1.752
-0.523599	0.370812	-2.547742	204	33	21	1.752
-2.879793	1.168678	2.108595	214	13	145	1.752
-1.308997	2.033014	2.977192	213	15	148	1.752
-2.356194	1.606104	-0.451151	201	52	20	1.752
2.617994	0.618092	2.539118	203	53	22	1.752
-2.879793	1.741644	-2.695914	201	84	148	1.752
2.094395	1.440580	2.260026	30	185	188	1.752
1.570796	2.343981	-1.040456	9	23	156	1.752
-3.141593	2.299159	2.264663	7	20	152	1.752
-0.785398	0.615174	-0.666022	193	36	185	1.752
0.523599	1.909857	-0.381669	198	21	78	1.752
2.879793	2.073035	2.027405	9	20	154	1.751
-3.141593	1.904882	-1.478089	212	30	87	1.751
-1.570796	1.574060	2.783565	192	48	189	1.751
-0.523599	0.914445	2.687814	214	139	199	1.751
-2.617994	1.756530	-2.105156	198	42	24	1.751
2.617994	1.433411	-1.035986	212	45	69	1.736
2.617994	2.115563	0.685730	219	135	194	1.723
-2.094395	1.247695	1.809890	190	45	189	1.722
-2.094395	2.164094	-2.991358	190	90	160	1.722
-0.785398	1.870545	-2.976234	188	38	181	1.722
2.617994	1.812176	0.656819	220	136	190	1.722
-2.356194	1.184361	0.625864	210	37	81	1.715
0.785398	0.899350	-2.069907	28	183	194	1.715
-0.785398	0.591903	2.010408	0	159	0	1.715
-0.523599	2.174483	2.653697	202	35	20	1.715
-0.785398	2.299159	2.264663	199	38	22	1.715
1.832596	0.458961	-0.107937	11	161	7	1.715
1.832596	0.419640	2.974122	27	187	199	1.715
-0.523599	0.297065	2.160177	2	157	2	1.715
2.356194	1.417623	-0.202254	220	41	76	1.707
-1.832596	0.850607	-1.335383	215	142	205	1.686
-2.617994	2.478122	2.609777	2	19	148	1.686
-0.785398	2.187132	-0.479875	222	133	196	1.686
-2.094395	2.356369	3.005869	221	18	147	1.686
-1.832596	1.909857	-0.381669	220	155	218	1.686
-1.308997	2.760637	2.781135	221	19	147	1.686
-2.617994	0.914445	2.687814	196	33	22	1.686
-1.832596	1.045978	0.343692	208	30	83	1.686
1.047198	2.724429	-0.348782	28	187	181	1.686
0.785398	2.396274	-1.959260	6	16	149	1.686
-0.261799	2.579248	-2.364801	1	12	146	1.686
1.308997	1.374601	-2.456031	12	13	156	1.686
-0.785398	1.736875	3.023612	193	37	185	1.686
-2.356194	1.870545	-2.976234	206	43	19	1.686
2.356194	1.488617	1.159546	28	191	196	1.686
-1.047198	1.870545	-2.976234	203	33	19	1.686
0.785398	2.478122	2.609777	206	30	19	1.685
-3.141593	2.138223	1.678323	6	25	156	1.685
1.308997	2.404280	-0.174044	30	188	186	1.685
-2.094395	1.824694	1.850876	189	40	37	1.685
0.000000	1.554776	0.100351	16	145	2	1.685
-1.308997	1.736875	3.023612	190	46	185	1.685
2.879793	1.195355	1.200319	24	194	201	1.685
-0.523599	0.685216	-1.712745	221	151	3	1.685
-1.308997	1.301460	-0.509251	5	148	2	1.685
-2.356194	0.906588	1.252948	217	40	76	1.671
1.832596	2.180315	-1.357379	12	55	145	1.657
-3.141593	0.866955	-0.931351	11	98	178	1.657
0.785398	2.637879	2.121598	16	5	153	1.656
2.094395	1.045978	0.343692	17	95	176	1.656
1.832596	1.836682	-0.676006	11	13	145	1.656
-2.094395	2.299159	2.264663	184	78	157	1.656
2.094395	1.606104	-0.451151	12	21	148	1.656
1.570796	1.554776	0.100351	15	19	151	1.656
1.308997	1.554776	0.100351	16	15	151	1.656
1.570796	1.335669	0.897240	16	26	164	1.656
1.832596	1.554776	0.100351	13	23	151	1.656
-1.047198	1.766067	2.153843	214	132	204	1.656
0.000000	1.741644	-2.695914	218	129	202	1.656
-2.879793	2.174483	2.653697	1	22	150	1.649
-1.047198	2.393226	1.857173	198	42	24	1.649
2.617994	1.195355	1.200319	25	191	202	1.620
-1.308997	1.256302	0.062705	6	154	5	1.620
2.094395	2.587733	0.232235	10	21	157	1.620
0.261799	2.343981	-1.040456	26	180	183	1.620
0.000000	1.301460	-0.509251	21	147	2	1.620
2.356194	1.555207	1.708892	14	16	165	1.620
2.356194	1.256302	0.062705	15	189	214	1.620
1.047198	2.180315	-1.357379	11	17	155	1.620
1.047198	2.404280	-0.174044	29	183	186	1.620
-2.356194	1.617114	-1.572037	216	147	203	1.620
1.570796	2.247462	0.191623	30	189	189	1.620
-2.094395	2.396274	-1.959260	203	32	19	1.620
1.832596	2.299159	2.264663	198	50	20	1.620
-3.141593	2.984978	1.954446	23	189	176	1.619
2.617994	0.700570	1.559208	25	188	203	1.619
-2.356194	1.301460	-0.509251	0	160	1	1.619
-1.570796	1.014500	0.906702	220	144	221	1.591
0.523599	1.413430	2.550734	10	10	8	1.591
-2.356194	2.984978	1.954446	7	42	158	1.591
0.785398	1.555207	1.708892	18	8	170	1.591
0.785398	1.599406	1.426070	19	9	166	1.591
2.617994	1.658653	-2.409879	207	86	150	1.591
-2.617994	1.506530	1.988858	219	8	144	1.591
0.000000	2.379497	0.561089	6	6	144	1.591
-1.832596	1.732874	-0.951685	11	10	147	1.590
0.523599	2.379497	0.561089	8	12	144	1.590
0.261799	0.960688	-0.577532	33	156	2	1.590
2.617994	2.724429	-0.348782	221	59	141	1.590
-2.617994	1.247695	1.809890	219	14	143	1.590
-2.094395	1.555207	1.708892	1	11	143	1.590
-1.047198	1.168678	2.108595	7	144	8	1.590
0.523599	2.407836	1.410646	1	133	190	1.590
-1.570796	1.732874	-0.951685	214	138	199	1.590
0.523599	1.545873	-1.877082	37	36	198	1.590
0.785398	1.184361	0.625864	19	7	164	1.590
0.523599	2.138223	1.678323	41	31	199	1.590
1.832596	2.404280	-0.174044	27	196	186	1.554
2.617994	1.555207	1.708892	28	194	191	1.554
2.356194	2.295480	1.008277	28	193	187	1.554
2.879793	1.872854	1.543456	10	24	163	1.554
1.308997	0.866395	-2.492918	29	187	191	1.554
-0.261799	1.184361	0.625864	8	150	5	1.554
-2.094395	1.256302	0.062705	204	31	81	1.554
-0.785398	2.393226	1.857173	197	39	24	1.554
1.047198	2.343981	-1.040456	204	33	82	1.554
-1.570796	2.863997	0.549740	197	40	24	1.554
0.523599	2.180315	-1.357379	27	184	182	1.554
-2.094395	0.290380	-0.796960	210	19	81	1.554
-2.879793	1.545873	-1.877082	199	49	28	1.554
1.570796	1.977582	0.969896	205	25	16	1.554
2.617994	1.872854	1.543456	12	20	162	1.554
-1.047198	2.164094	-2.991358	205	37	18	1.553
-1.570796	1.617114	-1.572037	211	29	89	1.553
0.000000	0.961715	0.014085	15	153	6	1.553
2.094395	1.168678	2.108595	14	12	167	1.553
1.832596	2.881233	-2.582574	205	38	18	1.553
2.617994	1.506530	1.988858	28	194	189	1.553
1.047198	0.640596	-2.797608	27	180	195	1.553
2.879793	0.906588	1.252948	23	193	204	1.553
-0.785398	1.113094	-0.272241	11	148	4	1.553
0.261799	2.153910	-1.714959	24	182	179	1.553
0.261799	0.831641	0.616218	11	154	7	1.553
-1.570796	1.301460	-0.509251	3	150	1	1.553
-0.261799	2.724429	-0.348782	219	155	223	1.525
-2.879793	1.325504	-1.671296	2	138	214	1.525
-1.570796	1.310100	1.488307	221	17	143	1.525
-3.141593	2.407836	1.410646	7	24	156	1.525
-0.785398	0.899350	-2.069907	31	188	198	1.525
-2.094395	2.984978	1.954446	2	22	149	1.525
0.785398	2.138223	1.678323	17	8	158	1.525
-0.785398	2.356369	3.005869	216	14	146	1.525
-0.523599	1.504028	0.636812	218	140	207	1.525
-1.832596	1.310100	1.488307	222	17	143	1.524
-2.356194	1.195355	1.200319	3	21	146	1.524
-0.523599	2.393226	1.857173	192	71	151	1.524
2.094395	1.135813	-2.658866	195	51	37	1.524
2.879793	1.134796	2.434290	190	84	149	1.524
2.617994	2.164094	-2.991358	2	16	147	1.524
-1.047198	2.579248	-2.364801	17	183	173	1.524
-2.879793	2.073035	2.027405	5	25	155	1.524
-1.308997	2.073035	2.027405	193	80	152	1.524
-0.523599	0.615174	-0.666022	29	155	3	1.524
1.832596	2.343981	-1.040456	4	7	143	1.524
0.785398	0.379747	-1.713059	36	161	223	1.524
-1.832596	1.168678	2.108595	195	86	163	1.524
0.261799	1.433411	-1.035986	36	152	217	1.524
1.832596	2.379497	0.561089	39	42	201	1.524
0.785398	0.685216	-1.712745	38	159	220	1.524
-0.523599	1.617114	-1.572037	16	91	179	1.524
-3.141593	1.194549	-0.801900	205	39	74	1.509
0.785398	0.640596	-2.797608	4	17	68	1.509
-2.617994	0.864993	2.278281	217	45	69	1.509
-2.879793	0.419640	2.974122	215	44	72	1.509
-0.261799	0.866955	-0.931351	215	130	202	1.495
2.094395	1.554776	0.100351	11	27	150	1.495
0.000000	1.325504	-1.671296	215	130	200	1.495
-0.523599	1.555207	1.708892	8	7	4	1.495
0.523599	0.685216	-1.712745	223	130	211	1.495
-1.308997	0.203748	0.590255	220	135	215	1.495
-1.047198	0.709924	0.218797	214	132	206	1.495
1.047198	1.113094	-0.272241	27	19	217	1.495
-1.570796	1.417623	-0.202254	9	20	153	1.495
-1.570796	0.640596	-2.797608	200	32	82	1.495
-2.356194	1.569311	-3.003978	204	30	79	1.495
-1.570796	1.982574	-1.115518	198	48	16	1.495
0.523599	0.850607	-1.335383	3	127	205	1.495
0.261799	0.850607	-1.335383	222	128	205	1.495
0.261799	0.899350	-2.069907	218	132	211	1.495
0.000000	0.571433	-1.188419	198	47	198	1.495
2.879793	2.153910	-1.714959	204	47	23	1.488
-0.785398	2.164094	-2.991358	206	34	18	1.488
0.785398	1.128190	-2.288622	28	181	190	1.488
0.261799	2.041297	-2.664597	17	181	176	1.488
0.523599	0.496451	0.593859	10	158	7	1.488
-1.047198	2.033014	2.977192	203	38	19	1.487
2.356194	0.591903	2.010408	26	188	201	1.487
2.879793	2.089241	-0.114193	216	45	66	1.472
0.000000	2.164094	-2.991358	25	215	173	1.459
0.785398	1.836682	-0.676006	30	184	193	1.459
-0.261799	1.391910	3.030322	15	12	157	1.459
1.308997	1.014500	0.906702	209	54	26	1.459
2.356194	2.349581	-2.702517	220	16	146	1.458
1.570796	1.374601	-2.456031	12	17	156	1.458
0.000000	1.982574	-1.115518	203	19	85	1.458
1.308997	0.619654	-2.216909	38	163	218	1.458
-1.308997	1.504028	0.636812	197	21	28	1.458
-2.094395	2.637879	2.121598	222	23	149	1.458
-0.523599	2.760637	2.781135	216	19	147	1.458
2.617994	1.488617	1.159546	11	20	170	1.458
-0.261799	0.929350	-2.910676	16	13	161	1.458
2.617994	1.870545	-2.976234	3	21	149	1.458
-0.523599	1.448123	-2.163292	9	11	7	1.458
2.617994	0.709924	0.218797	213	28	84	1.458
-2.094395	0.914445	2.687814	196	86	162	1.458
0.523599	2.455966	-0.641220	205	15	80	1.458
1.047198	0.992645	-1.723759	39	162	216	1.458
-2.356194	2.396274	-1.959260	201	33	20	1.458
0.785398	1.134796	2.434290	203	34	19	1.458
-1.570796	1.699788	2.452890	193	81	153	1.458
-1.832596	1.836682	-0.676006	212	144	200	1.458
-2.879793	0.864993	2.278281	221	44	70	1.443
0.523599	0.290380	-0.796960	222	34	79	1.443
-1.047198	1.413347	-1.339188	17	187	218	1.430
-2.617994	0.992645	-1.723759	213	155	203	1.430
1.047198	0.591903	2.010408	11	11	147	1.429
-0.785398	2.588535	-2.976617	39	149	217	1.429
-2.356194	2.180315	-1.357379	16	6	155	1.429
-3.141593	1.128190	-2.288622	36	176	0	1.429
-0.523599	2.247462	0.191623	2	52	142	1.429
-0.785398	1.699788	2.452890	216	133	208	1.429
-1.570796	1.555207	1.708892	210	138	206	1.429
2.617994	1.450119	-2.739050	40	171	0	1.429
-3.141593	1.014500	0.906702	30	167	3	1.429
-2.094395	1.569311	-3.003978	10	16	154	1.429
-2.617994	2.251330	-2.330739	212	144	211	1.429
-2.617994	1.824694	1.850876	0	3	144	1.429
1.832596	1.433411	-1.035986	18	11	154	1.429
1.047198	1.824694	1.850876	198	79	142	1.429
-2.879793	0.866955	-0.931351	216	153	210	1.429
-0.261799	0.591903	2.010408	213	150	206	1.429
-2.094395	1.606104	-0.451151	213	150	207	1.429
0.261799	2.379497	0.561089	10	9	144	1.429
-0.523599	2.164094	-2.991358	211	133	196	1.429
-2.094395	2.588535	-2.976617	192	89	152	1.429
-0.523599	2.588535	-2.976617	212	135	187	1.429
2.094395	2.637879	2.121598	208	146	195	1.429
1.308997	1.875281	0.107086	218	131	201	1.429
1.570796	2.001437	0.381215	221	130	197	1.428
2.356194	0.733948	3.021411	7	37	67	1.422
2.094395	1.367556	0.358405	1	33	78	1.414
-2.879793	1.606104	-0.451151	203	40	72	1.414
2.356194	2.153910	-1.714959	210	52	23	1.393
2.356194	1.504028	0.636812	25	193	200	1.393
1.832596	1.450119	-2.739050	10	18	154	1.393
2.356194	1.812176	0.656819	27	197	196	1.393
0.261799	2.664082	-1.071402	25	183	179	1.393
-2.879793	1.846342	-1.796954	198	45	26	1.393
-1.832596	0.864993	2.278281	202	30	18	1.392
0.785398	1.135834	-1.431087	29	187	194	1.392
-2.356194	1.448123	-2.163292	196	44	27	1.392
2.617994	2.174483	2.653697	6	15	149	1.392
-2.356194	1.736875	3.023612	206	49	21	1.392
0.523599	2.664082	-1.071402	26	186	179	1.392
2.617994	1.736875	3.023612	7	21	152	1.392
-0.261799	0.203748	0.590255	11	166	6	1.392
-0.785398	2.407836	1.410646	195	35	27	1.392
-1.308997	1.214854	-1.966664	203	35	19	1.392
1.832596	2.863997	0.549740	27	189	180	1.392
-1.570796	0.864993	2.278281	204	28	18	1.392
-1.832596	1.218453	2.777284	193	82	157	1.392
0.261799	1.948085	-2.363031	20	181	176	1.392
-2.356194	2.664082	-1.071402	197	36	23	1.392
2.356194	1.721184	-0.153948	17	195	208	1.392
0.261799	1.569311	-3.003978	45	165	216	1.364
0.261799	1.554776	0.100351	10	47	151	1.364
2.356194	2.001437	0.381215	222	29	146	1.363
0.000000	1.128190	-2.288622	196	33	188	1.363
-2.879793	1.014500	0.906702	28	169	3	1.363
-1.308997	1.875281	0.107086	194	64	144	1.363
-3.141593	2.104282	-0.813972	2	22	143	1.363
2.094395	2.104282	-0.813972	8	13	143	1.363
-2.879793	2.404280	-0.174044	218	15	141	1.363
2.356194	2.104282	-0.813972	7	16	143	1.363
0.785398	1.662363	0.915448	18	9	157	1.363
0.785398	1.872854	1.543456	19	8	162	1.363
-0.785398	2.863997	0.549740	6	7	143	1.363
-1.047198	2.089241	-0.114193	199	65	141	1.363
-2.879793	2.104282	-0.813972	0	23	143	1.363
-0.523599	2.979456	-1.009304	203	83	141	1.363
0.261799	0.640596	-2.797608	206	23	88	1.363
-1.832596	1.113094	-0.272241	23	196	205	1.363
-3.141593	2.579248	-2.364801	200	71	143	1.363
-0.261799	2.664082	-1.071402	197	76	141	1.363
0.000000	0.929350	-2.910676	206	20	87	1.363
2.617994	2.001437	0.381215	218	29	146	1.363
1.047198	1.488617	1.159546	220	141	181	1.363
0.785398	2.073035	2.027405	43	33	203	1.363
2.617994	2.247462	0.191623	219	23	143	1.363
2.617994	2.033014	2.977192	18	94	178	1.363
0.000000	0.640596	-2.797608	205	25	88	1.363
0.523599	2.456751	-1.503343	31	152	4	1.363
-1.570796	1.875281	0.107086	192	67	144	1.363
0.785398	1.809167	1.213774	18	10	158	1.363
-0.261799	0.640596	-2.797608	204	27	88	1.363
2.094395	1.766067	2.153843	18	93	182	1.363
-2.094395	1.846342	-1.796954	199	65	208	1.363
-3.141593	1.741644	-2.695914	14	96	180	1.363
-2.879793	1.809167	1.213774	216	137	210	1.363
-1.308997	2.104282	-0.813972	216	136	196	1.363
0.000000	0.674054	1.013609	220	148	214	1.363
2.879793	1.732874	-0.951685	209	44	67	1.348
-0.785398	0.960688	-0.577532	15	147	4	1.327
-1.047198	1.194549	-0.801900	9	145	0	1.327
-1.570796	1.683268	0.374177	0	159	0	1.327
-2.094395	1.658653	-2.409879	198	40	23	1.326
1.308997	2.180315	-1.357379	10	20	155	1.326
-2.094395	1.113094	-0.272241	204	28	81	1.326
1.308997	2.863997	0.549740	25	182	180	1.326
0.523599	1.301460	-0.509251	25	152	2	1.326
2.879793	1.617114	-1.572037	9	155	9	1.326
-1.047198	2.881233	-2.582574	20	188	175	1.326
-0.523599	1.367556	0.358405	8	149	4	1.326
2.356194	2.704512	1.488683	26	187	180	1.326
-1.047198	1.417623	-0.202254	202	39	188	1.326
-0.785398	0.674054	1.013609	6	161	6	1.326
-0.785398	1.721184	-0.153948	206	15	75	1.326
-1.047198	1.977582	0.969896	220	156	216	1.326
-2.094395	1.301460	-0.509251	0	157	1	1.326
-2.879793	1.134796	2.434290	221	45	64	1.319
-0.785398	0.297065	2.160177	216	152	211	1.298
1.832596	1.214854	-1.966664	16	89	172	1.297
2.879793	1.448123	-2.163292	203	87	153	1.297
2.356194	2.984978	1.954446	207	141	193	1.297
0.000000	1.448123	-2.163292	30	28	197	1.297
0.785398	0.850607	-1.335383	38	161	221	1.297
-1.308997	1.325504	-1.671296	33	158	5	1.297
1.047198	0.914445	2.687814	219	26	89	1.297
-0.523599	1.872854	1.543456	212	143	198	1.297
1.832596	2.760637	2.781135	14	17	150	1.297
-2.356194	2.456751	-1.503343	215	146	185	1.297
1.570796	0.866395	-2.492918	201	56	37	1.297
-1.570796	1.872854	1.543456	8	17	147	1.297
-2.356194	1.374601	-2.456031	192	80	153	1.297
1.832596	1.870545	-2.976234	196	89	162	1.297
2.094395	2.001437	0.381215	28	193	196	1.297
2.879793	1.310100	1.488307	203	58	42	1.297
-3.141593	1.545873	-1.877082	197	85	154	1.297
-0.785398	0.685216	-1.712745	14	21	171	1.297
0.785398	1.545873	-1.877082	39	157	207	1.297
-3.141593	1.374601	-2.456031	201	87	153	1.297
2.879793	2.587733	0.232235	9	92	169	1.297
-1.832596	1.904882	-1.478089	214	141	192	1.297
-2.356194	0.297065	2.160177	217	41	76	1.282
-2.356194	0.496451	0.593859	188	69	201	1.268
1.047198	1.982574	-1.115518	12	178	166	1.268
0.785398	2.588535	-2.976617	13	173	173	1.268
1.570796	1.982574	-1.115518	18	183	166	1.268
-1.047198	2.295480	1.008277	1	174	169	1.268
1.308997	1.982574	-1.115518	15	180	166	1.268
-1.308997	2.174483	2.653697	185	59	189	1.268
-1.047198	0.619654	-2.216909	193	73	205	1.268
-0.785398	1.756530	-2.105156	213	137	188	1.268
-2.094395	1.184361	0.625864	184	66	189	1.268
-2.094395	0.640596	-2.797608	198	76	202	1.268
-0.261799	2.704512	1.488683	14	177	168	1.268
-2.356194	0.458961	-0.107937	190	77	199	1.268
-1.047198	2.115563	0.685730	0	175	168	1.268
-1.308997	1.135834	-1.431087	189	60	192	1.267
1.308997	2.579248	-2.364801	15	176	170	1.267
1.047198	1.128190	-2.288622	29	185	189	1.261
-2.094395	0.961715	0.014085	8	158	6	1.261
-1.047198	2.407836	1.410646	195	39	27	1.261
2.094395	1.247695	1.809890	28	184	195	1.261
-2.094395	2.724429	-0.348782	196	38	25	1.261
-0.523599	1.574060	2.783565	199	30	25	1.260
1.047198	0.831641	0.616218	15	153	7	1.260
-1.832596	1.948085	-2.363031	200	35	21	1.260
1.308997	2.881233	-2.582574	205	42	19	1.260
2.094395	1.218453	2.777284	29	190	187	1.260
-2.879793	1.135834	-1.431087	0	168	218	1.260
1.832596	1.310100	1.488307	27	182	198	1.260
0.261799	0.674054	1.013609	7	154	5	1.260
2.356194	1.335669	0.897240	25	191	201	1.260
2.356194	1.836682	-0.676006	219	46	67	1.253
1.832596	2.407836	1.410646	28	181	183	1.232
0.523599	2.396274	-1.959260	6	14	149	1.231
1.047198	2.719179	-1.780644	3	20	149	1.231
-0.785398	2.478122	2.609777	17	12	160	1.231
-1.570796	1.545873	-1.877082	221	17	8	1.231
-2.617994	2.393226	1.857173	3	26	154	1.231
-2.094395	1.218453	2.777284	196	86	157	1.231
1.832596	2.456751	-1.503343	23	179	172	1.231
2.617994	1.699788	2.452890	11	19	155	1.231
2.617994	1.977582	0.969896	11	22	164	1.231
-1.570796	2.187132	-0.479875	213	141	196	1.231
-0.261799	2.356369	3.005869	216	12	146	1.231
1.832596	2.579248	-2.364801	29	180	177	1.231
1.832596	1.440580	2.260026	23	191	214	1.231
-1.570796	1.440580	2.260026	193	42	190	1.231
0.261799	1.836682	-0.676006	212	139	209	1.231
2.094395	0.370812	-2.547742	2	39	72	1.217
0.523599	1.113094	-0.272241	12	44	158	1.203
-2.879793	2.115563	0.685730	190	82	146	1.202
1.047198	1.732874	-0.951685	10	48	148	1.202
0.261799	2.115563	0.685730	14	53	147	1.202
1.047198	1.194549	-0.801900	15	47	157	1.202
-2.094395	1.812176	0.656819	185	72	150	1.202
1.308997	1.732874	-0.951685	13	51	148	1.202
-2.356194	1.812176	0.656819	185	77	150	1.202
1.308997	2.104282	-0.813972	30	33	181	1.202
0.523599	1.168678	2.108595	34	30	28	1.202
2.879793	0.866955	-0.931351	17	96	177	1.202
2.094395	1.555207	1.708892	29	186	192	1.195
-2.094395	2.033014	2.977192	216	21	149	1.195
-0.785398	1.504028	0.636812	3	152	1	1.194
-2.094395	0.080730	-2.622036	3	161	3	1.194
1.832596	1.875281	0.107086	24	187	205	1.194
2.356194	1.247695	1.809890	28	188	195	1.194
2.617994	1.440580	2.260026	12	21	162	1.194
-3.141593	2.719179	-1.780644	202	38	20	1.194
0.785398	2.984978	1.954446	204	29	21	1.194
-1.570796	1.367556	0.358405	3	159	3	1.194
1.832596	1.134497	-1.109631	223	42	72	1.187
2.879793	1.433411	-1.035986	208	43	70	1.187
-0.261799	2.251330	-2.330739	17	182	174	1.166
2.879793	1.050534	3.042579	12	92	165	1.166
-1.570796	2.247462	0.191623	220	156	215	1.166
-0.523599	2.187132	-0.479875	5	13	219	1.165
-2.356194	1.367556	0.358405	186	80	156	1.165
1.570796	2.979456	-1.009304	2	23	150	1.165
1.047198	2.153910	-1.714959	9	17	152	1.165
2.617994	0.733948	3.021411	196	48	26	1.165
1.047198	1.617114	-1.572037	39	162	209	1.165
0.785398	1.732874	-0.951685	39	157	213	1.165
-1.308997	2.180315	-1.357379	2	13	6	1.165
-0.785398	2.881233	-2.582574	2	15	147	1.165
-2.094395	1.391910	3.030322	195	84	154	1.165
-1.832596	1.242974	-2.977882	196	43	27	1.165
2.094395	1.699788	2.452890	12	12	155	1.165
1.047198	2.979456	-1.009304	7	19	151	1.165
2.356194	1.391910	3.030322	10	21	156	1.165
-3.141593	0.864993	2.278281	201	46	18	1.165
2.879793	0.733948	3.021411	194	44	26	1.165
-2.617994	2.174483	2.653697	0	22	149	1.165
2.617994	1.135834	-1.431087	28	192	202	1.165
-0.261799	1.045978	0.343692	12	152	7	1.165
2.094395	0.290380	-0.796960	29	191	205	1.165
-0.785398	2.247462	0.191623	192	88	155	1.165
-2.356194	1.218453	2.777284	200	24	23	1.165
2.356194	1.736875	3.023612	8	18	151	1.165
2.879793	0.864993	2.278281	203	48	18	1.165
0.523599	0.906588	1.252948	207	26	17	1.165
-0.261799	2.187132	-0.479875	9	13	219	1.165
-0.785398	1.545873	-1.877082	7	11	8	1.165
-0.523599	1.242974	-2.977882	197	39	192	1.165
-3.141593	0.733948	3.021411	193	39	26	1.165
-2.879793	2.579248	-2.364801	206	34	17	1.165
2.617994	1.335669	0.897240	24	193	203	1.165
-1.832596	1.214854	-1.966664	202	40	19	1.165
-0.261799	2.138223	1.678323	197	30	28	1.165
-2.094395	1.448123	-2.163292	194	39	28	1.165
-1.570796	1.218453	2.777284	197	48	194	1.165
-0.785398	1.448123	-2.163292	216	154	219	1.165
-2.356194	1.836682	-0.676006	220	162	217	1.165
2.094395	1.506530	1.988858	198	82	145	1.136
-2.356194	2.295480	1.008277	187	73	148	1.136
1.047198	2.881233	-2.582574	218	135	210	1.136
1.047198	1.699788	2.452890	206	87	146	1.136
1.308997	1.836682	-0.676006	10	6	145	1.136
2.617994	0.419640	2.974122	191	85	153	1.136
-1.570796	1.135834	-1.431087	186	83	161	1.136
1.570796	1.683268	0.374177	14	22	151	1.136
0.000000	1.450119	-2.739050	218	132	209	1.136
2.094395	1.836682	-0.676006	11	17	145	1.136
-2.356194	2.174483	2.653697	222	22	148	1.136
-1.570796	1.696674	-1.253233	189	82	149	1.136
-2.879793	2.379497	0.561089	193	77	142	1.136
1.047198	1.836682	-0.676006	8	3	145	1.136
0.785398	1.869911	2.701025	198	64	206	1.136
1.570796	1.050534	3.042579	14	10	160	1.136
-0.523599	2.379497	0.561089	3	1	144	1.136
2.617994	2.180315	-1.357379	11	16	145	1.136
-2.617994	1.135834	-1.431087	14	12	217	1.136
0.523599	1.904882	-1.478089	217	148	211	1.136
-0.785398	0.203748	0.590255	188	80	153	1.136
-2.356194	2.138223	1.678323	184	78	156	1.136
0.000000	0.866395	-2.492918	14	22	165	1.136
1.570796	1.736875	3.023612	199	91	156	1.136
0.261799	2.073035	2.027405	207	87	146	1.136
-1.832596	0.961715	0.014085	183	73	161	1.136
-2.617994	1.113094	-0.272241	37	24	32	1.136
1.570796	2.579248	-2.364801	197	69	203	1.136
-2.617994	2.881233	-2.582574	209	145	205	1.136
2.356194	1.606104	-0.451151	10	24	148	1.136
-2.356194	0.733948	3.021411	197	64	200	1.136
-0.261799	2.180315	-1.357379	192	66	144	1.136
0.785398	0.733948	3.021411	185	76	159	1.136
-1.570796	2.343981	-1.040456	198	72	204	1.136
1.047198	1.134497	-1.109631	213	142	200	1.136
-1.832596	2.104282	-0.813972	203	46	13	1.136
-2.617994	1.335669	0.897240	218	130	199	1.136
1.570796	2.115563	0.685730	192	61	198	1.136
1.308997	1.699788	2.452890	198	64	206	1.136
-1.308997	1.617114	-1.572037	185	79	154	1.136
0.523599	1.256302	0.062705	38	27	196	1.136
-0.523599	1.977582	0.969896	10	9	213	1.136
1.308997	0.615174	-0.666022	190	56	192	1.136
1.570796	0.615174	-0.666022	193	52	192	1.136
1.832596	1.135834	-1.431087	195	62	203	1.136
1.570796	1.134497	-1.109631	195	59	202	1.136
-2.094395	1.545873	-1.877082	0	95	194	1.135
1.308997	1.736875	3.023612	196	56	202	1.135
-1.832596	2.984978	1.954446	199	31	18	1.129
-1.047198	2.863997	0.549740	199	33	23	1.128
-1.832596	0.496451	0.593859	219	32	81	1.121
-2.094395	0.906588	1.252948	214	40	77	1.121
2.356194	1.367556	0.358405	18	189	213	1.100
0.261799	2.979456	-1.009304	23	185	177	1.100
-0.785398	0.961715	0.014085	12	153	7	1.099
1.832596	2.138223	1.678323	28	181	185	1.099
0.523599	1.374601	-2.456031	24	177	183	1.099
-2.356194	0.615174	-0.666022	202	43	190	1.099
2.356194	1.683268	0.374177	24	198	200	1.099
-1.308997	1.721184	-0.153948	197	41	185	1.099
-1.832596	2.455966	-0.641220	209	44	79	1.099
1.832596	2.356369	3.005869	1	10	147	1.099
-0.261799	1.413430	2.550734	200	26	28	1.099
-3.141593	2.063651	-2.044600	203	44	21	1.099
2.094395	2.108018	1.311430	30	187	188	1.099
2.879793	1.555207	1.708892	11	24	165	1.099
-1.308997	0.960688	-0.577532	8	148	4	1.099
-0.523599	2.704512	1.488683	197	35	24	1.099
1.832596	1.128190	-2.288622	18	86	172	1.099
-0.523599	2.719179	-1.780644	20	182	176	1.099
-0.785398	1.875281	0.107086	218	136	202	1.099
2.617994	0.615174	-0.666022	7	164	5	1.099
0.785398	0.831641	0.616218	14	153	7	1.099
0.785398	0.080730	-2.622036	2	23	76	1.092
-2.879793	0.960688	-0.577532	206	33	78	1.084
2.617994	2.108018	1.311430	29	193	189	1.070
-1.047198	2.180315	-1.357379	2	14	214	1.070
2.094395	2.592629	0.909713	39	162	206	1.070
-0.785398	0.906588	1.252948	195	75	144	1.070
-2.879793	0.929350	-2.910676	201	89	159	1.070
1.832596	1.998705	2.370472	17	23	167	1.070
2.356194	1.948085	-2.363031	19	18	161	1.070
-0.785398	1.450119	-2.739050	191	42	188	1.070
-1.047198	2.979456	-1.009304	208	82	141	1.070
1.047198	1.195355	1.200319	0	139	179	1.070
1.308997	1.909857	-0.381669	40	164	216	1.070
0.523599	2.404280	-0.174044	1	12	141	1.070
-0.785398	1.909857	-0.381669	196	64	143	1.070
-1.047198	2.664082	-1.071402	202	80	140	1.070
1.832596	2.089241	-0.114193	5	19	143	1.070
1.570796	1.824694	1.850876	17	23	167	1.070
0.000000	2.108018	1.311430	198	87	148	1.070
-2.617994	1.554776	0.100351	197	52	22	1.070
1.832596	2.041297	-2.664597	19	8	162	1.070
0.261799	2.724429	-0.348782	205	77	139	1.070
1.047198	2.664082	-1.071402	36	166	202	1.070
-0.785398	2.104282	-0.813972	195	70	142	1.070
-0.523599	1.310100	1.488307	202	76	141	1.070
1.047198	2.478122	2.609777	17	4	157	1.070
2.356194	1.658653	-2.409879	19	18	167	1.070
-3.141593	1.599406	1.426070	198	57	36	1.070
0.261799	1.128190	-2.288622	10	26	172	1.070
-1.832596	0.914445	2.687814	8	158	13	1.070
-1.308997	2.001437	0.381215	38	169	221	1.070
0.000000	1.433411	-1.035986	195	67	206	1.070
-1.308997	1.824694	1.850876	41	167	214	1.070
0.261799	0.929350	-2.910676	14	22	160	1.070
-1.832596	2.587733	0.232235	190	78	156	1.070
2.617994	1.824694	1.850876	39	167	209	1.070
2.617994	2.153910	-1.714959	201	85	149	1.070
-2.617994	0.961715	0.014085	18	16	213	1.070
-3.141593	1.510910	-0.740472	219	140	210	1.070
-1.308997	0.914445	2.687814	8	155	13	1.070
-2.356194	0.762244	-0.273349	189	87	165	1.070
2.879793	2.404280	-0.174044	219	16	141	1.070
1.308997	1.824694	1.850876	19	18	167	1.070
-1.832596	1.683268	0.374177	214	154	208	1.070
1.832596	2.587733	0.232235	39	165	207	1.070
0.785398	2.407836	1.410646	5	133	190	1.069
-0.261799	2.587733	0.232235	223	133	192	1.069
1.570796	0.640596	-2.797608	28	189	195	1.062
2.356194	0.080730	-2.622036	222	39	76	1.055
-2.356194	0.866955	-0.931351	1	156	1	1.034
2.879793	1.025536	1.576859	25	196	200	1.034
2.617994	1.310100	1.488307	27	192	197	1.033
-1.308997	1.113094	-0.272241	7	150	4	1.033
-2.617994	1.050534	3.042579	207	54	31	1.033
2.879793	1.869911	2.701025	6	22	152	1.033
0.523599	1.732874	-0.951685	28	181	192	1.033
-2.356194	1.658653	-2.409879	199	43	23	1.033
-3.141593	1.872854	1.543456	7	27	163	1.033
-2.356194	2.356369	3.005869	221	18	147	1.033
2.094395	1.599406	1.426070	29	186	194	1.033
-3.141593	1.391910	3.030322	216	53	26	1.033
0.000000	1.367556	0.358405	14	147	4	1.033
0.785398	2.104282	-0.813972	29	185	188	1.033
2.094395	1.301460	-0.509251	14	193	211	1.033
-2.617994	1.391910	3.030322	208	53	26	1.033
-2.094395	2.863997	0.549740	200	46	24	1.033
1.308997	1.696674	-1.253233	28	195	189	1.033
0.523599	1.014500	0.906702	211	19	81	1.033
0.785398	0.458961	-0.107937	14	163	7	1.033
-2.094395	0.379747	-1.713059	195	42	31	1.033
2.617994	0.961715	0.014085	9	187	216	1.033
-0.785398	1.184361	0.625864	5	155	5	1.033
0.785398	0.418037	1.360082	7	151	4	1.032
2.094395	1.510910	-0.740472	221	43	71	1.026
2.617994	0.906588	1.252948	10	64	146	1.004
1.308997	1.134796	2.434290	9	28	151	1.004
-0.523599	1.699788	2.452890	14	93	172	1.004
1.570796	1.448123	-2.163292	18	84	167	1.004
-1.047198	1.247695	1.809890	10	23	153	1.004
-0.261799	0.290380	-0.796960	32	159	3	1.004
0.000000	2.356369	3.005869	217	11	146	1.004
1.570796	0.709924	0.218797	26	184	188	1.004
2.094395	2.404280	-0.174044	223	17	142	1.004
-1.832596	2.115563	0.685730	39	160	222	1.004
2.879793	0.297065	2.160177	34	164	1	1.004
0.261799	2.180315	-1.357379	198	54	27	1.004
-2.356194	2.343981	-1.040456	212	39	84	1.004
1.570796	2.299159	2.264663	17	19	159	1.004
1.047198	1.658653	-2.409879	10	11	152	1.004
0.261799	1.450119	-2.739050	14	23	167	1.004
1.047198	0.618092	2.539118	11	21	151	1.004
2.094395	0.297065	2.160177	6	27	153	1.004
-3.141593	1.756530	-2.105156	199	85	151	1.004
-2.879793	2.343981	-1.040456	218	38	84	1.004
-0.261799	0.370812	-2.547742	16	18	161	1.004
2.094395	0.831641	0.616218	213	146	199	1.004
2.879793	2.138223	1.678323	36	169	206	1.004
-0.785398	2.174483	2.653697	16	10	157	1.004
1.308997	1.433411	-1.035986	30	175	184	1.004
2.879793	1.599406	1.426070	203	59	36	1.004
-1.047198	2.478122	2.609777	215	18	147	1.004
-1.570796	0.379747	-1.713059	6	10	146	1.004
1.308997	1.683268	0.374177	37	156	221	1.004
-2.879793	1.374601	-2.456031	198	86	153	1.004
-0.785398	1.599406	1.426070	211	146	202	1.004
1.832596	2.588535	-2.976617	203	72	145	1.004
-0.523599	2.579248	-2.364801	19	186	173	1.004
-1.570796	2.760637	2.781135	1	18	148	1.004
0.000000	0.914445	2.687814	214	22	89	1.004
0.000000	0.370812	-2.547742	14	22	161	1.004
2.356194	1.025536	1.576859	189	44	182	1.004
-2.617994	2.379497	0.561089	199	37	15	1.004
-1.570796	1.909857	-0.381669	213	142	201	1.004
0.261799	1.904882	-1.478089	36	151	206	1.004
-0.261799	0.615174	-0.666022	4	139	222	1.004
1.047198	1.325504	-1.671296	40	162	212	1.004
1.047198	0.960688	-0.577532	195	34	188	1.004
-0.785398	2.108018	1.311430	211	146	196	1.004
-1.308997	1.448123	-2.163292	223	15	7	1.004
-0.523599	1.662363	0.915448	215	140	205	1.004
-1.308997	1.506530	1.988858	196	43	33	0.996
-1.047198	0.496451	0.593859	215	33	81	0.989
2.879793	0.619654	-2.216909	26	186	217	0.975
-1.308997	2.089241	-0.114193	208	44	20	0.975
1.570796	2.174483	2.653697	34	183	201	0.975
-1.308997	1.982574	-1.115518	198	43	15	0.975
2.879793	1.662363	0.915448	210	45	21	0.975
-1.047198	1.982574	-1.115518	197	39	15	0.975
1.047198	1.134796	2.434290	36	160	8	0.975
-0.261799	1.982574	-1.115518	200	28	15	0.975
-0.523599	1.545873	-1.877082	205	49	21	0.975
1.047198	1.247695	1.809890	42	164	2	0.975
0.000000	1.545873	-1.877082	201	44	21	0.975
-2.356194	1.662363	0.915448	205	40	21	0.975
-0.523599	2.089241	-0.114193	205	40	20	0.975
-0.785398	1.982574	-1.115518	197	35	15	0.975
1.047198	1.184361	0.625864	34	182	201	0.975
-0.261799	1.545873	-1.877082	203	47	21	0.975
1.832596	2.174483	2.653697	33	189	201	0.975
0.261799	1.545873	-1.877082	200	41	21	0.975
0.000000	2.719179	-1.780644	203	38	15	0.975
-1.308997	1.417623	-0.202254	200	41	188	0.968
0.000000	0.496451	0.593859	10	160	7	0.967
0.523599	2.343981	-1.040456	27	183	183	0.967
-1.570796	1.256302	0.062705	4	156	4	0.967
-1.047198	1.301460	-0.509251	8	146	1	0.967
2.879793	1.766067	2.153843	10	23	159	0.967
-1.308997	1.184361	0.625864	204	29	81	0.967
-1.570796	1.998705	2.370472	200	46	24	0.967
-3.141593	0.571433	-1.188419	3	164	2	0.967
1.832596	1.247695	1.809890	28	182	195	0.967
1.047198	2.089241	-0.114193	8	23	67	0.960
2.879793	1.450119	-2.739050	215	52	26	0.960
-0.523599	1.741644	-2.695914	192	36	182	0.938
-1.832596	1.766067	2.153843	189	46	183	0.938
-2.617994	0.866395	-2.492918	194	85	162	0.938
-3.141593	2.343981	-1.040456	196	84	153	0.938
1.832596	0.290380	-0.796960	30	187	205	0.938
-0.261799	2.478122	2.609777	198	73	146	0.938
-1.570796	1.756530	-2.105156	199	29	24	0.938
-2.617994	1.741644	-2.695914	199	82	148	0.938
-0.523599	0.591903	2.010408	210	23	19	0.938
0.000000	2.393226	1.857173	199	28	24	0.938
-2.094395	1.504028	0.636812	205	38	78	0.938
-2.879793	2.724429	-0.348782	196	84	153	0.938
1.308997	1.440580	2.260026	27	183	213	0.938
1.832596	0.929350	-2.910676	201	56	32	0.938
2.617994	1.606104	-0.451151	214	43	75	0.938
2.617994	1.904882	-1.478089	213	30	87	0.938
-1.570796	1.736875	3.023612	194	77	149	0.938
0.785398	2.180315	-1.357379	12	13	155	0.938
-0.785398	1.696674	-1.253233	4	13	219	0.938
2.617994	1.574060	2.783565	194	40	24	0.938
-2.356194	2.863997	0.549740	203	50	24	0.938
0.261799	2.579248	-2.364801	1	15	146	0.938
-0.785398	2.379497	0.561089	214	140	195	0.938
0.785398	1.214854	-1.966664	39	156	211	0.938
2.094395	2.073035	2.027405	28	183	183	0.938
1.570796	2.724429	-0.348782	27	194	181	0.938
0.000000	1.168678	2.108595	218	135	199	0.938
-0.785398	1.440580	2.260026	203	32	190	0.938
1.570796	1.872854	1.543456	218	145	180	0.937
-1.832596	0.458961	-0.107937	3	44	62	0.923
2.617994	1.301460	-0.509251	10	32	156	0.909
-0.523599	2.001437	0.381215	13	10	221	0.909
-2.356194	2.115563	0.685730	42	167	207	0.909
2.617994	2.863997	0.549740	194	76	141	0.909
1.570796	2.393226	1.857173	23	87	165	0.909
2.356194	0.615174	-0.666022	28	194	208	0.909
-1.832596	1.736875	3.023612	2	152	223	0.909
-2.356194	2.407836	1.410646	186	74	149	0.909
-2.356194	2.704512	1.488683	188	72	146	0.909
-0.523599	0.864993	2.278281	12	16	156	0.909
-1.047198	2.001437	0.381215	205	21	17	0.909
-0.523599	2.180315	-1.357379	191	69	143	0.909
-3.141593	1.812176	0.656819	194	89	149	0.909
-3.141593	2.592629	0.909713	4	54	31	0.909
2.617994	2.588535	-2.976617	14	27	154	0.909
-2.617994	2.407836	1.410646	187	79	149	0.909
-0.261799	1.310100	1.488307	39	172	222	0.909
-3.141593	0.850607	-1.335383	15	96	181	0.909
0.000000	1.756530	-2.105156	21	15	4	0.908
0.523599	0.458961	-0.107937	16	162	7	0.901
-2.356194	1.756530	-2.105156	198	41	24	0.901
-0.785398	2.592629	0.909713	197	32	26	0.901
2.094395	0.709924	0.218797	14	159	7	0.901
-2.094395	0.418037	1.360082	220	38	78	0.894
1.570796	0.866955	-0.931351	222	39	76	0.894
2.879793	0.831641	0.616218	220	30	81	0.894
1.308997	2.001437	0.381215	7	23	69	0.894
1.832596	0.618092	2.539118	28	183	197	0.872
2.356194	1.766067	2.153843	29	190	184	0.872
-1.570796	1.870545	-2.976234	202	38	19	0.872
2.356194	2.979456	-1.009304	207	49	21	0.872
2.617994	1.599406	1.426070	12	20	167	0.872
-2.879793	1.948085	-2.363031	198	80	148	0.872
2.356194	2.587733	0.232235	8	24	157	0.872
-2.356194	1.450119	-2.739050	200	47	24	0.872
-0.523599	2.138223	1.678323	195	32	28	0.872
-2.356194	1.391910	3.030322	198	86	154	0.872
2.356194	1.998705	2.370472	10	14	153	0.872
0.785398	1.413347	-1.339188	30	185	193	0.872
-2.356194	2.455966	-0.641220	191	77	154	0.872
-2.356194	2.404280	-0.174044	192	81	157	0.872
-1.570796	1.113094	-0.272241	7	152	5	0.872
-1.308997	1.391910	3.030322	194	47	191	0.872
-1.570796	0.961715	0.014085	8	155	7	0.872
-0.785398	1.374601	-2.456031	2	13	7	0.872
-1.308997	1.574060	2.783565	192	44	188	0.872
-2.094395	1.756530	-2.105156	196	37	25	0.872
-0.261799	1.195355	1.200319	2	150	1	0.871
-0.261799	0.571433	-1.188419	1	20	76	0.864
2.617994	1.194549	-0.801900	212	42	74	0.857
2.094395	1.335669	0.897240	14	97	176	0.843
0.000000	2.033014	2.977192	23	84	170	0.843
1.570796	1.696674	-1.253233	16	53	151	0.843
-3.141593	1.433411	-1.035986	5	33	155	0.843
2.617994	2.587733	0.232235	38	147	216	0.843
1.832596	2.396274	-1.959260	14	53	148	0.843
-2.356194	2.108018	1.311430	38	156	200	0.843
0.785398	1.909857	-0.381669	39	155	217	0.843
1.047198	0.080730	-2.622036	35	157	0	0.843
-0.523599	0.960688	-0.577532	206	25	193	0.843
-2.879793	2.407836	1.410646	189	83	150	0.843
2.356194	0.297065	2.160177	36	158	223	0.843
-0.523599	1.658653	-2.409879	39	155	0	0.843
-1.047198	0.203748	0.590255	0	134	214	0.843
-0.261799	1.506530	1.988858	211	75	141	0.843
0.785398	2.247462	0.191623	8	13	143	0.843
1.570796	1.504028	0.636812	16	25	158	0.843
-0.261799	1.732874	-0.951685	0	26	146	0.843
-3.141593	1.554776	0.100351	203	57	23	0.843
-0.785398	1.310100	1.488307	212	148	206	0.843
-0.261799	1.510910	-0.740472	2	21	144	0.843
-1.308997	2.396274	-1.959260	190	82	147	0.843
-2.879793	1.569311	-3.003978	203	85	149	0.843
1.047198	1.683268	0.374177	16	13	151	0.843
1.570796	0.864993	2.278281	4	22	146	0.843
2.617994	2.592629	0.909713	11	21	157	0.843
-0.785398	2.456751	-1.503343	192	76	143	0.843
2.617994	1.756530	-2.105156	204	87	151	0.843
-1.832596	0.674054	1.013609	13	10	216	0.843
-2.617994	1.809167	1.213774	185	81	157	0.843
0.523599	1.812176	0.656819	15	5	152	0.843
0.261799	2.063651	-2.044600	35	161	5	0.843
1.570796	2.478122	2.609777	19	15	157	0.843
0.000000	0.866955	-0.931351	221	128	201	0.843
0.261799	0.619654	-2.216909	34	148	218	0.843
-2.879793	1.824694	1.850876	195	54	37	0.843
0.785398	1.977582	0.969896	18	11	155	0.843
0.523599	1.506530	1.988858	39	31	213	0.843
-2.617994	1.256302	0.062705	189	87	155	0.843
0.785398	1.998705	2.370472	41	30	206	0.843
-1.570796	1.214854	-1.966664	34	150	2	0.843
2.356194	1.904882	-1.478089	15	15	150	0.843
1.308997	2.174483	2.653697	199	89	153	0.843
2.356194	2.407836	1.410646	223	13	212	0.843
-3.141593	2.033014	2.977192	209	141	195	0.843
-2.356194	0.203748	0.590255	31	157	3	0.843
-2.879793	1.184361	0.625864	40	163	202	0.843
1.308997	0.864993	2.278281	6	20	146	0.843
1.047198	2.407836	1.410646	17	17	153	0.843
-2.356194	2.041297	-2.664597	3	96	193	0.843
0.785398	2.356369	3.005869	18	11	217	0.843
1.832596	2.478122	2.609777	18	20	157	0.843
-1.832596	2.299159	2.264663	34	28	192	0.843
1.570796	1.433411	-1.035986	33	180	181	0.843
1.832596	1.504028	0.636812	19	93	170	0.843
0.523599	0.591903	2.010408	22	17	223	0.843
2.879793	0.961715	0.014085	10	97	195	0.843
-3.141593	1.168678	2.108595	4	170	8	0.843
-3.141593	2.478122	2.609777	8	96	188	0.842
-2.617994	2.349581	-2.702517	8	96	188	0.842
2.094395	1.195355	1.200319	25	186	202	0.835
2.356194	0.709924	0.218797	15	159	7	0.835
-1.570796	1.045978	0.343692	207	28	82	0.835
1.308997	0.709924	0.218797	15	158	7	0.835
2.094395	1.683268	0.374177	22	187	209	0.807
-0.261799	2.719179	-1.780644	22	185	177	0.806
0.000000	2.153910	-1.714959	22	179	179	0.806
-3.141593	2.251330	-2.330739	222	161	2	0.806
-2.617994	0.418037	1.360082	17	186	214	0.806
0.785398	2.187132	-0.479875	29	182	189	0.806
0.000000	2.704512	1.488683	200	28	24	0.806
1.047198	0.379747	-1.713059	204	46	18	0.806
-1.308997	1.134796	2.434290	199	42	194	0.806
-1.047198	2.704512	1.488683	194	76	150	0.806
1.832596	1.391910	3.030322	13	13	157	0.806
0.000000	1.256302	0.062705	16	148	5	0.806
-1.308997	2.637879	2.121598	204	47	21	0.806
-3.141593	1.242974	-2.977882	213	54	27	0.806
-1.047198	0.960688	-0.577532	12	147	4	0.806
0.785398	2.724429	-0.348782	26	182	181	0.806
0.261799	1.113094	-0.272241	21	152	5	0.806
-2.356194	0.379747	-1.713059	0	157	1	0.805
-2.094395	1.510910	-0.740472	221	157	220	0.805
2.356194	1.554776	0.100351	17	191	211	0.805
2.617994	1.391910	3.030322	17	223	187	0.777
1.570796	1.168678	2.108595	25	196	209	0.777
1.047198	1.510910	-0.740472	39	162	219	0.777
2.617994	1.554776	0.100351	1	32	152	0.777
1.832596	1.812176	0.656819	39	160	219	0.777
-1.047198	2.724429	-0.348782	214	159	206	0.777
2.356194	1.218453	2.777284	39	167	209	0.777
0.523599	0.899350	-2.069907	37	151	215	0.777
2.094395	2.579248	-2.364801	202	77	144	0.777
0.261799	0.496451	0.593859	199	80	144	0.777
-2.617994	2.033014	2.977192	221	21	147	0.777
-1.308997	1.554776	0.100351	195	26	22	0.777
1.047198	1.909857	-0.381669	40	159	216	0.777
0.785398	1.310100	1.488307	18	10	172	0.777
2.356194	1.113094	-0.272241	37	177	210	0.777
-1.308997	1.872854	1.543456	40	168	216	0.777
1.047198	1.766067	2.153843	203	84	144	0.777
-2.879793	1.335669	0.897240	209	28	84	0.777
2.356194	1.135813	-2.658866	188	81	164	0.777
0.785398	1.413430	2.550734	14	11	8	0.777
-1.308997	0.866955	-0.931351	26	200	199	0.777
-0.261799	0.685216	-1.712745	194	37	189	0.777
-3.141593	2.404280	-0.174044	218	16	141	0.777
-1.047198	1.699788	2.452890	195	34	186	0.777
0.261799	1.218453	2.777284	8	10	10	0.777
1.570796	1.699788	2.452890	203	51	20	0.777
-3.141593	2.379497	0.561089	209	20	144	0.777
-1.832596	2.180315	-1.357379	198	86	145	0.777
-3.141593	2.587733	0.232235	5	93	169	0.777
-1.570796	0.290380	-0.796960	25	152	2	0.777
0.000000	1.569311	-3.003978	207	10	79	0.777
-0.261799	2.379497	0.561089	4	4	144	0.777
0.523599	1.846342	-1.796954	37	156	204	0.777
0.261799	0.733948	3.021411	15	17	155	0.777
0.523599	1.218453	2.777284	12	10	10	0.777
0.261799	0.914445	2.687814	17	151	13	0.777
2.879793	0.674054	1.013609	31	161	4	0.777
2.094395	1.417623	-0.202254	213	137	199	0.777
-0.785398	1.510910	-0.740472	212	138	186	0.777
0.785398	1.168678	2.108595	27	185	209	0.777
1.832596	0.080730	-2.622036	0	138	216	0.777
-0.785398	0.762244	-0.273349	223	140	218	0.777
-1.047198	1.824694	1.850876	189	76	158	0.777
2.617994	1.617114	-1.572037	216	134	201	0.777
1.308997	1.184361	0.625864	19	18	164	0.777
0.261799	1.367556	0.358405	18	90	166	0.777
-1.047198	1.488617	1.159546	212	150	206	0.776
-0.261799	1.242974	-2.977882	5	11	7	0.776
-1.308997	0.700570	1.559208	223	136	214	0.776
2.617994	0.866395	-2.492918	220	46	65	0.762
-2.617994	1.325504	-1.671296	1	80	218	0.748
-0.523599	2.299159	2.264663	221	126	196	0.748
-0.261799	2.407836	1.410646	9	44	150	0.748
2.356194	2.588535	-2.976617	15	38	52	0.748
0.523599	2.041297	-2.664597	4	125	198	0.748
0.261799	0.203748	0.590255	1	54	147	0.748
0.785398	1.247695	1.809890	10	32	61	0.748
-2.617994	0.619654	-2.216909	4	55	55	0.748
-1.832596	2.396274	-1.959260	220	140	186	0.748
0.523599	2.001437	0.381215	27	165	178	0.748
2.356194	0.496451	0.593859	0	60	51	0.748
-1.832596	0.297065	2.160177	0	51	149	0.748
-1.832596	2.456751	-1.503343	2	49	51	0.748
-0.261799	0.297065	2.160177	9	13	149	0.748
0.261799	2.174483	2.653697	14	6	222	0.748
-1.570796	0.700570	1.559208	217	138	201	0.748
2.617994	1.184361	0.625864	221	64	39	0.748
0.000000	2.587733	0.232235	4	132	208	0.748
1.308997	1.809167	1.213774	216	141	185	0.748
-2.356194	1.545873	-1.877082	216	138	189	0.748
-1.832596	0.619654	-2.216909	217	56	55	0.748
2.617994	0.960688	-0.577532	10	32	62	0.748
0.785398	2.349581	-2.702517	18	10	215	0.748
-0.785398	0.831641	0.616218	221	137	214	0.748
0.000000	2.174483	2.653697	13	8	223	0.748
1.570796	1.809167	1.213774	218	138	185	0.748
-0.785398	0.910508	1.903534	217	141	214	0.748
2.356194	0.458961	-0.107937	8	58	49	0.748
-1.832596	1.809167	1.213774	185	77	160	0.748
0.785398	1.367556	0.358405	19	6	155	0.748
2.356194	1.134497	-1.109631	31	18	32	0.748
-0.261799	1.977582	0.969896	3	44	57	0.748
2.094395	2.041297	-2.664597	35	172	193	0.748
-1.308997	1.555207	1.708892	212	132	206	0.748
1.308997	1.658653	-2.409879	27	14	2	0.748
-0.261799	1.554776	0.100351	10	61	150	0.748
-0.261799	1.599406	1.426070	215	143	209	0.748
1.047198	0.615174	-0.666022	25	16	3	0.748
0.523599	1.134497	-1.109631	189	78	157	0.748
-2.356194	1.134497	-1.109631	1	54	42	0.748
-2.094395	1.168678	2.108595	215	141	202	0.748
-3.141593	1.325504	-1.671296	221	134	205	0.748
-2.617994	1.214854	-1.966664	0	63	44	0.748
0.523599	2.115563	0.685730	15	7	146	0.748
0.000000	1.504028	0.636812	12	43	156	0.748
-2.356194	0.992645	-1.723759	212	140	193	0.748
-2.094395	0.615174	-0.666022	187	86	167	0.748
-2.617994	2.001437	0.381215	189	79	144	0.748
0.523599	0.370812	-2.547742	217	142	219	0.748
-2.356194	1.504028	0.636812	222	128	198	0.748
2.094395	1.184361	0.625864	8	61	39	0.748
-3.141593	0.762244	-0.273349	7	8	148	0.748
-0.261799	1.574060	2.783565	194	85	159	0.748
-2.356194	0.850607	-1.335383	213	136	199	0.748
-2.879793	1.683268	0.374177	190	87	149	0.748
1.308997	2.349581	-2.702517	28	16	215	0.748
0.261799	2.164094	-2.991358	26	11	33	0.748
2.879793	2.579248	-2.364801	14	23	148	0.748
-1.832596	1.824694	1.850876	186	80	159	0.748
1.308997	2.637879	2.121598	32	174	183	0.748
-1.570796	0.960688	-0.577532	208	145	199	0.748
0.523599	2.592629	0.909713	208	152	197	0.748
1.832596	0.203748	0.590255	6	14	147	0.748
2.879793	1.982574	-1.115518	10	23	144	0.748
-1.570796	1.504028	0.636812	208	136	194	0.748
-2.617994	2.115563	0.685730	187	78	145	0.748
-3.141593	1.982574	-1.115518	7	26	144	0.748
2.617994	1.545873	-1.877082	33	180	193	0.748
1.047198	1.025536	1.576859	219	143	214	0.748
1.308997	2.108018	1.311430	14	26	56	0.748
-2.617994	2.295480	1.008277	186	77	146	0.748
0.785398	1.433411	-1.035986	216	148	186	0.748
0.523599	2.724429	-0.348782	194	59	198	0.748
0.000000	1.391910	3.030322	192	81	154	0.748
1.308997	1.301460	-0.509251	37	21	31	0.748
-2.617994	0.674054	1.013609	218	130	195	0.748
-1.832596	2.108018	1.311430	186	77	154	0.748
2.617994	1.982574	-1.115518	12	19	144	0.748
-2.094395	0.910508	1.903534	215	142	202	0.748
-2.094395	2.343981	-1.040456	200	80	201	0.748
-1.832596	0.906588	1.252948	210	139	211	0.748
1.308997	0.297065	2.160177	201	67	206	0.748
-1.047198	0.700570	1.559208	199	60	205	0.748
-1.832596	2.393226	1.857173	183	68	152	0.748
-3.141593	1.736875	3.023612	205	148	198	0.748
-1.832596	0.700570	1.559208	215	141	201	0.748
2.879793	2.041297	-2.664597	202	80	145	0.748
0.523599	1.440580	2.260026	200	74	204	0.748
-2.617994	0.831641	0.616218	215	133	192	0.748
-1.832596	1.599406	1.426070	206	140	202	0.748
-0.261799	2.393226	1.857173	12	7	214	0.748
-0.785398	1.998705	2.370472	215	129	203	0.748
0.785398	2.041297	-2.664597	14	6	221	0.748
2.356194	2.041297	-2.664597	34	178	193	0.748
-3.141593	1.555207	1.708892	193	80	155	0.748
0.261799	0.571433	-1.188419	3	8	8	0.748
1.832596	1.050534	3.042579	1	13	2	0.748
2.879793	1.374601	-2.456031	202	88	153	0.748
-0.785398	1.168678	2.108595	214	139	210	0.748
-0.261799	1.135834	-1.431087	199	69	203	0.748
2.879793	1.574060	2.783565	28	10	27	0.748
-2.617994	2.592629	0.909713	189	72	143	0.748
2.094395	1.488617	1.159546	6	62	40	0.748
-0.523599	1.875281	0.107086	188	74	186	0.748
-2.879793	0.458961	-0.107937	193	56	195	0.748
-0.523599	1.998705	2.370472	220	127	203	0.748
1.570796	1.741644	-2.695914	30	167	188	0.748
1.570796	1.545873	-1.877082	215	142	208	0.748
-2.094395	0.762244	-0.273349	194	73	149	0.748
-2.356194	1.766067	2.153843	185	82	167	0.748
-1.570796	2.299159	2.264663	185	58	185	0.748
1.832596	1.488617	1.159546	11	59	40	0.748
1.047198	1.756530	-2.105156	21	10	220	0.748
-0.785398	1.247695	1.809890	214	138	209	0.748
-2.094395	1.872854	1.543456	181	72	159	0.748
0.523599	2.295480	1.008277	16	9	147	0.748
-0.785398	0.914445	2.687814	194	57	200	0.748
1.570796	1.450119	-2.739050	31	167	194	0.748
-2.879793	0.370812	-2.547742	10	14	214	0.748
1.570796	2.164094	-2.991358	27	167	183	0.748
-2.094395	0.864993	2.278281	217	140	205	0.748
0.785398	1.025536	1.576859	218	145	214	0.748
-2.356194	0.709924	0.218797	217	137	192	0.748
2.879793	1.658653	-2.409879	29	186	198	0.748
0.523599	0.080730	-2.622036	195	64	207	0.748
-2.617994	2.041297	-2.664597	220	64	37	0.748
1.308997	1.545873	-1.877082	26	13	221	0.748
0.000000	1.736875	3.023612	192	82	157	0.748
-0.523599	1.218453	2.777284	197	57	203	0.748
1.832596	0.910508	1.903534	7	66	143	0.748
2.879793	0.866395	-2.492918	10	23	56	0.748
-1.308997	1.413430	2.550734	209	147	204	0.748
0.000000	2.299159	2.264663	18	9	219	0.748
2.094395	0.591903	2.010408	204	72	209	0.748
1.570796	2.033014	2.977192	29	166	186	0.748
1.047198	1.872854	1.543456	35	172	193	0.748
2.879793	0.762244	-0.273349	220	133	204	0.748
0.000000	1.374601	-2.456031	4	9	222	0.748
1.308997	2.704512	1.488683	13	22	146	0.748
-0.785398	2.349581	-2.702517	183	67	153	0.748
-1.832596	1.662363	0.915448	185	76	162	0.748
1.308997	0.961715	0.014085	35	171	195	0.748
-1.047198	0.640596	-2.797608	194	61	202	0.748
-1.308997	0.458961	-0.107937	209	139	210	0.747
-1.308997	2.164094	-2.991358	216	140	204	0.747
-1.832596	1.014500	0.906702	207	140	206	0.747
2.879793	1.135834	-1.431087	219	131	195	0.747
-1.047198	1.506530	1.988858	6	14	221	0.747
-2.094395	0.709924	0.218797	220	135	192	0.747
-0.785398	0.496451	0.593859	0	129	212	0.747
1.047198	0.297065	2.160177	202	68	206	0.747
-0.785398	0.640596	-2.797608	195	58	202	0.747
-1.832596	2.637879	2.121598	184	70	149	0.747
-1.047198	2.041297	-2.664597	181	72	159	0.747
1.832596	1.168678	2.108595	219	135	202	0.747
-1.832596	1.488617	1.159546	206	140	201	0.747
0.785398	0.370812	-2.547742	199	56	208	0.747
-1.570796	2.138223	1.678323	208	136	195	0.747
-1.047198	0.850607	-1.335383	193	54	197	0.747
0.261799	1.574060	2.783565	215	155	214	0.747
0.523599	1.574060	2.783565	215	148	211	0.747
-2.094395	1.367556	0.358405	0	132	196	0.747
-1.308997	1.488617	1.159546	213	130	201	0.747
-0.523599	0.762244	-0.273349	0	134	212	0.747
-1.308997	2.455966	-0.641220	216	158	212	0.747
-2.094395	1.014500	0.906702	186	61	195	0.747
-1.047198	1.214854	-1.966664	182	76	166	0.747
-1.047198	1.135834	-1.431087	181	73	161	0.747
0.785398	1.242974	-2.977882	207	146	204	0.747
1.570796	2.251330	-2.330739	29	18	214	0.747
1.047198	2.587733	0.232235	196	60	201	0.747
-2.617994	1.413347	-1.339188	191	69	191	0.747
-1.308997	0.640596	-2.797608	194	65	202	0.747
-0.785398	1.766067	2.153843	222	9	5	0.747
-2.094395	1.699788	2.452890	215	142	202	0.747
-0.261799	2.108018	1.311430	15	8	214	0.747
-1.570796	1.247695	1.809890	192	53	201	0.747
0.523599	1.025536	1.576859	198	63	203	0.747
-2.094395	2.174483	2.653697	213	145	193	0.747
-1.047198	0.992645	-1.723759	191	55	194	0.747
1.308997	2.393226	1.857173	33	176	186	0.747
-2.094395	1.413430	2.550734	216	142	205	0.747
1.570796	1.721184	-0.153948	189	61	195	0.747
-0.261799	2.404280	-0.174044	205	150	201	0.747
-1.832596	2.343981	-1.040456	196	78	201	0.747
-2.094395	0.674054	1.013609	189	59	201	0.747
-0.523599	2.587733	0.232235	192	76	192	0.747
-1.047198	1.184361	0.625864	216	128	200	0.747
2.879793	0.992645	-1.723759	217	135	200	0.747
-1.047198	1.325504	-1.671296	181	75	160	0.747
1.832596	0.370812	-2.547742	199	61	199	0.747
1.832596	0.297065	2.160177	200	69	209	0.747
0.785398	0.700570	1.559208	195	64	201	0.747
-2.094395	0.831641	0.616218	0	129	192	0.747
-1.047198	0.906588	1.252948	217	141	214	0.747
0.785398	1.699788	2.452890	220	147	214	0.747
0.785398	2.295480	1.008277	212	145	199	0.747
0.261799	1.448123	-2.163292	10	9	220	0.747
-1.570796	1.662363	0.915448	185	71	162	0.747
2.094395	1.194549	-0.801900	214	136	201	0.747
-3.141593	1.134497	-1.109631	189	63	191	0.747
1.570796	1.875281	0.107086	190	60	197	0.747
-1.832596	1.545873	-1.877082	186	79	156	0.747
-1.570796	1.812176	0.656819	185	70	159	0.747
2.094395	1.450119	-2.739050	194	60	197	0.747
-0.261799	0.866395	-2.492918	213	140	210	0.747
0.523599	1.135834	-1.431087	12	8	223	0.747
0.261799	2.592629	0.909713	210	157	197	0.747
2.094395	0.762244	-0.273349	219	134	196	0.747
0.000000	1.050534	3.042579	219	139	214	0.747
1.570796	0.700570	1.559208	218	140	212	0.747
1.047198	2.001437	0.381215	191	68	198	0.747
-0.261799	1.218453	2.777284	199	55	203	0.747
-1.047198	1.242974	-2.977882	192	63	204	0.747
-1.832596	2.664082	-1.071402	215	157	212	0.747
-0.523599	0.700570	1.559208	222	141	216	0.747
1.047198	1.696674	-1.253233	8	14	0	0.747
-2.617994	0.203748	0.590255	212	138	189	0.747
-0.785398	2.404280	-0.174044	193	75	196	0.747
0.785398	2.404280	-0.174044	192	59	195	0.747
-0.785398	1.824694	1.850876	220	127	203	0.747
-3.141593	1.869911	2.701025	197	54	196	0.747
0.523599	2.587733	0.232235	196	66	201	0.747
0.000000	1.809167	1.213774	192	70	194	0.747
-0.785398	1.506530	1.988858	199	51	200	0.747
1.570796	1.301460	-0.509251	193	58	194	0.747
2.094395	1.310100	1.488307	199	54	197	0.747
-2.094395	1.413347	-1.339188	217	133	198	0.747
1.570796	1.948085	-2.363031	196	47	192	0.747
-0.261799	2.396274	-1.959260	217	138	200	0.747
-2.094395	1.617114	-1.572037	218	133	194	0.747
2.356194	1.184361	0.625864	22	191	204	0.740
-1.570796	0.571433	-1.188419	203	38	189	0.740
0.523599	1.617114	-1.572037	28	182	187	0.740
2.094395	2.295480	1.008277	29	190	188	0.740
2.356194	0.960688	-0.577532	212	38	80	0.740
-0.261799	2.073035	2.027405	198	29	26	0.740
1.047198	1.256302	0.062705	24	155	5	0.740
2.356194	1.872854	1.543456	29	190	189	0.740
1.308997	1.977582	0.969896	202	27	16	0.740
-1.832596	0.762244	-0.273349	209	24	83	0.740
2.094395	1.413430	2.550734	29	189	186	0.740
-2.356194	1.696674	-1.253233	221	161	214	0.740
2.094395	1.134497	-1.109631	219	44	72	0.733
-3.141593	0.831641	0.616218	220	32	81	0.732
1.832596	1.948085	-2.363031	18	7	161	0.711
-0.523599	1.599406	1.426070	213	143	202	0.711
-1.308997	2.588535	-2.976617	222	14	145	0.711
-0.261799	1.699788	2.452890	9	95	172	0.711
-2.094395	1.766067	2.153843	17	176	175	0.711
0.785398	2.164094	-2.991358	223	9	146	0.711
1.832596	2.979456	-1.009304	0	23	150	0.711
1.308997	1.045978	0.343692	221	131	192	0.711
2.094395	2.187132	-0.479875	217	141	211	0.711
1.570796	1.242974	-2.977882	39	159	206	0.711
-1.570796	1.869911	2.701025	189	47	184	0.711
-0.523599	1.554776	0.100351	208	18	22	0.711
2.356194	0.618092	2.539118	13	17	170	0.711
2.356194	1.569311	-3.003978	7	21	152	0.711
-1.047198	0.685216	-1.712745	31	191	197	0.711
0.785398	2.456751	-1.503343	10	15	152	0.711
-2.094395	2.407836	1.410646	15	10	155	0.711
0.000000	1.134497	-1.109631	33	150	220	0.711
1.308997	1.948085	-2.363031	6	17	149	0.711
2.094395	1.569311	-3.003978	9	18	152	0.711
0.523599	2.349581	-2.702517	223	13	146	0.711
-1.047198	2.073035	2.027405	191	77	153	0.711
1.047198	1.948085	-2.363031	6	14	149	0.711
2.617994	0.929350	-2.910676	191	44	33	0.711
-0.523599	2.396274	-1.959260	19	179	176	0.711
-0.523599	1.128190	-2.288622	192	41	188	0.711
-0.785398	2.396274	-1.959260	221	132	210	0.711
1.570796	1.413347	-1.339188	19	222	173	0.711
-1.047198	1.909857	-0.381669	218	135	201	0.711
-3.141593	1.247695	1.809890	15	89	178	0.711
-0.785398	0.618092	2.539118	213	144	203	0.710
-1.047198	2.396274	-1.959260	217	134	210	0.710
2.879793	0.080730	-2.622036	10	86	206	0.710
1.832596	0.992645	-1.723759	1	42	68	0.696
2.617994	0.866955	-0.931351	210	40	76	0.696
2.094395	0.910508	1.903534	0	54	55	0.682
1.570796	2.704512	1.488683	3	53	53	0.682
-1.570796	1.904882	-1.478089	7	49	46	0.682
1.570796	2.063651	-2.044600	4	14	221	0.682
1.570796	1.195355	1.200319	8	19	155	0.682
-0.261799	2.153910	-1.714959	211	79	206	0.682
2.356194	1.440580	2.260026	4	57	51	0.682
0.785398	0.961715	0.014085	25	16	223	0.682
1.308997	0.831641	0.616218	32	176	201	0.682
-0.523599	2.343981	-1.040456	194	72	141	0.682
1.047198	2.588535	-2.976617	31	7	19	0.682
-1.047198	0.762244	-0.273349	189	52	192	0.682
0.523599	1.662363	0.915448	17	3	156	0.682
-2.879793	1.599406	1.426070	188	87	162	0.682
0.261799	2.001437	0.381215	9	2	145	0.682
-1.570796	1.050534	3.042579	38	154	213	0.682
2.879793	1.870545	-2.976234	8	59	43	0.682
0.785398	0.615174	-0.666022	19	11	6	0.682
1.308997	0.866955	-0.931351	25	16	1	0.682
-1.308997	1.699788	2.452890	213	19	8	0.682
-1.570796	1.510910	-0.740472	10	22	159	0.682
-1.047198	1.391910	3.030322	212	143	214	0.682
1.047198	0.700570	1.559208	37	168	5	0.682
1.047198	1.721184	-0.153948	13	7	146	0.682
0.523599	1.554776	0.100351	14	49	150	0.682
-2.094395	2.180315	-1.357379	35	165	223	0.682
0.523599	2.108018	1.311430	17	4	153	0.682
0.523599	0.762244	-0.273349	19	10	2	0.682
-0.261799	2.104282	-0.813972	197	63	140	0.682
0.261799	1.325504	-1.671296	194	84	164	0.682
-0.261799	1.247695	1.809890	206	71	140	0.682
1.570796	0.496451	0.593859	39	172	1	0.682
-1.047198	1.218453	2.777284	216	142	217	0.682
-1.832596	1.510910	-0.740472	12	19	159	0.682
1.308997	1.247695	1.809890	41	168	1	0.682
1.570796	0.591903	2.010408	10	18	147	0.682
2.356194	2.180315	-1.357379	37	43	180	0.682
1.047198	1.448123	-2.163292	197	52	5	0.682
0.785398	1.574060	2.783565	214	86	199	0.682
-2.356194	1.433411	-1.035986	19	14	223	0.682
0.000000	1.134796	2.434290	21	85	181	0.682
2.356194	2.356369	3.005869	21	91	169	0.682
-2.356194	1.194549	-0.801900	12	12	156	0.682
-3.141593	0.370812	-2.547742	29	165	185	0.682
1.047198	0.419640	2.974122	198	84	152	0.682
-1.570796	1.134796	2.434290	216	144	217	0.682
0.000000	0.831641	0.616218	17	10	5	0.682
1.308997	1.195355	1.200319	9	16	155	0.682
-0.785398	1.569311	-3.003978	210	140	210	0.682
-0.785398	2.180315	-1.357379	189	73	144	0.681
-0.261799	1.374601	-2.456031	212	135	208	0.681
0.785398	2.001437	0.381215	13	10	145	0.681
1.308997	1.310100	1.488307	42	51	211	0.681
-1.047198	1.134796	2.434290	219	139	217	0.681
1.570796	0.831641	0.616218	30	181	201	0.681
-1.308997	1.218453	2.777284	215	145	217	0.681
-2.617994	1.555207	1.708892	186	83	166	0.681
0.000000	0.850607	-1.335383	217	130	205	0.681
-0.785398	2.579248	-2.364801	217	140	199	0.681
-1.047198	2.587733	0.232235	34	172	218	0.681
-1.570796	0.831641	0.616218	189	54	195	0.681
-2.356194	0.618092	2.539118	1	146	220	0.681
-2.617994	2.299159	2.264663	189	88	156	0.681
-0.785398	1.809167	1.213774	37	167	207	0.681
-3.141593	2.108018	1.311430	221	134	198	0.681
-2.356194	1.809167	1.213774	13	15	216	0.681
-1.308997	1.948085	-2.363031	183	79	158	0.681
1.832596	0.831641	0.616218	221	160	218	0.681
-1.047198	1.135813	-2.658866	211	154	214	0.681
-1.570796	2.704512	1.488683	221	136	214	0.681
-2.356194	1.417623	-0.202254	202	33	78	0.674
-1.570796	1.741644	-2.695914	199	36	22	0.674
2.094395	2.881233	-2.582574	202	45	27	0.674
1.308997	0.290380	-0.796960	15	167	5	0.674
1.308997	1.194549	-0.801900	22	187	209	0.673
2.879793	1.134497	-1.109631	15	144	4	0.645
-3.141593	0.615174	-0.666022	4	159	4	0.645
-2.356194	1.045978	0.343692	209	33	83	0.645
-1.570796	0.619654	-2.216909	213	143	202	0.645
1.308997	1.998705	2.370472	18	12	166	0.645
-2.879793	1.218453	2.777284	195	31	23	0.645
-0.261799	0.864993	2.278281	17	150	11	0.645
-0.261799	1.128190	-2.288622	14	19	173	0.645
2.356194	2.174483	2.653697	6	13	149	0.645
-0.261799	1.168678	2.108595	215	139	200	0.645
0.785398	0.906588	1.252948	200	45	20	0.645
-0.785398	1.335669	0.897240	215	146	208	0.645
2.356194	2.719179	-1.780644	8	8	145	0.645
1.832596	1.736875	3.023612	9	12	151	0.645
0.523599	0.674054	1.013609	204	23	21	0.645
-0.523599	1.909857	-0.381669	212	12	72	0.645
-0.523599	0.733948	3.021411	202	46	24	0.645
-0.261799	1.909857	-0.381669	216	12	72	0.645
-0.785398	0.992645	-1.723759	217	155	222	0.645
-2.879793	1.721184	-0.153948	205	41	75	0.645
-0.785398	1.242974	-2.977882	196	42	192	0.645
2.356194	2.073035	2.027405	28	187	183	0.645
-1.570796	1.606104	-0.451151	214	142	204	0.645
2.879793	0.850607	-1.335383	10	141	1	0.644
-1.570796	1.554776	0.100351	1	156	2	0.644
2.879793	0.618092	2.539118	4	39	71	0.638
0.000000	1.683268	0.374177	8	46	150	0.616
-0.785398	2.063651	-2.044600	38	170	222	0.616
0.785398	2.704512	1.488683	15	14	149	0.616
-0.261799	2.881233	-2.582574	214	139	181	0.616
-1.308997	0.685216	-1.712745	42	160	220	0.616
-1.570796	1.134497	-1.109631	36	167	2	0.616
2.094395	2.704512	1.488683	209	90	146	0.616
-0.261799	2.247462	0.191623	4	53	142	0.616
-1.308997	1.134497	-1.109631	34	170	2	0.616
-1.570796	0.615174	-0.666022	38	174	216	0.616
-2.617994	2.724429	-0.348782	8	14	154	0.616
-2.356194	1.555207	1.708892	1	9	142	0.616
-0.523599	2.108018	1.311430	14	5	5	0.616
0.785398	1.050534	3.042579	10	27	155	0.616
1.308997	1.242974	-2.977882	211	137	203	0.616
2.356194	1.194549	-0.801900	16	25	158	0.616
-1.570796	2.104282	-0.813972	16	12	152	0.616
-0.785398	1.214854	-1.966664	38	161	2	0.616
0.000000	2.724429	-0.348782	35	162	222	0.616
2.356194	2.063651	-2.044600	19	15	156	0.616
1.832596	2.349581	-2.702517	19	8	157	0.616
1.308997	0.591903	2.010408	11	14	147	0.616
-1.047198	0.379747	-1.713059	43	166	214	0.616
-0.261799	2.456751	-1.503343	192	70	143	0.616
-1.308997	0.992645	-1.723759	39	159	1	0.616
-1.832596	1.433411	-1.035986	189	85	152	0.616
-2.879793	2.704512	1.488683	190	80	146	0.616
-1.570796	0.591903	2.010408	200	32	18	0.616
-1.832596	2.881233	-2.582574	201	53	18	0.616
-0.523599	0.899350	-2.069907	15	18	172	0.616
1.047198	2.356369	3.005869	218	137	193	0.616
2.356194	2.251330	-2.330739	19	16	156	0.616
2.356194	2.579248	-2.364801	17	14	151	0.616
0.000000	1.662363	0.915448	191	79	147	0.616
-1.308997	0.850607	-1.335383	39	167	0	0.616
-1.308997	2.664082	-1.071402	204	82	140	0.616
-2.617994	2.760637	2.781135	197	90	148	0.616
0.000000	0.733948	3.021411	16	12	154	0.616
-1.832596	0.615174	-0.666022	41	170	216	0.616
0.785398	0.591903	2.010408	10	8	147	0.616
1.047198	1.977582	0.969896	18	16	154	0.616
-2.879793	2.251330	-2.330739	212	148	211	0.616
0.785398	2.863997	0.549740	211	83	141	0.616
2.094395	2.349581	-2.702517	20	14	157	0.616
1.308997	1.367556	0.358405	20	17	158	0.616
-0.523599	2.349581	-2.702517	210	136	190	0.616
1.570796	1.367556	0.358405	18	22	158	0.616
-0.785398	1.662363	0.915448	7	4	8	0.616
2.356194	2.396274	-1.959260	16	12	150	0.616
-2.094395	2.104282	-0.813972	213	22	142	0.616
-1.570796	0.850607	-1.335383	40	163	223	0.616
-2.094395	2.108018	1.311430	39	161	200	0.616
0.000000	2.979456	-1.009304	34	168	221	0.616
-1.047198	2.108018	1.311430	3	6	5	0.616
2.094395	2.588535	-2.976617	18	16	154	0.616
0.000000	0.709924	0.218797	13	13	148	0.616
-3.141593	1.662363	0.915448	208	44	21	0.616
1.832596	1.741644	-2.695914	19	8	169	0.615
0.261799	1.247695	1.809890	207	72	140	0.615
-1.047198	2.104282	-0.813972	208	13	142	0.615
-2.094395	1.662363	0.915448	204	38	21	0.615
-0.785398	2.153910	-1.714959	187	73	148	0.615
-1.308997	0.591903	2.010408	200	31	19	0.615
-2.879793	1.662363	0.915448	206	43	21	0.615
0.523599	0.640596	-2.797608	11	27	160	0.615
-0.261799	2.001437	0.381215	16	11	221	0.615
-1.832596	1.977582	0.969896	10	10	6	0.615
2.879793	1.128190	-2.288622	39	172	0	0.615
-2.617994	2.138223	1.678323	186	83	156	0.615
-0.261799	1.766067	2.153843	195	58	197	0.615
1.832596	1.417623	-0.202254	41	50	193	0.615
2.094395	1.113094	-0.272241	8	9	3	0.615
0.785398	1.440580	2.260026	39	34	217	0.615
0.523599	0.866955	-0.931351	191	67	202	0.615
0.785398	1.812176	0.656819	42	39	192	0.615
-3.141593	0.458961	-0.107937	6	94	204	0.615
1.308997	2.247462	0.191623	218	131	201	0.615
-1.832596	1.756530	-2.105156	198	34	24	0.608
2.617994	2.881233	-2.582574	206	34	18	0.608
-3.141593	0.203748	0.590255	219	21	80	0.600
-0.523599	0.850607	-1.335383	220	14	73	0.600
1.570796	0.080730	-2.622036	21	183	212	0.579
2.094395	2.356369	3.005869	2	11	147	0.579
-1.832596	2.349581	-2.702517	218	12	146	0.579
0.785398	1.696674	-1.253233	30	185	190	0.579
1.047198	0.899350	-2.069907	29	188	192	0.579
-0.785398	1.367556	0.358405	5	151	4	0.579
2.879793	1.904882	-1.478089	203	52	28	0.579
-1.570796	2.063651	-2.044600	202	29	21	0.579
1.308997	1.135813	-2.658866	209	58	37	0.579
2.617994	2.295480	1.008277	10	22	159	0.579
-1.832596	0.618092	2.539118	200	27	22	0.579
0.000000	2.073035	2.027405	218	138	188	0.579
-2.879793	1.391910	3.030322	194	28	28	0.579
-1.570796	0.929350	-2.910676	206	22	80	0.579
