128	1.2	0
-2.356194	0.458961	-0.107937
0.000000	0.000000	0.000000
model.B99990001.pdb	68.251	-69.922	-6.423
1iob.pdb	15.932	13.567	1.186
0.523599	1.194549	-0.801900	28	115	25	3.672
1.570796	2.115563	0.685730	32	115	15	3.540
1.047198	2.089241	-0.114193	32	114	16	3.313
1.047198	1.194549	-0.801900	29	122	24	3.020
0.523599	1.134497	-1.109631	29	115	23	3.020
0.523599	1.732874	-0.951685	31	112	16	2.793
2.094395	1.504028	0.636812	28	122	26	2.793
2.094395	1.812176	0.656819	30	123	22	2.793
0.785398	1.417623	-0.202254	26	114	27	2.726
0.000000	0.379747	-1.713059	25	111	26	2.499
1.047198	1.510910	-0.740472	30	120	22	2.433
1.832596	1.812176	0.656819	32	120	21	2.338
-0.785398	0.458961	-0.107937	21	119	31	2.338
0.785398	1.982574	-1.115518	32	118	11	2.338
0.785398	1.433411	-1.035986	32	118	19	2.338
1.832596	2.001437	0.381215	32	122	18	2.272
2.356194	1.025536	1.576859	30	119	24	2.272
1.047198	1.836682	-0.676006	32	120	17	2.272
1.832596	0.914445	2.687814	32	117	17	2.272
2.094395	1.683268	0.374177	28	125	24	2.206
0.785398	2.104282	-0.813972	32	115	12	2.206
1.832596	1.875281	0.107086	29	125	22	2.205
1.308997	1.836682	-0.676006	32	125	17	2.111
0.523599	1.510910	-0.740472	29	113	22	2.045
1.570796	1.875281	0.107086	30	121	22	2.045
0.785398	1.836682	-0.676006	32	116	17	2.045
1.047198	1.433411	-1.035986	32	122	19	2.045
0.785398	1.510910	-0.740472	31	117	21	2.045
1.047198	1.982574	-1.115518	32	122	11	2.044
0.785398	1.413347	-1.339188	32	118	16	2.044
0.000000	1.135834	-1.431087	26	107	19	1.979
2.356194	1.812176	0.656819	29	127	21	1.979
1.570796	2.089241	-0.114193	32	123	16	1.979
0.785398	1.194549	-0.801900	29	118	25	1.979
-2.094395	0.203748	0.590255	23	119	30	1.979
2.879793	0.496451	0.593859	19	116	31	1.978
2.356194	1.555207	1.708892	35	122	125	1.978
0.785398	1.909857	-0.381669	31	112	18	1.913
2.094395	1.195355	1.200319	28	117	26	1.913
1.047198	1.417623	-0.202254	27	117	27	1.913
0.000000	0.571433	-1.188419	25	113	28	1.913
1.308997	2.089241	-0.114193	32	118	16	1.913
2.879793	0.700570	1.559208	26	123	28	1.913
2.094395	2.108018	1.311430	32	119	12	1.913
1.047198	1.909857	-0.381669	32	116	18	1.913
2.356194	0.591903	2.010408	28	118	26	1.847
1.832596	1.247695	1.809890	33	114	0	1.847
1.047198	0.370812	-2.547742	30	115	22	1.818
1.047198	0.866395	-2.492918	32	114	15	1.752
0.785398	1.732874	-0.951685	32	117	16	1.752
0.523599	1.214854	-1.966664	30	111	12	1.752
0.261799	1.194549	-0.801900	27	112	25	1.752
0.261799	0.571433	-1.188419	27	116	27	1.751
1.308997	0.914445	2.687814	29	109	16	1.751
1.570796	1.721184	-0.153948	31	123	22	1.751
2.094395	2.115563	0.685730	32	124	15	1.751
2.094395	1.662363	0.915448	31	120	21	1.686
1.047198	1.875281	0.107086	30	112	21	1.686
1.308997	2.247462	0.191623	32	115	14	1.686
2.094395	1.809167	1.213774	32	119	18	1.686
1.047198	1.721184	-0.153948	30	115	23	1.685
1.308997	0.733948	3.021411	33	112	127	1.685
2.879793	1.658653	-2.409879	32	6	20	1.656
2.356194	0.700570	1.559208	26	116	28	1.619
0.785398	1.301460	-0.509251	28	119	26	1.591
1.832596	0.618092	2.539118	31	115	20	1.590
0.785398	1.413430	2.550734	29	109	30	1.590
-0.261799	1.134796	2.434290	34	108	111	1.524
1.308997	2.863997	0.549740	31	113	113	1.524
1.832596	1.982574	-1.115518	16	103	107	1.495
1.832596	2.247462	0.191623	31	124	16	1.459
0.000000	0.866955	-0.931351	25	112	27	1.459
1.047198	1.696674	-1.253233	32	122	13	1.459
0.785398	2.180315	-1.357379	30	119	8	1.458
2.094395	1.168678	2.108595	35	118	126	1.458
2.094395	0.914445	2.687814	35	121	125	1.458
0.785398	0.762244	-0.273349	36	105	127	1.430
0.000000	1.014500	0.906702	32	102	2	1.429
1.570796	0.866955	-0.931351	40	112	126	1.429
0.000000	1.948085	-2.363031	25	110	109	1.429
0.785398	1.721184	-0.153948	28	112	23	1.393
2.094395	0.591903	2.010408	28	115	26	1.392
1.832596	1.977582	0.969896	32	117	16	1.392
2.356194	1.488617	1.159546	30	122	22	1.392
2.356194	0.290380	-0.796960	30	0	31	1.363
2.617994	1.374601	-2.456031	34	0	25	1.363
1.308997	1.574060	2.783565	36	114	7	1.298
1.308997	0.640596	-2.797608	32	116	18	1.297
1.308997	1.510910	-0.740472	31	125	21	1.297
1.308997	1.433411	-1.035986	35	108	117	1.297
1.570796	2.247462	0.191623	33	121	15	1.296
-3.141593	1.982574	-1.115518	6	27	89	1.268
-1.832596	0.203748	0.590255	22	120	31	1.260
1.047198	0.929350	-2.910676	29	111	15	1.260
0.261799	1.135834	-1.431087	32	111	127	1.232
0.261799	0.850607	-1.335383	28	113	24	1.231
1.047198	1.135813	-2.658866	34	113	120	1.231
0.523599	0.850607	-1.335383	29	117	24	1.231
1.570796	0.914445	2.687814	31	114	17	1.231
0.523599	1.374601	-2.456031	30	109	115	1.231
2.356194	1.367556	0.358405	24	126	28	1.165
0.000000	1.433411	-1.035986	25	107	21	1.165
1.832596	2.115563	0.685730	32	119	16	1.165
-3.141593	0.674054	1.013609	22	121	31	1.165
1.832596	0.419640	2.974122	30	119	23	1.165
2.094395	1.134796	2.434290	32	120	15	1.165
2.094395	1.310100	1.488307	31	117	21	1.165
0.785398	1.214854	-1.966664	32	114	13	1.165
1.570796	0.640596	-2.797608	32	119	18	1.165
0.785398	2.343981	-1.040456	34	20	107	1.165
-0.785398	2.588535	-2.976617	32	107	20	1.136
1.832596	1.699788	2.452890	34	0	25	1.136
0.785398	0.496451	0.593859	34	116	29	1.136
-0.523599	0.290380	-0.796960	23	115	30	1.099
-1.047198	0.458961	-0.107937	19	117	32	1.099
1.047198	0.640596	-2.797608	31	113	19	1.070
1.570796	0.864993	2.278281	5	21	34	1.070
0.785398	0.864993	2.278281	23	119	37	1.070
1.308997	0.929350	-2.910676	32	115	14	1.070
1.308997	2.251330	-2.330739	32	104	116	1.070
0.523599	1.433411	-1.035986	31	114	19	1.004
0.785398	0.899350	-2.069907	32	114	17	1.004
0.785398	1.134497	-1.109631	31	119	22	1.004
-2.879793	1.721184	-0.153948	33	120	23	1.004
0.785398	1.440580	2.260026	31	112	29	1.004
1.308997	1.194549	-0.801900	29	126	24	1.004
2.356194	1.310100	1.488307	34	122	3	1.004
1.832596	1.721184	-0.153948	28	127	23	0.938
1.047198	1.113094	-0.272241	25	120	29	0.938
0.785398	1.606104	-0.451151	30	114	22	0.938
1.308997	0.370812	-2.547742	30	119	22	0.938
0.523599	1.325504	-1.671296	31	113	14	0.938
0.523599	2.104282	-0.813972	31	111	12	0.938
1.308997	1.606104	-0.451151	30	122	23	0.938
2.094395	1.554776	0.100351	26	0	26	0.938
1.570796	1.809167	1.213774	33	111	126	0.937
-1.047198	1.736875	3.023612	34	106	118	0.909
0.785398	0.080730	-2.622036	25	113	28	0.872
1.308997	2.404280	-0.174044	32	119	11	0.872
0.785398	0.960688	-0.577532	26	119	28	0.872
1.570796	2.001437	0.381215	32	118	18	0.872
-1.832596	1.194549	-0.801900	97	103	24	0.872
2.356194	0.906588	1.252948	27	118	27	0.872
0.785398	1.696674	-1.253233	32	117	13	0.872
-1.570796	1.194549	-0.801900	99	100	24	0.872
-1.047198	0.290380	-0.796960	21	112	29	0.872
-1.832596	1.696674	-1.253233	94	103	13	0.872
0.261799	0.379747	-1.713059	27	113	26	0.872
0.785398	1.904882	-1.478089	31	118	8	0.872
0.785398	0.709924	0.218797	35	110	23	0.843
1.047198	0.733948	3.021411	29	108	17	0.843
2.356194	1.135813	-2.658866	32	121	31	0.843
-1.832596	0.080730	-2.622036	24	0	35	0.843
1.832596	0.571433	-1.188419	35	115	26	0.843
2.094395	2.719179	-1.780644	30	111	106	0.843
-1.570796	1.488617	1.159546	34	125	11	0.843
-3.141593	0.685216	-1.712745	27	5	29	0.843
2.617994	1.135813	-2.658866	31	125	31	0.843
-0.261799	0.297065	2.160177	23	122	37	0.843
1.832596	2.396274	-1.959260	34	110	110	0.843
-1.047198	2.478122	2.609777	34	114	10	0.843
2.356194	1.736875	3.023612	33	3	24	0.843
2.356194	1.214854	-1.966664	37	122	22	0.843
1.047198	0.418037	1.360082	26	0	34	0.843
-2.356194	1.870545	-2.976234	107	38	15	0.843
2.094395	0.290380	-0.796960	33	123	29	0.843
1.832596	1.606104	-0.451151	36	123	109	0.842
0.261799	1.545873	-1.877082	29	110	9	0.842
1.570796	0.618092	2.539118	28	112	23	0.806
1.308997	1.909857	-0.381669	32	120	18	0.806
2.356194	1.184361	0.625864	24	122	29	0.806
2.356194	0.297065	2.160177	27	116	27	0.806
1.047198	1.218453	2.777284	27	112	33	0.777
-0.523599	0.419640	2.974122	14	124	38	0.777
1.570796	1.433411	-1.035986	38	14	106	0.777
0.523599	0.619654	-2.216909	29	111	20	0.777
1.832596	1.135813	-2.658866	30	113	31	0.777
1.832596	1.869911	2.701025	36	125	22	0.777
2.094395	2.343981	-1.040456	28	116	104	0.776
2.094395	2.349581	-2.702517	37	120	9	0.776
2.879793	2.396274	-1.959260	28	25	9	0.749
2.356194	2.349581	-2.702517	38	125	6	0.748
0.785398	1.367556	0.358405	38	112	7	0.748
1.832596	2.164094	-2.991358	29	23	13	0.748
2.094395	1.325504	-1.671296	43	117	122	0.748
2.356194	2.588535	-2.976617	36	127	3	0.748
-1.570796	0.640596	-2.797608	101	12	29	0.748
0.523599	2.115563	0.685730	37	114	107	0.748
0.523599	2.295480	1.008277	38	115	108	0.748
2.617994	0.640596	-2.797608	27	24	24	0.748
2.094395	1.135834	-1.431087	43	119	123	0.748
-0.523599	0.640596	-2.797608	118	95	34	0.748
-1.308997	0.733948	3.021411	5	97	32	0.747
2.094395	1.413347	-1.339188	34	26	7	0.747
-2.094395	0.640596	-2.797608	105	18	29	0.747
2.094395	2.041297	-2.664597	42	10	115	0.747
1.308997	2.108018	1.311430	35	115	7	0.747
1.308997	2.407836	1.410646	36	24	125	0.747
0.523599	1.545873	-1.877082	30	113	9	0.711
1.308997	1.554776	0.100351	28	118	26	0.711
0.261799	1.836682	-0.676006	31	108	125	0.711
0.261799	0.866955	-0.931351	26	115	27	0.711
0.785398	1.128190	-2.288622	31	113	12	0.711
0.785398	1.135813	-2.658866	29	110	11	0.711
0.000000	0.297065	2.160177	99	102	26	0.711
0.785398	1.135834	-1.431087	31	118	21	0.711
-0.261799	2.579248	-2.364801	28	109	27	0.711
1.308997	1.875281	0.107086	31	116	21	0.711
-0.261799	0.290380	-0.796960	25	118	29	0.710
0.523599	1.135834	-1.431087	31	114	19	0.710
0.261799	1.510910	-0.740472	31	109	1	0.710
-2.094395	1.301460	-0.509251	98	35	124	0.682
0.000000	0.914445	2.687814	18	113	38	0.682
0.261799	0.929350	-2.910676	123	94	39	0.682
-0.261799	2.343981	-1.040456	108	33	13	0.682
-0.261799	2.592629	0.909713	23	29	15	0.682
-1.832596	0.866955	-0.931351	97	35	7	0.682
1.308997	2.592629	0.909713	102	29	9	0.682
-2.617994	1.413347	-1.339188	6	98	38	0.682
1.047198	1.413430	2.550734	32	113	32	0.681
0.785398	1.809167	1.213774	127	43	109	0.681
2.094395	1.982574	-1.115518	17	107	107	0.681
-1.308997	0.929350	-2.910676	104	13	34	0.681
1.047198	2.760637	2.781135	36	110	110	0.681
1.832596	1.391910	3.030322	33	119	32	0.681
2.356194	1.870545	-2.976234	36	25	15	0.681
1.570796	1.812176	0.656819	34	116	1	0.645
-0.261799	0.615174	-0.666022	23	115	29	0.645
0.523599	1.301460	-0.509251	26	114	27	0.645
2.094395	1.488617	1.159546	31	119	22	0.645
0.523599	1.982574	-1.115518	31	113	11	0.645
2.356194	1.506530	1.988858	35	122	123	0.645
1.832596	1.555207	1.708892	34	113	124	0.645
1.832596	1.310100	1.488307	33	114	2	0.644
1.570796	0.290380	-0.796960	36	114	9	0.616
1.047198	0.674054	1.013609	33	125	29	0.616
1.570796	1.413430	2.550734	32	123	30	0.616
-0.261799	0.866395	-2.492918	35	125	17	0.616
-2.094395	0.080730	-2.622036	26	126	35	0.616
0.261799	1.504028	0.636812	32	104	8	0.616
2.356194	2.881233	-2.582574	35	120	107	0.616
2.617994	0.864993	2.278281	15	127	37	0.616
0.000000	1.335669	0.897240	32	101	125	0.615
1.308997	1.741644	-2.695914	35	104	0	0.615
0.523599	1.504028	0.636812	35	109	8	0.615
0.523599	0.203748	0.590255	34	115	11	0.615
-2.879793	0.418037	1.360082	24	122	29	0.579
2.879793	0.418037	1.360082	24	118	30	0.579
1.570796	2.587733	0.232235	34	21	109	0.579
1.047198	1.617114	-1.572037	32	120	12	0.579
-2.879793	0.674054	1.013609	21	123	31	0.578
2.094395	1.977582	0.969896	32	121	16	0.578
0.261799	1.413347	-1.339188	30	110	16	0.550
1.570796	1.909857	-0.381669	31	127	18	0.550
1.308997	1.504028	0.636812	36	125	8	0.550
2.617994	0.571433	-1.188419	31	2	27	0.550
-3.141593	2.704512	1.488683	24	101	120	0.550
0.523599	2.724429	-0.348782	31	111	114	0.550
0.523599	0.992645	-1.723759	31	113	18	0.550
-0.785398	2.187132	-0.479875	23	2	31	0.550
0.261799	2.001437	0.381215	13	98	108	0.550
0.261799	1.696674	-1.253233	30	110	13	0.550
2.094395	1.870545	-2.976234	37	123	21	0.549
1.570796	2.299159	2.264663	37	125	12	0.549
2.094395	2.588535	-2.976617	35	123	5	0.549
0.261799	1.440580	2.260026	29	105	8	0.549
-2.094395	2.153910	-1.714959	26	109	27	0.513
2.094395	0.297065	2.160177	26	114	27	0.513
1.308997	2.187132	-0.479875	32	121	13	0.513
-2.879793	2.115563	0.685730	37	115	118	0.484
0.523599	1.904882	-1.478089	31	114	8	0.484
1.308997	1.050534	3.042579	31	112	14	0.484
-0.523599	1.134796	2.434290	12	100	109	0.484
-1.570796	1.113094	-0.272241	34	122	9	0.484
1.308997	1.721184	-0.153948	31	119	23	0.484
1.832596	1.134796	2.434290	26	126	33	0.484
-2.617994	2.108018	1.311430	32	112	111	0.483
0.261799	0.297065	2.160177	21	125	36	0.483
2.356194	0.618092	2.539118	34	123	1	0.483
0.261799	1.433411	-1.035986	29	110	20	0.483
0.523599	0.899350	-2.069907	30	110	16	0.483
-1.832596	1.982574	-1.115518	115	26	89	0.455
-3.141593	2.174483	2.653697	115	46	5	0.455
0.000000	1.904882	-1.478089	105	31	11	0.455
-2.879793	0.929350	-2.910676	20	4	36	0.454
2.879793	2.704512	1.488683	98	25	12	0.454
-2.879793	2.164094	-2.991358	108	34	9	0.454
2.356194	0.864993	2.278281	15	2	38	0.454
-2.094395	1.982574	-1.115518	118	28	89	0.454
-1.832596	0.619654	-2.216909	112	38	21	0.454
-1.570796	1.982574	-1.115518	112	23	89	0.454
2.617994	1.184361	0.625864	116	46	5	0.454
1.832596	0.864993	2.278281	31	113	20	0.418
0.785398	0.866395	-2.492918	30	111	15	0.418
2.617994	1.014500	0.906702	25	121	29	0.418
2.617994	0.700570	1.559208	27	120	28	0.418
-1.832596	0.850607	-1.335383	35	117	6	0.418
1.832596	2.592629	0.909713	34	117	116	0.418
0.785398	0.418037	1.360082	103	102	28	0.418
2.094395	0.700570	1.559208	26	114	27	0.418
0.785398	1.617114	-1.572037	32	118	11	0.417
1.047198	1.732874	-0.951685	32	122	16	0.417
1.832596	1.683268	0.374177	30	121	24	0.417
-1.308997	0.640596	-2.797608	94	104	19	0.417
1.570796	2.863997	0.549740	32	117	114	0.417
1.047198	1.301460	-0.509251	37	107	115	0.389
2.879793	2.455966	-0.641220	31	125	29	0.389
1.832596	0.733948	3.021411	95	24	124	0.389
1.308997	1.870545	-2.976234	32	100	16	0.389
1.047198	2.393226	1.857173	37	119	5	0.388
0.785398	1.662363	0.915448	38	115	8	0.388
0.523599	2.108018	1.311430	36	111	5	0.388
-2.879793	2.001437	0.381215	113	24	90	0.388
0.523599	1.662363	0.915448	36	110	8	0.388
1.570796	2.760637	2.781135	35	119	1	0.388
1.047198	2.637879	2.121598	36	117	2	0.388
1.047198	2.108018	1.311430	37	122	5	0.388
1.308997	0.866955	-0.931351	38	107	125	0.388
2.356194	1.014500	0.906702	24	119	30	0.352
0.523599	1.617114	-1.572037	31	113	11	0.352
1.047198	2.455966	-0.641220	34	120	117	0.352
2.879793	0.831641	0.616218	20	121	31	0.352
1.570796	2.379497	0.561089	32	116	12	0.352
-2.094395	0.496451	0.593859	19	121	32	0.351
1.832596	1.662363	0.915448	31	117	21	0.351
-1.570796	1.128190	-2.288622	94	103	13	0.351
-2.617994	2.592629	0.909713	34	116	14	0.323
-0.523599	0.591903	2.010408	23	113	36	0.323
1.570796	1.050534	3.042579	25	116	36	0.323
0.261799	0.700570	1.559208	28	115	34	0.323
0.261799	0.685216	-1.712745	29	112	22	0.323
1.308997	1.413430	2.550734	32	117	31	0.323
0.261799	2.719179	-1.780644	26	109	28	0.323
1.570796	0.458961	-0.107937	38	123	6	0.323
0.523599	1.977582	0.969896	38	112	114	0.323
0.261799	0.960688	-0.577532	26	115	30	0.323
2.094395	1.510910	-0.740472	6	34	17	0.323
-3.141593	0.866395	-2.492918	27	1	33	0.322
-2.879793	0.370812	-2.547742	27	122	35	0.322
1.047198	1.391910	3.030322	27	109	32	0.322
-1.308997	2.343981	-1.040456	26	123	32	0.322
0.000000	0.866395	-2.492918	33	1	17	0.322
0.000000	0.591903	2.010408	25	117	36	0.322
2.094395	1.736875	3.023612	35	127	24	0.322
2.879793	1.242974	-2.977882	26	4	31	0.322
0.261799	2.407836	1.410646	32	109	3	0.322
1.832596	2.455966	-0.641220	25	109	30	0.322
2.094395	2.033014	2.977192	36	0	19	0.322
-2.879793	1.869911	2.701025	33	114	124	0.322
2.094395	0.618092	2.539118	32	119	20	0.322
-1.832596	1.741644	-2.695914	93	124	20	0.322
-1.047198	2.164094	-2.991358	30	105	19	0.322
0.785398	2.637879	2.121598	37	112	113	0.322
0.523599	1.809167	1.213774	36	111	10	0.322
0.523599	2.138223	1.678323	35	109	9	0.322
0.523599	2.001437	0.381215	15	102	108	0.322
2.356194	1.504028	0.636812	26	125	26	0.286
2.617994	0.297065	2.160177	27	120	27	0.286
1.570796	1.554776	0.100351	28	121	25	0.285
1.570796	1.574060	2.783565	34	119	27	0.257
-1.047198	0.615174	-0.666022	18	111	31	0.257
2.094395	2.180315	-1.357379	33	116	108	0.257
1.047198	2.187132	-0.479875	33	119	14	0.257
-1.570796	0.866955	-0.931351	31	127	25	0.257
1.570796	2.063651	-2.044600	35	107	116	0.257
0.261799	0.914445	2.687814	18	113	37	0.257
0.785398	1.218453	2.777284	25	110	33	0.256
1.570796	1.135813	-2.658866	28	110	31	0.256
1.308997	2.588535	-2.976617	32	107	6	0.256
2.617994	1.391910	3.030322	27	4	29	0.256
0.261799	1.617114	-1.572037	29	109	14	0.256
-0.261799	1.135813	-2.658866	35	122	17	0.256
-0.523599	0.914445	2.687814	13	113	37	0.256
1.308997	0.700570	1.559208	27	0	32	0.256
1.047198	2.104282	-0.813972	33	121	13	0.256
2.617994	1.135834	-1.431087	35	2	17	0.256
1.308997	2.379497	0.561089	31	112	13	0.256
0.261799	1.134497	-1.109631	29	112	23	0.256
0.785398	1.325504	-1.671296	33	117	15	0.256
0.261799	1.448123	-2.163292	30	108	116	0.256
1.308997	1.756530	-2.105156	33	103	122	0.256
0.523599	1.846342	-1.796954	30	115	7	0.256
2.356194	2.379497	0.561089	33	1	122	0.256
-2.879793	1.488617	1.159546	95	35	5	0.228
-2.356194	0.496451	0.593859	94	24	16	0.228
-2.617994	1.184361	0.625864	93	32	4	0.228
-2.879793	2.174483	2.653697	101	38	126	0.228
2.356194	0.418037	1.360082	17	125	36	0.227
-2.617994	0.619654	-2.216909	22	7	35	0.227
-2.356194	0.458961	-0.107937	96	32	14	0.227
1.832596	1.218453	2.777284	92	21	126	0.227
-2.617994	1.488617	1.159546	92	30	5	0.227
1.308997	2.719179	-1.780644	30	126	29	0.227
-1.047198	1.325504	-1.671296	90	23	3	0.227
-1.047198	1.214854	-1.966664	91	24	9	0.227
-1.570796	2.299159	2.264663	91	118	125	0.227
-1.570796	2.174483	2.653697	90	20	4	0.227
-1.047198	2.041297	-2.664597	90	20	2	0.227
-2.094395	1.184361	0.625864	90	124	1	0.226
1.832596	0.591903	2.010408	26	112	26	0.220
2.356194	0.674054	1.013609	22	115	30	0.220
1.308997	0.419640	2.974122	27	111	24	0.220
0.785398	1.736875	3.023612	27	103	24	0.191
1.047198	1.870545	-2.976234	30	103	19	0.191
1.047198	1.741644	-2.695914	28	101	19	0.191
0.785398	0.619654	-2.216909	30	115	22	0.191
0.261799	1.732874	-0.951685	32	109	125	0.190
1.047198	0.290380	-0.796960	1	24	28	0.190
0.523599	0.370812	-2.547742	26	109	22	0.190
-1.832596	1.247695	1.809890	35	117	113	0.190
2.356194	1.809167	1.213774	35	123	126	0.190
-2.356194	0.203748	0.590255	22	117	32	0.190
0.261799	0.080730	-2.622036	21	109	29	0.190
2.094395	2.379497	0.561089	31	125	13	0.190
1.570796	0.733948	3.021411	32	115	17	0.190
2.356194	1.683268	0.374177	26	1	25	0.190
1.832596	2.089241	-0.114193	34	127	124	0.190
2.094395	1.872854	1.543456	35	117	122	0.190
0.000000	1.135813	-2.658866	34	126	18	0.190
2.356194	1.977582	0.969896	31	125	18	0.190
1.570796	1.569311	-3.003978	35	112	28	0.162
1.047198	1.555207	1.708892	39	16	15	0.162
1.570796	2.174483	2.653697	42	121	125	0.162
2.356194	2.108018	1.311430	25	126	30	0.161
-2.356194	1.699788	2.452890	92	27	6	0.161
1.832596	1.569311	-3.003978	36	117	28	0.161
1.047198	2.164094	-2.991358	35	102	122	0.161
-3.141593	1.014500	0.906702	96	33	3	0.161
-2.617994	1.256302	0.062705	93	31	118	0.161
1.047198	1.247695	1.809890	36	17	21	0.161
1.308997	1.310100	1.488307	98	31	6	0.161
2.879793	1.617114	-1.572037	23	109	28	0.161
1.047198	2.588535	-2.976617	33	103	114	0.161
2.879793	1.741644	-2.695914	16	37	15	0.161
-0.261799	1.301460	-0.509251	90	23	7	0.161
2.094395	1.417623	-0.202254	36	3	112	0.161
-2.617994	1.168678	2.108595	95	23	13	0.161
-2.356194	0.762244	-0.273349	92	30	0	0.161
-1.832596	2.379497	0.561089	93	23	123	0.160
-0.523599	0.615174	-0.666022	22	113	29	0.125
0.261799	0.992645	-1.723759	28	110	19	0.125
1.570796	1.310100	1.488307	31	110	2	0.125
1.308997	1.417623	-0.202254	28	122	26	0.125
2.356194	1.195355	1.200319	29	120	25	0.125
1.308997	1.301460	-0.509251	27	123	27	0.124
2.356194	1.247695	1.809890	35	121	127	0.124
2.094395	2.001437	0.381215	30	126	19	0.124
-1.047198	0.419640	2.974122	95	106	23	0.124
2.094395	2.295480	1.008277	32	120	12	0.124
-0.523599	1.050534	3.042579	98	97	12	0.124
1.047198	1.128190	-2.288622	35	116	121	0.124
-2.356194	1.135834	-1.431087	93	111	18	0.124
1.832596	2.138223	1.678323	33	113	118	0.123
-0.523599	1.135813	-2.658866	36	117	17	0.096
-1.047198	1.134497	-1.109631	24	3	31	0.095
-2.617994	2.001437	0.381215	36	123	15	0.095
2.879793	1.413430	2.550734	0	32	30	0.095
-0.261799	1.545873	-1.877082	26	122	34	0.095
2.617994	1.413430	2.550734	4	31	30	0.095
2.617994	1.218453	2.777284	5	27	33	0.095
2.094395	1.450119	-2.739050	39	120	7	0.095
2.094395	0.960688	-0.577532	37	1	14	0.095
-2.356194	2.180315	-1.357379	35	113	7	0.095
0.523599	2.396274	-1.959260	30	116	31	0.095
1.570796	1.045978	0.343692	37	0	15	0.095
1.832596	2.979456	-1.009304	35	117	24	0.095
0.785398	1.977582	0.969896	39	117	113	0.095
1.570796	1.606104	-0.451151	29	127	25	0.095
0.523599	2.719179	-1.780644	30	111	28	0.095
-1.570796	0.370812	-2.547742	127	26	34	0.095
0.523599	1.812176	0.656819	37	111	112	0.095
0.261799	1.662363	0.915448	33	105	8	0.095
1.832596	0.961715	0.014085	36	2	15	0.095
-0.523599	2.063651	-2.044600	24	113	33	0.095
1.570796	2.979456	-1.009304	33	112	24	0.095
1.832596	1.417623	-0.202254	35	127	5	0.095
-1.308997	0.370812	-2.547742	124	26	34	0.095
-1.570796	2.033014	2.977192	27	101	119	0.095
-0.261799	1.184361	0.625864	39	124	117	0.095
-2.356194	2.592629	0.909713	36	120	14	0.095
-3.141593	1.218453	2.777284	16	5	35	0.095
2.356194	1.448123	-2.163292	41	123	1	0.095
1.832596	1.545873	-1.877082	40	13	116	0.095
1.308997	1.824694	1.850876	38	125	18	0.095
1.570796	0.961715	0.014085	38	125	15	0.095
0.000000	2.063651	-2.044600	28	116	33	0.095
1.832596	1.433411	-1.035986	37	117	6	0.095
0.523599	1.256302	0.062705	35	104	117	0.095
2.356194	1.194549	-0.801900	35	3	10	0.095
1.308997	2.979456	-1.009304	31	108	24	0.095
1.047198	1.310100	1.488307	37	122	22	0.095
-2.617994	2.379497	0.561089	36	122	14	0.095
2.094395	1.433411	-1.035986	37	122	6	0.095
2.094395	2.356369	3.005869	37	0	10	0.094
1.832596	0.910508	1.903534	29	112	22	0.059
0.523599	1.413347	-1.339188	31	112	17	0.059
-2.356194	1.545873	-1.877082	94	113	9	0.059
2.094395	1.367556	0.358405	25	124	28	0.058
0.785398	2.664082	-1.071402	32	23	104	0.058
2.356194	0.910508	1.903534	30	119	23	0.058
0.000000	0.850607	-1.335383	26	109	23	0.058
2.094395	0.864993	2.278281	31	118	20	0.058
1.047198	0.080730	-2.622036	26	116	28	0.058
0.000000	0.864993	2.278281	21	113	37	0.030
1.832596	1.732874	-0.951685	36	117	109	0.030
-3.141593	0.866955	-0.931351	8	46	5	0.030
2.094395	2.063651	-2.044600	113	34	19	0.030
2.879793	1.214854	-1.966664	32	5	22	0.030
0.523599	1.247695	1.809890	32	112	29	0.030
2.879793	1.128190	-2.288622	31	3	27	0.030
2.879793	0.571433	-1.188419	29	6	26	0.029
1.832596	2.881233	-2.582574	33	112	108	0.029
-2.094395	1.658653	-2.409879	34	2	14	0.029
0.523599	2.979456	-1.009304	31	120	112	0.029
0.261799	1.325504	-1.671296	29	109	13	0.029
2.356194	2.456751	-1.503343	32	116	105	0.029
0.000000	1.025536	1.576859	28	106	29	0.029
1.570796	2.881233	-2.582574	31	109	108	0.029
-0.523599	0.418037	1.360082	24	108	34	0.029
-1.047198	0.899350	-2.069907	36	116	3	0.029
2.879793	1.391910	3.030322	23	5	32	0.029
2.356194	2.404280	-0.174044	28	108	25	0.029
2.094395	2.164094	-2.991358	37	125	15	0.029
2.617994	0.379747	-1.713059	31	121	32	0.029
-0.785398	2.478122	2.609777	36	118	11	0.029
0.785398	0.961715	0.014085	35	107	16	0.029
-3.141593	2.455966	-0.641220	12	23	27	0.029
2.879793	0.866395	-2.492918	29	125	33	0.029
-3.141593	1.872854	1.543456	23	109	106	0.029
2.879793	0.685216	-1.712745	31	2	28	0.029
2.879793	1.450119	-2.739050	28	5	28	0.029
2.356194	1.413430	2.550734	25	4	32	0.029
-1.308997	2.478122	2.609777	32	109	10	0.029
-0.785398	0.929350	-2.910676	33	109	12	0.029
-3.141593	0.619654	-2.216909	28	127	33	0.029
2.879793	0.080730	-2.622036	24	110	35	0.029
0.261799	2.637879	2.121598	31	104	112	0.029
2.879793	2.180315	-1.357379	32	126	106	0.029
1.832596	0.458961	-0.107937	32	0	28	0.029
0.000000	2.456751	-1.503343	30	113	113	0.029
1.832596	0.290380	-0.796960	33	119	30	0.029
2.356194	1.510910	-0.740472	35	1	112	0.029
0.523599	1.696674	-1.253233	122	16	34	0.029
0.785398	0.700570	1.559208	33	122	12	0.028
1.570796	0.960688	-0.577532	125	61	123	0.005
-2.879793	2.108018	1.311430	121	60	1	0.004
2.356194	2.760637	2.781135	0	64	127	0.004
-0.785398	1.824694	1.850876	5	60	124	0.004
-1.047198	1.506530	1.988858	127	75	3	0.004
2.617994	2.247462	0.191623	1	64	3	0.004
-2.356194	1.909857	-0.381669	126	75	2	0.004
-1.047198	1.367556	0.358405	126	75	125	0.004
-2.879793	2.760637	2.781135	0	61	120	0.004
-1.570796	1.450119	-2.739050	125	68	120	0.004
1.570796	1.450119	-2.739050	121	73	126	0.004
0.000000	2.404280	-0.174044	8	68	1	0.004
1.047198	2.115563	0.685730	0	67	4	0.004
-2.356194	1.756530	-2.105156	3	72	127	0.004
-0.785398	1.756530	-2.105156	6	69	125	0.004
-0.523599	1.756530	-2.105156	127	73	122	0.004
-0.261799	1.756530	-2.105156	122	66	127	0.004
2.094395	0.458961	-0.107937	3	70	125	0.004
-2.356194	1.554776	0.100351	5	69	126	0.004
-0.785398	1.554776	0.100351	121	68	0	0.004
2.879793	1.554776	0.100351	7	68	121	0.004
-2.356194	1.846342	-1.796954	1	73	122	0.004
-0.523599	1.846342	-1.796954	127	68	1	0.004
2.617994	1.846342	-1.796954	4	72	7	0.004
-2.879793	2.393226	1.857173	0	73	122	0.004
-1.308997	2.393226	1.857173	1	73	124	0.004
-3.141593	1.569311	-3.003978	3	66	127	0.004
-1.308997	1.569311	-3.003978	3	68	6	0.004
2.879793	0.419640	2.974122	126	68	0	0.004
-1.570796	1.134796	2.434290	124	71	0	0.004
0.523599	1.134796	2.434290	0	72	124	0.004
0.000000	1.574060	2.783565	8	72	124	0.004
0.523599	1.574060	2.783565	5	66	2	0.004
2.879793	1.574060	2.783565	5	69	3	0.004
-2.617994	2.587733	0.232235	126	68	125	0.004
-0.785398	2.587733	0.232235	1	67	127	0.004
0.785398	2.587733	0.232235	2	66	124	0.004
1.832596	2.587733	0.232235	6	73	126	0.004
-2.879793	1.413430	2.550734	124	68	3	0.004
-3.141593	1.417623	-0.202254	125	73	5	0.004
-2.094395	0.850607	-1.335383	4	71	121	0.004
-0.261799	0.850607	-1.335383	127	73	125	0.004
-0.785398	0.370812	-2.547742	123	72	6	0.004
-0.523599	0.370812	-2.547742	4	66	123	0.004
0.785398	0.370812	-2.547742	123	59	126	0.004
2.094395	0.370812	-2.547742	126	68	125	0.004
-2.879793	0.640596	-2.797608	1	72	125	0.004
-1.832596	0.831641	0.616218	4	66	8	0.004
0.000000	0.831641	0.616218	5	70	124	0.004
1.832596	0.831641	0.616218	125	73	121	0.004
1.832596	1.998705	2.370472	0	69	126	0.004
1.308997	1.413347	-1.339188	124	69	3	0.004
-0.523599	0.906588	1.252948	6	69	123	0.004
0.523599	0.906588	1.252948	1	67	126	0.004
-2.617994	1.335669	0.897240	0	66	126	0.004
-2.356194	1.335669	0.897240	3	72	2	0.004
-1.308997	1.335669	0.897240	0	72	127	0.004
-2.879793	1.870545	-2.976234	127	68	4	0.004
1.832596	1.870545	-2.976234	4	72	124	0.004
2.617994	1.870545	-2.976234	127	72	1	0.004
0.785398	2.164094	-2.991358	0	68	120	0.004
-2.356194	0.866955	-0.931351	123	72	0	0.004
-1.047198	2.299159	2.264663	124	67	121	0.004
0.785398	2.299159	2.264663	2	68	125	0.004
-1.308997	1.812176	0.656819	126	71	0	0.004
1.570796	2.719179	-1.780644	1	70	127	0.004
-2.617994	2.396274	-1.959260	1	68	5	0.004
-1.570796	1.617114	-1.572037	2	73	4	0.004
1.832596	1.617114	-1.572037	125	73	126	0.004
2.356194	1.617114	-1.572037	125	69	126	0.004
-2.094395	0.864993	2.278281	1	71	125	0.004
-1.047198	0.864993	2.278281	125	72	127	0.004
-0.785398	0.864993	2.278281	8	68	125	0.004
0.785398	1.014500	0.906702	126	72	6	0.004
2.094395	2.247462	0.191623	1	71	2	0.004
-1.308997	1.194549	-0.801900	0	71	2	0.004
2.879793	1.194549	-0.801900	0	72	123	0.004
-1.832596	1.504028	0.636812	127	72	124	0.004
-1.570796	1.741644	-2.695914	0	71	121	0.004
-1.047198	1.741644	-2.695914	1	72	123	0.004
1.832596	1.741644	-2.695914	1	69	121	0.004
-0.523599	2.174483	2.653697	123	66	123	0.004
1.308997	2.174483	2.653697	126	72	1	0.004
-1.832596	2.664082	-1.071402	121	73	0	0.004
-3.141593	2.579248	-2.364801	126	67	1	0.004
1.570796	0.899350	-2.069907	124	66	123	0.004
0.785398	2.984978	1.954446	0	72	123	0.004
1.047198	1.766067	2.153843	3	67	119	0.004
2.617994	1.766067	2.153843	126	72	0	0.004
-0.523599	1.135834	-1.431087	125	71	125	0.004
0.261799	1.909857	-0.381669	0	68	5	0.004
-2.879793	1.195355	1.200319	5	72	126	0.004
1.570796	1.195355	1.200319	125	67	1	0.004
0.261799	1.310100	1.488307	1	72	10	0.004
-1.832596	2.153910	-1.714959	2	72	124	0.004
2.356194	2.153910	-1.714959	2	71	123	0.004
2.879793	2.153910	-1.714959	1	67	4	0.004
-2.617994	1.134497	-1.109631	123	73	122	0.004
1.047198	1.134497	-1.109631	7	68	6	0.004
1.832596	1.134497	-1.109631	5	72	0	0.004
-3.141593	0.961715	0.014085	121	73	124	0.004
0.000000	0.961715	0.014085	123	73	1	0.004
-1.570796	1.367556	0.358405	122	67	5	0.004
2.617994	1.440580	2.260026	123	72	125	0.004
-2.879793	2.863997	0.549740	5	66	0	0.004
-0.785398	2.863997	0.549740	3	70	121	0.004
-0.523599	2.863997	0.549740	4	73	122	0.004
0.523599	2.863997	0.549740	125	67	8	0.004
1.832596	2.863997	0.549740	4	72	122	0.004
-2.094395	2.041297	-2.664597	0	67	125	0.004
-0.523599	2.041297	-2.664597	124	73	124	0.004
1.570796	2.041297	-2.664597	123	73	123	0.004
1.832596	2.041297	-2.664597	127	72	121	0.004
1.047198	1.045978	0.343692	6	69	2	0.004
2.617994	0.290380	-0.796960	126	70	124	0.004
-1.047198	2.356369	3.005869	2	73	122	0.004
2.356194	1.948085	-2.363031	3	69	121	0.004
-2.617994	1.736875	3.023612	0	69	2	0.004
-0.785398	1.736875	3.023612	6	72	2	0.004
-3.141593	0.591903	2.010408	126	68	127	0.004
-1.308997	0.591903	2.010408	0	67	8	0.004
2.617994	0.591903	2.010408	127	70	126	0.004
-2.356194	2.760637	2.781135	1	73	120	0.004
2.879793	2.760637	2.781135	125	72	125	0.004
2.617994	1.256302	0.062705	121	67	5	0.004
-3.141593	2.592629	0.909713	4	60	0	0.004
-2.094395	2.592629	0.909713	4	73	1	0.004
1.047198	2.592629	0.909713	1	72	0	0.004
2.879793	2.407836	1.410646	0	73	122	0.004
0.261799	0.619654	-2.216909	1	67	127	0.004
-0.785398	2.001437	0.381215	125	73	123	0.004
-1.047198	2.138223	1.678323	0	67	124	0.004
-1.308997	2.349581	-2.702517	123	67	5	0.004
-0.785398	2.349581	-2.702517	0	72	1	0.004
-0.261799	2.349581	-2.702517	0	72	4	0.004
-3.141593	2.180315	-1.357379	127	68	2	0.004
0.523599	2.180315	-1.357379	126	73	126	0.004
-2.356194	2.478122	2.609777	0	72	119	0.004
1.570796	2.478122	2.609777	2	67	119	0.004
-3.141593	2.108018	1.311430	126	72	5	0.004
1.832596	2.108018	1.311430	124	72	123	0.004
-1.832596	1.488617	1.159546	120	71	125	0.004
0.523599	1.488617	1.159546	127	72	4	0.004
2.356194	1.325504	-1.671296	127	72	1	0.004
-3.141593	1.606104	-0.451151	126	72	127	0.004
-0.785398	1.606104	-0.451151	127	72	8	0.004
2.617994	1.606104	-0.451151	126	68	126	0.004
2.879793	1.977582	0.969896	7	68	2	0.004
1.832596	2.637879	2.121598	3	66	8	0.004
-0.261799	1.218453	2.777284	0	73	124	0.004
1.570796	1.218453	2.777284	126	67	2	0.004
-1.047198	1.555207	1.708892	4	70	124	0.004
-2.617994	2.295480	1.008277	126	73	6	0.004
0.000000	2.295480	1.008277	127	72	127	0.004
0.785398	2.295480	1.008277	124	68	126	0.004
2.879793	2.295480	1.008277	3	67	1	0.004
-1.570796	0.203748	0.590255	0	67	0	0.004
-1.047198	0.203748	0.590255	0	66	122	0.004
0.785398	0.203748	0.590255	0	67	127	0.004
2.879793	0.203748	0.590255	2	72	123	0.004
2.617994	1.510910	-0.740472	4	68	0	0.004
0.523599	0.571433	-1.188419	127	67	126	0.004
0.785398	0.571433	-1.188419	127	70	0	0.004
2.879793	0.297065	2.160177	6	72	2	0.004
0.000000	1.242974	-2.977882	6	71	4	0.004
2.617994	1.242974	-2.977882	2	72	124	0.004
1.308997	0.992645	-1.723759	126	67	123	0.004
2.094395	0.992645	-1.723759	1	67	11	0.004
2.617994	0.992645	-1.723759	0	68	123	0.004
-2.356194	2.104282	-0.813972	5	69	1	0.004
-1.047198	1.872854	1.543456	127	73	3	0.004
-0.523599	0.762244	-0.273349	4	67	5	0.004
2.617994	0.762244	-0.273349	1	68	7	0.004
1.047198	1.050534	3.042579	125	70	120	0.004
-1.047198	0.733948	3.021411	127	68	126	0.004
-3.141593	2.588535	-2.976617	6	67	2	0.004
-1.047198	1.391910	3.030322	0	67	124	0.004
-2.879793	0.685216	-1.712745	8	72	2	0.004
-2.617994	0.685216	-1.712745	125	70	127	0.004
-1.832596	1.025536	1.576859	0	73	3	0.004
-2.094395	2.251330	-2.330739	0	73	122	0.004
-2.879793	1.374601	-2.456031	126	66	124	0.004
-1.570796	1.374601	-2.456031	7	68	6	0.004
1.047198	1.374601	-2.456031	123	72	127	0.004
-1.047198	1.732874	-0.951685	1	66	2	0.004
-2.617994	1.824694	1.850876	3	66	124	0.004
-2.356194	0.910508	1.903534	3	72	127	0.004
0.523599	0.910508	1.903534	4	72	122	0.004
2.879793	0.910508	1.903534	122	72	2	0.004
-1.047198	0.929350	-2.910676	127	67	124	0.004
2.356194	0.929350	-2.910676	125	66	7	0.004
-3.141593	1.128190	-2.288622	126	71	2	0.004
-2.094395	1.128190	-2.288622	1	68	5	0.004
-0.523599	1.128190	-2.288622	127	72	124	0.004
-0.785398	2.881233	-2.582574	126	72	123	0.004
0.000000	2.881233	-2.582574	1	67	122	0.004
0.261799	2.881233	-2.582574	5	66	4	0.004
-2.356194	1.696674	-1.253233	4	72	6	0.004
-2.879793	2.073035	2.027405	5	68	5	0.004
0.261799	2.073035	2.027405	6	68	123	0.004
-1.832596	1.875281	0.107086	2	72	126	0.004
0.523599	1.875281	0.107086	127	72	1	0.004
-1.308997	1.247695	1.809890	122	68	0	0.004
0.000000	1.247695	1.809890	0	71	8	0.004
0.261799	1.301460	-0.509251	125	71	2	0.004
-1.570796	0.709924	0.218797	127	70	1	0.004
1.570796	0.709924	0.218797	4	67	125	0.004
-0.785398	0.496451	0.593859	3	68	123	0.004
-2.879793	2.379497	0.561089	125	72	0	0.004
0.000000	2.379497	0.561089	126	68	5	0.004
-3.141593	1.433411	-1.035986	1	73	124	0.004
-2.617994	1.433411	-1.035986	127	72	127	0.004
2.356194	1.433411	-1.035986	2	73	125	0.004
-1.570796	1.658653	-2.409879	126	73	2	0.004
-1.308997	1.658653	-2.409879	0	69	4	0.004
0.523599	0.418037	1.360082	8	66	4	0.004
-2.094395	1.214854	-1.966664	6	68	4	0.004
-1.570796	1.214854	-1.966664	1	70	118	0.004
-1.308997	0.914445	2.687814	3	73	122	0.004
-2.094395	1.135813	-2.658866	127	72	126	0.004
-1.570796	1.135813	-2.658866	0	67	2	0.004
-0.261799	1.448123	-2.163292	2	72	124	0.004
0.523599	1.448123	-2.163292	121	68	0	0.004
1.047198	1.448123	-2.163292	7	69	124	0.004
2.094395	2.455966	-0.641220	0	67	1	0.004
-0.785398	1.662363	0.915448	7	73	120	0.004
0.000000	1.662363	0.915448	127	73	125	0.004
-2.879793	2.063651	-2.044600	127	64	6	0.004
-0.523599	1.014500	0.906702	5	65	123	0.004
-0.523599	2.579248	-2.364801	0	65	123	0.004
-1.832596	1.184361	0.625864	127	64	126	0.004
-2.879793	1.113094	-0.272241	0	65	123	0.004
-0.785398	1.184361	0.625864	0	63	122	0.004
1.047198	1.134796	2.434290	8	62	3	0.004
1.308997	1.134796	2.434290	123	51	123	0.004
2.879793	2.863997	0.549740	1	64	1	0.004
0.000000	0.290380	-0.796960	126	63	126	0.004
-2.356194	0.619654	-2.216909	125	63	4	0.004
-2.094395	2.478122	2.609777	1	65	6	0.004
1.832596	1.510910	-0.740472	6	80	125	0.004
-2.094395	0.379747	-1.713059	7	62	126	0.004
-0.785398	0.618092	2.539118	5	64	121	0.003
0.261799	2.153910	-1.714959	127	64	125	0.003
-2.356194	2.089241	-0.114193	125	64	124	0.003
-1.308997	2.637879	2.121598	122	64	1	0.003
-2.356194	1.872854	1.543456	123	63	1	0.003
0.261799	1.025536	1.576859	124	61	127	0.003
0.000000	2.073035	2.027405	125	64	124	0.003
-0.523599	1.574060	2.783565	4	63	125	0.003
-2.356194	1.948085	-2.363031	4	64	121	0.003
2.879793	2.478122	2.609777	122	61	1	0.003
2.879793	0.458961	-0.107937	127	65	3	0.003
1.832596	1.599406	1.426070	126	76	122	0.003
-3.141593	1.554776	0.100351	4	58	127	0.003
0.000000	1.569311	-3.003978	1	65	2	0.003
2.617994	2.587733	0.232235	3	64	125	0.003
-2.879793	1.417623	-0.202254	0	76	121	0.003
-2.617994	0.831641	0.616218	4	65	1	0.003
-2.617994	0.674054	1.013609	1	53	6	0.003
0.000000	1.870545	-2.976234	120	77	124	0.003
-1.047198	0.379747	-1.713059	125	62	123	0.003
1.047198	0.379747	-1.713059	125	64	5	0.003
-0.261799	1.812176	0.656819	123	65	122	0.003
-2.879793	0.866395	-2.492918	2	59	122	0.003
-3.141593	1.617114	-1.572037	124	61	125	0.003
-2.356194	1.617114	-1.572037	121	68	122	0.003
0.523599	0.864993	2.278281	1	54	118	0.003
-0.523599	1.741644	-2.695914	126	61	123	0.003
0.785398	1.741644	-2.695914	127	64	5	0.003
-1.832596	2.174483	2.653697	6	79	6	0.003
-1.047198	0.961715	0.014085	127	60	121	0.003
0.000000	2.356369	3.005869	6	58	127	0.003
-2.879793	2.349581	-2.702517	2	61	122	0.003
-1.570796	2.180315	-1.357379	126	62	122	0.003
-2.879793	2.478122	2.609777	3	61	120	0.003
-1.308997	1.699788	2.452890	123	58	127	0.003
-1.308997	1.325504	-1.671296	1	59	122	0.003
1.570796	0.992645	-1.723759	3	75	124	0.003
1.308997	1.872854	1.543456	3	64	6	0.003
-2.617994	2.588535	-2.976617	1	75	4	0.003
-3.141593	1.374601	-2.456031	122	65	0	0.003
-3.141593	0.910508	1.903534	123	70	9	0.003
1.570796	0.929350	-2.910676	127	72	10	0.003
-1.832596	1.128190	-2.288622	8	60	126	0.003
1.570796	1.696674	-1.253233	3	64	127	0.003
-0.523599	1.904882	-1.478089	1	64	5	0.003
-1.047198	0.418037	1.360082	1	58	122	0.003
-0.261799	0.914445	2.687814	1	61	121	0.003
-2.356194	1.135813	-2.658866	126	59	124	0.003
-2.617994	1.417623	-0.202254	1	64	120	0.003
0.523599	1.998705	2.370472	127	65	124	0.003
2.617994	1.045978	0.343692	0	64	121	0.003
-0.261799	0.591903	2.010408	1	65	124	0.003
-0.785398	2.407836	1.410646	121	59	1	0.003
-0.785398	2.295480	1.008277	121	62	1	0.003
-0.261799	0.080730	-2.622036	127	64	124	0.003
-2.879793	0.496451	0.593859	127	65	122	0.003
-2.356194	1.214854	-1.966664	0	65	124	0.003
-2.617994	2.164094	-2.991358	2	65	124	0.003
0.000000	1.617114	-1.572037	0	63	127	0.003
1.047198	1.809167	1.213774	3	61	126	0.003
1.308997	1.440580	2.260026	124	65	124	0.003
0.523599	1.836682	-0.676006	0	76	127	0.003
-0.523599	1.948085	-2.363031	6	60	0	0.003
-1.832596	2.001437	0.381215	127	64	0	0.003
0.261799	1.699788	2.452890	2	65	124	0.003
-2.879793	1.606104	-0.451151	4	62	0	0.003
2.094395	2.637879	2.121598	127	74	3	0.003
2.356194	0.080730	-2.622036	127	63	122	0.003
-0.261799	1.374601	-2.456031	1	58	0	0.003
1.832596	1.374601	-2.456031	0	61	2	0.003
2.879793	1.374601	-2.456031	4	60	127	0.003
1.570796	1.301460	-0.509251	125	64	125	0.003
-0.785398	1.214854	-1.966664	124	60	5	0.003
1.308997	1.506530	1.988858	122	52	127	0.003
0.261799	1.195355	1.200319	123	59	3	0.003
-2.356194	0.929350	-2.910676	1	52	125	0.003
-2.879793	1.658653	-2.409879	124	64	124	0.003
-3.141593	0.914445	2.687814	0	55	120	0.003
-1.308997	1.756530	-2.105156	127	60	126	0.003
1.570796	1.869911	2.701025	1	60	6	0.003
0.785398	0.458961	-0.107937	127	51	125	0.003
0.261799	0.618092	2.539118	0	64	121	0.003
1.832596	2.393226	1.857173	5	58	123	0.003
-1.308997	0.419640	2.974122	122	60	127	0.003
-2.356194	0.906588	1.252948	5	59	2	0.003
-0.523599	2.164094	-2.991358	127	62	126	0.003
-1.047198	2.396274	-1.959260	127	74	126	0.003
-0.785398	1.014500	0.906702	126	80	126	0.003
0.261799	2.247462	0.191623	1	58	3	0.003
-2.617994	1.194549	-0.801900	5	60	123	0.003
-3.141593	1.504028	0.636812	2	65	125	0.003
1.570796	1.741644	-2.695914	127	75	121	0.003
-2.617994	2.174483	2.653697	2	65	126	0.003
-0.785398	2.664082	-1.071402	126	65	122	0.003
-1.570796	0.899350	-2.069907	1	62	122	0.003
1.308997	0.899350	-2.069907	1	65	1	0.003
-0.523599	1.310100	1.488307	6	60	123	0.003
2.617994	1.367556	0.358405	124	57	3	0.003
1.570796	1.736875	3.023612	0	75	122	0.003
-3.141593	1.256302	0.062705	1	60	7	0.003
0.785398	2.407836	1.410646	6	61	124	0.003
-0.523599	2.089241	-0.114193	123	60	4	0.003
1.047198	2.456751	-1.503343	127	75	127	0.003
-2.356194	2.001437	0.381215	1	57	123	0.003
0.261799	1.506530	1.988858	126	65	4	0.003
1.308997	2.637879	2.121598	1	50	125	0.003
-2.879793	0.203748	0.590255	5	63	122	0.003
1.570796	1.872854	1.543456	4	59	122	0.003
-3.141593	1.391910	3.030322	1	60	122	0.003
-1.308997	1.391910	3.030322	124	63	123	0.003
-2.879793	0.700570	1.559208	124	54	4	0.003
-1.832596	0.700570	1.559208	126	64	4	0.003
-0.261799	1.025536	1.576859	125	59	125	0.003
-2.356194	1.732874	-0.951685	2	79	7	0.003
2.879793	1.824694	1.850876	6	60	126	0.003
-2.356194	2.704512	1.488683	127	64	4	0.003
-2.617994	1.128190	-2.288622	7	59	5	0.003
1.570796	1.128190	-2.288622	2	63	125	0.003
-1.047198	1.696674	-1.253233	4	77	2	0.003
2.617994	1.247695	1.809890	1	75	123	0.003
0.000000	0.709924	0.218797	127	57	127	0.003
-1.832596	2.455966	-0.641220	1	57	125	0.003
-1.308997	1.413430	2.550734	126	64	123	0.003
-0.261799	0.640596	-2.797608	3	65	123	0.003
-0.261799	2.104282	-0.813972	124	63	126	0.003
-2.094395	0.458961	-0.107937	8	60	126	0.003
2.879793	0.370812	-2.547742	5	60	127	0.003
1.832596	1.413347	-1.339188	2	51	126	0.003
1.308997	0.674054	1.013609	124	80	125	0.003
-2.879793	0.906588	1.252948	124	60	5	0.003
2.356194	0.866955	-0.931351	1	61	124	0.003
-0.261799	1.617114	-1.572037	3	64	1	0.003
-1.570796	2.247462	0.191623	2	64	123	0.003
-2.356194	2.174483	2.653697	5	65	122	0.003
1.570796	2.664082	-1.071402	1	60	3	0.003
-1.047198	1.766067	2.153843	2	65	125	0.003
-2.879793	2.153910	-1.714959	123	65	0	0.003
0.261799	2.863997	0.549740	5	60	2	0.003
0.261799	0.290380	-0.796960	125	80	123	0.003
0.785398	0.290380	-0.796960	127	75	6	0.003
-3.141593	1.948085	-2.363031	2	64	126	0.003
-2.879793	1.256302	0.062705	1	65	127	0.003
1.047198	1.256302	0.062705	2	65	125	0.003
1.570796	2.592629	0.909713	2	64	126	0.003
-0.523599	2.138223	1.678323	0	64	125	0.003
-2.356194	1.168678	2.108595	4	60	1	0.003
0.000000	2.180315	-1.357379	5	65	0	0.003
2.879793	2.108018	1.311430	125	60	127	0.003
-0.785398	2.637879	2.121598	3	62	126	0.003
-2.879793	1.555207	1.708892	7	60	3	0.003
-1.308997	2.033014	2.977192	0	59	4	0.003
2.356194	2.104282	-0.813972	5	65	124	0.003
-0.785398	0.762244	-0.273349	2	64	124	0.003
-1.570796	1.025536	1.576859	0	64	0	0.003
-2.617994	1.732874	-0.951685	0	63	2	0.003
-1.832596	1.824694	1.850876	123	64	0	0.003
-1.308997	1.696674	-1.253233	7	77	126	0.003
-0.261799	1.875281	0.107086	4	61	4	0.003
-1.570796	1.247695	1.809890	126	65	125	0.003
1.832596	1.904882	-1.478089	0	65	122	0.003
-0.261799	0.709924	0.218797	127	64	123	0.003
-1.308997	0.496451	0.593859	125	59	6	0.003
-2.617994	2.455966	-0.641220	126	63	121	0.003
-2.094395	1.662363	0.915448	4	61	6	0.003
2.617994	1.450119	-2.739050	3	53	126	0.003
1.832596	2.478122	2.609777	3	65	120	0.003
-0.785398	0.674054	1.013609	0	64	123	0.003
-2.879793	2.719179	-1.780644	3	64	121	0.003
-3.141593	2.356369	3.005869	1	65	120	0.003
-2.879793	1.836682	-0.676006	8	61	0	0.003
-2.879793	1.948085	-2.363031	6	60	0	0.003
1.308997	1.218453	2.777284	9	60	1	0.003
-0.785398	1.555207	1.708892	123	81	121	0.003
-1.832596	2.104282	-0.813972	126	58	3	0.003
-0.261799	0.762244	-0.273349	4	57	120	0.003
2.879793	2.063651	-2.044600	1	64	122	0.003
2.094395	2.073035	2.027405	126	61	1	0.003
-3.141593	0.496451	0.593859	7	60	1	0.003
-2.356194	2.379497	0.561089	123	62	127	0.003
-0.785398	1.450119	-2.739050	1	62	4	0.003
2.879793	2.404280	-0.174044	126	52	124	0.003
-1.047198	2.115563	0.685730	123	75	125	0.003
-0.523599	1.599406	1.426070	127	75	121	0.003
1.308997	1.599406	1.426070	4	60	1	0.003
-2.879793	1.554776	0.100351	2	59	123	0.003
-0.523599	1.554776	0.100351	0	59	0	0.003
-3.141593	0.618092	2.539118	2	62	7	0.003
0.000000	2.393226	1.857173	0	64	4	0.003
0.261799	2.393226	1.857173	124	64	3	0.003
-2.356194	1.569311	-3.003978	0	57	127	0.003
0.785398	1.569311	-3.003978	4	56	4	0.003
-1.570796	1.413430	2.550734	0	59	9	0.003
-2.356194	1.417623	-0.202254	0	65	7	0.003
-2.094395	1.417623	-0.202254	5	60	124	0.003
-0.785398	1.417623	-0.202254	7	64	119	0.003
-1.308997	0.850607	-1.335383	6	64	5	0.003
-0.523599	0.850607	-1.335383	7	61	6	0.003
1.570796	0.370812	-2.547742	127	59	7	0.003
0.261799	0.640596	-2.797608	0	65	125	0.003
-1.047198	2.979456	-1.009304	126	75	2	0.003
-1.570796	2.343981	-1.040456	4	50	0	0.003
-0.785398	2.343981	-1.040456	1	61	121	0.003
-1.308997	1.998705	2.370472	126	59	125	0.003
-2.094395	1.413347	-1.339188	4	58	124	0.003
-1.570796	1.413347	-1.339188	127	58	123	0.003
0.523599	0.674054	1.013609	127	74	125	0.003
-2.094395	1.870545	-2.976234	4	64	6	0.003
0.785398	0.866955	-0.931351	1	63	121	0.003
-0.261799	2.299159	2.264663	122	65	125	0.003
0.261799	2.299159	2.264663	126	64	8	0.003
-2.617994	1.812176	0.656819	4	60	126	0.003
-1.832596	2.396274	-1.959260	125	75	6	0.003
1.570796	1.617114	-1.572037	127	65	119	0.003
2.617994	1.617114	-1.572037	4	60	0	0.003
-1.832596	0.864993	2.278281	5	59	125	0.003
-1.570796	0.864993	2.278281	7	58	125	0.003
0.261799	0.864993	2.278281	126	65	7	0.003
1.047198	0.864993	2.278281	123	60	1	0.003
2.879793	0.864993	2.278281	124	75	123	0.003
-1.570796	1.014500	0.906702	3	60	0	0.003
-2.356194	2.247462	0.191623	124	74	127	0.003
-1.047198	2.247462	0.191623	127	61	8	0.003
-3.141593	2.724429	-0.348782	4	58	6	0.003
0.785398	1.504028	0.636812	6	53	120	0.003
-0.785398	1.741644	-2.695914	3	60	124	0.003
2.094395	2.174483	2.653697	124	58	2	0.003
-0.261799	2.664082	-1.071402	3	80	3	0.003
-2.879793	0.899350	-2.069907	1	65	2	0.003
1.047198	0.899350	-2.069907	4	60	127	0.003
-1.832596	2.984978	1.954446	125	77	3	0.003
0.261799	1.766067	2.153843	5	63	125	0.003
0.523599	1.766067	2.153843	1	65	0	0.003
1.570796	1.766067	2.153843	3	62	120	0.003
-0.523599	1.809167	1.213774	4	58	123	0.003
2.617994	1.809167	1.213774	1	79	4	0.003
1.308997	1.135834	-1.431087	125	60	123	0.003
2.356194	1.909857	-0.381669	123	62	0	0.003
-1.047198	1.195355	1.200319	2	54	0	0.003
-1.308997	1.134497	-1.109631	1	74	122	0.003
-1.308997	1.367556	0.358405	2	63	120	0.003
2.879793	1.440580	2.260026	0	60	122	0.003
2.879793	2.041297	-2.664597	0	49	1	0.003
-1.308997	1.045978	0.343692	126	80	8	0.003
-1.047198	1.045978	0.343692	5	58	124	0.003
2.356194	1.045978	0.343692	3	77	8	0.003
-1.832596	0.290380	-0.796960	122	75	3	0.003
2.094395	1.545873	-1.877082	1	58	123	0.003
-3.141593	1.836682	-0.676006	3	61	123	0.003
0.785398	1.948085	-2.363031	6	58	125	0.003
1.308997	1.736875	3.023612	124	59	123	0.003
-0.785398	0.591903	2.010408	127	64	6	0.003
0.785398	0.591903	2.010408	124	64	123	0.003
-0.261799	2.760637	2.781135	5	75	5	0.003
1.308997	1.256302	0.062705	3	63	127	0.003
-1.570796	2.592629	0.909713	126	59	126	0.003
-0.785398	2.592629	0.909713	7	65	0	0.003
0.523599	2.407836	1.410646	123	59	126	0.003
2.356194	2.407836	1.410646	1	64	2	0.003
-1.570796	2.089241	-0.114193	2	61	127	0.003
2.356194	2.089241	-0.114193	120	63	3	0.003
-2.094395	0.619654	-2.216909	2	60	127	0.003
-1.047198	0.619654	-2.216909	124	61	122	0.003
-0.261799	2.456751	-1.503343	122	59	125	0.003
-1.570796	2.138223	1.678323	1	58	127	0.003
0.261799	2.138223	1.678323	1	60	126	0.003
-0.523599	2.349581	-2.702517	127	74	2	0.003
0.000000	1.184361	0.625864	0	75	125	0.003
-0.523599	1.488617	1.159546	1	64	1	0.003
-2.617994	1.325504	-1.671296	125	64	3	0.003
-3.141593	1.977582	0.969896	123	76	124	0.003
0.000000	1.977582	0.969896	5	64	125	0.003
2.094395	1.218453	2.777284	124	60	123	0.003
1.308997	2.295480	1.008277	3	60	1	0.003
2.617994	2.295480	1.008277	127	64	7	0.003
-0.523599	0.203748	0.590255	3	59	7	0.003
1.308997	0.203748	0.590255	126	61	122	0.003
1.047198	0.297065	2.160177	4	56	3	0.003
1.570796	0.080730	-2.622036	119	64	2	0.003
1.832596	0.080730	-2.622036	123	64	0	0.003
-2.356194	1.242974	-2.977882	125	60	122	0.003
0.261799	1.242974	-2.977882	1	60	123	0.003
1.047198	1.242974	-2.977882	1	60	125	0.003
1.308997	1.242974	-2.977882	5	59	126	0.003
-1.832596	0.992645	-1.723759	4	60	7	0.003
-2.879793	2.104282	-0.813972	1	63	126	0.003
-2.094395	2.104282	-0.813972	0	75	124	0.003
1.832596	2.104282	-0.813972	127	80	4	0.003
-1.570796	1.872854	1.543456	1	59	121	0.003
-0.523599	1.872854	1.543456	127	64	2	0.003
0.523599	1.872854	1.543456	5	64	4	0.003
-0.523599	0.733948	3.021411	0	62	123	0.003
0.523599	0.733948	3.021411	5	59	2	0.003
1.047198	0.700570	1.559208	123	59	124	0.003
1.832596	0.700570	1.559208	2	75	125	0.003
-2.356194	1.025536	1.576859	4	60	4	0.003
1.570796	2.251330	-2.330739	4	58	122	0.003
2.094395	2.251330	-2.330739	126	60	122	0.003
-2.356194	1.374601	-2.456031	7	76	2	0.003
-2.356194	0.960688	-0.577532	4	59	124	0.003
-1.308997	1.824694	1.850876	6	58	127	0.003
1.308997	2.704512	1.488683	2	60	1	0.003
1.570796	2.704512	1.488683	1	65	4	0.003
2.617994	1.696674	-1.253233	125	61	123	0.003
-2.356194	2.073035	2.027405	124	60	124	0.003
0.785398	2.073035	2.027405	126	60	121	0.003
-0.785398	1.875281	0.107086	126	64	6	0.003
-0.261799	1.247695	1.809890	5	64	5	0.003
1.832596	1.301460	-0.509251	1	64	1	0.003
2.094395	1.301460	-0.509251	1	52	118	0.003
-1.308997	0.709924	0.218797	123	57	4	0.003
-0.785398	0.709924	0.218797	126	58	126	0.003
-1.308997	1.433411	-1.035986	0	76	7	0.003
-2.617994	1.658653	-2.409879	123	59	10	0.003
-1.832596	1.658653	-2.409879	6	58	123	0.003
-2.356194	0.418037	1.360082	123	63	123	0.003
1.308997	0.418037	1.360082	3	61	125	0.003
-0.785398	1.448123	-2.163292	4	64	4	0.003
-3.141593	0.899350	-2.069907	3	58	3	0.003
-0.261799	1.809167	1.213774	4	63	124	0.003
1.570796	2.180315	-1.357379	1	60	1	0.003
0.523599	1.606104	-0.451151	3	65	124	0.003
2.879793	2.104282	-0.813972	127	57	118	0.003
-2.617994	0.762244	-0.273349	125	64	125	0.003
1.308997	1.391910	3.030322	3	60	5	0.003
1.570796	2.404280	-0.174044	3	63	1	0.003
-2.617994	1.869911	2.701025	126	65	123	0.003
0.523599	0.618092	2.539118	4	64	123	0.003
-0.261799	1.846342	-1.796954	127	61	0	0.003
-1.832596	1.569311	-3.003978	5	65	126	0.003
0.000000	1.134796	2.434290	1	60	4	0.003
0.000000	0.370812	-2.547742	4	65	123	0.003
-1.570796	0.831641	0.616218	127	60	0	0.003
-0.523599	0.831641	0.616218	121	59	0	0.003
-2.879793	1.413347	-1.339188	7	60	125	0.003
-2.617994	0.906588	1.252948	0	76	0	0.003
0.261799	2.164094	-2.991358	1	62	127	0.003
2.094395	0.866955	-0.931351	2	63	126	0.003
2.356194	2.396274	-1.959260	1	63	123	0.003
-2.094395	0.866395	-2.492918	125	60	5	0.003
-2.356194	2.579248	-2.364801	126	75	0	0.003
2.879793	1.135834	-1.431087	123	65	124	0.003
-0.785398	1.195355	1.200319	126	62	1	0.003
2.879793	1.195355	1.200319	0	60	0	0.003
-0.523599	1.440580	2.260026	8	60	126	0.003
2.356194	1.440580	2.260026	6	60	0	0.003
-1.047198	1.545873	-1.877082	3	63	126	0.003
2.617994	1.836682	-0.676006	4	61	125	0.003
-1.832596	2.407836	1.410646	3	60	0	0.003
2.094395	2.407836	1.410646	1	61	4	0.003
-0.785398	2.180315	-1.357379	125	64	1	0.003
2.617994	2.180315	-1.357379	127	76	0	0.003
-0.785398	1.699788	2.452890	2	80	123	0.003
2.617994	1.488617	1.159546	1	65	122	0.003
1.308997	1.325504	-1.671296	2	63	4	0.003
2.617994	1.506530	1.988858	4	75	3	0.003
-0.523599	2.637879	2.121598	5	63	0	0.003
-0.261799	1.555207	1.708892	125	60	6	0.003
-1.308997	2.295480	1.008277	1	52	2	0.003
-2.617994	1.242974	-2.977882	0	64	0	0.003
-1.308997	0.992645	-1.723759	124	63	0	0.003
0.785398	1.824694	1.850876	7	58	0	0.003
-2.094395	2.704512	1.488683	2	60	9	0.003
-2.356194	2.881233	-2.582574	126	64	1	0.003
-2.879793	1.301460	-0.509251	124	76	1	0.003
-2.356194	0.709924	0.218797	0	76	126	0.003
-1.832596	1.214854	-1.966664	127	63	127	0.003
-2.879793	2.299159	2.264663	1	63	124	0.003
0.785398	1.599406	1.426070	2	79	125	0.003
-2.356194	2.979456	-1.009304	3	63	124	0.003
-1.832596	1.998705	2.370472	5	65	123	0.003
-0.261799	1.870545	-2.976234	126	77	0	0.003
-1.570796	1.766067	2.153843	122	75	4	0.003
-3.141593	1.135834	-1.431087	5	75	4	0.003
-1.047198	1.836682	-0.676006	1	76	2	0.003
-2.094395	1.948085	-2.363031	0	65	125	0.003
0.000000	1.168678	2.108595	7	60	2	0.003
-1.570796	1.824694	1.850876	1	65	125	0.003
-1.047198	2.704512	1.488683	2	59	4	0.003
0.261799	0.910508	1.903534	4	65	122	0.003
2.094395	0.929350	-2.910676	123	65	123	0.003
0.261799	1.875281	0.107086	125	63	126	0.003
-3.141593	1.904882	-1.478089	123	65	125	0.003
-1.308997	2.379497	0.561089	0	64	123	0.003
2.356194	2.455966	-0.641220	124	75	3	0.003
1.047198	1.440580	2.260026	4	80	121	0.003
-2.617994	1.510910	-0.740472	0	55	122	0.003
-1.308997	2.404280	-0.174044	7	65	127	0.003
-3.141593	1.756530	-2.105156	1	77	8	0.003
-2.094395	1.599406	1.426070	4	59	122	0.003
-1.047198	1.599406	1.426070	0	65	1	0.003
-0.261799	1.599406	1.426070	127	63	122	0.003
0.000000	1.554776	0.100351	127	64	126	0.003
-2.879793	0.618092	2.539118	124	76	2	0.003
1.308997	0.618092	2.539118	0	57	125	0.003
-1.047198	1.846342	-1.796954	125	65	7	0.003
-3.141593	0.615174	-0.666022	2	79	7	0.003
1.570796	0.615174	-0.666022	3	64	2	0.003
2.094395	0.615174	-0.666022	2	58	126	0.003
-2.094395	2.393226	1.857173	3	58	5	0.003
0.785398	2.393226	1.857173	4	64	4	0.003
-2.094395	0.419640	2.974122	1	76	7	0.003
-2.356194	1.134796	2.434290	1	64	122	0.003
-0.523599	2.587733	0.232235	122	76	124	0.003
2.617994	1.417623	-0.202254	0	75	6	0.003
-2.617994	0.370812	-2.547742	126	59	127	0.003
-1.832596	0.370812	-2.547742	126	59	126	0.003
1.832596	0.640596	-2.797608	4	57	119	0.003
-2.094395	2.979456	-1.009304	3	77	125	0.003
0.785398	2.979456	-1.009304	3	57	127	0.003
2.094395	0.831641	0.616218	124	75	7	0.003
-0.261799	1.413347	-1.339188	5	59	124	0.003
1.570796	1.413347	-1.339188	126	59	123	0.003
2.879793	1.413347	-1.339188	3	60	122	0.003
2.094395	0.674054	1.013609	3	52	120	0.003
-2.094395	0.906588	1.252948	1	64	8	0.003
2.879793	0.906588	1.252948	120	64	0	0.003
-0.261799	2.164094	-2.991358	2	58	125	0.003
-3.141593	0.379747	-1.713059	0	75	3	0.003
-2.356194	0.379747	-1.713059	0	65	126	0.003
1.308997	0.379747	-1.713059	0	58	122	0.003
-1.308997	2.187132	-0.479875	2	75	123	0.003
1.832596	2.719179	-1.780644	2	64	3	0.003
2.094395	1.617114	-1.572037	3	58	5	0.003
0.000000	2.247462	0.191623	1	63	127	0.003
2.879793	2.247462	0.191623	5	58	127	0.003
-0.523599	1.504028	0.636812	0	64	2	0.003
0.523599	1.741644	-2.695914	1	57	124	0.003
2.094395	1.741644	-2.695914	124	76	123	0.003
-1.570796	2.664082	-1.071402	123	76	124	0.003
-3.141593	1.766067	2.153843	125	74	124	0.003
-2.356194	1.809167	1.213774	5	58	9	0.003
-1.047198	1.809167	1.213774	6	60	123	0.003
-2.356194	1.195355	1.200319	2	60	124	0.003
0.523599	1.195355	1.200319	4	65	121	0.003
1.832596	1.195355	1.200319	124	79	7	0.003
0.000000	1.310100	1.488307	120	80	126	0.003
2.617994	1.310100	1.488307	7	64	8	0.003
-0.261799	1.134497	-1.109631	4	76	126	0.003
2.356194	1.134497	-1.109631	1	64	1	0.003
-0.785398	1.367556	0.358405	0	62	125	0.003
0.785398	2.863997	0.549740	124	61	4	0.003
-2.879793	1.045978	0.343692	1	80	8	0.003
-2.617994	0.290380	-0.796960	126	65	1	0.003
-1.308997	1.545873	-1.877082	0	59	121	0.003
-0.523599	1.545873	-1.877082	127	63	122	0.003
-0.785398	2.356369	3.005869	122	61	3	0.003
1.047198	2.356369	3.005869	6	58	5	0.003
1.570796	2.356369	3.005869	6	65	127	0.003
2.094395	1.948085	-2.363031	3	75	126	0.003
-1.832596	0.591903	2.010408	3	79	5	0.003
-1.308997	2.760637	2.781135	0	64	1	0.003
-2.094395	2.407836	1.410646	1	64	4	0.003
1.308997	0.619654	-2.216909	127	74	122	0.003
-1.047198	2.456751	-1.503343	2	75	124	0.003
-1.047198	2.001437	0.381215	4	59	125	0.003
1.047198	2.138223	1.678323	125	62	0	0.003
-1.570796	1.168678	2.108595	2	59	4	0.003
1.047198	2.180315	-1.357379	7	58	125	0.003
-2.617994	2.478122	2.609777	2	58	1	0.003
0.523599	1.699788	2.452890	5	60	7	0.003
0.785398	2.108018	1.311430	2	75	0	0.003
-0.785398	1.488617	1.159546	6	58	127	0.003
1.832596	1.488617	1.159546	4	62	4	0.003
-0.261799	1.325504	-1.671296	7	59	125	0.003
-0.261799	1.606104	-0.451151	1	55	2	0.003
-0.785398	1.977582	0.969896	5	60	2	0.003
-2.617994	2.637879	2.121598	122	60	125	0.003
-2.094395	1.218453	2.777284	5	65	5	0.003
0.523599	1.555207	1.708892	3	59	127	0.003
0.261799	0.203748	0.590255	1	79	5	0.003
-2.879793	0.571433	-1.188419	125	64	1	0.003
2.617994	1.982574	-1.115518	124	63	4	0.003
1.308997	2.033014	2.977192	2	76	124	0.003
1.832596	2.033014	2.977192	3	60	4	0.003
-2.879793	1.242974	-2.977882	1	65	127	0.003
0.261799	2.104282	-0.813972	6	58	124	0.003
0.261799	1.872854	1.543456	1	65	3	0.003
-2.356194	1.721184	-0.153948	125	61	0	0.003
-1.570796	1.721184	-0.153948	0	59	123	0.003
-2.356194	1.391910	3.030322	3	61	123	0.003
-0.261799	0.685216	-1.712745	5	80	7	0.003
-2.617994	0.700570	1.559208	3	64	12	0.003
2.617994	2.251330	-2.330739	127	64	2	0.003
-1.570796	1.732874	-0.951685	1	61	127	0.003
1.308997	1.732874	-0.951685	0	64	122	0.003
-1.047198	0.960688	-0.577532	0	64	1	0.003
1.308997	0.960688	-0.577532	1	80	3	0.003
-2.094395	1.824694	1.850876	5	80	124	0.003
-0.785398	0.910508	1.903534	3	58	123	0.003
0.000000	0.910508	1.903534	124	60	124	0.003
0.785398	0.910508	1.903534	8	64	5	0.003
-2.094395	0.929350	-2.910676	127	61	123	0.003
-0.261799	0.929350	-2.910676	2	76	123	0.003
2.617994	1.128190	-2.288622	6	54	4	0.003
-2.617994	2.881233	-2.582574	4	60	125	0.003
0.000000	1.696674	-1.253233	1	64	124	0.003
2.879793	1.696674	-1.253233	3	58	1	0.003
-2.356194	1.683268	0.374177	0	63	120	0.003
-1.832596	1.683268	0.374177	0	59	121	0.003
0.523599	2.073035	2.027405	122	58	126	0.003
0.000000	1.875281	0.107086	124	59	123	0.003
1.047198	1.904882	-1.478089	123	63	0	0.003
0.261799	0.709924	0.218797	3	65	2	0.003
0.523599	0.709924	0.218797	3	80	0	0.003
0.785398	1.658653	-2.409879	0	62	6	0.003
0.261799	1.214854	-1.966664	126	58	120	0.003
-1.308997	2.455966	-0.641220	126	60	124	0.003
-0.523599	1.662363	0.915448	124	62	122	0.003
-0.785398	1.335669	0.897240	123	51	0	0.003
2.879793	1.875281	0.107086	2	63	124	0.003
1.570796	2.343981	-1.040456	121	80	1	0.003
-1.047198	1.998705	2.370472	122	75	4	0.003
-1.570796	2.719179	-1.780644	119	65	125	0.003
-1.570796	2.724429	-0.348782	124	58	6	0.003
-0.261799	0.899350	-2.069907	126	64	122	0.003
-2.617994	2.760637	2.781135	8	59	3	0.003
-0.785398	2.108018	1.311430	8	74	3	0.003
-1.832596	1.218453	2.777284	7	60	3	0.003
2.617994	2.033014	2.977192	5	60	2	0.003
-2.094395	1.721184	-0.153948	4	77	127	0.003
1.570796	2.588535	-2.976617	5	58	8	0.003
0.523599	1.391910	3.030322	3	75	4	0.003
-0.785398	2.063651	-2.044600	120	65	126	0.003
-3.141593	1.214854	-1.966664	127	63	0	0.003
-2.617994	1.448123	-2.163292	3	61	127	0.003
2.356194	1.606104	-0.451151	123	59	2	0.003
0.261799	2.404280	-0.174044	119	80	7	0.003
-1.570796	2.115563	0.685730	1	57	123	0.003
2.879793	2.115563	0.685730	126	64	125	0.003
-0.523599	0.618092	2.539118	4	61	125	0.003
-2.617994	0.615174	-0.666022	122	58	6	0.003
-2.617994	2.393226	1.857173	7	59	126	0.003
-0.523599	2.393226	1.857173	123	61	5	0.003
-2.617994	0.419640	2.974122	4	61	0	0.003
1.308997	2.587733	0.232235	127	64	1	0.003
2.094395	0.850607	-1.335383	126	81	123	0.003
1.047198	2.343981	-1.040456	127	59	4	0.003
-1.047198	0.674054	1.013609	127	76	6	0.003
-0.523599	1.870545	-2.976234	6	74	2	0.003
1.832596	2.187132	-0.479875	125	64	0	0.003
-2.879793	1.812176	0.656819	3	77	127	0.003
-2.879793	1.617114	-1.572037	125	79	125	0.003
1.308997	0.864993	2.278281	122	76	1	0.003
-1.832596	2.247462	0.191623	127	74	5	0.003
2.617994	2.724429	-0.348782	2	63	0	0.003
-1.308997	1.504028	0.636812	5	63	123	0.003
-2.094395	1.741644	-2.695914	5	59	1	0.003
2.356194	2.174483	2.653697	120	78	0	0.003
-2.879793	2.579248	-2.364801	125	76	2	0.003
1.832596	2.579248	-2.364801	1	64	1	0.003
-1.832596	1.909857	-0.381669	1	62	124	0.003
-3.141593	1.310100	1.488307	0	55	124	0.003
-0.261799	1.310100	1.488307	126	65	125	0.003
1.047198	2.863997	0.549740	125	53	125	0.003
-0.261799	2.041297	-2.664597	121	51	125	0.003
-2.879793	2.356369	3.005869	122	75	1	0.003
2.356194	1.836682	-0.676006	3	60	126	0.003
-2.617994	1.948085	-2.363031	125	54	0	0.003
-2.094395	2.760637	2.781135	120	60	127	0.003
-1.832596	2.760637	2.781135	4	61	126	0.003
-1.570796	2.407836	1.410646	121	74	3	0.003
-0.523599	0.619654	-2.216909	4	60	6	0.003
-2.094395	2.456751	-1.503343	2	52	124	0.003
0.785398	2.001437	0.381215	126	80	126	0.003
-2.094395	2.138223	1.678323	3	76	9	0.003
1.832596	1.168678	2.108595	3	53	1	0.003
2.356194	1.168678	2.108595	5	60	6	0.003
-1.832596	2.180315	-1.357379	127	59	0	0.003
2.879793	1.699788	2.452890	9	59	2	0.003
-3.141593	1.325504	-1.671296	124	60	6	0.003
-2.094395	1.977582	0.969896	127	61	127	0.003
1.308997	1.977582	0.969896	1	62	0	0.003
-2.356194	2.637879	2.121598	127	65	122	0.003
0.523599	2.637879	2.121598	2	65	127	0.003
0.785398	1.555207	1.708892	127	76	6	0.003
-2.356194	0.571433	-1.188419	0	77	0	0.003
-2.356194	1.982574	-1.115518	5	53	123	0.003
-0.785398	1.242974	-2.977882	0	51	126	0.003
2.094395	2.104282	-0.813972	0	60	126	0.003
1.308997	0.762244	-0.273349	124	61	0	0.003
-2.879793	1.050534	3.042579	9	76	2	0.003
2.094395	0.733948	3.021411	124	60	4	0.003
0.000000	0.960688	-0.577532	124	65	127	0.003
-2.356194	1.824694	1.850876	125	77	126	0.003
-2.617994	1.683268	0.374177	127	79	123	0.003
2.617994	1.683268	0.374177	0	60	126	0.003
0.000000	1.448123	-2.163292	9	57	120	0.003
-1.570796	1.662363	0.915448	6	65	0	0.003
-1.308997	1.662363	0.915448	123	80	126	0.003
0.261799	2.115563	0.685730	4	65	121	0.003
-2.617994	2.115563	0.685730	124	74	8	0.003
-1.832596	1.756530	-2.105156	3	63	1	0.003
0.000000	1.599406	1.426070	1	80	120	0.003
-1.570796	0.618092	2.539118	125	76	3	0.003
-0.785398	1.504028	0.636812	3	62	125	0.003
2.879793	1.310100	1.488307	125	78	127	0.003
2.094395	2.863997	0.549740	122	61	1	0.003
-2.617994	2.041297	-2.664597	127	64	124	0.003
-0.785398	1.113094	-0.272241	122	61	127	0.003
0.785398	2.456751	-1.503343	8	60	127	0.003
-3.141593	2.138223	1.678323	1	63	123	0.003
-1.570796	1.977582	0.969896	0	76	1	0.003
2.356194	0.571433	-1.188419	8	75	1	0.003
0.785398	0.297065	2.160177	6	52	125	0.003
-1.047198	0.992645	-1.723759	125	64	123	0.003
-1.047198	1.050534	3.042579	5	62	1	0.003
2.094395	2.881233	-2.582574	2	80	124	0.003
-2.094395	1.683268	0.374177	126	64	124	0.003
2.356194	1.875281	0.107086	3	80	122	0.003
-2.094395	0.914445	2.687814	4	53	124	0.003
2.879793	0.960688	-0.577532	123	65	122	0.003
-3.141593	1.450119	-2.739050	123	67	6	0.003
-2.617994	1.450119	-2.739050	3	72	6	0.003
-2.356194	1.450119	-2.739050	126	72	126	0.003
-2.094395	1.450119	-2.739050	127	68	9	0.003
-1.832596	1.450119	-2.739050	125	72	1	0.003
-1.047198	1.450119	-2.739050	121	72	9	0.003
-0.261799	1.450119	-2.739050	4	73	0	0.003
0.000000	1.450119	-2.739050	1	67	127	0.003
0.261799	1.450119	-2.739050	125	68	4	0.003
0.523599	1.450119	-2.739050	8	68	3	0.003
1.047198	1.450119	-2.739050	6	68	127	0.003
1.308997	1.450119	-2.739050	3	58	126	0.003
-2.879793	2.404280	-0.174044	6	72	5	0.003
-2.356194	2.404280	-0.174044	6	72	7	0.003
-2.094395	2.404280	-0.174044	4	73	5	0.003
-1.832596	2.404280	-0.174044	122	72	4	0.003
-1.570796	2.404280	-0.174044	126	71	125	0.003
-1.047198	2.404280	-0.174044	6	67	123	0.003
-0.785398	2.404280	-0.174044	123	66	125	0.003
-0.523599	2.404280	-0.174044	1	72	123	0.003
-0.261799	2.404280	-0.174044	125	73	6	0.003
0.523599	2.404280	-0.174044	122	66	0	0.003
0.785398	2.404280	-0.174044	2	71	7	0.003
1.047198	2.404280	-0.174044	123	68	5	0.003
1.832596	2.404280	-0.174044	2	72	7	0.003
2.094395	2.404280	-0.174044	1	66	124	0.003
2.617994	2.404280	-0.174044	10	73	126	0.003
-3.141593	2.115563	0.685730	4	72	124	0.003
-2.356194	2.115563	0.685730	4	72	127	0.003
-1.308997	2.115563	0.685730	9	72	4	0.003
-0.785398	2.115563	0.685730	125	72	127	0.003
0.000000	2.115563	0.685730	1	72	121	0.003
0.785398	2.115563	0.685730	126	68	125	0.003
1.308997	2.115563	0.685730	4	68	7	0.003
2.356194	2.115563	0.685730	123	69	5	0.003
-2.879793	1.756530	-2.105156	1	66	123	0.003
-2.617994	1.756530	-2.105156	3	72	5	0.003
-2.094395	1.756530	-2.105156	122	66	1	0.003
-1.570796	1.756530	-2.105156	4	67	5	0.003
-1.047198	1.756530	-2.105156	4	71	2	0.003
0.000000	1.756530	-2.105156	2	71	5	0.003
0.523599	1.756530	-2.105156	125	68	7	0.003
0.785398	1.756530	-2.105156	1	69	3	0.003
1.047198	1.756530	-2.105156	4	68	7	0.003
1.570796	1.756530	-2.105156	1	67	7	0.003
1.832596	1.756530	-2.105156	125	72	7	0.003
2.094395	1.756530	-2.105156	122	72	11	0.003
2.356194	1.756530	-2.105156	124	67	7	0.003
-2.356194	1.869911	2.701025	3	69	3	0.003
-2.094395	1.869911	2.701025	1	72	5	0.003
-1.832596	1.869911	2.701025	122	68	126	0.003
-1.047198	1.869911	2.701025	122	68	127	0.003
-0.523599	1.869911	2.701025	9	68	2	0.003
-0.261799	1.869911	2.701025	4	65	8	0.003
0.000000	1.869911	2.701025	127	72	126	0.003
0.261799	1.869911	2.701025	1	71	124	0.003
0.523599	1.869911	2.701025	127	67	119	0.003
0.785398	1.869911	2.701025	0	72	0	0.003
1.047198	1.869911	2.701025	124	72	0	0.003
1.308997	1.869911	2.701025	3	70	127	0.003
2.356194	1.869911	2.701025	122	57	8	0.003
-2.879793	0.458961	-0.107937	5	70	119	0.003
-2.617994	0.458961	-0.107937	127	67	4	0.003
-1.570796	0.458961	-0.107937	3	68	13	0.003
-1.308997	0.458961	-0.107937	121	72	1	0.003
-0.523599	0.458961	-0.107937	4	68	124	0.003
0.000000	0.458961	-0.107937	3	58	127	0.003
0.261799	0.458961	-0.107937	125	68	127	0.003
0.523599	0.458961	-0.107937	123	73	6	0.003
1.308997	0.458961	-0.107937	2	73	7	0.003
2.356194	0.458961	-0.107937	0	67	4	0.003
-3.141593	1.599406	1.426070	124	66	8	0.003
-2.879793	1.599406	1.426070	124	72	8	0.003
-2.356194	1.599406	1.426070	122	72	127	0.003
-1.570796	1.599406	1.426070	5	72	127	0.003
-1.308997	1.599406	1.426070	122	70	0	0.003
0.261799	1.599406	1.426070	1	68	122	0.003
0.523599	1.599406	1.426070	125	66	125	0.003
1.047198	1.599406	1.426070	125	72	8	0.003
1.570796	1.599406	1.426070	124	67	127	0.003
2.094395	1.599406	1.426070	120	68	3	0.003
2.356194	1.599406	1.426070	7	68	6	0.003
2.617994	1.599406	1.426070	4	72	123	0.003
-2.617994	1.554776	0.100351	125	73	118	0.003
-2.094395	1.554776	0.100351	124	68	3	0.003
-1.832596	1.554776	0.100351	0	73	2	0.003
-1.308997	1.554776	0.100351	123	72	127	0.003
-1.047198	1.554776	0.100351	1	72	3	0.003
-0.261799	1.554776	0.100351	3	72	2	0.003
1.047198	1.554776	0.100351	4	70	127	0.003
2.617994	1.554776	0.100351	127	66	5	0.003
-2.617994	0.618092	2.539118	3	72	5	0.003
-1.832596	0.618092	2.539118	127	69	127	0.003
-0.261799	0.618092	2.539118	3	71	124	0.003
0.000000	0.618092	2.539118	121	72	0	0.003
0.785398	0.618092	2.539118	125	67	127	0.003
1.047198	0.618092	2.539118	3	73	1	0.003
2.617994	0.618092	2.539118	5	73	0	0.003
2.879793	0.618092	2.539118	1	68	124	0.003
-2.879793	1.846342	-1.796954	126	72	4	0.003
-2.617994	1.846342	-1.796954	125	72	124	0.003
-2.094395	1.846342	-1.796954	2	72	125	0.003
-1.832596	1.846342	-1.796954	9	49	0	0.003
-1.570796	1.846342	-1.796954	0	69	122	0.003
-1.308997	1.846342	-1.796954	3	71	9	0.003
-0.785398	1.846342	-1.796954	0	73	0	0.003
0.000000	1.846342	-1.796954	8	66	1	0.003
0.261799	1.846342	-1.796954	125	69	3	0.003
0.785398	1.846342	-1.796954	1	70	122	0.003
1.047198	1.846342	-1.796954	123	69	126	0.003
1.308997	1.846342	-1.796954	125	67	8	0.003
1.570796	1.846342	-1.796954	3	72	7	0.003
2.094395	1.846342	-1.796954	120	68	3	0.003
2.356194	1.846342	-1.796954	123	66	6	0.003
-2.879793	0.615174	-0.666022	5	69	2	0.003
-2.356194	0.615174	-0.666022	5	69	118	0.003
-1.832596	0.615174	-0.666022	126	70	123	0.003
-1.570796	0.615174	-0.666022	127	67	4	0.003
-1.308997	0.615174	-0.666022	121	72	8	0.003
-0.785398	0.615174	-0.666022	126	70	3	0.003
0.000000	0.615174	-0.666022	127	73	1	0.003
0.261799	0.615174	-0.666022	2	66	123	0.003
0.785398	0.615174	-0.666022	125	73	127	0.003
1.832596	0.615174	-0.666022	0	69	6	0.003
2.356194	0.615174	-0.666022	126	71	126	0.003
2.879793	0.615174	-0.666022	1	68	10	0.003
-2.356194	2.393226	1.857173	6	72	4	0.003
-1.832596	2.393226	1.857173	4	69	121	0.003
-0.261799	2.393226	1.857173	125	67	3	0.003
0.523599	2.393226	1.857173	7	73	5	0.003
1.308997	2.393226	1.857173	0	73	122	0.003
1.570796	2.393226	1.857173	6	72	3	0.003
2.356194	2.393226	1.857173	3	68	5	0.003
2.879793	2.393226	1.857173	127	58	0	0.003
-2.879793	1.569311	-3.003978	1	68	127	0.003
-2.617994	1.569311	-3.003978	123	67	125	0.003
-1.570796	1.569311	-3.003978	125	73	2	0.003
-1.047198	1.569311	-3.003978	126	56	9	0.003
-0.785398	1.569311	-3.003978	125	66	123	0.003
-0.261799	1.569311	-3.003978	121	73	1	0.003
1.047198	1.569311	-3.003978	123	68	6	0.003
1.308997	1.569311	-3.003978	126	66	2	0.003
2.094395	1.569311	-3.003978	121	72	8	0.003
2.356194	1.569311	-3.003978	1	73	5	0.003
2.617994	1.569311	-3.003978	0	67	123	0.003
2.879793	1.569311	-3.003978	0	72	4	0.003
-3.141593	0.419640	2.974122	1	66	127	0.003
-2.356194	0.419640	2.974122	122	71	126	0.003
-1.832596	0.419640	2.974122	122	72	8	0.003
-0.785398	0.419640	2.974122	4	73	125	0.003
-0.261799	0.419640	2.974122	121	69	4	0.003
0.000000	0.419640	2.974122	127	73	122	0.003
0.261799	0.419640	2.974122	1	70	2	0.003
0.523599	0.419640	2.974122	124	67	4	0.003
1.570796	0.419640	2.974122	0	70	11	0.003
2.094395	0.419640	2.974122	127	71	0	0.003
2.356194	0.419640	2.974122	127	66	6	0.003
2.617994	0.419640	2.974122	127	67	3	0.003
-3.141593	1.134796	2.434290	7	66	5	0.003
-2.879793	1.134796	2.434290	125	67	2	0.003
-2.617994	1.134796	2.434290	118	72	3	0.003
-2.094395	1.134796	2.434290	124	67	4	0.003
-1.832596	1.134796	2.434290	121	68	8	0.003
-1.308997	1.134796	2.434290	5	69	5	0.003
-1.047198	1.134796	2.434290	121	70	127	0.003
-0.785398	1.134796	2.434290	126	66	9	0.003
0.261799	1.134796	2.434290	1	71	10	0.003
0.785398	1.134796	2.434290	123	71	126	0.003
1.570796	1.134796	2.434290	124	67	1	0.003
-3.141593	1.574060	2.783565	8	72	0	0.003
-2.617994	1.574060	2.783565	0	72	8	0.003
-2.356194	1.574060	2.783565	2	66	123	0.003
-2.094395	1.574060	2.783565	124	69	124	0.003
-1.832596	1.574060	2.783565	123	58	7	0.003
-1.570796	1.574060	2.783565	1	66	8	0.003
-1.308997	1.574060	2.783565	1	71	8	0.003
0.261799	1.574060	2.783565	2	68	1	0.003
0.785398	1.574060	2.783565	127	70	1	0.003
1.832596	1.574060	2.783565	0	69	2	0.003
2.094395	1.574060	2.783565	0	73	122	0.003
-3.141593	2.587733	0.232235	127	67	7	0.003
-2.879793	2.587733	0.232235	126	71	8	0.003
-1.832596	2.587733	0.232235	121	72	126	0.003
-1.570796	2.587733	0.232235	124	72	126	0.003
-1.308997	2.587733	0.232235	2	69	7	0.003
-1.047198	2.587733	0.232235	124	67	2	0.003
-0.261799	2.587733	0.232235	2	70	122	0.003
0.000000	2.587733	0.232235	123	66	3	0.003
0.523599	2.587733	0.232235	127	66	123	0.003
1.047198	2.587733	0.232235	1	71	124	0.003
2.094395	2.587733	0.232235	4	68	123	0.003
2.356194	2.587733	0.232235	9	67	0	0.003
2.879793	2.587733	0.232235	120	71	127	0.003
-3.141593	1.413430	2.550734	8	67	126	0.003
-2.617994	1.413430	2.550734	4	67	6	0.003
-2.356194	1.413430	2.550734	5	72	127	0.003
-2.094395	1.413430	2.550734	123	67	6	0.003
-1.832596	1.413430	2.550734	127	66	0	0.003
-0.785398	1.413430	2.550734	126	73	123	0.003
-0.523599	1.413430	2.550734	123	73	6	0.003
-0.261799	1.413430	2.550734	9	73	3	0.003
0.000000	1.413430	2.550734	5	73	124	0.003
0.261799	1.413430	2.550734	125	68	8	0.003
0.523599	1.413430	2.550734	123	68	3	0.003
1.832596	1.413430	2.550734	6	70	6	0.003
2.094395	1.413430	2.550734	4	72	3	0.003
-1.832596	1.417623	-0.202254	4	72	7	0.003
-1.308997	1.417623	-0.202254	3	67	126	0.003
-0.523599	1.417623	-0.202254	8	71	0	0.003
-0.261799	1.417623	-0.202254	124	67	123	0.003
0.000000	1.417623	-0.202254	1	72	3	0.003
0.523599	1.417623	-0.202254	6	72	0	0.003
1.570796	1.417623	-0.202254	122	72	4	0.003
2.356194	1.417623	-0.202254	127	68	8	0.003
2.879793	1.417623	-0.202254	121	71	125	0.003
-3.141593	0.850607	-1.335383	122	67	124	0.003
-2.879793	0.850607	-1.335383	1	68	3	0.003
-2.617994	0.850607	-1.335383	127	70	8	0.003
-2.356194	0.850607	-1.335383	2	72	4	0.003
-1.570796	0.850607	-1.335383	2	70	2	0.003
-1.047198	0.850607	-1.335383	6	73	0	0.003
0.785398	0.850607	-1.335383	5	68	5	0.003
1.047198	0.850607	-1.335383	127	71	4	0.003
1.308997	0.850607	-1.335383	126	70	122	0.003
1.570796	0.850607	-1.335383	125	71	124	0.003
1.832596	0.850607	-1.335383	123	68	4	0.003
2.356194	0.850607	-1.335383	125	72	7	0.003
2.617994	0.850607	-1.335383	127	71	1	0.003
-3.141593	0.370812	-2.547742	0	72	9	0.003
-2.356194	0.370812	-2.547742	124	70	0	0.003
-2.094395	0.370812	-2.547742	6	68	121	0.003
-1.047198	0.370812	-2.547742	124	72	0	0.003
0.261799	0.370812	-2.547742	1	70	124	0.003
1.832596	0.370812	-2.547742	9	68	2	0.003
2.617994	0.370812	-2.547742	1	68	124	0.003
-3.141593	0.640596	-2.797608	123	61	122	0.003
-2.617994	0.640596	-2.797608	2	72	6	0.003
-1.832596	0.640596	-2.797608	124	73	121	0.003
-1.047198	0.640596	-2.797608	122	72	121	0.003
-0.785398	0.640596	-2.797608	122	68	3	0.003
0.523599	0.640596	-2.797608	0	72	127	0.003
2.356194	0.640596	-2.797608	125	72	7	0.003
2.879793	0.640596	-2.797608	2	72	0	0.003
-3.141593	2.979456	-1.009304	4	67	123	0.003
-2.879793	2.979456	-1.009304	2	73	7	0.003
-2.617994	2.979456	-1.009304	0	66	9	0.003
-1.832596	2.979456	-1.009304	123	68	0	0.003
-1.570796	2.979456	-1.009304	127	72	124	0.003
-1.308997	2.979456	-1.009304	2	72	5	0.003
-0.785398	2.979456	-1.009304	117	72	127	0.003
-0.261799	2.979456	-1.009304	127	73	126	0.003
0.000000	2.979456	-1.009304	3	73	120	0.003
1.047198	2.979456	-1.009304	1	72	120	0.003
2.094395	2.979456	-1.009304	1	68	9	0.003
2.356194	2.979456	-1.009304	2	73	125	0.003
2.617994	2.979456	-1.009304	4	68	9	0.003
-3.141593	0.831641	0.616218	1	66	1	0.003
-2.879793	0.831641	0.616218	2	66	7	0.003
-2.356194	0.831641	0.616218	2	73	127	0.003
-2.094395	0.831641	0.616218	124	71	8	0.003
-1.308997	0.831641	0.616218	124	70	11	0.003
-0.785398	0.831641	0.616218	9	72	0	0.003
-0.261799	0.831641	0.616218	1	68	7	0.003
0.523599	0.831641	0.616218	3	67	122	0.003
1.047198	0.831641	0.616218	3	66	123	0.003
1.308997	0.831641	0.616218	127	73	6	0.003
1.570796	0.831641	0.616218	3	66	8	0.003
2.356194	0.831641	0.616218	1	53	7	0.003
-2.356194	2.343981	-1.040456	127	72	123	0.003
-1.047198	2.343981	-1.040456	0	69	126	0.003
-0.523599	2.343981	-1.040456	2	72	126	0.003
0.000000	2.343981	-1.040456	3	68	124	0.003
1.308997	2.343981	-1.040456	126	72	8	0.003
2.356194	2.343981	-1.040456	6	68	1	0.003
2.617994	2.343981	-1.040456	4	71	4	0.003
2.879793	2.343981	-1.040456	8	70	126	0.003
-3.141593	1.998705	2.370472	8	65	3	0.003
-2.879793	1.998705	2.370472	1	73	124	0.003
-2.356194	1.998705	2.370472	4	67	9	0.003
-1.570796	1.998705	2.370472	4	67	7	0.003
-0.785398	1.998705	2.370472	7	72	125	0.003
-0.261799	1.998705	2.370472	2	72	5	0.003
0.000000	1.998705	2.370472	1	73	9	0.003
0.261799	1.998705	2.370472	127	72	0	0.003
0.785398	1.998705	2.370472	1	68	125	0.003
1.047198	1.998705	2.370472	127	71	120	0.003
1.308997	1.998705	2.370472	4	60	121	0.003
2.356194	1.998705	2.370472	125	52	120	0.003
2.617994	1.998705	2.370472	127	66	9	0.003
2.879793	1.998705	2.370472	1	73	122	0.003
-2.356194	1.413347	-1.339188	125	68	127	0.003
-1.832596	1.413347	-1.339188	126	68	5	0.003
-1.308997	1.413347	-1.339188	2	70	12	0.003
-1.047198	1.413347	-1.339188	125	67	4	0.003
-0.523599	1.413347	-1.339188	0	67	8	0.003
0.000000	1.413347	-1.339188	5	71	122	0.003
1.047198	1.413347	-1.339188	126	67	4	0.003
2.356194	1.413347	-1.339188	7	72	3	0.003
2.617994	1.413347	-1.339188	122	60	121	0.003
-2.356194	0.674054	1.013609	125	62	12	0.003
-1.570796	0.674054	1.013609	2	73	4	0.003
-1.308997	0.674054	1.013609	9	73	3	0.003
-0.523599	0.674054	1.013609	2	72	122	0.003
-0.261799	0.674054	1.013609	127	72	124	0.003
0.261799	0.674054	1.013609	127	73	125	0.003
0.785398	0.674054	1.013609	6	73	0	0.003
1.570796	0.674054	1.013609	127	73	125	0.003
1.832596	0.674054	1.013609	122	71	3	0.003
2.617994	0.674054	1.013609	4	72	127	0.003
2.879793	0.674054	1.013609	2	72	125	0.003
-3.141593	0.906588	1.252948	1	47	126	0.003
-1.308997	0.906588	1.252948	1	72	5	0.003
-1.047198	0.906588	1.252948	124	68	121	0.003
-0.785398	0.906588	1.252948	2	68	7	0.003
-0.261799	0.906588	1.252948	126	73	120	0.003
0.000000	0.906588	1.252948	127	60	6	0.003
1.047198	0.906588	1.252948	121	72	5	0.003
1.308997	0.906588	1.252948	123	73	6	0.003
1.832596	0.906588	1.252948	121	73	124	0.003
2.094395	0.906588	1.252948	123	72	1	0.003
2.617994	0.906588	1.252948	4	68	123	0.003
-2.094395	1.335669	0.897240	4	72	126	0.003
-1.832596	1.335669	0.897240	124	72	7	0.003
-1.570796	1.335669	0.897240	0	73	125	0.003
-1.047198	1.335669	0.897240	7	72	127	0.003
-0.261799	1.335669	0.897240	3	67	2	0.003
0.261799	1.335669	0.897240	2	72	3	0.003
0.523599	1.335669	0.897240	5	72	4	0.003
1.047198	1.335669	0.897240	125	72	127	0.003
1.570796	1.335669	0.897240	121	72	3	0.003
1.832596	1.335669	0.897240	124	66	6	0.003
2.094395	1.335669	0.897240	125	72	0	0.003
2.356194	1.335669	0.897240	121	72	1	0.003
2.617994	1.335669	0.897240	126	69	4	0.003
-3.141593	1.870545	-2.976234	1	72	126	0.003
-2.617994	1.870545	-2.976234	119	72	1	0.003
-1.832596	1.870545	-2.976234	5	62	127	0.003
-1.308997	1.870545	-2.976234	3	71	5	0.003
-0.785398	1.870545	-2.976234	9	72	1	0.003
0.261799	1.870545	-2.976234	124	70	1	0.003
0.523599	1.870545	-2.976234	0	72	121	0.003
0.785398	1.870545	-2.976234	0	72	2	0.003
-3.141593	2.164094	-2.991358	123	68	126	0.003
-2.356194	2.164094	-2.991358	0	73	127	0.003
-2.094395	2.164094	-2.991358	121	56	8	0.003
-1.570796	2.164094	-2.991358	122	66	4	0.003
-1.308997	2.164094	-2.991358	3	60	123	0.003
0.000000	2.164094	-2.991358	126	72	125	0.003
0.523599	2.164094	-2.991358	126	73	0	0.003
1.570796	2.164094	-2.991358	124	70	126	0.003
2.356194	2.164094	-2.991358	125	73	6	0.003
2.617994	2.164094	-2.991358	125	70	2	0.003
-2.617994	0.379747	-1.713059	125	72	9	0.003
-1.832596	0.379747	-1.713059	122	72	2	0.003
-1.308997	0.379747	-1.713059	126	72	125	0.003
-0.785398	0.379747	-1.713059	1	71	13	0.003
-0.523599	0.379747	-1.713059	126	67	122	0.003
-0.261799	0.379747	-1.713059	123	67	7	0.003
0.523599	0.379747	-1.713059	3	73	5	0.003
0.785398	0.379747	-1.713059	3	69	3	0.003
1.570796	0.379747	-1.713059	122	69	125	0.003
1.832596	0.379747	-1.713059	5	71	1	0.003
2.094395	0.379747	-1.713059	125	68	122	0.003
2.879793	0.379747	-1.713059	7	71	6	0.003
-3.141593	2.187132	-0.479875	3	68	124	0.003
-2.356194	2.187132	-0.479875	127	57	7	0.003
-1.047198	2.187132	-0.479875	121	72	2	0.003
-0.261799	2.187132	-0.479875	121	68	2	0.003
0.000000	2.187132	-0.479875	125	72	121	0.003
0.523599	2.187132	-0.479875	120	70	126	0.003
0.785398	2.187132	-0.479875	0	73	118	0.003
2.094395	2.187132	-0.479875	123	72	8	0.003
2.356194	2.187132	-0.479875	2	73	5	0.003
2.879793	2.187132	-0.479875	1	72	120	0.003
-2.879793	0.866955	-0.931351	124	71	124	0.003
-2.617994	0.866955	-0.931351	122	70	127	0.003
-1.047198	0.866955	-0.931351	5	68	4	0.003
-0.785398	0.866955	-0.931351	0	68	1	0.003
-0.261799	0.866955	-0.931351	127	66	2	0.003
0.523599	0.866955	-0.931351	125	71	122	0.003
1.047198	0.866955	-0.931351	3	72	7	0.003
1.832596	0.866955	-0.931351	123	72	4	0.003
2.879793	0.866955	-0.931351	7	66	126	0.003
-3.141593	2.299159	2.264663	5	67	7	0.003
-2.617994	2.299159	2.264663	7	67	5	0.003
-2.356194	2.299159	2.264663	1	69	3	0.003
-2.094395	2.299159	2.264663	125	72	126	0.003
-1.832596	2.299159	2.264663	122	69	125	0.003
-0.785398	2.299159	2.264663	121	72	5	0.003
0.000000	2.299159	2.264663	0	71	125	0.003
0.523599	2.299159	2.264663	120	68	3	0.003
1.047198	2.299159	2.264663	6	71	127	0.003
1.308997	2.299159	2.264663	4	73	5	0.003
1.832596	2.299159	2.264663	123	69	8	0.003
2.094395	2.299159	2.264663	6	67	6	0.003
2.356194	2.299159	2.264663	8	73	3	0.003
2.617994	2.299159	2.264663	4	71	127	0.003
2.879793	2.299159	2.264663	127	72	6	0.003
-3.141593	1.812176	0.656819	1	69	122	0.003
-2.356194	1.812176	0.656819	1	73	7	0.003
-1.832596	1.812176	0.656819	0	67	124	0.003
-0.785398	1.812176	0.656819	1	65	5	0.003
0.000000	1.812176	0.656819	126	68	3	0.003
0.785398	1.812176	0.656819	124	71	6	0.003
1.047198	1.812176	0.656819	1	73	4	0.003
-3.141593	2.719179	-1.780644	2	68	7	0.003
-2.617994	2.719179	-1.780644	127	72	119	0.003
-2.356194	2.719179	-1.780644	127	72	127	0.003
-2.094395	2.719179	-1.780644	127	68	0	0.003
-1.308997	2.719179	-1.780644	7	73	2	0.003
-1.047198	2.719179	-1.780644	123	72	4	0.003
-0.785398	2.719179	-1.780644	121	68	125	0.003
-0.523599	2.719179	-1.780644	125	73	126	0.003
-0.261799	2.719179	-1.780644	1	69	127	0.003
0.785398	2.719179	-1.780644	124	67	6	0.003
-2.879793	2.396274	-1.959260	3	73	4	0.003
-2.356194	2.396274	-1.959260	125	72	7	0.003
-1.308997	2.396274	-1.959260	6	68	125	0.003
-0.785398	2.396274	-1.959260	122	72	124	0.003
-0.523599	2.396274	-1.959260	2	72	127	0.003
-0.261799	2.396274	-1.959260	126	72	2	0.003
0.261799	2.396274	-1.959260	124	60	3	0.003
0.785398	2.396274	-1.959260	121	67	3	0.003
1.047198	2.396274	-1.959260	4	73	121	0.003
1.308997	2.396274	-1.959260	6	69	1	0.003
2.617994	2.396274	-1.959260	124	73	123	0.003
-2.617994	0.866395	-2.492918	0	73	8	0.003
-2.356194	0.866395	-2.492918	126	67	4	0.003
-1.832596	0.866395	-2.492918	5	70	123	0.003
-1.047198	0.866395	-2.492918	7	71	123	0.003
-0.785398	0.866395	-2.492918	2	72	124	0.003
-0.523599	0.866395	-2.492918	3	72	0	0.003
0.261799	0.866395	-2.492918	5	67	0	0.003
0.523599	0.866395	-2.492918	3	73	126	0.003
1.308997	0.866395	-2.492918	4	71	6	0.003
1.570796	0.866395	-2.492918	126	73	123	0.003
1.832596	0.866395	-2.492918	1	68	125	0.003
2.094395	0.866395	-2.492918	0	68	121	0.003
2.356194	0.866395	-2.492918	1	68	6	0.003
2.617994	0.866395	-2.492918	7	69	125	0.003
-2.617994	1.617114	-1.572037	120	73	0	0.003
-2.094395	1.617114	-1.572037	123	72	123	0.003
-1.832596	1.617114	-1.572037	0	67	126	0.003
-1.047198	1.617114	-1.572037	125	67	122	0.003
-0.785398	1.617114	-1.572037	124	66	125	0.003
-0.523599	1.617114	-1.572037	0	60	6	0.003
1.308997	1.617114	-1.572037	122	68	0	0.003
-3.141593	0.864993	2.278281	126	66	4	0.003
-2.879793	0.864993	2.278281	127	68	6	0.003
-2.617994	0.864993	2.278281	124	67	2	0.003
-2.356194	0.864993	2.278281	3	73	7	0.003
-1.308997	0.864993	2.278281	122	67	9	0.003
-0.523599	0.864993	2.278281	5	68	125	0.003
-0.261799	0.864993	2.278281	2	68	3	0.003
-2.879793	1.014500	0.906702	1	72	126	0.003
-2.617994	1.014500	0.906702	123	72	3	0.003
-2.356194	1.014500	0.906702	124	64	5	0.003
-2.094395	1.014500	0.906702	5	47	0	0.003
-1.832596	1.014500	0.906702	127	72	6	0.003
-1.308997	1.014500	0.906702	0	72	1	0.003
-1.047198	1.014500	0.906702	3	72	6	0.003
0.261799	1.014500	0.906702	124	70	0	0.003
0.523599	1.014500	0.906702	1	69	125	0.003
1.047198	1.014500	0.906702	1	73	126	0.003
1.308997	1.014500	0.906702	3	68	5	0.003
1.570796	1.014500	0.906702	1	69	123	0.003
1.832596	1.014500	0.906702	127	72	4	0.003
2.879793	1.014500	0.906702	5	68	2	0.003
-3.141593	2.247462	0.191623	120	72	125	0.003
-2.879793	2.247462	0.191623	4	67	6	0.003
-0.523599	2.247462	0.191623	4	68	127	0.003
0.523599	2.247462	0.191623	0	67	8	0.003
0.785398	2.247462	0.191623	8	66	1	0.003
1.047198	2.247462	0.191623	4	70	1	0.003
-2.617994	2.724429	-0.348782	124	66	1	0.003
-1.308997	2.724429	-0.348782	8	68	2	0.003
-1.047198	2.724429	-0.348782	125	69	120	0.003
-0.785398	2.724429	-0.348782	8	73	124	0.003
-0.261799	2.724429	-0.348782	123	66	123	0.003
0.261799	2.724429	-0.348782	127	72	126	0.003
1.047198	2.724429	-0.348782	0	67	10	0.003
1.570796	2.724429	-0.348782	121	68	10	0.003
2.356194	2.724429	-0.348782	1	66	7	0.003
2.879793	2.724429	-0.348782	124	66	123	0.003
-3.141593	1.194549	-0.801900	127	68	4	0.003
-2.879793	1.194549	-0.801900	122	72	120	0.003
-2.356194	1.194549	-0.801900	0	72	127	0.003
-2.094395	1.194549	-0.801900	125	73	6	0.003
-1.047198	1.194549	-0.801900	125	72	120	0.003
-0.785398	1.194549	-0.801900	0	71	2	0.003
-0.523599	1.194549	-0.801900	124	67	8	0.003
-0.261799	1.194549	-0.801900	123	72	0	0.003
0.000000	1.194549	-0.801900	1	68	124	0.003
1.570796	1.194549	-0.801900	125	68	5	0.003
1.832596	1.194549	-0.801900	4	68	123	0.003
-2.879793	1.504028	0.636812	0	67	125	0.003
-1.570796	1.504028	0.636812	2	71	123	0.003
-1.047198	1.504028	0.636812	4	68	122	0.003
1.047198	1.504028	0.636812	5	66	2	0.003
1.570796	1.504028	0.636812	3	72	125	0.003
1.832596	1.504028	0.636812	2	67	0	0.003
2.617994	1.504028	0.636812	127	59	2	0.003
2.879793	1.504028	0.636812	5	71	5	0.003
-3.141593	1.741644	-2.695914	0	71	8	0.003
-2.879793	1.741644	-2.695914	2	70	3	0.003
-2.617994	1.741644	-2.695914	125	65	7	0.003
-1.308997	1.741644	-2.695914	2	72	6	0.003
-0.261799	1.741644	-2.695914	121	71	126	0.003
0.000000	1.741644	-2.695914	8	66	122	0.003
0.261799	1.741644	-2.695914	124	67	6	0.003
2.356194	1.741644	-2.695914	4	68	127	0.003
2.617994	1.741644	-2.695914	127	73	124	0.003
-2.094395	2.174483	2.653697	5	68	3	0.003
-1.308997	2.174483	2.653697	125	69	0	0.003
-0.261799	2.174483	2.653697	6	68	7	0.003
0.000000	2.174483	2.653697	4	73	121	0.003
0.523599	2.174483	2.653697	127	66	9	0.003
1.047198	2.174483	2.653697	7	72	8	0.003
1.832596	2.174483	2.653697	127	73	4	0.003
2.617994	2.174483	2.653697	4	72	7	0.003
2.879793	2.174483	2.653697	123	65	1	0.003
-3.141593	2.664082	-1.071402	4	70	120	0.003
-2.094395	2.664082	-1.071402	1	68	5	0.003
-1.047198	2.664082	-1.071402	124	72	7	0.003
-0.523599	2.664082	-1.071402	7	73	123	0.003
0.261799	2.664082	-1.071402	127	72	8	0.003
0.523599	2.664082	-1.071402	126	57	4	0.003
1.047198	2.664082	-1.071402	1	72	6	0.003
1.308997	2.664082	-1.071402	127	72	2	0.003
1.832596	2.664082	-1.071402	1	72	1	0.003
2.094395	2.664082	-1.071402	4	71	0	0.003
2.356194	2.664082	-1.071402	126	72	0	0.003
2.617994	2.664082	-1.071402	1	58	3	0.003
2.879793	2.664082	-1.071402	2	69	5	0.003
-2.617994	2.579248	-2.364801	122	70	123	0.003
-2.094395	2.579248	-2.364801	126	58	2	0.003
-1.832596	2.579248	-2.364801	2	73	4	0.003
-1.308997	2.579248	-2.364801	4	72	121	0.003
-1.047198	2.579248	-2.364801	3	72	6	0.003
-0.785398	2.579248	-2.364801	4	62	8	0.003
0.261799	2.579248	-2.364801	2	70	5	0.003
0.523599	2.579248	-2.364801	123	72	127	0.003
0.785398	2.579248	-2.364801	0	72	3	0.003
1.047198	2.579248	-2.364801	3	70	5	0.003
1.308997	2.579248	-2.364801	4	68	123	0.003
1.570796	2.579248	-2.364801	1	72	6	0.003
2.094395	2.579248	-2.364801	0	73	1	0.003
2.356194	2.579248	-2.364801	124	73	126	0.003
2.617994	2.579248	-2.364801	121	71	5	0.003
2.879793	2.579248	-2.364801	122	73	5	0.003
-2.617994	0.899350	-2.069907	127	72	4	0.003
-2.356194	0.899350	-2.069907	8	68	126	0.003
-1.832596	0.899350	-2.069907	121	73	123	0.003
-1.308997	0.899350	-2.069907	122	66	0	0.003
-0.523599	0.899350	-2.069907	7	68	125	0.003
1.832596	0.899350	-2.069907	125	72	0	0.003
2.094395	0.899350	-2.069907	7	72	1	0.003
2.356194	0.899350	-2.069907	8	70	2	0.003
2.617994	0.899350	-2.069907	1	67	0	0.003
2.879793	0.899350	-2.069907	0	72	2	0.003
-2.879793	2.984978	1.954446	124	67	0	0.003
-2.617994	2.984978	1.954446	124	72	8	0.003
-2.356194	2.984978	1.954446	3	72	124	0.003
-2.094395	2.984978	1.954446	8	72	1	0.003
-1.570796	2.984978	1.954446	124	68	0	0.003
-1.308997	2.984978	1.954446	5	72	1	0.003
-0.785398	2.984978	1.954446	0	66	125	0.003
0.000000	2.984978	1.954446	7	72	1	0.003
0.261799	2.984978	1.954446	5	72	8	0.003
1.047198	2.984978	1.954446	0	70	0	0.003
1.832596	2.984978	1.954446	2	69	123	0.003
2.094395	2.984978	1.954446	125	68	3	0.003
2.617994	2.984978	1.954446	127	72	119	0.003
-2.879793	1.766067	2.153843	125	72	4	0.003
-2.617994	1.766067	2.153843	6	68	124	0.003
-2.094395	1.766067	2.153843	0	72	124	0.003
-1.832596	1.766067	2.153843	5	72	8	0.003
-0.785398	1.766067	2.153843	126	72	2	0.003
-0.523599	1.766067	2.153843	5	70	126	0.003
-0.261799	1.766067	2.153843	6	68	6	0.003
0.000000	1.766067	2.153843	7	72	0	0.003
0.785398	1.766067	2.153843	3	68	123	0.003
1.308997	1.766067	2.153843	4	66	127	0.003
1.832596	1.766067	2.153843	1	73	126	0.003
2.094395	1.766067	2.153843	4	69	125	0.003
-3.141593	1.809167	1.213774	127	72	2	0.003
-2.617994	1.809167	1.213774	3	69	0	0.003
-1.832596	1.809167	1.213774	125	68	127	0.003
-1.570796	1.809167	1.213774	1	72	125	0.003
-1.308997	1.809167	1.213774	124	68	2	0.003
0.000000	1.809167	1.213774	5	68	127	0.003
0.261799	1.809167	1.213774	127	72	2	0.003
1.308997	1.809167	1.213774	125	69	124	0.003
1.832596	1.809167	1.213774	0	72	127	0.003
-2.879793	1.135834	-1.431087	2	72	7	0.003
-1.832596	1.135834	-1.431087	123	68	8	0.003
-1.570796	1.135834	-1.431087	2	72	10	0.003
-1.308997	1.135834	-1.431087	124	68	8	0.003
-1.047198	1.135834	-1.431087	121	72	1	0.003
-0.261799	1.135834	-1.431087	4	68	1	0.003
1.047198	1.135834	-1.431087	127	68	126	0.003
1.570796	1.135834	-1.431087	9	73	4	0.003
1.832596	1.135834	-1.431087	124	71	4	0.003
2.356194	1.135834	-1.431087	124	68	7	0.003
