128	1.2	0
-2.094395	1.756530	-2.105156
0.000000	0.000000	0.000000
model.B99990001.pdb	-22.732	-37.630	4.797
1iob.pdb	15.932	13.567	1.186
-0.523599	0.203748	0.590255	4	20	43	10.693
-1.047198	0.496451	0.593859	3	16	44	10.561
-2.617994	1.184361	0.625864	3	21	42	10.173
-2.356194	0.961715	0.014085	126	14	43	10.041
-1.047198	0.709924	0.218797	4	12	44	9.814
-2.617994	1.256302	0.062705	125	20	41	9.520
2.356194	0.960688	-0.577532	3	23	41	9.425
-2.094395	0.961715	0.014085	126	12	43	9.227
-1.832596	0.831641	0.616218	2	16	44	9.066
0.523599	0.290380	-0.796960	11	18	42	9.066
-0.785398	0.496451	0.593859	3	16	44	9.000
2.617994	1.982574	-1.115518	116	43	127	8.583
-0.261799	0.496451	0.593859	1	16	44	8.546
-0.785398	0.709924	0.218797	4	12	44	8.480
-2.094395	1.872854	1.543456	113	43	1	8.451
-2.356194	2.379497	0.561089	110	41	127	8.223
-0.261799	0.709924	0.218797	4	12	44	8.187
2.879793	0.762244	-0.273349	0	17	43	8.121
-2.617994	1.367556	0.358405	127	22	41	8.092
-1.570796	0.762244	-0.273349	1	7	43	8.055
-0.261799	0.458961	-0.107937	8	14	44	8.025
1.832596	0.762244	-0.273349	5	19	43	7.959
-0.523599	0.709924	0.218797	3	12	44	7.798
2.094395	0.960688	-0.577532	6	23	41	7.798
-2.617994	1.812176	0.656819	115	42	7	7.733
2.879793	0.961715	0.014085	2	17	43	7.732
-2.094395	1.809167	1.213774	111	42	4	7.638
-2.879793	2.247462	0.191623	114	43	2	7.637
-2.094395	2.295480	1.008277	110	41	126	7.637
-1.832596	2.138223	1.678323	110	40	124	7.571
-2.356194	1.256302	0.062705	123	18	42	7.571
-1.308997	0.496451	0.593859	4	16	44	7.534
-2.356194	2.115563	0.685730	111	42	2	7.410
0.261799	0.762244	-0.273349	9	11	43	7.307
2.617994	0.961715	0.014085	4	17	43	7.146
-2.356194	2.592629	0.909713	114	42	123	7.116
-2.617994	2.247462	0.191623	110	42	1	6.955
-2.617994	2.379497	0.561089	114	43	127	6.890
-2.356194	1.812176	0.656819	111	41	7	6.823
-1.832596	0.709924	0.218797	3	12	44	6.720
2.094395	0.961715	0.014085	7	18	43	6.625
-1.832596	0.458961	-0.107937	6	8	44	6.625
-2.617994	0.831641	0.616218	5	17	44	6.625
2.879793	1.256302	0.062705	4	23	41	6.559
-2.094395	1.195355	1.200319	115	40	11	6.530
-1.308997	0.961715	0.014085	127	8	43	6.494
-2.617994	1.683268	0.374177	113	40	10	6.465
0.000000	0.709924	0.218797	4	12	44	6.464
2.356194	0.866955	-0.931351	2	25	39	6.464
-2.879793	2.724429	-0.348782	110	39	121	6.435
-2.617994	2.587733	0.232235	111	41	124	6.369
-2.617994	1.045978	0.343692	2	18	43	6.332
-1.308997	0.709924	0.218797	4	12	44	6.332
-1.832596	0.866955	-0.931351	16	23	41	6.324
2.356194	0.961715	0.014085	5	17	44	6.303
-2.356194	1.488617	1.159546	116	42	9	6.237
-2.879793	1.256302	0.062705	0	21	42	6.237
-3.141593	1.256302	0.062705	2	22	42	6.237
-1.832596	0.762244	-0.273349	127	8	43	6.134
-2.879793	2.379497	0.561089	118	44	127	6.076
2.879793	2.404280	-0.174044	119	44	126	6.075
0.785398	0.290380	-0.796960	9	19	42	6.039
-3.141593	2.247462	0.191623	118	44	1	6.010
-1.832596	1.824694	1.850876	110	41	126	6.010
-2.356194	1.872854	1.543456	117	44	1	6.010
2.879793	1.113094	-0.272241	0	21	42	6.010
-2.356194	1.599406	1.426070	116	43	6	5.877
-2.879793	2.587733	0.232235	115	43	124	5.849
-2.094395	0.685216	-1.712745	126	30	40	5.849
-3.141593	0.762244	-0.273349	125	13	43	5.783
-2.617994	2.407836	1.410646	122	43	123	5.782
-2.617994	1.875281	0.107086	110	40	8	5.782
-2.617994	1.599406	1.426070	121	44	5	5.718
-0.785398	0.961715	0.014085	2	7	44	5.716
1.832596	0.960688	-0.577532	8	22	41	5.651
-2.617994	1.809167	1.213774	119	44	4	5.650
-2.094395	2.138223	1.678323	115	43	124	5.623
0.261799	0.458961	-0.107937	7	16	44	5.584
2.879793	1.909857	-0.381669	117	44	5	5.556
-3.141593	2.089241	-0.114193	115	43	4	5.555
-1.832596	1.977582	0.969896	106	38	3	5.555
-2.617994	2.180315	-1.357379	0	18	46	5.555
2.094395	1.113094	-0.272241	8	21	41	5.519
-2.094395	0.831641	0.616218	3	17	44	5.518
2.356194	1.113094	-0.272241	6	22	41	5.518
-2.094395	1.310100	1.488307	114	42	8	5.489
-1.832596	2.704512	1.488683	113	39	119	5.424
0.523599	0.615174	-0.666022	12	15	42	5.423
-1.832596	1.872854	1.543456	109	41	0	5.329
2.879793	2.104282	-0.813972	114	43	0	5.328
2.617994	2.979456	-1.009304	113	37	117	5.328
-1.832596	2.108018	1.311430	108	40	127	5.262
-2.879793	2.295480	1.008277	123	44	127	5.262
-2.094395	2.863997	0.549740	8	13	45	5.217
-1.832596	1.194549	-0.801900	11	26	42	5.189
-2.879793	1.242974	-2.977882	117	43	124	5.130
2.356194	2.456751	-1.503343	117	40	118	5.101
-2.879793	0.914445	2.687814	1	18	49	5.101
0.000000	0.458961	-0.107937	7	15	43	5.093
-2.879793	2.104282	-0.813972	13	19	44	5.034
-2.879793	2.001437	0.381215	116	43	6	4.970
-2.094395	1.977582	0.969896	110	41	3	4.970
-1.832596	1.555207	1.708892	109	41	3	4.969
-2.094395	1.247695	1.809890	114	43	6	4.969
-2.356194	1.662363	0.915448	114	42	8	4.969
-2.356194	1.977582	0.969896	113	43	3	4.968
-2.094395	1.662363	0.915448	111	40	8	4.968
-2.879793	2.115563	0.685730	119	44	2	4.838
0.523599	0.458961	-0.107937	6	17	44	4.837
-1.832596	2.407836	1.410646	110	40	122	4.808
-2.094395	0.709924	0.218797	3	12	44	4.771
-2.617994	1.488617	1.159546	121	43	9	4.742
-1.308997	0.762244	-0.273349	2	6	43	4.734
-1.832596	1.741644	-2.695914	103	42	6	4.713
-2.617994	1.310100	1.488307	122	43	8	4.676
2.356194	1.301460	-0.509251	6	25	39	4.676
-2.617994	1.113094	-0.272241	123	16	42	4.675
-2.617994	1.440580	2.260026	121	44	126	4.675
-1.570796	2.704512	1.488683	111	38	120	4.581
-2.094395	2.407836	1.410646	115	42	123	4.514
-3.141593	2.104282	-0.813972	14	16	44	4.514
-2.356194	1.134796	2.434290	115	43	2	4.479
-2.356194	1.809167	1.213774	115	43	4	4.478
-2.094395	2.108018	1.311430	111	42	0	4.449
-2.356194	2.295480	1.008277	114	43	127	4.449
-2.094395	1.488617	1.159546	112	41	9	4.448
0.261799	0.709924	0.218797	5	12	44	4.412
-0.523599	0.496451	0.593859	2	16	44	4.411
1.047198	1.433411	-1.035986	122	11	44	4.383
-2.094395	1.113094	-0.272241	123	11	42	4.382
-2.356194	1.045978	0.343692	1	17	43	4.382
1.832596	2.724429	-0.348782	127	8	46	4.382
-2.356194	1.555207	1.708892	118	44	3	4.382
2.879793	1.982574	-1.115518	112	42	127	4.288
0.261799	2.299159	2.264663	125	44	120	4.287
-0.523599	0.458961	-0.107937	8	13	44	4.250
2.617994	2.455966	-0.641220	119	43	124	4.221
-1.308997	0.914445	2.687814	126	10	49	4.221
1.570796	1.194549	-0.801900	39	26	126	4.184
1.308997	1.194549	-0.801900	41	23	126	4.184
1.047198	0.615174	-0.666022	10	18	42	4.184
-1.570796	1.135834	-1.431087	11	16	47	4.176
-2.094395	1.506530	1.988858	113	43	1	4.156
-2.094395	1.555207	1.708892	113	43	3	4.155
-2.617994	1.977582	0.969896	118	44	3	4.090
2.617994	1.256302	0.062705	7	22	42	4.089
-2.356194	0.831641	0.616218	4	17	44	4.089
-2.094395	1.599406	1.426070	113	42	5	4.089
2.356194	1.836682	-0.676006	124	44	5	4.061
-0.523599	2.295480	1.008277	115	45	122	4.060
-0.261799	2.704512	1.488683	120	47	126	4.060
-1.047198	0.961715	0.014085	0	7	43	4.053
-2.356194	1.135813	-2.658866	1	28	43	3.995
-2.094395	2.455966	-0.641220	4	28	41	3.994
-2.356194	2.455966	-0.641220	8	27	41	3.994
-2.094395	1.812176	0.656819	108	39	7	3.994
-1.832596	1.809167	1.213774	108	40	4	3.994
-2.617994	2.001437	0.381215	112	42	6	3.993
2.617994	1.113094	-0.272241	3	22	41	3.958
1.570796	0.762244	-0.273349	6	18	43	3.957
-2.879793	2.592629	0.909713	123	43	123	3.930
2.356194	1.135834	-1.431087	120	43	6	3.929
-1.832596	0.906588	1.252948	115	38	14	3.927
-2.617994	1.218453	2.777284	117	44	126	3.863
-1.832596	2.073035	2.027405	112	40	121	3.862
0.523599	0.762244	-0.273349	9	13	43	3.862
-3.141593	2.115563	0.685730	124	44	2	3.796
-2.617994	1.134796	2.434290	119	44	2	3.796
-2.356194	0.864993	2.278281	117	43	7	3.795
2.617994	1.904882	-1.478089	116	43	124	3.767
-2.356194	0.618092	2.539118	116	43	8	3.767
-2.617994	1.135813	-2.658866	6	29	43	3.767
2.617994	2.664082	-1.071402	114	40	119	3.767
-0.523599	2.979456	-1.009304	4	12	46	3.759
-2.356194	0.709924	0.218797	3	13	44	3.759
2.356194	1.448123	-2.163292	124	19	46	3.723
-1.832596	1.488617	1.159546	110	39	9	3.702
-2.879793	2.455966	-0.641220	107	38	124	3.702
-3.141593	2.001437	0.381215	121	44	6	3.701
-2.356194	2.108018	1.311430	117	44	0	3.701
-1.570796	1.218453	2.777284	119	13	46	3.701
2.879793	2.089241	-0.114193	120	44	4	3.701
-2.879793	2.404280	-0.174044	111	42	126	3.700
-3.141593	1.014500	0.906702	107	45	8	3.672
-2.356194	0.762244	-0.273349	103	42	5	3.672
-2.094395	0.910508	1.903534	115	42	9	3.636
-2.617994	2.592629	0.909713	119	43	123	3.636
-3.141593	2.343981	-1.040456	10	21	44	3.635
-1.570796	0.709924	0.218797	3	12	45	3.635
-2.356194	1.184361	0.625864	2	22	42	3.635
-2.356194	0.591903	2.010408	120	41	12	3.635
-2.356194	1.699788	2.452890	117	42	121	3.569
-2.356194	1.113094	-0.272241	122	14	42	3.569
-2.879793	1.050534	3.042579	119	44	0	3.568
-0.261799	0.899350	-2.069907	15	20	44	3.561
-0.785398	2.379497	0.561089	113	46	0	3.540
-2.356194	1.683268	0.374177	110	38	10	3.503
-1.308997	1.134497	-1.109631	7	24	45	3.495
-2.356194	2.407836	1.410646	118	43	123	3.475
-0.785398	1.242974	-2.977882	117	8	44	3.474
-1.047198	2.108018	1.311430	127	41	117	3.474
2.879793	2.587733	0.232235	123	43	124	3.408
-2.617994	2.295480	1.008277	119	44	127	3.408
-2.617994	0.910508	1.903534	123	42	9	3.408
2.094395	2.456751	-1.503343	120	40	118	3.408
-2.094395	0.899350	-2.069907	127	30	40	3.408
-1.047198	0.458961	-0.107937	109	47	3	3.408
-2.879793	1.135813	-2.658866	9	27	43	3.408
-3.141593	2.187132	-0.479875	112	42	1	3.408
1.832596	0.961715	0.014085	8	17	43	3.371
2.094395	1.301460	-0.509251	9	24	39	3.342
2.879793	0.733948	3.021411	8	15	50	3.312
-0.523599	2.138223	1.678323	126	41	116	3.312
2.356194	0.762244	-0.273349	2	18	43	3.305
-1.047198	2.984978	1.954446	8	17	44	3.297
0.261799	0.379747	-1.713059	116	47	11	3.276
-2.356194	1.504028	0.636812	113	39	11	3.276
1.047198	2.724429	-0.348782	126	12	46	3.276
-2.094395	1.766067	2.153843	114	42	123	3.275
-2.094395	1.025536	1.576859	116	41	10	3.275
-0.523599	2.704512	1.488683	125	46	126	3.247
0.000000	1.872854	1.543456	116	38	113	3.247
0.785398	0.685216	-1.712745	111	44	9	3.247
-3.141593	2.180315	-1.357379	4	19	47	3.246
0.785398	2.478122	2.609777	121	47	126	3.246
-2.879793	1.184361	0.625864	6	22	42	3.210
-1.047198	0.914445	2.687814	126	9	49	3.181
-3.141593	1.135813	-2.658866	14	25	43	3.181
-2.356194	1.440580	2.260026	117	44	126	3.115
-2.879793	1.113094	-0.272241	125	17	42	3.114
-2.356194	1.247695	1.809890	118	43	6	3.078
0.785398	0.615174	-0.666022	11	16	42	3.077
-2.356194	2.863997	0.549740	112	39	120	3.020
-3.141593	1.450119	-2.739050	13	30	39	3.019
-2.617994	1.450119	-2.739050	2	32	39	3.019
-2.879793	2.089241	-0.114193	111	42	4	3.019
-2.617994	1.574060	2.783565	118	42	121	2.982
2.617994	0.992645	-1.723759	117	44	5	2.954
2.356194	1.214854	-1.966664	123	44	0	2.954
-0.523599	2.407836	1.410646	123	45	121	2.954
2.356194	2.719179	-1.780644	113	35	116	2.953
-2.879793	2.180315	-1.357379	3	19	47	2.953
-2.356194	1.310100	1.488307	118	43	9	2.953
0.785398	2.174483	2.653697	123	46	123	2.953
2.356194	2.664082	-1.071402	118	41	119	2.953
-2.094395	1.128190	-2.288622	113	45	12	2.952
2.356194	1.683268	0.374177	39	26	125	2.946
-2.356194	0.914445	2.687814	113	43	3	2.888
-2.617994	2.664082	-1.071402	2	27	41	2.888
1.047198	1.617114	-1.572037	2	18	47	2.887
-1.832596	1.134796	2.434290	4	111	95	2.858
-0.261799	2.180315	-1.357379	95	7	111	2.858
2.617994	1.909857	-0.381669	122	44	5	2.822
-2.879793	1.391910	3.030322	119	43	122	2.822
2.879793	2.247462	0.191623	124	44	1	2.821
2.356194	1.510910	-0.740472	123	43	8	2.820
2.617994	0.929350	-2.910676	0	42	1	2.756
-3.141593	2.587733	0.232235	119	43	124	2.755
-2.356194	1.766067	2.153843	118	43	123	2.755
-2.617994	1.982574	-1.115518	6	17	46	2.755
-3.141593	1.113094	-0.272241	126	20	42	2.755
-2.879793	1.569311	-3.003978	5	32	39	2.726
-1.832596	1.168678	2.108595	118	9	45	2.726
-3.141593	2.724429	-0.348782	113	41	122	2.726
1.832596	0.914445	2.687814	10	16	49	2.726
-0.785398	2.592629	0.909713	119	47	127	2.725
-0.261799	1.870545	-2.976234	119	87	19	2.697
1.570796	0.571433	-1.188419	38	95	16	2.697
1.308997	0.290380	-0.796960	36	95	20	2.697
-2.356194	1.367556	0.358405	124	21	41	2.690
2.094395	0.762244	-0.273349	4	19	43	2.689
2.617994	1.836682	-0.676006	120	44	5	2.661
1.570796	1.488617	1.159546	107	42	9	2.661
-1.570796	2.407836	1.410646	107	37	123	2.661
-1.570796	1.135813	-2.658866	119	22	43	2.660
-0.523599	1.218453	2.777284	125	0	46	2.660
-2.356194	1.450119	-2.739050	101	27	112	2.660
-2.617994	0.914445	2.687814	0	18	49	2.660
-0.261799	1.325504	-1.671296	5	15	49	2.652
1.047198	1.194549	-0.801900	42	20	126	2.624
-1.047198	1.134497	-1.109631	4	24	45	2.616
-2.879793	0.419640	2.974122	119	42	9	2.595
-1.832596	1.599406	1.426070	109	40	6	2.595
-2.879793	1.909857	-0.381669	109	40	6	2.595
-1.570796	0.619654	-2.216909	123	25	44	2.594
-1.570796	0.866395	-2.492918	122	24	44	2.594
-2.094395	2.073035	2.027405	116	42	121	2.594
2.617994	2.089241	-0.114193	125	44	3	2.594
-2.356194	1.242974	-2.977882	127	28	43	2.594
-0.523599	2.984978	1.954446	5	18	44	2.579
-3.141593	0.914445	2.687814	3	18	50	2.565
2.356194	0.992645	-1.723759	121	44	5	2.564
2.879793	2.456751	-1.503343	4	24	43	2.528
-2.094395	2.393226	1.857173	117	41	120	2.528
-1.308997	0.733948	3.021411	0	15	50	2.499
-1.570796	0.733948	3.021411	1	16	50	2.499
-1.832596	0.733948	3.021411	2	17	50	2.499
2.094395	0.733948	3.021411	8	11	50	2.499
-1.047198	0.733948	3.021411	0	14	50	2.499
1.308997	0.733948	3.021411	6	9	50	2.498
-2.617994	2.863997	0.549740	115	40	119	2.463
-2.617994	2.115563	0.685730	115	43	3	2.462
-2.356194	1.506530	1.988858	117	44	1	2.461
-2.879793	1.218453	2.777284	122	44	126	2.461
0.785398	1.413347	-1.339188	107	42	2	2.434
2.879793	2.664082	-1.071402	112	38	119	2.433
-2.094395	2.592629	0.909713	111	40	123	2.432
2.879793	1.134796	2.434290	117	39	21	2.404
2.617994	1.247695	1.809890	116	45	15	2.404
-1.570796	0.831641	0.616218	1	16	44	2.396
-0.785398	2.984978	1.954446	6	17	44	2.381
-2.094395	1.391910	3.030322	120	23	43	2.367
2.879793	0.914445	2.687814	5	19	49	2.367
-2.356194	2.180315	-1.357379	127	16	46	2.367
-2.617994	2.104282	-0.813972	11	20	44	2.367
-2.879793	1.982574	-1.115518	8	16	47	2.367
-2.617994	1.050534	3.042579	115	44	0	2.366
-2.356194	1.128190	-2.288622	117	46	12	2.366
0.523599	2.041297	-2.664597	3	82	13	2.309
0.523599	1.214854	-1.966664	127	83	20	2.309
0.523599	1.325504	-1.671296	0	82	14	2.308
2.617994	0.866395	-2.492918	125	44	3	2.301
-2.879793	1.134796	2.434290	124	44	1	2.301
-1.832596	0.203748	0.590255	111	48	0	2.301
-2.879793	1.367556	0.358405	1	23	41	2.301
-2.356194	1.168678	2.108595	117	44	4	2.300
2.879793	0.370812	-2.547742	120	42	10	2.300
-2.879793	1.948085	-2.363031	126	49	127	2.271
-2.094395	1.824694	1.850876	113	42	126	2.264
-2.879793	1.045978	0.343692	3	19	43	2.264
-0.785398	0.203748	0.590255	6	19	43	2.264
-1.832596	0.297065	2.160177	4	17	45	2.249
-3.141593	1.809167	1.213774	30	31	20	2.235
-2.356194	1.335669	0.897240	116	40	12	2.234
-3.141593	1.909857	-0.381669	113	42	6	2.207
-2.879793	2.041297	-2.664597	124	49	0	2.206
-1.832596	0.370812	-2.547742	6	22	48	2.206
-2.094395	1.301460	-0.509251	101	40	122	2.177
1.308997	2.089241	-0.114193	45	16	119	2.169
-2.094395	2.704512	1.488683	117	40	119	2.169
0.000000	2.108018	1.311430	112	41	117	2.140
-2.617994	1.242974	-2.977882	105	32	115	2.140
-2.879793	1.450119	-2.739050	107	31	112	2.140
-1.832596	0.914445	2.687814	125	14	49	2.140
-0.261799	2.407836	1.410646	118	45	121	2.140
-3.141593	2.379497	0.561089	123	44	0	2.140
2.356194	2.104282	-0.813972	123	44	0	2.140
-2.617994	2.349581	-2.702517	119	50	123	2.110
2.617994	1.391910	3.030322	101	39	1	2.103
2.094395	0.866955	-0.931351	5	24	39	2.103
-2.879793	2.187132	-0.479875	108	40	1	2.074
-1.832596	0.290380	-0.796960	117	21	42	2.074
-2.617994	0.290380	-0.796960	0	29	42	2.074
-1.047198	1.218453	2.777284	121	6	46	2.074
-2.879793	1.812176	0.656819	120	44	7	2.074
-1.570796	1.872854	1.543456	106	38	0	2.074
-1.047198	1.050534	3.042579	121	11	47	2.074
-0.523599	0.914445	2.687814	1	6	49	2.074
-1.308997	1.391910	3.030322	116	12	43	2.074
1.832596	1.113094	-0.272241	9	20	42	2.073
-3.141593	1.555207	1.708892	107	45	8	2.045
2.879793	1.413430	2.550734	5	29	44	2.045
-1.570796	0.866955	-0.931351	99	35	4	2.045
2.617994	1.413430	2.550734	9	28	44	2.044
-3.141593	1.812176	0.656819	108	44	119	2.044
2.617994	0.914445	2.687814	6	19	50	2.044
1.832596	0.379747	-1.713059	10	24	39	2.037
-1.832596	1.135834	-1.431087	12	14	47	2.029
-2.879793	0.929350	-2.910676	116	44	1	2.009
2.617994	1.450119	-2.739050	102	37	11	2.009
2.617994	2.724429	-0.348782	120	42	121	2.008
-2.617994	1.413430	2.550734	120	44	125	2.008
-2.617994	1.721184	-0.153948	108	38	9	2.008
2.356194	1.135813	-2.658866	103	38	12	2.008
2.356194	0.419640	2.974122	106	45	1	2.008
2.879793	1.135813	-2.658866	120	43	126	2.008
-2.617994	0.418037	1.360082	112	47	121	2.007
-2.356194	1.218453	2.777284	113	43	126	2.007
-2.879793	1.504028	0.636812	103	42	124	1.979
-1.308997	0.370812	-2.547742	1	23	48	1.979
1.308997	0.297065	2.160177	1	20	49	1.979
2.094395	2.108018	1.311430	7	114	96	1.979
-2.879793	2.863997	0.549740	119	41	119	1.943
2.879793	0.618092	2.539118	104	42	124	1.942
1.047198	0.290380	-0.796960	7	21	42	1.942
-1.570796	0.961715	0.014085	127	9	44	1.942
1.570796	2.724429	-0.348782	127	9	46	1.941
0.000000	0.899350	-2.069907	13	22	44	1.934
-2.356194	2.456751	-1.503343	99	15	109	1.913
-2.094395	1.574060	2.783565	104	30	112	1.913
-3.141593	1.569311	-3.003978	10	31	39	1.912
-0.523599	0.864993	2.278281	6	4	49	1.912
-1.047198	2.001437	0.381215	116	47	0	1.912
2.356194	1.982574	-1.115518	122	44	127	1.912
1.047198	1.812176	0.656819	42	15	94	1.884
-2.094395	2.164094	-2.991358	103	44	0	1.884
-2.356194	1.606104	-0.451151	101	32	107	1.884
-1.308997	1.606104	-0.451151	94	20	113	1.884
-1.308997	2.637879	2.121598	118	90	111	1.883
0.261799	1.948085	-2.363031	124	84	12	1.883
2.094395	0.685216	-1.712745	39	100	18	1.883
-2.356194	0.910508	1.903534	119	42	9	1.876
-1.308997	2.984978	1.954446	116	37	116	1.875
-2.356194	2.247462	0.191623	107	39	2	1.847
-1.570796	0.914445	2.687814	125	12	49	1.847
-2.094395	1.242974	-2.977882	123	25	44	1.847
-1.308997	1.242974	-2.977882	117	16	44	1.847
-1.308997	1.301460	-0.509251	116	47	12	1.846
-2.879793	0.080730	-2.622036	6	19	44	1.824
-0.261799	2.587733	0.232235	1	87	117	1.818
2.617994	2.478122	2.609777	1	48	123	1.818
-1.570796	1.504028	0.636812	96	93	2	1.818
0.000000	1.696674	-1.253233	105	87	125	1.817
0.523599	2.251330	-2.330739	32	10	41	1.817
2.879793	2.588535	-2.976617	3	45	120	1.816
-1.832596	1.846342	-1.796954	123	10	48	1.810
-2.356194	2.001437	0.381215	109	40	5	1.781
-2.356194	2.704512	1.488683	121	41	120	1.781
2.879793	2.153910	-1.714959	105	28	110	1.781
-1.308997	1.134796	2.434290	122	5	46	1.781
-1.308997	0.960688	-0.577532	120	47	12	1.780
-1.570796	1.301460	-0.509251	121	47	12	1.780
2.094395	1.606104	-0.451151	36	30	123	1.773
2.617994	2.343981	-1.040456	115	42	124	1.751
2.617994	1.218453	2.777284	10	24	47	1.751
1.047198	1.869911	2.701025	40	93	14	1.722
-0.261799	0.866955	-0.931351	121	83	125	1.721
2.094395	2.343981	-1.040456	124	42	122	1.715
-2.617994	0.961715	0.014085	126	15	44	1.715
2.617994	1.301460	-0.509251	4	26	39	1.714
2.094395	1.214854	-1.966664	0	42	0	1.713
1.308997	2.979456	-1.009304	5	13	46	1.706
0.000000	2.760637	2.781135	5	22	42	1.699
-2.879793	2.579248	-2.364801	127	44	117	1.686
-3.141593	1.448123	-2.163292	105	38	120	1.686
0.785398	0.899350	-2.069907	119	46	10	1.686
2.356194	2.153910	-1.714959	118	41	119	1.686
-2.356194	1.904882	-1.478089	117	46	118	1.686
-1.047198	0.674054	1.013609	110	87	20	1.686
-3.141593	2.356369	3.005869	123	49	125	1.686
-2.356194	1.569311	-3.003978	123	30	39	1.685
1.832596	0.733948	3.021411	8	10	50	1.685
1.570796	0.733948	3.021411	7	9	50	1.685
-2.094395	0.370812	-2.547742	9	22	48	1.685
-0.261799	0.733948	3.021411	0	10	50	1.685
-0.785398	1.184361	0.625864	109	83	8	1.684
-2.356194	1.870545	-2.976234	109	47	8	1.656
0.261799	0.914445	2.687814	127	123	50	1.656
-2.094395	2.588535	-2.976617	106	44	120	1.656
-2.356194	0.700570	1.559208	122	39	13	1.647
-2.094395	1.413430	2.550734	104	32	116	1.620
1.832596	0.297065	2.160177	126	19	48	1.620
-2.617994	2.456751	-1.503343	112	44	15	1.619
1.570796	1.658653	-2.409879	116	44	12	1.619
2.094395	1.683268	0.374177	41	23	125	1.612
0.785398	2.760637	2.781135	126	21	43	1.611
-3.141593	1.134796	2.434290	114	38	21	1.591
-1.047198	1.134796	2.434290	122	1	46	1.590
-1.308997	1.218453	2.777284	118	7	46	1.590
1.047198	2.979456	-1.009304	97	11	109	1.590
2.617994	2.299159	2.264663	125	50	126	1.590
1.308997	0.615174	-0.666022	8	20	42	1.582
-2.879793	0.297065	2.160177	102	41	126	1.554
-1.570796	0.496451	0.593859	107	45	125	1.554
-3.141593	2.579248	-2.364801	104	42	8	1.554
-2.094395	0.914445	2.687814	126	15	49	1.553
-2.356194	2.343981	-1.040456	1	23	44	1.553
-2.094395	0.297065	2.160177	4	2	49	1.524
-2.356194	0.297065	2.160177	2	2	49	1.524
0.000000	1.448123	-2.163292	123	45	1	1.516
-2.356194	0.290380	-0.796960	122	14	43	1.502
-0.785398	1.433411	-1.035986	94	0	100	1.495
-0.523599	2.343981	-1.040456	103	7	88	1.495
0.000000	1.982574	-1.115518	99	1	109	1.495
2.356194	1.809167	1.213774	100	2	102	1.495
-2.356194	0.458961	-0.107937	101	38	14	1.495
-1.047198	2.396274	-1.959260	96	13	94	1.495
2.617994	2.115563	0.685730	105	123	105	1.495
-0.785398	2.180315	-1.357379	98	8	91	1.495
-2.617994	1.662363	0.915448	119	43	8	1.488
-3.141593	2.863997	0.549740	123	41	119	1.488
-1.832596	0.864993	2.278281	124	9	48	1.487
2.617994	2.180315	-1.357379	7	17	46	1.487
2.356194	1.732874	-0.951685	123	44	3	1.487
0.261799	2.760637	2.781135	3	22	42	1.472
0.523599	2.637879	2.121598	116	47	125	1.459
-1.832596	1.310100	1.488307	111	41	8	1.459
-2.879793	2.356369	3.005869	117	49	125	1.459
-2.356194	2.637879	2.121598	91	21	116	1.459
-1.832596	2.456751	-1.503343	116	41	112	1.458
-2.879793	2.637879	2.121598	107	43	119	1.458
-0.523599	2.033014	2.977192	117	89	17	1.458
2.356194	1.662363	0.915448	116	39	116	1.458
-2.356194	1.050534	3.042579	103	32	118	1.458
2.356194	1.168678	2.108595	122	41	19	1.458
2.356194	0.700570	1.559208	116	41	19	1.458
-3.141593	1.413430	2.550734	117	43	17	1.458
1.570796	0.899350	-2.069907	105	39	10	1.458
2.356194	0.914445	2.687814	8	17	50	1.458
2.094395	0.914445	2.687814	9	16	50	1.457
0.000000	2.343981	-1.040456	4	23	43	1.451
-1.047198	1.325504	-1.671296	7	13	48	1.443
2.617994	0.591903	2.010408	6	40	85	1.429
1.570796	1.450119	-2.739050	39	94	17	1.429
1.047198	1.450119	-2.739050	32	87	17	1.429
1.570796	1.128190	-2.288622	37	91	17	1.429
2.617994	1.135813	-2.658866	94	11	111	1.429
1.308997	1.741644	-2.695914	37	89	12	1.429
-2.356194	1.413430	2.550734	116	43	125	1.422
2.879793	1.417623	-0.202254	3	26	39	1.421
-2.356194	1.824694	1.850876	118	44	125	1.393
0.523599	1.904882	-1.478089	113	43	11	1.393
-1.308997	1.836682	-0.676006	110	43	15	1.393
-2.617994	1.391910	3.030322	126	28	43	1.392
-0.785398	0.831641	0.616218	110	84	15	1.392
-2.617994	1.836682	-0.676006	116	42	113	1.392
0.785398	2.356369	3.005869	0	46	2	1.392
-2.617994	0.618092	2.539118	0	10	49	1.392
-2.094395	1.135813	-2.658866	126	28	43	1.392
-2.617994	1.569311	-3.003978	1	32	39	1.392
-1.047198	1.301460	-0.509251	5	30	38	1.392
-0.523599	0.419640	2.974122	3	17	50	1.392
0.261799	2.393226	1.857173	117	45	121	1.392
-0.785398	0.419640	2.974122	4	17	50	1.392
-0.785398	2.115563	0.685730	113	45	124	1.392
-2.617994	1.617114	-1.572037	121	49	124	1.392
-0.261799	0.864993	2.278281	8	4	49	1.392
-2.879793	2.349581	-2.702517	124	48	123	1.392
-2.617994	1.904882	-1.478089	1	12	48	1.392
1.047198	2.356369	3.005869	122	47	1	1.391
1.308997	2.760637	2.781135	123	17	43	1.384
2.356194	0.685216	-1.712745	40	105	18	1.364
-2.094395	2.180315	-1.357379	108	33	104	1.363
-2.094395	2.001437	0.381215	105	117	102	1.363
0.785398	1.506530	1.988858	13	32	80	1.363
0.523599	1.696674	-1.253233	15	107	97	1.363
-2.879793	1.875281	0.107086	114	42	7	1.356
-1.308997	0.850607	-1.335383	14	22	44	1.348
2.879793	1.721184	-0.153948	120	43	9	1.327
-1.832596	2.295480	1.008277	107	39	126	1.326
-3.141593	1.050534	3.042579	123	44	0	1.326
-2.094395	1.450119	-2.739050	99	24	112	1.326
-0.785398	1.218453	2.777284	123	2	46	1.326
1.832596	0.080730	-2.622036	104	43	4	1.326
2.879793	1.450119	-2.739050	17	27	39	1.326
-1.832596	0.961715	0.014085	92	9	108	1.297
1.832596	1.218453	2.777284	98	6	98	1.297
-2.617994	1.413347	-1.339188	120	50	125	1.297
-1.570796	2.478122	2.609777	93	7	101	1.297
-2.356194	1.448123	-2.163292	95	22	114	1.297
-2.094395	0.733948	3.021411	98	35	2	1.297
1.570796	0.709924	0.218797	3	83	117	1.297
-0.785398	2.041297	-2.664597	93	2	106	1.297
-1.570796	2.299159	2.264663	90	12	116	1.297
0.261799	0.906588	1.252948	36	94	18	1.296
2.356194	2.073035	2.027405	0	49	1	1.296
-2.879793	0.615174	-0.666022	124	12	42	1.289
1.047198	1.982574	-1.115518	20	118	83	1.268
1.308997	1.982574	-1.115518	23	120	83	1.268
1.570796	1.982574	-1.115518	26	123	83	1.268
2.879793	2.299159	2.264663	127	90	23	1.262
2.094395	2.396274	-1.959260	6	25	43	1.261
-2.617994	2.089241	-0.114193	108	40	3	1.260
-1.047198	2.393226	1.857173	99	22	111	1.260
0.523599	1.413347	-1.339188	112	45	2	1.260
-2.617994	0.733948	3.021411	115	44	5	1.260
2.094395	1.732874	-0.951685	126	43	3	1.260
1.308997	0.370812	-2.547742	113	48	7	1.260
-1.570796	0.418037	1.360082	2	12	46	1.244
-3.141593	1.488617	1.159546	107	46	3	1.232
1.570796	1.335669	0.897240	4	88	108	1.231
-2.879793	0.591903	2.010408	122	12	49	1.231
2.879793	0.591903	2.010408	123	16	49	1.231
-1.570796	1.696674	-1.253233	103	38	119	1.231
1.570796	1.168678	2.108595	17	21	45	1.231
-2.094395	0.960688	-0.577532	102	41	1	1.230
2.617994	1.555207	1.708892	100	2	103	1.202
-0.523599	1.113094	-0.272241	105	83	3	1.202
-1.047198	0.960688	-0.577532	114	46	12	1.195
-0.523599	0.866395	-2.492918	117	9	44	1.194
-0.523599	0.619654	-2.216909	117	11	44	1.194
0.000000	0.961715	0.014085	6	8	44	1.194
2.356194	0.866395	-2.492918	0	42	2	1.193
0.000000	1.325504	-1.671296	122	46	0	1.193
1.570796	2.979456	-1.009304	5	13	46	1.186
2.617994	2.637879	2.121598	122	47	118	1.165
-1.308997	1.014500	0.906702	102	88	14	1.165
0.261799	2.104282	-0.813972	28	116	105	1.165
2.094395	1.506530	1.988858	15	29	39	1.165
-2.356194	2.104282	-0.813972	117	38	110	1.165
-2.094395	2.187132	-0.479875	9	27	41	1.165
1.570796	0.591903	2.010408	6	21	49	1.165
-3.141593	1.218453	2.777284	4	24	47	1.165
-2.879793	0.733948	3.021411	6	16	50	1.165
-1.570796	0.370812	-2.547742	4	23	48	1.165
2.094395	1.168678	2.108595	11	26	45	1.165
0.261799	2.063651	-2.044600	29	5	44	1.165
2.879793	1.569311	-3.003978	15	29	39	1.165
0.000000	0.733948	3.021411	0	9	50	1.165
-2.617994	1.214854	-1.966664	122	49	7	1.165
0.261799	0.733948	3.021411	1	8	50	1.165
-3.141593	0.733948	3.021411	7	15	50	1.164
2.879793	1.696674	-1.253233	104	39	127	1.164
2.879793	2.033014	2.977192	0	48	4	1.164
1.047198	1.741644	-2.695914	126	46	7	1.164
-3.141593	1.194549	-0.801900	102	1	102	1.136
1.308997	2.180315	-1.357379	22	113	90	1.136
1.570796	2.174483	2.653697	45	18	18	1.136
0.261799	1.606104	-0.451151	19	109	93	1.136
-2.617994	2.108018	1.311430	121	44	127	1.128
-1.570796	1.134497	-1.109631	10	23	45	1.120
-1.047198	1.433411	-1.035986	120	43	5	1.100
-1.832596	2.592629	0.909713	107	38	122	1.099
-2.094395	0.379747	-1.713059	2	28	44	1.099
-3.141593	1.242974	-2.977882	11	27	44	1.099
-1.570796	1.574060	2.783565	99	24	112	1.099
2.879793	0.297065	2.160177	123	10	48	1.099
-3.141593	0.866395	-2.492918	15	22	45	1.099
-3.141593	2.153910	-1.714959	102	26	110	1.099
-2.617994	0.866955	-0.931351	115	49	4	1.099
-3.141593	0.864993	2.278281	125	19	48	1.099
0.785398	1.812176	0.656819	42	10	94	1.070
0.261799	1.545873	-1.877082	107	83	7	1.070
0.261799	1.310100	1.488307	36	91	15	1.070
0.000000	1.741644	-2.695914	124	83	127	1.070
2.356194	2.063651	-2.044600	5	38	87	1.070
-2.356194	2.138223	1.678323	93	13	103	1.070
2.356194	2.349581	-2.702517	4	29	83	1.070
1.570796	0.914445	2.687814	10	13	51	1.070
1.308997	0.914445	2.687814	10	12	51	1.070
-0.785398	1.214854	-1.966664	93	5	113	1.069
-2.617994	2.704512	1.488683	92	17	112	1.069
-0.261799	0.914445	2.687814	3	7	51	1.069
2.356194	2.343981	-1.040456	12	42	119	1.033
2.879793	1.836682	-0.676006	114	43	5	1.033
2.879793	1.194549	-0.801900	96	29	31	1.033
1.308997	1.128190	-2.288622	114	44	10	1.033
0.000000	2.251330	-2.330739	37	13	30	1.033
-1.832596	1.242974	-2.977882	97	22	115	1.033
-2.356194	0.685216	-1.712745	2	31	40	1.033
2.356194	1.846342	-1.796954	120	42	121	1.033
1.570796	0.370812	-2.547742	3	1	47	1.033
0.261799	2.001437	0.381215	111	42	10	1.033
1.047198	1.413347	-1.339188	124	16	46	1.033
0.523599	2.299159	2.264663	121	45	120	1.033
2.879793	1.870545	-2.976234	3	46	7	1.004
2.617994	1.869911	2.701025	2	47	8	1.004
1.570796	1.824694	1.850876	28	116	105	1.004
-1.570796	1.554776	0.100351	90	7	117	1.004
-3.141593	1.168678	2.108595	111	40	18	1.004
-2.094395	0.591903	2.010408	107	120	104	1.004
-2.094395	1.440580	2.260026	112	42	127	0.996
1.308997	0.866955	-0.931351	41	91	10	0.975
1.832596	0.899350	-2.069907	39	94	19	0.975
0.523599	0.709924	0.218797	39	90	14	0.975
1.832596	0.850607	-1.335383	43	98	13	0.975
-1.570796	1.982574	-1.115518	98	33	109	0.975
0.261799	0.203748	0.590255	36	96	23	0.975
2.094395	0.850607	-1.335383	44	103	13	0.974
-2.356194	1.195355	1.200319	118	41	11	0.968
-1.832596	1.050534	3.042579	123	18	47	0.967
-2.879793	1.977582	0.969896	123	44	4	0.967
-1.570796	0.899350	-2.069907	100	97	11	0.967
-0.785398	0.370812	-2.547742	124	20	47	0.967
-3.141593	0.640596	-2.797608	119	44	5	0.966
-1.308997	1.599406	1.426070	127	17	43	0.959
-2.879793	0.674054	1.013609	1	18	45	0.952
2.617994	1.134796	2.434290	6	25	47	0.938
2.356194	2.108018	1.311430	115	38	113	0.938
-2.879793	2.456751	-1.503343	100	21	108	0.938
0.000000	2.349581	-2.702517	35	5	36	0.938
2.356194	1.134796	2.434290	9	24	47	0.938
-0.261799	2.251330	-2.330739	104	41	7	0.938
-1.832596	1.413430	2.550734	116	14	44	0.938
-0.261799	2.153910	-1.714959	22	115	96	0.938
-1.308997	1.194549	-0.801900	24	19	41	0.938
2.879793	1.168678	2.108595	127	27	45	0.938
0.261799	0.591903	2.010408	107	92	17	0.938
-2.617994	2.396274	-1.959260	125	45	116	0.938
2.879793	0.929350	-2.910676	8	114	95	0.938
-2.094395	1.218453	2.777284	121	18	47	0.938
-2.879793	1.440580	2.260026	110	42	15	0.938
2.617994	1.440580	2.260026	123	45	15	0.938
-1.570796	1.545873	-1.877082	101	40	1	0.937
1.047198	0.571433	-1.188419	14	18	40	0.931
-1.832596	1.732874	-0.951685	3	26	45	0.930
-1.047198	2.881233	-2.582574	26	85	13	0.909
0.523599	1.766067	2.153843	38	90	14	0.909
0.785398	1.869911	2.701025	37	89	14	0.909
2.094395	2.478122	2.609777	95	15	104	0.909
-2.879793	1.721184	-0.153948	41	104	13	0.909
0.785398	1.699788	2.452890	38	92	16	0.909
0.000000	1.658653	-2.409879	96	19	108	0.909
-3.141593	0.203748	0.590255	96	7	97	0.908
-0.523599	1.301460	-0.509251	121	84	114	0.908
0.523599	1.168678	2.108595	35	96	23	0.908
-3.141593	2.174483	2.653697	119	51	3	0.908
1.047198	2.033014	2.977192	39	90	10	0.908
2.879793	2.187132	-0.479875	117	44	0	0.902
2.617994	2.187132	-0.479875	121	44	0	0.901
1.308997	2.863997	0.549740	126	9	46	0.901
-1.047198	0.619654	-2.216909	106	92	13	0.900
-0.785398	2.760637	2.781135	12	18	43	0.893
1.832596	2.979456	-1.009304	4	13	46	0.893
-0.261799	0.866395	-2.492918	117	5	44	0.872
-1.832596	0.866395	-2.492918	126	26	45	0.872
-0.785398	1.812176	0.656819	113	45	121	0.872
-2.617994	0.370812	-2.547742	13	18	48	0.872
-1.832596	2.180315	-1.357379	111	40	113	0.872
-2.617994	1.732874	-0.951685	118	45	116	0.872
1.570796	0.700570	1.559208	12	25	45	0.872
1.047198	0.370812	-2.547742	125	2	47	0.872
-2.879793	1.128190	-2.288622	11	31	39	0.872
-0.261799	0.850607	-1.335383	122	45	12	0.872
0.785398	2.063651	-2.044600	110	41	12	0.872
2.356194	2.478122	2.609777	5	44	123	0.872
2.094395	0.591903	2.010408	1	22	48	0.872
-2.356194	0.370812	-2.547742	11	20	48	0.872
-1.047198	0.419640	2.974122	6	17	50	0.872
2.879793	1.050534	3.042579	10	21	48	0.872
-0.261799	2.393226	1.857173	127	44	120	0.872
-0.261799	2.984978	1.954446	0	45	3	0.871
2.617994	0.297065	2.160177	122	12	48	0.871
0.261799	0.297065	2.160177	9	18	49	0.871
2.879793	1.214854	-1.966664	107	40	126	0.871
2.094395	1.545873	-1.877082	125	42	124	0.871
1.570796	2.180315	-1.357379	10	12	47	0.871
0.261799	2.637879	2.121598	123	47	126	0.870
-2.879793	0.960688	-0.577532	38	96	14	0.843
-3.141593	1.128190	-2.288622	99	6	101	0.842
-1.832596	2.724429	-0.348782	1	46	9	0.842
0.000000	0.914445	2.687814	125	123	50	0.842
-1.832596	1.554776	0.100351	124	49	126	0.836
-0.523599	1.904882	-1.478089	3	10	47	0.827
0.000000	0.615174	-0.666022	107	42	5	0.807
2.879793	2.724429	-0.348782	117	42	122	0.807
-1.570796	0.864993	2.278281	125	5	48	0.806
-1.832596	1.574060	2.783565	101	26	112	0.806
2.356194	2.379497	0.561089	120	44	2	0.806
0.785398	0.370812	-2.547742	34	97	14	0.805
-2.617994	1.846342	-1.796954	122	48	123	0.805
-1.832596	1.325504	-1.671296	8	11	49	0.798
-2.617994	1.433411	-1.035986	117	49	121	0.777
-2.617994	1.448123	-2.163292	98	25	113	0.777
0.523599	1.617114	-1.572037	113	82	2	0.776
0.000000	2.396274	-1.959260	121	90	109	0.776
0.261799	0.700570	1.559208	34	99	22	0.776
-2.094395	1.374601	-2.456031	95	20	113	0.776
-2.879793	1.741644	-2.695914	124	49	6	0.776
0.261799	1.440580	2.260026	32	90	19	0.776
-1.832596	2.637879	2.121598	121	13	45	0.769
-0.785398	0.850607	-1.335383	8	25	44	0.762
0.000000	1.135834	-1.431087	127	19	47	0.761
-0.261799	2.637879	2.121598	5	23	41	0.754
0.523599	1.135834	-1.431087	116	78	8	0.749
-2.356194	2.089241	-0.114193	9	33	87	0.748
-2.617994	1.135834	-1.431087	5	51	101	0.748
-2.879793	0.961715	0.014085	100	4	98	0.748
-1.047198	2.295480	1.008277	112	83	121	0.748
-1.570796	1.741644	-2.695914	95	12	102	0.748
-2.094395	1.184361	0.625864	90	8	108	0.748
-3.141593	1.982574	-1.115518	14	40	82	0.748
0.785398	2.588535	-2.976617	124	82	125	0.748
-2.617994	1.325504	-1.671296	7	51	100	0.748
2.879793	2.704512	1.488683	124	43	85	0.748
-3.141593	2.251330	-2.330739	106	13	92	0.748
-0.523599	0.960688	-0.577532	99	6	108	0.748
-1.308997	2.881233	-2.582574	100	5	104	0.748
-2.356194	2.349581	-2.702517	127	49	93	0.748
-0.261799	2.349581	-2.702517	98	120	100	0.748
-1.308997	2.164094	-2.991358	90	9	107	0.748
-0.785398	0.458961	-0.107937	105	84	18	0.748
-1.308997	1.448123	-2.163292	94	5	106	0.748
-1.832596	2.393226	1.857173	92	3	100	0.748
-1.308997	1.696674	-1.253233	96	2	101	0.748
-0.785398	2.349581	-2.702517	92	2	101	0.748
-0.261799	0.080730	-2.622036	98	12	102	0.748
2.094395	0.419640	2.974122	99	9	99	0.748
-1.570796	1.732874	-0.951685	95	5	102	0.748
-1.308997	2.478122	2.609777	92	1	101	0.748
-1.570796	2.164094	-2.991358	98	12	97	0.748
2.094395	2.115563	0.685730	10	45	85	0.748
-2.879793	1.488617	1.159546	95	22	109	0.748
-1.047198	1.413347	-1.339188	97	125	106	0.748
-2.094395	2.760637	2.781135	100	5	103	0.748
-1.308997	1.870545	-2.976234	95	8	101	0.748
-0.523599	1.683268	0.374177	116	81	124	0.748
-1.047198	1.135834	-1.431087	90	8	108	0.748
-0.785398	2.588535	-2.976617	94	0	98	0.748
-1.047198	1.870545	-2.976234	91	4	112	0.748
-1.832596	1.569311	-3.003978	96	17	106	0.748
-1.570796	1.433411	-1.035986	94	5	107	0.747
-2.094395	0.290380	-0.796960	100	11	97	0.747
2.094395	2.295480	1.008277	9	46	86	0.747
-1.570796	1.450119	-2.739050	94	12	107	0.747
0.261799	0.418037	1.360082	109	121	97	0.747
-0.523599	1.545873	-1.877082	92	127	106	0.747
-1.570796	1.374601	-2.456031	94	11	107	0.747
-0.261799	1.545873	-1.877082	95	122	107	0.747
-1.570796	1.448123	-2.163292	94	10	105	0.747
-2.094395	0.906588	1.252948	99	7	105	0.747
-2.094395	1.683268	0.374177	93	8	97	0.747
-1.832596	1.658653	-2.409879	96	16	102	0.747
-0.261799	2.579248	-2.364801	97	126	94	0.747
-1.047198	2.041297	-2.664597	90	7	107	0.747
-1.832596	1.662363	0.915448	94	11	109	0.747
-1.308997	2.760637	2.781135	94	4	95	0.747
-1.308997	1.135834	-1.431087	95	2	112	0.747
-2.094395	1.982574	-1.115518	126	41	82	0.747
-1.047198	1.214854	-1.966664	91	11	113	0.747
-1.570796	1.766067	2.153843	94	11	107	0.747
1.308997	0.619654	-2.216909	120	86	24	0.747
-0.261799	1.824694	1.850876	109	83	6	0.747
-1.308997	1.554776	0.100351	96	127	109	0.747
-1.570796	1.699788	2.452890	94	12	107	0.747
-1.570796	1.662363	0.915448	94	6	109	0.747
-2.094395	0.674054	1.013609	99	10	106	0.747
0.000000	2.664082	-1.071402	101	4	101	0.747
-0.523599	1.756530	-2.105156	92	127	106	0.747
-1.308997	2.174483	2.653697	91	1	108	0.747
-1.832596	1.982574	-1.115518	123	39	82	0.747
-1.570796	2.174483	2.653697	90	7	108	0.747
-2.094395	0.762244	-0.273349	13	33	86	0.747
-2.879793	2.251330	-2.330739	105	11	92	0.747
1.047198	0.297065	2.160177	98	15	106	0.747
-0.261799	1.658653	-2.409879	96	121	111	0.747
-1.047198	2.115563	0.685730	111	84	120	0.747
-1.570796	2.033014	2.977192	96	13	100	0.747
-0.785398	1.367556	0.358405	109	80	1	0.747
1.308997	2.579248	-2.364801	126	85	122	0.747
0.000000	2.299159	2.264663	122	79	4	0.747
-0.523599	1.184361	0.625864	116	78	8	0.747
0.000000	2.174483	2.653697	117	78	8	0.747
0.261799	2.174483	2.653697	123	79	8	0.747
0.785398	2.349581	-2.702517	122	80	0	0.747
1.047198	1.756530	-2.105156	125	80	5	0.746
1.308997	1.545873	-1.877082	2	83	6	0.746
1.570796	0.290380	-0.796960	101	25	36	0.740
-1.308997	1.699788	2.452890	98	22	113	0.740
0.785398	1.448123	-2.163292	109	43	1	0.740
-2.617994	0.685216	-1.712745	7	31	40	0.740
-2.356194	1.875281	0.107086	107	38	7	0.740
-1.570796	1.413430	2.550734	116	10	43	0.740
-1.832596	2.299159	2.264663	116	39	117	0.740
1.832596	2.180315	-1.357379	11	13	47	0.740
2.617994	2.404280	-0.174044	124	44	126	0.740
-2.879793	1.736875	3.023612	118	47	10	0.738
-2.879793	1.545873	-1.877082	98	34	122	0.711
-1.832596	0.615174	-0.666022	101	37	8	0.711
-2.617994	1.948085	-2.363031	121	50	127	0.711
-2.879793	2.984978	1.954446	22	85	8	0.711
-2.879793	1.413430	2.550734	124	27	44	0.711
-2.094395	1.909857	-0.381669	101	23	102	0.711
-2.356194	2.356369	3.005869	106	45	125	0.711
0.785398	2.251330	-2.330739	30	14	41	0.711
-2.094395	2.349581	-2.702517	107	45	123	0.710
2.094395	0.370812	-2.547742	9	1	48	0.710
-0.785398	1.113094	-0.272241	101	87	4	0.710
2.617994	2.001437	0.381215	110	33	105	0.710
-1.832596	0.591903	2.010408	127	3	49	0.710
1.832596	0.591903	2.010408	3	22	49	0.710
2.879793	0.419640	2.974122	5	6	50	0.710
0.000000	2.164094	-2.991358	42	14	3	0.710
-3.141593	1.574060	2.783565	120	46	14	0.710
0.523599	2.396274	-1.959260	10	108	94	0.682
-1.047198	1.599406	1.426070	38	97	18	0.682
0.785398	1.870545	-2.976234	32	84	12	0.682
1.047198	2.343981	-1.040456	16	115	88	0.682
2.617994	2.164094	-2.991358	39	26	1	0.682
-1.047198	1.488617	1.159546	121	84	16	0.682
-0.523599	1.982574	-1.115518	94	7	109	0.682
-3.141593	1.756530	-2.105156	114	30	88	0.682
-2.617994	0.762244	-0.273349	118	43	11	0.682
-1.047198	1.683268	0.374177	98	11	105	0.682
2.356194	1.310100	1.488307	101	7	98	0.682
-0.261799	1.606104	-0.451151	127	41	95	0.682
-1.308997	1.948085	-2.363031	92	15	105	0.682
-3.141593	0.591903	2.010408	127	39	85	0.682
-1.047198	0.762244	-0.273349	95	124	111	0.681
2.617994	2.760637	2.781135	14	44	88	0.681
2.617994	1.812176	0.656819	106	124	101	0.681
-1.308997	2.063651	-2.044600	94	17	100	0.681
2.094395	1.554776	0.100351	18	41	88	0.681
1.832596	2.001437	0.381215	15	38	83	0.681
-1.047198	1.184361	0.625864	119	85	15	0.681
0.785398	2.295480	1.008277	95	9	100	0.681
0.000000	1.417623	-0.202254	125	38	91	0.681
0.000000	0.370812	-2.547742	96	14	98	0.681
-1.047198	2.456751	-1.503343	101	15	90	0.681
-1.832596	2.104282	-0.813972	125	35	80	0.681
0.785398	2.343981	-1.040456	101	0	104	0.681
-1.570796	2.579248	-2.364801	99	20	95	0.681
-0.261799	1.168678	2.108595	11	23	81	0.681
-0.261799	1.982574	-1.115518	96	4	109	0.681
2.617994	2.108018	1.311430	101	127	107	0.681
0.261799	2.396274	-1.959260	95	17	110	0.681
0.785398	2.180315	-1.357379	15	110	91	0.681
-2.094395	2.356369	3.005869	96	22	103	0.681
-0.261799	2.001437	0.381215	11	11	83	0.681
2.879793	1.310100	1.488307	123	44	15	0.680
-1.308997	1.488617	1.159546	116	87	16	0.680
1.570796	0.080730	-2.622036	108	46	4	0.674
-1.570796	2.138223	1.678323	100	27	115	0.674
0.261799	2.579248	-2.364801	5	22	43	0.666
0.261799	2.455966	-0.641220	27	116	101	0.645
-2.094395	1.050534	3.042579	125	20	48	0.645
-2.879793	0.290380	-0.796960	4	31	42	0.645
-2.879793	0.640596	-2.797608	106	39	3	0.645
-3.141593	1.875281	0.107086	113	42	113	0.645
-1.308997	1.574060	2.783565	98	20	112	0.645
2.879793	1.741644	-2.695914	41	34	123	0.645
-2.879793	0.618092	2.539118	97	22	109	0.645
-2.879793	1.606104	-0.451151	116	45	116	0.645
-1.047198	0.864993	2.278281	3	4	49	0.645
-0.785398	1.050534	3.042579	122	8	48	0.645
0.785398	0.297065	2.160177	5	21	49	0.645
0.523599	1.599406	1.426070	4	86	125	0.644
2.094395	0.864993	2.278281	6	22	48	0.644
-2.617994	2.588535	-2.976617	116	47	120	0.644
-1.047198	0.370812	-2.547742	127	22	48	0.644
-1.308997	2.396274	-1.959260	104	37	116	0.644
-2.356194	2.153910	-1.714959	119	46	117	0.644
-0.785398	0.914445	2.687814	0	8	50	0.644
1.047198	0.914445	2.687814	9	10	50	0.644
-1.308997	1.824694	1.850876	99	90	11	0.644
0.261799	1.812176	0.656819	114	88	14	0.644
-3.141593	0.961715	0.014085	1	17	43	0.637
-2.094395	1.545873	-1.877082	0	7	49	0.637
1.832596	1.504028	0.636812	19	42	94	0.616
-2.617994	2.979456	-1.009304	33	11	84	0.616
0.261799	1.699788	2.452890	30	86	16	0.616
1.832596	1.872854	1.543456	37	27	1	0.616
-1.308997	1.555207	1.708892	9	28	80	0.616
-1.047198	1.977582	0.969896	8	107	98	0.616
-1.570796	1.756530	-2.105156	4	118	97	0.615
-0.785398	2.637879	2.121598	8	108	97	0.615
1.570796	2.456751	-1.503343	96	126	108	0.615
0.000000	2.592629	0.909713	107	122	101	0.615
-0.785398	2.881233	-2.582574	98	7	93	0.615
-1.047198	1.824694	1.850876	14	29	82	0.615
-0.523599	2.592629	0.909713	101	127	101	0.615
-0.523599	1.569311	-3.003978	1	39	92	0.615
0.000000	1.168678	2.108595	30	92	23	0.615
2.617994	0.370812	-2.547742	12	31	88	0.615
2.356194	0.615174	-0.666022	8	35	81	0.615
0.523599	1.506530	1.988858	38	93	17	0.615
2.879793	0.615174	-0.666022	101	8	99	0.615
-0.785398	1.977582	0.969896	13	106	98	0.615
-0.785398	1.168678	2.108595	8	20	81	0.615
-1.047198	1.168678	2.108595	6	19	81	0.615
1.308997	1.448123	-2.163292	36	87	11	0.615
1.832596	1.301460	-0.509251	13	22	39	0.608
2.356194	1.812176	0.656819	35	25	23	0.608
-1.570796	0.419640	2.974122	7	14	49	0.608
0.261799	1.658653	-2.409879	118	46	3	0.607
0.261799	0.850607	-1.335383	122	22	44	0.600
0.261799	0.899350	-2.069907	10	24	44	0.600
0.000000	2.138223	1.678323	118	42	116	0.579
-0.785398	0.864993	2.278281	4	4	49	0.579
2.879793	1.440580	2.260026	2	31	41	0.579
-2.879793	0.866395	-2.492918	12	25	45	0.579
-2.356194	0.866395	-2.492918	5	27	45	0.579
-2.617994	1.168678	2.108595	119	19	45	0.579
2.879793	2.979456	-1.009304	111	36	117	0.579
-2.617994	1.374601	-2.456031	100	28	114	0.579
-0.523599	0.297065	2.160177	12	13	49	0.578
-2.617994	0.866395	-2.492918	9	26	45	0.578
-2.617994	0.850607	-1.335383	119	49	7	0.578
0.785398	0.619654	-2.216909	1	126	45	0.578
0.000000	0.419640	2.974122	1	16	50	0.578
2.094395	0.700570	1.559208	5	27	45	0.578
1.047198	1.696674	-1.253233	1	12	47	0.578
0.785398	1.732874	-0.951685	121	87	121	0.550
-2.356194	0.733948	3.021411	102	38	2	0.550
-0.523599	2.180315	-1.357379	96	13	104	0.550
1.047198	2.637879	2.121598	125	46	90	0.550
2.617994	2.863997	0.549740	100	21	101	0.550
0.261799	1.617114	-1.572037	123	85	9	0.549
0.785398	1.696674	-1.253233	20	108	97	0.549
0.261799	1.574060	2.783565	99	0	106	0.549
2.356194	2.138223	1.678323	125	50	125	0.549
1.308997	2.379497	0.561089	3	110	98	0.549
0.261799	2.180315	-1.357379	98	39	120	0.549
2.094395	2.407836	1.410646	126	47	118	0.549
-0.785398	0.762244	-0.273349	119	86	126	0.549
0.785398	0.914445	2.687814	10	7	51	0.549
0.000000	0.866955	-0.931351	126	82	125	0.549
0.523599	0.914445	2.687814	9	6	51	0.549
-0.261799	1.134497	-1.109631	101	86	6	0.548
0.523599	1.574060	2.783565	112	44	126	0.543
-2.094395	0.866395	-2.492918	0	26	44	0.542
-0.523599	0.850607	-1.335383	5	27	45	0.542
0.261799	2.724429	-0.348782	0	16	46	0.542
0.523599	2.343981	-1.040456	126	22	43	0.542
-1.832596	1.134497	-1.109631	13	21	45	0.534
2.094395	2.664082	-1.071402	122	41	119	0.513
-2.356194	1.374601	-2.456031	127	32	37	0.513
2.879793	2.063651	-2.044600	107	28	108	0.513
-2.094395	2.115563	0.685730	108	40	2	0.513
-0.523599	0.290380	-0.796960	113	48	7	0.513
0.000000	2.115563	0.685730	2	86	122	0.513
-2.879793	0.906588	1.252948	28	26	30	0.513
0.261799	0.080730	-2.622036	120	17	46	0.512
-2.356194	1.391910	3.030322	104	31	114	0.512
0.785398	0.866955	-0.931351	29	7	39	0.512
1.047198	1.846342	-1.796954	7	20	46	0.512
-0.785398	1.256302	0.062705	110	45	1	0.512
2.356194	2.180315	-1.357379	9	16	47	0.512
1.832596	0.640596	-2.797608	109	46	8	0.512
-2.094395	2.153910	-1.714959	115	46	117	0.485
2.617994	0.700570	1.559208	113	41	18	0.484
-3.141593	1.599406	1.426070	107	46	4	0.484
-2.356194	0.866955	-0.931351	110	48	4	0.484
-2.879793	2.588535	-2.976617	122	48	120	0.484
-1.832596	2.881233	-2.582574	110	41	113	0.484
2.879793	0.899350	-2.069907	106	40	2	0.484
1.570796	2.108018	1.311430	29	117	105	0.484
-2.356194	1.846342	-1.796954	117	49	122	0.484
-2.617994	2.063651	-2.044600	123	49	122	0.484
-2.617994	1.696674	-1.253233	120	48	119	0.484
2.879793	0.458961	-0.107937	31	115	105	0.484
-1.047198	1.256302	0.062705	100	88	2	0.484
-2.879793	1.824694	1.850876	105	44	5	0.484
1.047198	0.831641	0.616218	127	86	112	0.484
-3.141593	1.433411	-1.035986	20	46	118	0.483
1.308997	2.407836	1.410646	24	114	100	0.483
0.000000	1.569311	-3.003978	124	87	25	0.483
1.047198	0.899350	-2.069907	115	45	10	0.483
-3.141593	1.135834	-1.431087	3	48	3	0.483
2.879793	2.478122	2.609777	124	49	123	0.483
2.094395	0.992645	-1.723759	125	43	5	0.483
-2.617994	0.960688	-0.577532	111	49	1	0.483
-0.523599	1.325504	-1.671296	20	113	100	0.483
0.785398	2.153910	-1.714959	25	5	46	0.483
-2.094395	1.904882	-1.478089	113	46	118	0.483
2.094395	0.290380	-0.796960	37	108	20	0.483
-2.356194	1.696674	-1.253233	115	47	119	0.483
-2.617994	2.579248	-2.364801	124	46	117	0.483
1.570796	1.574060	2.783565	35	5	41	0.483
-0.261799	1.741644	-2.695914	100	88	13	0.483
-3.141593	2.588535	-2.976617	127	47	120	0.483
-2.879793	1.617114	-1.572037	127	49	124	0.483
-1.570796	2.863997	0.549740	2	110	100	0.483
-2.617994	2.251330	-2.330739	122	49	122	0.483
-2.879793	0.866955	-0.931351	121	50	5	0.482
-2.879793	1.135834	-1.431087	126	50	3	0.482
-1.570796	1.413347	-1.339188	5	18	49	0.476
2.617994	1.184361	0.625864	4	45	120	0.455
0.523599	1.982574	-1.115518	12	117	83	0.455
-1.047198	1.417623	-0.202254	105	7	88	0.454
0.785398	1.982574	-1.115518	16	117	83	0.454
-0.523599	1.732874	-0.951685	107	8	84	0.454
-0.261799	1.732874	-0.951685	110	5	84	0.454
2.094395	2.174483	2.653697	107	33	89	0.454
1.832596	2.073035	2.027405	110	26	80	0.454
1.832596	1.982574	-1.115518	27	127	83	0.454
2.617994	1.545873	-1.877082	20	121	89	0.454
1.570796	2.089241	-0.114193	15	125	88	0.454
0.261799	1.982574	-1.115518	8	118	83	0.454
-0.785398	2.719179	-1.780644	10	2	81	0.454
0.785398	2.979456	-1.009304	15	6	81	0.454
-3.141593	1.836682	-0.676006	111	42	4	0.447
1.047198	0.619654	-2.216909	114	46	13	0.447
-1.308997	1.050534	3.042579	121	14	47	0.447
-1.570796	1.809167	1.213774	105	36	5	0.447
0.000000	0.762244	-0.273349	9	11	44	0.447
-2.617994	1.756530	-2.105156	100	24	111	0.447
-1.047198	0.615174	-0.666022	120	48	10	0.447
-0.785398	1.440580	2.260026	124	91	27	0.447
2.094395	1.766067	2.153843	41	34	125	0.418
2.356194	1.869911	2.701025	42	33	125	0.418
-2.879793	1.662363	0.915448	103	42	124	0.418
2.094395	1.812176	0.656819	37	108	12	0.418
2.879793	1.872854	1.543456	105	39	120	0.418
-3.141593	2.393226	1.857173	102	36	113	0.418
-1.047198	2.251330	-2.330739	14	119	92	0.417
1.047198	0.418037	1.360082	16	21	46	0.417
2.617994	1.736875	3.023612	17	29	37	0.417
-3.141593	1.741644	-2.695914	37	37	123	0.417
2.356194	1.413430	2.550734	15	25	44	0.417
-2.356194	1.417623	-0.202254	104	40	119	0.417
-3.141593	0.618092	2.539118	98	26	109	0.417
0.523599	2.063651	-2.044600	28	8	45	0.417
1.832596	2.108018	1.311430	123	92	109	0.417
-1.832596	0.080730	-2.622036	14	21	47	0.417
2.094395	1.504028	0.636812	35	107	16	0.417
1.832596	2.456751	-1.503343	123	40	118	0.417
1.047198	0.700570	1.559208	18	19	45	0.417
-2.356194	1.194549	-0.801900	37	105	18	0.417
1.047198	1.168678	2.108595	20	12	45	0.417
-2.879793	1.554776	0.100351	109	44	118	0.417
1.570796	1.977582	0.969896	124	89	111	0.417
-3.141593	0.685216	-1.712745	0	85	2	0.417
-1.047198	1.872854	1.543456	120	87	14	0.416
-0.785398	0.733948	3.021411	14	48	127	0.416
1.570796	1.256302	0.062705	1	83	122	0.416
0.785398	1.977582	0.969896	120	88	10	0.415
0.261799	0.290380	-0.796960	12	16	42	0.409
1.570796	0.866955	-0.931351	42	96	10	0.389
-0.523599	2.164094	-2.991358	116	87	121	0.389
2.617994	1.488617	1.159546	24	118	91	0.388
0.261799	1.721184	-0.153948	13	42	88	0.388
-2.617994	1.554776	0.100351	95	37	116	0.388
-0.785398	1.756530	-2.105156	92	4	107	0.388
0.785398	1.721184	-0.153948	4	44	88	0.388
-0.523599	1.135834	-1.431087	94	125	110	0.388
-0.261799	2.063651	-2.044600	97	124	101	0.388
1.570796	1.948085	-2.363031	13	33	86	0.388
-0.523599	2.063651	-2.044600	94	0	101	0.388
-0.785398	1.545873	-1.877082	92	4	108	0.388
-1.047198	1.812176	0.656819	9	108	97	0.388
-1.308997	1.721184	-0.153948	112	48	3	0.381
0.000000	0.992645	-1.723759	122	44	121	0.381
0.785398	1.128190	-2.288622	110	42	122	0.381
-2.356194	0.619654	-2.216909	7	27	44	0.381
-2.094395	1.256302	0.062705	124	16	42	0.380
-0.261799	1.433411	-1.035986	120	16	47	0.380
1.308997	2.724429	-0.348782	126	10	46	0.380
0.261799	1.448123	-2.163292	118	46	1	0.379
-2.617994	0.419640	2.974122	117	42	10	0.378
-0.785398	1.450119	-2.739050	124	91	113	0.352
-1.308997	0.674054	1.013609	106	89	20	0.352
2.617994	2.393226	1.857173	113	38	113	0.352
1.047198	1.658653	-2.409879	125	44	12	0.352
0.523599	1.374601	-2.456031	38	127	101	0.352
-0.523599	2.299159	2.264663	112	84	123	0.352
1.047198	1.195355	1.200319	119	91	18	0.352
2.356194	1.440580	2.260026	11	29	42	0.352
-1.832596	2.187132	-0.479875	5	28	41	0.352
0.000000	0.297065	2.160177	11	17	49	0.352
1.832596	1.721184	-0.153948	30	13	36	0.351
-1.047198	0.831641	0.616218	105	86	15	0.351
2.356194	1.218453	2.777284	13	21	47	0.351
1.570796	0.297065	2.160177	127	19	49	0.351
-2.094395	2.104282	-0.813972	114	37	110	0.351
0.261799	1.977582	0.969896	95	16	110	0.351
0.785398	0.419640	2.974122	127	13	50	0.351
2.879793	1.413347	-1.339188	104	39	2	0.351
1.047198	0.419640	2.974122	127	12	50	0.351
0.523599	2.478122	2.609777	126	46	125	0.350
2.617994	2.033014	2.977192	5	45	4	0.350
-1.832596	0.992645	-1.723759	100	1	104	0.323
1.832596	1.824694	1.850876	38	25	4	0.323
1.832596	1.134497	-1.109631	9	41	92	0.323
0.523599	1.875281	0.107086	95	2	110	0.323
0.785398	1.510910	-0.740472	25	110	96	0.322
1.047198	1.824694	1.850876	96	15	109	0.322
1.832596	1.184361	0.625864	18	109	97	0.322
1.570796	1.014500	0.906702	40	23	8	0.322
1.570796	1.662363	0.915448	9	112	94	0.322
-0.261799	1.872854	1.543456	100	126	107	0.322
1.047198	1.875281	0.107086	100	122	110	0.322
0.785398	1.875281	0.107086	97	126	110	0.322
-0.523599	1.433411	-1.035986	94	4	112	0.322
1.832596	1.658653	-2.409879	15	35	89	0.322
1.308997	1.506530	1.988858	10	36	80	0.322
1.308997	2.343981	-1.040456	20	117	88	0.322
2.617994	1.872854	1.543456	119	51	0	0.322
-0.261799	1.301460	-0.509251	12	31	81	0.322
-0.785398	2.407836	1.410646	14	107	97	0.322
1.308997	1.510910	-0.740472	13	41	95	0.322
1.832596	0.906588	1.252948	96	18	108	0.322
2.617994	2.063651	-2.044600	2	38	87	0.322
1.047198	2.001437	0.381215	99	123	106	0.322
2.356194	0.370812	-2.547742	14	4	49	0.322
2.617994	1.195355	1.200319	94	4	112	0.322
0.785398	1.606104	-0.451151	26	113	93	0.322
2.879793	1.510910	-0.740472	100	3	105	0.322
1.570796	1.812176	0.656819	8	109	99	0.322
-3.141593	2.041297	-2.664597	102	0	101	0.322
-2.094395	0.864993	2.278281	113	42	7	0.316
-1.570796	2.984978	1.954446	118	38	116	0.315
-1.832596	0.419640	2.974122	8	14	49	0.315
-2.617994	0.615174	-0.666022	122	10	42	0.314
-1.308997	0.419640	2.974122	6	15	49	0.314
2.617994	2.104282	-0.813972	118	44	0	0.287
0.523599	1.732874	-0.951685	111	43	9	0.287
-1.047198	2.379497	0.561089	118	47	0	0.287
0.523599	2.760637	2.781135	1	45	3	0.286
1.832596	1.554776	0.100351	29	10	39	0.286
-0.523599	2.115563	0.685730	110	44	124	0.285
1.832596	0.866955	-0.931351	8	25	39	0.285
-0.785398	0.866395	-2.492918	125	88	123	0.285
-1.047198	1.113094	-0.272241	110	47	7	0.285
-2.617994	1.128190	-2.288622	122	46	13	0.285
-2.094395	0.419640	2.974122	9	13	50	0.285
2.094395	1.875281	0.107086	41	26	122	0.278
-1.308997	2.180315	-1.357379	98	31	110	0.257
-1.308997	2.073035	2.027405	97	90	8	0.257
1.047198	2.407836	1.410646	22	112	101	0.257
0.261799	2.153910	-1.714959	125	86	110	0.257
2.617994	0.379747	-1.713059	8	43	97	0.257
0.785398	1.113094	-0.272241	33	113	104	0.256
0.523599	2.138223	1.678323	41	3	99	0.256
0.261799	2.251330	-2.330739	107	84	0	0.256
1.047198	2.704512	1.488683	18	113	97	0.256
1.308997	1.335669	0.897240	109	90	121	0.256
-1.308997	0.203748	0.590255	123	92	30	0.256
1.832596	1.440580	2.260026	97	3	102	0.256
-0.261799	1.014500	0.906702	5	41	89	0.256
-1.047198	1.766067	2.153843	120	86	1	0.256
0.523599	2.881233	-2.582574	36	9	35	0.256
-1.047198	2.153910	-1.714959	13	114	96	0.256
-1.308997	2.001437	0.381215	111	107	102	0.256
1.047198	1.766067	2.153843	9	39	82	0.256
-1.047198	2.073035	2.027405	101	86	8	0.256
0.785398	0.700570	1.559208	31	9	45	0.256
0.261799	1.756530	-2.105156	107	83	6	0.256
2.094395	1.256302	0.062705	27	43	121	0.256
-0.261799	2.033014	2.977192	125	82	125	0.256
1.832596	0.571433	-1.188419	40	100	16	0.256
-0.523599	1.617114	-1.572037	22	8	48	0.256
1.047198	1.488617	1.159546	125	96	105	0.256
-1.047198	2.588535	-2.976617	91	13	111	0.256
-2.617994	0.709924	0.218797	102	40	10	0.256
1.570796	1.184361	0.625864	113	86	125	0.255
0.523599	0.850607	-1.335383	2	84	20	0.255
0.000000	1.413347	-1.339188	125	14	49	0.249
0.785398	1.433411	-1.035986	121	4	46	0.249
1.047198	2.299159	2.264663	45	97	4	0.228
-0.523599	1.310100	1.488307	26	82	16	0.228
0.523599	1.184361	0.625864	43	92	8	0.228
1.047198	2.455966	-0.641220	38	111	13	0.228
0.261799	0.961715	0.014085	36	89	10	0.228
0.785398	1.998705	2.370472	42	91	11	0.228
-3.141593	1.948085	-2.363031	40	92	11	0.228
1.047198	1.699788	2.452890	42	96	17	0.228
0.785398	0.496451	0.593859	25	120	50	0.228
-1.047198	1.875281	0.107086	26	119	96	0.228
-1.570796	0.290380	-0.796960	38	118	13	0.228
1.047198	2.187132	-0.479875	40	101	7	0.227
1.047198	1.184361	0.625864	46	103	8	0.227
0.523599	1.824694	1.850876	42	91	11	0.227
0.000000	1.875281	0.107086	37	96	15	0.227
1.047198	1.998705	2.370472	44	96	11	0.227
-2.879793	0.831641	0.616218	36	92	11	0.227
0.261799	2.138223	1.678323	39	88	3	0.227
0.000000	0.906588	1.252948	36	89	19	0.227
-1.308997	0.458961	-0.107937	31	89	14	0.227
0.261799	1.504028	0.636812	38	91	7	0.227
1.308997	2.349581	-2.702517	33	110	99	0.227
-0.785398	0.418037	1.360082	29	90	25	0.227
-1.832596	1.545873	-1.877082	40	94	9	0.227
1.047198	0.960688	-0.577532	39	98	16	0.227
-0.785398	1.025536	1.576859	23	85	21	0.227
-1.570796	1.325504	-1.671296	42	99	6	0.227
0.785398	0.458961	-0.107937	40	92	18	0.227
-0.261799	1.599406	1.426070	31	82	10	0.227
0.523599	0.640596	-2.797608	21	109	46	0.227
0.261799	0.496451	0.593859	23	117	50	0.227
0.261799	1.488617	1.159546	41	89	9	0.227
-0.261799	1.488617	1.159546	31	82	9	0.227
2.356194	2.984978	1.954446	112	27	90	0.227
0.261799	1.569311	-3.003978	24	116	43	0.227
2.356194	0.458961	-0.107937	34	29	12	0.227
1.570796	2.251330	-2.330739	34	112	98	0.227
-0.523599	0.831641	0.616218	42	100	0	0.227
2.356194	0.297065	2.160177	112	25	86	0.227
2.879793	0.619654	-2.216909	33	126	49	0.227
1.570796	1.391910	3.030322	39	99	23	0.227
2.879793	2.041297	-2.664597	119	25	82	0.227
0.785398	2.407836	1.410646	33	106	20	0.227
0.000000	1.869911	2.701025	33	94	11	0.227
1.308997	2.187132	-0.479875	40	105	7	0.227
-1.308997	2.251330	-2.330739	34	98	20	0.227
0.261799	1.555207	1.708892	39	88	14	0.227
-1.832596	0.418037	1.360082	16	113	49	0.227
-1.047198	0.700570	1.559208	31	116	36	0.227
-0.261799	1.977582	0.969896	37	102	16	0.227
-0.785398	0.906588	1.252948	23	84	19	0.227
-0.261799	1.812176	0.656819	39	104	11	0.227
0.261799	0.640596	-2.797608	17	109	46	0.227
0.000000	1.736875	3.023612	109	27	94	0.227
2.879793	1.506530	1.988858	15	115	47	0.227
0.000000	1.391910	3.030322	109	26	91	0.227
2.879793	0.709924	0.218797	45	101	5	0.227
-0.785398	1.504028	0.636812	43	98	6	0.227
0.523599	1.998705	2.370472	38	86	11	0.227
2.094395	0.640596	-2.797608	31	125	46	0.227
-0.261799	1.440580	2.260026	32	93	10	0.227
-0.261799	0.906588	1.252948	32	86	19	0.227
-2.617994	1.301460	-0.509251	34	87	7	0.227
-1.832596	1.450119	-2.739050	30	116	41	0.227
-0.785398	2.104282	-0.813972	31	96	21	0.227
-0.523599	0.674054	1.013609	28	85	20	0.227
-1.570796	1.869911	2.701025	28	112	40	0.227
0.000000	1.699788	2.452890	34	95	10	0.227
-0.785398	0.080730	-2.622036	109	16	87	0.227
2.094395	1.391910	3.030322	39	107	23	0.227
2.094395	1.488617	1.159546	32	33	3	0.227
1.047198	0.496451	0.593859	25	122	50	0.227
0.261799	1.194549	-0.801900	108	26	92	0.227
1.570796	0.640596	-2.797608	31	118	46	0.227
1.570796	0.379747	-1.713059	33	90	23	0.227
1.308997	0.203748	0.590255	20	125	51	0.227
-1.570796	2.001437	0.381215	103	14	91	0.227
-1.570796	1.569311	-3.003978	30	116	41	0.227
1.570796	1.218453	2.777284	36	102	26	0.227
0.785398	0.203748	0.590255	38	103	23	0.227
-3.141593	1.545873	-1.877082	29	91	16	0.227
0.000000	1.310100	1.488307	36	86	16	0.227
-1.308997	2.138223	1.678323	103	14	91	0.227
1.832596	2.587733	0.232235	38	108	16	0.227
-2.617994	0.906588	1.252948	32	91	11	0.227
1.308997	0.496451	0.593859	25	124	50	0.227
0.785398	0.640596	-2.797608	24	110	46	0.227
1.047198	1.545873	-1.877082	109	2	88	0.227
-1.832596	1.413347	-1.339188	106	27	90	0.227
-0.785398	1.569311	-3.003978	16	113	43	0.227
0.261799	1.662363	0.915448	38	91	8	0.227
-3.141593	0.831641	0.616218	33	89	11	0.227
0.261799	1.184361	0.625864	39	87	8	0.227
2.617994	0.203748	0.590255	45	104	6	0.227
2.094395	1.948085	-2.363031	41	99	6	0.227
0.523599	1.134497	-1.109631	106	23	94	0.227
0.261799	2.164094	-2.991358	26	111	37	0.227
1.308997	1.135834	-1.431087	41	99	11	0.227
2.094395	1.325504	-1.671296	41	125	105	0.227
0.523599	1.247695	1.809890	30	88	17	0.227
1.832596	1.736875	3.023612	43	104	17	0.227
-2.094395	0.615174	-0.666022	104	31	104	0.227
0.261799	0.910508	1.903534	125	11	79	0.227
0.785398	0.418037	1.360082	21	120	51	0.227
-1.570796	1.391910	3.030322	31	114	37	0.227
1.832596	1.413430	2.550734	38	109	23	0.227
-1.308997	0.379747	-1.713059	110	28	83	0.227
0.000000	2.407836	1.410646	36	101	23	0.227
0.261799	2.295480	1.008277	36	106	17	0.227
0.523599	0.496451	0.593859	24	118	50	0.227
0.785398	1.569311	-3.003978	27	120	43	0.227
-1.047198	1.904882	-1.478089	39	108	17	0.227
2.356194	1.134497	-1.109631	36	99	11	0.227
2.617994	0.762244	-0.273349	15	2	86	0.227
0.523599	1.488617	1.159546	44	94	9	0.227
-1.308997	1.869911	2.701025	30	115	40	0.227
-2.094395	1.014500	0.906702	34	94	13	0.227
1.832596	1.488617	1.159546	37	30	3	0.227
1.570796	1.506530	1.988858	11	123	47	0.227
0.000000	1.242974	-2.977882	22	118	45	0.227
2.094395	0.619654	-2.216909	32	115	49	0.227
-0.261799	1.569311	-3.003978	110	26	92	0.227
1.832596	1.135834	-1.431087	36	0	36	0.227
0.000000	1.247695	1.809890	34	88	20	0.227
-1.570796	0.203748	0.590255	113	19	83	0.227
-0.261799	0.203748	0.590255	15	115	96	0.227
-2.879793	1.683268	0.374177	107	32	86	0.227
0.785398	2.089241	-0.114193	116	3	87	0.227
1.308997	1.699788	2.452890	43	101	17	0.227
-1.570796	0.674054	1.013609	33	90	7	0.227
0.000000	1.504028	0.636812	35	84	2	0.227
0.523599	0.418037	1.360082	20	119	51	0.227
1.570796	1.736875	3.023612	43	99	17	0.227
1.047198	2.108018	1.311430	24	3	45	0.227
-2.356194	1.433411	-1.035986	36	93	13	0.227
-0.261799	1.574060	2.783565	111	31	97	0.227
1.570796	1.413430	2.550734	39	105	23	0.227
-1.047198	1.510910	-0.740472	35	99	19	0.227
0.523599	1.301460	-0.509251	107	22	90	0.227
1.308997	1.440580	2.260026	41	104	21	0.227
0.523599	1.242974	-2.977882	28	85	12	0.227
0.785398	1.824694	1.850876	44	96	11	0.227
0.000000	0.640596	-2.797608	14	109	46	0.227
-0.785398	0.992645	-1.723759	31	88	1	0.227
1.308997	2.174483	2.653697	45	98	8	0.227
0.785398	1.168678	2.108595	32	90	18	0.227
1.570796	0.866395	-2.492918	33	91	24	0.227
1.047198	0.640596	-2.797608	27	112	46	0.227
2.356194	0.709924	0.218797	32	32	8	0.227
-0.523599	2.881233	-2.582574	34	99	19	0.227
2.094395	2.001437	0.381215	31	106	23	0.227
2.617994	0.615174	-0.666022	36	29	8	0.227
1.570796	1.135834	-1.431087	37	123	36	0.227
0.785398	2.108018	1.311430	26	1	45	0.227
1.047198	0.762244	-0.273349	112	3	86	0.227
1.570796	1.545873	-1.877082	25	114	41	0.227
-2.094395	1.413347	-1.339188	37	94	13	0.227
0.261799	2.407836	1.410646	36	104	23	0.227
2.094395	2.041297	-2.664597	46	104	6	0.227
-2.617994	1.194549	-0.801900	35	90	9	0.227
0.785398	2.393226	1.857173	31	104	26	0.227
-0.523599	1.014500	0.906702	26	82	14	0.227
-2.617994	1.606104	-0.451151	36	93	13	0.227
-1.832596	0.674054	1.013609	30	84	3	0.227
0.785398	0.910508	1.903534	30	93	22	0.227
1.308997	2.404280	-0.174044	21	81	9	0.226
1.570796	2.587733	0.232235	39	104	16	0.226
-0.261799	0.674054	1.013609	32	87	20	0.226
-0.785398	1.510910	-0.740472	36	102	19	0.226
1.047198	1.242974	-2.977882	36	90	12	0.226
-1.570796	1.736875	3.023612	29	84	4	0.226
-0.785398	2.251330	-2.330739	35	104	20	0.226
-0.523599	1.413347	-1.339188	38	93	6	0.226
0.785398	2.719179	-1.780644	11	7	80	0.226
2.879793	0.864993	2.278281	19	84	14	0.226
2.356194	1.242974	-2.977882	25	83	12	0.226
-2.094395	1.335669	0.897240	113	39	12	0.221
-1.832596	0.910508	1.903534	112	41	9	0.220
1.832596	2.455966	-0.641220	33	28	11	0.220
-3.141593	2.404280	-0.174044	115	43	126	0.220
-3.141593	1.025536	1.576859	32	27	26	0.220
-3.141593	1.904882	-1.478089	102	36	121	0.220
2.094395	2.979456	-1.009304	119	39	117	0.219
-2.879793	0.418037	1.360082	31	20	31	0.219
-0.785398	1.135813	-2.658866	116	10	43	0.219
2.879793	2.343981	-1.040456	112	41	122	0.219
-3.141593	0.929350	-2.910676	11	21	47	0.219
0.785398	1.904882	-1.478089	110	41	11	0.219
-3.141593	0.866955	-0.931351	127	49	5	0.191
2.094395	2.073035	2.027405	5	46	1	0.191
-2.617994	2.174483	2.653697	107	46	2	0.191
1.308997	1.247695	1.809890	94	26	118	0.191
2.617994	0.418037	1.360082	111	39	19	0.190
-1.832596	2.984978	1.954446	98	11	104	0.190
0.523599	2.407836	1.410646	3	87	115	0.190
0.000000	2.588535	-2.976617	36	8	33	0.190
1.308997	1.195355	1.200319	4	93	104	0.190
-3.141593	1.824694	1.850876	109	47	5	0.190
-0.785398	1.699788	2.452890	119	90	24	0.190
1.832596	1.599406	1.426070	1	96	103	0.190
-1.832596	1.948085	-2.363031	104	44	0	0.190
-2.617994	1.134497	-1.109631	117	50	0	0.190
1.832596	0.370812	-2.547742	7	0	48	0.190
2.356194	2.637879	2.121598	127	46	118	0.190
-2.879793	1.335669	0.897240	120	87	123	0.189
-3.141593	1.869911	2.701025	120	49	8	0.189
0.261799	2.343981	-1.040456	1	23	43	0.182
1.047198	1.448123	-2.163292	32	84	12	0.162
0.523599	1.812176	0.656819	114	87	1	0.162
-1.308997	1.113094	-0.272241	93	95	3	0.162
-0.261799	1.310100	1.488307	124	82	16	0.162
-0.261799	1.904882	-1.478089	99	91	123	0.162
1.308997	0.762244	-0.273349	100	122	109	0.162
0.000000	1.134497	-1.109631	105	82	5	0.161
0.785398	0.961715	0.014085	41	91	8	0.161
1.570796	0.850607	-1.335383	41	93	13	0.161
1.047198	1.301460	-0.509251	35	114	100	0.161
0.000000	0.496451	0.593859	127	86	20	0.161
0.000000	0.831641	0.616218	33	85	14	0.161
0.261799	1.134796	2.434290	30	93	25	0.161
-0.523599	1.134497	-1.109631	96	89	5	0.161
-0.523599	2.760637	2.781135	107	85	123	0.161
-1.832596	1.812176	0.656819	95	96	124	0.161
2.879793	1.658653	-2.409879	41	24	6	0.161
0.785398	1.658653	-2.409879	28	82	11	0.161
1.308997	0.992645	-1.723759	36	87	14	0.161
2.617994	1.025536	1.576859	103	5	96	0.161
-0.261799	2.588535	-2.976617	102	86	125	0.161
0.523599	1.134796	2.434290	32	95	25	0.161
0.523599	1.218453	2.777284	29	92	25	0.161
2.356194	2.592629	0.909713	33	96	18	0.161
1.832596	2.247462	0.191623	100	127	108	0.161
0.785398	1.134796	2.434290	34	98	25	0.161
-0.261799	1.135834	-1.431087	98	87	8	0.161
-0.523599	1.247695	1.809890	25	85	19	0.161
0.523599	2.356369	3.005869	103	123	101	0.161
-2.356194	2.299159	2.264663	94	19	104	0.161
2.356194	2.115563	0.685730	102	125	105	0.161
-0.261799	1.247695	1.809890	122	84	20	0.161
-2.356194	1.658653	-2.409879	98	10	111	0.161
1.308997	0.640596	-2.797608	100	14	103	0.161
0.000000	1.134796	2.434290	27	92	25	0.161
-1.832596	1.870545	-2.976234	95	19	112	0.161
0.523599	0.961715	0.014085	94	4	107	0.161
-1.308997	1.367556	0.358405	97	89	1	0.161
-0.785398	1.417623	-0.202254	8	39	91	0.161
2.356194	2.001437	0.381215	8	42	83	0.161
2.356194	1.128190	-2.288622	107	89	11	0.161
0.523599	1.683268	0.374177	114	86	5	0.161
1.047198	0.961715	0.014085	99	122	107	0.161
-1.308997	2.295480	1.008277	105	87	121	0.161
-1.570796	2.108018	1.311430	37	97	6	0.161
1.047198	2.588535	-2.976617	30	110	98	0.161
1.832596	2.164094	-2.991358	47	8	1	0.161
1.832596	0.929350	-2.910676	33	98	26	0.161
-0.523599	1.194549	-0.801900	98	120	103	0.161
2.356194	2.295480	1.008277	116	83	0	0.161
-1.047198	0.910508	1.903534	113	88	25	0.161
1.047198	1.872854	1.543456	47	10	1	0.161
1.308997	1.374601	-2.456031	36	88	16	0.161
0.000000	2.704512	1.488683	35	97	22	0.161
1.047198	1.417623	-0.202254	99	123	113	0.161
0.261799	1.218453	2.777284	26	91	25	0.161
-0.785398	1.301460	-0.509251	98	89	127	0.161
1.308997	1.870545	-2.976234	41	92	12	0.161
0.523599	0.960688	-0.577532	109	90	7	0.161
1.047198	2.164094	-2.991358	38	87	6	0.161
1.047198	1.134796	2.434290	35	101	25	0.160
1.570796	2.579248	-2.364801	110	84	16	0.160
-0.523599	0.700570	1.559208	123	88	24	0.160
2.879793	0.640596	-2.797608	110	88	3	0.160
-0.523599	1.555207	1.708892	117	80	14	0.160
-0.523599	1.025536	1.576859	120	84	21	0.160
2.617994	1.617114	-1.572037	117	87	14	0.160
0.523599	1.448123	-2.163292	113	45	0	0.154
-3.141593	2.456751	-1.503343	2	24	44	0.154
-3.141593	2.108018	1.311430	20	41	124	0.154
2.879793	1.977582	0.969896	32	30	19	0.154
-1.832596	1.025536	1.576859	113	40	10	0.153
1.047198	0.080730	-2.622036	121	6	46	0.153
2.617994	1.128190	-2.288622	122	44	127	0.153
-1.570796	0.992645	-1.723759	102	95	12	0.153
-2.879793	1.168678	2.108595	126	43	3	0.153
-2.879793	1.809167	1.213774	125	44	4	0.153
0.000000	2.637879	2.121598	127	46	125	0.125
2.356194	1.699788	2.452890	40	33	127	0.125
-2.617994	2.881233	-2.582574	122	43	114	0.125
1.832596	1.662363	0.915448	37	102	13	0.125
1.832596	2.396274	-1.959260	120	37	116	0.125
-3.141593	0.619654	-2.216909	104	38	5	0.125
-1.047198	1.374601	-2.456031	123	91	114	0.124
2.879793	1.574060	2.783565	124	45	14	0.124
1.308997	2.041297	-2.664597	123	46	9	0.124
-2.356194	1.909857	-0.381669	110	37	111	0.124
-2.094395	0.700570	1.559208	102	98	24	0.124
-0.261799	1.448123	-2.163292	18	111	101	0.124
0.523599	0.370812	-2.547742	123	8	48	0.124
0.000000	1.450119	-2.739050	18	113	99	0.124
-3.141593	1.391910	3.030322	7	28	44	0.124
-2.356194	1.869911	2.701025	104	42	9	0.124
-1.570796	0.458961	-0.107937	7	8	44	0.116
-3.141593	1.195355	1.200319	117	42	127	0.116
0.523599	2.984978	1.954446	127	16	44	0.109
0.785398	1.135834	-1.431087	120	81	8	0.096
2.094395	1.135813	-2.658866	38	101	21	0.096
-2.356194	1.135834	-1.431087	125	46	9	0.096
0.000000	1.998705	2.370472	26	82	10	0.095
1.832596	2.637879	2.121598	94	11	103	0.095
-2.617994	1.510910	-0.740472	36	104	21	0.095
0.523599	1.256302	0.062705	94	3	107	0.095
0.523599	1.367556	0.358405	95	2	102	0.095
2.356194	1.391910	3.030322	115	84	17	0.095
1.308997	2.637879	2.121598	98	20	103	0.095
0.785398	2.115563	0.685730	95	3	101	0.095
0.785398	2.041297	-2.664597	29	83	6	0.095
0.261799	2.073035	2.027405	35	86	7	0.095
1.308997	2.138223	1.678323	99	11	94	0.095
-0.523599	1.256302	0.062705	109	82	1	0.095
-0.261799	0.619654	-2.216909	115	7	45	0.095
0.261799	1.367556	0.358405	94	7	102	0.095
-0.523599	2.349581	-2.702517	96	124	102	0.095
-0.261799	1.195355	1.200319	31	85	14	0.095
0.785398	1.194549	-0.801900	126	84	2	0.095
2.617994	1.168678	2.108595	124	16	46	0.095
1.570796	1.433411	-1.035986	35	118	98	0.095
1.308997	2.664082	-1.071402	93	10	109	0.095
2.356194	1.736875	3.023612	96	17	103	0.095
-2.094395	0.850607	-1.335383	98	4	101	0.095
0.261799	0.929350	-2.910676	118	119	48	0.095
-2.356194	1.413347	-1.339188	125	45	3	0.095
1.570796	2.393226	1.857173	96	11	98	0.095
1.308997	1.599406	1.426070	95	9	107	0.095
-2.094395	0.866955	-0.931351	99	127	105	0.095
1.047198	1.504028	0.636812	101	124	98	0.095
-2.356194	1.325504	-1.671296	127	46	8	0.095
-2.094395	0.992645	-1.723759	123	44	14	0.095
-1.570796	1.045978	0.343692	89	8	121	0.095
0.000000	1.301460	-0.509251	113	82	127	0.095
2.879793	1.014500	0.906702	94	2	104	0.095
1.047198	1.413430	2.550734	36	98	22	0.095
-1.570796	1.948085	-2.363031	7	120	93	0.095
1.570796	1.555207	1.708892	40	22	8	0.095
1.570796	1.741644	-2.695914	41	94	12	0.095
-2.356194	0.850607	-1.335383	125	45	13	0.094
0.523599	0.685216	-1.712745	1	83	6	0.094
0.000000	0.571433	-1.188419	124	84	4	0.094
1.570796	1.836682	-0.676006	42	26	120	0.087
-2.879793	1.732874	-0.951685	122	45	116	0.059
-2.879793	1.510910	-0.740472	119	47	119	0.059
0.523599	1.836682	-0.676006	111	42	11	0.058
2.094395	1.699788	2.452890	19	26	38	0.058
-1.308997	0.864993	2.278281	127	6	49	0.058
-2.617994	0.619654	-2.216909	11	25	45	0.058
0.261799	1.732874	-0.951685	125	12	46	0.058
2.094395	1.050534	3.042579	14	14	48	0.058
-0.261799	0.290380	-0.796960	106	90	22	0.058
2.879793	1.545873	-1.877082	107	39	121	0.058
0.261799	1.836682	-0.676006	115	44	11	0.058
0.261799	1.506530	1.988858	127	87	121	0.058
-0.523599	1.440580	2.260026	127	90	28	0.058
2.617994	1.977582	0.969896	116	47	120	0.057
-1.047198	2.138223	1.678323	123	83	117	0.030
-3.141593	2.478122	2.609777	1	45	1	0.030
-1.308997	1.504028	0.636812	120	86	115	0.030
-2.356194	2.041297	-2.664597	113	50	0	0.030
-0.785398	0.910508	1.903534	116	89	24	0.030
-0.523599	1.662363	0.915448	101	36	115	0.029
1.570796	0.906588	1.252948	22	117	91	0.029
-0.523599	2.863997	0.549740	33	10	84	0.029
-2.879793	1.599406	1.426070	7	28	78	0.029
-1.047198	0.640596	-2.797608	102	93	10	0.029
1.047198	1.014500	0.906702	6	43	93	0.029
1.047198	2.180315	-1.357379	19	112	90	0.029
-3.141593	2.592629	0.909713	98	24	103	0.029
1.308997	1.696674	-1.253233	30	113	97	0.029
1.308997	1.554776	0.100351	42	15	93	0.029
0.785398	1.488617	1.159546	3	34	86	0.029
1.308997	2.299159	2.264663	98	30	111	0.029
0.523599	1.050534	3.042579	126	119	48	0.029
2.617994	2.251330	-2.330739	2	33	84	0.029
-1.832596	0.850607	-1.335383	38	101	18	0.029
-2.356194	2.478122	2.609777	94	31	114	0.029
0.261799	1.050534	3.042579	123	119	48	0.029
-1.570796	2.393226	1.857173	115	92	114	0.029
-2.879793	2.478122	2.609777	113	49	123	0.029
0.785398	1.218453	2.777284	5	120	47	0.029
-0.785398	0.929350	-2.910676	103	91	6	0.029
-0.523599	1.809167	1.213774	106	36	113	0.029
1.832596	1.195355	1.200319	33	98	17	0.029
-1.047198	2.407836	1.410646	9	108	97	0.029
-1.047198	1.504028	0.636812	125	83	115	0.028
1.832596	2.299159	2.264663	42	21	126	0.028
-2.617994	1.555207	1.708892	122	44	3	0.022
2.879793	2.180315	-1.357379	112	40	121	0.022
1.570796	0.960688	-0.577532	10	21	41	0.021
2.879793	0.571433	-1.188419	126	71	17	0.005
-2.356194	0.960688	-0.577532	123	67	9	0.005
-1.047198	0.685216	-1.712745	5	61	12	0.004
-2.094395	0.929350	-2.910676	4	66	9	0.004
2.094395	2.587733	0.232235	124	62	6	0.004
1.308997	1.450119	-2.739050	121	68	8	0.004
1.832596	1.450119	-2.739050	10	74	10	0.004
2.356194	1.450119	-2.739050	124	70	8	0.004
-0.261799	2.404280	-0.174044	11	68	13	0.004
0.785398	2.404280	-0.174044	6	74	14	0.004
0.523599	2.115563	0.685730	121	73	11	0.004
2.879793	1.756530	-2.105156	123	74	8	0.004
-2.094395	1.869911	2.701025	0	74	6	0.004
0.261799	1.869911	2.701025	1	74	10	0.004
-2.617994	0.458961	-0.107937	124	74	14	0.004
1.832596	0.458961	-0.107937	127	71	12	0.004
-1.570796	1.599406	1.426070	123	68	4	0.004
-0.523599	1.599406	1.426070	1	71	2	0.004
-3.141593	1.554776	0.100351	6	71	10	0.004
0.785398	1.554776	0.100351	123	74	2	0.004
-1.832596	0.618092	2.539118	125	70	18	0.004
-1.570796	0.618092	2.539118	3	74	9	0.004
-3.141593	1.846342	-1.796954	1	70	4	0.004
-1.308997	0.615174	-0.666022	122	74	1	0.004
-0.523599	0.615174	-0.666022	5	70	11	0.004
-2.879793	2.393226	1.857173	6	70	12	0.004
2.356194	2.393226	1.857173	127	73	9	0.004
1.832596	0.419640	2.974122	5	72	4	0.004
2.094395	1.574060	2.783565	2	69	10	0.004
-1.308997	2.587733	0.232235	0	73	3	0.004
1.047198	2.587733	0.232235	12	74	14	0.004
2.356194	2.587733	0.232235	122	68	7	0.004
-0.523599	1.413430	2.550734	13	70	0	0.004
-0.261799	1.413430	2.550734	7	71	15	0.004
0.261799	1.413430	2.550734	125	74	8	0.004
-2.617994	1.417623	-0.202254	5	75	14	0.004
-1.308997	1.417623	-0.202254	9	68	12	0.004
-0.523599	1.417623	-0.202254	0	65	13	0.004
0.000000	0.850607	-1.335383	0	74	9	0.004
0.785398	0.850607	-1.335383	15	74	6	0.004
-3.141593	0.370812	-2.547742	126	68	5	0.004
-0.523599	0.370812	-2.547742	7	70	1	0.004
-2.617994	0.640596	-2.797608	1	73	3	0.004
-2.356194	2.979456	-1.009304	1	75	15	0.004
-1.832596	2.979456	-1.009304	125	70	14	0.004
-1.047198	2.979456	-1.009304	8	70	6	0.004
2.356194	0.831641	0.616218	9	75	11	0.004
2.879793	0.831641	0.616218	122	75	9	0.004
-2.879793	2.343981	-1.040456	9	74	127	0.004
-0.785398	2.343981	-1.040456	11	73	7	0.004
1.570796	2.343981	-1.040456	12	72	10	0.004
-2.094395	1.998705	2.370472	3	70	5	0.004
1.570796	1.998705	2.370472	124	69	10	0.004
2.617994	1.998705	2.370472	1	74	6	0.004
-3.141593	1.413347	-1.339188	4	70	126	0.004
-0.785398	0.674054	1.013609	2	68	12	0.004
0.261799	0.674054	1.013609	2	74	20	0.004
0.523599	0.674054	1.013609	9	72	18	0.004
0.785398	0.674054	1.013609	126	72	12	0.004
1.308997	0.906588	1.252948	123	74	15	0.004
-3.141593	1.335669	0.897240	4	69	10	0.004
-1.832596	1.335669	0.897240	121	70	17	0.004
0.000000	1.335669	0.897240	2	74	9	0.004
0.523599	1.335669	0.897240	127	70	11	0.004
1.047198	1.335669	0.897240	0	75	12	0.004
-1.570796	1.870545	-2.976234	13	69	9	0.004
-2.879793	2.164094	-2.991358	127	75	9	0.004
-2.617994	2.164094	-2.991358	127	75	14	0.004
2.356194	2.164094	-2.991358	127	74	8	0.004
-2.617994	0.379747	-1.713059	116	70	9	0.004
-1.832596	0.379747	-1.713059	11	74	7	0.004
0.785398	0.379747	-1.713059	10	74	9	0.004
2.356194	0.379747	-1.713059	7	72	8	0.004
1.832596	2.187132	-0.479875	11	68	14	0.004
2.617994	0.866955	-0.931351	127	74	0	0.004
2.879793	0.866955	-0.931351	125	69	11	0.004
-2.617994	2.299159	2.264663	8	74	11	0.004
-0.785398	2.299159	2.264663	6	74	18	0.004
-1.308997	1.812176	0.656819	2	69	19	0.004
-2.356194	2.719179	-1.780644	9	70	13	0.004
-2.094395	2.719179	-1.780644	12	72	8	0.004
-0.523599	2.719179	-1.780644	126	66	7	0.004
2.879793	2.396274	-1.959260	11	71	7	0.004
-2.094395	1.617114	-1.572037	6	71	8	0.004
-1.047198	1.617114	-1.572037	122	73	13	0.004
-2.617994	0.864993	2.278281	122	74	11	0.004
-1.047198	1.014500	0.906702	10	74	6	0.004
-1.047198	2.247462	0.191623	11	74	14	0.004
-0.261799	2.247462	0.191623	12	75	8	0.004
-0.261799	2.724429	-0.348782	6	70	8	0.004
-1.047198	1.194549	-0.801900	3	69	4	0.004
0.000000	1.194549	-0.801900	127	69	127	0.004
-2.617994	1.504028	0.636812	1	70	7	0.004
1.570796	1.504028	0.636812	5	74	13	0.004
-2.094395	2.174483	2.653697	3	73	8	0.004
0.523599	2.174483	2.653697	4	72	7	0.004
-2.879793	2.664082	-1.071402	122	73	11	0.004
0.785398	2.664082	-1.071402	4	72	13	0.004
1.832596	2.664082	-1.071402	11	75	13	0.004
-2.356194	2.579248	-2.364801	125	67	16	0.004
-2.094395	2.579248	-2.364801	11	74	10	0.004
-0.523599	0.899350	-2.069907	11	72	15	0.004
1.047198	2.984978	1.954446	4	69	15	0.004
-2.879793	1.766067	2.153843	125	70	18	0.004
-0.261799	1.766067	2.153843	10	74	15	0.004
1.308997	1.766067	2.153843	2	72	11	0.004
1.570796	1.766067	2.153843	126	70	4	0.004
2.617994	1.766067	2.153843	5	74	15	0.004
1.308997	1.809167	1.213774	8	74	10	0.004
-0.785398	1.909857	-0.381669	0	69	4	0.004
2.094395	1.195355	1.200319	8	70	14	0.004
1.047198	1.310100	1.488307	7	68	16	0.004
-2.879793	1.134497	-1.109631	125	72	0	0.004
1.047198	1.134497	-1.109631	0	71	14	0.004
2.617994	1.134497	-1.109631	124	75	11	0.004
1.570796	0.961715	0.014085	120	70	7	0.004
-1.832596	1.367556	0.358405	123	69	18	0.004
0.000000	1.440580	2.260026	6	73	11	0.004
-1.832596	2.863997	0.549740	5	73	11	0.004
-1.047198	2.863997	0.549740	13	70	6	0.004
0.000000	2.863997	0.549740	122	69	2	0.004
0.785398	2.863997	0.549740	5	74	10	0.004
-1.308997	1.045978	0.343692	1	74	15	0.004
1.832596	1.045978	0.343692	5	72	18	0.004
2.617994	1.045978	0.343692	5	71	8	0.004
-1.047198	0.290380	-0.796960	0	70	8	0.004
1.832596	1.545873	-1.877082	10	70	7	0.004
-0.785398	2.356369	3.005869	118	69	10	0.004
1.308997	2.356369	3.005869	124	74	8	0.004
1.832596	2.356369	3.005869	4	70	10	0.004
0.000000	1.836682	-0.676006	124	69	12	0.004
0.523599	1.736875	3.023612	8	70	12	0.004
1.308997	0.591903	2.010408	5	69	12	0.004
1.047198	2.760637	2.781135	3	73	12	0.004
-1.308997	1.256302	0.062705	2	73	9	0.004
1.047198	1.256302	0.062705	123	74	6	0.004
1.832596	1.256302	0.062705	6	69	10	0.004
0.523599	2.592629	0.909713	7	69	6	0.004
1.308997	2.592629	0.909713	127	70	14	0.004
2.879793	2.592629	0.909713	11	70	10	0.004
0.261799	2.089241	-0.114193	10	72	1	0.004
-2.879793	0.619654	-2.216909	2	69	8	0.004
-2.094395	2.456751	-1.503343	11	74	15	0.004
-1.308997	2.456751	-1.503343	8	69	9	0.004
-0.261799	2.456751	-1.503343	125	66	3	0.004
0.785398	2.456751	-1.503343	127	69	15	0.004
1.308997	2.456751	-1.503343	124	69	2	0.004
-3.141593	2.138223	1.678323	121	71	8	0.004
-1.047198	2.349581	-2.702517	121	70	7	0.004
-2.094395	1.699788	2.452890	127	74	3	0.004
1.832596	1.699788	2.452890	126	70	12	0.004
-1.308997	2.108018	1.311430	4	75	11	0.004
2.879793	1.488617	1.159546	4	70	9	0.004
1.832596	1.325504	-1.671296	0	70	16	0.004
1.832596	1.606104	-0.451151	3	69	9	0.004
-0.261799	1.506530	1.988858	127	69	11	0.004
1.832596	1.506530	1.988858	123	70	5	0.004
2.356194	1.977582	0.969896	2	69	18	0.004
2.094395	2.637879	2.121598	8	74	2	0.004
0.000000	1.555207	1.708892	125	75	11	0.004
1.047198	1.555207	1.708892	124	75	10	0.004
1.308997	1.555207	1.708892	2	74	10	0.004
-2.617994	0.203748	0.590255	0	68	6	0.004
0.523599	0.203748	0.590255	10	70	17	0.004
1.570796	1.510910	-0.740472	0	70	17	0.004
2.094395	1.510910	-0.740472	124	69	8	0.004
-3.141593	2.033014	2.977192	8	70	16	0.004
-1.832596	2.033014	2.977192	0	75	10	0.004
1.308997	2.033014	2.977192	6	67	11	0.004
-1.308997	0.297065	2.160177	10	74	14	0.004
-1.047198	0.297065	2.160177	120	70	10	0.004
-0.523599	0.080730	-2.622036	121	69	15	0.004
0.523599	0.080730	-2.622036	8	70	15	0.004
-0.523599	1.242974	-2.977882	123	68	11	0.004
1.308997	1.242974	-2.977882	9	70	10	0.004
-2.879793	0.992645	-1.723759	127	69	3	0.004
-1.047198	0.992645	-1.723759	0	69	15	0.004
-0.261799	0.992645	-1.723759	127	70	5	0.004
-0.523599	2.104282	-0.813972	124	69	16	0.004
0.523599	2.104282	-0.813972	122	75	10	0.004
0.785398	1.872854	1.543456	10	69	6	0.004
-1.570796	1.050534	3.042579	8	74	16	0.004
-3.141593	1.721184	-0.153948	13	69	8	0.004
0.261799	2.588535	-2.976617	124	68	14	0.004
1.570796	2.588535	-2.976617	2	74	7	0.004
1.047198	0.685216	-1.712745	7	71	6	0.004
-2.356194	2.063651	-2.044600	122	69	5	0.004
-0.785398	2.063651	-2.044600	5	70	17	0.004
-1.832596	0.700570	1.559208	2	70	8	0.004
-1.308997	0.700570	1.559208	127	69	10	0.004
1.832596	0.700570	1.559208	126	74	7	0.004
-2.356194	1.025536	1.576859	122	70	13	0.004
0.785398	1.025536	1.576859	3	75	122	0.004
1.308997	1.025536	1.576859	3	69	1	0.004
-1.570796	2.251330	-2.330739	127	69	19	0.004
1.047198	2.251330	-2.330739	6	73	8	0.004
-3.141593	1.732874	-0.951685	3	74	5	0.004
0.785398	0.960688	-0.577532	125	73	15	0.004
1.308997	0.960688	-0.577532	8	69	14	0.004
-0.785398	1.824694	1.850876	4	74	13	0.004
2.094395	1.824694	1.850876	8	74	8	0.004
1.570796	2.704512	1.488683	6	70	11	0.004
2.094395	2.704512	1.488683	7	73	17	0.004
-2.356194	0.929350	-2.910676	8	70	3	0.004
-0.523599	0.929350	-2.910676	1	73	18	0.004
0.000000	0.929350	-2.910676	0	70	10	0.004
1.570796	0.929350	-2.910676	127	74	16	0.004
1.047198	1.128190	-2.288622	3	72	5	0.004
0.000000	2.881233	-2.582574	121	71	16	0.004
-0.785398	1.696674	-1.253233	124	68	4	0.004
2.356194	1.696674	-1.253233	122	70	8	0.004
-3.141593	2.073035	2.027405	3	70	14	0.004
-2.617994	2.073035	2.027405	2	74	8	0.004
-0.785398	2.073035	2.027405	2	70	7	0.004
2.879793	2.073035	2.027405	1	74	15	0.004
-1.308997	1.875281	0.107086	126	74	18	0.004
-0.785398	1.875281	0.107086	12	69	16	0.004
2.356194	1.875281	0.107086	123	69	8	0.004
0.261799	1.247695	1.809890	8	70	10	0.004
1.047198	1.247695	1.809890	125	75	8	0.004
2.356194	1.247695	1.809890	126	70	13	0.004
2.879793	1.301460	-0.509251	2	68	4	0.004
0.261799	1.904882	-1.478089	2	73	7	0.004
-3.141593	0.709924	0.218797	123	69	4	0.004
-2.094395	0.496451	0.593859	5	75	3	0.004
2.356194	0.496451	0.593859	0	70	4	0.004
0.785398	2.379497	0.561089	126	70	3	0.004
-1.308997	1.433411	-1.035986	127	70	13	0.004
1.832596	1.433411	-1.035986	7	74	8	0.004
2.879793	1.433411	-1.035986	126	74	2	0.004
-2.879793	1.658653	-2.409879	5	70	127	0.004
-3.141593	0.418037	1.360082	2	69	8	0.004
-2.356194	0.418037	1.360082	8	73	0	0.004
1.308997	0.418037	1.360082	8	74	13	0.004
1.570796	0.418037	1.360082	122	74	8	0.004
2.356194	0.418037	1.360082	119	74	4	0.004
-3.141593	1.214854	-1.966664	120	68	5	0.004
-0.261799	1.214854	-1.966664	11	72	13	0.004
1.570796	1.214854	-1.966664	14	74	12	0.004
1.570796	1.135813	-2.658866	1	74	12	0.004
0.000000	2.455966	-0.641220	7	69	15	0.004
2.094395	2.455966	-0.641220	9	68	12	0.004
2.617994	1.662363	0.915448	123	74	9	0.004
1.832596	1.128190	-2.288622	9	66	3	0.004
2.617994	1.417623	-0.202254	3	55	7	0.004
1.047198	2.396274	-1.959260	4	64	6	0.004
-2.356194	1.736875	3.023612	124	66	10	0.004
1.047198	1.025536	1.576859	3	66	16	0.004
-0.523599	0.418037	1.360082	127	67	14	0.004
2.094395	1.756530	-2.105156	6	77	6	0.004
-0.785398	1.413430	2.550734	9	64	10	0.004
1.047198	0.379747	-1.713059	127	66	8	0.004
0.000000	2.187132	-0.479875	5	77	3	0.004
-1.308997	2.407836	1.410646	118	78	8	0.004
-3.141593	1.506530	1.988858	0	63	10	0.004
2.356194	1.050534	3.042579	5	77	3	0.004
-2.879793	0.685216	-1.712745	1	65	4	0.004
1.047198	0.709924	0.218797	12	62	11	0.004
-2.094395	0.458961	-0.107937	7	61	0	0.003
1.308997	1.909857	-0.381669	10	65	15	0.003
1.832596	1.732874	-0.951685	5	62	10	0.003
-1.047198	1.128190	-2.288622	9	63	10	0.003
0.785398	1.662363	0.915448	10	76	15	0.003
-0.261799	1.846342	-1.796954	10	61	8	0.003
1.832596	2.393226	1.857173	121	60	1	0.003
-1.047198	2.187132	-0.479875	2	64	13	0.003
1.308997	0.866395	-2.492918	124	66	7	0.003
2.617994	0.864993	2.278281	127	67	16	0.003
-1.308997	2.247462	0.191623	124	67	10	0.003
2.879793	1.134497	-1.109631	2	51	12	0.003
-1.308997	1.545873	-1.877082	118	77	10	0.003
-1.047198	2.356369	3.005869	123	75	19	0.003
-1.047198	1.736875	3.023612	2	65	9	0.003
0.000000	2.089241	-0.114193	4	67	8	0.003
1.832596	2.089241	-0.114193	6	59	16	0.003
1.047198	2.456751	-1.503343	11	62	10	0.003
1.832596	2.138223	1.678323	3	66	8	0.003
2.094395	2.349581	-2.702517	125	61	7	0.003
-1.832596	1.184361	0.625864	119	54	6	0.003
1.570796	0.203748	0.590255	125	67	8	0.003
0.261799	1.510910	-0.740472	120	66	15	0.003
-1.308997	1.982574	-1.115518	9	66	9	0.003
1.308997	1.721184	-0.153948	125	66	7	0.003
-1.832596	0.685216	-1.712745	123	61	14	0.003
-0.261799	1.374601	-2.456031	127	66	8	0.003
1.570796	1.374601	-2.456031	0	67	0	0.003
2.617994	1.732874	-0.951685	122	64	13	0.003
1.832596	1.696674	-1.253233	15	67	4	0.003
2.879793	1.247695	1.809890	121	62	13	0.003
-1.832596	2.379497	0.561089	0	82	2	0.003
2.356194	1.433411	-1.035986	7	66	17	0.003
-1.570796	1.214854	-1.966664	123	67	15	0.003
-2.094395	1.448123	-2.163292	0	67	6	0.003
-1.570796	1.909857	-0.381669	124	60	3	0.003
-2.094395	1.836682	-0.676006	6	77	17	0.003
-2.094395	0.619654	-2.216909	3	62	9	0.003
0.000000	1.050534	3.042579	11	65	4	0.003
-1.570796	0.910508	1.903534	126	63	2	0.003
2.617994	1.214854	-1.966664	4	77	11	0.003
2.356194	1.025536	1.576859	9	62	13	0.003
1.570796	2.041297	-2.664597	8	77	15	0.003
2.094395	1.450119	-2.739050	3	67	5	0.003
-2.356194	2.404280	-0.174044	122	62	14	0.003
1.570796	2.404280	-0.174044	118	53	14	0.003
1.047198	2.115563	0.685730	9	66	8	0.003
-1.832596	1.869911	2.701025	122	54	15	0.003
2.094395	1.869911	2.701025	126	63	5	0.003
2.879793	1.554776	0.100351	0	64	14	0.003
-0.523599	1.134796	2.434290	124	66	0	0.003
-1.047198	0.850607	-1.335383	125	66	127	0.003
2.617994	0.831641	0.616218	11	66	12	0.003
-2.356194	1.998705	2.370472	124	82	9	0.003
2.617994	0.906588	1.252948	9	62	9	0.003
-2.356194	2.164094	-2.991358	3	54	10	0.003
-2.617994	2.187132	-0.479875	9	81	17	0.003
-1.047198	2.174483	2.653697	125	64	16	0.003
1.047198	2.579248	-2.364801	127	67	6	0.003
2.356194	0.899350	-2.069907	126	82	19	0.003
1.570796	2.984978	1.954446	126	67	5	0.003
-2.617994	1.909857	-0.381669	0	65	15	0.003
-3.141593	1.367556	0.358405	127	66	6	0.003
0.785398	1.545873	-1.877082	10	66	10	0.003
0.785398	1.836682	-0.676006	2	52	10	0.003
-1.047198	1.948085	-2.363031	7	61	12	0.003
-0.261799	0.591903	2.010408	125	65	4	0.003
2.617994	0.619654	-2.216909	120	62	11	0.003
-0.261799	1.184361	0.625864	123	79	3	0.003
0.261799	2.108018	1.311430	1	61	7	0.003
2.617994	1.325504	-1.671296	125	77	4	0.003
0.000000	1.606104	-0.451151	124	67	126	0.003
0.785398	2.637879	2.121598	126	79	6	0.003
2.356194	1.555207	1.708892	120	66	8	0.003
0.000000	0.203748	0.590255	124	81	11	0.003
-1.570796	1.510910	-0.740472	127	66	9	0.003
-2.356194	0.571433	-1.188419	7	66	4	0.003
-2.617994	0.297065	2.160177	0	66	6	0.003
-1.308997	0.992645	-1.723759	126	61	18	0.003
-0.523599	0.992645	-1.723759	11	65	7	0.003
0.000000	0.960688	-0.577532	8	60	2	0.003
0.261799	1.824694	1.850876	119	62	15	0.003
-2.879793	1.904882	-1.478089	3	62	15	0.003
2.617994	0.709924	0.218797	122	66	4	0.003
0.000000	0.418037	1.360082	7	66	17	0.003
1.570796	1.448123	-2.163292	125	66	8	0.003
1.047198	1.662363	0.915448	3	67	3	0.003
2.094395	1.194549	-0.801900	0	76	6	0.003
-2.879793	1.506530	1.988858	10	63	13	0.003
2.356194	1.506530	1.988858	12	77	11	0.003
2.094395	1.569311	-3.003978	125	62	9	0.003
1.308997	0.850607	-1.335383	126	62	13	0.003
1.832596	1.413347	-1.339188	11	61	5	0.003
-2.879793	1.870545	-2.976234	7	61	1	0.003
1.308997	2.164094	-2.991358	5	77	11	0.003
-2.617994	2.719179	-1.780644	2	61	8	0.003
1.308997	1.504028	0.636812	124	61	6	0.003
-2.879793	2.153910	-1.714959	126	77	3	0.003
-1.308997	2.041297	-2.664597	125	62	1	0.003
0.261799	1.045978	0.343692	125	61	6	0.003
-1.570796	2.760637	2.781135	0	78	18	0.003
-1.570796	1.256302	0.062705	126	61	6	0.003
0.261799	2.456751	-1.503343	11	62	11	0.003
2.879793	1.184361	0.625864	125	61	12	0.003
1.570796	0.685216	-1.712745	127	61	2	0.003
-2.617994	0.700570	1.559208	5	60	4	0.003
-0.785398	1.683268	0.374177	5	64	6	0.003
-2.094395	2.379497	0.561089	121	62	5	0.003
-0.523599	1.135813	-2.658866	121	61	8	0.003
-3.141593	2.455966	-0.641220	10	61	9	0.003
-0.261799	0.379747	-1.713059	5	77	14	0.003
-0.261799	2.295480	1.008277	12	62	5	0.003
2.617994	1.756530	-2.105156	122	60	15	0.003
1.570796	1.599406	1.426070	8	77	6	0.003
-0.523599	1.554776	0.100351	127	64	12	0.003
-1.047198	0.618092	2.539118	121	62	8	0.003
0.523599	0.618092	2.539118	2	58	10	0.003
1.308997	0.618092	2.539118	0	66	127	0.003
2.094395	0.615174	-0.666022	123	58	6	0.003
1.308997	1.569311	-3.003978	0	67	8	0.003
-1.570796	1.134796	2.434290	8	66	12	0.003
-2.356194	1.574060	2.783565	125	66	11	0.003
2.617994	2.587733	0.232235	0	59	2	0.003
-2.879793	2.979456	-1.009304	2	64	3	0.003
1.570796	0.831641	0.616218	8	83	7	0.003
-1.308997	1.413347	-1.339188	0	55	7	0.003
1.047198	0.906588	1.252948	126	65	2	0.003
-1.047198	1.335669	0.897240	121	77	5	0.003
