224	1.2	0
-3.141593	1.256302	0.062705
0.000000	0.000000	0.000000
model.B99990003.pdb	-12.437	-26.735	151.135
2hym.pdb	-8.522	-7.294	10.864
0.261799	2.153910	-1.714959	11	158	10	0.039
2.617994	2.115563	0.685730	213	75	21	0.035
0.523599	0.615174	-0.666022	11	75	223	0.035
0.261799	1.134796	2.434290	207	164	7	0.035
-2.879793	2.164094	-2.991358	8	59	3	0.035
-2.356194	2.863997	0.549740	214	79	21	0.035
2.356194	1.555207	1.708892	216	65	21	0.035
0.261799	1.242974	-2.977882	219	162	1	0.035
-0.523599	1.658653	-2.409879	15	76	221	0.035
0.785398	0.992645	-1.723759	217	157	216	0.035
-2.356194	0.618092	2.539118	19	158	9	0.034
1.308997	0.831641	0.616218	208	165	15	0.034
0.523599	1.545873	-1.877082	221	75	219	0.034
0.261799	1.846342	-1.796954	4	81	1	0.034
1.308997	1.417623	-0.202254	212	79	13	0.034
0.000000	2.187132	-0.479875	7	76	17	0.034
0.523599	2.187132	-0.479875	13	164	24	0.034
-0.785398	1.617114	-1.572037	12	75	2	0.033
-0.523599	1.617114	-1.572037	12	79	215	0.033
0.261799	1.504028	0.636812	214	74	23	0.033
0.785398	1.741644	-2.695914	208	163	2	0.033
-2.094395	2.089241	-0.114193	219	158	25	0.033
-0.261799	1.242974	-2.977882	1	75	0	0.033
-0.523599	2.760637	2.781135	222	80	19	0.033
0.000000	1.214854	-1.966664	0	157	217	0.033
0.523599	1.756530	-2.105156	221	79	222	0.033
1.832596	2.247462	0.191623	220	74	15	0.033
-0.785398	1.367556	0.358405	6	79	14	0.033
-2.094395	0.866395	-2.492918	7	75	219	0.032
-0.523599	0.866395	-2.492918	6	73	3	0.032
0.261799	1.310100	1.488307	218	80	22	0.032
1.047198	1.948085	-2.363031	214	79	5	0.032
0.785398	2.180315	-1.357379	217	165	4	0.032
0.523599	1.555207	1.708892	217	78	14	0.032
-0.523599	1.982574	-1.115518	14	73	6	0.032
-2.094395	1.872854	1.543456	1	158	23	0.032
-2.094395	0.929350	-2.910676	19	73	222	0.032
0.000000	1.683268	0.374177	218	80	21	0.032
0.000000	1.741644	-2.695914	223	81	1	0.032
-2.094395	1.242974	-2.977882	13	157	1	0.032
-0.785398	2.393226	1.857173	208	74	20	0.032
1.308997	2.001437	0.381215	215	158	24	0.032
1.832596	1.721184	-0.153948	211	159	16	0.032
1.047198	2.063651	-2.044600	215	164	220	0.032
-2.356194	0.914445	2.687814	16	76	219	0.032
0.785398	1.870545	-2.976234	210	157	1	0.031
-2.094395	1.450119	-2.739050	20	149	214	0.031
-1.047198	1.450119	-2.739050	18	149	3	0.031
0.785398	2.404280	-0.174044	18	155	19	0.031
1.047198	2.404280	-0.174044	3	150	24	0.031
1.570796	2.404280	-0.174044	213	153	22	0.031
-2.879793	2.115563	0.685730	0	81	29	0.031
-0.261799	2.115563	0.685730	218	154	14	0.031
-2.617994	1.756530	-2.105156	13	39	3	0.031
-1.047198	1.756530	-2.105156	5	149	222	0.031
-0.523599	1.756530	-2.105156	23	147	223	0.031
-0.261799	1.756530	-2.105156	8	150	4	0.031
0.261799	1.756530	-2.105156	5	153	219	0.031
0.785398	1.756530	-2.105156	1	147	13	0.031
1.308997	1.756530	-2.105156	212	148	2	0.031
-1.047198	1.869911	2.701025	3	149	11	0.031
-0.785398	1.869911	2.701025	3	154	20	0.031
2.879793	1.869911	2.701025	15	40	15	0.031
-0.261799	0.458961	-0.107937	11	149	222	0.031
0.523599	0.458961	-0.107937	0	147	0	0.031
0.785398	0.458961	-0.107937	12	154	2	0.031
-0.261799	1.599406	1.426070	4	150	16	0.031
0.261799	1.599406	1.426070	213	153	13	0.031
0.000000	1.554776	0.100351	2	153	6	0.031
1.047198	1.554776	0.100351	4	149	19	0.031
-2.617994	0.618092	2.539118	10	149	216	0.031
-0.785398	0.618092	2.539118	213	154	5	0.031
-2.879793	1.846342	-1.796954	216	38	219	0.031
-0.261799	1.846342	-1.796954	7	155	220	0.031
0.000000	1.846342	-1.796954	8	154	6	0.031
1.047198	1.846342	-1.796954	4	155	2	0.031
2.094395	0.615174	-0.666022	0	154	1	0.031
-1.832596	2.393226	1.857173	10	149	27	0.031
-0.523599	2.393226	1.857173	0	150	16	0.031
0.261799	2.393226	1.857173	223	149	12	0.031
0.785398	1.569311	-3.003978	218	153	216	0.031
-3.141593	0.419640	2.974122	6	149	2	0.031
-2.617994	0.419640	2.974122	19	149	221	0.031
-2.356194	0.419640	2.974122	8	149	211	0.031
-2.094395	0.419640	2.974122	15	148	221	0.031
-1.832596	0.419640	2.974122	4	153	216	0.031
-0.523599	1.134796	2.434290	215	155	9	0.031
-0.261799	1.134796	2.434290	211	148	15	0.031
0.000000	1.134796	2.434290	207	149	7	0.031
0.523599	1.134796	2.434290	216	150	2	0.031
0.785398	1.134796	2.434290	214	147	5	0.031
-2.879793	1.574060	2.783565	24	71	7	0.031
-2.094395	1.574060	2.783565	6	149	13	0.031
-0.785398	1.574060	2.783565	221	149	6	0.031
-0.523599	1.574060	2.783565	3	150	14	0.031
-0.261799	1.574060	2.783565	217	155	3	0.031
-3.141593	2.587733	0.232235	6	155	23	0.031
0.261799	2.587733	0.232235	17	147	12	0.031
0.785398	2.587733	0.232235	6	147	23	0.031
2.879793	2.587733	0.232235	12	150	30	0.031
-2.356194	1.413430	2.550734	21	149	11	0.031
-0.523599	1.413430	2.550734	218	149	16	0.031
0.000000	1.413430	2.550734	216	152	10	0.031
-2.879793	1.417623	-0.202254	218	40	16	0.031
-2.617994	1.417623	-0.202254	2	51	18	0.031
-0.261799	1.417623	-0.202254	18	150	18	0.031
0.261799	1.417623	-0.202254	6	147	21	0.031
2.094395	1.417623	-0.202254	207	150	15	0.031
-3.141593	0.370812	-2.547742	18	155	1	0.031
-1.308997	0.370812	-2.547742	1	147	4	0.031
-2.356194	0.640596	-2.797608	11	149	219	0.031
-0.785398	0.640596	-2.797608	214	152	220	0.031
-0.523599	0.640596	-2.797608	0	148	4	0.031
-0.261799	2.979456	-1.009304	13	154	15	0.031
1.308997	2.979456	-1.009304	212	154	21	0.031
2.356194	2.979456	-1.009304	217	152	24	0.031
2.617994	2.979456	-1.009304	209	154	14	0.031
-0.785398	0.831641	0.616218	13	147	6	0.031
1.570796	0.831641	0.616218	206	154	11	0.031
2.617994	0.831641	0.616218	208	51	15	0.031
1.047198	2.343981	-1.040456	208	150	12	0.031
1.570796	2.343981	-1.040456	214	149	7	0.031
-2.356194	1.998705	2.370472	18	149	25	0.031
-1.832596	1.998705	2.370472	13	153	16	0.031
-1.047198	1.998705	2.370472	4	154	8	0.031
0.523599	1.998705	2.370472	198	153	13	0.031
1.047198	1.413347	-1.339188	217	155	5	0.031
1.832596	1.413347	-1.339188	217	149	220	0.031
-0.785398	0.674054	1.013609	6	155	11	0.031
-0.261799	0.674054	1.013609	0	150	8	0.031
0.000000	0.674054	1.013609	210	154	9	0.031
0.523599	0.674054	1.013609	212	155	7	0.031
-1.832596	0.906588	1.252948	14	146	7	0.031
-0.261799	0.906588	1.252948	218	153	9	0.031
0.000000	0.906588	1.252948	213	155	12	0.031
-3.141593	1.335669	0.897240	3	49	18	0.031
-1.047198	1.335669	0.897240	16	154	19	0.031
-0.785398	1.335669	0.897240	10	151	22	0.031
-0.523599	1.335669	0.897240	1	155	24	0.031
-0.261799	1.335669	0.897240	216	153	18	0.031
-0.261799	1.870545	-2.976234	214	149	223	0.031
2.879793	1.870545	-2.976234	20	41	10	0.031
0.000000	2.164094	-2.991358	3	153	19	0.031
0.261799	2.164094	-2.991358	214	153	221	0.031
2.617994	2.164094	-2.991358	4	51	6	0.031
0.261799	2.187132	-0.479875	20	149	18	0.031
0.785398	2.187132	-0.479875	4	153	16	0.031
2.094395	2.187132	-0.479875	213	154	26	0.031
2.356194	2.187132	-0.479875	214	149	16	0.031
0.261799	0.866955	-0.931351	19	149	3	0.031
0.523599	0.866955	-0.931351	11	149	9	0.031
-1.832596	2.299159	2.264663	220	154	23	0.031
-1.308997	2.299159	2.264663	220	150	14	0.031
-1.047198	2.299159	2.264663	214	154	19	0.031
-0.523599	2.299159	2.264663	214	154	13	0.031
2.617994	2.299159	2.264663	9	61	20	0.031
-1.047198	1.812176	0.656819	5	149	17	0.031
0.000000	1.812176	0.656819	217	154	14	0.031
0.261799	1.812176	0.656819	213	150	22	0.031
1.047198	1.812176	0.656819	6	155	32	0.031
0.000000	2.719179	-1.780644	17	149	22	0.031
1.308997	2.719179	-1.780644	216	149	6	0.031
0.261799	2.396274	-1.959260	14	153	12	0.031
1.308997	2.396274	-1.959260	210	149	7	0.031
-1.570796	0.866395	-2.492918	4	146	222	0.031
0.000000	0.866395	-2.492918	3	149	4	0.031
-2.879793	1.617114	-1.572037	0	39	0	0.031
-2.094395	1.617114	-1.572037	10	41	0	0.031
-0.261799	1.617114	-1.572037	8	152	217	0.031
0.523599	1.617114	-1.572037	217	149	221	0.031
-2.094395	0.864993	2.278281	12	150	16	0.031
-1.570796	0.864993	2.278281	21	155	2	0.031
-0.523599	0.864993	2.278281	215	155	9	0.031
0.523599	0.864993	2.278281	216	153	10	0.031
-0.261799	1.014500	0.906702	3	155	7	0.031
0.000000	1.014500	0.906702	219	155	2	0.031
0.785398	1.014500	0.906702	215	155	14	0.031
-3.141593	2.247462	0.191623	223	71	22	0.031
-0.523599	2.247462	0.191623	4	147	18	0.031
1.308997	2.247462	0.191623	217	147	28	0.031
2.094395	2.247462	0.191623	1	153	23	0.031
2.356194	2.247462	0.191623	210	149	13	0.031
-3.141593	2.724429	-0.348782	222	146	17	0.031
0.261799	2.724429	-0.348782	18	155	27	0.031
1.308997	2.724429	-0.348782	5	153	13	0.031
1.832596	2.724429	-0.348782	12	154	24	0.031
-1.832596	1.194549	-0.801900	12	61	221	0.031
0.000000	1.194549	-0.801900	19	81	8	0.031
-2.356194	1.504028	0.636812	13	146	15	0.031
-0.785398	1.504028	0.636812	6	147	9	0.031
-0.523599	1.504028	0.636812	5	153	22	0.031
-0.261799	1.504028	0.636812	219	148	16	0.031
-1.308997	1.741644	-2.695914	7	152	6	0.031
0.523599	1.741644	-2.695914	215	151	1	0.031
1.047198	1.741644	-2.695914	215	149	8	0.031
-2.879793	2.174483	2.653697	21	147	16	0.031
-1.832596	2.174483	2.653697	8	151	15	0.031
0.261799	2.174483	2.653697	211	154	16	0.031
0.000000	2.664082	-1.071402	20	150	12	0.031
0.261799	2.664082	-1.071402	2	147	16	0.031
1.570796	2.664082	-1.071402	216	153	12	0.031
1.832596	2.664082	-1.071402	205	153	11	0.031
2.094395	2.664082	-1.071402	217	149	10	0.031
-2.879793	2.579248	-2.364801	16	40	14	0.031
-1.047198	2.579248	-2.364801	3	148	10	0.031
0.523599	2.579248	-2.364801	207	154	17	0.031
1.047198	2.579248	-2.364801	210	150	17	0.031
1.308997	2.579248	-2.364801	0	149	12	0.031
-2.356194	0.899350	-2.069907	223	147	213	0.031
-0.523599	0.899350	-2.069907	0	149	0	0.031
0.000000	0.899350	-2.069907	7	153	8	0.031
0.261799	0.899350	-2.069907	217	150	220	0.031
-1.570796	2.984978	1.954446	216	153	16	0.031
-1.570796	1.766067	2.153843	8	155	11	0.031
-1.308997	1.766067	2.153843	9	147	26	0.031
-1.047198	1.766067	2.153843	8	149	19	0.031
-0.261799	1.766067	2.153843	3	149	9	0.031
-1.570796	1.809167	1.213774	15	80	14	0.031
-0.523599	1.809167	1.213774	9	153	19	0.031
0.261799	1.809167	1.213774	209	150	17	0.031
0.261799	1.135834	-1.431087	13	80	219	0.031
0.523599	1.135834	-1.431087	5	151	217	0.031
2.617994	1.135834	-1.431087	216	149	220	0.031
-2.879793	1.909857	-0.381669	214	65	11	0.031
-0.785398	1.909857	-0.381669	12	151	23	0.031
-0.261799	1.909857	-0.381669	10	149	7	0.031
0.523599	1.909857	-0.381669	13	154	11	0.031
0.785398	1.909857	-0.381669	3	73	25	0.031
1.047198	1.909857	-0.381669	1	154	18	0.031
1.308997	1.909857	-0.381669	214	148	14	0.031
2.094395	1.909857	-0.381669	217	147	14	0.031
2.617994	1.909857	-0.381669	214	147	22	0.031
-2.879793	1.195355	1.200319	8	40	18	0.031
-1.570796	1.195355	1.200319	10	155	22	0.031
-1.308997	1.195355	1.200319	7	149	13	0.031
0.000000	1.195355	1.200319	3	155	17	0.031
0.000000	1.310100	1.488307	7	154	20	0.031
0.523599	1.310100	1.488307	204	148	14	0.031
-2.356194	2.153910	-1.714959	10	40	16	0.031
0.523599	2.153910	-1.714959	4	154	14	0.031
1.047198	2.153910	-1.714959	214	155	11	0.031
1.570796	2.153910	-1.714959	208	153	220	0.031
-0.523599	1.134497	-1.109631	10	149	7	0.031
1.047198	1.134497	-1.109631	6	155	2	0.031
1.308997	1.134497	-1.109631	222	150	10	0.031
2.094395	1.134497	-1.109631	212	154	3	0.031
2.356194	1.134497	-1.109631	211	153	8	0.031
-2.617994	0.961715	0.014085	0	40	17	0.031
-0.523599	0.961715	0.014085	19	149	11	0.031
0.261799	0.961715	0.014085	16	148	12	0.031
1.308997	0.961715	0.014085	216	153	5	0.031
0.000000	1.367556	0.358405	22	151	15	0.031
0.261799	1.367556	0.358405	216	74	15	0.031
0.785398	1.367556	0.358405	4	153	14	0.031
1.047198	1.367556	0.358405	212	154	21	0.031
1.308997	1.367556	0.358405	217	152	21	0.031
2.879793	1.367556	0.358405	222	40	7	0.031
-2.356194	1.440580	2.260026	22	153	20	0.031
-2.094395	1.440580	2.260026	27	155	12	0.031
-1.308997	1.440580	2.260026	9	154	20	0.031
-1.047198	1.440580	2.260026	4	154	3	0.031
0.000000	1.440580	2.260026	217	148	3	0.031
0.785398	1.440580	2.260026	203	151	7	0.031
1.832596	2.863997	0.549740	12	153	26	0.031
-3.141593	2.041297	-2.664597	216	40	1	0.031
-1.832596	2.041297	-2.664597	14	147	223	0.031
-0.785398	2.041297	-2.664597	19	149	9	0.031
-0.523599	2.041297	-2.664597	10	148	15	0.031
0.000000	2.041297	-2.664597	5	149	16	0.031
0.261799	2.041297	-2.664597	220	149	9	0.031
1.047198	2.041297	-2.664597	216	154	10	0.031
-2.879793	1.045978	0.343692	219	39	9	0.031
-1.047198	1.045978	0.343692	17	154	16	0.031
-0.523599	1.045978	0.343692	13	149	11	0.031
0.261799	1.045978	0.343692	216	153	16	0.031
1.308997	1.045978	0.343692	212	153	8	0.031
1.570796	1.045978	0.343692	214	148	15	0.031
0.523599	0.290380	-0.796960	13	153	5	0.031
1.047198	0.290380	-0.796960	8	153	218	0.031
1.832596	0.290380	-0.796960	220	153	219	0.031
2.356194	0.290380	-0.796960	219	147	222	0.031
-1.047198	1.545873	-1.877082	6	146	214	0.031
-0.261799	1.545873	-1.877082	1	149	216	0.031
1.570796	1.545873	-1.877082	216	147	5	0.031
0.261799	2.356369	3.005869	2	150	8	0.031
0.523599	2.356369	3.005869	202	154	2	0.031
-0.261799	1.836682	-0.676006	14	150	7	0.031
0.785398	1.836682	-0.676006	215	147	11	0.031
1.047198	1.836682	-0.676006	223	153	17	0.031
0.261799	1.948085	-2.363031	6	153	222	0.031
0.523599	1.948085	-2.363031	205	155	8	0.031
0.785398	1.948085	-2.363031	214	153	219	0.031
2.617994	1.948085	-2.363031	1	41	6	0.031
-3.141593	1.736875	3.023612	6	70	3	0.031
-2.356194	1.736875	3.023612	19	154	4	0.031
-0.261799	1.736875	3.023612	215	150	1	0.031
0.261799	1.736875	3.023612	204	155	8	0.031
1.047198	1.736875	3.023612	213	76	2	0.031
2.617994	1.736875	3.023612	7	40	222	0.031
-2.094395	0.591903	2.010408	21	147	2	0.031
-1.832596	0.591903	2.010408	21	155	220	0.031
-1.308997	0.591903	2.010408	21	154	10	0.031
-0.785398	0.591903	2.010408	2	155	19	0.031
-0.523599	0.591903	2.010408	7	154	12	0.031
0.000000	0.591903	2.010408	209	149	14	0.031
-2.094395	2.760637	2.781135	13	155	10	0.031
-1.308997	2.760637	2.781135	16	154	25	0.031
-0.785398	2.760637	2.781135	214	150	17	0.031
0.000000	2.760637	2.781135	219	150	23	0.031
-3.141593	1.256302	0.062705	210	41	14	0.031
-0.261799	1.256302	0.062705	5	154	8	0.031
0.000000	1.256302	0.062705	9	149	14	0.031
0.261799	1.256302	0.062705	28	153	12	0.031
0.523599	1.256302	0.062705	4	150	22	0.031
1.047198	1.256302	0.062705	216	155	16	0.031
2.094395	1.256302	0.062705	199	149	14	0.031
2.356194	1.256302	0.062705	203	149	4	0.031
-3.141593	2.592629	0.909713	220	151	28	0.031
0.785398	2.592629	0.909713	14	146	26	0.031
1.308997	2.592629	0.909713	5	153	21	0.031
-3.141593	1.113094	-0.272241	216	38	7	0.031
-2.879793	1.113094	-0.272241	219	30	4	0.031
0.000000	1.113094	-0.272241	6	153	4	0.031
1.308997	1.113094	-0.272241	217	148	20	0.031
-2.879793	2.407836	1.410646	5	80	30	0.031
-2.094395	2.407836	1.410646	213	151	26	0.031
-1.832596	2.407836	1.410646	6	149	17	0.031
2.094395	2.407836	1.410646	5	149	19	0.031
2.879793	2.407836	1.410646	219	147	22	0.031
-2.356194	2.089241	-0.114193	211	40	24	0.031
0.000000	2.089241	-0.114193	223	150	21	0.031
0.261799	2.089241	-0.114193	4	150	18	0.031
1.047198	2.089241	-0.114193	6	153	20	0.031
-2.879793	0.619654	-2.216909	221	149	218	0.031
-0.785398	0.619654	-2.216909	220	149	219	0.031
-0.785398	2.456751	-1.503343	9	149	7	0.031
-0.261799	2.456751	-1.503343	16	153	5	0.031
0.000000	2.456751	-1.503343	13	153	16	0.031
0.261799	2.456751	-1.503343	8	154	13	0.031
0.523599	2.456751	-1.503343	15	154	11	0.031
1.570796	2.456751	-1.503343	215	154	16	0.031
-0.261799	2.001437	0.381215	219	153	17	0.031
0.523599	2.001437	0.381215	5	151	23	0.031
0.785398	2.001437	0.381215	9	149	24	0.031
2.356194	2.001437	0.381215	221	149	26	0.031
-0.785398	2.138223	1.678323	5	154	11	0.031
-0.261799	2.138223	1.678323	219	149	18	0.031
-0.785398	2.349581	-2.702517	7	154	0	0.031
-0.261799	2.349581	-2.702517	14	154	15	0.031
0.000000	2.349581	-2.702517	213	155	10	0.031
0.261799	2.349581	-2.702517	210	151	17	0.031
0.785398	2.349581	-2.702517	212	154	1	0.031
2.879793	2.349581	-2.702517	15	34	6	0.031
-2.356194	1.168678	2.108595	22	149	15	0.031
-2.094395	1.168678	2.108595	14	150	219	0.031
-1.832596	1.168678	2.108595	9	150	2	0.031
-1.308997	1.168678	2.108595	2	155	9	0.031
-0.523599	1.168678	2.108595	215	155	7	0.031
0.523599	1.168678	2.108595	199	148	12	0.031
-0.523599	2.180315	-1.357379	13	149	8	0.031
0.000000	2.180315	-1.357379	7	155	8	0.031
-1.308997	2.478122	2.609777	221	155	19	0.031
-0.523599	2.478122	2.609777	205	152	21	0.031
0.261799	2.478122	2.609777	220	149	14	0.031
-2.879793	1.699788	2.452890	26	69	12	0.031
-2.617994	1.699788	2.452890	25	149	16	0.031
-2.356194	1.699788	2.452890	18	149	17	0.031
-2.094395	1.699788	2.452890	6	150	16	0.031
-1.308997	1.699788	2.452890	222	155	15	0.031
-1.047198	1.699788	2.452890	2	154	6	0.031
-0.523599	1.699788	2.452890	215	149	23	0.031
-0.261799	1.699788	2.452890	216	155	19	0.031
2.879793	1.699788	2.452890	6	40	15	0.031
-2.879793	1.184361	0.625864	5	50	18	0.031
-0.785398	1.184361	0.625864	17	149	26	0.031
-0.523599	1.184361	0.625864	6	153	4	0.031
0.261799	1.184361	0.625864	215	155	10	0.031
1.570796	1.184361	0.625864	220	153	14	0.031
1.832596	1.184361	0.625864	207	153	8	0.031
2.879793	1.184361	0.625864	220	65	18	0.031
-2.617994	2.108018	1.311430	10	151	26	0.031
-2.356194	2.108018	1.311430	219	150	27	0.031
-2.094395	1.488617	1.159546	20	147	17	0.031
-1.570796	1.488617	1.159546	15	155	17	0.031
-1.308997	1.488617	1.159546	12	154	27	0.031
-0.523599	1.488617	1.159546	216	153	8	0.031
0.523599	1.488617	1.159546	222	154	27	0.031
-0.261799	1.325504	-1.671296	17	146	221	0.031
0.261799	1.325504	-1.671296	15	148	221	0.031
0.523599	1.325504	-1.671296	222	154	219	0.031
2.617994	1.325504	-1.671296	218	147	1	0.031
-2.879793	1.606104	-0.451151	217	41	18	0.031
1.308997	1.606104	-0.451151	0	155	14	0.031
2.356194	1.606104	-0.451151	205	154	2	0.031
-3.141593	1.506530	1.988858	6	40	9	0.031
-2.356194	1.506530	1.988858	20	154	8	0.031
-2.094395	1.506530	1.988858	20	153	8	0.031
-1.047198	1.506530	1.988858	218	151	7	0.031
0.000000	1.506530	1.988858	213	148	13	0.031
0.523599	1.506530	1.988858	213	150	20	0.031
2.879793	1.506530	1.988858	13	41	22	0.031
0.261799	1.977582	0.969896	218	149	24	0.031
0.785398	1.977582	0.969896	5	147	25	0.031
-1.832596	2.637879	2.121598	221	150	19	0.031
-1.570796	2.637879	2.121598	0	150	26	0.031
-1.308997	2.637879	2.121598	222	151	15	0.031
-0.523599	2.637879	2.121598	219	154	25	0.031
-1.047198	1.218453	2.777284	217	154	8	0.031
-2.879793	1.555207	1.708892	0	40	12	0.031
-1.570796	1.555207	1.708892	12	149	22	0.031
-1.047198	1.555207	1.708892	5	150	15	0.031
0.000000	1.555207	1.708892	213	150	21	0.031
-2.879793	2.295480	1.008277	8	151	33	0.031
2.356194	2.295480	1.008277	223	149	27	0.031
-0.785398	0.203748	0.590255	17	149	9	0.031
-0.523599	0.203748	0.590255	1	153	218	0.031
-0.261799	0.203748	0.590255	19	152	11	0.031
-3.141593	1.510910	-0.740472	215	40	10	0.031
0.000000	1.510910	-0.740472	9	150	222	0.031
0.523599	1.510910	-0.740472	11	155	10	0.031
1.308997	1.510910	-0.740472	2	153	6	0.031
1.832596	1.510910	-0.740472	206	155	220	0.031
-0.261799	1.982574	-1.115518	19	150	8	0.031
0.785398	1.982574	-1.115518	4	76	223	0.031
1.308997	1.982574	-1.115518	204	153	0	0.031
1.832596	1.982574	-1.115518	215	153	3	0.031
0.523599	2.033014	2.977192	206	153	221	0.031
1.047198	2.033014	2.977192	220	149	3	0.031
2.879793	2.033014	2.977192	6	38	12	0.031
-1.832596	0.297065	2.160177	221	149	212	0.031
0.000000	0.297065	2.160177	216	154	218	0.031
-3.141593	0.080730	-2.622036	7	154	218	0.031
-1.570796	0.080730	-2.622036	212	154	216	0.031
-2.356194	1.242974	-2.977882	8	154	212	0.031
-0.523599	0.992645	-1.723759	11	147	223	0.031
-0.261799	0.992645	-1.723759	2	149	209	0.031
2.094395	0.992645	-1.723759	212	147	223	0.031
0.000000	2.104282	-0.813972	19	155	16	0.031
1.047198	2.104282	-0.813972	0	155	14	0.031
2.094395	2.104282	-0.813972	216	150	6	0.031
-0.785398	1.872854	1.543456	3	147	21	0.031
0.000000	1.872854	1.543456	217	147	17	0.031
-0.261799	0.762244	-0.273349	4	155	2	0.031
0.000000	0.762244	-0.273349	11	154	6	0.031
1.570796	0.762244	-0.273349	210	150	11	0.031
-2.617994	1.050534	3.042579	23	154	1	0.031
-2.094395	1.050534	3.042579	10	155	215	0.031
-0.261799	1.721184	-0.153948	17	155	25	0.031
0.000000	1.721184	-0.153948	16	154	22	0.031
1.570796	1.721184	-0.153948	220	155	20	0.031
2.094395	1.721184	-0.153948	221	150	18	0.031
-2.356194	0.733948	3.021411	11	155	222	0.031
-1.047198	0.733948	3.021411	220	81	215	0.031
-0.261799	0.733948	3.021411	212	151	4	0.031
-0.785398	2.588535	-2.976617	220	153	9	0.031
0.000000	2.588535	-2.976617	217	155	9	0.031
0.261799	2.588535	-2.976617	217	152	17	0.031
-2.879793	1.391910	3.030322	5	164	218	0.031
-1.047198	1.391910	3.030322	2	153	219	0.031
-0.785398	1.391910	3.030322	222	146	219	0.031
-0.523599	1.391910	3.030322	217	150	221	0.031
0.523599	1.391910	3.030322	209	150	218	0.031
0.261799	0.685216	-1.712745	6	149	1	0.031
0.523599	0.685216	-1.712745	216	147	222	0.031
2.356194	0.685216	-1.712745	219	152	221	0.031
-2.879793	2.063651	-2.044600	6	34	7	0.031
-2.617994	2.063651	-2.044600	7	41	8	0.031
-1.047198	2.063651	-2.044600	17	147	12	0.031
0.000000	2.063651	-2.044600	215	155	220	0.031
0.261799	2.063651	-2.044600	216	150	9	0.031
1.832596	2.063651	-2.044600	201	147	9	0.031
2.879793	2.063651	-2.044600	214	40	0	0.031
-1.832596	0.700570	1.559208	28	150	11	0.031
-1.570796	0.700570	1.559208	12	150	222	0.031
-1.047198	0.700570	1.559208	17	155	6	0.031
0.261799	0.700570	1.559208	218	155	12	0.031
0.523599	0.700570	1.559208	212	155	4	0.031
-3.141593	1.025536	1.576859	3	40	18	0.031
-2.879793	1.025536	1.576859	4	41	17	0.031
-1.047198	1.025536	1.576859	7	154	21	0.031
-0.785398	1.025536	1.576859	2	154	14	0.031
-0.523599	1.025536	1.576859	1	155	20	0.031
0.785398	1.025536	1.576859	222	155	10	0.031
1.832596	1.025536	1.576859	209	40	12	0.031
-2.617994	2.251330	-2.330739	15	40	6	0.031
-1.570796	2.251330	-2.330739	11	153	9	0.031
-0.261799	2.251330	-2.330739	2	153	9	0.031
0.000000	2.251330	-2.330739	216	150	8	0.031
0.523599	2.251330	-2.330739	212	155	5	0.031
0.785398	2.251330	-2.330739	208	149	0	0.031
2.617994	2.251330	-2.330739	223	51	2	0.031
-1.832596	1.374601	-2.456031	12	155	220	0.031
-1.047198	1.374601	-2.456031	11	148	218	0.031
-0.785398	1.374601	-2.456031	12	149	4	0.031
-0.261799	1.374601	-2.456031	9	147	6	0.031
0.523599	1.374601	-2.456031	3	155	1	0.031
0.785398	1.374601	-2.456031	218	148	219	0.031
-2.879793	1.732874	-0.951685	0	40	7	0.031
-0.523599	1.732874	-0.951685	14	155	2	0.031
-0.261799	1.732874	-0.951685	4	149	5	0.031
0.261799	1.732874	-0.951685	12	155	9	0.031
-0.261799	0.960688	-0.577532	14	149	4	0.031
0.261799	0.960688	-0.577532	16	154	12	0.031
0.523599	0.960688	-0.577532	4	153	14	0.031
1.047198	0.960688	-0.577532	220	152	221	0.031
1.570796	0.960688	-0.577532	220	150	0	0.031
-0.523599	1.824694	1.850876	2	155	11	0.031
2.617994	1.824694	1.850876	13	39	18	0.031
-2.879793	2.704512	1.488683	7	149	27	0.031
-2.094395	2.704512	1.488683	7	151	29	0.031
-1.570796	2.704512	1.488683	223	151	21	0.031
-2.094395	0.910508	1.903534	20	149	1	0.031
-1.047198	0.929350	-2.910676	222	147	4	0.031
-0.261799	0.929350	-2.910676	203	154	221	0.031
0.261799	0.929350	-2.910676	6	152	0	0.031
-2.617994	1.128190	-2.288622	5	150	214	0.031
-1.570796	1.128190	-2.288622	5	154	207	0.031
-1.308997	1.128190	-2.288622	0	146	4	0.031
-0.785398	1.128190	-2.288622	3	147	221	0.031
-0.523599	1.128190	-2.288622	7	155	218	0.031
0.000000	1.128190	-2.288622	11	150	214	0.031
1.047198	1.128190	-2.288622	213	149	1	0.031
-1.570796	2.881233	-2.582574	18	150	22	0.031
0.000000	2.881233	-2.582574	223	149	11	0.031
1.047198	2.881233	-2.582574	213	151	18	0.031
1.570796	2.881233	-2.582574	211	150	20	0.031
0.261799	1.683268	0.374177	10	149	12	0.031
0.785398	1.683268	0.374177	4	152	21	0.031
1.308997	1.683268	0.374177	217	147	15	0.031
1.570796	1.683268	0.374177	215	149	17	0.031
-1.832596	2.073035	2.027405	11	155	20	0.031
-1.308997	2.073035	2.027405	215	147	23	0.031
2.617994	2.073035	2.027405	10	71	18	0.031
0.785398	1.875281	0.107086	11	148	28	0.031
-3.141593	1.247695	1.809890	11	50	15	0.031
-2.356194	1.247695	1.809890	15	149	6	0.031
-2.094395	1.247695	1.809890	21	148	10	0.031
-0.523599	1.247695	1.809890	5	149	20	0.031
0.000000	1.247695	1.809890	215	155	14	0.031
0.523599	1.247695	1.809890	212	154	14	0.031
-3.141593	1.301460	-0.509251	210	41	10	0.031
-2.356194	1.301460	-0.509251	222	49	4	0.031
-0.261799	1.301460	-0.509251	8	155	20	0.031
0.000000	1.301460	-0.509251	16	151	3	0.031
0.261799	1.301460	-0.509251	8	149	10	0.031
0.523599	1.301460	-0.509251	9	147	5	0.031
0.785398	1.301460	-0.509251	15	153	3	0.031
1.047198	1.301460	-0.509251	4	154	14	0.031
2.356194	1.301460	-0.509251	217	149	0	0.031
-3.141593	1.904882	-1.478089	213	41	1	0.031
-2.356194	1.904882	-1.478089	220	50	4	0.031
-0.523599	1.904882	-1.478089	11	80	2	0.031
-0.261799	1.904882	-1.478089	16	151	219	0.031
0.523599	1.904882	-1.478089	7	153	221	0.031
1.047198	1.904882	-1.478089	3	149	222	0.031
2.094395	1.904882	-1.478089	206	149	14	0.031
-0.523599	0.709924	0.218797	24	149	9	0.031
-0.261799	0.709924	0.218797	12	149	1	0.031
0.000000	0.709924	0.218797	2	153	2	0.031
-0.261799	0.496451	0.593859	24	155	10	0.031
-3.141593	2.379497	0.561089	5	150	30	0.031
-1.047198	2.379497	0.561089	5	149	19	0.031
0.523599	2.379497	0.561089	7	146	16	0.031
2.356194	2.379497	0.561089	8	149	30	0.031
2.879793	2.379497	0.561089	223	154	26	0.031
-0.523599	1.433411	-1.035986	20	153	222	0.031
0.000000	1.433411	-1.035986	4	155	5	0.031
-0.785398	1.658653	-2.409879	23	149	221	0.031
-0.261799	1.658653	-2.409879	0	149	3	0.031
0.261799	1.658653	-2.409879	3	151	2	0.031
0.523599	1.658653	-2.409879	213	147	0	0.031
1.047198	1.658653	-2.409879	217	149	223	0.031
-2.094395	0.418037	1.360082	26	154	8	0.031
-1.570796	0.418037	1.360082	17	150	1	0.031
-1.047198	0.418037	1.360082	16	154	14	0.031
-0.785398	1.214854	-1.966664	1	151	0	0.031
-0.261799	1.214854	-1.966664	12	151	220	0.031
-2.094395	0.914445	2.687814	30	153	7	0.031
-1.832596	0.914445	2.687814	2	149	3	0.031
0.000000	0.914445	2.687814	206	155	0	0.031
0.523599	0.914445	2.687814	206	150	10	0.031
2.617994	0.914445	2.687814	14	60	223	0.031
-0.261799	1.135813	-2.658866	7	149	222	0.031
0.000000	1.135813	-2.658866	0	79	1	0.031
0.261799	1.135813	-2.658866	9	150	221	0.031
1.047198	1.135813	-2.658866	222	154	222	0.031
-0.523599	1.448123	-2.163292	5	147	3	0.031
0.000000	1.448123	-2.163292	3	78	215	0.031
0.785398	1.448123	-2.163292	209	154	221	0.031
1.832596	1.448123	-2.163292	223	148	222	0.031
0.000000	2.455966	-0.641220	17	147	14	0.031
0.785398	2.455966	-0.641220	14	150	28	0.031
1.047198	2.455966	-0.641220	1	155	17	0.031
2.094395	2.455966	-0.641220	214	155	25	0.031
-3.141593	1.662363	0.915448	221	40	27	0.031
-1.047198	1.662363	0.915448	7	154	21	0.031
0.785398	1.662363	0.915448	216	154	8	0.031
1.570796	1.662363	0.915448	212	152	24	0.031
0.261799	1.413430	2.550734	204	59	11	0.030
0.785398	0.906588	1.252948	205	80	15	0.030
0.523599	2.089241	-0.114193	7	69	20	0.030
0.523599	1.683268	0.374177	218	75	23	0.030
-0.523599	1.662363	0.915448	221	80	19	0.030
0.523599	0.618092	2.539118	203	157	221	0.029
2.356194	0.674054	1.013609	215	60	11	0.029
0.523599	1.504028	0.636812	219	80	21	0.029
2.617994	2.664082	-1.071402	205	65	19	0.029
1.047198	1.135834	-1.431087	222	70	213	0.029
2.879793	1.909857	-0.381669	222	60	23	0.029
2.617994	1.134497	-1.109631	211	81	1	0.029
-0.785398	1.045978	0.343692	14	81	4	0.029
0.261799	1.545873	-1.877082	7	75	223	0.029
-2.879793	2.760637	2.781135	20	79	25	0.029
-0.261799	2.760637	2.781135	215	74	17	0.029
1.308997	1.488617	1.159546	219	71	19	0.029
0.785398	1.606104	-0.451151	3	70	16	0.029
-0.523599	1.506530	1.988858	212	79	11	0.029
1.047198	1.510910	-0.740472	220	75	12	0.029
0.261799	0.709924	0.218797	215	157	9	0.029
1.308997	0.762244	-0.273349	222	81	223	0.029
1.832596	1.696674	-1.253233	209	157	223	0.029
-1.308997	1.869911	2.701025	12	80	15	0.028
2.617994	0.458961	-0.107937	217	159	4	0.028
-2.356194	2.393226	1.857173	8	164	25	0.028
-0.261799	1.413430	2.550734	221	78	7	0.028
-2.356194	0.864993	2.278281	10	157	4	0.028
0.000000	0.864993	2.278281	218	80	222	0.028
0.785398	1.194549	-0.801900	7	80	220	0.028
-0.523599	1.741644	-2.695914	16	80	8	0.028
-0.785398	1.256302	0.062705	6	81	3	0.028
-0.523599	0.733948	3.021411	215	80	1	0.028
0.785398	0.700570	1.559208	208	157	11	0.028
0.523599	1.025536	1.576859	222	160	20	0.028
1.047198	1.374601	-2.456031	221	80	3	0.028
0.523599	0.910508	1.903534	213	80	18	0.028
1.570796	1.696674	-1.253233	213	160	223	0.028
0.000000	2.073035	2.027405	208	79	8	0.028
1.308997	1.301460	-0.509251	217	79	0	0.028
1.832596	0.709924	0.218797	199	79	3	0.028
0.261799	2.104282	-0.813972	223	81	9	0.028
1.047198	0.615174	-0.666022	215	78	218	0.028
0.261799	2.979456	-1.009304	14	79	16	0.028
-0.261799	2.089241	-0.114193	19	56	20	0.028
1.047198	1.325504	-1.671296	220	81	1	0.028
2.094395	1.510910	-0.740472	207	74	10	0.028
-0.261799	1.554776	0.100351	10	78	10	0.028
0.785398	2.579248	-2.364801	210	160	12	0.028
1.308997	0.290380	-0.796960	6	80	217	0.028
-0.261799	1.450119	-2.739050	223	79	218	0.028
0.523599	1.450119	-2.739050	2	158	220	0.027
1.832596	1.450119	-2.739050	214	70	2	0.027
-3.141593	2.404280	-0.174044	208	69	20	0.027
2.617994	2.404280	-0.174044	220	80	29	0.027
-2.617994	2.115563	0.685730	215	75	19	0.027
1.308997	2.115563	0.685730	221	70	19	0.027
-2.879793	1.869911	2.701025	7	38	22	0.027
-2.617994	1.869911	2.701025	25	159	13	0.027
-0.523599	1.869911	2.701025	210	160	10	0.027
-0.261799	1.869911	2.701025	221	76	19	0.027
-2.617994	0.458961	-0.107937	8	51	0	0.027
-2.879793	1.599406	1.426070	11	69	18	0.027
-2.617994	1.599406	1.426070	7	75	21	0.027
-0.523599	1.599406	1.426070	223	80	17	0.027
2.356194	1.599406	1.426070	2	66	9	0.027
-2.879793	1.554776	0.100351	207	61	11	0.027
-2.617994	1.554776	0.100351	219	56	11	0.027
-2.094395	1.554776	0.100351	11	61	19	0.027
-1.047198	1.554776	0.100351	11	65	12	0.027
-3.141593	0.618092	2.539118	223	66	2	0.027
-2.879793	0.618092	2.539118	16	75	5	0.027
1.047198	0.618092	2.539118	204	70	221	0.027
-1.832596	0.615174	-0.666022	16	69	6	0.027
0.000000	0.615174	-0.666022	12	75	6	0.027
1.832596	2.393226	1.857173	219	60	18	0.027
-2.094395	1.569311	-3.003978	8	79	6	0.027
2.879793	0.419640	2.974122	221	74	0	0.027
-2.879793	1.134796	2.434290	23	70	2	0.027
-2.617994	1.134796	2.434290	25	71	6	0.027
2.879793	1.134796	2.434290	12	69	9	0.027
-2.617994	1.574060	2.783565	22	80	7	0.027
0.000000	1.574060	2.783565	209	157	12	0.027
2.617994	1.574060	2.783565	6	59	15	0.027
-2.617994	2.587733	0.232235	212	170	26	0.027
-0.261799	2.587733	0.232235	216	70	15	0.027
1.308997	2.587733	0.232235	222	79	10	0.027
-3.141593	1.413430	2.550734	14	58	6	0.027
-2.879793	1.413430	2.550734	24	79	9	0.027
-2.617994	1.413430	2.550734	23	70	223	0.027
2.879793	1.413430	2.550734	13	59	3	0.027
-2.356194	1.417623	-0.202254	222	66	10	0.027
1.308997	0.370812	-2.547742	0	154	0	0.027
-1.570796	2.343981	-1.040456	11	56	7	0.027
-1.308997	2.343981	-1.040456	10	154	10	0.027
-0.785398	2.343981	-1.040456	18	69	12	0.027
-2.094395	1.998705	2.370472	14	157	20	0.027
-2.879793	1.413347	-1.339188	0	63	0	0.027
-2.617994	1.413347	-1.339188	210	60	4	0.027
-0.261799	1.413347	-1.339188	17	80	1	0.027
2.617994	1.413347	-1.339188	0	69	2	0.027
-1.047198	0.674054	1.013609	22	81	7	0.027
1.570796	0.674054	1.013609	209	81	11	0.027
2.356194	0.906588	1.252948	210	63	22	0.027
-2.617994	1.335669	0.897240	220	65	26	0.027
-3.141593	1.870545	-2.976234	15	70	13	0.027
-2.617994	1.870545	-2.976234	1	69	220	0.027
0.000000	1.870545	-2.976234	2	75	4	0.027
2.356194	1.870545	-2.976234	220	50	5	0.027
2.617994	1.870545	-2.976234	213	60	10	0.027
-0.523599	0.379747	-1.713059	18	164	5	0.027
-3.141593	0.866955	-0.931351	206	66	218	0.027
-2.617994	0.866955	-0.931351	221	49	4	0.027
-3.141593	2.299159	2.264663	7	67	9	0.027
-2.879793	2.299159	2.264663	16	159	13	0.027
1.832596	2.299159	2.264663	219	58	11	0.027
-3.141593	1.812176	0.656819	15	59	27	0.027
-2.879793	1.812176	0.656819	216	61	26	0.027
-1.832596	2.719179	-1.780644	16	70	20	0.027
2.356194	2.719179	-1.780644	213	65	13	0.027
-2.094395	2.396274	-1.959260	11	46	10	0.027
0.523599	2.396274	-1.959260	223	76	15	0.027
1.047198	0.866395	-2.492918	222	164	223	0.027
-1.570796	1.617114	-1.572037	8	56	221	0.027
0.000000	1.617114	-1.572037	6	73	6	0.027
-0.261799	2.247462	0.191623	3	78	18	0.027
2.617994	2.247462	0.191623	208	79	23	0.027
-0.261799	2.724429	-0.348782	19	70	23	0.027
-2.879793	1.504028	0.636812	5	61	21	0.027
-2.617994	1.504028	0.636812	5	66	25	0.027
0.000000	1.504028	0.636812	219	75	12	0.027
-2.879793	1.741644	-2.695914	19	75	0	0.027
2.879793	1.741644	-2.695914	222	60	0	0.027
-1.570796	2.174483	2.653697	11	75	11	0.027
1.308997	2.664082	-1.071402	0	59	21	0.027
-0.523599	2.579248	-2.364801	5	159	5	0.027
2.094395	2.579248	-2.364801	206	64	12	0.027
2.879793	2.579248	-2.364801	215	63	6	0.027
-2.879793	0.899350	-2.069907	5	69	5	0.027
-0.785398	0.899350	-2.069907	13	70	223	0.027
-1.308997	2.984978	1.954446	7	76	28	0.027
1.832596	2.984978	1.954446	11	66	18	0.027
-2.879793	1.766067	2.153843	19	157	7	0.027
1.832596	1.766067	2.153843	7	65	18	0.027
-2.094395	1.809167	1.213774	11	160	28	0.027
-1.832596	1.809167	1.213774	9	75	14	0.027
0.000000	1.135834	-1.431087	1	78	222	0.027
-2.356194	1.909857	-0.381669	220	49	19	0.027
-2.617994	1.195355	1.200319	17	150	17	0.027
0.261799	1.195355	1.200319	212	75	15	0.027
1.570796	1.195355	1.200319	208	69	20	0.027
-3.141593	1.310100	1.488307	5	55	23	0.027
2.356194	1.310100	1.488307	219	71	15	0.027
2.617994	1.310100	1.488307	2	50	7	0.027
2.879793	1.310100	1.488307	5	66	14	0.027
-2.879793	2.153910	-1.714959	220	54	14	0.027
-1.832596	1.134497	-1.109631	10	66	223	0.027
2.879793	1.134497	-1.109631	218	74	223	0.027
-3.141593	0.961715	0.014085	212	50	10	0.027
2.879793	0.961715	0.014085	207	154	9	0.027
-2.617994	1.367556	0.358405	6	69	12	0.027
-1.570796	1.367556	0.358405	14	66	24	0.027
-2.879793	1.440580	2.260026	11	74	23	0.027
-2.617994	1.440580	2.260026	8	70	4	0.027
0.261799	1.440580	2.260026	208	80	16	0.027
2.879793	1.440580	2.260026	17	50	5	0.027
-2.617994	2.863997	0.549740	218	165	21	0.027
0.261799	2.863997	0.549740	14	79	30	0.027
-1.047198	2.041297	-2.664597	13	160	6	0.027
-3.141593	1.045978	0.343692	6	49	17	0.027
-2.617994	1.045978	0.343692	215	70	13	0.027
0.785398	1.045978	0.343692	211	78	16	0.027
-0.785398	1.545873	-1.877082	13	157	1	0.027
-2.617994	2.356369	3.005869	15	70	22	0.027
-2.356194	2.356369	3.005869	23	54	21	0.027
2.094395	2.356369	3.005869	5	71	4	0.027
-0.523599	1.836682	-0.676006	19	81	12	0.027
-2.617994	1.948085	-2.363031	220	59	3	0.027
-0.523599	1.948085	-2.363031	12	74	9	0.027
1.570796	1.948085	-2.363031	210	70	1	0.027
2.356194	1.948085	-2.363031	213	66	2	0.027
-2.879793	1.736875	3.023612	6	69	2	0.027
-2.617994	1.736875	3.023612	18	159	11	0.027
0.785398	1.736875	3.023612	206	163	3	0.027
2.879793	1.736875	3.023612	4	50	3	0.027
-3.141593	2.760637	2.781135	23	71	9	0.027
2.879793	2.760637	2.781135	23	71	27	0.027
-2.356194	1.256302	0.062705	1	61	5	0.027
-2.617994	2.592629	0.909713	1	80	23	0.027
0.261799	2.592629	0.909713	15	164	16	0.027
-1.308997	1.113094	-0.272241	16	79	223	0.027
0.785398	1.113094	-0.272241	9	80	13	0.027
-2.617994	2.089241	-0.114193	10	69	16	0.027
1.308997	2.089241	-0.114193	1	77	15	0.027
-1.308997	0.619654	-2.216909	219	60	223	0.027
-0.523599	0.619654	-2.216909	4	79	0	0.027
0.000000	0.619654	-2.216909	4	155	221	0.027
-2.356194	2.456751	-1.503343	3	157	17	0.027
0.785398	2.456751	-1.503343	218	81	19	0.027
2.879793	2.456751	-1.503343	217	49	16	0.027
-2.879793	2.001437	0.381215	216	60	21	0.027
-1.047198	2.001437	0.381215	9	61	22	0.027
-0.523599	2.001437	0.381215	2	81	16	0.027
2.617994	2.001437	0.381215	221	75	24	0.027
-2.094395	2.138223	1.678323	5	77	24	0.027
0.523599	2.138223	1.678323	222	165	24	0.027
1.570796	2.138223	1.678323	217	50	23	0.027
2.879793	2.138223	1.678323	20	67	26	0.027
-2.356194	2.349581	-2.702517	17	50	9	0.027
-2.879793	1.168678	2.108595	25	69	9	0.027
1.570796	1.168678	2.108595	218	60	17	0.027
2.094395	1.168678	2.108595	215	61	13	0.027
2.356194	1.168678	2.108595	7	48	17	0.027
2.617994	1.168678	2.108595	14	61	12	0.027
-2.356194	2.180315	-1.357379	222	69	22	0.027
-1.832596	2.180315	-1.357379	15	51	6	0.027
0.261799	2.180315	-1.357379	217	172	6	0.027
1.047198	2.180315	-1.357379	219	167	3	0.027
2.094395	2.180315	-1.357379	210	160	15	0.027
2.356194	2.180315	-1.357379	210	76	6	0.027
-1.832596	2.478122	2.609777	14	74	19	0.027
0.785398	2.478122	2.609777	213	66	19	0.027
2.617994	2.478122	2.609777	19	70	8	0.027
-3.141593	1.699788	2.452890	24	61	11	0.027
-0.785398	1.699788	2.452890	6	75	1	0.027
2.617994	1.699788	2.452890	2	65	17	0.027
-3.141593	1.184361	0.625864	6	63	18	0.027
1.047198	1.488617	1.159546	223	165	22	0.027
2.617994	1.488617	1.159546	217	65	13	0.027
-0.785398	1.325504	-1.671296	17	75	223	0.027
-0.523599	1.325504	-1.671296	222	155	211	0.027
2.879793	1.325504	-1.671296	222	160	218	0.027
-2.617994	1.606104	-0.451151	212	50	8	0.027
-1.832596	1.606104	-0.451151	223	152	11	0.027
0.785398	1.506530	1.988858	207	60	14	0.027
2.617994	1.506530	1.988858	4	56	22	0.027
-3.141593	1.218453	2.777284	4	67	2	0.027
-2.617994	1.218453	2.777284	20	170	8	0.027
-0.785398	1.218453	2.777284	222	74	221	0.027
2.356194	1.218453	2.777284	223	56	6	0.027
2.879793	1.218453	2.777284	10	60	217	0.027
-3.141593	1.555207	1.708892	3	60	17	0.027
-2.617994	2.295480	1.008277	6	71	22	0.027
-3.141593	0.203748	0.590255	223	49	5	0.027
0.261799	0.203748	0.590255	17	75	6	0.027
2.094395	0.203748	0.590255	207	75	4	0.027
-2.879793	1.510910	-0.740472	205	49	11	0.027
-2.617994	1.510910	-0.740472	3	51	10	0.027
-0.261799	1.510910	-0.740472	25	75	10	0.027
-1.047198	0.571433	-1.188419	18	69	217	0.027
-3.141593	1.982574	-1.115518	215	71	11	0.027
-2.094395	1.982574	-1.115518	4	56	3	0.027
-1.570796	1.982574	-1.115518	16	59	8	0.027
-2.879793	2.033014	2.977192	11	71	13	0.027
-2.617994	2.033014	2.977192	18	59	11	0.027
-0.523599	2.033014	2.977192	1	80	10	0.027
2.617994	2.033014	2.977192	221	54	1	0.027
-1.047198	0.297065	2.160177	7	160	7	0.027
0.785398	1.242974	-2.977882	211	74	217	0.027
-1.047198	0.992645	-1.723759	221	80	215	0.027
1.047198	0.992645	-1.723759	0	81	220	0.027
-2.879793	2.104282	-0.813972	0	64	15	0.027
0.523599	2.104282	-0.813972	4	81	18	0.027
-3.141593	1.872854	1.543456	3	165	26	0.027
-2.617994	1.872854	1.543456	12	157	19	0.027
-0.261799	1.872854	1.543456	211	73	18	0.027
2.879793	0.762244	-0.273349	211	158	6	0.027
-2.356194	1.050534	3.042579	18	80	215	0.027
-1.308997	1.050534	3.042579	1	159	2	0.027
-0.523599	1.050534	3.042579	215	78	2	0.027
0.261799	1.050534	3.042579	207	76	0	0.027
2.356194	1.050534	3.042579	6	49	217	0.027
2.617994	1.050534	3.042579	217	66	215	0.027
2.879793	1.050534	3.042579	17	60	0	0.027
-2.617994	1.721184	-0.153948	223	61	13	0.027
0.523599	1.721184	-0.153948	17	76	14	0.027
0.261799	1.391910	3.030322	208	163	4	0.027
0.785398	1.391910	3.030322	212	69	223	0.027
2.356194	1.391910	3.030322	11	46	4	0.027
-3.141593	2.063651	-2.044600	223	51	4	0.027
-0.523599	2.063651	-2.044600	8	79	10	0.027
0.523599	2.063651	-2.044600	217	73	9	0.027
-3.141593	0.700570	1.559208	13	59	9	0.027
-0.523599	0.700570	1.559208	212	155	217	0.027
1.047198	1.025536	1.576859	211	80	8	0.027
-3.141593	2.251330	-2.330739	7	48	10	0.027
-2.879793	2.251330	-2.330739	0	73	5	0.027
-2.879793	1.374601	-2.456031	18	150	216	0.027
-3.141593	1.732874	-0.951685	213	61	8	0.027
-2.879793	0.960688	-0.577532	217	62	3	0.027
-2.356194	0.960688	-0.577532	8	59	8	0.027
-1.308997	0.960688	-0.577532	13	69	0	0.027
-2.356194	1.824694	1.850876	5	65	20	0.027
-0.785398	1.824694	1.850876	211	148	11	0.027
-0.261799	1.824694	1.850876	3	75	17	0.027
0.785398	1.824694	1.850876	213	160	21	0.027
1.832596	2.704512	1.488683	14	70	17	0.027
2.094395	2.704512	1.488683	0	158	22	0.027
-2.356194	0.910508	1.903534	12	69	221	0.027
-1.047198	0.910508	1.903534	15	69	8	0.027
-0.785398	0.910508	1.903534	3	81	11	0.027
-3.141593	1.128190	-2.288622	1	69	222	0.027
-2.879793	1.128190	-2.288622	215	70	220	0.027
-2.879793	1.696674	-1.253233	4	57	11	0.027
-2.356194	1.696674	-1.253233	1	51	3	0.027
0.785398	1.696674	-1.253233	223	78	5	0.027
-3.141593	1.683268	0.374177	222	159	13	0.027
-1.832596	1.683268	0.374177	11	71	24	0.027
-0.261799	1.683268	0.374177	6	75	15	0.027
-2.617994	2.073035	2.027405	19	70	19	0.027
-2.879793	1.875281	0.107086	218	60	30	0.027
0.523599	1.875281	0.107086	3	73	22	0.027
2.617994	1.875281	0.107086	214	74	19	0.027
-2.879793	1.247695	1.809890	13	65	14	0.027
2.879793	1.247695	1.809890	9	60	18	0.027
-2.617994	1.301460	-0.509251	9	149	8	0.027
-2.879793	1.904882	-1.478089	223	50	2	0.027
-1.832596	1.904882	-1.478089	9	60	2	0.027
0.000000	1.904882	-1.478089	13	80	5	0.027
-2.617994	0.709924	0.218797	2	64	9	0.027
-2.356194	0.709924	0.218797	9	63	8	0.027
-1.308997	0.496451	0.593859	16	81	222	0.027
-0.523599	0.496451	0.593859	26	80	11	0.027
-2.356194	2.379497	0.561089	212	69	31	0.027
1.308997	2.379497	0.561089	222	80	20	0.027
-2.879793	1.433411	-1.035986	220	70	5	0.027
-2.356194	1.433411	-1.035986	215	63	3	0.027
-1.832596	1.433411	-1.035986	8	70	2	0.027
-1.308997	1.658653	-2.409879	18	172	1	0.027
2.879793	1.658653	-2.409879	211	59	5	0.027
-2.879793	1.214854	-1.966664	3	71	221	0.027
-2.879793	0.914445	2.687814	25	170	218	0.027
-2.617994	0.914445	2.687814	20	163	8	0.027
-3.141593	1.135813	-2.658866	8	164	220	0.027
-3.141593	1.448123	-2.163292	8	65	216	0.027
-2.356194	2.455966	-0.641220	214	59	16	0.027
-2.617994	1.662363	0.915448	3	169	15	0.027
-2.356194	1.662363	0.915448	15	169	24	0.027
1.047198	1.662363	0.915448	217	165	10	0.027
-1.047198	0.906588	1.252948	220	160	4	0.027
1.047198	2.724429	-0.348782	13	80	19	0.027
-2.879793	0.080730	-2.622036	7	165	222	0.027
-1.570796	1.658653	-2.409879	4	157	223	0.027
-0.261799	2.478122	2.609777	220	163	20	0.027
-2.094395	0.370812	-2.547742	223	76	1	0.027
1.832596	2.343981	-1.040456	203	79	2	0.027
0.523599	2.478122	2.609777	0	75	15	0.027
-1.570796	2.108018	1.311430	5	160	17	0.027
-1.832596	1.050534	3.042579	10	79	212	0.027
-0.785398	2.251330	-2.330739	16	80	14	0.027
-1.308997	0.910508	1.903534	10	81	8	0.027
-0.261799	1.875281	0.107086	11	75	13	0.027
0.785398	1.846342	-1.796954	222	164	12	0.027
-1.308997	0.674054	1.013609	15	64	10	0.027
-1.570796	1.440580	2.260026	17	81	9	0.027
0.261799	1.113094	-0.272241	1	165	6	0.027
-1.047198	1.977582	0.969896	6	74	15	0.027
0.523599	0.571433	-1.188419	4	160	3	0.027
0.261799	1.872854	1.543456	217	160	11	0.027
-1.570796	1.025536	1.576859	8	76	14	0.027
2.094395	2.724429	-0.348782	214	69	10	0.026
-0.261799	1.433411	-1.035986	4	75	2	0.026
-0.523599	1.450119	-2.739050	5	75	216	0.026
-1.308997	1.756530	-2.105156	7	74	222	0.026
-0.785398	1.756530	-2.105156	11	81	217	0.026
-0.261799	0.618092	2.539118	214	156	1	0.026
-1.308997	2.393226	1.857173	220	74	20	0.026
-0.261799	1.569311	-3.003978	1	165	217	0.026
-1.047198	0.419640	2.974122	216	70	220	0.026
-1.570796	1.134796	2.434290	11	160	6	0.026
-1.047198	1.134796	2.434290	9	80	13	0.026
-0.523599	1.417623	-0.202254	13	76	4	0.026
-0.261799	0.640596	-2.797608	223	157	3	0.026
-0.261799	2.343981	-1.040456	11	164	11	0.026
-1.308997	1.998705	2.370472	221	165	12	0.026
-1.308997	1.335669	0.897240	6	75	12	0.026
-1.570796	1.870545	-2.976234	18	80	2	0.026
-2.879793	0.379747	-1.713059	217	81	213	0.026
-0.523599	0.866955	-0.931351	12	55	10	0.026
-0.785398	2.299159	2.264663	219	165	25	0.026
-0.785398	2.719179	-1.780644	7	158	10	0.026
-1.047198	2.396274	-1.959260	18	81	1	0.026
1.047198	2.396274	-1.959260	206	73	4	0.026
1.570796	2.396274	-1.959260	209	161	221	0.026
-1.832596	0.864993	2.278281	22	81	10	0.026
-0.785398	0.864993	2.278281	6	70	10	0.026
-1.308997	1.014500	0.906702	10	79	7	0.026
-0.523599	1.014500	0.906702	8	81	6	0.026
2.617994	2.724429	-0.348782	223	79	24	0.026
0.523599	2.664082	-1.071402	12	80	8	0.026
-3.141593	2.984978	1.954446	12	81	20	0.026
-0.785398	1.766067	2.153843	5	79	22	0.026
0.523599	1.766067	2.153843	210	157	21	0.026
1.047198	1.809167	1.213774	219	157	27	0.026
-1.832596	1.310100	1.488307	11	65	14	0.026
-0.785398	2.153910	-1.714959	12	78	1	0.026
0.785398	2.153910	-1.714959	217	80	0	0.026
0.523599	1.134497	-1.109631	12	81	218	0.026
0.785398	1.134497	-1.109631	6	159	216	0.026
0.000000	0.961715	0.014085	19	80	6	0.026
-2.879793	2.863997	0.549740	218	60	29	0.026
1.308997	2.863997	0.549740	1	76	17	0.026
2.879793	2.863997	0.549740	11	65	20	0.026
1.308997	1.545873	-1.877082	214	81	218	0.026
0.000000	2.356369	3.005869	222	163	3	0.026
0.523599	1.836682	-0.676006	10	80	21	0.026
-1.832596	1.948085	-2.363031	3	159	8	0.026
-0.785398	1.948085	-2.363031	14	158	4	0.026
-1.832596	2.592629	0.909713	219	64	27	0.026
-3.141593	2.407836	1.410646	13	76	26	0.026
-1.047198	2.407836	1.410646	219	79	23	0.026
2.356194	2.089241	-0.114193	217	79	17	0.026
-3.141593	0.619654	-2.216909	9	73	1	0.026
0.261799	1.699788	2.452890	216	163	16	0.026
-1.047198	1.184361	0.625864	16	80	5	0.026
1.308997	1.977582	0.969896	4	78	20	0.026
-2.356194	1.218453	2.777284	15	159	3	0.026
-0.261799	1.218453	2.777284	206	81	223	0.026
1.047198	0.571433	-1.188419	4	163	218	0.026
2.356194	1.982574	-1.115518	207	156	3	0.026
-1.308997	0.297065	2.160177	221	80	2	0.026
0.000000	1.242974	-2.977882	221	73	218	0.026
-2.617994	1.391910	3.030322	23	156	11	0.026
-0.785398	0.685216	-1.712745	20	74	220	0.026
-0.261799	1.025536	1.576859	220	70	12	0.026
0.261799	2.251330	-2.330739	213	78	10	0.026
1.832596	1.732874	-0.951685	208	159	8	0.026
-0.523599	0.960688	-0.577532	16	157	0	0.026
-0.523599	0.929350	-2.910676	6	60	219	0.026
1.308997	1.696674	-1.253233	211	76	14	0.026
-1.308997	1.247695	1.809890	13	160	13	0.026
1.047198	1.247695	1.809890	209	72	21	0.026
2.094395	1.214854	-1.966664	210	159	216	0.026
-1.047198	0.914445	2.687814	219	163	8	0.026
-0.261799	0.914445	2.687814	215	165	1	0.026
-0.261799	2.455966	-0.641220	10	77	16	0.026
0.523599	1.662363	0.915448	1	76	29	0.026
-0.523599	0.618092	2.539118	216	165	8	0.026
0.261799	1.574060	2.783565	220	76	6	0.026
0.000000	1.417623	-0.202254	223	163	13	0.026
0.785398	1.135834	-1.431087	0	159	216	0.026
1.832596	2.180315	-1.357379	202	75	11	0.026
-2.094395	2.637879	2.121598	2	80	23	0.026
1.570796	1.510910	-0.740472	213	81	0	0.026
-2.356194	0.929350	-2.910676	16	75	215	0.026
-1.570796	1.247695	1.809890	18	159	20	0.026
-1.570796	0.906588	1.252948	11	72	12	0.026
1.308997	2.404280	-0.174044	7	81	18	0.026
0.261799	1.869911	2.701025	212	75	4	0.026
1.570796	1.554776	0.100351	215	157	21	0.026
0.261799	0.850607	-1.335383	13	76	0	0.026
1.047198	0.850607	-1.335383	9	165	0	0.026
-1.570796	0.640596	-2.797608	1	159	222	0.026
0.261799	1.335669	0.897240	213	81	14	0.026
0.523599	2.164094	-2.991358	212	75	6	0.026
1.570796	2.247462	0.191623	217	80	20	0.026
0.261799	1.766067	2.153843	215	77	15	0.026
1.570796	1.367556	0.358405	216	80	10	0.026
-1.832596	1.736875	3.023612	9	163	4	0.026
0.523599	1.736875	3.023612	210	75	3	0.026
0.261799	0.591903	2.010408	211	80	11	0.026
2.879793	2.592629	0.909713	11	75	28	0.026
0.261799	2.001437	0.381215	6	75	29	0.026
-1.308997	2.349581	-2.702517	11	81	10	0.026
-0.785398	1.488617	1.159546	8	75	17	0.026
1.047198	1.977582	0.969896	3	75	20	0.026
1.570796	1.982574	-1.115518	218	80	0	0.026
-2.094395	0.297065	2.160177	22	65	10	0.026
-1.832596	1.872854	1.543456	4	74	17	0.026
-2.094395	2.588535	-2.976617	19	159	8	0.026
-2.094395	1.824694	1.850876	12	75	23	0.026
0.523599	2.881233	-2.582574	211	75	8	0.026
2.094395	1.696674	-1.253233	212	72	9	0.026
1.308997	0.709924	0.218797	210	159	7	0.026
1.047198	1.448123	-2.163292	216	76	0	0.026
-0.523599	1.872854	1.543456	217	80	10	0.026
-1.047198	2.251330	-2.330739	20	76	10	0.026
-2.094395	1.134796	2.434290	10	159	7	0.026
2.879793	0.370812	-2.547742	9	65	0	0.026
0.000000	2.174483	2.653697	217	163	12	0.026
-1.308997	1.310100	1.488307	5	81	24	0.026
0.261799	2.760637	2.781135	221	74	21	0.026
-0.523599	2.108018	1.311430	220	75	23	0.026
-0.261799	1.606104	-0.451151	5	160	17	0.026
-2.617994	0.929350	-2.910676	10	72	209	0.026
1.570796	0.709924	0.218797	216	74	5	0.026
-0.785398	0.418037	1.360082	8	165	10	0.026
-1.570796	1.135813	-2.658866	3	77	223	0.026
-1.308997	0.700570	1.559208	8	77	222	0.026
-0.785398	1.448123	-2.163292	0	76	2	0.026
-0.261799	1.662363	0.915448	4	76	29	0.026
0.785398	1.195355	1.200319	213	77	22	0.025
-2.617994	1.450119	-2.739050	10	159	5	0.025
0.000000	1.450119	-2.739050	211	164	217	0.025
2.617994	1.450119	-2.739050	19	59	220	0.025
-2.094395	2.404280	-0.174044	219	59	28	0.025
-0.785398	2.404280	-0.174044	4	159	32	0.025
-0.523599	2.404280	-0.174044	23	60	20	0.025
0.000000	2.404280	-0.174044	9	80	21	0.025
0.261799	2.404280	-0.174044	21	80	21	0.025
0.523599	2.404280	-0.174044	2	80	14	0.025
-3.141593	2.115563	0.685730	7	63	21	0.025
-1.308997	2.115563	0.685730	3	73	21	0.025
0.261799	2.115563	0.685730	4	50	20	0.025
2.356194	2.115563	0.685730	214	160	33	0.025
1.570796	1.756530	-2.105156	221	157	4	0.025
0.523599	1.869911	2.701025	209	164	15	0.025
1.047198	1.869911	2.701025	210	76	7	0.025
-1.832596	1.599406	1.426070	12	159	25	0.025
1.308997	1.599406	1.426070	213	56	20	0.025
0.261799	1.554776	0.100351	19	78	18	0.025
0.785398	1.554776	0.100351	218	160	15	0.025
2.094395	1.554776	0.100351	207	76	26	0.025
2.879793	1.554776	0.100351	206	60	12	0.025
0.261799	0.618092	2.539118	213	165	7	0.025
2.879793	0.618092	2.539118	19	59	8	0.025
-0.523599	1.846342	-1.796954	3	77	222	0.025
-2.356194	0.615174	-0.666022	7	61	0	0.025
1.832596	0.615174	-0.666022	209	75	0	0.025
-0.785398	1.569311	-3.003978	211	160	222	0.025
-0.261799	0.419640	2.974122	213	80	0	0.025
-1.832596	1.134796	2.434290	9	159	4	0.025
-1.308997	1.134796	2.434290	222	70	7	0.025
-0.785398	1.134796	2.434290	222	165	7	0.025
0.785398	1.574060	2.783565	208	60	221	0.025
-2.879793	2.587733	0.232235	0	81	26	0.025
2.617994	2.587733	0.232235	223	79	32	0.025
0.523599	1.417623	-0.202254	218	75	14	0.025
-0.261799	0.850607	-1.335383	26	75	216	0.025
-0.785398	0.370812	-2.547742	215	70	217	0.025
0.261799	0.370812	-2.547742	219	80	222	0.025
-3.141593	0.640596	-2.797608	7	74	214	0.025
-2.617994	0.640596	-2.797608	14	79	215	0.025
-2.094395	0.640596	-2.797608	18	76	223	0.025
-1.308997	0.640596	-2.797608	2	79	5	0.025
0.261799	0.640596	-2.797608	223	75	6	0.025
0.785398	0.640596	-2.797608	3	164	220	0.025
2.356194	0.640596	-2.797608	12	79	216	0.025
-3.141593	2.979456	-1.009304	212	59	25	0.025
-0.523599	2.979456	-1.009304	25	80	14	0.025
-2.356194	0.831641	0.616218	0	71	10	0.025
-1.832596	0.831641	0.616218	16	72	7	0.025
-0.261799	0.831641	0.616218	9	76	7	0.025
0.261799	2.343981	-1.040456	11	69	4	0.025
0.523599	2.343981	-1.040456	10	165	12	0.025
0.785398	2.343981	-1.040456	13	79	13	0.025
2.094395	2.343981	-1.040456	219	73	10	0.025
2.879793	1.998705	2.370472	16	46	19	0.025
-0.523599	1.413347	-1.339188	10	77	3	0.025
1.570796	1.413347	-1.339188	215	81	220	0.025
2.879793	1.413347	-1.339188	216	61	13	0.025
1.308997	0.674054	1.013609	213	80	9	0.025
0.523599	1.335669	0.897240	221	81	13	0.025
-2.879793	1.870545	-2.976234	29	59	8	0.025
-0.523599	1.870545	-2.976234	214	80	4	0.025
0.261799	1.870545	-2.976234	3	76	0	0.025
-3.141593	2.164094	-2.991358	6	45	10	0.025
-0.523599	2.164094	-2.991358	11	70	10	0.025
-1.570796	0.379747	-1.713059	214	61	2	0.025
-0.261799	0.379747	-1.713059	1	59	217	0.025
-2.356194	2.187132	-0.479875	218	61	16	0.025
-0.785398	2.187132	-0.479875	11	160	15	0.025
-0.523599	2.187132	-0.479875	22	80	23	0.025
-0.261799	2.187132	-0.479875	14	159	18	0.025
-1.308997	0.866955	-0.931351	24	60	223	0.025
-1.047198	0.866955	-0.931351	6	61	221	0.025
1.570796	0.866955	-0.931351	219	157	218	0.025
0.523599	2.299159	2.264663	222	81	20	0.025
1.570796	2.299159	2.264663	213	61	13	0.025
-2.617994	1.812176	0.656819	2	155	26	0.025
-0.785398	1.812176	0.656819	223	81	17	0.025
0.523599	1.812176	0.656819	4	81	24	0.025
2.879793	1.812176	0.656819	223	57	26	0.025
0.261799	2.719179	-1.780644	214	157	19	0.025
0.523599	2.719179	-1.780644	213	68	8	0.025
1.570796	2.719179	-1.780644	219	75	22	0.025
0.785398	2.396274	-1.959260	3	78	6	0.025
1.832596	2.396274	-1.959260	219	164	9	0.025
-2.879793	0.866395	-2.492918	3	49	217	0.025
0.261799	0.866395	-2.492918	220	157	1	0.025
2.356194	0.866395	-2.492918	213	165	221	0.025
-2.879793	0.864993	2.278281	26	76	222	0.025
-0.261799	0.864993	2.278281	223	164	10	0.025
-0.785398	1.014500	0.906702	222	76	6	0.025
2.617994	1.014500	0.906702	207	56	12	0.025
-2.617994	2.247462	0.191623	222	49	29	0.025
-1.308997	2.247462	0.191623	2	163	31	0.025
2.879793	2.247462	0.191623	3	66	28	0.025
-2.879793	2.724429	-0.348782	214	159	22	0.025
2.879793	2.724429	-0.348782	0	76	30	0.025
-0.523599	1.194549	-0.801900	14	81	222	0.025
-0.261799	1.194549	-0.801900	12	159	222	0.025
0.261799	1.194549	-0.801900	11	160	13	0.025
1.832596	1.194549	-0.801900	211	80	4	0.025
2.617994	1.194549	-0.801900	207	50	2	0.025
-1.570796	1.504028	0.636812	12	79	23	0.025
1.308997	1.504028	0.636812	219	165	18	0.025
0.261799	1.741644	-2.695914	223	75	8	0.025
0.523599	2.174483	2.653697	209	79	5	0.025
1.047198	2.664082	-1.071402	9	64	15	0.025
-1.308997	2.579248	-2.364801	20	70	20	0.025
-0.785398	2.579248	-2.364801	7	74	12	0.025
0.000000	2.579248	-2.364801	11	80	8	0.025
-0.261799	0.899350	-2.069907	221	164	0	0.025
0.785398	0.899350	-2.069907	223	71	221	0.025
-1.832596	2.984978	1.954446	1	70	19	0.025
2.617994	2.984978	1.954446	4	76	25	0.025
-2.617994	1.766067	2.153843	2	160	14	0.025
-2.094395	1.766067	2.153843	10	163	26	0.025
2.356194	1.766067	2.153843	9	56	8	0.025
-2.617994	1.809167	1.213774	214	54	20	0.025
0.000000	1.809167	1.213774	222	79	23	0.025
-1.832596	1.135834	-1.431087	215	71	223	0.025
-0.523599	1.909857	-0.381669	16	79	22	0.025
2.356194	1.909857	-0.381669	206	174	20	0.025
-1.047198	1.195355	1.200319	16	79	25	0.025
0.523599	1.195355	1.200319	222	76	7	0.025
-0.523599	1.310100	1.488307	2	159	20	0.025
-0.523599	2.153910	-1.714959	17	157	10	0.025
-2.094395	1.134497	-1.109631	4	56	5	0.025
-0.261799	1.134497	-1.109631	14	75	216	0.025
0.000000	1.134497	-1.109631	1	163	4	0.025
0.523599	0.961715	0.014085	5	164	223	0.025
1.832596	0.961715	0.014085	204	71	16	0.025
2.094395	0.961715	0.014085	207	157	17	0.025
-2.879793	1.367556	0.358405	4	55	16	0.025
-1.832596	1.440580	2.260026	8	76	22	0.025
-1.047198	2.863997	0.549740	212	75	20	0.025
-0.785398	2.863997	0.549740	217	76	29	0.025
0.785398	2.863997	0.549740	217	69	13	0.025
-2.094395	2.041297	-2.664597	8	157	3	0.025
0.523599	2.041297	-2.664597	213	80	2	0.025
-2.879793	1.545873	-1.877082	2	49	2	0.025
-0.523599	1.545873	-1.877082	3	81	3	0.025
0.000000	1.545873	-1.877082	1	79	216	0.025
2.617994	1.545873	-1.877082	0	79	7	0.025
-3.141593	2.356369	3.005869	27	164	16	0.025
-2.094395	2.356369	3.005869	16	56	5	0.025
-0.523599	2.356369	3.005869	204	74	17	0.025
1.047198	2.356369	3.005869	222	80	11	0.025
2.356194	2.356369	3.005869	0	59	6	0.025
0.261799	1.836682	-0.676006	18	75	18	0.025
1.832596	1.836682	-0.676006	220	160	15	0.025
-2.094395	1.948085	-2.363031	16	80	222	0.025
-1.308997	1.736875	3.023612	7	159	220	0.025
0.523599	0.591903	2.010408	205	159	1	0.025
1.047198	0.591903	2.010408	202	164	11	0.025
1.308997	0.591903	2.010408	222	159	3	0.025
2.879793	0.591903	2.010408	222	60	4	0.025
-2.356194	2.760637	2.781135	12	159	12	0.025
0.523599	2.760637	2.781135	212	65	18	0.025
2.617994	2.760637	2.781135	10	73	17	0.025
-2.879793	2.592629	0.909713	9	81	36	0.025
-2.356194	2.592629	0.909713	221	76	17	0.025
2.617994	2.592629	0.909713	218	65	20	0.025
-0.785398	1.113094	-0.272241	22	75	12	0.025
0.523599	2.407836	1.410646	8	60	28	0.025
1.047198	2.407836	1.410646	213	69	32	0.025
1.570796	2.407836	1.410646	4	60	18	0.025
-2.879793	2.089241	-0.114193	222	61	28	0.025
2.879793	2.089241	-0.114193	1	60	26	0.025
-2.094395	0.619654	-2.216909	209	79	211	0.025
1.832596	0.619654	-2.216909	3	80	218	0.025
-1.047198	2.456751	-1.503343	22	159	11	0.025
1.047198	2.001437	0.381215	217	75	22	0.025
1.832596	2.001437	0.381215	215	170	24	0.025
-3.141593	2.138223	1.678323	6	50	21	0.025
0.261799	2.138223	1.678323	2	69	26	0.025
1.047198	2.138223	1.678323	203	65	19	0.025
2.094395	2.138223	1.678323	7	55	33	0.025
-0.523599	2.349581	-2.702517	18	169	4	0.025
-2.617994	1.168678	2.108595	25	66	14	0.025
1.047198	1.168678	2.108595	205	72	7	0.025
-0.785398	2.478122	2.609777	3	78	13	0.025
1.832596	1.699788	2.452890	210	65	1	0.025
-2.617994	1.184361	0.625864	0	157	14	0.025
0.785398	1.184361	0.625864	223	80	15	0.025
-3.141593	2.108018	1.311430	1	72	31	0.025
0.000000	1.488617	1.159546	216	163	12	0.025
0.785398	1.488617	1.159546	216	81	17	0.025
1.832596	1.488617	1.159546	219	80	18	0.025
-3.141593	1.325504	-1.671296	218	50	4	0.025
-1.047198	1.325504	-1.671296	16	159	223	0.025
0.000000	1.325504	-1.671296	2	163	5	0.025
1.570796	1.325504	-1.671296	219	165	7	0.025
2.094395	1.325504	-1.671296	206	81	2	0.025
-3.141593	1.606104	-0.451151	209	55	7	0.025
0.261799	1.606104	-0.451151	2	76	6	0.025
1.047198	1.606104	-0.451151	6	78	11	0.025
-2.879793	1.977582	0.969896	0	60	23	0.025
0.523599	1.977582	0.969896	214	61	23	0.025
2.879793	1.977582	0.969896	221	77	28	0.025
-2.879793	2.637879	2.121598	2	72	17	0.025
0.261799	2.637879	2.121598	209	75	13	0.025
1.570796	2.637879	2.121598	222	59	16	0.025
0.785398	1.218453	2.777284	211	163	4	0.025
1.308997	1.218453	2.777284	213	61	3	0.025
-1.832596	1.555207	1.708892	14	75	9	0.025
-0.523599	1.555207	1.708892	3	170	22	0.025
-0.261799	1.555207	1.708892	0	75	16	0.025
0.785398	1.555207	1.708892	216	80	17	0.025
-0.261799	2.295480	1.008277	213	79	28	0.025
2.617994	2.295480	1.008277	0	78	24	0.025
-2.879793	0.203748	0.590255	215	60	223	0.025
-1.570796	0.203748	0.590255	21	64	1	0.025
-1.047198	0.203748	0.590255	25	59	4	0.025
1.047198	0.203748	0.590255	4	79	8	0.025
1.570796	0.203748	0.590255	220	60	5	0.025
1.832596	0.203748	0.590255	220	74	8	0.025
2.879793	0.203748	0.590255	3	59	3	0.025
-0.785398	0.571433	-1.188419	20	50	215	0.025
-1.308997	1.982574	-1.115518	13	80	13	0.025
0.785398	2.033014	2.977192	209	50	15	0.025
-0.523599	0.297065	2.160177	209	163	223	0.025
1.308997	0.080730	-2.622036	21	60	3	0.025
1.832596	0.080730	-2.622036	29	71	7	0.025
1.832596	1.242974	-2.977882	214	75	218	0.025
-2.617994	0.992645	-1.723759	219	158	5	0.025
-0.785398	0.992645	-1.723759	12	158	218	0.025
-0.523599	2.104282	-0.813972	21	157	17	0.025
1.570796	2.104282	-0.813972	211	74	223	0.025
-1.308997	1.872854	1.543456	10	164	21	0.025
-1.047198	1.872854	1.543456	10	80	28	0.025
1.047198	1.872854	1.543456	219	59	20	0.025
1.832596	1.872854	1.543456	222	59	19	0.025
-0.785398	1.050534	3.042579	222	80	10	0.025
-0.523599	1.721184	-0.153948	9	80	16	0.025
2.356194	1.721184	-0.153948	212	165	27	0.025
0.523599	0.733948	3.021411	2	70	6	0.025
1.832596	0.733948	3.021411	3	159	7	0.025
2.617994	0.733948	3.021411	21	59	222	0.025
-3.141593	2.588535	-2.976617	4	162	17	0.025
-0.523599	2.588535	-2.976617	214	164	6	0.025
-1.832596	1.391910	3.030322	17	167	5	0.025
-1.570796	1.391910	3.030322	3	79	217	0.025
-2.356194	0.685216	-1.712745	214	81	216	0.025
-0.261799	0.685216	-1.712745	10	169	223	0.025
1.047198	0.685216	-1.712745	13	161	220	0.025
-1.308997	2.063651	-2.044600	19	159	10	0.025
-0.261799	2.063651	-2.044600	9	78	10	0.025
-0.785398	0.700570	1.559208	8	81	9	0.025
-2.094395	1.025536	1.576859	15	76	13	0.025
-1.832596	1.025536	1.576859	5	81	5	0.025
1.308997	2.251330	-2.330739	208	81	222	0.025
1.570796	2.251330	-2.330739	210	79	8	0.025
2.356194	2.251330	-2.330739	214	60	6	0.025
-2.617994	1.374601	-2.456031	11	55	223	0.025
-0.523599	1.374601	-2.456031	216	81	1	0.025
0.000000	1.374601	-2.456031	219	72	215	0.025
-0.785398	1.732874	-0.951685	25	159	6	0.025
1.047198	1.732874	-0.951685	220	80	8	0.025
0.785398	0.960688	-0.577532	216	80	9	0.025
2.094395	0.960688	-0.577532	211	165	9	0.025
2.617994	0.960688	-0.577532	207	159	217	0.025
1.570796	1.824694	1.850876	213	162	14	0.025
-1.308997	2.704512	1.488683	216	157	29	0.025
1.308997	2.704512	1.488683	219	56	21	0.025
-3.141593	0.910508	1.903534	7	55	13	0.025
-3.141593	0.929350	-2.910676	12	67	216	0.025
0.000000	0.929350	-2.910676	222	69	215	0.025
-2.094395	1.128190	-2.288622	9	74	215	0.025
-1.047198	1.128190	-2.288622	16	79	3	0.025
0.523599	1.128190	-2.288622	8	71	222	0.025
-2.617994	2.881233	-2.582574	23	77	13	0.025
0.785398	2.881233	-2.582574	204	165	21	0.025
-2.356194	1.683268	0.374177	216	61	17	0.025
-0.785398	1.683268	0.374177	2	79	13	0.025
-0.523599	1.683268	0.374177	1	159	15	0.025
1.047198	1.683268	0.374177	217	163	26	0.025
1.832596	1.683268	0.374177	221	69	21	0.025
2.356194	1.683268	0.374177	216	79	24	0.025
-2.094395	2.073035	2.027405	9	70	21	0.025
0.261799	2.073035	2.027405	207	163	15	0.025
1.832596	2.073035	2.027405	5	61	18	0.025
-2.094395	1.875281	0.107086	6	61	17	0.025
1.570796	1.875281	0.107086	215	80	23	0.025
2.879793	1.875281	0.107086	2	60	20	0.025
-0.785398	1.301460	-0.509251	10	76	8	0.025
-0.523599	1.301460	-0.509251	17	156	19	0.025
1.570796	1.301460	-0.509251	207	80	11	0.025
-1.570796	1.904882	-1.478089	6	61	214	0.025
0.261799	1.904882	-1.478089	13	164	3	0.025
0.785398	1.904882	-1.478089	217	80	7	0.025
1.570796	1.904882	-1.478089	210	79	3	0.025
-0.785398	0.709924	0.218797	16	80	9	0.025
2.879793	0.709924	0.218797	216	75	5	0.025
0.261799	0.496451	0.593859	16	159	8	0.025
0.785398	0.496451	0.593859	218	160	17	0.025
2.879793	0.496451	0.593859	205	61	11	0.025
-2.617994	2.379497	0.561089	11	60	27	0.025
0.785398	2.379497	0.561089	9	75	28	0.025
-3.141593	1.433411	-1.035986	216	53	8	0.025
0.000000	1.658653	-2.409879	215	165	4	0.025
0.523599	0.418037	1.360082	5	160	12	0.025
-2.617994	1.214854	-1.966664	2	74	212	0.025
-1.047198	1.214854	-1.966664	3	157	1	0.025
-0.523599	0.914445	2.687814	203	76	9	0.025
0.785398	0.914445	2.687814	212	75	219	0.025
-2.356194	1.135813	-2.658866	17	70	221	0.025
-0.785398	1.135813	-2.658866	216	77	223	0.025
2.617994	1.135813	-2.658866	213	158	1	0.025
-2.879793	1.448123	-2.163292	221	58	218	0.025
2.879793	1.448123	-2.163292	211	162	222	0.025
0.523599	2.455966	-0.641220	13	74	15	0.025
1.832596	2.455966	-0.641220	212	160	12	0.025
2.617994	2.455966	-0.641220	207	81	24	0.025
0.000000	1.662363	0.915448	221	76	9	0.025
1.308997	1.662363	0.915448	213	80	14	0.025
-1.308997	1.948085	-2.363031	17	158	217	0.025
-1.570796	0.419640	2.974122	1	160	211	0.025
-1.047198	0.640596	-2.797608	210	160	1	0.025
1.308997	1.335669	0.897240	217	159	18	0.025
2.094395	1.135834	-1.431087	218	74	3	0.025
1.570796	2.089241	-0.114193	222	80	26	0.025
-0.785398	0.733948	3.021411	218	157	212	0.025
1.047198	0.496451	0.593859	217	164	2	0.025
2.356194	2.455966	-0.641220	219	159	27	0.025
0.261799	1.875281	0.107086	10	163	11	0.025
-1.570796	1.450119	-2.739050	14	75	9	0.025
2.356194	2.404280	-0.174044	214	156	16	0.025
0.785398	2.115563	0.685730	3	75	20	0.025
1.047198	1.756530	-2.105156	220	80	221	0.025
-1.832596	1.869911	2.701025	19	81	10	0.025
-0.523599	0.458961	-0.107937	12	75	11	0.025
0.000000	0.458961	-0.107937	5	164	5	0.025
0.785398	1.599406	1.426070	217	156	10	0.025
1.308997	1.554776	0.100351	211	76	28	0.025
-2.094395	0.618092	2.539118	24	160	223	0.025
1.832596	1.846342	-1.796954	205	75	6	0.025
-0.261799	0.615174	-0.666022	26	75	0	0.025
1.308997	0.615174	-0.666022	216	80	6	0.025
2.356194	0.615174	-0.666022	2	80	6	0.025
-1.308997	1.569311	-3.003978	8	80	217	0.025
-2.356194	1.134796	2.434290	20	73	222	0.025
1.047198	2.587733	0.232235	6	160	24	0.025
-1.832596	1.413430	2.550734	13	80	15	0.025
-1.570796	0.370812	-2.547742	219	159	210	0.025
1.308997	1.413347	-1.339188	208	79	6	0.025
-0.523599	0.674054	1.013609	25	81	16	0.025
-1.308997	1.870545	-2.976234	12	164	219	0.025
0.523599	1.870545	-2.976234	200	157	3	0.025
1.308997	0.866955	-0.931351	1	79	2	0.025
1.570796	1.617114	-1.572037	207	75	3	0.025
0.261799	0.864993	2.278281	204	159	5	0.025
0.785398	2.724429	-0.348782	3	80	16	0.025
1.832596	1.135834	-1.431087	209	162	218	0.025
1.832596	1.045978	0.343692	210	80	20	0.025
2.094395	1.836682	-0.676006	212	160	222	0.025
-1.570796	1.948085	-2.363031	10	75	5	0.025
-0.523599	1.256302	0.062705	17	157	10	0.025
-0.523599	2.407836	1.410646	218	157	23	0.025
1.832596	2.456751	-1.503343	216	75	5	0.025
-0.785398	2.180315	-1.357379	11	76	2	0.025
1.308997	1.325504	-1.671296	210	75	223	0.025
0.785398	1.510910	-0.740472	221	81	17	0.025
2.094395	0.571433	-1.188419	216	72	221	0.025
2.356194	0.571433	-1.188419	220	78	220	0.025
-1.832596	2.033014	2.977192	4	79	3	0.025
-0.785398	1.242974	-2.977882	8	78	223	0.025
-1.308997	2.588535	-2.976617	18	164	8	0.025
2.094395	0.685216	-1.712745	214	75	216	0.025
0.000000	0.960688	-0.577532	12	75	220	0.025
-1.047198	2.704512	1.488683	213	157	22	0.025
-1.570796	0.929350	-2.910676	222	159	215	0.025
-0.261799	1.696674	-1.253233	14	160	1	0.025
0.523599	1.696674	-1.253233	0	80	10	0.025
-1.047198	2.073035	2.027405	222	164	16	0.025
2.094395	1.433411	-1.035986	206	75	222	0.025
0.000000	0.418037	1.360082	210	80	3	0.025
0.785398	1.214854	-1.966664	5	79	223	0.025
0.261799	1.448123	-2.163292	223	160	0	0.025
2.356194	0.762244	-0.273349	208	72	1	0.025
-0.785398	0.929350	-2.910676	215	75	214	0.025
-1.832596	1.247695	1.809890	10	73	17	0.025
1.570796	2.455966	-0.641220	217	70	17	0.025
0.523599	2.115563	0.685730	12	75	22	0.025
-1.832596	0.640596	-2.797608	222	160	0	0.025
-2.617994	0.379747	-1.713059	220	75	211	0.025
2.094395	0.379747	-1.713059	18	75	219	0.025
2.879793	0.379747	-1.713059	211	160	2	0.025
1.047198	1.014500	0.906702	221	81	13	0.025
0.785398	2.247462	0.191623	4	160	11	0.025
-0.785398	0.961715	0.014085	7	64	15	0.025
2.094395	2.089241	-0.114193	219	159	23	0.025
2.879793	0.619654	-2.216909	3	72	220	0.025
-0.523599	1.606104	-0.451151	18	156	16	0.025
-0.523599	1.977582	0.969896	221	74	28	0.025
1.570796	0.571433	-1.188419	15	80	4	0.025
-1.570796	0.910508	1.903534	4	80	11	0.025
1.308997	1.875281	0.107086	3	81	26	0.025
0.523599	1.433411	-1.035986	221	81	6	0.025
0.000000	1.599406	1.426070	220	173	19	0.025
-0.785398	1.846342	-1.796954	9	75	3	0.025
-0.785398	0.866395	-2.492918	212	157	214	0.025
-0.523599	1.214854	-1.966664	12	72	223	0.025
0.261799	1.374601	-2.456031	4	77	223	0.025
0.261799	1.450119	-2.739050	220	60	218	0.024
-0.523599	1.554776	0.100351	8	158	13	0.024
-1.308997	1.846342	-1.796954	14	157	0	0.024
-2.879793	2.393226	1.857173	24	169	23	0.024
-1.047198	2.393226	1.857173	221	81	28	0.024
-0.261799	2.393226	1.857173	213	56	20	0.024
0.523599	1.569311	-3.003978	210	157	4	0.024
-2.094395	1.413430	2.550734	10	72	14	0.024
0.523599	1.413430	2.550734	210	75	11	0.024
0.785398	0.850607	-1.335383	17	75	5	0.024
-2.356194	0.370812	-2.547742	214	164	223	0.024
-1.832596	0.370812	-2.547742	212	165	209	0.024
-2.879793	0.640596	-2.797608	2	75	217	0.024
0.000000	0.640596	-2.797608	4	75	5	0.024
0.000000	2.979456	-1.009304	14	157	13	0.024
0.523599	2.979456	-1.009304	0	78	17	0.024
1.832596	2.979456	-1.009304	218	79	21	0.024
0.000000	2.343981	-1.040456	6	163	8	0.024
1.308997	2.343981	-1.040456	219	164	9	0.024
0.000000	1.998705	2.370472	215	80	23	0.024
2.356194	1.413347	-1.339188	208	158	4	0.024
1.047198	0.674054	1.013609	209	64	8	0.024
-1.308997	0.906588	1.252948	20	79	2	0.024
0.261799	0.906588	1.252948	215	80	23	0.024
0.523599	0.906588	1.252948	214	76	8	0.024
-1.570796	1.335669	0.897240	9	76	18	0.024
-1.832596	2.164094	-2.991358	9	69	13	0.024
2.617994	0.379747	-1.713059	5	73	223	0.024
1.047198	2.187132	-0.479875	3	69	21	0.024
1.570796	2.187132	-0.479875	223	71	20	0.024
1.832596	2.187132	-0.479875	214	160	14	0.024
0.785398	0.866955	-0.931351	4	81	12	0.024
0.000000	2.299159	2.264663	223	76	13	0.024
-0.523599	1.812176	0.656819	223	74	20	0.024
-1.308997	2.396274	-1.959260	21	79	6	0.024
-0.523599	2.396274	-1.959260	4	76	12	0.024
0.000000	2.396274	-1.959260	9	68	12	0.024
-1.832596	0.866395	-2.492918	222	165	5	0.024
-1.308997	0.864993	2.278281	4	80	5	0.024
0.785398	0.864993	2.278281	205	48	8	0.024
1.308997	1.014500	0.906702	211	75	4	0.024
2.356194	2.724429	-0.348782	214	164	19	0.024
1.570796	1.194549	-0.801900	216	74	8	0.024
-1.832596	1.741644	-2.695914	19	76	1	0.024
-0.785398	1.741644	-2.695914	214	68	223	0.024
-2.356194	2.174483	2.653697	15	75	13	0.024
-0.785398	2.174483	2.653697	221	70	12	0.024
0.785398	2.174483	2.653697	218	160	7	0.024
-0.523599	2.664082	-1.071402	19	75	15	0.024
-0.261799	2.664082	-1.071402	9	160	13	0.024
-1.570796	2.579248	-2.364801	16	160	5	0.024
-3.141593	0.899350	-2.069907	223	54	217	0.024
-1.832596	1.766067	2.153843	5	80	20	0.024
-1.047198	1.809167	1.213774	223	79	29	0.024
0.523599	1.809167	1.213774	212	157	11	0.024
-0.261799	1.135834	-1.431087	20	75	222	0.024
1.308997	1.135834	-1.431087	210	78	223	0.024
-0.261799	1.195355	1.200319	14	81	16	0.024
-2.094395	1.310100	1.488307	19	169	7	0.024
-0.785398	1.310100	1.488307	223	187	15	0.024
-1.308997	1.367556	0.358405	0	79	11	0.024
-0.523599	1.440580	2.260026	221	165	11	0.024
2.356194	2.863997	0.549740	0	157	22	0.024
2.617994	2.863997	0.549740	218	80	11	0.024
0.523599	1.045978	0.343692	3	81	19	0.024
0.785398	0.290380	-0.796960	9	165	5	0.024
-0.785398	2.356369	3.005869	4	165	17	0.024
-1.047198	1.948085	-2.363031	2	80	5	0.024
1.308997	1.948085	-2.363031	207	76	10	0.024
-0.785398	1.736875	3.023612	222	70	215	0.024
-1.047198	2.592629	0.909713	222	76	28	0.024
1.570796	1.113094	-0.272241	216	81	15	0.024
-1.570796	2.407836	1.410646	221	76	23	0.024
-1.047198	2.089241	-0.114193	7	73	19	0.024
-0.523599	2.089241	-0.114193	7	159	22	0.024
0.261799	0.619654	-2.216909	223	76	3	0.024
2.094395	0.619654	-2.216909	221	76	221	0.024
-0.523599	2.138223	1.678323	217	159	15	0.024
0.000000	2.138223	1.678323	202	170	18	0.024
1.047198	2.349581	-2.702517	223	79	11	0.024
0.000000	1.168678	2.108595	205	79	12	0.024
0.000000	2.478122	2.609777	203	75	14	0.024
-0.261799	2.108018	1.311430	222	157	13	0.024
0.785398	1.325504	-1.671296	221	81	2	0.024
-0.785398	1.606104	-0.451151	12	76	15	0.024
0.523599	1.606104	-0.451151	12	81	21	0.024
2.094395	1.606104	-0.451151	208	81	16	0.024
-1.570796	1.977582	0.969896	9	161	15	0.024
-0.785398	1.977582	0.969896	221	165	21	0.024
-0.261799	1.977582	0.969896	7	160	19	0.024
2.356194	1.977582	0.969896	221	158	32	0.024
-1.570796	1.218453	2.777284	14	73	219	0.024
-0.785398	1.555207	1.708892	9	163	15	0.024
-3.141593	2.295480	1.008277	215	169	25	0.024
1.308997	0.571433	-1.188419	10	75	8	0.024
1.832596	0.571433	-1.188419	217	159	218	0.024
-1.570796	0.297065	2.160177	15	81	6	0.024
-1.047198	1.242974	-2.977882	216	160	220	0.024
0.261799	0.992645	-1.723759	4	78	1	0.024
1.832596	0.992645	-1.723759	212	160	214	0.024
2.356194	0.992645	-1.723759	216	159	3	0.024
1.308997	2.104282	-0.813972	217	79	10	0.024
-0.785398	0.762244	-0.273349	17	79	13	0.024
1.832596	0.762244	-0.273349	215	160	223	0.024
-2.879793	1.050534	3.042579	28	55	223	0.024
0.785398	2.588535	-2.976617	218	160	20	0.024
-1.308997	1.391910	3.030322	8	73	219	0.024
0.000000	0.685216	-1.712745	12	157	3	0.024
1.832596	0.685216	-1.712745	212	160	221	0.024
0.785398	2.063651	-2.044600	212	76	219	0.024
1.570796	2.063651	-2.044600	210	164	17	0.024
-1.308997	1.025536	1.576859	0	157	222	0.024
-1.832596	2.251330	-2.330739	19	74	8	0.024
-0.523599	2.251330	-2.330739	220	165	5	0.024
-1.308997	1.374601	-2.456031	17	66	1	0.024
1.308997	1.732874	-0.951685	207	66	6	0.024
-1.832596	1.824694	1.850876	4	160	10	0.024
-1.832596	2.881233	-2.582574	12	80	22	0.024
-3.141593	1.875281	0.107086	222	46	32	0.024
-0.523599	1.875281	0.107086	9	162	15	0.024
1.047198	1.875281	0.107086	220	157	23	0.024
2.094395	1.875281	0.107086	207	73	17	0.024
1.832596	1.301460	-0.509251	210	77	15	0.024
-1.047198	1.904882	-1.478089	17	72	219	0.024
-2.617994	0.496451	0.593859	6	81	3	0.024
-1.047198	0.496451	0.593859	22	76	6	0.024
-0.785398	0.496451	0.593859	5	79	9	0.024
0.523599	0.496451	0.593859	217	163	2	0.024
2.617994	2.379497	0.561089	219	75	30	0.024
-1.047198	1.658653	-2.409879	17	163	1	0.024
0.785398	1.658653	-2.409879	221	79	1	0.024
0.261799	1.214854	-1.966664	7	161	218	0.024
1.047198	1.214854	-1.966664	220	59	223	0.024
1.308997	1.214854	-1.966664	218	75	3	0.024
1.570796	1.214854	-1.966664	215	81	5	0.024
-2.094395	1.135813	-2.658866	0	164	220	0.024
-2.617994	1.448123	-2.163292	10	44	0	0.024
0.261799	1.433411	-1.035986	17	70	223	0.024
-0.523599	2.719179	-1.780644	20	76	22	0.024
1.832596	2.404280	-0.174044	215	66	26	0.024
-1.570796	1.569311	-3.003978	5	157	217	0.024
1.308997	1.812176	0.656819	4	78	22	0.024
0.785398	1.504028	0.636812	220	80	20	0.024
-1.570796	1.741644	-2.695914	12	72	6	0.024
-1.832596	1.218453	2.777284	15	164	2	0.024
-0.523599	0.762244	-0.273349	22	160	9	0.024
-1.308997	0.419640	2.974122	220	161	223	0.024
0.785398	0.831641	0.616218	213	80	7	0.024
0.000000	1.977582	0.969896	222	75	15	0.024
1.832596	2.379497	0.561089	4	158	15	0.024
1.047198	2.115563	0.685730	2	76	20	0.024
1.308997	0.458961	-0.107937	213	80	2	0.024
1.832596	0.458961	-0.107937	208	64	5	0.024
0.000000	0.618092	2.539118	201	158	222	0.024
0.261799	0.615174	-0.666022	9	163	4	0.024
0.785398	0.615174	-0.666022	12	81	3	0.024
-1.832596	1.569311	-3.003978	19	161	220	0.024
2.356194	1.417623	-0.202254	199	75	13	0.024
0.785398	2.979456	-1.009304	6	79	12	0.024
1.047198	0.831641	0.616218	213	81	5	0.024
0.785398	2.164094	-2.991358	206	159	1	0.024
-0.261799	0.866955	-0.931351	16	167	8	0.024
-2.094395	2.299159	2.264663	8	165	23	0.024
-1.047198	2.719179	-1.780644	9	157	20	0.024
1.832596	1.617114	-1.572037	213	159	7	0.024
1.047198	2.247462	0.191623	222	160	11	0.024
2.094395	1.194549	-0.801900	207	64	216	0.024
0.261799	2.579248	-2.364801	5	165	20	0.024
-2.356194	2.984978	1.954446	11	165	19	0.024
-2.094395	2.984978	1.954446	1	80	24	0.024
-0.523599	1.195355	1.200319	16	163	20	0.024
-0.523599	1.367556	0.358405	8	162	23	0.024
-0.261799	1.367556	0.358405	11	60	15	0.024
-1.832596	2.356369	3.005869	9	161	16	0.024
-1.570796	1.736875	3.023612	3	74	221	0.024
-0.261799	0.591903	2.010408	221	165	222	0.024
-0.261799	1.113094	-0.272241	18	74	1	0.024
1.832596	1.113094	-0.272241	211	79	10	0.024
-2.617994	2.407836	1.410646	221	179	31	0.024
1.832596	2.089241	-0.114193	217	81	15	0.024
-0.261799	0.619654	-2.216909	5	156	5	0.024
2.617994	0.619654	-2.216909	16	72	222	0.024
-0.785398	2.001437	0.381215	3	159	20	0.024
-1.570796	2.138223	1.678323	7	79	16	0.024
-1.832596	1.699788	2.452890	2	159	13	0.024
-1.308997	2.108018	1.311430	222	66	25	0.024
0.261799	2.108018	1.311430	222	73	12	0.024
0.261799	0.571433	-1.188419	19	75	3	0.024
2.617994	0.080730	-2.622036	8	159	2	0.024
2.094395	0.762244	-0.273349	210	64	220	0.024
-1.570796	0.733948	3.021411	13	71	0	0.024
-1.570796	2.588535	-2.976617	20	159	4	0.024
1.308997	1.374601	-2.456031	216	73	218	0.024
0.785398	0.910508	1.903534	208	73	10	0.024
-0.785398	2.073035	2.027405	210	79	16	0.024
1.832596	1.433411	-1.035986	204	160	218	0.024
1.047198	0.418037	1.360082	212	75	1	0.024
0.523599	1.214854	-1.966664	4	79	1	0.024
-1.308997	1.135813	-2.658866	217	81	217	0.024
-1.308997	1.448123	-2.163292	6	156	4	0.024
-1.047198	1.448123	-2.163292	0	73	213	0.024
-0.261799	1.448123	-2.163292	0	75	2	0.024
1.570796	1.448123	-2.163292	222	76	0	0.024
0.261799	2.455966	-0.641220	7	160	25	0.024
1.308997	0.203748	0.590255	221	170	5	0.024
-2.617994	2.704512	1.488683	222	167	14	0.024
-1.047198	1.599406	1.426070	2	80	15	0.024
1.832596	0.850607	-1.335383	213	157	222	0.024
1.308997	0.379747	-1.713059	10	157	219	0.024
-2.879793	2.984978	1.954446	4	74	24	0.024
1.047198	0.961715	0.014085	213	81	16	0.024
-1.308997	2.041297	-2.664597	20	160	7	0.024
-0.261799	1.045978	0.343692	11	61	17	0.024
-2.356194	2.407836	1.410646	2	75	29	0.024
-1.308997	0.733948	3.021411	1	159	212	0.024
1.570796	0.685216	-1.712745	222	72	212	0.024
0.000000	0.910508	1.903534	2	185	19	0.024
-1.047198	2.164094	-2.991358	10	164	2	0.024
-0.261799	2.356369	3.005869	214	81	16	0.024
-3.141593	1.450119	-2.739050	21	159	3	0.023
-2.879793	1.450119	-2.739050	219	53	5	0.023
-2.356194	1.450119	-2.739050	20	70	223	0.023
-1.832596	1.450119	-2.739050	15	147	7	0.023
-1.308997	1.450119	-2.739050	6	149	8	0.023
-0.785398	1.450119	-2.739050	2	153	221	0.023
0.785398	1.450119	-2.739050	209	71	4	0.023
1.047198	1.450119	-2.739050	218	154	223	0.023
1.308997	1.450119	-2.739050	212	80	1	0.023
2.094395	1.450119	-2.739050	216	147	1	0.023
2.356194	1.450119	-2.739050	7	50	1	0.023
2.879793	1.450119	-2.739050	2	50	223	0.023
-2.879793	2.404280	-0.174044	205	71	30	0.023
-2.617994	2.404280	-0.174044	213	69	24	0.023
-2.356194	2.404280	-0.174044	217	50	27	0.023
-1.570796	2.404280	-0.174044	222	70	19	0.023
-1.047198	2.404280	-0.174044	3	68	22	0.023
-0.261799	2.404280	-0.174044	20	149	23	0.023
2.094395	2.404280	-0.174044	13	154	27	0.023
2.879793	2.404280	-0.174044	202	174	28	0.023
-2.356194	2.115563	0.685730	5	146	27	0.023
-1.570796	2.115563	0.685730	5	148	29	0.023
-1.047198	2.115563	0.685730	219	147	29	0.023
-0.523599	2.115563	0.685730	1	149	28	0.023
0.000000	2.115563	0.685730	15	154	28	0.023
1.570796	2.115563	0.685730	223	149	29	0.023
1.832596	2.115563	0.685730	5	149	24	0.023
2.879793	2.115563	0.685730	10	153	31	0.023
-3.141593	1.756530	-2.105156	18	41	4	0.023
-2.879793	1.756530	-2.105156	217	55	8	0.023
-2.094395	1.756530	-2.105156	9	46	223	0.023
-1.570796	1.756530	-2.105156	11	149	219	0.023
0.000000	1.756530	-2.105156	3	155	8	0.023
2.094395	1.756530	-2.105156	212	149	10	0.023
2.356194	1.756530	-2.105156	214	66	11	0.023
2.617994	1.756530	-2.105156	220	70	0	0.023
2.879793	1.756530	-2.105156	4	50	5	0.023
-3.141593	1.869911	2.701025	22	41	17	0.023
-2.356194	1.869911	2.701025	6	149	18	0.023
-2.094395	1.869911	2.701025	19	153	18	0.023
-1.570796	1.869911	2.701025	7	155	17	0.023
0.000000	1.869911	2.701025	214	153	22	0.023
0.785398	1.869911	2.701025	216	154	16	0.023
2.094395	1.869911	2.701025	223	69	22	0.023
2.356194	1.869911	2.701025	214	148	11	0.023
2.617994	1.869911	2.701025	222	167	17	0.023
-3.141593	0.458961	-0.107937	7	50	6	0.023
-2.879793	0.458961	-0.107937	3	41	10	0.023
-1.570796	0.458961	-0.107937	26	61	5	0.023
-0.785398	0.458961	-0.107937	14	61	12	0.023
0.261799	0.458961	-0.107937	217	153	14	0.023
1.047198	0.458961	-0.107937	219	155	15	0.023
1.570796	0.458961	-0.107937	217	149	4	0.023
2.094395	0.458961	-0.107937	205	146	9	0.023
2.356194	0.458961	-0.107937	201	147	1	0.023
-3.141593	1.599406	1.426070	1	149	31	0.023
-2.356194	1.599406	1.426070	19	65	8	0.023
-2.094395	1.599406	1.426070	7	154	23	0.023
-1.570796	1.599406	1.426070	8	76	23	0.023
-1.308997	1.599406	1.426070	9	150	14	0.023
-0.785398	1.599406	1.426070	8	154	34	0.023
0.523599	1.599406	1.426070	220	155	32	0.023
1.047198	1.599406	1.426070	215	154	29	0.023
1.832596	1.599406	1.426070	216	65	27	0.023
2.617994	1.599406	1.426070	1	40	25	0.023
2.879793	1.599406	1.426070	1	38	27	0.023
-3.141593	1.554776	0.100351	218	40	29	0.023
-2.356194	1.554776	0.100351	220	164	27	0.023
-1.308997	1.554776	0.100351	13	153	17	0.023
-0.785398	1.554776	0.100351	15	150	20	0.023
0.523599	1.554776	0.100351	219	155	26	0.023
1.832596	1.554776	0.100351	207	150	21	0.023
2.356194	1.554776	0.100351	210	148	19	0.023
2.617994	1.554776	0.100351	2	61	23	0.023
-1.832596	0.618092	2.539118	17	149	221	0.023
-1.570796	0.618092	2.539118	16	154	10	0.023
-1.308997	0.618092	2.539118	1	154	8	0.023
-1.047198	0.618092	2.539118	2	151	1	0.023
0.785398	0.618092	2.539118	223	40	7	0.023
1.308997	0.618092	2.539118	211	65	0	0.023
2.094395	0.618092	2.539118	221	67	217	0.023
2.356194	0.618092	2.539118	6	154	11	0.023
2.617994	0.618092	2.539118	17	147	6	0.023
-3.141593	1.846342	-1.796954	213	50	6	0.023
-2.617994	1.846342	-1.796954	1	46	10	0.023
-2.356194	1.846342	-1.796954	7	40	13	0.023
-2.094395	1.846342	-1.796954	10	49	4	0.023
-1.832596	1.846342	-1.796954	9	149	222	0.023
-1.570796	1.846342	-1.796954	16	49	5	0.023
-1.047198	1.846342	-1.796954	8	151	4	0.023
0.523599	1.846342	-1.796954	6	76	14	0.023
1.308997	1.846342	-1.796954	209	149	219	0.023
1.570796	1.846342	-1.796954	215	153	10	0.023
2.094395	1.846342	-1.796954	211	69	5	0.023
2.356194	1.846342	-1.796954	215	70	219	0.023
2.879793	1.846342	-1.796954	0	59	7	0.023
-3.141593	0.615174	-0.666022	210	56	222	0.023
-2.617994	0.615174	-0.666022	14	65	7	0.023
-2.094395	0.615174	-0.666022	211	41	2	0.023
-1.570796	0.615174	-0.666022	216	78	216	0.023
-1.308997	0.615174	-0.666022	6	66	218	0.023
-0.785398	0.615174	-0.666022	27	150	6	0.023
-0.523599	0.615174	-0.666022	18	65	7	0.023
1.570796	0.615174	-0.666022	10	155	1	0.023
2.617994	0.615174	-0.666022	216	153	5	0.023
2.879793	0.615174	-0.666022	203	50	10	0.023
-3.141593	2.393226	1.857173	13	149	23	0.023
-2.617994	2.393226	1.857173	22	65	15	0.023
-2.094395	2.393226	1.857173	6	150	31	0.023
-1.570796	2.393226	1.857173	213	149	24	0.023
0.000000	2.393226	1.857173	3	150	26	0.023
0.523599	2.393226	1.857173	212	55	18	0.023
0.785398	2.393226	1.857173	0	71	24	0.023
1.047198	2.393226	1.857173	223	66	20	0.023
1.308997	2.393226	1.857173	217	63	31	0.023
1.570796	2.393226	1.857173	10	38	34	0.023
2.094395	2.393226	1.857173	19	149	27	0.023
2.356194	2.393226	1.857173	3	40	27	0.023
2.617994	2.393226	1.857173	10	164	26	0.023
2.879793	2.393226	1.857173	11	71	33	0.023
-3.141593	1.569311	-3.003978	17	41	8	0.023
-2.879793	1.569311	-3.003978	217	71	5	0.023
-2.617994	1.569311	-3.003978	20	155	223	0.023
-2.356194	1.569311	-3.003978	16	153	6	0.023
-1.047198	1.569311	-3.003978	220	151	5	0.023
-0.523599	1.569311	-3.003978	211	154	10	0.023
0.000000	1.569311	-3.003978	4	154	10	0.023
0.261799	1.569311	-3.003978	218	149	11	0.023
1.570796	1.569311	-3.003978	210	66	219	0.023
1.832596	1.569311	-3.003978	1	154	4	0.023
2.094395	1.569311	-3.003978	3	66	5	0.023
2.356194	1.569311	-3.003978	213	69	2	0.023
2.617994	1.569311	-3.003978	14	40	14	0.023
2.879793	1.569311	-3.003978	13	41	9	0.023
-2.879793	0.419640	2.974122	25	150	10	0.023
-0.785398	0.419640	2.974122	204	148	1	0.023
-0.523599	0.419640	2.974122	211	150	9	0.023
0.000000	0.419640	2.974122	215	154	1	0.023
0.261799	0.419640	2.974122	211	71	1	0.023
0.523599	0.419640	2.974122	212	153	218	0.023
1.832596	0.419640	2.974122	218	153	217	0.023
2.094395	0.419640	2.974122	8	60	5	0.023
2.356194	0.419640	2.974122	15	146	1	0.023
2.617994	0.419640	2.974122	21	50	6	0.023
1.047198	1.134796	2.434290	211	148	11	0.023
1.308997	1.134796	2.434290	207	153	220	0.023
2.094395	1.134796	2.434290	0	149	15	0.023
2.356194	1.134796	2.434290	216	65	7	0.023
2.617994	1.134796	2.434290	219	69	4	0.023
-3.141593	1.574060	2.783565	18	59	10	0.023
-2.356194	1.574060	2.783565	19	153	12	0.023
-1.832596	1.574060	2.783565	15	151	16	0.023
-1.570796	1.574060	2.783565	15	154	3	0.023
-1.308997	1.574060	2.783565	2	154	13	0.023
-1.047198	1.574060	2.783565	4	155	6	0.023
0.523599	1.574060	2.783565	207	163	16	0.023
1.047198	1.574060	2.783565	214	155	213	0.023
2.356194	1.574060	2.783565	6	60	220	0.023
2.879793	1.574060	2.783565	19	39	20	0.023
-2.356194	2.587733	0.232235	223	146	26	0.023
-2.094395	2.587733	0.232235	213	148	16	0.023
-1.570796	2.587733	0.232235	222	81	23	0.023
-1.047198	2.587733	0.232235	4	147	34	0.023
0.000000	2.587733	0.232235	0	151	22	0.023
0.523599	2.587733	0.232235	221	151	25	0.023
1.570796	2.587733	0.232235	13	154	33	0.023
1.832596	2.587733	0.232235	223	153	32	0.023
2.094395	2.587733	0.232235	0	154	33	0.023
2.356194	2.587733	0.232235	13	153	27	0.023
-1.570796	1.413430	2.550734	12	155	219	0.023
-1.308997	1.413430	2.550734	4	152	16	0.023
-0.785398	1.413430	2.550734	9	154	12	0.023
0.785398	1.413430	2.550734	215	149	8	0.023
1.047198	1.413430	2.550734	220	147	10	0.023
1.308997	1.413430	2.550734	209	65	13	0.023
2.094395	1.413430	2.550734	215	64	9	0.023
2.356194	1.413430	2.550734	10	75	6	0.023
2.617994	1.413430	2.550734	6	51	14	0.023
-3.141593	1.417623	-0.202254	218	55	15	0.023
-1.832596	1.417623	-0.202254	11	69	5	0.023
-1.308997	1.417623	-0.202254	12	147	20	0.023
-0.785398	1.417623	-0.202254	10	154	23	0.023
0.785398	1.417623	-0.202254	2	74	16	0.023
1.047198	1.417623	-0.202254	1	153	17	0.023
1.570796	1.417623	-0.202254	214	155	20	0.023
1.832596	1.417623	-0.202254	209	155	19	0.023
2.617994	1.417623	-0.202254	209	80	10	0.023
2.879793	1.417623	-0.202254	209	150	16	0.023
-3.141593	0.850607	-1.335383	212	150	216	0.023
-2.879793	0.850607	-1.335383	1	149	0	0.023
-2.356194	0.850607	-1.335383	6	66	2	0.023
-2.094395	0.850607	-1.335383	6	149	217	0.023
-1.832596	0.850607	-1.335383	2	55	1	0.023
-1.570796	0.850607	-1.335383	9	49	2	0.023
-1.308997	0.850607	-1.335383	13	50	0	0.023
-1.047198	0.850607	-1.335383	13	146	220	0.023
-0.785398	0.850607	-1.335383	17	56	2	0.023
-0.523599	0.850607	-1.335383	6	148	5	0.023
0.000000	0.850607	-1.335383	9	149	12	0.023
0.523599	0.850607	-1.335383	3	147	5	0.023
1.308997	0.850607	-1.335383	220	150	7	0.023
1.570796	0.850607	-1.335383	220	153	10	0.023
2.094395	0.850607	-1.335383	218	155	6	0.023
2.356194	0.850607	-1.335383	215	147	0	0.023
2.617994	0.850607	-1.335383	223	153	2	0.023
2.879793	0.850607	-1.335383	210	154	219	0.023
-2.879793	0.370812	-2.547742	21	149	5	0.023
-2.617994	0.370812	-2.547742	211	149	220	0.023
-1.047198	0.370812	-2.547742	218	150	4	0.023
-0.523599	0.370812	-2.547742	220	50	2	0.023
0.000000	0.370812	-2.547742	214	70	220	0.023
0.523599	0.370812	-2.547742	7	150	8	0.023
0.785398	0.370812	-2.547742	215	149	1	0.023
1.570796	0.370812	-2.547742	6	150	1	0.023
1.832596	0.370812	-2.547742	223	59	2	0.023
2.094395	0.370812	-2.547742	213	148	219	0.023
2.356194	0.370812	-2.547742	11	73	219	0.023
2.617994	0.370812	-2.547742	20	149	2	0.023
0.523599	0.640596	-2.797608	212	153	219	0.023
1.047198	0.640596	-2.797608	5	149	2	0.023
1.308997	0.640596	-2.797608	3	152	6	0.023
2.617994	0.640596	-2.797608	25	53	4	0.023
2.879793	0.640596	-2.797608	10	146	2	0.023
-2.879793	2.979456	-1.009304	214	79	21	0.023
-1.570796	2.979456	-1.009304	20	158	21	0.023
-1.308997	2.979456	-1.009304	21	53	29	0.023
1.047198	2.979456	-1.009304	3	150	25	0.023
1.570796	2.979456	-1.009304	223	153	28	0.023
2.094395	2.979456	-1.009304	221	149	30	0.023
-3.141593	0.831641	0.616218	223	57	12	0.023
-2.879793	0.831641	0.616218	209	34	16	0.023
-2.094395	0.831641	0.616218	18	79	14	0.023
-1.570796	0.831641	0.616218	18	149	10	0.023
-1.308997	0.831641	0.616218	24	149	16	0.023
-1.047198	0.831641	0.616218	11	150	17	0.023
-0.523599	0.831641	0.616218	27	155	17	0.023
0.000000	0.831641	0.616218	19	153	15	0.023
0.261799	0.831641	0.616218	2	155	18	0.023
0.523599	0.831641	0.616218	218	155	19	0.023
2.094395	0.831641	0.616218	212	149	13	0.023
2.356194	0.831641	0.616218	217	65	9	0.023
2.879793	0.831641	0.616218	2	40	14	0.023
-3.141593	2.343981	-1.040456	210	49	19	0.023
-2.617994	2.343981	-1.040456	6	50	22	0.023
-2.356194	2.343981	-1.040456	223	71	18	0.023
-2.094395	2.343981	-1.040456	223	69	23	0.023
-1.047198	2.343981	-1.040456	20	66	14	0.023
-0.523599	2.343981	-1.040456	13	153	18	0.023
2.356194	2.343981	-1.040456	218	154	15	0.023
2.617994	2.343981	-1.040456	207	149	17	0.023
2.879793	2.343981	-1.040456	212	69	11	0.023
-3.141593	1.998705	2.370472	18	40	25	0.023
-2.879793	1.998705	2.370472	23	154	21	0.023
-2.617994	1.998705	2.370472	11	172	23	0.023
-1.570796	1.998705	2.370472	5	153	26	0.023
-0.785398	1.998705	2.370472	221	150	28	0.023
-0.523599	1.998705	2.370472	217	155	25	0.023
-0.261799	1.998705	2.370472	221	153	10	0.023
0.261799	1.998705	2.370472	218	154	21	0.023
0.785398	1.998705	2.370472	216	149	10	0.023
1.047198	1.998705	2.370472	215	70	21	0.023
1.570796	1.998705	2.370472	207	150	223	0.023
1.832596	1.998705	2.370472	1	61	21	0.023
2.356194	1.998705	2.370472	6	40	29	0.023
2.617994	1.998705	2.370472	8	51	24	0.023
-3.141593	1.413347	-1.339188	223	69	5	0.023
-2.356194	1.413347	-1.339188	217	71	3	0.023
-2.094395	1.413347	-1.339188	6	46	4	0.023
-1.832596	1.413347	-1.339188	7	38	215	0.023
-1.570796	1.413347	-1.339188	15	69	3	0.023
-1.308997	1.413347	-1.339188	7	149	5	0.023
-1.047198	1.413347	-1.339188	8	151	13	0.023
-0.785398	1.413347	-1.339188	7	59	9	0.023
0.000000	1.413347	-1.339188	13	149	5	0.023
0.261799	1.413347	-1.339188	222	147	10	0.023
0.523599	1.413347	-1.339188	9	74	5	0.023
0.785398	1.413347	-1.339188	1	155	10	0.023
2.094395	1.413347	-1.339188	216	149	0	0.023
-3.141593	0.674054	1.013609	212	64	16	0.023
-2.617994	0.674054	1.013609	5	65	17	0.023
-2.356194	0.674054	1.013609	25	50	14	0.023
-1.570796	0.674054	1.013609	15	154	15	0.023
0.261799	0.674054	1.013609	6	155	20	0.023
0.785398	0.674054	1.013609	214	154	17	0.023
1.832596	0.674054	1.013609	203	149	22	0.023
2.094395	0.674054	1.013609	216	60	220	0.023
2.617994	0.674054	1.013609	0	40	14	0.023
