160	1.2	1
-2.356194	0.458961	-0.107937
2.380392	2.500101	-0.120466
lig.job475349.bl.pdb	22.559	-18.959	8.954
rec.job475349.bl.pdb	6.136	-5.688	1.763
-1.047198	1.335669	0.897240	123	14	155	1429.316
-1.047198	1.391910	3.030322	151	147	10	1425.068
1.832596	1.417623	-0.202254	150	149	152	1379.363
-2.356194	2.979456	-1.009304	138	15	141	1326.676
-0.785398	0.850607	-1.335383	13	20	13	1314.964
2.879793	1.134796	2.434290	11	149	152	1310.378
1.047198	1.904882	-1.478089	40	157	7	1298.850
-1.570796	2.588535	-2.976617	133	153	8	1293.457
-0.261799	2.579248	-2.364801	144	146	11	1293.338
-1.047198	1.658653	-2.409879	148	155	17	1288.188
-2.094395	1.569311	-3.003978	138	151	13	1282.203
2.356194	1.766067	2.153843	131	23	150	1276.019
2.356194	1.135834	-1.431087	33	7	15	1274.740
-2.356194	0.619654	-2.216909	153	152	10	1271.520
2.094395	1.025536	1.576859	148	155	144	1266.651
-2.879793	1.134497	-1.109631	28	145	7	1254.992
1.308997	1.417623	-0.202254	141	146	151	1252.929
1.047198	1.448123	-2.163292	18	1	21	1246.879
-1.308997	2.356369	3.005869	152	153	146	1246.473
-1.047198	0.379747	-1.713059	17	158	19	1238.626
-2.879793	1.488617	1.159546	121	14	142	1237.963
2.617994	1.433411	-1.035986	36	156	9	1234.397
2.356194	2.104282	-0.813972	34	154	6	1229.766
-0.785398	1.812176	0.656819	123	9	154	1229.718
-0.523599	2.719179	-1.780644	25	138	1	1224.601
2.879793	2.393226	1.857173	119	5	139	1221.997
2.356194	1.909857	-0.381669	30	145	4	1221.463
0.785398	2.153910	-1.714959	19	152	14	1220.453
-0.261799	1.310100	1.488307	130	158	143	1216.965
1.570796	2.393226	1.857173	135	28	149	1215.289
-1.832596	2.760637	2.781135	135	150	3	1214.488
-1.832596	0.640596	-2.797608	153	152	12	1214.199
-0.785398	2.349581	-2.702517	141	148	12	1212.951
-1.832596	1.025536	1.576859	133	9	144	1210.312
-1.047198	2.251330	-2.330739	150	148	151	1205.266
-0.261799	1.555207	1.708892	136	158	140	1195.506
1.570796	1.417623	-0.202254	145	146	151	1190.584
1.308997	1.113094	-0.272241	143	144	156	1190.511
-1.832596	0.619654	-2.216909	32	158	19	1189.391
-1.832596	1.310100	1.488307	134	9	143	1185.728
0.785398	1.135813	-2.658866	36	129	9	1183.566
-1.308997	2.881233	-2.582574	25	141	1	1183.528
0.261799	1.247695	1.809890	144	149	142	1183.218
-1.832596	0.418037	1.360082	128	8	150	1177.598
0.785398	2.456751	-1.503343	37	147	3	1175.460
-1.308997	0.674054	1.013609	132	7	146	1175.118
1.832596	0.615174	-0.666022	151	142	159	1172.916
-1.832596	1.014500	0.906702	137	24	0	1171.812
-0.523599	2.041297	-2.664597	39	146	154	1170.578
-0.785398	2.456751	-1.503343	130	159	8	1170.041
0.523599	2.455966	-0.641220	20	140	4	1167.112
0.523599	0.831641	0.616218	0	145	2	1166.852
-1.832596	0.899350	-2.069907	30	2	19	1162.234
2.617994	1.134796	2.434290	132	6	144	1162.081
0.261799	2.984978	1.954446	141	149	129	1161.531
-0.261799	0.685216	-1.712745	33	13	9	1160.118
-0.261799	1.025536	1.576859	132	154	144	1159.859
2.094395	1.417623	-0.202254	153	150	152	1158.602
-0.261799	1.168678	2.108595	142	154	142	1157.686
-1.570796	0.619654	-2.216909	31	2	19	1157.532
-1.308997	1.721184	-0.153948	135	19	135	1157.000
-2.617994	0.850607	-1.335383	28	143	5	1156.738
1.308997	1.195355	1.200319	26	1	138	1156.601
2.617994	1.766067	2.153843	127	20	150	1153.042
0.000000	1.310100	1.488307	131	158	143	1150.863
-1.832596	0.866395	-2.492918	30	154	21	1149.581
2.356194	2.073035	2.027405	130	23	148	1148.804
2.617994	0.914445	2.687814	129	5	147	1143.817
0.785398	2.393226	1.857173	130	5	143	1143.767
-1.832596	1.214854	-1.966664	27	10	20	1143.052
2.356194	1.721184	-0.153948	39	146	0	1142.653
-2.356194	1.195355	1.200319	137	25	157	1142.137
-0.523599	2.579248	-2.364801	34	145	2	1140.222
-1.047198	2.588535	-2.976617	141	146	7	1139.906
-1.047198	1.662363	0.915448	126	15	152	1138.160
-0.523599	2.153910	-1.714959	17	135	3	1137.355
2.094395	0.960688	-0.577532	155	148	158	1136.891
0.000000	2.153910	-1.714959	29	134	1	1135.132
-2.617994	0.762244	-0.273349	7	35	5	1134.352
-1.308997	1.510910	-0.740472	15	16	9	1133.861
0.523599	1.998705	2.370472	52	153	150	1133.816
2.879793	0.899350	-2.069907	37	150	19	1133.768
-3.141593	1.134497	-1.109631	24	143	6	1133.692
2.879793	0.618092	2.539118	130	4	146	1133.400
-1.047198	1.247695	1.809890	131	154	142	1133.243
1.308997	0.458961	-0.107937	39	128	153	1132.994
-0.785398	0.685216	-1.712745	18	0	18	1131.911
-2.879793	0.864993	2.278281	121	8	150	1131.896
2.879793	0.850607	-1.335383	0	149	8	1131.020
-3.141593	1.824694	1.850876	122	16	146	1130.961
0.261799	1.766067	2.153843	52	148	147	1130.423
2.094395	1.809167	1.213774	156	10	135	1129.551
0.000000	2.396274	-1.959260	141	149	14	1128.843
1.308997	1.836682	-0.676006	138	143	159	1128.378
2.356194	1.218453	2.777284	127	2	146	1127.783
-1.832596	1.569311	-3.003978	141	149	13	1127.289
0.000000	1.045978	0.343692	120	1	0	1126.368
-0.523599	1.247695	1.809890	135	157	141	1125.721
0.261799	2.396274	-1.959260	144	147	13	1124.846
1.047198	0.960688	-0.577532	46	139	6	1124.226
2.356194	0.850607	-1.335383	43	146	12	1123.727
2.094395	1.310100	1.488307	147	154	144	1123.027
-2.617994	0.571433	-1.188419	36	158	15	1122.232
0.523599	1.809167	1.213774	131	154	141	1121.699
-2.617994	0.379747	-1.713059	40	145	13	1120.017
-2.356194	1.025536	1.576859	5	153	142	1119.703
-2.094395	1.870545	-2.976234	134	153	13	1119.633
-1.308997	2.588535	-2.976617	136	149	8	1119.293
0.523599	1.374601	-2.456031	32	126	3	1118.639
-2.617994	1.766067	2.153843	3	149	148	1118.152
0.785398	1.846342	-1.796954	37	128	151	1118.104
0.523599	1.135813	-2.658866	31	128	9	1116.818
-1.308997	2.760637	2.781135	156	155	141	1115.759
-3.141593	1.766067	2.153843	132	4	139	1113.373
-2.356194	1.824694	1.850876	108	6	152	1113.001
-1.047198	2.041297	-2.664597	150	149	149	1112.672
-1.570796	0.674054	1.013609	132	11	147	1112.197
2.356194	1.732874	-0.951685	34	154	8	1110.280
2.879793	2.881233	-2.582574	146	34	2	1109.870
0.785398	2.455966	-0.641220	23	137	1	1109.869
-0.261799	2.719179	-1.780644	28	140	2	1109.683
-0.785398	2.033014	2.977192	39	151	145	1108.946
0.000000	1.846342	-1.796954	11	159	18	1107.234
1.308997	1.617114	-1.572037	38	136	8	1106.899
-2.094395	1.195355	1.200319	134	23	157	1106.601
2.094395	2.104282	-0.813972	28	148	8	1105.419
-1.047198	1.721184	-0.153948	132	19	135	1104.390
0.523599	0.992645	-1.723759	34	127	6	1103.991
2.617994	1.506530	1.988858	129	20	147	1103.791
1.570796	1.113094	-0.272241	147	146	155	1102.770
-1.832596	0.591903	2.010408	122	0	150	1102.517
0.523599	1.766067	2.153843	52	153	147	1102.307
-1.047198	1.014500	0.906702	118	8	154	1099.577
-2.617994	2.174483	2.653697	1	153	150	1098.457
-0.523599	1.504028	0.636812	122	8	154	1097.982
-1.308997	1.658653	-2.409879	142	157	17	1097.936
1.832596	1.870545	-2.976234	133	24	158	1097.509
-0.523599	1.555207	1.708892	12	151	142	1096.612
1.308997	2.153910	-1.714959	27	150	15	1095.636
-0.785398	2.579248	-2.364801	134	151	10	1095.601
-2.094395	0.379747	-1.713059	36	154	16	1095.591
1.570796	2.033014	2.977192	132	21	157	1094.471
-1.570796	1.504028	0.636812	118	3	138	1094.109
-2.356194	0.866955	-0.931351	12	31	8	1094.035
-1.832596	1.870545	-2.976234	136	151	12	1094.026
-1.570796	2.587733	0.232235	139	25	9	1092.927
0.000000	0.496451	0.593859	124	2	151	1092.706
-2.617994	1.256302	0.062705	138	34	4	1092.153
2.094395	1.113094	-0.272241	155	151	155	1092.086
1.308997	1.391910	3.030322	20	31	15	1091.361
1.308997	1.554776	0.100351	152	154	10	1090.969
-2.356194	0.615174	-0.666022	7	34	9	1089.635
-2.094395	0.992645	-1.723759	30	5	18	1089.095
-2.356194	0.960688	-0.577532	10	33	3	1089.019
1.832596	1.904882	-1.478089	31	13	9	1087.628
-3.141593	0.866955	-0.931351	28	141	3	1087.239
0.000000	0.899350	-2.069907	36	9	7	1087.195
0.261799	1.756530	-2.105156	35	136	4	1087.019
-2.617994	1.310100	1.488307	131	23	154	1086.947
0.523599	2.664082	-1.071402	27	140	3	1086.194
-1.570796	1.846342	-1.796954	11	28	17	1086.142
2.879793	2.704512	1.488683	5	153	140	1086.070
-2.879793	0.992645	-1.723759	154	156	13	1085.516
-3.141593	2.704512	1.488683	3	2	137	1085.089
-0.523599	1.218453	2.777284	146	151	23	1083.387
-1.832596	2.637879	2.121598	118	3	135	1082.667
-3.141593	2.637879	2.121598	5	154	143	1082.387
-1.047198	2.579248	-2.364801	25	138	0	1082.308
2.879793	1.168678	2.108595	135	1	142	1082.148
-2.617994	1.025536	1.576859	129	24	158	1082.115
-2.617994	1.658653	-2.409879	10	144	159	1081.496
2.879793	1.909857	-0.381669	37	154	3	1079.803
-2.094395	1.812176	0.656819	128	11	137	1078.741
-2.094395	0.080730	-2.622036	155	147	3	1078.594
-3.141593	0.591903	2.010408	155	27	0	1077.814
-2.617994	0.899350	-2.069907	13	143	6	1077.255
-2.617994	2.187132	-0.479875	150	31	0	1075.297
-2.879793	1.824694	1.850876	120	13	146	1074.967
1.832596	1.982574	-1.115518	27	148	11	1074.865
-1.570796	2.356369	3.005869	141	147	10	1074.758
-2.356194	0.571433	-1.188419	34	0	15	1074.495
2.879793	0.910508	1.903534	129	20	152	1074.198
0.785398	1.741644	-2.695914	24	25	153	1073.844
1.047198	1.569311	-3.003978	24	24	19	1073.767
-1.308997	2.404280	-0.174044	123	153	132	1072.816
-2.879793	1.194549	-0.801900	33	147	4	1072.364
-2.356194	1.310100	1.488307	8	152	139	1072.283
2.879793	1.555207	1.708892	147	38	17	1072.175
-1.832596	0.370812	-2.547742	39	142	14	1071.807
1.832596	1.413430	2.550734	13	35	7	1071.690
-0.261799	0.850607	-1.335383	15	129	10	1071.290
0.523599	2.719179	-1.780644	38	147	0	1070.665
-2.094395	0.700570	1.559208	132	13	147	1070.109
2.879793	1.247695	1.809890	0	31	149	1069.743
1.308997	1.721184	-0.153948	139	146	149	1069.427
0.785398	1.617114	-1.572037	13	154	17	1069.139
-1.570796	0.370812	-2.547742	40	146	14	1068.723
2.617994	1.135834	-1.431087	34	9	15	1068.006
-0.261799	1.658653	-2.409879	133	146	8	1067.872
2.094395	1.391910	3.030322	150	31	16	1067.706
2.356194	2.299159	2.264663	131	24	150	1067.449
0.523599	1.448123	-2.163292	31	124	157	1067.381
-2.356194	1.374601	-2.456031	10	142	159	1067.372
2.356194	1.998705	2.370472	132	25	154	1067.101
1.047198	1.242974	-2.977882	18	28	18	1066.699
-1.570796	1.617114	-1.572037	155	4	19	1066.221
-2.356194	2.724429	-0.348782	24	23	0	1065.143
0.261799	2.664082	-1.071402	23	139	1	1064.923
0.261799	0.961715	0.014085	158	138	156	1064.235
-1.570796	0.419640	2.974122	153	147	6	1064.008
-2.617994	1.599406	1.426070	116	14	148	1062.532
0.261799	2.001437	0.381215	119	153	3	1061.995
-3.141593	0.379747	-1.713059	153	147	6	1061.723
-0.785398	1.662363	0.915448	123	10	152	1061.139
2.094395	2.063651	-2.044600	144	24	15	1060.651
-1.308997	1.374601	-2.456031	152	156	18	1060.318
0.785398	1.545873	-1.877082	16	157	19	1059.478
2.617994	2.073035	2.027405	128	19	146	1059.374
-1.832596	0.762244	-0.273349	11	32	1	1059.133
-0.785398	1.310100	1.488307	131	5	143	1058.698
0.785398	1.448123	-2.163292	18	1	21	1058.461
2.617994	1.413430	2.550734	129	4	144	1058.114
-1.047198	1.256302	0.062705	114	3	143	1057.886
-1.570796	1.812176	0.656819	148	18	141	1057.487
-2.617994	1.168678	2.108595	120	10	151	1057.266
-1.308997	2.115563	0.685730	126	156	134	1057.247
-1.570796	2.724429	-0.348782	131	17	142	1057.166
-2.879793	1.555207	1.708892	146	0	141	1057.145
-1.570796	0.866955	-0.931351	20	15	13	1057.000
1.832596	1.134796	2.434290	12	35	5	1056.518
1.832596	2.299159	2.264663	149	35	158	1055.921
-0.785398	2.760637	2.781135	43	154	146	1054.526
0.523599	2.396274	-1.959260	40	153	1	1053.873
-0.523599	2.592629	0.909713	133	8	136	1052.912
-2.356194	1.488617	1.159546	20	24	148	1051.962
-1.047198	0.906588	1.252948	159	140	153	1051.775
2.879793	2.396274	-1.959260	156	29	158	1050.858
-1.308997	1.766067	2.153843	154	138	151	1050.847
0.261799	1.599406	1.426070	133	150	141	1050.632
-0.785398	2.592629	0.909713	155	23	145	1050.234
1.047198	1.413347	-1.339188	21	129	7	1049.542
-0.785398	1.335669	0.897240	149	19	151	1049.262
2.094395	2.089241	-0.114193	38	142	157	1048.799
-2.094395	2.979456	-1.009304	135	16	140	1048.703
-0.523599	0.831641	0.616218	117	3	0	1048.520
-2.617994	2.407836	1.410646	124	28	149	1047.779
1.047198	0.203748	0.590255	149	142	156	1047.513
-1.047198	0.866395	-2.492918	33	135	154	1047.223
-2.094395	1.977582	0.969896	134	2	131	1047.206
-1.308997	1.335669	0.897240	122	16	156	1046.605
-1.832596	1.504028	0.636812	118	4	138	1046.235
1.832596	1.869911	2.701025	145	15	144	1044.949
2.617994	1.440580	2.260026	128	20	152	1044.809
1.832596	1.301460	-0.509251	150	147	157	1044.625
0.261799	1.134497	-1.109631	145	135	155	1044.381
-1.308997	2.089241	-0.114193	153	33	155	1044.373
-2.094395	1.488617	1.159546	118	149	138	1043.768
1.047198	0.864993	2.278281	49	0	156	1042.282
0.523599	2.153910	-1.714959	16	152	15	1041.194
-0.785398	0.910508	1.903534	132	154	144	1040.932
1.308997	1.904882	-1.478089	43	0	7	1040.830
1.832596	2.393226	1.857173	132	26	148	1040.668
-1.308997	0.370812	-2.547742	43	4	15	1040.467
2.879793	0.685216	-1.712745	35	150	18	1040.389
-0.523599	1.310100	1.488307	129	2	143	1040.210
2.617994	1.732874	-0.951685	37	157	7	1039.795
-1.570796	2.478122	2.609777	151	152	145	1039.553
1.047198	1.050534	3.042579	19	33	13	1039.386
-3.141593	2.719179	-1.780644	138	17	139	1038.697
0.261799	2.343981	-1.040456	21	139	5	1038.110
-2.356194	1.732874	-0.951685	32	13	8	1037.371
-2.617994	1.809167	1.213774	125	22	147	1037.126
-1.308997	2.587733	0.232235	132	11	137	1036.372
-1.047198	1.128190	-2.288622	35	135	155	1036.142
2.879793	1.766067	2.153843	133	7	139	1035.954
-0.261799	0.831641	0.616218	119	5	157	1035.950
-0.785398	2.041297	-2.664597	40	150	157	1035.678
2.617994	0.290380	-0.796960	24	139	8	1035.358
-2.617994	1.869911	2.701025	7	145	153	1035.164
1.308997	0.370812	-2.547742	16	22	14	1034.443
-2.879793	2.984978	1.954446	25	139	158	1034.404
1.047198	1.391910	3.030322	48	5	6	1033.817
-0.785398	1.184361	0.625864	136	9	141	1033.534
0.261799	1.555207	1.708892	141	151	139	1033.273
1.308997	1.569311	-3.003978	146	23	4	1033.150
0.523599	1.310100	1.488307	139	150	142	1033.026
-1.832596	0.080730	-2.622036	41	140	10	1032.939
1.308997	1.413347	-1.339188	26	129	7	1032.836
-1.570796	2.247462	0.191623	139	25	13	1032.728
0.785398	1.242974	-2.977882	22	27	18	1032.034
-1.570796	2.001437	0.381215	126	10	138	1031.716
-2.617994	1.506530	1.988858	4	151	146	1030.915
-2.356194	1.113094	-0.272241	9	33	0	1030.838
0.261799	1.699788	2.452890	51	147	153	1030.691
0.000000	1.599406	1.426070	128	154	142	1030.451
-1.570796	2.637879	2.121598	1	146	141	1029.992
0.261799	1.662363	0.915448	19	156	134	1029.923
0.523599	2.456751	-1.503343	140	146	8	1029.770
2.617994	1.870545	-2.976234	128	22	3	1028.482
-2.094395	2.637879	2.121598	142	142	158	1027.969
-2.617994	2.979456	-1.009304	140	155	127	1026.728
2.094395	2.108018	1.311430	9	3	140	1026.501
0.261799	1.310100	1.488307	133	155	142	1024.927
0.261799	0.615174	-0.666022	128	16	12	1024.258
1.832596	1.113094	-0.272241	156	149	156	1024.141
0.523599	0.370812	-2.547742	37	17	6	1023.621
-1.308997	0.906588	1.252948	136	10	145	1023.574
1.047198	0.961715	0.014085	50	140	1	1022.924
-1.832596	2.299159	2.264663	110	7	145	1022.818
-1.047198	2.760637	2.781135	40	151	151	1022.113
-2.356194	0.591903	2.010408	123	4	150	1022.110
1.570796	2.001437	0.381215	158	156	134	1022.064
-1.832596	0.700570	1.559208	132	9	145	1022.022
2.879793	2.138223	1.678323	122	6	136	1021.583
-1.832596	2.356369	3.005869	133	147	6	1021.551
0.523599	2.108018	1.311430	121	1	151	1021.161
-2.356194	0.992645	-1.723759	32	4	18	1020.846
0.785398	1.128190	-2.288622	37	127	5	1020.500
-3.141593	0.615174	-0.666022	34	146	8	1020.004
2.617994	2.456751	-1.503343	159	27	13	1019.682
1.308997	2.138223	1.678323	124	150	145	1019.631
-0.523599	2.164094	-2.991358	143	143	11	1019.542
1.047198	2.180315	-1.357379	38	146	4	1019.523
-1.047198	2.396274	-1.959260	10	138	158	1019.521
1.308997	1.218453	2.777284	20	35	11	1019.378
0.261799	0.709924	0.218797	120	3	158	1019.116
-2.879793	1.836682	-0.676006	30	29	159	1017.812
-2.356194	0.762244	-0.273349	12	31	6	1017.703
1.832596	1.606104	-0.451151	45	140	152	1017.689
-2.356194	1.977582	0.969896	133	2	131	1017.572
0.523599	1.301460	-0.509251	156	137	149	1017.436
2.094395	0.080730	-2.622036	126	19	18	1017.360
-2.356194	0.700570	1.559208	130	16	150	1017.133
1.047198	2.063651	-2.044600	0	22	14	1016.781
-2.617994	0.685216	-1.712745	32	2	18	1016.621
-1.570796	2.404280	-0.174044	122	154	131	1016.349
-1.047198	0.290380	-0.796960	16	24	11	1016.098
2.094395	2.863997	0.549740	135	148	156	1016.023
0.000000	2.881233	-2.582574	42	150	151	1015.892
-0.523599	1.812176	0.656819	128	156	133	1015.605
-1.570796	1.128190	-2.288622	25	140	5	1015.319
1.570796	1.606104	-0.451151	43	136	151	1014.966
2.356194	0.571433	-1.188419	38	147	14	1014.839
1.570796	1.335669	0.897240	21	158	135	1014.018
2.094395	0.290380	-0.796960	150	143	0	1013.917
1.832596	0.960688	-0.577532	42	129	154	1013.492
-2.879793	1.617114	-1.572037	32	8	14	1013.051
-2.094395	1.699788	2.452890	5	143	151	1012.738
1.570796	2.664082	-1.071402	39	156	6	1012.736
1.047198	2.379497	0.561089	124	151	6	1012.732
-2.356194	1.574060	2.783565	157	157	141	1012.614
1.308997	2.664082	-1.071402	40	146	158	1012.376
-2.879793	0.866955	-0.931351	32	148	10	1012.306
-2.617994	0.203748	0.590255	0	21	19	1011.637
0.261799	2.153910	-1.714959	36	140	3	1011.379
-2.094395	2.478122	2.609777	134	147	3	1011.375
1.570796	1.721184	-0.153948	143	148	150	1011.244
-3.141593	2.393226	1.857173	117	1	139	1010.885
2.879793	0.864993	2.278281	11	150	149	1010.544
-1.308997	0.080730	-2.622036	47	4	12	1010.484
-0.523599	1.870545	-2.976234	41	149	144	1009.795
0.000000	1.025536	1.576859	3	148	148	1009.435
0.261799	1.846342	-1.796954	13	156	18	1009.415
2.094395	1.184361	0.625864	44	145	144	1009.119
0.000000	2.295480	1.008277	17	140	142	1008.651
1.047198	2.108018	1.311430	10	9	135	1008.645
-1.308997	1.998705	2.370472	134	135	152	1008.552
1.570796	1.218453	2.777284	16	33	11	1008.529
1.570796	0.899350	-2.069907	31	143	19	1008.528
-1.047198	1.554776	0.100351	132	14	131	1008.417
0.523599	1.699788	2.452890	52	153	154	1008.326
1.832596	1.569311	-3.003978	134	23	159	1008.270
0.261799	1.488617	1.159546	25	154	136	1008.203
-0.785398	0.674054	1.013609	121	8	153	1007.514
-1.832596	2.404280	-0.174044	138	25	11	1007.443
-1.047198	1.488617	1.159546	147	17	147	1007.315
0.000000	1.510910	-0.740472	154	143	4	1005.939
-2.356194	0.379747	-1.713059	42	149	13	1005.842
-0.523599	0.709924	0.218797	116	3	3	1005.590
0.785398	0.831641	0.616218	46	138	5	1005.571
0.261799	1.135813	-2.658866	26	128	9	1005.512
-2.879793	1.025536	1.576859	131	28	158	1005.135
-2.879793	1.510910	-0.740472	35	7	8	1005.085
-0.261799	0.700570	1.559208	132	152	145	1004.804
0.000000	1.214854	-1.966664	35	12	4	1004.606
0.523599	1.045978	0.343692	4	145	0	1004.580
0.000000	0.850607	-1.335383	20	128	10	1004.094
2.617994	1.836682	-0.676006	36	151	6	1003.991
-2.879793	1.545873	-1.877082	138	38	6	1003.663
0.000000	2.664082	-1.071402	19	138	1	1003.325
2.617994	0.992645	-1.723759	40	149	16	1003.188
2.094395	1.736875	3.023612	153	32	14	1003.162
-1.308997	1.554776	0.100351	143	24	15	1003.145
-1.308997	2.001437	0.381215	125	9	138	1003.129
0.261799	1.194549	-0.801900	152	136	155	1003.017
0.523599	1.904882	-1.478089	20	130	6	1002.688
1.832596	2.407836	1.410646	142	8	133	1002.675
0.261799	0.899350	-2.069907	15	6	20	1002.630
1.832596	1.391910	3.030322	133	20	154	1002.246
2.879793	1.836682	-0.676006	36	156	6	1002.100
-2.879793	2.760637	2.781135	115	5	143	1002.066
1.308997	1.045978	0.343692	52	147	0	1002.016
-0.261799	1.662363	0.915448	121	157	147	1002.004
-2.879793	1.310100	1.488307	132	26	154	1001.266
-2.617994	2.719179	-1.780644	122	20	159	1000.931
-2.879793	1.135834	-1.431087	20	145	9	1000.797
0.523599	1.194549	-0.801900	153	137	155	1000.500
1.308997	1.247695	1.809890	128	155	146	1000.005
-2.617994	0.591903	2.010408	10	145	147	999.764
2.617994	1.218453	2.777284	126	5	148	999.023
1.832596	2.343981	-1.040456	27	152	10	998.744
2.617994	1.247695	1.809890	146	2	141	998.366
1.047198	2.187132	-0.479875	25	137	1	998.269
-1.832596	2.588535	-2.976617	121	12	134	998.150
-0.261799	2.407836	1.410646	154	19	144	997.934
-2.094395	1.025536	1.576859	134	12	144	997.787
2.094395	1.732874	-0.951685	28	151	12	997.464
-1.832596	1.545873	-1.877082	26	143	4	996.918
-1.570796	0.418037	1.360082	126	6	149	996.556
0.000000	2.251330	-2.330739	27	130	5	996.446
2.094395	0.379747	-1.713059	22	135	15	996.181
-0.785398	1.135834	-1.431087	12	18	17	996.161
-1.570796	1.662363	0.915448	120	157	136	995.762
0.261799	0.910508	1.903534	145	148	145	995.682
-0.261799	2.396274	-1.959260	137	151	14	995.484
2.356194	1.025536	1.576859	150	1	144	995.191
-2.617994	2.404280	-0.174044	34	18	0	995.013
1.308997	0.866955	-0.931351	46	141	8	994.814
-2.617994	2.456751	-1.503343	129	26	8	994.779
2.094395	1.721184	-0.153948	38	143	159	994.615
2.879793	0.960688	-0.577532	31	141	1	994.577
2.356194	1.310100	1.488307	147	156	143	994.546
-1.832596	0.290380	-0.796960	43	5	156	994.491
-2.879793	1.214854	-1.966664	139	39	12	994.453
-2.356194	2.393226	1.857173	117	8	138	994.404
-2.879793	0.203748	0.590255	40	11	152	994.229
-2.356194	2.863997	0.549740	39	13	154	994.188
-2.094395	2.456751	-1.503343	15	39	5	993.996
-2.094395	0.866955	-0.931351	12	31	7	993.779
-0.523599	2.396274	-1.959260	24	135	159	993.485
1.570796	1.506530	1.988858	133	159	144	993.282
-2.356194	0.899350	-2.069907	17	141	6	993.212
0.261799	1.448123	-2.163292	35	15	0	993.139
-3.141593	1.617114	-1.572037	33	5	16	992.783
2.617994	1.606104	-0.451151	39	149	3	992.647
0.000000	0.831641	0.616218	118	2	157	992.385
-1.832596	2.455966	-0.641220	125	159	129	992.339
-2.094395	0.899350	-2.069907	30	158	20	992.250
1.832596	1.696674	-1.253233	30	12	10	992.227
-2.356194	2.295480	1.008277	113	9	141	991.931
-2.617994	1.510910	-0.740472	26	30	3	991.866
0.523599	2.063651	-2.044600	30	131	8	991.638
-2.356194	1.812176	0.656819	120	12	140	991.551
-0.785398	2.251330	-2.330739	144	147	152	991.113
-0.261799	0.571433	-1.188419	155	22	17	991.021
-1.570796	2.407836	1.410646	142	155	133	990.922
-1.308997	2.863997	0.549740	131	152	129	990.582
2.879793	1.904882	-1.478089	32	23	10	990.422
2.094395	2.295480	1.008277	7	156	139	990.341
0.000000	1.247695	1.809890	135	152	141	989.888
-0.261799	1.846342	-1.796954	9	3	18	989.760
-0.785398	1.247695	1.809890	133	153	142	989.737
0.785398	0.709924	0.218797	42	138	12	989.640
0.261799	0.992645	-1.723759	25	126	7	989.517
2.356194	2.356369	3.005869	134	27	155	989.264
-0.523599	1.662363	0.915448	123	7	152	988.910
-0.261799	1.247695	1.809890	135	154	141	988.727
2.094395	2.724429	-0.348782	43	148	155	988.421
2.356194	0.733948	3.021411	27	16	23	988.044
-3.141593	0.960688	-0.577532	35	147	5	987.685
1.832596	1.218453	2.777284	11	32	11	987.434
1.047198	1.450119	-2.739050	20	21	21	987.241
1.047198	1.014500	0.906702	26	154	137	987.227
1.308997	1.741644	-2.695914	23	24	154	987.219
0.261799	1.128190	-2.288622	23	124	4	987.210
-2.094395	2.343981	-1.040456	25	5	11	987.185
1.832596	1.310100	1.488307	144	155	143	986.927
1.570796	1.555207	1.708892	128	155	147	986.904
-3.141593	0.571433	-1.188419	26	143	11	986.814
1.308997	2.393226	1.857173	121	151	145	986.524
-2.617994	1.904882	-1.478089	31	14	13	986.515
-0.785398	2.863997	0.549740	137	151	128	986.471
-2.356194	2.637879	2.121598	139	145	159	986.047
1.047198	0.591903	2.010408	34	148	21	985.760
2.617994	1.909857	-0.381669	32	147	5	985.646
-0.523599	2.115563	0.685730	146	20	142	985.551
1.047198	2.456751	-1.503343	42	156	1	985.409
2.094395	2.393226	1.857173	128	25	148	985.157
2.356194	0.615174	-0.666022	20	140	4	985.115
0.000000	1.555207	1.708892	133	156	140	985.068
-1.308997	2.104282	-0.813972	19	12	7	985.067
-2.094395	0.458961	-0.107937	13	31	5	985.018
-0.523599	2.108018	1.311430	129	157	137	984.965
0.523599	1.555207	1.708892	138	152	140	984.628
2.879793	0.762244	-0.273349	38	148	5	984.399
-1.308997	2.299159	2.264663	135	135	150	984.330
-1.832596	1.741644	-2.695914	139	155	16	984.314
-3.141593	1.440580	2.260026	132	6	141	984.306
-1.832596	1.488617	1.159546	17	23	148	984.268
-0.523599	2.863997	0.549740	129	17	142	983.989
1.570796	1.195355	1.200319	24	4	137	983.900
1.832596	2.247462	0.191623	139	150	151	983.871
2.356194	1.247695	1.809890	145	159	141	982.681
-2.879793	2.104282	-0.813972	158	31	5	982.543
-2.617994	1.135834	-1.431087	33	8	15	982.299
0.523599	1.741644	-2.695914	25	25	151	982.178
1.570796	1.391910	3.030322	17	30	15	981.947
-1.832596	0.850607	-1.335383	29	134	7	981.914
-1.570796	2.863997	0.549740	131	155	129	981.838
1.047198	0.709924	0.218797	10	140	3	981.457
2.094395	0.850607	-1.335383	40	142	12	981.416
-2.356194	2.251330	-2.330739	126	18	138	981.220
1.570796	1.904882	-1.478089	26	148	14	981.135
-0.785398	1.025536	1.576859	136	137	146	980.493
-1.832596	1.948085	-2.363031	154	157	12	980.254
2.094395	1.836682	-0.676006	49	155	157	980.032
1.570796	1.909857	-0.381669	141	143	152	979.975
-1.308997	1.756530	-2.105156	128	153	8	979.852
1.832596	2.396274	-1.959260	35	159	15	979.649
1.832596	1.699788	2.452890	133	0	138	979.312
-1.047198	0.899350	-2.069907	136	11	28	979.234
0.523599	1.824694	1.850876	50	154	141	979.030
1.308997	0.080730	-2.622036	4	28	8	978.721
-1.832596	1.510910	-0.740472	27	11	11	978.546
-0.785398	2.881233	-2.582574	135	147	3	978.348
1.308997	2.073035	2.027405	135	4	141	978.313
1.832596	1.184361	0.625864	43	142	144	978.288
1.570796	1.440580	2.260026	54	157	7	978.235
-0.261799	0.619654	-2.216909	42	5	4	978.229
1.832596	1.488617	1.159546	139	13	130	977.293
0.785398	2.138223	1.678323	132	2	142	977.212
0.000000	0.906588	1.252948	30	133	16	977.141
-1.570796	1.836682	-0.676006	28	12	6	976.417
1.570796	1.824694	1.850876	134	159	142	976.405
2.617994	1.998705	2.370472	129	1	141	975.929
0.523599	1.846342	-1.796954	16	155	18	975.435
-2.879793	1.506530	1.988858	3	155	147	975.285
0.523599	2.979456	-1.009304	27	139	0	974.781
-2.094395	1.846342	-1.796954	22	142	6	974.734
-2.879793	1.417623	-0.202254	39	153	0	974.733
-3.141593	1.301460	-0.509251	34	147	6	974.678
-2.356194	0.080730	-2.622036	153	145	3	974.469
2.094395	1.050534	3.042579	146	30	17	974.050
1.047198	2.138223	1.678323	131	2	142	973.824
1.832596	0.929350	-2.910676	149	27	20	973.333
2.356194	2.033014	2.977192	128	17	150	973.123
1.308997	2.187132	-0.479875	26	139	2	972.897
-3.141593	0.290380	-0.796960	32	141	6	972.879
-3.141593	2.174483	2.653697	117	23	0	972.729
-1.570796	1.134796	2.434290	156	9	142	972.577
-0.261799	0.866395	-2.492918	40	149	6	972.379
0.523599	1.214854	-1.966664	32	19	3	972.258
-0.523599	0.906588	1.252948	133	138	144	972.190
-1.832596	2.478122	2.609777	139	145	3	972.102
0.261799	2.979456	-1.009304	24	137	157	972.021
-0.261799	1.214854	-1.966664	38	10	1	971.907
2.356194	2.089241	-0.114193	40	145	157	971.843
2.356194	1.413347	-1.339188	36	9	13	971.423
1.047198	1.168678	2.108595	6	11	143	971.257
0.261799	2.719179	-1.780644	38	142	157	970.850
2.356194	1.574060	2.783565	129	12	147	970.839
1.308997	0.571433	-1.188419	41	144	16	970.797
1.832596	0.992645	-1.723759	34	148	17	970.794
2.094395	1.168678	2.108595	9	36	159	970.770
-0.523599	0.379747	-1.713059	38	12	1	970.755
2.617994	0.733948	3.021411	27	17	23	970.689
-1.308997	1.836682	-0.676006	117	17	150	970.499
0.261799	1.134796	2.434290	47	142	3	970.305
-2.617994	1.247695	1.809890	5	153	144	970.165
-0.785398	2.153910	-1.714959	132	157	10	969.970
-1.570796	1.367556	0.358405	144	26	8	969.602
1.570796	1.617114	-1.572037	151	16	20	969.453
2.094395	1.135834	-1.431087	42	145	13	969.040
2.094395	1.218453	2.777284	147	33	14	968.916
0.785398	1.310100	1.488307	139	152	143	968.854
-0.785398	1.658653	-2.409879	38	147	158	968.388
-1.308997	1.014500	0.906702	135	9	142	968.387
-0.261799	1.135813	-2.658866	38	136	159	968.097
2.617994	1.736875	3.023612	5	34	9	967.932
2.094395	1.450119	-2.739050	35	22	11	967.863
-1.832596	1.413347	-1.339188	14	156	14	967.621
-2.617994	2.704512	1.488683	36	147	158	967.407
2.617994	1.310100	1.488307	147	159	143	967.237
2.617994	1.824694	1.850876	134	24	148	966.878
1.047198	1.756530	-2.105156	22	157	21	966.692
0.523599	0.850607	-1.335383	32	130	10	966.312
-1.308997	1.977582	0.969896	127	2	136	965.953
-2.094395	0.618092	2.539118	123	0	149	965.360
0.785398	1.045978	0.343692	49	142	8	964.994
-0.523599	1.766067	2.153843	52	138	147	964.900
0.785398	0.899350	-2.069907	152	26	11	964.750
1.832596	2.295480	1.008277	8	159	139	964.711
-1.832596	1.696674	-1.253233	151	36	20	963.951
-1.832596	1.247695	1.809890	113	152	150	963.927
1.308997	1.683268	0.374177	137	148	145	963.778
-1.570796	2.455966	-0.641220	123	0	131	963.774
-1.047198	1.310100	1.488307	131	8	143	963.574
-0.523599	1.736875	3.023612	38	150	144	963.514
-2.356194	0.685216	-1.712745	27	140	2	963.412
2.094395	2.153910	-1.714959	34	158	16	963.259
-1.308997	1.247695	1.809890	128	9	141	963.245
-0.785398	2.063651	-2.044600	149	146	151	962.809
-1.047198	2.863997	0.549740	143	22	146	962.791
0.785398	1.374601	-2.456031	37	126	2	962.596
-0.523599	1.413430	2.550734	146	145	19	962.082
-1.832596	1.699788	2.452890	156	1	144	962.059
2.356194	0.864993	2.278281	31	24	16	961.832
0.261799	0.762244	-0.273349	154	139	1	961.832
0.785398	0.619654	-2.216909	2	25	16	961.774
1.570796	0.709924	0.218797	46	139	156	961.447
-1.308997	1.128190	-2.288622	28	142	8	961.357
1.832596	0.290380	-0.796960	147	141	0	961.283
-1.832596	1.325504	-1.671296	154	31	27	961.105
2.094395	2.073035	2.027405	132	25	148	961.030
2.356194	1.301460	-0.509251	39	145	5	960.942
-2.879793	2.704512	1.488683	140	144	155	960.816
1.308997	1.510910	-0.740472	138	144	2	960.800
-1.570796	2.881233	-2.582574	19	138	158	960.740
-0.261799	0.418037	1.360082	8	138	2	960.494
-1.047198	2.984978	1.954446	46	132	155	960.297
2.617994	2.104282	-0.813972	35	155	6	960.274
2.094395	2.881233	-2.582574	18	28	145	960.230
-1.308997	1.310100	1.488307	129	11	144	960.220
2.617994	1.301460	-0.509251	36	150	9	960.034
-2.356194	2.407836	1.410646	123	157	134	959.888
2.356194	1.242974	-2.977882	128	18	3	959.737
1.308997	0.203748	0.590255	45	141	5	959.716
-0.261799	1.448123	-2.163292	31	139	8	959.135
-0.261799	2.153910	-1.714959	25	134	1	958.976
1.308997	0.961715	0.014085	52	145	1	958.817
-1.308997	0.685216	-1.712745	40	155	6	958.513
2.879793	1.440580	2.260026	133	0	141	958.302
-0.785398	2.588535	-2.976617	145	144	7	957.949
-2.094395	0.571433	-1.188419	37	156	12	957.891
-2.094395	1.247695	1.809890	136	8	140	957.870
0.000000	1.809167	1.213774	129	151	140	957.840
1.832596	1.555207	1.708892	139	154	141	957.510
-2.617994	1.134497	-1.109631	34	12	12	957.507
0.261799	2.881233	-2.582574	45	156	149	957.478
2.356194	0.297065	2.160177	27	28	3	957.094
1.832596	0.619654	-2.216909	31	3	21	957.012
-1.832596	0.992645	-1.723759	26	136	5	956.926
-1.308997	1.135813	-2.658866	153	155	19	956.744
-2.356194	2.760637	2.781135	126	10	132	956.691
-1.832596	1.391910	3.030322	143	144	10	956.500
1.570796	1.256302	0.062705	153	146	150	956.352
1.570796	1.413430	2.550734	18	36	7	956.340
1.832596	0.203748	0.590255	49	5	7	956.161
1.570796	1.050534	3.042579	24	24	17	955.495
-2.617994	2.138223	1.678323	17	137	139	955.243
2.094395	2.180315	-1.357379	34	152	12	955.238
-1.570796	0.080730	-2.622036	44	145	9	955.030
-2.356194	1.904882	-1.478089	27	17	14	954.868
0.523599	2.073035	2.027405	51	155	144	954.639
1.832596	2.356369	3.005869	126	18	0	954.492
0.785398	1.417623	-0.202254	11	138	0	954.430
-1.570796	0.866395	-2.492918	29	157	22	954.287
2.094395	1.247695	1.809890	142	157	142	954.116
-1.832596	1.194549	-0.801900	33	7	11	954.039
1.308997	1.134796	2.434290	149	39	13	954.001
-0.523599	0.850607	-1.335383	9	129	8	953.438
1.832596	0.458961	-0.107937	51	145	158	953.376
1.047198	1.658653	-2.409879	23	148	24	953.282
-1.570796	1.904882	-1.478089	12	33	12	953.152
-1.308997	2.637879	2.121598	117	155	135	952.846
2.356194	2.063651	-2.044600	143	27	13	952.844
-2.617994	0.992645	-1.723759	19	143	7	952.479
1.047198	0.866955	-0.931351	44	137	7	952.343
-3.141593	2.295480	1.008277	151	7	134	952.315
1.832596	1.721184	-0.153948	151	149	155	952.133
1.308997	1.256302	0.062705	56	149	153	952.042
-2.094395	1.256302	0.062705	20	35	147	951.977
2.094395	0.571433	-1.188419	148	141	4	951.781
2.094395	2.164094	-2.991358	126	19	0	951.766
-1.570796	0.709924	0.218797	150	26	16	951.370
-1.047198	0.685216	-1.712745	41	159	5	951.359
-2.879793	0.850607	-1.335383	25	140	3	951.293
1.308997	0.379747	-1.713059	36	150	21	951.169
1.308997	2.174483	2.653697	130	19	159	951.074
-0.523599	2.393226	1.857173	0	157	135	950.800
0.261799	1.195355	1.200319	126	0	146	950.485
-2.879793	1.335669	0.897240	126	34	10	950.363
-2.094395	2.587733	0.232235	124	0	131	950.333
-2.617994	0.458961	-0.107937	159	39	8	949.974
0.785398	2.592629	0.909713	27	155	133	949.776
-2.094395	2.760637	2.781135	126	9	131	949.708
-2.879793	1.134796	2.434290	126	11	145	949.600
-0.261799	1.374601	-2.456031	34	138	6	949.524
2.094395	1.998705	2.370472	131	154	137	949.447
2.617994	1.025536	1.576859	153	0	144	949.349
-2.094395	1.391910	3.030322	136	148	13	949.145
-1.047198	2.881233	-2.582574	28	140	0	949.131
0.000000	2.001437	0.381215	126	13	5	949.084
0.523599	1.113094	-0.272241	42	131	3	948.822
1.047198	2.299159	2.264663	148	12	139	948.820
1.832596	1.617114	-1.572037	152	17	21	948.778
1.047198	2.455966	-0.641220	28	138	1	948.578
2.094395	0.866955	-0.931351	48	152	8	948.240
-1.832596	1.977582	0.969896	135	2	131	948.120
1.047198	2.664082	-1.071402	36	146	2	947.996
2.617994	2.299159	2.264663	122	26	154	947.967
1.570796	0.960688	-0.577532	47	145	5	947.934
-2.094395	0.831641	0.616218	24	23	155	947.715
-0.261799	1.599406	1.426070	127	156	142	947.636
-0.261799	0.379747	-1.713059	13	14	16	947.528
1.047198	2.153910	-1.714959	23	151	15	947.471
-1.308997	2.407836	1.410646	144	157	133	947.328
2.617994	2.063651	-2.044600	145	30	12	947.273
-1.308997	2.041297	-2.664597	154	149	10	947.112
1.308997	1.374601	-2.456031	22	21	1	947.098
-2.094395	1.433411	-1.035986	159	36	16	946.978
-2.879793	1.374601	-2.456031	142	39	15	946.959
0.523599	0.674054	1.013609	42	138	10	946.861
0.000000	1.050534	3.042579	33	137	12	946.752
0.785398	2.724429	-0.348782	20	139	1	946.219
-0.785398	2.719179	-1.780644	20	139	1	945.906
0.785398	1.662363	0.915448	122	153	152	945.795
-0.261799	0.618092	2.539118	42	139	9	945.790
-0.523599	1.335669	0.897240	123	3	149	945.418
-1.570796	1.875281	0.107086	141	25	17	945.221
-1.570796	2.760637	2.781135	122	3	132	945.180
-1.570796	2.073035	2.027405	132	136	146	945.154
2.356194	1.846342	-1.796954	144	24	17	945.053
-1.570796	0.290380	-0.796960	15	23	14	944.754
2.094395	1.606104	-0.451151	29	143	6	944.641
-3.141593	2.073035	2.027405	116	5	141	944.617
0.261799	0.906588	1.252948	36	135	16	944.485
-3.141593	2.664082	-1.071402	15	24	7	944.467
-1.570796	2.592629	0.909713	119	149	134	944.411
-1.570796	1.510910	-0.740472	31	12	7	944.373
1.832596	1.506530	1.988858	138	156	140	944.165
1.832596	1.242974	-2.977882	153	28	19	944.079
1.047198	0.831641	0.616218	142	145	153	944.004
-1.047198	2.349581	-2.702517	138	151	13	943.864
1.047198	0.418037	1.360082	47	143	159	943.786
-3.141593	1.872854	1.543456	124	14	141	943.598
-2.617994	2.299159	2.264663	116	10	144	943.517
-1.570796	1.488617	1.159546	19	25	150	943.342
1.570796	2.073035	2.027405	140	29	151	943.260
0.000000	0.619654	-2.216909	23	155	20	943.242
-2.094395	2.664082	-1.071402	134	3	126	943.050
2.094395	1.870545	-2.976234	129	21	159	943.013
0.000000	0.700570	1.559208	28	137	19	942.818
-2.617994	1.872854	1.543456	116	12	146	942.619
2.094395	0.762244	-0.273349	156	150	156	942.555
-1.308997	1.134497	-1.109631	36	8	7	942.336
1.047198	1.599406	1.426070	135	158	142	942.195
0.261799	2.138223	1.678323	139	156	136	942.100
-1.570796	1.025536	1.576859	133	5	143	942.072
1.570796	1.766067	2.153843	130	3	146	941.860
-2.617994	1.998705	2.370472	3	148	148	941.781
0.000000	2.979456	-1.009304	19	137	157	941.557
0.785398	0.700570	1.559208	2	151	148	941.390
1.047198	0.929350	-2.910676	44	129	1	940.962
-1.308997	1.662363	0.915448	121	157	137	940.551
1.570796	2.979456	-1.009304	43	152	152	940.528
-2.094395	0.619654	-2.216909	20	139	4	940.508
0.523599	0.619654	-2.216909	15	11	19	940.484
-0.261799	0.914445	2.687814	141	145	9	940.438
2.879793	0.866955	-0.931351	24	141	6	940.417
2.879793	0.831641	0.616218	24	34	9	940.107
0.785398	0.496451	0.593859	39	143	17	939.935
1.047198	0.379747	-1.713059	133	23	12	939.840
1.570796	0.379747	-1.713059	38	153	20	939.554
1.047198	2.115563	0.685730	10	158	137	939.504
-1.047198	1.741644	-2.695914	26	148	23	939.278
1.047198	1.135813	-2.658866	44	135	7	939.171
1.570796	1.214854	-1.966664	15	155	23	939.073
1.308997	0.831641	0.616218	49	148	4	938.759
0.785398	1.113094	-0.272241	45	135	3	938.720
-1.570796	1.413430	2.550734	136	148	146	938.708
1.047198	2.724429	-0.348782	24	139	0	938.670
-0.785398	1.135813	-2.658866	3	150	139	938.509
2.617994	1.050534	3.042579	124	7	151	938.503
1.570796	2.299159	2.264663	122	154	141	938.474
1.832596	1.510910	-0.740472	26	147	11	938.225
2.356194	0.762244	-0.273349	43	152	8	937.981
0.785398	2.073035	2.027405	134	7	143	937.928
-2.094395	0.203748	0.590255	11	30	3	937.855
-0.523599	1.440580	2.260026	53	137	149	937.532
-0.261799	2.108018	1.311430	17	146	139	936.807
1.570796	1.168678	2.108595	141	1	142	936.278
-1.047198	0.615174	-0.666022	155	20	18	936.055
-3.141593	1.413347	-1.339188	36	3	13	935.457
-1.570796	1.417623	-0.202254	131	19	136	935.388
1.047198	2.247462	0.191623	126	154	9	935.296
-2.617994	1.301460	-0.509251	36	6	6	935.292
-1.047198	1.450119	-2.739050	148	153	17	935.268
2.617994	2.180315	-1.357379	1	24	16	935.264
1.047198	1.617114	-1.572037	152	17	19	935.042
-2.879793	1.599406	1.426070	122	8	137	935.021
1.047198	2.637879	2.121598	124	16	5	934.933
0.000000	1.756530	-2.105156	31	134	3	934.786
-2.879793	0.961715	0.014085	41	155	156	934.503
-2.617994	0.618092	2.539118	125	0	148	934.466
-2.356194	1.135834	-1.431087	32	10	15	934.342
2.094395	0.992645	-1.723759	28	13	15	934.305
-2.356194	0.906588	1.252948	135	25	0	934.291
1.047198	1.247695	1.809890	10	9	144	934.233
1.570796	1.574060	2.783565	20	34	12	934.096
0.523599	0.906588	1.252948	40	140	17	934.073
2.094395	1.846342	-1.796954	147	23	17	934.054
1.832596	2.379497	0.561089	150	158	132	934.044
1.832596	1.948085	-2.363031	28	7	20	933.740
0.523599	0.685216	-1.712745	32	129	12	933.541
-1.047198	1.413430	2.550734	153	140	2	933.411
1.308997	1.367556	0.358405	139	147	148	933.232
2.094395	0.640596	-2.797608	30	10	21	933.011
-1.570796	0.640596	-2.797608	21	137	1	932.949
0.785398	1.732874	-0.951685	128	145	6	932.908
-2.356194	0.297065	2.160177	128	5	148	932.818
-0.523599	0.297065	2.160177	40	135	7	932.732
-0.785398	2.356369	3.005869	41	152	147	932.687
-0.523599	1.699788	2.452890	52	137	153	932.550
0.523599	1.014500	0.906702	45	135	3	932.365
-2.879793	1.662363	0.915448	132	9	133	932.211
0.261799	1.545873	-1.877082	28	139	13	931.927
1.308997	1.335669	0.897240	55	155	2	931.610
0.000000	1.195355	1.200319	126	159	146	931.464
2.094395	2.760637	2.781135	138	28	150	931.422
-3.141593	2.138223	1.678323	10	146	139	931.376
-2.879793	2.456751	-1.503343	134	21	15	930.993
0.000000	1.325504	-1.671296	135	134	147	930.993
0.785398	0.929350	-2.910676	34	132	14	930.966
0.261799	0.619654	-2.216909	37	13	8	930.668
0.523599	2.984978	1.954446	140	19	143	930.504
0.000000	1.014500	0.906702	122	155	151	930.332
0.000000	1.741644	-2.695914	28	130	4	930.279
2.356194	1.510910	-0.740472	28	149	11	930.135
2.094395	1.617114	-1.572037	152	19	21	930.077
-1.047198	2.379497	0.561089	134	23	6	930.008
-1.047198	0.370812	-2.547742	32	142	11	929.990
0.000000	1.367556	0.358405	125	147	138	929.964
2.356194	2.251330	-2.330739	147	30	9	929.906
2.879793	1.699788	2.452890	128	7	142	929.901
0.261799	1.809167	1.213774	25	0	136	929.838
1.570796	1.569311	-3.003978	153	32	24	929.766
1.047198	2.295480	1.008277	7	159	136	929.277
-0.523599	1.683268	0.374177	123	156	134	929.209
-1.570796	1.658653	-2.409879	142	158	17	929.160
-3.141593	0.618092	2.539118	21	19	24	929.139
2.356194	2.295480	1.008277	144	2	131	929.137
-1.832596	2.724429	-0.348782	131	156	127	928.963
-1.047198	1.417623	-0.202254	145	22	14	928.947
2.094395	1.135813	-2.658866	19	10	24	928.919
0.523599	1.662363	0.915448	121	155	152	928.896
0.523599	1.128190	-2.288622	29	124	4	928.605
2.879793	0.591903	2.010408	26	21	19	928.535
-0.523599	1.658653	-2.409879	140	151	16	928.169
-0.523599	2.881233	-2.582574	36	145	158	928.152
2.879793	0.379747	-1.713059	148	144	5	928.096
1.047198	1.184361	0.625864	140	147	149	928.084
0.523599	1.135834	-1.431087	36	128	3	928.009
-1.047198	2.478122	2.609777	40	152	148	928.000
1.570796	2.760637	2.781135	148	19	143	927.986
-0.785398	2.396274	-1.959260	145	147	151	927.949
-1.832596	1.617114	-1.572037	150	33	26	927.924
-2.617994	2.984978	1.954446	129	7	129	927.888
2.879793	2.073035	2.027405	119	10	141	927.881
-0.523599	1.756530	-2.105156	32	143	6	927.839
-1.570796	1.391910	3.030322	0	158	139	927.781
0.000000	1.488617	1.159546	24	157	136	927.705
0.523599	1.440580	2.260026	52	153	151	927.584
-2.879793	2.180315	-1.357379	132	29	11	927.534
-1.308997	2.247462	0.191623	135	23	11	927.456
1.047198	1.440580	2.260026	12	15	144	927.350
-0.261799	2.984978	1.954446	131	151	129	927.254
-2.356194	1.045978	0.343692	18	34	147	927.086
-3.141593	1.325504	-1.671296	32	0	17	926.984
1.047198	0.762244	-0.273349	28	126	150	926.735
-1.047198	2.247462	0.191623	134	21	11	926.681
0.261799	1.214854	-1.966664	34	15	4	926.680
-0.261799	1.014500	0.906702	121	158	151	926.586
-1.047198	2.180315	-1.357379	109	5	1	926.558
-3.141593	1.696674	-1.253233	13	20	13	926.166
2.356194	1.135813	-2.658866	31	21	14	926.133
-2.879793	1.413347	-1.339188	143	39	7	925.787
0.000000	2.063651	-2.044600	15	155	17	925.775
2.617994	0.458961	-0.107937	38	145	6	925.637
-2.094395	1.194549	-0.801900	31	10	12	925.467
-2.094395	2.349581	-2.702517	156	149	157	925.359
2.879793	2.579248	-2.364801	158	34	10	925.356
0.785398	1.683268	0.374177	5	149	134	924.969
0.785398	2.379497	0.561089	7	156	137	924.866
-1.570796	1.574060	2.783565	154	144	12	924.847
-1.047198	1.506530	1.988858	5	141	148	924.530
0.523599	1.050534	3.042579	37	137	14	924.260
-2.356194	0.496451	0.593859	29	25	0	924.254
-1.047198	1.574060	2.783565	151	143	7	924.200
-3.141593	1.194549	-0.801900	29	143	4	924.022
-2.617994	0.831641	0.616218	17	34	149	923.794
-2.094395	1.696674	-1.253233	158	36	14	923.611
-3.141593	1.014500	0.906702	20	33	146	923.580
2.617994	1.168678	2.108595	130	22	152	923.488
1.047198	1.506530	1.988858	9	13	143	923.458
1.308997	1.732874	-0.951685	55	152	143	923.126
-0.523599	1.050534	3.042579	140	144	5	922.926
2.879793	1.135834	-1.431087	32	13	14	922.832
-1.308997	1.875281	0.107086	143	23	18	922.814
-2.879793	0.290380	-0.796960	34	141	6	922.652
0.785398	1.721184	-0.153948	0	143	141	922.643
-2.356194	2.396274	-1.959260	13	36	10	922.381
-2.094395	1.413347	-1.339188	159	34	22	922.380
1.570796	0.762244	-0.273349	41	129	151	922.288
-2.094395	0.290380	-0.796960	42	157	159	922.144
2.356194	0.914445	2.687814	144	31	15	922.133
-3.141593	0.910508	1.903534	156	29	154	922.049
-1.308997	2.724429	-0.348782	129	155	129	921.862
0.523599	2.356369	3.005869	53	145	159	921.856
1.047198	0.850607	-1.335383	42	134	9	921.763
-2.094395	1.242974	-2.977882	142	150	14	921.680
-2.094395	1.310100	1.488307	9	148	139	921.348
-1.047198	1.756530	-2.105156	144	158	17	921.122
1.570796	2.174483	2.653697	55	141	143	921.083
-2.356194	0.850607	-1.335383	26	152	15	921.057
2.617994	1.696674	-1.253233	0	22	21	921.009
-1.308997	0.914445	2.687814	7	139	12	920.871
-0.261799	1.766067	2.153843	55	142	147	920.791
-0.261799	1.699788	2.452890	55	142	153	920.466
0.000000	0.418037	1.360082	158	144	159	920.306
-1.047198	1.374601	-2.456031	29	141	7	920.304
-2.617994	0.297065	2.160177	126	9	153	919.902
-3.141593	0.619654	-2.216909	30	149	21	919.840
2.617994	2.108018	1.311430	9	156	138	919.775
-1.308997	1.194549	-0.801900	18	15	11	919.707
0.000000	0.992645	-1.723759	17	127	8	919.422
-2.879793	1.809167	1.213774	125	6	134	919.379
1.570796	1.448123	-2.163292	20	2	22	919.357
-2.617994	1.699788	2.452890	1	149	152	919.074
0.785398	1.014500	0.906702	25	150	138	919.071
0.785398	1.195355	1.200319	136	147	146	919.010
-2.356194	1.617114	-1.572037	28	7	18	918.872
-2.879793	0.379747	-1.713059	38	141	14	918.864
2.617994	1.391910	3.030322	138	30	23	918.559
-1.570796	2.115563	0.685730	129	6	136	918.531
-1.047198	2.115563	0.685730	126	155	134	918.397
-0.785398	2.089241	-0.114193	123	15	6	918.387
-2.094395	1.545873	-1.877082	23	143	4	918.361
-2.617994	1.448123	-2.163292	10	145	3	918.238
-3.141593	2.180315	-1.357379	29	30	159	918.128
-1.047198	0.496451	0.593859	131	10	149	918.100
2.879793	1.872854	1.543456	126	17	141	917.894
2.617994	1.699788	2.452890	128	2	144	917.820
-2.356194	1.134497	-1.109631	18	24	11	917.493
-3.141593	1.128190	-2.288622	34	155	21	917.218
-2.879793	1.732874	-0.951685	30	29	2	916.978
-2.094395	2.393226	1.857173	115	3	138	916.930
2.356194	1.699788	2.452890	133	26	156	916.775
2.879793	1.194549	-0.801900	26	144	7	916.734
2.094395	1.904882	-1.478089	31	15	10	916.572
1.832596	1.025536	1.576859	145	157	144	916.533
2.356194	2.455966	-0.641220	35	156	8	916.497
2.356194	1.506530	1.988858	139	0	140	916.475
1.308997	1.242974	-2.977882	152	24	159	916.359
-1.832596	2.247462	0.191623	121	0	133	916.348
0.261799	2.456751	-1.503343	137	148	9	916.293
2.356194	2.349581	-2.702517	125	16	9	916.000
-1.570796	1.948085	-2.363031	154	156	14	915.966
-1.570796	1.545873	-1.877082	16	26	20	915.926
-0.261799	1.756530	-2.105156	15	1	21	915.893
-1.832596	2.587733	0.232235	122	155	131	915.886
1.308997	1.135834	-1.431087	32	141	14	915.791
2.617994	1.510910	-0.740472	36	151	8	915.768
-0.261799	2.295480	1.008277	123	3	145	915.758
-2.617994	0.910508	1.903534	2	154	146	915.559
2.356194	1.555207	1.708892	10	9	141	915.161
-1.570796	1.218453	2.777284	158	3	141	915.069
-2.094395	2.073035	2.027405	110	10	149	915.025
2.356194	1.836682	-0.676006	30	148	8	915.016
-1.308997	2.579248	-2.364801	24	138	0	914.953
1.047198	0.619654	-2.216909	39	140	16	914.946
2.617994	0.960688	-0.577532	26	142	8	914.891
-1.308997	1.872854	1.543456	22	18	145	914.842
0.000000	1.256302	0.062705	120	2	2	914.804
-1.047198	0.850607	-1.335383	39	11	0	914.784
2.094395	1.909857	-0.381669	32	144	4	914.672
1.570796	1.135834	-1.431087	35	143	14	914.644
-1.570796	1.599406	1.426070	13	26	146	914.536
1.308997	1.545873	-1.877082	20	155	20	914.498
-2.094395	2.724429	-0.348782	135	27	0	914.494
-1.047198	1.869911	2.701025	38	151	144	914.482
-2.879793	1.256302	0.062705	40	153	155	914.465
-2.094395	0.685216	-1.712745	32	5	18	914.463
2.356194	1.870545	-2.976234	128	21	2	914.313
-1.832596	2.984978	1.954446	147	140	157	913.855
-1.308997	1.869911	2.701025	152	138	2	913.541
2.094395	1.696674	-1.253233	31	150	12	913.432
0.785398	1.875281	0.107086	0	147	138	913.385
-3.141593	1.555207	1.708892	145	2	140	913.232
-0.261799	0.290380	-0.796960	139	26	12	912.992
2.094395	0.370812	-2.547742	128	20	18	912.983
-2.879793	1.113094	-0.272241	39	154	0	912.895
0.523599	1.736875	3.023612	47	154	15	912.453
-2.617994	2.180315	-1.357379	130	27	12	912.349
1.832596	0.419640	2.974122	13	2	29	912.348
-0.523599	2.704512	1.488683	157	0	133	912.303
1.047198	1.488617	1.159546	132	149	146	912.298
0.785398	2.108018	1.311430	122	159	151	912.282
1.832596	2.187132	-0.479875	36	149	10	912.256
1.047198	1.325504	-1.671296	32	141	14	912.188
0.261799	0.864993	2.278281	25	137	21	911.966
-0.785398	1.977582	0.969896	135	155	131	911.927
-2.617994	1.214854	-1.966664	149	156	14	911.549
-3.141593	0.914445	2.687814	121	8	153	911.454
2.617994	0.685216	-1.712745	39	146	16	911.318
2.094395	1.982574	-1.115518	32	149	9	911.238
-1.308997	0.850607	-1.335383	40	2	5	911.022
2.617994	0.619654	-2.216909	24	139	20	910.964
2.356194	1.134796	2.434290	144	34	11	910.925
-2.617994	1.836682	-0.676006	29	30	159	910.873
-3.141593	1.948085	-2.363031	149	38	4	910.704
-1.570796	1.756530	-2.105156	156	157	15	910.694
0.785398	2.063651	-2.044600	6	148	26	910.602
1.047198	2.041297	-2.664597	50	146	158	910.353
-1.047198	1.599406	1.426070	134	143	136	910.344
-0.523599	1.135834	-1.431087	8	128	2	910.205
1.047198	1.417623	-0.202254	14	136	159	910.197
1.570796	0.571433	-1.188419	42	148	16	910.117
0.261799	2.579248	-2.364801	42	153	157	909.382
-2.094395	1.214854	-1.966664	30	8	20	909.250
-2.617994	1.545873	-1.877082	14	144	4	909.246
0.523599	1.599406	1.426070	134	153	142	909.207
2.617994	0.906588	1.252948	147	152	145	909.199
-1.832596	1.606104	-0.451151	26	19	3	909.195
-1.047198	2.979456	-1.009304	125	7	135	909.017
1.832596	1.128190	-2.288622	33	147	20	908.982
-1.308997	0.379747	-1.713059	41	154	3	908.909
2.356194	2.404280	-0.174044	38	149	2	908.865
1.047198	0.866395	-2.492918	151	15	142	908.695
1.308997	1.809167	1.213774	129	150	147	908.301
-1.047198	1.135813	-2.658866	33	137	151	908.298
-1.570796	0.831641	0.616218	138	25	4	908.251
0.261799	1.391910	3.030322	38	135	8	907.862
2.879793	2.108018	1.311430	9	151	138	907.834
2.094395	0.910508	1.903534	150	158	142	907.746
0.785398	1.948085	-2.363031	37	137	11	907.602
-3.141593	2.104282	-0.813972	32	29	156	907.272
-0.785398	0.419640	2.974122	41	145	14	907.149
-0.261799	1.135834	-1.431087	13	127	3	907.125
-0.785398	1.736875	3.023612	38	149	144	907.117
-2.094395	0.762244	-0.273349	14	34	1	907.101
-0.523599	2.063651	-2.044600	33	144	4	907.040
0.000000	1.554776	0.100351	120	150	139	907.036
0.523599	1.242974	-2.977882	36	131	9	906.978
0.000000	2.456751	-1.503343	29	137	1	906.953
0.523599	1.545873	-1.877082	32	141	13	906.899
-1.047198	1.683268	0.374177	136	23	6	906.703
-1.832596	1.050534	3.042579	1	146	14	906.316
-0.261799	1.504028	0.636812	128	150	135	906.252
1.570796	1.545873	-1.877082	21	157	20	906.236
1.832596	1.846342	-1.796954	29	155	18	906.210
0.785398	0.960688	-0.577532	44	135	6	906.192
-2.356194	2.108018	1.311430	39	156	142	906.156
0.785398	1.658653	-2.409879	26	25	155	906.002
1.308997	1.168678	2.108595	134	159	142	905.890
-2.356194	2.138223	1.678323	114	7	142	905.808
-2.879793	0.831641	0.616218	21	35	149	905.741
1.832596	1.836682	-0.676006	26	146	8	905.720
1.832596	2.404280	-0.174044	126	138	141	905.631
2.094395	1.242974	-2.977882	30	23	14	905.593
0.523599	2.041297	-2.664597	31	18	0	905.498
-1.308997	1.367556	0.358405	142	24	8	905.375
0.785398	1.325504	-1.671296	39	130	1	905.221
0.261799	2.295480	1.008277	126	0	141	905.167
-2.879793	0.615174	-0.666022	36	148	7	904.910
1.832596	2.863997	0.549740	149	146	150	904.875
-2.879793	1.325504	-1.671296	137	38	10	904.823
-2.094395	2.108018	1.311430	112	5	143	904.786
-0.523599	2.180315	-1.357379	131	158	10	904.771
-0.785398	2.379497	0.561089	134	22	9	904.744
1.047198	1.846342	-1.796954	42	129	150	904.739
-0.261799	0.864993	2.278281	17	137	21	904.565
-2.094395	1.732874	-0.951685	146	37	4	904.389
1.570796	0.961715	0.014085	52	150	0	904.344
1.308997	2.115563	0.685730	11	156	138	904.335
1.832596	0.640596	-2.797608	29	9	21	904.278
-2.617994	2.760637	2.781135	131	17	133	904.076
-1.308997	1.045978	0.343692	11	24	154	904.039
0.523599	0.080730	-2.622036	21	26	12	904.037
-2.879793	0.762244	-0.273349	17	31	12	903.930
-1.832596	2.187132	-0.479875	118	159	132	903.798
0.785398	1.214854	-1.966664	32	22	3	903.742
1.047198	1.367556	0.358405	139	145	147	903.726
-2.094395	2.455966	-0.641220	125	0	129	903.593
0.523599	0.960688	-0.577532	40	131	5	903.376
-1.047198	1.504028	0.636812	22	148	133	903.333
2.879793	0.615174	-0.666022	33	143	7	903.209
-3.141593	1.045978	0.343692	30	32	147	903.018
2.617994	2.579248	-2.364801	155	29	157	902.947
0.785398	1.977582	0.969896	15	3	137	902.819
0.000000	0.910508	1.903534	144	144	147	902.689
-3.141593	1.214854	-1.966664	6	151	6	902.633
0.785398	1.135834	-1.431087	27	140	14	902.360
1.832596	1.135813	-2.658866	32	18	14	902.292
2.879793	1.599406	1.426070	147	38	11	902.232
1.832596	1.872854	1.543456	134	152	143	902.204
2.094395	1.413430	2.550734	10	38	3	902.174
-2.879793	2.588535	-2.976617	128	16	139	902.041
-1.308997	0.418037	1.360082	123	8	151	901.945
-1.047198	2.108018	1.311430	131	159	136	901.917
2.356194	1.440580	2.260026	131	24	153	901.803
1.570796	0.866395	-2.492918	23	20	15	901.781
0.785398	2.180315	-1.357379	141	145	9	901.762
-1.308997	1.732874	-0.951685	20	12	9	901.729
-0.523599	0.685216	-1.712745	23	153	18	901.679
0.261799	0.700570	1.559208	31	138	19	901.637
-0.785398	1.450119	-2.739050	39	144	149	901.598
-1.047198	1.325504	-1.671296	25	144	11	901.580
2.879793	1.256302	0.062705	40	145	155	901.491
2.094395	1.301460	-0.509251	155	149	157	901.391
-2.094395	1.417623	-0.202254	127	17	140	901.322
-0.261799	0.496451	0.593859	121	7	155	901.197
2.617994	1.555207	1.708892	7	6	141	901.059
2.356194	1.168678	2.108595	144	3	140	901.056
-1.308997	2.379497	0.561089	138	26	9	900.990
2.879793	1.998705	2.370472	129	24	152	900.951
-0.785398	0.290380	-0.796960	149	24	22	900.949
-3.141593	0.864993	2.278281	129	22	158	900.937
2.879793	2.041297	-2.664597	152	36	4	900.828
-0.785398	1.904882	-1.478089	125	141	137	900.790
-1.047198	1.977582	0.969896	126	151	135	900.778
0.000000	1.870545	-2.976234	41	7	151	900.602
-0.785398	1.766067	2.153843	49	134	148	900.465
1.308997	0.914445	2.687814	145	39	18	900.438
1.047198	2.104282	-0.813972	26	147	10	900.415
1.832596	2.073035	2.027405	146	13	138	900.368
0.261799	0.290380	-0.796960	126	17	18	900.366
0.261799	1.367556	0.358405	42	129	1	900.315
0.523599	1.977582	0.969896	121	152	150	900.300
-1.308997	1.113094	-0.272241	148	22	17	900.172
2.617994	2.187132	-0.479875	37	158	7	900.008
1.570796	1.301460	-0.509251	145	144	157	899.979
2.879793	2.719179	-1.780644	136	23	13	899.649
-2.094395	2.984978	1.954446	141	142	158	899.545
-1.047198	2.393226	1.857173	159	140	143	899.512
-1.308997	2.108018	1.311430	130	0	136	899.417
-0.261799	2.704512	1.488683	144	145	131	899.357
-1.570796	0.615174	-0.666022	23	17	15	899.186
-3.141593	1.433411	-1.035986	26	146	8	899.130
0.523599	1.433411	-1.035986	141	138	153	899.027
-1.570796	2.187132	-0.479875	154	36	1	898.979
-2.879793	2.299159	2.264663	114	1	144	898.930
2.879793	2.724429	-0.348782	43	12	149	898.908
1.832596	2.174483	2.653697	124	14	153	898.778
0.523599	0.910508	1.903534	33	140	21	898.760
0.523599	2.180315	-1.357379	138	147	9	898.654
1.570796	1.135813	-2.658866	155	24	21	898.533
-0.523599	1.904882	-1.478089	129	140	137	898.228
0.000000	1.301460	-0.509251	159	136	157	898.210
2.879793	1.301460	-0.509251	34	152	10	898.111
-0.523599	2.478122	2.609777	155	143	143	898.079
-2.356194	1.168678	2.108595	121	1	146	897.867
2.094395	2.187132	-0.479875	48	155	153	897.715
-1.308997	1.809167	1.213774	134	148	133	897.711
1.570796	1.699788	2.452890	147	12	143	897.619
2.879793	1.606104	-0.451151	37	154	6	897.385
2.617994	2.393226	1.857173	119	9	140	897.240
-0.523599	1.374601	-2.456031	10	134	9	897.038
0.785398	0.910508	1.903534	48	147	7	896.940
2.356194	2.174483	2.653697	124	5	148	896.776
1.047198	0.496451	0.593859	37	155	22	896.739
1.832596	2.456751	-1.503343	35	13	7	896.702
2.879793	1.741644	-2.695914	144	29	27	896.550
0.523599	1.756530	-2.105156	38	136	3	896.527
-2.617994	1.554776	0.100351	134	32	159	896.506
2.356194	1.824694	1.850876	137	156	141	896.500
1.047198	0.080730	-2.622036	7	25	10	896.477
1.570796	0.674054	1.013609	47	147	155	896.316
1.047198	2.592629	0.909713	121	148	3	896.258
-1.570796	0.899350	-2.069907	15	151	18	896.253
-2.356194	2.984978	1.954446	137	145	159	895.762
-1.832596	1.450119	-2.739050	128	151	155	895.760
0.785398	0.866955	-0.931351	42	132	6	895.678
1.047198	0.618092	2.539118	47	2	0	895.654
2.094395	2.396274	-1.959260	32	24	0	895.646
-2.617994	0.418037	1.360082	8	30	1	895.559
2.617994	2.349581	-2.702517	158	34	14	895.510
-3.141593	2.343981	-1.040456	8	27	8	895.490
-2.879793	1.301460	-0.509251	36	150	3	895.345
-2.617994	2.664082	-1.071402	133	27	5	895.295
-2.356194	0.910508	1.903534	125	6	146	895.268
-1.047198	1.870545	-2.976234	146	144	11	895.250
-2.356194	1.247695	1.809890	6	148	144	895.216
2.617994	1.134497	-1.109631	22	1	19	895.203
-2.617994	0.496451	0.593859	157	30	8	895.059
2.879793	2.455966	-0.641220	40	15	0	894.962
-1.047198	2.174483	2.653697	39	153	146	894.902
0.261799	2.704512	1.488683	131	7	138	894.826
-1.832596	0.571433	-1.188419	41	156	3	894.781
0.523599	0.571433	-1.188419	33	134	16	894.706
-1.047198	1.766067	2.153843	147	152	141	894.601
-3.141593	1.310100	1.488307	138	36	20	894.431
0.785398	1.218453	2.777284	42	131	4	894.423
-2.094395	2.180315	-1.357379	27	37	4	894.411
-1.047198	0.080730	-2.622036	43	149	11	894.162
-1.308997	0.866955	-0.931351	15	18	13	894.044
-0.785398	1.756530	-2.105156	38	144	2	894.023
0.261799	1.113094	-0.272241	156	137	157	893.968
-1.308997	1.599406	1.426070	17	21	147	893.711
-0.523599	0.370812	-2.547742	21	157	23	893.665
-1.570796	1.194549	-0.801900	34	8	11	893.536
-1.047198	2.073035	2.027405	34	145	139	893.245
1.832596	0.866955	-0.931351	38	128	0	893.226
-0.261799	0.458961	-0.107937	118	1	12	893.223
1.308997	2.089241	-0.114193	132	143	147	893.217
-2.356194	1.982574	-1.115518	30	14	9	893.066
-0.785398	1.113094	-0.272241	115	17	4	892.918
2.879793	1.869911	2.701025	126	19	152	892.867
0.785398	1.301460	-0.509251	49	133	152	892.853
1.047198	2.719179	-1.780644	142	138	148	892.786
2.879793	0.290380	-0.796960	44	147	9	892.766
-1.832596	2.295480	1.008277	141	0	132	892.721
-3.141593	2.724429	-0.348782	39	15	157	892.708
-0.785398	0.370812	-2.547742	39	153	16	892.628
-1.832596	2.407836	1.410646	126	155	134	892.609
2.617994	0.591903	2.010408	25	30	159	892.211
0.523599	2.251330	-2.330739	44	0	157	892.176
0.523599	1.184361	0.625864	1	144	3	892.175
2.617994	0.910508	1.903534	133	25	152	892.144
1.570796	2.343981	-1.040456	36	128	154	891.897
-1.832596	0.709924	0.218797	26	24	158	891.668
-0.261799	1.506530	1.988858	54	143	144	891.638
-1.047198	2.587733	0.232235	133	22	9	891.625
-2.879793	2.033014	2.977192	117	22	5	891.593
-0.523599	1.824694	1.850876	51	140	142	891.591
-2.356194	1.846342	-1.796954	16	141	5	891.559
-1.047198	0.733948	3.021411	9	146	21	891.387
0.785398	1.904882	-1.478089	36	128	146	891.207
1.047198	1.433411	-1.035986	39	128	154	891.183
1.308997	1.658653	-2.409879	24	149	24	891.172
0.785398	0.864993	2.278281	51	157	156	891.152
-2.356194	1.948085	-2.363031	146	157	10	891.143
1.047198	1.741644	-2.695914	25	17	21	891.070
-2.356194	2.664082	-1.071402	130	26	3	890.950
1.308997	1.869911	2.701025	131	20	155	890.934
1.047198	1.045978	0.343692	50	142	4	890.903
1.832596	2.153910	-1.714959	32	155	15	890.870
2.356194	1.736875	3.023612	128	18	155	890.853
1.570796	1.488617	1.159546	141	12	130	890.702
0.261799	1.256302	0.062705	120	0	2	890.671
-2.879793	2.138223	1.678323	114	148	140	890.446
-0.785398	1.869911	2.701025	155	137	158	890.246
-0.785398	0.929350	-2.910676	43	143	6	890.180
-0.523599	0.866955	-0.931351	28	150	19	890.002
0.785398	1.555207	1.708892	48	156	140	889.962
1.570796	2.180315	-1.357379	27	149	12	889.950
1.832596	1.450119	-2.739050	158	25	20	889.757
-1.570796	2.664082	-1.071402	130	0	128	889.688
1.308997	2.404280	-0.174044	24	139	1	889.672
0.261799	1.014500	0.906702	155	142	3	889.653
-3.141593	0.674054	1.013609	15	26	17	889.642
2.094395	2.174483	2.653697	134	19	146	889.594
-3.141593	1.113094	-0.272241	38	149	3	889.416
-1.308997	1.184361	0.625864	134	12	141	889.415
-1.308997	2.063651	-2.044600	137	0	14	889.293
-2.617994	2.592629	0.909713	43	0	151	889.283
-3.141593	0.685216	-1.712745	36	152	17	889.256
-1.047198	0.419640	2.974122	39	140	12	889.213
1.570796	1.658653	-2.409879	24	4	23	889.206
-2.879793	1.433411	-1.035986	29	28	6	888.984
1.308997	1.504028	0.636812	139	150	144	888.858
-2.094395	1.450119	-2.739050	142	154	17	888.754
-0.523599	1.184361	0.625864	12	127	6	888.663
2.356194	1.569311	-3.003978	131	23	4	888.612
-2.094395	2.407836	1.410646	35	150	136	888.609
-1.308997	1.025536	1.576859	132	6	144	888.350
-0.523599	1.450119	-2.739050	19	136	14	888.317
0.523599	1.256302	0.062705	48	134	0	888.252
1.570796	0.458961	-0.107937	44	130	153	888.217
2.356194	1.214854	-1.966664	49	23	2	888.148
-0.523599	1.809167	1.213774	136	151	134	888.018
-2.879793	1.195355	1.200319	1	152	139	887.987
1.047198	2.863997	0.549740	20	153	135	887.058
-3.141593	2.299159	2.264663	115	7	144	887.054
-0.261799	0.866955	-0.931351	21	127	10	886.987
-0.785398	1.617114	-1.572037	10	30	12	886.774
-1.047198	0.992645	-1.723759	38	156	8	886.572
0.261799	1.683268	0.374177	119	156	2	886.164
-1.308997	2.349581	-2.702517	134	152	11	886.062
0.000000	2.579248	-2.364801	40	150	158	885.877
-2.356194	1.545873	-1.877082	25	4	23	885.864
-1.832596	1.736875	3.023612	143	150	15	885.777
2.356194	2.396274	-1.959260	144	27	12	885.736
-2.094395	2.295480	1.008277	112	5	141	885.715
2.879793	1.413430	2.550734	125	18	153	885.594
2.356194	0.290380	-0.796960	39	137	10	885.560
2.879793	0.733948	3.021411	122	8	157	885.527
-1.047198	1.736875	3.023612	149	140	7	885.438
1.308997	1.488617	1.159546	19	2	135	885.145
2.879793	1.732874	-0.951685	15	17	13	885.120
-2.094395	1.599406	1.426070	15	22	144	884.932
-1.308997	2.073035	2.027405	146	152	139	884.922
1.570796	1.696674	-1.253233	152	14	21	884.881
-1.832596	1.335669	0.897240	18	24	150	884.429
0.261799	1.721184	-0.153948	4	140	157	884.327
-1.308997	2.984978	1.954446	42	128	155	884.185
-2.879793	2.724429	-0.348782	34	20	157	884.136
-2.094395	2.396274	-1.959260	126	13	133	883.971
0.523599	2.637879	2.121598	7	146	136	883.953
-0.523599	1.875281	0.107086	132	15	133	883.820
0.523599	0.733948	3.021411	45	154	3	883.745
-3.141593	1.904882	-1.478089	28	29	4	883.598
1.308997	0.762244	-0.273349	46	143	9	883.574
-2.094395	2.299159	2.264663	113	7	142	883.506
0.785398	1.335669	0.897240	33	5	131	883.089
-1.047198	0.910508	1.903534	133	140	3	882.858
-0.785398	1.195355	1.200319	148	16	148	882.854
-2.879793	1.998705	2.370472	1	150	150	882.797
-3.141593	0.992645	-1.723759	157	151	13	882.779
-0.523599	1.998705	2.370472	53	136	152	882.744
-2.617994	2.251330	-2.330739	134	21	137	882.730
1.047198	2.881233	-2.582574	51	138	1	882.662
1.832596	1.135834	-1.431087	32	5	15	882.609
1.308997	1.574060	2.783565	24	33	12	882.603
0.261799	0.685216	-1.712745	158	24	15	882.498
-1.570796	1.335669	0.897240	118	151	137	882.170
2.094395	1.194549	-0.801900	149	143	2	882.154
-0.785398	1.488617	1.159546	126	4	146	882.026
1.047198	1.413430	2.550734	46	132	0	881.967
-3.141593	2.456751	-1.503343	135	22	14	881.926
0.000000	2.164094	-2.991358	42	0	150	881.900
2.879793	1.218453	2.777284	128	8	143	881.883
0.000000	1.184361	0.625864	149	144	11	881.541
-1.047198	1.113094	-0.272241	137	21	20	881.538
1.832596	1.909857	-0.381669	31	145	10	881.500
2.617994	1.450119	-2.739050	13	28	16	881.445
1.047198	1.875281	0.107086	157	147	139	881.389
1.047198	1.870545	-2.976234	143	24	6	881.315
-0.523599	1.488617	1.159546	122	159	146	881.299
1.308997	2.863997	0.549740	19	153	136	881.296
-2.356194	2.299159	2.264663	114	143	149	881.135
-2.094395	1.374601	-2.456031	10	143	5	881.112
-1.832596	1.909857	-0.381669	23	21	3	880.848
1.308997	0.992645	-1.723759	30	145	17	880.842
1.570796	1.741644	-2.695914	145	28	5	880.732
-1.570796	0.906588	1.252948	127	15	150	880.730
-2.356194	1.413430	2.550734	129	155	146	880.657
0.000000	1.506530	1.988858	7	150	144	880.417
1.047198	1.195355	1.200319	51	146	8	880.289
0.261799	1.658653	-2.409879	36	135	3	880.218
-1.570796	0.571433	-1.188419	41	2	2	880.209
1.570796	1.836682	-0.676006	143	143	159	880.200
0.261799	0.379747	-1.713059	158	25	14	880.177
2.617994	1.325504	-1.671296	31	15	15	880.095
-2.094395	1.510910	-0.740472	29	10	11	880.028
-2.094395	0.906588	1.252948	13	148	136	879.981
-0.261799	0.992645	-1.723759	24	156	18	879.951
-0.261799	1.113094	-0.272241	16	124	1	879.884
-3.141593	1.488617	1.159546	122	17	141	879.836
1.308997	0.709924	0.218797	143	140	147	879.794
1.308997	2.704512	1.488683	139	7	133	879.741
1.308997	0.619654	-2.216909	151	20	145	879.714
-2.617994	2.356369	3.005869	124	18	141	879.568
-3.141593	1.135834	-1.431087	33	3	16	879.567
-1.308997	0.700570	1.559208	122	9	149	879.391
0.785398	1.599406	1.426070	133	153	142	879.099
-1.308997	2.164094	-2.991358	142	150	13	879.063
2.094395	1.869911	2.701025	144	16	144	878.914
-2.094395	1.218453	2.777284	127	156	143	878.831
-0.785398	0.700570	1.559208	133	135	150	878.731
1.570796	0.615174	-0.666022	147	140	159	878.727
-2.094395	1.128190	-2.288622	149	156	16	878.582
1.570796	1.134497	-1.109631	30	127	3	878.565
-1.047198	1.809167	1.213774	25	149	135	878.513
-2.094395	0.615174	-0.666022	13	29	12	878.490
1.308997	2.881233	-2.582574	31	24	152	878.480
-2.879793	1.045978	0.343692	40	142	153	878.325
2.094395	1.569311	-3.003978	132	23	158	878.225
1.570796	1.683268	0.374177	158	150	138	878.143
-2.879793	1.014500	0.906702	17	32	146	877.996
1.308997	2.760637	2.781135	18	26	143	877.957
-2.617994	1.045978	0.343692	41	145	153	877.865
-1.308997	1.741644	-2.695914	151	149	3	877.715
-2.617994	1.721184	-0.153948	139	33	158	877.688
0.000000	0.591903	2.010408	42	136	5	877.679
-0.261799	1.184361	0.625864	121	3	154	877.640
-2.879793	2.979456	-1.009304	137	157	127	877.484
1.832596	1.824694	1.850876	135	153	140	877.400
-0.523599	0.674054	1.013609	118	6	154	877.280
-2.617994	1.732874	-0.951685	35	11	8	877.196
1.570796	2.089241	-0.114193	45	142	1	876.783
1.047198	2.407836	1.410646	146	7	133	876.759
1.570796	2.404280	-0.174044	28	139	0	876.701
-2.356194	0.961715	0.014085	156	36	0	876.630
-1.832596	1.732874	-0.951685	155	38	8	876.627
-1.570796	1.168678	2.108595	157	12	143	876.529
-2.356194	1.433411	-1.035986	17	26	9	876.505
0.261799	0.419640	2.974122	142	142	9	876.399
1.832596	1.736875	3.023612	31	25	17	876.021
0.523599	1.025536	1.576859	136	155	144	875.809
-0.523599	2.251330	-2.330739	36	141	157	875.673
0.523599	1.488617	1.159546	25	157	136	875.673
0.523599	0.203748	0.590255	10	138	6	875.648
1.832596	0.910508	1.903534	147	158	142	875.578
-0.261799	1.809167	1.213774	125	158	143	875.543
-1.570796	2.164094	-2.991358	117	146	157	875.513
-3.141593	2.455966	-0.641220	34	22	158	875.350
-1.570796	1.195355	1.200319	141	14	145	875.273
1.570796	1.599406	1.426070	139	18	132	875.205
-1.570796	1.214854	-1.966664	27	10	20	874.996
-3.141593	0.496451	0.593859	19	28	14	874.904
-0.785398	2.984978	1.954446	49	136	155	874.859
1.570796	0.866955	-0.931351	32	127	0	874.844
2.879793	0.992645	-1.723759	6	148	6	874.836
-1.047198	1.194549	-0.801900	14	19	7	874.766
-1.832596	2.033014	2.977192	138	146	10	874.758
2.356194	0.992645	-1.723759	28	5	20	874.671
-2.356194	1.756530	-2.105156	23	139	0	874.657
1.570796	2.396274	-1.959260	33	158	16	874.604
0.000000	0.866395	-2.492918	25	143	18	874.556
-2.617994	2.455966	-0.641220	121	9	133	874.384
-1.570796	1.256302	0.062705	145	25	14	874.302
2.094395	0.615174	-0.666022	145	140	158	874.299
2.094395	1.256302	0.062705	51	153	148	874.293
1.047198	1.683268	0.374177	137	147	144	874.264
2.617994	1.413347	-1.339188	158	21	23	874.243
0.785398	0.640596	-2.797608	40	15	3	874.220
0.523599	2.724429	-0.348782	15	139	0	874.173
2.356194	1.448123	-2.163292	18	19	20	874.121
0.000000	2.704512	1.488683	141	11	136	873.847
-2.356194	1.998705	2.370472	111	11	151	873.798
-1.047198	0.619654	-2.216909	28	10	20	873.727
0.785398	1.736875	3.023612	21	22	150	873.605
2.617994	2.396274	-1.959260	149	31	6	873.559
-3.141593	1.545873	-1.877082	148	39	2	873.489
-2.356194	2.187132	-0.479875	116	9	138	873.351
2.356194	1.194549	-0.801900	29	148	13	873.271
-1.570796	2.349581	-2.702517	132	154	11	873.130
-2.356194	2.073035	2.027405	7	145	145	873.096
-2.356194	0.370812	-2.547742	153	149	9	873.094
-0.523599	0.899350	-2.069907	19	145	18	872.954
-1.570796	1.721184	-0.153948	138	19	135	872.854
1.047198	0.733948	3.021411	23	38	7	872.682
-1.308997	0.831641	0.616218	129	11	143	872.659
-1.832596	1.113094	-0.272241	17	38	154	872.546
1.308997	0.674054	1.013609	52	151	155	872.516
-1.570796	1.569311	-3.003978	143	147	13	872.471
-2.879793	2.637879	2.121598	115	158	142	872.355
0.785398	1.050534	3.042579	39	131	9	872.266
2.879793	2.637879	2.121598	8	150	143	872.213
2.617994	0.674054	1.013609	28	28	14	872.029
-0.785398	0.571433	-1.188419	14	22	12	872.023
-0.785398	1.504028	0.636812	121	10	157	872.012
1.308997	0.615174	-0.666022	31	126	158	871.888
1.308997	2.108018	1.311430	5	9	135	871.784
2.617994	0.864993	2.278281	33	24	17	871.646
2.356194	1.050534	3.042579	126	8	151	871.601
-2.094395	1.325504	-1.671296	157	29	27	871.528
2.879793	1.617114	-1.572037	32	21	13	871.465
-2.617994	0.615174	-0.666022	38	150	3	871.375
-1.047198	2.089241	-0.114193	122	17	6	871.184
-0.785398	1.391910	3.030322	38	152	143	871.171
0.261799	1.506530	1.988858	30	0	143	870.968
1.047198	1.256302	0.062705	53	144	159	870.950
2.617994	1.014500	0.906702	30	33	9	870.733
-0.523599	2.984978	1.954446	128	154	129	870.709
0.785398	1.134497	-1.109631	46	134	2	870.575
-2.356194	2.404280	-0.174044	120	9	135	870.475
1.570796	1.846342	-1.796954	26	17	7	870.392
-0.261799	1.545873	-1.877082	9	127	153	870.379
1.570796	1.134796	2.434290	17	38	4	870.194
2.617994	1.904882	-1.478089	32	20	9	870.181
0.523599	2.343981	-1.040456	133	148	4	870.169
-1.832596	1.128190	-2.288622	20	137	1	870.168
0.261799	0.866955	-0.931351	134	20	18	870.105
0.785398	1.433411	-1.035986	140	147	12	869.954
-2.617994	1.367556	0.358405	140	12	128	869.904
1.832596	1.194549	-0.801900	46	139	2	869.871
-1.047198	0.960688	-0.577532	151	20	22	869.824
-1.570796	1.741644	-2.695914	146	152	155	869.674
-0.523599	1.128190	-2.288622	37	146	7	869.619
0.261799	1.741644	-2.695914	32	130	5	869.612
-0.785398	1.741644	-2.695914	36	139	152	869.578
0.261799	1.025536	1.576859	133	149	144	869.528
-2.356194	0.864993	2.278281	120	1	150	869.375
-2.879793	0.685216	-1.712745	18	139	0	869.229
-3.141593	2.407836	1.410646	5	148	139	869.138
-2.617994	1.433411	-1.035986	37	31	7	869.099
-2.094395	0.961715	0.014085	11	33	156	868.886
-1.570796	1.869911	2.701025	146	139	2	868.781
-2.617994	0.960688	-0.577532	11	37	0	868.480
-1.832596	0.910508	1.903534	124	1	146	868.429
-2.356194	1.658653	-2.409879	17	137	157	868.395
0.261799	1.872854	1.543456	19	3	137	868.314
-2.094395	1.413430	2.550734	7	143	153	868.287
-1.832596	1.846342	-1.796954	15	29	17	868.266
2.356194	1.417623	-0.202254	31	144	11	868.147
1.570796	2.115563	0.685730	155	2	133	868.042
0.000000	1.606104	-0.451151	0	138	156	867.962
-1.832596	2.979456	-1.009304	132	16	140	867.771
-0.261799	1.554776	0.100351	120	152	138	867.721
2.356194	1.948085	-2.363031	23	28	16	867.297
-2.617994	1.335669	0.897240	24	26	151	867.257
-0.261799	1.413347	-1.339188	150	159	23	867.236
-2.617994	0.709924	0.218797	155	37	2	867.156
-2.879793	1.168678	2.108595	121	9	146	867.123
-2.879793	2.881233	-2.582574	131	14	137	867.117
-3.141593	1.134796	2.434290	131	4	142	867.101
-2.094395	1.948085	-2.363031	155	158	12	866.864
-1.832596	2.664082	-1.071402	133	4	126	866.743
-2.617994	2.073035	2.027405	7	140	144	866.727
-0.523599	1.872854	1.543456	12	155	139	866.492
1.308997	2.001437	0.381215	5	150	10	866.488
0.261799	1.824694	1.850876	51	149	142	866.375
1.570796	2.592629	0.909713	126	2	132	866.268
-3.141593	1.875281	0.107086	41	157	2	866.232
2.617994	1.113094	-0.272241	35	141	0	866.201
1.308997	1.450119	-2.739050	154	27	27	866.193
-0.523599	0.992645	-1.723759	36	8	5	866.167
1.570796	0.619654	-2.216909	133	22	14	866.121
-2.094395	2.063651	-2.044600	25	139	3	866.052
-1.570796	0.992645	-1.723759	30	136	5	865.855
0.261799	0.850607	-1.335383	25	129	11	865.812
1.308997	0.419640	2.974122	39	19	4	865.723
2.356194	2.664082	-1.071402	38	14	3	865.585
-0.785398	1.998705	2.370472	149	150	141	865.389
2.094395	1.872854	1.543456	137	153	143	865.319
-2.617994	0.961715	0.014085	0	35	1	865.273
2.356194	0.379747	-1.713059	29	134	15	865.153
2.094395	2.664082	-1.071402	47	157	151	865.067
-0.523599	1.977582	0.969896	136	156	131	865.003
1.047198	2.396274	-1.959260	28	152	15	864.978
-3.141593	1.809167	1.213774	126	8	134	864.974
1.047198	1.135834	-1.431087	20	137	18	864.956
-1.832596	1.982574	-1.115518	114	11	142	864.915
2.617994	2.033014	2.977192	153	35	1	864.771
2.356194	2.760637	2.781135	148	30	146	864.633
2.617994	2.704512	1.488683	123	156	135	864.609
0.000000	0.685216	-1.712745	16	128	12	864.532
-0.523599	0.700570	1.559208	138	136	149	864.521
0.785398	0.733948	3.021411	28	37	7	864.414
2.094395	1.134497	-1.109631	46	143	7	864.336
2.617994	1.335669	0.897240	156	154	149	864.321
2.356194	1.599406	1.426070	146	156	142	864.241
2.094395	2.592629	0.909713	18	158	136	864.206
2.617994	1.135813	-2.658866	155	24	28	864.146
2.617994	1.367556	0.358405	43	147	5	864.056
2.356194	0.458961	-0.107937	36	142	6	864.042
0.785398	2.719179	-1.780644	43	150	154	863.916
-0.261799	2.881233	-2.582574	143	141	3	863.742
-2.879793	1.135813	-2.658866	3	150	157	863.609
-1.832596	0.685216	-1.712745	30	10	19	863.588
0.000000	1.450119	-2.739050	143	141	1	863.535
2.356194	2.187132	-0.479875	34	149	5	863.518
-1.832596	2.180315	-1.357379	141	38	16	863.444
1.570796	2.863997	0.549740	16	137	149	863.338
0.261799	1.977582	0.969896	22	159	134	863.225
-0.523599	1.741644	-2.695914	142	149	18	863.208
1.047198	2.033014	2.977192	53	156	154	863.187
1.570796	2.164094	-2.991358	148	26	159	863.165
-1.047198	2.063651	-2.044600	17	135	1	863.081
0.523599	2.001437	0.381215	121	153	2	863.048
-3.141593	1.554776	0.100351	40	148	155	862.928
2.879793	1.506530	1.988858	152	36	21	862.876
-0.261799	2.251330	-2.330739	38	156	3	862.810
0.261799	1.450119	-2.739050	29	126	4	862.771
-2.356194	1.555207	1.708892	9	146	140	862.766
-2.094395	1.506530	1.988858	133	0	141	862.700
0.785398	2.104282	-0.813972	115	142	149	862.584
2.356194	1.128190	-2.288622	47	23	5	862.566
-3.141593	0.906588	1.252948	19	28	17	862.554
0.000000	0.961715	0.014085	157	136	157	862.500
1.570796	2.881233	-2.582574	138	154	126	862.498
0.261799	2.108018	1.311430	130	157	140	862.382
-2.356194	0.640596	-2.797608	23	140	20	862.286
-2.356194	1.214854	-1.966664	153	155	14	862.246
-0.261799	1.194549	-0.801900	11	126	0	862.216
-3.141593	2.984978	1.954446	20	137	156	862.197
-0.785398	1.218453	2.777284	143	152	22	862.108
-2.879793	2.379497	0.561089	126	25	142	862.071
1.047198	1.732874	-0.951685	146	10	20	862.067
-0.261799	1.440580	2.260026	56	143	149	862.017
-2.879793	0.700570	1.559208	157	29	153	861.854
-1.308997	0.866395	-2.492918	16	146	18	861.776
2.094395	1.766067	2.153843	134	155	138	861.756
-0.523599	1.014500	0.906702	121	0	151	861.740
-0.261799	0.640596	-2.797608	36	151	17	861.528
0.000000	0.866955	-0.931351	26	128	10	861.449
-2.879793	1.909857	-0.381669	141	33	151	861.400
-1.832596	2.393226	1.857173	109	4	144	861.286
0.261799	1.510910	-0.740472	158	142	6	861.272
0.785398	2.407836	1.410646	130	0	139	861.236
1.570796	2.478122	2.609777	133	11	143	861.148
-0.261799	1.696674	-1.253233	148	157	21	861.108
-1.308997	0.762244	-0.273349	152	22	21	861.072
1.047198	1.574060	2.783565	25	35	7	861.051
-1.047198	1.982574	-1.115518	143	9	20	861.043
-2.617994	2.343981	-1.040456	126	10	132	860.946
2.356194	2.588535	-2.976617	156	35	8	860.870
1.832596	2.455966	-0.641220	36	127	148	860.821
1.570796	1.510910	-0.740472	25	145	11	860.724
-1.832596	1.869911	2.701025	142	141	2	860.484
0.785398	0.203748	0.590255	48	134	154	860.451
1.308997	2.724429	-0.348782	33	137	150	860.328
-1.570796	1.696674	-1.253233	16	155	13	860.290
-0.785398	1.846342	-1.796954	10	24	15	860.099
1.570796	0.831641	0.616218	48	144	153	860.060
0.261799	1.045978	0.343692	36	131	10	860.043
0.785398	1.824694	1.850876	35	159	140	859.871
-1.308997	0.992645	-1.723759	36	154	8	859.829
0.261799	2.063651	-2.044600	18	154	18	859.789
2.879793	0.418037	1.360082	35	17	151	859.680
2.094395	1.440580	2.260026	9	39	156	859.636
0.261799	2.251330	-2.330739	133	139	159	859.528
1.570796	2.153910	-1.714959	147	19	17	859.502
-1.570796	0.700570	1.559208	126	7	147	859.460
0.000000	0.618092	2.539118	37	145	17	859.459
-1.308997	2.396274	-1.959260	132	0	10	859.454
-0.261799	1.904882	-1.478089	133	139	136	859.399
-2.617994	0.290380	-0.796960	37	159	14	859.270
0.785398	2.588535	-2.976617	54	143	158	859.186
-2.879793	2.073035	2.027405	115	1	141	859.133
2.617994	1.194549	-0.801900	39	147	9	859.111
1.570796	1.025536	1.576859	49	10	13	859.099
-1.047198	2.343981	-1.040456	110	8	155	859.077
-1.047198	1.545873	-1.877082	16	29	16	859.072
-2.617994	2.108018	1.311430	121	4	136	858.825
2.617994	2.404280	-0.174044	38	151	4	858.822
-1.308997	1.256302	0.062705	144	24	10	858.783
-0.523599	0.910508	1.903534	12	138	20	858.761
-1.570796	1.433411	-1.035986	150	39	9	858.759
2.094395	2.455966	-0.641220	38	155	8	858.651
2.356194	1.696674	-1.253233	22	10	13	858.610
0.261799	2.073035	2.027405	52	150	144	858.395
0.000000	2.760637	2.781135	135	141	133	858.371
2.094395	1.433411	-1.035986	152	144	5	858.367
1.570796	0.297065	2.160177	140	40	11	858.334
-0.261799	0.419640	2.974122	41	149	14	858.319
-0.523599	1.846342	-1.796954	149	153	16	858.266
1.832596	1.134497	-1.109631	40	128	156	858.155
2.356194	2.138223	1.678323	136	154	141	858.141
-1.570796	2.379497	0.561089	141	29	8	858.061
2.356194	2.704512	1.488683	7	150	141	857.979
-1.570796	0.910508	1.903534	158	137	0	857.918
-2.094395	0.866395	-2.492918	153	153	17	857.891
-2.879793	0.960688	-0.577532	37	151	5	857.783
2.617994	2.863997	0.549740	138	145	156	857.582
-1.308997	1.417623	-0.202254	28	19	3	857.547
-1.308997	2.456751	-1.503343	109	6	159	857.382
2.356194	2.379497	0.561089	8	6	133	857.365
-0.261799	2.456751	-1.503343	135	148	130	857.357
-1.308997	0.640596	-2.797608	36	146	19	857.248
1.832596	2.349581	-2.702517	8	25	152	857.227
-2.356194	1.662363	0.915448	131	8	133	857.224
-1.308997	0.899350	-2.069907	33	135	158	857.162
-2.617994	1.014500	0.906702	22	29	153	857.144
-2.094395	2.187132	-0.479875	115	5	137	857.065
-1.832596	1.836682	-0.676006	23	13	11	856.774
-0.785398	2.478122	2.609777	153	153	140	856.729
2.879793	1.310100	1.488307	149	36	20	856.727
1.047198	1.128190	-2.288622	44	130	3	856.726
-2.617994	1.195355	1.200319	121	27	21	856.683
-2.356194	2.478122	2.609777	122	17	138	856.556
1.308997	1.909857	-0.381669	25	139	3	856.455
1.047198	1.948085	-2.363031	28	144	23	856.408
1.308997	1.440580	2.260026	18	9	140	856.395
1.047198	1.554776	0.100351	15	138	155	856.348
-1.570796	1.184361	0.625864	141	25	4	856.304
0.785398	2.637879	2.121598	154	147	133	856.294
0.523599	1.658653	-2.409879	34	130	5	856.262
0.785398	1.756530	-2.105156	31	17	3	856.193
-2.879793	1.450119	-2.739050	26	0	24	856.187
2.617994	1.846342	-1.796954	141	26	17	856.168
0.523599	0.961715	0.014085	40	133	9	856.109
1.570796	1.413347	-1.339188	36	129	6	855.934
2.617994	0.640596	-2.797608	25	12	23	855.873
-1.308997	2.295480	1.008277	117	145	139	855.784
-1.832596	2.863997	0.549740	125	150	130	855.658
-1.308997	2.251330	-2.330739	24	137	0	855.599
-1.832596	1.417623	-0.202254	19	36	151	855.598
2.094395	0.899350	-2.069907	32	1	20	855.497
2.617994	2.664082	-1.071402	34	13	6	855.448
-1.308997	1.812176	0.656819	147	17	140	855.445
2.356194	1.195355	1.200319	36	32	10	855.434
-2.617994	1.982574	-1.115518	33	13	8	855.240
0.000000	1.413347	-1.339188	138	135	149	855.224
0.523599	1.875281	0.107086	7	141	154	855.133
1.832596	2.724429	-0.348782	41	143	151	855.067
0.261799	1.335669	0.897240	36	129	6	855.043
-1.570796	1.683268	0.374177	144	24	142	854.697
1.308997	1.448123	-2.163292	19	158	23	854.542
1.570796	1.450119	-2.739050	151	28	27	854.497
2.356194	1.413430	2.550734	133	11	145	854.476
2.094395	0.866395	-2.492918	148	8	33	854.441
0.261799	2.033014	2.977192	47	139	159	854.411
2.356194	2.719179	-1.780644	30	27	154	854.101
1.308997	1.555207	1.708892	139	151	140	854.090
1.570796	1.736875	3.023612	22	30	16	854.023
2.617994	0.571433	-1.188419	154	147	4	854.000
0.261799	1.998705	2.370472	53	147	150	853.909
-1.308997	1.948085	-2.363031	137	156	14	853.882
-0.523599	1.413347	-1.339188	3	129	155	853.802
1.570796	0.370812	-2.547742	38	146	20	853.598
-0.523599	1.506530	1.988858	51	138	144	853.574
1.832596	2.979456	-1.009304	44	2	157	853.513
2.356194	1.869911	2.701025	131	20	149	853.448
-0.261799	2.349581	-2.702517	40	144	153	853.406
2.879793	2.153910	-1.714959	143	29	15	853.370
2.094395	1.555207	1.708892	141	156	141	853.366
0.785398	1.450119	-2.739050	41	131	3	853.298
-2.879793	1.872854	1.543456	14	142	136	853.175
-2.879793	1.766067	2.153843	116	16	152	852.972
0.523599	0.591903	2.010408	45	147	9	852.809
-0.785398	1.948085	-2.363031	36	137	155	852.736
-2.879793	1.554776	0.100351	136	35	158	852.701
-0.261799	1.134497	-1.109631	10	126	1	852.323
0.000000	1.662363	0.915448	122	158	148	852.305
1.308997	2.104282	-0.813972	139	143	0	852.206
1.047198	1.504028	0.636812	137	148	145	852.060
1.047198	1.218453	2.777284	44	133	8	851.933
0.523599	1.325504	-1.671296	35	127	0	851.818
1.308997	1.413430	2.550734	52	149	8	851.803
-2.356194	1.569311	-3.003978	136	151	14	851.756
-0.523599	1.195355	1.200319	116	4	152	851.729
-3.141593	2.579248	-2.364801	124	21	156	851.705
1.308997	2.455966	-0.641220	47	145	155	851.680
-1.308997	1.736875	3.023612	147	146	12	851.672
-1.047198	0.418037	1.360082	121	8	151	851.659
-1.832596	1.374601	-2.456031	11	141	5	851.527
0.261799	0.674054	1.013609	37	137	16	851.385
-1.570796	2.393226	1.857173	147	145	135	851.353
1.308997	0.418037	1.360082	47	148	0	851.319
0.261799	2.760637	2.781135	33	21	152	851.260
-0.785398	1.875281	0.107086	133	17	132	851.241
2.094395	2.041297	-2.664597	44	22	6	851.092
2.617994	0.850607	-1.335383	40	29	7	851.013
0.785398	2.760637	2.781135	157	147	134	850.923
-0.785398	0.640596	-2.797608	24	143	17	850.844
-2.617994	0.864993	2.278281	121	4	150	850.734
-2.094395	1.741644	-2.695914	138	155	15	850.627
0.261799	1.242974	-2.977882	26	125	5	850.605
0.000000	2.984978	1.954446	149	150	129	850.564
-2.094395	1.014500	0.906702	140	27	2	850.533
0.000000	2.108018	1.311430	129	154	138	850.447
1.832596	2.664082	-1.071402	44	2	0	850.443
1.308997	1.014500	0.906702	27	156	138	850.417
-1.308997	2.393226	1.857173	158	138	145	850.334
0.523599	0.700570	1.559208	35	144	21	850.287
-1.047198	1.184361	0.625864	136	11	141	850.208
-0.523599	2.138223	1.678323	52	144	141	850.151
1.832596	1.214854	-1.966664	39	143	16	850.086
2.617994	2.138223	1.678323	122	9	136	849.658
2.356194	0.700570	1.559208	3	5	145	849.655
-2.617994	1.113094	-0.272241	25	31	2	849.641
0.785398	1.440580	2.260026	25	12	145	849.628
-0.523599	2.456751	-1.503343	14	136	159	849.460
-1.308997	1.214854	-1.966664	32	134	1	849.392
-1.570796	1.554776	0.100351	27	21	3	849.367
-0.261799	1.488617	1.159546	124	155	146	849.091
-2.879793	2.187132	-0.479875	123	17	138	849.008
0.000000	1.335669	0.897240	124	3	149	848.989
-1.308997	1.433411	-1.035986	16	20	9	848.983
2.094395	0.419640	2.974122	159	29	10	848.951
-2.617994	1.555207	1.708892	110	11	155	848.932
2.094395	1.374601	-2.456031	147	22	29	848.801
0.261799	2.041297	-2.664597	28	24	155	848.605
-2.879793	1.247695	1.809890	143	21	145	848.513
2.356194	1.325504	-1.671296	51	20	0	848.411
-1.047198	2.164094	-2.991358	40	150	156	848.392
2.094395	2.407836	1.410646	135	152	142	848.002
2.617994	0.866955	-0.931351	28	150	17	847.997
-0.785398	1.134796	2.434290	143	137	157	847.964
2.356194	2.247462	0.191623	157	153	133	847.964
2.094395	1.045978	0.343692	44	26	8	847.846
1.832596	2.588535	-2.976617	130	21	9	847.834
-0.785398	0.709924	0.218797	132	23	3	847.787
0.785398	1.504028	0.636812	18	154	135	847.753
-2.879793	1.696674	-1.253233	142	37	1	847.752
2.879793	1.134497	-1.109631	36	2	12	847.647
-0.261799	1.948085	-2.363031	134	143	3	847.603
-2.617994	2.033014	2.977192	112	2	153	847.536
0.261799	2.407836	1.410646	131	3	137	847.455
-0.261799	1.433411	-1.035986	10	127	156	847.395
0.000000	1.574060	2.783565	48	142	159	847.372
0.261799	1.301460	-0.509251	152	136	149	847.329
0.261799	2.588535	-2.976617	2	151	134	847.233
1.832596	1.574060	2.783565	17	38	7	847.208
-2.617994	2.881233	-2.582574	128	14	137	847.189
-1.308997	1.699788	2.452890	154	138	157	847.168
2.356194	1.450119	-2.739050	34	25	11	847.100
2.879793	1.325504	-1.671296	34	15	18	846.938
-1.570796	0.458961	-0.107937	159	21	12	846.922
-1.832596	1.756530	-2.105156	156	1	16	846.822
-2.617994	1.948085	-2.363031	144	159	11	846.817
-2.094395	1.135813	-2.658866	147	154	18	846.721
-0.785398	0.899350	-2.069907	42	156	2	846.535
-1.832596	2.579248	-2.364801	127	13	131	846.357
2.356194	0.640596	-2.797608	32	13	21	846.198
2.094395	1.948085	-2.363031	28	8	21	846.079
-2.356194	1.836682	-0.676006	15	13	15	845.955
2.617994	2.984978	1.954446	7	147	143	845.953
-3.141593	0.850607	-1.335383	136	37	19	845.943
1.308997	1.696674	-1.253233	27	129	4	845.931
-2.617994	1.617114	-1.572037	31	6	19	845.813
0.261799	2.180315	-1.357379	147	146	3	845.762
-0.523599	2.379497	0.561089	133	152	132	845.707
-1.570796	0.203748	0.590255	136	23	1	845.639
-3.141593	1.909857	-0.381669	36	156	3	845.581
1.832596	2.881233	-2.582574	13	28	151	845.557
2.879793	1.488617	1.159546	144	39	12	845.409
-1.570796	0.961715	0.014085	149	24	16	845.283
0.261799	1.374601	-2.456031	37	145	15	845.222
-2.879793	1.721184	-0.153948	139	34	152	845.205
2.356194	1.982574	-1.115518	35	153	9	845.149
-1.832596	0.866955	-0.931351	12	38	159	845.082
-2.094395	1.168678	2.108595	118	140	147	845.063
-2.617994	1.413347	-1.339188	33	12	13	845.053
0.785398	0.906588	1.252948	30	155	140	844.899
1.308997	2.979456	-1.009304	39	146	155	844.870
-1.832596	1.448123	-2.163292	148	2	19	844.866
1.570796	2.379497	0.561089	158	2	133	844.854
-1.832596	1.134796	2.434290	158	140	13	844.613
0.000000	2.592629	0.909713	126	1	139	844.571
-2.356194	2.881233	-2.582574	126	11	136	844.544
-1.570796	1.450119	-2.739050	24	143	24	844.530
1.047198	0.914445	2.687814	30	38	4	844.510
-2.879793	1.904882	-1.478089	32	12	13	844.495
1.832596	1.440580	2.260026	137	0	139	844.482
-1.832596	1.367556	0.358405	141	22	140	844.456
0.785398	0.571433	-1.188419	129	16	17	844.380
2.879793	2.164094	-2.991358	139	36	19	844.329
2.617994	2.153910	-1.714959	149	27	15	844.217
-1.832596	0.864993	2.278281	128	136	156	844.122
1.832596	2.104282	-0.813972	46	152	0	844.109
2.879793	2.456751	-1.503343	157	30	12	844.097
1.570796	0.640596	-2.797608	144	21	30	843.986
-2.356194	2.588535	-2.976617	126	12	134	843.686
-3.141593	1.417623	-0.202254	40	155	1	843.666
-2.356194	1.134796	2.434290	130	159	144	843.649
1.832596	2.637879	2.121598	132	30	152	843.529
2.094395	2.356369	3.005869	24	39	6	843.464
0.785398	2.041297	-2.664597	34	20	155	843.463
0.000000	1.545873	-1.877082	50	148	151	843.401
-2.879793	2.863997	0.549740	44	1	150	843.328
2.356194	0.910508	1.903534	37	25	13	843.326
-0.523599	0.640596	-2.797608	31	155	20	843.254
0.785398	1.025536	1.576859	43	139	12	843.246
2.094395	0.906588	1.252948	144	151	145	843.229
-0.785398	0.458961	-0.107937	136	23	2	843.094
2.617994	0.297065	2.160177	14	31	4	842.850
0.261799	1.325504	-1.671296	34	16	6	842.841
-0.261799	2.063651	-2.044600	13	155	19	842.766
1.570796	2.719179	-1.780644	36	14	6	842.672
-2.094395	0.850607	-1.335383	27	152	14	842.540
1.832596	1.732874	-0.951685	139	8	16	842.537
0.523599	1.335669	0.897240	1	142	159	842.486
-2.879793	1.448123	-2.163292	147	24	29	842.393
2.879793	0.674054	1.013609	18	29	16	842.292
2.617994	1.574060	2.783565	132	34	16	842.243
-0.261799	2.592629	0.909713	129	19	9	842.124
1.047198	0.674054	1.013609	45	138	155	842.112
1.832596	2.984978	1.954446	132	8	134	842.039
-2.617994	1.488617	1.159546	118	29	15	841.948
1.047198	1.909857	-0.381669	18	141	6	841.864
-3.141593	1.977582	0.969896	47	12	155	841.815
1.047198	2.393226	1.857173	130	4	143	841.802
2.879793	1.025536	1.576859	154	4	144	841.795
-2.879793	0.674054	1.013609	24	30	158	841.764
-2.094395	0.864993	2.278281	119	158	151	841.753
-1.570796	1.310100	1.488307	136	8	142	841.651
-0.785398	0.866395	-2.492918	37	136	154	841.545
-2.356194	2.104282	-0.813972	31	2	8	841.516
-2.617994	1.824694	1.850876	115	14	149	841.337
-2.356194	1.301460	-0.509251	35	12	5	841.266
-1.047198	0.674054	1.013609	134	4	146	841.257
1.832596	2.063651	-2.044600	31	1	18	841.076
-0.261799	0.762244	-0.273349	145	134	1	841.018
-1.832596	1.658653	-2.409879	157	157	15	840.799
0.523599	2.760637	2.781135	56	147	152	840.767
-0.261799	1.510910	-0.740472	6	26	2	840.763
2.879793	2.063651	-2.044600	13	31	7	840.729
0.785398	1.134796	2.434290	48	11	7	840.629
-2.094395	1.662363	0.915448	119	4	137	840.613
-2.094395	1.982574	-1.115518	27	18	9	840.485
1.308997	2.379497	0.561089	157	158	133	840.464
1.832596	1.256302	0.062705	155	148	150	840.422
1.047198	0.458961	-0.107937	35	125	152	840.359
0.000000	2.247462	0.191623	122	3	9	840.341
2.617994	0.866395	-2.492918	154	20	30	840.279
2.094395	2.588535	-2.976617	43	28	155	840.268
1.832596	1.977582	0.969896	155	7	135	840.189
0.000000	1.909857	-0.381669	114	154	145	840.160
1.047198	1.696674	-1.253233	23	128	4	840.125
2.356194	2.724429	-0.348782	43	155	0	840.061
-1.832596	2.251330	-2.330739	145	0	12	839.974
-1.047198	0.700570	1.559208	157	140	156	839.846
-2.094395	1.301460	-0.509251	33	10	9	839.670
-0.261799	0.674054	1.013609	124	1	149	839.666
2.617994	1.599406	1.426070	145	155	143	839.646
2.617994	0.615174	-0.666022	54	157	159	839.646
-0.785398	0.379747	-1.713059	135	37	18	839.635
-1.047198	2.664082	-1.071402	13	149	133	839.625
1.832596	1.448123	-2.163292	30	148	24	839.598
0.000000	1.374601	-2.456031	36	139	7	839.589
-2.094395	0.960688	-0.577532	13	39	153	839.527
-1.570796	0.379747	-1.713059	34	158	16	839.479
0.523599	0.379747	-1.713059	141	25	10	839.350
1.308997	0.496451	0.593859	41	135	159	839.321
-1.570796	1.135834	-1.431087	19	153	15	839.288
1.308997	1.812176	0.656819	13	136	1	839.263
-2.094395	2.579248	-2.364801	121	11	138	839.181
2.094395	1.574060	2.783565	133	6	137	839.088
-2.879793	1.128190	-2.288622	142	38	18	838.989
-0.785398	1.699788	2.452890	35	158	142	838.977
-1.308997	2.478122	2.609777	154	156	142	838.820
2.879793	0.709924	0.218797	41	148	151	838.774
-2.356194	1.766067	2.153843	110	8	155	838.704
-0.523599	1.025536	1.576859	129	159	144	838.681
0.785398	2.664082	-1.071402	32	136	155	838.621
-2.094395	2.592629	0.909713	120	5	133	838.618
-1.308997	2.592629	0.909713	123	151	133	838.497
-2.356194	1.872854	1.543456	115	1	142	838.232
1.832596	0.762244	-0.273349	158	143	153	838.137
-0.785398	0.992645	-1.723759	39	6	3	838.045
-2.879793	2.108018	1.311430	120	147	136	838.005
0.523599	1.617114	-1.572037	35	128	154	837.995
1.570796	1.504028	0.636812	140	151	145	837.987
-2.094395	2.863997	0.549740	35	21	154	837.985
-2.356194	2.180315	-1.357379	27	17	11	837.893
-2.617994	1.374601	-2.456031	8	145	159	837.859
-0.785398	1.194549	-0.801900	139	16	22	837.841
-1.570796	1.555207	1.708892	133	3	140	837.676
-0.785398	1.545873	-1.877082	155	137	155	837.661
-0.785398	0.618092	2.539118	145	150	13	837.633
-0.785398	0.619654	-2.216909	41	152	6	837.449
-2.879793	2.407836	1.410646	119	144	138	836.987
2.879793	1.554776	0.100351	39	143	154	836.957
2.879793	1.433411	-1.035986	54	157	5	836.823
0.000000	1.448123	-2.163292	47	151	157	836.805
1.047198	1.301460	-0.509251	13	135	4	836.522
-1.308997	0.618092	2.539118	20	135	14	836.442
0.000000	1.766067	2.153843	52	142	147	836.366
-1.832596	2.379497	0.561089	121	158	133	836.322
-0.523599	2.407836	1.410646	149	12	137	836.288
-2.879793	2.251330	-2.330739	14	35	13	836.184
-2.094395	1.135834	-1.431087	2	31	24	836.178
2.356194	1.756530	-2.105156	148	27	18	836.048
1.308997	1.824694	1.850876	137	2	140	836.014
2.879793	1.128190	-2.288622	32	31	9	835.984
-1.308997	1.450119	-2.739050	25	137	4	835.904
-1.570796	1.736875	3.023612	140	144	10	835.779
1.570796	1.325504	-1.671296	39	139	12	835.753
-3.141593	2.396274	-1.959260	157	33	7	835.604
-3.141593	1.658653	-2.409879	149	39	9	835.594
2.879793	1.413347	-1.339188	51	138	159	835.563
0.785398	0.379747	-1.713059	30	136	20	835.525
-1.570796	1.374601	-2.456031	130	149	157	835.490
1.832596	1.662363	0.915448	137	8	128	835.422
2.356194	1.113094	-0.272241	53	151	152	835.371
-3.141593	1.413430	2.550734	128	7	142	835.331
1.570796	1.756530	-2.105156	24	32	156	835.277
0.000000	2.637879	2.121598	143	141	134	835.249
1.570796	1.554776	0.100351	149	147	149	835.230
-2.094395	0.910508	1.903534	114	7	155	835.197
-3.141593	0.709924	0.218797	21	33	10	835.184
0.000000	1.977582	0.969896	123	7	155	835.074
-0.785398	0.297065	2.160177	151	141	158	834.998
2.879793	0.906588	1.252948	148	154	145	834.990
1.570796	2.138223	1.678323	127	149	144	834.953
-2.356194	1.510910	-0.740472	21	36	152	834.760
2.617994	1.741644	-2.695914	146	30	27	834.644
1.047198	1.335669	0.897240	53	146	3	834.511
-1.308997	1.448123	-2.163292	36	143	0	834.501
-1.570796	0.850607	-1.335383	32	0	15	834.481
2.356194	2.180315	-1.357379	34	157	13	834.478
0.261799	0.203748	0.590255	148	140	1	834.364
-1.308997	2.187132	-0.479875	132	17	17	834.347
-2.094395	0.370812	-2.547742	153	149	9	834.316
1.832596	2.251330	-2.330739	153	26	12	834.236
-3.141593	1.504028	0.636812	133	39	4	834.219
0.523599	0.618092	2.539118	52	156	0	834.192
-0.785398	1.721184	-0.153948	128	16	135	834.060
-1.832596	1.599406	1.426070	135	9	140	833.995
-0.523599	1.569311	-3.003978	40	146	146	833.833
-1.570796	2.108018	1.311430	137	157	132	833.790
0.523599	0.419640	2.974122	45	159	4	833.716
-0.261799	1.683268	0.374177	124	153	135	833.697
-2.094395	1.836682	-0.676006	147	36	158	833.656
2.617994	1.488617	1.159546	141	13	128	833.594
-1.308997	0.419640	2.974122	36	137	13	833.568
-0.261799	2.588535	-2.976617	43	151	147	833.475
2.356194	1.391910	3.030322	123	9	153	833.452
1.832596	0.571433	-1.188419	33	127	4	833.426
0.261799	0.591903	2.010408	42	145	15	833.396
1.308997	0.685216	-1.712745	131	18	17	833.319
0.523599	1.948085	-2.363031	34	134	11	833.236
2.356194	2.579248	-2.364801	14	29	151	833.221
-2.356194	1.391910	3.030322	21	131	4	832.973
-1.570796	0.733948	3.021411	150	147	9	832.957
1.308997	1.194549	-0.801900	48	142	2	832.957
0.261799	2.637879	2.121598	148	143	133	832.774
-0.523599	2.073035	2.027405	53	139	146	832.764
2.356194	1.045978	0.343692	40	143	7	832.707
-1.570796	1.766067	2.153843	140	151	141	832.695
2.094395	0.618092	2.539118	18	18	144	832.628
2.094395	2.587733	0.232235	155	148	140	832.533
-1.570796	1.809167	1.213774	135	5	136	832.488
-1.570796	2.089241	-0.114193	141	23	16	832.335
-1.570796	2.180315	-1.357379	119	25	10	832.295
-1.570796	2.033014	2.977192	143	147	12	832.266
