144	1.2	1
-2.094395	0.619654	-2.216909
0.000000	0.000000	0.000000
2hym.pdb	0.099	0.754	11.020
model.B99990005.pdb	-26.884	-13.360	20.918
-1.308997	1.569311	-3.003978	0	64	5	0.070
-1.308997	1.574060	2.783565	7	65	8	0.066
2.617994	2.187132	-0.479875	141	64	15	0.064
-2.094395	2.404280	-0.174044	5	76	18	0.062
-1.570796	2.404280	-0.174044	10	75	23	0.062
-0.523599	2.404280	-0.174044	0	83	22	0.062
0.785398	0.618092	2.539118	142	76	6	0.062
0.785398	2.393226	1.857173	143	67	16	0.062
0.000000	0.419640	2.974122	3	76	1	0.062
-1.570796	0.370812	-2.547742	8	75	4	0.062
0.000000	0.866395	-2.492918	12	73	13	0.062
2.879793	0.864993	2.278281	139	76	11	0.062
0.000000	0.899350	-2.069907	7	76	7	0.062
-0.523599	1.134497	-1.109631	7	74	13	0.062
-3.141593	0.591903	2.010408	3	76	7	0.062
1.832596	0.591903	2.010408	136	75	142	0.062
1.308997	2.760637	2.781135	5	73	14	0.062
-0.261799	2.592629	0.909713	0	76	22	0.062
2.094395	2.456751	-1.503343	140	78	11	0.062
1.047198	2.138223	1.678323	135	76	8	0.062
-0.523599	1.977582	0.969896	141	75	11	0.062
1.308997	1.555207	1.708892	131	76	10	0.062
2.617994	0.297065	2.160177	143	76	1	0.062
-1.570796	2.104282	-0.813972	5	74	23	0.062
-0.523599	0.762244	-0.273349	3	75	4	0.062
0.261799	1.721184	-0.153948	137	76	15	0.062
-1.832596	1.391910	3.030322	141	74	7	0.062
2.617994	1.025536	1.576859	140	76	1	0.062
0.000000	1.732874	-0.951685	138	76	21	0.062
-3.141593	0.910508	1.903534	1	81	2	0.062
2.879793	0.910508	1.903534	4	80	2	0.062
-1.047198	1.875281	0.107086	140	74	13	0.062
-1.047198	0.709924	0.218797	1	76	5	0.062
-0.785398	1.658653	-2.409879	4	79	5	0.062
-2.617994	1.440580	2.260026	0	64	4	0.061
-1.308997	1.242974	-2.977882	138	67	4	0.061
-0.785398	1.569311	-3.003978	3	64	4	0.060
0.523599	2.187132	-0.479875	136	63	20	0.059
-0.261799	2.379497	0.561089	139	72	17	0.059
-1.308997	0.906588	1.252948	142	65	8	0.057
0.523599	2.247462	0.191623	137	64	14	0.057
-1.570796	0.496451	0.593859	3	66	2	0.056
-0.785398	1.135813	-2.658866	7	62	6	0.056
-0.261799	1.135813	-2.658866	0	63	8	0.056
-2.879793	1.574060	2.783565	136	76	6	0.055
1.047198	0.640596	-2.797608	139	64	6	0.055
2.879793	0.906588	1.252948	0	69	0	0.055
0.261799	1.812176	0.656819	137	63	8	0.055
-1.570796	2.247462	0.191623	13	83	14	0.055
0.523599	2.724429	-0.348782	140	76	21	0.055
1.832596	1.194549	-0.801900	138	72	8	0.055
-0.523599	1.909857	-0.381669	143	71	23	0.055
0.523599	2.356369	3.005869	1	81	16	0.055
1.308997	1.256302	0.062705	141	63	14	0.055
0.261799	2.407836	1.410646	139	67	9	0.055
-0.785398	2.089241	-0.114193	139	69	13	0.055
2.356194	1.168678	2.108595	136	71	0	0.055
1.308997	0.733948	3.021411	1	65	6	0.055
0.000000	2.455966	-0.641220	142	84	14	0.055
-2.094395	1.909857	-0.381669	8	85	21	0.054
-0.523599	0.640596	-2.797608	2	63	5	0.054
0.261799	1.569311	-3.003978	4	71	13	0.053
1.047198	1.569311	-3.003978	140	66	8	0.053
-2.879793	0.419640	2.974122	9	64	4	0.053
-1.308997	2.863997	0.549740	1	66	16	0.053
0.523599	1.510910	-0.740472	133	63	18	0.053
0.523599	1.050534	3.042579	7	69	9	0.053
-2.356194	0.700570	1.559208	143	61	1	0.053
0.000000	0.929350	-2.910676	0	71	5	0.053
-0.523599	1.417623	-0.202254	138	87	11	0.052
-0.785398	1.766067	2.153843	11	54	4	0.052
-2.356194	0.496451	0.593859	0	63	1	0.052
-2.356194	0.418037	1.360082	4	66	3	0.052
2.879793	1.506530	1.988858	0	63	4	0.052
-0.523599	0.866395	-2.492918	8	64	8	0.051
0.261799	2.115563	0.685730	141	71	7	0.051
1.832596	0.419640	2.974122	1	71	8	0.051
-2.094395	1.574060	2.783565	139	66	9	0.051
-0.523599	2.587733	0.232235	4	67	21	0.051
-2.617994	0.379747	-1.713059	136	71	7	0.051
-0.523599	0.379747	-1.713059	6	66	10	0.051
-3.141593	0.864993	2.278281	2	71	0	0.051
2.094395	2.724429	-0.348782	143	63	18	0.051
0.261799	1.504028	0.636812	142	86	9	0.051
-0.261799	0.899350	-2.069907	10	71	10	0.051
0.785398	2.984978	1.954446	141	63	18	0.051
2.356194	1.135834	-1.431087	139	61	11	0.051
-2.879793	1.909857	-0.381669	138	69	18	0.051
0.261799	1.909857	-0.381669	143	71	18	0.051
0.000000	1.367556	0.358405	141	61	10	0.051
-0.261799	2.001437	0.381215	0	71	16	0.051
2.094395	1.168678	2.108595	142	59	6	0.051
1.832596	1.606104	-0.451151	136	63	15	0.051
2.094395	0.297065	2.160177	2	64	8	0.051
-0.785398	1.242974	-2.977882	1	60	9	0.051
-1.308997	0.762244	-0.273349	141	57	7	0.051
-1.308997	1.050534	3.042579	141	71	5	0.051
2.094395	1.732874	-0.951685	143	63	15	0.051
1.047198	0.929350	-2.910676	139	70	5	0.051
2.879793	1.247695	1.809890	0	71	5	0.051
1.308997	0.914445	2.687814	2	71	10	0.051
2.879793	0.914445	2.687814	5	53	7	0.051
-0.261799	1.374601	-2.456031	1	68	9	0.050
0.000000	1.554776	0.100351	140	88	8	0.050
0.523599	1.569311	-3.003978	2	62	6	0.050
-0.523599	1.574060	2.783565	8	87	8	0.050
0.523599	0.864993	2.278281	8	64	9	0.050
-1.570796	1.310100	1.488307	0	91	0	0.050
-0.523599	1.510910	-0.740472	141	66	17	0.050
-1.308997	1.872854	1.543456	1	64	14	0.050
-0.261799	1.128190	-2.288622	143	71	5	0.050
-3.141593	0.914445	2.687814	4	64	5	0.050
2.879793	2.979456	-1.009304	0	62	15	0.049
-0.261799	1.721184	-0.153948	143	63	15	0.049
-0.785398	0.899350	-2.069907	2	88	3	0.049
0.785398	1.741644	-2.695914	6	64	10	0.049
1.308997	1.554776	0.100351	133	71	10	0.049
2.094395	0.618092	2.539118	137	64	1	0.049
-1.570796	0.615174	-0.666022	4	64	15	0.049
-0.785398	1.574060	2.783565	7	68	9	0.049
1.308997	0.850607	-1.335383	132	71	11	0.049
-0.523599	2.979456	-1.009304	132	69	16	0.049
-0.785398	2.343981	-1.040456	143	70	26	0.049
-0.261799	1.504028	0.636812	1	87	6	0.049
-1.832596	2.174483	2.653697	143	69	3	0.049
-2.094395	2.664082	-1.071402	142	69	20	0.049
-0.261799	2.984978	1.954446	4	67	14	0.049
1.308997	1.045978	0.343692	132	64	5	0.049
2.879793	1.836682	-0.676006	138	64	12	0.049
-1.047198	2.349581	-2.702517	10	64	11	0.049
-2.879793	1.168678	2.108595	137	54	142	0.049
-2.356194	1.168678	2.108595	5	71	7	0.049
-1.832596	1.168678	2.108595	12	61	6	0.049
1.570796	2.478122	2.609777	140	63	14	0.049
0.523599	2.637879	2.121598	141	64	14	0.049
-0.261799	0.571433	-1.188419	5	67	10	0.049
2.617994	1.982574	-1.115518	10	65	25	0.049
1.047198	1.242974	-2.977882	141	70	9	0.049
-1.047198	2.104282	-0.813972	3	69	19	0.049
0.785398	0.929350	-2.910676	4	71	7	0.049
-1.308997	1.875281	0.107086	0	66	9	0.049
1.047198	1.875281	0.107086	143	64	18	0.049
-3.141593	0.418037	1.360082	140	64	6	0.049
-2.617994	0.418037	1.360082	141	64	6	0.049
1.570796	1.214854	-1.966664	135	71	23	0.049
-2.879793	0.914445	2.687814	3	64	5	0.049
-1.047198	1.135813	-2.658866	9	62	2	0.049
2.356194	2.393226	1.857173	1	63	10	0.049
-0.261799	0.992645	-1.723759	0	89	0	0.048
0.000000	1.218453	2.777284	5	64	10	0.048
2.879793	1.134796	2.434290	1	51	143	0.048
-1.832596	0.906588	1.252948	137	71	3	0.048
-0.785398	2.247462	0.191623	140	64	12	0.048
2.356194	2.724429	-0.348782	136	63	16	0.048
-0.785398	1.909857	-0.381669	3	66	12	0.048
-0.523599	2.863997	0.549740	137	63	11	0.048
-0.261799	1.736875	3.023612	5	67	3	0.048
-2.879793	2.456751	-1.503343	1	88	21	0.048
1.832596	2.349581	-2.702517	142	71	13	0.048
0.000000	1.721184	-0.153948	133	64	18	0.048
0.261799	0.910508	1.903534	3	63	0	0.048
2.094395	0.910508	1.903534	141	63	1	0.048
-2.094395	0.674054	1.013609	142	88	143	0.048
0.785398	1.812176	0.656819	137	66	9	0.047
-0.523599	0.733948	3.021411	7	63	2	0.047
-0.523599	2.588535	-2.976617	140	68	9	0.047
0.261799	1.135813	-2.658866	12	63	13	0.047
1.570796	2.579248	-2.364801	139	85	15	0.047
-2.094395	1.450119	-2.739050	1	81	1	0.047
-1.832596	1.450119	-2.739050	143	76	143	0.047
-1.570796	1.450119	-2.739050	5	76	15	0.047
-1.047198	1.450119	-2.739050	5	76	10	0.047
-0.785398	1.450119	-2.739050	139	75	143	0.047
-0.523599	1.450119	-2.739050	14	63	15	0.047
0.261799	1.450119	-2.739050	2	76	13	0.047
-2.617994	2.404280	-0.174044	1	80	19	0.047
-2.356194	2.404280	-0.174044	1	76	23	0.047
-1.308997	2.404280	-0.174044	3	74	17	0.047
-0.261799	2.404280	-0.174044	142	76	24	0.047
1.570796	2.404280	-0.174044	138	76	16	0.047
2.094395	2.404280	-0.174044	0	80	23	0.047
2.356194	2.404280	-0.174044	139	71	14	0.047
2.617994	2.404280	-0.174044	140	76	13	0.047
-0.523599	2.115563	0.685730	3	76	16	0.047
-0.261799	2.115563	0.685730	5	77	14	0.047
0.523599	2.115563	0.685730	143	74	11	0.047
0.785398	2.115563	0.685730	139	77	18	0.047
-1.832596	1.756530	-2.105156	14	75	11	0.047
-3.141593	1.869911	2.701025	6	57	15	0.047
-2.879793	1.869911	2.701025	5	64	7	0.047
1.308997	1.869911	2.701025	2	73	10	0.047
1.832596	1.869911	2.701025	138	74	4	0.047
2.879793	1.869911	2.701025	0	76	11	0.047
-2.094395	0.458961	-0.107937	2	75	2	0.047
-1.832596	0.458961	-0.107937	9	74	14	0.047
-1.308997	0.458961	-0.107937	4	74	0	0.047
-1.047198	0.458961	-0.107937	143	69	4	0.047
0.523599	0.458961	-0.107937	136	75	3	0.047
1.047198	1.599406	1.426070	135	76	9	0.047
1.308997	1.599406	1.426070	130	80	9	0.047
-1.047198	1.554776	0.100351	4	77	8	0.047
-0.523599	1.554776	0.100351	1	75	16	0.047
-0.261799	1.554776	0.100351	9	79	16	0.047
1.570796	1.554776	0.100351	129	80	8	0.047
1.832596	1.554776	0.100351	143	75	20	0.047
-3.141593	0.618092	2.539118	0	74	8	0.047
-2.879793	0.618092	2.539118	141	71	5	0.047
-2.356194	0.618092	2.539118	9	76	10	0.047
0.523599	0.618092	2.539118	143	75	3	0.047
1.047198	0.618092	2.539118	1	75	9	0.047
1.308997	0.618092	2.539118	12	75	8	0.047
1.570796	0.618092	2.539118	140	75	6	0.047
2.356194	0.618092	2.539118	5	74	11	0.047
2.617994	0.618092	2.539118	0	76	10	0.047
2.617994	1.846342	-1.796954	1	73	24	0.047
-3.141593	0.615174	-0.666022	6	47	9	0.047
-1.047198	0.615174	-0.666022	143	78	10	0.047
-0.785398	0.615174	-0.666022	1	83	11	0.047
-0.523599	2.393226	1.857173	9	83	12	0.047
0.000000	2.393226	1.857173	5	74	17	0.047
0.261799	2.393226	1.857173	142	74	14	0.047
1.047198	2.393226	1.857173	137	77	7	0.047
2.094395	2.393226	1.857173	142	55	11	0.047
-2.356194	1.569311	-3.003978	15	76	9	0.047
-2.094395	1.569311	-3.003978	1	75	1	0.047
-1.832596	1.569311	-3.003978	8	83	9	0.047
-0.261799	1.569311	-3.003978	2	83	10	0.047
-2.094395	0.419640	2.974122	139	74	10	0.047
-0.261799	0.419640	2.974122	13	84	6	0.047
0.261799	0.419640	2.974122	5	77	10	0.047
1.047198	0.419640	2.974122	2	78	1	0.047
1.308997	0.419640	2.974122	3	80	12	0.047
1.570796	0.419640	2.974122	5	69	9	0.047
2.356194	0.419640	2.974122	0	81	7	0.047
2.879793	0.419640	2.974122	1	83	8	0.047
-3.141593	1.134796	2.434290	1	83	0	0.047
-2.879793	1.134796	2.434290	8	76	15	0.047
-1.832596	1.134796	2.434290	1	63	0	0.047
-0.523599	1.134796	2.434290	0	76	1	0.047
0.261799	1.134796	2.434290	8	76	8	0.047
1.047198	1.134796	2.434290	140	76	2	0.047
1.308997	1.134796	2.434290	0	73	12	0.047
2.094395	1.134796	2.434290	140	77	4	0.047
2.617994	1.134796	2.434290	138	75	2	0.047
-2.617994	1.574060	2.783565	134	47	8	0.047
0.261799	1.574060	2.783565	0	78	8	0.047
0.523599	1.574060	2.783565	5	76	10	0.047
0.785398	1.574060	2.783565	14	71	9	0.047
1.308997	1.574060	2.783565	140	78	10	0.047
2.094395	1.574060	2.783565	137	75	7	0.047
2.356194	1.574060	2.783565	130	84	10	0.047
-2.356194	2.587733	0.232235	137	75	21	0.047
-2.094395	2.587733	0.232235	3	78	20	0.047
-1.570796	2.587733	0.232235	142	75	10	0.047
-1.308997	2.587733	0.232235	3	69	17	0.047
-1.047198	2.587733	0.232235	141	80	14	0.047
-0.785398	2.587733	0.232235	6	78	23	0.047
0.000000	2.587733	0.232235	6	75	19	0.047
1.047198	2.587733	0.232235	139	76	17	0.047
1.570796	2.587733	0.232235	6	78	18	0.047
1.832596	2.587733	0.232235	7	76	21	0.047
-1.832596	1.413430	2.550734	12	74	15	0.047
-1.570796	1.413430	2.550734	4	76	5	0.047
-0.523599	1.413430	2.550734	5	76	5	0.047
0.785398	1.413430	2.550734	1	73	13	0.047
1.047198	1.413430	2.550734	141	78	9	0.047
1.308997	1.413430	2.550734	132	76	10	0.047
1.570796	1.413430	2.550734	140	63	13	0.047
1.832596	1.413430	2.550734	1	78	13	0.047
2.356194	1.413430	2.550734	139	77	13	0.047
-1.570796	1.417623	-0.202254	11	76	9	0.047
-1.047198	1.417623	-0.202254	142	77	16	0.047
-0.785398	1.417623	-0.202254	9	72	10	0.047
-0.261799	1.417623	-0.202254	139	76	15	0.047
0.000000	1.417623	-0.202254	142	76	14	0.047
1.832596	1.417623	-0.202254	136	59	12	0.047
-3.141593	0.850607	-1.335383	133	76	3	0.047
-2.617994	0.850607	-1.335383	137	76	9	0.047
-2.094395	0.850607	-1.335383	2	76	8	0.047
-1.832596	0.850607	-1.335383	3	76	8	0.047
-1.570796	0.850607	-1.335383	10	76	6	0.047
-1.308997	0.850607	-1.335383	4	77	8	0.047
-1.047198	0.850607	-1.335383	12	81	6	0.047
-0.785398	0.850607	-1.335383	9	75	9	0.047
0.000000	0.850607	-1.335383	2	75	7	0.047
-0.261799	0.370812	-2.547742	10	76	14	0.047
0.000000	0.370812	-2.547742	4	76	6	0.047
0.523599	0.370812	-2.547742	4	76	10	0.047
2.617994	0.370812	-2.547742	2	76	7	0.047
-2.879793	0.640596	-2.797608	2	80	11	0.047
-2.617994	0.640596	-2.797608	12	76	7	0.047
-2.356194	0.640596	-2.797608	140	60	8	0.047
-2.094395	0.640596	-2.797608	5	76	7	0.047
-1.832596	0.640596	-2.797608	8	76	8	0.047
-1.570796	0.640596	-2.797608	135	75	5	0.047
-1.308997	0.640596	-2.797608	139	73	9	0.047
-1.047198	0.640596	-2.797608	143	76	8	0.047
-0.261799	0.640596	-2.797608	2	77	1	0.047
0.261799	0.640596	-2.797608	15	76	7	0.047
0.523599	0.640596	-2.797608	6	73	16	0.047
1.308997	0.640596	-2.797608	143	78	7	0.047
2.879793	0.640596	-2.797608	142	64	6	0.047
-3.141593	2.979456	-1.009304	5	83	12	0.047
-2.617994	2.979456	-1.009304	3	73	17	0.047
-2.356194	2.979456	-1.009304	140	76	9	0.047
-2.094395	2.979456	-1.009304	141	74	21	0.047
-1.832596	2.979456	-1.009304	141	83	25	0.047
1.308997	2.979456	-1.009304	134	74	9	0.047
1.832596	2.979456	-1.009304	138	75	11	0.047
2.094395	2.979456	-1.009304	128	76	13	0.047
2.617994	2.979456	-1.009304	137	80	13	0.047
-2.356194	0.831641	0.616218	8	80	7	0.047
-1.832596	0.831641	0.616218	2	74	6	0.047
-1.308997	0.831641	0.616218	3	76	5	0.047
-3.141593	2.343981	-1.040456	3	79	19	0.047
-2.356194	2.343981	-1.040456	1	74	26	0.047
-2.094395	2.343981	-1.040456	4	78	24	0.047
-1.832596	2.343981	-1.040456	140	76	25	0.047
0.000000	2.343981	-1.040456	143	76	24	0.047
1.308997	2.343981	-1.040456	2	81	17	0.047
-1.832596	1.998705	2.370472	9	76	17	0.047
-1.570796	1.998705	2.370472	12	75	11	0.047
-1.308997	1.998705	2.370472	8	63	13	0.047
-1.047198	1.998705	2.370472	8	76	13	0.047
0.261799	1.998705	2.370472	141	77	10	0.047
2.094395	1.998705	2.370472	137	73	5	0.047
-0.261799	1.413347	-1.339188	1	80	17	0.047
0.523599	1.413347	-1.339188	131	76	19	0.047
-3.141593	0.674054	1.013609	141	78	139	0.047
-2.617994	0.674054	1.013609	6	75	8	0.047
-2.356194	0.674054	1.013609	143	76	141	0.047
-1.832596	0.674054	1.013609	6	83	7	0.047
-1.570796	0.674054	1.013609	3	76	4	0.047
-1.047198	0.674054	1.013609	4	76	2	0.047
2.879793	0.674054	1.013609	6	79	1	0.047
-2.879793	0.906588	1.252948	4	77	6	0.047
-2.356194	0.906588	1.252948	142	77	2	0.047
-2.094395	0.906588	1.252948	5	75	7	0.047
-1.570796	0.906588	1.252948	2	81	1	0.047
-1.047198	0.906588	1.252948	141	75	141	0.047
-0.261799	0.906588	1.252948	6	76	3	0.047
0.000000	0.906588	1.252948	7	77	0	0.047
-1.308997	1.335669	0.897240	4	74	5	0.047
-1.570796	1.870545	-2.976234	3	76	8	0.047
-1.047198	1.870545	-2.976234	143	76	12	0.047
-0.785398	1.870545	-2.976234	4	78	8	0.047
-0.523599	1.870545	-2.976234	139	83	3	0.047
-0.261799	1.870545	-2.976234	7	76	11	0.047
-2.094395	2.164094	-2.991358	0	75	11	0.047
-1.308997	2.164094	-2.991358	1	75	7	0.047
-1.047198	2.164094	-2.991358	140	76	11	0.047
-0.785398	2.164094	-2.991358	4	65	9	0.047
0.000000	2.164094	-2.991358	142	75	13	0.047
0.523599	2.164094	-2.991358	4	75	17	0.047
0.785398	2.164094	-2.991358	138	75	16	0.047
1.047198	2.164094	-2.991358	140	73	10	0.047
-1.047198	0.379747	-1.713059	7	77	13	0.047
-0.785398	0.379747	-1.713059	9	80	10	0.047
-0.261799	0.379747	-1.713059	6	64	9	0.047
0.523599	0.379747	-1.713059	4	73	3	0.047
2.617994	0.379747	-1.713059	141	75	2	0.047
-2.879793	2.187132	-0.479875	138	77	16	0.047
-2.356194	2.187132	-0.479875	0	83	15	0.047
-2.094395	2.187132	-0.479875	10	75	13	0.047
-1.832596	2.187132	-0.479875	4	64	19	0.047
-1.308997	2.187132	-0.479875	1	75	20	0.047
-1.047198	2.187132	-0.479875	12	83	23	0.047
0.000000	2.187132	-0.479875	141	73	15	0.047
0.261799	2.187132	-0.479875	136	76	21	0.047
0.785398	2.187132	-0.479875	132	71	20	0.047
1.047198	2.187132	-0.479875	137	75	11	0.047
1.570796	2.187132	-0.479875	5	75	22	0.047
2.094395	2.187132	-0.479875	6	58	14	0.047
2.879793	2.187132	-0.479875	136	59	20	0.047
-1.047198	0.866955	-0.931351	7	75	13	0.047
0.000000	0.866955	-0.931351	0	78	9	0.047
1.832596	0.866955	-0.931351	134	71	1	0.047
2.356194	0.866955	-0.931351	133	76	5	0.047
2.879793	0.866955	-0.931351	138	78	11	0.047
-1.832596	2.299159	2.264663	8	78	14	0.047
-1.570796	2.299159	2.264663	143	75	7	0.047
0.785398	2.299159	2.264663	136	73	14	0.047
1.047198	2.299159	2.264663	141	75	8	0.047
1.308997	2.299159	2.264663	142	76	7	0.047
-2.094395	1.812176	0.656819	16	75	8	0.047
-0.523599	1.812176	0.656819	142	80	11	0.047
-0.261799	1.812176	0.656819	4	77	21	0.047
0.000000	1.812176	0.656819	141	75	17	0.047
0.523599	1.812176	0.656819	137	71	15	0.047
-3.141593	2.719179	-1.780644	1	64	22	0.047
-2.617994	2.719179	-1.780644	138	77	21	0.047
-2.356194	2.719179	-1.780644	140	73	17	0.047
0.261799	2.719179	-1.780644	141	71	18	0.047
1.832596	2.719179	-1.780644	143	75	15	0.047
2.356194	2.719179	-1.780644	5	75	17	0.047
2.617994	2.719179	-1.780644	135	76	14	0.047
2.879793	2.719179	-1.780644	3	81	20	0.047
0.523599	2.396274	-1.959260	142	76	4	0.047
2.356194	2.396274	-1.959260	0	74	25	0.047
2.617994	2.396274	-1.959260	5	76	25	0.047
-2.356194	0.866395	-2.492918	5	75	6	0.047
-2.094395	0.866395	-2.492918	2	75	11	0.047
-1.832596	0.866395	-2.492918	4	73	8	0.047
-1.308997	0.866395	-2.492918	3	83	0	0.047
-1.047198	0.866395	-2.492918	4	76	11	0.047
-0.261799	0.866395	-2.492918	5	76	10	0.047
0.261799	0.866395	-2.492918	10	76	13	0.047
0.523599	0.866395	-2.492918	4	76	12	0.047
0.785398	0.866395	-2.492918	141	75	7	0.047
2.879793	0.866395	-2.492918	15	77	8	0.047
-2.879793	0.864993	2.278281	0	76	0	0.047
0.000000	0.864993	2.278281	11	76	4	0.047
0.785398	0.864993	2.278281	143	78	4	0.047
1.047198	0.864993	2.278281	3	80	3	0.047
1.308997	0.864993	2.278281	9	75	8	0.047
1.570796	0.864993	2.278281	142	73	2	0.047
1.832596	0.864993	2.278281	141	83	143	0.047
2.094395	0.864993	2.278281	133	61	2	0.047
2.356194	0.864993	2.278281	3	76	11	0.047
2.617994	0.864993	2.278281	142	73	7	0.047
-2.879793	1.014500	0.906702	10	73	2	0.047
-2.617994	1.014500	0.906702	7	75	143	0.047
-2.356194	1.014500	0.906702	0	76	1	0.047
-2.094395	1.014500	0.906702	140	76	3	0.047
-1.047198	1.014500	0.906702	4	81	4	0.047
2.094395	1.014500	0.906702	136	71	2	0.047
-2.094395	2.247462	0.191623	9	76	19	0.047
-1.308997	2.247462	0.191623	10	76	16	0.047
-1.047198	2.247462	0.191623	6	76	18	0.047
-0.523599	2.247462	0.191623	139	71	14	0.047
-0.261799	2.247462	0.191623	1	78	17	0.047
0.000000	2.247462	0.191623	9	75	21	0.047
0.261799	2.247462	0.191623	132	79	17	0.047
1.047198	2.247462	0.191623	143	63	15	0.047
1.570796	2.247462	0.191623	3	74	19	0.047
1.832596	2.247462	0.191623	141	75	15	0.047
-3.141593	2.724429	-0.348782	0	74	19	0.047
-1.570796	2.724429	-0.348782	6	77	19	0.047
-1.047198	2.724429	-0.348782	1	62	16	0.047
-0.523599	2.724429	-0.348782	139	75	17	0.047
-0.261799	2.724429	-0.348782	4	83	19	0.047
1.047198	2.724429	-0.348782	0	76	15	0.047
1.570796	2.724429	-0.348782	8	77	13	0.047
1.832596	2.724429	-0.348782	0	75	13	0.047
2.617994	2.724429	-0.348782	135	75	14	0.047
-2.617994	1.194549	-0.801900	6	76	14	0.047
-2.094395	1.194549	-0.801900	10	76	13	0.047
-1.570796	1.194549	-0.801900	15	73	18	0.047
-0.523599	1.194549	-0.801900	0	74	4	0.047
-0.261799	1.194549	-0.801900	2	83	13	0.047
1.047198	1.194549	-0.801900	129	76	10	0.047
1.308997	1.194549	-0.801900	129	83	4	0.047
1.570796	1.194549	-0.801900	0	64	21	0.047
2.094395	1.194549	-0.801900	140	76	13	0.047
2.356194	1.194549	-0.801900	140	76	12	0.047
-0.523599	1.504028	0.636812	2	78	8	0.047
0.523599	1.504028	0.636812	136	75	9	0.047
1.047198	1.504028	0.636812	134	75	8	0.047
-1.308997	1.741644	-2.695914	142	77	143	0.047
0.261799	1.741644	-2.695914	6	84	7	0.047
-2.617994	2.174483	2.653697	142	75	9	0.047
-2.094395	2.174483	2.653697	12	63	14	0.047
-1.570796	2.174483	2.653697	11	76	11	0.047
0.261799	2.174483	2.653697	1	75	17	0.047
0.785398	2.174483	2.653697	143	76	11	0.047
1.832596	2.174483	2.653697	135	75	8	0.047
2.356194	2.174483	2.653697	136	75	11	0.047
2.879793	2.174483	2.653697	134	47	12	0.047
-3.141593	2.664082	-1.071402	1	69	14	0.047
-2.879793	2.664082	-1.071402	143	80	17	0.047
-2.617994	2.664082	-1.071402	9	76	20	0.047
-2.356194	2.664082	-1.071402	6	73	22	0.047
-1.832596	2.664082	-1.071402	138	76	18	0.047
-1.570796	2.664082	-1.071402	135	75	18	0.047
-1.308997	2.664082	-1.071402	0	63	23	0.047
-1.047198	2.664082	-1.071402	139	76	24	0.047
1.308997	2.664082	-1.071402	141	73	12	0.047
1.570796	2.664082	-1.071402	138	77	11	0.047
1.832596	2.664082	-1.071402	140	74	13	0.047
2.356194	2.664082	-1.071402	138	76	18	0.047
2.617994	2.664082	-1.071402	2	76	18	0.047
2.879793	2.664082	-1.071402	7	75	20	0.047
-3.141593	2.579248	-2.364801	137	75	19	0.047
0.000000	2.579248	-2.364801	142	76	10	0.047
1.047198	2.579248	-2.364801	142	80	16	0.047
1.832596	2.579248	-2.364801	0	75	21	0.047
2.879793	2.579248	-2.364801	1	76	21	0.047
-2.617994	0.899350	-2.069907	6	75	1	0.047
-2.094395	0.899350	-2.069907	140	74	8	0.047
-1.047198	0.899350	-2.069907	4	76	12	0.047
0.261799	0.899350	-2.069907	141	76	2	0.047
-2.356194	2.984978	1.954446	11	73	13	0.047
-2.094395	2.984978	1.954446	140	81	15	0.047
0.000000	2.984978	1.954446	130	76	16	0.047
0.261799	2.984978	1.954446	141	63	19	0.047
0.523599	2.984978	1.954446	142	73	12	0.047
1.047198	2.984978	1.954446	143	76	9	0.047
-2.617994	1.766067	2.153843	142	63	8	0.047
0.000000	1.766067	2.153843	4	75	11	0.047
1.047198	1.766067	2.153843	132	76	7	0.047
1.570796	1.766067	2.153843	137	80	6	0.047
1.832596	1.766067	2.153843	135	77	9	0.047
2.094395	1.766067	2.153843	140	78	11	0.047
2.356194	1.766067	2.153843	141	76	11	0.047
0.261799	1.809167	1.213774	142	75	14	0.047
0.785398	1.809167	1.213774	142	73	20	0.047
1.047198	1.809167	1.213774	134	80	5	0.047
2.094395	1.809167	1.213774	137	80	10	0.047
-2.879793	1.135834	-1.431087	0	76	6	0.047
-1.047198	1.135834	-1.431087	3	75	6	0.047
-1.832596	1.909857	-0.381669	13	76	22	0.047
-1.570796	1.909857	-0.381669	5	76	19	0.047
-1.047198	1.909857	-0.381669	9	75	20	0.047
0.785398	1.909857	-0.381669	0	74	15	0.047
2.094395	1.909857	-0.381669	137	76	16	0.047
2.617994	1.909857	-0.381669	141	63	21	0.047
-3.141593	1.195355	1.200319	9	76	9	0.047
-2.356194	1.195355	1.200319	7	76	3	0.047
-1.308997	1.195355	1.200319	3	73	5	0.047
0.523599	1.195355	1.200319	137	84	1	0.047
-2.879793	1.310100	1.488307	141	81	8	0.047
-2.617994	1.310100	1.488307	141	76	0	0.047
-2.094395	1.310100	1.488307	142	78	3	0.047
-0.261799	1.310100	1.488307	137	74	6	0.047
1.832596	1.310100	1.488307	131	81	2	0.047
2.617994	1.310100	1.488307	135	83	140	0.047
-0.785398	1.134497	-1.109631	9	76	11	0.047
-1.308997	0.961715	0.014085	5	76	11	0.047
-1.047198	0.961715	0.014085	141	63	10	0.047
-0.785398	0.961715	0.014085	1	76	10	0.047
0.523599	0.961715	0.014085	141	71	13	0.047
0.785398	0.961715	0.014085	143	66	11	0.047
-1.832596	1.367556	0.358405	9	76	16	0.047
-1.308997	1.367556	0.358405	139	74	2	0.047
-1.047198	1.367556	0.358405	139	75	6	0.047
-0.785398	1.367556	0.358405	139	75	5	0.047
-0.261799	1.367556	0.358405	0	75	1	0.047
0.261799	1.367556	0.358405	142	76	15	0.047
0.785398	1.367556	0.358405	133	78	1	0.047
-3.141593	1.440580	2.260026	140	74	0	0.047
0.261799	1.440580	2.260026	136	83	14	0.047
0.523599	1.440580	2.260026	136	78	11	0.047
0.785398	1.440580	2.260026	9	76	8	0.047
1.570796	1.440580	2.260026	139	76	14	0.047
1.832596	1.440580	2.260026	0	79	8	0.047
2.356194	1.440580	2.260026	141	76	1	0.047
2.617994	1.440580	2.260026	135	76	3	0.047
2.879793	1.440580	2.260026	142	74	8	0.047
-1.570796	2.863997	0.549740	3	81	20	0.047
-1.047198	2.863997	0.549740	4	74	18	0.047
-0.261799	2.863997	0.549740	5	75	20	0.047
0.000000	2.863997	0.549740	136	75	11	0.047
2.356194	2.863997	0.549740	0	75	10	0.047
-1.308997	2.041297	-2.664597	2	76	4	0.047
-0.261799	2.041297	-2.664597	143	76	7	0.047
0.000000	2.041297	-2.664597	143	83	7	0.047
-1.570796	1.045978	0.343692	4	77	20	0.047
-1.047198	1.045978	0.343692	3	77	5	0.047
-0.785398	1.045978	0.343692	3	75	13	0.047
-0.261799	1.045978	0.343692	140	84	7	0.047
-3.141593	0.290380	-0.796960	143	76	3	0.047
-2.094395	0.290380	-0.796960	15	73	10	0.047
-1.047198	0.290380	-0.796960	0	76	6	0.047
-0.785398	0.290380	-0.796960	140	76	6	0.047
-0.523599	0.290380	-0.796960	142	74	10	0.047
0.785398	0.290380	-0.796960	3	78	9	0.047
-2.617994	1.545873	-1.877082	3	76	11	0.047
-0.261799	1.545873	-1.877082	16	78	16	0.047
-1.570796	2.356369	3.005869	7	74	17	0.047
-1.308997	2.356369	3.005869	0	78	6	0.047
-1.047198	2.356369	3.005869	6	83	23	0.047
-2.356194	1.836682	-0.676006	12	75	23	0.047
-2.094395	1.836682	-0.676006	7	76	17	0.047
-1.308997	1.836682	-0.676006	142	73	21	0.047
-1.047198	1.836682	-0.676006	9	76	20	0.047
-0.785398	1.836682	-0.676006	143	76	22	0.047
-0.523599	1.836682	-0.676006	140	74	15	0.047
-0.261799	1.836682	-0.676006	141	74	17	0.047
0.000000	1.836682	-0.676006	1	82	15	0.047
0.261799	1.836682	-0.676006	135	73	20	0.047
0.785398	1.836682	-0.676006	138	79	24	0.047
2.094395	1.836682	-0.676006	0	76	18	0.047
2.356194	1.836682	-0.676006	140	79	11	0.047
-3.141593	1.948085	-2.363031	141	76	21	0.047
-0.523599	1.948085	-2.363031	11	64	25	0.047
-2.094395	1.736875	3.023612	14	80	13	0.047
-1.570796	1.736875	3.023612	6	80	19	0.047
-1.308997	1.736875	3.023612	11	76	13	0.047
-1.047198	1.736875	3.023612	17	83	14	0.047
-0.785398	1.736875	3.023612	4	76	14	0.047
-0.523599	1.736875	3.023612	8	76	14	0.047
0.523599	1.736875	3.023612	6	76	16	0.047
1.308997	1.736875	3.023612	0	76	14	0.047
2.094395	1.736875	3.023612	124	75	18	0.047
-2.617994	0.591903	2.010408	0	82	7	0.047
-2.356194	0.591903	2.010408	7	73	4	0.047
1.308997	0.591903	2.010408	3	74	143	0.047
1.570796	0.591903	2.010408	8	78	3	0.047
2.356194	0.591903	2.010408	8	76	5	0.047
2.617994	0.591903	2.010408	9	75	6	0.047
2.879793	0.591903	2.010408	135	75	7	0.047
-0.261799	2.760637	2.781135	141	80	9	0.047
0.523599	2.760637	2.781135	141	77	18	0.047
0.785398	2.760637	2.781135	1	76	17	0.047
1.570796	2.760637	2.781135	4	76	12	0.047
-1.047198	1.256302	0.062705	0	76	5	0.047
-0.785398	1.256302	0.062705	139	76	12	0.047
-0.523599	1.256302	0.062705	1	75	16	0.047
-0.261799	1.256302	0.062705	141	83	3	0.047
0.261799	1.256302	0.062705	139	78	7	0.047
0.785398	1.256302	0.062705	136	67	15	0.047
1.570796	1.256302	0.062705	137	75	13	0.047
1.832596	1.256302	0.062705	134	75	4	0.047
2.356194	1.256302	0.062705	142	66	4	0.047
-1.308997	2.592629	0.909713	4	76	18	0.047
-0.523599	2.592629	0.909713	2	75	23	0.047
0.261799	2.592629	0.909713	5	75	18	0.047
0.523599	2.592629	0.909713	5	76	21	0.047
0.785398	2.592629	0.909713	142	76	15	0.047
1.832596	2.592629	0.909713	5	83	21	0.047
2.356194	2.592629	0.909713	141	75	16	0.047
0.000000	1.113094	-0.272241	142	76	7	0.047
0.261799	1.113094	-0.272241	139	80	12	0.047
1.832596	1.113094	-0.272241	0	76	15	0.047
2.094395	1.113094	-0.272241	140	59	8	0.047
2.356194	1.113094	-0.272241	2	76	11	0.047
-0.523599	2.407836	1.410646	2	83	13	0.047
0.000000	2.407836	1.410646	2	73	23	0.047
0.785398	2.407836	1.410646	138	78	16	0.047
1.047198	2.407836	1.410646	142	75	9	0.047
1.308997	2.407836	1.410646	142	75	9	0.047
1.570796	2.407836	1.410646	139	76	3	0.047
2.879793	2.407836	1.410646	7	73	20	0.047
-2.879793	2.089241	-0.114193	0	76	13	0.047
-2.094395	2.089241	-0.114193	1	75	23	0.047
-1.832596	2.089241	-0.114193	3	75	24	0.047
-1.570796	2.089241	-0.114193	9	76	20	0.047
-1.308997	2.089241	-0.114193	8	74	15	0.047
-0.523599	2.089241	-0.114193	3	71	23	0.047
-0.261799	2.089241	-0.114193	6	75	17	0.047
0.000000	2.089241	-0.114193	11	78	24	0.047
0.261799	2.089241	-0.114193	143	77	23	0.047
0.523599	2.089241	-0.114193	141	75	12	0.047
0.785398	2.089241	-0.114193	137	63	12	0.047
1.047198	2.089241	-0.114193	9	74	19	0.047
1.308997	2.089241	-0.114193	9	75	18	0.047
1.570796	2.089241	-0.114193	139	74	20	0.047
1.832596	2.089241	-0.114193	136	74	14	0.047
2.094395	2.089241	-0.114193	3	74	14	0.047
2.356194	2.089241	-0.114193	142	74	18	0.047
2.617994	2.089241	-0.114193	141	76	16	0.047
-2.094395	0.619654	-2.216909	138	74	12	0.047
-0.785398	0.619654	-2.216909	6	75	5	0.047
1.047198	0.619654	-2.216909	138	76	7	0.047
2.617994	0.619654	-2.216909	139	71	3	0.047
-2.617994	2.456751	-1.503343	138	80	19	0.047
-2.356194	2.456751	-1.503343	141	75	18	0.047
-1.832596	2.456751	-1.503343	141	77	24	0.047
1.308997	2.456751	-1.503343	143	73	14	0.047
1.832596	2.456751	-1.503343	137	78	10	0.047
2.879793	2.456751	-1.503343	6	63	24	0.047
-2.356194	2.001437	0.381215	7	74	22	0.047
-1.308997	2.001437	0.381215	4	75	14	0.047
-0.785398	2.001437	0.381215	137	74	7	0.047
-0.523599	2.001437	0.381215	138	79	10	0.047
0.000000	2.001437	0.381215	142	76	20	0.047
0.261799	2.001437	0.381215	140	80	19	0.047
0.523599	2.001437	0.381215	143	79	21	0.047
1.570796	2.001437	0.381215	141	74	17	0.047
-3.141593	2.138223	1.678323	10	59	22	0.047
-2.094395	2.138223	1.678323	14	73	14	0.047
0.000000	2.138223	1.678323	142	82	18	0.047
0.523599	2.138223	1.678323	140	73	20	0.047
0.785398	2.138223	1.678323	134	75	8	0.047
-0.785398	2.349581	-2.702517	4	77	13	0.047
-0.523599	2.349581	-2.702517	3	76	21	0.047
-2.617994	1.168678	2.108595	142	75	6	0.047
0.785398	1.168678	2.108595	140	76	1	0.047
1.308997	1.168678	2.108595	143	76	2	0.047
1.832596	1.168678	2.108595	1	76	12	0.047
2.879793	1.168678	2.108595	0	69	7	0.047
-2.617994	2.180315	-1.357379	3	75	16	0.047
-2.094395	2.180315	-1.357379	2	73	26	0.047
-1.570796	2.180315	-1.357379	0	83	25	0.047
1.047198	2.180315	-1.357379	137	76	24	0.047
1.832596	2.180315	-1.357379	143	76	15	0.047
2.617994	2.180315	-1.357379	135	59	12	0.047
-2.617994	2.478122	2.609777	142	56	17	0.047
-2.094395	2.478122	2.609777	4	75	10	0.047
-1.832596	2.478122	2.609777	7	77	9	0.047
-1.570796	2.478122	2.609777	141	75	14	0.047
-1.308997	2.478122	2.609777	142	67	7	0.047
1.047198	2.478122	2.609777	5	79	19	0.047
0.000000	1.699788	2.452890	3	77	11	0.047
0.523599	1.699788	2.452890	0	74	15	0.047
1.570796	1.699788	2.452890	140	76	8	0.047
1.832596	1.699788	2.452890	142	75	5	0.047
-1.832596	1.184361	0.625864	142	75	2	0.047
-1.308997	1.184361	0.625864	142	83	2	0.047
-0.785398	1.184361	0.625864	142	83	2	0.047
-0.261799	1.184361	0.625864	139	83	10	0.047
1.047198	1.184361	0.625864	133	83	6	0.047
0.000000	2.108018	1.311430	135	73	13	0.047
0.261799	2.108018	1.311430	143	71	22	0.047
0.523599	2.108018	1.311430	140	71	22	0.047
0.785398	2.108018	1.311430	140	77	12	0.047
1.047198	2.108018	1.311430	143	74	23	0.047
1.047198	1.488617	1.159546	132	76	1	0.047
-1.047198	1.325504	-1.671296	8	83	15	0.047
-2.094395	1.606104	-0.451151	11	75	18	0.047
-1.047198	1.606104	-0.451151	142	75	20	0.047
-0.785398	1.606104	-0.451151	7	75	11	0.047
-0.523599	1.606104	-0.451151	1	83	16	0.047
0.000000	1.606104	-0.451151	2	74	17	0.047
0.261799	1.606104	-0.451151	138	76	21	0.047
0.785398	1.606104	-0.451151	138	83	13	0.047
1.308997	1.606104	-0.451151	137	76	15	0.047
1.570796	1.606104	-0.451151	143	58	23	0.047
2.094395	1.606104	-0.451151	141	80	17	0.047
2.356194	1.606104	-0.451151	141	74	21	0.047
-2.094395	1.506530	1.988858	6	64	141	0.047
-1.832596	1.506530	1.988858	2	78	6	0.047
-0.523599	1.506530	1.988858	7	74	8	0.047
0.000000	1.506530	1.988858	5	77	5	0.047
1.047198	1.506530	1.988858	141	75	6	0.047
1.308997	1.506530	1.988858	131	75	142	0.047
1.570796	1.506530	1.988858	135	76	11	0.047
1.832596	1.506530	1.988858	130	76	1	0.047
2.094395	1.506530	1.988858	2	64	13	0.047
-0.261799	1.977582	0.969896	135	77	14	0.047
0.000000	1.977582	0.969896	137	75	17	0.047
0.785398	1.977582	0.969896	137	75	15	0.047
1.308997	1.977582	0.969896	141	75	2	0.047
1.570796	1.977582	0.969896	138	76	17	0.047
-1.832596	2.637879	2.121598	7	59	25	0.047
0.785398	2.637879	2.121598	138	73	19	0.047
1.047198	2.637879	2.121598	142	75	19	0.047
-2.879793	1.218453	2.777284	139	47	7	0.047
-2.356194	1.218453	2.777284	5	75	10	0.047
-1.832596	1.218453	2.777284	3	80	0	0.047
-1.570796	1.218453	2.777284	140	64	10	0.047
0.261799	1.218453	2.777284	2	83	12	0.047
0.523599	1.218453	2.777284	0	76	3	0.047
0.785398	1.218453	2.777284	2	82	13	0.047
1.047198	1.218453	2.777284	2	75	14	0.047
1.570796	1.218453	2.777284	142	65	10	0.047
1.832596	1.218453	2.777284	141	75	12	0.047
2.356194	1.218453	2.777284	143	76	1	0.047
0.523599	1.555207	1.708892	136	75	11	0.047
1.047198	1.555207	1.708892	131	83	6	0.047
-1.308997	2.295480	1.008277	2	76	22	0.047
-0.523599	2.295480	1.008277	4	76	17	0.047
-0.261799	2.295480	1.008277	139	76	19	0.047
0.000000	2.295480	1.008277	139	81	13	0.047
0.261799	2.295480	1.008277	4	78	19	0.047
0.523599	2.295480	1.008277	143	75	17	0.047
0.785398	2.295480	1.008277	7	76	18	0.047
-2.879793	0.203748	0.590255	4	76	12	0.047
-2.356194	0.203748	0.590255	141	76	4	0.047
-2.094395	0.203748	0.590255	6	75	4	0.047
-0.785398	0.203748	0.590255	2	76	6	0.047
-0.523599	0.203748	0.590255	1	76	5	0.047
0.000000	0.203748	0.590255	1	76	16	0.047
2.356194	0.203748	0.590255	19	83	13	0.047
2.879793	0.203748	0.590255	5	76	2	0.047
-1.047198	1.510910	-0.740472	12	75	18	0.047
-0.785398	1.510910	-0.740472	1	79	17	0.047
-0.261799	1.510910	-0.740472	0	75	15	0.047
0.000000	1.510910	-0.740472	138	78	22	0.047
0.261799	1.510910	-0.740472	135	79	20	0.047
1.047198	1.510910	-0.740472	136	48	15	0.047
1.832596	1.510910	-0.740472	135	75	13	0.047
2.094395	1.510910	-0.740472	0	69	10	0.047
2.356194	1.510910	-0.740472	141	77	21	0.047
-1.570796	0.571433	-1.188419	8	76	5	0.047
-0.785398	0.571433	-1.188419	0	71	3	0.047
0.000000	0.571433	-1.188419	2	76	10	0.047
0.785398	0.571433	-1.188419	12	76	8	0.047
-3.141593	1.982574	-1.115518	140	76	14	0.047
-2.356194	1.982574	-1.115518	8	76	19	0.047
-0.785398	1.982574	-1.115518	1	75	24	0.047
-0.523599	1.982574	-1.115518	140	77	21	0.047
0.261799	1.982574	-1.115518	137	83	22	0.047
0.523599	1.982574	-1.115518	143	75	22	0.047
-2.617994	2.033014	2.977192	11	74	10	0.047
-1.832596	2.033014	2.977192	6	75	14	0.047
-1.570796	2.033014	2.977192	10	76	19	0.047
-1.308997	2.033014	2.977192	6	79	11	0.047
0.785398	2.033014	2.977192	138	75	16	0.047
-2.879793	0.297065	2.160177	2	81	4	0.047
-1.047198	0.297065	2.160177	136	76	7	0.047
-0.261799	0.297065	2.160177	142	76	9	0.047
1.047198	0.297065	2.160177	8	75	9	0.047
1.308997	0.297065	2.160177	8	75	0	0.047
1.832596	0.297065	2.160177	143	77	139	0.047
-2.879793	0.080730	-2.622036	0	75	12	0.047
0.000000	0.080730	-2.622036	4	78	8	0.047
0.261799	0.080730	-2.622036	13	75	9	0.047
0.523599	0.080730	-2.622036	1	80	2	0.047
0.785398	0.080730	-2.622036	0	79	1	0.047
1.047198	0.080730	-2.622036	4	76	12	0.047
1.570796	0.080730	-2.622036	142	75	10	0.047
2.094395	0.080730	-2.622036	3	75	10	0.047
-2.356194	1.242974	-2.977882	13	77	8	0.047
-1.832596	1.242974	-2.977882	10	83	4	0.047
-1.047198	1.242974	-2.977882	0	78	8	0.047
-0.523599	1.242974	-2.977882	17	76	16	0.047
-0.261799	1.242974	-2.977882	5	76	12	0.047
0.000000	1.242974	-2.977882	0	75	13	0.047
0.261799	1.242974	-2.977882	137	76	8	0.047
0.523599	1.242974	-2.977882	3	76	7	0.047
0.785398	1.242974	-2.977882	9	75	11	0.047
-2.617994	0.992645	-1.723759	2	76	7	0.047
-2.356194	0.992645	-1.723759	5	75	1	0.047
-1.047198	0.992645	-1.723759	5	75	10	0.047
-0.785398	0.992645	-1.723759	10	76	14	0.047
-0.523599	0.992645	-1.723759	3	83	10	0.047
2.094395	0.992645	-1.723759	128	78	12	0.047
2.879793	0.992645	-1.723759	138	60	15	0.047
-2.617994	2.104282	-0.813972	4	77	15	0.047
-2.356194	2.104282	-0.813972	5	73	15	0.047
-1.832596	2.104282	-0.813972	6	83	13	0.047
-0.523599	2.104282	-0.813972	139	75	19	0.047
-0.261799	2.104282	-0.813972	139	73	17	0.047
0.000000	2.104282	-0.813972	0	77	18	0.047
0.261799	2.104282	-0.813972	137	75	12	0.047
1.047198	2.104282	-0.813972	135	76	14	0.047
1.570796	2.104282	-0.813972	8	76	18	0.047
1.832596	2.104282	-0.813972	143	76	19	0.047
2.094395	2.104282	-0.813972	137	76	16	0.047
1.047198	1.872854	1.543456	143	76	20	0.047
1.570796	1.872854	1.543456	133	81	3	0.047
1.832596	1.872854	1.543456	139	76	14	0.047
-2.356194	0.762244	-0.273349	11	76	9	0.047
-1.832596	0.762244	-0.273349	8	75	5	0.047
-1.047198	0.762244	-0.273349	143	76	2	0.047
2.094395	0.762244	-0.273349	141	71	1	0.047
-2.094395	1.050534	3.042579	142	75	1	0.047
-1.832596	1.050534	3.042579	5	73	5	0.047
-1.570796	1.050534	3.042579	6	79	11	0.047
-1.047198	1.050534	3.042579	2	75	10	0.047
-0.261799	1.050534	3.042579	6	75	5	0.047
0.000000	1.050534	3.042579	8	76	10	0.047
0.261799	1.050534	3.042579	15	78	11	0.047
0.785398	1.050534	3.042579	0	76	5	0.047
1.308997	1.050534	3.042579	137	76	15	0.047
2.094395	1.050534	3.042579	138	69	10	0.047
-2.356194	1.721184	-0.153948	143	77	19	0.047
-1.570796	1.721184	-0.153948	8	76	9	0.047
-1.047198	1.721184	-0.153948	140	75	13	0.047
-0.523599	1.721184	-0.153948	0	73	19	0.047
0.523599	1.721184	-0.153948	0	86	17	0.047
1.047198	1.721184	-0.153948	141	81	19	0.047
1.570796	1.721184	-0.153948	5	78	16	0.047
2.094395	1.721184	-0.153948	141	69	16	0.047
-2.879793	0.733948	3.021411	0	57	10	0.047
-2.356194	0.733948	3.021411	1	76	12	0.047
-2.094395	0.733948	3.021411	1	76	6	0.047
-1.832596	0.733948	3.021411	2	76	9	0.047
-1.308997	0.733948	3.021411	141	73	10	0.047
-0.785398	0.733948	3.021411	2	74	4	0.047
0.000000	0.733948	3.021411	10	75	9	0.047
0.261799	0.733948	3.021411	12	75	12	0.047
0.523599	0.733948	3.021411	6	73	14	0.047
1.047198	0.733948	3.021411	3	76	7	0.047
1.832596	0.733948	3.021411	138	76	11	0.047
2.356194	0.733948	3.021411	143	76	10	0.047
2.879793	0.733948	3.021411	5	83	6	0.047
-1.570796	2.588535	-2.976617	5	77	24	0.047
-1.308997	2.588535	-2.976617	7	76	20	0.047
-0.785398	2.588535	-2.976617	4	75	15	0.047
-0.261799	2.588535	-2.976617	140	74	13	0.047
1.570796	2.588535	-2.976617	141	76	20	0.047
-2.356194	1.391910	3.030322	12	73	17	0.047
-2.094395	1.391910	3.030322	9	83	8	0.047
-1.570796	1.391910	3.030322	15	73	11	0.047
-1.047198	1.391910	3.030322	7	74	8	0.047
-0.785398	1.391910	3.030322	2	74	6	0.047
-0.261799	1.391910	3.030322	10	83	8	0.047
0.523599	1.391910	3.030322	12	76	14	0.047
0.785398	1.391910	3.030322	139	78	13	0.047
1.047198	1.391910	3.030322	3	75	16	0.047
-3.141593	0.685216	-1.712745	2	76	3	0.047
-2.879793	0.685216	-1.712745	2	77	4	0.047
-0.785398	0.685216	-1.712745	9	76	10	0.047
-0.523599	0.685216	-1.712745	143	73	8	0.047
-0.261799	0.685216	-1.712745	8	74	5	0.047
0.000000	0.685216	-1.712745	5	73	13	0.047
2.879793	0.685216	-1.712745	133	71	1	0.047
-1.832596	2.063651	-2.044600	7	75	29	0.047
1.047198	2.063651	-2.044600	1	75	28	0.047
-3.141593	0.700570	1.559208	141	81	4	0.047
-2.879793	0.700570	1.559208	141	77	9	0.047
-2.617994	0.700570	1.559208	142	76	142	0.047
-2.094395	0.700570	1.559208	2	75	2	0.047
-1.308997	0.700570	1.559208	2	83	6	0.047
0.785398	0.700570	1.559208	141	76	6	0.047
1.047198	0.700570	1.559208	2	75	139	0.047
2.094395	0.700570	1.559208	9	77	5	0.047
2.879793	0.700570	1.559208	16	78	6	0.047
-3.141593	1.025536	1.576859	135	83	142	0.047
-2.879793	1.025536	1.576859	139	75	5	0.047
-2.617994	1.025536	1.576859	138	74	4	0.047
-2.356194	1.025536	1.576859	141	74	143	0.047
2.094395	1.025536	1.576859	133	76	143	0.047
2.356194	1.025536	1.576859	141	76	4	0.047
2.879793	1.025536	1.576859	140	81	5	0.047
-1.832596	1.374601	-2.456031	1	75	142	0.047
-1.570796	1.374601	-2.456031	4	83	6	0.047
0.000000	1.374601	-2.456031	4	74	12	0.047
-1.308997	1.732874	-0.951685	6	75	20	0.047
-1.047198	1.732874	-0.951685	12	75	13	0.047
-0.261799	1.732874	-0.951685	0	75	22	0.047
0.261799	1.732874	-0.951685	139	73	19	0.047
0.523599	1.732874	-0.951685	133	83	20	0.047
1.570796	1.732874	-0.951685	6	67	24	0.047
1.832596	1.732874	-0.951685	136	75	3	0.047
2.356194	1.732874	-0.951685	138	79	17	0.047
-1.832596	0.960688	-0.577532	14	77	16	0.047
-0.785398	0.960688	-0.577532	0	75	5	0.047
-0.523599	0.960688	-0.577532	142	75	6	0.047
-0.261799	0.960688	-0.577532	141	83	6	0.047
0.261799	0.960688	-0.577532	136	76	6	0.047
1.832596	0.960688	-0.577532	130	73	20	0.047
2.356194	0.960688	-0.577532	3	59	14	0.047
0.261799	1.824694	1.850876	136	76	13	0.047
0.523599	1.824694	1.850876	137	77	16	0.047
0.785398	1.824694	1.850876	142	76	15	0.047
1.047198	1.824694	1.850876	132	76	13	0.047
1.832596	1.824694	1.850876	136	79	10	0.047
2.094395	1.824694	1.850876	143	75	5	0.047
-1.832596	2.704512	1.488683	9	76	15	0.047
-0.785398	2.704512	1.488683	2	73	20	0.047
0.523599	2.704512	1.488683	8	75	19	0.047
-2.879793	0.910508	1.903534	6	78	7	0.047
-2.356194	0.910508	1.903534	139	73	4	0.047
1.308997	0.910508	1.903534	141	73	143	0.047
1.832596	0.910508	1.903534	142	76	141	0.047
2.356194	0.910508	1.903534	143	76	6	0.047
2.617994	0.910508	1.903534	141	76	2	0.047
-2.617994	0.929350	-2.910676	5	73	13	0.047
-2.356194	0.929350	-2.910676	2	76	5	0.047
-2.094395	0.929350	-2.910676	7	76	6	0.047
-1.570796	0.929350	-2.910676	13	73	9	0.047
-1.047198	0.929350	-2.910676	4	74	7	0.047
-0.785398	0.929350	-2.910676	140	79	7	0.047
-0.523599	0.929350	-2.910676	1	75	6	0.047
-0.261799	0.929350	-2.910676	2	76	11	0.047
0.261799	0.929350	-2.910676	12	83	10	0.047
2.356194	0.929350	-2.910676	7	66	7	0.047
-1.832596	1.128190	-2.288622	3	47	16	0.047
-0.785398	1.128190	-2.288622	6	75	14	0.047
-0.523599	1.128190	-2.288622	6	81	17	0.047
0.000000	1.128190	-2.288622	1	77	14	0.047
0.000000	2.881233	-2.582574	3	76	13	0.047
0.261799	2.881233	-2.582574	143	76	17	0.047
1.308997	2.881233	-2.582574	1	73	14	0.047
1.570796	2.881233	-2.582574	137	83	15	0.047
1.832596	2.881233	-2.582574	143	76	13	0.047
2.094395	2.881233	-2.582574	142	74	18	0.047
2.879793	2.881233	-2.582574	1	76	20	0.047
-0.261799	1.696674	-1.253233	142	76	22	0.047
2.094395	1.696674	-1.253233	5	63	21	0.047
-2.356194	1.683268	0.374177	10	75	16	0.047
-0.785398	1.683268	0.374177	143	76	10	0.047
0.261799	1.683268	0.374177	139	83	18	0.047
0.523599	1.683268	0.374177	142	80	10	0.047
1.047198	1.683268	0.374177	142	75	16	0.047
1.832596	1.683268	0.374177	1	76	17	0.047
-1.832596	2.073035	2.027405	10	76	5	0.047
0.523599	2.073035	2.027405	133	76	13	0.047
0.785398	2.073035	2.027405	134	64	10	0.047
1.047198	2.073035	2.027405	136	75	8	0.047
1.308997	2.073035	2.027405	133	75	13	0.047
-0.261799	1.875281	0.107086	3	77	19	0.047
0.000000	1.875281	0.107086	136	83	10	0.047
0.523599	1.875281	0.107086	1	76	20	0.047
1.308997	1.875281	0.107086	9	81	23	0.047
1.832596	1.875281	0.107086	140	75	20	0.047
2.094395	1.875281	0.107086	0	76	16	0.047
-3.141593	1.247695	1.809890	2	81	1	0.047
-2.879793	1.247695	1.809890	140	83	2	0.047
1.570796	1.247695	1.809890	129	71	5	0.047
1.832596	1.247695	1.809890	131	72	6	0.047
2.094395	1.247695	1.809890	135	83	2	0.047
2.356194	1.247695	1.809890	135	76	0	0.047
2.617994	1.247695	1.809890	138	82	0	0.047
-1.308997	1.301460	-0.509251	10	75	16	0.047
-0.523599	1.301460	-0.509251	140	75	7	0.047
-0.261799	1.301460	-0.509251	1	76	18	0.047
0.000000	1.301460	-0.509251	141	75	9	0.047
0.261799	1.301460	-0.509251	143	78	13	0.047
1.047198	1.301460	-0.509251	133	76	10	0.047
1.308997	1.301460	-0.509251	132	80	11	0.047
1.570796	1.301460	-0.509251	142	64	13	0.047
1.832596	1.301460	-0.509251	135	59	7	0.047
2.094395	1.301460	-0.509251	1	71	18	0.047
2.356194	1.301460	-0.509251	141	76	10	0.047
-2.356194	0.709924	0.218797	6	73	6	0.047
-2.094395	0.709924	0.218797	1	76	2	0.047
-2.617994	0.496451	0.593859	8	76	5	0.047
-2.094395	0.496451	0.593859	0	77	11	0.047
-1.832596	0.496451	0.593859	4	78	4	0.047
-1.308997	0.496451	0.593859	142	64	9	0.047
-0.785398	0.496451	0.593859	1	76	1	0.047
-2.094395	2.379497	0.561089	9	76	14	0.047
-0.523599	2.379497	0.561089	0	74	4	0.047
0.000000	2.379497	0.561089	142	74	15	0.047
0.523599	2.379497	0.561089	0	66	18	0.047
-3.141593	1.433411	-1.035986	138	77	0	0.047
-1.308997	1.433411	-1.035986	9	79	18	0.047
0.785398	1.433411	-1.035986	133	76	15	0.047
1.832596	1.433411	-1.035986	133	76	5	0.047
-1.308997	1.658653	-2.409879	8	76	14	0.047
-0.523599	1.658653	-2.409879	143	76	5	0.047
0.523599	1.658653	-2.409879	0	75	24	0.047
-2.879793	0.418037	1.360082	8	77	8	0.047
-2.094395	0.418037	1.360082	140	83	139	0.047
2.879793	0.418037	1.360082	10	76	2	0.047
-0.785398	1.214854	-1.966664	3	83	9	0.047
-0.523599	1.214854	-1.966664	143	75	6	0.047
-0.261799	1.214854	-1.966664	2	78	5	0.047
0.000000	1.214854	-1.966664	3	75	6	0.047
-2.094395	0.914445	2.687814	143	74	7	0.047
-1.832596	0.914445	2.687814	4	66	10	0.047
-1.570796	0.914445	2.687814	143	59	8	0.047
-1.308997	0.914445	2.687814	2	76	5	0.047
-1.047198	0.914445	2.687814	140	79	9	0.047
-0.261799	0.914445	2.687814	12	76	11	0.047
0.261799	0.914445	2.687814	7	77	6	0.047
0.523599	0.914445	2.687814	17	73	7	0.047
0.785398	0.914445	2.687814	5	76	9	0.047
1.047198	0.914445	2.687814	0	73	12	0.047
1.570796	0.914445	2.687814	137	76	0	0.047
2.617994	0.914445	2.687814	140	67	9	0.047
-2.094395	1.135813	-2.658866	137	67	9	0.047
-1.570796	1.135813	-2.658866	15	76	10	0.047
-1.308997	1.135813	-2.658866	143	81	4	0.047
-0.523599	1.135813	-2.658866	9	83	10	0.047
0.000000	1.135813	-2.658866	10	79	11	0.047
0.785398	1.135813	-2.658866	141	77	8	0.047
-0.785398	1.448123	-2.163292	143	81	5	0.047
-0.523599	1.448123	-2.163292	3	76	5	0.047
-2.617994	2.455966	-0.641220	4	76	19	0.047
-1.832596	2.455966	-0.641220	3	83	24	0.047
-1.308997	2.455966	-0.641220	141	77	23	0.047
-0.785398	2.455966	-0.641220	5	78	21	0.047
0.261799	2.455966	-0.641220	138	76	12	0.047
1.570796	2.455966	-0.641220	133	77	14	0.047
2.094395	2.455966	-0.641220	139	75	16	0.047
2.617994	2.455966	-0.641220	1	75	23	0.047
2.879793	2.455966	-0.641220	137	77	14	0.047
0.000000	1.662363	0.915448	1	75	9	0.047
-1.570796	2.979456	-1.009304	133	63	13	0.046
2.094395	2.153910	-1.714959	1	51	28	0.046
-1.047198	1.504028	0.636812	142	59	13	0.046
-0.523599	1.699788	2.452890	4	64	10	0.046
0.523599	2.881233	-2.582574	138	70	17	0.046
2.356194	0.418037	1.360082	10	63	1	0.046
0.261799	2.041297	-2.664597	7	64	10	0.046
-1.308997	2.984978	1.954446	0	63	9	0.045
-0.523599	1.391910	3.030322	7	65	6	0.045
-2.879793	1.450119	-2.739050	140	63	7	0.045
-1.047198	2.404280	-0.174044	138	64	16	0.045
0.261799	2.404280	-0.174044	3	69	16	0.045
1.832596	2.404280	-0.174044	3	64	15	0.045
-2.617994	1.554776	0.100351	4	64	18	0.045
0.785398	1.554776	0.100351	139	64	19	0.045
2.879793	1.554776	0.100351	141	63	15	0.045
-0.785398	0.831641	0.616218	0	63	139	0.045
2.356194	2.187132	-0.479875	133	63	12	0.045
-2.617994	0.864993	2.278281	142	69	13	0.045
0.785398	2.247462	0.191623	141	61	18	0.045
-0.261799	2.174483	2.653697	9	64	9	0.045
2.617994	2.579248	-2.364801	142	62	25	0.045
-3.141593	1.766067	2.153843	142	51	17	0.045
1.047198	1.909857	-0.381669	141	63	18	0.045
-0.785398	1.195355	1.200319	6	63	4	0.045
-1.308997	1.440580	2.260026	16	63	12	0.045
1.047198	1.440580	2.260026	142	64	4	0.045
1.308997	1.440580	2.260026	143	63	7	0.045
-1.047198	0.591903	2.010408	6	63	2	0.045
0.000000	2.592629	0.909713	0	64	15	0.045
1.570796	2.592629	0.909713	141	54	15	0.045
1.047198	1.113094	-0.272241	139	66	10	0.045
-1.047198	2.089241	-0.114193	141	63	25	0.045
2.879793	2.089241	-0.114193	134	64	19	0.045
1.308997	2.001437	0.381215	141	71	22	0.045
1.308997	2.349581	-2.702517	142	66	12	0.045
2.879793	2.108018	1.311430	9	64	16	0.045
-2.094395	1.218453	2.777284	9	63	3	0.045
-3.141593	1.555207	1.708892	132	63	1	0.045
-0.785398	2.295480	1.008277	1	63	19	0.045
-1.832596	0.203748	0.590255	2	66	3	0.045
-3.141593	0.571433	-1.188419	137	64	9	0.045
1.308997	1.242974	-2.977882	143	63	14	0.045
1.308997	1.872854	1.543456	133	59	13	0.045
1.047198	1.050534	3.042579	2	64	9	0.045
-1.308997	1.721184	-0.153948	9	68	15	0.045
1.832596	2.588535	-2.976617	0	71	11	0.045
1.570796	1.391910	3.030322	138	63	4	0.045
-1.308997	2.251330	-2.330739	1	51	25	0.045
1.047198	2.251330	-2.330739	141	71	28	0.045
0.785398	2.704512	1.488683	139	63	16	0.045
-1.570796	1.875281	0.107086	10	64	16	0.045
0.261799	1.247695	1.809890	18	71	143	0.045
-1.832596	1.904882	-1.478089	8	66	26	0.045
0.261799	1.433411	-1.035986	141	66	21	0.045
2.617994	1.433411	-1.035986	0	63	24	0.045
-0.261799	0.418037	1.360082	141	63	10	0.045
-2.617994	0.914445	2.687814	5	63	5	0.045
2.356194	0.914445	2.687814	2	63	8	0.045
-0.523599	2.455966	-0.641220	140	66	20	0.045
-0.261799	1.662363	0.915448	143	71	23	0.045
-0.261799	1.413430	2.550734	3	54	5	0.045
1.832596	2.396274	-1.959260	141	61	16	0.045
-0.785398	2.033014	2.977192	6	63	3	0.045
-1.308997	2.979456	-1.009304	133	64	17	0.044
-0.261799	2.587733	0.232235	137	63	11	0.044
-0.523599	1.184361	0.625864	3	67	10	0.044
-1.832596	1.195355	1.200319	143	66	142	0.044
-0.523599	0.458961	-0.107937	2	88	0	0.044
2.879793	0.618092	2.539118	5	65	6	0.044
-0.523599	0.370812	-2.547742	1	66	143	0.044
-0.785398	0.674054	1.013609	2	65	3	0.044
-0.261799	0.866955	-0.931351	142	70	9	0.044
1.047198	1.812176	0.656819	134	69	10	0.044
0.261799	2.349581	-2.702517	4	71	11	0.044
-2.356194	1.606104	-0.451151	6	61	13	0.044
2.617994	1.506530	1.988858	141	50	9	0.044
0.523599	0.571433	-1.188419	143	63	9	0.044
-2.094395	1.025536	1.576859	141	66	4	0.044
-1.047198	2.073035	2.027405	12	93	13	0.044
2.617994	0.496451	0.593859	7	51	0	0.044
-1.570796	2.455966	-0.641220	141	63	15	0.044
2.356194	2.455966	-0.641220	136	64	10	0.044
0.261799	2.588535	-2.976617	138	54	5	0.044
0.000000	1.247695	1.809890	10	65	6	0.044
-0.261799	1.909857	-0.381669	129	63	13	0.043
-2.356194	2.863997	0.549740	1	65	14	0.043
-2.879793	0.591903	2.010408	138	64	4	0.043
-1.570796	1.025536	1.576859	2	65	0	0.043
-0.523599	0.615174	-0.666022	2	63	143	0.043
0.261799	1.766067	2.153843	1	64	8	0.043
1.047198	2.295480	1.008277	141	51	16	0.043
0.000000	1.391910	3.030322	10	56	7	0.043
-1.047198	0.496451	0.593859	135	71	143	0.043
0.261799	1.417623	-0.202254	141	62	17	0.043
-1.308997	1.450119	-2.739050	1	71	8	0.043
0.785398	1.450119	-2.739050	0	64	13	0.043
1.308997	1.450119	-2.739050	138	63	13	0.043
1.308997	2.404280	-0.174044	143	59	16	0.043
2.879793	2.404280	-0.174044	140	68	16	0.043
-2.356194	2.115563	0.685730	14	71	18	0.043
-2.617994	1.869911	2.701025	17	66	18	0.043
1.308997	0.458961	-0.107937	138	64	12	0.043
-1.832596	0.618092	2.539118	17	71	8	0.043
-0.785398	0.618092	2.539118	0	64	5	0.043
-2.879793	1.846342	-1.796954	2	64	24	0.043
-2.356194	1.846342	-1.796954	8	59	27	0.043
0.785398	0.615174	-0.666022	141	64	8	0.043
1.308997	0.615174	-0.666022	137	66	14	0.043
2.617994	0.615174	-0.666022	2	70	14	0.043
-1.570796	1.569311	-3.003978	13	71	9	0.043
2.356194	1.569311	-3.003978	138	64	19	0.043
-2.356194	0.419640	2.974122	3	63	6	0.043
-2.617994	1.134796	2.434290	140	66	6	0.043
-2.356194	1.134796	2.434290	9	64	11	0.043
-1.570796	1.134796	2.434290	2	66	10	0.043
1.832596	1.134796	2.434290	136	68	1	0.043
-2.356194	1.574060	2.783565	7	64	7	0.043
-1.832596	1.574060	2.783565	6	64	4	0.043
-1.047198	1.413430	2.550734	19	64	13	0.043
2.356194	0.850607	-1.335383	136	68	18	0.043
2.617994	0.850607	-1.335383	142	62	7	0.043
-3.141593	0.640596	-2.797608	141	64	6	0.043
-2.879793	2.979456	-1.009304	0	68	18	0.043
-0.261799	2.979456	-1.009304	2	64	22	0.043
-2.094395	0.831641	0.616218	138	59	3	0.043
2.879793	0.831641	0.616218	14	59	0	0.043
0.785398	2.343981	-1.040456	8	64	16	0.043
1.047198	1.998705	2.370472	128	66	3	0.043
1.570796	1.998705	2.370472	132	64	8	0.043
2.356194	1.998705	2.370472	3	71	8	0.043
2.617994	1.413347	-1.339188	4	59	9	0.043
-0.523599	0.674054	1.013609	141	63	3	0.043
-2.617994	0.906588	1.252948	2	71	8	0.043
0.261799	0.906588	1.252948	3	71	2	0.043
1.832596	0.906588	1.252948	137	71	3	0.043
2.094395	1.335669	0.897240	140	68	5	0.043
-2.094395	1.870545	-2.976234	2	68	17	0.043
1.308997	2.164094	-2.991358	132	64	16	0.043
-2.879793	0.379747	-1.713059	1	88	1	0.043
-1.308997	0.379747	-1.713059	6	89	19	0.043
0.000000	0.379747	-1.713059	4	71	8	0.043
0.261799	0.379747	-1.713059	0	69	7	0.043
0.785398	0.379747	-1.713059	141	64	9	0.043
1.832596	0.379747	-1.713059	137	64	6	0.043
-1.570796	2.187132	-0.479875	5	64	19	0.043
-2.356194	0.866955	-0.931351	136	63	8	0.043
1.570796	0.866955	-0.931351	140	63	23	0.043
2.094395	0.866955	-0.931351	131	69	5	0.043
-2.356194	2.299159	2.264663	9	66	13	0.043
1.832596	2.299159	2.264663	141	69	9	0.043
-2.617994	1.812176	0.656819	11	64	5	0.043
2.094395	2.719179	-1.780644	140	69	16	0.043
1.570796	0.866395	-2.492918	139	67	8	0.043
1.832596	1.617114	-1.572037	133	71	18	0.043
-2.356194	0.864993	2.278281	1	62	8	0.043
-3.141593	2.174483	2.653697	137	64	11	0.043
-0.523599	2.174483	2.653697	2	62	4	0.043
0.523599	2.174483	2.653697	141	59	14	0.043
1.570796	2.174483	2.653697	141	71	9	0.043
2.094395	2.174483	2.653697	141	67	5	0.043
0.261799	2.664082	-1.071402	143	71	19	0.043
0.785398	2.664082	-1.071402	138	71	12	0.043
-2.356194	0.899350	-2.069907	14	71	10	0.043
-1.832596	0.899350	-2.069907	136	66	11	0.043
-1.308997	0.899350	-2.069907	139	60	7	0.043
-1.308997	1.135834	-1.431087	15	69	13	0.043
0.000000	1.310100	1.488307	138	93	15	0.043
1.308997	1.310100	1.488307	3	71	140	0.043
-3.141593	2.153910	-1.714959	11	71	34	0.043
1.832596	1.134497	-1.109631	142	66	11	0.043
2.356194	1.134497	-1.109631	1	64	11	0.043
1.308997	0.961715	0.014085	141	63	9	0.043
-0.523599	1.367556	0.358405	135	65	3	0.043
2.094395	1.440580	2.260026	140	71	2	0.043
2.617994	2.863997	0.549740	142	64	11	0.043
-2.879793	1.045978	0.343692	142	67	3	0.043
2.356194	0.290380	-0.796960	3	59	4	0.043
-1.570796	1.836682	-0.676006	5	59	8	0.043
1.308997	1.836682	-0.676006	0	69	18	0.043
1.047198	1.736875	3.023612	140	63	8	0.043
2.879793	1.736875	3.023612	7	64	6	0.043
-2.094395	0.591903	2.010408	1	59	2	0.043
-1.308997	0.591903	2.010408	141	87	13	0.043
-2.617994	2.760637	2.781135	143	64	20	0.043
0.261799	2.760637	2.781135	143	63	16	0.043
-0.785398	2.592629	0.909713	8	64	19	0.043
-3.141593	2.407836	1.410646	12	60	14	0.043
0.523599	2.407836	1.410646	133	71	13	0.043
-2.617994	0.619654	-2.216909	141	71	6	0.043
0.000000	0.619654	-2.216909	8	59	10	0.043
0.785398	2.001437	0.381215	136	67	11	0.043
-2.356194	2.180315	-1.357379	141	71	15	0.043
-0.261799	2.478122	2.609777	0	91	8	0.043
-1.570796	1.699788	2.452890	15	66	12	0.043
2.356194	1.699788	2.452890	5	64	14	0.043
2.617994	1.699788	2.452890	135	64	11	0.043
-1.047198	1.184361	0.625864	141	69	6	0.043
2.617994	1.325504	-1.671296	137	63	4	0.043
-1.570796	1.606104	-0.451151	142	69	14	0.043
-1.308997	1.606104	-0.451151	12	63	12	0.043
1.047198	1.606104	-0.451151	133	66	20	0.043
2.617994	1.606104	-0.451151	138	66	10	0.043
-0.785398	2.637879	2.121598	142	69	11	0.043
1.308997	2.637879	2.121598	136	69	16	0.043
-1.047198	1.218453	2.777284	5	66	10	0.043
-0.785398	1.218453	2.777284	143	66	6	0.043
0.785398	1.555207	1.708892	137	66	7	0.043
2.879793	2.295480	1.008277	4	71	11	0.043
1.570796	1.510910	-0.740472	133	64	18	0.043
2.879793	1.510910	-0.740472	142	64	17	0.043
1.832596	0.571433	-1.188419	143	64	14	0.043
-1.832596	1.982574	-1.115518	5	65	21	0.043
1.832596	1.982574	-1.115518	6	64	27	0.043
2.356194	1.982574	-1.115518	2	64	14	0.043
-2.356194	2.033014	2.977192	6	57	11	0.043
-2.094395	0.297065	2.160177	1	63	13	0.043
-1.570796	0.297065	2.160177	7	65	12	0.043
2.879793	0.297065	2.160177	138	64	7	0.043
-2.356194	0.080730	-2.622036	143	66	7	0.043
2.879793	0.080730	-2.622036	131	64	2	0.043
-1.570796	1.242974	-2.977882	5	69	0	0.043
2.879793	1.242974	-2.977882	137	65	5	0.043
-2.879793	0.992645	-1.723759	140	66	12	0.043
2.617994	0.992645	-1.723759	3	57	8	0.043
2.879793	2.104282	-0.813972	11	64	26	0.043
0.785398	0.762244	-0.273349	130	53	9	0.043
-0.523599	1.050534	3.042579	10	71	0	0.043
2.879793	1.050534	3.042579	138	69	6	0.043
1.832596	1.721184	-0.153948	138	66	17	0.043
-2.356194	2.588535	-2.976617	3	88	21	0.043
-3.141593	1.391910	3.030322	4	66	17	0.043
-2.617994	1.391910	3.030322	8	71	14	0.043
-1.308997	1.391910	3.030322	7	71	9	0.043
-2.356194	0.685216	-1.712745	7	71	19	0.043
-1.570796	0.685216	-1.712745	10	63	13	0.043
-0.785398	0.700570	1.559208	140	86	6	0.043
1.832596	0.700570	1.559208	3	66	141	0.043
2.356194	0.700570	1.559208	140	69	1	0.043
1.570796	2.251330	-2.330739	142	63	20	0.043
-1.047198	1.374601	-2.456031	4	67	4	0.043
-1.570796	1.732874	-0.951685	6	64	22	0.043
2.879793	1.732874	-0.951685	142	54	25	0.043
-0.523599	2.704512	1.488683	0	68	16	0.043
1.570796	2.704512	1.488683	141	71	23	0.043
-3.141593	0.929350	-2.910676	4	68	6	0.043
-1.308997	0.929350	-2.910676	0	67	6	0.043
-2.879793	1.128190	-2.288622	0	71	14	0.043
-1.570796	1.128190	-2.288622	13	71	9	0.043
2.617994	1.128190	-2.288622	143	71	7	0.043
-0.523599	2.881233	-2.582574	139	64	11	0.043
2.879793	1.683268	0.374177	6	63	15	0.043
0.785398	1.875281	0.107086	138	68	13	0.043
-2.356194	1.301460	-0.509251	139	64	13	0.043
-1.047198	2.379497	0.561089	8	63	17	0.043
-0.785398	2.379497	0.561089	1	64	20	0.043
0.261799	2.379497	0.561089	136	71	14	0.043
1.308997	2.379497	0.561089	136	71	18	0.043
1.832596	1.214854	-1.966664	138	72	22	0.043
-0.785398	0.914445	2.687814	5	66	8	0.043
1.832596	0.914445	2.687814	2	71	12	0.043
-2.617994	1.135813	-2.658866	5	71	11	0.043
-2.356194	1.135813	-2.658866	14	64	7	0.043
-2.879793	1.448123	-2.163292	139	63	13	0.043
-2.879793	2.455966	-0.641220	12	60	21	0.043
-1.047198	2.455966	-0.641220	141	90	22	0.043
1.308997	2.455966	-0.641220	138	59	15	0.043
-2.617994	1.662363	0.915448	4	63	2	0.043
-1.570796	0.418037	1.360082	4	63	6	0.043
0.785398	2.881233	-2.582574	141	66	13	0.043
-0.785398	1.335669	0.897240	140	71	3	0.043
0.261799	1.128190	-2.288622	2	64	3	0.043
1.047198	2.719179	-1.780644	138	66	10	0.043
-0.523599	0.831641	0.616218	137	59	3	0.042
-2.879793	2.724429	-0.348782	137	68	10	0.042
-0.785398	1.194549	-0.801900	1	62	14	0.042
0.523599	1.128190	-2.288622	133	72	8	0.042
0.000000	1.998705	2.370472	2	63	13	0.042
0.785398	2.356369	3.005869	7	54	12	0.042
0.000000	1.504028	0.636812	8	63	24	0.042
0.785398	1.504028	0.636812	136	67	5	0.042
-2.617994	1.450119	-2.739050	16	62	4	0.042
-0.785398	1.554776	0.100351	141	59	4	0.042
0.261799	2.587733	0.232235	133	63	16	0.042
0.785398	1.413347	-1.339188	137	64	20	0.042
1.047198	0.379747	-1.713059	0	69	8	0.042
-0.785398	2.174483	2.653697	3	64	8	0.042
1.832596	2.153910	-1.714959	0	52	20	0.042
-2.094395	2.863997	0.549740	4	65	21	0.042
-2.356194	1.113094	-0.272241	21	61	7	0.042
-1.570796	0.619654	-2.216909	141	54	6	0.042
-1.047198	0.619654	-2.216909	143	87	2	0.042
-0.523599	0.619654	-2.216909	4	66	7	0.042
1.308997	0.619654	-2.216909	141	67	7	0.042
-2.356194	2.349581	-2.702517	0	63	12	0.042
-1.308997	2.180315	-1.357379	5	51	23	0.042
-1.047198	2.478122	2.609777	0	69	9	0.042
-1.047198	1.488617	1.159546	139	72	10	0.042
1.832596	1.488617	1.159546	141	61	18	0.042
-1.308997	0.203748	0.590255	136	64	2	0.042
-1.047198	0.080730	-2.622036	5	54	9	0.042
-0.261799	0.733948	3.021411	142	87	12	0.042
-0.523599	1.732874	-0.951685	4	63	20	0.042
-1.047198	1.128190	-2.288622	10	63	9	0.042
-2.617994	1.301460	-0.509251	14	54	4	0.042
-0.785398	1.301460	-0.509251	6	64	13	0.042
-0.261799	0.961715	0.014085	139	70	4	0.042
0.000000	1.045978	0.343692	137	54	2	0.042
-2.879793	2.719179	-1.780644	141	63	15	0.042
0.000000	0.709924	0.218797	142	65	4	0.042
1.308997	2.579248	-2.364801	3	65	12	0.042
-2.617994	0.960688	-0.577532	143	63	7	0.042
-0.523599	1.869911	2.701025	2	71	10	0.042
-1.570796	2.984978	1.954446	138	51	18	0.042
0.785398	1.134497	-1.109631	136	61	19	0.042
-0.261799	2.356369	3.005869	3	62	9	0.042
1.308997	0.709924	0.218797	127	64	12	0.042
-0.261799	1.168678	2.108595	8	61	4	0.041
-0.261799	2.108018	1.311430	7	87	24	0.041
1.308997	1.662363	0.915448	133	66	5	0.041
0.785398	2.456751	-1.503343	2	64	7	0.041
0.523599	1.374601	-2.456031	4	63	10	0.041
-3.141593	1.450119	-2.739050	141	64	7	0.041
1.047198	1.450119	-2.739050	129	87	15	0.041
-3.141593	2.404280	-0.174044	132	67	15	0.041
-2.879793	2.404280	-0.174044	0	64	20	0.041
1.047198	2.115563	0.685730	134	53	16	0.041
1.308997	1.756530	-2.105156	135	71	21	0.041
2.094395	1.756530	-2.105156	138	88	22	0.041
1.047198	1.869911	2.701025	3	64	13	0.041
-0.785398	0.458961	-0.107937	8	64	9	0.041
2.094395	0.458961	-0.107937	138	61	6	0.041
-2.356194	1.599406	1.426070	5	63	2	0.041
0.785398	1.599406	1.426070	126	71	13	0.041
-2.879793	1.554776	0.100351	134	63	17	0.041
-2.617994	0.615174	-0.666022	143	64	15	0.041
-2.617994	2.393226	1.857173	139	69	4	0.041
-0.261799	2.393226	1.857173	139	69	21	0.041
-2.879793	1.569311	-3.003978	8	63	10	0.041
1.832596	1.569311	-3.003978	143	71	9	0.041
2.094395	0.419640	2.974122	4	61	13	0.041
-1.047198	1.574060	2.783565	5	62	10	0.041
-2.617994	2.587733	0.232235	142	64	22	0.041
-2.617994	1.413430	2.550734	142	64	7	0.041
2.617994	1.413430	2.550734	141	54	9	0.041
0.785398	1.417623	-0.202254	0	56	22	0.041
1.047198	1.417623	-0.202254	1	63	10	0.041
-0.523599	0.850607	-1.335383	17	63	8	0.041
1.047198	0.370812	-2.547742	0	63	2	0.041
1.308997	0.370812	-2.547742	142	66	6	0.041
2.356194	2.343981	-1.040456	140	64	18	0.041
2.879793	1.998705	2.370472	132	64	11	0.041
-2.094395	1.413347	-1.339188	10	67	11	0.041
0.523599	1.335669	0.897240	138	64	7	0.041
-2.356194	2.164094	-2.991358	139	54	18	0.041
-0.785398	2.187132	-0.479875	141	71	21	0.041
-1.570796	0.866955	-0.931351	0	71	14	0.041
-0.523599	0.866955	-0.931351	0	67	4	0.041
1.047198	0.866955	-0.931351	1	71	17	0.041
-1.047198	2.299159	2.264663	3	59	12	0.041
-2.879793	1.812176	0.656819	9	63	6	0.041
2.094395	2.396274	-1.959260	2	66	24	0.041
-0.785398	0.866395	-2.492918	1	59	14	0.041
2.617994	0.866395	-2.492918	6	63	3	0.041
-2.617994	1.617114	-1.572037	5	54	12	0.041
-2.356194	1.617114	-1.572037	6	53	9	0.041
0.261799	0.864993	2.278281	8	63	3	0.041
-1.570796	1.014500	0.906702	141	69	6	0.041
2.094395	2.247462	0.191623	5	64	13	0.041
-2.617994	2.724429	-0.348782	134	71	23	0.041
-2.356194	2.724429	-0.348782	140	69	14	0.041
-2.094395	2.724429	-0.348782	139	63	17	0.041
2.879793	2.724429	-0.348782	0	71	14	0.041
0.785398	1.194549	-0.801900	135	88	18	0.041
-1.570796	1.504028	0.636812	141	71	4	0.041
-2.356194	1.741644	-2.695914	0	51	12	0.041
1.308997	2.174483	2.653697	139	61	9	0.041
-1.047198	2.984978	1.954446	143	92	20	0.041
-0.261799	1.135834	-1.431087	1	64	11	0.041
0.000000	1.909857	-0.381669	131	64	22	0.041
-2.617994	2.153910	-1.714959	143	67	20	0.041
2.356194	2.153910	-1.714959	141	63	17	0.041
1.047198	0.961715	0.014085	0	67	17	0.041
-0.785398	2.863997	0.549740	1	66	16	0.041
1.047198	2.863997	0.549740	6	67	20	0.041
-0.785398	2.041297	-2.664597	3	63	6	0.041
1.570796	0.290380	-0.796960	1	64	11	0.041
-1.308997	1.948085	-2.363031	7	63	24	0.041
0.785398	0.591903	2.010408	6	54	143	0.041
1.832596	2.760637	2.781135	143	64	11	0.041
-2.094395	1.256302	0.062705	4	63	16	0.041
-2.356194	2.592629	0.909713	4	63	19	0.041
-0.785398	1.113094	-0.272241	140	71	12	0.041
-2.356194	2.407836	1.410646	2	66	9	0.041
1.832596	2.407836	1.410646	138	71	8	0.041
0.523599	0.619654	-2.216909	2	71	11	0.041
2.356194	0.619654	-2.216909	137	51	13	0.041
-0.523599	1.168678	2.108595	10	88	7	0.041
0.000000	2.180315	-1.357379	138	71	22	0.041
0.523599	2.478122	2.609777	138	57	14	0.041
-3.141593	1.699788	2.452890	140	54	0	0.041
-0.261799	1.699788	2.452890	137	92	14	0.041
-0.523599	1.488617	1.159546	3	64	7	0.041
0.523599	1.488617	1.159546	140	66	8	0.041
-0.261799	1.506530	1.988858	6	71	143	0.041
-1.570796	2.637879	2.121598	11	71	21	0.041
0.000000	2.637879	2.121598	141	86	15	0.041
1.308997	1.218453	2.777284	138	64	11	0.041
2.094395	1.218453	2.777284	139	63	5	0.041
-2.879793	1.510910	-0.740472	8	71	17	0.041
-0.523599	0.571433	-1.188419	3	63	1	0.041
-3.141593	2.033014	2.977192	137	51	11	0.041
-1.047198	2.033014	2.977192	7	68	10	0.041
1.832596	2.033014	2.977192	0	64	18	0.041
-2.094395	0.080730	-2.622036	143	63	12	0.041
-3.141593	2.104282	-0.813972	20	68	22	0.041
-1.308997	2.104282	-0.813972	3	71	29	0.041
-2.879793	1.872854	1.543456	142	66	11	0.041
-1.570796	1.872854	1.543456	13	88	5	0.041
2.879793	1.872854	1.543456	7	63	2	0.041
1.570796	1.050534	3.042579	5	62	9	0.041
-2.617994	1.721184	-0.153948	17	62	17	0.041
-2.094395	1.721184	-0.153948	6	63	11	0.041
-2.617994	0.733948	3.021411	140	71	4	0.041
0.785398	0.733948	3.021411	140	63	7	0.041
2.094395	0.733948	3.021411	137	64	12	0.041
0.785398	2.588535	-2.976617	139	64	12	0.041
-1.308997	0.685216	-1.712745	11	59	19	0.041
2.094395	2.063651	-2.044600	7	71	19	0.041
-1.047198	0.700570	1.559208	143	71	9	0.041
-0.523599	1.374601	-2.456031	141	63	9	0.041
0.785398	0.960688	-0.577532	133	63	8	0.041
1.047198	2.704512	1.488683	137	68	23	0.041
2.617994	2.704512	1.488683	2	64	15	0.041
-0.261799	0.910508	1.903534	4	64	2	0.041
2.617994	2.881233	-2.582574	143	67	13	0.041
-2.356194	1.696674	-1.253233	6	63	18	0.041
2.879793	1.696674	-1.253233	9	63	27	0.041
0.785398	1.683268	0.374177	143	57	16	0.041
-0.785398	1.875281	0.107086	140	69	10	0.041
-2.094395	1.247695	1.809890	8	71	11	0.041
0.000000	1.904882	-1.478089	138	71	25	0.041
-3.141593	0.709924	0.218797	7	66	13	0.041
1.047198	2.379497	0.561089	143	69	14	0.041
2.879793	2.379497	0.561089	4	69	26	0.041
1.570796	1.433411	-1.035986	132	68	13	0.041
1.047198	1.135813	-2.658866	142	88	10	0.041
-3.141593	1.448123	-2.163292	131	51	14	0.041
-1.308997	1.448123	-2.163292	10	71	13	0.041
-3.141593	2.455966	-0.641220	137	61	16	0.041
-0.261799	0.709924	0.218797	141	54	4	0.041
-0.785398	1.809167	1.213774	12	51	143	0.041
-0.261799	1.218453	2.777284	13	87	9	0.041
-0.261799	2.704512	1.488683	8	86	14	0.041
-1.832596	0.571433	-1.188419	11	61	5	0.041
-2.356194	0.850607	-1.335383	3	61	5	0.041
-1.308997	2.343981	-1.040456	3	62	19	0.041
-1.832596	1.014500	0.906702	6	85	8	0.041
1.570796	1.195355	1.200319	1	51	10	0.041
0.000000	1.440580	2.260026	0	64	10	0.041
1.308997	2.592629	0.909713	141	51	13	0.041
2.356194	1.696674	-1.253233	141	63	3	0.041
0.523599	1.135813	-2.658866	5	65	15	0.041
0.785398	1.662363	0.915448	138	63	5	0.041
0.523599	0.866955	-0.931351	142	59	11	0.040
-2.879793	1.134497	-1.109631	3	63	4	0.040
-0.261799	0.458961	-0.107937	4	88	11	0.040
-0.261799	1.741644	-2.695914	139	59	10	0.040
0.261799	1.168678	2.108595	7	63	0	0.040
2.356194	1.904882	-1.478089	135	63	4	0.040
-1.570796	2.115563	0.685730	4	62	3	0.040
-0.261799	1.756530	-2.105156	12	64	27	0.040
-0.785398	1.869911	2.701025	6	63	10	0.040
-0.261799	0.615174	-0.666022	143	89	3	0.040
1.570796	1.134796	2.434290	131	86	143	0.040
2.094395	1.413430	2.550734	139	62	3	0.040
-0.785398	0.640596	-2.797608	142	66	3	0.040
2.356194	0.831641	0.616218	2	50	5	0.040
2.879793	2.343981	-1.040456	134	64	10	0.040
1.832596	1.335669	0.897240	140	63	1	0.040
-1.308997	2.299159	2.264663	8	64	7	0.040
-1.832596	1.812176	0.656819	9	63	21	0.040
-2.094395	2.719179	-1.780644	140	57	26	0.040
-1.832596	2.247462	0.191623	7	61	11	0.040
-0.785398	2.724429	-0.348782	2	64	22	0.040
-0.523599	1.741644	-2.695914	143	71	10	0.040
0.000000	1.741644	-2.695914	0	59	15	0.040
-1.308997	2.174483	2.653697	2	66	5	0.040
0.000000	2.174483	2.653697	15	93	21	0.040
-1.308997	1.766067	2.153843	2	64	5	0.040
-1.308997	1.909857	-0.381669	0	62	19	0.040
0.785398	2.153910	-1.714959	140	59	17	0.040
-2.617994	1.134497	-1.109631	138	52	5	0.040
-0.523599	0.961715	0.014085	138	86	5	0.040
-1.570796	2.041297	-2.664597	2	61	3	0.040
2.356194	2.041297	-2.664597	140	88	16	0.040
0.523599	1.256302	0.062705	136	64	8	0.040
0.261799	0.619654	-2.216909	140	61	4	0.040
1.047198	2.001437	0.381215	138	63	17	0.040
2.879793	1.982574	-1.115518	138	64	5	0.040
0.261799	2.033014	2.977192	7	89	10	0.040
0.000000	0.297065	2.160177	12	63	1	0.040
2.617994	0.080730	-2.622036	133	69	143	0.040
-2.879793	1.242974	-2.977882	3	61	143	0.040
-2.879793	2.104282	-0.813972	20	51	16	0.040
-2.617994	0.685216	-1.712745	4	51	8	0.040
-1.832596	0.685216	-1.712745	142	54	6	0.040
-1.308997	1.025536	1.576859	1	71	142	0.040
-0.785398	1.374601	-2.456031	138	63	1	0.040
2.617994	0.929350	-2.910676	15	63	7	0.040
0.000000	1.683268	0.374177	142	59	13	0.040
1.570796	1.683268	0.374177	136	64	141	0.040
-2.094395	1.875281	0.107086	12	64	10	0.040
1.570796	1.875281	0.107086	5	61	20	0.040
2.094395	1.433411	-1.035986	130	64	8	0.040
2.094395	0.418037	1.360082	139	59	141	0.040
0.785398	0.297065	2.160177	9	63	0	0.040
-0.523599	2.033014	2.977192	6	64	5	0.040
-1.832596	1.113094	-0.272241	19	85	15	0.040
0.785398	2.251330	-2.330739	140	70	7	0.040
-0.261799	1.134796	2.434290	12	64	9	0.040
0.785398	2.587733	0.232235	5	50	15	0.040
-0.261799	0.850607	-1.335383	143	62	8	0.040
-0.261799	1.766067	2.153843	4	86	9	0.040
-0.261799	2.349581	-2.702517	141	63	16	0.040
0.261799	2.478122	2.609777	142	89	11	0.040
2.356194	2.881233	-2.582574	136	63	12	0.040
-1.047198	1.569311	-3.003978	143	63	4	0.039
-0.785398	1.741644	-2.695914	0	67	1	0.039
0.000000	2.251330	-2.330739	141	88	9	0.039
-0.261799	1.113094	-0.272241	135	98	13	0.039
0.000000	2.760637	2.781135	137	71	12	0.039
1.047198	1.025536	1.576859	130	63	9	0.039
0.523599	1.870545	-2.976234	0	62	22	0.039
-2.356194	1.450119	-2.739050	1	63	12	0.039
-0.261799	1.450119	-2.739050	3	83	16	0.039
0.523599	1.450119	-2.739050	3	79	12	0.039
2.094395	1.450119	-2.739050	0	75	22	0.039
-1.832596	2.404280	-0.174044	137	80	18	0.039
-0.785398	2.404280	-0.174044	138	67	12	0.039
0.000000	2.404280	-0.174044	142	69	22	0.039
-3.141593	2.115563	0.685730	142	59	24	0.039
-2.617994	2.115563	0.685730	137	54	16	0.039
-1.047198	2.115563	0.685730	3	76	26	0.039
-0.785398	2.115563	0.685730	133	61	8	0.039
0.000000	2.115563	0.685730	7	83	11	0.039
1.308997	2.115563	0.685730	0	80	23	0.039
-3.141593	1.756530	-2.105156	135	75	2	0.039
-2.879793	1.756530	-2.105156	138	51	17	0.039
-2.617994	1.756530	-2.105156	142	76	12	0.039
0.523599	1.756530	-2.105156	143	81	142	0.039
2.356194	1.756530	-2.105156	137	75	25	0.039
-2.356194	1.869911	2.701025	13	76	7	0.039
-2.094395	1.869911	2.701025	1	71	4	0.039
-1.832596	1.869911	2.701025	6	61	17	0.039
-1.570796	1.869911	2.701025	138	76	139	0.039
-1.308997	1.869911	2.701025	6	64	10	0.039
-0.261799	1.869911	2.701025	9	59	17	0.039
0.523599	1.869911	2.701025	141	79	11	0.039
1.570796	1.869911	2.701025	0	67	11	0.039
2.094395	1.869911	2.701025	14	77	7	0.039
2.356194	1.869911	2.701025	1	81	6	0.039
-2.356194	0.458961	-0.107937	140	83	12	0.039
-1.570796	0.458961	-0.107937	1	63	8	0.039
0.000000	0.458961	-0.107937	139	84	8	0.039
0.261799	0.458961	-0.107937	134	83	6	0.039
1.570796	0.458961	-0.107937	5	81	14	0.039
2.356194	0.458961	-0.107937	8	70	4	0.039
-3.141593	1.599406	1.426070	143	47	10	0.039
-2.617994	1.599406	1.426070	142	47	7	0.039
-1.832596	1.599406	1.426070	8	83	7	0.039
1.832596	1.599406	1.426070	131	74	140	0.039
2.094395	1.599406	1.426070	139	81	11	0.039
2.617994	1.599406	1.426070	4	64	8	0.039
2.879793	1.599406	1.426070	3	74	8	0.039
-2.356194	1.554776	0.100351	5	83	12	0.039
-2.094395	1.554776	0.100351	10	81	143	0.039
-1.308997	1.554776	0.100351	1	82	16	0.039
0.261799	1.554776	0.100351	3	75	19	0.039
0.523599	1.554776	0.100351	2	83	24	0.039
2.094395	1.554776	0.100351	1	78	18	0.039
2.356194	1.554776	0.100351	132	64	8	0.039
2.617994	1.554776	0.100351	2	64	16	0.039
-2.617994	0.618092	2.539118	15	73	9	0.039
-2.094395	0.618092	2.539118	7	73	0	0.039
-1.308997	0.618092	2.539118	138	81	9	0.039
1.832596	0.618092	2.539118	143	67	8	0.039
-2.094395	1.846342	-1.796954	2	75	23	0.039
-1.832596	1.846342	-1.796954	0	47	28	0.039
0.261799	1.846342	-1.796954	143	83	31	0.039
1.570796	1.846342	-1.796954	138	71	18	0.039
2.356194	1.846342	-1.796954	3	81	15	0.039
-2.356194	0.615174	-0.666022	139	92	16	0.039
-2.094395	0.615174	-0.666022	140	71	15	0.039
-1.308997	0.615174	-0.666022	5	63	16	0.039
0.000000	0.615174	-0.666022	3	75	8	0.039
1.832596	0.615174	-0.666022	136	75	16	0.039
2.094395	0.615174	-0.666022	135	63	12	0.039
-3.141593	2.393226	1.857173	8	73	23	0.039
-2.879793	2.393226	1.857173	13	83	17	0.039
-2.094395	2.393226	1.857173	4	59	14	0.039
-1.570796	2.393226	1.857173	12	83	12	0.039
-1.047198	2.393226	1.857173	10	83	15	0.039
0.523599	2.393226	1.857173	2	80	15	0.039
1.308997	2.393226	1.857173	136	64	16	0.039
1.570796	2.393226	1.857173	132	71	14	0.039
1.832596	2.393226	1.857173	136	73	9	0.039
2.617994	2.393226	1.857173	140	75	19	0.039
-3.141593	1.569311	-3.003978	8	64	9	0.039
-2.617994	1.569311	-3.003978	3	70	3	0.039
-0.523599	1.569311	-3.003978	7	76	16	0.039
0.000000	1.569311	-3.003978	141	80	1	0.039
0.785398	1.569311	-3.003978	3	83	9	0.039
1.308997	1.569311	-3.003978	3	83	14	0.039
1.570796	1.569311	-3.003978	137	63	4	0.039
2.617994	1.569311	-3.003978	141	66	13	0.039
-1.308997	0.419640	2.974122	16	75	3	0.039
-0.785398	0.419640	2.974122	5	69	141	0.039
-0.523599	0.419640	2.974122	3	80	5	0.039
2.617994	0.419640	2.974122	137	87	9	0.039
-2.094395	1.134796	2.434290	16	76	6	0.039
-1.308997	1.134796	2.434290	6	62	4	0.039
0.523599	1.134796	2.434290	134	83	138	0.039
-3.141593	1.574060	2.783565	135	47	14	0.039
0.000000	1.574060	2.783565	19	83	8	0.039
1.570796	1.574060	2.783565	131	64	14	0.039
1.832596	1.574060	2.783565	15	59	12	0.039
2.617994	1.574060	2.783565	1	69	13	0.039
2.879793	1.574060	2.783565	138	76	14	0.039
-3.141593	2.587733	0.232235	5	76	15	0.039
0.523599	2.587733	0.232235	140	78	20	0.039
2.094395	2.587733	0.232235	131	69	18	0.039
2.617994	2.587733	0.232235	11	79	21	0.039
2.879793	2.587733	0.232235	15	65	21	0.039
-3.141593	1.413430	2.550734	1	76	14	0.039
-2.879793	1.413430	2.550734	4	83	2	0.039
-2.356194	1.413430	2.550734	2	63	10	0.039
-2.094395	1.413430	2.550734	5	64	10	0.039
-1.308997	1.413430	2.550734	3	67	2	0.039
0.261799	1.413430	2.550734	131	72	7	0.039
0.523599	1.413430	2.550734	138	59	10	0.039
-3.141593	1.417623	-0.202254	5	63	19	0.039
-2.879793	1.417623	-0.202254	4	80	13	0.039
-2.617994	1.417623	-0.202254	1	58	16	0.039
-2.094395	1.417623	-0.202254	9	71	15	0.039
0.523599	1.417623	-0.202254	136	76	19	0.039
2.094395	1.417623	-0.202254	142	83	15	0.039
2.879793	1.417623	-0.202254	136	76	13	0.039
1.570796	0.850607	-1.335383	132	76	16	0.039
1.832596	0.850607	-1.335383	136	54	16	0.039
2.879793	0.850607	-1.335383	131	76	8	0.039
-3.141593	0.370812	-2.547742	6	74	14	0.039
-2.617994	0.370812	-2.547742	143	75	142	0.039
-2.356194	0.370812	-2.547742	134	63	10	0.039
-1.308997	0.370812	-2.547742	7	71	9	0.039
-1.047198	0.370812	-2.547742	142	74	3	0.039
0.261799	0.370812	-2.547742	9	83	12	0.039
0.785398	0.370812	-2.547742	4	63	8	0.039
1.570796	0.370812	-2.547742	136	69	13	0.039
2.356194	0.370812	-2.547742	142	75	11	0.039
2.879793	0.370812	-2.547742	141	63	1	0.039
1.570796	0.640596	-2.797608	143	76	9	0.039
2.617994	0.640596	-2.797608	2	83	11	0.039
0.261799	2.979456	-1.009304	2	64	22	0.039
0.523599	2.979456	-1.009304	18	76	15	0.039
0.785398	2.979456	-1.009304	11	71	18	0.039
1.047198	2.979456	-1.009304	15	80	25	0.039
1.570796	2.979456	-1.009304	10	75	21	0.039
-2.617994	0.831641	0.616218	2	76	142	0.039
0.000000	0.831641	0.616218	1	75	8	0.039
1.047198	0.831641	0.616218	139	76	6	0.039
-2.879793	2.343981	-1.040456	9	75	30	0.039
-1.570796	2.343981	-1.040456	13	75	14	0.039
0.261799	2.343981	-1.040456	1	76	23	0.039
0.523599	2.343981	-1.040456	139	81	19	0.039
1.047198	2.343981	-1.040456	1	64	18	0.039
-2.617994	1.998705	2.370472	10	76	10	0.039
-2.094395	1.998705	2.370472	142	81	14	0.039
-0.785398	1.998705	2.370472	13	76	10	0.039
0.785398	1.998705	2.370472	137	71	16	0.039
1.308997	1.998705	2.370472	140	66	15	0.039
-2.879793	1.413347	-1.339188	142	73	21	0.039
-2.356194	1.413347	-1.339188	8	52	18	0.039
-1.047198	1.413347	-1.339188	6	76	27	0.039
0.261799	1.413347	-1.339188	139	76	23	0.039
1.047198	1.413347	-1.339188	139	83	20	0.039
2.094395	1.413347	-1.339188	127	83	5	0.039
2.879793	1.413347	-1.339188	2	54	16	0.039
-1.308997	0.674054	1.013609	1	77	9	0.039
-0.261799	0.674054	1.013609	0	81	143	0.039
0.000000	0.674054	1.013609	0	71	15	0.039
0.785398	0.674054	1.013609	0	81	10	0.039
2.094395	0.674054	1.013609	6	79	8	0.039
2.356194	0.674054	1.013609	1	64	142	0.039
2.617994	0.674054	1.013609	4	89	8	0.039
1.047198	0.906588	1.252948	137	81	3	0.039
1.308997	0.906588	1.252948	141	52	143	0.039
2.094395	0.906588	1.252948	0	76	142	0.039
2.356194	0.906588	1.252948	5	79	141	0.039
-1.570796	1.335669	0.897240	140	61	2	0.039
-1.047198	1.335669	0.897240	12	81	11	0.039
-0.523599	1.335669	0.897240	7	63	12	0.039
0.261799	1.335669	0.897240	139	75	13	0.039
1.570796	1.335669	0.897240	140	64	19	0.039
2.879793	1.335669	0.897240	143	74	3	0.039
-2.617994	1.870545	-2.976234	7	64	13	0.039
-1.832596	1.870545	-2.976234	11	71	18	0.039
-1.308997	1.870545	-2.976234	4	75	20	0.039
0.000000	1.870545	-2.976234	15	76	10	0.039
0.785398	1.870545	-2.976234	2	64	13	0.039
1.047198	1.870545	-2.976234	140	65	14	0.039
2.617994	1.870545	-2.976234	136	76	21	0.039
-3.141593	2.164094	-2.991358	137	71	16	0.039
-2.879793	2.164094	-2.991358	133	42	23	0.039
-1.570796	2.164094	-2.991358	9	63	27	0.039
0.261799	2.164094	-2.991358	4	79	13	0.039
1.570796	2.164094	-2.991358	2	76	12	0.039
1.832596	2.164094	-2.991358	141	80	9	0.039
2.094395	2.164094	-2.991358	139	64	7	0.039
2.356194	2.164094	-2.991358	126	77	1	0.039
2.617994	2.164094	-2.991358	142	71	17	0.039
-2.356194	0.379747	-1.713059	135	81	4	0.039
-1.832596	0.379747	-1.713059	139	63	10	0.039
-1.570796	0.379747	-1.713059	9	61	20	0.039
2.094395	0.379747	-1.713059	142	65	14	0.039
2.879793	0.379747	-1.713059	8	78	3	0.039
-3.141593	2.187132	-0.479875	12	70	17	0.039
-2.617994	2.187132	-0.479875	20	63	20	0.039
-0.261799	2.187132	-0.479875	142	70	19	0.039
-2.879793	0.866955	-0.931351	13	76	17	0.039
-2.094395	0.866955	-0.931351	6	83	16	0.039
-1.308997	0.866955	-0.931351	17	63	8	0.039
-0.785398	0.866955	-0.931351	2	80	15	0.039
1.308997	0.866955	-0.931351	130	64	7	0.039
2.617994	0.866955	-0.931351	133	77	13	0.039
-3.141593	2.299159	2.264663	0	73	8	0.039
-0.785398	2.299159	2.264663	3	74	20	0.039
-0.261799	2.299159	2.264663	9	83	16	0.039
0.000000	2.299159	2.264663	142	73	25	0.039
1.570796	2.299159	2.264663	141	62	7	0.039
2.356194	2.299159	2.264663	10	89	13	0.039
2.879793	2.299159	2.264663	12	84	16	0.039
-3.141593	1.812176	0.656819	141	71	21	0.039
-2.356194	1.812176	0.656819	0	80	18	0.039
-1.570796	1.812176	0.656819	6	83	14	0.039
-0.785398	1.812176	0.656819	3	68	10	0.039
1.308997	1.812176	0.656819	143	76	22	0.039
1.570796	1.812176	0.656819	140	83	11	0.039
2.094395	1.812176	0.656819	136	59	15	0.039
-1.308997	2.719179	-1.780644	132	76	18	0.039
-0.785398	2.719179	-1.780644	141	81	13	0.039
0.000000	2.719179	-1.780644	5	83	12	0.039
0.785398	2.719179	-1.780644	1	83	17	0.039
1.308997	2.719179	-1.780644	10	76	18	0.039
1.570796	2.719179	-1.780644	5	81	21	0.039
-3.141593	2.396274	-1.959260	0	84	27	0.039
-1.308997	2.396274	-1.959260	143	64	27	0.039
0.000000	2.396274	-1.959260	140	84	21	0.039
0.261799	2.396274	-1.959260	12	83	20	0.039
1.570796	2.396274	-1.959260	143	71	19	0.039
2.879793	2.396274	-1.959260	143	75	28	0.039
-2.879793	0.866395	-2.492918	6	64	3	0.039
-2.617994	0.866395	-2.492918	143	76	13	0.039
-1.570796	0.866395	-2.492918	5	59	5	0.039
1.832596	0.866395	-2.492918	1	63	10	0.039
2.356194	0.866395	-2.492918	135	63	9	0.039
-1.832596	1.617114	-1.572037	12	70	16	0.039
-1.308997	1.617114	-1.572037	7	76	22	0.039
0.261799	1.617114	-1.572037	140	81	16	0.039
0.523599	1.617114	-1.572037	139	79	19	0.039
1.570796	1.617114	-1.572037	0	69	21	0.039
2.879793	1.617114	-1.572037	141	59	25	0.039
-2.094395	0.864993	2.278281	7	77	6	0.039
-1.832596	0.864993	2.278281	12	81	10	0.039
-1.570796	0.864993	2.278281	141	83	6	0.039
-0.523599	0.864993	2.278281	6	78	12	0.039
-0.523599	1.014500	0.906702	1	66	8	0.039
-0.261799	1.014500	0.906702	135	78	8	0.039
0.000000	1.014500	0.906702	3	77	2	0.039
1.570796	1.014500	0.906702	0	75	139	0.039
2.356194	1.014500	0.906702	139	81	1	0.039
-3.141593	2.247462	0.191623	6	63	19	0.039
-2.617994	2.247462	0.191623	14	76	18	0.039
-2.356194	2.247462	0.191623	7	75	23	0.039
1.308997	2.247462	0.191623	6	81	22	0.039
2.356194	2.247462	0.191623	3	59	15	0.039
2.879793	2.247462	0.191623	11	64	29	0.039
-1.832596	2.724429	-0.348782	9	83	24	0.039
-1.308997	2.724429	-0.348782	141	56	23	0.039
0.000000	2.724429	-0.348782	141	71	19	0.039
0.785398	2.724429	-0.348782	9	76	20	0.039
1.308997	2.724429	-0.348782	11	76	22	0.039
-3.141593	1.194549	-0.801900	0	59	16	0.039
-2.879793	1.194549	-0.801900	138	83	14	0.039
-2.356194	1.194549	-0.801900	0	73	5	0.039
-1.832596	1.194549	-0.801900	14	83	19	0.039
-1.308997	1.194549	-0.801900	8	80	13	0.039
-1.047198	1.194549	-0.801900	5	71	9	0.039
0.000000	1.194549	-0.801900	138	83	9	0.039
0.261799	1.194549	-0.801900	140	80	10	0.039
0.523599	1.194549	-0.801900	137	83	10	0.039
2.617994	1.194549	-0.801900	140	76	19	0.039
2.879793	1.194549	-0.801900	134	47	5	0.039
-2.879793	1.504028	0.636812	17	47	15	0.039
-2.356194	1.504028	0.636812	13	83	2	0.039
2.617994	1.504028	0.636812	141	57	17	0.039
-3.141593	1.741644	-2.695914	141	76	17	0.039
-2.094395	1.741644	-2.695914	15	64	17	0.039
-1.832596	1.741644	-2.695914	0	69	10	0.039
-1.047198	1.741644	-2.695914	139	71	5	0.039
1.047198	1.741644	-2.695914	1	83	16	0.039
1.308997	1.741644	-2.695914	0	83	13	0.039
2.094395	1.741644	-2.695914	140	76	21	0.039
2.356194	1.741644	-2.695914	142	69	17	0.039
2.879793	1.741644	-2.695914	134	67	15	0.039
-2.879793	2.174483	2.653697	135	74	12	0.039
-2.356194	2.174483	2.653697	15	69	10	0.039
-1.047198	2.174483	2.653697	10	66	19	0.039
2.617994	2.174483	2.653697	133	75	8	0.039
-0.523599	2.664082	-1.071402	136	83	25	0.039
-0.261799	2.664082	-1.071402	134	78	19	0.039
-2.617994	2.579248	-2.364801	136	76	22	0.039
-2.094395	2.579248	-2.364801	132	76	22	0.039
-1.308997	2.579248	-2.364801	5	55	23	0.039
-1.047198	2.579248	-2.364801	137	76	24	0.039
-0.523599	2.579248	-2.364801	8	76	24	0.039
0.261799	2.579248	-2.364801	2	66	14	0.039
0.523599	2.579248	-2.364801	11	63	24	0.039
2.094395	2.579248	-2.364801	142	63	14	0.039
2.356194	2.579248	-2.364801	4	76	18	0.039
0.785398	0.899350	-2.069907	139	77	2	0.039
1.832596	0.899350	-2.069907	0	66	14	0.039
2.356194	0.899350	-2.069907	133	76	11	0.039
2.617994	0.899350	-2.069907	133	76	9	0.039
2.879793	0.899350	-2.069907	141	76	8	0.039
-3.141593	2.984978	1.954446	4	70	21	0.039
-2.617994	2.984978	1.954446	2	83	11	0.039
-1.832596	2.984978	1.954446	13	75	21	0.039
-0.785398	2.984978	1.954446	1	80	12	0.039
1.308997	2.984978	1.954446	1	66	20	0.039
1.570796	2.984978	1.954446	2	71	16	0.039
2.094395	2.984978	1.954446	136	67	13	0.039
2.617994	2.984978	1.954446	138	76	14	0.039
-2.879793	1.766067	2.153843	9	75	19	0.039
-2.094395	1.766067	2.153843	13	80	23	0.039
-1.570796	1.766067	2.153843	20	81	13	0.039
-1.047198	1.766067	2.153843	14	59	3	0.039
-0.523599	1.766067	2.153843	9	84	4	0.039
0.523599	1.766067	2.153843	132	75	15	0.039
2.879793	1.766067	2.153843	5	76	16	0.039
-3.141593	1.809167	1.213774	8	59	23	0.039
-1.570796	1.809167	1.213774	8	77	5	0.039
-0.523599	1.809167	1.213774	8	71	5	0.039
1.570796	1.809167	1.213774	134	59	15	0.039
1.832596	1.809167	1.213774	139	75	5	0.039
2.617994	1.809167	1.213774	0	59	15	0.039
-3.141593	1.135834	-1.431087	142	47	17	0.039
-2.617994	1.135834	-1.431087	5	84	6	0.039
-2.356194	1.135834	-1.431087	16	81	14	0.039
-0.785398	1.135834	-1.431087	12	73	2	0.039
0.261799	1.135834	-1.431087	143	83	23	0.039
1.047198	1.135834	-1.431087	131	75	19	0.039
2.094395	1.135834	-1.431087	127	79	9	0.039
2.617994	1.135834	-1.431087	1	59	17	0.039
-3.141593	1.909857	-0.381669	2	63	12	0.039
-2.617994	1.909857	-0.381669	138	83	14	0.039
-2.356194	1.909857	-0.381669	141	75	12	0.039
0.523599	1.909857	-0.381669	0	76	23	0.039
1.570796	1.909857	-0.381669	130	76	18	0.039
2.356194	1.909857	-0.381669	136	59	17	0.039
2.879793	1.909857	-0.381669	11	64	18	0.039
-2.879793	1.195355	1.200319	13	81	7	0.039
-2.094395	1.195355	1.200319	1	80	14	0.039
-1.570796	1.195355	1.200319	142	64	6	0.039
0.785398	1.195355	1.200319	130	75	7	0.039
1.308997	1.195355	1.200319	133	71	2	0.039
2.094395	1.195355	1.200319	139	75	0	0.039
2.356194	1.195355	1.200319	135	75	5	0.039
2.617994	1.195355	1.200319	137	83	3	0.039
2.879793	1.195355	1.200319	4	71	4	0.039
-3.141593	1.310100	1.488307	136	73	0	0.039
-2.356194	1.310100	1.488307	143	64	0	0.039
0.785398	1.310100	1.488307	140	83	9	0.039
1.570796	1.310100	1.488307	136	76	12	0.039
2.094395	1.310100	1.488307	137	47	5	0.039
2.879793	1.310100	1.488307	0	42	8	0.039
-2.356194	2.153910	-1.714959	136	59	23	0.039
-1.832596	2.153910	-1.714959	7	83	19	0.039
0.000000	2.153910	-1.714959	0	54	31	0.039
0.523599	2.153910	-1.714959	12	76	20	0.039
1.047198	2.153910	-1.714959	135	75	27	0.039
1.308997	2.153910	-1.714959	1	62	24	0.039
1.570796	2.153910	-1.714959	5	64	22	0.039
2.879793	2.153910	-1.714959	139	77	21	0.039
-3.141593	1.134497	-1.109631	3	81	17	0.039
-1.832596	1.134497	-1.109631	2	83	7	0.039
-1.570796	1.134497	-1.109631	9	71	17	0.039
-1.308997	1.134497	-1.109631	5	76	3	0.039
0.000000	1.134497	-1.109631	9	74	17	0.039
1.570796	1.134497	-1.109631	133	63	16	0.039
-2.617994	0.961715	0.014085	142	84	13	0.039
-1.570796	0.961715	0.014085	134	81	2	0.039
0.000000	0.961715	0.014085	136	76	9	0.039
1.570796	0.961715	0.014085	131	83	1	0.039
1.832596	0.961715	0.014085	141	79	20	0.039
2.094395	0.961715	0.014085	134	75	14	0.039
2.617994	0.961715	0.014085	137	87	17	0.039
2.879793	0.961715	0.014085	6	76	7	0.039
-3.141593	1.367556	0.358405	139	77	21	0.039
-2.094395	1.367556	0.358405	3	71	18	0.039
-1.570796	1.367556	0.358405	23	77	12	0.039
1.047198	1.367556	0.358405	1	61	19	0.039
1.308997	1.367556	0.358405	0	64	21	0.039
1.832596	1.367556	0.358405	1	84	24	0.039
2.356194	1.367556	0.358405	138	71	14	0.039
-2.879793	1.440580	2.260026	13	76	15	0.039
-1.570796	1.440580	2.260026	9	65	11	0.039
-1.047198	1.440580	2.260026	7	71	6	0.039
-0.785398	1.440580	2.260026	7	69	14	0.039
-0.523599	1.440580	2.260026	6	75	3	0.039
-0.261799	1.440580	2.260026	14	74	5	0.039
-3.141593	2.863997	0.549740	2	66	18	0.039
-2.879793	2.863997	0.549740	6	75	26	0.039
-2.617994	2.863997	0.549740	142	78	20	0.039
0.261799	2.863997	0.549740	138	71	22	0.039
0.785398	2.863997	0.549740	138	76	20	0.039
1.570796	2.863997	0.549740	141	59	23	0.039
1.832596	2.863997	0.549740	142	71	20	0.039
-2.094395	2.041297	-2.664597	143	73	8	0.039
-1.832596	2.041297	-2.664597	140	47	24	0.039
0.523599	2.041297	-2.664597	1	79	8	0.039
1.308997	2.041297	-2.664597	140	73	13	0.039
2.617994	2.041297	-2.664597	135	83	17	0.039
2.879793	2.041297	-2.664597	140	64	27	0.039
-1.308997	1.045978	0.343692	6	83	7	0.039
0.261799	1.045978	0.343692	141	83	3	0.039
0.523599	1.045978	0.343692	142	76	5	0.039
0.785398	1.045978	0.343692	140	76	14	0.039
1.570796	1.045978	0.343692	130	76	6	0.039
2.879793	1.045978	0.343692	18	81	6	0.039
-2.617994	0.290380	-0.796960	11	47	11	0.039
-2.356194	0.290380	-0.796960	139	47	11	0.039
0.000000	0.290380	-0.796960	5	73	14	0.039
0.523599	0.290380	-0.796960	143	75	11	0.039
1.047198	0.290380	-0.796960	142	71	8	0.039
1.308997	0.290380	-0.796960	139	76	13	0.039
1.832596	0.290380	-0.796960	136	57	9	0.039
