128	1.2	0
-3.141593	1.617114	-1.572037
0.000000	0.000000	0.000000
model.B99990005.pdb	15.206	15.235	25.158
1iob.pdb	15.932	13.567	1.186
-2.879793	1.982574	-1.115518	98	25	108	5.035
-1.570796	1.310100	1.488307	98	25	119	4.126
-1.570796	1.599406	1.426070	97	25	116	4.126
-2.094395	2.295480	1.008277	100	28	109	3.833
-2.617994	1.135813	-2.658866	100	28	109	3.768
-3.141593	2.664082	-1.071402	99	23	101	3.672
-3.141593	2.343981	-1.040456	99	26	104	3.672
-1.832596	1.168678	2.108595	100	28	115	3.606
-1.832596	1.683268	0.374177	96	20	121	3.606
-2.094395	1.812176	0.656819	99	26	118	3.539
-2.879793	2.455966	-0.641220	98	26	105	3.379
2.879793	2.343981	-1.040456	102	28	104	3.379
-1.832596	2.863997	0.549740	97	21	102	3.379
-2.094395	2.247462	0.191623	95	23	112	3.313
-2.356194	2.592629	0.909713	104	29	105	3.247
-2.094395	1.977582	0.969896	100	28	113	3.247
-1.832596	1.824694	1.850876	100	28	109	3.246
1.570796	2.592629	0.909713	31	106	97	3.218
-1.832596	1.809167	1.213774	98	27	114	3.086
-1.570796	1.134796	2.434290	96	24	112	3.086
-1.832596	1.872854	1.543456	99	28	110	3.086
-1.570796	1.809167	1.213774	96	24	115	3.085
-1.832596	2.001437	0.381215	94	20	116	3.085
-2.879793	1.948085	-2.363031	103	23	98	3.020
-1.570796	2.393226	1.857173	101	25	102	3.020
-2.356194	2.089241	-0.114193	96	24	114	3.019
-2.879793	1.824694	1.850876	95	31	115	2.990
-2.617994	1.242974	-2.977882	103	29	107	2.954
-1.832596	2.108018	1.311430	99	27	110	2.953
2.617994	2.180315	-1.357379	105	29	103	2.859
-2.879793	2.724429	-0.348782	100	26	104	2.858
-3.141593	1.836682	-0.676006	101	28	115	2.793
2.879793	1.696674	-1.253233	104	31	111	2.792
-1.832596	0.910508	1.903534	102	28	119	2.792
-1.832596	2.592629	0.909713	98	25	105	2.792
-1.570796	1.488617	1.159546	97	23	119	2.792
-1.832596	1.599406	1.426070	99	27	116	2.727
-2.094395	1.809167	1.213774	101	29	115	2.726
-1.832596	2.724429	-0.348782	96	13	103	2.726
-1.570796	1.662363	0.915448	96	21	119	2.726
-2.879793	1.440580	2.260026	99	29	125	2.697
1.832596	0.080730	-2.622036	33	107	107	2.631
1.832596	2.041297	-2.664597	103	32	119	2.631
-0.785398	2.407836	1.410646	94	13	105	2.631
0.523599	2.760637	2.781135	102	15	97	2.631
-0.523599	2.138223	1.678323	94	10	106	2.631
2.356194	1.948085	-2.363031	98	26	124	2.631
2.094395	1.741644	-2.695914	97	29	118	2.631
-3.141593	0.899350	-2.069907	104	29	107	2.566
1.570796	2.881233	-2.582574	103	18	97	2.566
-2.356194	2.724429	-0.348782	96	20	103	2.565
-1.832596	1.977582	0.969896	97	26	113	2.565
0.000000	0.297065	2.160177	30	95	100	2.565
-1.570796	1.683268	0.374177	95	16	121	2.565
-2.879793	2.187132	-0.479875	99	28	110	2.500
-3.141593	2.396274	-1.959260	102	20	98	2.499
-1.308997	1.506530	1.988858	95	22	111	2.499
-1.308997	1.555207	1.708892	95	22	113	2.499
-1.832596	1.488617	1.159546	100	26	119	2.434
-2.356194	2.343981	-1.040456	95	16	104	2.433
-2.094395	1.310100	1.488307	104	29	118	2.433
-3.141593	1.696674	-1.253233	100	28	110	2.433
-1.832596	1.812176	0.656819	96	22	118	2.433
-1.570796	2.587733	0.232235	94	16	108	2.404
-2.879793	2.299159	2.264663	98	33	108	2.404
-2.879793	2.089241	-0.114193	102	30	114	2.338
-1.570796	2.407836	1.410646	98	25	105	2.338
-3.141593	2.979456	-1.009304	99	20	99	2.338
0.785398	2.299159	2.264663	106	32	103	2.338
-1.570796	1.555207	1.708892	97	26	113	2.338
-3.141593	1.982574	-1.115518	99	28	108	2.338
-1.047198	1.872854	1.543456	94	18	111	2.338
-2.617994	2.247462	0.191623	102	30	113	2.338
-1.570796	0.864993	2.278281	98	25	118	2.272
-2.617994	0.619654	-2.216909	97	24	117	2.272
-0.523599	2.407836	1.410646	95	9	105	2.272
-1.832596	1.050534	3.042579	95	22	110	2.272
-0.523599	1.555207	1.708892	18	91	110	2.243
-1.570796	1.872854	1.543456	97	25	112	2.207
-2.617994	2.187132	-0.479875	97	25	111	2.206
-2.356194	1.050534	3.042579	101	29	110	2.206
-2.094395	1.242974	-2.977882	97	24	106	2.206
2.879793	1.113094	-0.272241	32	100	108	2.177
2.617994	1.809167	1.213774	21	100	89	2.177
2.617994	1.662363	0.915448	26	100	91	2.177
-1.570796	1.433411	-1.035986	90	23	104	2.177
1.570796	0.866955	-0.931351	39	104	15	2.176
-3.141593	1.214854	-1.966664	102	29	111	2.140
-2.879793	1.242974	-2.977882	107	30	106	2.140
2.879793	1.741644	-2.695914	111	26	99	2.140
-2.879793	1.741644	-2.695914	105	25	99	2.140
0.000000	2.637879	2.121598	99	12	99	2.111
2.879793	1.617114	-1.572037	103	31	109	2.111
-0.523599	2.664082	-1.071402	22	100	94	2.045
1.570796	1.662363	0.915448	31	106	111	2.045
-2.094395	1.050534	3.042579	98	27	110	2.045
-1.832596	2.379497	0.561089	95	22	110	2.045
-1.308997	1.310100	1.488307	96	22	119	2.045
-0.523599	2.984978	1.954446	100	20	99	2.045
-3.141593	1.545873	-1.877082	101	29	107	2.045
-1.570796	2.115563	0.685730	93	19	112	1.979
-1.047198	2.637879	2.121598	102	22	98	1.979
-2.094395	1.869911	2.701025	116	12	90	1.979
-1.570796	0.910508	1.903534	100	26	120	1.979
-1.308997	2.393226	1.857173	99	23	102	1.979
-3.141593	1.448123	-2.163292	103	29	105	1.979
-1.570796	1.998705	2.370472	100	24	101	1.979
1.308997	1.904882	-1.478089	30	96	0	1.950
-1.832596	1.741644	-2.695914	95	31	118	1.950
1.047198	1.545873	-1.877082	27	90	11	1.950
-1.570796	0.866955	-0.931351	88	22	115	1.950
-3.141593	1.948085	-2.363031	103	24	98	1.949
-3.141593	1.014500	0.906702	96	32	119	1.949
-2.617994	1.045978	0.343692	91	28	113	1.949
2.879793	2.180315	-1.357379	103	28	104	1.913
2.879793	2.251330	-2.330739	106	21	97	1.913
-2.094395	1.440580	2.260026	103	30	109	1.913
-2.094395	0.929350	-2.910676	96	24	112	1.912
-1.047198	1.606104	-0.451151	98	31	121	1.912
2.879793	2.664082	-1.071402	101	25	101	1.884
0.000000	2.108018	1.311430	101	28	100	1.884
2.094395	0.290380	-0.796960	35	115	26	1.884
-2.094395	1.617114	-1.572037	101	35	107	1.883
0.000000	2.704512	1.488683	104	33	108	1.883
-2.879793	0.615174	-0.666022	108	36	120	1.883
-2.879793	0.700570	1.559208	96	20	0	1.883
-2.356194	2.247462	0.191623	98	26	111	1.847
-2.094395	0.640596	-2.797608	96	22	117	1.847
1.570796	2.356369	3.005869	102	33	112	1.818
-2.094395	0.685216	-1.712745	103	32	124	1.818
-1.832596	1.310100	1.488307	101	28	119	1.818
-0.523599	2.247462	0.191623	121	97	20	1.818
-1.308997	2.138223	1.678323	96	23	107	1.818
2.094395	2.349581	-2.702517	101	31	119	1.818
2.094395	2.041297	-2.664597	99	30	119	1.818
2.094395	1.658653	-2.409879	98	27	123	1.818
-1.308997	2.704512	1.488683	99	23	102	1.817
-1.308997	1.599406	1.426070	95	22	116	1.817
0.785398	2.393226	1.857173	99	29	103	1.817
-0.785398	1.599406	1.426070	93	13	115	1.817
-1.308997	2.407836	1.410646	96	22	105	1.817
0.523599	1.413347	-1.339188	28	96	103	1.788
-0.261799	2.407836	1.410646	26	94	93	1.788
1.308997	1.812176	0.656819	33	104	17	1.752
2.879793	0.899350	-2.069907	106	31	113	1.752
2.879793	1.732874	-0.951685	103	30	113	1.752
-2.617994	2.587733	0.232235	102	29	106	1.752
-1.570796	1.574060	2.783565	97	22	103	1.752
0.000000	1.809167	1.213774	101	24	97	1.752
-2.094395	2.089241	-0.114193	93	20	112	1.752
-2.094395	0.419640	2.974122	100	26	121	1.751
-2.879793	1.545873	-1.877082	98	26	106	1.751
-3.141593	0.685216	-1.712745	100	27	119	1.751
-1.832596	0.733948	3.021411	95	23	115	1.751
-1.570796	2.001437	0.381215	93	16	116	1.751
-2.094395	2.001437	0.381215	96	24	116	1.751
-2.356194	2.379497	0.561089	29	102	105	1.723
2.879793	2.104282	-0.813972	24	99	109	1.723
2.617994	0.961715	0.014085	31	98	103	1.722
0.523599	1.113094	-0.272241	30	94	100	1.722
0.000000	0.674054	1.013609	30	99	117	1.722
0.785398	0.615174	-0.666022	30	95	111	1.722
-3.141593	0.762244	-0.273349	35	103	105	1.722
1.308997	0.866955	-0.931351	36	100	107	1.722
1.047198	1.301460	-0.509251	35	100	96	1.722
1.047198	1.194549	-0.801900	33	97	99	1.722
0.785398	0.961715	0.014085	36	100	105	1.722
1.308997	1.732874	-0.951685	31	101	90	1.722
0.000000	0.831641	0.616218	28	94	111	1.722
1.047198	1.732874	-0.951685	28	98	90	1.722
0.785398	1.025536	1.576859	26	99	103	1.722
-0.261799	1.310100	1.488307	25	93	113	1.722
2.356194	2.295480	1.008277	17	94	97	1.722
2.879793	0.762244	-0.273349	32	99	105	1.722
0.000000	0.496451	0.593859	28	97	117	1.722
0.523599	0.762244	-0.273349	30	94	108	1.722
-2.356194	2.187132	-0.479875	94	21	110	1.686
-1.308997	1.998705	2.370472	98	21	102	1.686
-1.570796	1.168678	2.108595	97	25	115	1.686
-2.094395	2.115563	0.685730	98	27	112	1.686
2.879793	2.063651	-2.044600	105	25	99	1.686
-1.570796	1.824694	1.850876	97	25	109	1.686
-2.617994	2.455966	-0.641220	96	22	105	1.685
2.617994	2.979456	-1.009304	104	24	98	1.685
-2.879793	1.836682	-0.676006	98	26	115	1.685
-2.094395	0.914445	2.687814	101	29	114	1.685
-3.141593	1.335669	0.897240	96	33	113	1.657
-1.570796	1.450119	-2.739050	93	25	124	1.657
-2.094395	1.545873	-1.877082	101	36	112	1.656
-2.617994	2.343981	-1.040456	96	20	105	1.620
-1.832596	2.295480	1.008277	97	25	109	1.620
-1.832596	0.914445	2.687814	97	25	114	1.620
-1.308997	1.184361	0.625864	30	98	99	1.591
1.308997	2.247462	0.191623	34	106	12	1.590
0.523599	2.108018	1.311430	97	24	100	1.590
2.617994	1.904882	-1.478089	106	31	106	1.590
1.570796	2.164094	-2.991358	105	34	115	1.590
-1.308997	2.587733	0.232235	93	11	107	1.590
-3.141593	1.869911	2.701025	110	36	120	1.590
-2.617994	0.866395	-2.492918	98	27	112	1.525
0.523599	2.393226	1.857173	103	31	103	1.524
-1.047198	2.138223	1.678323	95	19	106	1.524
-1.308997	2.108018	1.311430	95	21	110	1.524
-0.785398	1.872854	1.543456	93	13	110	1.524
2.617994	2.588535	-2.976617	35	24	115	1.495
-1.832596	2.138223	1.678323	101	28	105	1.458
-2.094395	1.909857	-0.381669	93	17	116	1.458
-1.570796	2.073035	2.027405	99	25	103	1.458
-2.617994	1.836682	-0.676006	95	23	114	1.458
0.000000	1.335669	0.897240	96	17	98	1.458
-1.570796	1.025536	1.576859	100	25	122	1.458
-2.356194	0.866395	-2.492918	95	23	112	1.458
2.094395	1.214854	-1.966664	96	18	125	1.458
-1.832596	1.242974	-2.977882	95	21	106	1.458
2.617994	2.349581	-2.702517	24	94	14	1.429
1.047198	1.756530	-2.105156	27	90	10	1.429
-2.356194	1.606104	-0.451151	11	92	4	1.429
-2.356194	2.104282	-0.813972	12	92	5	1.429
-2.617994	2.138223	1.678323	90	26	108	1.429
-2.879793	2.456751	-1.503343	10	92	4	1.429
-1.570796	1.128190	-2.288622	96	29	124	1.429
-1.832596	2.407836	1.410646	101	27	105	1.393
-2.879793	1.391910	3.030322	109	30	105	1.393
-1.308997	2.299159	2.264663	101	22	99	1.392
-1.570796	2.478122	2.609777	119	9	87	1.392
-2.094395	2.187132	-0.479875	93	16	110	1.392
-2.617994	1.374601	-2.456031	99	25	104	1.392
-3.141593	2.724429	-0.348782	104	28	103	1.392
-1.832596	2.187132	-0.479875	93	12	110	1.392
-2.879793	1.909857	-0.381669	100	28	115	1.392
2.879793	1.214854	-1.966664	106	31	110	1.392
-2.094395	2.349581	-2.702517	98	33	106	1.364
2.356194	1.335669	0.897240	26	101	90	1.363
2.617994	1.504028	0.636812	29	100	94	1.363
-2.617994	2.356369	3.005869	101	35	108	1.363
-2.094395	1.433411	-1.035986	98	32	105	1.363
2.094395	1.766067	2.153843	32	109	97	1.363
-0.523599	2.760637	2.781135	31	102	102	1.363
-2.617994	2.349581	-2.702517	109	37	106	1.363
-2.617994	1.168678	2.108595	96	21	1	1.363
-2.094395	1.134796	2.434290	102	29	112	1.326
-2.879793	1.374601	-2.456031	101	28	104	1.297
-2.617994	2.724429	-0.348782	98	23	105	1.297
1.832596	1.214854	-1.966664	97	22	125	1.297
-2.617994	1.247695	1.809890	27	99	94	1.297
2.356194	1.374601	-2.456031	93	22	120	1.297
2.094395	2.579248	-2.364801	106	20	96	1.297
-1.570796	2.704512	1.488683	101	26	102	1.297
1.832596	0.674054	1.013609	29	103	91	1.297
-3.141593	1.413347	-1.339188	99	29	114	1.297
-1.047198	2.073035	2.027405	96	20	104	1.297
1.832596	2.588535	-2.976617	102	33	116	1.296
-2.356194	2.455966	-0.641220	96	19	105	1.260
-3.141593	2.187132	-0.479875	103	29	110	1.260
-1.570796	2.863997	0.549740	96	18	102	1.232
2.356194	2.579248	-2.364801	104	31	123	1.232
-2.879793	2.104282	-0.813972	97	26	109	1.232
2.879793	1.448123	-2.163292	107	31	106	1.231
-2.879793	2.587733	0.232235	106	31	106	1.231
0.000000	1.367556	0.358405	91	19	107	1.231
-2.879793	2.979456	-1.009304	100	18	99	1.231
0.261799	1.977582	0.969896	95	22	101	1.231
2.879793	0.992645	-1.723759	104	31	115	1.231
-2.617994	2.379497	0.561089	105	31	110	1.231
-1.308997	0.960688	-0.577532	89	12	113	1.231
-0.523599	2.393226	1.857173	96	13	102	1.231
2.879793	1.135834	-1.431087	103	30	116	1.231
-3.141593	0.992645	-1.723759	101	29	116	1.231
-2.617994	0.929350	-2.910676	102	30	111	1.231
-1.832596	0.864993	2.278281	100	28	117	1.231
0.785398	1.869911	2.701025	27	92	11	1.202
0.000000	0.866955	-0.931351	6	86	7	1.202
1.308997	1.741644	-2.695914	28	92	9	1.202
-2.617994	2.637879	2.121598	15	87	0	1.202
-1.570796	2.881233	-2.582574	1	88	6	1.202
-1.047198	1.045978	0.343692	0	89	5	1.202
-1.308997	2.251330	-2.330739	13	91	16	1.202
-1.308997	1.662363	0.915448	126	90	127	1.201
-1.570796	2.174483	2.653697	87	15	112	1.201
1.047198	2.592629	0.909713	21	94	125	1.201
-1.832596	1.766067	2.153843	101	28	106	1.165
-2.879793	1.450119	-2.739050	105	29	103	1.165
-2.617994	1.658653	-2.409879	99	23	102	1.165
-2.617994	0.899350	-2.069907	96	24	114	1.165
-2.879793	2.396274	-1.959260	101	18	98	1.165
-1.832596	2.089241	-0.114193	93	15	114	1.165
-1.308997	2.592629	0.909713	94	17	105	1.165
-2.094395	2.592629	0.909713	101	27	105	1.165
-1.047198	2.592629	0.909713	94	13	105	1.165
-0.261799	1.683268	0.374177	94	25	109	1.165
2.879793	1.545873	-1.877082	105	30	106	1.165
-3.141593	2.153910	-1.714959	101	24	101	1.165
-2.356194	1.869911	2.701025	119	13	90	1.165
-0.261799	0.618092	2.539118	118	101	26	1.165
-2.617994	2.863997	0.549740	106	28	101	1.165
-1.308997	2.115563	0.685730	94	16	112	1.165
-2.617994	2.979456	-1.009304	99	15	99	1.165
-2.094395	1.574060	2.783565	102	27	102	1.165
-1.308997	2.073035	2.027405	97	22	103	1.165
1.832596	0.899350	-2.069907	35	102	24	1.136
-2.617994	0.290380	-0.796960	106	33	126	1.136
-2.356194	2.041297	-2.664597	103	37	112	1.136
-2.617994	1.335669	0.897240	89	25	113	1.136
-1.832596	2.104282	-0.813972	112	9	82	1.136
2.879793	1.904882	-1.478089	34	21	114	1.136
-0.261799	1.247695	1.809890	23	95	117	1.136
-2.356194	0.762244	-0.273349	92	29	116	1.136
-2.879793	1.504028	0.636812	93	30	107	1.136
-2.617994	0.203748	0.590255	94	19	127	1.136
-2.094395	2.299159	2.264663	88	21	110	1.136
-2.617994	0.496451	0.593859	92	22	124	1.136
-2.094395	1.413430	2.550734	95	22	0	1.135
-1.570796	0.290380	-0.796960	92	20	125	1.135
-0.523599	2.299159	2.264663	13	89	8	1.135
-3.141593	1.374601	-2.456031	106	29	104	1.099
-1.308997	1.699788	2.452890	96	20	105	1.099
1.047198	2.247462	0.191623	33	102	12	1.070
-2.094395	0.992645	-1.723759	102	35	119	1.070
-1.308997	2.396274	-1.959260	95	25	99	1.070
-1.047198	2.456751	-1.503343	98	22	95	1.070
1.308997	1.875281	0.107086	113	102	127	1.070
-1.832596	1.184361	0.625864	22	93	99	1.070
-1.308997	2.379497	0.561089	93	15	111	1.070
-2.617994	1.433411	-1.035986	107	36	104	1.070
2.617994	0.685216	-1.712745	36	117	24	1.070
-1.832596	0.290380	-0.796960	96	25	126	1.070
-2.094395	1.904882	-1.478089	103	33	101	1.070
0.000000	1.872854	1.543456	105	25	96	1.070
-2.356194	1.325504	-1.671296	106	37	113	1.070
-2.356194	0.850607	-1.335383	104	36	118	1.069
-2.879793	1.756530	-2.105156	101	25	103	1.033
-1.308997	1.134796	2.434290	94	19	112	1.033
-0.261799	2.247462	0.191623	125	96	20	1.004
0.523599	2.704512	1.488683	96	29	108	1.004
2.356194	2.251330	-2.330739	101	28	123	1.004
-2.356194	1.736875	3.023612	98	31	120	1.004
2.879793	1.045978	0.343692	36	104	6	1.004
1.047198	2.478122	2.609777	106	34	108	1.004
-1.308997	1.195355	1.200319	98	21	122	1.004
-1.570796	1.510910	-0.740472	91	19	102	1.004
-1.570796	1.875281	0.107086	96	9	95	1.004
-1.047198	1.569311	-3.003978	27	93	107	1.004
1.308997	0.419640	2.974122	31	111	28	1.004
0.261799	2.637879	2.121598	100	9	99	1.004
1.047198	2.299159	2.264663	102	31	103	1.004
-2.617994	1.574060	2.783565	101	30	125	1.004
0.261799	1.194549	-0.801900	97	23	124	1.004
-2.094395	0.733948	3.021411	97	26	114	1.004
1.570796	2.588535	-2.976617	107	34	116	1.004
1.308997	2.343981	-1.040456	21	104	84	1.004
-1.570796	0.591903	2.010408	101	26	122	1.004
-3.141593	2.180315	-1.357379	99	26	104	1.004
-1.047198	1.824694	1.850876	93	17	108	1.004
-0.261799	2.704512	1.488683	97	9	102	1.004
2.356194	0.899350	-2.069907	92	14	121	1.004
2.617994	1.128190	-2.288622	92	13	120	1.004
-0.785398	1.367556	0.358405	10	91	98	0.975
-0.523599	1.683268	0.374177	17	92	93	0.975
0.785398	1.256302	0.062705	37	98	5	0.975
1.308997	2.579248	-2.364801	27	96	91	0.975
1.570796	2.174483	2.653697	42	112	13	0.975
0.785398	2.588535	-2.976617	25	93	94	0.975
1.308997	2.349581	-2.702517	33	97	97	0.975
1.308997	0.992645	-1.723759	26	90	11	0.975
1.047198	1.658653	-2.409879	23	87	8	0.975
0.000000	2.174483	2.653697	18	89	105	0.975
-0.523599	1.184361	0.625864	17	89	105	0.975
0.261799	2.174483	2.653697	24	90	105	0.975
1.570796	2.251330	-2.330739	34	99	96	0.975
0.785398	1.569311	-3.003978	21	89	15	0.975
1.047198	1.448123	-2.163292	22	87	9	0.975
0.785398	1.870545	-2.976234	22	87	9	0.975
1.308997	1.545873	-1.877082	31	94	103	0.975
0.000000	2.299159	2.264663	23	90	101	0.974
1.308997	1.374601	-2.456031	26	91	13	0.974
-1.047198	2.247462	0.191623	31	103	104	0.974
0.785398	1.658653	-2.409879	18	85	8	0.974
-2.356194	1.836682	-0.676006	94	20	115	0.939
-0.785398	1.812176	0.656819	103	32	104	0.938
-1.308997	0.910508	1.903534	98	23	120	0.938
-2.879793	2.404280	-0.174044	101	29	109	0.938
2.617994	2.719179	-1.780644	103	21	98	0.938
-1.832596	1.875281	0.107086	95	18	118	0.938
1.570796	0.496451	0.593859	29	95	99	0.938
-2.879793	1.214854	-1.966664	98	27	110	0.938
-2.879793	1.310100	1.488307	95	28	120	0.938
-0.785398	1.504028	0.636812	101	30	103	0.938
-1.047198	1.247695	1.809890	94	18	117	0.938
1.308997	0.850607	-1.335383	93	17	123	0.938
-1.832596	1.134796	2.434290	98	121	98	0.938
-2.356194	2.115563	0.685730	102	30	113	0.938
-3.141593	0.850607	-1.335383	99	25	120	0.938
0.785398	2.349581	-2.702517	25	90	5	0.909
-3.141593	1.662363	0.915448	96	33	107	0.909
0.523599	1.417623	-0.202254	29	96	94	0.909
-1.047198	0.914445	2.687814	124	108	42	0.909
2.094395	2.356369	3.005869	30	102	98	0.909
0.785398	0.762244	-0.273349	29	93	8	0.909
2.879793	1.195355	1.200319	102	36	120	0.909
2.617994	0.496451	0.593859	108	35	125	0.909
0.523599	1.554776	0.100351	32	99	93	0.909
-1.570796	2.592629	0.909713	96	23	107	0.909
-1.832596	1.904882	-1.478089	99	31	101	0.909
-0.785398	0.700570	1.559208	16	93	20	0.909
-0.261799	0.496451	0.593859	19	90	16	0.909
1.832596	1.721184	-0.153948	25	106	94	0.909
0.785398	1.982574	-1.115518	20	97	87	0.909
1.570796	1.417623	-0.202254	26	104	97	0.909
-2.879793	1.184361	0.625864	93	31	112	0.909
2.879793	2.295480	1.008277	26	96	97	0.909
-2.094395	2.379497	0.561089	31	105	105	0.909
-0.523599	1.982574	-1.115518	15	90	0	0.909
-1.570796	0.914445	2.687814	123	111	42	0.909
-0.785398	0.914445	2.687814	125	107	42	0.908
-0.785398	1.869911	2.701025	126	92	11	0.908
-3.141593	2.174483	2.653697	109	38	113	0.908
-2.879793	1.335669	0.897240	127	91	4	0.908
-1.047198	1.766067	2.153843	127	91	11	0.908
2.356194	0.379747	-1.713059	7	92	0	0.908
-0.261799	2.587733	0.232235	8	91	126	0.908
-0.523599	2.033014	2.977192	127	90	7	0.907
1.308997	1.555207	1.708892	29	98	13	0.872
-2.879793	2.343981	-1.040456	97	23	104	0.872
-2.356194	2.001437	0.381215	99	27	116	0.872
-1.308997	1.168678	2.108595	95	21	115	0.872
-1.047198	1.977582	0.969896	93	13	113	0.872
-2.356194	1.135813	-2.658866	97	25	108	0.872
-1.832596	2.073035	2.027405	102	27	103	0.872
-2.879793	2.153910	-1.714959	99	22	101	0.872
-3.141593	1.756530	-2.105156	104	27	102	0.872
2.094395	1.440580	2.260026	33	111	101	0.872
-1.570796	1.506530	1.988858	97	25	112	0.872
-2.879793	0.992645	-1.723759	97	25	116	0.872
-2.617994	1.214854	-1.966664	96	24	110	0.872
2.094395	0.850607	-1.335383	40	111	18	0.843
2.094395	1.736875	3.023612	95	28	106	0.843
-1.047198	1.662363	0.915448	108	31	100	0.843
2.356194	0.685216	-1.712745	37	112	24	0.843
-1.047198	0.866955	-0.931351	88	11	115	0.843
-1.047198	1.504028	0.636812	105	33	104	0.843
0.785398	0.733948	3.021411	26	98	107	0.843
-0.523599	2.180315	-1.357379	95	11	94	0.843
-1.308997	1.732874	-0.951685	101	25	111	0.843
-3.141593	1.732874	-0.951685	100	30	115	0.843
-2.094395	0.709924	0.218797	89	19	118	0.843
-1.832596	0.615174	-0.666022	92	25	120	0.843
0.785398	2.863997	0.549740	25	101	95	0.843
0.523599	2.349581	-2.702517	19	89	5	0.843
2.094395	1.134497	-1.109631	40	121	18	0.843
-1.570796	0.615174	-0.666022	89	19	119	0.842
-1.832596	0.458961	-0.107937	90	17	122	0.842
2.879793	2.041297	-2.664597	110	23	97	0.806
-3.141593	1.741644	-2.695914	108	26	99	0.806
-3.141593	2.041297	-2.664597	108	23	97	0.806
-1.832596	1.506530	1.988858	100	28	110	0.806
-3.141593	2.104282	-0.813972	102	29	110	0.806
-1.832596	1.413430	2.550734	99	26	107	0.806
-2.094395	1.662363	0.915448	101	27	119	0.806
-2.356194	1.134796	2.434290	106	31	112	0.806
1.308997	1.870545	-2.976234	93	24	116	0.777
-1.308997	2.104282	-0.813972	99	17	92	0.777
0.000000	1.977582	0.969896	96	25	101	0.777
0.000000	1.662363	0.915448	121	99	26	0.777
2.356194	2.719179	-1.780644	103	23	98	0.777
0.000000	1.014500	0.906702	95	12	99	0.777
-0.523599	2.979456	-1.009304	107	25	92	0.777
-2.356194	1.448123	-2.163292	106	36	118	0.777
1.308997	2.478122	2.609777	101	33	108	0.777
-0.261799	2.637879	2.121598	98	14	99	0.777
-2.356194	2.984978	1.954446	25	92	100	0.777
0.261799	2.587733	0.232235	22	97	99	0.777
-1.308997	1.325504	-1.671296	89	22	113	0.777
-1.832596	0.419640	2.974122	97	24	121	0.777
-0.261799	1.045978	0.343692	93	23	107	0.777
-1.832596	2.587733	0.232235	95	20	108	0.777
0.785398	2.637879	2.121598	102	33	107	0.777
-1.832596	2.251330	-2.330739	96	30	105	0.776
-0.261799	0.733948	3.021411	4	93	8	0.776
-2.094395	0.290380	-0.796960	99	28	126	0.776
-1.570796	0.379747	-1.713059	36	107	106	0.776
0.000000	1.982574	-1.115518	107	98	86	0.748
-0.785398	0.866395	-2.492918	101	29	114	0.748
-3.141593	1.555207	1.708892	97	23	107	0.748
-1.832596	1.658653	-2.409879	91	24	107	0.748
-1.832596	1.448123	-2.163292	90	23	110	0.748
1.308997	2.407836	1.410646	38	20	113	0.748
-2.879793	2.164094	-2.991358	101	27	119	0.748
0.261799	1.135834	-1.431087	24	91	15	0.748
-1.832596	1.545873	-1.877082	90	22	108	0.748
-2.617994	2.295480	1.008277	100	10	91	0.748
2.879793	2.396274	-1.959260	30	21	125	0.748
-2.617994	2.001437	0.381215	93	22	96	0.748
-3.141593	0.370812	-2.547742	103	30	120	0.748
-3.141593	2.251330	-2.330739	101	21	97	0.748
1.832596	2.164094	-2.991358	31	19	1	0.748
0.261799	1.367556	0.358405	94	25	111	0.748
-2.879793	1.683268	0.374177	94	30	101	0.748
2.617994	1.599406	1.426070	96	24	107	0.748
-1.047198	1.214854	-1.966664	86	19	118	0.748
2.879793	1.977582	0.969896	109	97	98	0.748
-0.785398	0.496451	0.593859	15	90	24	0.748
1.832596	2.174483	2.653697	42	126	107	0.748
-2.617994	2.115563	0.685730	101	11	90	0.748
1.308997	0.619654	-2.216909	20	96	34	0.748
-2.356194	1.766067	2.153843	89	25	119	0.748
0.261799	2.164094	-2.991358	26	98	16	0.747
1.570796	2.001437	0.381215	25	25	99	0.747
-2.617994	1.050534	3.042579	36	9	0	0.747
2.094395	2.115563	0.685730	17	32	100	0.747
-1.047198	0.762244	-0.273349	94	18	112	0.747
-1.308997	0.762244	-0.273349	95	21	112	0.747
-1.308997	2.164094	-2.991358	85	17	111	0.747
1.570796	2.299159	2.264663	42	125	103	0.747
0.261799	2.356369	3.005869	94	22	115	0.747
1.570796	1.504028	0.636812	39	23	119	0.747
-2.094395	1.872854	1.543456	85	15	111	0.747
1.308997	2.396274	-1.959260	28	99	12	0.747
-2.617994	1.325504	-1.671296	22	34	124	0.747
-1.047198	0.290380	-0.796960	98	24	118	0.747
0.523599	2.724429	-0.348782	95	20	121	0.747
-1.832596	1.301460	-0.509251	89	17	115	0.747
-1.832596	1.574060	2.783565	32	21	123	0.747
1.047198	1.184361	0.625864	43	119	107	0.747
-0.785398	0.866955	-0.931351	95	20	116	0.747
-1.047198	1.325504	-1.671296	85	18	112	0.747
2.617994	1.433411	-1.035986	27	29	123	0.747
0.523599	1.325504	-1.671296	114	88	103	0.747
-2.356194	0.709924	0.218797	88	25	119	0.747
-1.047198	2.041297	-2.664597	85	15	111	0.747
2.617994	2.456751	-1.503343	105	26	100	0.740
-3.141593	1.135834	-1.431087	101	28	116	0.740
2.879793	1.413347	-1.339188	103	31	113	0.711
1.832596	2.579248	-2.364801	107	20	96	0.711
-1.570796	1.247695	1.809890	98	26	116	0.711
-1.570796	0.850607	-1.335383	118	101	27	0.711
1.570796	1.870545	-2.976234	105	34	114	0.711
-1.308997	1.872854	1.543456	95	22	111	0.711
-0.523599	0.914445	2.687814	114	102	20	0.711
-2.879793	1.448123	-2.163292	100	28	106	0.711
1.047198	2.073035	2.027405	101	26	98	0.711
-0.261799	1.977582	0.969896	100	28	102	0.711
-2.879793	1.732874	-0.951685	96	25	113	0.711
-1.308997	1.440580	2.260026	94	21	109	0.711
-2.879793	1.417623	-0.202254	37	110	17	0.711
-1.570796	2.138223	1.678323	98	26	106	0.711
-2.356194	2.404280	-0.174044	95	23	107	0.711
-2.879793	2.719179	-1.780644	17	99	94	0.711
1.308997	2.174483	2.653697	103	32	106	0.711
-0.785398	2.108018	1.311430	93	12	109	0.711
1.832596	0.618092	2.539118	33	114	27	0.711
-1.570796	0.685216	-1.712745	117	102	27	0.711
0.261799	0.762244	-0.273349	90	19	114	0.711
-2.094395	0.866395	-2.492918	93	20	112	0.710
-1.570796	2.379497	0.561089	93	18	108	0.710
-2.356194	0.640596	-2.797608	98	27	117	0.710
-0.261799	1.875281	0.107086	125	97	24	0.710
-2.356194	1.128190	-2.288622	94	22	109	0.710
-2.879793	0.685216	-1.712745	11	88	11	0.682
2.879793	1.247695	1.809890	104	34	125	0.682
1.308997	2.592629	0.909713	95	22	118	0.682
0.523599	1.448123	-2.163292	27	23	10	0.682
2.617994	2.164094	-2.991358	36	26	123	0.682
-0.785398	0.618092	2.539118	34	10	116	0.682
-2.356194	2.356369	3.005869	95	33	108	0.682
-2.617994	2.478122	2.609777	6	88	0	0.682
-0.523599	2.455966	-0.641220	98	19	104	0.682
2.617994	2.063651	-2.044600	39	19	117	0.682
-2.094395	2.356369	3.005869	91	29	108	0.682
-3.141593	2.579248	-2.364801	31	25	112	0.682
-2.879793	2.063651	-2.044600	28	30	117	0.682
2.617994	1.247695	1.809890	108	35	125	0.682
2.617994	1.135834	-1.431087	39	22	126	0.682
2.356194	1.870545	-2.976234	40	20	1	0.682
-1.570796	2.579248	-2.364801	94	27	100	0.682
1.047198	1.555207	1.708892	41	12	2	0.682
-2.617994	2.456751	-1.503343	26	23	107	0.682
1.047198	1.872854	1.543456	102	30	110	0.682
1.832596	0.733948	3.021411	23	93	3	0.682
2.617994	1.325504	-1.671296	39	21	125	0.681
-1.047198	2.979456	-1.009304	101	24	105	0.681
-2.094395	2.588535	-2.976617	95	31	103	0.681
-1.047198	2.396274	-1.959260	10	93	18	0.681
2.094395	1.113094	-0.272241	14	87	8	0.681
2.356194	0.960688	-0.577532	14	88	10	0.681
1.308997	1.247695	1.809890	102	28	106	0.681
1.047198	1.247695	1.809890	38	13	8	0.681
2.617994	1.301460	-0.509251	32	28	117	0.681
2.617994	1.025536	1.576859	106	34	126	0.681
-2.879793	1.699788	2.452890	99	33	121	0.681
-1.832596	2.349581	-2.702517	92	29	106	0.681
-2.094395	2.164094	-2.991358	93	32	111	0.681
-1.308997	1.948085	-2.363031	87	22	110	0.681
0.785398	1.998705	2.370472	6	91	6	0.681
-1.308997	0.864993	2.278281	95	21	117	0.645
-2.356194	2.863997	0.549740	103	26	102	0.645
-1.308997	1.135834	-1.431087	120	99	24	0.645
-0.785398	1.721184	-0.153948	122	99	27	0.645
-1.832596	1.662363	0.915448	98	25	119	0.645
-1.832596	1.699788	2.452890	100	27	105	0.645
-2.617994	1.982574	-1.115518	95	22	109	0.645
-2.617994	1.128190	-2.288622	97	26	111	0.645
-1.047198	2.393226	1.857173	96	19	102	0.645
-1.832596	2.115563	0.685730	96	24	112	0.645
1.047198	0.733948	3.021411	29	101	107	0.645
-2.356194	0.618092	2.539118	106	30	118	0.645
-1.308997	0.379747	-1.713059	97	25	1	0.616
-2.094395	1.450119	-2.739050	100	33	123	0.616
1.570796	1.014500	0.906702	15	93	118	0.616
-0.523599	1.247695	1.809890	19	94	116	0.616
-0.261799	2.180315	-1.357379	96	8	94	0.616
-1.308997	1.606104	-0.451151	92	11	97	0.616
1.047198	2.343981	-1.040456	18	102	84	0.616
-3.141593	0.458961	-0.107937	106	35	123	0.616
-1.832596	1.247695	1.809890	25	101	96	0.616
0.785398	1.128190	-2.288622	23	28	5	0.615
1.832596	0.685216	-1.712745	90	16	120	0.615
0.523599	2.396274	-1.959260	12	95	90	0.615
-1.570796	1.569311	-3.003978	92	23	124	0.615
-2.094395	0.864993	2.278281	21	99	96	0.615
-0.261799	0.992645	-1.723759	29	23	9	0.615
1.308997	2.108018	1.311430	23	94	1	0.615
-1.308997	1.824694	1.850876	37	18	125	0.615
-2.094395	1.113094	-0.272241	90	25	108	0.615
-0.785398	1.214854	-1.966664	88	13	118	0.615
1.308997	1.488617	1.159546	29	101	19	0.579
2.879793	1.756530	-2.105156	106	28	103	0.579
-1.570796	1.766067	2.153843	98	25	106	0.579
1.570796	0.906588	1.252948	26	103	24	0.579
2.094395	1.998705	2.370472	30	110	93	0.579
-2.879793	2.180315	-1.357379	98	23	105	0.579
-1.570796	1.812176	0.656819	94	18	118	0.579
-1.308997	1.247695	1.809890	96	22	117	0.579
2.094395	0.899350	-2.069907	92	18	120	0.550
-2.356194	2.478122	2.609777	93	28	106	0.550
-2.879793	1.195355	1.200319	93	28	119	0.550
-2.617994	2.033014	2.977192	101	35	115	0.550
-1.308997	2.001437	0.381215	93	13	117	0.550
-2.094395	2.033014	2.977192	92	28	115	0.550
-2.356194	1.135834	-1.431087	104	37	114	0.550
2.879793	1.982574	-1.115518	103	31	110	0.550
-1.047198	2.349581	-2.702517	88	14	106	0.550
-2.879793	2.637879	2.121598	97	30	101	0.550
-0.785398	2.456751	-1.503343	96	18	94	0.550
-1.047198	1.696674	-1.253233	90	15	102	0.550
2.617994	2.108018	1.311430	17	97	91	0.550
-1.047198	1.433411	-1.035986	89	12	103	0.550
2.356194	1.977582	0.969896	19	96	92	0.550
-1.570796	2.153910	-1.714959	96	27	100	0.550
2.356194	2.979456	-1.009304	107	27	100	0.550
-1.308997	1.617114	-1.572037	89	22	106	0.550
-1.832596	1.617114	-1.572037	97	32	107	0.550
2.617994	1.977582	0.969896	23	97	92	0.550
2.356194	0.203748	0.590255	35	105	97	0.550
1.308997	2.180315	-1.357379	24	100	86	0.550
-1.832596	0.762244	-0.273349	88	19	116	0.550
-2.617994	0.866955	-0.931351	105	37	116	0.549
-1.832596	1.014500	0.906702	23	93	100	0.549
-2.356194	1.545873	-1.877082	106	37	112	0.549
-1.308997	0.290380	-0.796960	93	16	127	0.549
0.000000	0.379747	-1.713059	29	109	30	0.549
-0.785398	1.413347	-1.339188	34	22	125	0.549
-2.094395	0.700570	1.559208	26	94	103	0.549
-2.879793	0.674054	1.013609	94	24	124	0.549
-2.617994	0.674054	1.013609	92	20	124	0.549
-1.047198	1.413347	-1.339188	88	15	107	0.549
-2.879793	1.766067	2.153843	97	32	119	0.549
2.356194	0.762244	-0.273349	18	89	6	0.549
2.094395	2.247462	0.191623	33	126	20	0.549
-2.617994	0.831641	0.616218	91	25	119	0.549
-1.570796	1.135834	-1.431087	90	26	113	0.549
-2.356194	1.756530	-2.105156	106	37	111	0.549
-2.879793	2.041297	-2.664597	114	37	111	0.549
-0.785398	1.310100	1.488307	94	14	119	0.549
-2.879793	1.869911	2.701025	103	35	119	0.549
1.570796	2.393226	1.857173	26	103	94	0.513
-1.570796	1.699788	2.452890	98	23	104	0.513
-1.832596	2.299159	2.264663	116	12	90	0.513
-2.356194	2.299159	2.264663	122	13	90	0.513
0.261799	2.984978	1.954446	99	12	99	0.484
-0.523599	1.812176	0.656819	99	30	104	0.484
2.356194	2.396274	-1.959260	106	24	97	0.484
2.617994	2.153910	-1.714959	105	27	100	0.484
1.570796	1.569311	-3.003978	104	34	112	0.484
1.308997	0.203748	0.590255	25	92	101	0.484
-1.570796	2.164094	-2.991358	89	22	111	0.484
-1.570796	2.108018	1.311430	96	25	110	0.484
0.523599	0.866955	-0.931351	95	24	121	0.484
-1.308997	0.700570	1.559208	101	24	124	0.484
-0.261799	0.458961	-0.107937	94	27	110	0.484
-1.832596	2.704512	1.488683	104	28	102	0.484
1.832596	1.242974	-2.977882	31	102	103	0.484
0.261799	2.393226	1.857173	107	32	103	0.483
-1.308997	1.488617	1.159546	96	21	120	0.483
-2.879793	1.025536	1.576859	95	24	125	0.483
-1.832596	1.756530	-2.105156	95	31	110	0.483
-2.356194	1.413430	2.550734	97	25	127	0.483
1.308997	2.299159	2.264663	98	28	102	0.483
-1.047198	0.080730	-2.622036	120	103	31	0.483
-0.261799	2.393226	1.857173	97	10	102	0.483
0.261799	0.960688	-0.577532	94	23	120	0.483
-1.308997	1.809167	1.213774	94	21	115	0.483
-1.570796	1.977582	0.969896	95	23	114	0.483
2.356194	0.640596	-2.797608	127	98	127	0.455
0.000000	2.164094	-2.991358	6	85	3	0.455
0.000000	0.864993	2.278281	16	91	4	0.455
-2.356194	1.809167	1.213774	18	93	126	0.455
-0.523599	1.025536	1.576859	16	89	17	0.455
-0.261799	0.831641	0.616218	18	86	11	0.455
1.832596	2.396274	-1.959260	3	88	6	0.455
1.047198	2.174483	2.653697	15	89	3	0.455
-0.261799	1.870545	-2.976234	126	95	31	0.455
0.523599	1.195355	1.200319	14	91	1	0.455
-0.785398	1.440580	2.260026	6	90	17	0.455
-0.785398	2.356369	3.005869	122	93	127	0.455
0.261799	1.948085	-2.363031	6	85	2	0.455
-2.356194	2.108018	1.311430	18	92	3	0.455
-1.047198	0.910508	1.903534	9	93	21	0.455
-0.261799	0.914445	2.687814	15	91	5	0.455
0.261799	0.929350	-2.910676	4	103	45	0.454
2.094395	0.961715	0.014085	17	87	3	0.454
-2.094395	2.108018	1.311430	22	94	3	0.454
0.785398	0.910508	1.903534	24	95	3	0.454
-0.523599	2.164094	-2.991358	123	91	2	0.454
1.570796	0.571433	-1.188419	30	97	14	0.454
-0.523599	2.349581	-2.702517	122	94	125	0.454
0.261799	1.247695	1.809890	15	92	126	0.454
-2.356194	1.433411	-1.035986	25	92	5	0.454
-1.570796	1.982574	-1.115518	107	26	92	0.454
2.879793	2.349581	-2.702517	37	14	124	0.454
0.523599	2.295480	1.008277	40	122	117	0.454
1.832596	0.910508	1.903534	24	116	85	0.454
-2.617994	0.850607	-1.335383	22	93	15	0.454
-2.356194	1.617114	-1.572037	22	91	7	0.454
2.356194	2.138223	1.678323	17	90	6	0.454
-3.141593	0.733948	3.021411	5	93	127	0.454
-0.523599	2.588535	-2.976617	125	93	122	0.454
-2.879793	0.914445	2.687814	6	92	127	0.454
-0.523599	2.356369	3.005869	127	89	0	0.454
0.000000	2.251330	-2.330739	0	89	124	0.454
2.094395	1.135834	-1.431087	45	126	4	0.454
2.617994	0.640596	-2.797608	2	95	127	0.454
1.570796	2.579248	-2.364801	6	89	12	0.454
-0.523599	0.700570	1.559208	19	93	20	0.454
1.570796	1.948085	-2.363031	2	89	6	0.454
2.356194	0.961715	0.014085	22	89	3	0.454
0.261799	2.063651	-2.044600	3	87	124	0.454
0.000000	2.579248	-2.364801	0	92	119	0.454
-0.261799	2.349581	-2.702517	126	90	125	0.454
0.523599	2.115563	0.685730	39	121	116	0.453
-2.617994	2.089241	-0.114193	98	27	114	0.418
-2.617994	1.870545	-2.976234	106	36	116	0.418
-2.356194	1.374601	-2.456031	96	22	104	0.418
-1.832596	1.391910	3.030322	97	23	104	0.418
1.570796	1.310100	1.488307	30	101	19	0.418
-2.094395	1.699788	2.452890	104	29	103	0.418
2.879793	1.134796	2.434290	94	26	100	0.418
1.047198	0.914445	2.687814	27	99	105	0.418
2.356194	0.674054	1.013609	32	110	91	0.418
-2.094395	1.374601	-2.456031	101	32	122	0.418
0.261799	0.864993	2.278281	123	97	25	0.417
-1.308997	1.413430	2.550734	94	19	107	0.417
-1.308997	1.025536	1.576859	99	23	122	0.417
-2.356194	1.998705	2.370472	120	14	91	0.417
1.832596	2.073035	2.027405	31	106	96	0.417
0.523599	0.370812	-2.547742	29	101	20	0.417
1.832596	2.247462	0.191623	34	123	20	0.417
2.879793	2.719179	-1.780644	101	19	98	0.417
-3.141593	1.128190	-2.288622	104	31	111	0.417
-1.047198	1.256302	0.062705	125	91	126	0.389
1.047198	0.899350	-2.069907	17	89	15	0.389
0.523599	0.290380	-0.796960	17	90	17	0.389
2.356194	1.391910	3.030322	12	89	13	0.389
1.308997	1.128190	-2.288622	23	91	14	0.389
-1.047198	1.335669	0.897240	2	87	4	0.389
1.047198	2.164094	-2.991358	37	109	2	0.389
0.000000	0.458961	-0.107937	16	88	14	0.389
-1.308997	1.335669	0.897240	126	90	4	0.389
-2.879793	1.555207	1.708892	93	30	118	0.389
1.047198	2.033014	2.977192	29	93	7	0.388
2.356194	2.393226	1.857173	16	90	6	0.388
-1.047198	0.203748	0.590255	9	92	19	0.388
-2.617994	2.299159	2.264663	93	31	108	0.388
2.094395	2.396274	-1.959260	39	121	117	0.388
-0.523599	1.301460	-0.509251	116	93	11	0.388
2.356194	1.433411	-1.035986	41	6	123	0.388
0.523599	1.168678	2.108595	32	110	37	0.388
2.879793	0.619654	-2.216909	24	96	125	0.388
0.000000	1.555207	1.708892	23	89	11	0.388
1.570796	1.335669	0.897240	20	107	37	0.388
-0.785398	2.343981	-1.040456	12	91	125	0.388
-0.785398	0.762244	-0.273349	126	90	7	0.388
1.570796	1.128190	-2.288622	27	94	14	0.388
-3.141593	0.709924	0.218797	103	5	91	0.388
1.047198	0.685216	-1.712745	19	89	15	0.388
2.356194	2.180315	-1.357379	37	126	114	0.388
-1.047198	1.809167	1.213774	3	87	0	0.388
1.308997	1.448123	-2.163292	26	90	8	0.388
-0.523599	1.977582	0.969896	16	87	123	0.388
-3.141593	2.138223	1.678323	97	34	107	0.388
-2.879793	0.864993	2.278281	17	88	10	0.388
-1.047198	0.496451	0.593859	6	90	16	0.388
-1.308997	1.741644	-2.695914	88	20	117	0.388
-1.308997	1.504028	0.636812	125	91	126	0.388
0.000000	0.290380	-0.796960	8	90	17	0.387
-2.356194	1.909857	-0.381669	95	22	116	0.352
-3.141593	1.617114	-1.572037	100	28	108	0.352
-1.832596	1.869911	2.701025	113	10	90	0.352
-2.094395	1.218453	2.777284	100	28	108	0.352
-2.879793	1.846342	-1.796954	98	23	103	0.352
0.000000	0.910508	1.903534	119	101	27	0.352
-2.879793	0.619654	-2.216909	100	27	117	0.352
-2.617994	1.909857	-0.381669	97	25	116	0.352
1.570796	1.699788	2.452890	29	104	96	0.351
-1.047198	2.407836	1.410646	94	16	105	0.351
1.570796	1.506530	1.988858	31	103	103	0.351
-2.617994	1.998705	2.370472	124	14	91	0.351
-0.785398	2.089241	-0.114193	119	98	20	0.351
-3.141593	1.488617	1.159546	96	33	114	0.323
2.094395	0.685216	-1.712745	37	107	24	0.323
-1.832596	2.881233	-2.582574	100	28	96	0.323
-2.094395	0.899350	-2.069907	105	34	124	0.323
0.523599	0.496451	0.593859	35	111	33	0.323
-2.094395	1.391910	3.030322	98	27	0	0.323
2.617994	2.863997	0.549740	99	18	91	0.323
-2.356194	1.699788	2.452890	94	27	123	0.323
-3.141593	1.256302	0.062705	38	112	20	0.323
0.000000	1.732874	-0.951685	29	104	22	0.322
2.094395	1.606104	-0.451151	25	17	98	0.322
-2.879793	2.704512	1.488683	94	22	97	0.322
-1.832596	2.180315	-1.357379	102	28	94	0.322
-2.617994	1.812176	0.656819	91	22	101	0.322
1.570796	0.458961	-0.107937	37	122	31	0.322
-1.308997	1.982574	-1.115518	101	25	111	0.322
-2.617994	1.504028	0.636812	90	25	107	0.322
-3.141593	2.478122	2.609777	108	37	107	0.322
0.000000	0.709924	0.218797	91	19	108	0.322
0.785398	1.433411	-1.035986	25	93	97	0.322
-0.523599	0.831641	0.616218	94	23	103	0.322
2.617994	1.045978	0.343692	33	99	7	0.322
-0.523599	0.685216	-1.712745	105	114	9	0.322
-2.094395	1.756530	-2.105156	101	36	111	0.322
-0.785398	0.960688	-0.577532	101	34	123	0.322
1.047198	2.637879	2.121598	38	115	9	0.322
-0.785398	1.195355	1.200319	16	90	19	0.322
-1.570796	0.458961	-0.107937	90	11	123	0.322
-2.356194	0.458961	-0.107937	124	6	87	0.322
2.094395	2.588535	-2.976617	38	121	10	0.322
-0.785398	1.824694	1.850876	93	14	107	0.322
2.879793	1.599406	1.426070	102	36	116	0.322
-0.261799	2.295480	1.008277	100	30	105	0.322
-1.047198	2.251330	-2.330739	89	18	104	0.322
-2.879793	2.073035	2.027405	96	33	113	0.322
-2.356194	1.242974	-2.977882	99	26	107	0.286
-1.570796	2.247462	0.191623	94	15	111	0.285
-2.094395	2.404280	-0.174044	94	19	108	0.285
-2.094395	1.214854	-1.966664	102	35	118	0.257
0.261799	1.504028	0.636812	34	96	7	0.257
-2.879793	2.356369	3.005869	108	37	109	0.257
-1.832596	1.846342	-1.796954	96	31	105	0.257
-2.094395	1.135834	-1.431087	98	34	113	0.257
-1.308997	0.619654	-2.216909	34	103	107	0.257
0.785398	2.356369	3.005869	29	95	99	0.257
-2.094395	2.863997	0.549740	14	103	83	0.256
-1.570796	1.696674	-1.253233	93	25	102	0.256
-1.308997	1.696674	-1.253233	91	20	102	0.256
0.785398	2.478122	2.609777	111	35	108	0.256
-2.356194	0.831641	0.616218	90	21	119	0.256
0.785398	2.041297	-2.664597	24	92	102	0.256
1.308997	1.214854	-1.966664	30	96	110	0.256
-1.570796	0.203748	0.590255	18	95	94	0.256
-2.356194	1.440580	2.260026	94	23	125	0.256
-1.308997	2.456751	-1.503343	99	24	94	0.256
-1.308997	0.866395	-2.492918	31	99	107	0.256
0.785398	1.606104	-0.451151	28	100	89	0.256
-1.832596	1.335669	0.897240	24	93	105	0.256
0.261799	1.440580	2.260026	28	104	33	0.256
0.523599	1.256302	0.062705	32	98	97	0.256
0.000000	2.478122	2.609777	19	92	97	0.256
-0.523599	2.704512	1.488683	96	13	101	0.256
-2.356194	2.251330	-2.330739	107	36	105	0.256
-2.356194	1.413347	-1.339188	104	36	107	0.256
0.261799	2.478122	2.609777	24	93	97	0.256
-1.832596	2.404280	-0.174044	93	16	110	0.256
-2.617994	1.696674	-1.253233	110	35	102	0.256
-0.261799	1.417623	-0.202254	95	26	118	0.256
-1.308997	1.569311	-3.003978	22	91	107	0.256
-2.094395	0.961715	0.014085	89	22	113	0.256
0.000000	1.374601	-2.456031	9	87	4	0.228
-1.047198	2.115563	0.685730	6	89	116	0.228
-0.785398	1.014500	0.906702	10	85	11	0.228
2.879793	1.256302	0.062705	12	87	2	0.228
-0.785398	2.138223	1.678323	7	84	0	0.228
1.047198	1.870545	-2.976234	25	89	8	0.228
0.523599	2.041297	-2.664597	12	83	2	0.228
-3.141593	2.404280	-0.174044	27	96	14	0.228
0.000000	1.448123	-2.163292	11	87	2	0.228
-0.523599	1.846342	-1.796954	16	91	125	0.228
1.570796	0.379747	-1.713059	23	93	20	0.228
0.000000	1.696674	-1.253233	13	88	125	0.228
0.261799	1.696674	-1.253233	17	89	125	0.228
2.356194	0.496451	0.593859	122	41	23	0.228
-0.523599	1.310100	1.488307	16	85	13	0.228
1.047198	2.588535	-2.976617	23	91	126	0.228
0.523599	1.824694	1.850876	27	92	9	0.228
0.785398	2.104282	-0.813972	32	101	126	0.228
1.308997	1.325504	-1.671296	34	92	10	0.228
-0.261799	1.413347	-1.339188	10	87	3	0.228
-0.523599	0.674054	1.013609	18	88	17	0.228
-0.523599	1.014500	0.906702	16	85	11	0.228
-0.261799	1.014500	0.906702	21	86	11	0.228
0.785398	1.194549	-0.801900	9	92	3	0.228
1.570796	1.741644	-2.695914	10	92	15	0.228
0.523599	1.310100	1.488307	17	92	127	0.228
2.617994	1.440580	2.260026	18	92	8	0.228
0.000000	1.113094	-0.272241	21	87	6	0.228
-1.047198	1.488617	1.159546	3	85	5	0.228
2.617994	1.982574	-1.115518	17	92	11	0.228
-0.523599	1.872854	1.543456	14	83	3	0.228
1.570796	0.929350	-2.910676	6	91	4	0.228
1.047198	1.433411	-1.035986	12	92	4	0.228
0.523599	1.214854	-1.966664	9	84	9	0.228
0.785398	1.214854	-1.966664	22	87	16	0.228
2.617994	1.214854	-1.966664	10	91	9	0.228
0.785398	1.135813	-2.658866	15	89	19	0.228
2.879793	0.960688	-0.577532	36	98	19	0.227
-0.785398	0.458961	-0.107937	126	96	37	0.227
-2.617994	2.719179	-1.780644	24	95	13	0.227
0.261799	1.256302	0.062705	30	90	4	0.227
1.308997	1.696674	-1.253233	33	95	127	0.227
0.785398	1.301460	-0.509251	33	93	2	0.227
1.308997	1.658653	-2.409879	26	89	7	0.227
-2.879793	2.174483	2.653697	112	44	11	0.227
-1.832596	1.135834	-1.431087	30	98	0	0.227
1.832596	1.545873	-1.877082	40	101	9	0.227
-1.308997	0.992645	-1.723759	32	103	15	0.227
0.261799	1.554776	0.100351	28	92	11	0.227
-0.261799	1.569311	-3.003978	4	89	3	0.227
0.000000	1.504028	0.636812	31	90	5	0.227
-0.785398	1.766067	2.153843	2	87	10	0.227
0.000000	1.135834	-1.431087	14	87	8	0.227
-0.261799	1.488617	1.159546	21	85	6	0.227
-1.047198	2.295480	1.008277	15	91	124	0.227
-0.785398	2.295480	1.008277	20	91	124	0.227
1.832596	2.063651	-2.044600	20	94	9	0.227
1.047198	1.374601	-2.456031	21	87	13	0.227
0.523599	1.247695	1.809890	20	91	14	0.227
1.047198	1.135813	-2.658866	17	90	18	0.227
2.094395	2.881233	-2.582574	35	105	122	0.227
0.000000	0.640596	-2.797608	6	100	40	0.227
2.879793	1.875281	0.107086	37	99	11	0.227
-2.356194	2.174483	2.653697	31	95	16	0.227
0.000000	1.606104	-0.451151	32	97	8	0.227
0.261799	2.295480	1.008277	35	100	124	0.227
0.523599	2.299159	2.264663	29	90	1	0.227
0.523599	1.135834	-1.431087	19	86	11	0.227
0.785398	1.135834	-1.431087	25	87	11	0.227
0.000000	1.310100	1.488307	26	89	13	0.227
2.356194	2.041297	-2.664597	26	91	17	0.227
-1.047198	0.685216	-1.712745	37	112	17	0.227
0.261799	1.812176	0.656819	34	96	127	0.227
2.094395	1.809167	1.213774	29	98	20	0.227
2.617994	1.113094	-0.272241	31	93	14	0.227
-0.261799	1.433411	-1.035986	31	98	9	0.227
0.523599	1.658653	-2.409879	29	98	16	0.227
0.523599	0.640596	-2.797608	13	100	40	0.227
0.000000	1.450119	-2.739050	9	87	4	0.227
0.523599	0.458961	-0.107937	26	91	15	0.227
0.523599	1.870545	-2.976234	17	84	9	0.227
-0.523599	1.617114	-1.572037	28	97	127	0.227
2.879793	0.864993	2.278281	9	87	11	0.227
-0.261799	0.961715	0.014085	13	83	5	0.227
-1.570796	1.256302	0.062705	15	92	123	0.227
1.047198	2.180315	-1.357379	15	92	3	0.227
-0.785398	1.184361	0.625864	32	100	0	0.227
-0.785398	1.488617	1.159546	10	84	6	0.227
-1.570796	2.033014	2.977192	14	84	2	0.227
2.094395	0.080730	-2.622036	13	94	23	0.227
0.523599	0.992645	-1.723759	22	90	10	0.227
1.047198	0.700570	1.559208	20	96	21	0.227
-0.785398	1.025536	1.576859	13	88	18	0.227
-2.094395	1.824694	1.850876	25	94	9	0.227
0.000000	1.247695	1.809890	24	91	17	0.227
0.000000	1.433411	-1.035986	15	87	3	0.227
0.261799	1.448123	-2.163292	15	87	2	0.227
1.832596	2.349581	-2.702517	40	104	3	0.227
-0.523599	0.640596	-2.797608	0	104	40	0.227
-2.094395	2.664082	-1.071402	38	101	11	0.227
-3.141593	2.001437	0.381215	38	102	7	0.227
1.047198	1.875281	0.107086	3	87	2	0.227
2.094395	1.617114	-1.572037	41	107	4	0.227
2.356194	0.370812	-2.547742	21	98	24	0.227
0.000000	0.906588	1.252948	26	92	16	0.227
-1.570796	1.504028	0.636812	120	94	126	0.227
-2.094395	1.736875	3.023612	34	97	9	0.227
0.261799	1.113094	-0.272241	27	88	6	0.227
0.000000	0.733948	3.021411	41	106	9	0.227
1.308997	1.869911	2.701025	35	100	15	0.227
-1.047198	2.089241	-0.114193	34	103	5	0.227
0.523599	0.619654	-2.216909	2	99	43	0.227
1.308997	1.134497	-1.109631	37	95	8	0.227
1.570796	2.349581	-2.702517	38	99	3	0.227
-0.523599	1.450119	-2.739050	0	31	20	0.227
0.261799	0.458961	-0.107937	22	88	15	0.227
0.000000	0.615174	-0.666022	16	88	17	0.227
2.094395	0.370812	-2.547742	19	96	24	0.227
-3.141593	0.831641	0.616218	23	92	8	0.227
-1.832596	0.674054	1.013609	20	87	0	0.227
-2.617994	0.906588	1.252948	22	94	8	0.227
-0.261799	1.812176	0.656819	26	90	127	0.227
-1.308997	0.961715	0.014085	15	93	122	0.227
-0.261799	1.367556	0.358405	23	87	4	0.227
0.261799	1.836682	-0.676006	20	90	125	0.227
0.000000	1.256302	0.062705	25	88	4	0.227
0.000000	2.138223	1.678323	25	87	0	0.227
2.879793	2.478122	2.609777	22	92	7	0.227
-0.261799	2.108018	1.311430	21	86	124	0.227
0.261799	0.571433	-1.188419	7	86	13	0.227
-0.261799	1.658653	-2.409879	4	89	127	0.227
-0.785398	0.418037	1.360082	19	93	22	0.227
0.261799	0.640596	-2.797608	9	100	40	0.227
2.356194	0.615174	-0.666022	25	89	17	0.227
-2.617994	0.640596	-2.797608	116	34	25	0.227
0.785398	2.174483	2.653697	30	91	5	0.227
0.261799	1.184361	0.625864	29	90	5	0.227
0.785398	1.977582	0.969896	34	97	6	0.227
0.523599	1.982574	-1.115518	29	97	127	0.227
-3.141593	1.683268	0.374177	38	103	5	0.227
-2.879793	0.640596	-2.797608	120	34	25	0.227
1.570796	0.866395	-2.492918	23	94	21	0.227
-0.523599	1.433411	-1.035986	28	95	9	0.227
-0.261799	1.448123	-2.163292	5	88	2	0.227
1.832596	2.251330	-2.330739	39	101	2	0.227
-1.570796	1.736875	3.023612	38	106	9	0.227
0.785398	0.640596	-2.797608	16	101	40	0.227
1.308997	2.588535	-2.976617	36	97	0	0.227
0.523599	1.998705	2.370472	28	89	8	0.227
-1.832596	0.619654	-2.216909	115	37	27	0.227
2.617994	2.881233	-2.582574	34	99	20	0.227
1.047198	0.640596	-2.797608	19	103	40	0.227
0.785398	1.756530	-2.105156	30	95	2	0.227
2.356194	1.569311	-3.003978	121	30	22	0.227
0.785398	1.134497	-1.109631	28	88	8	0.227
1.047198	1.134497	-1.109631	33	91	8	0.227
-1.570796	1.948085	-2.363031	20	93	21	0.227
1.308997	0.591903	2.010408	17	91	9	0.227
0.261799	2.349581	-2.702517	24	96	13	0.227
-1.047198	1.184361	0.625864	1	86	5	0.227
-0.261799	1.184361	0.625864	19	84	5	0.227
0.261799	1.555207	1.708892	29	91	11	0.227
0.523599	1.242974	-2.977882	18	88	9	0.227
-3.141593	1.872854	1.543456	23	90	12	0.227
1.832596	1.872854	1.543456	10	89	6	0.227
-3.141593	1.721184	-0.153948	16	88	11	0.227
0.261799	1.391910	3.030322	13	87	7	0.227
-0.785398	1.247695	1.809890	15	92	3	0.227
-0.785398	0.709924	0.218797	4	86	11	0.227
-1.308997	0.418037	1.360082	12	92	22	0.227
2.356194	1.214854	-1.966664	0	94	7	0.227
2.617994	1.569311	-3.003978	119	30	22	0.227
1.047198	1.510910	-0.740472	37	103	8	0.227
-0.523599	2.108018	1.311430	18	107	39	0.227
1.832596	2.637879	2.121598	32	97	10	0.227
1.570796	1.325504	-1.671296	38	96	10	0.227
-0.261799	1.599406	1.426070	21	85	7	0.227
0.523599	0.615174	-0.666022	27	89	17	0.227
1.832596	0.379747	-1.713059	26	96	20	0.227
-1.570796	2.396274	-1.959260	28	94	12	0.227
0.000000	2.356369	3.005869	26	97	11	0.227
0.261799	2.760637	2.781135	23	90	126	0.227
0.261799	1.606104	-0.451151	28	92	8	0.227
1.570796	0.700570	1.559208	26	98	21	0.227
-3.141593	0.640596	-2.797608	123	34	25	0.227
1.308997	1.135834	-1.431087	35	93	11	0.227
2.094395	1.325504	-1.671296	42	107	10	0.227
-1.047198	0.831641	0.616218	28	94	125	0.227
-0.261799	0.674054	1.013609	22	90	17	0.227
2.879793	1.809167	1.213774	19	90	12	0.227
2.356194	0.080730	-2.622036	16	94	23	0.227
-0.261799	1.696674	-1.253233	8	88	125	0.227
2.879793	1.301460	-0.509251	15	89	6	0.227
-0.261799	1.662363	0.915448	8	87	5	0.227
2.094395	1.904882	-1.478089	38	106	126	0.227
1.832596	1.756530	-2.105156	40	101	8	0.227
1.570796	1.134497	-1.109631	40	100	8	0.227
1.047198	2.396274	-1.959260	32	101	18	0.227
2.617994	1.184361	0.625864	119	45	11	0.227
-0.261799	1.545873	-1.877082	6	88	0	0.227
1.308997	1.836682	-0.676006	37	108	3	0.227
2.356194	0.458961	-0.107937	2	39	21	0.227
-0.523599	0.615174	-0.666022	126	89	10	0.227
-0.261799	1.574060	2.783565	2	89	4	0.227
2.617994	2.587733	0.232235	8	91	8	0.227
2.617994	0.674054	1.013609	20	90	3	0.227
-0.785398	0.906588	1.252948	13	87	16	0.227
-1.047198	1.014500	0.906702	5	86	11	0.227
-0.523599	0.290380	-0.796960	10	93	122	0.227
0.785398	2.456751	-1.503343	11	92	2	0.227
0.785398	1.391910	3.030322	10	89	6	0.227
2.356194	2.704512	1.488683	4	89	1	0.227
2.617994	2.455966	-0.641220	6	90	3	0.227
2.879793	1.662363	0.915448	22	92	6	0.227
1.308997	1.433411	-1.035986	36	96	2	0.227
-2.879793	1.135834	-1.431087	113	40	14	0.227
-0.261799	1.450119	-2.739050	125	33	20	0.227
-0.261799	0.906588	1.252948	22	89	16	0.227
-1.570796	1.134497	-1.109631	14	88	7	0.227
2.617994	0.080730	-2.622036	19	95	23	0.227
-0.523599	0.418037	1.360082	8	90	1	0.227
1.570796	1.982574	-1.115518	32	100	121	0.227
1.570796	2.115563	0.685730	7	89	120	0.227
-1.570796	0.419640	2.974122	17	87	9	0.227
0.261799	1.413430	2.550734	14	88	9	0.227
-0.785398	1.998705	2.370472	15	92	3	0.227
-0.785398	1.617114	-1.572037	12	89	2	0.227
1.308997	2.863997	0.549740	1	91	7	0.227
2.356194	2.108018	1.311430	10	91	120	0.227
2.094395	2.704512	1.488683	0	92	1	0.227
-3.141593	1.875281	0.107086	17	89	13	0.227
1.570796	1.413347	-1.339188	38	98	5	0.227
1.570796	1.736875	3.023612	2	94	0	0.226
-2.356194	2.073035	2.027405	11	91	122	0.226
1.047198	0.370812	-2.547742	5	93	126	0.226
-1.832596	1.555207	1.708892	100	28	114	0.220
-2.356194	2.637879	2.121598	125	11	89	0.219
2.356194	2.456751	-1.503343	107	27	99	0.191
1.570796	1.909857	-0.381669	21	92	109	0.191
0.523599	2.637879	2.121598	107	34	108	0.191
2.094395	1.135813	-2.658866	94	27	116	0.191
-1.832596	1.450119	-2.739050	95	28	121	0.190
2.879793	1.569311	-3.003978	28	98	113	0.190
0.000000	1.812176	0.656819	125	97	26	0.190
0.261799	1.809167	1.213774	99	22	97	0.190
-0.261799	2.592629	0.909713	100	32	110	0.190
-1.047198	1.909857	-0.381669	120	99	24	0.190
-0.785398	2.704512	1.488683	96	16	101	0.190
-1.047198	2.180315	-1.357379	96	19	96	0.190
-1.047198	1.310100	1.488307	96	19	119	0.190
0.261799	1.374601	-2.456031	26	101	95	0.190
-2.617994	2.404280	-0.174044	98	26	109	0.190
0.523599	2.089241	-0.114193	100	27	124	0.190
2.356194	0.591903	2.010408	32	117	30	0.190
0.000000	1.554776	0.100351	91	20	114	0.190
-1.832596	1.025536	1.576859	103	28	121	0.190
2.094395	1.870545	-2.976234	96	29	113	0.190
1.832596	1.128190	-2.288622	96	26	120	0.190
1.308997	2.881233	-2.582574	28	96	123	0.161
1.308997	0.733948	3.021411	28	98	23	0.161
-1.570796	2.343981	-1.040456	29	99	12	0.161
-2.356194	1.870545	-2.976234	100	36	119	0.161
2.094395	1.128190	-2.288622	99	27	106	0.161
0.261799	1.325504	-1.671296	98	27	116	0.161
1.570796	0.850607	-1.335383	31	96	10	0.161
-2.094395	1.301460	-0.509251	91	28	106	0.161
-0.523599	2.343981	-1.040456	98	15	93	0.161
1.570796	1.134796	2.434290	97	26	109	0.161
-0.785398	2.180315	-1.357379	93	16	96	0.161
-0.785398	1.134796	2.434290	5	102	44	0.161
2.094395	1.599406	1.426070	93	22	125	0.161
1.570796	2.664082	-1.071402	21	100	98	0.161
1.570796	2.478122	2.609777	41	119	13	0.161
-2.356194	2.587733	0.232235	31	102	16	0.161
1.308997	0.961715	0.014085	42	117	20	0.161
0.261799	1.741644	-2.695914	8	86	9	0.161
-2.094395	1.555207	1.708892	19	93	126	0.161
-1.570796	1.721184	-0.153948	123	40	17	0.161
-0.523599	1.134796	2.434290	16	97	30	0.161
-1.308997	1.909857	-0.381669	116	38	21	0.161
1.570796	2.108018	1.311430	94	22	112	0.161
1.832596	2.478122	2.609777	40	124	13	0.161
2.094395	1.982574	-1.115518	94	19	110	0.161
1.570796	1.766067	2.153843	97	26	115	0.161
-1.308997	1.721184	-0.153948	118	40	17	0.161
-1.832596	0.866955	-0.931351	91	29	116	0.161
-1.308997	0.203748	0.590255	5	93	20	0.161
0.000000	0.571433	-1.188419	3	89	14	0.161
0.523599	0.685216	-1.712745	8	88	16	0.161
0.000000	0.850607	-1.335383	2	88	10	0.161
-1.047198	0.709924	0.218797	127	90	11	0.161
0.261799	0.850607	-1.335383	7	86	10	0.160
0.523599	0.850607	-1.335383	12	85	10	0.160
0.000000	1.658653	-2.409879	21	101	93	0.154
-2.094395	1.875281	0.107086	96	21	117	0.153
0.000000	1.488617	1.159546	100	19	96	0.125
-3.141593	1.325504	-1.671296	101	29	112	0.125
2.879793	1.325504	-1.671296	104	31	111	0.125
-0.785398	2.637879	2.121598	101	20	98	0.125
2.879793	1.374601	-2.456031	110	31	105	0.125
1.308997	0.910508	1.903534	26	98	19	0.125
-1.570796	1.869911	2.701025	111	8	90	0.124
-2.356194	1.574060	2.783565	104	28	103	0.124
0.523599	0.929350	-2.910676	27	97	11	0.124
1.047198	1.766067	2.153843	106	25	96	0.124
-1.047198	1.555207	1.708892	94	18	113	0.124
-1.047198	2.704512	1.488683	97	19	102	0.124
-1.832596	1.113094	-0.272241	89	19	110	0.124
-1.308997	2.343981	-1.040456	102	20	92	0.124
-1.832596	1.909857	-0.381669	93	13	116	0.124
-1.308997	1.218453	2.777284	93	17	108	0.124
2.879793	1.836682	-0.676006	105	31	114	0.124
-2.356194	1.875281	0.107086	98	26	117	0.124
-3.141593	1.433411	-1.035986	99	27	116	0.124
1.570796	2.041297	-2.664597	107	34	121	0.096
-2.879793	0.961715	0.014085	100	36	114	0.096
1.570796	2.033014	2.977192	101	34	109	0.095
-0.785398	1.168678	2.108595	10	93	20	0.095
-3.141593	0.571433	-1.188419	17	89	10	0.095
-2.617994	0.960688	-0.577532	101	37	112	0.095
-1.832596	1.134497	-1.109631	93	30	111	0.095
2.617994	1.417623	-0.202254	30	98	109	0.095
-3.141593	2.637879	2.121598	5	89	0	0.095
1.047198	0.960688	-0.577532	30	94	4	0.095
0.000000	2.379497	0.561089	9	90	1	0.095
1.570796	1.433411	-1.035986	39	103	3	0.095
2.094395	1.450119	-2.739050	38	118	31	0.095
-0.261799	1.741644	-2.695914	95	30	119	0.095
2.617994	0.615174	-0.666022	32	26	5	0.095
-0.785398	2.115563	0.685730	105	35	107	0.095
-2.094395	1.134497	-1.109631	97	34	111	0.095
-0.523599	1.050534	3.042579	121	106	40	0.095
-1.570796	1.218453	2.777284	117	112	39	0.095
0.000000	1.741644	-2.695914	3	88	9	0.095
1.308997	1.367556	0.358405	10	86	123	0.095
-1.832596	0.297065	2.160177	4	104	41	0.095
-1.308997	1.135813	-2.658866	21	89	13	0.095
-0.261799	2.104282	-0.813972	102	0	89	0.095
-1.570796	1.413430	2.550734	112	110	35	0.095
-0.261799	1.050534	3.042579	123	104	40	0.095
-1.308997	0.591903	2.010408	1	103	41	0.095
-2.617994	1.488617	1.159546	89	25	113	0.095
1.570796	1.168678	2.108595	31	126	37	0.095
0.785398	1.699788	2.452890	35	107	30	0.095
-0.523599	1.504028	0.636812	98	29	104	0.095
2.879793	1.998705	2.370472	111	38	116	0.095
2.356194	1.310100	1.488307	113	37	121	0.095
2.617994	1.506530	1.988858	111	36	122	0.095
-0.261799	2.033014	2.977192	4	87	7	0.095
-1.308997	1.374601	-2.456031	19	91	18	0.095
0.523599	1.506530	1.988858	35	107	31	0.095
1.047198	1.450119	-2.739050	29	94	23	0.095
-2.879793	0.762244	-0.273349	103	37	117	0.095
-2.356194	0.866955	-0.931351	100	36	115	0.095
-0.261799	1.113094	-0.272241	95	29	117	0.095
-1.308997	0.914445	2.687814	124	109	42	0.095
-2.356194	1.194549	-0.801900	99	35	108	0.095
1.047198	0.866955	-0.931351	27	91	7	0.095
-3.141593	1.045978	0.343692	102	37	114	0.095
2.094395	1.433411	-1.035986	11	91	7	0.095
-1.832596	0.591903	2.010408	125	104	41	0.095
-0.523599	1.045978	0.343692	95	28	106	0.095
-3.141593	0.961715	0.014085	105	38	114	0.095
0.785398	0.831641	0.616218	27	103	100	0.095
-1.832596	1.325504	-1.671296	96	33	113	0.095
-2.617994	0.571433	-1.188419	109	36	122	0.095
0.785398	0.864993	2.278281	96	30	120	0.095
-2.356194	1.417623	-0.202254	12	92	5	0.095
2.356194	1.809167	1.213774	113	38	108	0.095
-1.832596	1.982574	-1.115518	25	100	101	0.095
-2.617994	0.615174	-0.666022	103	36	120	0.095
2.879793	0.700570	1.559208	102	27	113	0.095
2.617994	0.831641	0.616218	110	37	120	0.095
0.000000	2.724429	-0.348782	102	26	122	0.094
2.356194	1.195355	1.200319	113	37	120	0.094
-2.094395	2.587733	0.232235	97	23	105	0.059
2.879793	2.455966	-0.641220	106	30	105	0.059
1.308997	1.699788	2.452890	26	101	96	0.058
-1.570796	2.295480	1.008277	95	22	109	0.058
-1.308997	2.295480	1.008277	93	17	109	0.058
1.832596	1.555207	1.708892	34	105	13	0.058
-2.879793	1.050534	3.042579	18	98	92	0.058
-2.879793	1.658653	-2.409879	103	26	101	0.058
-2.617994	2.104282	-0.813972	95	22	109	0.058
-2.617994	1.218453	2.777284	108	32	109	0.058
-1.047198	1.195355	1.200319	104	24	95	0.030
-2.617994	1.256302	0.062705	95	31	107	0.030
-1.047198	1.741644	-2.695914	32	97	17	0.029
0.785398	1.168678	2.108595	32	115	37	0.029
-0.261799	2.664082	-1.071402	101	17	91	0.029
-0.523599	0.496451	0.593859	93	21	104	0.029
1.047198	0.618092	2.539118	25	99	110	0.029
-2.617994	1.699788	2.452890	96	30	121	0.029
-2.879793	1.998705	2.370472	99	34	115	0.029
-1.047198	0.899350	-2.069907	92	20	125	0.029
-1.308997	0.640596	-2.797608	29	94	109	0.029
-3.141593	0.700570	1.559208	97	23	0	0.029
-2.617994	1.809167	1.213774	89	23	108	0.029
-1.832596	1.433411	-1.035986	92	27	104	0.029
-1.308997	2.041297	-2.664597	26	94	19	0.029
-1.047198	0.674054	1.013609	97	23	99	0.029
2.094395	2.863997	0.549740	102	22	91	0.029
-1.832596	2.247462	0.191623	94	21	112	0.029
-1.570796	2.456751	-1.503343	101	25	111	0.029
0.000000	2.001437	0.381215	0	96	25	0.029
1.308997	1.168678	2.108595	32	122	37	0.029
-2.879793	1.872854	1.543456	93	30	112	0.029
2.094395	0.571433	-1.188419	38	112	22	0.029
-0.785398	1.135834	-1.431087	88	10	113	0.029
-2.617994	2.073035	2.027405	92	29	112	0.029
-1.832596	1.413347	-1.339188	95	31	108	0.029
2.617994	2.407836	1.410646	9	90	123	0.029
-1.047198	1.510910	-0.740472	123	98	27	0.029
-2.094395	1.606104	-0.451151	95	24	97	0.029
2.879793	1.184361	0.625864	104	37	114	0.029
-1.832596	2.588535	-2.976617	93	27	103	0.029
-0.785398	1.977582	0.969896	16	93	95	0.029
-1.308997	0.685216	-1.712745	93	24	125	0.029
-2.356194	2.063651	-2.044600	26	98	114	0.029
0.523599	0.709924	0.218797	35	98	19	0.029
-2.094395	1.128190	-2.288622	104	34	123	0.029
0.523599	1.433411	-1.035986	20	93	94	0.029
-2.356194	1.948085	-2.363031	105	37	111	0.029
-1.570796	2.063651	-2.044600	93	28	104	0.029
2.356194	2.089241	-0.114193	104	31	107	0.029
-1.308997	1.812176	0.656819	112	34	105	0.029
-2.356194	0.615174	-0.666022	97	32	120	0.029
-1.047198	1.658653	-2.409879	31	99	22	0.029
-2.617994	2.760637	2.781135	100	31	100	0.029
-2.356194	1.977582	0.969896	89	16	103	0.029
-2.356194	0.961715	0.014085	90	26	113	0.029
-0.785398	1.948085	-2.363031	31	100	23	0.029
2.094395	1.045978	0.343692	20	90	126	0.029
-1.308997	1.904882	-1.478089	4	94	126	0.029
2.617994	1.756530	-2.105156	108	29	104	0.029
0.785398	0.850607	-1.335383	98	27	123	0.029
-0.261799	2.001437	0.381215	124	97	25	0.029
0.785398	1.310100	1.488307	2	78	126	0.004
2.879793	1.506530	1.988858	1	75	119	0.004
-1.570796	2.637879	2.121598	125	77	118	0.004
0.523599	1.569311	-3.003978	120	77	114	0.003
-0.523599	2.063651	-2.044600	0	75	116	0.003
-0.261799	2.979456	-1.009304	2	53	122	0.003
1.570796	1.194549	-0.801900	1	55	120	0.003
1.047198	2.456751	-1.503343	127	49	123	0.003
0.523599	2.588535	-2.976617	0	93	122	0.003
0.261799	1.450119	-2.739050	9	76	127	0.003
0.523599	1.450119	-2.739050	2	77	124	0.003
1.832596	1.450119	-2.739050	126	77	118	0.003
-1.308997	2.404280	-0.174044	125	79	118	0.003
-0.261799	2.404280	-0.174044	3	75	123	0.003
1.308997	2.404280	-0.174044	122	84	117	0.003
2.356194	2.404280	-0.174044	2	75	125	0.003
0.261799	2.115563	0.685730	5	81	120	0.003
-2.617994	1.869911	2.701025	0	74	115	0.003
-2.879793	0.458961	-0.107937	2	79	112	0.003
-2.094395	0.458961	-0.107937	1	77	119	0.003
1.308997	0.458961	-0.107937	5	75	121	0.003
2.094395	0.458961	-0.107937	125	74	120	0.003
2.617994	0.458961	-0.107937	3	74	121	0.003
0.261799	1.599406	1.426070	8	75	117	0.003
0.785398	1.554776	0.100351	0	76	116	0.003
-1.832596	0.618092	2.539118	1	79	115	0.003
2.356194	0.618092	2.539118	3	75	120	0.003
-2.879793	2.393226	1.857173	0	85	119	0.003
-2.617994	2.393226	1.857173	5	75	122	0.003
-2.356194	0.419640	2.974122	3	78	1	0.003
-0.785398	0.419640	2.974122	6	55	119	0.003
2.094395	1.134796	2.434290	2	79	120	0.003
-0.523599	2.587733	0.232235	127	75	116	0.003
2.356194	2.587733	0.232235	0	83	121	0.003
-3.141593	1.413430	2.550734	2	75	120	0.003
2.356194	1.413430	2.550734	127	79	119	0.003
-2.094395	1.417623	-0.202254	1	79	115	0.003
2.356194	0.850607	-1.335383	124	77	118	0.003
2.617994	0.850607	-1.335383	2	79	119	0.003
1.308997	0.370812	-2.547742	0	79	120	0.003
1.570796	0.640596	-2.797608	4	84	124	0.003
0.523599	2.979456	-1.009304	127	82	121	0.003
0.785398	2.979456	-1.009304	2	79	126	0.003
1.832596	2.979456	-1.009304	2	74	117	0.003
1.570796	0.831641	0.616218	0	84	115	0.003
-1.832596	2.343981	-1.040456	0	77	125	0.003
1.570796	2.343981	-1.040456	9	75	5	0.003
2.617994	2.343981	-1.040456	2	74	124	0.003
-0.261799	1.998705	2.370472	0	74	125	0.003
-2.094395	1.413347	-1.339188	127	77	122	0.003
0.000000	1.413347	-1.339188	126	85	125	0.003
-1.308997	0.674054	1.013609	2	83	126	0.003
1.308997	0.674054	1.013609	0	77	122	0.003
2.356194	0.906588	1.252948	3	79	124	0.003
-2.094395	1.870545	-2.976234	127	77	114	0.003
-1.047198	1.870545	-2.976234	4	84	119	0.003
1.047198	0.379747	-1.713059	127	77	121	0.003
-1.047198	2.187132	-0.479875	6	74	2	0.003
0.523599	2.187132	-0.479875	125	86	124	0.003
-3.141593	2.299159	2.264663	122	81	120	0.003
-1.047198	0.866395	-2.492918	4	82	112	0.003
0.785398	0.866395	-2.492918	4	76	119	0.003
-1.570796	1.617114	-1.572037	0	74	120	0.003
-0.785398	0.864993	2.278281	2	77	121	0.003
1.308997	2.724429	-0.348782	2	78	124	0.003
-2.094395	1.741644	-2.695914	2	85	118	0.003
-0.523599	1.741644	-2.695914	1	74	115	0.003
1.047198	1.741644	-2.695914	126	77	120	0.003
1.832596	1.741644	-2.695914	8	78	118	0.003
0.523599	2.174483	2.653697	0	77	116	0.003
2.094395	2.174483	2.653697	126	76	120	0.003
0.523599	2.664082	-1.071402	0	77	121	0.003
1.832596	2.664082	-1.071402	0	82	122	0.003
0.523599	2.579248	-2.364801	3	76	122	0.003
0.000000	0.899350	-2.069907	127	78	117	0.003
0.523599	0.899350	-2.069907	3	75	123	0.003
0.785398	2.984978	1.954446	127	77	123	0.003
2.356194	1.766067	2.153843	4	75	122	0.003
-3.141593	1.809167	1.213774	126	77	116	0.003
-2.617994	1.195355	1.200319	127	77	122	0.003
-2.094395	1.195355	1.200319	0	77	121	0.003
0.785398	1.195355	1.200319	126	75	121	0.003
1.832596	1.195355	1.200319	0	82	115	0.003
-0.523599	1.134497	-1.109631	127	79	119	0.003
-1.047198	0.961715	0.014085	0	74	122	0.003
0.523599	0.961715	0.014085	124	85	120	0.003
-3.141593	1.367556	0.358405	0	78	118	0.003
1.047198	1.367556	0.358405	127	78	117	0.003
1.570796	1.440580	2.260026	2	79	120	0.003
0.000000	2.863997	0.549740	125	83	122	0.003
0.261799	2.863997	0.549740	2	77	120	0.003
2.879793	2.863997	0.549740	2	75	125	0.003
-2.879793	1.045978	0.343692	1	76	122	0.003
1.047198	1.045978	0.343692	2	74	122	0.003
1.047198	0.290380	-0.796960	126	85	121	0.003
1.570796	0.290380	-0.796960	127	79	118	0.003
1.832596	0.290380	-0.796960	5	84	124	0.003
1.308997	1.948085	-2.363031	1	74	124	0.003
-2.617994	1.736875	3.023612	4	83	124	0.003
-1.308997	1.736875	3.023612	6	77	120	0.003
-0.785398	1.736875	3.023612	127	75	119	0.003
-0.261799	1.736875	3.023612	0	76	116	0.003
1.047198	1.736875	3.023612	126	85	116	0.003
-2.094395	2.760637	2.781135	2	78	126	0.003
1.047198	1.256302	0.062705	4	77	120	0.003
2.617994	1.256302	0.062705	0	83	116	0.003
-2.617994	2.592629	0.909713	2	75	125	0.003
0.523599	2.592629	0.909713	7	79	123	0.003
2.879793	2.592629	0.909713	126	76	125	0.003
0.523599	2.407836	1.410646	127	74	119	0.003
-1.570796	2.089241	-0.114193	126	82	122	0.003
-0.523599	2.089241	-0.114193	127	77	125	0.003
-3.141593	0.619654	-2.216909	0	76	118	0.003
1.832596	2.456751	-1.503343	127	79	122	0.003
2.356194	2.001437	0.381215	2	77	121	0.003
2.879793	2.001437	0.381215	3	85	121	0.003
-2.094395	2.138223	1.678323	0	74	121	0.003
0.785398	2.138223	1.678323	2	78	126	0.003
-2.879793	1.168678	2.108595	2	76	121	0.003
2.617994	1.168678	2.108595	127	77	120	0.003
2.879793	1.168678	2.108595	1	75	118	0.003
-2.094395	2.180315	-1.357379	4	75	124	0.003
0.261799	2.180315	-1.357379	0	83	0	0.003
-1.832596	2.478122	2.609777	5	79	118	0.003
-3.141593	1.699788	2.452890	125	83	114	0.003
-0.261799	1.699788	2.452890	127	83	125	0.003
2.879793	2.108018	1.311430	125	77	117	0.003
-2.094395	1.488617	1.159546	2	75	121	0.003
0.261799	1.488617	1.159546	0	79	116	0.003
0.523599	1.488617	1.159546	126	77	118	0.003
2.094395	1.488617	1.159546	7	53	122	0.003
-0.523599	1.325504	-1.671296	0	79	122	0.003
-3.141593	1.606104	-0.451151	127	77	117	0.003
2.617994	1.606104	-0.451151	0	78	115	0.003
-2.094395	2.637879	2.121598	125	75	116	0.003
-1.308997	2.637879	2.121598	126	83	118	0.003
2.617994	1.218453	2.777284	122	55	119	0.003
2.879793	1.218453	2.777284	0	73	116	0.003
-0.523599	2.295480	1.008277	126	82	116	0.003
-1.832596	0.203748	0.590255	127	79	120	0.003
-0.523599	0.203748	0.590255	2	78	119	0.003
0.000000	1.510910	-0.740472	126	76	119	0.003
2.879793	0.571433	-1.188419	2	77	119	0.003
-2.094395	0.080730	-2.622036	1	77	118	0.003
-1.832596	0.080730	-2.622036	0	81	124	0.003
0.785398	0.080730	-2.622036	123	85	120	0.003
-3.141593	1.242974	-2.977882	3	77	117	0.003
-0.785398	0.992645	-1.723759	126	78	117	0.003
-1.570796	2.104282	-0.813972	0	79	123	0.003
-2.617994	1.872854	1.543456	0	75	123	0.003
0.523599	1.872854	1.543456	0	83	116	0.003
1.308997	1.872854	1.543456	127	74	120	0.003
-0.523599	0.762244	-0.273349	126	75	122	0.003
1.047198	0.762244	-0.273349	123	85	116	0.003
1.308997	0.762244	-0.273349	1	77	122	0.003
1.832596	0.762244	-0.273349	127	78	116	0.003
2.617994	0.762244	-0.273349	0	76	115	0.003
2.094395	1.050534	3.042579	0	76	119	0.003
2.356194	1.050534	3.042579	126	76	119	0.003
-2.356194	1.721184	-0.153948	125	81	119	0.003
-0.523599	1.721184	-0.153948	3	75	120	0.003
-0.261799	1.721184	-0.153948	0	73	119	0.003
2.356194	1.721184	-0.153948	0	76	119	0.003
2.879793	1.721184	-0.153948	4	77	119	0.003
1.570796	0.733948	3.021411	3	75	118	0.003
2.617994	0.733948	3.021411	3	75	119	0.003
-1.047198	2.588535	-2.976617	1	75	121	0.003
0.000000	2.588535	-2.976617	127	76	116	0.003
0.523599	1.391910	3.030322	0	73	121	0.003
1.047198	1.391910	3.030322	0	77	115	0.003
2.879793	1.391910	3.030322	127	75	119	0.003
2.094395	0.700570	1.559208	2	56	118	0.003
0.785398	1.374601	-2.456031	127	79	122	0.003
1.570796	1.374601	-2.456031	126	79	121	0.003
-1.047198	1.732874	-0.951685	126	85	113	0.003
1.832596	0.960688	-0.577532	1	79	122	0.003
-2.879793	0.910508	1.903534	2	76	124	0.003
-0.523599	0.910508	1.903534	123	53	112	0.003
0.523599	0.910508	1.903534	0	84	124	0.003
2.617994	0.910508	1.903534	5	75	123	0.003
-2.879793	0.929350	-2.910676	3	83	118	0.003
1.047198	0.929350	-2.910676	126	85	120	0.003
0.000000	2.881233	-2.582574	0	79	123	0.003
0.261799	2.881233	-2.582574	127	55	117	0.003
0.523599	2.881233	-2.582574	126	85	122	0.003
-2.879793	1.696674	-1.253233	0	79	120	0.003
-0.785398	1.683268	0.374177	125	85	119	0.003
0.523599	1.683268	0.374177	4	75	126	0.003
2.094395	1.683268	0.374177	2	75	123	0.003
2.617994	2.073035	2.027405	125	85	121	0.003
-3.141593	1.247695	1.809890	3	76	124	0.003
-2.356194	1.301460	-0.509251	1	77	121	0.003
-1.308997	1.301460	-0.509251	1	78	119	0.003
-0.785398	1.301460	-0.509251	2	76	119	0.003
1.570796	1.301460	-0.509251	127	75	120	0.003
-1.308997	0.709924	0.218797	3	81	2	0.003
1.308997	0.709924	0.218797	127	79	120	0.003
1.570796	0.709924	0.218797	3	77	122	0.003
1.832596	0.709924	0.218797	4	75	125	0.003
2.879793	2.379497	0.561089	125	78	121	0.003
1.570796	1.658653	-2.409879	1	78	123	0.003
0.785398	0.418037	1.360082	0	82	124	0.003
-3.141593	0.914445	2.687814	127	78	119	0.003
0.261799	1.135813	-2.658866	0	75	120	0.003
1.308997	1.135813	-2.658866	3	74	123	0.003
-1.047198	2.455966	-0.641220	6	74	123	0.003
0.261799	1.662363	0.915448	2	79	122	0.003
0.000000	2.041297	-2.664597	126	45	116	0.003
1.570796	1.218453	2.777284	126	92	122	0.003
-2.356194	2.164094	-2.991358	3	89	122	0.003
1.047198	2.587733	0.232235	2	56	121	0.003
0.000000	1.417623	-0.202254	3	53	117	0.003
0.000000	1.870545	-2.976234	0	53	115	0.003
1.570796	2.719179	-1.780644	125	55	126	0.003
1.832596	1.809167	1.213774	7	55	1	0.003
2.617994	1.736875	3.023612	126	55	117	0.003
0.000000	2.592629	0.909713	120	55	115	0.003
0.785398	2.108018	1.311430	5	55	126	0.003
-1.308997	1.391910	3.030322	3	55	127	0.003
0.523599	1.374601	-2.456031	3	55	119	0.003
-1.570796	1.732874	-0.951685	0	51	119	0.003
-3.141593	0.910508	1.903534	5	55	118	0.003
-2.617994	0.709924	0.218797	6	55	2	0.003
-2.094395	0.418037	1.360082	0	55	123	0.003
0.523599	0.914445	2.687814	8	53	122	0.003
-1.047198	2.001437	0.381215	0	49	112	0.003
-2.356194	1.555207	1.708892	2	49	120	0.003
1.570796	1.555207	1.708892	0	88	121	0.003
-2.356194	1.450119	-2.739050	127	82	120	0.002
-0.785398	1.450119	-2.739050	4	85	121	0.002
0.785398	1.450119	-2.739050	1	85	119	0.002
-1.570796	2.404280	-0.174044	3	81	122	0.002
0.261799	2.404280	-0.174044	2	81	121	0.002
-0.523599	2.115563	0.685730	2	49	124	0.002
-0.261799	2.115563	0.685730	1	85	124	0.002
2.356194	2.115563	0.685730	127	81	113	0.002
-0.785398	1.756530	-2.105156	8	83	1	0.002
-0.261799	1.756530	-2.105156	121	53	113	0.002
0.000000	1.756530	-2.105156	2	53	116	0.002
2.094395	1.756530	-2.105156	124	77	120	0.002
0.000000	1.869911	2.701025	127	81	117	0.002
0.261799	1.869911	2.701025	127	85	120	0.002
1.047198	1.869911	2.701025	0	93	122	0.002
1.570796	1.869911	2.701025	127	53	117	0.002
1.832596	1.869911	2.701025	1	81	121	0.002
-1.308997	0.458961	-0.107937	3	85	117	0.002
0.785398	0.458961	-0.107937	2	79	123	0.002
-3.141593	1.599406	1.426070	124	85	121	0.002
-0.523599	1.599406	1.426070	126	77	121	0.002
0.523599	1.599406	1.426070	127	83	124	0.002
0.785398	1.599406	1.426070	6	83	126	0.002
1.308997	1.599406	1.426070	0	54	127	0.002
2.356194	1.599406	1.426070	0	79	113	0.002
-2.879793	1.554776	0.100351	127	74	0	0.002
-1.570796	1.554776	0.100351	0	82	116	0.002
-1.308997	1.554776	0.100351	9	79	121	0.002
1.047198	1.554776	0.100351	123	74	116	0.002
1.570796	1.554776	0.100351	8	86	116	0.002
2.879793	1.554776	0.100351	3	77	0	0.002
-2.617994	0.618092	2.539118	6	83	5	0.002
-0.523599	0.618092	2.539118	8	82	127	0.002
0.000000	0.618092	2.539118	124	53	112	0.002
1.570796	0.618092	2.539118	10	85	3	0.002
2.094395	0.618092	2.539118	0	83	125	0.002
-2.094395	1.846342	-1.796954	2	79	1	0.002
-1.570796	1.846342	-1.796954	2	82	126	0.002
-0.785398	1.846342	-1.796954	126	73	121	0.002
0.261799	1.846342	-1.796954	9	82	0	0.002
1.047198	1.846342	-1.796954	3	75	2	0.002
1.308997	1.846342	-1.796954	5	81	126	0.002
2.094395	1.846342	-1.796954	6	77	120	0.002
-0.785398	0.615174	-0.666022	9	77	11	0.002
1.832596	0.615174	-0.666022	5	78	127	0.002
2.094395	0.615174	-0.666022	125	77	111	0.002
2.879793	0.615174	-0.666022	124	56	120	0.002
-2.356194	2.393226	1.857173	3	83	126	0.002
1.047198	2.393226	1.857173	125	82	124	0.002
2.094395	2.393226	1.857173	0	85	125	0.002
-3.141593	1.569311	-3.003978	127	79	122	0.002
1.308997	1.569311	-3.003978	127	86	117	0.002
1.832596	1.569311	-3.003978	9	77	126	0.002
2.094395	1.569311	-3.003978	6	55	124	0.002
-1.308997	0.419640	2.974122	1	77	123	0.002
1.832596	0.419640	2.974122	127	83	117	0.002
2.094395	0.419640	2.974122	9	84	3	0.002
-2.879793	1.134796	2.434290	127	85	118	0.002
-0.261799	1.134796	2.434290	6	84	118	0.002
0.000000	1.134796	2.434290	122	77	117	0.002
0.523599	1.134796	2.434290	0	83	127	0.002
1.832596	1.134796	2.434290	8	83	123	0.002
2.356194	1.134796	2.434290	0	81	119	0.002
-3.141593	1.574060	2.783565	6	82	115	0.002
-2.879793	1.574060	2.783565	3	85	124	0.002
-1.308997	1.574060	2.783565	4	81	123	0.002
-1.047198	1.574060	2.783565	0	80	120	0.002
1.047198	1.574060	2.783565	126	84	127	0.002
2.879793	1.574060	2.783565	120	77	112	0.002
-1.047198	2.587733	0.232235	0	86	123	0.002
1.308997	2.587733	0.232235	123	83	122	0.002
-2.617994	1.413430	2.550734	5	81	126	0.002
0.523599	1.413430	2.550734	3	76	1	0.002
1.832596	1.413430	2.550734	6	86	123	0.002
2.094395	1.413430	2.550734	0	54	118	0.002
2.879793	1.413430	2.550734	127	82	115	0.002
-2.617994	1.417623	-0.202254	4	79	117	0.002
-1.832596	1.417623	-0.202254	2	79	120	0.002
-0.523599	1.417623	-0.202254	125	85	122	0.002
1.047198	1.417623	-0.202254	0	83	122	0.002
1.308997	1.417623	-0.202254	3	83	122	0.002
2.879793	0.850607	-1.335383	1	77	114	0.002
-2.879793	0.370812	-2.547742	3	83	125	0.002
-2.617994	0.370812	-2.547742	7	76	127	0.002
-1.308997	0.370812	-2.547742	125	83	117	0.002
-0.785398	0.370812	-2.547742	8	77	124	0.002
0.261799	0.370812	-2.547742	6	84	126	0.002
2.879793	0.370812	-2.547742	0	84	121	0.002
-1.047198	0.640596	-2.797608	3	84	116	0.002
1.832596	0.640596	-2.797608	2	85	127	0.002
2.879793	0.640596	-2.797608	3	79	4	0.002
-2.356194	2.979456	-1.009304	121	77	117	0.002
-0.785398	2.979456	-1.009304	3	86	1	0.002
0.000000	2.979456	-1.009304	1	79	119	0.002
1.047198	2.979456	-1.009304	0	53	123	0.002
1.308997	2.979456	-1.009304	8	81	1	0.002
2.094395	2.979456	-1.009304	122	77	120	0.002
2.879793	2.979456	-1.009304	124	85	122	0.002
-1.570796	0.831641	0.616218	1	74	118	0.002
0.261799	0.831641	0.616218	124	82	118	0.002
0.523599	0.831641	0.616218	125	86	120	0.002
2.879793	0.831641	0.616218	125	79	115	0.002
-2.094395	2.343981	-1.040456	1	55	126	0.002
2.356194	2.343981	-1.040456	1	85	127	0.002
-2.094395	1.998705	2.370472	127	78	122	0.002
-0.523599	1.998705	2.370472	9	75	125	0.002
0.000000	1.998705	2.370472	16	79	121	0.002
2.617994	1.998705	2.370472	5	55	120	0.002
-2.617994	1.413347	-1.339188	124	55	116	0.002
1.832596	1.413347	-1.339188	5	74	121	0.002
2.094395	1.413347	-1.339188	8	85	123	0.002
-3.141593	0.674054	1.013609	1	79	120	0.002
-1.570796	0.674054	1.013609	0	85	120	0.002
0.261799	0.674054	1.013609	6	75	5	0.002
0.785398	0.674054	1.013609	5	55	127	0.002
-3.141593	0.906588	1.252948	127	79	114	0.002
-2.879793	0.906588	1.252948	2	79	125	0.002
-2.356194	0.906588	1.252948	10	84	0	0.002
-1.308997	0.906588	1.252948	9	79	4	0.002
0.261799	0.906588	1.252948	126	83	115	0.002
0.523599	0.906588	1.252948	7	77	113	0.002
0.785398	0.906588	1.252948	5	76	121	0.002
1.047198	0.906588	1.252948	127	80	123	0.002
1.832596	0.906588	1.252948	3	83	124	0.002
2.094395	0.906588	1.252948	127	83	118	0.002
2.617994	0.906588	1.252948	9	74	8	0.002
-0.785398	1.335669	0.897240	8	77	1	0.002
0.523599	1.335669	0.897240	0	84	1	0.002
1.308997	1.335669	0.897240	13	81	122	0.002
1.832596	1.335669	0.897240	122	42	114	0.002
-1.832596	1.870545	-2.976234	10	85	2	0.002
-1.570796	1.870545	-2.976234	9	85	127	0.002
-0.523599	1.870545	-2.976234	9	82	120	0.002
-2.617994	2.164094	-2.991358	6	83	119	0.002
-1.047198	2.164094	-2.991358	0	79	126	0.002
1.308997	2.164094	-2.991358	6	79	123	0.002
2.094395	2.164094	-2.991358	127	81	119	0.002
-1.047198	0.379747	-1.713059	5	55	115	0.002
-0.785398	0.379747	-1.713059	124	75	124	0.002
-0.261799	0.379747	-1.713059	127	76	126	0.002
0.261799	0.379747	-1.713059	9	75	126	0.002
0.785398	0.379747	-1.713059	9	53	120	0.002
-1.308997	2.187132	-0.479875	0	83	125	0.002
-0.785398	2.187132	-0.479875	2	84	121	0.002
-0.261799	2.187132	-0.479875	9	77	127	0.002
2.879793	2.187132	-0.479875	124	82	114	0.002
-1.308997	0.866955	-0.931351	9	83	125	0.002
-0.261799	0.866955	-0.931351	123	79	119	0.002
1.832596	0.866955	-0.931351	0	85	120	0.002
2.879793	0.866955	-0.931351	121	83	114	0.002
-1.047198	2.299159	2.264663	127	85	121	0.002
-0.261799	2.299159	2.264663	9	76	125	0.002
1.832596	2.299159	2.264663	2	85	121	0.002
2.356194	2.299159	2.264663	126	77	120	0.002
-2.356194	1.812176	0.656819	127	82	127	0.002
-1.047198	1.812176	0.656819	6	85	0	0.002
0.785398	1.812176	0.656819	126	83	116	0.002
1.832596	1.812176	0.656819	126	84	119	0.002
2.094395	1.812176	0.656819	0	81	119	0.002
2.356194	1.812176	0.656819	4	74	127	0.002
1.047198	2.719179	-1.780644	0	53	117	0.002
-2.617994	2.396274	-1.959260	8	77	119	0.002
-0.785398	2.396274	-1.959260	0	81	117	0.002
2.617994	2.396274	-1.959260	124	54	120	0.002
-2.879793	0.866395	-2.492918	2	85	118	0.002
-1.570796	0.866395	-2.492918	1	81	118	0.002
-0.523599	0.866395	-2.492918	122	81	112	0.002
-0.261799	0.866395	-2.492918	126	83	121	0.002
0.000000	0.866395	-2.492918	126	85	123	0.002
0.523599	0.866395	-2.492918	6	83	125	0.002
1.047198	0.866395	-2.492918	125	82	117	0.002
1.308997	0.866395	-2.492918	123	74	117	0.002
2.617994	0.866395	-2.492918	0	82	121	0.002
0.000000	1.617114	-1.572037	126	82	120	0.002
0.785398	1.617114	-1.572037	8	52	122	0.002
1.047198	1.617114	-1.572037	8	55	126	0.002
-3.141593	0.864993	2.278281	2	77	4	0.002
-2.617994	0.864993	2.278281	0	83	111	0.002
-2.356194	0.864993	2.278281	5	83	2	0.002
0.523599	0.864993	2.278281	125	85	125	0.002
1.047198	0.864993	2.278281	6	42	5	0.002
2.617994	0.864993	2.278281	7	85	121	0.002
-2.617994	1.014500	0.906702	127	77	111	0.002
-2.356194	1.014500	0.906702	6	76	127	0.002
-2.094395	1.014500	0.906702	10	77	1	0.002
0.261799	1.014500	0.906702	2	77	125	0.002
0.785398	1.014500	0.906702	1	90	116	0.002
1.047198	1.014500	0.906702	6	79	125	0.002
2.356194	1.014500	0.906702	9	82	127	0.002
2.617994	1.014500	0.906702	1	86	123	0.002
2.879793	1.014500	0.906702	125	85	122	0.002
-1.308997	2.247462	0.191623	124	75	114	0.002
0.261799	2.247462	0.191623	4	82	119	0.002
0.785398	2.247462	0.191623	0	77	113	0.002
2.879793	2.247462	0.191623	9	75	124	0.002
-2.094395	2.724429	-0.348782	2	85	123	0.002
-1.047198	2.724429	-0.348782	126	74	112	0.002
-2.617994	1.194549	-0.801900	2	76	115	0.002
-2.094395	1.194549	-0.801900	1	83	121	0.002
-1.832596	1.194549	-0.801900	125	86	119	0.002
-1.570796	1.194549	-0.801900	124	55	112	0.002
0.000000	1.194549	-0.801900	125	86	119	0.002
1.308997	1.194549	-0.801900	1	80	125	0.002
2.617994	1.194549	-0.801900	0	81	0	0.002
2.879793	1.194549	-0.801900	124	75	118	0.002
-2.356194	1.504028	0.636812	2	53	121	0.002
1.047198	1.504028	0.636812	1	80	124	0.002
1.832596	1.504028	0.636812	0	79	116	0.002
2.094395	1.504028	0.636812	1	85	121	0.002
-2.356194	1.741644	-2.695914	7	77	125	0.002
-1.570796	1.741644	-2.695914	127	81	122	0.002
-0.785398	1.741644	-2.695914	2	81	123	0.002
-1.832596	2.174483	2.653697	0	84	112	0.002
-1.047198	2.174483	2.653697	6	81	120	0.002
-0.785398	2.174483	2.653697	0	83	116	0.002
-0.523599	2.174483	2.653697	2	83	118	0.002
2.617994	2.174483	2.653697	119	86	123	0.002
2.879793	2.174483	2.653697	3	84	118	0.002
-2.879793	2.664082	-1.071402	0	79	117	0.002
-2.617994	2.664082	-1.071402	2	77	0	0.002
-1.832596	2.664082	-1.071402	4	79	127	0.002
-1.570796	2.664082	-1.071402	125	85	116	0.002
1.047198	2.664082	-1.071402	3	83	125	0.002
1.308997	2.664082	-1.071402	0	55	122	0.002
2.617994	2.664082	-1.071402	2	77	111	0.002
-1.308997	2.579248	-2.364801	125	78	117	0.002
1.047198	2.579248	-2.364801	4	54	125	0.002
2.879793	2.579248	-2.364801	9	76	123	0.002
-2.356194	0.899350	-2.069907	126	82	125	0.002
-1.832596	0.899350	-2.069907	0	82	119	0.002
1.570796	0.899350	-2.069907	127	77	124	0.002
-3.141593	2.984978	1.954446	122	83	122	0.002
-2.617994	2.984978	1.954446	122	84	111	0.002
-2.094395	2.984978	1.954446	0	81	116	0.002
-1.832596	2.984978	1.954446	127	80	127	0.002
-1.308997	2.984978	1.954446	4	81	2	0.002
-0.261799	2.984978	1.954446	2	82	122	0.002
0.000000	2.984978	1.954446	125	79	124	0.002
1.832596	2.984978	1.954446	0	84	116	0.002
2.094395	2.984978	1.954446	127	81	127	0.002
2.356194	2.984978	1.954446	5	74	3	0.002
-2.617994	1.766067	2.153843	3	76	124	0.002
0.000000	1.766067	2.153843	5	84	118	0.002
0.261799	1.766067	2.153843	127	81	121	0.002
0.523599	1.766067	2.153843	4	79	121	0.002
0.785398	1.766067	2.153843	8	75	5	0.002
1.308997	1.766067	2.153843	10	74	125	0.002
1.832596	1.766067	2.153843	122	83	115	0.002
2.879793	1.766067	2.153843	1	82	119	0.002
0.523599	1.809167	1.213774	2	83	3	0.002
0.785398	1.809167	1.213774	123	86	123	0.002
1.308997	1.809167	1.213774	2	85	2	0.002
-1.047198	1.135834	-1.431087	2	86	120	0.002
1.047198	1.135834	-1.431087	126	85	118	0.002
1.570796	1.135834	-1.431087	1	85	122	0.002
2.356194	1.135834	-1.431087	1	80	124	0.002
-0.523599	1.909857	-0.381669	2	79	121	0.002
-0.261799	1.909857	-0.381669	6	85	118	0.002
-2.356194	1.195355	1.200319	127	79	124	0.002
-1.832596	1.195355	1.200319	9	55	0	0.002
-0.261799	1.195355	1.200319	1	79	118	0.002
1.047198	1.195355	1.200319	6	49	9	0.002
1.308997	1.195355	1.200319	127	56	118	0.002
2.094395	1.195355	1.200319	122	75	118	0.002
-3.141593	1.310100	1.488307	127	82	124	0.002
1.308997	1.310100	1.488307	10	89	0	0.002
2.094395	1.310100	1.488307	3	82	117	0.002
2.617994	1.310100	1.488307	4	55	121	0.002
2.879793	1.310100	1.488307	3	78	1	0.002
-2.356194	2.153910	-1.714959	122	78	120	0.002
-0.785398	2.153910	-1.714959	9	52	0	0.002
0.261799	2.153910	-1.714959	122	75	118	0.002
0.785398	2.153910	-1.714959	1	85	123	0.002
1.308997	2.153910	-1.714959	6	49	123	0.002
1.570796	2.153910	-1.714959	123	79	120	0.002
2.094395	2.153910	-1.714959	122	83	122	0.002
0.000000	1.134497	-1.109631	0	83	120	0.002
0.523599	1.134497	-1.109631	123	79	121	0.002
2.356194	1.134497	-1.109631	7	79	121	0.002
2.879793	1.134497	-1.109631	9	77	125	0.002
-1.570796	0.961715	0.014085	1	77	0	0.002
-0.785398	0.961715	0.014085	126	79	116	0.002
1.047198	0.961715	0.014085	9	77	3	0.002
1.570796	0.961715	0.014085	121	53	121	0.002
1.832596	0.961715	0.014085	3	84	123	0.002
2.879793	0.961715	0.014085	0	73	122	0.002
-2.879793	1.367556	0.358405	7	75	125	0.002
-2.617994	1.367556	0.358405	6	80	123	0.002
-1.308997	1.367556	0.358405	0	83	118	0.002
-0.523599	1.367556	0.358405	3	79	126	0.002
0.523599	1.367556	0.358405	0	85	117	0.002
1.570796	1.367556	0.358405	1	53	124	0.002
2.094395	1.367556	0.358405	0	81	122	0.002
2.879793	1.367556	0.358405	0	55	122	0.002
-2.617994	2.041297	-2.664597	7	84	0	0.002
-1.832596	2.041297	-2.664597	127	83	1	0.002
-0.785398	2.041297	-2.664597	123	77	115	0.002
1.308997	2.041297	-2.664597	126	81	114	0.002
-2.094395	1.045978	0.343692	6	77	116	0.002
-1.570796	1.045978	0.343692	0	81	120	0.002
0.261799	1.045978	0.343692	6	77	119	0.002
0.523599	1.045978	0.343692	0	55	116	0.002
0.785398	1.045978	0.343692	126	78	121	0.002
1.832596	1.045978	0.343692	8	84	2	0.002
-2.879793	0.290380	-0.796960	0	85	119	0.002
-0.261799	0.290380	-0.796960	0	79	123	0.002
1.308997	0.290380	-0.796960	10	55	2	0.002
2.879793	0.290380	-0.796960	126	85	122	0.002
-1.308997	1.545873	-1.877082	122	85	115	0.002
-1.047198	1.545873	-1.877082	7	79	123	0.002
-0.523599	1.545873	-1.877082	2	89	118	0.002
0.000000	1.545873	-1.877082	125	81	117	0.002
0.523599	1.545873	-1.877082	3	86	123	0.002
2.356194	1.545873	-1.877082	124	80	118	0.002
-0.261799	2.356369	3.005869	1	84	117	0.002
0.523599	2.356369	3.005869	121	79	119	0.002
-1.832596	1.836682	-0.676006	7	79	125	0.002
-1.047198	1.836682	-0.676006	8	84	2	0.002
-0.785398	1.836682	-0.676006	9	55	126	0.002
0.523599	1.836682	-0.676006	7	77	117	0.002
-2.617994	1.948085	-2.363031	8	77	124	0.002
0.000000	1.948085	-2.363031	8	52	127	0.002
0.785398	1.948085	-2.363031	124	83	125	0.002
1.047198	1.948085	-2.363031	0	83	125	0.002
2.094395	1.948085	-2.363031	7	83	127	0.002
-1.832596	1.736875	3.023612	3	83	119	0.002
0.261799	1.736875	3.023612	0	78	122	0.002
1.308997	1.736875	3.023612	0	54	115	0.002
1.832596	1.736875	3.023612	125	85	120	0.002
2.879793	1.736875	3.023612	9	83	125	0.002
-2.879793	0.591903	2.010408	124	85	115	0.002
-0.523599	0.591903	2.010408	6	75	3	0.002
1.570796	0.591903	2.010408	2	53	126	0.002
2.094395	0.591903	2.010408	0	85	125	0.002
-2.879793	2.760637	2.781135	2	77	117	0.002
-2.356194	2.760637	2.781135	4	84	0	0.002
-1.832596	2.760637	2.781135	2	85	116	0.002
-0.785398	2.760637	2.781135	125	79	114	0.002
-0.261799	2.760637	2.781135	0	86	121	0.002
0.000000	2.760637	2.781135	5	85	121	0.002
0.785398	2.760637	2.781135	0	82	116	0.002
1.047198	2.760637	2.781135	127	82	118	0.002
1.832596	2.760637	2.781135	3	83	126	0.002
2.356194	2.760637	2.781135	2	83	122	0.002
-2.879793	1.256302	0.062705	10	75	123	0.002
-2.094395	1.256302	0.062705	127	83	117	0.002
1.570796	1.256302	0.062705	3	81	119	0.002
1.832596	1.256302	0.062705	125	55	121	0.002
2.094395	2.592629	0.909713	126	79	123	0.002
2.356194	2.592629	0.909713	126	79	126	0.002
-1.308997	1.113094	-0.272241	126	73	123	0.002
-1.047198	1.113094	-0.272241	3	79	121	0.002
-0.785398	1.113094	-0.272241	123	85	116	0.002
1.570796	1.113094	-0.272241	2	55	119	0.002
0.785398	2.407836	1.410646	127	80	122	0.002
2.879793	2.407836	1.410646	124	79	119	0.002
-3.141593	2.089241	-0.114193	8	81	126	0.002
-0.261799	2.089241	-0.114193	1	55	123	0.002
-2.094395	0.619654	-2.216909	9	53	6	0.002
-0.261799	0.619654	-2.216909	1	76	116	0.002
0.785398	0.619654	-2.216909	125	77	117	0.002
2.094395	0.619654	-2.216909	127	56	117	0.002
2.356194	0.619654	-2.216909	2	79	127	0.002
2.617994	0.619654	-2.216909	5	85	2	0.002
-3.141593	2.456751	-1.503343	126	77	118	0.002
-2.094395	2.456751	-1.503343	9	77	4	0.002
-0.523599	2.456751	-1.503343	123	53	115	0.002
-0.261799	2.456751	-1.503343	121	83	118	0.002
1.308997	2.456751	-1.503343	127	75	0	0.002
0.261799	2.001437	0.381215	3	84	119	0.002
2.094395	2.001437	0.381215	1	86	120	0.002
2.617994	2.001437	0.381215	8	85	4	0.002
0.261799	2.138223	1.678323	127	83	119	0.002
2.094395	2.138223	1.678323	124	53	115	0.002
2.617994	2.138223	1.678323	6	79	127	0.002
-1.308997	2.349581	-2.702517	6	55	117	0.002
-0.785398	2.349581	-2.702517	9	75	2	0.002
1.047198	2.349581	-2.702517	0	54	119	0.002
-2.094395	1.168678	2.108595	0	81	120	0.002
-0.523599	1.168678	2.108595	12	75	7	0.002
-0.261799	1.168678	2.108595	127	79	125	0.002
0.000000	1.168678	2.108595	10	77	6	0.002
1.047198	1.168678	2.108595	8	55	5	0.002
2.094395	1.168678	2.108595	2	83	119	0.002
-2.356194	2.180315	-1.357379	6	79	2	0.002
-1.570796	2.180315	-1.357379	5	91	124	0.002
-1.308997	2.180315	-1.357379	8	84	117	0.002
0.523599	2.180315	-1.357379	1	85	122	0.002
0.785398	2.180315	-1.357379	0	79	118	0.002
1.570796	2.180315	-1.357379	6	84	126	0.002
2.094395	2.180315	-1.357379	3	81	4	0.002
-2.094395	2.478122	2.609777	119	75	118	0.002
-1.308997	2.478122	2.609777	2	79	118	0.002
-1.047198	2.478122	2.609777	0	85	122	0.002
-0.785398	2.478122	2.609777	125	74	121	0.002
0.523599	1.699788	2.452890	8	76	125	0.002
-2.356194	1.184361	0.625864	126	75	114	0.002
0.523599	1.184361	0.625864	125	86	118	0.002
-3.141593	2.108018	1.311430	6	81	125	0.002
0.261799	2.108018	1.311430	11	84	127	0.002
-2.879793	1.488617	1.159546	125	78	116	0.002
0.785398	1.488617	1.159546	11	54	127	0.002
1.570796	1.488617	1.159546	0	81	122	0.002
1.832596	1.488617	1.159546	127	77	123	0.002
2.356194	1.488617	1.159546	5	83	127	0.002
2.617994	1.488617	1.159546	1	81	122	0.002
-2.879793	1.325504	-1.671296	125	84	119	0.002
-1.570796	1.325504	-1.671296	1	79	119	0.002
-0.261799	1.325504	-1.671296	3	79	123	0.002
0.000000	1.325504	-1.671296	0	79	123	0.002
2.356194	1.325504	-1.671296	15	75	120	0.002
-0.523599	1.606104	-0.451151	6	79	122	0.002
1.832596	1.606104	-0.451151	127	83	119	0.002
2.356194	1.606104	-0.451151	0	83	0	0.002
-3.141593	1.506530	1.988858	0	81	123	0.002
-2.356194	1.506530	1.988858	0	86	120	0.002
-2.094395	1.506530	1.988858	6	85	127	0.002
-0.523599	1.506530	1.988858	125	85	124	0.002
-0.261799	1.506530	1.988858	1	78	1	0.002
0.785398	1.506530	1.988858	8	76	116	0.002
1.047198	1.506530	1.988858	3	53	3	0.002
1.308997	1.506530	1.988858	3	55	127	0.002
2.094395	1.506530	1.988858	127	81	119	0.002
0.523599	1.977582	0.969896	122	84	122	0.002
1.308997	1.977582	0.969896	9	79	124	0.002
2.094395	1.977582	0.969896	125	85	119	0.002
-0.523599	2.637879	2.121598	5	85	122	0.002
1.308997	2.637879	2.121598	2	82	125	0.002
1.570796	2.637879	2.121598	0	76	127	0.002
2.356194	2.637879	2.121598	0	74	124	0.002
2.617994	2.637879	2.121598	3	80	121	0.002
-3.141593	1.218453	2.777284	11	82	122	0.002
-2.356194	1.218453	2.777284	124	78	116	0.002
-0.261799	1.218453	2.777284	121	79	116	0.002
0.261799	1.218453	2.777284	2	84	119	0.002
1.308997	1.218453	2.777284	124	83	124	0.002
2.094395	1.218453	2.777284	3	84	114	0.002
2.356194	1.218453	2.777284	6	79	120	0.002
2.617994	1.555207	1.708892	4	79	1	0.002
-2.879793	2.295480	1.008277	125	85	118	0.002
1.308997	2.295480	1.008277	124	75	119	0.002
-2.356194	0.203748	0.590255	3	81	125	0.002
-2.094395	0.203748	0.590255	5	77	121	0.002
-0.785398	0.203748	0.590255	0	81	116	0.002
-0.261799	0.203748	0.590255	2	83	115	0.002
0.000000	0.203748	0.590255	3	81	120	0.002
0.261799	0.203748	0.590255	6	81	125	0.002
-3.141593	1.510910	-0.740472	3	79	118	0.002
