112	1.2	0
-3.141593	2.979456	-1.009304
0.000000	0.000000	0.000000
model.B99990002.pdb	-28.922	24.066	-55.239
1iob.pdb	15.932	13.567	1.186
1.047198	2.984978	1.954446	104	96	89	5.233
1.570796	1.812176	0.656819	38	102	8	5.167
0.523599	2.704512	1.488683	105	94	91	4.581
0.261799	2.138223	1.678323	102	93	95	4.353
-1.308997	2.664082	-1.071402	105	95	90	4.222
1.832596	1.812176	0.656819	38	106	8	3.995
1.308997	2.478122	2.609777	109	99	86	3.833
-1.308997	2.153910	-1.714959	103	95	90	3.767
0.261799	0.379747	-1.713059	33	100	14	3.701
-3.141593	0.203748	0.590255	25	97	18	3.606
0.523599	1.168678	2.108595	36	99	19	3.511
1.832596	2.760637	2.781135	109	99	86	3.474
-0.261799	1.194549	-0.801900	27	92	12	3.408
0.000000	1.194549	-0.801900	30	94	12	3.408
1.832596	2.247462	0.191623	38	110	3	3.312
1.308997	0.733948	3.021411	37	98	6	3.247
0.261799	1.168678	2.108595	32	95	20	3.218
0.261799	0.850607	-1.335383	34	98	11	3.115
0.261799	1.135834	-1.431087	36	97	6	3.086
-1.308997	1.658653	-2.409879	99	98	90	3.086
1.047198	0.866395	-2.492918	39	101	3	3.019
1.047198	1.555207	1.708892	104	109	82	2.924
1.570796	2.247462	0.191623	39	107	3	2.792
0.523599	1.325504	-1.671296	36	98	3	2.756
2.356194	1.025536	1.576859	36	105	12	2.726
2.356194	1.014500	0.906702	31	106	17	2.726
2.617994	1.195355	1.200319	34	110	14	2.726
1.832596	0.709924	0.218797	38	5	10	2.726
0.000000	1.168678	2.108595	30	93	20	2.697
2.356194	0.906588	1.252948	33	104	15	2.660
0.523599	0.619654	-2.216909	34	96	9	2.595
-1.570796	2.396274	-1.959260	105	99	87	2.594
0.000000	2.863997	0.549740	107	93	91	2.594
1.047198	0.419640	2.974122	31	94	11	2.594
-1.570796	2.456751	-1.503343	103	97	89	2.594
1.570796	2.478122	2.609777	111	98	86	2.565
1.047198	2.637879	2.121598	107	95	88	2.565
1.832596	1.736875	3.023612	31	105	90	2.565
-2.879793	0.960688	-0.577532	42	105	13	2.565
2.356194	0.591903	2.010408	36	104	13	2.499
0.785398	2.637879	2.121598	105	96	89	2.433
1.308997	1.812176	0.656819	36	98	8	2.433
1.047198	1.168678	2.108595	36	105	20	2.404
1.047198	0.370812	-2.547742	35	101	11	2.301
2.356194	0.700570	1.559208	34	102	15	2.272
0.000000	2.719179	-1.780644	28	91	15	2.272
1.308997	2.724429	-0.348782	24	88	11	2.272
0.000000	1.836682	-0.676006	31	92	5	2.206
-1.570796	2.979456	-1.009304	104	96	89	2.206
2.094395	0.700570	1.559208	32	100	15	2.206
0.785398	2.138223	1.678323	110	92	95	2.140
2.094395	2.760637	2.781135	110	99	86	2.140
0.523599	2.108018	1.311430	108	90	99	2.140
-0.261799	1.413430	2.550734	98	95	97	2.140
-1.570796	1.948085	-2.363031	100	101	87	2.111
1.832596	1.569311	-3.003978	32	107	91	2.111
2.094395	1.214854	-1.966664	43	102	9	2.111
1.832596	0.591903	2.010408	33	98	13	2.074
0.000000	0.379747	-1.713059	31	97	14	2.074
-0.261799	1.699788	2.452890	98	96	94	2.074
-0.261799	0.619654	-2.216909	24	90	9	2.074
2.094395	1.736875	3.023612	31	108	90	2.045
-0.261799	1.218453	2.777284	99	93	97	2.045
-1.570796	1.658653	-2.409879	97	101	90	2.045
-0.523599	2.724429	-0.348782	109	92	92	2.008
-0.785398	2.579248	-2.364801	28	90	13	1.979
2.617994	1.869911	2.701025	31	110	91	1.979
1.047198	2.393226	1.857173	111	93	91	1.979
-0.261799	2.456751	-1.503343	97	102	84	1.979
-2.094395	2.349581	-2.702517	17	0	28	1.950
1.570796	1.736875	3.023612	30	102	90	1.913
0.785398	2.393226	1.857173	108	94	91	1.913
0.523599	0.866395	-2.492918	34	94	3	1.913
0.000000	0.866955	-0.931351	102	85	104	1.884
-1.308997	0.619654	-2.216909	38	97	15	1.847
-1.570796	2.153910	-1.714959	101	98	90	1.847
0.523599	2.393226	1.857173	105	94	91	1.847
2.356194	1.310100	1.488307	38	107	10	1.818
1.047198	2.033014	2.977192	24	98	87	1.818
-0.261799	1.433411	-1.035986	97	90	93	1.818
0.785398	2.033014	2.977192	22	97	87	1.818
2.356194	1.869911	2.701025	31	109	90	1.817
0.523599	1.510910	-0.740472	37	100	8	1.817
-1.047198	2.664082	-1.071402	108	94	90	1.781
1.308997	2.637879	2.121598	110	95	88	1.752
-1.308997	2.579248	-2.364801	20	89	13	1.752
1.308997	1.683268	0.374177	36	100	12	1.752
2.879793	2.104282	-0.813972	21	8	79	1.722
2.094395	1.617114	-1.572037	34	100	10	1.722
-2.094395	2.153910	-1.714959	33	96	15	1.686
1.832596	0.906588	1.252948	31	99	15	1.686
0.785398	2.089241	-0.114193	37	97	4	1.685
1.570796	1.872854	1.543456	100	102	85	1.685
1.308997	0.370812	-2.547742	37	105	11	1.685
-0.523599	2.588535	-2.976617	94	92	92	1.656
-1.047198	1.683268	0.374177	99	90	89	1.656
0.000000	1.433411	-1.035986	100	87	94	1.656
0.261799	2.664082	-1.071402	101	104	80	1.656
0.523599	2.979456	-1.009304	99	108	81	1.656
1.832596	0.297065	2.160177	30	97	14	1.620
1.570796	1.310100	1.488307	33	95	10	1.620
0.261799	0.370812	-2.547742	29	93	11	1.620
0.523599	0.080730	-2.622036	29	96	15	1.620
-1.047198	1.417623	-0.202254	93	95	91	1.590
-2.094395	2.478122	2.609777	35	96	15	1.590
-0.261799	0.992645	-1.723759	27	90	7	1.553
2.356194	0.685216	-1.712745	39	105	15	1.524
0.261799	1.440580	2.260026	32	91	16	1.524
0.261799	2.251330	-2.330739	102	87	93	1.524
0.785398	0.370812	-2.547742	33	97	11	1.488
0.523599	2.138223	1.678323	107	91	96	1.488
0.785398	0.866395	-2.492918	36	97	4	1.487
-0.785398	1.128190	-2.288622	35	100	19	1.487
1.047198	1.736875	3.023612	27	97	90	1.458
2.094395	0.619654	-2.216909	35	99	19	1.458
1.308997	1.721184	-0.153948	38	106	9	1.458
0.000000	1.574060	2.783565	102	93	93	1.458
0.261799	2.343981	-1.040456	104	98	82	1.458
2.879793	0.080730	-2.622036	30	97	21	1.458
2.356194	0.290380	-0.796960	36	1	17	1.458
0.261799	1.194549	-0.801900	34	99	12	1.458
-0.261799	1.574060	2.783565	99	95	93	1.458
1.832596	1.721184	-0.153948	75	6	103	1.429
0.000000	1.413430	2.550734	102	92	96	1.392
1.308997	0.419640	2.974122	35	98	10	1.392
2.094395	0.418037	1.360082	27	97	17	1.392
1.832596	1.504028	0.636812	36	105	12	1.392
1.047198	0.640596	-2.797608	37	99	6	1.392
-0.523599	0.379747	-1.713059	26	93	14	1.392
-1.832596	1.870545	-2.976234	38	97	7	1.392
0.523599	0.685216	-1.712745	36	100	10	1.392
-3.141593	1.433411	-1.035986	28	2	32	1.363
-1.308997	2.455966	-0.641220	24	6	30	1.363
-1.832596	1.875281	0.107086	93	104	85	1.363
-0.261799	2.881233	-2.582574	96	97	85	1.363
1.570796	1.014500	0.906702	40	7	9	1.363
-0.523599	0.370812	-2.547742	17	91	12	1.326
0.261799	2.407836	1.410646	104	92	94	1.326
-1.832596	2.719179	-1.780644	106	98	87	1.326
0.523599	1.135834	-1.431087	37	100	7	1.326
0.523599	2.073035	2.027405	106	92	93	1.326
-0.523599	1.574060	2.783565	98	97	93	1.326
1.832596	0.700570	1.559208	30	97	15	1.326
2.094395	1.569311	-3.003978	31	110	91	1.297
0.785398	1.448123	-2.163292	24	83	8	1.297
1.832596	2.587733	0.232235	38	108	110	1.297
2.879793	1.982574	-1.115518	26	10	82	1.268
2.617994	1.982574	-1.115518	28	7	82	1.268
-3.141593	1.982574	-1.115518	23	13	82	1.268
-1.308997	2.456751	-1.503343	106	95	90	1.260
0.000000	1.699788	2.452890	101	94	94	1.260
2.094395	0.591903	2.010408	34	101	13	1.260
1.047198	1.135834	-1.431087	32	85	4	1.231
0.261799	0.700570	1.559208	35	100	19	1.231
-0.261799	2.180315	-1.357379	97	98	85	1.231
-0.261799	1.134497	-1.109631	30	93	10	1.231
2.356194	1.736875	3.023612	30	111	90	1.231
1.832596	0.290380	-0.796960	38	104	17	1.231
-2.094395	2.588535	-2.976617	30	96	18	1.231
1.570796	1.870545	-2.976234	29	104	88	1.231
2.356194	1.599406	1.426070	39	108	7	1.231
2.879793	2.592629	0.909713	32	88	0	1.231
-0.261799	1.736875	3.023612	28	94	11	1.202
2.094395	1.554776	0.100351	27	15	88	1.202
0.785398	1.134796	2.434290	34	99	22	1.202
1.047198	1.134796	2.434290	35	102	22	1.202
1.832596	2.001437	0.381215	24	12	83	1.202
1.570796	0.419640	2.974122	35	101	11	1.194
0.000000	1.218453	2.777284	103	91	98	1.165
-1.832596	0.929350	-2.910676	109	87	99	1.165
1.047198	1.909857	-0.381669	39	103	6	1.165
0.523599	1.948085	-2.363031	29	101	89	1.165
-1.832596	1.134796	2.434290	98	91	89	1.165
0.523599	2.407836	1.410646	107	91	94	1.165
-1.570796	2.664082	-1.071402	101	96	90	1.165
1.832596	1.683268	0.374177	37	107	10	1.165
1.308997	1.909857	-0.381669	39	108	6	1.165
-0.785398	1.606104	-0.451151	95	96	87	1.136
1.308997	1.741644	-2.695914	39	90	8	1.136
-3.141593	1.135813	-2.658866	26	16	28	1.136
-1.308997	2.637879	2.121598	92	94	92	1.136
2.094395	1.168678	2.108595	23	16	30	1.136
-3.141593	1.569311	-3.003978	23	21	24	1.136
-0.261799	2.104282	-0.813972	101	99	81	1.136
1.047198	1.812176	0.656819	34	95	8	1.099
-1.047198	1.374601	-2.456031	79	90	108	1.099
2.879793	0.458961	-0.107937	43	99	5	1.099
1.570796	1.809167	1.213774	37	97	5	1.099
-0.523599	0.914445	2.687814	76	91	5	1.099
1.308997	1.658653	-2.409879	32	108	92	1.099
-0.261799	0.850607	-1.335383	29	92	11	1.099
1.832596	0.458961	-0.107937	107	87	98	1.070
0.523599	0.418037	1.360082	110	90	89	1.070
-0.261799	1.168678	2.108595	26	91	20	1.070
-1.308997	1.504028	0.636812	94	91	95	1.070
0.785398	1.168678	2.108595	36	102	20	1.070
0.523599	0.700570	1.559208	37	105	19	1.070
1.047198	1.440580	2.260026	40	103	16	1.070
2.617994	2.863997	0.549740	99	109	81	1.070
-1.047198	1.256302	0.062705	94	90	96	1.070
0.785398	0.700570	1.559208	37	109	19	1.070
0.523599	0.992645	-1.723759	38	100	6	1.070
1.047198	2.979456	-1.009304	99	104	81	1.070
-0.523599	1.194549	-0.801900	24	91	12	1.033
-0.523599	1.699788	2.452890	96	99	94	1.033
-1.570796	2.063651	-2.044600	101	99	89	1.033
1.308997	2.984978	1.954446	108	96	88	1.033
1.570796	1.504028	0.636812	33	101	13	1.033
0.523599	0.290380	-0.796960	25	88	17	1.004
1.308997	1.569311	-3.003978	31	101	91	1.004
1.308997	0.850607	-1.335383	37	90	9	1.004
1.047198	0.685216	-1.712745	27	87	15	1.004
1.570796	1.135813	-2.658866	34	95	18	1.004
2.617994	1.014500	0.906702	32	108	17	1.004
2.094395	0.850607	-1.335383	43	105	9	1.004
1.047198	2.089241	-0.114193	39	100	5	1.004
0.261799	2.180315	-1.357379	102	94	84	1.004
2.094395	2.001437	0.381215	37	111	7	1.004
0.523599	1.599406	1.426070	22	21	24	0.975
2.094395	0.297065	2.160177	32	100	14	0.967
0.523599	1.214854	-1.966664	36	97	2	0.967
-0.785398	2.719179	-1.780644	17	90	14	0.938
1.308997	0.297065	2.160177	25	92	14	0.938
2.094395	1.025536	1.576859	36	101	12	0.938
0.000000	0.850607	-1.335383	33	95	11	0.938
2.617994	1.335669	0.897240	33	0	15	0.938
0.785398	2.407836	1.410646	111	91	94	0.938
1.832596	0.685216	-1.712745	38	97	15	0.938
1.308997	0.615174	-0.666022	40	97	11	0.938
0.261799	2.104282	-0.813972	107	96	82	0.938
1.570796	1.367556	0.358405	33	104	16	0.938
1.832596	0.961715	0.014085	41	4	4	0.938
1.047198	1.374601	-2.456031	35	101	95	0.938
-0.785398	2.881233	-2.582574	92	106	85	0.909
1.047198	2.588535	-2.976617	34	89	93	0.909
-2.356194	2.295480	1.008277	90	107	87	0.909
0.261799	2.001437	0.381215	30	96	84	0.909
1.308997	2.343981	-1.040456	22	97	80	0.909
-0.261799	1.184361	0.625864	15	7	85	0.909
1.570796	1.134796	2.434290	20	6	85	0.909
-2.356194	2.704512	1.488683	91	106	86	0.909
2.617994	0.640596	-2.797608	32	103	24	0.909
2.356194	1.617114	-1.572037	34	103	10	0.908
1.308997	1.504028	0.636812	31	97	13	0.872
-2.094395	0.850607	-1.335383	36	104	20	0.872
1.047198	1.741644	-2.695914	30	103	90	0.872
0.261799	1.510910	-0.740472	34	96	9	0.872
1.570796	2.001437	0.381215	39	105	6	0.872
-0.261799	2.349581	-2.702517	21	103	86	0.872
0.261799	1.977582	0.969896	96	110	83	0.872
2.094395	1.504028	0.636812	34	108	14	0.872
1.308997	2.089241	-0.114193	39	105	4	0.872
2.094395	1.812176	0.656819	37	109	9	0.872
1.308997	0.640596	-2.797608	38	102	6	0.872
1.570796	0.866955	-0.931351	43	98	7	0.843
-0.523599	1.301460	-0.509251	97	89	93	0.843
-3.141593	1.662363	0.915448	26	0	81	0.843
-1.308997	1.554776	0.100351	92	97	90	0.843
-1.047198	1.554776	0.100351	96	92	89	0.843
2.094395	0.290380	-0.796960	40	110	16	0.842
0.261799	1.617114	-1.572037	101	86	96	0.842
-2.617994	1.113094	-0.272241	42	106	8	0.842
-1.308997	2.979456	-1.009304	108	96	88	0.806
1.308997	1.367556	0.358405	32	101	15	0.806
2.356194	0.297065	2.160177	34	104	14	0.806
1.308997	2.455966	-0.641220	27	90	15	0.777
2.617994	2.881233	-2.582574	37	95	14	0.777
-1.047198	1.504028	0.636812	99	88	95	0.777
-1.308997	2.760637	2.781135	20	0	85	0.777
-1.570796	1.756530	-2.105156	98	98	91	0.777
0.785398	2.153910	-1.714959	110	87	89	0.777
0.261799	2.379497	0.561089	25	108	81	0.777
-0.785398	1.417623	-0.202254	97	91	91	0.777
0.000000	2.343981	-1.040456	101	101	81	0.777
0.000000	2.456751	-1.503343	98	99	83	0.777
-0.523599	1.413430	2.550734	94	99	96	0.777
2.356194	0.496451	0.593859	7	33	15	0.748
1.832596	0.418037	1.360082	19	5	33	0.748
2.356194	0.458961	-0.107937	27	22	24	0.748
-1.832596	1.506530	1.988858	23	1	29	0.748
1.047198	1.242974	-2.977882	21	6	27	0.748
0.523599	2.041297	-2.664597	108	82	101	0.748
-2.617994	0.640596	-2.797608	22	11	34	0.748
-1.832596	2.349581	-2.702517	74	14	107	0.748
0.785398	1.242974	-2.977882	22	5	27	0.748
0.261799	2.164094	-2.991358	30	91	7	0.748
-1.047198	1.325504	-1.671296	67	1	2	0.748
-0.523599	1.450119	-2.739050	25	14	23	0.748
-1.047198	0.640596	-2.797608	9	10	34	0.748
1.570796	0.640596	-2.797608	29	0	28	0.748
2.879793	2.704512	1.488683	81	14	99	0.748
1.832596	0.203748	0.590255	16	8	33	0.748
-2.617994	0.619654	-2.216909	23	19	30	0.748
0.523599	1.050534	3.042579	23	6	26	0.748
1.570796	1.242974	-2.977882	20	8	27	0.748
2.879793	0.640596	-2.797608	23	15	28	0.748
-1.832596	2.704512	1.488683	92	98	85	0.748
-0.261799	1.982574	-1.115518	78	101	97	0.748
1.308997	0.203748	0.590255	18	7	33	0.748
2.094395	0.203748	0.590255	15	7	33	0.748
-3.141593	2.174483	2.653697	15	28	14	0.748
2.094395	0.640596	-2.797608	29	7	28	0.748
-0.785398	0.418037	1.360082	22	110	31	0.748
1.047198	1.050534	3.042579	21	9	26	0.748
-3.141593	0.640596	-2.797608	20	17	28	0.748
2.094395	0.496451	0.593859	20	10	32	0.748
1.832596	0.496451	0.593859	21	9	32	0.748
0.261799	1.242974	-2.977882	21	2	27	0.748
0.523599	1.242974	-2.977882	22	3	27	0.748
-1.832596	0.619654	-2.216909	12	20	30	0.748
2.356194	0.203748	0.590255	14	7	33	0.748
-1.570796	2.251330	-2.330739	73	12	106	0.748
-1.832596	2.579248	-2.364801	80	15	101	0.748
-0.261799	2.579248	-2.364801	91	97	87	0.748
-2.356194	2.588535	-2.976617	82	18	104	0.748
1.832596	2.108018	1.311430	14	14	27	0.748
2.356194	0.640596	-2.797608	28	10	28	0.748
1.832596	2.588535	-2.976617	16	10	29	0.748
0.785398	1.050534	3.042579	22	8	26	0.748
-0.785398	1.756530	-2.105156	93	94	94	0.748
1.570796	0.203748	0.590255	17	7	33	0.748
-2.617994	2.295480	1.008277	89	111	86	0.747
0.523599	0.640596	-2.797608	19	103	28	0.747
0.785398	0.640596	-2.797608	22	104	28	0.747
1.570796	0.297065	2.160177	18	1	33	0.747
-1.047198	1.982574	-1.115518	75	0	97	0.747
1.308997	1.242974	-2.977882	21	7	27	0.747
-0.785398	2.588535	-2.976617	88	99	90	0.747
1.832596	0.640596	-2.797608	29	3	28	0.747
1.308997	1.050534	3.042579	20	10	26	0.747
-1.570796	1.982574	-1.115518	77	8	97	0.747
-1.832596	2.407836	1.410646	89	96	91	0.747
-2.617994	2.115563	0.685730	90	0	85	0.747
2.356194	0.418037	1.360082	18	7	33	0.747
-1.308997	1.982574	-1.115518	76	4	97	0.747
-0.523599	1.982574	-1.115518	76	104	97	0.747
2.879793	0.203748	0.590255	13	6	33	0.747
-0.785398	1.982574	-1.115518	75	108	97	0.747
0.523599	1.413347	-1.339188	33	86	1	0.747
-3.141593	2.299159	2.264663	110	36	111	0.747
-2.879793	2.174483	2.653697	109	36	3	0.747
2.617994	1.184361	0.625864	4	37	3	0.747
0.261799	0.419640	2.974122	21	90	11	0.740
-2.094395	2.180315	-1.357379	76	97	107	0.740
-0.523599	0.619654	-2.216909	19	89	9	0.740
0.261799	2.704512	1.488683	103	95	91	0.740
0.523599	1.872854	1.543456	108	90	100	0.740
2.094395	1.301460	-0.509251	41	3	107	0.711
0.523599	2.349581	-2.702517	111	84	96	0.711
-1.832596	0.733948	3.021411	104	89	93	0.711
1.308997	1.736875	3.023612	29	100	90	0.711
0.523599	1.569311	-3.003978	24	86	14	0.711
1.832596	1.413430	2.550734	34	103	96	0.711
-2.617994	2.637879	2.121598	26	2	89	0.711
-2.879793	2.393226	1.857173	27	5	92	0.711
0.261799	0.992645	-1.723759	36	96	6	0.711
-2.094395	0.733948	3.021411	100	91	93	0.711
2.094395	2.587733	0.232235	29	87	6	0.711
-2.879793	2.637879	2.121598	28	0	89	0.711
0.523599	0.960688	-0.577532	26	1	26	0.711
-2.094395	2.379497	0.561089	98	101	83	0.711
0.261799	1.904882	-1.478089	36	97	109	0.711
2.094395	2.115563	0.685730	39	109	3	0.711
0.523599	0.899350	-2.069907	37	97	4	0.710
2.879793	2.379497	0.561089	37	92	1	0.710
-1.308997	0.640596	-2.797608	11	11	34	0.682
1.047198	0.914445	2.687814	22	2	35	0.682
1.308997	0.929350	-2.910676	22	106	33	0.682
-3.141593	2.393226	1.857173	80	17	106	0.682
0.261799	1.555207	1.708892	22	17	28	0.682
2.617994	1.247695	1.809890	2	32	14	0.682
-1.308997	2.033014	2.977192	25	110	25	0.682
-1.570796	0.640596	-2.797608	13	12	34	0.682
0.523599	0.591903	2.010408	25	6	34	0.682
1.308997	1.413430	2.550734	32	3	29	0.682
1.308997	1.218453	2.777284	28	1	32	0.682
1.047198	1.413430	2.550734	31	111	29	0.682
-2.356194	2.592629	0.909713	23	14	25	0.682
1.832596	0.929350	-2.910676	26	110	33	0.682
-2.094395	1.699788	2.452890	25	2	32	0.682
-2.879793	0.640596	-2.797608	23	9	34	0.682
2.617994	0.929350	-2.910676	26	7	33	0.682
-2.356194	0.640596	-2.797608	20	12	34	0.682
-1.308997	2.001437	0.381215	80	99	98	0.682
-1.570796	0.929350	-2.910676	8	11	33	0.682
2.879793	0.929350	-2.910676	25	10	33	0.682
-2.617994	2.760637	2.781135	81	15	102	0.682
2.094395	1.721184	-0.153948	74	2	103	0.682
-2.094395	0.929350	-2.910676	13	14	33	0.682
1.047198	1.218453	2.777284	27	110	32	0.682
1.832596	1.391910	3.030322	32	5	29	0.682
-0.261799	2.174483	2.653697	26	9	24	0.682
-2.879793	0.929350	-2.910676	21	14	33	0.682
1.570796	0.929350	-2.910676	24	108	33	0.682
-1.047198	2.033014	2.977192	26	1	25	0.682
1.047198	1.391910	3.030322	28	106	29	0.682
-3.141593	0.929350	-2.910676	23	12	33	0.681
-1.832596	0.640596	-2.797608	15	13	34	0.681
-2.094395	2.760637	2.781135	74	8	102	0.681
1.308997	0.866955	-0.931351	40	90	5	0.681
-2.356194	0.615174	-0.666022	103	31	9	0.681
0.785398	0.419640	2.974122	28	92	11	0.674
1.308997	1.195355	1.200319	29	94	14	0.645
0.000000	1.135834	-1.431087	33	93	7	0.645
-0.261799	2.115563	0.685730	26	93	14	0.645
1.047198	1.658653	-2.409879	33	103	92	0.645
1.047198	0.297065	2.160177	23	92	14	0.645
-0.785398	0.379747	-1.713059	23	92	14	0.645
-0.261799	2.719179	-1.780644	24	90	15	0.645
0.523599	1.909857	-0.381669	35	96	7	0.645
-1.047198	2.579248	-2.364801	24	89	13	0.645
-1.308997	0.618092	2.539118	106	91	89	0.645
1.832596	1.998705	2.370472	32	99	92	0.645
2.879793	2.073035	2.027405	32	2	94	0.645
-0.261799	1.869911	2.701025	100	98	89	0.645
1.570796	0.906588	1.252948	30	96	15	0.645
-0.523599	1.242974	-2.977882	100	93	95	0.645
1.832596	1.195355	1.200319	33	99	13	0.645
-0.523599	1.510910	-0.740472	23	89	9	0.645
2.356194	2.033014	2.977192	27	109	87	0.645
0.785398	1.875281	0.107086	34	95	9	0.645
1.832596	1.977582	0.969896	39	102	4	0.645
1.570796	1.977582	0.969896	38	98	4	0.645
1.570796	1.683268	0.374177	36	104	12	0.644
1.047198	1.836682	-0.676006	39	105	5	0.644
1.832596	2.478122	2.609777	1	99	86	0.644
0.785398	1.510910	-0.740472	38	102	9	0.644
2.094395	1.247695	1.809890	39	103	6	0.644
0.261799	2.592629	0.909713	32	103	83	0.616
2.879793	0.615174	-0.666022	16	87	9	0.616
-2.094395	1.555207	1.708892	78	95	109	0.616
0.785398	0.733948	3.021411	32	6	93	0.616
-0.261799	2.379497	0.561089	27	96	82	0.616
1.308997	0.618092	2.539118	30	5	89	0.616
-0.523599	2.592629	0.909713	26	94	83	0.616
0.523599	2.379497	0.561089	31	105	82	0.616
-2.094395	2.592629	0.909713	20	15	25	0.616
0.000000	1.948085	-2.363031	25	99	88	0.616
2.356194	2.343981	-1.040456	27	5	30	0.616
1.832596	1.870545	-2.976234	28	107	86	0.616
-2.356194	1.869911	2.701025	25	4	32	0.616
-0.261799	2.592629	0.909713	29	96	83	0.616
-1.832596	1.699788	2.452890	25	4	32	0.616
0.000000	2.379497	0.561089	29	99	82	0.616
-1.832596	1.113094	-0.272241	28	19	18	0.616
1.832596	2.343981	-1.040456	26	111	30	0.616
-0.785398	2.349581	-2.702517	18	103	83	0.616
-2.617994	2.592629	0.909713	94	106	83	0.616
2.356194	1.721184	-0.153948	73	109	103	0.615
1.570796	2.343981	-1.040456	25	108	30	0.615
-2.356194	1.555207	1.708892	77	98	109	0.615
0.785398	0.080730	-2.622036	32	100	15	0.579
-2.094395	1.374601	-2.456031	75	104	108	0.579
1.308997	1.574060	2.783565	30	97	93	0.579
0.523599	0.379747	-1.713059	35	103	13	0.579
2.617994	2.073035	2.027405	33	111	94	0.579
2.356194	1.195355	1.200319	35	106	13	0.579
1.832596	1.310100	1.488307	36	99	10	0.579
-0.523599	1.168678	2.108595	21	90	20	0.550
1.047198	1.450119	-2.739050	32	88	14	0.550
1.047198	1.135813	-2.658866	29	90	18	0.550
-0.785398	1.662363	0.915448	105	85	95	0.550
-3.141593	2.089241	-0.114193	41	103	10	0.550
-2.356194	1.433411	-1.035986	25	11	32	0.550
-0.261799	0.615174	-0.666022	24	111	27	0.550
1.047198	1.846342	-1.796954	24	3	34	0.550
-1.047198	1.662363	0.915448	100	87	95	0.550
-0.785398	1.574060	2.783565	35	99	92	0.550
1.308997	1.606104	-0.451151	30	7	21	0.550
-0.785398	1.909857	-0.381669	99	98	83	0.550
2.879793	0.370812	-2.547742	32	102	23	0.550
0.523599	0.914445	2.687814	25	100	25	0.550
1.047198	0.733948	3.021411	28	9	93	0.550
-2.879793	1.554776	0.100351	97	91	92	0.549
1.570796	1.450119	-2.739050	39	95	14	0.549
2.879793	1.766067	2.153843	34	2	96	0.549
-0.261799	1.325504	-1.671296	27	89	3	0.513
-2.879793	0.850607	-1.335383	31	95	20	0.513
-3.141593	2.881233	-2.582574	87	95	99	0.513
0.523599	0.370812	-2.547742	31	94	11	0.513
0.523599	1.128190	-2.288622	35	95	1	0.513
-0.785398	1.168678	2.108595	18	91	20	0.484
1.832596	2.637879	2.121598	31	109	21	0.484
0.523599	1.870545	-2.976234	13	85	9	0.484
-1.047198	1.168678	2.108595	14	92	20	0.484
2.617994	2.033014	2.977192	27	111	87	0.484
0.785398	0.910508	1.903534	36	106	19	0.484
0.785398	1.869911	2.701025	22	93	90	0.484
1.308997	2.033014	2.977192	26	99	87	0.484
2.617994	1.824694	1.850876	103	98	84	0.484
-2.356194	2.637879	2.121598	24	4	89	0.484
2.617994	2.299159	2.264663	18	6	33	0.484
2.094395	1.440580	2.260026	37	104	99	0.484
2.094395	2.073035	2.027405	35	101	94	0.484
-3.141593	1.194549	-0.801900	39	101	17	0.484
-2.094395	2.984978	1.954446	25	4	89	0.484
2.094395	2.724429	-0.348782	37	96	10	0.484
2.879793	1.998705	2.370472	95	98	89	0.484
0.000000	2.579248	-2.364801	19	1	83	0.483
2.094395	0.992645	-1.723759	42	102	10	0.483
1.308997	2.404280	-0.174044	39	104	0	0.483
-2.879793	1.812176	0.656819	40	102	107	0.483
2.879793	2.579248	-2.364801	29	10	85	0.455
2.356194	2.588535	-2.976617	33	8	89	0.454
0.523599	2.295480	1.008277	32	108	85	0.454
1.308997	2.704512	1.488683	29	9	84	0.454
0.523599	2.115563	0.685730	31	107	84	0.454
-2.356194	2.089241	-0.114193	17	6	86	0.454
1.570796	1.982574	-1.115518	26	103	81	0.454
0.523599	1.301460	-0.509251	76	2	107	0.454
0.000000	0.619654	-2.216909	27	90	9	0.447
-2.094395	2.579248	-2.364801	107	103	85	0.447
2.094395	1.699788	2.452890	35	104	94	0.418
-1.832596	2.664082	-1.071402	79	93	104	0.418
1.832596	1.135813	-2.658866	36	99	18	0.418
1.047198	1.504028	0.636812	29	96	14	0.418
0.261799	2.153910	-1.714959	101	91	88	0.418
-0.785398	2.396274	-1.959260	23	92	17	0.418
-1.308997	2.063651	-2.044600	102	96	89	0.418
-0.785398	1.736875	3.023612	99	101	88	0.417
2.356194	1.335669	0.897240	34	108	15	0.417
2.094395	1.872854	1.543456	102	98	84	0.417
2.094395	1.218453	2.777284	37	108	99	0.417
-0.261799	1.413347	-1.339188	30	91	4	0.417
-2.879793	1.301460	-0.509251	42	109	13	0.417
-0.785398	1.134796	2.434290	18	93	22	0.389
0.000000	2.704512	1.488683	35	97	18	0.388
-1.047198	2.299159	2.264663	92	90	98	0.388
0.000000	2.174483	2.653697	21	81	4	0.388
-1.308997	0.831641	0.616218	38	105	5	0.388
0.261799	2.187132	-0.479875	20	98	80	0.388
1.308997	1.870545	-2.976234	41	92	8	0.388
-0.523599	1.184361	0.625864	17	7	85	0.388
-0.523599	1.134796	2.434290	21	92	22	0.388
1.047198	2.164094	-2.991358	38	87	2	0.388
-0.523599	1.433411	-1.035986	91	95	93	0.388
-0.261799	1.014500	0.906702	17	5	84	0.388
0.000000	0.831641	0.616218	13	2	83	0.388
2.356194	1.870545	-2.976234	43	4	8	0.388
-0.261799	0.080730	-2.622036	21	94	15	0.381
0.000000	0.370812	-2.547742	25	91	12	0.352
-1.308997	0.733948	3.021411	2	88	94	0.352
-0.523599	2.396274	-1.959260	26	93	17	0.352
0.785398	1.948085	-2.363031	30	103	89	0.352
1.047198	2.724429	-0.348782	19	88	11	0.352
1.832596	1.869911	2.701025	30	103	90	0.352
-2.356194	1.113094	-0.272241	87	109	27	0.352
-0.261799	0.961715	0.014085	96	101	29	0.352
2.094395	0.866395	-2.492918	35	101	19	0.352
0.261799	0.080730	-2.622036	27	94	15	0.352
-1.832596	1.948085	-2.363031	99	103	88	0.351
1.832596	2.724429	-0.348782	32	91	11	0.351
-2.617994	2.396274	-1.959260	81	100	101	0.351
1.570796	2.115563	0.685730	39	101	3	0.351
1.047198	1.869911	2.701025	41	94	10	0.323
0.523599	1.766067	2.153843	39	91	10	0.322
-0.785398	1.554776	0.100351	101	88	89	0.322
1.570796	1.741644	-2.695914	42	95	8	0.322
-0.261799	1.554776	0.100351	111	86	89	0.322
1.832596	2.033014	2.977192	27	103	85	0.322
-3.141593	1.128190	-2.288622	36	9	13	0.322
-2.094395	2.407836	1.410646	89	104	90	0.322
-1.308997	0.992645	-1.723759	38	102	16	0.322
-1.570796	2.393226	1.857173	90	96	93	0.322
1.047198	0.899350	-2.069907	13	87	17	0.322
-0.785398	1.510910	-0.740472	92	97	90	0.322
-2.094395	1.824694	1.850876	21	105	82	0.322
-0.523599	1.113094	-0.272241	99	87	97	0.322
-0.785398	1.683268	0.374177	104	87	89	0.322
2.617994	1.450119	-2.739050	40	4	13	0.322
0.785398	1.699788	2.452890	39	93	12	0.322
-2.879793	1.569311	-3.003978	18	22	24	0.322
-2.094395	2.104282	-0.813972	14	4	82	0.322
-2.094395	0.914445	2.687814	11	5	34	0.322
-1.832596	2.343981	-1.040456	32	102	18	0.286
1.047198	1.683268	0.374177	34	98	11	0.286
2.879793	0.379747	-1.713059	35	111	18	0.286
-1.308997	2.396274	-1.959260	107	97	87	0.285
2.617994	0.619654	-2.216909	35	106	19	0.285
-1.308997	1.374601	-2.456031	77	93	108	0.285
-0.261799	2.863997	0.549740	103	94	91	0.285
1.047198	2.379497	0.561089	93	95	91	0.285
2.094395	1.310100	1.488307	36	102	10	0.285
0.785398	1.741644	-2.695914	29	85	9	0.257
-0.261799	2.251330	-2.330739	23	100	85	0.256
0.785398	2.979456	-1.009304	30	109	88	0.256
0.000000	0.700570	1.559208	34	97	20	0.256
-1.570796	2.455966	-0.641220	24	4	30	0.256
0.261799	2.456751	-1.503343	99	96	84	0.256
1.570796	0.709924	0.218797	106	87	96	0.256
0.261799	1.433411	-1.035986	108	85	93	0.256
-2.617994	2.478122	2.609777	23	0	85	0.256
1.308997	2.979456	-1.009304	100	102	81	0.256
-1.832596	2.637879	2.121598	90	103	90	0.256
0.261799	0.591903	2.010408	32	106	22	0.256
-1.308997	2.407836	1.410646	99	91	89	0.256
0.000000	1.325504	-1.671296	33	93	2	0.256
-2.356194	1.168678	2.108595	81	109	30	0.256
-2.617994	1.168678	2.108595	82	1	30	0.256
0.261799	1.413347	-1.339188	37	97	4	0.256
-2.617994	2.379497	0.561089	96	108	83	0.256
0.261799	2.396274	-1.959260	100	90	88	0.256
2.617994	2.637879	2.121598	19	12	31	0.256
-2.094395	2.455966	-0.641220	36	91	100	0.256
1.570796	2.033014	2.977192	44	103	6	0.256
-1.570796	2.637879	2.121598	91	99	90	0.256
-1.832596	2.108018	1.311430	90	98	93	0.256
-2.879793	2.343981	-1.040456	24	3	82	0.256
0.523599	1.433411	-1.035986	1	85	93	0.256
-3.141593	2.863997	0.549740	99	104	81	0.256
2.094395	2.349581	-2.702517	44	107	109	0.256
-2.356194	2.247462	0.191623	99	106	81	0.256
1.308997	1.869911	2.701025	43	101	10	0.256
0.261799	1.325504	-1.671296	36	96	2	0.256
-0.785398	0.961715	0.014085	97	87	103	0.256
-2.617994	1.721184	-0.153948	40	111	10	0.256
2.617994	2.174483	2.653697	96	27	110	0.228
2.356194	0.992645	-1.723759	91	28	110	0.228
0.261799	0.899350	-2.069907	91	27	4	0.228
-2.617994	1.998705	2.370472	84	30	8	0.228
2.879793	1.599406	1.426070	91	34	7	0.228
1.570796	2.393226	1.857173	88	23	10	0.228
-0.785398	0.831641	0.616218	89	22	2	0.228
-2.094395	2.299159	2.264663	77	19	1	0.228
0.785398	1.256302	0.062705	83	24	2	0.228
0.523599	0.762244	-0.273349	85	21	1	0.228
-3.141593	0.960688	-0.577532	96	32	4	0.228
2.617994	0.496451	0.593859	89	23	0	0.228
-0.785398	2.379497	0.561089	92	26	8	0.228
-2.356194	1.214854	-1.966664	13	28	18	0.228
-1.047198	1.812176	0.656819	92	29	103	0.228
-2.879793	2.164094	-2.991358	17	29	11	0.227
2.094395	1.488617	1.159546	25	27	14	0.227
-0.523599	0.674054	1.013609	92	29	3	0.227
0.000000	1.256302	0.062705	89	26	5	0.227
-3.141593	2.138223	1.678323	87	32	0	0.227
2.094395	0.709924	0.218797	91	25	109	0.227
0.785398	1.433411	-1.035986	86	23	10	0.227
2.356194	1.662363	0.915448	85	19	11	0.227
-2.617994	2.041297	-2.664597	15	29	11	0.227
-2.879793	1.488617	1.159546	81	27	6	0.227
0.785398	0.961715	0.014085	87	23	12	0.227
-2.879793	1.256302	0.062705	86	27	2	0.227
0.785398	0.297065	2.160177	100	22	25	0.227
-3.141593	1.875281	0.107086	85	20	12	0.227
-1.047198	1.214854	-1.966664	77	16	10	0.227
2.094395	0.674054	1.013609	81	22	0	0.227
-1.308997	2.115563	0.685730	100	31	104	0.227
-0.261799	1.756530	-2.105156	95	19	16	0.227
1.570796	1.869911	2.701025	89	23	12	0.227
-2.356194	0.458961	-0.107937	82	24	15	0.227
-0.261799	0.618092	2.539118	96	29	7	0.227
0.000000	0.618092	2.539118	92	28	7	0.227
2.617994	1.846342	-1.796954	96	28	109	0.227
-2.356194	1.998705	2.370472	80	25	8	0.227
2.356194	0.674054	1.013609	87	22	3	0.227
2.879793	0.674054	1.013609	90	29	17	0.227
0.523599	0.906588	1.252948	90	25	8	0.227
-0.261799	0.864993	2.278281	103	32	11	0.227
0.523599	1.194549	-0.801900	87	26	6	0.227
1.308997	1.135834	-1.431087	82	21	0	0.227
0.523599	1.310100	1.488307	89	21	13	0.227
0.261799	1.134497	-1.109631	87	24	10	0.227
1.570796	1.134497	-1.109631	98	31	7	0.227
2.879793	1.440580	2.260026	90	23	7	0.227
-0.261799	1.256302	0.062705	100	32	2	0.227
2.617994	1.168678	2.108595	92	25	7	0.227
-0.523599	2.180315	-1.357379	94	24	15	0.227
2.617994	1.699788	2.452890	93	25	7	0.227
-2.879793	1.184361	0.625864	83	29	5	0.227
-2.356194	1.184361	0.625864	85	22	14	0.227
2.879793	1.488617	1.159546	91	34	6	0.227
-2.356194	1.506530	1.988858	86	21	16	0.227
-1.047198	0.080730	-2.622036	99	25	23	0.227
-0.523599	0.080730	-2.622036	93	24	23	0.227
-1.570796	1.050534	3.042579	90	21	19	0.227
1.832596	0.910508	1.903534	101	23	20	0.227
2.617994	0.910508	1.903534	93	25	7	0.227
-2.094395	1.875281	0.107086	109	32	2	0.227
-2.356194	1.247695	1.809890	89	26	14	0.227
2.356194	0.709924	0.218797	88	23	109	0.227
-2.617994	1.242974	-2.977882	98	28	20	0.227
-1.308997	0.379747	-1.713059	86	23	20	0.227
-1.570796	1.736875	3.023612	79	17	14	0.227
-2.879793	1.555207	1.708892	83	28	11	0.227
-2.879793	0.571433	-1.188419	20	26	22	0.227
-2.879793	2.138223	1.678323	83	28	0	0.227
-3.141593	0.906588	1.252948	86	27	16	0.227
-2.617994	0.906588	1.252948	92	23	19	0.227
2.356194	1.367556	0.358405	84	20	1	0.227
-1.570796	2.478122	2.609777	92	21	17	0.227
-1.570796	1.391910	3.030322	83	17	20	0.227
-2.617994	1.247695	1.809890	92	28	14	0.227
-2.356194	0.496451	0.593859	80	16	17	0.227
-2.094395	1.135813	-2.658866	10	22	27	0.227
-1.570796	1.218453	2.777284	86	14	23	0.227
1.308997	2.153910	-1.714959	23	11	29	0.227
-2.617994	0.850607	-1.335383	89	27	13	0.227
-2.617994	1.413347	-1.339188	88	29	3	0.227
-2.617994	2.299159	2.264663	83	29	1	0.227
2.356194	1.766067	2.153843	25	25	19	0.227
-2.879793	0.961715	0.014085	86	27	7	0.227
-0.261799	2.108018	1.311430	94	28	104	0.227
1.832596	2.404280	-0.174044	89	18	14	0.227
-1.047198	2.115563	0.685730	98	32	111	0.227
-3.141593	1.413430	2.550734	88	20	10	0.227
-1.308997	0.850607	-1.335383	93	23	12	0.227
-1.832596	0.370812	-2.547742	98	25	19	0.227
-1.047198	0.370812	-2.547742	93	23	24	0.227
-2.356194	0.831641	0.616218	88	19	19	0.227
1.832596	0.866955	-0.931351	84	21	7	0.227
-1.570796	0.866395	-2.492918	89	25	21	0.227
2.617994	1.617114	-1.572037	84	22	111	0.227
2.617994	0.864993	2.278281	91	23	10	0.227
-2.879793	1.504028	0.636812	84	25	4	0.227
1.570796	2.579248	-2.364801	94	21	19	0.227
1.832596	1.135834	-1.431087	96	31	2	0.227
2.617994	1.310100	1.488307	96	34	13	0.227
0.785398	1.134497	-1.109631	88	24	9	0.227
-2.094395	2.863997	0.549740	95	26	15	0.227
-0.261799	1.836682	-0.676006	89	24	13	0.227
-1.047198	1.948085	-2.363031	81	17	3	0.227
-1.047198	2.592629	0.909713	103	32	2	0.227
0.523599	1.113094	-0.272241	88	28	0	0.227
-3.141593	2.180315	-1.357379	88	24	109	0.227
1.570796	1.325504	-1.671296	80	17	3	0.227
0.523599	1.606104	-0.451151	86	23	10	0.227
-2.617994	1.506530	1.988858	82	24	15	0.227
-1.832596	1.218453	2.777284	90	21	19	0.227
-2.094395	1.242974	-2.977882	86	26	9	0.227
2.617994	0.709924	0.218797	86	20	109	0.227
2.617994	0.418037	1.360082	104	29	1	0.227
1.047198	2.153910	-1.714959	24	9	29	0.227
-1.570796	0.203748	0.590255	23	11	27	0.227
-0.261799	0.419640	2.974122	97	18	26	0.227
-2.094395	1.998705	2.370472	78	20	8	0.227
-1.832596	0.866395	-2.492918	91	27	15	0.227
-3.141593	1.504028	0.636812	87	32	111	0.227
-2.356194	2.174483	2.653697	82	28	5	0.227
-1.047198	0.619654	-2.216909	85	20	21	0.227
-2.617994	1.214854	-1.966664	19	28	18	0.227
-2.356194	2.393226	1.857173	91	12	23	0.227
-2.879793	0.458961	-0.107937	90	31	15	0.227
-2.617994	0.458961	-0.107937	86	28	15	0.227
-2.879793	1.413430	2.550734	98	31	9	0.227
0.261799	0.831641	0.616218	86	24	8	0.227
2.094395	0.831641	0.616218	84	25	109	0.227
2.356194	1.504028	0.636812	79	18	3	0.227
-1.832596	2.174483	2.653697	77	18	5	0.227
-0.785398	1.809167	1.213774	93	28	10	0.227
2.879793	1.545873	-1.877082	85	18	106	0.227
-3.141593	2.407836	1.410646	86	15	20	0.227
1.308997	1.325504	-1.671296	82	22	3	0.227
-0.785398	1.218453	2.777284	99	27	13	0.227
-0.785398	0.080730	-2.622036	96	25	23	0.227
1.308997	0.762244	-0.273349	84	20	9	0.227
0.000000	1.721184	-0.153948	96	31	11	0.227
-3.141593	1.247695	1.809890	88	28	17	0.227
0.261799	1.301460	-0.509251	89	27	6	0.227
-1.047198	2.041297	-2.664597	76	12	3	0.227
-2.879793	2.407836	1.410646	86	12	20	0.227
-0.785398	0.370812	-2.547742	91	21	24	0.227
0.523599	0.297065	2.160177	102	21	25	0.227
0.261799	0.618092	2.539118	101	14	26	0.227
2.879793	0.496451	0.593859	14	13	30	0.227
-2.356194	1.135813	-2.658866	14	23	27	0.227
-1.832596	2.404280	-0.174044	101	35	6	0.227
-2.094395	1.134796	2.434290	87	24	14	0.227
-1.047198	1.574060	2.783565	99	25	16	0.227
-0.523599	2.587733	0.232235	95	24	17	0.227
2.617994	1.413430	2.550734	93	24	10	0.227
-0.785398	0.850607	-1.335383	89	19	12	0.227
2.356194	0.850607	-1.335383	87	27	4	0.227
2.617994	0.674054	1.013609	94	31	17	0.227
-2.356194	0.906588	1.252948	90	21	19	0.227
-1.570796	0.379747	-1.713059	89	26	20	0.227
-2.617994	1.014500	0.906702	90	24	17	0.227
1.047198	1.014500	0.906702	88	22	10	0.227
-2.617994	1.045978	0.343692	88	24	15	0.227
0.261799	1.545873	-1.877082	90	23	13	0.227
2.356194	1.184361	0.625864	80	19	0	0.227
-2.617994	1.488617	1.159546	78	22	6	0.227
0.261799	1.606104	-0.451151	89	26	10	0.227
-1.308997	0.080730	-2.622036	102	25	23	0.227
-0.261799	1.721184	-0.153948	93	26	12	0.227
-0.261799	0.733948	3.021411	91	32	5	0.227
-2.617994	0.700570	1.559208	95	21	21	0.227
-2.094395	0.960688	-0.577532	83	18	13	0.227
-2.356194	0.910508	1.903534	92	23	19	0.227
-2.879793	1.662363	0.915448	84	25	5	0.227
-2.617994	1.870545	-2.976234	12	28	17	0.227
-1.570796	1.998705	2.370472	101	16	24	0.227
2.617994	0.831641	0.616218	80	16	109	0.227
2.617994	1.413347	-1.339188	84	23	3	0.227
2.879793	1.014500	0.906702	91	33	11	0.227
-2.094395	0.700570	1.559208	92	18	21	0.227
-2.617994	1.824694	1.850876	80	25	8	0.227
-2.356194	1.824694	1.850876	78	20	8	0.227
-2.617994	0.418037	1.360082	97	16	23	0.227
-2.356194	0.418037	1.360082	96	15	23	0.227
-2.617994	1.135834	-1.431087	16	29	13	0.227
-0.523599	0.203748	0.590255	77	12	3	0.227
-1.308997	1.574060	2.783565	106	25	19	0.227
-1.047198	0.850607	-1.335383	91	21	12	0.227
1.047198	1.413347	-1.339188	85	22	10	0.227
1.308997	0.674054	1.013609	92	32	0	0.227
2.879793	0.906588	1.252948	90	30	16	0.227
-1.832596	2.396274	-1.959260	89	23	5	0.227
-0.261799	1.909857	-0.381669	88	25	10	0.227
-3.141593	1.310100	1.488307	86	30	13	0.227
0.000000	1.545873	-1.877082	93	25	13	0.227
-0.785398	1.242974	-2.977882	97	33	9	0.227
1.308997	0.992645	-1.723759	86	23	5	0.227
0.000000	1.875281	0.107086	95	30	13	0.227
1.308997	1.545873	-1.877082	82	22	6	0.227
-3.141593	1.256302	0.062705	90	30	2	0.227
0.523599	1.450119	-2.739050	95	26	13	0.227
-3.141593	1.869911	2.701025	89	22	8	0.227
0.523599	1.417623	-0.202254	85	23	6	0.227
1.570796	0.674054	1.013609	89	26	4	0.227
2.356194	1.545873	-1.877082	89	24	106	0.227
-2.356194	0.914445	2.687814	92	26	16	0.227
-2.617994	1.184361	0.625864	79	24	5	0.227
-2.094395	0.619654	-2.216909	88	22	17	0.227
2.356194	0.910508	1.903534	96	26	7	0.227
-0.523599	1.824694	1.850876	75	94	0	0.220
-0.261799	0.370812	-2.547742	22	91	11	0.220
-0.523599	0.992645	-1.723759	23	89	7	0.219
0.785398	2.704512	1.488683	109	93	91	0.219
0.785398	2.404280	-0.174044	37	97	0	0.191
1.832596	1.699788	2.452890	33	102	93	0.191
1.570796	1.569311	-3.003978	39	98	14	0.190
2.356194	2.073035	2.027405	97	100	87	0.190
-2.356194	2.760637	2.781135	26	108	86	0.190
2.617994	2.587733	0.232235	37	92	6	0.190
-1.047198	2.063651	-2.044600	26	95	18	0.190
0.785398	1.374601	-2.456031	34	98	95	0.190
1.570796	0.591903	2.010408	30	10	89	0.190
0.785398	2.664082	-1.071402	32	107	90	0.190
-3.141593	2.984978	1.954446	30	107	88	0.190
-2.617994	2.863997	0.549740	102	98	82	0.190
-0.261799	2.063651	-2.044600	33	100	18	0.190
-3.141593	2.579248	-2.364801	84	99	98	0.190
2.094395	1.869911	2.701025	31	106	90	0.190
-3.141593	1.998705	2.370472	97	95	89	0.190
-1.832596	2.984978	1.954446	40	97	4	0.190
0.523599	1.904882	-1.478089	38	101	108	0.190
1.308997	2.247462	0.191623	39	101	3	0.190
-1.308997	2.299159	2.264663	38	109	12	0.190
1.570796	1.335669	0.897240	32	98	14	0.190
-2.094395	1.766067	2.153843	23	95	86	0.190
-2.879793	2.984978	1.954446	29	110	88	0.190
2.094395	1.998705	2.370472	32	104	91	0.190
2.879793	2.089241	-0.114193	40	98	9	0.190
2.094395	1.413430	2.550734	35	107	96	0.190
2.879793	1.824694	1.850876	34	2	99	0.190
-0.261799	1.696674	-1.253233	30	91	2	0.190
2.356194	1.977582	0.969896	38	110	5	0.190
2.879793	1.870545	-2.976234	15	32	7	0.161
2.094395	1.325504	-1.671296	44	103	103	0.161
-0.523599	1.555207	1.708892	9	83	11	0.161
-2.356194	2.180315	-1.357379	19	11	84	0.161
2.356194	0.864993	2.278281	16	14	33	0.161
2.094395	2.041297	-2.664597	44	106	102	0.161
-2.617994	0.762244	-0.273349	103	32	6	0.161
1.832596	1.374601	-2.456031	40	99	12	0.124
0.000000	1.134497	-1.109631	33	95	9	0.124
2.094395	1.574060	2.783565	33	107	93	0.124
2.617994	1.135834	-1.431087	41	4	4	0.124
1.832596	0.571433	-1.188419	40	101	13	0.124
2.094395	2.108018	1.311430	102	92	89	0.124
1.570796	1.574060	2.783565	32	100	93	0.124
0.523599	1.836682	-0.676006	37	98	5	0.124
1.308997	1.948085	-2.363031	30	109	89	0.124
2.879793	1.732874	-0.951685	107	93	85	0.124
2.356194	2.138223	1.678323	35	107	96	0.124
2.617994	1.736875	3.023612	28	2	90	0.124
-0.261799	1.135834	-1.431087	30	92	6	0.124
1.832596	1.872854	1.543456	100	100	85	0.124
0.000000	1.696674	-1.253233	100	89	92	0.124
-0.523599	1.948085	-2.363031	36	99	14	0.124
0.523599	1.134497	-1.109631	37	102	10	0.124
2.617994	1.128190	-2.288622	40	0	13	0.124
2.094395	1.128190	-2.288622	40	102	14	0.124
2.094395	1.335669	0.897240	34	105	15	0.124
-2.617994	1.417623	-0.202254	40	108	8	0.124
1.832596	1.599406	1.426070	38	99	6	0.124
1.832596	0.762244	-0.273349	42	1	7	0.124
0.785398	2.349581	-2.702517	29	83	108	0.095
-0.785398	1.050534	3.042579	33	94	93	0.095
1.047198	1.256302	0.062705	41	99	96	0.095
0.523599	0.618092	2.539118	34	106	88	0.095
-0.785398	0.864993	2.278281	21	94	84	0.095
-1.308997	1.218453	2.777284	24	90	89	0.095
2.094395	0.914445	2.687814	22	7	34	0.095
1.047198	2.349581	-2.702517	33	87	96	0.095
1.047198	0.864993	2.278281	30	111	84	0.095
-1.570796	1.574060	2.783565	24	89	90	0.095
2.879793	2.153910	-1.714959	36	4	89	0.095
-1.047198	1.413430	2.550734	28	95	86	0.095
-1.047198	1.134796	2.434290	23	94	85	0.095
-1.570796	1.134796	2.434290	17	93	85	0.095
1.308997	0.914445	2.687814	25	8	88	0.095
-1.570796	1.599406	1.426070	24	1	82	0.095
0.785398	1.574060	2.783565	23	93	91	0.095
1.832596	1.574060	2.783565	33	103	91	0.095
-1.047198	1.050534	3.042579	29	91	93	0.095
1.570796	1.301460	-0.509251	41	103	94	0.095
1.570796	0.914445	2.687814	23	4	34	0.095
-0.523599	0.618092	2.539118	26	92	88	0.095
1.832596	1.741644	-2.695914	43	100	9	0.095
2.356194	1.904882	-1.478089	39	109	90	0.095
2.356194	2.396274	-1.959260	38	106	88	0.095
-0.261799	1.050534	3.042579	37	102	93	0.095
-1.832596	1.413430	2.550734	18	91	86	0.095
1.570796	2.379497	0.561089	28	14	19	0.095
-0.523599	1.413347	-1.339188	89	96	96	0.095
0.785398	0.618092	2.539118	34	110	88	0.095
0.523599	2.719179	-1.780644	99	96	83	0.095
-1.308997	1.134796	2.434290	20	93	85	0.095
-1.047198	1.218453	2.777284	28	92	89	0.095
-0.785398	0.914445	2.687814	27	93	88	0.095
-1.047198	0.914445	2.687814	24	91	88	0.095
0.261799	1.050534	3.042579	36	0	93	0.095
0.000000	2.592629	0.909713	31	99	83	0.095
1.570796	2.724429	-0.348782	103	107	79	0.095
2.356194	1.194549	-0.801900	39	4	97	0.095
2.094395	2.881233	-2.582574	36	103	86	0.095
0.000000	0.914445	2.687814	34	103	88	0.095
1.570796	2.979456	-1.009304	100	100	81	0.095
-0.523599	0.864993	2.278281	24	95	84	0.095
-0.785398	2.356369	3.005869	91	92	97	0.095
-0.523599	1.218453	2.777284	33	99	89	0.095
-2.879793	2.863997	0.549740	98	102	81	0.095
-0.261799	0.914445	2.687814	33	99	88	0.095
0.261799	1.218453	2.777284	34	111	89	0.095
1.832596	0.618092	2.539118	22	9	88	0.095
2.356194	0.914445	2.687814	21	8	34	0.095
2.356194	2.579248	-2.364801	39	108	89	0.095
-1.308997	1.599406	1.426070	23	2	82	0.095
0.000000	1.050534	3.042579	37	107	93	0.095
0.261799	2.637879	2.121598	32	88	91	0.095
2.356194	0.929350	-2.910676	34	105	23	0.095
0.523599	2.664082	-1.071402	100	103	80	0.095
2.879793	1.904882	-1.478089	35	5	90	0.095
2.879793	2.587733	0.232235	100	109	80	0.095
2.094395	2.588535	-2.976617	40	110	92	0.095
2.879793	2.863997	0.549740	97	107	81	0.095
1.308997	1.184361	0.625864	41	0	102	0.095
0.523599	0.496451	0.593859	100	86	97	0.059
0.785398	2.455966	-0.641220	17	90	15	0.059
-1.047198	2.396274	-1.959260	19	92	17	0.059
1.570796	0.619654	-2.216909	29	93	19	0.059
0.785398	0.619654	-2.216909	37	100	8	0.059
0.523599	1.045978	0.343692	94	91	95	0.059
1.570796	0.700570	1.559208	29	95	14	0.058
0.523599	0.419640	2.974122	25	90	11	0.058
0.785398	2.063651	-2.044600	31	105	90	0.058
-1.832596	2.063651	-2.044600	36	98	13	0.058
-1.832596	2.089241	-0.114193	37	105	14	0.058
1.047198	1.721184	-0.153948	37	102	10	0.058
0.785398	1.135813	-2.658866	36	96	111	0.058
1.570796	1.025536	1.576859	32	95	12	0.058
2.356194	0.615174	-0.666022	38	6	10	0.058
2.356194	1.247695	1.809890	39	107	6	0.058
-1.570796	2.174483	2.653697	31	90	95	0.029
0.000000	1.014500	0.906702	35	87	9	0.029
2.617994	0.685216	-1.712745	41	0	14	0.029
0.523599	2.104282	-0.813972	109	95	81	0.029
2.356194	1.732874	-0.951685	36	111	88	0.029
0.000000	2.153910	-1.714959	29	100	19	0.029
-2.879793	1.433411	-1.035986	28	5	32	0.029
-0.523599	1.812176	0.656819	110	87	90	0.029
-1.570796	2.295480	1.008277	18	17	23	0.029
-0.523599	1.721184	-0.153948	104	91	85	0.029
-0.785398	1.812176	0.656819	105	87	90	0.029
2.617994	0.899350	-2.069907	40	109	15	0.029
1.308997	1.433411	-1.035986	37	94	94	0.029
0.523599	2.396274	-1.959260	28	106	86	0.029
-0.523599	2.001437	0.381215	110	90	85	0.029
-2.617994	1.135813	-2.658866	18	19	28	0.029
-0.523599	2.760637	2.781135	100	90	88	0.029
1.308997	0.496451	0.593859	40	1	15	0.029
-0.785398	2.001437	0.381215	106	90	85	0.029
-1.047198	2.108018	1.311430	101	87	92	0.029
-0.785398	1.184361	0.625864	103	84	101	0.029
0.785398	0.762244	-0.273349	39	90	7	0.029
2.356194	2.863997	0.549740	100	111	81	0.029
0.785398	2.724429	-0.348782	106	109	79	0.029
2.617994	1.545873	-1.877082	43	3	2	0.029
0.000000	2.664082	-1.071402	101	106	80	0.029
-2.356194	0.960688	-0.577532	41	107	11	0.029
-1.570796	1.413347	-1.339188	110	49	2	0.002
-1.832596	1.450119	-2.739050	5	49	0	0.002
-1.570796	1.450119	-2.739050	111	68	4	0.002
-1.308997	2.404280	-0.174044	7	68	110	0.002
-0.785398	2.115563	0.685730	3	69	110	0.002
-3.141593	1.756530	-2.105156	9	71	2	0.002
-1.047198	1.869911	2.701025	8	71	111	0.002
-1.832596	0.458961	-0.107937	8	69	2	0.002
0.785398	0.458961	-0.107937	6	68	105	0.002
1.570796	0.458961	-0.107937	2	69	110	0.002
2.094395	0.458961	-0.107937	5	48	108	0.002
-2.356194	1.599406	1.426070	9	70	1	0.002
-1.832596	1.599406	1.426070	9	70	108	0.002
-2.356194	1.554776	0.100351	110	69	6	0.002
2.617994	1.554776	0.100351	5	67	106	0.002
-3.141593	0.618092	2.539118	108	72	0	0.002
-2.879793	0.618092	2.539118	12	68	109	0.002
-2.617994	0.618092	2.539118	3	72	2	0.002
1.047198	0.618092	2.539118	1	71	4	0.002
2.356194	0.618092	2.539118	4	67	5	0.002
-2.617994	0.615174	-0.666022	0	71	109	0.002
0.261799	0.615174	-0.666022	109	68	0	0.002
1.047198	0.615174	-0.666022	4	68	6	0.002
1.832596	0.615174	-0.666022	4	74	111	0.002
-0.261799	2.393226	1.857173	4	71	111	0.002
2.094395	2.393226	1.857173	6	68	111	0.002
-2.094395	1.569311	-3.003978	6	69	108	0.002
-1.308997	1.569311	-3.003978	9	69	110	0.002
-1.047198	0.419640	2.974122	0	74	110	0.002
1.308997	1.134796	2.434290	106	71	108	0.002
2.094395	1.134796	2.434290	111	68	110	0.002
-2.617994	1.574060	2.783565	108	68	0	0.002
0.261799	1.574060	2.783565	4	74	0	0.002
0.523599	1.574060	2.783565	6	68	110	0.002
1.047198	1.574060	2.783565	106	68	111	0.002
2.879793	1.574060	2.783565	3	68	110	0.002
-1.308997	1.413430	2.550734	5	74	1	0.002
-1.832596	1.417623	-0.202254	4	74	3	0.002
1.570796	1.417623	-0.202254	8	68	5	0.002
2.094395	1.417623	-0.202254	5	69	107	0.002
-1.570796	0.850607	-1.335383	6	69	2	0.002
1.047198	0.831641	0.616218	5	68	5	0.002
-1.308997	2.343981	-1.040456	109	74	2	0.002
-0.785398	2.343981	-1.040456	1	68	111	0.002
0.785398	2.343981	-1.040456	10	72	108	0.002
1.047198	1.998705	2.370472	2	70	108	0.002
1.308997	1.998705	2.370472	3	72	3	0.002
-2.094395	1.413347	-1.339188	10	69	2	0.002
1.570796	1.413347	-1.339188	2	68	4	0.002
2.094395	1.413347	-1.339188	12	68	0	0.002
2.356194	1.413347	-1.339188	110	68	108	0.002
-3.141593	0.674054	1.013609	111	68	110	0.002
-1.047198	0.674054	1.013609	0	74	0	0.002
-2.879793	0.906588	1.252948	109	71	4	0.002
1.308997	0.906588	1.252948	5	67	111	0.002
0.523599	1.335669	0.897240	5	68	7	0.002
-3.141593	1.870545	-2.976234	106	72	2	0.002
-2.879793	1.870545	-2.976234	5	81	4	0.002
-2.094395	1.870545	-2.976234	0	68	3	0.002
0.523599	2.164094	-2.991358	4	69	109	0.002
0.785398	2.164094	-2.991358	111	69	110	0.002
1.832596	2.164094	-2.991358	3	73	1	0.002
2.617994	2.164094	-2.991358	9	67	5	0.002
-1.832596	0.379747	-1.713059	2	74	110	0.002
-1.047198	0.379747	-1.713059	1	68	6	0.002
0.000000	2.187132	-0.479875	9	68	8	0.002
1.047198	2.187132	-0.479875	109	68	2	0.002
1.832596	2.187132	-0.479875	5	69	110	0.002
-3.141593	0.866955	-0.931351	8	67	111	0.002
-1.308997	0.866955	-0.931351	8	68	3	0.002
2.879793	0.866955	-0.931351	3	74	109	0.002
-0.261799	2.299159	2.264663	111	68	1	0.002
0.523599	2.299159	2.264663	0	69	3	0.002
-2.094395	1.812176	0.656819	6	69	2	0.002
-2.094395	2.719179	-1.780644	0	68	109	0.002
-0.523599	2.719179	-1.780644	105	71	110	0.002
2.356194	2.719179	-1.780644	107	70	110	0.002
-2.879793	2.396274	-1.959260	4	72	110	0.002
1.047198	2.396274	-1.959260	111	69	108	0.002
-2.879793	0.866395	-2.492918	2	69	0	0.002
2.356194	0.866395	-2.492918	107	68	0	0.002
-1.308997	1.617114	-1.572037	2	69	105	0.002
-2.879793	0.864993	2.278281	6	67	110	0.002
-2.617994	0.864993	2.278281	7	68	108	0.002
-1.047198	0.864993	2.278281	5	72	0	0.002
0.261799	0.864993	2.278281	5	67	110	0.002
1.570796	0.864993	2.278281	7	68	2	0.002
0.523599	1.014500	0.906702	8	67	111	0.002
-2.879793	2.247462	0.191623	109	74	110	0.002
0.000000	2.247462	0.191623	10	68	1	0.002
2.356194	2.724429	-0.348782	111	68	5	0.002
-2.617994	1.194549	-0.801900	107	67	3	0.002
1.047198	1.194549	-0.801900	105	67	3	0.002
-2.617994	1.741644	-2.695914	4	74	111	0.002
-0.261799	1.741644	-2.695914	9	70	0	0.002
2.094395	1.741644	-2.695914	2	69	0	0.002
2.356194	1.741644	-2.695914	4	69	3	0.002
-2.094395	2.174483	2.653697	1	68	1	0.002
-1.047198	2.174483	2.653697	2	71	1	0.002
2.879793	2.174483	2.653697	106	72	0	0.002
-2.617994	2.664082	-1.071402	5	69	4	0.002
2.879793	2.664082	-1.071402	3	69	4	0.002
0.523599	2.579248	-2.364801	7	69	110	0.002
-2.094395	0.899350	-2.069907	8	74	1	0.002
-1.832596	0.899350	-2.069907	0	69	0	0.002
0.785398	0.899350	-2.069907	6	68	108	0.002
-2.356194	1.766067	2.153843	105	67	5	0.002
1.047198	1.766067	2.153843	1	74	2	0.002
2.094395	1.766067	2.153843	6	71	1	0.002
-2.617994	1.809167	1.213774	2	74	110	0.002
-2.356194	1.809167	1.213774	108	72	109	0.002
-1.570796	1.809167	1.213774	108	68	0	0.002
-0.523599	1.809167	1.213774	108	68	107	0.002
1.832596	1.809167	1.213774	109	71	110	0.002
-2.356194	1.135834	-1.431087	5	74	3	0.002
-2.094395	1.135834	-1.431087	2	69	7	0.002
2.356194	1.135834	-1.431087	2	68	4	0.002
-2.094395	1.909857	-0.381669	5	68	2	0.002
-1.832596	1.909857	-0.381669	6	69	111	0.002
2.094395	1.909857	-0.381669	3	72	0	0.002
-1.832596	1.195355	1.200319	106	67	2	0.002
-0.785398	1.195355	1.200319	4	69	110	0.002
0.261799	1.310100	1.488307	111	71	0	0.002
-2.879793	2.153910	-1.714959	7	69	0	0.002
-0.523599	2.153910	-1.714959	3	68	0	0.002
-2.617994	1.134497	-1.109631	0	69	109	0.002
1.047198	1.134497	-1.109631	0	72	109	0.002
2.094395	1.134497	-1.109631	104	49	3	0.002
-0.261799	1.367556	0.358405	111	69	3	0.002
0.523599	1.367556	0.358405	4	68	5	0.002
1.047198	1.367556	0.358405	9	70	4	0.002
-0.261799	1.440580	2.260026	0	68	107	0.002
0.000000	1.440580	2.260026	9	69	1	0.002
1.308997	1.440580	2.260026	6	71	3	0.002
2.617994	1.440580	2.260026	9	68	2	0.002
0.261799	2.863997	0.549740	6	69	110	0.002
1.047198	2.041297	-2.664597	109	68	2	0.002
2.356194	2.041297	-2.664597	8	67	0	0.002
-2.879793	1.045978	0.343692	5	68	107	0.002
1.047198	1.045978	0.343692	10	68	110	0.002
2.356194	1.045978	0.343692	111	68	108	0.002
-1.570796	0.290380	-0.796960	8	68	3	0.002
-0.785398	0.290380	-0.796960	111	69	109	0.002
1.570796	0.290380	-0.796960	108	68	0	0.002
-1.832596	1.545873	-1.877082	7	68	1	0.002
-0.785398	1.545873	-1.877082	0	68	0	0.002
-0.523599	1.545873	-1.877082	4	68	0	0.002
1.570796	1.545873	-1.877082	0	69	110	0.002
-2.094395	2.356369	3.005869	109	68	0	0.002
-1.832596	2.356369	3.005869	111	74	106	0.002
1.308997	2.356369	3.005869	109	48	2	0.002
-1.308997	1.836682	-0.676006	9	69	1	0.002
-0.523599	1.836682	-0.676006	111	69	107	0.002
2.356194	1.836682	-0.676006	4	68	5	0.002
-2.617994	1.948085	-2.363031	5	69	5	0.002
0.000000	1.736875	3.023612	6	69	1	0.002
-2.094395	0.591903	2.010408	0	48	111	0.002
-3.141593	2.760637	2.781135	101	69	110	0.002
2.617994	2.760637	2.781135	5	48	0	0.002
-2.879793	2.592629	0.909713	1	68	2	0.002
-1.832596	2.592629	0.909713	3	70	3	0.002
-1.570796	2.592629	0.909713	106	71	5	0.002
-2.879793	1.113094	-0.272241	7	69	109	0.002
0.261799	1.113094	-0.272241	110	67	109	0.002
0.785398	1.113094	-0.272241	110	68	3	0.002
-2.617994	2.407836	1.410646	6	71	2	0.002
2.094395	2.407836	1.410646	3	68	4	0.002
2.356194	2.407836	1.410646	4	69	111	0.002
-1.570796	2.089241	-0.114193	108	68	109	0.002
-1.570796	0.619654	-2.216909	0	68	5	0.002
1.047198	2.456751	-1.503343	3	68	4	0.002
-3.141593	2.001437	0.381215	110	68	7	0.002
0.523599	2.001437	0.381215	111	74	3	0.002
0.785398	2.001437	0.381215	3	67	110	0.002
-2.617994	2.138223	1.678323	111	67	2	0.002
-2.356194	2.138223	1.678323	0	68	3	0.002
2.879793	2.138223	1.678323	9	68	0	0.002
-2.617994	2.349581	-2.702517	6	68	110	0.002
-1.308997	2.349581	-2.702517	5	70	1	0.002
-1.047198	2.349581	-2.702517	1	68	5	0.002
-3.141593	1.168678	2.108595	110	68	5	0.002
1.832596	2.180315	-1.357379	2	69	110	0.002
2.617994	2.180315	-1.357379	0	68	108	0.002
-1.308997	2.478122	2.609777	111	74	111	0.002
2.879793	2.478122	2.609777	2	68	0	0.002
-3.141593	1.699788	2.452890	111	71	2	0.002
-0.785398	1.699788	2.452890	107	71	110	0.002
0.523599	1.699788	2.452890	108	68	109	0.002
1.570796	1.699788	2.452890	8	68	106	0.002
2.356194	1.699788	2.452890	2	74	111	0.002
-1.570796	1.184361	0.625864	7	71	111	0.002
0.261799	1.184361	0.625864	5	68	111	0.002
2.879793	2.108018	1.311430	109	70	111	0.002
-1.308997	1.488617	1.159546	6	67	4	0.002
1.570796	1.488617	1.159546	5	69	1	0.002
2.617994	1.488617	1.159546	111	74	0	0.002
2.617994	1.325504	-1.671296	6	72	109	0.002
-1.308997	1.606104	-0.451151	107	68	3	0.002
1.570796	1.606104	-0.451151	106	69	1	0.002
2.094395	1.606104	-0.451151	8	72	1	0.002
1.047198	1.506530	1.988858	7	68	3	0.002
1.832596	1.506530	1.988858	106	69	111	0.002
2.879793	2.637879	2.121598	5	68	0	0.002
-3.141593	1.218453	2.777284	3	68	6	0.002
-2.356194	1.218453	2.777284	7	69	107	0.002
-2.094395	1.218453	2.777284	7	72	2	0.002
-1.570796	1.555207	1.708892	1	69	3	0.002
-1.308997	1.555207	1.708892	0	68	4	0.002
1.570796	2.295480	1.008277	105	68	2	0.002
2.879793	2.295480	1.008277	110	74	111	0.002
-0.785398	0.203748	0.590255	7	68	110	0.002
0.000000	0.203748	0.590255	110	72	3	0.002
-2.356194	1.510910	-0.740472	1	67	110	0.002
-1.832596	1.510910	-0.740472	5	69	110	0.002
0.523599	0.571433	-1.188419	0	69	3	0.002
1.570796	0.571433	-1.188419	6	68	0	0.002
-2.356194	2.033014	2.977192	2	68	1	0.002
-2.094395	2.033014	2.977192	107	68	111	0.002
0.261799	2.033014	2.977192	2	74	4	0.002
0.523599	2.033014	2.977192	8	74	110	0.002
2.094395	2.033014	2.977192	10	68	110	0.002
-1.047198	0.297065	2.160177	6	74	111	0.002
1.047198	0.080730	-2.622036	2	68	111	0.002
1.308997	0.080730	-2.622036	5	69	108	0.002
1.832596	1.242974	-2.977882	7	71	0	0.002
-2.617994	0.992645	-1.723759	6	74	111	0.002
-2.356194	0.992645	-1.723759	0	68	110	0.002
2.879793	0.992645	-1.723759	4	68	6	0.002
-0.785398	2.104282	-0.813972	3	68	3	0.002
2.617994	2.104282	-0.813972	106	67	2	0.002
-1.570796	1.872854	1.543456	3	73	6	0.002
-2.094395	0.762244	-0.273349	4	67	111	0.002
-2.617994	1.050534	3.042579	5	68	0	0.002
2.094395	1.050534	3.042579	105	67	111	0.002
-1.832596	1.721184	-0.153948	0	68	107	0.002
-0.785398	1.721184	-0.153948	2	67	110	0.002
-2.617994	0.733948	3.021411	106	68	111	0.002
0.000000	0.733948	3.021411	111	68	1	0.002
0.261799	0.733948	3.021411	7	69	110	0.002
2.356194	0.733948	3.021411	9	69	5	0.002
-1.308997	2.588535	-2.976617	105	46	111	0.002
-1.047198	2.588535	-2.976617	1	68	108	0.002
0.000000	2.588535	-2.976617	1	74	110	0.002
-3.141593	1.391910	3.030322	110	68	108	0.002
-2.094395	1.391910	3.030322	9	68	109	0.002
-0.785398	1.391910	3.030322	8	72	111	0.002
0.000000	1.391910	3.030322	4	71	1	0.002
2.094395	1.391910	3.030322	106	67	2	0.002
2.617994	1.391910	3.030322	110	72	111	0.002
-1.832596	0.685216	-1.712745	3	68	0	0.002
-1.570796	0.685216	-1.712745	9	68	0	0.002
1.308997	0.685216	-1.712745	5	68	2	0.002
-2.094395	2.063651	-2.044600	6	67	110	0.002
-0.785398	2.063651	-2.044600	110	69	111	0.002
-1.832596	0.700570	1.559208	109	68	110	0.002
-1.570796	0.700570	1.559208	3	69	108	0.002
-0.261799	0.700570	1.559208	5	69	4	0.002
-0.261799	1.025536	1.576859	110	69	111	0.002
1.308997	1.025536	1.576859	107	69	108	0.002
2.617994	1.025536	1.576859	105	68	4	0.002
-3.141593	2.251330	-2.330739	6	68	111	0.002
2.617994	2.251330	-2.330739	111	69	0	0.002
-1.570796	1.374601	-2.456031	4	67	7	0.002
2.356194	1.374601	-2.456031	4	68	2	0.002
-1.047198	1.732874	-0.951685	2	68	108	0.002
-0.785398	1.732874	-0.951685	5	69	108	0.002
-0.523599	1.732874	-0.951685	10	68	111	0.002
0.261799	1.732874	-0.951685	6	68	111	0.002
1.308997	1.732874	-0.951685	109	70	110	0.002
-1.832596	0.960688	-0.577532	5	72	4	0.002
-1.308997	0.960688	-0.577532	108	68	110	0.002
0.000000	0.960688	-0.577532	9	68	6	0.002
0.523599	1.824694	1.850876	110	74	2	0.002
1.308997	1.824694	1.850876	2	68	109	0.002
-2.094395	2.704512	1.488683	8	69	111	0.002
-0.523599	2.704512	1.488683	9	67	2	0.002
2.617994	2.704512	1.488683	6	69	0	0.002
0.261799	0.910508	1.903534	6	68	0	0.002
-1.308997	0.929350	-2.910676	8	68	3	0.002
-1.047198	0.929350	-2.910676	4	68	1	0.002
-0.785398	0.929350	-2.910676	10	70	2	0.002
-2.356194	1.128190	-2.288622	111	68	110	0.002
-2.094395	1.128190	-2.288622	4	68	4	0.002
1.047198	1.128190	-2.288622	2	68	110	0.002
-2.094395	2.881233	-2.582574	111	68	0	0.002
-1.308997	2.881233	-2.582574	2	68	1	0.002
2.356194	2.881233	-2.582574	5	67	111	0.002
2.879793	1.696674	-1.253233	4	70	108	0.002
-1.832596	1.683268	0.374177	4	49	1	0.002
0.261799	1.683268	0.374177	3	70	5	0.002
2.094395	1.683268	0.374177	3	68	1	0.002
0.261799	2.073035	2.027405	108	69	0	0.002
1.047198	2.073035	2.027405	110	68	107	0.002
1.308997	2.073035	2.027405	4	69	111	0.002
-0.261799	1.875281	0.107086	3	68	4	0.002
0.261799	1.875281	0.107086	3	74	110	0.002
1.047198	1.875281	0.107086	3	74	3	0.002
2.094395	1.875281	0.107086	7	71	0	0.002
0.000000	1.247695	1.809890	110	68	111	0.002
0.523599	1.247695	1.809890	3	68	109	0.002
1.570796	1.247695	1.809890	9	68	4	0.002
-3.141593	1.301460	-0.509251	108	69	108	0.002
-2.094395	1.301460	-0.509251	107	69	3	0.002
-0.785398	1.301460	-0.509251	6	67	111	0.002
1.047198	1.301460	-0.509251	106	69	3	0.002
2.879793	1.301460	-0.509251	7	68	107	0.002
-0.785398	1.904882	-1.478089	2	68	4	0.002
-0.523599	1.904882	-1.478089	3	70	111	0.002
-0.261799	1.904882	-1.478089	8	67	109	0.002
2.617994	1.904882	-1.478089	108	68	0	0.002
-3.141593	0.496451	0.593859	1	68	109	0.002
-2.094395	0.496451	0.593859	107	69	0	0.002
-1.047198	0.496451	0.593859	4	68	2	0.002
-0.785398	0.496451	0.593859	4	68	111	0.002
-1.308997	2.379497	0.561089	105	68	3	0.002
2.617994	2.379497	0.561089	2	74	3	0.002
-2.617994	1.433411	-1.035986	109	69	5	0.002
1.047198	1.433411	-1.035986	9	69	0	0.002
2.617994	1.433411	-1.035986	11	69	1	0.002
2.879793	1.658653	-2.409879	111	70	107	0.002
-1.832596	0.418037	1.360082	109	72	0	0.002
-0.523599	0.418037	1.360082	2	68	7	0.002
1.308997	0.418037	1.360082	105	68	111	0.002
-0.785398	1.214854	-1.966664	3	68	108	0.002
1.047198	1.214854	-1.966664	0	68	3	0.002
1.570796	1.214854	-1.966664	108	68	2	0.002
2.879793	1.214854	-1.966664	8	68	111	0.002
-2.879793	0.914445	2.687814	108	68	5	0.002
-1.308997	0.914445	2.687814	9	68	109	0.002
1.832596	0.914445	2.687814	4	67	111	0.002
-1.308997	1.135813	-2.658866	4	69	3	0.002
-1.047198	1.135813	-2.658866	105	71	2	0.002
0.261799	1.135813	-2.658866	3	69	111	0.002
-1.047198	1.448123	-2.163292	14	68	0	0.002
1.832596	1.448123	-2.163292	109	69	0	0.002
2.094395	1.448123	-2.163292	0	70	1	0.002
-1.047198	2.455966	-0.641220	111	72	108	0.002
0.523599	2.455966	-0.641220	111	68	111	0.002
2.879793	2.455966	-0.641220	109	68	1	0.002
-1.832596	1.662363	0.915448	109	74	1	0.002
-1.570796	1.662363	0.915448	8	68	3	0.002
1.047198	1.662363	0.915448	3	70	5	0.002
2.356194	0.866955	-0.931351	104	46	0	0.002
-0.523599	2.115563	0.685730	4	49	0	0.002
-2.094395	1.869911	2.701025	0	34	110	0.002
-0.785398	1.599406	1.426070	1	46	1	0.002
1.308997	1.554776	0.100351	9	41	3	0.002
-1.047198	1.846342	-1.796954	110	49	2	0.002
-0.785398	2.393226	1.857173	11	48	111	0.002
0.261799	1.134796	2.434290	11	49	2	0.002
-1.832596	1.574060	2.783565	7	46	4	0.002
0.785398	1.413430	2.550734	104	48	3	0.002
0.785398	0.850607	-1.335383	9	49	3	0.002
-1.832596	0.674054	1.013609	3	46	2	0.002
0.785398	2.187132	-0.479875	107	46	0	0.002
-0.523599	2.299159	2.264663	2	46	109	0.002
-1.308997	2.719179	-1.780644	110	83	7	0.002
-2.617994	1.617114	-1.572037	107	74	107	0.002
1.832596	1.617114	-1.572037	3	48	106	0.002
-2.879793	2.579248	-2.364801	3	44	106	0.002
-1.047198	2.984978	1.954446	4	46	111	0.002
0.785398	2.984978	1.954446	9	48	111	0.002
-1.047198	1.766067	2.153843	105	74	0	0.002
-3.141593	1.909857	-0.381669	8	46	108	0.002
-0.785398	2.153910	-1.714959	2	49	109	0.002
-1.047198	1.440580	2.260026	3	46	4	0.002
-1.832596	2.041297	-2.664597	107	49	110	0.002
-0.261799	2.041297	-2.664597	6	46	111	0.002
-0.261799	2.356369	3.005869	111	46	2	0.002
2.094395	2.356369	3.005869	7	46	0	0.002
1.308997	2.407836	1.410646	9	47	110	0.002
2.617994	2.089241	-0.114193	3	46	111	0.002
-3.141593	1.606104	-0.451151	6	37	109	0.002
-1.047198	1.977582	0.969896	1	48	6	0.002
1.308997	1.977582	0.969896	7	48	4	0.002
2.094395	1.977582	0.969896	102	48	2	0.002
1.832596	1.555207	1.708892	7	50	3	0.002
1.570796	1.510910	-0.740472	2	46	4	0.002
2.879793	2.033014	2.977192	105	77	0	0.002
-2.879793	2.104282	-0.813972	110	49	1	0.002
-2.094395	1.872854	1.543456	0	47	4	0.002
1.308997	1.391910	3.030322	3	46	5	0.002
1.570796	0.685216	-1.712745	3	48	0	0.002
1.832596	2.063651	-2.044600	6	47	110	0.002
-1.832596	1.732874	-0.951685	7	49	0	0.002
0.785398	0.960688	-0.577532	1	37	110	0.002
0.785398	1.824694	1.850876	7	74	108	0.002
2.094395	1.696674	-1.253233	110	46	7	0.002
0.000000	2.073035	2.027405	4	47	111	0.002
-1.832596	1.301460	-0.509251	1	46	1	0.002
0.523599	0.709924	0.218797	3	74	106	0.002
0.785398	0.709924	0.218797	110	46	0	0.002
-2.879793	2.379497	0.561089	10	45	109	0.002
-1.570796	1.433411	-1.035986	3	74	6	0.002
2.094395	1.658653	-2.409879	107	48	2	0.002
-0.523599	1.214854	-1.966664	0	49	1	0.002
2.879793	1.135813	-2.658866	1	47	2	0.002
1.308997	1.662363	0.915448	5	45	3	0.002
-0.785398	2.478122	2.609777	7	41	111	0.002
0.261799	2.588535	-2.976617	4	41	2	0.002
-1.832596	1.433411	-1.035986	3	80	4	0.002
0.261799	1.247695	1.809890	2	40	0	0.002
0.523599	1.869911	2.701025	8	42	111	0.002
1.047198	1.554776	0.100351	111	41	111	0.002
-1.308997	1.998705	2.370472	111	46	108	0.002
1.308997	2.164094	-2.991358	7	44	3	0.002
-2.356194	0.866955	-0.931351	1	40	2	0.002
-2.094395	0.866395	-2.492918	109	44	106	0.002
-2.356194	0.864993	2.278281	110	80	1	0.002
2.094395	0.864993	2.278281	7	41	111	0.002
-1.570796	1.014500	0.906702	2	38	106	0.002
-3.141593	2.247462	0.191623	6	40	108	0.002
2.094395	2.247462	0.191623	9	46	111	0.002
-1.047198	1.809167	1.213774	8	34	5	0.002
1.570796	1.909857	-0.381669	5	44	4	0.002
2.879793	1.909857	-0.381669	8	41	0	0.002
1.047198	2.863997	0.549740	9	41	1	0.002
-0.785398	1.045978	0.343692	109	40	3	0.002
-2.356194	1.736875	3.023612	2	44	110	0.002
-0.523599	1.736875	3.023612	4	43	1	0.002
2.617994	1.256302	0.062705	5	80	111	0.002
-1.047198	2.089241	-0.114193	111	46	111	0.002
0.000000	2.180315	-1.357379	7	44	107	0.002
2.879793	1.699788	2.452890	2	44	0	0.002
-1.308997	1.184361	0.625864	4	31	1	0.002
-1.570796	2.108018	1.311430	6	32	1	0.002
-0.785398	1.977582	0.969896	1	44	110	0.002
-3.141593	0.571433	-1.188419	108	34	110	0.002
0.000000	1.982574	-1.115518	106	47	109	0.002
0.000000	2.063651	-2.044600	0	84	1	0.002
-2.617994	0.960688	-0.577532	10	40	2	0.002
-1.570796	0.910508	1.903534	6	44	0	0.002
1.570796	2.881233	-2.582574	3	80	106	0.002
0.523599	1.683268	0.374177	9	43	2	0.002
-2.356194	1.875281	0.107086	104	45	1	0.002
-1.308997	1.247695	1.809890	7	43	2	0.002
0.785398	1.214854	-1.966664	109	41	110	0.002
2.617994	1.135813	-2.658866	7	44	3	0.002
2.879793	1.242974	-2.977882	6	79	2	0.002
2.094395	2.404280	-0.174044	108	41	7	0.002
-0.261799	1.569311	-3.003978	0	40	0	0.002
0.523599	2.187132	-0.479875	7	80	3	0.002
-1.047198	0.866395	-2.492918	111	81	111	0.002
2.094395	1.194549	-0.801900	5	40	111	0.002
-0.785398	1.741644	-2.695914	110	41	2	0.002
-1.570796	1.766067	2.153843	104	80	0	0.002
-2.879793	1.135834	-1.431087	5	80	0	0.002
-2.356194	1.045978	0.343692	107	40	1	0.002
-2.094395	1.836682	-0.676006	9	41	3	0.002
-2.879793	2.456751	-1.503343	3	41	1	0.002
-1.308997	1.168678	2.108595	5	40	109	0.002
-2.617994	1.218453	2.777284	4	81	106	0.002
0.523599	0.733948	3.021411	10	40	0	0.002
1.308997	1.374601	-2.456031	2	41	105	0.002
-2.879793	1.683268	0.374177	3	80	3	0.002
2.356194	1.301460	-0.509251	109	80	109	0.002
0.261799	0.496451	0.593859	107	41	0	0.002
-0.523599	0.458961	-0.107937	109	39	111	0.002
-2.617994	2.108018	1.311430	0	39	2	0.001
-3.141593	1.450119	-2.739050	9	49	3	0.001
-2.879793	1.450119	-2.739050	5	68	2	0.001
-2.356194	1.450119	-2.739050	12	67	2	0.001
-2.094395	1.450119	-2.739050	2	68	111	0.001
-1.308997	1.450119	-2.739050	3	69	2	0.001
-1.047198	1.450119	-2.739050	104	70	111	0.001
-0.785398	1.450119	-2.739050	106	71	1	0.001
-0.261799	1.450119	-2.739050	6	34	1	0.001
0.000000	1.450119	-2.739050	0	68	111	0.001
0.261799	1.450119	-2.739050	4	68	7	0.001
0.785398	1.450119	-2.739050	108	68	108	0.001
1.308997	1.450119	-2.739050	8	44	4	0.001
2.094395	1.450119	-2.739050	7	73	1	0.001
2.356194	1.450119	-2.739050	1	46	110	0.001
2.879793	1.450119	-2.739050	8	72	3	0.001
-3.141593	2.404280	-0.174044	1	68	0	0.001
-2.617994	2.404280	-0.174044	110	68	5	0.001
-2.356194	2.404280	-0.174044	108	69	5	0.001
-2.094395	2.404280	-0.174044	9	68	1	0.001
-1.570796	2.404280	-0.174044	2	71	111	0.001
-1.047198	2.404280	-0.174044	110	69	0	0.001
-0.785398	2.404280	-0.174044	6	68	5	0.001
-0.523599	2.404280	-0.174044	110	77	111	0.001
-0.261799	2.404280	-0.174044	110	70	108	0.001
0.000000	2.404280	-0.174044	108	46	4	0.001
0.261799	2.404280	-0.174044	7	44	3	0.001
0.523599	2.404280	-0.174044	4	69	2	0.001
1.047198	2.404280	-0.174044	6	68	4	0.001
1.570796	2.404280	-0.174044	107	68	3	0.001
2.356194	2.404280	-0.174044	7	50	3	0.001
2.617994	2.404280	-0.174044	1	68	7	0.001
2.879793	2.404280	-0.174044	8	69	6	0.001
-3.141593	2.115563	0.685730	8	68	111	0.001
-2.879793	2.115563	0.685730	4	68	109	0.001
-2.356194	2.115563	0.685730	6	46	5	0.001
-2.094395	2.115563	0.685730	11	67	3	0.001
-1.832596	2.115563	0.685730	2	46	5	0.001
-1.570796	2.115563	0.685730	106	48	1	0.001
0.000000	2.115563	0.685730	10	68	108	0.001
0.261799	2.115563	0.685730	6	47	3	0.001
0.785398	2.115563	0.685730	11	68	6	0.001
1.047198	2.115563	0.685730	11	68	5	0.001
1.308997	2.115563	0.685730	9	67	4	0.001
1.832596	2.115563	0.685730	8	68	110	0.001
2.356194	2.115563	0.685730	2	74	110	0.001
2.617994	2.115563	0.685730	4	74	5	0.001
2.879793	2.115563	0.685730	104	69	0	0.001
-2.617994	1.756530	-2.105156	108	74	0	0.001
-2.094395	1.756530	-2.105156	0	74	110	0.001
-1.832596	1.756530	-2.105156	9	68	109	0.001
-1.308997	1.756530	-2.105156	10	69	5	0.001
-0.523599	1.756530	-2.105156	1	72	4	0.001
0.000000	1.756530	-2.105156	109	68	5	0.001
0.261799	1.756530	-2.105156	5	74	3	0.001
0.523599	1.756530	-2.105156	107	68	2	0.001
0.785398	1.756530	-2.105156	111	69	2	0.001
1.047198	1.756530	-2.105156	3	69	107	0.001
1.308997	1.756530	-2.105156	6	69	0	0.001
1.570796	1.756530	-2.105156	3	68	2	0.001
2.094395	1.756530	-2.105156	3	69	3	0.001
2.356194	1.756530	-2.105156	111	69	5	0.001
2.617994	1.756530	-2.105156	110	68	2	0.001
2.879793	1.756530	-2.105156	0	74	6	0.001
-2.879793	1.869911	2.701025	7	74	3	0.001
-2.617994	1.869911	2.701025	7	74	5	0.001
-1.832596	1.869911	2.701025	102	74	0	0.001
-1.570796	1.869911	2.701025	110	72	5	0.001
-1.308997	1.869911	2.701025	5	71	0	0.001
-0.785398	1.869911	2.701025	2	48	6	0.001
-0.523599	1.869911	2.701025	109	46	110	0.001
0.000000	1.869911	2.701025	8	69	1	0.001
2.879793	1.869911	2.701025	5	69	110	0.001
-2.094395	0.458961	-0.107937	5	68	0	0.001
-1.570796	0.458961	-0.107937	4	70	4	0.001
-1.308997	0.458961	-0.107937	7	73	110	0.001
-1.047198	0.458961	-0.107937	5	77	111	0.001
-0.785398	0.458961	-0.107937	6	69	7	0.001
-0.261799	0.458961	-0.107937	11	48	3	0.001
0.000000	0.458961	-0.107937	8	69	4	0.001
1.047198	0.458961	-0.107937	2	69	111	0.001
1.308997	0.458961	-0.107937	0	74	1	0.001
2.617994	0.458961	-0.107937	0	68	2	0.001
-2.879793	1.599406	1.426070	108	68	4	0.001
-2.617994	1.599406	1.426070	0	71	2	0.001
-2.094395	1.599406	1.426070	109	69	2	0.001
-1.047198	1.599406	1.426070	110	75	2	0.001
-0.261799	1.599406	1.426070	106	67	111	0.001
0.000000	1.599406	1.426070	3	74	111	0.001
0.261799	1.599406	1.426070	9	74	1	0.001
0.785398	1.599406	1.426070	4	69	0	0.001
1.047198	1.599406	1.426070	2	69	6	0.001
1.308997	1.599406	1.426070	12	69	6	0.001
1.570796	1.599406	1.426070	7	69	5	0.001
2.094395	1.599406	1.426070	111	68	6	0.001
2.617994	1.599406	1.426070	7	73	2	0.001
-3.141593	1.554776	0.100351	4	74	7	0.001
-2.617994	1.554776	0.100351	104	69	110	0.001
-2.094395	1.554776	0.100351	11	69	1	0.001
-1.832596	1.554776	0.100351	5	68	5	0.001
-0.523599	1.554776	0.100351	6	68	3	0.001
0.000000	1.554776	0.100351	109	70	0	0.001
0.261799	1.554776	0.100351	3	69	6	0.001
0.785398	1.554776	0.100351	9	69	3	0.001
1.570796	1.554776	0.100351	0	72	6	0.001
1.832596	1.554776	0.100351	107	48	4	0.001
2.356194	1.554776	0.100351	5	67	6	0.001
2.879793	1.554776	0.100351	0	68	4	0.001
-2.094395	0.618092	2.539118	105	69	2	0.001
-1.832596	0.618092	2.539118	109	68	2	0.001
-1.570796	0.618092	2.539118	109	67	4	0.001
-1.047198	0.618092	2.539118	7	74	0	0.001
-0.785398	0.618092	2.539118	2	68	5	0.001
1.570796	0.618092	2.539118	107	67	0	0.001
2.094395	0.618092	2.539118	2	74	110	0.001
2.617994	0.618092	2.539118	0	68	106	0.001
2.879793	0.618092	2.539118	0	69	7	0.001
-2.879793	1.846342	-1.796954	107	69	0	0.001
-2.356194	1.846342	-1.796954	2	72	107	0.001
-1.832596	1.846342	-1.796954	1	46	6	0.001
-1.570796	1.846342	-1.796954	6	70	3	0.001
-1.308997	1.846342	-1.796954	12	68	3	0.001
-0.785398	1.846342	-1.796954	1	69	106	0.001
-0.261799	1.846342	-1.796954	10	69	3	0.001
0.523599	1.846342	-1.796954	106	69	107	0.001
0.785398	1.846342	-1.796954	111	71	5	0.001
1.308997	1.846342	-1.796954	0	74	1	0.001
1.570796	1.846342	-1.796954	10	48	0	0.001
1.832596	1.846342	-1.796954	10	46	107	0.001
2.094395	1.846342	-1.796954	6	77	108	0.001
2.356194	1.846342	-1.796954	6	73	0	0.001
-3.141593	0.615174	-0.666022	106	68	2	0.001
-2.879793	0.615174	-0.666022	9	67	2	0.001
-2.094395	0.615174	-0.666022	110	69	0	0.001
-1.570796	0.615174	-0.666022	10	69	1	0.001
-1.308997	0.615174	-0.666022	108	68	3	0.001
-1.047198	0.615174	-0.666022	2	74	3	0.001
-0.523599	0.615174	-0.666022	8	70	2	0.001
0.000000	0.615174	-0.666022	1	69	4	0.001
0.523599	0.615174	-0.666022	0	70	6	0.001
0.785398	0.615174	-0.666022	107	69	2	0.001
1.570796	0.615174	-0.666022	9	74	0	0.001
2.094395	0.615174	-0.666022	1	74	110	0.001
2.617994	0.615174	-0.666022	109	71	110	0.001
-2.617994	2.393226	1.857173	3	74	2	0.001
-2.094395	2.393226	1.857173	110	74	0	0.001
-1.832596	2.393226	1.857173	4	74	2	0.001
-1.308997	2.393226	1.857173	3	72	6	0.001
-1.047198	2.393226	1.857173	12	68	111	0.001
-0.523599	2.393226	1.857173	2	74	111	0.001
0.000000	2.393226	1.857173	110	68	3	0.001
1.308997	2.393226	1.857173	7	72	3	0.001
1.832596	2.393226	1.857173	105	71	4	0.001
2.356194	2.393226	1.857173	107	71	0	0.001
2.879793	2.393226	1.857173	111	68	109	0.001
-2.356194	1.569311	-3.003978	0	74	2	0.001
-1.832596	1.569311	-3.003978	108	72	0	0.001
-1.570796	1.569311	-3.003978	0	74	1	0.001
-1.047198	1.569311	-3.003978	3	70	8	0.001
-0.785398	1.569311	-3.003978	6	48	3	0.001
0.000000	1.569311	-3.003978	7	48	111	0.001
0.261799	1.569311	-3.003978	110	68	4	0.001
1.047198	1.569311	-3.003978	110	74	5	0.001
2.356194	1.569311	-3.003978	5	68	3	0.001
2.617994	1.569311	-3.003978	2	69	107	0.001
2.879793	1.569311	-3.003978	6	67	4	0.001
-3.141593	0.419640	2.974122	0	69	5	0.001
-2.879793	0.419640	2.974122	2	49	109	0.001
-2.617994	0.419640	2.974122	3	74	4	0.001
-2.356194	0.419640	2.974122	1	47	2	0.001
-1.308997	0.419640	2.974122	109	69	106	0.001
-0.785398	0.419640	2.974122	107	74	2	0.001
0.000000	0.419640	2.974122	105	77	1	0.001
1.832596	0.419640	2.974122	0	68	6	0.001
2.094395	0.419640	2.974122	8	46	4	0.001
2.356194	0.419640	2.974122	0	69	1	0.001
2.617994	0.419640	2.974122	4	70	0	0.001
-2.879793	1.134796	2.434290	6	69	2	0.001
-2.617994	1.134796	2.434290	9	68	2	0.001
-2.356194	1.134796	2.434290	2	68	8	0.001
-0.261799	1.134796	2.434290	110	68	4	0.001
0.000000	1.134796	2.434290	109	46	2	0.001
1.832596	1.134796	2.434290	12	48	2	0.001
2.356194	1.134796	2.434290	110	50	1	0.001
2.617994	1.134796	2.434290	5	69	2	0.001
2.879793	1.134796	2.434290	9	74	110	0.001
-3.141593	1.574060	2.783565	1	74	1	0.001
-2.879793	1.574060	2.783565	107	70	110	0.001
-2.094395	1.574060	2.783565	16	70	0	0.001
2.356194	1.574060	2.783565	4	72	3	0.001
2.617994	1.574060	2.783565	5	49	3	0.001
-3.141593	2.587733	0.232235	105	47	1	0.001
-2.617994	2.587733	0.232235	5	68	9	0.001
-1.570796	2.587733	0.232235	5	67	0	0.001
-1.047198	2.587733	0.232235	6	69	8	0.001
-0.785398	2.587733	0.232235	1	68	110	0.001
-0.261799	2.587733	0.232235	4	48	3	0.001
0.000000	2.587733	0.232235	11	69	4	0.001
0.261799	2.587733	0.232235	109	71	108	0.001
0.523599	2.587733	0.232235	107	68	3	0.001
0.785398	2.587733	0.232235	110	69	3	0.001
1.047198	2.587733	0.232235	108	68	6	0.001
1.570796	2.587733	0.232235	8	68	2	0.001
-2.617994	1.413430	2.550734	4	73	4	0.001
-2.094395	1.413430	2.550734	2	69	0	0.001
-1.570796	1.413430	2.550734	105	67	1	0.001
-0.785398	1.413430	2.550734	1	74	2	0.001
0.261799	1.413430	2.550734	105	69	4	0.001
0.523599	1.413430	2.550734	1	48	6	0.001
1.570796	1.413430	2.550734	4	74	3	0.001
2.879793	1.413430	2.550734	7	74	2	0.001
-3.141593	1.417623	-0.202254	110	68	8	0.001
-2.879793	1.417623	-0.202254	6	74	3	0.001
-2.356194	1.417623	-0.202254	111	48	4	0.001
-2.094395	1.417623	-0.202254	7	46	3	0.001
-1.570796	1.417623	-0.202254	5	71	110	0.001
-1.308997	1.417623	-0.202254	2	77	3	0.001
-0.523599	1.417623	-0.202254	108	69	107	0.001
-0.261799	1.417623	-0.202254	110	72	1	0.001
0.000000	1.417623	-0.202254	1	78	2	0.001
0.261799	1.417623	-0.202254	4	68	0	0.001
0.785398	1.417623	-0.202254	111	72	5	0.001
1.047198	1.417623	-0.202254	111	50	8	0.001
1.308997	1.417623	-0.202254	3	70	7	0.001
2.356194	1.417623	-0.202254	111	68	5	0.001
2.617994	1.417623	-0.202254	5	36	4	0.001
2.879793	1.417623	-0.202254	109	74	110	0.001
-3.141593	0.850607	-1.335383	7	69	4	0.001
-2.356194	0.850607	-1.335383	5	72	111	0.001
-1.832596	0.850607	-1.335383	108	69	1	0.001
-0.523599	0.850607	-1.335383	4	74	0	0.001
0.523599	0.850607	-1.335383	110	78	110	0.001
1.047198	0.850607	-1.335383	106	74	1	0.001
1.570796	0.850607	-1.335383	6	74	2	0.001
1.832596	0.850607	-1.335383	6	48	0	0.001
2.617994	0.850607	-1.335383	9	69	4	0.001
-3.141593	0.370812	-2.547742	111	48	7	0.001
-2.879793	0.370812	-2.547742	6	68	5	0.001
-2.617994	0.370812	-2.547742	8	68	2	0.001
-2.356194	0.370812	-2.547742	8	68	2	0.001
-2.094395	0.370812	-2.547742	109	77	2	0.001
1.570796	0.370812	-2.547742	7	36	1	0.001
1.832596	0.370812	-2.547742	108	49	111	0.001
2.094395	0.370812	-2.547742	3	74	5	0.001
2.356194	0.370812	-2.547742	7	49	106	0.001
2.617994	0.370812	-2.547742	11	72	1	0.001
-2.094395	0.640596	-2.797608	1	68	104	0.001
-0.785398	0.640596	-2.797608	4	68	7	0.001
-0.523599	0.640596	-2.797608	106	69	6	0.001
-0.261799	0.640596	-2.797608	4	68	106	0.001
0.000000	0.640596	-2.797608	107	68	6	0.001
-3.141593	2.979456	-1.009304	3	74	6	0.001
-2.879793	2.979456	-1.009304	107	49	3	0.001
-2.617994	2.979456	-1.009304	0	74	0	0.001
-1.832596	2.979456	-1.009304	5	77	5	0.001
-1.047198	2.979456	-1.009304	9	67	0	0.001
-0.785398	2.979456	-1.009304	107	69	111	0.001
-0.523599	2.979456	-1.009304	0	67	6	0.001
0.000000	2.979456	-1.009304	106	70	108	0.001
1.832596	2.979456	-1.009304	7	71	4	0.001
2.356194	2.979456	-1.009304	9	71	109	0.001
2.617994	2.979456	-1.009304	108	69	1	0.001
2.879793	2.979456	-1.009304	107	68	0	0.001
-3.141593	0.831641	0.616218	7	69	106	0.001
-2.879793	0.831641	0.616218	0	72	111	0.001
-2.094395	0.831641	0.616218	107	69	111	0.001
-1.832596	0.831641	0.616218	5	78	2	0.001
-1.570796	0.831641	0.616218	108	68	1	0.001
-1.047198	0.831641	0.616218	108	69	1	0.001
-0.523599	0.831641	0.616218	8	69	1	0.001
-0.261799	0.831641	0.616218	3	69	5	0.001
0.523599	0.831641	0.616218	3	68	3	0.001
0.785398	0.831641	0.616218	2	69	1	0.001
1.308997	0.831641	0.616218	106	69	6	0.001
1.570796	0.831641	0.616218	8	68	2	0.001
1.832596	0.831641	0.616218	109	49	6	0.001
2.356194	0.831641	0.616218	7	41	2	0.001
2.879793	0.831641	0.616218	4	71	5	0.001
-3.141593	2.343981	-1.040456	3	69	3	0.001
-2.617994	2.343981	-1.040456	3	49	3	0.001
-2.356194	2.343981	-1.040456	2	68	107	0.001
-2.094395	2.343981	-1.040456	3	74	3	0.001
-1.570796	2.343981	-1.040456	7	46	5	0.001
-1.047198	2.343981	-1.040456	4	68	6	0.001
-0.523599	2.343981	-1.040456	3	44	109	0.001
-0.261799	2.343981	-1.040456	3	71	2	0.001
0.523599	2.343981	-1.040456	109	69	5	0.001
1.047198	2.343981	-1.040456	110	67	5	0.001
2.094395	2.343981	-1.040456	111	69	107	0.001
2.879793	2.343981	-1.040456	106	69	0	0.001
-2.879793	1.998705	2.370472	111	68	0	0.001
-1.832596	1.998705	2.370472	107	72	6	0.001
-1.047198	1.998705	2.370472	105	68	111	0.001
-0.785398	1.998705	2.370472	0	70	8	0.001
-0.523599	1.998705	2.370472	5	68	4	0.001
-0.261799	1.998705	2.370472	4	74	1	0.001
0.000000	1.998705	2.370472	4	71	2	0.001
0.261799	1.998705	2.370472	8	68	6	0.001
0.523599	1.998705	2.370472	3	74	3	0.001
0.785398	1.998705	2.370472	3	36	2	0.001
1.570796	1.998705	2.370472	10	68	1	0.001
2.356194	1.998705	2.370472	110	67	9	0.001
2.617994	1.998705	2.370472	1	68	1	0.001
-2.879793	1.413347	-1.339188	6	67	3	0.001
-1.832596	1.413347	-1.339188	104	74	110	0.001
-1.047198	1.413347	-1.339188	6	48	3	0.001
-0.785398	1.413347	-1.339188	111	74	111	0.001
0.000000	1.413347	-1.339188	2	72	4	0.001
0.785398	1.413347	-1.339188	8	68	4	0.001
1.308997	1.413347	-1.339188	6	50	2	0.001
1.832596	1.413347	-1.339188	2	48	109	0.001
2.879793	1.413347	-1.339188	110	37	0	0.001
-2.879793	0.674054	1.013609	0	70	1	0.001
-2.356194	0.674054	1.013609	110	48	1	0.001
-2.094395	0.674054	1.013609	1	69	0	0.001
-1.570796	0.674054	1.013609	108	50	3	0.001
-1.308997	0.674054	1.013609	5	68	7	0.001
-0.785398	0.674054	1.013609	109	71	111	0.001
-0.261799	0.674054	1.013609	110	72	7	0.001
0.000000	0.674054	1.013609	110	69	6	0.001
0.523599	0.674054	1.013609	10	74	1	0.001
0.785398	0.674054	1.013609	5	68	1	0.001
1.047198	0.674054	1.013609	3	37	2	0.001
-1.047198	0.906588	1.252948	10	68	2	0.001
-0.785398	0.906588	1.252948	5	74	109	0.001
-0.261799	0.906588	1.252948	5	69	6	0.001
0.000000	0.906588	1.252948	7	68	2	0.001
0.261799	0.906588	1.252948	7	68	108	0.001
0.785398	0.906588	1.252948	6	68	109	0.001
2.094395	0.906588	1.252948	6	68	1	0.001
-3.141593	1.335669	0.897240	1	68	1	0.001
-2.617994	1.335669	0.897240	4	74	1	0.001
-2.356194	1.335669	0.897240	6	72	4	0.001
-1.832596	1.335669	0.897240	110	70	5	0.001
-1.570796	1.335669	0.897240	0	70	2	0.001
-1.308997	1.335669	0.897240	111	68	4	0.001
-1.047198	1.335669	0.897240	9	69	0	0.001
-0.523599	1.335669	0.897240	5	49	110	0.001
-0.261799	1.335669	0.897240	109	71	0	0.001
0.000000	1.335669	0.897240	3	68	110	0.001
0.261799	1.335669	0.897240	6	72	109	0.001
0.785398	1.335669	0.897240	7	68	3	0.001
1.047198	1.335669	0.897240	3	71	5	0.001
2.879793	1.335669	0.897240	3	74	2	0.001
-2.356194	1.870545	-2.976234	3	70	5	0.001
-1.570796	1.870545	-2.976234	106	69	0	0.001
-1.047198	1.870545	-2.976234	8	69	2	0.001
-0.785398	1.870545	-2.976234	105	72	6	0.001
0.000000	1.870545	-2.976234	106	68	7	0.001
0.261799	1.870545	-2.976234	8	69	6	0.001
0.785398	1.870545	-2.976234	5	77	0	0.001
2.094395	1.870545	-2.976234	5	49	1	0.001
2.617994	1.870545	-2.976234	13	67	4	0.001
-3.141593	2.164094	-2.991358	3	71	107	0.001
-2.356194	2.164094	-2.991358	4	67	2	0.001
-1.832596	2.164094	-2.991358	107	69	107	0.001
-1.308997	2.164094	-2.991358	0	49	3	0.001
-1.047198	2.164094	-2.991358	8	72	6	0.001
-0.785398	2.164094	-2.991358	8	69	2	0.001
-0.523599	2.164094	-2.991358	6	72	6	0.001
-0.261799	2.164094	-2.991358	13	69	111	0.001
0.000000	2.164094	-2.991358	12	42	1	0.001
2.356194	2.164094	-2.991358	1	74	6	0.001
2.879793	2.164094	-2.991358	110	72	5	0.001
-3.141593	0.379747	-1.713059	1	67	5	0.001
-2.879793	0.379747	-1.713059	108	71	0	0.001
-2.617994	0.379747	-1.713059	4	68	3	0.001
-2.356194	0.379747	-1.713059	3	68	6	0.001
-2.094395	0.379747	-1.713059	6	68	111	0.001
-0.261799	0.379747	-1.713059	106	68	111	0.001
1.047198	0.379747	-1.713059	108	44	4	0.001
1.308997	0.379747	-1.713059	110	69	3	0.001
1.570796	0.379747	-1.713059	105	68	1	0.001
1.832596	0.379747	-1.713059	106	69	4	0.001
2.094395	0.379747	-1.713059	5	72	7	0.001
2.356194	0.379747	-1.713059	110	77	3	0.001
2.617994	0.379747	-1.713059	110	74	1	0.001
-3.141593	2.187132	-0.479875	11	69	7	0.001
-2.879793	2.187132	-0.479875	8	73	3	0.001
-2.617994	2.187132	-0.479875	104	68	0	0.001
-2.356194	2.187132	-0.479875	105	68	3	0.001
-1.832596	2.187132	-0.479875	111	68	6	0.001
-1.570796	2.187132	-0.479875	2	69	2	0.001
-1.308997	2.187132	-0.479875	5	48	2	0.001
-1.047198	2.187132	-0.479875	105	68	111	0.001
-0.785398	2.187132	-0.479875	0	49	3	0.001
-0.261799	2.187132	-0.479875	1	49	107	0.001
1.308997	2.187132	-0.479875	110	69	6	0.001
2.094395	2.187132	-0.479875	109	68	4	0.001
2.356194	2.187132	-0.479875	3	69	4	0.001
2.617994	2.187132	-0.479875	0	69	110	0.001
-2.879793	0.866955	-0.931351	5	68	2	0.001
-2.617994	0.866955	-0.931351	2	48	5	0.001
-2.094395	0.866955	-0.931351	109	74	109	0.001
-1.832596	0.866955	-0.931351	1	71	7	0.001
-1.570796	0.866955	-0.931351	2	68	2	0.001
-1.047198	0.866955	-0.931351	110	74	2	0.001
-0.785398	0.866955	-0.931351	7	71	3	0.001
-0.261799	0.866955	-0.931351	110	77	6	0.001
0.261799	0.866955	-0.931351	3	48	1	0.001
0.523599	0.866955	-0.931351	9	68	1	0.001
0.785398	0.866955	-0.931351	5	67	4	0.001
1.047198	0.866955	-0.931351	8	69	4	0.001
2.094395	0.866955	-0.931351	8	71	2	0.001
-2.879793	2.299159	2.264663	0	72	0	0.001
-2.356194	2.299159	2.264663	4	68	7	0.001
-1.832596	2.299159	2.264663	104	68	6	0.001
-1.570796	2.299159	2.264663	8	46	5	0.001
-0.785398	2.299159	2.264663	105	69	3	0.001
0.000000	2.299159	2.264663	7	74	0	0.001
0.785398	2.299159	2.264663	2	69	4	0.001
1.308997	2.299159	2.264663	3	68	1	0.001
1.570796	2.299159	2.264663	106	68	2	0.001
1.832596	2.299159	2.264663	3	69	3	0.001
2.094395	2.299159	2.264663	9	45	110	0.001
2.356194	2.299159	2.264663	106	69	3	0.001
2.879793	2.299159	2.264663	111	48	108	0.001
-3.141593	1.812176	0.656819	111	68	3	0.001
-2.617994	1.812176	0.656819	2	67	7	0.001
-2.356194	1.812176	0.656819	1	74	2	0.001
-1.832596	1.812176	0.656819	11	46	0	0.001
-1.570796	1.812176	0.656819	10	74	110	0.001
-1.308997	1.812176	0.656819	3	68	3	0.001
-0.261799	1.812176	0.656819	9	69	109	0.001
0.523599	1.812176	0.656819	4	74	0	0.001
0.785398	1.812176	0.656819	2	74	4	0.001
2.356194	1.812176	0.656819	13	68	2	0.001
2.617994	1.812176	0.656819	7	68	4	0.001
2.879793	1.812176	0.656819	109	75	1	0.001
-3.141593	2.719179	-1.780644	2	68	4	0.001
-2.617994	2.719179	-1.780644	111	72	1	0.001
-2.356194	2.719179	-1.780644	2	49	0	0.001
-1.570796	2.719179	-1.780644	9	68	110	0.001
-1.047198	2.719179	-1.780644	104	49	1	0.001
0.261799	2.719179	-1.780644	109	74	0	0.001
0.785398	2.719179	-1.780644	6	72	4	0.001
1.047198	2.719179	-1.780644	5	46	0	0.001
1.308997	2.719179	-1.780644	6	68	4	0.001
1.570796	2.719179	-1.780644	0	74	110	0.001
1.832596	2.719179	-1.780644	4	74	5	0.001
2.617994	2.719179	-1.780644	1	71	6	0.001
2.879793	2.719179	-1.780644	6	67	5	0.001
-3.141593	2.396274	-1.959260	111	68	0	0.001
-2.356194	2.396274	-1.959260	109	69	105	0.001
-2.094395	2.396274	-1.959260	111	70	0	0.001
-0.261799	2.396274	-1.959260	107	68	108	0.001
0.000000	2.396274	-1.959260	111	69	5	0.001
0.785398	2.396274	-1.959260	6	70	4	0.001
1.308997	2.396274	-1.959260	10	68	3	0.001
1.570796	2.396274	-1.959260	111	44	0	0.001
1.832596	2.396274	-1.959260	5	69	4	0.001
2.617994	2.396274	-1.959260	0	70	110	0.001
2.879793	2.396274	-1.959260	6	68	108	0.001
-3.141593	0.866395	-2.492918	109	70	110	0.001
-2.617994	0.866395	-2.492918	12	72	111	0.001
-2.356194	0.866395	-2.492918	111	71	3	0.001
-1.308997	0.866395	-2.492918	4	75	109	0.001
-0.785398	0.866395	-2.492918	0	69	4	0.001
-0.523599	0.866395	-2.492918	110	41	0	0.001
0.000000	0.866395	-2.492918	9	73	1	0.001
0.261799	0.866395	-2.492918	105	68	6	0.001
1.308997	0.866395	-2.492918	5	69	0	0.001
1.832596	0.866395	-2.492918	110	74	3	0.001
2.617994	0.866395	-2.492918	7	74	1	0.001
2.879793	0.866395	-2.492918	2	74	4	0.001
-2.356194	1.617114	-1.572037	3	70	5	0.001
-2.094395	1.617114	-1.572037	2	69	0	0.001
-1.832596	1.617114	-1.572037	5	69	111	0.001
-1.570796	1.617114	-1.572037	7	74	2	0.001
-1.047198	1.617114	-1.572037	3	72	3	0.001
-0.785398	1.617114	-1.572037	5	48	1	0.001
1.047198	1.617114	-1.572037	111	68	3	0.001
1.570796	1.617114	-1.572037	110	68	7	0.001
2.879793	1.617114	-1.572037	2	69	5	0.001
-3.141593	0.864993	2.278281	107	68	0	0.001
-2.094395	0.864993	2.278281	4	74	5	0.001
-1.832596	0.864993	2.278281	111	72	3	0.001
0.000000	0.864993	2.278281	5	70	111	0.001
0.523599	0.864993	2.278281	111	69	5	0.001
0.785398	0.864993	2.278281	105	72	1	0.001
1.308997	0.864993	2.278281	0	44	5	0.001
1.832596	0.864993	2.278281	110	68	4	0.001
2.879793	0.864993	2.278281	1	68	6	0.001
-3.141593	1.014500	0.906702	107	73	0	0.001
-2.879793	1.014500	0.906702	108	68	5	0.001
-2.356194	1.014500	0.906702	3	68	4	0.001
-2.094395	1.014500	0.906702	8	71	2	0.001
-1.832596	1.014500	0.906702	0	50	107	0.001
-1.308997	1.014500	0.906702	103	48	3	0.001
-1.047198	1.014500	0.906702	110	72	1	0.001
-0.785398	1.014500	0.906702	8	36	110	0.001
-0.523599	1.014500	0.906702	0	46	3	0.001
0.261799	1.014500	0.906702	110	67	2	0.001
0.785398	1.014500	0.906702	11	68	110	0.001
1.308997	1.014500	0.906702	7	69	2	0.001
1.832596	1.014500	0.906702	9	68	1	0.001
-2.617994	2.247462	0.191623	9	40	5	0.001
-2.094395	2.247462	0.191623	1	50	0	0.001
-1.832596	2.247462	0.191623	106	74	3	0.001
-1.570796	2.247462	0.191623	106	68	0	0.001
-1.308997	2.247462	0.191623	110	69	111	0.001
-1.047198	2.247462	0.191623	1	70	3	0.001
-0.785398	2.247462	0.191623	108	69	4	0.001
-0.523599	2.247462	0.191623	2	68	107	0.001
-0.261799	2.247462	0.191623	108	69	4	0.001
0.261799	2.247462	0.191623	1	69	6	0.001
0.523599	2.247462	0.191623	2	68	7	0.001
0.785398	2.247462	0.191623	105	50	2	0.001
2.356194	2.247462	0.191623	6	46	1	0.001
2.617994	2.247462	0.191623	11	67	3	0.001
2.879793	2.247462	0.191623	2	72	4	0.001
-3.141593	2.724429	-0.348782	2	70	107	0.001
-2.356194	2.724429	-0.348782	107	68	7	0.001
-2.094395	2.724429	-0.348782	1	68	6	0.001
-1.832596	2.724429	-0.348782	12	68	2	0.001
-1.570796	2.724429	-0.348782	2	74	107	0.001
-1.047198	2.724429	-0.348782	5	69	105	0.001
-0.785398	2.724429	-0.348782	4	71	5	0.001
-0.261799	2.724429	-0.348782	1	74	111	0.001
0.000000	2.724429	-0.348782	4	70	5	0.001
0.261799	2.724429	-0.348782	4	72	110	0.001
0.523599	2.724429	-0.348782	1	67	1	0.001
2.879793	2.724429	-0.348782	8	67	1	0.001
-2.879793	1.194549	-0.801900	7	69	6	0.001
-2.356194	1.194549	-0.801900	109	69	2	0.001
-2.094395	1.194549	-0.801900	111	74	3	0.001
-1.832596	1.194549	-0.801900	2	49	106	0.001
-1.570796	1.194549	-0.801900	2	73	110	0.001
-1.308997	1.194549	-0.801900	6	69	1	0.001
-1.047198	1.194549	-0.801900	0	73	111	0.001
-0.785398	1.194549	-0.801900	9	69	2	0.001
0.785398	1.194549	-0.801900	8	68	1	0.001
1.308997	1.194549	-0.801900	9	44	4	0.001
1.570796	1.194549	-0.801900	2	72	5	0.001
1.832596	1.194549	-0.801900	108	43	6	0.001
2.617994	1.194549	-0.801900	7	74	106	0.001
2.879793	1.194549	-0.801900	110	71	2	0.001
-2.617994	1.504028	0.636812	11	69	4	0.001
-2.356194	1.504028	0.636812	2	74	5	0.001
-2.094395	1.504028	0.636812	3	49	2	0.001
-1.832596	1.504028	0.636812	109	69	1	0.001
-1.570796	1.504028	0.636812	111	69	3	0.001
-0.785398	1.504028	0.636812	104	67	1	0.001
-0.523599	1.504028	0.636812	110	70	2	0.001
-0.261799	1.504028	0.636812	5	49	4	0.001
0.261799	1.504028	0.636812	5	74	5	0.001
0.785398	1.504028	0.636812	109	68	3	0.001
2.617994	1.504028	0.636812	6	74	6	0.001
-3.141593	1.741644	-2.695914	109	68	4	0.001
-2.879793	1.741644	-2.695914	107	46	2	0.001
