144	1.2	1
-3.141593	2.587733	0.232235
0.000000	0.000000	0.000000
2hym.pdb	6.494	2.181	-2.608
model.B99990001.pdb	13.951	98.467	-91.773
2.094395	2.404280	-0.174044	19	83	142	0.031
-1.832596	1.756530	-2.105156	136	91	142	0.031
-1.308997	1.756530	-2.105156	129	86	137	0.031
-1.308997	1.869911	2.701025	16	87	141	0.031
-3.141593	0.458961	-0.107937	15	85	6	0.031
2.094395	0.458961	-0.107937	12	83	5	0.031
2.094395	1.846342	-1.796954	8	86	140	0.031
2.356194	1.846342	-1.796954	12	87	132	0.031
2.879793	2.393226	1.857173	7	87	137	0.031
1.832596	1.574060	2.783565	8	84	139	0.031
0.000000	1.417623	-0.202254	17	84	1	0.031
-1.570796	0.370812	-2.547742	4	87	2	0.031
-1.308997	0.370812	-2.547742	4	86	2	0.031
-0.261799	2.979456	-1.009304	9	87	137	0.031
2.617994	2.979456	-1.009304	141	84	143	0.031
0.785398	0.831641	0.616218	140	83	4	0.031
1.832596	0.831641	0.616218	7	84	143	0.031
2.356194	0.831641	0.616218	20	87	3	0.031
-0.261799	2.343981	-1.040456	17	87	139	0.031
1.570796	2.343981	-1.040456	24	87	133	0.031
-1.570796	1.413347	-1.339188	135	87	141	0.031
2.617994	1.413347	-1.339188	17	83	2	0.031
-2.356194	0.674054	1.013609	6	84	4	0.031
1.308997	0.674054	1.013609	15	81	5	0.031
-2.617994	0.906588	1.252948	10	87	2	0.031
-1.832596	0.906588	1.252948	12	85	142	0.031
-2.617994	2.164094	-2.991358	136	87	141	0.031
-0.523599	0.866955	-0.931351	5	86	8	0.031
2.094395	0.866955	-0.931351	19	88	140	0.031
0.261799	2.299159	2.264663	138	87	1	0.031
2.879793	2.299159	2.264663	6	86	143	0.031
-1.570796	2.396274	-1.959260	14	85	135	0.031
2.356194	2.396274	-1.959260	21	87	138	0.031
2.617994	2.396274	-1.959260	15	88	132	0.031
2.356194	1.617114	-1.572037	13	87	141	0.031
2.617994	0.864993	2.278281	19	87	2	0.031
-1.832596	1.014500	0.906702	8	84	3	0.031
2.356194	2.724429	-0.348782	142	82	135	0.031
2.356194	1.194549	-0.801900	8	87	0	0.031
1.308997	2.579248	-2.364801	13	86	141	0.031
-2.094395	2.984978	1.954446	19	87	136	0.031
-2.617994	1.809167	1.213774	8	87	141	0.031
-1.832596	1.809167	1.213774	11	81	139	0.031
2.617994	1.135834	-1.431087	8	87	135	0.031
2.879793	1.135834	-1.431087	15	87	0	0.031
-2.356194	1.195355	1.200319	1	84	139	0.031
-0.785398	1.195355	1.200319	22	81	0	0.031
0.523599	1.195355	1.200319	142	83	3	0.031
1.832596	2.153910	-1.714959	7	83	140	0.031
2.356194	2.153910	-1.714959	18	87	131	0.031
2.879793	2.153910	-1.714959	23	86	137	0.031
-2.094395	1.134497	-1.109631	136	87	137	0.031
-1.832596	1.134497	-1.109631	15	81	136	0.031
2.617994	1.134497	-1.109631	16	91	140	0.031
2.094395	0.961715	0.014085	23	87	143	0.031
-2.617994	1.440580	2.260026	2	86	139	0.031
2.356194	1.440580	2.260026	19	87	3	0.031
-2.356194	2.863997	0.549740	142	86	135	0.031
-1.047198	0.290380	-0.796960	16	84	5	0.031
2.356194	0.290380	-0.796960	12	87	0	0.031
2.094395	1.836682	-0.676006	18	87	139	0.031
2.879793	1.836682	-0.676006	10	90	137	0.031
-2.356194	1.948085	-2.363031	14	85	141	0.031
2.879793	1.736875	3.023612	0	83	143	0.031
1.047198	0.591903	2.010408	19	63	143	0.031
2.356194	0.591903	2.010408	142	87	1	0.031
-1.832596	2.760637	2.781135	16	84	135	0.031
-0.261799	2.760637	2.781135	14	82	135	0.031
0.261799	2.760637	2.781135	133	87	140	0.031
-0.785398	1.113094	-0.272241	1	83	1	0.031
-0.261799	2.456751	-1.503343	15	82	129	0.031
0.523599	2.456751	-1.503343	20	82	139	0.031
2.617994	2.456751	-1.503343	7	83	140	0.031
-2.094395	2.138223	1.678323	5	87	140	0.031
-0.785398	2.138223	1.678323	132	87	140	0.031
-3.141593	1.168678	2.108595	15	83	142	0.031
-1.047198	2.180315	-1.357379	14	87	0	0.031
-2.094395	2.478122	2.609777	9	83	129	0.031
-3.141593	1.699788	2.452890	5	89	138	0.031
-2.617994	1.488617	1.159546	8	81	140	0.031
-2.617994	1.325504	-1.671296	18	91	141	0.031
1.832596	1.606104	-0.451151	141	87	3	0.031
-3.141593	1.506530	1.988858	9	88	135	0.031
-2.879793	1.506530	1.988858	17	90	139	0.031
-2.617994	1.506530	1.988858	8	91	137	0.031
-2.356194	1.506530	1.988858	2	91	2	0.031
-1.570796	2.637879	2.121598	139	87	135	0.031
-2.879793	1.555207	1.708892	9	87	142	0.031
2.617994	2.295480	1.008277	23	87	1	0.031
-2.356194	0.203748	0.590255	133	87	3	0.031
2.094395	0.203748	0.590255	3	83	142	0.031
-0.261799	1.510910	-0.740472	7	83	142	0.031
-3.141593	0.571433	-1.188419	2	91	3	0.031
-2.879793	0.571433	-1.188419	14	90	139	0.031
-2.094395	0.571433	-1.188419	8	87	142	0.031
-0.261799	0.571433	-1.188419	138	87	7	0.031
-3.141593	2.033014	2.977192	143	86	1	0.031
-0.523599	0.297065	2.160177	10	83	4	0.031
0.785398	2.104282	-0.813972	21	87	140	0.031
2.094395	2.104282	-0.813972	15	90	0	0.031
-2.617994	1.872854	1.543456	0	83	142	0.031
1.570796	0.762244	-0.273349	18	87	3	0.031
-2.356194	0.685216	-1.712745	15	87	142	0.031
-2.356194	1.025536	1.576859	14	85	0	0.031
0.523599	2.251330	-2.330739	18	87	133	0.031
2.356194	1.732874	-0.951685	11	91	138	0.031
-2.617994	0.960688	-0.577532	135	83	140	0.031
2.879793	0.960688	-0.577532	3	87	140	0.031
-3.141593	1.824694	1.850876	15	87	139	0.031
-2.356194	1.824694	1.850876	8	83	140	0.031
-2.094395	1.824694	1.850876	142	87	3	0.031
-1.047198	2.704512	1.488683	141	87	140	0.031
-2.094395	0.910508	1.903534	14	84	2	0.031
-1.832596	2.881233	-2.582574	20	82	136	0.031
-1.570796	2.881233	-2.582574	8	84	140	0.031
-2.617994	1.696674	-1.253233	2	87	134	0.031
-1.832596	1.696674	-1.253233	15	84	139	0.031
2.617994	1.696674	-1.253233	23	87	140	0.031
0.000000	2.073035	2.027405	137	85	142	0.031
-2.356194	1.247695	1.809890	9	83	3	0.031
2.356194	1.904882	-1.478089	18	87	138	0.031
2.617994	1.904882	-1.478089	9	86	139	0.031
1.832596	0.709924	0.218797	6	87	7	0.031
1.047198	0.496451	0.593859	14	87	4	0.031
-2.879793	1.433411	-1.035986	12	87	133	0.031
2.879793	1.433411	-1.035986	8	82	132	0.031
-2.356194	1.658653	-2.409879	140	87	138	0.031
-2.356194	0.418037	1.360082	1	82	7	0.031
1.047198	0.418037	1.360082	2	87	5	0.031
1.308997	0.418037	1.360082	14	85	143	0.031
1.570796	0.418037	1.360082	8	81	143	0.031
2.094395	2.455966	-0.641220	23	87	143	0.031
-2.356194	2.356369	3.005869	0	54	139	0.030
-3.141593	2.299159	2.264663	15	58	137	0.029
0.261799	0.370812	-2.547742	17	59	0	0.027
-0.523599	2.979456	-1.009304	12	60	131	0.027
-1.832596	0.674054	1.013609	10	62	1	0.027
0.785398	0.674054	1.013609	2	64	4	0.027
0.261799	2.164094	-2.991358	16	64	138	0.027
1.308997	2.164094	-2.991358	10	63	140	0.027
0.261799	0.864993	2.278281	8	59	0	0.027
0.523599	0.864993	2.278281	15	58	142	0.027
-0.523599	1.194549	-0.801900	9	63	2	0.027
-0.261799	1.194549	-0.801900	8	64	0	0.027
1.047198	2.174483	2.653697	20	55	137	0.027
-1.570796	2.579248	-2.364801	16	59	136	0.027
-1.308997	2.579248	-2.364801	3	61	133	0.027
-2.617994	1.909857	-0.381669	18	87	140	0.027
-1.570796	1.134497	-1.109631	23	87	137	0.027
0.261799	1.134497	-1.109631	6	85	141	0.027
2.356194	1.134497	-1.109631	12	60	137	0.027
1.832596	2.041297	-2.664597	20	87	133	0.027
-2.879793	0.290380	-0.796960	5	63	139	0.027
1.570796	1.948085	-2.363031	9	61	140	0.027
1.570796	1.113094	-0.272241	24	64	2	0.027
0.000000	2.456751	-1.503343	142	55	127	0.027
-1.308997	2.478122	2.609777	1	64	135	0.027
-0.261799	1.184361	0.625864	23	64	4	0.027
1.570796	1.606104	-0.451151	28	64	141	0.027
2.617994	1.606104	-0.451151	134	87	142	0.027
-2.879793	2.637879	2.121598	8	64	130	0.027
-1.308997	1.510910	-0.740472	11	90	137	0.027
-2.617994	0.571433	-1.188419	10	62	139	0.027
-0.261799	1.982574	-1.115518	14	55	140	0.027
-0.523599	2.104282	-0.813972	8	63	138	0.027
1.308997	2.588535	-2.976617	17	64	135	0.027
1.832596	0.700570	1.559208	18	87	143	0.027
-0.261799	1.433411	-1.035986	12	60	1	0.027
0.785398	0.914445	2.687814	20	58	140	0.027
2.617994	1.335669	0.897240	21	64	140	0.026
1.047198	1.510910	-0.740472	25	59	0	0.026
-2.617994	2.033014	2.977192	17	56	134	0.026
1.570796	1.756530	-2.105156	18	61	142	0.025
-2.879793	0.674054	1.013609	21	59	4	0.025
2.617994	2.164094	-2.991358	24	59	137	0.025
-3.141593	0.866955	-0.931351	16	61	1	0.025
-0.523599	2.299159	2.264663	135	59	139	0.025
2.094395	1.617114	-1.572037	24	59	141	0.025
2.879793	0.864993	2.278281	140	58	1	0.025
0.000000	2.579248	-2.364801	19	59	132	0.025
-0.523599	2.984978	1.954446	141	62	141	0.025
1.308997	1.766067	2.153843	16	52	142	0.025
-2.094395	1.310100	1.488307	18	59	143	0.025
-1.047198	1.310100	1.488307	18	59	2	0.025
0.785398	2.153910	-1.714959	25	61	136	0.025
-3.141593	1.134497	-1.109631	10	58	135	0.025
1.308997	0.961715	0.014085	11	58	142	0.025
-2.356194	0.290380	-0.796960	13	56	3	0.025
-1.832596	0.290380	-0.796960	21	64	1	0.025
1.047198	1.836682	-0.676006	22	56	139	0.025
-3.141593	0.591903	2.010408	4	61	9	0.025
-2.094395	1.699788	2.452890	0	59	137	0.025
0.523599	1.184361	0.625864	22	56	3	0.025
2.094395	1.218453	2.777284	30	55	143	0.025
1.047198	1.555207	1.708892	19	59	140	0.025
-0.261799	0.297065	2.160177	5	59	6	0.025
-1.308997	1.721184	-0.153948	17	58	143	0.025
1.047198	2.588535	-2.976617	18	58	140	0.025
0.261799	0.700570	1.559208	7	59	8	0.025
-1.832596	1.824694	1.850876	9	53	0	0.025
-1.570796	0.910508	1.903534	11	64	4	0.025
2.617994	2.881233	-2.582574	17	59	136	0.025
-2.356194	1.696674	-1.253233	139	61	138	0.025
-2.879793	1.247695	1.809890	0	48	141	0.025
1.570796	1.904882	-1.478089	18	59	136	0.025
-1.047198	1.433411	-1.035986	4	45	140	0.025
-2.356194	0.910508	1.903534	0	55	6	0.025
2.356194	1.870545	-2.976234	18	53	138	0.024
-2.356194	1.617114	-1.572037	12	54	136	0.024
2.879793	1.948085	-2.363031	0	55	136	0.024
-2.879793	0.762244	-0.273349	20	58	2	0.024
-1.832596	2.073035	2.027405	22	54	139	0.024
-2.617994	1.904882	-1.478089	140	58	139	0.024
0.261799	0.961715	0.014085	27	98	5	0.024
-0.523599	2.579248	-2.364801	21	51	141	0.024
1.832596	0.571433	-1.188419	15	52	5	0.024
-2.879793	1.450119	-2.739050	17	87	142	0.023
-2.617994	1.450119	-2.739050	134	87	143	0.023
1.832596	1.450119	-2.739050	23	87	142	0.023
2.617994	1.450119	-2.739050	139	87	143	0.023
-3.141593	2.404280	-0.174044	140	83	142	0.023
0.000000	2.404280	-0.174044	9	60	137	0.023
0.785398	2.404280	-0.174044	17	61	136	0.023
1.308997	2.404280	-0.174044	20	89	143	0.023
1.832596	2.404280	-0.174044	138	92	140	0.023
2.356194	2.404280	-0.174044	138	91	136	0.023
2.617994	2.404280	-0.174044	22	87	137	0.023
-2.617994	1.756530	-2.105156	25	87	1	0.023
-2.356194	1.756530	-2.105156	138	87	136	0.023
-2.094395	1.756530	-2.105156	138	84	142	0.023
-1.570796	1.756530	-2.105156	131	88	0	0.023
2.094395	1.756530	-2.105156	14	91	140	0.023
2.879793	1.756530	-2.105156	19	86	135	0.023
-3.141593	1.869911	2.701025	20	90	1	0.023
-2.879793	1.869911	2.701025	4	92	5	0.023
-2.617994	1.869911	2.701025	7	86	3	0.023
-2.356194	1.869911	2.701025	5	87	143	0.023
-2.094395	1.869911	2.701025	8	85	137	0.023
-1.832596	1.869911	2.701025	10	87	2	0.023
-1.570796	1.869911	2.701025	18	87	1	0.023
-0.261799	1.869911	2.701025	13	87	140	0.023
0.261799	1.869911	2.701025	4	48	1	0.023
0.523599	1.869911	2.701025	5	84	141	0.023
0.785398	1.869911	2.701025	10	87	1	0.023
1.570796	1.869911	2.701025	28	87	0	0.023
2.094395	1.869911	2.701025	21	84	3	0.023
2.356194	1.869911	2.701025	20	84	1	0.023
2.617994	1.869911	2.701025	19	94	0	0.023
2.879793	1.869911	2.701025	12	87	141	0.023
-2.879793	0.458961	-0.107937	20	88	6	0.023
-2.094395	0.458961	-0.107937	135	85	5	0.023
-1.047198	0.458961	-0.107937	7	59	2	0.023
-0.785398	0.458961	-0.107937	8	84	4	0.023
-0.523599	0.458961	-0.107937	6	88	143	0.023
0.000000	0.458961	-0.107937	9	81	143	0.023
0.785398	0.458961	-0.107937	14	81	0	0.023
1.308997	0.458961	-0.107937	16	87	140	0.023
1.570796	0.458961	-0.107937	18	87	6	0.023
2.356194	0.458961	-0.107937	143	91	6	0.023
2.617994	0.458961	-0.107937	19	83	0	0.023
2.879793	0.458961	-0.107937	2	86	142	0.023
-2.879793	1.599406	1.426070	17	85	4	0.023
-2.617994	1.599406	1.426070	3	83	138	0.023
-2.356194	1.599406	1.426070	2	89	4	0.023
-2.094395	1.599406	1.426070	11	91	2	0.023
-1.832596	1.599406	1.426070	8	92	141	0.023
-1.570796	1.599406	1.426070	2	86	138	0.023
-1.308997	1.599406	1.426070	16	81	3	0.023
-0.785398	1.599406	1.426070	133	85	142	0.023
-0.523599	1.599406	1.426070	17	87	3	0.023
-0.261799	1.599406	1.426070	141	87	2	0.023
0.000000	1.599406	1.426070	134	87	8	0.023
0.523599	1.599406	1.426070	137	84	5	0.023
0.785398	1.599406	1.426070	140	83	5	0.023
-0.261799	1.554776	0.100351	22	83	3	0.023
0.523599	1.554776	0.100351	24	81	3	0.023
1.308997	1.554776	0.100351	136	87	5	0.023
1.570796	1.554776	0.100351	20	87	5	0.023
1.832596	1.554776	0.100351	136	87	6	0.023
2.094395	1.554776	0.100351	135	87	4	0.023
2.356194	1.554776	0.100351	18	84	6	0.023
-3.141593	0.618092	2.539118	143	64	6	0.023
-2.879793	0.618092	2.539118	13	86	4	0.023
-1.047198	0.618092	2.539118	20	81	5	0.023
-0.261799	0.618092	2.539118	8	87	143	0.023
0.261799	0.618092	2.539118	2	84	8	0.023
0.523599	0.618092	2.539118	13	58	5	0.023
0.785398	0.618092	2.539118	20	81	143	0.023
1.047198	0.618092	2.539118	18	83	143	0.023
1.308997	0.618092	2.539118	16	86	3	0.023
2.356194	0.618092	2.539118	2	87	3	0.023
2.617994	0.618092	2.539118	143	91	5	0.023
2.879793	0.618092	2.539118	16	83	5	0.023
-3.141593	1.846342	-1.796954	6	84	138	0.023
-2.879793	1.846342	-1.796954	18	88	134	0.023
-2.356194	1.846342	-1.796954	137	83	130	0.023
-2.094395	1.846342	-1.796954	22	84	137	0.023
-1.308997	1.846342	-1.796954	138	84	137	0.023
-1.047198	1.846342	-1.796954	139	82	138	0.023
-0.261799	1.846342	-1.796954	21	83	133	0.023
0.523599	1.846342	-1.796954	24	86	0	0.023
1.570796	1.846342	-1.796954	11	86	136	0.023
1.832596	1.846342	-1.796954	5	86	138	0.023
2.617994	1.846342	-1.796954	6	87	142	0.023
-3.141593	0.615174	-0.666022	12	61	141	0.023
-2.879793	0.615174	-0.666022	1	86	139	0.023
-2.356194	0.615174	-0.666022	21	91	9	0.023
-2.094395	0.615174	-0.666022	11	90	5	0.023
-1.832596	0.615174	-0.666022	14	86	6	0.023
-1.308997	0.615174	-0.666022	3	84	138	0.023
-1.047198	0.615174	-0.666022	139	87	0	0.023
-0.785398	0.615174	-0.666022	8	87	2	0.023
0.261799	0.615174	-0.666022	20	85	3	0.023
0.785398	0.615174	-0.666022	24	88	0	0.023
1.570796	0.615174	-0.666022	23	61	142	0.023
1.832596	0.615174	-0.666022	19	87	3	0.023
2.094395	0.615174	-0.666022	18	91	6	0.023
2.617994	0.615174	-0.666022	19	90	6	0.023
2.879793	0.615174	-0.666022	9	84	134	0.023
-3.141593	2.393226	1.857173	5	93	0	0.023
-2.617994	2.393226	1.857173	142	87	136	0.023
-2.356194	2.393226	1.857173	8	91	1	0.023
-2.094395	2.393226	1.857173	8	87	139	0.023
-1.832596	2.393226	1.857173	14	86	1	0.023
-1.308997	2.393226	1.857173	138	62	142	0.023
-1.047198	2.393226	1.857173	19	81	141	0.023
-0.785398	2.393226	1.857173	138	85	140	0.023
-0.523599	2.393226	1.857173	133	64	0	0.023
-0.261799	2.393226	1.857173	9	87	0	0.023
2.617994	2.393226	1.857173	15	87	143	0.023
-2.879793	1.569311	-3.003978	139	90	7	0.023
-2.617994	1.569311	-3.003978	142	91	143	0.023
-2.356194	1.569311	-3.003978	129	94	142	0.023
-2.094395	1.569311	-3.003978	138	91	140	0.023
0.523599	1.569311	-3.003978	11	81	142	0.023
0.785398	1.569311	-3.003978	6	81	137	0.023
1.047198	1.569311	-3.003978	23	81	0	0.023
1.570796	1.569311	-3.003978	18	60	143	0.023
1.832596	1.569311	-3.003978	25	86	143	0.023
2.094395	1.569311	-3.003978	24	91	4	0.023
2.356194	1.569311	-3.003978	141	83	142	0.023
2.617994	1.569311	-3.003978	134	93	143	0.023
2.879793	1.569311	-3.003978	136	91	2	0.023
-3.141593	0.419640	2.974122	28	85	0	0.023
-2.356194	0.419640	2.974122	0	95	2	0.023
-1.047198	0.419640	2.974122	7	83	6	0.023
-0.523599	0.419640	2.974122	13	83	6	0.023
0.261799	0.419640	2.974122	19	59	7	0.023
0.523599	0.419640	2.974122	15	61	8	0.023
1.308997	0.419640	2.974122	24	87	8	0.023
1.832596	0.419640	2.974122	19	83	7	0.023
2.094395	0.419640	2.974122	140	85	0	0.023
2.617994	0.419640	2.974122	140	96	4	0.023
-3.141593	1.134796	2.434290	6	87	7	0.023
-2.879793	1.134796	2.434290	15	87	1	0.023
-2.617994	1.134796	2.434290	9	64	4	0.023
-2.356194	1.134796	2.434290	4	82	0	0.023
-1.832596	1.134796	2.434290	21	92	4	0.023
-1.570796	1.134796	2.434290	15	87	3	0.023
-0.785398	1.134796	2.434290	13	87	4	0.023
-0.523599	1.134796	2.434290	12	91	1	0.023
0.785398	1.134796	2.434290	8	87	2	0.023
1.047198	1.134796	2.434290	14	96	5	0.023
1.570796	1.134796	2.434290	26	84	142	0.023
2.094395	1.134796	2.434290	142	85	2	0.023
2.356194	1.134796	2.434290	30	87	4	0.023
2.617994	1.134796	2.434290	140	85	137	0.023
2.879793	1.134796	2.434290	8	83	1	0.023
-3.141593	1.574060	2.783565	9	91	141	0.023
-2.879793	1.574060	2.783565	6	91	2	0.023
-2.356194	1.574060	2.783565	12	87	141	0.023
-1.832596	1.574060	2.783565	12	85	143	0.023
-1.570796	1.574060	2.783565	15	88	0	0.023
-1.308997	1.574060	2.783565	14	83	142	0.023
-0.523599	1.574060	2.783565	14	87	138	0.023
-0.261799	1.574060	2.783565	11	86	143	0.023
0.261799	1.574060	2.783565	18	61	137	0.023
0.785398	1.574060	2.783565	18	58	141	0.023
1.308997	1.574060	2.783565	13	85	137	0.023
1.570796	1.574060	2.783565	22	83	141	0.023
2.879793	1.574060	2.783565	140	87	0	0.023
-3.141593	2.587733	0.232235	134	87	136	0.023
-2.879793	2.587733	0.232235	18	64	140	0.023
-2.617994	2.587733	0.232235	131	87	138	0.023
0.523599	2.587733	0.232235	22	81	131	0.023
1.047198	2.587733	0.232235	15	84	143	0.023
1.308997	2.587733	0.232235	15	83	139	0.023
1.570796	2.587733	0.232235	19	86	132	0.023
1.832596	2.587733	0.232235	24	87	140	0.023
2.094395	2.587733	0.232235	26	91	1	0.023
2.356194	2.587733	0.232235	20	88	143	0.023
2.617994	2.587733	0.232235	138	87	135	0.023
2.879793	2.587733	0.232235	16	83	133	0.023
-3.141593	1.413430	2.550734	137	91	2	0.023
-2.879793	1.413430	2.550734	0	85	5	0.023
-2.356194	1.413430	2.550734	7	87	5	0.023
-0.785398	1.413430	2.550734	15	87	141	0.023
-0.261799	1.413430	2.550734	11	85	3	0.023
0.000000	1.413430	2.550734	4	90	141	0.023
0.261799	1.413430	2.550734	7	87	138	0.023
0.523599	1.413430	2.550734	17	56	143	0.023
0.785398	1.413430	2.550734	12	55	2	0.023
1.047198	1.413430	2.550734	26	48	139	0.023
1.570796	1.413430	2.550734	9	87	140	0.023
2.094395	1.413430	2.550734	29	87	143	0.023
2.356194	1.413430	2.550734	30	84	7	0.023
2.617994	1.413430	2.550734	138	87	5	0.023
2.879793	1.413430	2.550734	0	90	141	0.023
-2.094395	1.417623	-0.202254	17	86	4	0.023
-1.570796	1.417623	-0.202254	7	82	0	0.023
-1.308997	1.417623	-0.202254	14	87	3	0.023
-0.785398	1.417623	-0.202254	9	84	142	0.023
-0.523599	1.417623	-0.202254	15	83	1	0.023
-0.261799	1.417623	-0.202254	4	86	136	0.023
0.261799	1.417623	-0.202254	17	87	143	0.023
0.785398	1.417623	-0.202254	2	83	142	0.023
1.047198	1.417623	-0.202254	2	82	0	0.023
1.570796	1.417623	-0.202254	142	83	2	0.023
2.094395	1.417623	-0.202254	137	86	1	0.023
2.356194	1.417623	-0.202254	10	88	4	0.023
2.617994	1.417623	-0.202254	138	91	143	0.023
-3.141593	0.850607	-1.335383	14	87	3	0.023
-2.879793	0.850607	-1.335383	18	84	2	0.023
-2.617994	0.850607	-1.335383	13	83	138	0.023
-2.356194	0.850607	-1.335383	23	83	4	0.023
-2.094395	0.850607	-1.335383	19	83	1	0.023
-1.570796	0.850607	-1.335383	18	87	1	0.023
-1.047198	0.850607	-1.335383	134	61	2	0.023
-0.785398	0.850607	-1.335383	143	83	0	0.023
-0.523599	0.850607	-1.335383	5	83	0	0.023
0.000000	0.850607	-1.335383	139	83	2	0.023
0.261799	0.850607	-1.335383	137	87	0	0.023
2.617994	0.850607	-1.335383	11	90	139	0.023
2.879793	0.850607	-1.335383	6	84	143	0.023
-2.879793	0.370812	-2.547742	21	82	3	0.023
-2.094395	0.370812	-2.547742	4	87	3	0.023
-1.832596	0.370812	-2.547742	2	91	1	0.023
-0.261799	0.370812	-2.547742	12	59	3	0.023
0.523599	0.370812	-2.547742	141	85	1	0.023
0.785398	0.370812	-2.547742	134	56	6	0.023
1.308997	0.370812	-2.547742	141	81	1	0.023
2.879793	0.370812	-2.547742	23	85	143	0.023
0.785398	0.640596	-2.797608	137	87	140	0.023
1.308997	0.640596	-2.797608	134	83	3	0.023
-0.785398	2.979456	-1.009304	14	87	134	0.023
0.261799	2.979456	-1.009304	3	87	132	0.023
0.523599	2.979456	-1.009304	14	93	136	0.023
0.785398	2.979456	-1.009304	10	92	137	0.023
1.047198	2.979456	-1.009304	17	84	130	0.023
2.879793	2.979456	-1.009304	8	89	139	0.023
-3.141593	0.831641	0.616218	17	82	9	0.023
-2.356194	0.831641	0.616218	14	86	0	0.023
-1.832596	0.831641	0.616218	10	83	8	0.023
-1.570796	0.831641	0.616218	6	86	5	0.023
-0.785398	0.831641	0.616218	3	86	2	0.023
-0.261799	0.831641	0.616218	25	87	8	0.023
0.000000	0.831641	0.616218	19	91	11	0.023
0.523599	0.831641	0.616218	18	87	5	0.023
1.308997	0.831641	0.616218	11	87	7	0.023
2.094395	0.831641	0.616218	14	84	5	0.023
2.879793	0.831641	0.616218	21	87	4	0.023
-3.141593	2.343981	-1.040456	14	81	141	0.023
-2.094395	2.343981	-1.040456	20	82	133	0.023
-1.308997	2.343981	-1.040456	12	85	136	0.023
-1.047198	2.343981	-1.040456	15	81	0	0.023
-0.785398	2.343981	-1.040456	17	82	136	0.023
-0.523599	2.343981	-1.040456	14	42	137	0.023
0.000000	2.343981	-1.040456	5	91	140	0.023
1.308997	2.343981	-1.040456	23	86	135	0.023
1.832596	2.343981	-1.040456	20	90	143	0.023
2.094395	2.343981	-1.040456	136	88	140	0.023
2.356194	2.343981	-1.040456	14	87	143	0.023
2.617994	2.343981	-1.040456	141	91	143	0.023
2.879793	2.343981	-1.040456	19	82	140	0.023
-3.141593	1.998705	2.370472	5	81	137	0.023
-2.879793	1.998705	2.370472	0	87	143	0.023
-2.617994	1.998705	2.370472	13	86	142	0.023
-2.356194	1.998705	2.370472	8	58	140	0.023
-2.094395	1.998705	2.370472	7	87	142	0.023
-1.832596	1.998705	2.370472	11	87	0	0.023
-1.308997	1.998705	2.370472	18	87	3	0.023
-1.047198	1.998705	2.370472	139	82	2	0.023
-0.261799	1.998705	2.370472	9	86	0	0.023
0.000000	1.998705	2.370472	10	85	1	0.023
0.523599	1.998705	2.370472	9	48	142	0.023
0.785398	1.998705	2.370472	15	81	143	0.023
1.308997	1.998705	2.370472	13	82	136	0.023
1.570796	1.998705	2.370472	26	87	1	0.023
2.356194	1.998705	2.370472	28	81	0	0.023
2.879793	1.998705	2.370472	11	84	136	0.023
-3.141593	1.413347	-1.339188	1	87	139	0.023
-2.879793	1.413347	-1.339188	2	87	137	0.023
-2.617994	1.413347	-1.339188	4	84	137	0.023
-2.094395	1.413347	-1.339188	15	91	142	0.023
-1.832596	1.413347	-1.339188	128	64	143	0.023
-1.047198	1.413347	-1.339188	14	83	4	0.023
-0.261799	1.413347	-1.339188	141	82	140	0.023
0.523599	1.413347	-1.339188	26	89	142	0.023
1.832596	1.413347	-1.339188	14	87	140	0.023
2.094395	1.413347	-1.339188	25	87	142	0.023
2.356194	1.413347	-1.339188	17	92	134	0.023
2.879793	1.413347	-1.339188	20	88	141	0.023
-3.141593	0.674054	1.013609	25	87	8	0.023
-2.617994	0.674054	1.013609	15	91	5	0.023
-2.094395	0.674054	1.013609	9	61	5	0.023
-1.047198	0.674054	1.013609	22	64	0	0.023
-0.785398	0.674054	1.013609	2	84	2	0.023
-0.523599	0.674054	1.013609	27	82	8	0.023
0.261799	0.674054	1.013609	21	87	7	0.023
0.523599	0.674054	1.013609	16	85	9	0.023
1.047198	0.674054	1.013609	19	84	8	0.023
1.570796	0.674054	1.013609	16	87	4	0.023
1.832596	0.674054	1.013609	14	88	4	0.023
2.356194	0.674054	1.013609	0	87	0	0.023
-2.879793	0.906588	1.252948	6	87	2	0.023
-2.356194	0.906588	1.252948	8	87	3	0.023
-2.094395	0.906588	1.252948	9	87	7	0.023
-1.570796	0.906588	1.252948	8	83	5	0.023
-1.308997	0.906588	1.252948	24	83	5	0.023
0.000000	0.906588	1.252948	23	85	6	0.023
0.261799	0.906588	1.252948	142	83	9	0.023
0.785398	0.906588	1.252948	18	83	8	0.023
1.047198	0.906588	1.252948	137	91	8	0.023
-2.094395	1.335669	0.897240	9	87	2	0.023
-1.832596	1.335669	0.897240	7	48	143	0.023
-1.570796	1.335669	0.897240	13	83	6	0.023
1.047198	1.335669	0.897240	18	84	5	0.023
-2.617994	1.870545	-2.976234	136	91	2	0.023
1.047198	1.870545	-2.976234	13	87	141	0.023
1.308997	1.870545	-2.976234	6	82	138	0.023
1.570796	1.870545	-2.976234	142	87	4	0.023
1.832596	1.870545	-2.976234	20	91	142	0.023
-3.141593	2.164094	-2.991358	14	89	138	0.023
-2.879793	2.164094	-2.991358	8	91	135	0.023
-2.356194	2.164094	-2.991358	5	83	2	0.023
-2.094395	2.164094	-2.991358	18	90	137	0.023
-1.832596	2.164094	-2.991358	8	90	0	0.023
-1.308997	2.164094	-2.991358	12	87	138	0.023
-1.047198	2.164094	-2.991358	16	85	136	0.023
-0.785398	2.164094	-2.991358	20	85	140	0.023
-0.261799	2.164094	-2.991358	22	64	141	0.023
0.785398	2.164094	-2.991358	9	60	133	0.023
1.047198	2.164094	-2.991358	12	82	0	0.023
1.570796	2.164094	-2.991358	9	84	135	0.023
1.832596	2.164094	-2.991358	14	87	141	0.023
2.094395	2.164094	-2.991358	21	87	143	0.023
2.356194	2.164094	-2.991358	27	86	137	0.023
2.879793	2.164094	-2.991358	1	91	133	0.023
-3.141593	0.379747	-1.713059	12	91	140	0.023
-2.879793	0.379747	-1.713059	16	87	5	0.023
-2.617994	0.379747	-1.713059	13	87	4	0.023
-1.832596	0.379747	-1.713059	18	87	8	0.023
-1.570796	0.379747	-1.713059	141	55	138	0.023
-0.785398	0.379747	-1.713059	18	87	3	0.023
-0.261799	0.379747	-1.713059	135	87	4	0.023
0.000000	0.379747	-1.713059	141	83	7	0.023
1.570796	0.379747	-1.713059	17	59	7	0.023
-0.785398	2.187132	-0.479875	9	86	139	0.023
0.785398	2.187132	-0.479875	22	88	138	0.023
1.047198	2.187132	-0.479875	24	87	6	0.023
1.570796	2.187132	-0.479875	16	83	138	0.023
1.832596	2.187132	-0.479875	141	84	0	0.023
2.094395	2.187132	-0.479875	136	87	140	0.023
2.356194	2.187132	-0.479875	12	86	143	0.023
2.617994	2.187132	-0.479875	12	88	137	0.023
-2.879793	0.866955	-0.931351	23	94	3	0.023
-2.094395	0.866955	-0.931351	18	91	4	0.023
-1.570796	0.866955	-0.931351	138	87	1	0.023
-1.047198	0.866955	-0.931351	0	87	3	0.023
-0.261799	0.866955	-0.931351	8	85	6	0.023
0.523599	0.866955	-0.931351	23	86	2	0.023
1.047198	0.866955	-0.931351	29	91	141	0.023
1.308997	0.866955	-0.931351	24	86	141	0.023
2.617994	0.866955	-0.931351	10	94	138	0.023
-2.879793	2.299159	2.264663	5	90	138	0.023
-2.356194	2.299159	2.264663	8	57	133	0.023
-2.094395	2.299159	2.264663	7	84	143	0.023
-1.832596	2.299159	2.264663	11	87	140	0.023
-1.308997	2.299159	2.264663	136	81	137	0.023
-0.261799	2.299159	2.264663	5	87	142	0.023
0.000000	2.299159	2.264663	140	85	141	0.023
2.356194	2.299159	2.264663	19	82	142	0.023
2.617994	2.299159	2.264663	21	84	143	0.023
0.785398	1.812176	0.656819	137	87	2	0.023
-3.141593	2.719179	-1.780644	21	54	141	0.023
-2.617994	2.719179	-1.780644	20	86	135	0.023
-2.356194	2.719179	-1.780644	26	87	135	0.023
-1.832596	2.719179	-1.780644	11	90	137	0.023
-1.308997	2.719179	-1.780644	16	87	135	0.023
-0.523599	2.719179	-1.780644	4	84	133	0.023
-0.261799	2.719179	-1.780644	13	87	133	0.023
0.261799	2.719179	-1.780644	23	58	141	0.023
0.523599	2.719179	-1.780644	24	84	135	0.023
0.785398	2.719179	-1.780644	140	81	137	0.023
1.047198	2.719179	-1.780644	23	89	134	0.023
1.308997	2.719179	-1.780644	142	83	142	0.023
1.570796	2.719179	-1.780644	14	87	143	0.023
1.832596	2.719179	-1.780644	18	85	140	0.023
2.094395	2.719179	-1.780644	8	84	142	0.023
2.356194	2.719179	-1.780644	5	87	138	0.023
2.879793	2.719179	-1.780644	11	90	132	0.023
-3.141593	2.396274	-1.959260	29	91	141	0.023
-2.879793	2.396274	-1.959260	28	93	138	0.023
-2.617994	2.396274	-1.959260	19	87	137	0.023
-2.356194	2.396274	-1.959260	20	87	0	0.023
-2.094395	2.396274	-1.959260	18	85	138	0.023
-1.308997	2.396274	-1.959260	11	92	138	0.023
-1.047198	2.396274	-1.959260	5	86	141	0.023
0.523599	2.396274	-1.959260	21	61	139	0.023
0.785398	2.396274	-1.959260	12	85	137	0.023
1.047198	2.396274	-1.959260	10	85	138	0.023
1.570796	2.396274	-1.959260	23	86	140	0.023
1.832596	2.396274	-1.959260	11	83	143	0.023
2.094395	2.396274	-1.959260	3	87	136	0.023
1.047198	0.866395	-2.492918	140	87	1	0.023
-2.879793	1.617114	-1.572037	15	91	136	0.023
-1.832596	1.617114	-1.572037	129	87	0	0.023
-1.308997	1.617114	-1.572037	142	87	141	0.023
-1.047198	1.617114	-1.572037	132	84	142	0.023
-0.785398	1.617114	-1.572037	7	81	143	0.023
-0.523599	1.617114	-1.572037	136	87	140	0.023
2.617994	1.617114	-1.572037	7	87	2	0.023
2.879793	1.617114	-1.572037	1	92	141	0.023
-3.141593	0.864993	2.278281	140	88	6	0.023
-2.879793	0.864993	2.278281	1	88	3	0.023
-2.617994	0.864993	2.278281	9	82	143	0.023
-2.356194	0.864993	2.278281	20	89	0	0.023
-2.094395	0.864993	2.278281	137	90	1	0.023
-0.785398	0.864993	2.278281	21	85	1	0.023
1.308997	0.864993	2.278281	20	83	8	0.023
2.094395	0.864993	2.278281	139	82	8	0.023
2.356194	0.864993	2.278281	22	84	143	0.023
-2.094395	1.014500	0.906702	143	87	143	0.023
-1.570796	1.014500	0.906702	10	85	7	0.023
-1.308997	1.014500	0.906702	1	86	3	0.023
-1.047198	1.014500	0.906702	6	86	143	0.023
-0.785398	1.014500	0.906702	24	91	2	0.023
-0.523599	1.014500	0.906702	16	82	3	0.023
-0.261799	1.014500	0.906702	20	84	7	0.023
0.261799	1.014500	0.906702	13	86	7	0.023
0.523599	1.014500	0.906702	17	87	9	0.023
0.785398	1.014500	0.906702	22	88	5	0.023
1.047198	1.014500	0.906702	139	84	9	0.023
1.832596	1.014500	0.906702	140	87	2	0.023
2.617994	1.014500	0.906702	25	83	9	0.023
2.356194	2.247462	0.191623	136	90	140	0.023
2.617994	2.247462	0.191623	134	87	143	0.023
-3.141593	2.724429	-0.348782	141	64	140	0.023
-2.879793	2.724429	-0.348782	6	88	140	0.023
0.523599	2.724429	-0.348782	13	82	136	0.023
0.785398	2.724429	-0.348782	15	59	135	0.023
1.047198	2.724429	-0.348782	13	85	137	0.023
2.094395	2.724429	-0.348782	18	83	138	0.023
2.617994	2.724429	-0.348782	139	84	138	0.023
2.879793	2.724429	-0.348782	140	93	135	0.023
-3.141593	1.194549	-0.801900	21	87	143	0.023
-2.879793	1.194549	-0.801900	13	64	141	0.023
-2.617994	1.194549	-0.801900	21	87	141	0.023
-2.356194	1.194549	-0.801900	13	87	0	0.023
-2.094395	1.194549	-0.801900	11	95	0	0.023
-1.832596	1.194549	-0.801900	16	91	141	0.023
-1.308997	1.194549	-0.801900	11	83	0	0.023
-1.047198	1.194549	-0.801900	142	86	143	0.023
-0.785398	1.194549	-0.801900	8	87	4	0.023
0.000000	1.194549	-0.801900	16	87	0	0.023
0.785398	1.194549	-0.801900	27	84	140	0.023
1.047198	1.194549	-0.801900	33	84	143	0.023
1.570796	1.194549	-0.801900	14	81	1	0.023
1.832596	1.194549	-0.801900	18	58	2	0.023
2.094395	1.194549	-0.801900	10	83	3	0.023
2.617994	1.194549	-0.801900	14	91	6	0.023
2.879793	1.194549	-0.801900	3	87	141	0.023
-2.356194	1.504028	0.636812	3	86	1	0.023
-1.047198	1.504028	0.636812	15	62	1	0.023
0.000000	1.504028	0.636812	22	59	1	0.023
1.047198	1.504028	0.636812	141	92	5	0.023
-3.141593	1.741644	-2.695914	23	82	139	0.023
-2.879793	1.741644	-2.695914	138	92	1	0.023
-2.094395	1.741644	-2.695914	128	83	143	0.023
1.047198	1.741644	-2.695914	19	64	140	0.023
1.308997	1.741644	-2.695914	14	81	139	0.023
1.570796	1.741644	-2.695914	11	61	137	0.023
2.617994	1.741644	-2.695914	28	87	3	0.023
-3.141593	2.174483	2.653697	13	91	140	0.023
-2.879793	2.174483	2.653697	142	87	136	0.023
-2.617994	2.174483	2.653697	3	90	136	0.023
-2.356194	2.174483	2.653697	142	91	142	0.023
-2.094395	2.174483	2.653697	8	82	141	0.023
-1.832596	2.174483	2.653697	141	59	138	0.023
-1.570796	2.174483	2.653697	13	91	143	0.023
-1.308997	2.174483	2.653697	12	87	140	0.023
-0.785398	2.174483	2.653697	12	91	143	0.023
-0.523599	2.174483	2.653697	17	86	140	0.023
-0.261799	2.174483	2.653697	13	82	1	0.023
0.000000	2.174483	2.653697	7	62	1	0.023
0.261799	2.174483	2.653697	7	87	138	0.023
0.523599	2.174483	2.653697	10	81	136	0.023
0.785398	2.174483	2.653697	12	59	142	0.023
1.308997	2.174483	2.653697	5	91	138	0.023
1.570796	2.174483	2.653697	8	81	138	0.023
2.094395	2.174483	2.653697	17	87	135	0.023
2.356194	2.174483	2.653697	24	87	142	0.023
2.617994	2.174483	2.653697	20	84	138	0.023
2.879793	2.174483	2.653697	23	84	137	0.023
-3.141593	2.664082	-1.071402	12	63	131	0.023
-2.094395	2.664082	-1.071402	20	88	135	0.023
-1.570796	2.664082	-1.071402	134	87	136	0.023
-1.308997	2.664082	-1.071402	19	87	133	0.023
-0.785398	2.664082	-1.071402	5	87	142	0.023
-0.523599	2.664082	-1.071402	5	87	141	0.023
-0.261799	2.664082	-1.071402	3	64	139	0.023
0.000000	2.664082	-1.071402	21	61	137	0.023
0.523599	2.664082	-1.071402	14	87	139	0.023
1.047198	2.664082	-1.071402	18	92	134	0.023
1.832596	2.664082	-1.071402	13	88	143	0.023
2.094395	2.664082	-1.071402	9	87	143	0.023
2.356194	2.664082	-1.071402	138	83	142	0.023
2.617994	2.664082	-1.071402	6	87	141	0.023
2.879793	2.664082	-1.071402	6	87	1	0.023
-2.094395	2.579248	-2.364801	135	85	140	0.023
-1.047198	2.579248	-2.364801	17	88	140	0.023
0.523599	2.579248	-2.364801	23	87	140	0.023
0.785398	2.579248	-2.364801	17	87	133	0.023
1.047198	2.579248	-2.364801	4	81	128	0.023
1.570796	2.579248	-2.364801	6	86	1	0.023
1.832596	2.579248	-2.364801	14	85	143	0.023
2.094395	2.579248	-2.364801	19	83	143	0.023
2.879793	2.579248	-2.364801	19	86	135	0.023
-3.141593	0.899350	-2.069907	15	87	142	0.023
-2.879793	0.899350	-2.069907	15	85	139	0.023
-1.047198	0.899350	-2.069907	128	82	4	0.023
0.785398	0.899350	-2.069907	142	87	1	0.023
2.879793	0.899350	-2.069907	23	81	143	0.023
-3.141593	2.984978	1.954446	14	84	140	0.023
-2.879793	2.984978	1.954446	20	84	138	0.023
-2.617994	2.984978	1.954446	18	84	142	0.023
-1.832596	2.984978	1.954446	10	91	0	0.023
-1.570796	2.984978	1.954446	17	87	143	0.023
-1.308997	2.984978	1.954446	132	59	140	0.023
-0.785398	2.984978	1.954446	127	91	2	0.023
1.047198	2.984978	1.954446	138	86	137	0.023
2.356194	2.984978	1.954446	12	82	136	0.023
2.879793	2.984978	1.954446	22	87	141	0.023
-3.141593	1.766067	2.153843	17	91	143	0.023
-2.879793	1.766067	2.153843	0	88	139	0.023
-2.617994	1.766067	2.153843	14	90	1	0.023
-2.356194	1.766067	2.153843	8	86	140	0.023
-2.094395	1.766067	2.153843	4	87	133	0.023
-1.832596	1.766067	2.153843	7	93	143	0.023
-1.570796	1.766067	2.153843	10	87	2	0.023
-0.785398	1.766067	2.153843	17	81	4	0.023
-0.261799	1.766067	2.153843	13	86	2	0.023
0.000000	1.766067	2.153843	4	82	3	0.023
0.261799	1.766067	2.153843	8	82	139	0.023
0.523599	1.766067	2.153843	10	64	143	0.023
1.570796	1.766067	2.153843	23	87	0	0.023
1.832596	1.766067	2.153843	33	89	1	0.023
2.879793	1.766067	2.153843	1	91	137	0.023
-3.141593	1.809167	1.213774	17	87	137	0.023
-2.356194	1.809167	1.213774	11	59	0	0.023
-2.094395	1.809167	1.213774	7	82	1	0.023
-1.047198	1.809167	1.213774	15	86	138	0.023
-0.523599	1.809167	1.213774	131	88	6	0.023
0.523599	1.809167	1.213774	22	59	2	0.023
2.356194	1.809167	1.213774	21	82	1	0.023
-3.141593	1.135834	-1.431087	10	87	0	0.023
-2.617994	1.135834	-1.431087	16	90	139	0.023
-2.356194	1.135834	-1.431087	15	91	6	0.023
-1.832596	1.135834	-1.431087	7	81	1	0.023
-1.570796	1.135834	-1.431087	12	84	4	0.023
-1.308997	1.135834	-1.431087	138	84	5	0.023
-0.523599	1.135834	-1.431087	132	83	2	0.023
-0.261799	1.135834	-1.431087	142	84	3	0.023
1.047198	1.135834	-1.431087	24	84	0	0.023
1.308997	1.135834	-1.431087	29	87	137	0.023
2.356194	1.135834	-1.431087	8	85	139	0.023
-2.879793	1.909857	-0.381669	23	89	134	0.023
-0.523599	1.909857	-0.381669	0	81	132	0.023
-0.261799	1.909857	-0.381669	19	48	136	0.023
0.000000	1.909857	-0.381669	6	55	138	0.023
0.261799	1.909857	-0.381669	21	83	142	0.023
0.785398	1.909857	-0.381669	24	59	138	0.023
1.047198	1.909857	-0.381669	23	87	3	0.023
1.308997	1.909857	-0.381669	27	87	139	0.023
1.832596	1.909857	-0.381669	143	91	142	0.023
2.094395	1.909857	-0.381669	137	87	142	0.023
2.356194	1.909857	-0.381669	13	92	3	0.023
2.617994	1.909857	-0.381669	131	94	7	0.023
2.879793	1.909857	-0.381669	17	87	143	0.023
-2.094395	1.195355	1.200319	2	84	4	0.023
-1.832596	1.195355	1.200319	2	61	5	0.023
-1.570796	1.195355	1.200319	3	87	4	0.023
-1.308997	1.195355	1.200319	12	87	142	0.023
-1.047198	1.195355	1.200319	20	86	7	0.023
-0.261799	1.195355	1.200319	21	48	0	0.023
0.000000	1.195355	1.200319	134	87	5	0.023
0.261799	1.195355	1.200319	138	86	6	0.023
0.785398	1.195355	1.200319	0	91	3	0.023
1.047198	1.195355	1.200319	141	87	2	0.023
2.094395	1.195355	1.200319	143	87	141	0.023
2.879793	1.195355	1.200319	19	87	142	0.023
-2.617994	1.310100	1.488307	18	84	2	0.023
-2.356194	1.310100	1.488307	1	83	135	0.023
-1.832596	1.310100	1.488307	23	87	9	0.023
-1.308997	1.310100	1.488307	23	86	5	0.023
-0.785398	1.310100	1.488307	20	84	12	0.023
-0.523599	1.310100	1.488307	13	48	6	0.023
0.261799	1.310100	1.488307	14	81	5	0.023
0.523599	1.310100	1.488307	136	87	3	0.023
0.785398	1.310100	1.488307	19	82	1	0.023
1.832596	1.310100	1.488307	23	84	1	0.023
2.617994	1.310100	1.488307	18	87	5	0.023
-3.141593	2.153910	-1.714959	13	82	133	0.023
-2.879793	2.153910	-1.714959	17	84	137	0.023
-2.617994	2.153910	-1.714959	24	87	143	0.023
-2.094395	2.153910	-1.714959	23	91	136	0.023
-1.570796	2.153910	-1.714959	133	91	143	0.023
-1.308997	2.153910	-1.714959	6	91	136	0.023
-1.047198	2.153910	-1.714959	4	61	140	0.023
-0.785398	2.153910	-1.714959	5	81	141	0.023
-0.523599	2.153910	-1.714959	2	88	136	0.023
0.261799	2.153910	-1.714959	23	82	138	0.023
0.523599	2.153910	-1.714959	24	81	143	0.023
1.570796	2.153910	-1.714959	19	90	135	0.023
2.094395	2.153910	-1.714959	14	84	143	0.023
2.617994	2.153910	-1.714959	14	84	140	0.023
-2.879793	1.134497	-1.109631	0	87	1	0.023
-2.617994	1.134497	-1.109631	23	85	5	0.023
-1.308997	1.134497	-1.109631	139	90	138	0.023
-0.785398	1.134497	-1.109631	2	87	8	0.023
0.523599	1.134497	-1.109631	25	87	140	0.023
1.570796	1.134497	-1.109631	20	89	1	0.023
2.094395	1.134497	-1.109631	13	83	134	0.023
2.879793	1.134497	-1.109631	20	87	134	0.023
-2.879793	0.961715	0.014085	19	87	5	0.023
-2.617994	0.961715	0.014085	12	91	4	0.023
-0.785398	0.961715	0.014085	2	87	141	0.023
-0.523599	0.961715	0.014085	18	58	1	0.023
0.000000	0.961715	0.014085	140	45	141	0.023
0.523599	0.961715	0.014085	13	87	143	0.023
1.047198	0.961715	0.014085	18	91	143	0.023
1.570796	0.961715	0.014085	5	84	7	0.023
1.832596	0.961715	0.014085	0	91	1	0.023
2.356194	0.961715	0.014085	19	81	3	0.023
2.617994	0.961715	0.014085	5	88	142	0.023
-1.832596	1.367556	0.358405	2	82	142	0.023
0.785398	1.367556	0.358405	140	85	142	0.023
1.308997	1.367556	0.358405	19	85	7	0.023
-3.141593	1.440580	2.260026	17	81	3	0.023
-2.879793	1.440580	2.260026	135	90	2	0.023
-2.356194	1.440580	2.260026	3	84	143	0.023
-2.094395	1.440580	2.260026	6	87	143	0.023
-1.832596	1.440580	2.260026	13	84	3	0.023
-1.570796	1.440580	2.260026	22	87	143	0.023
-1.308997	1.440580	2.260026	17	83	1	0.023
-1.047198	1.440580	2.260026	21	90	143	0.023
-0.785398	1.440580	2.260026	10	57	1	0.023
-0.523599	1.440580	2.260026	10	87	0	0.023
0.261799	1.440580	2.260026	9	82	8	0.023
0.785398	1.440580	2.260026	4	82	142	0.023
1.308997	1.440580	2.260026	13	48	141	0.023
1.832596	1.440580	2.260026	18	84	141	0.023
2.094395	1.440580	2.260026	24	82	143	0.023
2.617994	1.440580	2.260026	25	87	143	0.023
2.879793	1.440580	2.260026	143	86	0	0.023
-2.617994	2.863997	0.549740	133	84	140	0.023
-2.094395	2.863997	0.549740	129	83	139	0.023
-1.832596	2.863997	0.549740	130	95	141	0.023
-0.523599	2.863997	0.549740	22	81	142	0.023
1.047198	2.863997	0.549740	5	86	137	0.023
1.308997	2.863997	0.549740	14	83	137	0.023
1.570796	2.863997	0.549740	10	83	138	0.023
1.832596	2.863997	0.549740	11	81	136	0.023
2.617994	2.863997	0.549740	16	92	142	0.023
2.879793	2.863997	0.549740	13	87	142	0.023
-3.141593	2.041297	-2.664597	136	59	135	0.023
-2.879793	2.041297	-2.664597	27	81	134	0.023
-2.617994	2.041297	-2.664597	131	89	141	0.023
-2.356194	2.041297	-2.664597	134	90	141	0.023
-2.094395	2.041297	-2.664597	143	83	143	0.023
-1.832596	2.041297	-2.664597	8	91	2	0.023
-1.570796	2.041297	-2.664597	9	83	141	0.023
-1.308997	2.041297	-2.664597	9	59	139	0.023
0.000000	2.041297	-2.664597	17	82	140	0.023
0.523599	2.041297	-2.664597	15	84	135	0.023
1.308997	2.041297	-2.664597	15	55	140	0.023
1.570796	2.041297	-2.664597	17	86	131	0.023
2.094395	2.041297	-2.664597	21	84	143	0.023
2.356194	2.041297	-2.664597	4	82	135	0.023
2.879793	2.041297	-2.664597	22	87	143	0.023
-2.094395	1.045978	0.343692	15	84	2	0.023
-1.570796	1.045978	0.343692	1	82	2	0.023
-1.308997	1.045978	0.343692	0	61	142	0.023
-0.785398	1.045978	0.343692	142	83	0	0.023
0.000000	1.045978	0.343692	13	87	4	0.023
0.261799	1.045978	0.343692	22	87	7	0.023
0.523599	1.045978	0.343692	140	83	4	0.023
0.785398	1.045978	0.343692	17	84	7	0.023
1.308997	1.045978	0.343692	135	91	8	0.023
1.832596	1.045978	0.343692	18	83	8	0.023
2.094395	1.045978	0.343692	3	91	3	0.023
2.356194	1.045978	0.343692	133	91	6	0.023
2.879793	1.045978	0.343692	19	87	143	0.023
-3.141593	0.290380	-0.796960	9	87	3	0.023
-2.617994	0.290380	-0.796960	13	87	6	0.023
-2.094395	0.290380	-0.796960	15	89	7	0.023
-1.570796	0.290380	-0.796960	17	87	5	0.023
-0.523599	0.290380	-0.796960	14	84	4	0.023
-0.261799	0.290380	-0.796960	9	82	4	0.023
0.785398	0.290380	-0.796960	29	87	2	0.023
2.094395	0.290380	-0.796960	17	84	7	0.023
2.617994	0.290380	-0.796960	36	87	0	0.023
2.879793	0.290380	-0.796960	10	82	6	0.023
-3.141593	1.545873	-1.877082	22	64	1	0.023
-2.879793	1.545873	-1.877082	22	81	2	0.023
-1.570796	1.545873	-1.877082	128	86	6	0.023
-1.047198	1.545873	-1.877082	130	87	0	0.023
1.832596	1.545873	-1.877082	17	87	135	0.023
2.094395	1.545873	-1.877082	11	86	138	0.023
-3.141593	2.356369	3.005869	20	86	140	0.023
-2.879793	2.356369	3.005869	3	84	142	0.023
-2.617994	2.356369	3.005869	9	90	134	0.023
-2.094395	2.356369	3.005869	7	91	142	0.023
-1.832596	2.356369	3.005869	2	87	143	0.023
-1.308997	2.356369	3.005869	18	90	140	0.023
-1.047198	2.356369	3.005869	15	84	140	0.023
-0.523599	2.356369	3.005869	15	89	138	0.023
0.000000	2.356369	3.005869	8	83	136	0.023
0.261799	2.356369	3.005869	1	48	139	0.023
0.523599	2.356369	3.005869	16	52	137	0.023
0.785398	2.356369	3.005869	16	89	142	0.023
1.047198	2.356369	3.005869	18	84	0	0.023
1.308997	2.356369	3.005869	19	83	141	0.023
1.570796	2.356369	3.005869	7	87	140	0.023
1.832596	2.356369	3.005869	20	86	133	0.023
2.356194	2.356369	3.005869	21	86	140	0.023
2.617994	2.356369	3.005869	15	86	139	0.023
2.879793	2.356369	3.005869	18	94	143	0.023
-1.570796	1.836682	-0.676006	5	87	135	0.023
-1.308997	1.836682	-0.676006	5	81	142	0.023
-0.785398	1.836682	-0.676006	2	82	1	0.023
-0.261799	1.836682	-0.676006	16	48	138	0.023
0.000000	1.836682	-0.676006	9	87	1	0.023
0.261799	1.836682	-0.676006	20	87	136	0.023
0.523599	1.836682	-0.676006	20	83	140	0.023
0.785398	1.836682	-0.676006	21	48	1	0.023
1.570796	1.836682	-0.676006	137	87	3	0.023
1.832596	1.836682	-0.676006	28	87	141	0.023
2.356194	1.836682	-0.676006	6	83	132	0.023
-3.141593	1.948085	-2.363031	140	87	140	0.023
-2.879793	1.948085	-2.363031	135	91	132	0.023
-2.617994	1.948085	-2.363031	14	49	141	0.023
-1.832596	1.948085	-2.363031	143	84	136	0.023
-1.570796	1.948085	-2.363031	14	87	139	0.023
-1.308997	1.948085	-2.363031	126	91	141	0.023
1.047198	1.948085	-2.363031	13	82	140	0.023
1.308997	1.948085	-2.363031	14	56	137	0.023
2.094395	1.948085	-2.363031	21	61	139	0.023
2.356194	1.948085	-2.363031	22	59	141	0.023
2.617994	1.948085	-2.363031	16	84	136	0.023
-2.879793	1.736875	3.023612	5	92	4	0.023
-2.617994	1.736875	3.023612	136	91	4	0.023
-2.356194	1.736875	3.023612	136	94	141	0.023
-2.094395	1.736875	3.023612	133	91	142	0.023
-1.570796	1.736875	3.023612	22	84	139	0.023
-1.308997	1.736875	3.023612	17	87	140	0.023
-0.523599	1.736875	3.023612	16	82	142	0.023
0.523599	1.736875	3.023612	10	55	134	0.023
0.785398	1.736875	3.023612	16	59	140	0.023
1.047198	1.736875	3.023612	17	43	141	0.023
1.308997	1.736875	3.023612	19	84	1	0.023
1.832596	1.736875	3.023612	11	89	141	0.023
2.356194	1.736875	3.023612	138	88	143	0.023
2.617994	1.736875	3.023612	21	90	137	0.023
-2.879793	0.591903	2.010408	9	81	9	0.023
-2.617994	0.591903	2.010408	9	87	1	0.023
-2.094395	0.591903	2.010408	14	90	2	0.023
-0.785398	0.591903	2.010408	18	94	2	0.023
-0.261799	0.591903	2.010408	16	88	6	0.023
0.261799	0.591903	2.010408	11	82	140	0.023
0.523599	0.591903	2.010408	11	87	10	0.023
0.785398	0.591903	2.010408	6	87	9	0.023
1.308997	0.591903	2.010408	16	86	6	0.023
1.570796	0.591903	2.010408	29	83	6	0.023
2.094395	0.591903	2.010408	143	86	142	0.023
-2.879793	2.760637	2.781135	5	87	142	0.023
-2.356194	2.760637	2.781135	12	63	142	0.023
-1.570796	2.760637	2.781135	6	87	140	0.023
-1.308997	2.760637	2.781135	9	85	141	0.023
-0.785398	2.760637	2.781135	8	87	139	0.023
-0.523599	2.760637	2.781135	127	87	143	0.023
0.000000	2.760637	2.781135	9	83	0	0.023
0.523599	2.760637	2.781135	8	87	135	0.023
0.785398	2.760637	2.781135	0	81	141	0.023
2.094395	2.760637	2.781135	19	88	139	0.023
2.356194	2.760637	2.781135	27	86	139	0.023
2.617994	2.760637	2.781135	24	87	137	0.023
2.879793	2.760637	2.781135	21	87	136	0.023
-3.141593	1.256302	0.062705	24	87	0	0.023
-1.832596	1.256302	0.062705	1	64	139	0.023
-1.308997	1.256302	0.062705	9	84	141	0.023
-1.047198	1.256302	0.062705	13	82	141	0.023
-0.785398	1.256302	0.062705	0	86	141	0.023
0.261799	1.256302	0.062705	10	84	140	0.023
0.523599	1.256302	0.062705	22	84	139	0.023
1.308997	1.256302	0.062705	18	87	3	0.023
1.570796	1.256302	0.062705	137	87	142	0.023
1.832596	1.256302	0.062705	136	91	4	0.023
2.094395	1.256302	0.062705	17	87	5	0.023
2.617994	1.256302	0.062705	18	87	0	0.023
-3.141593	2.592629	0.909713	19	81	143	0.023
-2.879793	2.592629	0.909713	21	91	140	0.023
-2.617994	2.592629	0.909713	18	86	135	0.023
-1.047198	2.592629	0.909713	129	87	141	0.023
1.832596	2.592629	0.909713	12	88	141	0.023
2.094395	2.592629	0.909713	14	87	141	0.023
2.879793	2.592629	0.909713	17	88	0	0.023
-2.094395	1.113094	-0.272241	18	82	139	0.023
-1.832596	1.113094	-0.272241	10	86	1	0.023
-1.308997	1.113094	-0.272241	10	87	1	0.023
-1.047198	1.113094	-0.272241	3	84	6	0.023
-0.523599	1.113094	-0.272241	4	45	138	0.023
-0.261799	1.113094	-0.272241	18	87	1	0.023
0.000000	1.113094	-0.272241	22	89	4	0.023
0.785398	1.113094	-0.272241	24	87	143	0.023
1.047198	1.113094	-0.272241	21	91	143	0.023
1.832596	1.113094	-0.272241	0	90	142	0.023
2.094395	1.113094	-0.272241	14	87	141	0.023
2.356194	1.113094	-0.272241	15	87	9	0.023
2.617994	1.113094	-0.272241	17	89	4	0.023
2.879793	1.113094	-0.272241	13	94	143	0.023
-3.141593	2.407836	1.410646	17	87	143	0.023
-2.879793	2.407836	1.410646	16	87	0	0.023
-2.356194	2.407836	1.410646	8	87	137	0.023
-0.523599	2.407836	1.410646	134	91	143	0.023
-0.261799	2.407836	1.410646	134	48	2	0.023
1.832596	2.407836	1.410646	27	83	143	0.023
2.617994	2.407836	1.410646	20	87	136	0.023
2.879793	2.407836	1.410646	24	87	0	0.023
-2.879793	2.089241	-0.114193	135	87	2	0.023
-0.523599	2.089241	-0.114193	5	44	136	0.023
0.261799	2.089241	-0.114193	6	84	137	0.023
2.094395	2.089241	-0.114193	22	87	3	0.023
2.617994	2.089241	-0.114193	135	91	143	0.023
-2.094395	0.619654	-2.216909	16	85	3	0.023
-1.832596	0.619654	-2.216909	15	87	6	0.023
0.523599	0.619654	-2.216909	136	56	2	0.023
-2.094395	2.456751	-1.503343	18	87	142	0.023
-1.047198	2.456751	-1.503343	5	87	139	0.023
0.785398	2.456751	-1.503343	24	82	0	0.023
1.047198	2.456751	-1.503343	17	87	138	0.023
1.308997	2.456751	-1.503343	16	82	143	0.023
1.570796	2.456751	-1.503343	15	91	143	0.023
1.832596	2.456751	-1.503343	14	85	140	0.023
2.094395	2.456751	-1.503343	6	93	139	0.023
2.356194	2.456751	-1.503343	10	87	133	0.023
-3.141593	2.138223	1.678323	20	87	4	0.023
-2.879793	2.138223	1.678323	6	87	141	0.023
-2.617994	2.138223	1.678323	12	81	0	0.023
-1.570796	2.138223	1.678323	3	82	141	0.023
-1.308997	2.138223	1.678323	12	88	4	0.023
-1.047198	2.138223	1.678323	19	81	0	0.023
-0.523599	2.138223	1.678323	140	85	138	0.023
-0.261799	2.138223	1.678323	134	87	142	0.023
2.879793	2.138223	1.678323	7	91	1	0.023
-2.879793	2.349581	-2.702517	18	84	0	0.023
-2.617994	2.349581	-2.702517	133	87	142	0.023
-2.356194	2.349581	-2.702517	141	85	141	0.023
-2.094395	2.349581	-2.702517	12	87	0	0.023
-1.832596	2.349581	-2.702517	140	87	137	0.023
-1.570796	2.349581	-2.702517	8	87	135	0.023
-1.308997	2.349581	-2.702517	5	90	142	0.023
-0.785398	2.349581	-2.702517	12	94	140	0.023
-0.523599	2.349581	-2.702517	19	87	143	0.023
0.261799	2.349581	-2.702517	11	87	139	0.023
0.785398	2.349581	-2.702517	16	81	141	0.023
1.308997	2.349581	-2.702517	10	81	1	0.023
1.832596	2.349581	-2.702517	15	62	143	0.023
2.356194	2.349581	-2.702517	25	86	142	0.023
2.617994	2.349581	-2.702517	23	103	139	0.023
-2.879793	1.168678	2.108595	13	94	3	0.023
-2.617994	1.168678	2.108595	9	87	139	0.023
-2.356194	1.168678	2.108595	5	87	3	0.023
-1.832596	1.168678	2.108595	12	91	5	0.023
-1.308997	1.168678	2.108595	21	90	7	0.023
-1.047198	1.168678	2.108595	19	86	3	0.023
0.000000	1.168678	2.108595	6	82	5	0.023
0.261799	1.168678	2.108595	9	56	4	0.023
0.523599	1.168678	2.108595	19	87	0	0.023
0.785398	1.168678	2.108595	20	87	6	0.023
1.308997	1.168678	2.108595	19	81	3	0.023
2.356194	1.168678	2.108595	26	91	5	0.023
2.879793	1.168678	2.108595	11	87	139	0.023
-3.141593	2.180315	-1.357379	22	91	136	0.023
-2.356194	2.180315	-1.357379	16	92	137	0.023
-2.094395	2.180315	-1.357379	139	88	134	0.023
-1.570796	2.180315	-1.357379	2	87	138	0.023
0.261799	2.180315	-1.357379	26	83	143	0.023
0.523599	2.180315	-1.357379	25	83	1	0.023
1.047198	2.180315	-1.357379	21	91	142	0.023
1.570796	2.180315	-1.357379	142	84	137	0.023
2.617994	2.180315	-1.357379	17	83	140	0.023
2.879793	2.180315	-1.357379	12	89	0	0.023
-3.141593	2.478122	2.609777	6	84	138	0.023
-2.879793	2.478122	2.609777	10	95	2	0.023
-2.617994	2.478122	2.609777	14	94	1	0.023
-2.356194	2.478122	2.609777	7	91	3	0.023
-1.832596	2.478122	2.609777	23	91	143	0.023
-1.570796	2.478122	2.609777	5	87	134	0.023
-1.047198	2.478122	2.609777	15	87	2	0.023
-0.785398	2.478122	2.609777	15	90	138	0.023
-0.523599	2.478122	2.609777	9	88	136	0.023
-0.261799	2.478122	2.609777	15	89	143	0.023
0.261799	2.478122	2.609777	5	62	142	0.023
0.523599	2.478122	2.609777	15	82	139	0.023
1.047198	2.478122	2.609777	6	87	143	0.023
2.356194	2.478122	2.609777	26	87	141	0.023
2.617994	2.478122	2.609777	24	94	139	0.023
2.879793	2.478122	2.609777	9	88	132	0.023
-2.879793	1.699788	2.452890	11	54	5	0.023
-2.617994	1.699788	2.452890	6	87	3	0.023
-2.356194	1.699788	2.452890	140	90	3	0.023
-1.832596	1.699788	2.452890	0	87	140	0.023
-1.308997	1.699788	2.452890	136	81	139	0.023
-0.785398	1.699788	2.452890	20	86	142	0.023
-0.523599	1.699788	2.452890	9	83	141	0.023
0.523599	1.699788	2.452890	9	84	143	0.023
1.047198	1.699788	2.452890	18	82	3	0.023
1.832596	1.699788	2.452890	22	87	0	0.023
2.094395	1.699788	2.452890	11	87	137	0.023
2.356194	1.699788	2.452890	25	87	137	0.023
2.617994	1.699788	2.452890	3	86	142	0.023
-2.094395	1.184361	0.625864	9	84	5	0.023
-1.570796	1.184361	0.625864	11	85	140	0.023
-1.047198	1.184361	0.625864	12	55	142	0.023
-0.785398	1.184361	0.625864	15	55	141	0.023
1.832596	1.184361	0.625864	2	86	3	0.023
2.094395	1.184361	0.625864	137	91	4	0.023
-3.141593	2.108018	1.311430	9	91	143	0.023
-2.879793	2.108018	1.311430	7	86	2	0.023
-2.617994	2.108018	1.311430	13	91	0	0.023
-2.356194	2.108018	1.311430	8	83	140	0.023
-2.094395	1.488617	1.159546	3	83	4	0.023
-1.832596	1.488617	1.159546	2	82	0	0.023
0.261799	1.488617	1.159546	141	84	5	0.023
2.356194	1.488617	1.159546	26	87	6	0.023
2.617994	1.488617	1.159546	24	87	4	0.023
-3.141593	1.325504	-1.671296	13	84	136	0.023
-2.879793	1.325504	-1.671296	5	82	143	0.023
-2.356194	1.325504	-1.671296	17	88	138	0.023
-2.094395	1.325504	-1.671296	10	90	4	0.023
-1.832596	1.325504	-1.671296	11	87	143	0.023
2.356194	1.325504	-1.671296	11	87	142	0.023
2.617994	1.325504	-1.671296	9	93	140	0.023
2.879793	1.325504	-1.671296	10	87	136	0.023
-2.617994	1.606104	-0.451151	12	88	2	0.023
-2.356194	1.606104	-0.451151	16	92	142	0.023
-1.047198	1.606104	-0.451151	12	82	136	0.023
-0.523599	1.606104	-0.451151	13	63	0	0.023
-0.261799	1.606104	-0.451151	9	82	0	0.023
0.261799	1.606104	-0.451151	17	84	139	0.023
0.523599	1.606104	-0.451151	0	87	0	0.023
1.047198	1.606104	-0.451151	21	82	139	0.023
2.094395	1.606104	-0.451151	139	88	1	0.023
2.879793	1.606104	-0.451151	21	59	0	0.023
-2.094395	1.506530	1.988858	12	85	137	0.023
-1.832596	1.506530	1.988858	11	87	2	0.023
-1.570796	1.506530	1.988858	139	81	133	0.023
-1.308997	1.506530	1.988858	17	91	6	0.023
-0.785398	1.506530	1.988858	133	83	1	0.023
-0.523599	1.506530	1.988858	8	86	0	0.023
0.000000	1.506530	1.988858	7	88	143	0.023
0.261799	1.506530	1.988858	137	87	7	0.023
0.523599	1.506530	1.988858	10	87	142	0.023
2.356194	1.506530	1.988858	20	87	1	0.023
2.879793	1.506530	1.988858	10	87	143	0.023
-2.879793	1.977582	0.969896	21	83	0	0.023
-3.141593	2.637879	2.121598	7	87	141	0.023
-2.617994	2.637879	2.121598	21	87	0	0.023
-2.094395	2.637879	2.121598	8	87	136	0.023
-1.832596	2.637879	2.121598	18	81	135	0.023
-1.308997	2.637879	2.121598	20	63	137	0.023
-1.047198	2.637879	2.121598	16	90	139	0.023
-0.785398	2.637879	2.121598	137	87	135	0.023
-0.523599	2.637879	2.121598	138	91	135	0.023
-0.261799	2.637879	2.121598	135	83	0	0.023
2.356194	2.637879	2.121598	16	81	140	0.023
2.617994	2.637879	2.121598	24	83	142	0.023
2.879793	2.637879	2.121598	11	85	131	0.023
-3.141593	1.218453	2.777284	1	91	6	0.023
-2.879793	1.218453	2.777284	139	87	142	0.023
-2.356194	1.218453	2.777284	20	87	141	0.023
-2.094395	1.218453	2.777284	24	95	140	0.023
-1.832596	1.218453	2.777284	23	88	141	0.023
-1.570796	1.218453	2.777284	18	87	3	0.023
-0.523599	1.218453	2.777284	15	89	0	0.023
0.000000	1.218453	2.777284	3	83	142	0.023
0.261799	1.218453	2.777284	5	59	135	0.023
0.523599	1.218453	2.777284	16	87	143	0.023
0.785398	1.218453	2.777284	5	47	139	0.023
2.356194	1.218453	2.777284	25	91	7	0.023
2.617994	1.218453	2.777284	135	83	0	0.023
2.879793	1.218453	2.777284	17	86	5	0.023
-3.141593	1.555207	1.708892	2	91	7	0.023
-2.617994	1.555207	1.708892	19	86	143	0.023
-2.094395	1.555207	1.708892	13	87	141	0.023
-1.832596	1.555207	1.708892	16	83	6	0.023
-1.570796	1.555207	1.708892	4	87	2	0.023
-1.308997	1.555207	1.708892	20	88	5	0.023
-0.785398	1.555207	1.708892	130	87	2	0.023
-0.523599	1.555207	1.708892	15	87	5	0.023
-0.261799	1.555207	1.708892	136	81	2	0.023
0.000000	1.555207	1.708892	136	84	2	0.023
0.261799	1.555207	1.708892	139	89	3	0.023
-2.879793	2.295480	1.008277	16	88	142	0.023
-1.308997	2.295480	1.008277	16	87	142	0.023
-1.047198	2.295480	1.008277	15	84	2	0.023
-3.141593	0.203748	0.590255	27	87	5	0.023
-2.879793	0.203748	0.590255	130	86	7	0.023
-2.617994	0.203748	0.590255	133	82	2	0.023
-2.094395	0.203748	0.590255	15	86	2	0.023
-1.570796	0.203748	0.590255	6	91	8	0.023
-0.261799	0.203748	0.590255	24	87	3	0.023
0.000000	0.203748	0.590255	24	87	8	0.023
0.261799	0.203748	0.590255	22	83	10	0.023
0.523599	0.203748	0.590255	6	85	141	0.023
1.047198	0.203748	0.590255	14	82	142	0.023
1.308997	0.203748	0.590255	16	90	141	0.023
1.570796	0.203748	0.590255	2	58	2	0.023
1.832596	0.203748	0.590255	8	56	4	0.023
2.617994	0.203748	0.590255	21	91	8	0.023
2.879793	0.203748	0.590255	17	90	7	0.023
-3.141593	1.510910	-0.740472	20	92	2	0.023
-2.879793	1.510910	-0.740472	17	87	134	0.023
-2.356194	1.510910	-0.740472	14	92	141	0.023
-2.094395	1.510910	-0.740472	15	91	140	0.023
-1.832596	1.510910	-0.740472	19	57	142	0.023
-1.570796	1.510910	-0.740472	14	87	140	0.023
-1.047198	1.510910	-0.740472	142	87	0	0.023
-0.785398	1.510910	-0.740472	7	86	3	0.023
-0.523599	1.510910	-0.740472	14	48	139	0.023
0.000000	1.510910	-0.740472	10	84	138	0.023
0.523599	1.510910	-0.740472	20	48	140	0.023
0.785398	1.510910	-0.740472	29	84	143	0.023
1.308997	1.510910	-0.740472	17	91	0	0.023
1.570796	1.510910	-0.740472	17	83	143	0.023
1.832596	1.510910	-0.740472	142	87	139	0.023
2.094395	1.510910	-0.740472	20	91	5	0.023
2.356194	1.510910	-0.740472	4	90	134	0.023
2.617994	1.510910	-0.740472	5	90	2	0.023
-2.356194	0.571433	-1.188419	14	84	2	0.023
-1.832596	0.571433	-1.188419	129	87	3	0.023
-1.308997	0.571433	-1.188419	128	83	9	0.023
-1.047198	0.571433	-1.188419	138	84	5	0.023
2.094395	0.571433	-1.188419	22	88	143	0.023
2.356194	0.571433	-1.188419	6	84	4	0.023
2.617994	0.571433	-1.188419	18	91	6	0.023
2.879793	0.571433	-1.188419	12	89	2	0.023
-3.141593	1.982574	-1.115518	8	87	139	0.023
-2.879793	1.982574	-1.115518	15	91	137	0.023
-2.617994	1.982574	-1.115518	14	91	138	0.023
-2.094395	1.982574	-1.115518	20	87	138	0.023
-1.047198	1.982574	-1.115518	143	63	140	0.023
-0.785398	1.982574	-1.115518	140	87	143	0.023
0.523599	1.982574	-1.115518	19	48	137	0.023
1.047198	1.982574	-1.115518	19	87	141	0.023
1.308997	1.982574	-1.115518	25	90	1	0.023
2.356194	1.982574	-1.115518	11	64	141	0.023
2.617994	1.982574	-1.115518	18	87	140	0.023
2.879793	1.982574	-1.115518	0	86	137	0.023
-2.094395	2.033014	2.977192	14	88	138	0.023
-1.832596	2.033014	2.977192	137	87	139	0.023
-1.308997	2.033014	2.977192	16	91	140	0.023
-0.523599	2.033014	2.977192	14	90	142	0.023
-0.261799	2.033014	2.977192	8	85	142	0.023
0.523599	2.033014	2.977192	22	87	135	0.023
0.785398	2.033014	2.977192	15	83	133	0.023
1.308997	2.033014	2.977192	30	43	139	0.023
1.832596	2.033014	2.977192	17	85	137	0.023
2.356194	2.033014	2.977192	21	86	139	0.023
2.617994	2.033014	2.977192	21	90	140	0.023
2.879793	2.033014	2.977192	5	90	133	0.023
-3.141593	0.297065	2.160177	5	87	2	0.023
-2.879793	0.297065	2.160177	6	81	2	0.023
-1.832596	0.297065	2.160177	14	91	0	0.023
0.261799	0.297065	2.160177	16	87	7	0.023
0.523599	0.297065	2.160177	3	89	7	0.023
0.785398	0.297065	2.160177	16	83	143	0.023
1.308997	0.297065	2.160177	18	87	5	0.023
1.832596	0.297065	2.160177	16	87	7	0.023
2.094395	0.297065	2.160177	136	82	8	0.023
2.356194	0.297065	2.160177	143	87	140	0.023
2.617994	0.297065	2.160177	132	83	11	0.023
-1.832596	0.080730	-2.622036	1	87	2	0.023
-1.308997	0.080730	-2.622036	13	85	9	0.023
-1.047198	0.080730	-2.622036	6	87	4	0.023
-0.523599	0.080730	-2.622036	16	61	3	0.023
0.000000	0.080730	-2.622036	18	87	7	0.023
0.523599	0.080730	-2.622036	142	58	139	0.023
0.785398	0.080730	-2.622036	134	81	6	0.023
1.047198	0.080730	-2.622036	10	90	143	0.023
1.308997	0.080730	-2.622036	141	87	3	0.023
1.570796	0.080730	-2.622036	142	90	4	0.023
1.832596	0.080730	-2.622036	137	81	5	0.023
0.785398	1.242974	-2.977882	9	60	143	0.023
1.047198	1.242974	-2.977882	24	82	4	0.023
-3.141593	0.992645	-1.723759	18	81	141	0.023
-2.617994	0.992645	-1.723759	13	84	5	0.023
-2.356194	0.992645	-1.723759	8	83	1	0.023
-2.094395	0.992645	-1.723759	17	87	141	0.023
-1.832596	0.992645	-1.723759	16	86	5	0.023
-1.570796	0.992645	-1.723759	10	84	140	0.023
-0.523599	0.992645	-1.723759	133	87	0	0.023
0.000000	0.992645	-1.723759	134	86	2	0.023
0.523599	0.992645	-1.723759	143	87	5	0.023
-3.141593	2.104282	-0.813972	17	89	137	0.023
-2.617994	2.104282	-0.813972	17	90	137	0.023
-0.785398	2.104282	-0.813972	12	83	141	0.023
-0.261799	2.104282	-0.813972	12	81	136	0.023
1.308997	2.104282	-0.813972	25	93	143	0.023
1.832596	2.104282	-0.813972	133	84	139	0.023
2.356194	2.104282	-0.813972	141	87	137	0.023
2.617994	2.104282	-0.813972	4	83	137	0.023
2.879793	2.104282	-0.813972	5	81	138	0.023
-2.879793	1.872854	1.543456	13	91	0	0.023
-2.356194	1.872854	1.543456	7	63	134	0.023
-2.094395	1.872854	1.543456	15	86	143	0.023
-1.570796	1.872854	1.543456	11	83	2	0.023
-1.047198	1.872854	1.543456	131	58	142	0.023
-0.785398	1.872854	1.543456	9	82	5	0.023
-0.261799	1.872854	1.543456	136	81	139	0.023
0.523599	1.872854	1.543456	133	87	5	0.023
1.570796	1.872854	1.543456	26	83	3	0.023
2.356194	1.872854	1.543456	26	88	4	0.023
2.879793	1.872854	1.543456	21	81	5	0.023
-3.141593	0.762244	-0.273349	21	87	5	0.023
-2.617994	0.762244	-0.273349	16	83	1	0.023
-2.094395	0.762244	-0.273349	17	86	6	0.023
-1.570796	0.762244	-0.273349	1	82	3	0.023
-1.308997	0.762244	-0.273349	10	87	6	0.023
-0.523599	0.762244	-0.273349	15	85	143	0.023
-0.261799	0.762244	-0.273349	18	84	7	0.023
0.785398	0.762244	-0.273349	21	88	142	0.023
1.047198	0.762244	-0.273349	19	87	3	0.023
1.308997	0.762244	-0.273349	16	86	6	0.023
2.094395	0.762244	-0.273349	22	83	143	0.023
2.356194	0.762244	-0.273349	16	84	9	0.023
2.617994	0.762244	-0.273349	16	84	138	0.023
2.879793	0.762244	-0.273349	15	86	7	0.023
-2.879793	1.050534	3.042579	134	91	4	0.023
-1.570796	1.050534	3.042579	17	90	138	0.023
0.000000	1.050534	3.042579	15	48	143	0.023
0.523599	1.050534	3.042579	14	48	1	0.023
1.570796	1.050534	3.042579	18	81	1	0.023
2.094395	1.050534	3.042579	137	83	6	0.023
2.617994	1.050534	3.042579	1	87	5	0.023
-0.261799	1.721184	-0.153948	17	82	137	0.023
0.261799	1.721184	-0.153948	19	64	2	0.023
0.523599	1.721184	-0.153948	19	82	140	0.023
1.570796	1.721184	-0.153948	141	87	142	0.023
1.832596	1.721184	-0.153948	0	87	142	0.023
2.094395	1.721184	-0.153948	137	88	6	0.023
2.356194	1.721184	-0.153948	4	87	143	0.023
2.617994	1.721184	-0.153948	137	49	3	0.023
-1.570796	0.733948	3.021411	17	59	6	0.023
-0.785398	0.733948	3.021411	10	87	1	0.023
0.000000	0.733948	3.021411	19	59	6	0.023
0.261799	0.733948	3.021411	17	59	140	0.023
2.094395	0.733948	3.021411	133	91	5	0.023
2.356194	0.733948	3.021411	135	92	5	0.023
2.617994	0.733948	3.021411	138	83	3	0.023
-2.879793	2.588535	-2.976617	22	87	140	0.023
-2.617994	2.588535	-2.976617	21	84	141	0.023
-2.356194	2.588535	-2.976617	5	83	2	0.023
-2.094395	2.588535	-2.976617	4	87	142	0.023
-1.832596	2.588535	-2.976617	11	82	139	0.023
-1.570796	2.588535	-2.976617	5	81	142	0.023
-1.308997	2.588535	-2.976617	6	87	139	0.023
-1.047198	2.588535	-2.976617	10	87	140	0.023
-0.261799	2.588535	-2.976617	21	91	143	0.023
0.261799	2.588535	-2.976617	6	86	139	0.023
0.523599	2.588535	-2.976617	18	83	0	0.023
1.570796	2.588535	-2.976617	6	90	135	0.023
1.832596	2.588535	-2.976617	9	55	136	0.023
2.094395	2.588535	-2.976617	21	85	137	0.023
2.356194	2.588535	-2.976617	20	64	134	0.023
2.617994	2.588535	-2.976617	23	89	1	0.023
2.879793	2.588535	-2.976617	31	87	140	0.023
-3.141593	1.391910	3.030322	0	85	1	0.023
-2.617994	1.391910	3.030322	136	95	7	0.023
0.000000	1.391910	3.030322	15	87	3	0.023
0.523599	1.391910	3.030322	13	86	0	0.023
0.785398	1.391910	3.030322	21	84	137	0.023
2.617994	1.391910	3.030322	11	87	2	0.023
-3.141593	0.685216	-1.712745	18	87	2	0.023
-2.617994	0.685216	-1.712745	15	88	4	0.023
-2.094395	0.685216	-1.712745	7	91	143	0.023
-1.832596	0.685216	-1.712745	4	87	6	0.023
-1.570796	0.685216	-1.712745	15	81	2	0.023
-1.308997	0.685216	-1.712745	17	86	0	0.023
-1.047198	0.685216	-1.712745	15	85	3	0.023
-0.523599	0.685216	-1.712745	135	86	4	0.023
-0.261799	0.685216	-1.712745	135	82	4	0.023
0.000000	0.685216	-1.712745	130	85	6	0.023
2.879793	0.685216	-1.712745	18	83	2	0.023
-3.141593	2.063651	-2.044600	22	87	3	0.023
-2.879793	2.063651	-2.044600	18	82	137	0.023
-2.617994	2.063651	-2.044600	139	88	137	0.023
-2.094395	2.063651	-2.044600	17	84	138	0.023
-1.832596	2.063651	-2.044600	14	87	138	0.023
-1.570796	2.063651	-2.044600	132	91	143	0.023
-0.785398	2.063651	-2.044600	3	87	133	0.023
0.000000	2.063651	-2.044600	18	91	139	0.023
0.785398	2.063651	-2.044600	21	91	134	0.023
1.570796	2.063651	-2.044600	16	83	142	0.023
1.832596	2.063651	-2.044600	11	59	142	0.023
2.094395	2.063651	-2.044600	20	59	139	0.023
2.356194	2.063651	-2.044600	20	87	142	0.023
-2.879793	0.700570	1.559208	141	87	8	0.023
-2.617994	0.700570	1.559208	1	91	10	0.023
-2.356194	0.700570	1.559208	10	87	8	0.023
-1.832596	0.700570	1.559208	4	86	4	0.023
-1.570796	0.700570	1.559208	0	92	4	0.023
-1.308997	0.700570	1.559208	20	84	2	0.023
-1.047198	0.700570	1.559208	14	88	6	0.023
-0.785398	0.700570	1.559208	11	86	6	0.023
0.000000	0.700570	1.559208	8	86	143	0.023
0.523599	0.700570	1.559208	8	55	3	0.023
0.785398	0.700570	1.559208	6	91	9	0.023
1.047198	0.700570	1.559208	6	91	142	0.023
2.094395	0.700570	1.559208	22	83	141	0.023
-2.879793	1.025536	1.576859	12	85	137	0.023
-2.617994	1.025536	1.576859	7	87	10	0.023
-2.094395	1.025536	1.576859	12	61	142	0.023
-1.832596	1.025536	1.576859	16	64	141	0.023
-1.570796	1.025536	1.576859	5	81	6	0.023
-1.047198	1.025536	1.576859	23	88	3	0.023
0.261799	1.025536	1.576859	140	84	8	0.023
0.523599	1.025536	1.576859	15	84	1	0.023
0.785398	1.025536	1.576859	10	91	6	0.023
2.617994	1.025536	1.576859	21	81	1	0.023
-3.141593	2.251330	-2.330739	21	85	138	0.023
-2.879793	2.251330	-2.330739	133	81	137	0.023
-2.356194	2.251330	-2.330739	17	91	2	0.023
-2.094395	2.251330	-2.330739	133	91	143	0.023
-1.570796	2.251330	-2.330739	5	83	132	0.023
-1.047198	2.251330	-2.330739	141	94	135	0.023
1.047198	2.251330	-2.330739	18	83	132	0.023
1.308997	2.251330	-2.330739	5	84	141	0.023
1.570796	2.251330	-2.330739	18	83	143	0.023
1.832596	2.251330	-2.330739	11	87	1	0.023
2.094395	2.251330	-2.330739	10	94	141	0.023
2.356194	2.251330	-2.330739	23	90	137	0.023
2.617994	2.251330	-2.330739	23	84	138	0.023
2.879793	2.251330	-2.330739	19	82	140	0.023
-2.356194	1.374601	-2.456031	21	83	140	0.023
-2.356194	1.732874	-0.951685	22	90	137	0.023
-1.570796	1.732874	-0.951685	9	86	138	0.023
-1.308997	1.732874	-0.951685	134	81	139	0.023
-1.047198	1.732874	-0.951685	1	64	139	0.023
-0.523599	1.732874	-0.951685	0	61	0	0.023
0.000000	1.732874	-0.951685	12	87	136	0.023
0.523599	1.732874	-0.951685	18	83	136	0.023
1.570796	1.732874	-0.951685	24	82	135	0.023
1.832596	1.732874	-0.951685	18	87	143	0.023
2.094395	1.732874	-0.951685	18	87	142	0.023
2.617994	1.732874	-0.951685	13	91	3	0.023
2.879793	1.732874	-0.951685	10	87	134	0.023
-2.879793	0.960688	-0.577532	4	85	143	0.023
-2.094395	0.960688	-0.577532	9	87	139	0.023
-1.832596	0.960688	-0.577532	133	81	138	0.023
-1.570796	0.960688	-0.577532	16	87	141	0.023
-1.047198	0.960688	-0.577532	13	82	5	0.023
0.785398	0.960688	-0.577532	22	87	3	0.023
1.047198	0.960688	-0.577532	27	91	3	0.023
1.832596	0.960688	-0.577532	18	83	143	0.023
2.094395	0.960688	-0.577532	24	82	142	0.023
2.356194	0.960688	-0.577532	11	90	3	0.023
-2.879793	1.824694	1.850876	14	59	2	0.023
-2.617994	1.824694	1.850876	17	91	0	0.023
-1.308997	1.824694	1.850876	17	60	139	0.023
-1.047198	1.824694	1.850876	21	84	1	0.023
-0.785398	1.824694	1.850876	133	86	140	0.023
0.000000	1.824694	1.850876	138	62	1	0.023
0.523599	1.824694	1.850876	14	61	1	0.023
1.570796	1.824694	1.850876	30	84	139	0.023
2.094395	1.824694	1.850876	23	87	0	0.023
2.879793	1.824694	1.850876	19	81	4	0.023
-2.879793	2.704512	1.488683	21	87	140	0.023
-2.617994	2.704512	1.488683	15	87	133	0.023
-1.832596	2.704512	1.488683	135	87	143	0.023
-1.570796	2.704512	1.488683	139	88	140	0.023
-1.308997	2.704512	1.488683	15	82	1	0.023
-0.785398	2.704512	1.488683	131	86	3	0.023
1.832596	2.704512	1.488683	19	84	138	0.023
2.356194	2.704512	1.488683	11	87	139	0.023
2.879793	2.704512	1.488683	13	86	140	0.023
-3.141593	0.910508	1.903534	14	89	7	0.023
-2.879793	0.910508	1.903534	142	87	7	0.023
-2.617994	0.910508	1.903534	14	84	8	0.023
-1.308997	0.910508	1.903534	20	90	8	0.023
-0.261799	0.910508	1.903534	135	82	9	0.023
0.000000	0.910508	1.903534	13	87	3	0.023
0.261799	0.910508	1.903534	14	59	7	0.023
0.523599	0.910508	1.903534	10	87	3	0.023
0.785398	0.910508	1.903534	7	55	8	0.023
1.047198	0.910508	1.903534	16	64	8	0.023
1.832596	0.910508	1.903534	18	55	4	0.023
2.094395	0.910508	1.903534	22	87	2	0.023
2.356194	0.910508	1.903534	28	86	1	0.023
2.617994	0.910508	1.903534	16	87	3	0.023
2.356194	0.929350	-2.910676	138	91	3	0.023
-2.879793	1.128190	-2.288622	22	86	1	0.023
-2.879793	2.881233	-2.582574	22	85	138	0.023
-2.356194	2.881233	-2.582574	14	83	140	0.023
-1.308997	2.881233	-2.582574	16	86	140	0.023
-1.047198	2.881233	-2.582574	14	83	140	0.023
-0.785398	2.881233	-2.582574	10	48	136	0.023
-0.523599	2.881233	-2.582574	19	86	142	0.023
0.261799	2.881233	-2.582574	15	82	139	0.023
0.523599	2.881233	-2.582574	0	63	136	0.023
0.785398	2.881233	-2.582574	135	87	138	0.023
1.047198	2.881233	-2.582574	15	88	142	0.023
1.308997	2.881233	-2.582574	142	84	141	0.023
1.570796	2.881233	-2.582574	4	87	138	0.023
2.356194	2.881233	-2.582574	27	91	136	0.023
2.879793	2.881233	-2.582574	24	83	133	0.023
-3.141593	1.696674	-1.253233	143	64	142	0.023
-2.879793	1.696674	-1.253233	8	91	137	0.023
-1.570796	1.696674	-1.253233	0	61	130	0.023
-1.308997	1.696674	-1.253233	142	83	140	0.023
-0.785398	1.696674	-1.253233	6	81	136	0.023
0.000000	1.696674	-1.253233	24	81	138	0.023
0.785398	1.696674	-1.253233	21	82	140	0.023
1.570796	1.696674	-1.253233	21	88	1	0.023
1.832596	1.696674	-1.253233	6	87	137	0.023
2.094395	1.696674	-1.253233	8	83	0	0.023
2.356194	1.696674	-1.253233	11	90	140	0.023
0.261799	1.683268	0.374177	19	88	3	0.023
1.570796	1.683268	0.374177	136	91	142	0.023
1.832596	1.683268	0.374177	20	87	7	0.023
2.094395	1.683268	0.374177	26	87	5	0.023
2.356194	1.683268	0.374177	137	94	5	0.023
-2.617994	2.073035	2.027405	3	90	3	0.023
-2.356194	2.073035	2.027405	8	62	131	0.023
-2.094395	2.073035	2.027405	11	86	136	0.023
-1.570796	2.073035	2.027405	16	83	141	0.023
-1.047198	2.073035	2.027405	17	81	3	0.023
-0.785398	2.073035	2.027405	135	87	142	0.023
-0.523599	2.073035	2.027405	142	87	139	0.023
0.785398	2.073035	2.027405	18	87	140	0.023
2.094395	2.073035	2.027405	21	87	136	0.023
2.617994	2.073035	2.027405	16	87	139	0.023
2.879793	2.073035	2.027405	12	87	141	0.023
1.308997	1.875281	0.107086	138	91	1	0.023
2.094395	1.875281	0.107086	18	87	6	0.023
-3.141593	1.247695	1.809890	10	81	0	0.023
-2.617994	1.247695	1.809890	6	90	138	0.023
-2.094395	1.247695	1.809890	24	87	4	0.023
-1.832596	1.247695	1.809890	14	48	143	0.023
-1.570796	1.247695	1.809890	23	86	7	0.023
-1.047198	1.247695	1.809890	19	91	2	0.023
0.000000	1.247695	1.809890	129	86	7	0.023
0.261799	1.247695	1.809890	11	64	7	0.023
0.523599	1.247695	1.809890	16	82	142	0.023
0.785398	1.247695	1.809890	139	88	7	0.023
1.047198	1.247695	1.809890	22	87	143	0.023
2.356194	1.247695	1.809890	26	56	0	0.023
2.617994	1.247695	1.809890	17	87	1	0.023
-2.356194	1.301460	-0.509251	16	85	2	0.023
-1.832596	1.301460	-0.509251	16	84	142	0.023
-1.308997	1.301460	-0.509251	5	87	3	0.023
-1.047198	1.301460	-0.509251	8	87	0	0.023
-0.785398	1.301460	-0.509251	1	87	3	0.023
-0.523599	1.301460	-0.509251	3	87	143	0.023
0.261799	1.301460	-0.509251	17	86	1	0.023
0.785398	1.301460	-0.509251	22	81	0	0.023
1.047198	1.301460	-0.509251	25	87	4	0.023
1.570796	1.301460	-0.509251	0	87	141	0.023
1.832596	1.301460	-0.509251	9	87	0	0.023
2.094395	1.301460	-0.509251	137	91	141	0.023
2.356194	1.301460	-0.509251	13	91	140	0.023
2.617994	1.301460	-0.509251	13	90	141	0.023
2.879793	1.301460	-0.509251	4	87	143	0.023
-3.141593	1.904882	-1.478089	22	91	137	0.023
-2.879793	1.904882	-1.478089	0	81	139	0.023
-2.356194	1.904882	-1.478089	18	87	138	0.023
-2.094395	1.904882	-1.478089	130	84	140	0.023
-1.570796	1.904882	-1.478089	9	86	2	0.023
-1.308997	1.904882	-1.478089	3	86	140	0.023
-1.047198	1.904882	-1.478089	131	87	138	0.023
-0.523599	1.904882	-1.478089	12	85	141	0.023
-0.261799	1.904882	-1.478089	17	81	134	0.023
1.047198	1.904882	-1.478089	25	90	138	0.023
2.094395	1.904882	-1.478089	15	90	136	0.023
2.879793	1.904882	-1.478089	9	59	128	0.023
-3.141593	0.709924	0.218797	25	91	142	0.023
-2.617994	0.709924	0.218797	21	81	3	0.023
-2.356194	0.709924	0.218797	20	91	5	0.023
-1.832596	0.709924	0.218797	3	85	3	0.023
-1.308997	0.709924	0.218797	143	81	138	0.023
-1.047198	0.709924	0.218797	6	87	0	0.023
-0.785398	0.709924	0.218797	15	82	143	0.023
-0.523599	0.709924	0.218797	5	81	139	0.023
-0.261799	0.709924	0.218797	18	86	142	0.023
0.523599	0.709924	0.218797	28	87	9	0.023
0.785398	0.709924	0.218797	14	81	0	0.023
1.047198	0.709924	0.218797	18	91	0	0.023
1.570796	0.709924	0.218797	6	85	142	0.023
2.356194	0.709924	0.218797	16	87	1	0.023
-2.879793	0.496451	0.593859	22	84	3	0.023
-2.094395	0.496451	0.593859	140	84	10	0.023
-1.832596	0.496451	0.593859	4	82	142	0.023
-1.570796	0.496451	0.593859	1	83	10	0.023
-1.308997	0.496451	0.593859	8	87	4	0.023
-0.523599	0.496451	0.593859	20	87	7	0.023
0.261799	0.496451	0.593859	19	84	2	0.023
0.785398	0.496451	0.593859	19	84	2	0.023
1.308997	0.496451	0.593859	143	88	6	0.023
1.832596	0.496451	0.593859	12	90	4	0.023
2.094395	0.496451	0.593859	23	83	2	0.023
2.356194	0.496451	0.593859	14	85	142	0.023
-1.308997	2.379497	0.561089	17	87	3	0.023
-3.141593	1.433411	-1.035986	15	87	136	0.023
-2.617994	1.433411	-1.035986	14	87	0	0.023
-2.356194	1.433411	-1.035986	140	84	136	0.023
-2.094395	1.433411	-1.035986	12	87	0	0.023
-1.832596	1.433411	-1.035986	20	88	0	0.023
-1.308997	1.433411	-1.035986	143	83	1	0.023
-0.785398	1.433411	-1.035986	141	84	1	0.023
-0.523599	1.433411	-1.035986	14	86	140	0.023
1.047198	1.433411	-1.035986	27	93	136	0.023
1.570796	1.433411	-1.035986	16	85	136	0.023
2.094395	1.433411	-1.035986	10	87	3	0.023
2.356194	1.433411	-1.035986	11	64	4	0.023
2.617994	1.433411	-1.035986	5	87	0	0.023
-2.617994	1.658653	-2.409879	136	87	2	0.023
-1.832596	1.658653	-2.409879	133	87	140	0.023
1.832596	1.658653	-2.409879	18	82	137	0.023
2.879793	1.658653	-2.409879	12	84	136	0.023
-2.879793	0.418037	1.360082	141	84	12	0.023
-2.617994	0.418037	1.360082	15	87	4	0.023
-2.094395	0.418037	1.360082	12	59	2	0.023
-1.570796	0.418037	1.360082	9	87	6	0.023
-1.047198	0.418037	1.360082	0	87	1	0.023
-0.261799	0.418037	1.360082	14	84	143	0.023
0.261799	0.418037	1.360082	14	87	8	0.023
0.523599	0.418037	1.360082	9	87	6	0.023
0.785398	0.418037	1.360082	9	82	6	0.023
1.832596	0.418037	1.360082	13	91	2	0.023
2.356194	0.418037	1.360082	14	81	7	0.023
2.617994	0.418037	1.360082	18	84	7	0.023
2.879793	0.418037	1.360082	23	90	4	0.023
-2.879793	1.214854	-1.966664	18	87	143	0.023
2.617994	1.214854	-1.966664	21	82	139	0.023
2.879793	1.214854	-1.966664	15	87	135	0.023
-3.141593	0.914445	2.687814	15	83	141	0.023
-2.356194	0.914445	2.687814	20	87	4	0.023
-2.094395	0.914445	2.687814	25	91	0	0.023
-0.523599	0.914445	2.687814	2	83	2	0.023
-0.261799	0.914445	2.687814	0	58	4	0.023
0.000000	0.914445	2.687814	8	88	3	0.023
0.261799	0.914445	2.687814	11	58	4	0.023
0.523599	0.914445	2.687814	7	59	1	0.023
1.047198	0.914445	2.687814	15	84	138	0.023
1.308997	0.914445	2.687814	17	84	0	0.023
1.832596	0.914445	2.687814	25	84	4	0.023
2.356194	0.914445	2.687814	140	90	9	0.023
2.617994	0.914445	2.687814	0	88	0	0.023
-2.094395	1.135813	-2.658866	21	84	141	0.023
2.356194	1.135813	-2.658866	140	87	143	0.023
-3.141593	1.448123	-2.163292	17	87	139	0.023
-2.879793	1.448123	-2.163292	138	88	139	0.023
-2.094395	1.448123	-2.163292	130	87	0	0.023
-1.308997	1.448123	-2.163292	130	91	4	0.023
2.356194	1.448123	-2.163292	22	87	140	0.023
-3.141593	2.455966	-0.641220	5	83	141	0.023
-2.356194	2.455966	-0.641220	14	87	138	0.023
-2.094395	2.455966	-0.641220	16	86	139	0.023
-1.570796	2.455966	-0.641220	20	84	138	0.023
-1.047198	2.455966	-0.641220	24	59	140	0.023
-0.523599	2.455966	-0.641220	15	87	139	0.023
-0.261799	2.455966	-0.641220	142	87	140	0.023
0.000000	2.455966	-0.641220	15	81	142	0.023
0.261799	2.455966	-0.641220	8	84	137	0.023
0.523599	2.455966	-0.641220	5	83	135	0.023
1.308997	2.455966	-0.641220	23	91	1	0.023
1.570796	2.455966	-0.641220	6	59	135	0.023
1.832596	2.455966	-0.641220	15	85	134	0.023
2.617994	2.455966	-0.641220	135	87	138	0.023
2.879793	2.455966	-0.641220	10	84	141	0.023
-1.570796	1.662363	0.915448	16	84	3	0.023
-1.047198	1.662363	0.915448	20	81	6	0.023
0.261799	1.662363	0.915448	142	87	4	0.023
2.094395	1.662363	0.915448	25	84	5	0.023
2.879793	1.662363	0.915448	137	87	0	0.023
-3.141593	1.870545	-2.976234	143	56	1	0.022
-0.523599	2.164094	-2.991358	15	54	136	0.022
-3.141593	2.579248	-2.364801	22	55	139	0.022
-3.141593	2.588535	-2.976617	141	61	134	0.022
-1.570796	1.391910	3.030322	9	55	5	0.022
1.832596	1.433411	-1.035986	0	62	4	0.022
2.094395	1.504028	0.636812	136	57	4	0.022
0.523599	1.450119	-2.739050	17	59	0	0.021
0.000000	1.869911	2.701025	136	59	137	0.021
1.047198	1.869911	2.701025	21	51	133	0.021
-1.832596	0.458961	-0.107937	9	54	142	0.021
-1.570796	0.458961	-0.107937	6	62	5	0.021
-2.879793	1.554776	0.100351	16	64	142	0.021
-2.617994	0.618092	2.539118	143	45	3	0.021
-2.617994	1.846342	-1.796954	21	59	140	0.021
0.523599	0.615174	-0.666022	17	59	3	0.021
-1.308997	1.569311	-3.003978	20	62	2	0.021
2.356194	0.419640	2.974122	137	64	5	0.021
-1.047198	1.134796	2.434290	16	58	1	0.021
-2.356194	2.587733	0.232235	138	62	141	0.021
-2.094395	2.587733	0.232235	18	59	141	0.021
2.879793	1.417623	-0.202254	13	64	3	0.021
1.047198	0.370812	-2.547742	136	58	142	0.021
-2.094395	2.979456	-1.009304	20	63	137	0.021
-0.523599	0.831641	0.616218	6	61	4	0.021
-1.570796	2.343981	-1.040456	8	59	143	0.021
-1.570796	0.674054	1.013609	21	58	5	0.021
2.094395	0.674054	1.013609	12	58	143	0.021
2.879793	0.906588	1.252948	23	54	6	0.021
-0.261799	1.335669	0.897240	136	55	0	0.021
0.261799	0.379747	-1.713059	138	55	0	0.021
-2.617994	0.866955	-0.931351	139	54	140	0.021
-1.308997	0.866955	-0.931351	22	52	142	0.021
2.879793	0.866955	-0.931351	23	61	143	0.021
-0.261799	1.812176	0.656819	16	55	3	0.021
-0.785398	2.719179	-1.780644	18	59	139	0.021
0.261799	2.396274	-1.959260	22	63	133	0.021
0.261799	0.866395	-2.492918	19	56	2	0.021
1.570796	1.617114	-1.572037	29	63	139	0.021
-2.617994	1.014500	0.906702	18	59	0	0.021
1.308997	1.014500	0.906702	10	59	3	0.021
1.832596	2.724429	-0.348782	21	61	135	0.021
-1.570796	1.741644	-2.695914	16	59	0	0.021
-1.832596	2.664082	-1.071402	24	62	140	0.021
-0.785398	2.579248	-2.364801	21	60	135	0.021
0.261799	2.984978	1.954446	14	61	139	0.021
2.617994	2.984978	1.954446	10	59	142	0.021
-1.047198	1.766067	2.153843	135	54	135	0.021
2.617994	1.766067	2.153843	30	64	142	0.021
-0.261799	1.809167	1.213774	14	61	8	0.021
-2.094395	1.135834	-1.431087	14	107	4	0.021
-1.047198	1.909857	-0.381669	6	55	129	0.021
-1.047198	1.367556	0.358405	3	52	137	0.021
2.356194	2.863997	0.549740	19	59	143	0.021
-1.047198	2.041297	-2.664597	16	61	137	0.021
-1.832596	1.545873	-1.877082	134	56	141	0.021
-2.356194	0.591903	2.010408	5	58	3	0.021
-2.617994	2.760637	2.781135	5	58	137	0.021
1.570796	2.760637	2.781135	22	60	137	0.021
-1.832596	2.407836	1.410646	19	62	142	0.021
0.000000	2.089241	-0.114193	17	94	138	0.021
2.879793	2.456751	-1.503343	21	59	135	0.021
-3.141593	2.349581	-2.702517	18	60	137	0.021
2.356194	2.180315	-1.357379	16	48	132	0.021
-2.356194	1.184361	0.625864	15	55	5	0.021
-0.523599	1.325504	-1.671296	0	59	141	0.021
-1.308997	1.606104	-0.451151	13	59	139	0.021
-2.356194	2.637879	2.121598	8	105	130	0.021
0.523599	1.555207	1.708892	5	55	5	0.021
-2.094395	2.295480	1.008277	15	48	1	0.021
0.261799	0.571433	-1.188419	4	40	0	0.021
-0.523599	1.982574	-1.115518	142	40	139	0.021
2.094395	0.080730	-2.622036	16	59	2	0.021
-1.570796	2.104282	-0.813972	11	56	130	0.021
-1.047198	2.104282	-0.813972	14	54	134	0.021
0.000000	1.872854	1.543456	137	60	2	0.021
0.000000	0.762244	-0.273349	11	59	1	0.021
2.879793	0.733948	3.021411	137	64	10	0.021
-2.879793	0.685216	-1.712745	11	62	141	0.021
0.523599	2.063651	-2.044600	23	59	4	0.021
2.879793	2.063651	-2.044600	11	61	140	0.021
1.832596	1.025536	1.576859	18	58	2	0.021
-1.832596	2.251330	-2.330739	4	62	135	0.021
-3.141593	1.732874	-0.951685	17	64	143	0.021
-0.261799	0.960688	-0.577532	23	58	2	0.021
-0.261799	1.824694	1.850876	131	59	3	0.021
1.832596	1.824694	1.850876	26	59	2	0.021
-1.047198	1.128190	-2.288622	15	59	1	0.021
-2.094395	2.881233	-2.582574	20	62	137	0.021
-3.141593	2.073035	2.027405	6	58	135	0.021
0.523599	2.073035	2.027405	5	56	141	0.021
-1.047198	1.875281	0.107086	14	56	142	0.021
-0.523599	1.247695	1.809890	141	59	1	0.021
0.000000	1.904882	-1.478089	27	48	136	0.021
0.785398	1.904882	-1.478089	21	64	138	0.021
1.832596	1.904882	-1.478089	14	59	143	0.021
-1.308997	0.418037	1.360082	9	55	3	0.021
-2.617994	1.214854	-1.966664	13	61	135	0.021
-1.832596	0.914445	2.687814	137	56	6	0.021
2.094395	0.914445	2.687814	19	59	3	0.021
-1.308997	2.455966	-0.641220	20	61	141	0.021
2.879793	2.349581	-2.702517	20	54	142	0.021
0.785398	0.419640	2.974122	22	51	7	0.021
-2.617994	2.180315	-1.357379	136	49	129	0.021
2.617994	2.108018	1.311430	23	54	2	0.021
2.879793	2.404280	-0.174044	135	59	137	0.021
2.094395	0.618092	2.539118	136	51	6	0.021
-0.785398	1.846342	-1.796954	129	49	142	0.021
-1.570796	1.569311	-3.003978	17	59	140	0.021
1.308997	1.134796	2.434290	3	53	0	0.021
-2.356194	1.417623	-0.202254	20	54	3	0.021
-2.879793	0.831641	0.616218	13	61	6	0.021
-2.617994	2.343981	-1.040456	140	54	134	0.021
-0.261799	0.674054	1.013609	134	50	143	0.021
-2.094395	0.379747	-1.713059	21	52	6	0.021
2.094395	0.379747	-1.713059	29	59	1	0.021
2.879793	0.379747	-1.713059	5	59	2	0.021
-1.570796	2.299159	2.264663	142	55	138	0.021
-1.570796	1.909857	-0.381669	5	56	132	0.021
-3.141593	1.195355	1.200319	15	53	7	0.021
2.356194	1.195355	1.200319	21	55	141	0.021
-3.141593	1.310100	1.488307	16	57	2	0.021
1.570796	1.367556	0.358405	15	57	7	0.021
0.523599	0.290380	-0.796960	141	61	6	0.021
0.000000	1.545873	-1.877082	0	52	136	0.021
-0.261799	2.356369	3.005869	24	49	0	0.021
-3.141593	2.760637	2.781135	20	55	135	0.021
1.832596	2.478122	2.609777	21	57	133	0.021
-3.141593	1.606104	-0.451151	22	62	138	0.021
0.785398	0.203748	0.590255	19	51	9	0.021
2.879793	1.391910	3.030322	142	60	142	0.021
-0.261799	0.700570	1.559208	23	53	7	0.021
-2.094395	2.704512	1.488683	20	54	2	0.021
2.094395	2.881233	-2.582574	5	53	134	0.021
-1.047198	1.696674	-1.253233	140	55	143	0.021
-2.094395	1.301460	-0.509251	19	58	142	0.021
-3.141593	0.496451	0.593859	143	59	0	0.021
-2.094395	1.214854	-1.966664	22	58	0	0.021
-0.261799	1.741644	-2.695914	133	52	139	0.020
-3.141593	1.736875	3.023612	136	59	0	0.020
1.832596	1.756530	-2.105156	19	49	140	0.020
-1.570796	2.393226	1.857173	6	56	0	0.020
-2.617994	1.741644	-2.695914	133	56	137	0.020
-1.047198	1.135834	-1.431087	130	53	3	0.020
1.308997	1.113094	-0.272241	10	55	0	0.020
-2.094395	2.407836	1.410646	5	51	142	0.020
0.785398	0.571433	-1.188419	19	52	142	0.020
0.523599	2.104282	-0.813972	0	56	140	0.020
-1.047198	0.914445	2.687814	16	56	141	0.020
2.356194	1.256302	0.062705	4	57	1	0.020
2.094395	2.033014	2.977192	32	56	2	0.020
-3.141593	1.450119	-2.739050	12	84	142	0.020
-2.094395	1.450119	-2.739050	136	84	138	0.020
0.785398	1.450119	-2.739050	22	82	137	0.020
1.308997	1.450119	-2.739050	14	58	134	0.020
2.094395	1.450119	-2.739050	5	64	0	0.020
2.356194	1.450119	-2.739050	21	61	142	0.020
-2.356194	2.404280	-0.174044	20	59	139	0.020
-0.523599	2.404280	-0.174044	16	87	133	0.020
0.261799	2.404280	-0.174044	28	64	143	0.020
0.523599	2.404280	-0.174044	21	88	135	0.020
1.047198	2.404280	-0.174044	16	61	140	0.020
1.570796	2.404280	-0.174044	20	61	133	0.020
-3.141593	2.115563	0.685730	143	87	143	0.020
-0.785398	2.115563	0.685730	20	87	9	0.020
-0.523599	2.115563	0.685730	21	87	1	0.020
0.785398	2.115563	0.685730	23	59	2	0.020
1.570796	2.115563	0.685730	23	111	2	0.020
2.094395	2.115563	0.685730	24	81	4	0.020
-1.047198	1.756530	-2.105156	139	47	136	0.020
2.356194	1.756530	-2.105156	11	61	135	0.020
-0.785398	1.869911	2.701025	18	62	142	0.020
-0.523599	1.869911	2.701025	133	48	0	0.020
1.308997	1.869911	2.701025	24	61	138	0.020
1.832596	1.869911	2.701025	138	91	5	0.020
-2.617994	0.458961	-0.107937	139	64	141	0.020
-0.261799	0.458961	-0.107937	17	56	2	0.020
0.261799	0.458961	-0.107937	22	56	143	0.020
-3.141593	1.599406	1.426070	20	61	141	0.020
-1.047198	1.599406	1.426070	13	94	5	0.020
0.261799	1.599406	1.426070	137	60	5	0.020
-2.356194	1.554776	0.100351	15	62	5	0.020
-1.832596	1.554776	0.100351	19	62	5	0.020
-1.570796	1.554776	0.100351	12	87	6	0.020
-1.308997	1.554776	0.100351	19	61	1	0.020
-0.785398	1.554776	0.100351	17	59	0	0.020
-0.523599	1.554776	0.100351	10	91	141	0.020
0.000000	1.554776	0.100351	18	58	142	0.020
0.785398	1.554776	0.100351	26	91	0	0.020
1.047198	1.554776	0.100351	19	61	3	0.020
2.879793	1.554776	0.100351	139	87	0	0.020
-1.570796	0.618092	2.539118	21	87	9	0.020
0.000000	0.618092	2.539118	14	64	140	0.020
1.570796	0.618092	2.539118	20	95	10	0.020
-2.617994	0.615174	-0.666022	137	64	137	0.020
-1.570796	0.615174	-0.666022	19	64	142	0.020
-0.523599	0.615174	-0.666022	22	103	4	0.020
-0.261799	0.615174	-0.666022	3	94	5	0.020
0.000000	0.615174	-0.666022	20	48	6	0.020
2.356194	0.615174	-0.666022	6	59	1	0.020
-2.879793	2.393226	1.857173	22	90	139	0.020
0.523599	2.393226	1.857173	9	48	143	0.020
1.308997	2.393226	1.857173	3	48	140	0.020
2.356194	2.393226	1.857173	21	64	142	0.020
-3.141593	1.569311	-3.003978	134	54	6	0.020
-1.832596	1.569311	-3.003978	135	82	142	0.020
1.308997	1.569311	-3.003978	19	60	0	0.020
-2.094395	0.419640	2.974122	138	90	4	0.020
-1.832596	0.419640	2.974122	16	61	1	0.020
-1.570796	0.419640	2.974122	18	84	6	0.020
-1.308997	0.419640	2.974122	26	48	5	0.020
0.000000	0.419640	2.974122	9	64	1	0.020
1.047198	0.419640	2.974122	20	62	6	0.020
2.879793	0.419640	2.974122	9	87	139	0.020
-1.308997	1.134796	2.434290	16	59	3	0.020
-0.261799	1.134796	2.434290	15	87	0	0.020
0.261799	1.134796	2.434290	14	55	3	0.020
0.523599	1.134796	2.434290	8	91	4	0.020
-2.094395	1.574060	2.783565	131	83	0	0.020
-1.047198	1.574060	2.783565	131	59	6	0.020
-0.785398	1.574060	2.783565	141	87	141	0.020
0.000000	1.574060	2.783565	11	58	0	0.020
0.523599	1.574060	2.783565	16	44	2	0.020
1.047198	1.574060	2.783565	13	43	138	0.020
2.356194	1.574060	2.783565	129	91	142	0.020
-0.523599	2.587733	0.232235	17	59	143	0.020
-0.261799	2.587733	0.232235	0	55	140	0.020
0.261799	2.587733	0.232235	17	61	135	0.020
0.785398	2.587733	0.232235	21	63	133	0.020
-1.047198	1.413430	2.550734	10	64	9	0.020
-0.523599	1.413430	2.550734	142	87	135	0.020
1.308997	1.413430	2.550734	19	63	143	0.020
1.832596	1.413430	2.550734	5	91	143	0.020
-2.879793	1.417623	-0.202254	24	88	138	0.020
-2.617994	1.417623	-0.202254	133	91	0	0.020
-1.832596	1.417623	-0.202254	3	90	142	0.020
-1.047198	1.417623	-0.202254	13	43	142	0.020
1.308997	1.417623	-0.202254	17	99	1	0.020
1.832596	1.417623	-0.202254	12	95	0	0.020
-1.308997	0.850607	-1.335383	23	64	0	0.020
-0.261799	0.850607	-1.335383	139	59	5	0.020
1.047198	0.850607	-1.335383	30	48	143	0.020
1.308997	0.850607	-1.335383	29	91	1	0.020
-3.141593	0.370812	-2.547742	23	61	139	0.020
-2.617994	0.370812	-2.547742	15	90	2	0.020
-1.047198	0.370812	-2.547742	3	63	140	0.020
-0.785398	0.370812	-2.547742	20	64	10	0.020
-2.617994	0.640596	-2.797608	25	88	141	0.020
-2.356194	0.640596	-2.797608	23	84	140	0.020
-0.261799	0.640596	-2.797608	14	57	4	0.020
0.000000	0.640596	-2.797608	3	48	4	0.020
0.261799	0.640596	-2.797608	136	87	5	0.020
2.094395	0.640596	-2.797608	21	64	0	0.020
2.879793	0.640596	-2.797608	143	86	6	0.020
-3.141593	2.979456	-1.009304	12	61	135	0.020
-1.047198	2.979456	-1.009304	22	88	138	0.020
0.000000	2.979456	-1.009304	143	48	135	0.020
1.570796	2.979456	-1.009304	21	63	137	0.020
-2.094395	0.831641	0.616218	8	61	139	0.020
-1.308997	0.831641	0.616218	9	64	2	0.020
-1.047198	0.831641	0.616218	8	58	3	0.020
0.261799	0.831641	0.616218	15	91	6	0.020
1.570796	0.831641	0.616218	5	61	137	0.020
-2.879793	2.343981	-1.040456	18	59	2	0.020
-2.356194	2.343981	-1.040456	14	59	140	0.020
-1.832596	2.343981	-1.040456	17	94	142	0.020
0.523599	2.343981	-1.040456	7	87	2	0.020
-1.570796	1.998705	2.370472	16	59	0	0.020
-0.785398	1.998705	2.370472	3	59	3	0.020
-0.523599	1.998705	2.370472	140	87	131	0.020
0.261799	1.998705	2.370472	15	45	135	0.020
1.047198	1.998705	2.370472	19	91	139	0.020
1.832596	1.998705	2.370472	1	90	135	0.020
2.094395	1.998705	2.370472	18	93	1	0.020
-2.356194	1.413347	-1.339188	143	62	133	0.020
-1.308997	1.413347	-1.339188	134	63	2	0.020
-0.785398	1.413347	-1.339188	137	64	143	0.020
-0.523599	1.413347	-1.339188	24	59	135	0.020
0.000000	1.413347	-1.339188	20	59	143	0.020
0.785398	1.413347	-1.339188	24	86	2	0.020
-1.308997	0.674054	1.013609	16	61	7	0.020
0.000000	0.674054	1.013609	20	63	0	0.020
-0.785398	0.906588	1.252948	24	64	6	0.020
-0.523599	0.906588	1.252948	9	86	142	0.020
-0.261799	0.906588	1.252948	18	90	12	0.020
0.523599	0.906588	1.252948	5	48	142	0.020
1.308997	0.906588	1.252948	11	59	2	0.020
1.570796	0.906588	1.252948	14	87	141	0.020
1.832596	0.906588	1.252948	14	86	139	0.020
2.094395	0.906588	1.252948	20	94	5	0.020
2.617994	0.906588	1.252948	134	84	6	0.020
-2.879793	1.335669	0.897240	14	84	137	0.020
-1.308997	1.335669	0.897240	0	48	0	0.020
-0.785398	1.335669	0.897240	23	87	2	0.020
-0.523599	1.335669	0.897240	21	48	140	0.020
1.308997	1.335669	0.897240	134	48	4	0.020
-2.879793	1.870545	-2.976234	18	83	3	0.020
-2.356194	1.870545	-2.976234	27	81	137	0.020
-2.094395	1.870545	-2.976234	127	87	143	0.020
-1.832596	1.870545	-2.976234	135	81	143	0.020
-1.047198	1.870545	-2.976234	12	84	0	0.020
0.000000	1.870545	-2.976234	1	83	140	0.020
0.261799	1.870545	-2.976234	17	87	4	0.020
0.523599	1.870545	-2.976234	11	63	142	0.020
