112	1.2	0
-2.356194	1.569311	-3.003978
0.000000	0.000000	0.000000
model.B99990001.pdb	61.740	-57.870	-100.089
1iob.pdb	15.932	13.567	1.186
-2.094395	1.658653	-2.409879	83	111	98	8.516
2.879793	2.881233	-2.582574	92	104	93	8.385
-2.879793	2.251330	-2.330739	90	0	93	7.930
2.879793	2.349581	-2.702517	95	111	92	7.930
-3.141593	2.881233	-2.582574	94	103	93	7.798
-2.356194	1.658653	-2.409879	84	2	98	7.703
-1.047198	1.998705	2.370472	83	0	98	7.637
0.523599	2.760637	2.781135	88	109	94	7.182
-0.261799	1.869911	2.701025	87	101	97	7.116
-0.785398	2.299159	2.264663	84	110	97	6.985
2.879793	2.251330	-2.330739	92	3	93	6.889
-2.879793	2.579248	-2.364801	92	107	92	6.823
0.261799	2.299159	2.264663	89	99	97	6.757
-0.785398	1.869911	2.701025	84	106	97	6.596
-0.523599	1.869911	2.701025	85	104	97	6.596
-2.617994	2.979456	-1.009304	85	108	96	6.530
-0.261799	2.299159	2.264663	85	104	97	6.464
-1.832596	2.063651	-2.044600	86	103	96	6.369
-2.356194	1.948085	-2.363031	86	111	95	6.369
-0.785398	2.138223	1.678323	81	107	103	6.332
-0.261799	1.998705	2.370472	85	102	98	6.303
-1.832596	1.658653	-2.409879	83	107	98	6.076
-1.570796	1.658653	-2.409879	84	104	98	6.076
-2.094395	1.450119	-2.739050	83	2	100	6.076
-3.141593	2.579248	-2.364801	91	108	92	6.076
-1.570796	2.063651	-2.044600	88	101	96	6.010
-1.832596	1.948085	-2.363031	85	106	96	6.010
-0.523599	1.574060	2.783565	84	100	101	5.878
2.879793	2.579248	-2.364801	91	109	92	5.848
-2.356194	2.251330	-2.330739	90	108	93	5.783
-2.617994	2.251330	-2.330739	89	111	93	5.783
0.000000	2.478122	2.609777	88	107	94	5.783
-1.047198	1.869911	2.701025	84	109	97	5.782
0.000000	2.393226	1.857173	85	100	100	5.717
-2.356194	2.063651	-2.044600	85	110	96	5.716
-0.523599	1.998705	2.370472	84	105	98	5.716
-0.523599	1.824694	1.850876	81	103	105	5.716
-0.523599	1.766067	2.153843	82	103	103	5.650
-3.141593	2.251330	-2.330739	91	2	93	5.621
-2.617994	2.719179	-1.780644	88	105	95	5.585
-1.308997	1.741644	-2.695914	85	104	97	5.584
0.000000	2.637879	2.121598	85	105	96	5.556
-1.047198	1.218453	2.777284	80	106	106	5.519
-0.261799	1.699788	2.452890	85	98	101	5.489
0.261799	2.478122	2.609777	89	105	94	5.489
-0.785398	2.073035	2.027405	81	108	101	5.424
-2.356194	1.756530	-2.105156	83	0	99	5.424
2.356194	2.881233	-2.582574	90	106	93	5.328
0.000000	1.869911	2.701025	89	99	97	5.262
0.261799	2.393226	1.857173	88	97	99	5.262
-2.094395	2.979456	-1.009304	86	103	96	5.262
-2.617994	1.948085	-2.363031	87	2	95	5.262
-1.308997	1.218453	2.777284	80	110	106	5.225
-1.047198	1.736875	3.023612	84	107	97	5.196
0.000000	1.699788	2.452890	88	96	101	5.196
-1.570796	1.948085	-2.363031	87	103	95	5.167
-1.047198	2.073035	2.027405	82	0	101	5.064
-1.570796	2.041297	-2.664597	88	107	94	5.064
-1.832596	2.041297	-2.664597	88	109	94	5.064
-0.523599	2.407836	1.410646	81	104	102	5.035
-0.523599	1.736875	3.023612	87	100	98	4.998
-0.261799	2.033014	2.977192	90	102	94	4.969
-2.356194	1.450119	-2.739050	85	5	100	4.969
0.523599	2.393226	1.857173	92	96	98	4.969
-0.261799	1.574060	2.783565	87	97	100	4.969
2.617994	2.881233	-2.582574	91	105	93	4.903
2.879793	2.719179	-1.780644	87	0	95	4.903
-1.832596	1.756530	-2.105156	82	105	100	4.837
-2.879793	2.719179	-1.780644	87	108	95	4.837
-1.832596	2.251330	-2.330739	90	104	93	4.808
-0.523599	1.413430	2.550734	81	101	104	4.808
0.261799	2.138223	1.678323	89	94	103	4.676
2.094395	1.766067	2.153843	85	111	92	4.647
-3.141593	1.574060	2.783565	79	103	99	4.647
-2.094395	1.948085	-2.363031	87	108	95	4.515
0.261799	1.766067	2.153843	89	94	103	4.515
-2.879793	1.948085	-2.363031	88	5	95	4.514
0.523599	2.637879	2.121598	89	100	96	4.449
0.523599	2.984978	1.954446	87	102	96	4.448
0.000000	2.073035	2.027405	85	98	101	4.448
-1.047198	2.863997	0.549740	83	104	99	4.383
-0.785398	1.736875	3.023612	85	104	97	4.383
0.261799	2.984978	1.954446	86	105	96	4.382
-0.523599	1.699788	2.452890	83	103	101	4.317
0.000000	2.174483	2.653697	89	102	95	4.221
-0.523599	2.073035	2.027405	82	105	100	4.221
-1.047198	1.824694	1.850876	80	111	105	4.221
0.261799	1.998705	2.370472	90	97	98	4.156
0.261799	2.073035	2.027405	89	95	101	4.156
-0.785398	1.766067	2.153843	80	107	103	4.156
-3.141593	2.349581	-2.702517	94	111	92	4.155
-0.785398	1.699788	2.452890	81	107	101	4.155
-1.570796	1.391910	3.030322	81	1	102	4.090
-0.523599	1.569311	-3.003978	88	97	99	4.090
-0.785398	1.569311	-3.003978	86	100	99	4.090
-0.261799	2.407836	1.410646	84	99	102	4.090
-0.261799	1.824694	1.850876	83	99	105	4.090
-0.261799	2.704512	1.488683	84	102	99	4.089
0.261799	2.637879	2.121598	87	102	97	4.023
-1.832596	1.391910	3.030322	83	4	102	4.023
-2.356194	2.153910	-1.714959	83	107	98	3.994
-1.308997	1.574060	2.783565	82	111	100	3.994
-2.094395	1.736875	3.023612	89	5	96	3.994
0.000000	2.984978	1.954446	86	107	96	3.957
-0.261799	2.174483	2.653697	88	104	95	3.928
-0.523599	2.637879	2.121598	85	0	96	3.928
-0.785398	1.134796	2.434290	79	105	109	3.928
0.000000	2.704512	1.488683	86	99	99	3.862
-2.879793	2.396274	-1.959260	88	111	94	3.862
-0.785398	1.998705	2.370472	83	108	99	3.862
-2.879793	2.881233	-2.582574	95	103	93	3.862
-1.308997	1.413430	2.550734	80	0	104	3.862
2.617994	1.766067	2.153843	85	105	92	3.833
-2.879793	2.063651	-2.044600	87	3	96	3.796
0.000000	1.998705	2.370472	87	98	99	3.796
-2.094395	1.741644	-2.695914	85	0	97	3.796
1.047198	1.335669	0.897240	87	97	95	3.701
-1.047198	1.554776	0.100351	83	94	97	3.672
0.523599	2.104282	-0.813972	96	97	89	3.672
-1.570796	1.741644	-2.695914	85	107	96	3.635
-1.308997	1.948085	-2.363031	89	101	95	3.635
-1.832596	1.741644	-2.695914	85	110	96	3.635
-1.832596	2.396274	-1.959260	89	102	95	3.569
-0.523599	2.033014	2.977192	89	105	94	3.569
-1.308997	1.736875	3.023612	84	110	97	3.569
-1.047198	1.574060	2.783565	82	108	100	3.569
0.785398	0.674054	1.013609	92	94	96	3.540
-2.094395	2.251330	-2.330739	89	106	93	3.540
-0.261799	2.138223	1.678323	83	99	104	3.503
-0.261799	2.073035	2.027405	84	101	101	3.503
-2.356194	2.979456	-1.009304	85	105	96	3.474
-0.785398	2.174483	2.653697	86	110	95	3.474
-1.308997	1.450119	-2.739050	82	103	100	3.408
-3.141593	2.396274	-1.959260	88	1	94	3.408
-1.832596	1.242974	-2.977882	80	3	103	3.408
0.261799	2.104282	-0.813972	92	98	90	3.313
0.785398	2.984978	1.954446	89	101	96	3.276
-0.523599	2.174483	2.653697	87	106	95	3.276
-1.047198	1.413430	2.550734	80	108	104	3.276
-0.523599	2.704512	1.488683	83	106	99	3.276
-1.308997	1.998705	2.370472	85	3	98	3.276
-0.785398	2.637879	2.121598	86	2	96	3.276
-1.047198	1.391910	3.030322	81	105	102	3.276
-2.617994	2.063651	-2.044600	86	0	96	3.276
-0.785398	1.391910	3.030322	83	101	102	3.276
-0.785398	1.413430	2.550734	81	104	104	3.275
-0.785398	2.393226	1.857173	82	109	99	3.275
2.617994	1.574060	2.783565	79	0	99	3.246
-1.832596	1.870545	-2.976234	88	0	94	3.181
-3.141593	0.733948	3.021411	78	110	101	3.181
-0.785398	1.574060	2.783565	83	104	100	3.181
-0.261799	1.413430	2.550734	84	98	104	3.115
-0.261799	2.637879	2.121598	85	109	96	3.114
-2.356194	2.396274	-1.959260	86	106	95	3.114
-0.785398	2.033014	2.977192	88	106	94	3.049
-0.785398	1.506530	1.988858	79	106	108	3.049
-2.879793	2.153910	-1.714959	84	4	98	3.048
-2.356194	1.741644	-2.695914	86	3	97	3.048
-0.523599	1.909857	-0.381669	89	97	91	3.020
2.094395	1.699788	2.452890	83	4	95	3.019
-1.047198	2.180315	-1.357379	82	1	92	3.019
-0.261799	1.909857	-0.381669	92	96	91	3.019
-0.523599	2.393226	1.857173	83	106	99	2.983
0.261799	1.824694	1.850876	90	94	105	2.982
-0.785398	2.592629	0.909713	82	104	101	2.982
-1.047198	1.766067	2.153843	81	111	103	2.982
1.832596	1.050534	3.042579	80	108	97	2.954
-2.617994	2.396274	-1.959260	87	109	94	2.953
-1.832596	1.450119	-2.739050	82	111	99	2.953
2.617994	2.349581	-2.702517	9	10	74	2.888
-2.617994	2.579248	-2.364801	93	105	92	2.887
-2.879793	2.456751	-1.503343	84	1	97	2.887
-1.832596	1.569311	-3.003978	84	1	98	2.887
2.617994	2.579248	-2.364801	91	111	92	2.887
0.000000	2.407836	1.410646	86	97	102	2.887
-2.879793	2.979456	-1.009304	85	111	96	2.887
-2.094395	2.063651	-2.044600	85	107	96	2.887
-0.261799	2.478122	2.609777	89	109	93	2.887
-1.047198	2.760637	2.781135	80	99	96	2.858
-1.047198	2.138223	1.678323	81	111	103	2.851
-0.523599	2.299159	2.264663	84	109	97	2.821
-1.832596	1.574060	2.783565	84	6	100	2.821
-0.261799	2.393226	1.857173	84	102	100	2.784
-1.308997	1.869911	2.701025	85	1	97	2.755
-1.308997	2.863997	0.549740	82	108	99	2.755
-1.570796	1.870545	-2.976234	86	111	95	2.755
-1.047198	1.699788	2.452890	81	109	101	2.755
0.261799	1.599406	1.426070	88	1	91	2.726
-1.047198	1.050534	3.042579	80	103	106	2.726
-2.094395	2.588535	-2.976617	81	13	100	2.697
-2.094395	1.391910	3.030322	85	7	102	2.689
-2.094395	1.909857	-0.381669	84	3	91	2.660
1.047198	1.184361	0.625864	86	94	99	2.660
2.356194	1.574060	2.783565	80	4	100	2.660
0.261799	1.488617	1.159546	89	103	88	2.594
-0.785398	1.662363	0.915448	92	87	103	2.565
1.308997	1.998705	2.370472	88	10	96	2.565
-0.261799	2.343981	-1.040456	86	105	89	2.565
0.000000	1.766067	2.153843	85	96	102	2.565
0.785398	2.760637	2.781135	89	107	94	2.528
-1.570796	1.699788	2.452890	83	6	101	2.528
2.356194	2.349581	-2.702517	10	10	74	2.499
-1.047198	1.721184	-0.153948	83	98	94	2.499
0.785398	1.014500	0.906702	87	97	96	2.499
1.047198	1.488617	1.159546	87	102	93	2.499
-2.356194	2.108018	1.311430	76	0	100	2.499
-1.308997	2.001437	0.381215	107	100	75	2.470
-0.523599	2.592629	0.909713	84	100	102	2.462
0.523599	2.704512	1.488683	92	96	99	2.462
-1.308997	1.699788	2.452890	82	1	101	2.462
0.785398	1.195355	1.200319	90	101	91	2.433
-1.308997	2.343981	-1.040456	88	3	89	2.433
-0.523599	2.138223	1.678323	81	103	104	2.396
-1.047198	1.569311	-3.003978	84	103	98	2.367
-1.832596	2.719179	-1.780644	92	99	95	2.367
-2.356194	1.736875	3.023612	92	7	96	2.367
0.261799	2.760637	2.781135	89	110	93	2.367
2.094395	1.050534	3.042579	81	104	97	2.367
-1.047198	1.683268	0.374177	86	92	97	2.338
0.000000	2.299159	2.264663	87	101	97	2.301
-2.094395	1.574060	2.783565	87	8	100	2.301
-1.570796	2.979456	-1.009304	91	98	96	2.301
-2.356194	2.719179	-1.780644	89	102	95	2.301
-2.617994	2.138223	1.678323	76	7	105	2.272
1.047198	2.984978	1.954446	92	100	95	2.235
1.570796	1.766067	2.153843	88	4	92	2.206
1.047198	1.555207	1.708892	91	110	90	2.206
-1.570796	1.450119	-2.739050	83	106	99	2.206
-2.094395	2.164094	-2.991358	79	14	108	2.176
0.261799	2.407836	1.410646	90	95	102	2.169
-0.785398	1.440580	2.260026	80	106	106	2.169
0.000000	1.574060	2.783565	90	96	100	2.169
-3.141593	2.719179	-1.780644	87	110	95	2.169
-2.356194	1.870545	-2.976234	90	4	94	2.140
1.832596	0.914445	2.687814	82	107	95	2.140
2.879793	1.391910	3.030322	77	109	103	2.140
-0.785398	1.113094	-0.272241	81	93	106	2.140
-1.570796	1.736875	3.023612	86	0	96	2.140
0.261799	2.001437	0.381215	21	109	74	2.111
-1.570796	1.909857	-0.381669	83	109	91	2.074
-1.308997	1.569311	-3.003978	83	107	98	2.074
-1.047198	2.393226	1.857173	82	3	99	2.074
-0.261799	2.104282	-0.813972	88	101	89	2.045
-2.617994	1.554776	0.100351	82	11	97	2.045
-0.785398	2.001437	0.381215	93	92	93	2.044
-2.094395	1.875281	0.107086	81	111	92	1.979
-2.356194	1.875281	0.107086	82	3	92	1.979
-2.356194	1.569311	-3.003978	89	6	97	1.979
-2.617994	2.108018	1.311430	77	4	100	1.979
-1.832596	1.875281	0.107086	81	107	92	1.979
-0.523599	1.554776	0.100351	91	90	98	1.979
0.523599	2.343981	-1.040456	92	99	89	1.978
-0.785398	1.218453	2.777284	81	103	105	1.942
-0.523599	2.108018	1.311430	81	100	107	1.942
0.000000	1.310100	1.488307	90	109	90	1.913
0.523599	2.180315	-1.357379	92	94	93	1.913
1.832596	2.760637	2.781135	9	1	75	1.913
-3.141593	2.478122	2.609777	97	34	9	1.884
-2.356194	2.041297	-2.664597	92	34	14	1.884
-2.879793	1.741644	-2.695914	90	8	96	1.847
0.000000	1.413430	2.550734	88	95	103	1.847
-1.047198	1.242974	-2.977882	81	101	103	1.847
-2.094395	1.870545	-2.976234	89	2	94	1.846
-2.094395	1.242974	-2.977882	82	5	103	1.846
-2.094395	2.299159	2.264663	73	2	106	1.818
0.000000	2.104282	-0.813972	90	99	89	1.817
-0.261799	2.664082	-1.071402	87	0	88	1.817
-0.785398	2.104282	-0.813972	85	105	89	1.817
-1.832596	1.699788	2.452890	91	92	96	1.810
0.000000	1.440580	2.260026	87	94	106	1.781
-1.570796	1.869911	2.701025	85	3	97	1.781
-0.261799	1.440580	2.260026	83	98	106	1.781
-1.308997	1.504028	0.636812	81	93	103	1.752
-1.832596	1.554776	0.100351	77	107	97	1.752
-1.308997	1.554776	0.100351	80	99	97	1.752
-1.047198	2.343981	-1.040456	86	0	89	1.751
-1.047198	1.662363	0.915448	87	89	103	1.751
-2.879793	1.504028	0.636812	79	12	104	1.751
-2.617994	1.741644	-2.695914	88	5	97	1.715
-1.570796	1.574060	2.783565	83	3	100	1.715
-1.308997	1.391910	3.030322	80	109	102	1.714
0.261799	2.456751	-1.503343	87	98	91	1.686
-0.785398	1.875281	0.107086	90	94	93	1.685
0.000000	2.343981	-1.040456	89	102	89	1.685
-1.047198	2.104282	-0.813972	84	108	90	1.685
-0.261799	1.310100	1.488307	91	111	89	1.685
2.879793	1.998705	2.370472	82	100	97	1.685
-1.832596	1.662363	0.915448	76	102	103	1.685
-2.617994	2.664082	-1.071402	83	111	98	1.649
-0.261799	1.809167	1.213774	81	94	6	1.620
-1.047198	1.450119	-2.739050	85	100	99	1.619
-1.047198	1.732874	-0.951685	79	106	95	1.619
-2.356194	2.456751	-1.503343	90	0	92	1.604
1.047198	2.979456	-1.009304	84	106	89	1.590
2.617994	2.863997	0.549740	84	111	89	1.590
-2.617994	1.683268	0.374177	79	8	97	1.590
-1.047198	1.256302	0.062705	80	92	103	1.590
-0.523599	2.180315	-1.357379	81	106	91	1.590
-2.094395	1.699788	2.452890	87	93	96	1.583
-1.308997	1.870545	-2.976234	86	107	95	1.554
-1.308997	1.658653	-2.409879	86	100	98	1.553
-2.879793	2.349581	-2.702517	93	111	92	1.553
-2.094395	1.569311	-3.003978	85	4	98	1.553
-0.523599	1.440580	2.260026	81	100	106	1.553
-2.094395	1.756530	-2.105156	83	108	99	1.553
-2.617994	2.247462	0.191623	98	28	104	1.524
0.523599	2.979456	-1.009304	86	110	89	1.524
-1.570796	2.393226	1.857173	78	98	100	1.524
2.617994	1.247695	1.809890	95	31	28	1.495
-2.617994	2.115563	0.685730	100	4	76	1.495
-2.617994	2.295480	1.008277	99	3	77	1.495
0.000000	1.982574	-1.115518	108	98	74	1.495
-0.523599	1.982574	-1.115518	103	104	74	1.495
-1.832596	2.704512	1.488683	102	102	76	1.495
-1.047198	1.325504	-1.671296	71	0	109	1.495
0.261799	1.699788	2.452890	91	94	101	1.487
-2.356194	2.579248	-2.364801	93	105	92	1.487
-2.879793	2.041297	-2.664597	91	3	94	1.487
-0.261799	2.180315	-1.357379	83	101	92	1.458
-2.356194	1.599406	1.426070	74	0	111	1.458
0.785398	0.906588	1.252948	94	97	92	1.458
-2.617994	1.256302	0.062705	79	12	104	1.458
0.261799	2.343981	-1.040456	90	100	89	1.458
-1.308997	0.297065	2.160177	82	97	99	1.458
-1.832596	2.456751	-1.503343	89	108	92	1.443
0.000000	1.433411	-1.035986	92	85	103	1.429
1.308997	2.664082	-1.071402	98	96	90	1.429
-0.785398	1.870545	-2.976234	88	103	95	1.422
2.879793	2.396274	-1.959260	90	3	94	1.421
0.000000	2.138223	1.678323	86	96	103	1.421
-1.832596	1.869911	2.701025	88	6	97	1.421
-1.832596	1.736875	3.023612	85	4	98	1.421
2.879793	1.050534	3.042579	77	111	102	1.392
0.000000	2.396274	-1.959260	84	96	95	1.392
1.047198	1.310100	1.488307	93	105	89	1.392
0.261799	1.982574	-1.115518	91	94	93	1.392
-1.832596	2.393226	1.857173	76	105	100	1.392
0.523599	1.982574	-1.115518	95	93	93	1.392
-0.785398	2.108018	1.311430	80	105	106	1.356
1.570796	2.478122	2.609777	12	0	75	1.327
-1.832596	1.982574	-1.115518	86	9	93	1.326
1.832596	0.733948	3.021411	84	109	94	1.326
1.308997	2.984978	1.954446	94	98	95	1.326
-1.308997	2.587733	0.232235	79	105	104	1.326
-3.141593	2.153910	-1.714959	87	5	97	1.326
-0.785398	1.824694	1.850876	79	107	106	1.326
-1.570796	1.247695	1.809890	88	103	90	1.319
-1.570796	1.433411	-1.035986	76	5	100	1.297
-1.832596	1.809167	1.213774	75	101	104	1.297
-1.570796	1.812176	0.656819	80	96	98	1.297
0.000000	2.456751	-1.503343	84	102	90	1.297
-2.356194	1.809167	1.213774	74	111	104	1.297
-1.308997	2.637879	2.121598	80	96	97	1.297
-0.523599	1.014500	0.906702	80	106	94	1.289
-0.261799	2.592629	0.909713	86	97	101	1.260
-3.141593	1.391910	3.030322	78	104	103	1.260
-2.617994	2.349581	-2.702517	93	109	92	1.260
-2.617994	0.618092	2.539118	80	109	97	1.260
-1.570796	1.569311	-3.003978	83	110	98	1.260
-3.141593	2.637879	2.121598	88	15	97	1.231
-0.261799	1.766067	2.153843	82	99	102	1.231
-2.094395	2.108018	1.311430	76	105	100	1.231
-2.094395	2.637879	2.121598	77	110	97	1.231
-2.879793	1.574060	2.783565	81	99	99	1.231
1.308997	0.615174	-0.666022	83	0	96	1.223
-0.785398	0.762244	-0.273349	94	84	0	1.201
0.000000	0.866955	-0.931351	101	80	111	1.201
-2.094395	2.396274	-1.959260	89	104	94	1.194
-1.570796	0.733948	3.021411	95	90	102	1.194
-1.308997	2.138223	1.678323	82	4	102	1.194
0.261799	2.396274	-1.959260	86	93	96	1.165
-0.523599	2.104282	-0.813972	86	102	90	1.165
2.094395	1.506530	1.988858	90	110	90	1.165
0.523599	0.906588	1.252948	91	99	92	1.165
-2.094395	2.001437	0.381215	80	107	93	1.165
1.047198	1.599406	1.426070	88	106	90	1.165
-1.308997	2.396274	-1.959260	81	7	95	1.165
-0.523599	2.343981	-1.040456	86	107	89	1.165
0.785398	1.310100	1.488307	92	106	89	1.165
2.879793	1.574060	2.783565	78	108	99	1.165
1.832596	1.998705	2.370472	82	5	97	1.165
-2.356194	1.662363	0.915448	75	1	103	1.165
-0.523599	0.961715	0.014085	102	80	109	1.136
-0.785398	0.831641	0.616218	103	81	3	1.136
0.261799	2.704512	1.488683	89	97	99	1.128
-2.617994	2.041297	-2.664597	91	1	94	1.128
-1.308997	1.766067	2.153843	81	2	103	1.128
-1.570796	2.153910	-1.714959	87	98	98	1.099
-2.094395	1.554776	0.100351	77	1	98	1.099
-2.094395	2.393226	1.857173	76	110	100	1.099
-1.570796	2.404280	-0.174044	78	101	1	1.099
1.308997	2.164094	-2.991358	14	6	74	1.099
0.000000	1.599406	1.426070	89	2	91	1.099
0.000000	0.906588	1.252948	86	102	93	1.099
-1.570796	1.756530	-2.105156	84	101	99	1.099
-1.047198	1.413347	-1.339188	74	108	105	1.099
2.879793	0.961715	0.014085	99	35	16	1.070
-1.570796	1.367556	0.358405	76	99	102	1.070
-0.523599	1.113094	-0.272241	86	88	105	1.070
-2.879793	2.478122	2.609777	92	33	9	1.070
-1.832596	1.367556	0.358405	74	104	102	1.070
-1.308997	1.256302	0.062705	77	97	102	1.070
-1.047198	2.456751	-1.503343	82	4	92	1.070
-1.570796	1.256302	0.062705	75	102	102	1.070
-1.832596	2.164094	-2.991358	91	111	93	1.062
-0.523599	1.599406	1.426070	94	109	87	1.062
0.261799	1.440580	2.260026	90	92	106	1.033
-2.356194	2.073035	2.027405	76	6	108	1.033
-0.261799	2.108018	1.311430	81	94	1	1.033
-2.094395	0.733948	3.021411	87	93	101	1.033
-0.261799	1.736875	3.023612	89	98	97	1.033
0.261799	2.979456	-1.009304	86	2	89	1.004
-1.832596	1.872854	1.543456	75	101	107	1.004
0.000000	2.664082	-1.071402	87	109	88	1.004
-2.356194	1.872854	1.543456	74	1	107	1.004
1.308997	2.295480	1.008277	82	101	94	0.996
-0.261799	2.295480	1.008277	88	10	94	0.996
-3.141593	2.063651	-2.044600	88	6	96	0.967
2.617994	0.914445	2.687814	84	6	97	0.967
-3.141593	0.914445	2.687814	80	0	97	0.967
-1.570796	2.396274	-1.959260	91	100	95	0.967
-1.570796	1.242974	-2.977882	80	109	103	0.967
1.047198	0.370812	-2.547742	30	102	4	0.939
-1.047198	2.108018	1.311430	89	89	100	0.938
1.308997	1.732874	-0.951685	81	0	93	0.938
-2.879793	2.001437	0.381215	85	7	92	0.938
-0.785398	1.721184	-0.153948	87	95	93	0.938
-1.832596	1.184361	0.625864	74	103	109	0.938
0.000000	1.732874	-0.951685	88	92	96	0.938
-0.785398	1.812176	0.656819	92	89	98	0.938
1.047198	2.073035	2.027405	87	8	94	0.938
-1.570796	1.875281	0.107086	82	102	92	0.938
-3.141593	2.001437	0.381215	88	10	92	0.938
-0.785398	2.343981	-1.040456	86	110	89	0.938
-1.047198	1.875281	0.107086	87	96	92	0.938
2.356194	1.025536	1.576859	30	106	5	0.938
0.000000	1.836682	-0.676006	92	94	92	0.938
-1.832596	1.335669	0.897240	75	101	109	0.938
-1.047198	1.741644	-2.695914	87	102	97	0.930
0.000000	1.168678	2.108595	25	93	12	0.909
2.617994	2.979456	-1.009304	19	99	74	0.909
0.785398	2.704512	1.488683	95	96	98	0.901
-1.308997	0.618092	2.539118	91	93	98	0.901
-2.094395	2.033014	2.977192	92	4	94	0.901
-0.523599	1.025536	1.576859	90	107	90	0.872
-1.570796	2.138223	1.678323	77	98	104	0.872
1.832596	0.591903	2.010408	27	99	6	0.872
1.047198	0.496451	0.593859	91	91	100	0.872
-0.261799	0.418037	1.360082	85	98	97	0.872
-0.785398	1.417623	-0.202254	84	93	99	0.872
1.047198	0.831641	0.616218	89	92	99	0.872
-1.308997	2.180315	-1.357379	83	4	92	0.872
-0.261799	2.456751	-1.503343	83	105	91	0.872
-1.047198	2.247462	0.191623	79	96	4	0.872
-0.523599	1.134796	2.434290	81	100	108	0.872
-0.523599	0.700570	1.559208	86	102	94	0.872
2.356194	1.413430	2.550734	83	4	95	0.872
-2.094395	1.662363	0.915448	75	107	103	0.872
-1.308997	1.662363	0.915448	82	93	103	0.872
-0.523599	1.310100	1.488307	92	1	89	0.872
-0.785398	1.194549	-0.801900	77	96	103	0.843
-2.094395	2.760637	2.781135	101	9	79	0.843
-1.832596	1.448123	-2.163292	80	106	103	0.835
-1.047198	1.870545	-2.976234	87	106	95	0.835
-1.570796	1.448123	-2.163292	82	102	102	0.835
-3.141593	2.456751	-1.503343	86	4	97	0.835
-0.785398	1.242974	-2.977882	85	98	102	0.806
-1.308997	1.812176	0.656819	82	95	99	0.806
-1.832596	2.343981	-1.040456	92	6	89	0.806
-1.308997	1.242974	-2.977882	81	105	102	0.806
-2.094395	2.719179	-1.780644	90	100	96	0.806
-0.785398	2.187132	-0.479875	89	104	89	0.806
0.000000	0.571433	-1.188419	91	100	90	0.806
0.523599	0.674054	1.013609	89	95	96	0.806
1.832596	1.218453	2.777284	79	107	99	0.806
-1.570796	2.478122	2.609777	74	106	102	0.777
-1.308997	2.478122	2.609777	75	101	102	0.777
-2.617994	1.909857	-0.381669	89	8	89	0.777
-1.832596	2.881233	-2.582574	86	11	93	0.777
-1.832596	2.104282	-0.813972	88	4	88	0.777
-1.570796	1.335669	0.897240	77	95	109	0.777
-0.785398	1.904882	-1.478089	77	107	96	0.777
-2.356194	2.407836	1.410646	76	110	97	0.777
-0.785398	1.683268	0.374177	91	89	97	0.777
-2.617994	1.812176	0.656819	77	4	98	0.777
-1.047198	1.696674	-1.253233	76	109	97	0.777
-2.356194	2.089241	-0.114193	86	2	88	0.776
-0.523599	1.809167	1.213774	92	3	88	0.769
-0.785398	1.599406	1.426070	94	110	87	0.769
-2.879793	2.760637	2.781135	94	33	3	0.748
-0.785398	2.295480	1.008277	100	30	19	0.748
-2.879793	1.554776	0.100351	89	31	16	0.748
-1.832596	1.545873	-1.877082	84	32	14	0.748
2.356194	2.407836	1.410646	99	34	4	0.748
2.356194	2.138223	1.678323	103	36	11	0.748
2.879793	2.407836	1.410646	89	32	4	0.748
-2.094395	1.374601	-2.456031	89	33	24	0.748
-1.570796	2.251330	-2.330739	81	27	7	0.748
1.308997	1.617114	-1.572037	95	19	34	0.748
-2.879793	2.164094	-2.991358	89	24	21	0.748
-2.879793	2.174483	2.653697	91	36	16	0.748
-2.356194	2.588535	-2.976617	90	33	5	0.748
-1.832596	2.579248	-2.364801	88	30	2	0.748
-2.094395	1.135813	-2.658866	92	30	30	0.748
-2.617994	1.413347	-1.339188	87	30	14	0.748
-3.141593	2.299159	2.264663	92	36	12	0.748
-2.879793	1.606104	-0.451151	89	31	13	0.748
-2.356194	1.214854	-1.966664	95	36	21	0.748
-2.356194	1.135813	-2.658866	96	31	30	0.748
-1.570796	1.134497	-1.109631	92	26	19	0.748
-1.570796	1.982574	-1.115518	97	10	77	0.748
2.879793	2.704512	1.488683	101	16	79	0.748
-2.617994	1.870545	-2.976234	94	36	20	0.748
-2.094395	1.545873	-1.877082	89	35	14	0.748
-1.832596	2.349581	-2.702517	82	29	8	0.748
2.879793	2.637879	2.121598	95	34	4	0.748
1.047198	1.824694	1.850876	92	29	14	0.748
-2.617994	1.135834	-1.431087	98	37	16	0.748
2.879793	2.108018	1.311430	90	34	7	0.747
-2.879793	0.571433	-1.188419	102	34	25	0.747
2.617994	1.184361	0.625864	98	37	16	0.747
2.879793	2.393226	1.857173	93	35	7	0.747
-0.261799	1.982574	-1.115518	98	103	77	0.747
-1.832596	0.619654	-2.216909	94	29	32	0.747
2.617994	1.872854	1.543456	97	37	14	0.747
-3.141593	2.174483	2.653697	97	37	16	0.747
0.261799	2.033014	2.977192	8	111	76	0.740
-2.879793	0.733948	3.021411	79	105	101	0.740
-1.832596	0.618092	2.539118	85	98	97	0.740
-3.141593	2.979456	-1.009304	85	2	96	0.740
2.879793	0.733948	3.021411	79	2	101	0.740
-0.523599	2.295480	1.008277	80	96	0	0.740
-1.047198	1.440580	2.260026	79	0	106	0.739
-2.094395	0.914445	2.687814	98	28	105	0.711
-1.832596	1.168678	2.108595	97	27	106	0.711
0.261799	2.664082	-1.071402	88	106	88	0.711
-1.570796	1.683268	0.374177	79	100	97	0.711
-0.785398	2.456751	-1.503343	82	1	91	0.711
-0.261799	1.195355	1.200319	85	111	91	0.711
-0.785398	1.606104	-0.451151	82	99	95	0.711
-2.356194	2.637879	2.121598	77	5	98	0.710
-0.785398	1.554776	0.100351	87	92	97	0.710
-0.261799	1.504028	0.636812	79	111	95	0.703
1.308997	1.506530	1.988858	89	26	12	0.682
-3.141593	0.831641	0.616218	88	32	22	0.682
2.617994	1.555207	1.708892	96	34	22	0.682
-1.570796	0.929350	-2.910676	99	8	41	0.682
-2.617994	0.762244	-0.273349	86	32	19	0.682
-2.356194	0.961715	0.014085	80	26	16	0.682
-1.308997	2.704512	1.488683	94	89	95	0.682
-2.356194	2.863997	0.549740	95	95	90	0.682
-1.832596	0.866955	-0.931351	80	26	18	0.682
-1.308997	0.640596	-2.797608	102	8	42	0.682
-1.832596	0.929350	-2.910676	101	10	41	0.682
-2.094395	0.929350	-2.910676	104	11	41	0.682
-1.570796	0.640596	-2.797608	104	9	42	0.681
0.785398	1.256302	0.062705	100	4	83	0.681
1.047198	1.256302	0.062705	100	1	83	0.681
-2.356194	1.367556	0.358405	96	6	85	0.681
-1.832596	0.640596	-2.797608	106	10	42	0.681
-1.047198	2.041297	-2.664597	71	110	109	0.681
-1.308997	1.488617	1.159546	91	5	88	0.674
-1.047198	1.134796	2.434290	80	109	108	0.674
-1.308997	2.073035	2.027405	83	4	100	0.673
-0.523599	1.721184	-0.153948	90	93	94	0.645
2.094395	1.812176	0.656819	31	110	1	0.645
-2.617994	2.760637	2.781135	86	13	97	0.645
2.617994	2.379497	0.561089	91	9	90	0.645
2.879793	2.174483	2.653697	79	101	102	0.645
-1.308997	1.721184	-0.153948	81	101	94	0.645
2.356194	0.700570	1.559208	27	103	8	0.645
0.261799	2.180315	-1.357379	89	95	92	0.645
1.832596	1.766067	2.153843	85	3	92	0.645
-0.523599	0.685216	-1.712745	76	99	16	0.645
0.261799	1.310100	1.488307	91	109	89	0.645
2.356194	1.869911	2.701025	79	1	100	0.645
-2.094395	2.379497	0.561089	85	103	90	0.645
0.261799	1.617114	-1.572037	93	84	105	0.616
-0.261799	0.297065	2.160177	25	107	15	0.616
-0.261799	0.762244	-0.273349	104	80	0	0.615
-0.785398	2.356369	3.005869	90	89	104	0.615
-1.047198	0.961715	0.014085	92	86	109	0.615
-0.523599	0.831641	0.616218	108	81	3	0.615
2.617994	2.063651	-2.044600	103	24	90	0.615
0.000000	0.762244	-0.273349	109	80	0	0.615
0.523599	0.615174	-0.666022	4	82	5	0.615
-1.832596	2.979456	-1.009304	88	101	96	0.608
-0.523599	1.872854	1.543456	80	102	108	0.607
-1.570796	2.343981	-1.040456	90	5	89	0.579
-1.832596	1.504028	0.636812	76	103	103	0.579
-0.785398	2.587733	0.232235	82	94	109	0.579
-2.617994	2.379497	0.561089	83	109	91	0.579
1.308997	1.766067	2.153843	90	7	92	0.579
-1.308997	2.456751	-1.503343	86	7	91	0.579
0.000000	1.014500	0.906702	81	107	96	0.579
-2.879793	2.592629	0.909713	82	111	92	0.578
-2.617994	0.733948	3.021411	80	99	101	0.578
-2.356194	1.374601	-2.456031	82	3	101	0.578
-0.523599	2.349581	-2.702517	77	96	102	0.550
-2.094395	1.977582	0.969896	75	105	99	0.550
0.785398	2.396274	-1.959260	95	90	94	0.550
-0.523599	2.719179	-1.780644	24	104	80	0.550
-2.356194	2.356369	3.005869	81	15	105	0.549
-1.047198	2.407836	1.410646	90	89	97	0.549
1.308997	2.104282	-0.813972	18	0	70	0.549
-3.141593	1.812176	0.656819	84	14	97	0.549
1.832596	2.356369	3.005869	13	4	74	0.513
1.832596	1.869911	2.701025	21	4	79	0.513
-1.047198	1.836682	-0.676006	82	103	93	0.513
1.308997	1.335669	0.897240	90	95	95	0.513
0.261799	2.592629	0.909713	93	93	101	0.513
-1.308997	1.904882	-1.478089	78	3	98	0.513
0.261799	2.579248	-2.364801	88	92	97	0.513
-1.832596	1.909857	-0.381669	83	0	91	0.513
0.000000	0.674054	1.013609	83	100	96	0.512
-2.617994	2.456751	-1.503343	82	110	98	0.512
-1.047198	1.433411	-1.035986	75	107	100	0.484
1.047198	0.297065	2.160177	18	93	7	0.484
-0.785398	1.909857	-0.381669	86	99	90	0.484
-1.047198	1.301460	-0.509251	77	100	100	0.484
0.000000	1.301460	-0.509251	24	94	6	0.484
2.094395	0.418037	1.360082	22	97	9	0.484
-2.356194	2.001437	0.381215	80	111	92	0.484
-1.047198	1.417623	-0.202254	80	97	98	0.484
-0.523599	2.456751	-1.503343	82	109	90	0.483
-3.141593	1.948085	-2.363031	89	5	95	0.483
-0.523599	1.510910	-0.740472	82	94	98	0.483
-1.308997	1.367556	0.358405	79	96	102	0.483
-1.308997	1.433411	-1.035986	75	0	100	0.483
-1.570796	1.662363	0.915448	79	95	103	0.483
-3.141593	1.662363	0.915448	82	15	104	0.483
-0.523599	1.696674	-1.253233	79	99	97	0.483
-0.523599	2.588535	-2.976617	92	87	99	0.454
-0.523599	2.478122	2.609777	87	90	102	0.447
-1.308997	1.050534	3.042579	79	107	107	0.446
-2.879793	1.134796	2.434290	76	0	98	0.446
2.617994	2.588535	-2.976617	83	101	105	0.439
-1.570796	1.310100	1.488307	89	109	89	0.439
-2.879793	2.637879	2.121598	83	13	98	0.418
-2.094395	2.984978	1.954446	81	106	92	0.418
0.000000	2.719179	-1.780644	83	103	91	0.417
1.832596	1.812176	0.656819	32	106	1	0.417
-1.308997	2.104282	-0.813972	85	0	89	0.417
-1.570796	1.809167	1.213774	78	97	104	0.417
1.308997	1.741644	-2.695914	33	90	1	0.389
0.261799	1.135834	-1.431087	102	80	111	0.389
-2.617994	1.168678	2.108595	82	9	40	0.388
0.785398	0.615174	-0.666022	8	84	5	0.388
-0.261799	1.413347	-1.339188	93	85	103	0.388
-0.523599	2.979456	-1.009304	104	25	83	0.388
0.523599	1.168678	2.108595	30	97	12	0.388
-0.261799	2.881233	-2.582574	87	95	95	0.388
-0.523599	0.960688	-0.577532	95	83	108	0.388
0.785398	2.456751	-1.503343	98	91	92	0.388
1.570796	0.866955	-0.931351	38	98	111	0.388
-1.047198	1.045978	0.343692	95	83	109	0.388
1.570796	0.906588	1.252948	82	106	96	0.381
-3.141593	2.379497	0.561089	86	5	90	0.352
2.617994	2.592629	0.909713	89	9	91	0.352
-2.094395	1.721184	-0.153948	81	2	93	0.352
-0.785398	2.478122	2.609777	83	92	102	0.352
2.879793	2.379497	0.561089	88	7	90	0.352
0.523599	0.203748	0.590255	83	94	103	0.352
-1.047198	2.356369	3.005869	76	100	104	0.352
1.570796	1.812176	0.656819	31	102	1	0.352
-1.570796	2.299159	2.264663	75	102	105	0.351
-2.356194	1.846342	-1.796954	81	109	100	0.351
0.261799	1.732874	-0.951685	94	91	95	0.351
-1.308997	1.606104	-0.451151	79	104	95	0.351
2.094395	1.574060	2.783565	83	8	99	0.351
-1.308997	1.325504	-1.671296	27	102	12	0.323
0.523599	1.134497	-1.109631	0	80	109	0.323
2.094395	1.433411	-1.035986	37	107	100	0.322
-0.261799	1.904882	-1.478089	81	96	96	0.322
0.000000	1.948085	-2.363031	22	102	80	0.322
-1.832596	1.812176	0.656819	77	101	97	0.322
-0.523599	1.301460	-0.509251	82	91	101	0.322
-1.570796	2.704512	1.488683	84	95	93	0.322
1.832596	1.433411	-1.035986	37	102	100	0.322
0.000000	2.063651	-2.044600	96	85	101	0.322
-1.832596	2.295480	1.008277	81	98	94	0.322
-0.523599	0.709924	0.218797	105	81	3	0.322
-0.261799	0.458961	-0.107937	107	82	7	0.322
-0.261799	2.984978	1.954446	87	111	95	0.314
-0.785398	2.704512	1.488683	83	109	98	0.314
0.000000	1.872854	1.543456	83	92	2	0.286
-1.308997	2.404280	-0.174044	79	97	1	0.286
-0.261799	1.872854	1.543456	80	95	2	0.286
2.094395	1.218453	2.777284	80	103	99	0.286
-2.356194	0.733948	3.021411	82	96	102	0.285
1.570796	1.488617	1.159546	92	98	92	0.285
-1.570796	2.579248	-2.364801	80	9	97	0.256
-1.570796	1.606104	-0.451151	78	108	94	0.256
-2.879793	1.256302	0.062705	85	17	102	0.256
-2.617994	1.417623	-0.202254	35	109	1	0.256
-0.785398	2.349581	-2.702517	75	102	101	0.256
-0.261799	1.732874	-0.951685	91	91	97	0.256
-0.261799	1.433411	-1.035986	83	91	100	0.256
2.094395	1.736875	3.023612	80	11	104	0.256
-0.261799	1.335669	0.897240	82	107	92	0.249
2.094395	2.407836	1.410646	84	99	93	0.249
-0.523599	1.195355	1.200319	85	105	90	0.249
-0.523599	2.863997	0.549740	87	99	99	0.249
-1.832596	2.153910	-1.714959	85	102	98	0.248
0.261799	1.683268	0.374177	33	92	95	0.228
0.785398	0.458961	-0.107937	35	93	7	0.228
-2.094395	0.297065	2.160177	34	99	105	0.228
0.261799	0.080730	-2.622036	26	96	6	0.228
2.879793	1.736875	3.023612	30	98	4	0.228
2.356194	1.214854	-1.966664	41	109	0	0.227
1.570796	1.699788	2.452890	38	102	106	0.227
1.308997	1.824694	1.850876	37	99	105	0.227
1.308997	0.961715	0.014085	42	106	107	0.227
-2.879793	1.545873	-1.877082	27	94	5	0.227
0.523599	1.488617	1.159546	40	97	108	0.227
-0.523599	0.640596	-2.797608	84	105	38	0.227
2.879793	0.619654	-2.216909	34	110	11	0.227
0.785398	1.766067	2.153843	38	97	1	0.227
-0.261799	2.153910	-1.714959	24	99	11	0.227
1.832596	0.571433	-1.188419	39	102	4	0.227
1.570796	1.367556	0.358405	37	110	0	0.227
-2.356194	2.295480	1.008277	35	104	110	0.227
-1.570796	1.504028	0.636812	88	88	103	0.227
1.570796	2.174483	2.653697	41	105	109	0.227
1.832596	0.379747	-1.713059	30	96	92	0.227
-1.832596	2.407836	1.410646	89	91	97	0.227
2.094395	2.041297	-2.664597	41	105	107	0.227
0.785398	0.496451	0.593859	37	101	9	0.227
1.047198	1.872854	1.543456	42	107	105	0.227
2.094395	1.214854	-1.966664	41	103	0	0.227
-3.141593	0.496451	0.593859	24	103	10	0.227
1.308997	1.488617	1.159546	37	103	0	0.227
0.523599	1.325504	-1.671296	106	77	107	0.227
2.094395	0.290380	-0.796960	29	98	0	0.227
2.617994	1.135834	-1.431087	31	105	1	0.227
1.308997	1.662363	0.915448	38	103	108	0.227
2.879793	0.080730	-2.622036	34	102	100	0.227
-0.261799	2.579248	-2.364801	91	90	95	0.227
2.094395	1.325504	-1.671296	42	104	106	0.227
0.523599	1.135834	-1.431087	101	80	110	0.227
0.523599	2.041297	-2.664597	108	77	107	0.227
1.570796	1.450119	-2.739050	38	102	106	0.227
1.308997	1.448123	-2.163292	36	97	106	0.227
1.832596	2.174483	2.653697	40	111	109	0.227
-2.094395	2.704512	1.488683	34	104	1	0.227
2.356194	2.041297	-2.664597	41	1	105	0.227
-3.141593	0.203748	0.590255	24	99	9	0.227
-2.094395	1.982574	-1.115518	109	29	81	0.227
0.785398	0.418037	1.360082	21	102	15	0.227
-0.261799	2.719179	-1.780644	23	91	6	0.227
-1.047198	0.418037	1.360082	91	0	43	0.227
0.785398	1.367556	0.358405	40	99	100	0.227
1.047198	1.683268	0.374177	39	106	95	0.227
-1.047198	0.496451	0.593859	90	108	42	0.227
0.785398	2.407836	1.410646	39	105	95	0.227
1.832596	2.164094	-2.991358	42	105	105	0.227
0.785398	0.709924	0.218797	39	97	1	0.227
2.094395	1.135834	-1.431087	42	106	107	0.227
-2.879793	1.367556	0.358405	33	97	105	0.227
1.570796	1.662363	0.915448	38	108	108	0.227
0.523599	1.184361	0.625864	39	95	107	0.227
0.000000	0.370812	-2.547742	24	92	2	0.227
-0.785398	1.367556	0.358405	94	82	103	0.227
2.617994	1.545873	-1.877082	40	3	105	0.227
2.617994	1.756530	-2.105156	40	3	104	0.227
2.356194	1.413347	-1.339188	32	103	111	0.227
-0.785398	0.640596	-2.797608	82	108	38	0.227
-1.047198	0.640596	-2.797608	81	111	38	0.227
-0.261799	2.349581	-2.702517	92	84	101	0.227
1.308997	2.393226	1.857173	40	111	98	0.227
1.308997	0.496451	0.593859	25	106	14	0.227
2.356194	1.134497	-1.109631	31	100	0	0.227
0.523599	2.407836	1.410646	38	100	95	0.227
0.785398	2.138223	1.678323	41	101	102	0.227
1.570796	1.696674	-1.253233	37	108	100	0.227
-2.094395	0.640596	-2.797608	85	12	38	0.227
2.879793	1.658653	-2.409879	36	9	110	0.227
0.000000	1.506530	1.988858	95	9	39	0.227
2.617994	1.135813	-2.658866	35	0	9	0.227
2.617994	1.696674	-1.253233	33	107	108	0.227
1.570796	1.310100	1.488307	36	106	3	0.227
-1.832596	2.108018	1.311430	85	98	96	0.227
2.356194	0.866955	-0.931351	32	102	110	0.227
-2.617994	2.592629	0.909713	90	105	87	0.227
-3.141593	1.982574	-1.115518	30	20	79	0.227
-1.308997	2.588535	-2.976617	94	108	39	0.227
0.261799	2.164094	-2.991358	26	93	1	0.227
1.047198	0.615174	-0.666022	36	93	1	0.227
1.832596	2.478122	2.609777	40	1	100	0.227
2.879793	2.456751	-1.503343	26	99	9	0.227
2.094395	1.870545	-2.976234	41	110	111	0.227
2.356194	2.588535	-2.976617	38	2	96	0.227
-2.617994	2.407836	1.410646	86	0	93	0.227
-1.308997	2.164094	-2.991358	83	106	29	0.227
-2.879793	2.356369	3.005869	33	100	109	0.227
-1.308997	2.760637	2.781135	86	102	92	0.227
-2.617994	2.001437	0.381215	90	0	88	0.227
-3.141593	1.545873	-1.877082	24	92	5	0.227
-1.832596	2.637879	2.121598	85	103	93	0.227
1.570796	1.433411	-1.035986	38	109	105	0.227
0.523599	1.214854	-1.966664	104	78	2	0.227
-0.785398	2.588535	-2.976617	86	98	94	0.227
0.523599	2.295480	1.008277	37	102	92	0.227
1.570796	2.299159	2.264663	41	0	103	0.227
-2.094395	1.683268	0.374177	85	106	93	0.227
1.308997	2.637879	2.121598	39	109	95	0.227
0.000000	0.992645	-1.723759	23	5	13	0.227
2.617994	1.374601	-2.456031	38	3	3	0.227
0.000000	2.251330	-2.330739	94	83	100	0.227
1.832596	1.824694	1.850876	38	109	105	0.227
2.879793	0.674054	1.013609	28	106	8	0.227
-0.261799	1.617114	-1.572037	24	109	13	0.227
1.308997	1.574060	2.783565	36	97	107	0.227
2.356194	1.135813	-2.658866	36	108	9	0.227
2.617994	1.870545	-2.976234	36	8	111	0.227
2.094395	0.619654	-2.216909	32	97	13	0.227
2.356194	2.251330	-2.330739	9	15	75	0.220
-2.879793	2.379497	0.561089	84	0	91	0.220
-2.356194	1.391910	3.030322	88	11	101	0.219
1.570796	0.929350	-2.910676	81	1	97	0.219
1.832596	2.349581	-2.702517	11	10	74	0.219
-0.261799	1.506530	1.988858	80	95	3	0.219
1.308997	0.929350	-2.910676	83	5	96	0.219
-0.785398	1.050534	3.042579	81	99	107	0.219
1.832596	1.195355	1.200319	28	101	6	0.190
-0.523599	2.760637	2.781135	87	92	96	0.190
-1.832596	1.301460	-0.509251	83	109	33	0.190
-1.047198	2.349581	-2.702517	73	108	103	0.190
2.617994	0.700570	1.559208	28	106	8	0.190
-1.570796	2.108018	1.311430	79	96	100	0.190
2.356194	2.863997	0.549740	86	3	89	0.190
0.785398	1.736875	3.023612	80	109	106	0.190
0.785398	2.664082	-1.071402	89	103	88	0.190
0.785398	2.979456	-1.009304	85	108	89	0.190
1.570796	2.001437	0.381215	32	105	0	0.190
1.308997	1.909857	-0.381669	32	108	0	0.190
0.523599	2.349581	-2.702517	110	79	104	0.162
-2.356194	2.180315	-1.357379	98	29	111	0.162
0.785398	2.041297	-2.664597	4	79	109	0.161
-2.094395	1.301460	-0.509251	81	26	8	0.161
-0.523599	1.448123	-2.163292	101	26	24	0.161
2.617994	1.025536	1.576859	94	31	29	0.161
0.523599	2.587733	0.232235	88	24	21	0.161
-2.617994	1.113094	-0.272241	86	32	12	0.161
2.356194	1.440580	2.260026	105	30	29	0.161
-2.356194	0.615174	-0.666022	86	31	23	0.161
-1.308997	2.407836	1.410646	91	88	98	0.161
-2.879793	1.824694	1.850876	91	29	105	0.161
-1.832596	1.732874	-0.951685	85	25	2	0.161
-2.094395	1.194549	-0.801900	83	29	11	0.161
-2.356194	0.910508	1.903534	87	25	15	0.161
0.523599	2.001437	0.381215	32	104	78	0.161
2.094395	0.910508	1.903534	101	27	33	0.161
2.879793	1.247695	1.809890	92	31	28	0.161
-0.523599	0.458961	-0.107937	80	26	17	0.161
-2.094395	1.732874	-0.951685	88	28	2	0.161
-2.356194	1.433411	-1.035986	90	33	8	0.161
-2.356194	1.134796	2.434290	80	111	24	0.161
-0.261799	0.866955	-0.931351	96	82	0	0.161
0.785398	1.214854	-1.966664	111	79	2	0.161
0.785398	2.379497	0.561089	87	24	17	0.161
1.832596	1.736875	3.023612	22	8	78	0.154
-0.785398	0.297065	2.160177	91	93	99	0.153
-2.617994	0.914445	2.687814	81	103	97	0.153
2.879793	1.134796	2.434290	80	9	97	0.153
-2.617994	1.569311	-3.003978	91	8	98	0.153
0.785398	2.637879	2.121598	91	99	96	0.153
-2.617994	1.045978	0.343692	77	10	110	0.124
2.617994	0.906588	1.252948	27	108	8	0.124
-2.356194	2.760637	2.781135	83	11	96	0.124
-2.356194	1.554776	0.100351	79	6	97	0.124
1.570796	0.591903	2.010408	25	95	6	0.124
-1.308997	1.875281	0.107086	84	99	92	0.124
2.356194	2.174483	2.653697	77	111	102	0.124
0.000000	1.195355	1.200319	86	109	91	0.124
-2.356194	2.592629	0.909713	83	104	91	0.124
2.094395	1.440580	2.260026	88	4	91	0.124
-2.356194	1.184361	0.625864	74	2	109	0.124
-1.047198	1.982574	-1.115518	80	111	93	0.124
-1.570796	1.554776	0.100351	78	103	97	0.124
-2.879793	2.108018	1.311430	80	10	100	0.124
2.356194	0.762244	-0.273349	2	82	111	0.096
2.094395	1.335669	0.897240	79	22	17	0.096
0.000000	1.617114	-1.572037	97	84	105	0.095
0.000000	0.831641	0.616218	8	83	5	0.095
1.570796	1.545873	-1.877082	35	92	107	0.095
-0.261799	0.591903	2.010408	25	100	15	0.095
0.000000	2.164094	-2.991358	103	80	109	0.095
-3.141593	1.599406	1.426070	94	32	107	0.095
-1.308997	1.617114	-1.572037	86	21	98	0.095
-0.261799	1.113094	-0.272241	84	26	20	0.095
0.523599	0.850607	-1.335383	109	80	4	0.095
-1.308997	1.135834	-1.431087	85	20	105	0.095
-1.832596	2.863997	0.549740	16	99	74	0.095
-3.141593	2.724429	-0.348782	16	105	72	0.095
-0.261799	1.696674	-1.253233	95	87	98	0.095
2.617994	2.724429	-0.348782	14	106	72	0.095
1.570796	1.982574	-1.115518	23	110	73	0.095
-1.832596	2.587733	0.232235	14	102	73	0.095
0.000000	1.662363	0.915448	107	9	71	0.095
-2.879793	2.724429	-0.348782	17	105	72	0.095
1.570796	1.756530	-2.105156	35	92	106	0.095
2.094395	1.450119	-2.739050	36	106	7	0.095
0.785398	2.299159	2.264663	102	30	93	0.095
1.308997	1.904882	-1.478089	82	20	25	0.095
2.094395	2.664082	-1.071402	20	102	73	0.095
-0.261799	0.831641	0.616218	3	81	5	0.095
-0.523599	2.356369	3.005869	96	84	106	0.095
2.094395	1.135813	-2.658866	33	103	11	0.095
-0.785398	1.413347	-1.339188	105	6	43	0.095
0.261799	0.591903	2.010408	26	104	15	0.095
-1.570796	1.135834	-1.431087	87	25	105	0.095
-1.308997	1.413347	-1.339188	108	6	43	0.095
0.523599	0.762244	-0.273349	10	83	2	0.095
-1.570796	2.033014	2.977192	88	2	94	0.087
0.261799	2.174483	2.653697	91	100	95	0.087
-2.617994	1.574060	2.783565	106	28	95	0.059
-2.094395	2.407836	1.410646	78	105	97	0.058
-1.308997	2.724429	-0.348782	82	96	108	0.058
0.523599	1.195355	1.200319	88	102	91	0.058
-2.094395	2.153910	-1.714959	84	103	98	0.058
-0.785398	1.732874	-0.951685	80	102	95	0.058
0.261799	0.496451	0.593859	80	101	100	0.058
-2.617994	1.662363	0.915448	77	6	103	0.058
-2.356194	1.824694	1.850876	75	3	0	0.058
-1.308997	1.683268	0.374177	81	97	98	0.058
2.094395	1.504028	0.636812	28	109	6	0.058
-1.047198	2.396274	-1.959260	79	1	95	0.058
-1.570796	2.637879	2.121598	78	101	98	0.058
-1.570796	2.724429	-0.348782	80	99	107	0.058
-0.523599	1.846342	-1.796954	77	100	101	0.058
1.570796	0.961715	0.014085	81	106	100	0.051
-2.356194	0.850607	-1.335383	81	108	102	0.051
0.261799	1.904882	-1.478089	95	87	99	0.029
0.785398	1.168678	2.108595	30	104	12	0.029
-1.308997	1.545873	-1.877082	24	98	12	0.029
1.308997	2.041297	-2.664597	33	91	107	0.029
2.356194	2.396274	-1.959260	103	22	88	0.029
2.356194	2.063651	-2.044600	106	24	90	0.029
-0.785398	1.045978	0.343692	101	81	110	0.029
-2.094395	1.812176	0.656819	76	106	97	0.029
-1.047198	2.164094	-2.991358	30	90	109	0.029
-2.356194	1.812176	0.656819	76	111	97	0.029
-2.879793	2.295480	1.008277	91	105	95	0.029
1.832596	2.407836	1.410646	82	102	93	0.021
1.047198	2.174483	2.653697	108	44	2	0.002
1.832596	1.904882	-1.478089	111	44	110	0.002
1.832596	1.450119	-2.739050	105	66	108	0.002
2.356194	1.450119	-2.739050	105	65	6	0.002
2.617994	1.450119	-2.739050	103	66	5	0.002
-2.617994	2.404280	-0.174044	4	67	1	0.002
-1.832596	2.404280	-0.174044	107	66	4	0.002
-0.785398	2.404280	-0.174044	107	72	7	0.002
-0.261799	2.404280	-0.174044	0	65	0	0.002
1.047198	2.404280	-0.174044	1	72	2	0.002
1.308997	2.404280	-0.174044	105	66	4	0.002
-2.356194	2.115563	0.685730	98	66	8	0.002
-1.047198	2.115563	0.685730	110	66	11	0.002
1.308997	2.115563	0.685730	0	66	9	0.002
-2.879793	1.756530	-2.105156	109	68	9	0.002
-0.261799	1.756530	-2.105156	101	65	10	0.002
0.261799	1.756530	-2.105156	109	65	5	0.002
1.047198	1.756530	-2.105156	104	65	9	0.002
2.879793	1.756530	-2.105156	107	66	7	0.002
0.261799	1.869911	2.701025	111	66	1	0.002
0.523599	1.869911	2.701025	111	67	4	0.002
-3.141593	0.458961	-0.107937	106	67	0	0.002
-2.356194	0.458961	-0.107937	105	44	4	0.002
-1.308997	0.458961	-0.107937	1	68	8	0.002
-0.785398	0.458961	-0.107937	102	67	2	0.002
0.261799	0.458961	-0.107937	109	66	111	0.002
1.832596	0.458961	-0.107937	9	69	105	0.002
2.356194	0.458961	-0.107937	100	66	12	0.002
2.094395	1.599406	1.426070	103	70	7	0.002
2.879793	1.599406	1.426070	0	66	107	0.002
0.785398	1.554776	0.100351	7	65	106	0.002
2.356194	1.554776	0.100351	12	66	106	0.002
-2.879793	0.618092	2.539118	102	66	5	0.002
-0.523599	0.618092	2.539118	110	66	7	0.002
0.261799	0.618092	2.539118	109	46	2	0.002
-2.617994	1.846342	-1.796954	0	66	3	0.002
-1.308997	1.846342	-1.796954	0	68	9	0.002
2.617994	1.846342	-1.796954	111	66	108	0.002
-2.617994	0.615174	-0.666022	109	66	4	0.002
-0.785398	0.615174	-0.666022	110	67	2	0.002
-0.261799	0.615174	-0.666022	111	72	108	0.002
-2.356194	2.393226	1.857173	109	68	7	0.002
-1.308997	2.393226	1.857173	105	66	7	0.002
1.570796	2.393226	1.857173	108	65	2	0.002
-3.141593	1.569311	-3.003978	111	67	106	0.002
-0.261799	1.569311	-3.003978	108	67	7	0.002
0.785398	1.569311	-3.003978	103	69	7	0.002
-0.261799	0.419640	2.974122	106	66	109	0.002
2.617994	0.419640	2.974122	106	66	2	0.002
-2.617994	1.134796	2.434290	111	71	1	0.002
0.261799	1.134796	2.434290	0	66	110	0.002
0.523599	1.134796	2.434290	109	72	111	0.002
1.047198	1.134796	2.434290	0	67	108	0.002
-0.261799	2.587733	0.232235	111	69	6	0.002
0.261799	2.587733	0.232235	12	65	104	0.002
1.308997	2.587733	0.232235	8	67	108	0.002
1.570796	2.587733	0.232235	104	68	10	0.002
2.879793	2.587733	0.232235	103	65	7	0.002
-2.356194	1.413430	2.550734	110	44	1	0.002
1.832596	1.413430	2.550734	104	66	10	0.002
2.617994	1.413430	2.550734	8	67	104	0.002
-2.879793	1.417623	-0.202254	2	66	1	0.002
0.000000	1.417623	-0.202254	0	67	1	0.002
2.356194	1.417623	-0.202254	107	66	6	0.002
-1.047198	0.850607	-1.335383	105	72	7	0.002
1.047198	0.850607	-1.335383	109	67	107	0.002
1.570796	0.850607	-1.335383	6	66	109	0.002
2.094395	0.850607	-1.335383	109	67	5	0.002
-2.094395	0.370812	-2.547742	110	72	3	0.002
0.785398	0.370812	-2.547742	111	66	108	0.002
2.094395	0.370812	-2.547742	107	66	1	0.002
2.879793	0.640596	-2.797608	106	66	111	0.002
0.000000	2.979456	-1.009304	9	66	104	0.002
2.356194	2.979456	-1.009304	1	69	3	0.002
-2.617994	0.831641	0.616218	0	66	111	0.002
-2.356194	0.831641	0.616218	109	66	111	0.002
-2.094395	0.831641	0.616218	110	69	108	0.002
0.523599	0.831641	0.616218	108	66	6	0.002
1.308997	0.831641	0.616218	101	67	8	0.002
2.094395	0.831641	0.616218	105	65	4	0.002
-2.094395	1.998705	2.370472	4	69	109	0.002
0.523599	1.998705	2.370472	5	66	105	0.002
-0.523599	1.413347	-1.339188	111	66	1	0.002
0.261799	1.413347	-1.339188	100	66	13	0.002
1.570796	1.413347	-1.339188	109	66	3	0.002
-2.879793	0.674054	1.013609	2	68	109	0.002
-0.523599	0.674054	1.013609	110	72	110	0.002
1.047198	0.674054	1.013609	108	67	10	0.002
2.094395	0.674054	1.013609	105	66	4	0.002
2.617994	0.674054	1.013609	103	67	4	0.002
-1.832596	0.906588	1.252948	109	44	111	0.002
-1.570796	0.906588	1.252948	107	66	1	0.002
1.047198	0.906588	1.252948	5	66	102	0.002
-3.141593	1.335669	0.897240	107	66	7	0.002
-2.879793	1.335669	0.897240	6	66	1	0.002
-1.047198	1.335669	0.897240	3	66	5	0.002
2.356194	1.335669	0.897240	110	72	3	0.002
0.523599	1.870545	-2.976234	110	66	4	0.002
1.308997	1.870545	-2.976234	111	67	108	0.002
2.356194	1.870545	-2.976234	104	66	6	0.002
-1.570796	2.164094	-2.991358	109	67	6	0.002
0.785398	2.164094	-2.991358	7	67	109	0.002
2.094395	2.164094	-2.991358	0	66	107	0.002
-3.141593	0.379747	-1.713059	111	67	0	0.002
-2.356194	0.379747	-1.713059	109	66	3	0.002
-0.785398	0.379747	-1.713059	109	72	7	0.002
0.000000	0.379747	-1.713059	110	67	107	0.002
-1.832596	2.187132	-0.479875	111	65	2	0.002
1.047198	2.187132	-0.479875	3	66	107	0.002
1.832596	2.187132	-0.479875	4	70	0	0.002
-3.141593	0.866955	-0.931351	111	67	104	0.002
-2.617994	0.866955	-0.931351	108	65	109	0.002
-1.308997	0.866955	-0.931351	0	66	1	0.002
0.261799	0.866955	-0.931351	99	69	7	0.002
0.785398	0.866955	-0.931351	106	66	110	0.002
2.356194	1.812176	0.656819	107	70	8	0.002
2.879793	1.812176	0.656819	108	70	111	0.002
-1.570796	2.719179	-1.780644	111	70	0	0.002
0.785398	2.719179	-1.780644	105	67	9	0.002
1.570796	2.719179	-1.780644	105	67	4	0.002
1.832596	2.719179	-1.780644	108	65	7	0.002
2.094395	2.719179	-1.780644	106	70	0	0.002
2.356194	2.719179	-1.780644	0	65	4	0.002
2.617994	2.719179	-1.780644	111	66	110	0.002
0.523599	2.396274	-1.959260	106	68	11	0.002
-2.879793	0.866395	-2.492918	108	66	11	0.002
-2.094395	0.866395	-2.492918	106	67	12	0.002
-1.832596	0.866395	-2.492918	9	66	108	0.002
1.308997	0.866395	-2.492918	108	66	110	0.002
2.094395	0.866395	-2.492918	107	72	6	0.002
2.879793	0.866395	-2.492918	5	67	108	0.002
1.570796	1.617114	-1.572037	0	69	0	0.002
2.094395	1.617114	-1.572037	5	68	4	0.002
-2.356194	0.864993	2.278281	111	65	8	0.002
-1.047198	0.864993	2.278281	107	67	12	0.002
0.785398	0.864993	2.278281	111	66	2	0.002
1.570796	0.864993	2.278281	7	67	105	0.002
-1.570796	1.014500	0.906702	0	65	3	0.002
-1.308997	1.014500	0.906702	103	66	8	0.002
1.047198	1.014500	0.906702	102	65	4	0.002
1.308997	1.014500	0.906702	104	66	4	0.002
-3.141593	2.247462	0.191623	2	66	109	0.002
0.523599	2.247462	0.191623	4	66	106	0.002
0.785398	2.247462	0.191623	108	67	4	0.002
1.832596	2.247462	0.191623	107	66	7	0.002
-1.047198	2.724429	-0.348782	2	66	2	0.002
-0.261799	2.724429	-0.348782	111	67	109	0.002
0.523599	2.724429	-0.348782	6	48	108	0.002
-2.879793	1.194549	-0.801900	0	67	110	0.002
-0.523599	1.194549	-0.801900	105	72	4	0.002
0.261799	1.194549	-0.801900	111	66	4	0.002
0.785398	1.194549	-0.801900	109	65	109	0.002
1.570796	1.194549	-0.801900	105	68	4	0.002
1.832596	1.194549	-0.801900	110	66	110	0.002
2.094395	1.194549	-0.801900	5	69	104	0.002
-2.617994	1.504028	0.636812	107	67	110	0.002
-2.094395	1.504028	0.636812	105	65	6	0.002
2.617994	1.741644	-2.695914	3	66	106	0.002
2.879793	1.741644	-2.695914	109	65	6	0.002
-1.570796	2.174483	2.653697	3	66	107	0.002
-2.879793	2.664082	-1.071402	4	67	104	0.002
-2.356194	2.664082	-1.071402	2	48	0	0.002
-1.308997	2.664082	-1.071402	8	66	103	0.002
1.047198	2.664082	-1.071402	104	66	6	0.002
0.523599	2.579248	-2.364801	1	68	108	0.002
1.570796	2.579248	-2.364801	0	67	0	0.002
2.094395	2.579248	-2.364801	9	68	111	0.002
2.356194	2.579248	-2.364801	8	70	107	0.002
-1.570796	0.899350	-2.069907	107	44	8	0.002
-0.261799	0.899350	-2.069907	111	72	6	0.002
0.785398	0.899350	-2.069907	5	66	100	0.002
2.094395	0.899350	-2.069907	0	68	3	0.002
2.356194	0.899350	-2.069907	105	66	3	0.002
2.617994	0.899350	-2.069907	2	67	110	0.002
2.879793	0.899350	-2.069907	106	67	5	0.002
-1.570796	2.984978	1.954446	0	66	110	0.002
-1.047198	2.984978	1.954446	108	66	6	0.002
-0.523599	2.984978	1.954446	109	66	2	0.002
1.570796	2.984978	1.954446	109	70	3	0.002
2.356194	2.984978	1.954446	104	72	3	0.002
-2.617994	1.766067	2.153843	109	70	4	0.002
-2.094395	1.766067	2.153843	2	66	109	0.002
-2.094395	1.809167	1.213774	107	72	3	0.002
-1.308997	1.809167	1.213774	5	68	109	0.002
0.000000	1.809167	1.213774	110	68	1	0.002
-1.047198	1.135834	-1.431087	110	66	111	0.002
0.000000	1.135834	-1.431087	107	67	12	0.002
1.570796	1.135834	-1.431087	111	66	3	0.002
2.879793	1.135834	-1.431087	0	66	1	0.002
-3.141593	1.909857	-0.381669	0	68	0	0.002
-2.356194	1.909857	-0.381669	107	66	3	0.002
0.000000	1.909857	-0.381669	8	67	108	0.002
1.047198	1.909857	-0.381669	104	66	8	0.002
-2.617994	1.195355	1.200319	1	67	109	0.002
-2.356194	1.195355	1.200319	8	66	107	0.002
-2.094395	1.195355	1.200319	1	66	111	0.002
2.094395	1.195355	1.200319	108	65	3	0.002
-2.094395	1.310100	1.488307	106	73	5	0.002
-1.832596	1.310100	1.488307	110	48	2	0.002
-1.308997	1.310100	1.488307	104	66	6	0.002
2.356194	1.310100	1.488307	105	67	111	0.002
-1.308997	2.153910	-1.714959	104	66	10	0.002
-1.047198	2.153910	-1.714959	111	67	108	0.002
-0.785398	2.153910	-1.714959	105	66	5	0.002
2.617994	2.153910	-1.714959	3	69	106	0.002
-2.879793	1.134497	-1.109631	102	66	6	0.002
-0.785398	1.134497	-1.109631	4	72	103	0.002
2.879793	1.134497	-1.109631	103	69	7	0.002
-2.617994	0.961715	0.014085	106	72	0	0.002
-1.308997	0.961715	0.014085	3	72	1	0.002
2.356194	0.961715	0.014085	104	66	8	0.002
-1.047198	1.367556	0.358405	0	66	102	0.002
1.308997	1.367556	0.358405	104	66	3	0.002
1.832596	1.367556	0.358405	108	67	3	0.002
2.094395	1.367556	0.358405	105	66	3	0.002
2.617994	1.367556	0.358405	1	66	6	0.002
-2.617994	1.440580	2.260026	105	66	7	0.002
-2.094395	1.440580	2.260026	106	67	10	0.002
-2.879793	2.863997	0.549740	3	66	110	0.002
-1.570796	2.863997	0.549740	104	67	8	0.002
-0.785398	2.863997	0.549740	106	66	7	0.002
-0.261799	2.863997	0.549740	110	67	3	0.002
-3.141593	2.041297	-2.664597	108	66	0	0.002
-0.261799	2.041297	-2.664597	4	68	109	0.002
-2.879793	1.045978	0.343692	103	67	6	0.002
-0.523599	1.045978	0.343692	3	68	1	0.002
1.832596	1.045978	0.343692	11	65	105	0.002
2.094395	1.045978	0.343692	105	67	8	0.002
2.879793	1.045978	0.343692	1	66	110	0.002
-3.141593	0.290380	-0.796960	0	67	6	0.002
-2.356194	0.290380	-0.796960	9	66	105	0.002
-2.094395	0.290380	-0.796960	0	65	2	0.002
-1.832596	0.290380	-0.796960	103	66	11	0.002
-1.570796	0.290380	-0.796960	103	67	3	0.002
-1.308997	0.290380	-0.796960	103	66	10	0.002
-0.785398	0.290380	-0.796960	102	70	3	0.002
-0.261799	0.290380	-0.796960	106	72	1	0.002
0.523599	1.545873	-1.877082	4	66	3	0.002
1.308997	2.356369	3.005869	5	67	106	0.002
1.570796	2.356369	3.005869	0	67	8	0.002
2.094395	2.356369	3.005869	2	69	106	0.002
-2.879793	1.836682	-0.676006	108	67	5	0.002
1.308997	1.836682	-0.676006	103	67	0	0.002
1.570796	1.836682	-0.676006	102	66	10	0.002
-0.785398	1.948085	-2.363031	10	67	105	0.002
-0.523599	1.948085	-2.363031	106	67	6	0.002
1.832596	1.948085	-2.363031	6	66	109	0.002
2.356194	1.948085	-2.363031	4	68	3	0.002
-3.141593	0.591903	2.010408	1	67	109	0.002
1.047198	0.591903	2.010408	108	69	108	0.002
2.094395	0.591903	2.010408	0	70	2	0.002
-0.785398	2.760637	2.781135	5	67	111	0.002
1.308997	2.760637	2.781135	106	66	109	0.002
2.356194	2.760637	2.781135	107	66	108	0.002
2.879793	2.760637	2.781135	106	72	10	0.002
-0.785398	1.256302	0.062705	109	67	5	0.002
0.523599	1.256302	0.062705	108	66	8	0.002
1.832596	1.256302	0.062705	3	66	102	0.002
-2.094395	2.592629	0.909713	108	69	4	0.002
-1.570796	2.592629	0.909713	111	67	2	0.002
0.000000	2.592629	0.909713	3	66	108	0.002
1.308997	2.592629	0.909713	1	67	109	0.002
2.094395	2.592629	0.909713	4	67	4	0.002
-2.356194	1.113094	-0.272241	110	69	9	0.002
-1.832596	1.113094	-0.272241	0	66	106	0.002
-1.570796	1.113094	-0.272241	109	66	4	0.002
2.617994	2.407836	1.410646	111	66	2	0.002
-2.617994	2.089241	-0.114193	102	66	0	0.002
0.000000	2.089241	-0.114193	1	70	7	0.002
0.523599	2.089241	-0.114193	108	70	3	0.002
1.308997	2.089241	-0.114193	2	70	4	0.002
2.094395	2.089241	-0.114193	0	66	1	0.002
-2.879793	0.619654	-2.216909	109	66	7	0.002
-2.094395	0.619654	-2.216909	0	66	107	0.002
-0.785398	0.619654	-2.216909	106	67	2	0.002
0.785398	0.619654	-2.216909	2	72	109	0.002
2.617994	0.619654	-2.216909	102	66	3	0.002
1.047198	2.456751	-1.503343	108	67	111	0.002
1.308997	2.456751	-1.503343	103	66	3	0.002
-1.832596	2.001437	0.381215	0	66	3	0.002
2.617994	2.001437	0.381215	108	44	2	0.002
1.570796	2.138223	1.678323	8	66	105	0.002
-2.094395	2.349581	-2.702517	110	67	110	0.002
1.047198	2.349581	-2.702517	4	66	1	0.002
-0.785398	1.168678	2.108595	4	67	109	0.002
1.047198	1.168678	2.108595	109	66	4	0.002
1.308997	1.168678	2.108595	5	67	109	0.002
1.570796	2.180315	-1.357379	6	67	102	0.002
2.094395	2.180315	-1.357379	111	70	104	0.002
2.617994	2.180315	-1.357379	108	72	4	0.002
-2.356194	2.478122	2.609777	106	67	2	0.002
0.523599	2.478122	2.609777	7	66	101	0.002
1.308997	2.478122	2.609777	111	66	111	0.002
-3.141593	1.184361	0.625864	109	69	6	0.002
-2.094395	1.184361	0.625864	109	72	0	0.002
1.570796	1.184361	0.625864	9	67	105	0.002
-3.141593	2.108018	1.311430	104	66	10	0.002
0.000000	2.108018	1.311430	102	66	0	0.002
1.570796	2.108018	1.311430	5	66	6	0.002
2.356194	2.108018	1.311430	108	68	9	0.002
-2.879793	1.488617	1.159546	101	67	7	0.002
-2.617994	1.488617	1.159546	2	47	3	0.002
-2.356194	1.488617	1.159546	107	69	2	0.002
-0.523599	1.488617	1.159546	104	66	8	0.002
-1.570796	1.325504	-1.671296	0	66	7	0.002
0.261799	1.325504	-1.671296	3	66	102	0.002
-0.261799	1.606104	-0.451151	106	67	6	0.002
-1.308997	1.506530	1.988858	108	66	11	0.002
2.617994	1.506530	1.988858	10	66	105	0.002
-1.832596	1.977582	0.969896	4	66	4	0.002
-1.047198	1.977582	0.969896	107	67	6	0.002
1.308997	1.977582	0.969896	111	66	8	0.002
-1.047198	2.637879	2.121598	111	69	3	0.002
1.832596	2.637879	2.121598	5	66	107	0.002
2.094395	2.637879	2.121598	5	68	105	0.002
2.617994	2.637879	2.121598	0	69	110	0.002
-2.094395	1.218453	2.777284	0	66	107	0.002
-1.832596	1.218453	2.777284	3	72	108	0.002
0.261799	1.218453	2.777284	102	67	7	0.002
1.570796	1.218453	2.777284	103	66	4	0.002
-1.832596	1.555207	1.708892	0	67	4	0.002
-0.523599	1.555207	1.708892	109	72	9	0.002
0.785398	1.555207	1.708892	108	68	0	0.002
2.356194	1.555207	1.708892	105	67	11	0.002
-3.141593	2.295480	1.008277	102	67	10	0.002
0.000000	2.295480	1.008277	107	66	5	0.002
-2.356194	0.203748	0.590255	106	67	111	0.002
-0.785398	0.203748	0.590255	102	67	11	0.002
0.261799	0.203748	0.590255	107	66	2	0.002
2.617994	0.203748	0.590255	100	66	10	0.002
2.879793	0.203748	0.590255	104	66	0	0.002
-2.617994	1.510910	-0.740472	109	66	6	0.002
-2.094395	1.510910	-0.740472	109	65	6	0.002
-1.308997	1.510910	-0.740472	111	67	6	0.002
-1.047198	1.510910	-0.740472	110	67	10	0.002
0.523599	1.510910	-0.740472	105	72	6	0.002
2.356194	1.510910	-0.740472	109	66	4	0.002
-1.047198	0.571433	-1.188419	101	66	7	0.002
0.261799	0.571433	-1.188419	104	66	4	0.002
1.308997	1.982574	-1.115518	4	66	110	0.002
2.617994	1.982574	-1.115518	108	67	110	0.002
-2.356194	2.033014	2.977192	107	65	8	0.002
2.356194	2.033014	2.977192	111	66	0	0.002
-3.141593	0.297065	2.160177	3	67	1	0.002
-1.047198	0.297065	2.160177	105	66	5	0.002
0.785398	0.297065	2.160177	0	66	108	0.002
2.356194	0.297065	2.160177	110	66	106	0.002
-1.570796	0.080730	-2.622036	108	66	7	0.002
-1.047198	0.080730	-2.622036	104	67	12	0.002
0.000000	0.080730	-2.622036	111	67	0	0.002
1.047198	0.080730	-2.622036	108	67	5	0.002
1.832596	1.242974	-2.977882	107	66	1	0.002
2.356194	1.242974	-2.977882	107	66	6	0.002
-2.879793	0.992645	-1.723759	100	66	12	0.002
-2.094395	0.992645	-1.723759	106	66	9	0.002
-1.832596	0.992645	-1.723759	3	72	1	0.002
1.047198	0.992645	-1.723759	109	68	110	0.002
1.308997	0.992645	-1.723759	105	65	10	0.002
1.570796	0.992645	-1.723759	102	67	12	0.002
2.094395	0.992645	-1.723759	111	66	5	0.002
2.356194	0.992645	-1.723759	108	67	10	0.002
-1.570796	2.104282	-0.813972	110	66	8	0.002
1.047198	2.104282	-0.813972	5	69	104	0.002
-2.879793	1.872854	1.543456	3	66	105	0.002
-0.785398	1.872854	1.543456	9	65	109	0.002
-2.879793	0.762244	-0.273349	109	66	4	0.002
0.261799	0.762244	-0.273349	104	66	7	0.002
-1.832596	1.050534	3.042579	111	68	11	0.002
-1.570796	1.050534	3.042579	2	71	3	0.002
-3.141593	1.721184	-0.153948	111	66	109	0.002
-2.617994	1.721184	-0.153948	0	66	5	0.002
-1.832596	1.721184	-0.153948	107	66	111	0.002
-0.261799	1.721184	-0.153948	108	72	111	0.002
1.047198	1.721184	-0.153948	2	72	4	0.002
-1.832596	0.733948	3.021411	2	66	1	0.002
-1.047198	0.733948	3.021411	103	72	5	0.002
-0.261799	0.733948	3.021411	110	70	4	0.002
-2.879793	2.588535	-2.976617	109	66	4	0.002
1.570796	2.588535	-2.976617	108	67	0	0.002
2.094395	2.588535	-2.976617	104	66	13	0.002
-2.617994	1.391910	3.030322	1	67	6	0.002
-2.617994	0.685216	-1.712745	104	66	7	0.002
-2.094395	0.685216	-1.712745	108	65	4	0.002
-1.832596	0.685216	-1.712745	106	67	6	0.002
-1.570796	0.685216	-1.712745	110	66	7	0.002
-1.047198	0.685216	-1.712745	101	67	4	0.002
-0.261799	0.685216	-1.712745	110	67	9	0.002
0.523599	0.685216	-1.712745	107	66	10	0.002
1.308997	0.685216	-1.712745	108	67	1	0.002
1.570796	0.685216	-1.712745	2	66	2	0.002
2.094395	0.685216	-1.712745	107	67	8	0.002
2.617994	0.685216	-1.712745	108	67	8	0.002
-0.523599	2.063651	-2.044600	107	67	1	0.002
0.523599	2.063651	-2.044600	0	72	4	0.002
1.308997	2.063651	-2.044600	102	67	7	0.002
1.832596	2.063651	-2.044600	0	66	1	0.002
-3.141593	0.700570	1.559208	106	66	1	0.002
-2.879793	0.700570	1.559208	5	66	3	0.002
-1.308997	0.700570	1.559208	109	66	110	0.002
0.261799	0.700570	1.559208	0	66	5	0.002
0.523599	0.700570	1.559208	101	69	12	0.002
-2.879793	1.025536	1.576859	108	67	10	0.002
-1.308997	1.025536	1.576859	110	67	7	0.002
0.785398	1.025536	1.576859	5	69	109	0.002
1.047198	1.025536	1.576859	0	67	8	0.002
2.094395	1.025536	1.576859	5	72	110	0.002
-1.308997	2.251330	-2.330739	111	68	6	0.002
-1.047198	2.251330	-2.330739	107	44	4	0.002
-0.261799	2.251330	-2.330739	106	65	0	0.002
2.094395	2.251330	-2.330739	5	67	0	0.002
2.617994	2.251330	-2.330739	0	67	1	0.002
-2.879793	1.374601	-2.456031	110	66	4	0.002
0.523599	1.374601	-2.456031	104	66	9	0.002
0.785398	1.374601	-2.456031	4	66	0	0.002
2.094395	1.374601	-2.456031	106	67	111	0.002
-2.617994	1.732874	-0.951685	110	67	105	0.002
-2.356194	1.732874	-0.951685	105	67	9	0.002
-1.570796	1.732874	-0.951685	110	66	111	0.002
1.047198	1.732874	-0.951685	108	68	5	0.002
2.879793	1.732874	-0.951685	0	66	5	0.002
0.785398	0.960688	-0.577532	105	44	4	0.002
1.047198	0.960688	-0.577532	108	65	108	0.002
1.308997	0.960688	-0.577532	8	67	109	0.002
1.570796	0.960688	-0.577532	109	66	3	0.002
-1.832596	1.824694	1.850876	3	69	3	0.002
-1.308997	1.824694	1.850876	104	68	4	0.002
0.000000	1.824694	1.850876	7	66	103	0.002
1.570796	1.824694	1.850876	104	66	7	0.002
2.094395	1.824694	1.850876	102	72	9	0.002
-2.879793	2.704512	1.488683	0	68	4	0.002
1.047198	2.704512	1.488683	3	67	1	0.002
1.832596	2.704512	1.488683	111	65	111	0.002
2.356194	2.704512	1.488683	0	67	10	0.002
-3.141593	0.910508	1.903534	110	69	109	0.002
-1.832596	0.910508	1.903534	109	72	0	0.002
-0.523599	0.910508	1.903534	5	67	2	0.002
-0.785398	0.929350	-2.910676	105	67	8	0.002
-3.141593	1.128190	-2.288622	100	66	3	0.002
-2.879793	1.128190	-2.288622	0	67	0	0.002
-1.047198	1.128190	-2.288622	101	66	7	0.002
-0.523599	1.128190	-2.288622	0	66	108	0.002
0.000000	1.128190	-2.288622	109	65	107	0.002
-2.356194	2.881233	-2.582574	107	66	9	0.002
-1.308997	2.881233	-2.582574	3	69	108	0.002
-0.785398	2.881233	-2.582574	107	66	0	0.002
0.000000	2.881233	-2.582574	102	72	9	0.002
0.523599	2.881233	-2.582574	106	65	3	0.002
0.785398	2.881233	-2.582574	5	71	111	0.002
1.308997	2.881233	-2.582574	104	67	5	0.002
1.832596	2.881233	-2.582574	3	66	111	0.002
-2.617994	1.696674	-1.253233	111	66	2	0.002
1.047198	1.696674	-1.253233	109	66	7	0.002
2.879793	1.696674	-1.253233	107	65	1	0.002
0.785398	1.683268	0.374177	3	67	107	0.002
1.832596	1.683268	0.374177	109	47	108	0.002
-1.832596	2.073035	2.027405	107	66	7	0.002
0.523599	2.073035	2.027405	1	66	4	0.002
-3.141593	1.875281	0.107086	107	70	5	0.002
1.570796	1.875281	0.107086	111	65	104	0.002
2.879793	1.875281	0.107086	3	72	105	0.002
-2.879793	1.247695	1.809890	110	66	6	0.002
-1.308997	1.247695	1.809890	8	66	110	0.002
0.523599	1.247695	1.809890	105	67	11	0.002
0.785398	1.247695	1.809890	106	65	7	0.002
-1.308997	1.301460	-0.509251	106	66	7	0.002
-0.785398	1.301460	-0.509251	0	66	7	0.002
1.047198	1.301460	-0.509251	106	67	10	0.002
-2.094395	1.904882	-1.478089	0	66	111	0.002
-1.047198	1.904882	-1.478089	109	67	8	0.002
-0.523599	1.904882	-1.478089	109	66	2	0.002
-2.356194	0.709924	0.218797	7	67	111	0.002
-2.094395	0.709924	0.218797	111	66	9	0.002
-1.570796	0.709924	0.218797	107	66	2	0.002
-0.785398	0.709924	0.218797	102	66	5	0.002
0.000000	0.709924	0.218797	7	66	1	0.002
2.356194	0.709924	0.218797	110	65	109	0.002
2.617994	0.709924	0.218797	8	65	108	0.002
-0.785398	0.496451	0.593859	109	70	0	0.002
-0.261799	0.496451	0.593859	6	67	108	0.002
0.000000	0.496451	0.593859	107	66	2	0.002
-1.832596	2.379497	0.561089	7	69	0	0.002
-0.785398	2.379497	0.561089	4	67	0	0.002
1.308997	2.379497	0.561089	106	67	2	0.002
0.785398	1.433411	-1.035986	111	67	105	0.002
-3.141593	1.658653	-2.409879	6	66	0	0.002
-0.523599	1.658653	-2.409879	107	66	2	0.002
0.000000	1.658653	-2.409879	108	66	12	0.002
-1.570796	0.418037	1.360082	106	66	111	0.002
-0.523599	0.418037	1.360082	107	66	1	0.002
0.261799	0.418037	1.360082	108	66	3	0.002
1.308997	0.418037	1.360082	9	66	109	0.002
1.570796	0.418037	1.360082	0	70	110	0.002
0.000000	1.214854	-1.966664	7	66	103	0.002
1.570796	1.214854	-1.966664	0	67	0	0.002
-2.356194	0.914445	2.687814	111	65	10	0.002
-1.832596	0.914445	2.687814	106	66	6	0.002
-0.523599	0.914445	2.687814	2	65	1	0.002
0.000000	0.914445	2.687814	111	67	5	0.002
0.523599	0.914445	2.687814	107	66	10	0.002
1.047198	0.914445	2.687814	107	67	108	0.002
1.308997	0.914445	2.687814	111	72	111	0.002
1.570796	0.914445	2.687814	101	66	4	0.002
2.356194	0.914445	2.687814	108	69	8	0.002
0.785398	1.135813	-2.658866	1	66	108	0.002
0.000000	1.448123	-2.163292	0	67	3	0.002
0.523599	1.448123	-2.163292	0	66	111	0.002
1.047198	1.448123	-2.163292	105	68	1	0.002
1.570796	1.448123	-2.163292	109	71	110	0.002
2.094395	1.448123	-2.163292	5	66	3	0.002
2.617994	1.448123	-2.163292	108	67	9	0.002
-2.879793	2.455966	-0.641220	103	66	8	0.002
-2.356194	2.455966	-0.641220	109	67	6	0.002
-0.261799	2.455966	-0.641220	0	72	2	0.002
1.570796	2.455966	-0.641220	8	66	107	0.002
2.094395	2.455966	-0.641220	105	65	1	0.002
-0.261799	1.662363	0.915448	110	66	109	0.002
2.094395	1.662363	0.915448	0	67	111	0.002
-3.141593	2.984978	1.954446	111	44	109	0.002
-0.523599	1.367556	0.358405	108	44	5	0.002
1.308997	2.349581	-2.702517	110	42	108	0.002
2.879793	1.977582	0.969896	105	39	3	0.002
0.523599	2.033014	2.977192	108	44	1	0.002
2.617994	2.104282	-0.813972	108	43	110	0.002
0.000000	1.135813	-2.658866	107	44	7	0.002
1.832596	2.455966	-0.641220	3	46	3	0.002
-2.617994	0.674054	1.013609	109	38	9	0.002
-3.141593	0.866395	-2.492918	104	39	10	0.002
0.785398	0.571433	-1.188419	104	41	0	0.002
-2.617994	2.104282	-0.813972	104	39	7	0.002
0.000000	1.875281	0.107086	3	38	0	0.002
2.879793	1.904882	-1.478089	0	39	2	0.002
2.617994	1.194549	-0.801900	103	39	0	0.002
-3.141593	1.450119	-2.739050	108	44	109	0.002
1.570796	0.458961	-0.107937	106	72	110	0.002
0.523599	1.599406	1.426070	106	42	1	0.002
-3.141593	0.618092	2.539118	107	48	3	0.002
1.570796	0.618092	2.539118	111	47	1	0.002
2.879793	0.618092	2.539118	111	44	2	0.002
0.261799	0.615174	-0.666022	108	46	1	0.002
-2.094395	0.419640	2.974122	3	42	111	0.002
1.570796	0.419640	2.974122	3	46	0	0.002
0.785398	1.134796	2.434290	3	48	111	0.002
2.094395	1.134796	2.434290	103	45	10	0.002
0.523599	1.417623	-0.202254	107	45	2	0.002
-0.523599	0.370812	-2.547742	8	44	106	0.002
-2.094395	2.343981	-1.040456	106	48	7	0.002
1.570796	2.343981	-1.040456	107	44	7	0.002
-2.356194	1.998705	2.370472	108	47	1	0.002
1.047198	1.998705	2.370472	111	46	5	0.002
-2.094395	1.413347	-1.339188	109	72	8	0.002
0.000000	1.413347	-1.339188	111	42	9	0.002
1.047198	1.413347	-1.339188	0	72	9	0.002
2.094395	1.413347	-1.339188	105	42	0	0.002
2.879793	1.413347	-1.339188	110	47	4	0.002
-1.832596	0.674054	1.013609	5	73	104	0.002
1.308997	0.674054	1.013609	101	46	6	0.002
1.832596	0.674054	1.013609	106	44	4	0.002
-0.785398	0.906588	1.252948	9	72	103	0.002
0.523599	1.335669	0.897240	104	45	11	0.002
-2.879793	1.870545	-2.976234	8	44	108	0.002
-3.141593	2.164094	-2.991358	100	34	10	0.002
-0.261799	2.164094	-2.991358	102	46	7	0.002
0.785398	0.379747	-1.713059	106	44	7	0.002
-3.141593	2.187132	-0.479875	4	46	109	0.002
0.785398	2.187132	-0.479875	108	48	9	0.002
1.308997	2.187132	-0.479875	108	44	1	0.002
-2.356194	0.866955	-0.931351	2	45	106	0.002
-0.785398	0.866395	-2.492918	0	75	0	0.002
-0.261799	0.866395	-2.492918	0	47	7	0.002
0.000000	0.866395	-2.492918	104	47	4	0.002
-2.879793	1.617114	-1.572037	102	46	9	0.002
-2.094395	1.617114	-1.572037	105	46	1	0.002
-1.570796	1.617114	-1.572037	105	34	5	0.002
-2.617994	0.864993	2.278281	109	47	1	0.002
2.617994	1.014500	0.906702	1	46	1	0.002
2.094395	2.247462	0.191623	1	42	107	0.002
2.617994	2.247462	0.191623	0	40	5	0.002
0.000000	2.724429	-0.348782	110	46	9	0.002
0.261799	2.724429	-0.348782	0	48	110	0.002
0.523599	1.194549	-0.801900	99	44	6	0.002
-0.523599	1.741644	-2.695914	106	48	8	0.002
-2.094395	0.899350	-2.069907	109	46	11	0.002
0.000000	0.899350	-2.069907	111	46	1	0.002
2.617994	1.809167	1.213774	103	72	2	0.002
-0.785398	1.135834	-1.431087	111	44	0	0.002
0.785398	1.135834	-1.431087	109	47	8	0.002
-2.879793	1.909857	-0.381669	103	42	4	0.002
-0.785398	1.195355	1.200319	0	45	7	0.002
1.047198	1.134497	-1.109631	105	46	7	0.002
1.308997	1.134497	-1.109631	111	46	111	0.002
-3.141593	0.961715	0.014085	110	44	4	0.002
0.261799	1.367556	0.358405	5	76	0	0.002
-1.832596	1.440580	2.260026	107	46	5	0.002
1.308997	2.863997	0.549740	104	47	12	0.002
-2.094395	2.041297	-2.664597	105	66	108	0.002
-0.261799	1.836682	-0.676006	108	39	6	0.002
2.879793	1.836682	-0.676006	100	75	7	0.002
2.617994	0.591903	2.010408	103	46	5	0.002
1.570796	2.760637	2.781135	2	46	105	0.002
1.047198	2.592629	0.909713	105	46	10	0.002
2.356194	2.592629	0.909713	111	47	2	0.002
0.523599	1.113094	-0.272241	104	46	2	0.002
-3.141593	0.619654	-2.216909	106	46	2	0.002
2.094395	2.138223	1.678323	5	44	1	0.002
-0.785398	2.180315	-1.357379	0	72	107	0.002
1.047198	2.180315	-1.357379	110	44	108	0.002
2.879793	2.180315	-1.357379	111	44	1	0.002
2.617994	2.478122	2.609777	3	46	105	0.002
1.832596	1.699788	2.452890	104	44	12	0.002
1.832596	1.488617	1.159546	106	44	110	0.002
-3.141593	1.325504	-1.671296	7	46	109	0.002
0.000000	1.325504	-1.671296	109	44	4	0.002
1.308997	1.606104	-0.451151	1	44	111	0.002
1.047198	1.506530	1.988858	6	75	1	0.002
1.570796	1.977582	0.969896	109	48	0	0.002
2.094395	1.977582	0.969896	102	34	7	0.002
1.308997	1.218453	2.777284	109	46	5	0.002
-2.879793	1.555207	1.708892	108	48	9	0.002
-2.879793	0.203748	0.590255	110	47	3	0.002
1.832596	1.510910	-0.740472	111	46	108	0.002
-3.141593	2.033014	2.977192	1	47	107	0.002
0.785398	2.033014	2.977192	107	44	5	0.002
1.047198	2.033014	2.977192	106	46	4	0.002
0.261799	0.297065	2.160177	9	72	102	0.002
2.617994	0.297065	2.160177	106	46	1	0.002
-0.261799	0.080730	-2.622036	107	48	4	0.002
1.570796	0.762244	-0.273349	4	42	103	0.002
-3.141593	1.050534	3.042579	107	34	2	0.002
0.261799	0.733948	3.021411	103	34	3	0.002
2.617994	0.733948	3.021411	109	46	1	0.002
2.356194	0.685216	-1.712745	111	46	103	0.002
2.094395	2.063651	-2.044600	103	45	7	0.002
-1.047198	0.700570	1.559208	102	47	6	0.002
0.261799	1.025536	1.576859	8	79	109	0.002
1.570796	1.374601	-2.456031	104	47	2	0.002
1.832596	1.374601	-2.456031	108	46	4	0.002
2.879793	1.374601	-2.456031	106	44	8	0.002
2.617994	1.732874	-0.951685	107	47	4	0.002
-2.617994	0.960688	-0.577532	3	46	108	0.002
0.261799	0.960688	-0.577532	104	46	8	0.002
-1.047198	0.929350	-2.910676	111	35	1	0.002
2.617994	1.128190	-2.288622	105	47	2	0.002
-2.617994	2.881233	-2.582574	0	46	110	0.002
-1.570796	2.881233	-2.582574	110	46	2	0.002
1.047198	2.881233	-2.582574	110	72	0	0.002
1.832596	1.696674	-1.253233	110	46	109	0.002
1.570796	2.073035	2.027405	2	46	108	0.002
1.308997	1.875281	0.107086	110	42	105	0.002
-2.356194	1.247695	1.809890	108	34	7	0.002
-0.261799	1.247695	1.809890	108	47	10	0.002
1.832596	1.301460	-0.509251	105	44	8	0.002
0.523599	2.379497	0.561089	105	36	7	0.002
0.261799	1.658653	-2.409879	0	72	4	0.002
-3.141593	0.418037	1.360082	106	46	5	0.002
0.523599	0.418037	1.360082	105	48	3	0.002
-1.308997	1.448123	-2.163292	3	47	2	0.002
0.261799	1.448123	-2.163292	102	72	12	0.002
1.047198	2.455966	-0.641220	109	46	111	0.002
2.356194	1.875281	0.107086	6	77	105	0.002
-2.356194	0.080730	-2.622036	107	39	11	0.002
0.785398	1.872854	1.543456	110	78	110	0.002
-1.308997	1.417623	-0.202254	103	40	5	0.002
1.832596	2.664082	-1.071402	0	39	5	0.002
1.832596	2.001437	0.381215	110	39	103	0.002
2.356194	1.488617	1.159546	108	39	2	0.002
-3.141593	1.242974	-2.977882	106	39	8	0.002
0.523599	2.588535	-2.976617	111	39	3	0.002
-2.617994	2.356369	3.005869	107	38	11	0.002
0.261799	1.606104	-0.451151	104	38	8	0.002
-1.308997	2.115563	0.685730	108	78	4	0.002
0.523599	1.756530	-2.105156	5	44	108	0.002
1.047198	0.458961	-0.107937	100	44	5	0.002
2.617994	1.599406	1.426070	7	47	110	0.002
-3.141593	2.393226	1.857173	7	39	109	0.002
2.356194	2.393226	1.857173	5	39	2	0.002
2.879793	1.569311	-3.003978	110	42	110	0.002
-2.879793	0.419640	2.974122	105	44	0	0.002
-2.617994	2.587733	0.232235	105	44	8	0.002
-1.570796	1.413430	2.550734	108	44	2	0.002
0.261799	1.413430	2.550734	108	44	7	0.002
-2.356194	1.417623	-0.202254	103	46	12	0.002
-2.094395	1.417623	-0.202254	105	42	5	0.002
1.832596	1.417623	-0.202254	103	44	7	0.002
2.879793	1.417623	-0.202254	103	42	7	0.002
-2.879793	0.850607	-1.335383	4	44	108	0.002
-1.047198	2.979456	-1.009304	100	46	3	0.002
-1.832596	0.831641	0.616218	105	44	4	0.002
2.356194	0.831641	0.616218	0	42	110	0.002
2.617994	0.831641	0.616218	107	39	12	0.002
-0.785398	0.674054	1.013609	4	39	107	0.002
-0.261799	0.674054	1.013609	3	47	106	0.002
2.356194	0.674054	1.013609	108	42	110	0.002
-2.356194	0.906588	1.252948	8	44	105	0.002
2.879793	2.164094	-2.991358	106	39	8	0.002
-2.879793	0.379747	-1.713059	2	44	111	0.002
2.879793	0.379747	-1.713059	107	42	3	0.002
2.094395	2.187132	-0.479875	108	42	11	0.002
1.047198	2.299159	2.264663	111	42	7	0.002
-3.141593	1.617114	-1.572037	109	45	111	0.002
-0.785398	2.724429	-0.348782	109	31	2	0.002
0.261799	1.504028	0.636812	108	44	2	0.002
2.356194	1.504028	0.636812	4	38	104	0.002
1.832596	1.741644	-2.695914	104	44	0	0.002
-2.356194	2.174483	2.653697	111	47	104	0.002
1.308997	2.579248	-2.364801	0	41	108	0.002
0.523599	0.899350	-2.069907	0	42	104	0.002
1.047198	0.899350	-2.069907	2	46	106	0.002
-3.141593	1.809167	1.213774	111	45	108	0.002
-0.523599	1.134497	-1.109631	0	41	105	0.002
1.832596	1.134497	-1.109631	107	44	0	0.002
-2.094395	0.961715	0.014085	8	44	105	0.002
2.617994	0.961715	0.014085	3	44	1	0.002
0.523599	2.863997	0.549740	104	41	8	0.002
1.832596	2.041297	-2.664597	106	39	6	0.002
2.879793	2.041297	-2.664597	8	44	100	0.002
1.308997	1.045978	0.343692	106	44	10	0.002
2.879793	0.290380	-0.796960	102	39	2	0.002
-1.570796	2.356369	3.005869	111	45	4	0.002
0.523599	1.836682	-0.676006	7	44	111	0.002
2.617994	1.736875	3.023612	111	44	5	0.002
-2.094395	1.113094	-0.272241	107	38	5	0.002
1.308997	1.113094	-0.272241	108	38	111	0.002
0.785398	2.089241	-0.114193	108	42	111	0.002
-1.570796	1.168678	2.108595	4	42	4	0.002
0.261799	1.168678	2.108595	106	44	3	0.002
-2.879793	2.180315	-1.357379	104	44	9	0.002
0.785398	2.478122	2.609777	5	78	109	0.002
2.879793	1.699788	2.452890	7	42	102	0.002
-1.570796	1.184361	0.625864	100	45	3	0.002
2.094395	1.184361	0.625864	105	45	13	0.002
-1.047198	1.506530	1.988858	108	44	107	0.002
-2.356194	1.218453	2.777284	111	44	110	0.002
-2.356194	1.555207	1.708892	1	44	110	0.002
1.308997	0.203748	0.590255	104	44	9	0.002
0.000000	1.510910	-0.740472	0	44	5	0.002
-0.785398	0.571433	-1.188419	7	44	105	0.002
-1.308997	0.080730	-2.622036	101	46	1	0.002
0.000000	1.242974	-2.977882	104	38	5	0.002
-2.617994	1.872854	1.543456	110	40	7	0.002
-1.308997	0.762244	-0.273349	106	39	7	0.002
2.879793	0.762244	-0.273349	7	46	109	0.002
-0.523599	1.391910	3.030322	110	44	105	0.002
-0.785398	2.063651	-2.044600	111	42	3	0.002
0.000000	0.700570	1.559208	0	41	2	0.002
1.308997	1.025536	1.576859	109	39	109	0.002
-0.523599	1.732874	-0.951685	109	42	1	0.002
-1.047198	0.960688	-0.577532	104	44	9	0.002
-2.094395	1.824694	1.850876	3	44	109	0.002
1.832596	0.910508	1.903534	107	41	6	0.002
-1.308997	0.929350	-2.910676	107	44	111	0.002
-2.094395	1.128190	-2.288622	0	46	0	0.002
-1.570796	1.696674	-1.253233	108	42	1	0.002
0.785398	2.073035	2.027405	102	46	7	0.002
-2.617994	1.875281	0.107086	105	38	6	0.002
2.094395	1.875281	0.107086	102	44	5	0.002
-1.570796	1.301460	-0.509251	107	44	5	0.002
2.617994	1.301460	-0.509251	110	44	4	0.002
-2.617994	1.904882	-1.478089	111	44	7	0.002
0.785398	1.904882	-1.478089	99	44	9	0.002
-0.523599	1.433411	-1.035986	107	44	11	0.002
2.617994	0.418037	1.360082	109	44	1	0.002
-1.832596	1.135813	-2.658866	99	44	11	0.002
-2.356194	1.448123	-2.163292	1	42	3	0.002
-1.570796	2.455966	-0.641220	0	44	106	0.002
-2.879793	1.846342	-1.796954	100	38	12	0.002
0.785398	0.640596	-2.797608	105	38	8	0.002
-2.617994	2.153910	-1.714959	103	39	13	0.002
1.047198	0.961715	0.014085	108	39	5	0.002
2.879793	1.168678	2.108595	107	38	7	0.002
-3.141593	1.846342	-1.796954	3	38	3	0.002
-2.879793	1.736875	3.023612	110	38	12	0.002
-0.785398	1.836682	-0.676006	2	38	111	0.002
-2.356194	2.587733	0.232235	111	38	5	0.002
2.617994	2.115563	0.685730	3	39	1	0.002
-1.308997	0.615174	-0.666022	100	39	7	0.002
2.617994	1.569311	-3.003978	106	39	1	0.002
-0.261799	0.850607	-1.335383	111	38	0	0.002
2.094395	1.741644	-2.695914	108	39	6	0.002
-1.047198	1.909857	-0.381669	105	39	5	0.002
-1.570796	1.195355	1.200319	3	39	109	0.002
-2.879793	1.310100	1.488307	110	78	0	0.002
-3.141593	1.440580	2.260026	103	39	1	0.002
2.617994	2.041297	-2.664597	4	39	102	0.002
-1.570796	1.045978	0.343692	4	39	106	0.002
-1.832596	0.591903	2.010408	106	78	1	0.002
0.000000	1.256302	0.062705	0	38	7	0.002
2.094395	1.256302	0.062705	109	38	2	0.002
-2.094395	2.456751	-1.503343	7	39	106	0.002
0.000000	2.349581	-2.702517	111	41	109	0.002
1.308997	2.180315	-1.357379	109	39	107	0.002
2.356194	1.606104	-0.451151	104	39	7	0.002
1.308997	1.510910	-0.740472	6	39	104	0.002
0.000000	2.033014	2.977192	108	40	1	0.002
1.570796	2.033014	2.977192	1	39	0	0.002
-2.617994	1.242974	-2.977882	108	38	7	0.002
1.570796	1.242974	-2.977882	102	41	8	0.002
-2.356194	0.992645	-1.723759	105	39	9	0.002
2.879793	1.872854	1.543456	108	39	5	0.002
0.000000	1.721184	-0.153948	106	39	7	0.002
-0.261799	1.128190	-2.288622	102	39	4	0.002
-2.094395	2.881233	-2.582574	107	39	107	0.002
1.308997	1.683268	0.374177	109	39	1	0.002
-0.785398	1.247695	1.809890	111	38	1	0.002
-2.617994	1.433411	-1.035986	108	39	4	0.002
-1.570796	0.914445	2.687814	8	39	110	0.002
0.785398	1.824694	1.850876	111	37	8	0.002
-1.832596	2.115563	0.685730	107	38	5	0.001
2.879793	1.846342	-1.796954	107	38	8	0.001
-2.356194	0.866395	-2.492918	111	38	3	0.001
-0.785398	0.961715	0.014085	105	39	0	0.001
1.832596	0.619654	-2.216909	111	39	106	0.001
0.785398	0.992645	-1.723759	106	38	6	0.001
-0.785398	1.374601	-2.456031	106	39	3	0.001
-1.832596	0.496451	0.593859	103	38	10	0.001
-3.141593	1.214854	-1.966664	105	78	0	0.001
-2.617994	0.899350	-2.069907	102	38	6	0.001
2.879793	1.325504	-1.671296	0	78	7	0.001
0.523599	1.904882	-1.478089	109	38	11	0.001
-2.879793	1.450119	-2.739050	4	66	3	0.001
-2.617994	1.450119	-2.739050	102	67	12	0.001
-0.785398	1.450119	-2.739050	100	67	11	0.001
-0.523599	1.450119	-2.739050	107	66	5	0.001
0.000000	1.450119	-2.739050	106	67	11	0.001
0.261799	1.450119	-2.739050	107	67	10	0.001
0.523599	1.450119	-2.739050	103	71	10	0.001
0.785398	1.450119	-2.739050	105	72	4	0.001
1.047198	1.450119	-2.739050	106	66	11	0.001
1.308997	1.450119	-2.739050	106	67	10	0.001
2.879793	1.450119	-2.739050	109	72	7	0.001
-3.141593	2.404280	-0.174044	3	72	4	0.001
-2.356194	2.404280	-0.174044	0	68	108	0.001
-2.094395	2.404280	-0.174044	106	66	12	0.001
-1.047198	2.404280	-0.174044	111	66	12	0.001
0.000000	2.404280	-0.174044	101	75	8	0.001
0.261799	2.404280	-0.174044	0	44	0	0.001
0.523599	2.404280	-0.174044	110	66	3	0.001
0.785398	2.404280	-0.174044	106	70	5	0.001
1.570796	2.404280	-0.174044	0	47	2	0.001
1.832596	2.404280	-0.174044	109	71	108	0.001
2.094395	2.404280	-0.174044	108	46	11	0.001
2.356194	2.404280	-0.174044	99	67	10	0.001
2.617994	2.404280	-0.174044	110	75	110	0.001
2.879793	2.404280	-0.174044	102	66	13	0.001
-3.141593	2.115563	0.685730	2	67	4	0.001
-2.094395	2.115563	0.685730	11	65	111	0.001
-1.570796	2.115563	0.685730	108	65	12	0.001
-0.785398	2.115563	0.685730	2	72	108	0.001
-0.523599	2.115563	0.685730	103	66	12	0.001
-0.261799	2.115563	0.685730	2	69	6	0.001
0.000000	2.115563	0.685730	106	34	9	0.001
0.261799	2.115563	0.685730	109	66	8	0.001
0.523599	2.115563	0.685730	109	66	13	0.001
0.785398	2.115563	0.685730	104	44	12	0.001
1.047198	2.115563	0.685730	105	66	12	0.001
1.570796	2.115563	0.685730	100	66	11	0.001
1.832596	2.115563	0.685730	104	36	12	0.001
2.094395	2.115563	0.685730	102	71	10	0.001
2.356194	2.115563	0.685730	106	67	12	0.001
2.879793	2.115563	0.685730	106	69	9	0.001
-3.141593	1.756530	-2.105156	104	65	12	0.001
-2.617994	1.756530	-2.105156	7	72	110	0.001
-1.308997	1.756530	-2.105156	105	72	5	0.001
-1.047198	1.756530	-2.105156	105	67	11	0.001
-0.785398	1.756530	-2.105156	103	66	2	0.001
-0.523599	1.756530	-2.105156	108	66	7	0.001
0.000000	1.756530	-2.105156	8	69	102	0.001
0.785398	1.756530	-2.105156	2	69	110	0.001
1.308997	1.756530	-2.105156	107	65	11	0.001
2.094395	1.756530	-2.105156	102	70	9	0.001
2.356194	1.756530	-2.105156	0	72	6	0.001
-3.141593	1.869911	2.701025	110	66	9	0.001
-2.879793	1.869911	2.701025	108	70	8	0.001
-2.617994	1.869911	2.701025	1	68	105	0.001
-2.094395	1.869911	2.701025	107	65	9	0.001
0.785398	1.869911	2.701025	105	70	12	0.001
1.047198	1.869911	2.701025	104	67	111	0.001
1.308997	1.869911	2.701025	100	66	14	0.001
1.570796	1.869911	2.701025	100	65	12	0.001
2.617994	1.869911	2.701025	109	67	9	0.001
2.879793	1.869911	2.701025	110	66	6	0.001
-2.879793	0.458961	-0.107937	108	68	5	0.001
-2.617994	0.458961	-0.107937	105	67	13	0.001
-2.094395	0.458961	-0.107937	108	44	7	0.001
-1.832596	0.458961	-0.107937	108	68	10	0.001
-1.570796	0.458961	-0.107937	100	72	6	0.001
-1.047198	0.458961	-0.107937	105	72	9	0.001
0.000000	0.458961	-0.107937	101	70	10	0.001
0.523599	0.458961	-0.107937	0	69	5	0.001
2.617994	0.458961	-0.107937	1	48	7	0.001
2.879793	0.458961	-0.107937	105	69	7	0.001
-2.879793	1.599406	1.426070	111	67	5	0.001
-2.094395	1.599406	1.426070	105	66	8	0.001
-1.832596	1.599406	1.426070	103	67	6	0.001
-1.570796	1.599406	1.426070	110	69	111	0.001
-1.308997	1.599406	1.426070	109	69	3	0.001
-1.047198	1.599406	1.426070	109	72	7	0.001
-0.261799	1.599406	1.426070	105	66	8	0.001
0.785398	1.599406	1.426070	2	72	0	0.001
1.308997	1.599406	1.426070	109	66	9	0.001
1.570796	1.599406	1.426070	6	68	108	0.001
1.832596	1.599406	1.426070	103	66	3	0.001
2.356194	1.599406	1.426070	104	74	7	0.001
-3.141593	1.554776	0.100351	111	69	105	0.001
-0.261799	1.554776	0.100351	109	66	3	0.001
0.000000	1.554776	0.100351	103	65	12	0.001
0.261799	1.554776	0.100351	107	68	6	0.001
0.523599	1.554776	0.100351	103	72	9	0.001
1.047198	1.554776	0.100351	3	48	108	0.001
1.308997	1.554776	0.100351	106	65	13	0.001
1.570796	1.554776	0.100351	111	72	5	0.001
1.832596	1.554776	0.100351	1	69	8	0.001
2.094395	1.554776	0.100351	107	34	5	0.001
2.617994	1.554776	0.100351	105	72	5	0.001
2.879793	1.554776	0.100351	111	72	6	0.001
-2.356194	0.618092	2.539118	107	66	12	0.001
-2.094395	0.618092	2.539118	3	65	109	0.001
-0.785398	0.618092	2.539118	104	66	7	0.001
-0.261799	0.618092	2.539118	0	67	10	0.001
0.000000	0.618092	2.539118	102	70	14	0.001
0.523599	0.618092	2.539118	107	69	1	0.001
0.785398	0.618092	2.539118	110	67	10	0.001
1.047198	0.618092	2.539118	107	67	10	0.001
1.308997	0.618092	2.539118	0	66	7	0.001
1.832596	0.618092	2.539118	110	69	7	0.001
2.094395	0.618092	2.539118	110	70	9	0.001
2.356194	0.618092	2.539118	109	36	5	0.001
2.617994	0.618092	2.539118	107	67	6	0.001
-2.094395	1.846342	-1.796954	0	66	9	0.001
-1.832596	1.846342	-1.796954	106	44	5	0.001
-1.047198	1.846342	-1.796954	107	66	7	0.001
-0.785398	1.846342	-1.796954	105	66	2	0.001
-0.261799	1.846342	-1.796954	111	48	111	0.001
0.000000	1.846342	-1.796954	98	65	7	0.001
0.261799	1.846342	-1.796954	103	66	12	0.001
0.523599	1.846342	-1.796954	101	44	7	0.001
1.308997	1.846342	-1.796954	104	66	9	0.001
1.570796	1.846342	-1.796954	110	66	8	0.001
1.832596	1.846342	-1.796954	100	71	9	0.001
2.094395	1.846342	-1.796954	102	72	4	0.001
2.356194	1.846342	-1.796954	101	70	7	0.001
-3.141593	0.615174	-0.666022	109	74	10	0.001
-2.879793	0.615174	-0.666022	101	72	10	0.001
-2.094395	0.615174	-0.666022	99	70	7	0.001
-1.832596	0.615174	-0.666022	111	67	7	0.001
-1.570796	0.615174	-0.666022	109	66	5	0.001
-1.047198	0.615174	-0.666022	99	68	11	0.001
-0.523599	0.615174	-0.666022	99	67	11	0.001
0.000000	0.615174	-0.666022	107	34	3	0.001
1.570796	0.615174	-0.666022	102	66	11	0.001
1.832596	0.615174	-0.666022	0	70	6	0.001
2.094395	0.615174	-0.666022	0	66	107	0.001
2.356194	0.615174	-0.666022	101	67	9	0.001
2.617994	0.615174	-0.666022	0	67	103	0.001
2.879793	0.615174	-0.666022	101	72	4	0.001
-2.879793	2.393226	1.857173	109	46	11	0.001
-2.617994	2.393226	1.857173	109	67	111	0.001
0.785398	2.393226	1.857173	106	68	6	0.001
1.047198	2.393226	1.857173	105	42	5	0.001
1.832596	2.393226	1.857173	109	68	108	0.001
2.094395	2.393226	1.857173	110	72	4	0.001
2.617994	2.393226	1.857173	108	66	6	0.001
-2.879793	1.569311	-3.003978	102	65	12	0.001
0.000000	1.569311	-3.003978	6	67	104	0.001
0.261799	1.569311	-3.003978	107	66	8	0.001
0.523599	1.569311	-3.003978	110	70	8	0.001
1.047198	1.569311	-3.003978	0	66	5	0.001
1.308997	1.569311	-3.003978	105	66	2	0.001
1.570796	1.569311	-3.003978	105	67	13	0.001
1.832596	1.569311	-3.003978	107	72	9	0.001
2.094395	1.569311	-3.003978	104	46	11	0.001
2.356194	1.569311	-3.003978	104	71	7	0.001
-3.141593	0.419640	2.974122	106	67	8	0.001
-2.617994	0.419640	2.974122	2	47	0	0.001
-2.356194	0.419640	2.974122	2	67	4	0.001
-1.832596	0.419640	2.974122	106	67	5	0.001
-1.570796	0.419640	2.974122	99	67	11	0.001
-1.308997	0.419640	2.974122	108	46	4	0.001
-1.047198	0.419640	2.974122	102	66	13	0.001
-0.785398	0.419640	2.974122	111	66	10	0.001
-0.523599	0.419640	2.974122	104	66	4	0.001
0.000000	0.419640	2.974122	110	66	8	0.001
0.261799	0.419640	2.974122	6	66	1	0.001
0.523599	0.419640	2.974122	5	68	111	0.001
0.785398	0.419640	2.974122	102	72	3	0.001
1.047198	0.419640	2.974122	107	72	11	0.001
1.308997	0.419640	2.974122	104	72	12	0.001
1.832596	0.419640	2.974122	103	66	8	0.001
2.094395	0.419640	2.974122	106	66	8	0.001
2.356194	0.419640	2.974122	104	67	8	0.001
-3.141593	1.134796	2.434290	109	70	13	0.001
-2.094395	1.134796	2.434290	103	66	11	0.001
-1.832596	1.134796	2.434290	105	66	11	0.001
-1.570796	1.134796	2.434290	108	44	8	0.001
-1.308997	1.134796	2.434290	109	67	11	0.001
-0.261799	1.134796	2.434290	111	44	0	0.001
0.000000	1.134796	2.434290	109	48	1	0.001
1.308997	1.134796	2.434290	104	36	12	0.001
1.570796	1.134796	2.434290	105	66	10	0.001
1.832596	1.134796	2.434290	109	68	8	0.001
2.356194	1.134796	2.434290	110	72	9	0.001
2.617994	1.134796	2.434290	108	70	2	0.001
-2.356194	1.574060	2.783565	0	66	10	0.001
0.261799	1.574060	2.783565	6	72	111	0.001
0.523599	1.574060	2.783565	3	72	1	0.001
0.785398	1.574060	2.783565	102	66	13	0.001
1.047198	1.574060	2.783565	105	66	13	0.001
1.832596	1.574060	2.783565	2	70	2	0.001
-3.141593	2.587733	0.232235	111	44	4	0.001
-2.879793	2.587733	0.232235	0	76	8	0.001
-2.094395	2.587733	0.232235	111	66	11	0.001
-1.570796	2.587733	0.232235	108	67	11	0.001
-1.047198	2.587733	0.232235	110	74	8	0.001
-0.523599	2.587733	0.232235	108	69	12	0.001
0.000000	2.587733	0.232235	108	67	12	0.001
0.785398	2.587733	0.232235	110	72	8	0.001
1.047198	2.587733	0.232235	106	66	10	0.001
1.832596	2.587733	0.232235	110	71	111	0.001
2.356194	2.587733	0.232235	101	69	4	0.001
2.617994	2.587733	0.232235	5	68	2	0.001
-3.141593	1.413430	2.550734	106	66	9	0.001
-2.094395	1.413430	2.550734	0	66	2	0.001
-1.832596	1.413430	2.550734	0	76	4	0.001
0.523599	1.413430	2.550734	109	68	10	0.001
0.785398	1.413430	2.550734	102	72	14	0.001
1.047198	1.413430	2.550734	102	66	7	0.001
1.308997	1.413430	2.550734	103	66	4	0.001
1.570796	1.413430	2.550734	110	70	9	0.001
2.879793	1.413430	2.550734	105	67	2	0.001
-3.141593	1.417623	-0.202254	103	66	7	0.001
-1.570796	1.417623	-0.202254	109	67	7	0.001
-0.523599	1.417623	-0.202254	110	68	109	0.001
-0.261799	1.417623	-0.202254	105	67	10	0.001
0.261799	1.417623	-0.202254	111	65	8	0.001
0.785398	1.417623	-0.202254	102	65	8	0.001
1.047198	1.417623	-0.202254	10	66	108	0.001
1.308997	1.417623	-0.202254	0	68	8	0.001
1.570796	1.417623	-0.202254	100	66	7	0.001
2.617994	1.417623	-0.202254	100	66	10	0.001
-3.141593	0.850607	-1.335383	107	76	1	0.001
-2.617994	0.850607	-1.335383	103	71	12	0.001
-2.094395	0.850607	-1.335383	105	66	6	0.001
-1.832596	0.850607	-1.335383	0	72	111	0.001
-1.570796	0.850607	-1.335383	104	66	7	0.001
-0.785398	0.850607	-1.335383	108	75	11	0.001
-0.523599	0.850607	-1.335383	111	69	1	0.001
0.000000	0.850607	-1.335383	111	67	1	0.001
0.261799	0.850607	-1.335383	7	66	105	0.001
0.785398	0.850607	-1.335383	111	71	7	0.001
1.308997	0.850607	-1.335383	102	66	12	0.001
1.832596	0.850607	-1.335383	107	67	10	0.001
2.356194	0.850607	-1.335383	0	72	11	0.001
2.617994	0.850607	-1.335383	107	70	2	0.001
2.879793	0.850607	-1.335383	108	66	6	0.001
-3.141593	0.370812	-2.547742	3	67	110	0.001
-2.879793	0.370812	-2.547742	2	67	2	0.001
