384	1.2	0
-2.617994	0.618092	2.539118
0.000000	0.000000	0.000000
model.B99990005.pdb	-149.418	-18.369	36.087
2hym.pdb	-8.522	-7.294	10.864
2.356194	2.455966	-0.641220	292	382	60	0.747
1.570796	1.168678	2.108595	254	40	23	0.010
-2.879793	1.450119	-2.739050	278	40	25	0.008
-2.617994	2.404280	-0.174044	260	38	48	0.008
-2.356194	2.404280	-0.174044	252	38	47	0.008
-1.570796	2.404280	-0.174044	274	40	40	0.008
-1.308997	2.404280	-0.174044	263	39	49	0.008
-1.047198	2.404280	-0.174044	268	27	50	0.008
-0.523599	2.404280	-0.174044	273	35	48	0.008
-2.617994	2.115563	0.685730	264	39	51	0.008
-2.356194	2.115563	0.685730	268	39	54	0.008
-1.308997	2.115563	0.685730	271	49	46	0.008
2.617994	2.115563	0.685730	260	39	50	0.008
-2.617994	1.756530	-2.105156	273	29	13	0.008
-2.094395	1.756530	-2.105156	276	25	18	0.008
2.356194	1.756530	-2.105156	256	35	15	0.008
-2.879793	1.869911	2.701025	285	39	39	0.008
-2.617994	0.458961	-0.107937	267	48	27	0.008
0.261799	0.458961	-0.107937	266	313	24	0.008
0.523599	0.458961	-0.107937	258	314	25	0.008
1.832596	0.458961	-0.107937	259	60	22	0.008
1.570796	1.599406	1.426070	255	39	59	0.008
1.832596	1.599406	1.426070	254	27	57	0.008
2.094395	1.599406	1.426070	255	40	41	0.008
2.617994	1.599406	1.426070	262	27	55	0.008
-2.094395	1.554776	0.100351	270	39	38	0.008
-1.308997	1.846342	-1.796954	275	33	31	0.008
1.308997	1.846342	-1.796954	247	309	28	0.008
-2.879793	0.615174	-0.666022	250	45	30	0.008
-2.617994	0.615174	-0.666022	245	29	21	0.008
-2.094395	0.615174	-0.666022	275	39	22	0.008
0.523599	0.615174	-0.666022	267	313	23	0.008
1.308997	0.615174	-0.666022	270	313	18	0.008
2.879793	0.615174	-0.666022	240	49	23	0.008
-2.879793	2.393226	1.857173	273	35	46	0.008
-1.570796	2.393226	1.857173	271	308	44	0.008
-1.308997	2.393226	1.857173	269	308	39	0.008
0.523599	2.393226	1.857173	255	34	53	0.008
0.785398	2.393226	1.857173	258	29	45	0.008
1.570796	2.393226	1.857173	264	48	42	0.008
2.094395	2.393226	1.857173	277	34	50	0.008
2.356194	2.393226	1.857173	271	45	47	0.008
-2.879793	1.569311	-3.003978	279	29	33	0.008
-2.617994	1.569311	-3.003978	285	30	32	0.008
0.785398	1.569311	-3.003978	248	27	24	0.008
1.570796	1.569311	-3.003978	255	45	23	0.008
2.094395	1.569311	-3.003978	263	42	24	0.008
-2.094395	0.419640	2.974122	283	308	25	0.008
0.261799	0.419640	2.974122	239	24	27	0.008
1.047198	0.419640	2.974122	266	48	23	0.008
-3.141593	1.134796	2.434290	281	38	23	0.008
-2.879793	1.134796	2.434290	273	27	18	0.008
-2.617994	1.134796	2.434290	270	39	23	0.008
1.047198	1.134796	2.434290	252	39	25	0.008
-2.879793	1.574060	2.783565	287	40	28	0.008
1.047198	1.574060	2.783565	248	27	34	0.008
-2.879793	2.587733	0.232235	258	68	52	0.008
-2.356194	2.587733	0.232235	250	42	43	0.008
-1.832596	2.587733	0.232235	262	40	47	0.008
-1.047198	2.587733	0.232235	268	44	53	0.008
-0.785398	2.587733	0.232235	267	28	50	0.008
-0.261799	2.587733	0.232235	263	26	49	0.008
0.000000	2.587733	0.232235	283	35	42	0.008
-2.356194	1.413430	2.550734	273	35	27	0.008
1.570796	1.413430	2.550734	247	50	23	0.008
-2.879793	1.417623	-0.202254	251	33	31	0.008
-1.832596	1.417623	-0.202254	276	40	35	0.008
0.785398	1.417623	-0.202254	277	312	32	0.008
-1.570796	0.850607	-1.335383	270	44	23	0.008
0.523599	0.850607	-1.335383	273	35	9	0.008
0.785398	0.850607	-1.335383	269	308	28	0.008
2.879793	0.850607	-1.335383	254	35	23	0.008
-0.261799	0.370812	-2.547742	246	38	23	0.008
0.523599	0.370812	-2.547742	258	24	16	0.008
0.785398	0.370812	-2.547742	269	40	15	0.008
1.047198	0.370812	-2.547742	268	48	14	0.008
-2.617994	0.640596	-2.797608	266	38	22	0.008
-2.094395	0.640596	-2.797608	269	314	21	0.008
-1.047198	0.640596	-2.797608	260	314	24	0.008
0.000000	0.640596	-2.797608	262	35	20	0.008
0.523599	0.640596	-2.797608	256	28	24	0.008
0.785398	0.640596	-2.797608	251	49	20	0.008
1.308997	0.640596	-2.797608	259	59	20	0.008
-1.570796	2.979456	-1.009304	287	40	43	0.008
-1.047198	2.979456	-1.009304	275	33	48	0.008
1.570796	0.831641	0.616218	238	45	40	0.008
2.356194	0.831641	0.616218	241	25	43	0.008
-2.879793	2.343981	-1.040456	257	23	49	0.008
1.570796	2.343981	-1.040456	262	39	46	0.008
-2.356194	1.413347	-1.339188	265	35	13	0.008
2.617994	1.413347	-1.339188	253	39	14	0.008
-3.141593	0.674054	1.013609	263	44	31	0.008
-2.879793	0.674054	1.013609	271	36	28	0.008
-2.094395	0.674054	1.013609	282	39	37	0.008
2.356194	0.674054	1.013609	253	48	32	0.008
-1.832596	1.335669	0.897240	273	40	44	0.008
-2.617994	1.870545	-2.976234	278	22	29	0.008
-2.617994	2.164094	-2.991358	277	27	34	0.008
-2.094395	2.164094	-2.991358	278	33	32	0.008
-1.832596	2.164094	-2.991358	268	35	42	0.008
0.785398	2.164094	-2.991358	236	35	30	0.008
1.308997	2.164094	-2.991358	251	30	35	0.008
-2.879793	0.379747	-1.713059	255	37	25	0.008
-1.832596	0.379747	-1.713059	263	45	21	0.008
-1.047198	0.379747	-1.713059	256	38	20	0.008
-0.785398	0.379747	-1.713059	260	33	19	0.008
-0.523599	0.379747	-1.713059	249	33	21	0.008
0.785398	0.379747	-1.713059	270	39	18	0.008
2.094395	0.379747	-1.713059	264	309	14	0.008
2.356194	0.379747	-1.713059	280	309	17	0.008
2.617994	0.379747	-1.713059	272	309	13	0.008
-2.094395	2.187132	-0.479875	264	34	49	0.008
-2.879793	0.866955	-0.931351	249	25	16	0.008
-2.356194	0.866955	-0.931351	266	59	31	0.008
-1.570796	0.866955	-0.931351	261	42	14	0.008
-1.308997	0.866955	-0.931351	264	39	21	0.008
0.523599	0.866955	-0.931351	274	308	23	0.008
1.570796	0.866955	-0.931351	260	313	17	0.008
2.879793	0.866955	-0.931351	257	35	25	0.008
-3.141593	2.299159	2.264663	280	29	47	0.008
-2.617994	2.299159	2.264663	280	39	36	0.008
0.261799	2.299159	2.264663	242	28	45	0.008
0.785398	2.299159	2.264663	256	29	44	0.008
1.832596	2.299159	2.264663	252	34	42	0.008
2.879793	2.299159	2.264663	284	29	47	0.008
-1.832596	1.812176	0.656819	261	50	52	0.008
-1.570796	2.719179	-1.780644	274	33	46	0.008
-1.047198	2.719179	-1.780644	273	38	45	0.008
-1.832596	2.396274	-1.959260	284	27	23	0.008
2.617994	2.396274	-1.959260	257	50	29	0.008
-2.617994	0.866395	-2.492918	266	37	20	0.008
1.047198	0.866395	-2.492918	255	28	22	0.008
2.094395	0.866395	-2.492918	265	48	23	0.008
-2.356194	1.617114	-1.572037	268	49	13	0.008
2.617994	1.617114	-1.572037	245	39	7	0.008
-2.879793	0.864993	2.278281	279	38	26	0.008
1.047198	0.864993	2.278281	248	29	28	0.008
1.308997	0.864993	2.278281	256	50	19	0.008
1.570796	0.864993	2.278281	249	44	32	0.008
-2.617994	1.014500	0.906702	281	33	44	0.008
-3.141593	2.724429	-0.348782	238	38	44	0.008
-2.094395	2.724429	-0.348782	255	38	47	0.008
-1.570796	2.724429	-0.348782	252	34	53	0.008
-0.261799	2.724429	-0.348782	259	25	46	0.008
0.000000	2.724429	-0.348782	271	39	52	0.008
1.047198	2.724429	-0.348782	271	309	50	0.008
-2.094395	1.504028	0.636812	278	39	39	0.008
2.356194	1.504028	0.636812	257	50	51	0.008
-2.879793	1.741644	-2.695914	279	24	27	0.008
-2.617994	1.741644	-2.695914	287	27	22	0.008
-1.570796	1.741644	-2.695914	269	313	29	0.008
-3.141593	2.174483	2.653697	284	35	44	0.008
-2.617994	2.174483	2.653697	273	35	39	0.008
-2.356194	2.174483	2.653697	281	40	34	0.008
0.523599	2.174483	2.653697	238	27	34	0.008
0.785398	2.174483	2.653697	239	29	35	0.008
1.570796	2.174483	2.653697	255	50	39	0.008
2.356194	2.174483	2.653697	275	48	44	0.008
2.617994	2.174483	2.653697	275	33	40	0.008
1.308997	2.664082	-1.071402	249	313	32	0.008
-2.879793	2.579248	-2.364801	270	49	37	0.008
-2.617994	2.579248	-2.364801	259	38	43	0.008
0.523599	2.579248	-2.364801	255	307	44	0.008
1.570796	2.579248	-2.364801	240	33	30	0.008
-2.879793	0.899350	-2.069907	266	29	15	0.008
-2.617994	0.899350	-2.069907	252	34	19	0.008
-0.785398	0.899350	-2.069907	257	38	10	0.008
-0.523599	0.899350	-2.069907	270	35	16	0.008
-0.261799	0.899350	-2.069907	257	29	13	0.008
1.047198	0.899350	-2.069907	264	34	8	0.008
2.879793	0.899350	-2.069907	269	305	17	0.008
-2.617994	2.984978	1.954446	266	312	43	0.008
-2.094395	2.984978	1.954446	257	310	43	0.008
-1.308997	2.984978	1.954446	263	309	44	0.008
0.261799	2.984978	1.954446	256	29	45	0.008
0.523599	2.984978	1.954446	258	34	47	0.008
1.308997	2.984978	1.954446	271	48	46	0.008
1.832596	2.984978	1.954446	275	35	43	0.008
2.094395	2.984978	1.954446	286	39	47	0.008
-1.308997	1.809167	1.213774	268	39	57	0.008
2.094395	1.809167	1.213774	257	44	41	0.008
2.879793	1.809167	1.213774	259	27	56	0.008
-2.617994	1.135834	-1.431087	257	34	22	0.008
-1.308997	1.135834	-1.431087	272	45	28	0.008
-1.308997	1.909857	-0.381669	271	33	48	0.008
-1.047198	1.909857	-0.381669	276	34	47	0.008
1.832596	1.195355	1.200319	250	24	53	0.008
1.047198	1.310100	1.488307	253	30	31	0.008
2.094395	1.310100	1.488307	255	43	30	0.008
-2.094395	2.153910	-1.714959	282	50	20	0.008
-1.308997	2.153910	-1.714959	276	39	34	0.008
0.261799	2.153910	-1.714959	265	309	31	0.008
2.356194	2.153910	-1.714959	248	50	21	0.008
-3.141593	1.134497	-1.109631	253	23	25	0.008
-0.523599	1.134497	-1.109631	272	25	12	0.008
1.832596	1.134497	-1.109631	242	313	31	0.008
-2.617994	0.961715	0.014085	262	37	37	0.008
1.832596	0.961715	0.014085	256	50	30	0.008
2.617994	0.961715	0.014085	237	27	39	0.008
-2.356194	1.367556	0.358405	272	37	34	0.008
-1.832596	1.367556	0.358405	274	44	46	0.008
-1.308997	1.367556	0.358405	277	28	35	0.008
-1.570796	1.440580	2.260026	277	39	28	0.008
-2.879793	2.863997	0.549740	258	309	54	0.008
-2.617994	2.863997	0.549740	243	29	46	0.008
-2.356194	2.863997	0.549740	243	40	46	0.008
-1.308997	2.863997	0.549740	253	49	48	0.008
-1.047198	2.863997	0.549740	268	50	47	0.008
-0.523599	2.863997	0.549740	253	37	50	0.008
0.000000	2.863997	0.549740	264	44	47	0.008
0.261799	2.863997	0.549740	267	39	50	0.008
0.523599	2.863997	0.549740	284	29	40	0.008
2.356194	2.863997	0.549740	269	311	47	0.008
-2.094395	1.045978	0.343692	286	39	44	0.008
-1.570796	1.045978	0.343692	275	48	34	0.008
-3.141593	0.290380	-0.796960	251	49	20	0.008
-2.356194	0.290380	-0.796960	241	26	23	0.008
0.000000	0.290380	-0.796960	275	40	27	0.008
1.047198	0.290380	-0.796960	261	309	24	0.008
1.308997	0.290380	-0.796960	277	311	22	0.008
1.832596	0.290380	-0.796960	277	313	20	0.008
-2.617994	1.545873	-1.877082	270	28	18	0.008
-2.356194	1.545873	-1.877082	281	39	14	0.008
-2.617994	2.356369	3.005869	275	25	32	0.008
-1.832596	2.356369	3.005869	282	307	34	0.008
-0.523599	2.356369	3.005869	270	314	35	0.008
-0.261799	2.356369	3.005869	244	308	31	0.008
1.047198	2.356369	3.005869	248	39	39	0.008
1.308997	2.356369	3.005869	247	45	34	0.008
2.617994	1.836682	-0.676006	242	29	26	0.008
-2.879793	1.948085	-2.363031	278	34	17	0.008
-2.356194	1.948085	-2.363031	276	27	14	0.008
0.523599	1.948085	-2.363031	260	312	26	0.008
1.047198	1.948085	-2.363031	244	34	24	0.008
-2.879793	1.736875	3.023612	284	30	31	0.008
0.000000	0.591903	2.010408	259	308	28	0.008
-1.832596	2.760637	2.781135	282	306	39	0.008
0.261799	2.760637	2.781135	234	40	39	0.008
0.523599	2.760637	2.781135	245	30	42	0.008
0.785398	2.760637	2.781135	244	25	47	0.008
1.047198	2.760637	2.781135	245	27	43	0.008
2.094395	2.760637	2.781135	250	49	42	0.008
2.617994	2.760637	2.781135	263	50	41	0.008
-2.356194	1.256302	0.062705	274	35	40	0.008
-0.523599	2.592629	0.909713	256	25	56	0.008
-0.261799	2.592629	0.909713	257	32	51	0.008
0.523599	2.592629	0.909713	255	26	49	0.008
0.785398	2.592629	0.909713	284	29	50	0.008
1.047198	2.592629	0.909713	258	35	52	0.008
2.094395	1.113094	-0.272241	252	45	35	0.008
2.617994	1.113094	-0.272241	251	37	37	0.008
0.261799	2.407836	1.410646	249	25	53	0.008
0.523599	2.407836	1.410646	272	37	52	0.008
1.047198	2.407836	1.410646	251	40	44	0.008
1.308997	2.407836	1.410646	275	39	54	0.008
-2.356194	2.089241	-0.114193	264	38	48	0.008
-2.094395	2.089241	-0.114193	263	40	38	0.008
-0.785398	0.619654	-2.216909	249	34	15	0.008
-0.523599	0.619654	-2.216909	266	32	14	0.008
-0.261799	0.619654	-2.216909	272	39	22	0.008
0.000000	0.619654	-2.216909	279	37	14	0.008
1.047198	0.619654	-2.216909	261	317	18	0.008
2.617994	0.619654	-2.216909	259	308	15	0.008
-2.617994	2.456751	-1.503343	271	50	38	0.008
-2.356194	2.456751	-1.503343	280	34	24	0.008
0.785398	2.456751	-1.503343	248	306	27	0.008
2.356194	2.456751	-1.503343	250	38	40	0.008
-1.570796	2.001437	0.381215	271	49	41	0.008
2.094395	2.001437	0.381215	256	38	45	0.008
0.785398	2.138223	1.678323	253	23	43	0.008
1.047198	2.138223	1.678323	255	39	49	0.008
1.308997	2.138223	1.678323	258	27	52	0.008
1.570796	2.138223	1.678323	270	24	60	0.008
2.094395	2.138223	1.678323	267	50	47	0.008
-2.617994	2.349581	-2.702517	280	29	35	0.008
0.523599	2.349581	-2.702517	255	309	31	0.008
2.356194	2.349581	-2.702517	249	37	32	0.008
-2.879793	1.168678	2.108595	276	38	24	0.008
-2.617994	1.168678	2.108595	286	39	46	0.008
-2.356194	1.168678	2.108595	283	29	45	0.008
1.308997	1.168678	2.108595	245	23	25	0.008
-1.570796	2.478122	2.609777	267	309	47	0.008
-0.785398	2.478122	2.609777	262	312	36	0.008
-0.261799	2.478122	2.609777	242	39	42	0.008
1.047198	2.478122	2.609777	249	29	40	0.008
2.617994	2.478122	2.609777	266	44	37	0.008
1.570796	1.184361	0.625864	243	38	35	0.008
-2.356194	2.108018	1.311430	255	29	53	0.008
0.000000	2.108018	1.311430	265	329	52	0.008
0.785398	2.108018	1.311430	268	27	57	0.008
1.308997	2.108018	1.311430	267	29	55	0.008
-2.617994	1.488617	1.159546	282	35	45	0.008
-2.356194	1.325504	-1.671296	266	28	16	0.008
-1.832596	1.325504	-1.671296	260	28	9	0.008
-1.570796	1.325504	-1.671296	268	29	14	0.008
-1.308997	1.325504	-1.671296	266	39	15	0.008
-2.094395	1.506530	1.988858	270	39	54	0.008
1.047198	1.506530	1.988858	240	34	30	0.008
2.094395	1.506530	1.988858	263	44	25	0.008
-1.570796	2.637879	2.121598	253	307	47	0.008
0.000000	2.637879	2.121598	244	49	50	0.008
0.261799	2.637879	2.121598	247	39	50	0.008
1.832596	2.637879	2.121598	278	40	45	0.008
2.356194	2.637879	2.121598	262	45	41	0.008
-2.094395	1.218453	2.777284	274	39	27	0.008
-2.094395	1.555207	1.708892	268	29	55	0.008
-1.832596	1.555207	1.708892	269	40	52	0.008
0.785398	1.555207	1.708892	251	28	53	0.008
2.094395	1.555207	1.708892	260	32	57	0.008
2.356194	1.555207	1.708892	265	45	58	0.008
-3.141593	2.295480	1.008277	260	35	50	0.008
0.000000	2.295480	1.008277	273	34	51	0.008
0.523599	2.295480	1.008277	273	40	55	0.008
0.785398	2.295480	1.008277	269	34	53	0.008
2.356194	2.295480	1.008277	265	37	51	0.008
-2.356194	0.203748	0.590255	261	42	31	0.008
-1.570796	0.203748	0.590255	276	59	29	0.008
-1.047198	1.510910	-0.740472	280	45	18	0.008
0.000000	1.510910	-0.740472	265	308	39	0.008
-2.617994	0.571433	-1.188419	267	38	26	0.008
-2.094395	0.571433	-1.188419	257	33	22	0.008
0.523599	0.571433	-1.188419	270	39	20	0.008
1.570796	0.571433	-1.188419	274	306	16	0.008
-2.617994	1.982574	-1.115518	265	33	40	0.008
-2.356194	1.982574	-1.115518	263	39	43	0.008
-1.047198	1.982574	-1.115518	282	39	18	0.008
2.094395	1.982574	-1.115518	247	39	17	0.008
2.356194	1.982574	-1.115518	244	29	20	0.008
-3.141593	2.033014	2.977192	277	38	29	0.008
1.047198	2.033014	2.977192	239	27	30	0.008
-1.308997	0.297065	2.160177	274	308	27	0.008
1.570796	0.297065	2.160177	262	42	21	0.008
-2.617994	0.080730	-2.622036	276	309	25	0.008
-2.356194	0.080730	-2.622036	258	305	21	0.008
-1.832596	0.080730	-2.622036	249	313	26	0.008
0.000000	0.080730	-2.622036	269	49	20	0.008
0.261799	0.080730	-2.622036	263	42	27	0.008
1.570796	0.080730	-2.622036	278	50	24	0.008
0.785398	1.242974	-2.977882	246	34	24	0.008
1.570796	1.242974	-2.977882	255	60	28	0.008
2.094395	1.242974	-2.977882	260	39	13	0.008
-3.141593	0.992645	-1.723759	262	25	11	0.008
-2.617994	0.992645	-1.723759	253	50	17	0.008
-1.832596	0.992645	-1.723759	269	50	27	0.008
-1.570796	0.992645	-1.723759	260	37	11	0.008
0.785398	0.992645	-1.723759	264	39	10	0.008
1.047198	0.992645	-1.723759	271	329	8	0.008
-2.879793	0.762244	-0.273349	247	25	26	0.008
-2.879793	1.050534	3.042579	285	39	32	0.008
1.047198	1.050534	3.042579	246	32	28	0.008
-2.356194	1.721184	-0.153948	275	34	32	0.008
-2.094395	1.721184	-0.153948	278	38	35	0.008
-1.047198	1.721184	-0.153948	273	37	48	0.008
0.523599	0.733948	3.021411	258	28	19	0.008
0.785398	0.733948	3.021411	263	27	13	0.008
-2.617994	2.588535	-2.976617	274	29	40	0.008
-1.308997	2.588535	-2.976617	280	312	36	0.008
-2.617994	0.685216	-1.712745	261	40	17	0.008
-2.356194	0.685216	-1.712745	261	34	25	0.008
-1.570796	0.685216	-1.712745	269	48	16	0.008
-1.047198	0.685216	-1.712745	252	35	17	0.008
-0.785398	0.685216	-1.712745	270	34	21	0.008
1.832596	0.685216	-1.712745	264	308	16	0.008
-2.617994	2.063651	-2.044600	281	25	22	0.008
-2.356194	2.063651	-2.044600	284	39	17	0.008
-1.832596	2.063651	-2.044600	272	44	28	0.008
-3.141593	0.700570	1.559208	278	25	29	0.008
1.570796	0.700570	1.559208	246	29	41	0.008
2.356194	0.700570	1.559208	267	35	27	0.008
-2.617994	2.251330	-2.330739	277	38	32	0.008
-2.356194	2.251330	-2.330739	287	27	27	0.008
-2.356194	1.374601	-2.456031	268	38	19	0.008
-1.570796	1.374601	-2.456031	269	37	20	0.008
-2.879793	0.960688	-0.577532	248	35	29	0.008
0.261799	0.960688	-0.577532	278	309	32	0.008
0.261799	1.824694	1.850876	247	39	55	0.008
1.570796	1.824694	1.850876	249	26	28	0.008
2.617994	1.824694	1.850876	272	37	55	0.008
-2.094395	2.704512	1.488683	279	313	42	0.008
0.000000	2.704512	1.488683	246	23	48	0.008
0.261799	2.704512	1.488683	260	49	53	0.008
0.785398	2.704512	1.488683	248	23	46	0.008
1.047198	2.704512	1.488683	262	39	43	0.008
1.308997	2.704512	1.488683	253	50	45	0.008
-3.141593	0.910508	1.903534	275	50	24	0.008
-1.832596	0.910508	1.903534	279	29	49	0.008
1.047198	0.910508	1.903534	248	23	22	0.008
1.308997	0.910508	1.903534	246	47	27	0.008
1.570796	0.910508	1.903534	248	25	41	0.008
1.832596	0.910508	1.903534	253	48	47	0.008
2.356194	0.910508	1.903534	264	44	25	0.008
-3.141593	1.128190	-2.288622	277	39	15	0.008
0.523599	1.128190	-2.288622	253	50	19	0.008
-2.879793	2.881233	-2.582574	286	50	32	0.008
1.308997	2.881233	-2.582574	238	34	33	0.008
1.570796	2.881233	-2.582574	249	48	42	0.008
2.094395	2.881233	-2.582574	259	39	39	0.008
2.617994	1.696674	-1.253233	246	24	14	0.008
2.879793	1.696674	-1.253233	253	48	15	0.008
-2.356194	1.683268	0.374177	270	33	37	0.008
-2.094395	1.683268	0.374177	267	39	37	0.008
1.570796	1.683268	0.374177	246	38	41	0.008
-2.617994	2.073035	2.027405	271	29	48	0.008
0.785398	2.073035	2.027405	250	25	49	0.008
2.617994	2.073035	2.027405	274	27	52	0.008
1.570796	1.247695	1.809890	254	34	55	0.008
-0.523599	1.301460	-0.509251	280	39	23	0.008
0.785398	1.301460	-0.509251	281	308	27	0.008
-2.094395	1.904882	-1.478089	275	33	15	0.008
-1.308997	1.904882	-1.478089	277	39	15	0.008
-3.141593	0.709924	0.218797	250	47	33	0.008
-1.047198	0.709924	0.218797	286	33	30	0.008
2.879793	0.709924	0.218797	243	33	31	0.008
-3.141593	0.496451	0.593859	262	34	33	0.008
-1.570796	0.496451	0.593859	281	29	31	0.008
0.000000	0.496451	0.593859	271	309	31	0.008
1.308997	0.496451	0.593859	259	308	32	0.008
2.617994	0.496451	0.593859	253	34	32	0.008
-1.570796	2.379497	0.561089	266	60	49	0.008
-1.047198	2.379497	0.561089	253	29	56	0.008
-0.785398	2.379497	0.561089	254	30	52	0.008
0.261799	2.379497	0.561089	255	28	47	0.008
0.523599	2.379497	0.561089	265	29	55	0.008
2.094395	1.433411	-1.035986	257	306	15	0.008
0.000000	1.658653	-2.409879	269	306	18	0.008
-0.785398	0.418037	1.360082	277	314	37	0.008
-0.523599	0.418037	1.360082	274	306	31	0.008
0.261799	0.418037	1.360082	262	307	33	0.008
2.879793	0.418037	1.360082	269	45	32	0.008
-2.094395	0.914445	2.687814	271	39	22	0.008
0.785398	0.914445	2.687814	243	35	38	0.008
-2.094395	1.448123	-2.163292	274	29	21	0.008
2.356194	1.448123	-2.163292	252	39	24	0.008
-0.523599	2.455966	-0.641220	279	33	47	0.008
0.000000	2.455966	-0.641220	281	306	34	0.008
2.879793	2.455966	-0.641220	246	35	32	0.008
-2.879793	1.662363	0.915448	276	39	50	0.008
0.000000	0.618092	2.539118	263	78	23	0.007
-1.832596	2.393226	1.857173	269	74	47	0.007
-0.785398	2.719179	-1.780644	276	74	40	0.007
-0.523599	2.760637	2.781135	256	80	42	0.007
-2.356194	2.295480	1.008277	278	73	51	0.007
-1.832596	2.704512	1.488683	265	80	48	0.007
0.261799	2.455966	-0.641220	276	75	38	0.007
0.785398	1.113094	-0.272241	263	316	29	0.007
-2.617994	1.869911	2.701025	279	59	29	0.007
1.308997	0.458961	-0.107937	250	49	26	0.007
1.570796	0.618092	2.539118	253	39	33	0.007
-0.261799	0.615174	-0.666022	284	45	19	0.007
-1.832596	1.569311	-3.003978	273	75	34	0.007
0.523599	0.419640	2.974122	267	49	22	0.007
1.308997	2.587733	0.232235	273	49	57	0.007
-1.308997	1.413430	2.550734	270	43	22	0.007
-2.094395	0.370812	-2.547742	262	45	17	0.007
0.000000	0.370812	-2.547742	266	43	23	0.007
2.617994	2.343981	-1.040456	246	44	30	0.007
0.261799	1.870545	-2.976234	248	80	24	0.007
-1.832596	0.866955	-0.931351	273	29	27	0.007
-2.356194	2.299159	2.264663	276	321	45	0.007
2.094395	2.396274	-1.959260	248	60	23	0.007
1.570796	1.617114	-1.572037	254	326	14	0.007
-1.570796	0.864993	2.278281	272	316	21	0.007
-1.832596	1.194549	-0.801900	265	39	29	0.007
0.261799	2.664082	-1.071402	281	322	39	0.007
2.617994	2.579248	-2.364801	255	40	34	0.007
-1.047198	2.984978	1.954446	265	75	44	0.007
1.047198	1.766067	2.153843	248	327	35	0.007
1.832596	1.367556	0.358405	250	45	33	0.007
-1.570796	2.863997	0.549740	266	48	51	0.007
1.308997	2.863997	0.549740	274	322	38	0.007
-2.879793	2.041297	-2.664597	283	54	22	0.007
-2.094395	0.290380	-0.796960	244	29	21	0.007
1.308997	2.760637	2.781135	265	38	46	0.007
-2.617994	1.256302	0.062705	267	29	30	0.007
2.094395	1.256302	0.062705	248	68	42	0.007
-1.047198	2.592629	0.909713	259	55	45	0.007
1.308997	2.592629	0.909713	268	79	50	0.007
0.785398	2.407836	1.410646	263	45	46	0.007
1.047198	2.089241	-0.114193	271	74	36	0.007
1.832596	2.089241	-0.114193	251	49	40	0.007
0.261799	0.619654	-2.216909	271	45	15	0.007
2.617994	2.456751	-1.503343	243	42	32	0.007
0.000000	2.138223	1.678323	253	49	50	0.007
1.308997	2.349581	-2.702517	243	58	25	0.007
2.094395	2.349581	-2.702517	254	42	37	0.007
2.879793	1.325504	-1.671296	265	329	12	0.007
2.356194	0.203748	0.590255	255	54	19	0.007
2.879793	0.571433	-1.188419	255	324	16	0.007
1.308997	2.033014	2.977192	243	64	29	0.007
-2.094395	0.297065	2.160177	258	333	18	0.007
2.356194	0.080730	-2.622036	276	327	20	0.007
0.523599	1.242974	-2.977882	243	29	26	0.007
2.094395	2.104282	-0.813972	253	33	45	0.007
-2.879793	0.733948	3.021411	288	67	22	0.007
-0.261799	2.588535	-2.976617	266	74	34	0.007
2.356194	2.588535	-2.976617	253	58	39	0.007
-2.356194	1.391910	3.030322	273	327	32	0.007
1.570796	0.685216	-1.712745	263	78	21	0.007
-2.617994	0.700570	1.559208	287	43	28	0.007
0.261799	0.700570	1.559208	255	72	22	0.007
-2.094395	2.251330	-2.330739	277	59	23	0.007
1.832596	2.251330	-2.330739	253	48	40	0.007
-0.785398	2.704512	1.488683	244	44	49	0.007
-0.261799	2.704512	1.488683	264	60	46	0.007
1.570796	0.929350	-2.910676	261	53	13	0.007
-2.879793	1.128190	-2.288622	272	80	11	0.007
0.261799	1.128190	-2.288622	272	319	19	0.007
0.785398	1.128190	-2.288622	261	321	11	0.007
1.047198	1.247695	1.809890	248	52	28	0.007
1.832596	0.709924	0.218797	246	49	32	0.007
-2.879793	1.135813	-2.658866	282	318	16	0.007
-1.047198	2.455966	-0.641220	286	59	36	0.007
2.094395	2.455966	-0.641220	267	308	45	0.007
1.308997	1.662363	0.915448	253	59	51	0.007
-1.832596	2.478122	2.609777	266	316	47	0.007
0.523599	0.960688	-0.577532	273	316	31	0.007
0.000000	2.881233	-2.582574	263	319	39	0.007
0.785398	0.762244	-0.273349	269	319	33	0.007
1.570796	0.615174	-0.666022	269	78	22	0.007
1.047198	2.979456	-1.009304	256	80	40	0.007
-0.261799	2.719179	-1.780644	274	318	37	0.007
-1.047198	1.242974	-2.977882	261	316	20	0.007
0.523599	2.881233	-2.582574	254	74	38	0.007
2.617994	2.863997	0.549740	255	74	45	0.006
-0.785398	2.404280	-0.174044	272	58	44	0.006
2.094395	2.115563	0.685730	262	43	52	0.006
-0.523599	0.458961	-0.107937	270	313	19	0.006
0.785398	0.458961	-0.107937	274	78	25	0.006
-0.785398	1.846342	-1.796954	272	318	15	0.006
-0.785398	2.393226	1.857173	263	317	43	0.006
-2.879793	0.419640	2.974122	282	58	21	0.006
2.356194	2.587733	0.232235	264	323	50	0.006
-2.356194	0.850607	-1.335383	264	54	19	0.006
-2.879793	0.370812	-2.547742	262	55	15	0.006
-2.617994	0.370812	-2.547742	264	45	18	0.006
-1.570796	0.640596	-2.797608	259	78	10	0.006
-3.141593	2.979456	-1.009304	263	70	41	0.006
-2.617994	0.906588	1.252948	280	54	42	0.006
0.523599	1.812176	0.656819	280	45	49	0.006
0.785398	2.719179	-1.780644	250	75	32	0.006
1.308997	2.719179	-1.780644	259	322	42	0.006
0.523599	2.664082	-1.071402	277	318	42	0.006
-1.832596	2.984978	1.954446	260	329	41	0.006
-1.832596	1.310100	1.488307	276	322	37	0.006
-1.308997	0.961715	0.014085	266	317	32	0.006
1.570796	2.863997	0.549740	277	319	40	0.006
2.879793	0.290380	-0.796960	259	43	24	0.006
-2.094395	2.356369	3.005869	276	43	33	0.006
1.308997	2.456751	-1.503343	243	318	24	0.006
-1.308997	2.349581	-2.702517	284	78	33	0.006
-2.617994	2.108018	1.311430	269	54	53	0.006
-1.832596	2.637879	2.121598	263	327	47	0.006
-0.523599	2.637879	2.121598	255	53	47	0.006
-0.261799	0.203748	0.590255	262	79	26	0.006
-2.617994	2.033014	2.977192	280	59	29	0.006
-0.261799	0.297065	2.160177	253	43	30	0.006
-2.094395	0.080730	-2.622036	257	73	28	0.006
1.047198	1.872854	1.543456	253	55	36	0.006
-1.570796	2.588535	-2.976617	278	49	36	0.006
0.523599	0.685216	-1.712745	279	60	20	0.006
-1.570796	2.251330	-2.330739	280	74	34	0.006
2.356194	0.960688	-0.577532	240	319	33	0.006
-1.047198	1.824694	1.850876	268	74	36	0.006
-1.308997	2.881233	-2.582574	280	57	36	0.006
0.523599	1.301460	-0.509251	282	74	25	0.006
-2.879793	0.418037	1.360082	264	29	35	0.006
0.523599	0.418037	1.360082	247	79	35	0.006
0.523599	2.455966	-0.641220	272	318	34	0.006
0.785398	2.455966	-0.641220	270	73	35	0.006
0.000000	0.458961	-0.107937	277	72	33	0.006
1.047198	0.674054	1.013609	253	316	39	0.006
1.047198	1.184361	0.625864	256	73	37	0.006
-1.308997	0.640596	-2.797608	260	71	16	0.006
-1.308997	1.310100	1.488307	272	318	31	0.006
0.785398	1.134497	-1.109631	268	316	21	0.006
1.570796	0.961715	0.014085	249	74	36	0.006
-3.141593	2.863997	0.549740	273	316	49	0.006
0.261799	2.349581	-2.702517	261	329	34	0.006
2.094395	2.379497	0.561089	260	71	45	0.006
-2.879793	1.214854	-1.966664	268	48	7	0.006
-0.523599	2.579248	-2.364801	266	74	35	0.006
-3.141593	1.450119	-2.739050	259	50	33	0.006
-2.617994	1.450119	-2.739050	284	22	30	0.006
-2.356194	1.450119	-2.739050	272	38	28	0.006
-2.094395	1.450119	-2.739050	275	34	33	0.006
-1.832596	1.450119	-2.739050	271	37	34	0.006
-1.570796	1.450119	-2.739050	267	310	34	0.006
-1.308997	1.450119	-2.739050	268	313	26	0.006
-0.261799	1.450119	-2.739050	250	306	16	0.006
0.261799	1.450119	-2.739050	237	39	20	0.006
0.523599	1.450119	-2.739050	256	307	29	0.006
0.785398	1.450119	-2.739050	247	35	24	0.006
1.047198	1.450119	-2.739050	244	31	26	0.006
1.308997	1.450119	-2.739050	252	40	29	0.006
1.570796	1.450119	-2.739050	253	47	36	0.006
1.832596	1.450119	-2.739050	261	50	27	0.006
2.094395	1.450119	-2.739050	252	39	31	0.006
2.356194	1.450119	-2.739050	249	23	18	0.006
2.617994	1.450119	-2.739050	278	33	25	0.006
2.879793	1.450119	-2.739050	278	40	25	0.006
-3.141593	2.404280	-0.174044	255	50	50	0.006
-2.879793	2.404280	-0.174044	251	39	50	0.006
-2.094395	2.404280	-0.174044	254	35	52	0.006
-1.832596	2.404280	-0.174044	257	58	51	0.006
-0.261799	2.404280	-0.174044	266	28	49	0.006
0.261799	2.404280	-0.174044	269	38	54	0.006
0.523599	2.404280	-0.174044	279	313	40	0.006
0.785398	2.404280	-0.174044	280	309	48	0.006
1.047198	2.404280	-0.174044	268	312	37	0.006
1.308997	2.404280	-0.174044	268	312	48	0.006
1.832596	2.404280	-0.174044	252	308	33	0.006
2.094395	2.404280	-0.174044	254	309	44	0.006
2.617994	2.404280	-0.174044	259	39	52	0.006
2.879793	2.404280	-0.174044	262	38	46	0.006
-3.141593	2.115563	0.685730	263	37	44	0.006
-2.879793	2.115563	0.685730	251	29	57	0.006
-2.094395	2.115563	0.685730	253	39	53	0.006
-1.832596	2.115563	0.685730	260	37	55	0.006
-1.570796	2.115563	0.685730	267	44	48	0.006
-1.047198	2.115563	0.685730	264	39	50	0.006
-0.785398	2.115563	0.685730	265	39	57	0.006
-0.523599	2.115563	0.685730	269	40	55	0.006
-0.261799	2.115563	0.685730	271	39	54	0.006
0.000000	2.115563	0.685730	271	29	55	0.006
0.261799	2.115563	0.685730	256	29	52	0.006
0.523599	2.115563	0.685730	263	25	56	0.006
1.047198	2.115563	0.685730	265	39	57	0.006
1.308997	2.115563	0.685730	266	50	51	0.006
1.570796	2.115563	0.685730	256	37	58	0.006
1.832596	2.115563	0.685730	264	58	54	0.006
2.356194	2.115563	0.685730	257	80	52	0.006
2.879793	2.115563	0.685730	266	39	49	0.006
-3.141593	1.756530	-2.105156	272	34	20	0.006
-2.879793	1.756530	-2.105156	276	39	21	0.006
-2.356194	1.756530	-2.105156	270	48	27	0.006
-1.832596	1.756530	-2.105156	278	50	17	0.006
-1.570796	1.756530	-2.105156	277	50	28	0.006
-1.308997	1.756530	-2.105156	273	59	12	0.006
0.261799	1.756530	-2.105156	266	312	23	0.006
1.047198	1.756530	-2.105156	257	310	19	0.006
1.308997	1.756530	-2.105156	249	38	23	0.006
1.570796	1.756530	-2.105156	242	313	19	0.006
1.832596	1.756530	-2.105156	247	35	25	0.006
2.094395	1.756530	-2.105156	253	39	19	0.006
2.879793	1.756530	-2.105156	255	33	24	0.006
-3.141593	1.869911	2.701025	284	28	36	0.006
-2.356194	1.869911	2.701025	276	29	26	0.006
-1.832596	1.869911	2.701025	279	313	40	0.006
-1.570796	1.869911	2.701025	276	313	38	0.006
-1.308997	1.869911	2.701025	262	312	43	0.006
-1.047198	1.869911	2.701025	260	306	34	0.006
-0.785398	1.869911	2.701025	265	308	28	0.006
-0.523599	1.869911	2.701025	272	78	34	0.006
-0.261799	1.869911	2.701025	265	306	30	0.006
0.000000	1.869911	2.701025	236	28	40	0.006
0.523599	1.869911	2.701025	242	35	39	0.006
0.785398	1.869911	2.701025	245	40	42	0.006
1.047198	1.869911	2.701025	249	47	45	0.006
1.308997	1.869911	2.701025	257	45	44	0.006
1.570796	1.869911	2.701025	253	58	36	0.006
1.832596	1.869911	2.701025	264	59	45	0.006
2.094395	1.869911	2.701025	269	42	39	0.006
2.617994	1.869911	2.701025	285	34	42	0.006
-3.141593	0.458961	-0.107937	247	39	32	0.006
-2.879793	0.458961	-0.107937	251	45	30	0.006
-2.356194	0.458961	-0.107937	263	38	32	0.006
-2.094395	0.458961	-0.107937	260	49	26	0.006
-1.832596	0.458961	-0.107937	264	50	22	0.006
-1.570796	0.458961	-0.107937	269	60	28	0.006
-1.308997	0.458961	-0.107937	282	47	35	0.006
-1.047198	0.458961	-0.107937	280	48	31	0.006
-0.785398	0.458961	-0.107937	282	34	34	0.006
-0.261799	0.458961	-0.107937	276	313	28	0.006
1.047198	0.458961	-0.107937	269	308	32	0.006
1.570796	0.458961	-0.107937	248	313	32	0.006
2.094395	0.458961	-0.107937	239	39	30	0.006
2.356194	0.458961	-0.107937	245	40	29	0.006
2.617994	0.458961	-0.107937	240	45	33	0.006
2.879793	0.458961	-0.107937	257	48	33	0.006
-3.141593	1.599406	1.426070	278	35	46	0.006
-2.879793	1.599406	1.426070	280	37	41	0.006
-2.617994	1.599406	1.426070	267	48	57	0.006
-2.356194	1.599406	1.426070	276	38	40	0.006
-2.094395	1.599406	1.426070	270	29	60	0.006
-1.832596	1.599406	1.426070	270	39	57	0.006
-1.308997	1.599406	1.426070	269	39	52	0.006
-1.047198	1.599406	1.426070	272	39	57	0.006
-0.785398	1.599406	1.426070	266	307	39	0.006
-0.261799	1.599406	1.426070	242	308	40	0.006
0.523599	1.599406	1.426070	242	28	38	0.006
0.785398	1.599406	1.426070	241	23	42	0.006
1.047198	1.599406	1.426070	251	38	45	0.006
1.308997	1.599406	1.426070	256	35	58	0.006
2.356194	1.599406	1.426070	261	25	56	0.006
2.879793	1.599406	1.426070	259	37	57	0.006
-3.141593	1.554776	0.100351	246	50	44	0.006
-2.879793	1.554776	0.100351	246	33	41	0.006
-2.617994	1.554776	0.100351	267	44	33	0.006
-2.356194	1.554776	0.100351	252	44	43	0.006
-1.832596	1.554776	0.100351	277	39	46	0.006
-1.570796	1.554776	0.100351	274	25	53	0.006
-1.308997	1.554776	0.100351	281	50	47	0.006
-1.047198	1.554776	0.100351	277	39	50	0.006
-0.785398	1.554776	0.100351	276	39	50	0.006
0.000000	1.554776	0.100351	264	324	36	0.006
0.523599	1.554776	0.100351	271	312	40	0.006
0.785398	1.554776	0.100351	271	314	37	0.006
1.308997	1.554776	0.100351	245	313	34	0.006
1.570796	1.554776	0.100351	248	40	43	0.006
1.832596	1.554776	0.100351	245	307	46	0.006
2.356194	1.554776	0.100351	247	38	48	0.006
2.617994	1.554776	0.100351	247	32	48	0.006
-3.141593	0.618092	2.539118	280	43	31	0.006
-2.879793	0.618092	2.539118	281	50	34	0.006
-2.617994	0.618092	2.539118	268	32	19	0.006
-2.094395	0.618092	2.539118	283	308	29	0.006
-1.832596	0.618092	2.539118	279	313	33	0.006
-1.570796	0.618092	2.539118	273	309	37	0.006
-1.308997	0.618092	2.539118	270	309	30	0.006
-0.261799	0.618092	2.539118	259	309	33	0.006
0.261799	0.618092	2.539118	248	34	15	0.006
0.523599	0.618092	2.539118	242	38	33	0.006
0.785398	0.618092	2.539118	239	35	31	0.006
1.047198	0.618092	2.539118	246	44	34	0.006
1.308997	0.618092	2.539118	242	40	36	0.006
1.832596	0.618092	2.539118	266	50	18	0.006
2.094395	0.618092	2.539118	259	47	35	0.006
2.356194	0.618092	2.539118	269	49	37	0.006
2.617994	0.618092	2.539118	277	44	33	0.006
2.879793	0.618092	2.539118	273	42	33	0.006
-3.141593	1.846342	-1.796954	266	35	30	0.006
-2.879793	1.846342	-1.796954	257	45	31	0.006
-2.617994	1.846342	-1.796954	278	35	20	0.006
-2.356194	1.846342	-1.796954	272	40	21	0.006
-2.094395	1.846342	-1.796954	273	24	25	0.006
-1.832596	1.846342	-1.796954	268	38	33	0.006
-1.570796	1.846342	-1.796954	276	38	32	0.006
-1.047198	1.846342	-1.796954	283	39	35	0.006
0.785398	1.846342	-1.796954	250	39	17	0.006
1.047198	1.846342	-1.796954	254	334	34	0.006
1.570796	1.846342	-1.796954	249	35	14	0.006
1.832596	1.846342	-1.796954	252	47	17	0.006
2.094395	1.846342	-1.796954	255	56	14	0.006
2.356194	1.846342	-1.796954	255	39	17	0.006
2.617994	1.846342	-1.796954	256	34	21	0.006
2.879793	1.846342	-1.796954	265	44	15	0.006
-3.141593	0.615174	-0.666022	250	39	30	0.006
-2.356194	0.615174	-0.666022	271	40	31	0.006
-1.832596	0.615174	-0.666022	278	38	34	0.006
-1.570796	0.615174	-0.666022	259	44	24	0.006
-1.308997	0.615174	-0.666022	276	38	23	0.006
-1.047198	0.615174	-0.666022	274	50	20	0.006
-0.785398	0.615174	-0.666022	270	45	15	0.006
-0.523599	0.615174	-0.666022	278	69	32	0.006
0.261799	0.615174	-0.666022	270	69	32	0.006
0.785398	0.615174	-0.666022	265	313	31	0.006
1.047198	0.615174	-0.666022	269	313	26	0.006
1.832596	0.615174	-0.666022	255	48	29	0.006
2.094395	0.615174	-0.666022	250	309	29	0.006
2.356194	0.615174	-0.666022	257	312	30	0.006
2.617994	0.615174	-0.666022	243	34	32	0.006
-3.141593	2.393226	1.857173	280	331	50	0.006
-2.094395	2.393226	1.857173	264	314	55	0.006
-1.047198	2.393226	1.857173	260	309	55	0.006
-0.523599	2.393226	1.857173	251	39	53	0.006
-0.261799	2.393226	1.857173	253	39	55	0.006
0.000000	2.393226	1.857173	254	49	50	0.006
0.261799	2.393226	1.857173	247	29	51	0.006
1.047198	2.393226	1.857173	268	39	54	0.006
1.308997	2.393226	1.857173	265	39	51	0.006
1.832596	2.393226	1.857173	277	38	54	0.006
2.617994	2.393226	1.857173	268	39	53	0.006
2.879793	2.393226	1.857173	277	39	54	0.006
-3.141593	1.569311	-3.003978	283	24	28	0.006
-2.356194	1.569311	-3.003978	282	29	30	0.006
-2.094395	1.569311	-3.003978	270	40	35	0.006
0.000000	1.569311	-3.003978	257	308	23	0.006
0.261799	1.569311	-3.003978	260	306	33	0.006
0.523599	1.569311	-3.003978	245	35	24	0.006
1.047198	1.569311	-3.003978	244	34	37	0.006
1.308997	1.569311	-3.003978	251	59	24	0.006
1.832596	1.569311	-3.003978	255	38	30	0.006
2.879793	1.569311	-3.003978	275	34	32	0.006
-3.141593	0.419640	2.974122	266	39	19	0.006
-2.617994	0.419640	2.974122	276	315	24	0.006
-2.356194	0.419640	2.974122	278	332	24	0.006
-1.832596	0.419640	2.974122	274	312	26	0.006
-1.570796	0.419640	2.974122	265	310	26	0.006
-1.308997	0.419640	2.974122	268	313	27	0.006
-1.047198	0.419640	2.974122	241	40	19	0.006
-0.785398	0.419640	2.974122	253	309	24	0.006
-0.523599	0.419640	2.974122	251	39	22	0.006
-0.261799	0.419640	2.974122	244	39	23	0.006
0.000000	0.419640	2.974122	240	308	28	0.006
0.785398	0.419640	2.974122	243	49	30	0.006
1.308997	0.419640	2.974122	253	40	28	0.006
1.570796	0.419640	2.974122	257	37	24	0.006
1.832596	0.419640	2.974122	261	40	19	0.006
2.356194	0.419640	2.974122	280	58	28	0.006
2.617994	0.419640	2.974122	275	50	21	0.006
2.879793	0.419640	2.974122	277	39	26	0.006
-2.356194	1.134796	2.434290	263	38	28	0.006
-2.094395	1.134796	2.434290	274	40	29	0.006
-1.308997	1.134796	2.434290	269	79	40	0.006
-0.523599	1.134796	2.434290	257	306	22	0.006
0.523599	1.134796	2.434290	235	38	33	0.006
0.785398	1.134796	2.434290	240	34	39	0.006
1.308997	1.134796	2.434290	246	50	45	0.006
1.570796	1.134796	2.434290	250	31	35	0.006
1.832596	1.134796	2.434290	255	46	18	0.006
2.094395	1.134796	2.434290	256	44	43	0.006
2.879793	1.134796	2.434290	258	40	24	0.006
-3.141593	1.574060	2.783565	280	40	37	0.006
-2.617994	1.574060	2.783565	281	316	29	0.006
-2.356194	1.574060	2.783565	277	35	31	0.006
-2.094395	1.574060	2.783565	281	40	28	0.006
-1.832596	1.574060	2.783565	279	313	39	0.006
0.523599	1.574060	2.783565	247	39	33	0.006
0.785398	1.574060	2.783565	246	49	37	0.006
1.308997	1.574060	2.783565	254	45	43	0.006
1.570796	1.574060	2.783565	244	35	29	0.006
1.832596	1.574060	2.783565	254	45	32	0.006
2.094395	1.574060	2.783565	254	46	24	0.006
2.356194	1.574060	2.783565	269	60	29	0.006
2.879793	1.574060	2.783565	288	33	42	0.006
-3.141593	2.587733	0.232235	253	39	47	0.006
-2.617994	2.587733	0.232235	257	38	52	0.006
-2.094395	2.587733	0.232235	248	34	52	0.006
-1.570796	2.587733	0.232235	260	38	54	0.006
-1.308997	2.587733	0.232235	259	60	50	0.006
-0.523599	2.587733	0.232235	257	49	51	0.006
0.261799	2.587733	0.232235	261	37	55	0.006
0.785398	2.587733	0.232235	272	39	54	0.006
1.047198	2.587733	0.232235	271	37	55	0.006
1.570796	2.587733	0.232235	263	308	40	0.006
2.094395	2.587733	0.232235	257	314	48	0.006
-2.879793	1.413430	2.550734	281	33	43	0.006
-2.617994	1.413430	2.550734	280	40	28	0.006
-2.094395	1.413430	2.550734	281	308	36	0.006
-1.832596	1.413430	2.550734	277	327	28	0.006
0.261799	1.413430	2.550734	263	323	31	0.006
0.523599	1.413430	2.550734	241	23	43	0.006
0.785398	1.413430	2.550734	245	24	26	0.006
1.047198	1.413430	2.550734	243	38	45	0.006
1.308997	1.413430	2.550734	252	60	43	0.006
1.832596	1.413430	2.550734	252	54	32	0.006
2.094395	1.413430	2.550734	263	50	30	0.006
2.356194	1.413430	2.550734	257	45	27	0.006
2.879793	1.413430	2.550734	280	33	36	0.006
-3.141593	1.417623	-0.202254	255	50	37	0.006
-2.617994	1.417623	-0.202254	266	38	39	0.006
-2.356194	1.417623	-0.202254	263	34	36	0.006
-2.094395	1.417623	-0.202254	269	34	54	0.006
-1.570796	1.417623	-0.202254	272	50	39	0.006
-1.047198	1.417623	-0.202254	280	47	41	0.006
-0.785398	1.417623	-0.202254	285	40	39	0.006
-0.261799	1.417623	-0.202254	281	309	46	0.006
1.570796	1.417623	-0.202254	254	308	44	0.006
1.832596	1.417623	-0.202254	251	49	34	0.006
2.094395	1.417623	-0.202254	257	48	38	0.006
2.356194	1.417623	-0.202254	242	39	50	0.006
2.879793	1.417623	-0.202254	256	49	46	0.006
-3.141593	0.850607	-1.335383	254	59	27	0.006
-2.879793	0.850607	-1.335383	250	48	28	0.006
-2.617994	0.850607	-1.335383	260	37	28	0.006
-2.094395	0.850607	-1.335383	269	40	29	0.006
-1.832596	0.850607	-1.335383	267	48	30	0.006
-1.308997	0.850607	-1.335383	281	42	30	0.006
-1.047198	0.850607	-1.335383	277	39	30	0.006
-0.785398	0.850607	-1.335383	279	35	24	0.006
-0.523599	0.850607	-1.335383	274	39	19	0.006
-0.261799	0.850607	-1.335383	272	52	22	0.006
0.000000	0.850607	-1.335383	271	40	18	0.006
0.261799	0.850607	-1.335383	270	35	13	0.006
1.308997	0.850607	-1.335383	263	311	27	0.006
1.832596	0.850607	-1.335383	250	308	29	0.006
2.094395	0.850607	-1.335383	272	306	19	0.006
2.356194	0.850607	-1.335383	248	49	29	0.006
2.617994	0.850607	-1.335383	249	55	28	0.006
-3.141593	0.370812	-2.547742	274	69	17	0.006
-2.356194	0.370812	-2.547742	267	70	23	0.006
-1.832596	0.370812	-2.547742	254	333	22	0.006
-1.570796	0.370812	-2.547742	265	309	16	0.006
-1.308997	0.370812	-2.547742	247	38	22	0.006
-1.047198	0.370812	-2.547742	257	49	15	0.006
-0.785398	0.370812	-2.547742	251	34	13	0.006
-0.523599	0.370812	-2.547742	249	39	24	0.006
0.261799	0.370812	-2.547742	273	39	23	0.006
1.308997	0.370812	-2.547742	258	49	25	0.006
1.570796	0.370812	-2.547742	272	44	28	0.006
1.832596	0.370812	-2.547742	263	30	22	0.006
2.094395	0.370812	-2.547742	277	49	25	0.006
2.356194	0.370812	-2.547742	270	68	25	0.006
2.617994	0.370812	-2.547742	266	308	13	0.006
2.879793	0.370812	-2.547742	278	306	23	0.006
-3.141593	0.640596	-2.797608	261	38	17	0.006
-2.879793	0.640596	-2.797608	288	316	26	0.006
-2.356194	0.640596	-2.797608	278	319	29	0.006
-1.832596	0.640596	-2.797608	263	314	23	0.006
-0.785398	0.640596	-2.797608	251	40	14	0.006
-0.523599	0.640596	-2.797608	242	66	19	0.006
-0.261799	0.640596	-2.797608	246	29	23	0.006
0.261799	0.640596	-2.797608	247	29	22	0.006
1.047198	0.640596	-2.797608	256	48	30	0.006
1.570796	0.640596	-2.797608	265	40	24	0.006
1.832596	0.640596	-2.797608	270	34	22	0.006
2.094395	0.640596	-2.797608	269	44	27	0.006
2.356194	0.640596	-2.797608	274	46	27	0.006
2.617994	0.640596	-2.797608	266	37	25	0.006
2.879793	0.640596	-2.797608	277	307	26	0.006
-2.879793	2.979456	-1.009304	254	50	51	0.006
-2.617994	2.979456	-1.009304	257	29	49	0.006
-2.356194	2.979456	-1.009304	263	38	49	0.006
-2.094395	2.979456	-1.009304	255	37	51	0.006
-1.832596	2.979456	-1.009304	258	42	49	0.006
-1.308997	2.979456	-1.009304	264	39	50	0.006
-0.785398	2.979456	-1.009304	265	35	50	0.006
-0.523599	2.979456	-1.009304	271	38	51	0.006
-0.261799	2.979456	-1.009304	267	38	51	0.006
0.261799	2.979456	-1.009304	275	312	46	0.006
0.523599	2.979456	-1.009304	265	44	47	0.006
0.785398	2.979456	-1.009304	269	308	51	0.006
1.308997	2.979456	-1.009304	251	78	41	0.006
1.570796	2.979456	-1.009304	245	311	36	0.006
1.832596	2.979456	-1.009304	260	306	45	0.006
2.094395	2.979456	-1.009304	240	78	42	0.006
2.356194	2.979456	-1.009304	243	45	42	0.006
2.617994	2.979456	-1.009304	247	47	45	0.006
2.879793	2.979456	-1.009304	249	39	49	0.006
-3.141593	0.831641	0.616218	238	33	33	0.006
-2.879793	0.831641	0.616218	274	34	37	0.006
-2.617994	0.831641	0.616218	284	39	46	0.006
-2.356194	0.831641	0.616218	275	37	40	0.006
-2.094395	0.831641	0.616218	283	34	43	0.006
-1.832596	0.831641	0.616218	280	33	41	0.006
-1.570796	0.831641	0.616218	278	45	35	0.006
-1.308997	0.831641	0.616218	281	37	34	0.006
-0.523599	0.831641	0.616218	271	312	41	0.006
0.523599	0.831641	0.616218	261	306	41	0.006
0.785398	0.831641	0.616218	258	312	41	0.006
1.047198	0.831641	0.616218	252	314	43	0.006
1.308997	0.831641	0.616218	248	314	43	0.006
1.832596	0.831641	0.616218	243	38	38	0.006
2.094395	0.831641	0.616218	237	39	45	0.006
2.617994	0.831641	0.616218	242	38	41	0.006
2.879793	0.831641	0.616218	246	34	42	0.006
-3.141593	2.343981	-1.040456	252	50	32	0.006
-2.617994	2.343981	-1.040456	267	34	47	0.006
-2.356194	2.343981	-1.040456	264	45	48	0.006
-2.094395	2.343981	-1.040456	269	44	37	0.006
-1.832596	2.343981	-1.040456	268	60	42	0.006
-1.570796	2.343981	-1.040456	267	52	46	0.006
-1.047198	2.343981	-1.040456	283	50	31	0.006
-0.785398	2.343981	-1.040456	276	40	49	0.006
-0.523599	2.343981	-1.040456	277	37	47	0.006
-0.261799	2.343981	-1.040456	280	309	41	0.006
0.000000	2.343981	-1.040456	274	311	31	0.006
0.261799	2.343981	-1.040456	275	318	45	0.006
0.785398	2.343981	-1.040456	257	49	46	0.006
1.047198	2.343981	-1.040456	262	314	43	0.006
1.308997	2.343981	-1.040456	258	39	44	0.006
1.832596	2.343981	-1.040456	259	40	50	0.006
2.094395	2.343981	-1.040456	241	26	32	0.006
2.356194	2.343981	-1.040456	239	35	31	0.006
2.879793	2.343981	-1.040456	250	39	45	0.006
-3.141593	1.998705	2.370472	275	29	51	0.006
-2.879793	1.998705	2.370472	281	27	47	0.006
-2.617994	1.998705	2.370472	270	27	53	0.006
-2.356194	1.998705	2.370472	279	318	38	0.006
-2.094395	1.998705	2.370472	269	38	46	0.006
-1.047198	1.998705	2.370472	263	313	38	0.006
-0.785398	1.998705	2.370472	267	309	32	0.006
0.000000	1.998705	2.370472	240	28	47	0.006
0.261799	1.998705	2.370472	249	28	46	0.006
0.785398	1.998705	2.370472	248	60	51	0.006
1.047198	1.998705	2.370472	251	39	58	0.006
1.308997	1.998705	2.370472	261	34	47	0.006
1.570796	1.998705	2.370472	262	49	51	0.006
1.832596	1.998705	2.370472	257	35	41	0.006
2.094395	1.998705	2.370472	266	34	47	0.006
2.356194	1.998705	2.370472	258	60	35	0.006
2.617994	1.998705	2.370472	263	44	31	0.006
2.879793	1.998705	2.370472	274	37	54	0.006
-3.141593	1.413347	-1.339188	258	39	13	0.006
-2.094395	1.413347	-1.339188	276	37	37	0.006
-1.832596	1.413347	-1.339188	275	35	41	0.006
-1.570796	1.413347	-1.339188	275	38	39	0.006
-1.308997	1.413347	-1.339188	278	47	36	0.006
-0.785398	1.413347	-1.339188	266	38	14	0.006
1.047198	1.413347	-1.339188	265	314	16	0.006
1.308997	1.413347	-1.339188	259	308	35	0.006
1.832596	1.413347	-1.339188	254	319	14	0.006
2.094395	1.413347	-1.339188	257	39	9	0.006
2.356194	1.413347	-1.339188	239	331	34	0.006
2.879793	1.413347	-1.339188	257	26	11	0.006
-2.617994	0.674054	1.013609	269	45	42	0.006
-2.356194	0.674054	1.013609	286	45	37	0.006
-1.832596	0.674054	1.013609	281	39	47	0.006
-1.047198	0.674054	1.013609	276	309	37	0.006
-0.785398	0.674054	1.013609	268	308	31	0.006
-0.523599	0.674054	1.013609	261	306	30	0.006
-0.261799	0.674054	1.013609	267	313	35	0.006
0.000000	0.674054	1.013609	270	309	40	0.006
0.261799	0.674054	1.013609	271	308	33	0.006
0.523599	0.674054	1.013609	261	308	30	0.006
0.785398	0.674054	1.013609	252	310	39	0.006
1.308997	0.674054	1.013609	237	39	38	0.006
1.570796	0.674054	1.013609	247	49	36	0.006
1.832596	0.674054	1.013609	238	37	43	0.006
2.094395	0.674054	1.013609	244	50	42	0.006
2.617994	0.674054	1.013609	245	33	44	0.006
2.879793	0.674054	1.013609	274	42	39	0.006
-2.879793	0.906588	1.252948	282	43	37	0.006
-2.356194	0.906588	1.252948	278	49	44	0.006
-2.094395	0.906588	1.252948	279	44	40	0.006
-1.832596	0.906588	1.252948	277	44	43	0.006
-1.570796	0.906588	1.252948	275	309	38	0.006
-1.308997	0.906588	1.252948	274	308	35	0.006
0.000000	0.906588	1.252948	273	308	49	0.006
0.785398	0.906588	1.252948	253	39	34	0.006
1.308997	0.906588	1.252948	244	39	34	0.006
1.570796	0.906588	1.252948	242	39	48	0.006
1.832596	0.906588	1.252948	243	27	48	0.006
2.094395	0.906588	1.252948	245	37	50	0.006
2.356194	0.906588	1.252948	244	32	47	0.006
2.617994	0.906588	1.252948	251	44	47	0.006
2.879793	0.906588	1.252948	267	49	26	0.006
-3.141593	1.335669	0.897240	264	32	44	0.006
-2.879793	1.335669	0.897240	265	33	56	0.006
-2.356194	1.335669	0.897240	272	35	54	0.006
-2.094395	1.335669	0.897240	267	39	49	0.006
-1.570796	1.335669	0.897240	274	48	51	0.006
-1.047198	1.335669	0.897240	270	309	47	0.006
0.523599	1.335669	0.897240	264	312	46	0.006
0.785398	1.335669	0.897240	260	306	40	0.006
1.570796	1.335669	0.897240	250	29	59	0.006
1.832596	1.335669	0.897240	250	39	53	0.006
2.356194	1.335669	0.897240	251	26	55	0.006
2.617994	1.335669	0.897240	255	38	50	0.006
2.879793	1.335669	0.897240	249	37	50	0.006
-3.141593	1.870545	-2.976234	285	34	29	0.006
-2.879793	1.870545	-2.976234	282	30	32	0.006
-2.356194	1.870545	-2.976234	277	39	35	0.006
-2.094395	1.870545	-2.976234	271	40	41	0.006
-1.832596	1.870545	-2.976234	273	39	40	0.006
-1.308997	1.870545	-2.976234	263	312	38	0.006
0.000000	1.870545	-2.976234	261	305	36	0.006
0.523599	1.870545	-2.976234	242	40	26	0.006
0.785398	1.870545	-2.976234	251	27	37	0.006
1.047198	1.870545	-2.976234	251	29	37	0.006
1.308997	1.870545	-2.976234	251	30	38	0.006
1.570796	1.870545	-2.976234	251	38	30	0.006
1.832596	1.870545	-2.976234	247	39	37	0.006
2.094395	1.870545	-2.976234	254	39	39	0.006
2.356194	1.870545	-2.976234	255	39	36	0.006
-3.141593	2.164094	-2.991358	280	48	31	0.006
-2.879793	2.164094	-2.991358	280	23	43	0.006
-2.356194	2.164094	-2.991358	277	50	38	0.006
-1.570796	2.164094	-2.991358	285	312	28	0.006
-1.308997	2.164094	-2.991358	275	80	27	0.006
-1.047198	2.164094	-2.991358	264	312	38	0.006
-0.785398	2.164094	-2.991358	265	309	39	0.006
0.261799	2.164094	-2.991358	241	40	28	0.006
0.523599	2.164094	-2.991358	236	69	25	0.006
1.047198	2.164094	-2.991358	253	60	35	0.006
1.570796	2.164094	-2.991358	253	40	41	0.006
1.832596	2.164094	-2.991358	262	60	38	0.006
2.094395	2.164094	-2.991358	255	50	38	0.006
2.356194	2.164094	-2.991358	249	49	39	0.006
2.617994	2.164094	-2.991358	250	39	36	0.006
-3.141593	0.379747	-1.713059	259	44	23	0.006
-2.617994	0.379747	-1.713059	250	38	21	0.006
-2.356194	0.379747	-1.713059	260	50	26	0.006
-2.094395	0.379747	-1.713059	258	37	27	0.006
-1.570796	0.379747	-1.713059	251	23	26	0.006
-1.308997	0.379747	-1.713059	269	50	23	0.006
-0.261799	0.379747	-1.713059	264	42	22	0.006
0.000000	0.379747	-1.713059	264	39	24	0.006
0.261799	0.379747	-1.713059	275	49	19	0.006
0.523599	0.379747	-1.713059	280	48	20	0.006
1.047198	0.379747	-1.713059	267	45	20	0.006
1.308997	0.379747	-1.713059	267	308	26	0.006
1.570796	0.379747	-1.713059	274	331	23	0.006
1.832596	0.379747	-1.713059	259	70	22	0.006
2.879793	0.379747	-1.713059	256	37	18	0.006
-3.141593	2.187132	-0.479875	254	37	48	0.006
-2.879793	2.187132	-0.479875	268	39	45	0.006
-2.617994	2.187132	-0.479875	261	48	40	0.006
-2.356194	2.187132	-0.479875	251	34	52	0.006
-1.832596	2.187132	-0.479875	252	33	57	0.006
-1.570796	2.187132	-0.479875	264	39	50	0.006
-1.308997	2.187132	-0.479875	281	54	39	0.006
-1.047198	2.187132	-0.479875	274	39	45	0.006
-0.785398	2.187132	-0.479875	269	35	53	0.006
-0.523599	2.187132	-0.479875	271	38	53	0.006
-0.261799	2.187132	-0.479875	287	306	28	0.006
0.261799	2.187132	-0.479875	277	324	31	0.006
0.785398	2.187132	-0.479875	271	314	34	0.006
1.308997	2.187132	-0.479875	259	312	29	0.006
1.832596	2.187132	-0.479875	254	328	48	0.006
2.094395	2.187132	-0.479875	258	39	50	0.006
2.356194	2.187132	-0.479875	253	331	42	0.006
2.617994	2.187132	-0.479875	263	37	46	0.006
2.879793	2.187132	-0.479875	262	35	44	0.006
-3.141593	0.866955	-0.931351	249	48	29	0.006
-2.617994	0.866955	-0.931351	261	39	28	0.006
-2.094395	0.866955	-0.931351	271	39	33	0.006
-1.047198	0.866955	-0.931351	275	48	25	0.006
-0.785398	0.866955	-0.931351	276	45	21	0.006
-0.523599	0.866955	-0.931351	275	52	22	0.006
-0.261799	0.866955	-0.931351	285	72	23	0.006
0.000000	0.866955	-0.931351	280	39	21	0.006
0.261799	0.866955	-0.931351	271	312	31	0.006
0.785398	0.866955	-0.931351	264	308	35	0.006
1.047198	0.866955	-0.931351	268	310	27	0.006
1.308997	0.866955	-0.931351	255	312	27	0.006
1.832596	0.866955	-0.931351	253	308	22	0.006
2.094395	0.866955	-0.931351	247	39	27	0.006
2.356194	0.866955	-0.931351	251	80	25	0.006
2.617994	0.866955	-0.931351	249	38	33	0.006
-2.879793	2.299159	2.264663	274	38	47	0.006
-2.094395	2.299159	2.264663	270	314	48	0.006
-1.832596	2.299159	2.264663	261	312	47	0.006
-1.570796	2.299159	2.264663	264	312	46	0.006
-1.308997	2.299159	2.264663	266	309	38	0.006
-1.047198	2.299159	2.264663	270	308	42	0.006
-0.785398	2.299159	2.264663	248	39	47	0.006
-0.261799	2.299159	2.264663	254	309	43	0.006
0.000000	2.299159	2.264663	245	34	49	0.006
0.523599	2.299159	2.264663	246	33	47	0.006
1.047198	2.299159	2.264663	252	55	50	0.006
1.308997	2.299159	2.264663	264	32	54	0.006
1.570796	2.299159	2.264663	267	38	53	0.006
2.094395	2.299159	2.264663	268	38	44	0.006
2.356194	2.299159	2.264663	278	38	53	0.006
2.617994	2.299159	2.264663	273	25	48	0.006
-3.141593	1.812176	0.656819	251	37	51	0.006
-2.617994	1.812176	0.656819	268	37	55	0.006
-2.356194	1.812176	0.656819	268	29	59	0.006
-2.094395	1.812176	0.656819	260	59	55	0.006
-1.570796	1.812176	0.656819	264	37	51	0.006
-1.308997	1.812176	0.656819	262	35	56	0.006
-1.047198	1.812176	0.656819	266	50	61	0.006
-0.785398	1.812176	0.656819	281	40	50	0.006
-0.523599	1.812176	0.656819	272	325	49	0.006
-0.261799	1.812176	0.656819	277	50	56	0.006
0.261799	1.812176	0.656819	270	305	49	0.006
0.785398	1.812176	0.656819	273	313	47	0.006
1.047198	1.812176	0.656819	265	308	53	0.006
1.308997	1.812176	0.656819	255	35	57	0.006
1.570796	1.812176	0.656819	252	35	58	0.006
1.832596	1.812176	0.656819	251	38	55	0.006
2.094395	1.812176	0.656819	263	39	57	0.006
2.617994	1.812176	0.656819	257	35	54	0.006
2.879793	1.812176	0.656819	255	39	53	0.006
-3.141593	2.719179	-1.780644	247	37	42	0.006
-2.879793	2.719179	-1.780644	258	39	36	0.006
-2.617994	2.719179	-1.780644	263	48	39	0.006
-2.356194	2.719179	-1.780644	266	48	46	0.006
-2.094395	2.719179	-1.780644	262	46	46	0.006
-1.832596	2.719179	-1.780644	278	49	38	0.006
-1.308997	2.719179	-1.780644	274	49	45	0.006
-0.523599	2.719179	-1.780644	288	313	39	0.006
0.000000	2.719179	-1.780644	273	308	40	0.006
0.523599	2.719179	-1.780644	265	308	39	0.006
1.570796	2.719179	-1.780644	249	320	46	0.006
1.832596	2.719179	-1.780644	247	322	46	0.006
2.094395	2.719179	-1.780644	239	307	40	0.006
2.356194	2.719179	-1.780644	244	29	45	0.006
2.617994	2.719179	-1.780644	259	29	47	0.006
2.879793	2.719179	-1.780644	255	39	48	0.006
-3.141593	2.396274	-1.959260	256	39	40	0.006
-2.879793	2.396274	-1.959260	260	38	43	0.006
-2.617994	2.396274	-1.959260	257	39	43	0.006
-2.356194	2.396274	-1.959260	264	39	43	0.006
-2.094395	2.396274	-1.959260	266	42	33	0.006
-1.570796	2.396274	-1.959260	274	28	43	0.006
-1.308997	2.396274	-1.959260	283	35	40	0.006
-1.047198	2.396274	-1.959260	272	39	42	0.006
-0.785398	2.396274	-1.959260	278	65	34	0.006
-0.523599	2.396274	-1.959260	280	312	34	0.006
0.261799	2.396274	-1.959260	261	309	40	0.006
0.523599	2.396274	-1.959260	246	314	23	0.006
1.047198	2.396274	-1.959260	242	70	24	0.006
1.832596	2.396274	-1.959260	248	68	39	0.006
2.356194	2.396274	-1.959260	250	40	38	0.006
2.879793	2.396274	-1.959260	259	44	40	0.006
-3.141593	0.866395	-2.492918	256	38	16	0.006
-2.879793	0.866395	-2.492918	277	315	14	0.006
-2.356194	0.866395	-2.492918	268	39	25	0.006
-2.094395	0.866395	-2.492918	261	39	17	0.006
-1.832596	0.866395	-2.492918	265	38	20	0.006
-1.570796	0.866395	-2.492918	265	49	17	0.006
-1.308997	0.866395	-2.492918	263	39	16	0.006
-1.047198	0.866395	-2.492918	261	43	11	0.006
-0.785398	0.866395	-2.492918	263	49	10	0.006
-0.523599	0.866395	-2.492918	263	49	16	0.006
-0.261799	0.866395	-2.492918	269	49	20	0.006
0.000000	0.866395	-2.492918	251	29	22	0.006
0.261799	0.866395	-2.492918	246	48	19	0.006
0.523599	0.866395	-2.492918	258	29	26	0.006
0.785398	0.866395	-2.492918	256	39	23	0.006
1.308997	0.866395	-2.492918	253	25	23	0.006
1.570796	0.866395	-2.492918	258	29	26	0.006
1.832596	0.866395	-2.492918	277	40	18	0.006
2.356194	0.866395	-2.492918	268	39	23	0.006
2.617994	0.866395	-2.492918	277	45	18	0.006
2.879793	0.866395	-2.492918	254	327	16	0.006
-3.141593	1.617114	-1.572037	252	39	31	0.006
-2.617994	1.617114	-1.572037	266	37	17	0.006
-2.094395	1.617114	-1.572037	272	40	31	0.006
-1.832596	1.617114	-1.572037	275	39	37	0.006
-1.570796	1.617114	-1.572037	274	36	37	0.006
-1.308997	1.617114	-1.572037	277	42	34	0.006
-1.047198	1.617114	-1.572037	279	38	34	0.006
-0.785398	1.617114	-1.572037	273	334	13	0.006
0.261799	1.617114	-1.572037	254	318	15	0.006
0.785398	1.617114	-1.572037	267	80	17	0.006
1.047198	1.617114	-1.572037	254	308	34	0.006
1.308997	1.617114	-1.572037	259	308	15	0.006
1.832596	1.617114	-1.572037	252	49	8	0.006
2.094395	1.617114	-1.572037	257	39	7	0.006
2.356194	1.617114	-1.572037	254	50	13	0.006
2.879793	1.617114	-1.572037	246	33	31	0.006
-3.141593	0.864993	2.278281	269	39	26	0.006
-2.617994	0.864993	2.278281	284	49	43	0.006
-2.356194	0.864993	2.278281	286	29	40	0.006
-2.094395	0.864993	2.278281	285	319	38	0.006
-1.832596	0.864993	2.278281	286	310	42	0.006
-1.308997	0.864993	2.278281	259	306	22	0.006
-1.047198	0.864993	2.278281	268	314	38	0.006
-0.523599	0.864993	2.278281	263	329	21	0.006
0.261799	0.864993	2.278281	258	308	22	0.006
0.785398	0.864993	2.278281	236	29	43	0.006
1.832596	0.864993	2.278281	264	48	18	0.006
2.094395	0.864993	2.278281	256	44	32	0.006
-3.141593	1.014500	0.906702	269	43	41	0.006
-2.356194	1.014500	0.906702	272	33	49	0.006
-2.094395	1.014500	0.906702	281	49	49	0.006
-1.832596	1.014500	0.906702	274	50	51	0.006
-1.570796	1.014500	0.906702	282	40	51	0.006
-1.308997	1.014500	0.906702	277	313	40	0.006
-0.785398	1.014500	0.906702	272	309	35	0.006
0.523599	1.014500	0.906702	266	80	39	0.006
0.785398	1.014500	0.906702	255	79	44	0.006
1.047198	1.014500	0.906702	250	308	44	0.006
1.308997	1.014500	0.906702	245	37	41	0.006
1.832596	1.014500	0.906702	240	45	39	0.006
2.094395	1.014500	0.906702	244	29	42	0.006
2.356194	1.014500	0.906702	247	29	46	0.006
2.617994	1.014500	0.906702	248	38	50	0.006
-3.141593	2.247462	0.191623	256	29	48	0.006
-2.879793	2.247462	0.191623	262	39	54	0.006
-2.617994	2.247462	0.191623	263	33	51	0.006
-2.356194	2.247462	0.191623	254	39	56	0.006
-2.094395	2.247462	0.191623	261	37	57	0.006
-1.832596	2.247462	0.191623	258	29	55	0.006
-1.570796	2.247462	0.191623	261	39	55	0.006
-1.308997	2.247462	0.191623	267	25	53	0.006
-1.047198	2.247462	0.191623	260	29	57	0.006
-0.785398	2.247462	0.191623	264	33	50	0.006
-0.523599	2.247462	0.191623	264	28	56	0.006
-0.261799	2.247462	0.191623	280	39	44	0.006
0.000000	2.247462	0.191623	266	39	52	0.006
0.261799	2.247462	0.191623	262	29	54	0.006
0.523599	2.247462	0.191623	279	78	42	0.006
0.785398	2.247462	0.191623	277	306	47	0.006
1.308997	2.247462	0.191623	249	39	43	0.006
1.570796	2.247462	0.191623	261	64	55	0.006
2.356194	2.247462	0.191623	259	46	42	0.006
2.617994	2.247462	0.191623	246	29	49	0.006
2.879793	2.247462	0.191623	253	62	48	0.006
-2.879793	2.724429	-0.348782	252	38	49	0.006
-2.617994	2.724429	-0.348782	249	50	48	0.006
-2.356194	2.724429	-0.348782	250	40	49	0.006
-1.832596	2.724429	-0.348782	247	39	52	0.006
-1.308997	2.724429	-0.348782	263	39	48	0.006
-1.047198	2.724429	-0.348782	259	23	55	0.006
-0.785398	2.724429	-0.348782	260	40	51	0.006
-0.523599	2.724429	-0.348782	265	40	49	0.006
0.261799	2.724429	-0.348782	274	39	50	0.006
0.523599	2.724429	-0.348782	274	306	45	0.006
0.785398	2.724429	-0.348782	279	327	48	0.006
1.570796	2.724429	-0.348782	277	306	51	0.006
1.832596	2.724429	-0.348782	262	309	43	0.006
2.094395	2.724429	-0.348782	249	313	48	0.006
2.617994	2.724429	-0.348782	262	39	46	0.006
-2.879793	1.194549	-0.801900	246	27	17	0.006
-2.617994	1.194549	-0.801900	252	327	9	0.006
-2.356194	1.194549	-0.801900	275	35	34	0.006
-2.094395	1.194549	-0.801900	269	38	37	0.006
-1.570796	1.194549	-0.801900	275	39	34	0.006
-1.308997	1.194549	-0.801900	267	39	20	0.006
-1.047198	1.194549	-0.801900	273	50	26	0.006
-0.785398	1.194549	-0.801900	277	44	21	0.006
-0.523599	1.194549	-0.801900	282	50	22	0.006
-0.261799	1.194549	-0.801900	277	39	23	0.006
0.785398	1.194549	-0.801900	269	313	24	0.006
1.047198	1.194549	-0.801900	266	314	29	0.006
1.308997	1.194549	-0.801900	248	305	32	0.006
1.570796	1.194549	-0.801900	252	44	34	0.006
1.832596	1.194549	-0.801900	257	308	14	0.006
2.356194	1.194549	-0.801900	249	35	34	0.006
2.617994	1.194549	-0.801900	245	23	34	0.006
2.879793	1.194549	-0.801900	246	39	35	0.006
-3.141593	1.504028	0.636812	250	37	49	0.006
-2.879793	1.504028	0.636812	262	33	41	0.006
-2.617994	1.504028	0.636812	276	38	33	0.006
-2.356194	1.504028	0.636812	276	39	56	0.006
-1.832596	1.504028	0.636812	267	49	50	0.006
-1.570796	1.504028	0.636812	275	35	44	0.006
-1.308997	1.504028	0.636812	278	50	54	0.006
-1.047198	1.504028	0.636812	272	308	53	0.006
0.261799	1.504028	0.636812	277	306	53	0.006
0.523599	1.504028	0.636812	273	309	51	0.006
1.047198	1.504028	0.636812	265	310	56	0.006
1.308997	1.504028	0.636812	250	38	52	0.006
1.570796	1.504028	0.636812	251	35	56	0.006
1.832596	1.504028	0.636812	247	307	48	0.006
2.094395	1.504028	0.636812	248	49	54	0.006
2.617994	1.504028	0.636812	250	39	53	0.006
2.879793	1.504028	0.636812	243	39	45	0.006
-3.141593	1.741644	-2.695914	285	25	33	0.006
-2.356194	1.741644	-2.695914	278	27	32	0.006
-2.094395	1.741644	-2.695914	284	323	20	0.006
-1.832596	1.741644	-2.695914	276	33	37	0.006
-1.308997	1.741644	-2.695914	269	70	31	0.006
-1.047198	1.741644	-2.695914	268	313	30	0.006
0.785398	1.741644	-2.695914	244	35	24	0.006
1.047198	1.741644	-2.695914	253	30	37	0.006
1.308997	1.741644	-2.695914	244	37	33	0.006
1.570796	1.741644	-2.695914	253	29	33	0.006
1.832596	1.741644	-2.695914	248	38	29	0.006
2.094395	1.741644	-2.695914	262	49	20	0.006
2.356194	1.741644	-2.695914	256	38	28	0.006
2.879793	1.741644	-2.695914	271	35	19	0.006
-2.879793	2.174483	2.653697	274	39	42	0.006
-2.094395	2.174483	2.653697	273	39	47	0.006
-1.570796	2.174483	2.653697	272	314	40	0.006
-1.308997	2.174483	2.653697	257	307	46	0.006
-0.785398	2.174483	2.653697	256	306	42	0.006
-0.523599	2.174483	2.653697	267	311	37	0.006
-0.261799	2.174483	2.653697	254	314	37	0.006
0.000000	2.174483	2.653697	251	307	41	0.006
0.261799	2.174483	2.653697	252	59	46	0.006
1.047198	2.174483	2.653697	249	48	48	0.006
1.308997	2.174483	2.653697	250	48	47	0.006
1.832596	2.174483	2.653697	264	60	44	0.006
2.094395	2.174483	2.653697	254	40	38	0.006
2.879793	2.174483	2.653697	281	35	45	0.006
-3.141593	2.664082	-1.071402	241	28	49	0.006
-2.879793	2.664082	-1.071402	264	40	48	0.006
-2.617994	2.664082	-1.071402	255	38	49	0.006
-2.356194	2.664082	-1.071402	259	48	49	0.006
-2.094395	2.664082	-1.071402	260	48	47	0.006
-1.832596	2.664082	-1.071402	263	49	50	0.006
-1.570796	2.664082	-1.071402	265	36	50	0.006
-1.308997	2.664082	-1.071402	265	40	49	0.006
-1.047198	2.664082	-1.071402	272	37	51	0.006
-0.785398	2.664082	-1.071402	264	38	49	0.006
-0.523599	2.664082	-1.071402	254	40	48	0.006
-0.261799	2.664082	-1.071402	279	49	47	0.006
0.000000	2.664082	-1.071402	271	66	47	0.006
0.785398	2.664082	-1.071402	265	50	42	0.006
1.047198	2.664082	-1.071402	266	45	42	0.006
1.570796	2.664082	-1.071402	259	308	52	0.006
2.094395	2.664082	-1.071402	240	33	33	0.006
2.356194	2.664082	-1.071402	237	35	27	0.006
2.617994	2.664082	-1.071402	236	45	37	0.006
2.879793	2.664082	-1.071402	259	39	48	0.006
-2.356194	2.579248	-2.364801	267	33	44	0.006
-2.094395	2.579248	-2.364801	285	34	37	0.006
-1.832596	2.579248	-2.364801	269	35	46	0.006
-1.570796	2.579248	-2.364801	286	310	40	0.006
-1.308997	2.579248	-2.364801	265	37	45	0.006
-1.047198	2.579248	-2.364801	270	308	39	0.006
-0.785398	2.579248	-2.364801	274	313	34	0.006
-0.261799	2.579248	-2.364801	265	314	32	0.006
0.000000	2.579248	-2.364801	270	78	41	0.006
0.261799	2.579248	-2.364801	263	308	35	0.006
0.785398	2.579248	-2.364801	262	312	39	0.006
1.047198	2.579248	-2.364801	249	313	33	0.006
1.308997	2.579248	-2.364801	247	48	39	0.006
1.832596	2.579248	-2.364801	246	39	39	0.006
2.094395	2.579248	-2.364801	258	29	40	0.006
2.356194	2.579248	-2.364801	252	49	45	0.006
-3.141593	0.899350	-2.069907	256	38	19	0.006
-2.356194	0.899350	-2.069907	261	33	21	0.006
-2.094395	0.899350	-2.069907	269	35	27	0.006
-1.832596	0.899350	-2.069907	257	59	19	0.006
-1.570796	0.899350	-2.069907	264	37	21	0.006
-1.308997	0.899350	-2.069907	275	40	22	0.006
-1.047198	0.899350	-2.069907	265	317	19	0.006
0.000000	0.899350	-2.069907	264	27	16	0.006
0.261799	0.899350	-2.069907	265	30	20	0.006
0.523599	0.899350	-2.069907	266	45	19	0.006
0.785398	0.899350	-2.069907	258	30	24	0.006
1.308997	0.899350	-2.069907	268	39	12	0.006
1.570796	0.899350	-2.069907	259	49	23	0.006
2.094395	0.899350	-2.069907	259	37	24	0.006
2.617994	0.899350	-2.069907	264	317	14	0.006
-3.141593	2.984978	1.954446	260	33	42	0.006
-2.879793	2.984978	1.954446	270	65	49	0.006
-2.356194	2.984978	1.954446	269	308	48	0.006
-1.570796	2.984978	1.954446	256	310	50	0.006
-0.785398	2.984978	1.954446	246	39	46	0.006
-0.523599	2.984978	1.954446	249	73	47	0.006
-0.261799	2.984978	1.954446	252	48	53	0.006
0.000000	2.984978	1.954446	246	25	52	0.006
0.785398	2.984978	1.954446	273	48	51	0.006
1.047198	2.984978	1.954446	258	39	49	0.006
1.570796	2.984978	1.954446	275	39	52	0.006
2.356194	2.984978	1.954446	281	39	52	0.006
2.617994	2.984978	1.954446	273	39	51	0.006
2.879793	2.984978	1.954446	267	35	50	0.006
-3.141593	1.766067	2.153843	273	35	56	0.006
-2.879793	1.766067	2.153843	275	40	35	0.006
-2.617994	1.766067	2.153843	276	24	37	0.006
-2.356194	1.766067	2.153843	278	33	31	0.006
-2.094395	1.766067	2.153843	280	316	36	0.006
-1.832596	1.766067	2.153843	273	39	40	0.006
-1.570796	1.766067	2.153843	270	306	56	0.006
-0.523599	1.766067	2.153843	265	308	26	0.006
-0.261799	1.766067	2.153843	253	334	52	0.006
0.523599	1.766067	2.153843	250	48	53	0.006
0.785398	1.766067	2.153843	249	50	53	0.006
1.308997	1.766067	2.153843	260	40	54	0.006
1.570796	1.766067	2.153843	259	49	57	0.006
1.832596	1.766067	2.153843	267	44	55	0.006
2.094395	1.766067	2.153843	268	38	56	0.006
2.356194	1.766067	2.153843	274	44	52	0.006
2.617994	1.766067	2.153843	261	45	34	0.006
2.879793	1.766067	2.153843	279	49	52	0.006
-3.141593	1.809167	1.213774	267	23	51	0.006
-2.879793	1.809167	1.213774	261	23	61	0.006
-2.617994	1.809167	1.213774	259	34	56	0.006
-2.356194	1.809167	1.213774	262	40	64	0.006
-2.094395	1.809167	1.213774	268	60	52	0.006
-1.832596	1.809167	1.213774	266	45	60	0.006
-1.570796	1.809167	1.213774	271	48	54	0.006
-1.047198	1.809167	1.213774	268	310	46	0.006
0.000000	1.809167	1.213774	267	40	54	0.006
0.261799	1.809167	1.213774	266	27	57	0.006
0.523599	1.809167	1.213774	265	40	57	0.006
0.785398	1.809167	1.213774	250	29	45	0.006
1.047198	1.809167	1.213774	263	38	58	0.006
1.308997	1.809167	1.213774	262	37	53	0.006
1.570796	1.809167	1.213774	258	37	55	0.006
1.832596	1.809167	1.213774	263	48	58	0.006
2.356194	1.809167	1.213774	262	29	57	0.006
2.617994	1.809167	1.213774	264	38	58	0.006
-3.141593	1.135834	-1.431087	258	39	22	0.006
-2.879793	1.135834	-1.431087	261	39	22	0.006
-2.356194	1.135834	-1.431087	264	50	29	0.006
-2.094395	1.135834	-1.431087	272	45	32	0.006
-1.832596	1.135834	-1.431087	269	40	27	0.006
-1.570796	1.135834	-1.431087	275	44	27	0.006
-1.047198	1.135834	-1.431087	277	39	31	0.006
-0.785398	1.135834	-1.431087	278	35	26	0.006
-0.523599	1.135834	-1.431087	271	39	16	0.006
-0.261799	1.135834	-1.431087	270	39	8	0.006
0.000000	1.135834	-1.431087	272	39	6	0.006
0.523599	1.135834	-1.431087	274	308	20	0.006
0.785398	1.135834	-1.431087	267	40	17	0.006
1.047198	1.135834	-1.431087	262	312	25	0.006
1.308997	1.135834	-1.431087	258	314	26	0.006
1.570796	1.135834	-1.431087	251	305	28	0.006
1.832596	1.135834	-1.431087	248	39	29	0.006
2.094395	1.135834	-1.431087	246	313	26	0.006
2.356194	1.135834	-1.431087	261	39	13	0.006
2.617994	1.135834	-1.431087	248	39	21	0.006
2.879793	1.135834	-1.431087	254	39	34	0.006
-3.141593	1.909857	-0.381669	237	40	33	0.006
-2.617994	1.909857	-0.381669	255	34	49	0.006
-2.356194	1.909857	-0.381669	262	35	51	0.006
-2.094395	1.909857	-0.381669	267	35	42	0.006
-1.570796	1.909857	-0.381669	262	34	56	0.006
-0.785398	1.909857	-0.381669	272	38	49	0.006
0.523599	1.909857	-0.381669	279	70	32	0.006
1.047198	1.909857	-0.381669	257	314	47	0.006
1.832596	1.909857	-0.381669	248	312	48	0.006
2.094395	1.909857	-0.381669	243	49	44	0.006
2.617994	1.909857	-0.381669	240	39	31	0.006
2.879793	1.909857	-0.381669	258	39	50	0.006
-3.141593	1.195355	1.200319	281	35	41	0.006
-2.879793	1.195355	1.200319	262	34	52	0.006
-2.617994	1.195355	1.200319	263	33	58	0.006
-2.356194	1.195355	1.200319	284	40	41	0.006
-2.094395	1.195355	1.200319	277	39	53	0.006
-1.832596	1.195355	1.200319	276	35	51	0.006
-1.570796	1.195355	1.200319	280	39	53	0.006
-1.308997	1.195355	1.200319	272	308	38	0.006
-1.047198	1.195355	1.200319	268	308	35	0.006
-0.785398	1.195355	1.200319	267	314	42	0.006
-0.261799	1.195355	1.200319	260	308	43	0.006
1.047198	1.195355	1.200319	250	311	46	0.006
1.570796	1.195355	1.200319	245	37	52	0.006
2.094395	1.195355	1.200319	254	39	49	0.006
2.356194	1.195355	1.200319	249	23	47	0.006
2.617994	1.195355	1.200319	267	43	42	0.006
2.879793	1.195355	1.200319	256	34	56	0.006
-3.141593	1.310100	1.488307	275	35	54	0.006
-2.879793	1.310100	1.488307	264	37	56	0.006
-2.617994	1.310100	1.488307	274	40	53	0.006
-2.356194	1.310100	1.488307	273	40	55	0.006
-2.094395	1.310100	1.488307	278	28	49	0.006
-1.047198	1.310100	1.488307	270	318	54	0.006
-0.785398	1.310100	1.488307	267	314	32	0.006
0.261799	1.310100	1.488307	254	78	31	0.006
0.785398	1.310100	1.488307	247	39	38	0.006
1.308997	1.310100	1.488307	254	39	56	0.006
1.570796	1.310100	1.488307	250	25	58	0.006
1.832596	1.310100	1.488307	252	30	55	0.006
2.356194	1.310100	1.488307	254	49	56	0.006
2.617994	1.310100	1.488307	258	50	52	0.006
2.879793	1.310100	1.488307	259	34	57	0.006
-3.141593	2.153910	-1.714959	255	50	24	0.006
-2.879793	2.153910	-1.714959	259	49	34	0.006
-2.617994	2.153910	-1.714959	262	50	42	0.006
-2.356194	2.153910	-1.714959	258	50	41	0.006
-1.832596	2.153910	-1.714959	274	45	39	0.006
-1.570796	2.153910	-1.714959	276	38	40	0.006
-1.047198	2.153910	-1.714959	277	34	31	0.006
-0.523599	2.153910	-1.714959	272	306	22	0.006
0.000000	2.153910	-1.714959	274	307	28	0.006
0.523599	2.153910	-1.714959	263	313	37	0.006
1.047198	2.153910	-1.714959	260	307	35	0.006
1.570796	2.153910	-1.714959	252	313	34	0.006
1.832596	2.153910	-1.714959	245	50	25	0.006
2.094395	2.153910	-1.714959	246	39	38	0.006
2.617994	2.153910	-1.714959	258	42	22	0.006
2.879793	2.153910	-1.714959	232	37	36	0.006
-2.879793	1.134497	-1.109631	256	39	22	0.006
-2.617994	1.134497	-1.109631	274	37	35	0.006
-2.356194	1.134497	-1.109631	265	38	33	0.006
-2.094395	1.134497	-1.109631	277	25	39	0.006
-1.832596	1.134497	-1.109631	273	40	34	0.006
-1.570796	1.134497	-1.109631	280	47	34	0.006
-1.308997	1.134497	-1.109631	278	48	36	0.006
-1.047198	1.134497	-1.109631	274	53	25	0.006
-0.785398	1.134497	-1.109631	273	50	18	0.006
-0.261799	1.134497	-1.109631	276	39	14	0.006
0.000000	1.134497	-1.109631	273	311	21	0.006
0.261799	1.134497	-1.109631	277	314	29	0.006
0.523599	1.134497	-1.109631	270	313	33	0.006
1.047198	1.134497	-1.109631	262	312	33	0.006
1.308997	1.134497	-1.109631	248	312	32	0.006
2.094395	1.134497	-1.109631	245	37	36	0.006
2.356194	1.134497	-1.109631	247	328	31	0.006
2.617994	1.134497	-1.109631	258	68	19	0.006
2.879793	1.134497	-1.109631	252	27	20	0.006
-3.141593	0.961715	0.014085	253	47	39	0.006
-2.879793	0.961715	0.014085	260	45	37	0.006
-2.356194	0.961715	0.014085	272	34	39	0.006
-2.094395	0.961715	0.014085	274	39	41	0.006
-1.832596	0.961715	0.014085	271	38	42	0.006
-1.570796	0.961715	0.014085	279	38	41	0.006
-1.047198	0.961715	0.014085	281	59	39	0.006
-0.785398	0.961715	0.014085	281	39	35	0.006
-0.523599	0.961715	0.014085	275	323	36	0.006
-0.261799	0.961715	0.014085	277	312	40	0.006
0.523599	0.961715	0.014085	249	35	28	0.006
0.785398	0.961715	0.014085	271	306	32	0.006
2.094395	0.961715	0.014085	255	321	31	0.006
2.356194	0.961715	0.014085	244	35	39	0.006
2.879793	0.961715	0.014085	251	45	41	0.006
-2.617994	1.367556	0.358405	271	49	33	0.006
-2.094395	1.367556	0.358405	271	40	45	0.006
-1.570796	1.367556	0.358405	278	25	45	0.006
-1.047198	1.367556	0.358405	286	39	47	0.006
0.785398	1.367556	0.358405	270	308	40	0.006
1.308997	1.367556	0.358405	255	307	51	0.006
1.570796	1.367556	0.358405	248	39	54	0.006
2.094395	1.367556	0.358405	245	40	46	0.006
2.356194	1.367556	0.358405	247	30	52	0.006
2.617994	1.367556	0.358405	243	39	44	0.006
-3.141593	1.440580	2.260026	260	32	27	0.006
-2.879793	1.440580	2.260026	283	23	37	0.006
-2.617994	1.440580	2.260026	276	27	52	0.006
-2.356194	1.440580	2.260026	272	40	25	0.006
-2.094395	1.440580	2.260026	277	29	31	0.006
-1.832596	1.440580	2.260026	267	38	28	0.006
-1.308997	1.440580	2.260026	270	306	45	0.006
-0.785398	1.440580	2.260026	261	314	50	0.006
0.523599	1.440580	2.260026	244	29	51	0.006
0.785398	1.440580	2.260026	251	25	56	0.006
1.047198	1.440580	2.260026	246	35	45	0.006
1.308997	1.440580	2.260026	254	45	52	0.006
1.570796	1.440580	2.260026	258	50	51	0.006
1.832596	1.440580	2.260026	258	38	49	0.006
2.094395	1.440580	2.260026	263	36	48	0.006
2.356194	1.440580	2.260026	265	50	34	0.006
2.617994	1.440580	2.260026	259	39	25	0.006
2.879793	1.440580	2.260026	262	36	26	0.006
-2.094395	2.863997	0.549740	252	45	54	0.006
-1.832596	2.863997	0.549740	255	45	51	0.006
-0.785398	2.863997	0.549740	266	29	51	0.006
-0.261799	2.863997	0.549740	257	39	51	0.006
0.785398	2.863997	0.549740	264	40	52	0.006
1.047198	2.863997	0.549740	280	40	53	0.006
1.832596	2.863997	0.549740	279	313	48	0.006
2.879793	2.863997	0.549740	264	331	49	0.006
-3.141593	2.041297	-2.664597	281	49	26	0.006
-2.617994	2.041297	-2.664597	274	23	33	0.006
-2.356194	2.041297	-2.664597	284	30	38	0.006
-2.094395	2.041297	-2.664597	272	33	38	0.006
-1.832596	2.041297	-2.664597	276	35	39	0.006
-1.570796	2.041297	-2.664597	274	40	36	0.006
-1.308997	2.041297	-2.664597	281	313	18	0.006
-1.047198	2.041297	-2.664597	278	313	24	0.006
-0.523599	2.041297	-2.664597	261	308	32	0.006
0.785398	2.041297	-2.664597	242	35	28	0.006
1.047198	2.041297	-2.664597	250	30	37	0.006
1.308997	2.041297	-2.664597	249	28	38	0.006
1.570796	2.041297	-2.664597	251	29	34	0.006
1.832596	2.041297	-2.664597	251	24	39	0.006
2.094395	2.041297	-2.664597	249	33	36	0.006
2.356194	2.041297	-2.664597	254	45	38	0.006
2.879793	2.041297	-2.664597	256	34	27	0.006
-2.879793	1.045978	0.343692	277	24	25	0.006
-2.617994	1.045978	0.343692	274	48	38	0.006
-2.356194	1.045978	0.343692	275	34	41	0.006
-1.832596	1.045978	0.343692	281	40	47	0.006
-1.308997	1.045978	0.343692	278	29	49	0.006
-1.047198	1.045978	0.343692	284	38	43	0.006
-0.785398	1.045978	0.343692	284	54	43	0.006
-0.523599	1.045978	0.343692	273	306	45	0.006
0.785398	1.045978	0.343692	268	313	34	0.006
1.047198	1.045978	0.343692	255	312	45	0.006
1.308997	1.045978	0.343692	253	314	45	0.006
1.570796	1.045978	0.343692	247	39	43	0.006
1.832596	1.045978	0.343692	244	331	45	0.006
2.094395	1.045978	0.343692	249	35	48	0.006
2.356194	1.045978	0.343692	245	33	47	0.006
2.617994	1.045978	0.343692	247	47	43	0.006
2.879793	1.045978	0.343692	245	34	40	0.006
-2.879793	0.290380	-0.796960	252	44	29	0.006
-2.617994	0.290380	-0.796960	265	35	29	0.006
-1.832596	0.290380	-0.796960	270	50	30	0.006
-1.570796	0.290380	-0.796960	261	49	30	0.006
-1.308997	0.290380	-0.796960	267	45	24	0.006
-1.047198	0.290380	-0.796960	264	45	24	0.006
-0.785398	0.290380	-0.796960	264	60	17	0.006
-0.523599	0.290380	-0.796960	275	52	27	0.006
-0.261799	0.290380	-0.796960	282	52	24	0.006
0.261799	0.290380	-0.796960	285	327	27	0.006
0.523599	0.290380	-0.796960	263	313	25	0.006
0.785398	0.290380	-0.796960	261	312	27	0.006
1.570796	0.290380	-0.796960	269	308	27	0.006
2.094395	0.290380	-0.796960	265	309	22	0.006
2.356194	0.290380	-0.796960	267	309	25	0.006
2.617994	0.290380	-0.796960	264	48	22	0.006
-3.141593	1.545873	-1.877082	262	49	12	0.006
-2.879793	1.545873	-1.877082	269	39	17	0.006
-2.094395	1.545873	-1.877082	273	50	28	0.006
-1.832596	1.545873	-1.877082	273	25	29	0.006
-1.570796	1.545873	-1.877082	277	38	30	0.006
-1.308997	1.545873	-1.877082	279	44	26	0.006
-0.785398	1.545873	-1.877082	279	40	26	0.006
-0.523599	1.545873	-1.877082	257	306	12	0.006
0.785398	1.545873	-1.877082	265	308	16	0.006
1.047198	1.545873	-1.877082	249	35	13	0.006
1.308997	1.545873	-1.877082	256	59	11	0.006
1.570796	1.545873	-1.877082	254	39	8	0.006
1.832596	1.545873	-1.877082	250	40	22	0.006
2.356194	1.545873	-1.877082	255	45	15	0.006
2.617994	1.545873	-1.877082	247	39	26	0.006
2.879793	1.545873	-1.877082	270	47	15	0.006
-3.141593	2.356369	3.005869	285	49	39	0.006
-2.879793	2.356369	3.005869	284	39	43	0.006
-2.356194	2.356369	3.005869	266	38	41	0.006
-1.570796	2.356369	3.005869	277	72	39	0.006
-1.047198	2.356369	3.005869	259	314	40	0.006
-0.785398	2.356369	3.005869	259	313	32	0.006
0.000000	2.356369	3.005869	257	314	30	0.006
0.261799	2.356369	3.005869	270	319	39	0.006
0.523599	2.356369	3.005869	249	34	46	0.006
0.785398	2.356369	3.005869	249	36	42	0.006
1.570796	2.356369	3.005869	262	44	40	0.006
1.832596	2.356369	3.005869	258	43	44	0.006
2.094395	2.356369	3.005869	261	59	38	0.006
2.356194	2.356369	3.005869	253	49	40	0.006
2.617994	2.356369	3.005869	274	33	43	0.006
2.879793	2.356369	3.005869	283	47	41	0.006
-2.879793	1.836682	-0.676006	251	39	26	0.006
-2.356194	1.836682	-0.676006	267	44	42	0.006
-1.832596	1.836682	-0.676006	269	44	50	0.006
-1.308997	1.836682	-0.676006	274	39	25	0.006
-0.523599	1.836682	-0.676006	277	328	41	0.006
0.523599	1.836682	-0.676006	258	80	42	0.006
1.047198	1.836682	-0.676006	261	314	33	0.006
1.308997	1.836682	-0.676006	264	309	49	0.006
1.570796	1.836682	-0.676006	252	307	50	0.006
1.832596	1.836682	-0.676006	249	37	41	0.006
2.094395	1.836682	-0.676006	250	38	42	0.006
2.356194	1.836682	-0.676006	257	40	46	0.006
2.879793	1.836682	-0.676006	243	33	24	0.006
-3.141593	1.948085	-2.363031	258	39	39	0.006
-2.617994	1.948085	-2.363031	280	33	29	0.006
-2.094395	1.948085	-2.363031	266	40	39	0.006
-1.832596	1.948085	-2.363031	270	36	33	0.006
-1.570796	1.948085	-2.363031	281	50	25	0.006
-1.308997	1.948085	-2.363031	272	312	24	0.006
-1.047198	1.948085	-2.363031	266	314	27	0.006
-0.785398	1.948085	-2.363031	270	312	14	0.006
0.000000	1.948085	-2.363031	266	308	28	0.006
0.785398	1.948085	-2.363031	260	308	21	0.006
1.308997	1.948085	-2.363031	251	28	34	0.006
1.570796	1.948085	-2.363031	247	30	36	0.006
1.832596	1.948085	-2.363031	249	30	34	0.006
2.094395	1.948085	-2.363031	254	34	31	0.006
2.356194	1.948085	-2.363031	253	32	22	0.006
2.879793	1.948085	-2.363031	275	34	19	0.006
-3.141593	1.736875	3.023612	280	62	28	0.006
-2.617994	1.736875	3.023612	277	37	34	0.006
-2.356194	1.736875	3.023612	270	29	39	0.006
-2.094395	1.736875	3.023612	268	38	31	0.006
-1.832596	1.736875	3.023612	276	313	40	0.006
-1.308997	1.736875	3.023612	272	311	21	0.006
-1.047198	1.736875	3.023612	278	314	31	0.006
-0.261799	1.736875	3.023612	256	307	17	0.006
0.523599	1.736875	3.023612	250	70	28	0.006
0.785398	1.736875	3.023612	242	39	33	0.006
1.047198	1.736875	3.023612	252	32	40	0.006
1.308997	1.736875	3.023612	255	50	41	0.006
1.570796	1.736875	3.023612	259	59	32	0.006
1.832596	1.736875	3.023612	250	49	30	0.006
2.356194	1.736875	3.023612	257	50	23	0.006
2.879793	1.736875	3.023612	279	35	41	0.006
-3.141593	0.591903	2.010408	276	49	29	0.006
-2.879793	0.591903	2.010408	283	40	36	0.006
-2.094395	0.591903	2.010408	268	39	21	0.006
-1.832596	0.591903	2.010408	268	311	25	0.006
-1.570796	0.591903	2.010408	269	75	22	0.006
-1.308997	0.591903	2.010408	278	313	38	0.006
-1.047198	0.591903	2.010408	251	310	20	0.006
-0.523599	0.591903	2.010408	269	313	33	0.006
0.261799	0.591903	2.010408	242	307	31	0.006
0.523599	0.591903	2.010408	249	312	36	0.006
0.785398	0.591903	2.010408	253	39	23	0.006
1.047198	0.591903	2.010408	240	26	40	0.006
1.308997	0.591903	2.010408	246	35	38	0.006
1.570796	0.591903	2.010408	241	34	42	0.006
1.832596	0.591903	2.010408	245	44	39	0.006
2.094395	0.591903	2.010408	254	58	37	0.006
2.356194	0.591903	2.010408	261	45	29	0.006
2.617994	0.591903	2.010408	262	44	37	0.006
2.879793	0.591903	2.010408	270	62	19	0.006
-3.141593	2.760637	2.781135	286	39	47	0.006
-2.879793	2.760637	2.781135	279	33	45	0.006
-2.617994	2.760637	2.781135	272	30	46	0.006
-2.356194	2.760637	2.781135	282	313	43	0.006
-2.094395	2.760637	2.781135	265	40	46	0.006
-1.570796	2.760637	2.781135	283	308	41	0.006
-1.308997	2.760637	2.781135	260	312	43	0.006
-1.047198	2.760637	2.781135	270	314	45	0.006
-0.785398	2.760637	2.781135	272	310	37	0.006
-0.261799	2.760637	2.781135	245	309	43	0.006
0.000000	2.760637	2.781135	265	324	46	0.006
1.570796	2.760637	2.781135	263	58	44	0.006
1.832596	2.760637	2.781135	259	49	48	0.006
2.356194	2.760637	2.781135	251	60	46	0.006
2.879793	2.760637	2.781135	267	60	47	0.006
-3.141593	1.256302	0.062705	245	37	38	0.006
-2.879793	1.256302	0.062705	274	40	33	0.006
-2.094395	1.256302	0.062705	279	35	33	0.006
-1.832596	1.256302	0.062705	275	37	47	0.006
-1.570796	1.256302	0.062705	277	39	48	0.006
-1.308997	1.256302	0.062705	282	39	44	0.006
-1.047198	1.256302	0.062705	285	27	50	0.006
-0.785398	1.256302	0.062705	279	39	39	0.006
-0.523599	1.256302	0.062705	280	38	39	0.006
0.785398	1.256302	0.062705	262	312	48	0.006
1.047198	1.256302	0.062705	270	308	29	0.006
1.308997	1.256302	0.062705	254	313	48	0.006
1.570796	1.256302	0.062705	256	314	46	0.006
2.356194	1.256302	0.062705	245	50	47	0.006
2.617994	1.256302	0.062705	246	48	45	0.006
2.879793	1.256302	0.062705	243	34	47	0.006
-3.141593	2.592629	0.909713	259	305	55	0.006
-2.617994	2.592629	0.909713	268	306	49	0.006
-2.356194	2.592629	0.909713	244	39	49	0.006
-2.094395	2.592629	0.909713	251	38	54	0.006
-1.832596	2.592629	0.909713	246	39	54	0.006
-1.570796	2.592629	0.909713	253	39	57	0.006
-1.308997	2.592629	0.909713	256	49	55	0.006
-0.785398	2.592629	0.909713	248	30	55	0.006
0.000000	2.592629	0.909713	273	40	54	0.006
0.261799	2.592629	0.909713	268	34	56	0.006
1.570796	2.592629	0.909713	263	314	53	0.006
2.356194	2.592629	0.909713	267	47	54	0.006
2.879793	2.592629	0.909713	275	308	51	0.006
-3.141593	1.113094	-0.272241	233	38	36	0.006
-2.879793	1.113094	-0.272241	268	44	34	0.006
-2.617994	1.113094	-0.272241	268	50	38	0.006
-2.356194	1.113094	-0.272241	271	38	38	0.006
-2.094395	1.113094	-0.272241	267	38	38	0.006
-1.832596	1.113094	-0.272241	272	50	39	0.006
-1.570796	1.113094	-0.272241	280	50	42	0.006
-1.308997	1.113094	-0.272241	275	50	36	0.006
-1.047198	1.113094	-0.272241	278	39	41	0.006
-0.523599	1.113094	-0.272241	275	39	31	0.006
0.000000	1.113094	-0.272241	263	80	34	0.006
0.261799	1.113094	-0.272241	275	79	29	0.006
0.523599	1.113094	-0.272241	269	314	32	0.006
1.047198	1.113094	-0.272241	257	313	40	0.006
1.308997	1.113094	-0.272241	268	309	34	0.006
1.570796	1.113094	-0.272241	251	312	33	0.006
1.832596	1.113094	-0.272241	255	48	33	0.006
2.879793	1.113094	-0.272241	256	39	33	0.006
-3.141593	2.407836	1.410646	269	39	52	0.006
-2.879793	2.407836	1.410646	254	39	52	0.006
-2.617994	2.407836	1.410646	253	29	49	0.006
-2.356194	2.407836	1.410646	273	38	37	0.006
-2.094395	2.407836	1.410646	253	35	55	0.006
-1.832596	2.407836	1.410646	250	40	56	0.006
-1.570796	2.407836	1.410646	252	47	54	0.006
-1.308997	2.407836	1.410646	258	38	60	0.006
-1.047198	2.407836	1.410646	249	39	49	0.006
-0.785398	2.407836	1.410646	256	64	57	0.006
-0.523599	2.407836	1.410646	267	38	55	0.006
-0.261799	2.407836	1.410646	271	40	52	0.006
0.000000	2.407836	1.410646	272	39	54	0.006
1.570796	2.407836	1.410646	273	38	56	0.006
1.832596	2.407836	1.410646	263	29	57	0.006
2.094395	2.407836	1.410646	267	49	48	0.006
2.356194	2.407836	1.410646	267	39	52	0.006
2.617994	2.407836	1.410646	280	50	50	0.006
-2.879793	2.089241	-0.114193	257	36	49	0.006
-1.832596	2.089241	-0.114193	262	38	55	0.006
-1.570796	2.089241	-0.114193	277	25	48	0.006
-1.308997	2.089241	-0.114193	264	49	54	0.006
-1.047198	2.089241	-0.114193	267	29	53	0.006
-0.785398	2.089241	-0.114193	269	37	53	0.006
-0.261799	2.089241	-0.114193	285	37	38	0.006
0.523599	2.089241	-0.114193	269	313	36	0.006
0.785398	2.089241	-0.114193	275	313	40	0.006
1.308997	2.089241	-0.114193	267	313	40	0.006
2.356194	2.089241	-0.114193	252	39	46	0.006
2.879793	2.089241	-0.114193	256	39	46	0.006
-3.141593	0.619654	-2.216909	279	316	23	0.006
-2.879793	0.619654	-2.216909	266	70	22	0.006
-2.617994	0.619654	-2.216909	266	35	24	0.006
-2.356194	0.619654	-2.216909	256	37	16	0.006
-2.094395	0.619654	-2.216909	255	49	21	0.006
-1.832596	0.619654	-2.216909	256	43	23	0.006
-1.570796	0.619654	-2.216909	263	45	16	0.006
-1.308997	0.619654	-2.216909	265	56	16	0.006
-1.047198	0.619654	-2.216909	248	319	20	0.006
0.523599	0.619654	-2.216909	255	48	26	0.006
0.785398	0.619654	-2.216909	255	30	25	0.006
1.308997	0.619654	-2.216909	270	33	19	0.006
1.570796	0.619654	-2.216909	268	60	20	0.006
1.832596	0.619654	-2.216909	273	48	20	0.006
2.356194	0.619654	-2.216909	277	317	17	0.006
2.879793	0.619654	-2.216909	253	39	22	0.006
-3.141593	2.456751	-1.503343	262	50	44	0.006
-2.879793	2.456751	-1.503343	256	37	47	0.006
-2.094395	2.456751	-1.503343	258	42	44	0.006
-1.832596	2.456751	-1.503343	273	45	39	0.006
-1.570796	2.456751	-1.503343	269	37	44	0.006
-1.308997	2.456751	-1.503343	267	38	47	0.006
-1.047198	2.456751	-1.503343	283	33	44	0.006
-0.785398	2.456751	-1.503343	277	28	47	0.006
-0.523599	2.456751	-1.503343	282	313	31	0.006
-0.261799	2.456751	-1.503343	278	305	37	0.006
0.261799	2.456751	-1.503343	273	79	45	0.006
1.047198	2.456751	-1.503343	263	308	40	0.006
1.832596	2.456751	-1.503343	243	49	34	0.006
2.094395	2.456751	-1.503343	244	308	40	0.006
2.879793	2.456751	-1.503343	258	23	43	0.006
-2.879793	2.001437	0.381215	260	39	52	0.006
-2.617994	2.001437	0.381215	265	34	52	0.006
-2.356194	2.001437	0.381215	264	44	55	0.006
-2.094395	2.001437	0.381215	260	44	51	0.006
-1.832596	2.001437	0.381215	264	43	59	0.006
-1.308997	2.001437	0.381215	275	27	49	0.006
-1.047198	2.001437	0.381215	268	29	59	0.006
-0.785398	2.001437	0.381215	266	25	53	0.006
-0.523599	2.001437	0.381215	274	49	52	0.006
0.000000	2.001437	0.381215	277	80	48	0.006
0.261799	2.001437	0.381215	269	29	56	0.006
0.523599	2.001437	0.381215	265	29	55	0.006
0.785398	2.001437	0.381215	267	310	48	0.006
1.308997	2.001437	0.381215	263	33	61	0.006
1.570796	2.001437	0.381215	257	40	59	0.006
1.832596	2.001437	0.381215	260	313	48	0.006
2.356194	2.001437	0.381215	254	36	44	0.006
2.879793	2.001437	0.381215	255	327	51	0.006
-3.141593	2.138223	1.678323	283	35	47	0.006
-2.879793	2.138223	1.678323	267	321	55	0.006
-2.617994	2.138223	1.678323	266	318	55	0.006
-2.356194	2.138223	1.678323	263	316	56	0.006
-2.094395	2.138223	1.678323	275	39	44	0.006
-1.832596	2.138223	1.678323	264	40	56	0.006
-1.570796	2.138223	1.678323	272	314	45	0.006
-1.308997	2.138223	1.678323	261	38	55	0.006
-1.047198	2.138223	1.678323	264	308	39	0.006
-0.785398	2.138223	1.678323	259	306	48	0.006
-0.523599	2.138223	1.678323	260	59	55	0.006
-0.261799	2.138223	1.678323	255	29	56	0.006
0.261799	2.138223	1.678323	259	37	53	0.006
0.523599	2.138223	1.678323	257	48	52	0.006
1.832596	2.138223	1.678323	270	34	59	0.006
2.356194	2.138223	1.678323	272	40	56	0.006
2.617994	2.138223	1.678323	272	40	45	0.006
2.879793	2.138223	1.678323	267	35	51	0.006
-3.141593	2.349581	-2.702517	275	58	30	0.006
-2.879793	2.349581	-2.702517	281	38	44	0.006
-2.356194	2.349581	-2.702517	274	28	40	0.006
-2.094395	2.349581	-2.702517	268	39	38	0.006
-1.832596	2.349581	-2.702517	273	37	39	0.006
-0.785398	2.349581	-2.702517	281	305	29	0.006
-0.261799	2.349581	-2.702517	265	309	40	0.006
0.785398	2.349581	-2.702517	247	307	40	0.006
1.047198	2.349581	-2.702517	242	50	30	0.006
1.570796	2.349581	-2.702517	250	28	39	0.006
1.832596	2.349581	-2.702517	250	47	35	0.006
2.617994	2.349581	-2.702517	250	38	35	0.006
2.879793	2.349581	-2.702517	261	50	37	0.006
-3.141593	1.168678	2.108595	280	37	39	0.006
-2.094395	1.168678	2.108595	285	39	51	0.006
-1.832596	1.168678	2.108595	276	308	48	0.006
-0.785398	1.168678	2.108595	262	78	24	0.006
0.261799	1.168678	2.108595	253	305	23	0.006
0.785398	1.168678	2.108595	241	27	49	0.006
1.047198	1.168678	2.108595	242	23	48	0.006
1.832596	1.168678	2.108595	250	39	49	0.006
2.094395	1.168678	2.108595	254	34	52	0.006
2.356194	1.168678	2.108595	257	46	26	0.006
2.617994	1.168678	2.108595	260	45	24	0.006
-3.141593	2.180315	-1.357379	236	35	44	0.006
-2.879793	2.180315	-1.357379	261	32	44	0.006
-2.617994	2.180315	-1.357379	257	50	38	0.006
-2.356194	2.180315	-1.357379	262	48	48	0.006
-2.094395	2.180315	-1.357379	270	38	39	0.006
-1.832596	2.180315	-1.357379	276	45	39	0.006
-1.570796	2.180315	-1.357379	272	39	40	0.006
-1.308997	2.180315	-1.357379	273	40	47	0.006
-1.047198	2.180315	-1.357379	272	38	46	0.006
-0.785398	2.180315	-1.357379	281	33	47	0.006
-0.523599	2.180315	-1.357379	285	40	43	0.006
1.308997	2.180315	-1.357379	250	40	19	0.006
1.832596	2.180315	-1.357379	244	312	42	0.006
2.094395	2.180315	-1.357379	248	39	25	0.006
2.356194	2.180315	-1.357379	245	27	22	0.006
2.617994	2.180315	-1.357379	243	43	25	0.006
2.879793	2.180315	-1.357379	244	39	40	0.006
-3.141593	2.478122	2.609777	275	40	44	0.006
-2.879793	2.478122	2.609777	270	39	45	0.006
-2.617994	2.478122	2.609777	267	39	44	0.006
-2.356194	2.478122	2.609777	278	313	44	0.006
-2.094395	2.478122	2.609777	281	313	43	0.006
-1.308997	2.478122	2.609777	263	308	36	0.006
-1.047198	2.478122	2.609777	259	314	44	0.006
-0.523599	2.478122	2.609777	255	308	46	0.006
0.000000	2.478122	2.609777	239	35	40	0.006
0.261799	2.478122	2.609777	245	39	48	0.006
0.523599	2.478122	2.609777	251	38	51	0.006
0.785398	2.478122	2.609777	250	29	48	0.006
1.308997	2.478122	2.609777	252	40	45	0.006
1.570796	2.478122	2.609777	258	40	45	0.006
1.832596	2.478122	2.609777	272	35	46	0.006
2.094395	2.478122	2.609777	268	40	45	0.006
2.356194	2.478122	2.609777	276	33	49	0.006
2.879793	2.478122	2.609777	279	39	48	0.006
-3.141593	1.699788	2.452890	289	35	48	0.006
-2.879793	1.699788	2.452890	280	30	46	0.006
-2.617994	1.699788	2.452890	277	47	35	0.006
-2.356194	1.699788	2.452890	280	318	41	0.006
-2.094395	1.699788	2.452890	280	314	40	0.006
-1.832596	1.699788	2.452890	279	50	23	0.006
-1.047198	1.699788	2.452890	253	313	48	0.006
0.261799	1.699788	2.452890	243	23	49	0.006
0.523599	1.699788	2.452890	243	29	34	0.006
0.785398	1.699788	2.452890	247	37	43	0.006
1.047198	1.699788	2.452890	250	34	48	0.006
1.308997	1.699788	2.452890	254	46	40	0.006
1.570796	1.699788	2.452890	253	34	48	0.006
1.832596	1.699788	2.452890	259	44	48	0.006
2.094395	1.699788	2.452890	264	48	34	0.006
2.356194	1.699788	2.452890	275	45	45	0.006
2.879793	1.699788	2.452890	283	50	48	0.006
-3.141593	1.184361	0.625864	249	33	48	0.006
-2.356194	1.184361	0.625864	283	39	55	0.006
-2.094395	1.184361	0.625864	269	45	52	0.006
-1.832596	1.184361	0.625864	274	40	51	0.006
-1.570796	1.184361	0.625864	275	48	51	0.006
-1.308997	1.184361	0.625864	279	49	35	0.006
-1.047198	1.184361	0.625864	279	50	36	0.006
-0.785398	1.184361	0.625864	282	50	39	0.006
0.261799	1.184361	0.625864	273	309	34	0.006
0.523599	1.184361	0.625864	266	310	50	0.006
0.785398	1.184361	0.625864	266	308	40	0.006
1.308997	1.184361	0.625864	249	310	53	0.006
1.832596	1.184361	0.625864	249	323	51	0.006
2.094395	1.184361	0.625864	244	38	50	0.006
2.356194	1.184361	0.625864	249	35	52	0.006
2.617994	1.184361	0.625864	245	32	50	0.006
2.879793	1.184361	0.625864	267	45	36	0.006
