360	1.2	0
-2.094395	0.709924	0.218797
0.000000	0.000000	0.000000
model.B99990005.pdb	-34.177	149.333	-8.843
1iob.pdb	15.932	13.567	1.186
1.047198	2.404280	-0.174044	355	113	353	7.696
0.785398	2.187132	-0.479875	355	111	355	7.204
1.308997	2.404280	-0.174044	356	117	353	6.655
1.570796	2.587733	0.232235	355	117	351	6.560
1.832596	2.379497	0.561089	356	118	354	6.134
2.356194	2.115563	0.685730	354	125	358	5.680
-1.832596	1.134796	2.434290	358	3	7	5.556
0.523599	1.982574	-1.115518	354	110	353	5.482
1.570796	1.836682	-0.676006	43	25	13	5.358
1.047198	2.299159	2.264663	51	11	7	5.167
-1.832596	1.301460	-0.509251	10	303	4	5.006
-2.879793	2.407836	1.410646	46	353	345	4.969
2.356194	1.242974	-2.977882	52	349	346	4.903
-1.047198	2.033014	2.977192	25	330	330	4.874
1.832596	2.001437	0.381215	356	120	0	4.800
0.785398	2.724429	-0.348782	353	112	348	4.669
-0.261799	1.875281	0.107086	21	291	357	4.647
2.356194	1.450119	-2.739050	49	350	343	4.610
-1.308997	2.299159	2.264663	25	337	332	4.581
2.617994	1.721184	-0.153948	28	277	343	4.486
2.094395	2.115563	0.685730	355	121	358	4.441
1.047198	2.349581	-2.702517	37	330	327	4.420
-1.570796	1.301460	-0.509251	12	300	4	4.420
2.094395	2.247462	0.191623	54	348	352	4.383
2.617994	1.310100	1.488307	353	122	3	4.375
-1.570796	1.998705	2.370472	24	338	334	4.288
1.832596	2.587733	0.232235	56	343	347	4.288
1.308997	2.587733	0.232235	355	113	351	4.280
0.261799	1.448123	-2.163292	19	275	335	4.258
-0.523599	0.914445	2.687814	317	92	10	4.192
0.000000	2.343981	-1.040456	47	301	342	4.192
1.308997	0.700570	1.559208	28	297	4	4.185
2.356194	1.662363	0.915448	353	122	4	4.148
0.785398	2.104282	-0.813972	355	113	354	4.148
1.308997	2.349581	-2.702517	37	331	327	4.126
2.617994	1.195355	1.200319	351	122	7	4.111
1.047198	2.187132	-0.479875	356	116	355	4.082
1.308997	2.187132	-0.479875	356	120	355	4.082
-0.785398	1.812176	0.656819	317	94	14	4.060
1.047198	1.736875	3.023612	44	303	337	4.060
-2.094395	1.741644	-2.695914	23	334	332	4.060
1.570796	0.591903	2.010408	25	296	330	4.031
1.308997	1.134796	2.434290	43	24	353	3.994
2.879793	2.592629	0.909713	50	351	345	3.928
-3.141593	2.592629	0.909713	47	353	346	3.899
-2.879793	2.073035	2.027405	47	352	344	3.862
2.356194	0.297065	2.160177	49	338	13	3.833
2.617994	0.297065	2.160177	49	341	13	3.833
1.047198	1.836682	-0.676006	356	117	0	3.826
-2.617994	1.113094	-0.272241	28	288	346	3.804
1.570796	1.721184	-0.153948	354	121	4	3.789
-2.356194	0.733948	3.021411	28	283	340	3.738
2.094395	1.977582	0.969896	356	119	359	3.694
2.356194	1.812176	0.656819	353	125	3	3.694
0.000000	2.979456	-1.009304	18	282	328	3.672
1.832596	2.637879	2.121598	56	351	341	3.672
0.523599	2.760637	2.781135	26	329	329	3.672
1.832596	1.875281	0.107086	354	123	2	3.657
2.356194	1.488617	1.159546	354	120	4	3.628
1.308997	2.251330	-2.330739	40	333	328	3.606
2.094395	0.290380	-0.796960	57	343	6	3.606
2.094395	1.242974	-2.977882	54	346	346	3.569
1.832596	2.349581	-2.702517	37	332	327	3.540
-1.308997	1.998705	2.370472	22	336	334	3.540
-1.832596	2.299159	2.264663	29	341	332	3.540
2.356194	2.251330	-2.330739	35	337	328	3.540
1.047198	2.587733	0.232235	50	305	342	3.540
-1.832596	1.699788	2.452890	24	341	337	3.474
-1.832596	1.741644	-2.695914	23	331	332	3.474
-2.094395	0.866955	-0.931351	357	117	6	3.466
1.832596	2.295480	1.008277	356	114	354	3.466
-3.141593	0.203748	0.590255	26	299	8	3.445
2.356194	0.203748	0.590255	20	300	9	3.445
1.047198	1.374601	-2.456031	354	118	339	3.445
-2.356194	1.413430	2.550734	23	288	341	3.445
-0.785398	0.910508	1.903534	24	293	9	3.445
1.047198	2.455966	-0.641220	355	117	352	3.437
1.047198	2.588535	-2.976617	343	59	351	3.408
-0.523599	2.587733	0.232235	1	4	14	3.408
0.261799	2.455966	-0.641220	48	301	343	3.379
-1.832596	2.033014	2.977192	39	293	346	3.379
0.000000	2.664082	-1.071402	47	304	338	3.379
2.356194	2.379497	0.561089	353	127	354	3.335
-0.261799	1.662363	0.915448	321	90	15	3.313
-1.570796	2.299159	2.264663	27	339	332	3.313
2.879793	2.251330	-2.330739	31	336	328	3.313
-0.261799	2.356369	3.005869	29	327	328	3.313
0.523599	2.138223	1.678323	27	276	336	3.284
0.000000	0.203748	0.590255	26	287	330	3.284
-0.785398	1.736875	3.023612	26	277	337	3.284
1.308997	1.977582	0.969896	49	302	350	3.247
-1.308997	2.174483	2.653697	25	335	331	3.247
-1.308997	1.869911	2.701025	22	333	333	3.247
1.570796	2.404280	-0.174044	354	122	354	3.239
2.356194	1.977582	0.969896	355	123	359	3.239
0.261799	1.440580	2.260026	47	298	2	3.218
0.261799	0.700570	1.559208	50	307	5	3.218
-1.570796	2.637879	2.121598	20	31	358	3.217
-2.356194	0.685216	-1.712745	32	290	359	3.152
0.261799	0.960688	-0.577532	26	286	354	3.152
2.356194	0.762244	-0.273349	55	355	356	3.152
-2.356194	0.615174	-0.666022	15	302	7	3.152
-2.879793	2.478122	2.609777	345	125	331	3.152
-3.141593	1.310100	1.488307	39	28	17	3.144
1.047198	1.214854	-1.966664	356	117	355	3.136
-1.308997	1.904882	-1.478089	0	5	13	3.115
-0.523599	1.450119	-2.739050	52	353	348	3.115
1.047198	1.256302	0.062705	33	304	6	3.115
2.094395	2.587733	0.232235	353	125	351	3.107
1.570796	2.174483	2.653697	2	118	358	3.086
-2.356194	1.325504	-1.671296	27	297	9	3.086
-2.617994	1.658653	-2.409879	23	338	334	3.086
-2.879793	2.456751	-1.503343	22	334	333	3.086
-1.570796	0.571433	-1.188419	16	297	5	3.086
-0.523599	1.504028	0.636812	321	93	18	3.086
2.356194	2.349581	-2.702517	35	333	327	3.086
-0.261799	1.977582	0.969896	320	89	11	3.086
-2.879793	1.736875	3.023612	34	342	332	3.086
1.832596	1.766067	2.153843	51	306	343	3.085
-1.570796	1.872854	1.543456	50	343	335	3.020
-1.832596	1.195355	1.200319	41	349	334	3.020
1.047198	2.356369	3.005869	33	325	329	3.020
0.785398	2.587733	0.232235	48	302	342	3.020
-1.308997	1.599406	1.426070	44	346	333	3.020
2.094395	2.251330	-2.330739	37	337	328	3.020
-1.570796	2.174483	2.653697	27	337	331	3.020
-1.570796	1.599406	1.426070	45	345	333	3.020
-1.047198	2.349581	-2.702517	34	327	327	3.020
2.094395	2.349581	-2.702517	36	333	327	3.020
-0.523599	2.356369	3.005869	29	330	328	3.020
2.356194	1.599406	1.426070	355	120	0	3.005
-2.879793	2.637879	2.121598	21	346	334	2.990
0.785398	2.295480	1.008277	26	286	328	2.990
0.785398	1.545873	-1.877082	355	114	351	2.975
-1.308997	1.448123	-2.163292	358	7	13	2.954
2.356194	2.247462	0.191623	50	296	344	2.954
-2.617994	0.458961	-0.107937	20	303	8	2.954
-2.094395	2.041297	-2.664597	27	332	329	2.954
-0.785398	2.478122	2.609777	316	123	327	2.954
0.523599	1.545873	-1.877082	23	279	336	2.924
2.617994	1.909857	-0.381669	17	291	2	2.924
2.879793	1.741644	-2.695914	51	356	7	2.924
2.879793	0.203748	0.590255	29	294	339	2.924
1.047198	0.290380	-0.796960	34	294	6	2.924
1.832596	2.247462	0.191623	354	122	357	2.909
1.308997	0.496451	0.593859	20	304	8	2.888
-1.047198	0.290380	-0.796960	42	333	15	2.888
2.094395	0.929350	-2.910676	55	347	351	2.887
-2.356194	0.960688	-0.577532	12	306	6	2.858
0.261799	2.478122	2.609777	26	326	330	2.858
-3.141593	2.979456	-1.009304	23	335	332	2.858
-1.308997	1.450119	-2.739050	47	296	353	2.858
-1.570796	2.251330	-2.330739	20	291	4	2.858
-1.832596	1.998705	2.370472	44	298	337	2.858
-1.570796	1.440580	2.260026	6	3	3	2.822
0.523599	1.554776	0.100351	32	297	3	2.822
1.308997	1.662363	0.915448	48	302	355	2.793
2.094395	2.704512	1.488683	49	309	337	2.792
-1.832596	1.242974	-2.977882	19	335	338	2.792
-1.047198	1.301460	-0.509251	17	296	4	2.792
-2.356194	1.741644	-2.695914	25	336	332	2.792
0.261799	2.187132	-0.479875	47	299	348	2.792
0.261799	1.184361	0.625864	21	297	6	2.792
-2.094395	1.450119	-2.739050	21	336	335	2.792
-2.879793	1.658653	-2.409879	27	341	333	2.792
1.308997	1.741644	-2.695914	52	296	354	2.763
-2.356194	2.180315	-1.357379	26	279	333	2.763
-1.308997	1.504028	0.636812	316	85	3	2.763
-1.047198	1.504028	0.636812	321	82	3	2.763
0.000000	1.256302	0.062705	25	297	6	2.726
-0.785398	1.301460	-0.509251	22	294	3	2.726
-0.523599	2.115563	0.685730	319	90	9	2.726
0.261799	0.733948	3.021411	23	291	357	2.726
1.047198	1.875281	0.107086	51	306	354	2.726
-1.308997	1.440580	2.260026	317	91	22	2.697
1.047198	1.247695	1.809890	59	341	5	2.697
2.356194	1.870545	-2.976234	60	349	358	2.697
2.879793	2.379497	0.561089	24	274	331	2.697
-1.570796	0.866955	-0.931351	25	286	332	2.697
0.785398	2.637879	2.121598	26	279	331	2.697
0.785398	1.977582	0.969896	28	284	333	2.697
-3.141593	1.872854	1.543456	12	277	324	2.697
0.523599	2.456751	-1.503343	21	286	329	2.697
-1.308997	1.325504	-1.671296	47	309	6	2.697
1.570796	0.496451	0.593859	22	303	8	2.660
2.617994	1.113094	-0.272241	34	291	357	2.631
-2.094395	1.809167	1.213774	26	280	344	2.631
-3.141593	1.194549	-0.801900	34	296	5	2.631
-1.570796	1.658653	-2.409879	41	296	0	2.631
1.832596	2.704512	1.488683	47	304	339	2.631
2.879793	2.478122	2.609777	44	311	334	2.631
-1.570796	1.741644	-2.695914	41	294	355	2.631
1.832596	2.407836	1.410646	50	305	342	2.631
-1.832596	0.290380	-0.796960	21	297	7	2.631
2.356194	0.496451	0.593859	23	303	10	2.631
1.570796	1.736875	3.023612	45	326	331	2.631
-2.879793	2.863997	0.549740	29	280	337	2.631
0.000000	1.413347	-1.339188	47	298	351	2.631
-1.570796	1.214854	-1.966664	47	302	2	2.631
-2.356194	1.134497	-1.109631	315	102	16	2.631
2.879793	2.343981	-1.040456	17	290	322	2.631
1.047198	1.766067	2.153843	31	340	327	2.631
-2.094395	1.301460	-0.509251	9	306	4	2.631
2.094395	2.108018	1.311430	324	88	356	2.631
0.261799	2.356369	3.005869	341	55	352	2.594
0.000000	0.379747	-1.713059	46	332	12	2.594
0.523599	1.721184	-0.153948	35	297	0	2.594
1.308997	1.809167	1.213774	35	294	355	2.565
1.832596	1.310100	1.488307	50	305	356	2.565
-2.094395	1.948085	-2.363031	24	330	330	2.565
-1.832596	1.135834	-1.431087	315	96	13	2.565
0.785398	2.404280	-0.174044	51	304	345	2.565
1.570796	2.881233	-2.582574	27	333	329	2.565
1.570796	2.379497	0.561089	53	309	346	2.565
0.785398	2.349581	-2.702517	37	329	327	2.565
1.570796	2.349581	-2.702517	36	331	327	2.565
0.785398	1.391910	3.030322	44	299	341	2.565
2.094395	1.440580	2.260026	24	284	338	2.565
-0.261799	1.134796	2.434290	23	275	329	2.565
0.261799	2.104282	-0.813972	49	301	346	2.565
0.785398	2.356369	3.005869	22	269	337	2.536
1.570796	2.164094	-2.991358	30	280	340	2.536
-2.879793	0.297065	2.160177	21	282	334	2.536
2.617994	2.343981	-1.040456	19	287	322	2.536
1.047198	2.760637	2.781135	25	277	329	2.536
2.879793	2.187132	-0.479875	19	286	333	2.536
2.356194	2.180315	-1.357379	24	286	325	2.536
2.617994	2.104282	-0.813972	21	285	336	2.536
2.094395	2.396274	-1.959260	26	281	328	2.536
-0.261799	1.696674	-1.253233	43	297	348	2.499
0.523599	1.812176	0.656819	27	292	359	2.499
-1.047198	2.299159	2.264663	23	335	332	2.499
1.570796	2.115563	0.685730	53	308	349	2.499
1.047198	0.370812	-2.547742	51	336	10	2.499
-2.879793	2.299159	2.264663	42	340	331	2.499
-2.356194	1.870545	-2.976234	28	337	330	2.499
-1.308997	2.393226	1.857173	23	338	334	2.499
0.000000	2.404280	-0.174044	28	291	348	2.499
2.356194	0.591903	2.010408	51	339	11	2.499
2.879793	2.579248	-2.364801	30	331	327	2.499
-1.832596	1.450119	-2.739050	20	332	335	2.499
1.308997	0.733948	3.021411	51	304	353	2.499
-1.308997	0.960688	-0.577532	19	297	5	2.499
0.523599	2.349581	-2.702517	37	328	327	2.499
1.832596	0.831641	0.616218	41	309	4	2.499
0.785398	1.732874	-0.951685	24	283	342	2.499
1.832596	1.606104	-0.451151	25	290	327	2.470
-2.879793	1.367556	0.358405	28	287	336	2.470
-2.356194	2.115563	0.685730	27	291	335	2.470
2.879793	2.180315	-1.357379	21	293	324	2.470
-0.261799	1.014500	0.906702	28	292	338	2.470
0.523599	1.977582	0.969896	27	279	332	2.470
-0.523599	1.256302	0.062705	19	298	6	2.433
1.570796	1.574060	2.783565	21	280	333	2.433
1.047198	0.831641	0.616218	36	335	18	2.433
-1.047198	2.478122	2.609777	27	335	330	2.433
-1.308997	2.033014	2.977192	25	332	330	2.433
2.879793	0.297065	2.160177	48	344	13	2.433
-0.261799	2.187132	-0.479875	26	290	350	2.433
0.000000	0.290380	-0.796960	46	340	15	2.433
1.570796	2.108018	1.311430	51	304	346	2.433
-1.308997	1.113094	-0.272241	16	300	6	2.433
-1.570796	2.164094	-2.991358	41	293	351	2.404
-1.308997	2.592629	0.909713	24	290	341	2.404
0.261799	2.587733	0.232235	27	290	347	2.404
-2.879793	1.325504	-1.671296	20	297	10	2.404
-0.523599	1.218453	2.777284	17	295	10	2.404
-0.523599	1.391910	3.030322	13	294	7	2.404
-2.356194	1.448123	-2.163292	17	293	6	2.404
0.000000	1.872854	1.543456	29	340	328	2.404
2.879793	0.866955	-0.931351	27	290	2	2.404
-1.832596	2.343981	-1.040456	30	339	324	2.404
-0.785398	1.413430	2.550734	14	293	7	2.404
-0.261799	1.247695	1.809890	52	347	345	2.404
1.047198	1.812176	0.656819	34	296	358	2.367
-0.785398	2.724429	-0.348782	4	4	11	2.367
1.832596	0.914445	2.687814	24	284	344	2.367
1.832596	1.184361	0.625864	46	339	15	2.367
1.832596	2.404280	-0.174044	353	126	354	2.360
1.047198	2.138223	1.678323	28	291	346	2.338
1.308997	0.591903	2.010408	29	294	2	2.338
1.570796	0.700570	1.559208	29	296	4	2.338
2.617994	2.637879	2.121598	47	310	335	2.338
2.094395	1.872854	1.543456	52	309	348	2.338
-2.879793	1.194549	-0.801900	37	299	4	2.338
2.617994	1.301460	-0.509251	32	292	2	2.338
1.832596	2.138223	1.678323	50	304	343	2.338
1.308997	2.299159	2.264663	22	343	335	2.338
1.832596	0.906588	1.252948	45	305	1	2.338
1.570796	1.014500	0.906702	57	352	358	2.338
2.094395	2.138223	1.678323	51	308	343	2.338
-2.617994	0.960688	-0.577532	13	308	6	2.338
-3.141593	2.478122	2.609777	44	314	333	2.338
-2.617994	1.168678	2.108595	22	282	343	2.338
0.785398	2.393226	1.857173	23	344	335	2.338
-2.879793	1.450119	-2.739050	315	91	13	2.338
-2.094395	2.478122	2.609777	40	293	345	2.338
2.879793	2.455966	-0.641220	52	344	14	2.338
-2.356194	1.214854	-1.966664	24	292	5	2.338
2.356194	1.247695	1.809890	355	118	1	2.323
-2.879793	2.393226	1.857173	48	350	342	2.301
-2.617994	2.393226	1.857173	45	352	342	2.301
1.308997	1.812176	0.656819	50	304	354	2.272
0.261799	1.812176	0.656819	23	291	359	2.272
0.000000	2.001437	0.381215	22	290	356	2.272
-2.879793	2.664082	-1.071402	22	334	333	2.272
1.047198	1.195355	1.200319	26	295	3	2.272
-2.356194	1.450119	-2.739050	23	340	335	2.272
0.261799	0.618092	2.539118	17	293	359	2.272
-0.261799	2.979456	-1.009304	45	305	335	2.272
0.261799	2.724429	-0.348782	46	301	340	2.272
-1.832596	1.113094	-0.272241	14	304	7	2.272
0.785398	1.696674	-1.253233	24	283	339	2.272
-1.570796	1.113094	-0.272241	15	302	7	2.272
0.523599	2.089241	-0.114193	48	300	351	2.272
-2.879793	1.948085	-2.363031	27	337	330	2.272
-0.785398	1.875281	0.107086	320	90	14	2.272
-1.832596	0.571433	-1.188419	15	298	4	2.272
1.570796	1.606104	-0.451151	50	348	9	2.272
1.047198	0.379747	-1.713059	25	290	8	2.243
1.047198	0.914445	2.687814	353	59	39	2.243
1.047198	1.545873	-1.877082	32	286	353	2.243
-0.261799	1.194549	-0.801900	42	299	358	2.206
-0.785398	0.379747	-1.713059	23	294	3	2.206
-1.047198	2.174483	2.653697	25	333	331	2.206
-1.308997	2.164094	-2.991358	29	331	328	2.206
-0.785398	0.850607	-1.335383	23	292	0	2.206
-1.047198	0.571433	-1.188419	22	295	4	2.206
0.261799	2.396274	-1.959260	20	284	337	2.206
2.879793	0.831641	0.616218	40	342	18	2.206
1.570796	1.184361	0.625864	45	308	2	2.206
-1.570796	1.869911	2.701025	23	336	333	2.206
0.000000	1.504028	0.636812	19	294	2	2.206
-1.047198	2.588535	-2.976617	35	332	327	2.206
2.879793	1.683268	0.374177	22	288	355	2.206
-0.523599	2.588535	-2.976617	34	331	327	2.206
2.617994	1.488617	1.159546	50	348	9	2.206
-0.261799	0.960688	-0.577532	43	331	14	2.206
-1.570796	2.343981	-1.040456	47	340	17	2.206
-2.617994	1.809167	1.213774	13	339	341	2.177
1.570796	1.433411	-1.035986	56	304	341	2.177
0.261799	1.824694	1.850876	51	296	353	2.177
-2.879793	1.662363	0.915448	16	344	340	2.177
2.617994	2.979456	-1.009304	17	30	357	2.177
-1.308997	1.870545	-2.976234	25	286	357	2.140
0.261799	1.875281	0.107086	28	292	357	2.140
0.523599	0.733948	3.021411	28	291	356	2.140
0.785398	0.906588	1.252948	22	296	5	2.140
-0.785398	1.488617	1.159546	306	105	6	2.140
2.094395	0.496451	0.593859	36	336	18	2.140
2.879793	0.496451	0.593859	39	337	18	2.140
-0.261799	1.417623	-0.202254	25	294	3	2.140
2.094395	2.379497	0.561089	355	122	354	2.132
0.785398	1.440580	2.260026	52	304	2	2.111
0.000000	1.599406	1.426070	27	335	327	2.111
0.261799	2.299159	2.264663	48	294	345	2.111
-3.141593	1.977582	0.969896	50	302	338	2.111
0.000000	0.961715	0.014085	22	280	347	2.111
-2.879793	2.295480	1.008277	26	37	7	2.111
-0.785398	2.979456	-1.009304	24	282	336	2.111
-1.308997	1.606104	-0.451151	306	115	328	2.111
1.308997	0.297065	2.160177	26	295	5	2.111
-3.141593	0.618092	2.539118	21	339	332	2.111
2.094395	1.214854	-1.966664	32	35	9	2.111
2.879793	0.960688	-0.577532	17	315	7	2.111
1.832596	0.418037	1.360082	29	288	333	2.111
-1.832596	1.374601	-2.456031	25	278	337	2.111
0.000000	1.440580	2.260026	43	296	2	2.111
0.785398	2.379497	0.561089	31	293	351	2.111
-2.356194	0.458961	-0.107937	22	301	9	2.111
0.261799	1.599406	1.426070	26	334	327	2.111
-1.308997	0.700570	1.559208	18	293	8	2.111
1.832596	2.724429	-0.348782	51	349	344	2.074
2.094395	1.809167	1.213774	53	313	352	2.074
0.523599	2.104282	-0.813972	51	304	346	2.045
1.047198	2.089241	-0.114193	53	307	351	2.045
-1.308997	0.619654	-2.216909	318	92	14	2.045
-2.879793	0.762244	-0.273349	56	308	350	2.045
2.617994	0.203748	0.590255	23	298	6	2.045
0.523599	2.455966	-0.641220	50	304	343	2.045
2.356194	2.001437	0.381215	49	351	6	2.045
-0.523599	2.719179	-1.780644	44	307	334	2.045
-0.785398	0.080730	-2.622036	16	297	5	2.045
1.047198	2.247462	0.191623	317	88	12	2.045
0.523599	2.108018	1.311430	20	337	332	2.045
1.308997	1.374601	-2.456031	354	121	339	2.045
2.617994	2.456751	-1.503343	21	287	324	2.045
-1.832596	1.413347	-1.339188	315	95	10	2.045
-1.570796	1.325504	-1.671296	316	93	8	2.045
2.879793	2.299159	2.264663	18	291	2	2.045
-0.785398	2.174483	2.653697	24	329	330	2.045
-2.617994	1.134497	-1.109631	47	304	3	2.045
-2.094395	0.615174	-0.666022	17	300	6	2.045
-1.832596	1.696674	-1.253233	314	96	8	2.045
0.261799	2.343981	-1.040456	49	303	342	2.045
-0.261799	2.180315	-1.357379	44	299	340	2.045
2.356194	0.831641	0.616218	41	340	18	2.045
0.000000	2.478122	2.609777	27	327	328	2.045
-0.261799	1.135834	-1.431087	43	297	353	2.045
-1.832596	2.089241	-0.114193	23	285	353	2.045
0.523599	1.050534	3.042579	28	290	350	2.045
1.308997	1.696674	-1.253233	44	23	9	2.037
1.047198	1.555207	1.708892	30	287	347	2.016
-1.308997	2.587733	0.232235	21	290	332	2.016
0.261799	1.555207	1.708892	20	282	335	2.016
1.570796	2.579248	-2.364801	23	275	328	2.016
-0.523599	1.025536	1.576859	19	289	329	2.016
-2.356194	2.295480	1.008277	27	286	333	2.016
2.356194	1.433411	-1.035986	28	294	333	2.016
-0.785398	1.310100	1.488307	21	288	331	2.016
1.832596	2.063651	-2.044600	28	278	333	2.016
-2.094395	2.588535	-2.976617	19	346	335	2.016
2.356194	1.982574	-1.115518	24	289	325	2.016
0.000000	0.571433	-1.188419	18	285	329	2.016
2.094395	2.456751	-1.503343	21	280	323	2.016
-2.617994	2.073035	2.027405	44	353	344	2.008
0.523599	0.370812	-2.547742	46	330	10	2.008
1.047198	0.419640	2.974122	46	301	357	1.979
1.308997	1.218453	2.777284	49	303	344	1.979
0.261799	1.982574	-1.115518	49	302	345	1.979
0.523599	1.875281	0.107086	32	293	357	1.979
-1.308997	0.379747	-1.713059	16	296	4	1.979
1.308997	0.910508	1.903534	44	299	356	1.979
1.832596	1.555207	1.708892	51	305	350	1.979
0.785398	2.180315	-1.357379	6	73	15	1.979
-2.356194	1.948085	-2.363031	25	333	330	1.979
-0.261799	1.721184	-0.153948	24	292	0	1.979
-2.094395	1.870545	-2.976234	26	335	330	1.979
1.570796	1.310100	1.488307	48	302	356	1.979
-1.308997	2.349581	-2.702517	33	327	327	1.979
-1.047198	0.379747	-1.713059	19	295	4	1.979
-2.879793	2.104282	-0.813972	43	349	332	1.979
-1.308997	2.356369	3.005869	31	333	328	1.979
1.832596	1.998705	2.370472	20	280	331	1.979
-1.570796	2.033014	2.977192	26	333	330	1.979
-1.047198	1.875281	0.107086	318	92	14	1.979
-0.523599	1.554776	0.100351	18	295	3	1.979
-1.570796	1.736875	3.023612	22	333	333	1.979
2.617994	2.349581	-2.702517	34	333	327	1.979
-2.094395	1.998705	2.370472	30	343	334	1.979
0.523599	1.256302	0.062705	29	299	6	1.979
-0.785398	2.033014	2.977192	25	328	330	1.979
-0.523599	1.413347	-1.339188	26	290	354	1.979
-1.047198	1.045978	0.343692	318	83	9	1.950
-3.141593	1.658653	-2.409879	26	276	341	1.950
1.308997	0.866395	-2.492918	30	292	9	1.950
-1.047198	1.256302	0.062705	316	85	3	1.950
-0.261799	1.948085	-2.363031	24	282	353	1.950
0.000000	0.458961	-0.107937	27	287	3	1.950
0.000000	1.569311	-3.003978	323	84	21	1.950
-1.308997	2.251330	-2.330739	38	296	2	1.950
0.523599	0.290380	-0.796960	40	294	3	1.950
1.308997	1.606104	-0.451151	355	116	332	1.950
-0.785398	0.762244	-0.273349	317	84	12	1.950
-0.261799	1.184361	0.625864	28	291	336	1.950
1.047198	0.685216	-1.712745	42	293	1	1.950
-1.570796	1.014500	0.906702	314	88	16	1.950
0.000000	1.014500	0.906702	50	295	356	1.950
1.047198	1.606104	-0.451151	353	112	332	1.950
1.047198	0.899350	-2.069907	41	293	1	1.950
0.000000	1.948085	-2.363031	14	278	327	1.950
1.570796	0.866955	-0.931351	58	305	352	1.950
0.785398	0.762244	-0.273349	54	298	352	1.950
1.570796	1.128190	-2.288622	52	299	0	1.950
-2.879793	2.180315	-1.357379	346	134	329	1.950
-0.261799	1.741644	-2.695914	305	92	6	1.950
-1.047198	1.736875	3.023612	23	273	337	1.950
0.000000	1.135813	-2.658866	320	89	25	1.950
-1.570796	1.335669	0.897240	313	88	9	1.950
0.523599	1.168678	2.108595	36	300	11	1.949
-1.047198	0.496451	0.593859	16	289	5	1.949
2.094395	1.135813	-2.658866	53	349	348	1.942
2.356194	1.391910	3.030322	53	347	345	1.942
-2.879793	1.555207	1.708892	36	32	11	1.942
-0.261799	2.379497	0.561089	1	3	17	1.913
0.785398	1.504028	0.636812	29	296	3	1.913
-1.308997	1.766067	2.153843	19	336	339	1.913
-0.785398	2.588535	-2.976617	35	331	327	1.913
2.617994	0.496451	0.593859	38	336	18	1.913
2.094395	0.297065	2.160177	48	335	13	1.913
1.308997	2.089241	-0.114193	356	117	359	1.905
-2.617994	1.450119	-2.739050	28	284	345	1.884
-0.523599	0.418037	1.360082	317	85	0	1.884
2.356194	1.809167	1.213774	38	299	334	1.884
-0.785398	1.948085	-2.363031	35	301	335	1.884
-3.141593	2.108018	1.311430	16	273	328	1.884
-2.094395	1.554776	0.100351	14	334	334	1.884
-1.308997	1.256302	0.062705	40	297	358	1.884
0.523599	0.203748	0.590255	38	302	8	1.884
-1.047198	1.909857	-0.381669	23	324	325	1.884
1.832596	2.579248	-2.364801	19	288	1	1.884
-2.617994	1.433411	-1.035986	9	73	16	1.884
-0.261799	1.824694	1.850876	42	291	352	1.884
-1.832596	0.910508	1.903534	320	94	26	1.884
0.523599	2.356369	3.005869	45	292	344	1.884
-1.570796	0.914445	2.687814	31	340	23	1.884
-2.879793	1.413347	-1.339188	27	299	10	1.884
1.570796	0.290380	-0.796960	40	301	6	1.884
-0.261799	1.440580	2.260026	38	294	2	1.884
1.047198	1.014500	0.906702	25	297	7	1.884
-2.617994	2.063651	-2.044600	10	304	8	1.883
1.308997	0.290380	-0.796960	37	297	6	1.883
0.785398	0.615174	-0.666022	49	295	356	1.883
0.000000	1.869911	2.701025	37	291	356	1.883
1.047198	1.325504	-1.671296	356	119	356	1.869
-1.308997	0.762244	-0.273349	34	36	12	1.847
0.785398	1.809167	1.213774	28	291	355	1.847
0.000000	0.831641	0.616218	33	289	0	1.818
-1.570796	1.569311	-3.003978	42	293	349	1.818
-0.261799	0.831641	0.616218	28	287	0	1.818
1.047198	2.407836	1.410646	29	292	346	1.818
-1.308997	2.041297	-2.664597	43	295	357	1.818
0.785398	1.736875	3.023612	48	296	358	1.818
-3.141593	2.115563	0.685730	28	37	12	1.818
-2.879793	2.979456	-1.009304	23	332	331	1.818
-1.832596	0.929350	-2.910676	18	335	343	1.818
-0.261799	1.450119	-2.739050	319	87	19	1.818
0.000000	2.356369	3.005869	30	287	339	1.818
1.308997	1.194549	-0.801900	55	302	345	1.818
-1.570796	2.063651	-2.044600	17	342	337	1.818
1.570796	2.407836	1.410646	48	302	342	1.818
-1.308997	0.866955	-0.931351	19	295	3	1.818
0.261799	1.998705	2.370472	47	294	351	1.818
-3.141593	1.214854	-1.966664	321	91	22	1.818
-1.308997	1.214854	-1.966664	49	305	2	1.818
1.308997	1.909857	-0.381669	10	76	17	1.818
-2.879793	1.214854	-1.966664	324	89	22	1.818
0.785398	1.113094	-0.272241	53	298	346	1.818
-0.523599	0.591903	2.010408	30	300	12	1.818
2.617994	1.812176	0.656819	47	297	341	1.818
-2.879793	1.809167	1.213774	48	306	333	1.818
2.617994	2.719179	-1.780644	26	335	330	1.818
0.523599	2.247462	0.191623	45	297	349	1.818
-1.308997	1.736875	3.023612	22	330	332	1.818
-2.617994	1.948085	-2.363031	317	94	21	1.818
0.523599	0.762244	-0.273349	35	289	357	1.818
2.879793	1.335669	0.897240	50	307	335	1.818
2.617994	1.741644	-2.695914	27	31	358	1.818
-2.879793	1.870545	-2.976234	32	340	330	1.818
-3.141593	1.184361	0.625864	54	311	339	1.818
0.785398	1.310100	1.488307	30	327	325	1.818
-0.261799	1.617114	-1.572037	43	296	346	1.818
-2.094395	1.135813	-2.658866	21	287	355	1.817
1.047198	0.992645	-1.723759	356	119	0	1.773
0.523599	0.866395	-2.492918	48	300	350	1.752
1.308997	0.914445	2.687814	49	301	351	1.752
1.308997	2.863997	0.549740	49	306	340	1.752
0.523599	1.617114	-1.572037	23	280	337	1.752
1.570796	1.374601	-2.456031	353	125	339	1.752
-3.141593	1.367556	0.358405	55	308	344	1.752
-2.356194	1.374601	-2.456031	20	337	337	1.752
0.261799	2.001437	0.381215	26	290	355	1.752
2.879793	1.301460	-0.509251	36	295	2	1.752
0.000000	1.683268	0.374177	22	292	1	1.752
1.047198	1.413430	2.550734	45	299	343	1.752
0.785398	1.617114	-1.572037	24	284	337	1.752
-1.832596	0.960688	-0.577532	13	301	5	1.752
-1.570796	1.870545	-2.976234	24	330	330	1.752
0.261799	0.640596	-2.797608	42	297	353	1.752
-2.356194	1.658653	-2.409879	21	335	334	1.752
1.308997	1.658653	-2.409879	352	122	336	1.752
-1.832596	1.869911	2.701025	26	340	333	1.752
-1.570796	2.393226	1.857173	26	340	333	1.752
-2.094395	1.510910	-0.740472	304	108	6	1.752
2.879793	2.719179	-1.780644	25	334	330	1.752
0.261799	2.760637	2.781135	26	331	330	1.752
-0.785398	0.960688	-0.577532	39	330	14	1.752
-3.141593	1.870545	-2.976234	25	30	357	1.752
-1.308997	2.478122	2.609777	29	337	329	1.752
0.785398	1.904882	-1.478089	23	285	334	1.752
-2.617994	1.736875	3.023612	31	342	332	1.752
2.617994	2.251330	-2.330739	33	337	328	1.752
1.570796	1.812176	0.656819	52	308	354	1.752
-1.832596	0.850607	-1.335383	53	310	359	1.752
1.047198	1.310100	1.488307	27	293	0	1.752
0.261799	1.836682	-0.676006	48	300	352	1.751
-0.261799	1.555207	1.708892	28	287	359	1.751
-1.832596	0.961715	0.014085	17	306	9	1.751
-0.523599	1.195355	1.200319	13	24	352	1.723
2.879793	1.113094	-0.272241	38	293	358	1.722
-1.832596	0.640596	-2.797608	22	280	337	1.722
-3.141593	0.370812	-2.547742	26	281	332	1.722
1.832596	1.948085	-2.363031	30	280	339	1.722
-2.094395	0.370812	-2.547742	20	279	333	1.722
1.308997	1.870545	-2.976234	27	275	346	1.722
1.832596	1.824694	1.850876	40	35	13	1.722
2.879793	2.104282	-0.813972	16	295	321	1.722
-1.047198	1.168678	2.108595	23	283	335	1.722
1.047198	2.164094	-2.991358	24	270	340	1.722
-1.832596	1.599406	1.426070	30	290	5	1.722
2.094395	1.113094	-0.272241	25	286	358	1.722
-0.785398	0.591903	2.010408	19	283	330	1.722
-0.785398	0.906588	1.252948	11	22	353	1.722
1.570796	1.948085	-2.363031	31	26	356	1.722
2.879793	0.961715	0.014085	24	43	11	1.722
0.785398	2.299159	2.264663	28	276	338	1.722
1.308997	2.180315	-1.357379	24	283	343	1.722
-1.047198	2.637879	2.121598	60	341	348	1.686
-0.523599	0.370812	-2.547742	19	293	1	1.686
0.785398	2.089241	-0.114193	50	303	351	1.686
-2.094395	1.736875	3.023612	26	339	332	1.686
-0.261799	1.413347	-1.339188	30	291	354	1.686
-1.308997	1.545873	-1.877082	310	96	354	1.686
-2.617994	2.456751	-1.503343	22	332	332	1.686
1.047198	1.872854	1.543456	30	291	351	1.686
0.000000	1.554776	0.100351	25	294	3	1.686
-1.308997	1.836682	-0.676006	318	91	11	1.686
-1.832596	1.870545	-2.976234	25	333	330	1.686
-0.785398	2.299159	2.264663	22	331	332	1.686
-2.094395	1.488617	1.159546	48	346	336	1.686
-0.523599	0.080730	-2.622036	20	296	5	1.686
-1.832596	1.433411	-1.035986	305	103	4	1.686
0.000000	1.374601	-2.456031	41	298	342	1.686
-1.570796	1.574060	2.783565	20	335	336	1.686
-1.047198	2.343981	-1.040456	46	345	17	1.686
1.832596	2.251330	-2.330739	38	336	328	1.686
-2.356194	2.637879	2.121598	39	339	330	1.686
0.000000	2.588535	-2.976617	34	332	327	1.686
1.570796	2.295480	1.008277	52	306	345	1.686
-3.141593	2.456751	-1.503343	25	338	332	1.686
-2.356194	2.164094	-2.991358	31	334	328	1.686
-2.617994	1.256302	0.062705	28	291	341	1.656
-0.523599	1.135813	-2.658866	28	284	345	1.656
1.047198	1.977582	0.969896	28	289	332	1.656
-0.785398	2.356369	3.005869	27	278	341	1.656
-0.261799	1.732874	-0.951685	341	134	330	1.656
-0.261799	2.588535	-2.976617	28	276	342	1.656
-2.356194	0.418037	1.360082	21	279	338	1.656
-2.617994	2.138223	1.678323	14	340	340	1.656
0.000000	1.335669	0.897240	50	294	349	1.656
-2.617994	0.866395	-2.492918	28	287	335	1.656
-1.047198	1.732874	-0.951685	19	294	324	1.656
0.785398	2.138223	1.678323	29	281	336	1.656
-1.047198	1.014500	0.906702	27	277	338	1.656
-1.570796	1.168678	2.108595	11	298	9	1.656
-1.047198	1.433411	-1.035986	13	328	336	1.656
-1.308997	1.433411	-1.035986	13	333	336	1.656
0.785398	2.041297	-2.664597	30	285	352	1.656
2.617994	1.696674	-1.253233	24	304	13	1.656
-1.570796	2.041297	-2.664597	26	282	348	1.656
2.617994	1.413430	2.550734	21	291	7	1.656
0.785398	1.134796	2.434290	28	291	354	1.620
1.570796	1.662363	0.915448	50	306	355	1.620
-2.617994	2.664082	-1.071402	22	332	333	1.620
0.000000	1.367556	0.358405	23	296	5	1.620
0.785398	0.370812	-2.547742	49	333	10	1.620
0.785398	1.184361	0.625864	41	331	15	1.620
1.570796	1.256302	0.062705	46	343	15	1.620
0.785398	1.488617	1.159546	27	292	359	1.620
-0.523599	0.379747	-1.713059	41	328	12	1.620
1.047198	1.194549	-0.801900	51	343	10	1.620
-2.617994	1.504028	0.636812	57	344	343	1.620
-1.570796	2.108018	1.311430	53	347	339	1.620
-2.356194	2.041297	-2.664597	28	334	329	1.620
-1.308997	1.194549	-0.801900	15	296	2	1.620
-1.308997	2.588535	-2.976617	36	331	327	1.619
-2.356194	1.488617	1.159546	12	334	346	1.591
-0.785398	0.674054	1.013609	24	288	4	1.590
-1.308997	2.104282	-0.813972	23	333	325	1.590
-1.832596	2.393226	1.857173	18	33	1	1.590
-2.879793	2.984978	1.954446	18	289	327	1.590
0.000000	2.579248	-2.364801	14	287	325	1.590
-1.570796	0.992645	-1.723759	317	92	11	1.590
-1.047198	1.374601	-2.456031	26	291	337	1.590
-0.261799	1.391910	3.030322	16	292	7	1.590
2.879793	0.615174	-0.666022	14	311	7	1.590
0.261799	2.063651	-2.044600	48	303	6	1.590
-2.094395	2.760637	2.781135	14	290	325	1.590
2.094395	2.343981	-1.040456	46	308	330	1.590
-3.141593	1.574060	2.783565	30	34	2	1.590
0.523599	2.180315	-1.357379	23	282	333	1.590
0.000000	2.108018	1.311430	25	343	332	1.590
0.785398	1.168678	2.108595	51	338	18	1.590
2.094395	2.863997	0.549740	21	290	330	1.590
-2.879793	2.063651	-2.044600	318	103	26	1.590
-1.047198	1.869911	2.701025	314	90	15	1.590
-1.570796	2.001437	0.381215	21	321	328	1.590
0.785398	1.135834	-1.431087	29	285	354	1.590
2.879793	1.135813	-2.658866	323	86	1	1.590
-0.261799	0.910508	1.903534	44	301	6	1.590
0.523599	2.164094	-2.991358	42	291	347	1.590
2.879793	2.295480	1.008277	40	29	7	1.583
-0.523599	1.869911	2.701025	312	114	331	1.554
-0.523599	1.417623	-0.202254	20	295	3	1.554
1.308997	1.982574	-1.115518	55	346	349	1.554
2.094395	0.831641	0.616218	26	305	9	1.525
1.047198	2.251330	-2.330739	345	123	331	1.524
-2.617994	1.135813	-2.658866	319	86	12	1.524
0.785398	1.135813	-2.658866	50	302	345	1.524
2.094395	1.417623	-0.202254	27	288	358	1.524
-0.523599	1.606104	-0.451151	22	292	0	1.524
-0.785398	0.418037	1.360082	27	295	10	1.524
2.879793	2.724429	-0.348782	54	343	10	1.524
-0.523599	2.251330	-2.330739	39	305	334	1.524
0.785398	1.599406	1.426070	26	290	357	1.524
2.879793	2.637879	2.121598	47	313	335	1.524
-0.785398	1.194549	-0.801900	21	284	335	1.524
-0.523599	1.488617	1.159546	317	94	17	1.524
-1.308997	1.050534	3.042579	23	287	330	1.524
0.523599	1.846342	-1.796954	21	281	332	1.524
2.879793	2.984978	1.954446	47	310	335	1.524
-1.832596	1.875281	0.107086	19	328	328	1.524
-1.570796	2.187132	-0.479875	26	331	324	1.524
1.047198	2.108018	1.311430	29	292	350	1.524
0.261799	2.979456	-1.009304	47	310	335	1.524
0.261799	1.809167	1.213774	22	336	329	1.524
-1.570796	0.379747	-1.713059	15	296	2	1.524
-1.047198	2.247462	0.191623	13	337	5	1.524
-2.094395	0.379747	-1.713059	14	279	324	1.524
-1.047198	1.413347	-1.339188	36	346	23	1.524
0.785398	0.733948	3.021411	45	298	353	1.524
1.308997	1.168678	2.108595	47	299	351	1.524
1.570796	1.555207	1.708892	49	301	350	1.524
2.356194	1.448123	-2.163292	0	121	2	1.517
1.832596	1.812176	0.656819	351	130	11	1.517
1.047198	1.301460	-0.509251	54	298	342	1.495
-2.617994	1.413347	-1.339188	28	299	11	1.495
1.308997	0.866955	-0.931351	55	298	352	1.495
-1.832596	1.247695	1.809890	45	299	342	1.495
-2.617994	1.448123	-2.163292	323	88	23	1.495
-2.094395	0.864993	2.278281	41	297	342	1.495
-0.523599	2.164094	-2.991358	314	85	7	1.495
-1.832596	2.592629	0.909713	50	304	355	1.495
-0.523599	1.014500	0.906702	13	289	325	1.495
0.785398	0.458961	-0.107937	4	280	325	1.495
-2.879793	0.458961	-0.107937	40	333	328	1.495
0.785398	1.870545	-2.976234	47	291	354	1.495
-3.141593	1.904882	-1.478089	46	301	358	1.495
-0.523599	2.760637	2.781135	321	84	356	1.495
-0.523599	1.247695	1.809890	40	293	2	1.495
-1.832596	2.104282	-0.813972	14	28	350	1.495
1.047198	2.295480	1.008277	33	294	349	1.488
2.879793	1.824694	1.850876	54	348	349	1.488
1.832596	1.599406	1.426070	51	307	353	1.488
-1.570796	0.290380	-0.796960	23	298	7	1.459
-1.308997	1.824694	1.850876	19	336	340	1.459
2.356194	0.674054	1.013609	43	308	4	1.458
0.261799	1.242974	-2.977882	40	297	343	1.458
-0.523599	0.992645	-1.723759	26	290	355	1.458
1.570796	1.872854	1.543456	50	302	348	1.458
0.785398	0.914445	2.687814	43	297	351	1.458
-0.523599	1.301460	-0.509251	25	294	4	1.458
0.523599	1.683268	0.374177	29	293	0	1.458
0.785398	1.325504	-1.671296	24	283	340	1.458
-1.570796	2.073035	2.027405	24	340	335	1.458
-2.356194	2.063651	-2.044600	13	301	8	1.458
-1.308997	0.080730	-2.622036	12	302	5	1.458
-1.832596	2.164094	-2.991358	29	331	328	1.458
1.308997	0.864993	2.278281	47	300	354	1.458
2.879793	2.396274	-1.959260	27	337	330	1.458
1.308997	1.683268	0.374177	51	335	10	1.458
1.832596	2.356369	3.005869	38	327	327	1.458
1.832596	2.393226	1.857173	47	304	339	1.458
-3.141593	2.664082	-1.071402	23	338	334	1.458
1.308997	2.760637	2.781135	31	325	328	1.458
-0.261799	2.063651	-2.044600	41	301	337	1.458
0.000000	2.033014	2.977192	30	321	329	1.458
-2.879793	1.741644	-2.695914	30	341	331	1.458
-0.785398	2.349581	-2.702517	35	327	327	1.458
-2.094395	1.194549	-0.801900	306	106	9	1.458
-1.308997	2.343981	-1.040456	47	343	17	1.458
0.785398	1.413347	-1.339188	24	284	342	1.458
-0.523599	1.662363	0.915448	318	93	16	1.458
2.356194	2.863997	0.549740	52	346	343	1.458
-0.785398	2.247462	0.191623	320	89	8	1.458
-1.047198	1.812176	0.656819	323	83	358	1.429
1.832596	1.448123	-2.163292	35	32	4	1.429
2.617994	1.134497	-1.109631	44	297	351	1.429
2.356194	1.948085	-2.363031	25	31	356	1.429
-0.785398	1.662363	0.915448	356	117	344	1.429
-1.832596	1.904882	-1.478089	53	304	358	1.429
-3.141593	0.615174	-0.666022	36	291	357	1.429
-1.047198	1.977582	0.969896	324	82	359	1.429
-2.617994	1.683268	0.374177	322	82	4	1.429
-2.879793	1.134497	-1.109631	32	295	7	1.429
-0.785398	1.214854	-1.966664	23	287	354	1.429
0.261799	1.504028	0.636812	23	271	334	1.429
-1.570796	1.433411	-1.035986	15	339	335	1.429
2.356194	1.658653	-2.409879	28	33	359	1.429
-1.047198	1.335669	0.897240	56	302	350	1.429
-0.261799	0.615174	-0.666022	21	287	332	1.429
-2.879793	0.850607	-1.335383	29	290	4	1.429
-0.523599	1.113094	-0.272241	320	83	4	1.429
-0.785398	1.721184	-0.153948	356	122	334	1.429
1.832596	1.413347	-1.339188	4	17	45	1.429
2.356194	1.413347	-1.339188	7	17	45	1.429
-2.356194	1.606104	-0.451151	22	343	329	1.429
-1.570796	2.979456	-1.009304	30	295	1	1.429
-3.141593	1.134497	-1.109631	29	293	7	1.429
1.570796	1.335669	0.897240	47	304	1	1.429
-2.094395	1.606104	-0.451151	19	339	329	1.429
-2.617994	0.906588	1.252948	19	277	328	1.429
-1.308997	2.180315	-1.357379	21	338	326	1.429
-3.141593	0.850607	-1.335383	25	289	4	1.429
-2.094395	2.180315	-1.357379	335	136	329	1.429
-3.141593	1.948085	-2.363031	17	29	356	1.429
-2.879793	1.135834	-1.431087	26	293	8	1.429
1.047198	2.180315	-1.357379	334	87	351	1.429
1.047198	1.756530	-2.105156	32	286	352	1.429
2.879793	0.762244	-0.273349	19	312	8	1.422
0.785398	2.455966	-0.641220	354	112	351	1.422
1.832596	2.455966	-0.641220	40	28	5	1.422
1.308997	0.370812	-2.547742	50	340	10	1.422
-0.523599	2.073035	2.027405	330	55	359	1.393
0.261799	1.256302	0.062705	27	298	6	1.392
0.523599	1.870545	-2.976234	28	286	356	1.392
0.785398	1.195355	1.200319	24	294	3	1.392
-1.308997	2.187132	-0.479875	307	98	358	1.392
0.261799	1.606104	-0.451151	47	301	355	1.392
-0.261799	1.433411	-1.035986	30	292	357	1.392
-1.832596	1.194549	-0.801900	307	103	9	1.392
2.617994	0.831641	0.616218	41	341	18	1.392
-2.094395	0.203748	0.590255	45	340	16	1.392
-1.570796	0.615174	-0.666022	20	299	7	1.392
0.785398	2.478122	2.609777	319	112	327	1.392
1.308997	2.033014	2.977192	43	306	334	1.392
1.832596	2.073035	2.027405	49	305	341	1.392
-2.094395	1.574060	2.783565	25	342	336	1.392
0.261799	1.741644	-2.695914	42	302	337	1.392
0.261799	1.909857	-0.381669	46	299	352	1.392
-2.879793	2.153910	-1.714959	22	336	334	1.392
0.523599	2.587733	0.232235	32	293	346	1.392
-1.570796	2.349581	-2.702517	33	328	327	1.392
-0.523599	2.349581	-2.702517	36	326	327	1.392
-0.523599	0.290380	-0.796960	45	336	15	1.392
0.785398	1.812176	0.656819	32	293	358	1.392
1.832596	2.588535	-2.976617	32	329	328	1.392
-2.879793	2.719179	-1.780644	35	334	19	1.392
0.000000	1.875281	0.107086	25	291	357	1.392
-0.523599	1.510910	-0.740472	24	291	358	1.392
1.308997	1.301460	-0.509251	49	345	12	1.392
-0.523599	1.325504	-1.671296	25	290	351	1.392
0.261799	2.041297	-2.664597	32	290	348	1.363
2.094395	1.374601	-2.456031	34	32	3	1.363
-1.047198	1.488617	1.159546	22	31	354	1.363
-2.879793	1.574060	2.783565	26	35	2	1.363
-1.570796	2.579248	-2.364801	325	222	348	1.363
-1.308997	1.809167	1.213774	30	32	356	1.363
-1.308997	0.591903	2.010408	23	297	12	1.363
-1.832596	0.914445	2.687814	17	308	15	1.363
1.832596	1.545873	-1.877082	34	33	5	1.363
0.523599	1.045978	0.343692	26	273	343	1.363
-3.141593	1.128190	-2.288622	6	88	24	1.363
1.570796	0.674054	1.013609	32	293	340	1.363
-1.570796	1.732874	-0.951685	17	337	331	1.363
0.523599	1.504028	0.636812	27	276	337	1.363
2.879793	0.899350	-2.069907	316	91	16	1.363
0.785398	1.448123	-2.163292	40	290	353	1.363
-2.094395	2.979456	-1.009304	349	124	327	1.363
1.308997	2.379497	0.561089	316	88	8	1.363
-1.047198	2.089241	-0.114193	27	322	324	1.363
1.570796	0.733948	3.021411	24	282	343	1.363
-3.141593	1.014500	0.906702	22	289	327	1.363
-1.570796	1.413430	2.550734	7	304	8	1.363
-1.308997	1.413430	2.550734	8	300	8	1.363
-2.356194	1.391910	3.030322	26	285	351	1.363
-2.617994	1.335669	0.897240	13	340	346	1.363
-0.523599	2.979456	-1.009304	32	341	324	1.363
-1.570796	1.242974	-2.977882	8	314	9	1.363
-1.047198	2.456751	-1.503343	14	298	8	1.363
-2.617994	1.977582	0.969896	14	337	336	1.363
-1.047198	2.063651	-2.044600	40	300	5	1.363
1.570796	1.545873	-1.877082	37	30	5	1.363
-2.094395	1.875281	0.107086	19	331	327	1.363
1.570796	2.180315	-1.357379	354	60	36	1.363
-1.047198	1.683268	0.374177	27	278	337	1.363
-1.308997	1.846342	-1.796954	21	286	333	1.363
0.261799	0.615174	-0.666022	24	287	1	1.363
-0.523599	1.872854	1.543456	26	31	354	1.363
0.785398	2.063651	-2.044600	39	291	341	1.363
-1.047198	2.356369	3.005869	311	93	4	1.363
0.785398	2.396274	-1.959260	36	294	336	1.363
-2.356194	1.977582	0.969896	13	332	336	1.363
-0.523599	1.045978	0.343692	26	284	331	1.363
-0.261799	1.510910	-0.740472	22	278	335	1.363
0.000000	0.914445	2.687814	24	301	15	1.363
0.000000	1.050534	3.042579	59	309	348	1.363
-3.141593	0.899350	-2.069907	319	88	16	1.363
0.261799	2.174483	2.653697	44	291	349	1.363
-0.261799	0.914445	2.687814	22	301	15	1.363
-1.308997	1.488617	1.159546	25	31	354	1.363
-1.832596	1.448123	-2.163292	39	297	2	1.363
2.879793	1.599406	1.426070	42	27	14	1.356
0.785398	0.960688	-0.577532	346	131	17	1.356
2.879793	1.977582	0.969896	50	352	354	1.355
0.000000	0.080730	-2.622036	25	296	4	1.327
-0.785398	1.870545	-2.976234	24	276	344	1.326
-1.047198	1.998705	2.370472	310	123	332	1.326
-0.785398	1.869911	2.701025	311	118	331	1.326
-0.785398	1.256302	0.062705	17	299	6	1.326
0.523599	1.134796	2.434290	22	291	353	1.326
2.356194	0.709924	0.218797	23	307	10	1.297
1.832596	2.153910	-1.714959	30	32	0	1.297
1.570796	1.977582	0.969896	320	89	358	1.297
0.261799	2.247462	0.191623	28	291	354	1.297
1.047198	1.448123	-2.163292	46	293	353	1.297
2.617994	0.458961	-0.107937	17	306	9	1.297
1.047198	1.741644	-2.695914	49	295	353	1.297
1.832596	0.618092	2.539118	23	282	347	1.297
1.570796	0.297065	2.160177	30	296	5	1.297
1.832596	1.506530	1.988858	51	304	348	1.297
1.570796	1.218453	2.777284	23	280	337	1.297
-2.094395	1.367556	0.358405	26	280	340	1.297
0.000000	1.310100	1.488307	28	330	326	1.297
2.617994	0.864993	2.278281	2	42	38	1.297
0.261799	0.297065	2.160177	14	298	4	1.297
0.000000	2.164094	-2.991358	30	283	344	1.297
1.832596	1.732874	-0.951685	313	98	17	1.297
-2.094395	2.664082	-1.071402	37	337	324	1.297
-3.141593	1.554776	0.100351	56	307	350	1.297
0.000000	1.870545	-2.976234	30	284	345	1.297
0.000000	1.766067	2.153843	44	293	355	1.297
0.523599	1.869911	2.701025	48	295	355	1.297
1.570796	2.704512	1.488683	45	301	339	1.297
1.047198	0.733948	3.021411	348	136	339	1.297
0.785398	1.658653	-2.409879	42	291	352	1.297
1.570796	1.870545	-2.976234	43	328	329	1.297
1.047198	2.174483	2.653697	37	321	330	1.297
2.879793	2.704512	1.488683	20	292	330	1.297
-1.047198	2.579248	-2.364801	40	307	333	1.297
2.617994	2.164094	-2.991358	57	354	351	1.297
-1.832596	1.617114	-1.572037	315	95	6	1.297
1.832596	1.904882	-1.478089	54	305	338	1.297
-1.308997	1.574060	2.783565	20	333	335	1.297
-2.356194	2.247462	0.191623	40	34	5	1.297
1.308997	0.419640	2.974122	49	303	358	1.297
-2.356194	1.574060	2.783565	29	344	335	1.297
-1.832596	1.128190	-2.288622	42	295	358	1.297
1.832596	1.574060	2.783565	23	284	333	1.297
1.570796	1.766067	2.153843	25	337	328	1.297
-1.832596	1.809167	1.213774	27	285	344	1.297
2.094395	2.664082	-1.071402	3	62	30	1.297
-2.356194	1.301460	-0.509251	9	309	4	1.297
-1.047198	0.914445	2.687814	31	337	23	1.297
1.832596	2.984978	1.954446	42	341	327	1.297
2.617994	0.709924	0.218797	22	307	9	1.297
-0.261799	0.762244	-0.273349	17	281	323	1.297
-0.261799	2.478122	2.609777	27	331	328	1.297
2.356194	2.592629	0.909713	18	296	8	1.297
-0.785398	0.914445	2.687814	32	336	23	1.297
2.094395	1.904882	-1.478089	315	96	19	1.297
2.094395	1.413430	2.550734	24	286	335	1.297
1.570796	2.984978	1.954446	45	339	327	1.297
2.094395	2.393226	1.857173	49	306	339	1.297
2.094395	0.674054	1.013609	28	302	9	1.297
1.832596	1.696674	-1.253233	55	307	339	1.297
2.879793	1.134497	-1.109631	25	294	8	1.297
2.356194	2.478122	2.609777	15	282	325	1.297
-2.356194	1.756530	-2.105156	17	296	7	1.297
-1.308997	1.982574	-1.115518	321	88	6	1.297
0.523599	1.440580	2.260026	50	301	2	1.297
1.047198	0.418037	1.360082	19	300	6	1.290
0.785398	0.709924	0.218797	29	277	348	1.268
1.047198	0.674054	1.013609	23	284	340	1.268
2.879793	1.870545	-2.976234	22	279	348	1.268
1.308997	1.824694	1.850876	27	279	340	1.268
1.047198	0.615174	-0.666022	26	274	348	1.268
2.094395	1.325504	-1.671296	32	284	341	1.268
1.308997	0.961715	0.014085	32	286	342	1.268
0.523599	1.247695	1.809890	23	285	340	1.268
0.785398	1.367556	0.358405	30	279	336	1.268
2.094395	2.041297	-2.664597	32	288	340	1.268
2.094395	1.135834	-1.431087	32	286	342	1.268
2.356194	2.588535	-2.976617	28	294	331	1.268
1.832596	2.478122	2.609777	30	294	335	1.268
0.523599	1.310100	1.488307	22	283	336	1.268
0.000000	1.555207	1.708892	20	279	336	1.268
1.570796	1.699788	2.452890	28	283	341	1.268
1.570796	2.478122	2.609777	31	289	335	1.268
1.047198	0.762244	-0.273349	19	286	330	1.268
2.617994	0.370812	-2.547742	22	279	335	1.268
1.570796	2.033014	2.977192	26	282	333	1.268
1.308997	2.637879	2.121598	29	289	330	1.268
-0.261799	0.458961	-0.107937	20	278	332	1.268
2.356194	2.041297	-2.664597	31	293	340	1.268
1.308997	0.571433	-1.188419	18	282	328	1.268
0.523599	2.592629	0.909713	24	288	324	1.268
1.832596	1.870545	-2.976234	27	287	334	1.268
1.832596	2.164094	-2.991358	32	285	340	1.268
2.356194	2.456751	-1.503343	23	285	340	1.268
0.523599	2.295480	1.008277	27	283	327	1.268
-1.047198	0.419640	2.974122	23	286	333	1.268
0.523599	1.506530	1.988858	23	286	340	1.268
1.047198	1.683268	0.374177	29	286	330	1.268
1.308997	2.393226	1.857173	30	291	333	1.268
0.261799	1.683268	0.374177	23	272	330	1.268
0.523599	2.115563	0.685730	26	281	326	1.268
1.832596	0.379747	-1.713059	20	277	327	1.268
2.617994	2.356369	3.005869	21	283	352	1.268
0.785398	1.766067	2.153843	28	277	348	1.268
0.785398	1.247695	1.809890	23	288	340	1.268
2.094395	0.850607	-1.335383	19	281	331	1.268
1.832596	2.760637	2.781135	28	291	329	1.268
0.000000	2.251330	-2.330739	16	282	326	1.268
0.785398	2.407836	1.410646	29	285	330	1.268
-2.879793	2.356369	3.005869	23	280	344	1.268
0.523599	2.001437	0.381215	24	280	325	1.268
0.261799	2.251330	-2.330739	17	284	326	1.268
1.832596	2.881233	-2.582574	22	290	337	1.268
2.879793	0.674054	1.013609	18	286	355	1.268
0.523599	2.407836	1.410646	28	280	330	1.268
0.785398	1.662363	0.915448	29	293	359	1.260
1.047198	1.367556	0.358405	32	301	5	1.260
1.047198	1.504028	0.636812	33	299	3	1.260
2.879793	1.506530	1.988858	54	349	351	1.260
-2.094395	2.407836	1.410646	57	336	343	1.260
1.308997	1.184361	0.625864	44	335	15	1.260
0.785398	0.379747	-1.713059	49	341	12	1.260
0.785398	1.214854	-1.966664	356	113	355	1.253
1.570796	0.864993	2.278281	50	303	354	1.231
0.000000	1.721184	-0.153948	26	292	0	1.231
-0.261799	2.984978	1.954446	23	331	331	1.231
0.000000	1.301460	-0.509251	30	296	4	1.231
1.308997	0.418037	1.360082	21	298	7	1.231
2.617994	1.450119	-2.739050	356	127	10	1.231
-2.356194	0.866955	-0.931351	53	308	358	1.231
0.523599	0.618092	2.539118	22	292	0	1.231
-0.523599	2.637879	2.121598	24	333	331	1.231
1.308997	1.736875	3.023612	46	306	336	1.231
-2.356194	1.510910	-0.740472	315	105	16	1.231
1.832596	1.195355	1.200319	49	307	358	1.231
2.094395	1.574060	2.783565	8	75	4	1.231
1.047198	0.297065	2.160177	24	295	5	1.231
-0.261799	2.637879	2.121598	23	330	332	1.231
0.000000	1.218453	2.777284	29	283	336	1.231
2.094395	2.478122	2.609777	40	325	328	1.231
-0.261799	1.836682	-0.676006	28	290	355	1.231
-0.523599	1.683268	0.374177	322	90	17	1.231
2.356194	1.869911	2.701025	351	123	335	1.231
-1.308997	1.301460	-0.509251	16	297	4	1.231
-2.617994	2.180315	-1.357379	19	333	336	1.231
2.094395	2.724429	-0.348782	50	329	10	1.231
-0.261799	0.419640	2.974122	14	295	1	1.231
2.356194	2.881233	-2.582574	27	328	329	1.231
2.356194	2.719179	-1.780644	27	337	331	1.231
-3.141593	2.299159	2.264663	43	337	331	1.231
-2.094395	0.850607	-1.335383	316	98	17	1.231
2.617994	1.869911	2.701025	350	126	335	1.231
-2.879793	1.545873	-1.877082	17	299	9	1.231
-1.832596	0.992645	-1.723759	315	96	11	1.231
2.094395	1.998705	2.370472	21	283	330	1.231
0.261799	0.831641	0.616218	19	303	9	1.231
0.523599	2.187132	-0.479875	50	302	348	1.231
2.879793	1.869911	2.701025	348	129	335	1.231
0.523599	1.374601	-2.456031	48	302	341	1.231
2.356194	2.138223	1.678323	52	313	342	1.231
2.356194	2.637879	2.121598	47	308	336	1.231
-1.832596	1.218453	2.777284	22	341	340	1.231
-0.785398	1.134796	2.434290	17	296	10	1.231
0.785398	0.297065	2.160177	21	295	5	1.231
-3.141593	1.335669	0.897240	50	310	334	1.231
-1.308997	2.760637	2.781135	340	127	331	1.231
-0.523599	2.478122	2.609777	26	330	329	1.231
-2.879793	2.760637	2.781135	15	285	326	1.231
2.356194	1.504028	0.636812	45	297	340	1.231
0.000000	0.419640	2.974122	18	293	1	1.231
2.617994	1.574060	2.783565	351	130	338	1.231
-2.356194	2.588535	-2.976617	357	2	24	1.231
-1.047198	1.194549	-0.801900	18	295	3	1.231
-2.094395	0.290380	-0.796960	20	298	6	1.231
0.000000	1.545873	-1.877082	45	298	344	1.231
-3.141593	0.866955	-0.931351	30	42	13	1.202
-1.308997	0.914445	2.687814	23	280	338	1.202
0.000000	2.174483	2.653697	24	284	354	1.202
-2.356194	2.174483	2.653697	23	280	334	1.202
0.523599	0.910508	1.903534	22	283	358	1.202
1.570796	0.850607	-1.335383	56	301	356	1.202
2.094395	1.504028	0.636812	33	40	5	1.202
1.832596	1.504028	0.636812	39	37	5	1.202
-2.617994	0.961715	0.014085	28	290	341	1.202
1.047198	1.025536	1.576859	26	290	354	1.202
2.094395	1.335669	0.897240	34	41	11	1.202
-3.141593	2.724429	-0.348782	18	283	331	1.202
0.523599	2.704512	1.488683	22	288	345	1.202
-1.308997	2.063651	-2.044600	13	339	337	1.202
1.308997	2.881233	-2.582574	17	272	324	1.202
1.832596	1.741644	-2.695914	58	307	355	1.202
2.879793	1.168678	2.108595	344	75	35	1.202
-3.141593	1.168678	2.108595	340	73	35	1.202
2.617994	2.407836	1.410646	20	40	0	1.202
0.523599	1.555207	1.708892	21	285	335	1.202
2.094395	0.762244	-0.273349	20	312	8	1.202
2.879793	1.909857	-0.381669	19	288	332	1.202
-2.879793	2.396274	-1.959260	27	278	343	1.202
1.570796	1.756530	-2.105156	35	29	1	1.202
1.832596	1.247695	1.809890	23	289	335	1.202
-1.047198	1.195355	1.200319	17	285	327	1.202
-2.094395	0.700570	1.559208	8	300	9	1.202
2.356194	1.335669	0.897240	9	78	11	1.202
0.261799	1.195355	1.200319	14	17	352	1.202
2.094395	1.045978	0.343692	37	39	11	1.202
2.094395	1.812176	0.656819	33	39	1	1.202
-2.094395	2.164094	-2.991358	17	347	344	1.202
-2.879793	2.704512	1.488683	47	350	342	1.194
2.094395	1.050534	3.042579	56	344	350	1.194
0.523599	0.419640	2.974122	40	298	358	1.165
-0.261799	1.909857	-0.381669	25	291	357	1.165
1.308997	2.001437	0.381215	52	307	353	1.165
-2.094395	1.699788	2.452890	52	302	347	1.165
2.617994	0.899350	-2.069907	58	344	4	1.165
2.617994	0.685216	-1.712745	58	345	4	1.165
1.047198	2.115563	0.685730	48	300	349	1.165
-1.308997	2.138223	1.678323	20	336	337	1.165
0.523599	1.218453	2.777284	26	290	348	1.165
0.000000	1.214854	-1.966664	44	297	348	1.165
0.785398	2.033014	2.977192	39	303	334	1.165
-0.261799	1.683268	0.374177	18	293	1	1.165
0.261799	1.450119	-2.739050	42	299	340	1.165
1.832596	1.977582	0.969896	53	310	349	1.165
2.356194	2.579248	-2.364801	31	333	327	1.165
1.308997	1.195355	1.200319	30	296	3	1.165
-0.261799	1.488617	1.159546	320	91	16	1.165
-0.523599	1.812176	0.656819	320	91	14	1.165
0.523599	1.569311	-3.003978	27	288	2	1.165
-2.617994	2.343981	-1.040456	19	335	337	1.165
1.047198	1.218453	2.777284	46	300	344	1.165
2.617994	2.579248	-2.364801	30	332	327	1.165
0.523599	1.014500	0.906702	22	297	6	1.165
-1.832596	2.174483	2.653697	29	339	331	1.165
0.000000	0.615174	-0.666022	46	338	15	1.165
1.047198	2.033014	2.977192	41	304	334	1.165
1.308997	1.510910	-0.740472	51	346	8	1.165
-1.832596	2.478122	2.609777	34	339	329	1.165
-1.308997	0.571433	-1.188419	19	296	5	1.165
1.308997	2.592629	0.909713	48	302	342	1.165
-1.570796	2.455966	-0.641220	45	342	18	1.165
-2.617994	2.041297	-2.664597	28	335	329	1.165
0.000000	2.349581	-2.702517	37	328	327	1.165
-0.261799	2.349581	-2.702517	35	327	327	1.165
2.356194	1.195355	1.200319	50	341	12	1.165
0.785398	2.456751	-1.503343	327	88	351	1.136
1.570796	1.450119	-2.739050	54	302	0	1.136
-2.879793	2.592629	0.909713	54	301	347	1.136
2.879793	0.910508	1.903534	320	84	15	1.136
2.094395	1.696674	-1.253233	56	311	338	1.136
-0.523599	2.180315	-1.357379	20	327	326	1.136
-1.832596	2.637879	2.121598	24	274	337	1.136
1.832596	2.180315	-1.357379	50	304	332	1.136
-2.094395	1.696674	-1.253233	25	308	12	1.136
-0.785398	2.104282	-0.813972	14	17	350	1.136
0.261799	0.914445	2.687814	5	28	40	1.136
-1.308997	1.134796	2.434290	353	124	334	1.136
1.570796	1.696674	-1.253233	54	302	338	1.136
1.570796	1.135813	-2.658866	36	297	9	1.136
-0.785398	2.592629	0.909713	12	272	323	1.136
0.261799	2.637879	2.121598	49	296	338	1.136
0.000000	0.866955	-0.931351	313	87	4	1.136
2.094395	1.433411	-1.035986	28	289	332	1.136
-1.308997	1.335669	0.897240	317	84	9	1.136
0.523599	0.080730	-2.622036	336	62	36	1.136
-0.523599	0.866955	-0.931351	20	284	332	1.136
2.617994	1.606104	-0.451151	347	136	332	1.136
1.832596	2.396274	-1.959260	52	302	335	1.136
-2.094395	1.824694	1.850876	16	279	324	1.136
-1.308997	2.664082	-1.071402	33	339	323	1.136
0.261799	0.080730	-2.622036	336	65	36	1.136
1.832596	1.433411	-1.035986	28	284	332	1.136
-0.785398	2.063651	-2.044600	8	83	22	1.136
0.785398	2.863997	0.549740	40	340	324	1.136
-1.047198	2.979456	-1.009304	37	341	324	1.136
2.094395	1.168678	2.108595	10	47	35	1.136
0.523599	1.113094	-0.272241	300	108	5	1.136
1.308997	1.433411	-1.035986	54	300	340	1.136
-2.879793	1.606104	-0.451151	30	347	329	1.136
-0.785398	1.128190	-2.288622	26	283	350	1.136
2.356194	1.824694	1.850876	24	287	336	1.136
-1.308997	1.014500	0.906702	53	298	346	1.136
-1.308997	2.637879	2.121598	316	89	357	1.136
0.000000	0.496451	0.593859	26	290	331	1.136
1.308997	1.836682	-0.676006	351	114	329	1.136
-1.308997	1.948085	-2.363031	20	289	8	1.136
-1.308997	1.135834	-1.431087	21	289	356	1.136
-1.832596	2.180315	-1.357379	27	343	326	1.136
-1.570796	1.699788	2.452890	44	298	335	1.136
-2.879793	1.504028	0.636812	17	345	339	1.136
-0.523599	1.555207	1.708892	25	25	351	1.136
0.000000	1.696674	-1.253233	321	84	358	1.136
-1.832596	2.664082	-1.071402	37	339	323	1.136
1.308997	1.448123	-2.163292	37	289	357	1.136
1.047198	0.960688	-0.577532	55	299	348	1.136
-2.356194	2.089241	-0.114193	14	24	350	1.136
-0.785398	2.664082	-1.071402	9	300	5	1.136
-0.523599	0.960688	-0.577532	318	83	8	1.136
-0.261799	0.929350	-2.910676	46	352	340	1.128
-0.523599	2.404280	-0.174044	5	2	15	1.128
0.523599	0.914445	2.687814	24	291	355	1.099
0.785398	2.979456	-1.009304	21	305	328	1.099
-3.141593	2.407836	1.410646	50	351	345	1.099
0.785398	1.554776	0.100351	33	299	3	1.099
1.047198	2.379497	0.561089	49	302	345	1.099
0.523599	1.909857	-0.381669	49	302	352	1.099
2.617994	1.335669	0.897240	47	347	13	1.099
0.523599	2.588535	-2.976617	33	330	327	1.099
0.000000	1.741644	-2.695914	39	301	337	1.099
-2.356194	0.203748	0.590255	44	338	16	1.099
1.570796	0.831641	0.616218	39	337	18	1.099
-0.261799	1.335669	0.897240	322	93	19	1.099
-1.308997	1.909857	-0.381669	307	99	3	1.099
-2.356194	2.343981	-1.040456	19	332	337	1.099
-1.832596	2.719179	-1.780644	41	336	19	1.099
-3.141593	2.138223	1.678323	51	351	346	1.099
-0.785398	0.496451	0.593859	20	290	5	1.099
1.047198	0.080730	-2.622036	48	336	13	1.099
-0.261799	2.073035	2.027405	332	52	359	1.099
0.785398	0.850607	-1.335383	42	291	355	1.070
-2.094395	1.135834	-1.431087	314	98	14	1.070
-0.261799	1.050534	3.042579	17	299	13	1.070
1.047198	1.617114	-1.572037	32	287	347	1.070
-2.617994	0.866955	-0.931351	37	298	3	1.070
2.879793	2.138223	1.678323	352	128	340	1.070
0.000000	0.709924	0.218797	30	287	359	1.070
-3.141593	2.063651	-2.044600	318	106	26	1.070
-2.879793	1.135813	-2.658866	315	90	11	1.070
0.785398	1.756530	-2.105156	40	290	347	1.070
-2.356194	2.001437	0.381215	18	332	328	1.070
-0.785398	1.909857	-0.381669	25	321	325	1.070
0.261799	0.709924	0.218797	36	289	358	1.070
0.785398	1.948085	-2.363031	41	290	347	1.070
0.523599	0.458961	-0.107937	34	292	3	1.070
-2.094395	1.440580	2.260026	52	302	343	1.070
-0.523599	1.050534	3.042579	15	301	13	1.070
-1.308997	0.906588	1.252948	26	276	341	1.070
-2.879793	1.128190	-2.288622	319	88	17	1.070
1.047198	1.846342	-1.796954	44	292	342	1.070
0.000000	2.592629	0.909713	49	323	326	1.070
-1.570796	0.591903	2.010408	28	283	341	1.070
1.832596	1.554776	0.100351	52	340	332	1.070
-2.356194	1.195355	1.200319	13	333	351	1.070
-3.141593	0.419640	2.974122	26	303	15	1.070
0.523599	2.724429	-0.348782	48	303	341	1.070
1.047198	2.396274	-1.959260	40	294	336	1.070
1.308997	0.674054	1.013609	23	298	8	1.070
-0.261799	0.080730	-2.622036	22	295	6	1.070
1.047198	1.904882	-1.478089	43	294	338	1.070
2.617994	1.736875	3.023612	51	305	343	1.070
2.356194	1.025536	1.576859	311	98	16	1.070
-1.308997	2.404280	-0.174044	32	327	322	1.070
-2.617994	2.592629	0.909713	22	36	3	1.070
1.047198	2.881233	-2.582574	13	292	4	1.070
0.785398	1.846342	-1.796954	39	291	342	1.070
-3.141593	2.704512	1.488683	42	294	346	1.070
2.094395	0.866395	-2.492918	35	32	11	1.070
-0.523599	2.456751	-1.503343	43	300	338	1.070
0.785398	0.290380	-0.796960	30	292	7	1.070
0.261799	1.325504	-1.671296	22	294	3	1.070
0.261799	1.135813	-2.658866	354	132	349	1.070
-2.094395	0.914445	2.687814	17	309	14	1.070
-0.785398	1.184361	0.625864	339	57	32	1.070
-2.879793	1.599406	1.426070	15	282	323	1.070
-1.047198	1.310100	1.488307	22	24	351	1.070
1.570796	1.554776	0.100351	54	336	332	1.070
-0.261799	1.574060	2.783565	19	289	5	1.070
0.523599	1.433411	-1.035986	26	286	345	1.070
-2.356194	1.846342	-1.796954	27	285	333	1.070
0.785398	0.961715	0.014085	55	300	350	1.070
-2.879793	0.080730	-2.622036	53	327	11	1.070
-2.356194	2.356369	3.005869	21	348	340	1.070
1.832596	1.045978	0.343692	26	287	346	1.070
2.879793	1.545873	-1.877082	320	100	27	1.070
-0.785398	1.574060	2.783565	11	294	5	1.070
1.308997	2.343981	-1.040456	335	92	349	1.070
1.308997	1.247695	1.809890	58	345	5	1.070
2.879793	1.195355	1.200319	18	285	324	1.070
-1.832596	2.456751	-1.503343	31	344	326	1.070
-2.617994	2.760637	2.781135	25	345	331	1.070
2.356194	1.045978	0.343692	35	291	346	1.070
2.094395	2.979456	-1.009304	34	303	328	1.070
2.879793	1.184361	0.625864	27	287	329	1.070
2.356194	0.866395	-2.492918	32	35	11	1.070
-0.785398	2.153910	-1.714959	38	298	338	1.070
-2.094395	2.089241	-0.114193	24	332	324	1.070
-1.832596	1.574060	2.783565	313	107	22	1.070
-2.617994	0.080730	-2.622036	53	330	11	1.070
2.879793	0.080730	-2.622036	32	297	10	1.070
2.879793	1.413347	-1.339188	22	299	11	1.070
-3.141593	1.325504	-1.671296	19	297	9	1.070
-2.094395	2.393226	1.857173	21	34	0	1.070
-3.141593	1.599406	1.426070	14	281	323	1.070
1.047198	1.135834	-1.431087	34	287	354	1.070
-1.308997	0.864993	2.278281	19	289	325	1.070
1.570796	1.417623	-0.202254	56	314	339	1.070
-0.523599	1.574060	2.783565	14	291	5	1.070
-2.879793	0.899350	-2.069907	323	86	16	1.070
-1.047198	1.440580	2.260026	13	293	6	1.070
-1.832596	1.168678	2.108595	8	303	9	1.070
1.047198	2.719179	-1.780644	57	304	357	1.070
-0.523599	0.899350	-2.069907	37	295	351	1.070
2.879793	1.732874	-0.951685	328	88	352	1.070
2.617994	0.733948	3.021411	41	28	13	1.062
2.094395	1.195355	1.200319	49	338	12	1.033
1.308997	1.367556	0.358405	33	303	5	1.033
-0.785398	1.417623	-0.202254	17	296	3	1.033
-2.356194	1.113094	-0.272241	56	354	357	1.033
1.308997	1.335669	0.897240	33	298	3	1.033
0.523599	0.379747	-1.713059	49	338	12	1.033
-2.617994	0.992645	-1.723759	11	3	32	1.033
-2.356194	1.025536	1.576859	28	287	358	1.004
2.094395	1.683268	0.374177	27	288	349	1.004
-2.879793	1.433411	-1.035986	32	301	9	1.004
1.308997	1.450119	-2.739050	51	299	359	1.004
1.570796	0.906588	1.252948	43	302	1	1.004
0.785398	0.618092	2.539118	27	291	358	1.004
1.570796	1.824694	1.850876	49	301	346	1.004
2.356194	0.418037	1.360082	30	300	7	1.004
2.356194	1.569311	-3.003978	357	125	10	1.004
1.047198	0.700570	1.559208	22	295	4	1.004
0.000000	1.732874	-0.951685	47	299	351	1.004
0.261799	1.417623	-0.202254	45	301	0	1.004
2.879793	0.700570	1.559208	5	77	25	1.004
-1.047198	0.080730	-2.622036	13	299	4	1.004
-2.879793	0.290380	-0.796960	22	297	2	1.004
-3.141593	0.992645	-1.723759	17	293	5	1.004
1.832596	2.343981	-1.040456	346	115	327	1.004
-1.047198	1.214854	-1.966664	50	308	2	1.004
1.570796	1.025536	1.576859	46	301	358	1.004
1.570796	2.138223	1.678323	48	301	343	1.004
-2.617994	0.615174	-0.666022	13	305	7	1.004
1.308997	0.929350	-2.910676	24	281	341	1.004
-3.141593	2.041297	-2.664597	22	28	355	1.004
-2.617994	0.290380	-0.796960	17	300	6	1.004
1.047198	2.579248	-2.364801	37	336	327	1.004
0.261799	2.033014	2.977192	31	322	329	1.004
1.047198	1.574060	2.783565	45	300	339	1.004
1.047198	2.863997	0.549740	47	303	340	1.004
0.523599	2.393226	1.857173	27	346	335	1.004
0.785398	2.588535	-2.976617	32	330	326	1.004
-3.141593	0.458961	-0.107937	18	304	9	1.004
-0.261799	1.301460	-0.509251	324	82	2	1.004
2.356194	1.574060	2.783565	47	336	335	1.004
0.000000	2.089241	-0.114193	27	291	356	1.004
2.617994	2.089241	-0.114193	28	277	342	1.004
0.523599	1.872854	1.543456	25	337	328	1.004
-3.141593	2.251330	-2.330739	29	334	328	1.004
0.523599	1.809167	1.213774	21	333	329	1.004
0.523599	1.214854	-1.966664	23	278	340	1.004
2.879793	0.458961	-0.107937	17	305	8	1.004
2.617994	2.393226	1.857173	50	314	338	1.004
1.832596	0.762244	-0.273349	350	66	33	1.004
-1.832596	1.440580	2.260026	5	305	5	1.004
1.047198	1.599406	1.426070	29	292	357	1.004
0.261799	1.574060	2.783565	41	295	1	1.004
0.261799	2.164094	-2.991358	34	325	328	1.004
1.308997	2.164094	-2.991358	38	327	327	1.004
2.879793	2.041297	-2.664597	24	28	355	1.004
2.356194	2.089241	-0.114193	15	295	6	1.004
0.000000	0.762244	-0.273349	353	58	33	1.004
-0.261799	0.850607	-1.335383	25	280	340	1.004
-2.356194	0.850607	-1.335383	47	299	339	1.004
0.785398	2.984978	1.954446	49	329	327	1.004
-2.617994	1.741644	-2.695914	317	89	15	1.004
0.000000	1.998705	2.370472	41	291	351	1.004
-2.356194	2.138223	1.678323	22	36	4	1.004
1.570796	1.569311	-3.003978	21	285	330	1.004
-0.785398	1.242974	-2.977882	9	301	8	1.004
-1.570796	2.588535	-2.976617	39	293	354	1.004
-2.356194	2.349581	-2.702517	31	329	327	1.004
-0.261799	2.089241	-0.114193	22	291	356	1.004
-0.523599	2.455966	-0.641220	8	307	6	1.004
0.000000	2.180315	-1.357379	36	333	20	1.004
-2.617994	0.762244	-0.273349	17	304	9	0.975
-2.356194	2.108018	1.311430	29	291	353	0.975
0.000000	0.674054	1.013609	35	292	6	0.975
2.094395	1.846342	-1.796954	18	295	4	0.975
2.617994	2.108018	1.311430	19	41	1	0.975
-1.047198	0.910508	1.903534	20	292	11	0.975
2.617994	1.658653	-2.409879	38	34	25	0.975
2.879793	0.992645	-1.723759	35	37	28	0.975
-2.617994	0.685216	-1.712745	23	42	33	0.975
-0.523599	1.134796	2.434290	21	293	12	0.975
2.356194	0.961715	0.014085	33	288	353	0.975
-0.785398	1.440580	2.260026	16	289	7	0.975
-0.523599	0.700570	1.559208	29	292	10	0.975
2.617994	1.448123	-2.163292	38	33	26	0.975
1.832596	0.203748	0.590255	26	37	37	0.975
2.617994	0.961715	0.014085	37	291	353	0.975
2.617994	1.417623	-0.202254	36	291	359	0.975
1.570796	1.617114	-1.572037	30	296	0	0.975
-1.308997	1.218453	2.777284	21	295	2	0.975
-3.141593	0.571433	-1.188419	28	41	31	0.975
1.570796	2.063651	-2.044600	16	301	7	0.975
-0.261799	1.310100	1.488307	30	286	2	0.975
2.094395	2.153910	-1.714959	21	296	6	0.975
2.879793	1.374601	-2.456031	34	37	30	0.975
-1.047198	2.104282	-0.813972	11	21	350	0.975
2.094395	0.961715	0.014085	28	286	353	0.975
-1.570796	1.218453	2.777284	19	296	2	0.975
2.094395	0.709924	0.218797	32	40	28	0.975
1.570796	1.875281	0.107086	355	119	2	0.960
-0.785398	1.413347	-1.339188	21	290	354	0.938
0.785398	1.450119	-2.739050	48	303	340	0.938
2.094395	1.256302	0.062705	28	288	353	0.938
-2.879793	0.615174	-0.666022	53	302	352	0.938
0.000000	0.685216	-1.712745	46	300	356	0.938
1.832596	0.674054	1.013609	26	301	8	0.938
-0.261799	0.864993	2.278281	318	92	14	0.938
-1.308997	0.419640	2.974122	316	102	16	0.938
1.570796	1.809167	1.213774	50	303	352	0.938
-0.785398	1.135834	-1.431087	22	290	356	0.938
1.308997	1.699788	2.452890	18	275	333	0.938
-1.047198	1.134497	-1.109631	20	292	359	0.938
2.879793	1.606104	-0.451151	37	298	3	0.938
-2.094395	1.869911	2.701025	30	342	332	0.938
0.000000	1.433411	-1.035986	2	358	12	0.938
1.832596	0.910508	1.903534	50	305	356	0.938
2.617994	0.674054	1.013609	45	338	16	0.938
-1.047198	1.391910	3.030322	49	299	342	0.938
-0.785398	2.396274	-1.959260	37	299	4	0.938
-1.570796	1.391910	3.030322	19	334	337	0.938
2.879793	1.617114	-1.572037	19	304	12	0.938
0.000000	0.899350	-2.069907	44	297	351	0.938
-2.879793	2.251330	-2.330739	28	332	328	0.938
0.523599	2.404280	-0.174044	48	301	345	0.938
1.570796	0.203748	0.590255	15	304	8	0.938
1.570796	1.658653	-2.409879	351	125	336	0.938
-2.617994	2.979456	-1.009304	23	330	331	0.938
2.356194	2.356369	3.005869	39	329	327	0.938
-1.832596	1.569311	-3.003978	21	334	334	0.938
-3.141593	0.290380	-0.796960	13	306	7	0.938
-1.832596	1.736875	3.023612	23	336	333	0.938
-0.261799	1.554776	0.100351	21	294	3	0.938
1.047198	1.569311	-3.003978	47	304	338	0.938
0.523599	0.297065	2.160177	17	296	4	0.938
-2.356194	1.736875	3.023612	28	341	332	0.938
-2.094395	0.762244	-0.273349	17	304	8	0.938
2.094395	1.875281	0.107086	49	349	8	0.938
0.261799	2.180315	-1.357379	49	304	341	0.938
-0.261799	0.370812	-2.547742	23	292	0	0.938
1.308997	2.478122	2.609777	35	322	328	0.938
-1.570796	2.356369	3.005869	33	334	327	0.938
2.356194	1.721184	-0.153948	25	272	343	0.938
-0.523599	1.836682	-0.676006	45	341	16	0.938
2.094395	1.982574	-1.115518	23	287	339	0.938
-1.308997	2.455966	-0.641220	309	97	354	0.938
0.785398	0.992645	-1.723759	27	287	0	0.938
-1.832596	2.579248	-2.364801	13	293	2	0.938
-0.261799	1.242974	-2.977882	13	295	7	0.938
1.832596	2.089241	-0.114193	354	125	359	0.930
1.832596	1.909857	-0.381669	42	26	14	0.930
1.308997	1.574060	2.783565	22	38	0	0.909
-1.832596	0.591903	2.010408	19	299	15	0.909
2.879793	0.914445	2.687814	24	313	16	0.909
-0.261799	1.195355	1.200319	46	292	356	0.909
-1.308997	1.184361	0.625864	315	85	9	0.909
-0.261799	1.599406	1.426070	45	291	352	0.909
-2.356194	0.914445	2.687814	18	311	16	0.909
-0.261799	2.664082	-1.071402	24	333	324	0.909
1.047198	2.979456	-1.009304	23	327	323	0.909
-1.570796	0.906588	1.252948	18	30	354	0.909
-2.879793	0.992645	-1.723759	21	290	6	0.909
1.308997	1.128190	-2.288622	33	290	4	0.909
-2.879793	0.914445	2.687814	21	313	16	0.909
-1.047198	0.762244	-0.273349	312	89	11	0.909
0.000000	1.662363	0.915448	50	294	344	0.909
2.617994	2.863997	0.549740	23	333	323	0.909
-1.570796	1.310100	1.488307	24	26	351	0.909
-2.617994	0.914445	2.687814	19	312	16	0.909
0.261799	2.073035	2.027405	50	293	349	0.909
1.570796	2.592629	0.909713	51	304	343	0.909
-1.570796	1.662363	0.915448	313	88	4	0.909
1.570796	0.914445	2.687814	4	276	17	0.909
-3.141593	1.433411	-1.035986	32	40	2	0.909
-1.832596	1.836682	-0.676006	22	338	326	0.909
0.261799	1.335669	0.897240	54	297	350	0.909
0.523599	2.979456	-1.009304	24	333	323	0.909
0.000000	1.128190	-2.288622	307	93	12	0.909
-1.308997	1.662363	0.915448	317	84	3	0.909
-3.141593	0.914445	2.687814	347	68	39	0.909
-1.047198	0.203748	0.590255	20	291	9	0.909
0.785398	1.194549	-0.801900	49	293	344	0.909
-2.356194	1.836682	-0.676006	27	343	326	0.909
0.261799	2.664082	-1.071402	26	329	322	0.909
1.308997	1.904882	-1.478089	49	297	338	0.909
-2.094395	1.413430	2.550734	6	314	9	0.909
-1.047198	1.809167	1.213774	322	81	4	0.909
-1.047198	1.113094	-0.272241	312	89	4	0.909
2.094395	1.450119	-2.739050	57	312	1	0.909
-2.094395	1.836682	-0.676006	24	341	326	0.909
-1.570796	1.504028	0.636812	21	298	8	0.909
-2.617994	1.606104	-0.451151	26	346	329	0.909
-2.879793	1.836682	-0.676006	339	136	329	0.909
2.617994	2.033014	2.977192	38	38	14	0.909
-1.047198	1.450119	-2.739050	2	308	5	0.909
0.523599	2.073035	2.027405	54	297	349	0.909
-0.785398	0.961715	0.014085	318	83	8	0.909
1.047198	2.592629	0.909713	32	293	347	0.909
-1.570796	1.812176	0.656819	314	90	357	0.909
2.879793	2.407836	1.410646	52	348	345	0.901
2.879793	0.418037	1.360082	45	339	15	0.901
-3.141593	2.073035	2.027405	50	350	344	0.901
-0.261799	2.863997	0.549740	3	6	9	0.901
1.047198	2.104282	-0.813972	356	118	354	0.894
-0.785398	2.073035	2.027405	330	59	359	0.872
0.523599	2.379497	0.561089	29	291	349	0.872
-2.879793	2.033014	2.977192	35	338	330	0.872
0.523599	2.478122	2.609777	28	324	330	0.872
2.094395	2.881233	-2.582574	28	330	328	0.872
-2.879793	0.866955	-0.931351	36	295	1	0.872
-0.523599	2.984978	1.954446	24	335	332	0.872
-1.832596	2.041297	-2.664597	26	330	329	0.872
0.000000	1.417623	-0.202254	28	295	3	0.872
0.785398	0.864993	2.278281	26	291	358	0.872
-2.356194	1.194549	-0.801900	306	110	9	0.872
2.879793	1.998705	2.370472	45	337	333	0.872
1.308997	1.504028	0.636812	34	300	3	0.872
0.261799	1.662363	0.915448	21	292	0	0.872
2.356194	2.299159	2.264663	48	311	336	0.872
-2.094395	1.184361	0.625864	50	353	342	0.872
1.308997	2.247462	0.191623	53	309	347	0.872
-1.832596	2.356369	3.005869	33	334	328	0.872
1.047198	0.709924	0.218797	57	308	355	0.843
1.832596	1.617114	-1.572037	34	34	7	0.843
1.308997	0.458961	-0.107937	56	310	0	0.843
-2.094395	1.374601	-2.456031	17	292	9	0.843
-1.308997	2.115563	0.685730	36	291	358	0.843
1.570796	1.846342	-1.796954	35	30	2	0.843
-2.094395	1.812176	0.656819	26	281	345	0.843
-2.094395	1.982574	-1.115518	22	313	12	0.843
2.356194	0.960688	-0.577532	33	289	4	0.843
-0.785398	0.419640	2.974122	317	94	15	0.843
-0.785398	2.041297	-2.664597	16	290	325	0.843
-1.047198	1.699788	2.452890	316	88	18	0.843
0.261799	2.579248	-2.364801	323	86	356	0.843
-2.879793	2.579248	-2.364801	56	309	358	0.843
-0.523599	2.033014	2.977192	318	84	11	0.843
-2.879793	2.187132	-0.479875	23	27	349	0.843
-1.570796	1.977582	0.969896	34	34	0	0.843
1.832596	0.080730	-2.622036	326	91	28	0.843
-3.141593	1.195355	1.200319	18	288	323	0.843
-3.141593	0.961715	0.014085	31	287	341	0.843
-2.356194	1.168678	2.108595	316	105	26	0.843
-1.832596	1.732874	-0.951685	21	284	324	0.843
-0.785398	0.992645	-1.723759	51	317	2	0.843
0.261799	2.379497	0.561089	24	289	351	0.843
2.617994	1.184361	0.625864	50	301	339	0.843
-1.047198	0.866395	-2.492918	335	66	34	0.843
-1.047198	2.108018	1.311430	32	34	359	0.843
-0.785398	0.685216	-1.712745	329	61	29	0.843
0.000000	2.063651	-2.044600	318	85	0	0.843
-2.356194	2.251330	-2.330739	30	292	4	0.843
2.879793	1.488617	1.159546	45	305	333	0.843
-2.356194	0.700570	1.559208	316	99	26	0.843
2.094395	1.184361	0.625864	31	290	343	0.843
-2.879793	1.195355	1.200319	17	290	323	0.843
-0.261799	1.045978	0.343692	26	288	330	0.843
-2.094395	2.001437	0.381215	19	329	328	0.843
0.000000	2.379497	0.561089	349	114	328	0.843
-0.523599	1.736875	3.023612	319	86	18	0.843
-2.879793	1.872854	1.543456	43	302	332	0.843
-2.879793	1.488617	1.159546	19	285	324	0.843
-2.879793	0.929350	-2.910676	42	351	21	0.843
1.570796	1.050534	3.042579	25	283	339	0.843
-3.141593	1.488617	1.159546	19	283	324	0.843
-2.356194	1.506530	1.988858	23	275	336	0.843
-2.879793	2.138223	1.678323	13	273	327	0.843
-0.523599	0.619654	-2.216909	334	60	34	0.843
-1.047198	1.050534	3.042579	12	306	13	0.843
-3.141593	1.569311	-3.003978	10	52	29	0.843
2.617994	2.588535	-2.976617	55	353	341	0.843
0.785398	1.374601	-2.456031	31	37	20	0.843
2.356194	1.135813	-2.658866	33	34	6	0.843
-0.785398	0.866395	-2.492918	334	62	34	0.843
0.000000	1.756530	-2.105156	16	274	332	0.843
-2.356194	1.256302	0.062705	24	291	356	0.843
-2.094395	2.138223	1.678323	19	36	5	0.843
2.356194	1.606104	-0.451151	49	341	329	0.843
-0.785398	2.343981	-1.040456	25	331	323	0.843
1.570796	1.732874	-0.951685	52	304	336	0.843
-1.570796	1.555207	1.708892	313	90	15	0.843
-1.308997	2.881233	-2.582574	15	285	325	0.843
-2.617994	1.599406	1.426070	16	284	322	0.843
1.308997	1.732874	-0.951685	21	333	327	0.843
1.047198	1.554776	0.100351	357	117	335	0.843
-3.141593	1.510910	-0.740472	22	279	341	0.843
-0.261799	0.961715	0.014085	22	286	326	0.843
1.832596	0.290380	-0.796960	54	311	3	0.843
1.047198	2.343981	-1.040456	25	296	332	0.843
2.356194	1.014500	0.906702	342	98	345	0.843
-0.785398	1.809167	1.213774	22	33	355	0.843
-1.047198	1.184361	0.625864	26	276	336	0.843
0.261799	2.407836	1.410646	24	276	330	0.843
-0.785398	0.619654	-2.216909	334	64	34	0.843
-0.523599	0.866395	-2.492918	334	58	34	0.843
-0.785398	0.571433	-1.188419	25	284	337	0.843
-1.308997	1.506530	1.988858	317	88	19	0.843
-2.356194	0.929350	-2.910676	320	85	6	0.843
2.094395	1.448123	-2.163292	32	34	4	0.843
2.356194	2.979456	-1.009304	20	31	357	0.843
1.308997	1.554776	0.100351	56	315	336	0.843
-1.832596	1.846342	-1.796954	20	299	11	0.843
-0.785398	1.448123	-2.163292	51	307	3	0.843
-2.094395	0.992645	-1.723759	50	300	340	0.843
-0.261799	2.251330	-2.330739	315	88	0	0.843
1.570796	0.992645	-1.723759	37	30	13	0.843
2.356194	1.417623	-0.202254	53	296	353	0.843
0.000000	1.909857	-0.381669	29	292	358	0.843
-1.047198	1.599406	1.426070	26	28	352	0.843
-0.261799	1.256302	0.062705	23	297	6	0.806
2.879793	2.349581	-2.702517	343	61	351	0.806
-0.785398	2.404280	-0.174044	1	3	16	0.806
1.047198	1.168678	2.108595	30	292	356	0.806
0.523599	1.732874	-0.951685	51	305	350	0.806
-2.094395	2.724429	-0.348782	20	331	335	0.806
2.094395	2.588535	-2.976617	34	328	327	0.806
0.785398	0.591903	2.010408	22	294	3	0.806
-1.047198	1.846342	-1.796954	3	4	12	0.806
0.261799	2.115563	0.685730	24	290	352	0.806
1.308997	0.831641	0.616218	37	336	18	0.806
-0.261799	1.606104	-0.451151	27	292	359	0.806
0.261799	2.588535	-2.976617	322	121	325	0.806
1.832596	0.929350	-2.910676	355	125	345	0.777
-0.523599	0.685216	-1.712745	40	297	356	0.777
-1.832596	0.297065	2.160177	26	298	12	0.777
0.000000	1.135834	-1.431087	47	298	353	0.777
1.308997	1.135813	-2.658866	355	119	342	0.777
1.832596	0.709924	0.218797	21	275	337	0.777
1.832596	1.050534	3.042579	10	75	10	0.777
2.356194	1.904882	-1.478089	317	92	19	0.777
-1.570796	0.864993	2.278281	17	300	12	0.777
0.261799	1.696674	-1.253233	50	301	348	0.777
2.879793	0.929350	-2.910676	324	88	357	0.777
-2.879793	0.960688	-0.577532	53	304	356	0.777
-1.308997	2.001437	0.381215	8	82	21	0.777
1.570796	1.998705	2.370472	28	290	356	0.777
1.832596	0.458961	-0.107937	17	310	8	0.777
-2.094395	1.904882	-1.478089	26	287	331	0.777
-1.570796	0.685216	-1.712745	54	306	356	0.777
-1.570796	1.184361	0.625864	6	69	19	0.777
0.785398	0.700570	1.559208	51	344	18	0.777
0.785398	1.134497	-1.109631	32	286	351	0.777
0.261799	1.310100	1.488307	52	299	356	0.777
-0.523599	1.846342	-1.796954	39	297	340	0.777
2.094395	1.870545	-2.976234	42	334	329	0.777
1.832596	1.982574	-1.115518	51	307	334	0.777
-0.785398	0.929350	-2.910676	22	289	331	0.777
-0.785398	1.374601	-2.456031	24	279	349	0.777
0.000000	0.992645	-1.723759	46	298	352	0.777
1.570796	1.168678	2.108595	49	348	18	0.777
-2.617994	2.396274	-1.959260	317	105	24	0.777
-2.356194	2.396274	-1.959260	317	101	24	0.777
2.617994	2.455966	-0.641220	24	36	5	0.777
-3.141593	1.504028	0.636812	54	308	340	0.777
-0.523599	1.741644	-2.695914	314	89	13	0.777
2.879793	0.733948	3.021411	17	336	336	0.777
2.879793	0.709924	0.218797	54	304	345	0.777
0.523599	1.450119	-2.739050	347	110	337	0.777
1.047198	1.450119	-2.739050	352	115	337	0.777
-0.261799	2.295480	1.008277	320	88	7	0.777
2.617994	1.510910	-0.740472	31	295	6	0.777
-0.785398	1.391910	3.030322	318	93	24	0.777
2.356194	0.910508	1.903534	3	47	35	0.777
1.832596	0.700570	1.559208	25	291	327	0.777
-3.141593	2.187132	-0.479875	2	64	29	0.777
2.617994	0.418037	1.360082	22	279	336	0.777
-2.094395	0.960688	-0.577532	338	58	31	0.777
-3.141593	2.587733	0.232235	23	36	4	0.777
1.832596	2.033014	2.977192	42	328	328	0.777
1.308997	0.906588	1.252948	26	296	5	0.777
-0.261799	0.418037	1.360082	34	298	9	0.777
-0.261799	2.104282	-0.813972	29	290	351	0.777
-2.356194	2.478122	2.609777	343	127	331	0.777
-0.785398	2.164094	-2.991358	24	275	343	0.777
-2.094395	2.343981	-1.040456	50	325	9	0.777
-0.261799	0.618092	2.539118	48	301	336	0.777
-0.261799	0.700570	1.559208	33	295	8	0.777
2.094395	2.637879	2.121598	45	304	336	0.777
0.000000	2.299159	2.264663	43	292	344	0.777
1.047198	0.203748	0.590255	322	102	25	0.777
-1.832596	1.948085	-2.363031	20	291	4	0.777
-0.523599	0.831641	0.616218	22	287	0	0.777
-0.523599	1.904882	-1.478089	40	296	343	0.777
0.000000	1.025536	1.576859	48	299	1	0.777
-2.879793	0.866395	-2.492918	56	309	341	0.777
-0.523599	0.864993	2.278281	54	343	345	0.777
2.094395	2.984978	1.954446	39	343	327	0.777
-0.261799	1.218453	2.777284	20	294	10	0.777
-0.261799	0.733948	3.021411	356	116	339	0.777
-1.047198	2.115563	0.685730	326	83	353	0.748
-1.832596	2.704512	1.488683	329	43	353	0.748
-2.879793	2.174483	2.653697	321	160	355	0.748
1.570796	1.982574	-1.115518	338	218	347	0.748
2.356194	1.134497	-1.109631	51	307	352	0.748
-0.785398	1.367556	0.358405	323	79	2	0.748
-1.832596	0.619654	-2.216909	324	153	11	0.748
-1.047198	0.640596	-2.797608	339	30	31	0.748
1.832596	2.174483	2.653697	16	82	14	0.748
-0.523599	1.184361	0.625864	36	287	351	0.748
0.523599	1.488617	1.159546	30	277	342	0.748
2.879793	1.574060	2.783565	48	299	348	0.748
2.356194	0.458961	-0.107937	339	155	5	0.748
-0.261799	2.108018	1.311430	321	209	358	0.748
-1.047198	2.295480	1.008277	326	82	354	0.748
1.047198	0.640596	-2.797608	51	320	8	0.748
-1.047198	1.325504	-1.671296	9	333	344	0.748
-0.523599	0.640596	-2.797608	5	298	4	0.748
-2.617994	2.295480	1.008277	326	56	354	0.748
1.832596	0.571433	-1.188419	29	282	350	0.748
0.523599	1.184361	0.625864	29	275	341	0.748
-0.261799	0.297065	2.160177	20	286	328	0.748
1.047198	1.184361	0.625864	32	286	341	0.748
2.879793	0.619654	-2.216909	9	79	30	0.748
-3.141593	0.640596	-2.797608	7	47	34	0.748
-0.523599	0.615174	-0.666022	317	83	15	0.748
0.261799	1.135834	-1.431087	42	292	354	0.748
2.617994	0.640596	-2.797608	13	44	33	0.748
1.308997	0.619654	-2.216909	27	290	10	0.748
1.570796	2.299159	2.264663	31	292	337	0.748
1.308997	1.050534	3.042579	317	90	13	0.748
0.261799	1.872854	1.543456	20	283	332	0.748
-0.785398	0.458961	-0.107937	320	83	21	0.748
1.308997	2.108018	1.311430	26	282	333	0.748
-1.570796	1.982574	-1.115518	20	339	325	0.748
1.832596	1.135834	-1.431087	37	28	26	0.748
2.094395	0.640596	-2.797608	32	25	36	0.748
0.000000	0.640596	-2.797608	11	294	4	0.748
-2.356194	1.909857	-0.381669	25	284	339	0.748
-1.047198	1.135834	-1.431087	321	52	9	0.748
2.879793	1.696674	-1.253233	351	122	337	0.748
-0.785398	2.637879	2.121598	44	300	341	0.748
2.879793	1.982574	-1.115518	351	130	328	0.748
1.570796	2.001437	0.381215	26	289	333	0.748
2.617994	1.982574	-1.115518	22	292	322	0.748
-3.141593	0.733948	3.021411	358	20	36	0.748
1.570796	0.640596	-2.797608	32	18	36	0.748
0.785398	0.496451	0.593859	38	19	35	0.748
-1.570796	1.948085	-2.363031	30	39	26	0.748
-3.141593	1.391910	3.030322	21	278	334	0.748
-1.308997	0.910508	1.903534	15	17	352	0.748
-0.785398	0.640596	-2.797608	340	27	31	0.748
1.570796	1.741644	-2.695914	27	282	334	0.748
-2.617994	0.640596	-2.797608	0	47	34	0.748
-2.879793	1.050534	3.042579	22	284	332	0.748
1.308997	2.396274	-1.959260	48	301	351	0.748
1.832596	0.640596	-2.797608	32	21	36	0.748
0.000000	2.073035	2.027405	21	280	335	0.748
0.785398	1.569311	-3.003978	28	20	33	0.748
2.094395	0.418037	1.360082	22	24	41	0.748
-2.879793	2.349581	-2.702517	25	286	345	0.748
2.356194	2.108018	1.311430	356	42	33	0.748
0.523599	0.619654	-2.216909	323	87	28	0.748
-3.141593	1.982574	-1.115518	348	135	328	0.748
0.523599	1.135834	-1.431087	325	204	5	0.748
1.308997	2.456751	-1.503343	17	297	6	0.748
-1.308997	0.640596	-2.797608	339	34	31	0.748
-2.879793	0.640596	-2.797608	4	47	34	0.748
-0.785398	2.089241	-0.114193	28	335	330	0.748
2.094395	0.619654	-2.216909	33	15	39	0.748
0.523599	1.413347	-1.339188	48	294	348	0.748
2.879793	1.310100	1.488307	341	26	28	0.748
-0.785398	2.108018	1.311430	34	356	25	0.748
-0.261799	0.496451	0.593859	17	300	8	0.748
-3.141593	1.506530	1.988858	18	15	37	0.748
1.570796	0.615174	-0.666022	20	285	330	0.748
2.356194	0.640596	-2.797608	15	40	34	0.748
-0.523599	0.496451	0.593859	330	94	29	0.748
-0.261799	2.041297	-2.664597	11	279	325	0.748
-1.047198	0.418037	1.360082	327	99	30	0.748
-0.785398	2.984978	1.954446	47	303	340	0.748
0.785398	0.418037	1.360082	22	20	41	0.748
1.570796	0.709924	0.218797	327	153	347	0.748
0.523599	1.325504	-1.671296	20	282	353	0.748
-1.308997	2.379497	0.561089	29	291	358	0.748
-2.617994	1.301460	-0.509251	23	282	333	0.748
-1.832596	1.982574	-1.115518	24	343	325	0.748
-2.879793	0.733948	3.021411	358	18	36	0.748
-0.261799	1.869911	2.701025	31	29	30	0.748
-0.261799	2.407836	1.410646	46	292	338	0.748
-1.570796	0.640596	-2.797608	317	105	25	0.748
0.261799	1.488617	1.159546	27	272	342	0.748
2.617994	2.180315	-1.357379	23	288	339	0.747
-0.261799	2.704512	1.488683	334	212	349	0.747
-0.261799	2.579248	-2.364801	328	42	355	0.747
1.308997	2.579248	-2.364801	335	211	351	0.747
0.000000	1.982574	-1.115518	335	39	351	0.747
-3.141593	2.174483	2.653697	327	161	355	0.747
1.308997	2.407836	1.410646	33	295	345	0.740
2.617994	0.914445	2.687814	54	349	354	0.740
2.879793	1.699788	2.452890	48	339	336	0.740
0.523599	0.571433	-1.188419	48	339	13	0.740
-1.308997	2.153910	-1.714959	3	6	9	0.740
1.047198	1.391910	3.030322	47	301	341	0.711
-0.785398	1.683268	0.374177	320	92	17	0.711
0.261799	0.910508	1.903534	34	301	11	0.711
2.879793	1.433411	-1.035986	28	298	10	0.711
-1.832596	1.135813	-2.658866	8	66	4	0.711
0.785398	2.343981	-1.040456	22	285	332	0.711
-1.308997	1.374601	-2.456031	47	298	357	0.711
0.261799	1.134796	2.434290	30	296	10	0.711
0.000000	2.104282	-0.813972	46	298	346	0.711
-2.879793	1.977582	0.969896	52	306	339	0.711
1.308997	2.704512	1.488683	30	294	342	0.711
1.047198	0.910508	1.903534	41	297	357	0.711
-2.356194	2.393226	1.857173	47	298	339	0.711
-1.570796	1.374601	-2.456031	314	113	18	0.711
-2.094395	1.555207	1.708892	40	328	324	0.711
-2.094395	1.658653	-2.409879	21	331	333	0.711
-2.094395	2.379497	0.561089	23	326	326	0.711
2.094395	2.356369	3.005869	38	328	327	0.711
-0.261799	1.545873	-1.877082	41	296	343	0.711
2.094395	2.299159	2.264663	47	307	336	0.711
-0.261799	0.992645	-1.723759	43	297	353	0.711
1.308997	2.295480	1.008277	49	301	345	0.711
-0.523599	1.374601	-2.456031	314	92	17	0.711
-0.523599	1.569311	-3.003978	9	294	2	0.711
1.832596	1.242974	-2.977882	9	77	7	0.711
0.261799	1.433411	-1.035986	50	303	354	0.711
1.570796	1.413430	2.550734	31	344	330	0.711
1.570796	2.863997	0.549740	50	309	338	0.711
-1.047198	1.135813	-2.658866	52	300	353	0.711
2.879793	1.875281	0.107086	22	289	0	0.711
-3.141593	2.356369	3.005869	38	332	327	0.711
-2.094395	1.045978	0.343692	52	354	347	0.711
2.094395	1.869911	2.701025	20	286	329	0.711
-2.617994	1.870545	-2.976234	31	338	329	0.711
0.000000	0.418037	1.360082	36	301	9	0.711
1.047198	1.809167	1.213774	31	292	356	0.711
2.617994	2.724429	-0.348782	54	337	10	0.711
-2.879793	2.089241	-0.114193	55	344	8	0.711
-3.141593	2.637879	2.121598	47	316	335	0.711
0.261799	2.108018	1.311430	23	341	332	0.711
0.261799	2.089241	-0.114193	44	297	351	0.711
2.617994	0.960688	-0.577532	54	356	352	0.711
1.570796	1.506530	1.988858	50	302	347	0.711
1.570796	1.599406	1.426070	50	302	353	0.711
1.570796	0.619654	-2.216909	43	23	16	0.703
-1.047198	0.591903	2.010408	25	298	15	0.682
2.356194	0.615174	-0.666022	11	87	21	0.682
0.523599	2.396274	-1.959260	325	83	355	0.682
1.832596	1.662363	0.915448	38	38	5	0.682
-0.523599	1.545873	-1.877082	308	94	8	0.682
-2.094395	1.617114	-1.572037	8	75	18	0.682
-2.617994	0.850607	-1.335383	33	292	4	0.682
-2.356194	0.866395	-2.492918	49	300	349	0.682
1.047198	1.113094	-0.272241	57	301	345	0.682
-1.832596	0.866955	-0.931351	310	150	357	0.682
-2.094395	1.247695	1.809890	4	303	5	0.682
-2.356194	2.187132	-0.479875	52	308	352	0.682
0.261799	1.948085	-2.363031	324	79	6	0.682
2.617994	1.555207	1.708892	327	159	0	0.682
-1.570796	2.704512	1.488683	16	293	8	0.682
-1.308997	1.699788	2.452890	313	91	18	0.682
-2.094395	1.417623	-0.202254	33	35	27	0.682
-2.094395	2.592629	0.909713	48	301	355	0.682
-2.356194	2.379497	0.561089	48	300	351	0.682
-0.785398	1.569311	-3.003978	5	297	4	0.682
2.094395	1.554776	0.100351	352	136	334	0.682
2.617994	1.413347	-1.339188	17	281	330	0.682
-2.617994	1.545873	-1.877082	49	303	357	0.682
-1.832596	1.504028	0.636812	17	299	8	0.682
2.356194	0.929350	-2.910676	15	34	39	0.682
0.523599	1.599406	1.426070	25	38	33	0.682
0.000000	2.393226	1.857173	18	267	331	0.682
-2.094395	0.961715	0.014085	8	88	13	0.682
1.047198	2.063651	-2.044600	322	101	24	0.682
2.094395	1.128190	-2.288622	318	91	12	0.682
-1.570796	1.195355	1.200319	46	306	336	0.682
2.356194	0.864993	2.278281	3	43	40	0.682
0.000000	2.041297	-2.664597	28	39	17	0.682
-0.261799	1.870545	-2.976234	319	83	16	0.682
0.261799	0.290380	-0.796960	21	288	7	0.682
-3.141593	0.762244	-0.273349	54	301	351	0.682
-1.832596	1.506530	1.988858	46	298	346	0.682
-2.617994	0.591903	2.010408	321	99	31	0.682
0.261799	0.929350	-2.910676	325	91	30	0.682
1.047198	0.458961	-0.107937	5	279	325	0.682
2.617994	1.247695	1.809890	326	156	6	0.682
-1.832596	1.812176	0.656819	51	307	342	0.682
0.261799	1.301460	-0.509251	22	338	335	0.682
0.785398	0.571433	-1.188419	27	287	3	0.682
-1.308997	0.929350	-2.910676	326	106	36	0.682
-1.047198	1.554776	0.100351	331	38	357	0.682
1.570796	0.370812	-2.547742	325	83	359	0.682
2.879793	2.247462	0.191623	18	29	349	0.682
-0.523599	1.824694	1.850876	31	29	353	0.681
-2.617994	1.128190	-2.288622	47	299	353	0.681
-1.047198	0.619654	-2.216909	18	38	359	0.681
-2.617994	2.587733	0.232235	47	300	355	0.681
1.308997	2.104282	-0.813972	356	122	356	0.674
0.000000	1.836682	-0.676006	34	294	355	0.674
2.356194	0.906588	1.252948	47	340	14	0.674
1.047198	2.724429	-0.348782	354	116	348	0.667
1.570796	1.683268	0.374177	51	311	358	0.645
0.785398	1.836682	-0.676006	52	307	352	0.645
0.261799	2.404280	-0.174044	45	298	345	0.645
-0.523599	2.343981	-1.040456	313	96	21	0.645
2.617994	2.138223	1.678323	16	283	331	0.645
0.785398	2.115563	0.685730	31	292	353	0.645
0.261799	1.721184	-0.153948	44	299	356	0.645
-0.785398	2.393226	1.857173	20	330	334	0.645
-0.261799	1.506530	1.988858	26	288	2	0.645
-3.141593	1.301460	-0.509251	351	286	5	0.645
0.000000	1.510910	-0.740472	31	294	359	0.645
-2.356194	1.569311	-3.003978	25	340	334	0.645
-3.141593	1.135834	-1.431087	23	294	7	0.645
2.094395	1.367556	0.358405	28	289	347	0.645
-1.047198	2.138223	1.678323	359	359	15	0.645
1.047198	1.869911	2.701025	42	302	336	0.645
-1.047198	2.393226	1.857173	20	335	335	0.645
0.261799	0.419640	2.974122	23	292	1	0.645
0.523599	2.033014	2.977192	33	322	330	0.645
-0.523599	1.135834	-1.431087	26	291	358	0.645
-0.523599	1.617114	-1.572037	24	290	349	0.645
2.617994	2.592629	0.909713	53	348	346	0.645
-2.094395	1.766067	2.153843	11	275	326	0.645
1.570796	1.134796	2.434290	51	304	349	0.645
-2.356194	1.869911	2.701025	32	343	333	0.645
0.785398	1.683268	0.374177	33	295	0	0.645
1.047198	0.864993	2.278281	30	292	358	0.645
1.047198	1.662363	0.915448	32	294	359	0.645
1.308997	2.588535	-2.976617	31	329	328	0.645
-0.785398	0.370812	-2.547742	15	295	2	0.645
-0.261799	1.135813	-2.658866	11	296	6	0.645
2.356194	1.367556	0.358405	46	347	14	0.645
0.000000	1.506530	1.988858	310	95	359	0.645
-1.308997	2.863997	0.549740	21	330	334	0.645
0.261799	1.699788	2.452890	33	288	2	0.616
-2.356194	1.721184	-0.153948	325	210	353	0.616
-1.047198	2.041297	-2.664597	48	296	358	0.616
2.356194	0.685216	-1.712745	6	61	30	0.616
0.000000	1.168678	2.108595	30	294	10	0.616
-0.523599	1.413430	2.550734	17	291	8	0.616
-1.047198	1.948085	-2.363031	46	298	1	0.616
2.617994	2.299159	2.264663	30	42	7	0.616
0.000000	1.450119	-2.739050	321	84	20	0.616
0.523599	1.741644	-2.695914	24	285	359	0.616
-3.141593	1.696674	-1.253233	25	303	12	0.616
-2.879793	2.343981	-1.040456	30	28	350	0.616
0.785398	0.929350	-2.910676	34	37	8	0.616
-2.094395	2.108018	1.311430	24	286	328	0.616
2.879793	2.587733	0.232235	57	301	346	0.616
-2.094395	2.104282	-0.813972	19	30	352	0.616
1.832596	1.440580	2.260026	38	31	24	0.616
1.832596	0.733948	3.021411	352	59	39	0.616
2.356194	1.184361	0.625864	30	42	11	0.616
-1.570796	0.709924	0.218797	49	302	348	0.616
-1.832596	2.073035	2.027405	20	277	327	0.616
-1.047198	2.251330	-2.330739	42	296	2	0.616
-2.617994	2.704512	1.488683	16	334	330	0.616
-1.832596	2.379497	0.561089	36	37	1	0.616
2.356194	0.914445	2.687814	351	66	39	0.616
1.570796	1.195355	1.200319	46	302	0	0.616
0.523599	1.335669	0.897240	28	277	341	0.616
2.617994	0.591903	2.010408	26	298	8	0.616
1.832596	0.297065	2.160177	341	67	38	0.616
-0.785398	2.456751	-1.503343	21	334	325	0.616
2.094395	0.914445	2.687814	352	65	39	0.616
-2.356194	2.104282	-0.813972	22	31	352	0.616
1.832596	1.301460	-0.509251	25	286	3	0.616
2.356194	0.850607	-1.335383	26	336	332	0.616
-2.094395	2.153910	-1.714959	28	290	336	0.616
1.047198	2.001437	0.381215	316	87	7	0.616
-2.617994	0.379747	-1.713059	28	286	355	0.616
2.094395	0.591903	2.010408	347	132	331	0.616
-1.570796	2.724429	-0.348782	24	294	2	0.616
-2.356194	1.440580	2.260026	313	110	22	0.616
-0.261799	0.290380	-0.796960	321	88	23	0.616
-1.832596	1.606104	-0.451151	17	335	329	0.616
2.094395	0.618092	2.539118	346	64	39	0.616
-1.047198	2.396274	-1.959260	35	298	4	0.616
-3.141593	1.545873	-1.877082	13	301	10	0.616
-1.308997	1.721184	-0.153948	354	113	334	0.616
-3.141593	1.025536	1.576859	320	84	15	0.616
2.617994	1.824694	1.850876	317	220	347	0.616
2.356194	2.704512	1.488683	51	310	340	0.616
-1.570796	0.762244	-0.273349	46	300	345	0.616
-1.308997	2.724429	-0.348782	27	295	2	0.616
2.094395	0.733948	3.021411	351	60	39	0.616
1.570796	0.866395	-2.492918	33	294	9	0.616
-1.570796	1.696674	-1.253233	17	340	332	0.616
0.785398	1.699788	2.452890	40	296	4	0.616
1.308997	1.413347	-1.339188	53	297	343	0.616
0.000000	1.413430	2.550734	25	290	8	0.616
-2.617994	1.824694	1.850876	10	276	322	0.616
-3.141593	1.555207	1.708892	45	302	358	0.616
-1.308997	2.396274	-1.959260	19	340	329	0.616
-0.261799	2.455966	-0.641220	7	302	6	0.616
-2.617994	2.104282	-0.813972	24	32	352	0.616
-0.523599	2.299159	2.264663	315	85	356	0.615
0.000000	1.194549	-0.801900	25	288	356	0.615
2.617994	2.001437	0.381215	19	290	2	0.615
2.879793	1.766067	2.153843	46	301	356	0.615
-2.356194	0.899350	-2.069907	328	64	10	0.579
0.261799	1.374601	-2.456031	52	347	16	0.579
-0.785398	0.866955	-0.931351	25	295	4	0.579
-1.047198	0.850607	-1.335383	20	293	1	0.579
-1.570796	0.419640	2.974122	57	350	347	0.579
0.785398	2.174483	2.653697	35	320	330	0.579
-3.141593	2.396274	-1.959260	26	334	330	0.579
-2.094395	1.569311	-3.003978	23	338	334	0.579
1.832596	1.683268	0.374177	51	343	10	0.579
1.832596	0.419640	2.974122	52	339	9	0.579
-2.617994	2.349581	-2.702517	33	331	327	0.579
-1.832596	2.349581	-2.702517	33	329	327	0.579
-2.356194	2.719179	-1.780644	38	335	19	0.579
1.308997	1.875281	0.107086	52	310	354	0.579
-3.141593	2.863997	0.549740	26	34	0	0.550
-1.047198	2.760637	2.781135	315	92	357	0.550
-0.261799	1.846342	-1.796954	315	88	1	0.550
1.308997	0.762244	-0.273349	58	308	354	0.550
1.570796	1.135834	-1.431087	56	301	351	0.550
2.617994	0.762244	-0.273349	34	289	354	0.550
