300	1.2	0
-3.141593	2.164094	-2.991358
0.000000	0.000000	0.000000
model.B99990002.pdb	12.979	0.826	62.589
1ext.pdb	-2.832	34.470	0.567
2.617994	1.574060	2.783565	298	290	24	61.497
-2.879793	2.379497	0.561089	28	294	38	61.231
2.617994	2.592629	0.909713	0	273	27	60.588
-0.261799	0.899350	-2.069907	26	35	82	60.172
-2.094395	0.899350	-2.069907	8	279	248	59.936
-0.523599	0.899350	-2.069907	31	25	83	59.921
1.308997	1.391910	3.030322	7	35	77	59.601
-1.570796	1.134497	-1.109631	1	291	25	59.395
-1.308997	2.724429	-0.348782	277	30	56	59.292
-1.570796	1.721184	-0.153948	22	42	84	58.910
-3.141593	0.370812	-2.547742	261	292	8	58.678
-2.617994	0.080730	-2.622036	271	280	16	58.633
1.308997	0.899350	-2.069907	268	39	28	58.142
-2.094395	0.419640	2.974122	274	282	9	58.045
-2.617994	1.050534	3.042579	271	288	221	57.938
1.047198	0.866395	-2.492918	288	44	27	57.226
-2.617994	2.115563	0.685730	31	299	32	56.841
1.832596	1.869911	2.701025	284	290	27	56.812
-1.832596	0.419640	2.974122	281	277	9	56.722
1.570796	2.863997	0.549740	276	277	37	56.550
0.523599	2.379497	0.561089	258	12	237	56.266
0.261799	2.760637	2.781135	33	27	94	56.230
-1.570796	0.419640	2.974122	289	276	9	56.133
2.617994	0.619654	-2.216909	255	298	16	56.103
-0.785398	1.736875	3.023612	44	287	81	55.964
0.523599	1.367556	0.358405	250	7	72	55.865
0.261799	0.929350	-2.910676	21	29	19	55.739
1.308997	0.866395	-2.492918	277	44	19	55.661
0.523599	0.370812	-2.547742	7	48	250	55.478
-2.094395	2.863997	0.549740	25	29	245	55.431
0.523599	0.866395	-2.492918	7	40	29	55.430
1.832596	2.455966	-0.641220	5	295	270	55.354
0.523599	1.413430	2.550734	274	16	239	55.286
2.356194	2.592629	0.909713	291	272	27	55.233
1.832596	2.592629	0.909713	272	276	29	55.136
0.000000	2.588535	-2.976617	44	7	99	55.068
-0.785398	0.619654	-2.216909	36	8	214	54.984
-2.356194	1.135813	-2.658866	285	276	240	54.865
1.832596	0.866395	-2.492918	261	32	18	54.849
-1.832596	1.134497	-1.109631	298	290	24	54.758
0.785398	0.866395	-2.492918	298	43	29	54.733
0.785398	2.247462	0.191623	265	290	228	54.654
-0.261799	1.869911	2.701025	42	11	74	54.616
0.000000	0.370812	-2.547742	30	23	204	54.578
0.000000	2.349581	-2.702517	41	1	104	54.464
-2.879793	0.640596	-2.797608	264	287	7	54.433
2.094395	1.721184	-0.153948	0	248	105	54.405
0.261799	1.113094	-0.272241	250	21	89	54.378
1.047198	1.391910	3.030322	16	34	77	54.166
2.879793	2.592629	0.909713	9	277	27	54.146
0.261799	2.379497	0.561089	260	21	237	54.042
0.785398	0.203748	0.590255	279	278	10	53.874
-2.879793	2.881233	-2.582574	260	9	43	53.742
1.570796	1.869911	2.701025	280	292	29	53.722
-2.356194	2.455966	-0.641220	2	30	55	53.717
1.047198	1.135813	-2.658866	289	47	20	53.710
0.785398	2.984978	1.954446	274	40	90	53.697
1.832596	2.251330	-2.330739	6	26	112	53.575
-2.879793	2.404280	-0.174044	23	14	45	53.517
-1.047198	1.242974	-2.977882	38	277	84	53.507
-1.047198	1.736875	3.023612	40	279	81	53.457
-0.785398	2.724429	-0.348782	267	18	57	53.453
2.356194	1.506530	1.988858	269	296	49	53.434
1.832596	2.404280	-0.174044	297	282	261	53.316
-1.047198	1.391910	3.030322	36	278	77	53.265
-2.879793	2.115563	0.685730	28	289	33	53.201
1.308997	0.419640	2.974122	4	37	10	53.155
-1.047198	0.618092	2.539118	295	282	2	53.151
0.261799	1.870545	-2.976234	40	20	92	53.118
-0.523599	1.869911	2.701025	43	2	74	53.116
1.308997	0.733948	3.021411	298	39	10	53.040
-2.879793	1.756530	-2.105156	293	285	115	52.923
1.832596	0.899350	-2.069907	255	24	28	52.812
-2.617994	2.379497	0.561089	29	9	21	52.766
-0.785398	1.135813	-2.658866	296	291	18	52.703
1.832596	1.870545	-2.976234	290	29	92	52.615
-0.523599	2.033014	2.977192	46	298	85	52.596
-2.617994	1.242974	-2.977882	273	283	232	52.564
0.000000	2.001437	0.381215	260	31	241	52.523
0.000000	1.045978	0.343692	251	20	69	52.446
0.523599	2.164094	-2.991358	34	26	95	52.443
-0.785398	1.301460	-0.509251	279	45	98	52.378
-2.356194	1.574060	2.783565	292	274	5	52.352
2.617994	1.846342	-1.796954	298	2	121	52.323
-2.879793	2.760637	2.781135	270	280	33	52.272
-0.523599	0.733948	3.021411	20	294	8	52.233
-2.617994	2.089241	-0.114193	25	16	45	52.208
0.000000	1.869911	2.701025	38	18	74	52.175
2.879793	2.704512	1.488683	291	271	25	52.158
-1.832596	2.174483	2.653697	17	14	210	52.137
-2.356194	0.929350	-2.910676	280	279	230	52.128
-1.308997	0.419640	2.974122	297	275	10	52.122
-0.785398	0.618092	2.539118	2	283	2	52.087
0.523599	0.929350	-2.910676	14	34	22	52.083
0.261799	2.881233	-2.582574	27	10	252	52.023
2.879793	2.379497	0.561089	16	281	29	52.019
-3.141593	1.756530	-2.105156	290	292	116	51.990
1.308997	1.721184	-0.153948	265	286	47	51.955
1.832596	2.187132	-0.479875	296	288	268	51.952
0.785398	1.554776	0.100351	251	298	83	51.952
-0.523599	1.736875	3.023612	46	296	81	51.945
1.832596	0.379747	-1.713059	256	8	27	51.936
-2.879793	1.194549	-0.801900	286	289	209	51.926
-2.617994	0.929350	-2.910676	272	278	8	51.897
2.879793	2.174483	2.653697	253	284	76	51.841
2.356194	1.909857	-0.381669	13	255	113	51.807
-2.617994	0.733948	3.021411	270	290	299	51.757
-0.261799	1.391910	3.030322	45	2	77	51.743
0.523599	1.870545	-2.976234	33	27	92	51.743
-1.047198	0.297065	2.160177	277	284	4	51.692
1.570796	2.349581	-2.702517	7	32	104	51.630
1.308997	2.588535	-2.976617	13	34	100	51.582
1.570796	1.417623	-0.202254	266	281	41	51.530
-3.141593	0.297065	2.160177	280	25	46	51.519
-0.261799	2.760637	2.781135	44	11	95	51.420
0.523599	0.619654	-2.216909	0	43	29	51.414
-0.261799	1.909857	-0.381669	274	28	56	51.351
-2.356194	1.050534	3.042579	278	283	222	51.313
2.094395	1.433411	-1.035986	275	23	242	51.298
2.356194	1.574060	2.783565	294	290	22	51.271
1.570796	1.134497	-1.109631	285	28	231	51.240
-1.047198	1.050534	3.042579	33	275	74	51.197
2.617994	2.295480	1.008277	298	271	19	51.185
-3.141593	2.115563	0.685730	23	281	33	51.141
2.617994	2.719179	-1.780644	12	25	113	51.126
-1.047198	0.419640	2.974122	4	277	9	51.099
-1.308997	1.134497	-1.109631	26	18	46	51.099
-1.832596	1.194549	-0.801900	27	11	46	51.095
1.047198	0.419640	2.974122	16	28	191	51.085
1.570796	1.554776	0.100351	268	277	36	51.009
1.832596	0.619654	-2.216909	258	27	17	50.954
1.047198	2.881233	-2.582574	33	20	105	50.886
-2.879793	2.001437	0.381215	29	294	37	50.867
-1.832596	0.899350	-2.069907	20	277	230	50.829
-0.785398	2.984978	1.954446	29	23	222	50.823
-2.617994	0.370812	-2.547742	275	275	18	50.796
1.570796	0.419640	2.974122	3	34	190	50.729
-0.785398	1.391910	3.030322	42	285	77	50.719
-1.047198	2.724429	-0.348782	273	24	60	50.698
-1.570796	2.863997	0.549740	15	36	228	50.696
2.879793	1.846342	-1.796954	298	298	121	50.694
-0.785398	1.569311	-3.003978	44	286	87	50.580
2.094395	2.251330	-2.330739	299	24	112	50.565
-2.879793	0.929350	-2.910676	265	284	8	50.563
1.308997	1.135813	-2.658866	279	46	20	50.547
2.617994	1.948085	-2.363031	285	9	111	50.526
2.879793	0.619654	-2.216909	258	289	17	50.519
2.356194	2.251330	-2.330739	293	20	112	50.498
0.000000	2.115563	0.685730	268	30	215	50.423
-1.308997	1.050534	3.042579	26	270	74	50.401
0.785398	2.251330	-2.330739	31	16	112	50.392
-0.523599	1.391910	3.030322	44	293	77	50.384
1.832596	1.875281	0.107086	280	273	43	50.360
-1.570796	1.417623	-0.202254	26	43	82	50.350
-3.141593	2.478122	2.609777	267	282	24	50.344
-0.785398	1.870545	-2.976234	43	285	92	50.336
-3.141593	2.001437	0.381215	25	285	37	50.330
-2.356194	1.391910	3.030322	286	273	7	50.262
-1.308997	2.404280	-0.174044	289	34	59	50.230
0.000000	1.756530	-2.105156	24	9	115	50.205
-1.308997	0.591903	2.010408	276	293	297	50.103
-1.570796	0.297065	2.160177	267	293	4	50.087
1.832596	1.417623	-0.202254	273	275	41	50.084
2.356194	0.619654	-2.216909	253	7	19	50.079
1.047198	1.417623	-0.202254	289	26	31	50.057
0.000000	0.929350	-2.910676	26	21	19	50.036
2.094395	2.592629	0.909713	281	273	27	50.032
-0.523599	0.619654	-2.216909	35	17	212	50.029
1.570796	2.251330	-2.330739	13	25	112	50.021
1.047198	2.863997	0.549740	263	288	37	50.015
1.570796	2.001437	0.381215	271	275	38	50.010
1.570796	0.960688	-0.577532	267	283	213	49.998
0.261799	0.961715	0.014085	248	16	77	49.965
-0.261799	0.297065	2.160177	299	279	4	49.948
-2.879793	1.875281	0.107086	29	0	253	49.932
-1.308997	1.869911	2.701025	9	20	207	49.926
0.261799	1.869911	2.701025	32	25	74	49.920
-1.308997	0.379747	-1.713059	36	4	211	49.914
1.308997	0.640596	-2.797608	283	52	262	49.912
1.047198	2.579248	-2.364801	31	19	109	49.876
0.261799	0.591903	2.010408	6	292	297	49.873
-1.308997	1.135813	-2.658866	35	273	92	49.799
2.094395	2.760637	2.781135	261	23	33	49.768
1.047198	2.349581	-2.702517	24	29	103	49.749
-1.832596	1.506530	1.988858	7	21	26	49.717
-2.617994	1.214854	-1.966664	7	272	110	49.712
-2.617994	1.135813	-2.658866	276	280	240	49.696
-2.356194	2.881233	-2.582574	264	293	43	49.664
1.308997	2.251330	-2.330739	20	24	112	49.662
1.047198	0.640596	-2.797608	297	42	19	49.643
2.879793	2.760637	2.781135	259	296	33	49.640
-1.832596	2.587733	0.232235	7	47	277	49.622
0.261799	1.504028	0.636812	254	17	65	49.622
1.570796	2.033014	2.977192	264	35	21	49.617
-2.617994	0.866395	-2.492918	281	274	227	49.594
-0.523599	0.866395	-2.492918	28	23	256	49.590
-2.617994	2.760637	2.781135	277	274	34	49.542
1.308997	2.349581	-2.702517	16	32	104	49.539
2.094395	2.349581	-2.702517	292	25	104	49.531
-2.356194	1.417623	-0.202254	29	8	42	49.531
-2.356194	1.869911	2.701025	298	271	10	49.506
0.000000	1.417623	-0.202254	253	28	92	49.500
-2.356194	1.218453	2.777284	286	280	299	49.493
0.261799	2.704512	1.488683	276	44	82	49.437
0.523599	0.496451	0.593859	269	287	8	49.364
1.570796	1.870545	-2.976234	298	33	92	49.361
2.094395	0.297065	2.160177	8	34	210	49.347
1.570796	1.658653	-2.409879	298	27	107	49.312
-1.832596	1.756530	-2.105156	23	269	112	49.311
0.261799	1.050534	3.042579	40	17	73	49.292
0.261799	1.909857	-0.381669	255	12	103	49.273
-2.356194	0.866395	-2.492918	291	271	225	49.268
2.094395	0.640596	-2.797608	298	25	22	49.261
0.785398	2.404280	-0.174044	275	285	236	49.256
0.261799	2.588535	-2.976617	41	14	99	49.219
0.000000	1.998705	2.370472	276	20	22	49.207
0.523599	2.089241	-0.114193	253	3	97	49.198
2.617994	0.370812	-2.547742	257	6	20	49.164
-3.141593	1.325504	-1.671296	2	279	117	49.141
-2.094395	0.866395	-2.492918	1	271	225	49.128
-2.094395	0.866955	-0.931351	29	295	35	49.126
0.000000	2.760637	2.781135	40	19	94	49.085
0.785398	2.881233	-2.582574	39	14	105	49.064
0.000000	2.033014	2.977192	19	37	21	49.043
1.570796	1.506530	1.988858	284	294	231	49.036
0.261799	1.135813	-2.658866	37	25	92	49.032
2.617994	0.379747	-1.713059	266	280	28	48.994
-1.832596	0.080730	-2.622036	296	274	14	48.977
0.000000	1.736875	3.023612	43	14	81	48.943
-0.785398	1.721184	-0.153948	270	43	94	48.908
-0.261799	2.349581	-2.702517	43	294	104	48.896
-2.094395	1.134497	-1.109631	293	289	24	48.857
-1.570796	1.045978	0.343692	32	43	61	48.838
-2.356194	1.606104	-0.451151	293	292	237	48.813
-2.617994	1.869911	2.701025	288	270	11	48.795
0.523599	1.554776	0.100351	249	7	84	48.789
-2.356194	0.914445	2.687814	280	289	295	48.775
1.570796	1.756530	-2.105156	3	20	116	48.767
-1.832596	1.135813	-2.658866	4	276	240	48.762
0.785398	2.588535	-2.976617	29	28	100	48.758
2.617994	2.251330	-2.330739	289	15	113	48.743
1.832596	2.379497	0.561089	281	271	39	48.710
1.832596	2.349581	-2.702517	0	30	104	48.696
-0.785398	0.297065	2.160177	285	280	6	48.677
0.523599	1.135813	-2.658866	10	40	29	48.627
1.832596	0.290380	-0.796960	271	282	191	48.611
-2.879793	1.325504	-1.671296	8	278	117	48.611
2.094395	0.290380	-0.796960	275	276	21	48.581
0.261799	2.299159	2.264663	21	32	74	48.578
0.523599	0.203748	0.590255	271	283	11	48.564
0.523599	1.134497	-1.109631	263	29	105	48.518
1.832596	0.419640	2.974122	288	39	10	48.509
2.094395	0.619654	-2.216909	253	18	17	48.504
2.617994	2.760637	2.781135	257	5	33	48.501
1.570796	2.379497	0.561089	4	292	31	48.484
1.832596	2.881233	-2.582574	12	32	105	48.468
2.356194	2.455966	-0.641220	12	3	272	48.450
-2.356194	2.863997	0.549740	29	21	245	48.418
-0.785398	1.574060	2.783565	41	288	72	48.416
2.879793	2.637879	2.121598	271	278	23	48.385
-0.523599	2.407836	1.410646	0	51	235	48.362
-0.261799	1.301460	-0.509251	264	37	98	48.339
-0.523599	1.574060	2.783565	42	296	72	48.326
-3.141593	0.640596	-2.797608	260	295	6	48.314
-2.879793	2.588535	-2.976617	262	293	38	48.298
-1.308997	1.242974	-2.977882	32	270	84	48.294
2.094395	1.134497	-1.109631	281	17	221	48.276
-2.879793	2.456751	-1.503343	299	6	126	48.271
1.047198	0.458961	-0.107937	264	287	19	48.262
-0.261799	2.979456	-1.009304	272	284	45	48.258
-2.879793	2.247462	0.191623	27	4	35	48.251
-2.617994	2.863997	0.549740	31	12	245	48.251
0.261799	0.080730	-2.622036	27	25	200	48.239
1.308997	1.440580	2.260026	277	3	243	48.236
0.785398	1.998705	2.370472	273	7	24	48.219
1.832596	1.554776	0.100351	276	272	36	48.213
2.617994	2.379497	0.561089	8	276	29	48.212
2.879793	0.370812	-2.547742	257	1	8	48.208
0.261799	1.510910	-0.740472	1	28	2	48.202
-1.308997	2.073035	2.027405	297	26	30	48.201
-0.523599	1.214854	-1.966664	28	25	96	48.164
1.047198	1.870545	-2.976234	298	44	87	48.160
1.570796	1.736875	3.023612	295	33	81	48.144
-0.261799	0.419640	2.974122	22	296	9	48.133
1.308997	1.869911	2.701025	299	32	74	48.112
0.261799	2.001437	0.381215	257	23	241	48.097
1.832596	2.001437	0.381215	280	270	39	48.085
2.356194	2.984978	1.954446	263	289	35	48.066
-0.523599	0.914445	2.687814	284	295	14	48.060
-0.261799	1.948085	-2.363031	31	298	110	48.041
0.785398	2.356369	3.005869	22	34	91	48.034
0.261799	0.571433	-1.188419	268	43	89	48.033
1.047198	0.899350	-2.069907	276	43	30	48.030
0.000000	0.458961	-0.107937	256	37	68	48.011
-1.832596	2.979456	-1.009304	268	26	48	47.992
-1.832596	0.290380	-0.796960	49	13	58	47.987
-1.832596	0.591903	2.010408	272	3	297	47.985
1.308997	1.113094	-0.272241	256	291	34	47.981
-1.832596	0.733948	3.021411	296	270	188	47.973
-2.094395	0.929350	-2.910676	291	271	8	47.964
-2.356194	2.379497	0.561089	29	13	39	47.947
2.094395	1.301460	-0.509251	276	13	34	47.946
0.523599	2.349581	-2.702517	36	19	104	47.942
1.047198	1.242974	-2.977882	16	36	84	47.918
-2.617994	1.391910	3.030322	278	276	7	47.916
1.308997	1.374601	-2.456031	275	44	32	47.893
0.000000	1.824694	1.850876	16	31	45	47.893
-3.141593	2.404280	-0.174044	39	296	117	47.849
-0.261799	1.736875	3.023612	45	5	81	47.828
-2.094395	1.417623	-0.202254	299	294	240	47.826
1.832596	1.766067	2.153843	289	291	233	47.819
-0.261799	2.063651	-2.044600	37	4	118	47.814
1.308997	1.256302	0.062705	259	284	31	47.800
1.047198	2.588535	-2.976617	21	32	100	47.795
-3.141593	2.379497	0.561089	22	289	27	47.793
0.523599	2.760637	2.781135	26	32	94	47.770
-2.879793	1.699788	2.452890	285	277	2	47.763
-1.047198	1.413430	2.550734	19	2	296	47.728
-2.356194	0.619654	-2.216909	13	263	90	47.716
-1.308997	2.704512	1.488683	24	24	25	47.704
2.094395	0.370812	-2.547742	262	23	20	47.700
-0.523599	2.164094	-2.991358	45	293	96	47.699
-0.523599	1.301460	-0.509251	271	42	98	47.682
1.570796	1.948085	-2.363031	5	27	111	47.676
1.047198	1.325504	-1.671296	267	11	117	47.672
0.261799	2.174483	2.653697	3	45	21	47.672
1.308997	1.554776	0.100351	261	284	36	47.660
1.047198	0.619654	-2.216909	281	42	29	47.660
-2.617994	1.325504	-1.671296	14	278	115	47.655
0.000000	2.979456	-1.009304	279	280	45	47.655
1.047198	2.251330	-2.330739	25	21	113	47.636
-0.785398	2.455966	-0.641220	283	292	36	47.634
1.570796	2.404280	-0.174044	290	282	261	47.620
-2.617994	1.756530	-2.105156	298	270	113	47.605
-0.785398	0.733948	3.021411	18	287	12	47.597
-2.879793	0.080730	-2.622036	266	287	14	47.597
-0.523599	2.247462	0.191623	277	1	36	47.557
0.261799	1.574060	2.783565	275	21	237	47.545
-0.261799	1.998705	2.370472	279	23	23	47.528
2.879793	0.733948	3.021411	262	16	215	47.518
2.617994	1.658653	-2.409879	281	4	107	47.515
0.785398	1.869911	2.701025	17	32	74	47.479
-1.570796	1.658653	-2.409879	22	272	107	47.476
0.785398	0.370812	-2.547742	1	42	19	47.469
-2.356194	2.592629	0.909713	28	7	27	47.451
1.832596	0.370812	-2.547742	268	31	19	47.444
0.261799	1.721184	-0.153948	251	16	94	47.434
0.000000	1.870545	-2.976234	44	12	92	47.423
2.094395	2.379497	0.561089	291	268	40	47.414
-1.308997	2.407836	1.410646	21	26	16	47.411
0.785398	0.762244	-0.273349	244	16	79	47.410
0.000000	2.863997	0.549740	262	20	51	47.404
1.047198	1.050534	3.042579	20	32	74	47.397
-0.523599	1.242974	-2.977882	46	294	84	47.391
1.047198	1.869911	2.701025	8	33	74	47.376
1.832596	1.756530	-2.105156	297	17	116	47.367
-2.094395	1.569311	-3.003978	299	271	228	47.365
-2.879793	0.733948	3.021411	266	296	298	47.361
0.000000	2.587733	0.232235	260	16	49	47.353
-1.570796	1.506530	1.988858	3	24	26	47.342
2.094395	0.866395	-2.492918	256	24	17	47.341
0.785398	1.569311	-3.003978	24	34	87	47.340
-2.094395	2.295480	1.008277	27	13	18	47.329
1.308997	2.379497	0.561089	260	292	283	47.306
-3.141593	1.050534	3.042579	262	1	216	47.304
-0.261799	2.033014	2.977192	45	7	85	47.277
1.570796	1.875281	0.107086	272	277	43	47.275
-0.261799	1.135813	-2.658866	45	9	92	47.268
-1.570796	0.685216	-1.712745	30	1	245	47.246
-2.879793	1.214854	-1.966664	0	273	110	47.245
-2.879793	0.370812	-2.547742	268	280	19	47.242
-0.261799	2.174483	2.653697	42	14	79	47.230
0.000000	1.134796	2.434290	286	296	13	47.223
-0.785398	1.869911	2.701025	43	293	74	47.218
1.832596	0.733948	3.021411	287	32	190	47.217
1.832596	1.134497	-1.109631	281	25	231	47.212
-2.617994	1.413430	2.550734	286	282	296	47.205
-2.356194	0.733948	3.021411	275	285	299	47.202
-0.523599	0.379747	-1.713059	27	31	212	47.195
0.523599	1.869911	2.701025	25	29	74	47.186
-0.785398	2.404280	-0.174044	275	30	56	47.185
2.617994	2.984978	1.954446	269	281	35	47.183
-0.523599	2.592629	0.909713	289	44	225	47.162
-1.047198	1.904882	-1.478089	11	5	120	47.157
2.094395	0.379747	-1.713059	256	299	26	47.134
-2.617994	1.658653	-2.409879	292	276	107	47.123
-3.141593	2.251330	-2.330739	285	2	113	47.116
1.832596	1.721184	-0.153948	278	276	47	47.106
-2.879793	0.297065	2.160177	274	21	46	47.094
1.832596	0.615174	-0.666022	271	279	30	47.089
2.879793	1.998705	2.370472	13	289	211	47.087
-1.570796	2.704512	1.488683	27	15	25	47.084
-2.356194	2.404280	-0.174044	16	25	55	47.079
0.523599	0.080730	-2.622036	20	31	199	47.072
-0.261799	1.417623	-0.202254	258	35	92	47.059
0.261799	2.063651	-2.044600	32	17	118	47.049
-2.356194	2.704512	1.488683	23	288	25	47.047
0.261799	1.367556	0.358405	251	16	72	47.045
2.356194	1.756530	-2.105156	289	8	116	47.018
-2.879793	2.704512	1.488683	9	277	25	47.009
0.785398	1.870545	-2.976234	7	43	87	47.004
-0.523599	0.929350	-2.910676	30	2	22	46.974
-3.141593	1.417623	-0.202254	33	257	98	46.966
-1.047198	1.658653	-2.409879	35	281	107	46.950
-0.523599	0.591903	2.010408	291	286	298	46.948
1.570796	0.866395	-2.492918	268	39	17	46.936
0.000000	2.251330	-2.330739	40	10	113	46.934
-2.094395	0.640596	-2.797608	287	272	6	46.931
1.570796	0.619654	-2.216909	299	26	27	46.919
2.356194	0.379747	-1.713059	260	288	27	46.905
1.570796	1.721184	-0.153948	271	280	47	46.887
-2.356194	0.640596	-2.797608	278	276	6	46.879
0.261799	2.164094	-2.991358	40	18	95	46.877
1.832596	1.658653	-2.409879	291	23	107	46.871
2.879793	2.153910	-1.714959	3	8	122	46.870
2.617994	2.396274	-1.959260	2	18	117	46.870
-3.141593	2.295480	1.008277	15	280	18	46.861
1.832596	2.115563	0.685730	276	270	33	46.842
-1.570796	1.824694	1.850876	13	2	0	46.815
2.094395	1.948085	-2.363031	293	21	111	46.768
1.832596	2.760637	2.781135	265	31	33	46.749
2.094395	2.033014	2.977192	283	292	18	46.729
-0.785398	1.050534	3.042579	39	282	74	46.717
0.000000	0.297065	2.160177	6	283	4	46.709
2.617994	0.914445	2.687814	270	23	207	46.703
-1.308997	0.929350	-2.910676	31	271	82	46.701
-0.261799	0.685216	-1.712745	10	37	37	46.696
0.000000	2.592629	0.909713	264	46	267	46.680
2.356194	2.724429	-0.348782	26	290	235	46.678
2.879793	1.050534	3.042579	260	9	217	46.678
2.094395	0.733948	3.021411	279	28	191	46.677
1.570796	1.135813	-2.658866	270	41	20	46.664
-1.308997	2.881233	-2.582574	280	261	105	46.644
-1.832596	1.824694	1.850876	24	2	1	46.584
-2.879793	1.050534	3.042579	268	288	2	46.582
-0.523599	1.870545	-2.976234	45	294	93	46.570
-0.261799	2.164094	-2.991358	46	1	95	46.560
-0.523599	1.050534	3.042579	291	294	14	46.542
1.047198	1.948085	-2.363031	2	37	107	46.539
-1.308997	2.299159	2.264663	28	2	223	46.538
-3.141593	1.506530	1.988858	32	285	80	46.514
-2.356194	0.960688	-0.577532	29	296	36	46.512
0.523599	1.736875	3.023612	31	29	81	46.512
0.261799	1.045978	0.343692	247	25	71	46.509
0.785398	2.115563	0.685730	252	4	30	46.506
0.000000	2.984978	1.954446	19	34	95	46.504
2.094395	1.194549	-0.801900	275	23	243	46.472
0.785398	2.164094	-2.991358	26	31	95	46.454
-2.879793	2.664082	-1.071402	297	32	53	46.453
1.832596	2.041297	-2.664597	295	28	103	46.446
1.308997	2.881233	-2.582574	27	26	105	46.441
0.785398	2.724429	-0.348782	278	280	46	46.440
0.523599	1.812176	0.656819	251	14	24	46.429
0.523599	1.699788	2.452890	23	26	64	46.429
1.570796	2.456751	-1.503343	12	14	267	46.423
1.047198	1.736875	3.023612	13	36	81	46.418
1.308997	2.001437	0.381215	264	280	39	46.415
2.094395	2.579248	-2.364801	5	28	110	46.407
1.308997	0.571433	-1.188419	257	9	34	46.388
2.356194	2.704512	1.488683	273	275	27	46.386
0.261799	0.864993	2.278281	21	11	33	46.362
-1.832596	1.766067	2.153843	19	294	0	46.342
-2.356194	2.247462	0.191623	26	19	45	46.341
-1.308997	1.374601	-2.456031	34	276	102	46.340
1.832596	0.685216	-1.712745	261	12	246	46.336
-1.047198	1.134497	-1.109631	7	297	23	46.325
-2.094395	1.135813	-2.658866	294	275	240	46.321
-2.879793	0.591903	2.010408	285	18	178	46.304
2.879793	2.251330	-2.330739	286	9	113	46.302
0.261799	2.247462	0.191623	262	9	228	46.289
2.879793	2.984978	1.954446	276	276	35	46.280
2.356194	2.404280	-0.174044	19	279	234	46.279
-1.047198	0.290380	-0.796960	13	42	67	46.278
0.000000	0.619654	-2.216909	17	34	28	46.260
0.785398	2.349581	-2.702517	30	25	104	46.249
1.308997	2.164094	-2.991358	9	35	96	46.244
-2.094395	0.914445	2.687814	284	287	293	46.222
0.000000	2.247462	0.191623	260	22	47	46.221
2.094395	0.419640	2.974122	286	32	190	46.221
0.785398	1.134497	-1.109631	258	23	105	46.209
-1.308997	1.510910	-0.740472	9	299	243	46.207
-2.617994	1.574060	2.783565	284	275	5	46.202
-1.570796	1.756530	-2.105156	18	279	116	46.186
-0.785398	1.242974	-2.977882	43	285	84	46.185
-2.617994	1.766067	2.153843	1	278	1	46.184
-1.832596	1.242974	-2.977882	0	276	232	46.163
-1.047198	2.138223	1.678323	16	23	5	46.158
-1.570796	2.984978	1.954446	29	4	244	46.149
2.879793	2.299159	2.264663	268	284	14	46.126
2.356194	2.979456	-1.009304	20	26	265	46.097
2.094395	2.719179	-1.780644	24	22	113	46.093
0.523599	2.393226	1.857173	277	46	69	46.086
1.832596	0.640596	-2.797608	2	23	22	46.074
1.047198	0.615174	-0.666022	257	3	30	46.070
0.785398	2.393226	1.857173	269	41	69	46.061
2.094395	1.699788	2.452890	266	19	4	46.046
0.523599	0.640596	-2.797608	18	39	215	46.033
2.356194	0.733948	3.021411	274	23	190	46.032
0.523599	1.242974	-2.977882	33	27	84	46.025
2.879793	0.685216	-1.712745	277	281	246	46.009
-2.617994	0.685216	-1.712745	19	266	98	45.983
0.523599	1.194549	-0.801900	256	22	102	45.983
-0.523599	0.640596	-2.797608	24	14	252	45.968
0.261799	2.349581	-2.702517	40	10	104	45.962
2.879793	1.574060	2.783565	2	292	25	45.960
2.617994	1.998705	2.370472	255	288	66	45.959
-2.094395	0.733948	3.021411	281	281	299	45.958
0.523599	2.247462	0.191623	262	299	227	45.953
-2.617994	1.301460	-0.509251	43	7	88	45.950
1.570796	1.683268	0.374177	269	274	31	45.946
1.308997	1.417623	-0.202254	260	288	41	45.937
2.879793	1.756530	-2.105156	288	297	116	45.928
-1.570796	1.766067	2.153843	22	1	299	45.924
-3.141593	0.960688	-0.577532	11	272	35	45.924
-1.047198	2.407836	1.410646	15	32	16	45.924
-0.261799	0.910508	1.903534	296	296	293	45.923
-2.094395	2.379497	0.561089	24	27	21	45.922
0.261799	2.115563	0.685730	263	22	217	45.915
-0.523599	2.404280	-0.174044	279	296	36	45.908
1.832596	1.242974	-2.977882	264	33	13	45.907
-0.261799	2.587733	0.232235	277	296	31	45.904
-0.261799	1.872854	1.543456	12	35	47	45.903
-2.094395	1.301460	-0.509251	27	10	45	45.901
-0.523599	2.984978	1.954446	34	25	98	45.886
2.879793	1.909857	-0.381669	14	290	265	45.886
2.879793	1.658653	-2.409879	281	296	107	45.871
2.094395	1.413347	-1.339188	278	20	230	45.866
-0.785398	0.914445	2.687814	282	297	14	45.859
-0.261799	2.295480	1.008277	282	42	214	45.854
0.785398	0.929350	-2.910676	6	38	22	45.846
-2.879793	1.218453	2.777284	274	287	299	45.843
2.094395	2.984978	1.954446	259	296	35	45.826
-0.785398	0.591903	2.010408	286	288	298	45.824
0.523599	1.721184	-0.153948	251	7	94	45.823
2.356194	2.456751	-1.503343	5	25	267	45.820
-0.261799	0.733948	3.021411	25	1	11	45.812
-0.261799	1.569311	-3.003978	296	14	192	45.809
-3.141593	2.592629	0.909713	16	282	27	45.801
0.261799	0.685216	-1.712745	293	42	37	45.792
-2.094395	1.875281	0.107086	25	24	46	45.780
1.047198	2.592629	0.909713	255	297	38	45.773
-0.523599	1.113094	-0.272241	19	9	212	45.766
0.523599	1.440580	2.260026	273	17	242	45.746
0.523599	2.704512	1.488683	270	37	82	45.746
2.356194	2.760637	2.781135	257	14	33	45.743
-0.261799	0.619654	-2.216909	23	27	28	45.738
1.308997	1.569311	-3.003978	6	35	87	45.733
-2.879793	2.063651	-2.044600	290	283	118	45.732
-0.523599	2.979456	-1.009304	267	290	44	45.727
-1.308997	0.618092	2.539118	289	282	2	45.727
1.570796	1.256302	0.062705	266	276	31	45.718
0.000000	0.899350	-2.069907	20	42	82	45.692
1.047198	1.554776	0.100351	256	292	37	45.686
1.832596	1.683268	0.374177	277	270	31	45.685
0.000000	0.864993	2.278281	9	299	296	45.685
2.356194	1.301460	-0.509251	298	275	43	45.680
-0.785398	0.203748	0.590255	263	20	11	45.642
2.617994	1.756530	-2.105156	288	3	115	45.634
2.094395	1.756530	-2.105156	293	14	116	45.626
-0.785398	1.450119	-2.739050	43	287	94	45.625
-1.047198	1.450119	-2.739050	38	279	94	45.625
0.785398	1.391910	3.030322	24	32	77	45.625
0.261799	1.242974	-2.977882	39	21	84	45.613
-2.356194	1.242974	-2.977882	282	278	233	45.613
2.879793	2.979456	-1.009304	15	34	254	45.609
2.094395	1.658653	-2.409879	287	17	107	45.601
-2.879793	1.574060	2.783565	276	278	5	45.599
0.523599	1.909857	-0.381669	256	5	103	45.596
-0.523599	1.218453	2.777284	288	298	11	45.591
-2.094395	0.619654	-2.216909	22	265	90	45.582
-0.261799	0.866395	-2.492918	26	32	256	45.576
0.261799	2.455966	-0.641220	264	297	108	45.575
0.261799	2.041297	-2.664597	39	15	103	45.575
-2.094395	1.218453	2.777284	293	280	298	45.570
-1.308997	0.297065	2.160177	271	287	4	45.549
-3.141593	2.704512	1.488683	0	272	25	45.545
1.308997	1.948085	-2.363031	13	27	111	45.528
-0.261799	1.050534	3.042579	294	294	14	45.521
-2.617994	2.664082	-1.071402	291	32	53	45.504
1.832596	2.180315	-1.357379	3	11	271	45.498
-2.094395	1.242974	-2.977882	291	276	233	45.490
2.356194	1.256302	0.062705	17	256	65	45.489
0.000000	1.555207	1.708892	10	25	39	45.489
1.570796	1.301460	-0.509251	262	288	45	45.478
-0.523599	1.721184	-0.153948	263	39	94	45.476
1.047198	2.174483	2.653697	292	47	66	45.473
1.832596	2.073035	2.027405	291	293	238	45.454
1.308997	0.458961	-0.107937	271	280	18	45.445
-2.356194	1.128190	-2.288622	292	277	249	45.437
1.308997	1.413430	2.550734	286	291	205	45.436
1.832596	2.724429	-0.348782	8	289	263	45.416
0.261799	2.356369	3.005869	37	24	91	45.412
-0.523599	1.413430	2.550734	37	295	63	45.400
-0.261799	0.618092	2.539118	12	290	2	45.396
-2.879793	0.866395	-2.492918	267	277	16	45.392
-2.617994	1.812176	0.656819	32	1	26	45.386
-1.832596	0.297065	2.160177	264	0	4	45.382
1.308997	2.719179	-1.780644	20	17	261	45.382
-2.617994	1.683268	0.374177	32	3	29	45.370
2.356194	1.662363	0.915448	293	269	16	45.345
2.879793	2.724429	-0.348782	24	11	254	45.326
-3.141593	1.998705	2.370472	16	293	211	45.321
-0.523599	0.297065	2.160177	292	279	6	45.299
2.617994	0.733948	3.021411	269	16	190	45.293
1.308997	1.870545	-2.976234	7	35	92	45.285
2.617994	2.579248	-2.364801	292	21	110	45.276
0.261799	1.736875	3.023612	38	21	81	45.275
2.356194	1.433411	-1.035986	273	18	242	45.274
-2.094395	2.664082	-1.071402	280	26	56	45.267
-1.832596	1.218453	2.777284	1	281	298	45.267
-2.356194	1.977582	0.969896	33	6	20	45.266
-2.617994	0.914445	2.687814	276	292	295	45.246
-1.308997	0.899350	-2.069907	50	284	88	45.241
2.617994	2.001437	0.381215	9	271	39	45.237
1.832596	2.579248	-2.364801	13	28	109	45.228
0.261799	2.295480	1.008277	275	298	26	45.223
-2.879793	2.251330	-2.330739	285	295	113	45.221
-1.570796	2.404280	-0.174044	296	35	55	45.206
-3.141593	2.588535	-2.976617	259	1	38	45.204
0.523599	1.050534	3.042579	15	30	14	45.191
2.879793	0.419640	2.974122	269	14	190	45.186
1.570796	0.379747	-1.713059	258	17	27	45.167
1.832596	2.295480	1.008277	3	291	26	45.164
2.617994	2.455966	-0.641220	29	296	124	45.163
0.523599	0.960688	-0.577532	250	21	93	45.157
2.879793	2.588535	-2.976617	258	10	38	45.155
1.047198	2.719179	-1.780644	21	10	261	45.155
-1.832596	1.998705	2.370472	5	30	262	45.151
-3.141593	0.929350	-2.910676	261	291	8	45.148
0.523599	0.571433	-1.188419	260	39	89	45.142
-2.617994	1.904882	-1.478089	10	298	123	45.135
-1.570796	1.025536	1.576859	296	6	169	45.130
2.879793	2.073035	2.027405	6	1	247	45.119
-0.261799	0.850607	-1.335383	298	39	44	45.119
2.617994	2.478122	2.609777	257	299	24	45.118
2.356194	0.762244	-0.273349	289	266	24	45.101
0.523599	2.592629	0.909713	255	28	265	45.090
2.879793	1.433411	-1.035986	273	9	242	45.080
-1.570796	0.929350	-2.910676	23	267	82	45.074
2.356194	1.869911	2.701025	292	290	18	45.067
0.785398	2.379497	0.561089	259	3	237	45.055
-3.141593	0.685216	-1.712745	286	277	244	45.051
-0.261799	0.571433	-1.188419	294	43	34	45.044
-1.047198	1.574060	2.783565	25	299	5	45.040
-3.141593	2.455966	-0.641220	28	6	124	45.040
1.570796	2.164094	-2.991358	299	33	95	45.039
-1.308997	1.658653	-2.409879	29	276	107	45.035
-1.047198	1.569311	-3.003978	38	278	87	45.030
-2.094395	2.456751	-1.503343	298	296	127	45.025
2.094395	1.869911	2.701025	287	291	18	45.024
-2.879793	1.869911	2.701025	279	273	11	45.021
0.785398	0.640596	-2.797608	6	38	22	45.013
1.047198	2.456751	-1.503343	24	3	126	45.006
2.879793	2.455966	-0.641220	30	1	124	44.992
2.617994	0.640596	-2.797608	257	12	6	44.988
-1.832596	2.404280	-0.174044	3	34	56	44.988
-3.141593	1.824694	1.850876	294	282	180	44.977
2.617994	1.869911	2.701025	296	290	18	44.966
-0.261799	1.870545	-2.976234	46	3	92	44.966
0.785398	1.417623	-0.202254	253	15	264	44.961
2.879793	0.640596	-2.797608	253	10	277	44.943
-2.356194	1.301460	-0.509251	42	15	88	44.924
2.094395	1.135834	-1.431087	272	298	260	44.920
-1.047198	1.135813	-2.658866	41	280	92	44.917
0.000000	1.721184	-0.153948	253	25	94	44.898
-1.570796	2.033014	2.977192	15	15	205	44.893
-0.261799	1.574060	2.783565	42	5	71	44.886
0.785398	1.450119	-2.739050	23	33	94	44.878
2.617994	1.045978	0.343692	26	277	192	44.878
0.523599	0.591903	2.010408	20	0	34	44.870
2.094395	2.863997	0.549740	294	273	36	44.868
1.308997	1.875281	0.107086	265	282	43	44.863
1.047198	0.733948	3.021411	6	36	10	44.855
-2.356194	0.080730	-2.622036	280	275	15	44.847
0.785398	1.135813	-2.658866	299	47	20	44.846
0.261799	1.014500	0.906702	254	17	57	44.844
-1.047198	1.045978	0.343692	275	46	70	44.841
0.523599	1.413347	-1.339188	272	27	114	44.835
1.570796	0.640596	-2.797608	274	50	262	44.835
-2.617994	0.992645	-1.723759	17	271	106	44.832
-0.523599	1.450119	-2.739050	45	296	94	44.811
1.832596	0.297065	2.160177	20	24	190	44.797
-3.141593	2.760637	2.781135	264	287	33	44.764
-2.879793	1.846342	-1.796954	0	292	122	44.763
-1.047198	2.455966	-0.641220	280	295	36	44.757
0.000000	1.242974	-2.977882	43	14	84	44.728
2.094395	1.050534	3.042579	266	26	2	44.726
0.261799	1.391910	3.030322	39	19	77	44.724
-2.094395	0.290380	-0.796960	48	3	58	44.704
0.785398	1.134796	2.434290	284	297	197	44.703
0.000000	0.496451	0.593859	262	1	8	44.701
0.261799	2.863997	0.549740	259	11	51	44.679
2.356194	2.349581	-2.702517	286	20	105	44.675
0.000000	2.164094	-2.991358	44	10	95	44.672
-0.523599	1.658653	-2.409879	41	296	108	44.667
0.261799	2.404280	-0.174044	265	4	56	44.660
1.308997	1.242974	-2.977882	7	35	85	44.658
2.094395	1.909857	-0.381669	8	253	113	44.625
-2.617994	1.335669	0.897240	24	293	99	44.618
-3.141593	1.413430	2.550734	275	287	298	44.607
-1.832596	2.456751	-1.503343	299	293	126	44.596
0.261799	1.606104	-0.451151	265	24	52	44.594
1.047198	2.664082	-1.071402	25	287	125	44.576
1.308997	2.664082	-1.071402	27	291	125	44.576
1.047198	2.295480	1.008277	259	4	223	44.573
1.308997	0.619654	-2.216909	272	37	30	44.570
1.832596	2.588535	-2.976617	296	30	100	44.561
-2.617994	1.218453	2.777284	279	282	299	44.556
0.000000	2.174483	2.653697	37	21	79	44.553
-2.094395	0.674054	1.013609	299	27	181	44.547
-2.356194	2.984978	1.954446	12	277	35	44.541
-2.617994	2.295480	1.008277	25	295	18	44.536
-1.570796	1.440580	2.260026	11	297	292	44.531
-0.523599	0.685216	-1.712745	18	31	37	44.520
-2.617994	1.569311	-3.003978	280	274	228	44.514
-0.261799	1.450119	-2.739050	45	5	94	44.510
-2.617994	0.618092	2.539118	275	299	181	44.507
-2.879793	2.407836	1.410646	12	278	16	44.498
0.261799	1.301460	-0.509251	256	24	98	44.495
-0.523599	0.618092	2.539118	7	286	2	44.489
-3.141593	2.863997	0.549740	43	287	109	44.488
2.617994	2.174483	2.653697	248	293	75	44.486
0.000000	2.478122	2.609777	21	36	233	44.486
0.785398	1.721184	-0.153948	253	299	94	44.485
0.785398	0.619654	-2.216909	290	43	28	44.484
-1.832596	1.699788	2.452890	15	285	1	44.482
2.879793	2.063651	-2.044600	283	295	118	44.468
-1.047198	1.214854	-1.966664	28	9	96	44.467
0.261799	0.370812	-2.547742	23	30	204	44.465
1.570796	2.247462	0.191623	278	276	46	44.443
2.879793	1.662363	0.915448	13	276	13	44.442
-2.356194	1.506530	1.988858	1	288	174	44.441
0.261799	2.456751	-1.503343	22	293	127	44.439
-2.879793	1.242974	-2.977882	265	288	233	44.436
2.094395	1.766067	2.153843	297	284	214	44.431
-2.356194	2.456751	-1.503343	297	299	127	44.414
-0.261799	1.721184	-0.153948	258	33	93	44.414
1.308997	2.456751	-1.503343	22	7	127	44.406
0.785398	2.637879	2.121598	275	47	78	44.400
0.000000	1.050534	3.042579	25	17	12	44.400
-0.261799	2.379497	0.561089	264	46	270	44.394
-1.832596	1.875281	0.107086	20	31	45	44.393
-1.832596	2.063651	-2.044600	14	273	119	44.390
-0.523599	0.458961	-0.107937	272	48	67	44.386
0.261799	1.450119	-2.739050	38	22	95	44.365
0.000000	1.450119	-2.739050	43	14	95	44.365
-1.308997	1.413430	2.550734	15	295	296	44.355
1.570796	2.579248	-2.364801	19	27	109	44.351
-1.570796	2.592629	0.909713	19	31	27	44.338
2.094395	2.455966	-0.641220	9	299	272	44.336
1.570796	1.128190	-2.288622	265	37	29	44.334
1.308997	0.866955	-0.931351	260	0	41	44.313
-2.879793	1.417623	-0.202254	39	264	99	44.298
1.047198	1.450119	-2.739050	14	35	94	44.291
1.832596	2.164094	-2.991358	291	29	95	44.291
-1.308997	1.045978	0.343692	284	46	70	44.287
-0.523599	1.569311	-3.003978	46	294	87	44.280
0.261799	1.413430	2.550734	275	21	239	44.279
2.356194	2.033014	2.977192	288	291	18	44.274
-1.308997	2.138223	1.678323	20	16	5	44.270
1.308997	1.683268	0.374177	261	281	32	44.268
1.308997	1.606104	-0.451151	286	22	37	44.266
-2.094395	1.050534	3.042579	286	280	222	44.249
-2.356194	1.736875	3.023612	293	272	224	44.238
-1.570796	0.203748	0.590255	282	31	55	44.238
-1.047198	0.733948	3.021411	13	282	12	44.230
-1.047198	1.869911	2.701025	30	3	11	44.230
2.094395	1.113094	-0.272241	275	10	33	44.227
0.000000	0.418037	1.360082	279	284	2	44.227
-0.523599	2.295480	1.008277	291	44	215	44.222
-2.356194	0.496451	0.593859	2	38	63	44.222
-2.617994	1.134796	2.434290	285	292	291	44.216
-1.570796	0.591903	2.010408	273	298	297	44.210
-2.879793	2.455966	-0.641220	26	10	124	44.202
-2.617994	0.619654	-2.216909	288	275	238	44.196
2.879793	0.080730	-2.622036	258	3	15	44.188
1.047198	2.187132	-0.479875	278	293	265	44.179
-1.047198	1.741644	-2.695914	37	278	99	44.175
2.094395	2.724429	-0.348782	14	293	262	44.158
0.000000	2.295480	1.008277	274	36	213	44.153
0.000000	1.135813	-2.658866	42	17	92	44.150
-1.308997	2.456751	-1.503343	4	287	127	44.146
1.832596	1.977582	0.969896	272	272	22	44.144
2.356194	0.618092	2.539118	284	35	207	44.133
-1.047198	1.301460	-0.509251	286	45	98	44.127
2.094395	1.574060	2.783565	289	290	22	44.127
1.308997	2.979456	-1.009304	23	282	225	44.124
1.570796	0.297065	2.160177	19	24	209	44.103
-0.261799	2.108018	1.311430	4	40	53	44.103
-1.570796	1.699788	2.452890	20	291	1	44.094
2.094395	1.812176	0.656819	286	267	26	44.091
1.832596	1.812176	0.656819	276	270	27	44.070
0.523599	1.450119	-2.739050	31	28	94	44.064
2.356194	0.591903	2.010408	0	29	202	44.062
2.617994	1.256302	0.062705	6	269	30	44.057
0.000000	1.554776	0.100351	251	26	84	44.047
-1.308997	2.984978	1.954446	30	12	244	44.044
-1.308997	1.433411	-1.035986	25	28	102	44.036
-3.141593	0.762244	-0.273349	41	291	72	44.023
1.047198	0.203748	0.590255	287	275	13	44.011
0.000000	2.379497	0.561089	258	38	270	44.011
-0.785398	1.658653	-2.409879	39	289	107	43.977
1.570796	1.413430	2.550734	289	288	205	43.971
-1.308997	1.450119	-2.739050	33	272	94	43.971
-2.617994	2.393226	1.857173	5	277	14	43.971
-2.617994	0.640596	-2.797608	271	281	6	43.954
2.094395	1.977582	0.969896	280	269	22	43.946
2.094395	2.456751	-1.503343	14	13	127	43.943
-2.879793	0.914445	2.687814	273	297	295	43.934
-2.094395	1.325504	-1.671296	26	283	115	43.923
-3.141593	2.299159	2.264663	275	279	14	43.912
0.261799	0.866395	-2.492918	16	36	29	43.902
0.000000	0.379747	-1.713059	2	42	26	43.896
-0.261799	1.977582	0.969896	294	38	56	43.895
1.308997	2.587733	0.232235	271	286	6	43.890
-0.785398	2.979456	-1.009304	263	298	45	43.883
-0.523599	1.134796	2.434290	282	0	12	43.877
-2.356194	1.134796	2.434290	288	290	292	43.864
-1.308997	0.914445	2.687814	8	275	181	43.863
-2.617994	2.588535	-2.976617	266	284	39	43.859
1.570796	0.733948	3.021411	294	35	190	43.856
-0.261799	2.704512	1.488683	298	45	222	43.846
0.785398	1.736875	3.023612	23	33	81	43.844
-1.047198	2.984978	1.954446	29	22	244	43.839
0.523599	1.214854	-1.966664	11	12	28	43.838
-1.570796	2.138223	1.678323	21	8	8	43.837
-1.308997	1.440580	2.260026	14	3	292	43.817
-0.261799	2.637879	2.121598	277	26	72	43.817
0.523599	1.301460	-0.509251	251	14	98	43.811
-2.617994	0.571433	-1.188419	13	272	24	43.809
0.261799	0.960688	-0.577532	12	19	207	43.785
1.570796	0.929350	-2.910676	4	19	18	43.774
-3.141593	1.977582	0.969896	19	277	21	43.768
-2.617994	1.948085	-2.363031	289	282	111	43.767
1.832596	1.194549	-0.801900	277	27	242	43.766
1.570796	1.450119	-2.739050	296	32	94	43.754
-1.308997	1.699788	2.452890	23	299	1	43.751
2.879793	2.404280	-0.174044	22	297	44	43.750
-0.261799	1.242974	-2.977882	46	3	84	43.744
-0.785398	1.113094	-0.272241	276	47	89	43.730
1.308997	1.736875	3.023612	4	35	81	43.726
1.832596	1.510910	-0.740472	273	27	291	43.725
2.094395	2.041297	-2.664597	289	24	103	43.724
2.879793	1.948085	-2.363031	283	2	111	43.691
-3.141593	1.335669	0.897240	20	286	100	43.683
0.523599	1.574060	2.783565	29	26	71	43.681
-0.523599	0.419640	2.974122	17	289	9	43.675
0.785398	1.413430	2.550734	283	299	198	43.669
-0.785398	2.138223	1.678323	289	16	198	43.635
0.000000	1.391910	3.030322	43	11	77	43.632
-2.094395	2.180315	-1.357379	8	295	128	43.627
1.047198	2.164094	-2.991358	17	35	95	43.624
0.000000	1.301460	-0.509251	258	31	98	43.622
0.523599	1.391910	3.030322	32	27	77	43.622
-0.261799	1.218453	2.777284	40	299	68	43.617
-2.094395	1.756530	-2.105156	15	267	112	43.616
1.308997	0.290380	-0.796960	246	10	68	43.610
2.617994	2.033014	2.977192	253	295	23	43.610
1.308997	2.033014	2.977192	3	34	84	43.604
0.523599	2.001437	0.381215	256	12	238	43.603
-1.047198	0.866395	-2.492918	34	292	213	43.594
-1.570796	2.063651	-2.044600	22	275	118	43.592
2.617994	2.881233	-2.582574	270	31	43	43.591
-0.785398	0.929350	-2.910676	291	291	17	43.584
-0.523599	2.664082	-1.071402	271	294	53	43.577
-2.356194	2.407836	1.410646	23	292	16	43.571
1.570796	2.588535	-2.976617	292	33	104	43.557
0.785398	1.242974	-2.977882	25	32	85	43.552
0.000000	1.658653	-2.409879	39	12	108	43.552
2.879793	2.587733	0.232235	41	283	111	43.551
2.356194	1.658653	-2.409879	282	11	107	43.551
-1.308997	1.909857	-0.381669	0	35	56	43.527
2.617994	0.762244	-0.273349	0	268	23	43.524
0.523599	2.251330	-2.330739	34	10	112	43.522
1.047198	1.875281	0.107086	259	290	43	43.516
-2.356194	2.724429	-0.348782	7	34	49	43.500
-2.356194	2.063651	-2.044600	1	274	118	43.492
-2.879793	0.899350	-2.069907	282	279	248	43.487
-2.356194	1.413430	2.550734	293	281	296	43.483
-2.617994	2.407836	1.410646	18	284	16	43.476
2.356194	2.063651	-2.044600	298	14	118	43.470
2.617994	1.135834	-1.431087	286	3	194	43.468
-0.523599	0.864993	2.278281	3	292	296	43.459
0.261799	0.458961	-0.107937	257	12	19	43.454
-0.261799	0.929350	-2.910676	29	12	20	43.439
1.832596	1.374601	-2.456031	287	23	102	43.438
-2.094395	2.033014	2.977192	6	272	231	43.424
-2.879793	2.724429	-0.348782	32	16	119	43.421
2.356194	1.812176	0.656819	297	265	26	43.415
0.785398	0.458961	-0.107937	259	295	19	43.401
2.617994	1.504028	0.636812	8	271	18	43.381
2.356194	1.766067	2.153843	4	285	212	43.357
0.261799	2.724429	-0.348782	266	291	46	43.344
-2.879793	2.299159	2.264663	283	274	16	43.342
-0.261799	0.458961	-0.107937	263	44	67	43.327
0.523599	0.458961	-0.107937	257	3	21	43.310
0.261799	0.762244	-0.273349	252	36	78	43.308
2.617994	1.662363	0.915448	5	271	13	43.289
-2.094395	2.881233	-2.582574	269	285	43	43.285
-2.879793	0.960688	-0.577532	282	290	30	43.277
1.832596	0.914445	2.687814	286	34	3	43.268
2.094395	2.001437	0.381215	289	269	37	43.244
0.000000	1.909857	-0.381669	256	20	103	43.238
0.523599	0.685216	-1.712745	284	41	37	43.236
1.570796	1.569311	-3.003978	297	34	87	43.229
-1.832596	2.379497	0.561089	40	27	100	43.228
2.617994	1.766067	2.153843	9	287	211	43.227
0.000000	0.733948	3.021411	25	11	10	43.215
-3.141593	2.979456	-1.009304	6	35	45	43.214
1.308997	1.574060	2.783565	4	32	72	43.199
-3.141593	1.617114	-1.572037	7	289	120	43.198
-2.356194	2.138223	1.678323	15	288	6	43.195
-2.879793	1.545873	-1.877082	0	282	118	43.194
0.000000	0.203748	0.590255	262	297	11	43.191
-1.308997	2.455966	-0.641220	0	15	124	43.180
-0.523599	1.135813	-2.658866	47	0	91	43.172
0.000000	2.356369	3.005869	39	29	92	43.167
-2.094395	0.864993	2.278281	293	272	53	43.161
-2.879793	0.992645	-1.723759	8	269	107	43.134
0.000000	0.618092	2.539118	16	297	2	43.129
-0.785398	2.247462	0.191623	279	40	47	43.126
1.570796	1.367556	0.358405	268	274	26	43.119
-1.570796	1.301460	-0.509251	17	29	223	43.111
2.617994	1.433411	-1.035986	273	14	242	43.110
2.617994	0.700570	1.559208	297	23	50	43.108
-1.570796	2.588535	-2.976617	14	278	252	43.106
-2.879793	1.510910	-0.740472	287	288	213	43.095
2.617994	1.606104	-0.451151	4	280	261	43.089
-3.141593	2.063651	-2.044600	286	288	119	43.089
-0.523599	2.089241	-0.114193	12	280	106	43.088
1.570796	1.440580	2.260026	265	23	48	43.086
0.000000	0.419640	2.974122	24	4	10	43.081
1.832596	2.456751	-1.503343	17	11	126	43.078
-0.785398	2.356369	3.005869	52	299	93	43.073
-2.094395	2.001437	0.381215	28	24	39	43.068
-2.617994	2.247462	0.191623	28	11	45	43.066
2.879793	1.836682	-0.676006	7	292	270	43.065
-1.308997	1.417623	-0.202254	10	1	240	43.064
2.879793	1.247695	1.809890	295	0	172	43.064
2.617994	2.664082	-1.071402	16	23	262	43.064
-0.523599	1.367556	0.358405	17	11	103	43.063
1.570796	2.719179	-1.780644	18	23	261	43.057
-2.094395	2.719179	-1.780644	266	9	52	43.057
1.047198	2.356369	3.005869	12	36	91	43.055
-3.141593	1.554776	0.100351	24	283	35	43.053
-0.785398	2.407836	1.410646	8	37	15	43.053
-1.308997	2.063651	-2.044600	28	279	118	43.039
2.879793	1.194549	-0.801900	274	0	30	43.038
0.261799	0.615174	-0.666022	13	17	202	43.036
-0.261799	1.658653	-2.409879	41	4	108	43.031
2.879793	2.104282	-0.813972	20	299	235	43.030
0.261799	0.733948	3.021411	23	17	12	43.004
1.832596	0.866955	-0.931351	264	284	216	43.000
1.047198	1.606104	-0.451151	262	299	51	43.000
-1.570796	1.135813	-2.658866	27	268	92	42.997
-2.617994	2.637879	2.121598	298	272	23	42.996
0.000000	1.134497	-1.109631	281	33	50	42.994
-1.308997	1.128190	-2.288622	38	281	102	42.990
1.047198	1.301460	-0.509251	256	5	45	42.987
2.356194	0.290380	-0.796960	285	273	21	42.987
2.617994	2.115563	0.685730	6	268	33	42.970
1.570796	0.370812	-2.547742	274	36	21	42.963
-0.261799	1.836682	-0.676006	264	25	109	42.957
-2.356194	1.870545	-2.976234	290	271	236	42.950
-2.879793	1.617114	-1.572037	9	286	121	42.939
-2.879793	1.413430	2.550734	280	284	298	42.939
-1.832596	2.089241	-0.114193	13	31	55	42.927
-1.570796	2.456751	-1.503343	1	290	127	42.919
-0.785398	1.218453	2.777284	36	284	68	42.917
2.094395	2.664082	-1.071402	28	5	124	42.914
-1.308997	2.174483	2.653697	24	291	227	42.912
2.356194	2.041297	-2.664597	284	17	103	42.910
-0.785398	1.045978	0.343692	268	42	69	42.906
2.879793	0.866395	-2.492918	256	293	16	42.901
2.617994	1.506530	1.988858	271	293	48	42.898
-1.047198	1.440580	2.260026	36	287	43	42.896
-3.141593	1.948085	-2.363031	284	294	111	42.893
-2.094395	0.496451	0.593859	295	42	63	42.880
-2.617994	0.960688	-0.577532	25	286	34	42.868
-1.047198	2.379497	0.561089	12	46	73	42.866
0.261799	2.251330	-2.330739	36	17	113	42.866
2.617994	1.113094	-0.272241	275	0	33	42.864
2.356194	2.343981	-1.040456	12	10	267	42.855
-1.832596	1.050534	3.042579	1	268	191	42.853
-1.047198	1.756530	-2.105156	28	287	115	42.844
-0.261799	1.374601	-2.456031	43	8	102	42.843
0.000000	1.741644	-2.695914	25	31	32	42.840
2.094395	0.831641	0.616218	268	281	95	42.840
1.570796	2.664082	-1.071402	28	295	125	42.836
-2.356194	1.658653	-2.409879	0	271	107	42.836
-2.094395	2.174483	2.653697	19	9	210	42.827
0.785398	2.592629	0.909713	254	7	37	42.825
1.832596	1.555207	1.708892	264	299	50	42.813
2.094395	2.187132	-0.479875	2	289	269	42.804
2.094395	2.704512	1.488683	265	281	27	42.802
-0.261799	0.203748	0.590255	254	20	57	42.801
-0.261799	0.591903	2.010408	296	287	298	42.794
1.308997	0.615174	-0.666022	259	294	30	42.778
-1.832596	2.863997	0.549740	16	33	36	42.768
-1.570796	1.606104	-0.451151	15	28	52	42.758
-3.141593	2.664082	-1.071402	296	29	119	42.755
2.094395	0.618092	2.539118	290	36	207	42.741
0.261799	1.658653	-2.409879	35	19	108	42.738
1.047198	0.929350	-2.910676	291	52	275	42.738
1.570796	0.899350	-2.069907	260	32	29	42.737
-1.570796	0.899350	-2.069907	24	291	248	42.736
0.523599	1.045978	0.343692	245	15	71	42.726
2.617994	1.554776	0.100351	7	271	36	42.720
-0.523599	1.909857	-0.381669	280	32	56	42.710
-2.879793	1.606104	-0.451151	33	267	108	42.709
0.000000	0.866395	-2.492918	21	41	256	42.708
2.094395	2.299159	2.264663	259	8	14	42.706
2.879793	1.683268	0.374177	17	275	31	42.706
-0.523599	2.174483	2.653697	45	4	79	42.703
1.570796	2.592629	0.909713	265	283	28	42.701
2.617994	0.080730	-2.622036	260	12	15	42.695
-2.094395	2.187132	-0.479875	24	34	97	42.694
0.000000	2.881233	-2.582574	43	0	112	42.678
-1.047198	0.203748	0.590255	267	40	57	42.675
2.356194	1.134497	-1.109631	291	276	227	42.669
-0.261799	1.510910	-0.740472	268	33	107	42.664
0.261799	2.033014	2.977192	12	42	21	42.658
-2.094395	0.618092	2.539118	276	295	294	42.654
-2.617994	2.456751	-1.503343	297	3	126	42.652
0.000000	2.724429	-0.348782	292	288	30	42.649
2.356194	1.504028	0.636812	298	268	17	42.649
0.261799	1.417623	-0.202254	267	21	222	42.648
1.832596	2.396274	-1.959260	18	19	117	42.648
-1.308997	0.615174	-0.666022	42	37	70	42.643
-1.047198	0.929350	-2.910676	38	277	82	42.633
-1.308997	1.977582	0.969896	32	44	66	42.628
1.047198	2.033014	2.977192	281	47	22	42.626
1.308997	2.174483	2.653697	265	37	20	42.611
-2.094395	1.766067	2.153843	15	287	299	42.611
-2.094395	0.080730	-2.622036	288	274	15	42.605
0.523599	0.866955	-0.931351	256	30	96	42.599
-2.356194	0.866955	-0.931351	26	285	37	42.586
0.523599	2.407836	1.410646	265	38	71	42.584
0.523599	1.998705	2.370472	274	11	24	42.580
0.000000	0.640596	-2.797608	28	25	215	42.577
1.832596	2.664082	-1.071402	31	278	110	42.570
-0.785398	1.756530	-2.105156	25	6	106	42.568
2.879793	0.762244	-0.273349	9	270	24	42.561
-3.141593	1.846342	-1.796954	298	295	121	42.540
1.047198	1.569311	-3.003978	15	35	88	42.536
-3.141593	0.619654	-2.216909	264	280	16	42.535
1.308997	2.863997	0.549740	269	282	37	42.534
-0.785398	1.128190	-2.288622	43	298	101	42.524
2.094395	2.478122	2.609777	258	17	25	42.521
0.000000	1.574060	2.783565	41	14	71	42.520
0.261799	2.187132	-0.479875	259	5	106	42.520
2.617994	2.979456	-1.009304	15	33	267	42.513
1.832596	1.948085	-2.363031	299	24	111	42.512
0.785398	1.335669	0.897240	251	7	62	42.507
0.261799	1.554776	0.100351	255	23	35	42.504
-1.832596	1.606104	-0.451151	2	294	238	42.504
0.261799	1.875281	0.107086	256	17	45	42.503
-0.261799	0.640596	-2.797608	24	21	277	42.501
2.094395	0.685216	-1.712745	262	2	246	42.490
1.570796	0.290380	-0.796960	262	288	21	42.487
1.047198	2.379497	0.561089	259	284	75	42.486
-0.261799	0.290380	-0.796960	273	47	77	42.486
0.785398	2.587733	0.232235	295	288	30	42.471
-1.570796	0.850607	-1.335383	32	3	35	42.453
-1.570796	2.180315	-1.357379	11	295	128	42.450
-1.570796	2.979456	-1.009304	265	20	48	42.443
1.047198	1.194549	-0.801900	257	13	48	42.438
1.570796	1.113094	-0.272241	262	282	35	42.427
-0.261799	2.592629	0.909713	280	40	224	42.427
-0.523599	2.760637	2.781135	30	14	242	42.421
-1.832596	2.033014	2.977192	16	276	231	42.416
2.094395	0.961715	0.014085	274	8	29	42.414
-3.141593	2.984978	1.954446	285	272	37	42.413
-3.141593	1.510910	-0.740472	9	285	264	42.413
1.570796	1.374601	-2.456031	294	28	102	42.412
1.047198	2.001437	0.381215	263	285	217	42.409
1.047198	1.574060	2.783565	282	295	203	42.400
0.261799	0.831641	0.616218	251	17	61	42.386
-2.094395	1.606104	-0.451151	26	18	261	42.385
1.570796	1.699788	2.452890	276	30	4	42.375
1.832596	1.872854	1.543456	271	280	185	42.374
2.356194	0.929350	-2.910676	258	18	10	42.372
-1.047198	1.335669	0.897240	18	14	100	42.367
-1.308997	0.733948	3.021411	2	289	238	42.356
-2.617994	0.419640	2.974122	266	298	298	42.342
-0.261799	2.404280	-0.174044	268	12	225	42.326
2.879793	2.108018	1.311430	4	272	188	42.325
2.356194	0.685216	-1.712745	255	293	26	42.325
-0.785398	0.458961	-0.107937	281	50	67	42.320
1.308997	1.325504	-1.671296	262	6	117	42.318
2.879793	0.297065	2.160177	291	29	185	42.308
-0.785398	2.164094	-2.991358	42	285	96	42.291
-2.094395	1.214854	-1.966664	22	275	109	42.279
0.261799	0.379747	-1.713059	293	44	26	42.277
-2.356194	0.899350	-2.069907	3	271	230	42.276
2.879793	1.606104	-0.451151	11	283	261	42.275
-2.356194	0.992645	-1.723759	25	274	106	42.269
0.261799	2.089241	-0.114193	261	13	52	42.268
-2.356194	1.440580	2.260026	11	13	22	42.268
1.047198	1.214854	-1.966664	277	43	41	42.248
2.879793	0.910508	1.903534	295	12	173	42.242
2.617994	0.929350	-2.910676	256	10	9	42.240
0.261799	0.203748	0.590255	267	289	11	42.239
0.523599	2.863997	0.549740	259	1	54	42.234
2.094395	2.063651	-2.044600	1	15	118	42.233
2.356194	0.370812	-2.547742	258	15	20	42.232
-2.356194	2.588535	-2.976617	273	279	39	42.232
2.094395	1.554776	0.100351	7	266	206	42.226
-2.617994	2.063651	-2.044600	294	278	119	42.226
-1.570796	0.914445	2.687814	297	285	293	42.222
2.356194	1.948085	-2.363031	287	15	111	42.217
1.570796	0.418037	1.360082	16	283	173	42.205
2.879793	1.134497	-1.109631	273	11	239	42.200
-1.308997	2.760637	2.781135	23	288	242	42.194
-1.832596	2.984978	1.954446	23	290	37	42.193
-0.523599	1.504028	0.636812	286	38	195	42.191
-2.356194	1.812176	0.656819	33	11	25	42.190
-2.879793	1.433411	-1.035986	7	285	265	42.185
-2.356194	0.618092	2.539118	274	299	294	42.181
0.523599	2.881233	-2.582574	27	19	252	42.177
-3.141593	1.869911	2.701025	4	298	10	42.175
2.617994	1.569311	-3.003978	252	2	21	42.172
-1.832596	0.866395	-2.492918	15	268	208	42.165
-2.356194	2.115563	0.685730	32	9	32	42.157
-0.261799	1.045978	0.343692	255	30	69	42.143
1.047198	0.379747	-1.713059	267	34	26	42.143
-1.832596	0.640596	-2.797608	295	282	258	42.141
-2.879793	1.310100	1.488307	7	299	172	42.130
-2.617994	2.979456	-1.009304	289	39	45	42.125
1.047198	1.658653	-2.409879	14	30	107	42.118
1.047198	1.256302	0.062705	285	25	31	42.118
-1.832596	1.374601	-2.456031	12	274	241	42.114
0.523599	2.588535	-2.976617	21	34	247	42.111
-2.879793	2.295480	1.008277	20	286	17	42.100
0.523599	2.356369	3.005869	30	30	91	42.099
-2.879793	1.998705	2.370472	289	270	11	42.074
-2.879793	1.948085	-2.363031	286	288	112	42.072
-3.141593	0.615174	-0.666022	9	270	23	42.070
-1.308997	1.756530	-2.105156	24	282	116	42.060
-0.523599	0.418037	1.360082	270	293	2	42.050
0.000000	0.591903	2.010408	2	288	297	42.042
2.094395	1.732874	-0.951685	7	266	115	42.041
-3.141593	2.719179	-1.780644	0	24	112	42.034
2.356194	2.396274	-1.959260	7	20	117	42.029
-2.094395	1.870545	-2.976234	0	270	236	42.029
0.785398	2.089241	-0.114193	264	297	256	42.028
-1.832596	2.138223	1.678323	21	0	8	42.023
-1.047198	0.379747	-1.713059	35	13	212	42.013
-3.141593	1.872854	1.543456	4	281	181	42.006
-1.047198	0.685216	-1.712745	35	22	80	42.003
-2.617994	2.592629	0.909713	27	297	27	42.002
2.094395	2.979456	-1.009304	31	7	231	42.000
1.570796	2.115563	0.685730	268	275	33	41.981
2.356194	0.850607	-1.335383	288	9	194	41.976
1.570796	0.615174	-0.666022	264	284	31	41.975
2.879793	1.506530	1.988858	287	293	175	41.974
-3.141593	2.407836	1.410646	2	273	18	41.966
2.356194	1.736875	3.023612	292	291	21	41.941
-3.141593	1.606104	-0.451151	17	287	261	41.933
2.094395	1.135813	-2.658866	256	23	21	41.918
0.785398	1.658653	-2.409879	22	28	108	41.916
-2.617994	2.455966	-0.641220	8	27	55	41.915
-2.356194	2.587733	0.232235	27	27	246	41.913
-3.141593	2.724429	-0.348782	27	11	235	41.899
-0.785398	0.571433	-1.188419	11	37	34	41.897
-0.523599	0.571433	-1.188419	3	41	34	41.897
2.356194	2.295480	1.008277	289	268	28	41.896
-1.570796	1.050534	3.042579	3	278	222	41.895
-0.523599	1.374601	-2.456031	44	0	102	41.893
0.785398	1.256302	0.062705	243	8	85	41.881
2.356194	1.554776	0.100351	297	268	35	41.876
0.000000	2.455966	-0.641220	261	3	107	41.874
0.785398	0.571433	-1.188419	254	31	88	41.873
0.000000	1.606104	-0.451151	270	31	52	41.871
-2.356194	1.721184	-0.153948	26	13	47	41.869
-2.094395	1.721184	-0.153948	44	15	107	41.869
0.000000	0.685216	-1.712745	2	41	34	41.867
2.094395	1.134796	2.434290	283	9	171	41.856
2.356194	1.998705	2.370472	262	5	9	41.848
0.523599	1.504028	0.636812	253	8	64	41.847
-0.523599	2.455966	-0.641220	286	291	36	41.836
2.356194	0.960688	-0.577532	281	269	34	41.830
2.879793	2.478122	2.609777	7	0	244	41.829
2.879793	2.719179	-1.780644	5	25	114	41.827
2.094395	0.960688	-0.577532	270	275	35	41.824
-2.356194	0.419640	2.974122	268	287	10	41.815
1.570796	2.455966	-0.641220	0	291	268	41.813
0.000000	0.571433	-1.188419	285	42	32	41.811
0.523599	2.719179	-1.780644	34	295	121	41.809
-2.617994	1.699788	2.452890	293	276	3	41.803
-1.570796	1.869911	2.701025	14	283	222	41.789
1.308997	2.455966	-0.641220	295	291	268	41.787
-1.047198	2.760637	2.781135	48	293	102	41.785
-1.832596	2.881233	-2.582574	275	280	43	41.780
-2.617994	2.587733	0.232235	26	16	38	41.774
-2.356194	0.591903	2.010408	279	9	178	41.773
-3.141593	1.732874	-0.951685	280	298	230	41.772
-1.832596	0.685216	-1.712745	30	287	224	41.771
0.785398	0.960688	-0.577532	3	22	207	41.771
-1.308997	1.824694	1.850876	22	18	1	41.768
-0.785398	1.417623	-0.202254	273	45	91	41.766
-2.356194	2.180315	-1.357379	281	299	215	41.759
-2.094395	1.450119	-2.739050	294	274	243	41.756
0.523599	2.456751	-1.503343	24	296	127	41.754
-1.308997	1.721184	-0.153948	14	46	85	41.752
-3.141593	2.393226	1.857173	294	270	196	41.748
0.785398	2.073035	2.027405	283	37	215	41.748
-1.047198	1.510910	-0.740472	26	37	100	41.743
0.261799	0.850607	-1.335383	281	38	43	41.740
0.785398	1.574060	2.783565	23	31	71	41.739
-1.047198	1.683268	0.374177	299	52	239	41.736
0.785398	2.063651	-2.044600	20	25	119	41.731
2.356194	0.297065	2.160177	1	37	209	41.731
0.000000	2.063651	-2.044600	35	11	118	41.730
-1.047198	1.606104	-0.451151	20	42	98	41.727
-2.617994	2.881233	-2.582574	261	0	43	41.723
2.879793	0.899350	-2.069907	268	290	248	41.723
0.000000	1.766067	2.153843	26	29	46	41.715
0.523599	0.914445	2.687814	17	21	3	41.714
-1.308997	1.134796	2.434290	26	276	44	41.713
-3.141593	1.545873	-1.877082	296	285	117	41.712
0.785398	2.174483	2.653697	274	6	31	41.708
0.000000	0.762244	-0.273349	254	31	82	41.706
2.356194	1.247695	1.809890	294	290	168	41.696
0.785398	1.875281	0.107086	252	298	88	41.689
-1.832596	1.982574	-1.115518	20	299	127	41.685
0.261799	2.587733	0.232235	259	7	50	41.683
-2.356194	2.033014	2.977192	296	271	231	41.682
0.261799	0.290380	-0.796960	264	44	67	41.681
0.261799	0.899350	-2.069907	17	51	71	41.676
-1.047198	1.998705	2.370472	28	13	10	41.671
-0.523599	2.356369	3.005869	46	297	91	41.670
0.785398	1.504028	0.636812	245	7	73	41.664
1.047198	0.290380	-0.796960	257	6	21	41.654
-2.094395	1.413430	2.550734	299	282	298	41.650
-1.047198	1.194549	-0.801900	33	39	92	41.632
2.356194	2.379497	0.561089	0	272	29	41.632
1.047198	1.510910	-0.740472	287	33	0	41.618
1.047198	1.836682	-0.676006	282	286	235	41.617
-1.570796	1.374601	-2.456031	27	271	102	41.607
2.617994	0.961715	0.014085	5	268	23	41.602
2.356194	1.977582	0.969896	290	267	22	41.595
0.523599	0.419640	2.974122	8	296	232	41.591
-1.570796	0.762244	-0.273349	19	33	208	41.586
-3.141593	1.045978	0.343692	25	285	17	41.584
-2.879793	2.984978	1.954446	294	271	35	41.583
2.617994	2.456751	-1.503343	1	26	267	41.582
-2.356194	2.295480	1.008277	27	4	17	41.577
-2.094395	2.393226	1.857173	18	287	14	41.574
-2.617994	2.108018	1.311430	22	274	50	41.572
0.000000	2.108018	1.311430	297	37	54	41.570
-2.879793	2.592629	0.909713	23	288	27	41.564
-0.261799	2.588535	-2.976617	45	295	100	41.564
-2.879793	1.555207	1.708892	2	290	173	41.560
-3.141593	1.218453	2.777284	269	292	299	41.551
0.261799	1.134497	-1.109631	276	29	49	41.550
-3.141593	1.025536	1.576859	289	19	47	41.540
-2.617994	0.297065	2.160177	274	17	185	41.538
-3.141593	0.618092	2.539118	270	22	212	41.529
-0.785398	0.379747	-1.713059	32	23	212	41.527
-3.141593	1.699788	2.452890	259	277	66	41.526
0.785398	2.579248	-2.364801	31	23	115	41.526
-3.141593	0.571433	-1.188419	0	273	32	41.521
0.261799	0.640596	-2.797608	24	32	214	41.517
-1.047198	1.433411	-1.035986	8	1	19	41.509
-1.308997	0.960688	-0.577532	39	39	81	41.504
0.785398	1.948085	-2.363031	25	22	112	41.502
1.570796	2.180315	-1.357379	3	9	271	41.496
-2.094395	2.407836	1.410646	26	0	16	41.484
2.356194	1.128190	-2.288622	252	9	30	41.478
2.356194	2.881233	-2.582574	277	36	43	41.476
1.047198	1.504028	0.636812	249	297	72	41.472
-2.879793	2.478122	2.609777	274	277	24	41.472
0.261799	1.617114	-1.572037	283	6	122	41.469
2.617994	2.724429	-0.348782	24	3	254	41.463
-2.617994	2.001437	0.381215	32	5	38	41.457
2.617994	2.588535	-2.976617	261	19	38	41.454
-1.308997	2.343981	-1.040456	282	293	36	41.453
-2.879793	1.113094	-0.272241	38	261	92	41.445
2.094395	2.295480	1.008277	272	281	72	41.440
0.000000	0.961715	0.014085	251	24	78	41.434
2.879793	0.960688	-0.577532	2	269	34	41.426
2.879793	0.615174	-0.666022	299	267	23	41.426
0.785398	1.977582	0.969896	259	14	63	41.410
1.308997	1.450119	-2.739050	5	34	95	41.404
2.617994	2.356369	3.005869	258	10	29	41.396
0.785398	1.050534	3.042579	27	29	74	41.395
-2.094395	0.591903	2.010408	271	8	297	41.388
-0.785398	2.295480	1.008277	298	52	237	41.380
2.879793	2.115563	0.685730	13	282	3	41.380
2.356194	1.134796	2.434290	282	6	171	41.377
-1.570796	1.554776	0.100351	25	45	74	41.377
0.000000	1.569311	-3.003978	293	13	192	41.376
1.308997	2.579248	-2.364801	27	23	109	41.374
0.000000	2.704512	1.488683	283	49	82	41.361
-0.523599	1.417623	-0.202254	265	41	92	41.356
-2.094395	2.760637	2.781135	295	271	34	41.355
0.785398	0.290380	-0.796960	258	15	21	41.352
0.785398	1.128190	-2.288622	292	47	31	41.344
0.523599	0.290380	-0.796960	256	38	67	41.341
0.523599	1.569311	-3.003978	33	28	87	41.337
-2.879793	1.504028	0.636812	28	292	18	41.323
-1.832596	2.704512	1.488683	28	6	25	41.323
0.000000	2.041297	-2.664597	42	7	104	41.321
-2.879793	0.762244	-0.273349	26	284	24	41.293
0.785398	0.914445	2.687814	13	27	3	41.292
2.617994	1.812176	0.656819	7	269	25	41.289
-1.047198	2.404280	-0.174044	276	3	35	41.287
-2.094395	1.194549	-0.801900	47	5	91	41.285
0.000000	1.977582	0.969896	272	34	206	41.282
-0.785398	2.033014	2.977192	45	289	85	41.280
2.356194	0.709924	0.218797	267	281	92	41.264
0.785398	2.760637	2.781135	17	35	95	41.241
-1.832596	0.850607	-1.335383	29	293	35	41.240
-0.785398	2.299159	2.264663	26	28	19	41.237
2.356194	2.073035	2.027405	257	286	64	41.233
0.523599	0.618092	2.539118	19	11	2	41.218
2.094395	1.569311	-3.003978	255	21	20	41.218
-2.094395	1.574060	2.783565	0	275	5	41.217
1.570796	2.187132	-0.479875	290	288	269	41.198
-3.141593	2.174483	2.653697	265	286	18	41.182
-2.094395	1.488617	1.159546	26	5	99	41.170
-2.879793	1.554776	0.100351	28	292	36	41.167
-2.094395	1.699788	2.452890	9	280	1	41.162
-2.094395	1.440580	2.260026	4	289	292	41.145
-1.047198	0.370812	-2.547742	23	291	19	41.136
-2.094395	1.554776	0.100351	28	22	39	41.134
2.879793	0.914445	2.687814	268	16	208	41.130
-2.356194	1.247695	1.809890	14	296	166	41.128
-0.785398	0.290380	-0.796960	7	37	202	41.117
-0.523599	1.741644	-2.695914	44	294	100	41.111
2.094395	1.184361	0.625864	13	260	46	41.109
-2.879793	0.685216	-1.712745	18	264	83	41.109
-1.832596	2.637879	2.121598	20	286	24	41.103
-0.261799	0.418037	1.360082	274	287	2	41.090
-1.570796	0.370812	-2.547742	8	280	1	41.079
-0.785398	2.760637	2.781135	31	5	242	41.079
-1.570796	0.379747	-1.713059	30	1	234	41.078
0.000000	1.367556	0.358405	252	25	72	41.077
-2.356194	0.418037	1.360082	291	27	181	41.074
2.094395	1.683268	0.374177	288	266	31	41.070
0.785398	0.733948	3.021411	14	32	10	41.070
-0.261799	2.984978	1.954446	9	38	35	41.066
-0.523599	0.290380	-0.796960	291	50	68	41.066
-2.879793	2.587733	0.232235	24	11	19	41.060
0.000000	1.413430	2.550734	277	24	238	41.059
-2.879793	0.850607	-1.335383	8	262	213	41.058
2.356194	1.721184	-0.153948	297	271	48	41.048
0.523599	2.174483	2.653697	293	46	20	41.044
-2.356194	2.393226	1.857173	20	275	194	41.042
0.523599	2.579248	-2.364801	39	6	109	41.036
2.094395	1.736875	3.023612	255	19	15	41.034
-1.832596	1.417623	-0.202254	25	26	44	41.025
-3.141593	1.256302	0.062705	23	282	29	41.014
2.094395	1.045978	0.343692	290	267	16	41.008
2.094395	2.115563	0.685730	285	268	32	41.002
-1.047198	2.247462	0.191623	275	9	37	41.001
2.617994	1.875281	0.107086	9	274	43	40.989
-2.617994	2.719179	-1.780644	270	21	52	40.987
-1.832596	1.134796	2.434290	297	290	290	40.983
-2.356194	2.664082	-1.071402	285	30	56	40.983
-2.617994	0.496451	0.593859	22	22	189	40.982
0.000000	1.699788	2.452890	33	16	65	40.981
-0.261799	1.606104	-0.451151	277	35	52	40.980
1.308997	2.592629	0.909713	258	288	38	40.979
0.000000	1.135834	-1.431087	293	34	52	40.976
-1.570796	1.242974	-2.977882	24	266	84	40.972
1.832596	0.618092	2.539118	297	35	205	40.949
0.261799	1.998705	2.370472	276	11	40	40.945
0.000000	0.290380	-0.796960	272	49	67	40.944
-1.308997	0.370812	-2.547742	18	284	19	40.942
2.094395	2.089241	-0.114193	298	279	261	40.940
-0.523599	1.554776	0.100351	262	41	84	40.934
-1.832596	1.721184	-0.153948	19	28	48	40.929
-2.094395	2.138223	1.678323	18	293	8	40.925
-2.617994	1.194549	-0.801900	286	289	31	40.924
-1.570796	2.089241	-0.114193	6	36	55	40.917
0.000000	2.404280	-0.174044	264	10	58	40.914
1.047198	2.587733	0.232235	264	292	6	40.912
2.094395	1.367556	0.358405	288	266	26	40.910
-2.356194	1.846342	-1.796954	9	276	120	40.908
2.094395	1.417623	-0.202254	295	245	102	40.906
1.308997	1.134796	2.434290	279	30	46	40.901
-2.617994	2.396274	-1.959260	290	289	122	40.892
2.879793	2.396274	-1.959260	298	17	116	40.887
-3.141593	2.396274	-1.959260	288	1	122	40.884
-1.832596	2.760637	2.781135	293	260	95	40.882
1.570796	0.618092	2.539118	3	32	3	40.880
-0.523599	1.194549	-0.801900	279	43	102	40.866
-2.617994	2.724429	-0.348782	13	30	46	40.856
0.523599	1.875281	0.107086	255	9	43	40.848
2.617994	1.134497	-1.109631	273	15	238	40.843
1.570796	2.979456	-1.009304	38	294	116	40.836
-1.832596	0.619654	-2.216909	18	275	220	40.829
-0.785398	2.063651	-2.044600	36	290	118	40.825
1.832596	2.174483	2.653697	254	20	20	40.814
-0.785398	0.685216	-1.712745	22	24	37	40.814
-1.047198	1.617114	-1.572037	7	284	212	40.809
-2.094395	1.391910	3.030322	295	273	7	40.808
-2.094395	1.134796	2.434290	292	289	292	40.806
2.879793	2.456751	-1.503343	4	11	126	40.795
-2.356194	2.760637	2.781135	286	271	34	40.794
-1.308997	1.554776	0.100351	11	44	234	40.793
-1.832596	0.910508	1.903534	291	298	170	40.786
2.356194	1.045978	0.343692	0	268	16	40.780
1.832596	1.741644	-2.695914	291	28	99	40.776
1.570796	0.571433	-1.188419	257	0	34	40.775
-2.879793	0.615174	-0.666022	18	276	24	40.773
-0.785398	2.393226	1.857173	29	22	192	40.773
0.261799	1.218453	2.777284	37	15	67	40.772
1.570796	1.555207	1.708892	261	5	50	40.764
-1.832596	1.014500	0.906702	290	37	56	40.761
2.094395	0.080730	-2.622036	272	23	195	40.758
0.523599	1.948085	-2.363031	30	17	112	40.755
0.785398	2.719179	-1.780644	34	1	121	40.752
-2.879793	1.448123	-2.163292	293	278	110	40.742
-0.785398	2.704512	1.488683	11	47	246	40.741
0.785398	1.699788	2.452890	3	42	48	40.730
-0.261799	1.756530	-2.105156	27	3	115	40.721
-3.141593	2.108018	1.311430	12	274	188	40.706
-2.617994	2.704512	1.488683	17	281	25	40.700
0.000000	2.299159	2.264663	13	40	224	40.698
-0.523599	1.606104	-0.451151	284	38	52	40.687
-2.879793	1.766067	2.153843	34	290	80	40.683
-1.570796	2.393226	1.857173	25	2	15	40.682
-2.617994	2.478122	2.609777	282	273	24	40.682
0.261799	0.619654	-2.216909	10	40	28	40.673
-0.261799	1.134796	2.434290	284	298	12	40.672
0.000000	0.960688	-0.577532	260	37	93	40.670
-0.785398	1.413430	2.550734	19	8	297	40.667
0.261799	0.914445	2.687814	286	1	194	40.659
1.047198	2.089241	-0.114193	267	289	52	40.650
0.523599	1.683268	0.374177	251	6	76	40.645
-2.356194	1.756530	-2.105156	6	268	113	40.641
1.832596	0.929350	-2.910676	268	36	9	40.638
-1.308997	2.592629	0.909713	16	41	235	40.636
-0.261799	1.113094	-0.272241	282	39	215	40.634
1.308997	1.658653	-2.409879	5	30	107	40.632
-2.617994	1.025536	1.576859	0	10	173	40.631
-2.356194	1.569311	-3.003978	290	271	228	40.627
0.523599	2.587733	0.232235	291	288	30	40.624
2.617994	0.960688	-0.577532	292	268	34	40.612
-1.832596	2.592629	0.909713	24	24	27	40.609
1.308997	2.704512	1.488683	253	4	36	40.589
-2.356194	1.699788	2.452890	0	277	3	40.584
1.308997	0.914445	2.687814	0	34	4	40.578
2.879793	2.881233	-2.582574	264	24	43	40.578
0.000000	0.914445	2.687814	18	8	2	40.571
1.832596	0.571433	-1.188419	261	290	33	40.570
-2.094395	1.510910	-0.740472	0	284	213	40.567
-2.356194	1.214854	-1.966664	1	273	249	40.565
-1.570796	1.504028	0.636812	34	42	63	40.563
2.617994	0.709924	0.218797	270	277	92	40.563
2.356194	1.875281	0.107086	0	271	43	40.546
1.832596	1.256302	0.062705	275	270	32	40.542
-2.356194	0.290380	-0.796960	30	3	230	40.540
-3.141593	0.203748	0.590255	28	14	192	40.538
-1.047198	2.033014	2.977192	50	289	83	40.534
-2.617994	1.417623	-0.202254	31	293	56	40.530
-0.785398	2.073035	2.027405	28	13	183	40.529
-0.523599	2.588535	-2.976617	48	299	104	40.527
-3.141593	2.180315	-1.357379	5	298	128	40.514
1.047198	1.741644	-2.695914	3	40	95	40.514
1.308997	1.247695	1.809890	298	8	176	40.514
-1.832596	0.496451	0.593859	0	32	188	40.503
-1.047198	2.180315	-1.357379	14	296	128	40.496
0.523599	1.766067	2.153843	1	41	46	40.489
1.832596	1.440580	2.260026	293	285	208	40.487
1.308997	2.104282	-0.813972	296	283	237	40.480
-2.094395	0.685216	-1.712745	19	285	246	40.479
0.261799	1.872854	1.543456	298	30	45	40.478
-3.141593	2.456751	-1.503343	8	17	120	40.478
0.785398	1.510910	-0.740472	264	16	55	40.477
-2.617994	0.700570	1.559208	296	19	176	40.477
1.832596	2.984978	1.954446	258	5	38	40.476
0.000000	0.615174	-0.666022	269	35	30	40.476
2.356194	2.664082	-1.071402	18	18	262	40.476
-2.879793	0.700570	1.559208	0	19	175	40.455
-1.832596	1.569311	-3.003978	292	294	192	40.449
-1.832596	1.247695	1.809890	1	0	172	40.439
-3.141593	0.866395	-2.492918	261	284	17	40.419
1.047198	1.721184	-0.153948	260	294	47	40.415
2.617994	1.836682	-0.676006	18	284	231	40.413
1.047198	1.440580	2.260026	0	34	39	40.410
-1.570796	2.356369	3.005869	23	282	241	40.397
1.570796	0.914445	2.687814	293	34	3	40.394
1.308997	0.080730	-2.622036	288	41	15	40.382
2.094395	1.510910	-0.740472	271	23	291	40.381
1.570796	2.760637	2.781135	273	39	88	40.377
-1.570796	0.571433	-1.188419	297	290	20	40.372
0.523599	0.615174	-0.666022	252	37	78	40.366
1.308997	2.041297	-2.664597	12	31	103	40.360
2.879793	0.591903	2.010408	294	23	179	40.355
-3.141593	1.367556	0.358405	25	283	24	40.348
-1.570796	0.864993	2.278281	294	284	174	40.340
2.617994	2.637879	2.121598	264	284	23	40.332
0.785398	1.741644	-2.695914	25	30	100	40.330
-2.356194	1.875281	0.107086	28	16	43	40.317
-2.617994	1.247695	1.809890	298	299	171	40.316
-1.047198	0.960688	-0.577532	32	45	81	40.315
2.879793	2.664082	-1.071402	19	16	125	40.314
-2.094395	0.571433	-1.188419	29	0	242	40.313
2.617994	1.545873	-1.877082	291	294	117	40.307
-1.832596	0.929350	-2.910676	6	267	199	40.305
1.308997	1.301460	-0.509251	258	296	45	40.283
-1.047198	0.496451	0.593859	282	24	186	40.282
0.785398	1.440580	2.260026	272	13	250	40.273
-2.094395	2.587733	0.232235	21	33	246	40.272
-2.879793	0.619654	-2.216909	271	274	16	40.270
-0.785398	1.506530	1.988858	32	299	40	40.267
-0.785398	1.554776	0.100351	271	46	83	40.264
2.356194	2.115563	0.685730	295	268	31	40.263
2.879793	1.545873	-1.877082	293	289	117	40.258
0.261799	2.719179	-1.780644	32	290	121	40.237
2.879793	1.736875	3.023612	257	289	17	40.235
2.094395	1.872854	1.543456	277	275	185	40.235
-0.523599	1.510910	-0.740472	292	37	55	40.228
-2.617994	1.310100	1.488307	7	3	172	40.218
0.261799	1.194549	-0.801900	260	29	102	40.215
-2.879793	2.637879	2.121598	290	272	23	40.215
-2.879793	2.979456	-1.009304	297	38	45	40.204
0.785398	0.850607	-1.335383	260	33	98	40.203
-1.570796	0.496451	0.593859	278	43	63	40.198
-0.785398	1.134796	2.434290	19	288	176	40.195
-1.047198	0.418037	1.360082	266	5	2	40.194
1.832596	1.045978	0.343692	280	269	16	40.194
-2.879793	1.721184	-0.153948	26	298	256	40.194
2.617994	0.866395	-2.492918	254	2	17	40.183
-2.617994	0.899350	-2.069907	7	266	100	40.183
-2.879793	2.863997	0.549740	30	3	246	40.182
-2.879793	2.174483	2.653697	287	264	200	40.171
1.832596	2.587733	0.232235	288	282	6	40.166
-0.523599	2.349581	-2.702517	46	297	106	40.164
2.617994	0.992645	-1.723759	290	5	191	40.164
-2.094395	1.741644	-2.695914	299	271	241	40.158
0.785398	0.080730	-2.622036	10	38	208	40.157
-1.832596	2.455966	-0.641220	10	19	123	40.157
-3.141593	1.875281	0.107086	38	263	100	40.137
-3.141593	1.113094	-0.272241	19	277	37	40.136
0.523599	2.033014	2.977192	3	47	22	40.128
2.356194	2.478122	2.609777	256	8	24	40.121
0.785398	2.456751	-1.503343	24	0	127	40.119
1.047198	1.662363	0.915448	248	1	68	40.111
0.523599	2.063651	-2.044600	26	21	119	40.104
-1.570796	1.909857	-0.381669	7	30	56	40.101
2.879793	1.168678	2.108595	286	4	173	40.095
-2.356194	2.089241	-0.114193	22	18	53	40.095
-2.356194	2.001437	0.381215	31	14	39	40.091
0.000000	1.846342	-1.796954	17	5	121	40.089
-2.879793	1.135813	-2.658866	270	281	229	40.087
0.523599	2.187132	-0.479875	276	289	232	40.085
-1.308997	1.301460	-0.509251	10	33	223	40.084
-1.308997	1.113094	-0.272241	12	5	243	40.079
-2.617994	1.510910	-0.740472	291	286	213	40.077
2.356194	1.242974	-2.977882	255	14	14	40.070
-3.141593	1.696674	-1.253233	11	273	119	40.061
-1.570796	1.683268	0.374177	35	44	75	40.042
-0.261799	1.128190	-2.288622	29	30	85	40.041
0.000000	2.073035	2.027405	276	16	29	40.040
-2.094395	0.700570	1.559208	288	15	176	40.039
-1.308997	0.910508	1.903534	294	293	170	40.030
-2.094395	1.696674	-1.253233	7	286	197	40.030
2.356194	1.194549	-0.801900	273	19	243	40.022
2.879793	0.929350	-2.910676	258	0	8	40.019
-2.617994	1.824694	1.850876	6	282	179	40.014
1.308997	0.929350	-2.910676	285	44	9	40.013
2.879793	0.571433	-1.188419	291	271	33	40.009
-2.094395	1.846342	-1.796954	15	276	120	40.003
2.879793	1.135834	-1.431087	286	0	194	40.002
0.000000	1.194549	-0.801900	265	35	101	39.993
1.570796	2.174483	2.653697	258	29	20	39.992
2.617994	2.863997	0.549740	18	273	217	39.990
-3.141593	0.914445	2.687814	267	10	208	39.990
0.261799	2.979456	-1.009304	286	277	45	39.984
-1.308997	0.700570	1.559208	285	2	173	39.984
1.832596	1.569311	-3.003978	261	31	21	39.976
-1.047198	2.001437	0.381215	7	47	71	39.973
-1.308997	0.571433	-1.188419	32	30	76	39.972
-2.094395	1.872854	1.543456	25	295	177	39.955
-1.308997	1.875281	0.107086	22	46	89	39.954
-2.094395	2.704512	1.488683	27	297	25	39.952
0.523599	1.510910	-0.740472	267	23	54	39.948
2.356194	2.588535	-2.976617	264	27	38	39.947
-0.785398	1.875281	0.107086	269	45	87	39.910
0.523599	2.637879	2.121598	285	50	78	39.903
2.879793	1.367556	0.358405	17	275	23	39.901
2.356194	2.637879	2.121598	259	292	24	39.888
1.047198	2.247462	0.191623	258	290	90	39.884
-1.832596	2.407836	1.410646	27	9	15	39.877
-1.570796	1.998705	2.370472	2	33	260	39.877
0.261799	1.948085	-2.363031	35	11	112	39.875
-1.308997	1.606104	-0.451151	27	38	98	39.871
-2.879793	1.391910	3.030322	271	280	7	39.870
2.879793	1.504028	0.636812	17	276	17	39.869
0.261799	2.104282	-0.813972	267	6	112	39.864
2.879793	1.872854	1.543456	298	279	181	39.859
0.785398	1.184361	0.625864	248	4	66	39.859
-0.523599	2.724429	-0.348782	266	11	58	39.856
-1.832596	1.301460	-0.509251	26	18	46	39.825
-2.879793	2.180315	-1.357379	6	297	128	39.824
-2.879793	1.977582	0.969896	26	285	20	39.822
-0.261799	1.256302	0.062705	256	35	81	39.818
2.094395	1.846342	-1.796954	0	7	122	39.817
1.570796	1.741644	-2.695914	269	41	33	39.815
-2.879793	1.812176	0.656819	30	291	25	39.808
-0.785398	2.587733	0.232235	274	3	32	39.800
-1.047198	2.393226	1.857173	23	19	15	39.798
2.879793	2.407836	1.410646	294	272	16	39.794
0.261799	1.569311	-3.003978	39	20	88	39.792
1.832596	0.591903	2.010408	8	33	224	39.790
1.832596	2.719179	-1.780644	20	21	121	39.783
-2.094395	1.128190	-2.288622	5	272	239	39.778
-2.356194	1.554776	0.100351	32	11	38	39.777
0.523599	1.658653	-2.409879	29	24	108	39.777
-3.141593	2.153910	-1.714959	1	5	122	39.775
-0.261799	0.864993	2.278281	280	296	16	39.771
-1.832596	2.247462	0.191623	15	33	47	39.757
2.356194	2.174483	2.653697	258	11	17	39.745
2.356194	1.135813	-2.658866	253	13	21	39.745
-1.308997	1.998705	2.370472	29	3	9	39.733
-1.570796	0.733948	3.021411	294	287	238	39.730
1.832596	2.863997	0.549740	284	274	36	39.725
-2.617994	1.367556	0.358405	33	4	24	39.712
1.308997	1.741644	-2.695914	8	34	99	39.710
1.832596	1.113094	-0.272241	269	275	34	39.708
-1.047198	0.571433	-1.188419	27	38	76	39.702
-0.523599	1.875281	0.107086	262	40	87	39.701
2.094395	1.168678	2.108595	299	284	206	39.694
-2.356194	2.637879	2.121598	7	276	23	39.693
2.356194	0.866395	-2.492918	252	14	17	39.693
-1.308997	1.766067	2.153843	299	27	27	39.688
-1.047198	1.448123	-2.163292	36	288	111	39.688
-1.570796	0.640596	-2.797608	24	267	81	39.688
-2.094395	1.869911	2.701025	7	273	11	39.684
-1.832596	2.396274	-1.959260	19	294	203	39.682
-2.879793	1.599406	1.426070	11	291	176	39.681
-1.047198	2.979456	-1.009304	261	5	45	39.677
-1.047198	0.591903	2.010408	281	290	298	39.675
-3.141593	1.683268	0.374177	25	284	29	39.675
-2.356194	0.203748	0.590255	13	34	197	39.673
-0.261799	2.073035	2.027405	278	22	27	39.672
1.308997	2.089241	-0.114193	270	293	274	39.667
0.523599	0.864993	2.278281	11	9	296	39.659
1.832596	1.699788	2.452890	284	294	10	39.657
2.879793	0.992645	-1.723759	279	286	255	39.657
-1.570796	1.413430	2.550734	12	290	296	39.655
-2.617994	1.732874	-0.951685	29	11	104	39.655
-2.879793	1.256302	0.062705	28	290	29	39.655
-1.047198	2.587733	0.232235	2	43	83	39.654
-2.879793	1.335669	0.897240	22	290	99	39.653
-0.261799	0.914445	2.687814	38	293	64	39.650
-2.617994	2.984978	1.954446	2	273	36	39.649
-2.094395	2.592629	0.909713	27	15	26	39.641
-2.879793	2.187132	-0.479875	33	0	122	39.639
-1.570796	2.664082	-1.071402	293	4	125	39.632
2.879793	1.301460	-0.509251	5	273	44	39.629
0.000000	2.089241	-0.114193	252	20	97	39.625
1.832596	1.450119	-2.739050	261	33	24	39.614
0.000000	1.374601	-2.456031	40	16	102	39.588
1.308997	1.662363	0.915448	253	292	68	39.588
-0.785398	1.699788	2.452890	23	16	1	39.584
2.617994	1.721184	-0.153948	6	275	46	39.583
-1.570796	2.407836	1.410646	25	17	15	39.578
-1.047198	0.619654	-2.216909	35	299	213	39.575
2.356194	0.866955	-0.931351	277	268	216	39.575
-2.879793	2.719179	-1.780644	274	27	52	39.573
1.047198	0.080730	-2.622036	10	34	184	39.569
-0.523599	0.910508	1.903534	292	296	292	39.568
2.879793	1.113094	-0.272241	10	272	33	39.563
2.356194	2.247462	0.191623	7	277	256	39.554
2.617994	0.615174	-0.666022	287	265	25	39.553
-0.785398	1.998705	2.370472	25	22	9	39.552
-2.879793	0.910508	1.903534	291	9	173	39.551
0.000000	2.393226	1.857173	0	44	223	39.550
2.617994	1.184361	0.625864	10	273	12	39.550
-2.879793	0.290380	-0.796960	23	270	190	39.547
1.570796	2.089241	-0.114193	8	5	249	39.544
0.261799	1.256302	0.062705	248	30	85	39.534
-1.308997	1.256302	0.062705	290	49	80	39.533
-2.356194	2.396274	-1.959260	294	285	122	39.533
0.261799	2.108018	1.311430	291	34	53	39.532
-1.570796	1.982574	-1.115518	283	295	38	39.524
0.785398	1.301460	-0.509251	267	296	222	39.521
-2.879793	0.864993	2.278281	279	5	177	39.512
1.308997	1.194549	-0.801900	263	298	226	39.512
-0.523599	2.881233	-2.582574	40	283	112	39.509
0.523599	2.404280	-0.174044	257	298	99	39.496
-0.785398	0.418037	1.360082	267	298	4	39.496
2.617994	0.591903	2.010408	295	31	203	39.491
-0.785398	1.310100	1.488307	0	10	170	39.480
0.523599	2.115563	0.685730	260	12	217	39.474
0.000000	2.664082	-1.071402	270	271	115	39.474
0.785398	2.407836	1.410646	265	27	225	39.473
0.523599	1.617114	-1.572037	280	6	122	39.458
-1.308997	0.619654	-2.216909	32	289	215	39.452
-0.523599	2.863997	0.549740	270	46	275	39.443
-1.570796	0.960688	-0.577532	23	28	219	39.441
-0.261799	1.367556	0.358405	257	33	72	39.435
-1.832596	1.113094	-0.272241	4	294	235	39.430
-2.617994	2.138223	1.678323	8	282	7	39.426
2.356194	1.846342	-1.796954	299	6	121	39.425
-2.094395	0.370812	-2.547742	291	275	1	39.424
0.785398	2.001437	0.381215	251	1	80	39.423
2.356194	2.104282	-0.813972	22	271	115	39.422
0.261799	0.418037	1.360082	286	282	1	39.415
2.617994	2.587733	0.232235	17	282	39	39.415
2.879793	0.290380	-0.796960	7	277	230	39.413
-0.523599	0.615174	-0.666022	4	44	204	39.411
-2.617994	1.113094	-0.272241	30	294	37	39.411
-0.785398	1.510910	-0.740472	299	36	55	39.406
0.523599	0.709924	0.218797	260	296	16	39.406
1.047198	1.374601	-2.456031	286	47	31	39.404
2.879793	1.218453	2.777284	265	299	297	39.402
0.000000	1.872854	1.543456	6	34	46	39.396
-2.356194	1.113094	-0.272241	31	3	36	39.383
1.308997	1.506530	1.988858	263	20	48	39.383
-0.785398	1.606104	-0.451151	274	41	101	39.383
0.261799	1.135834	-1.431087	285	33	51	39.380
1.570796	1.045978	0.343692	271	273	16	39.380
2.356194	2.089241	-0.114193	18	253	107	39.367
-0.261799	2.579248	-2.364801	41	294	115	39.353
-2.356194	1.168678	2.108595	290	292	173	39.351
-2.617994	1.977582	0.969896	30	295	21	39.350
-1.047198	1.766067	2.153843	21	16	299	39.349
0.000000	1.510910	-0.740472	264	28	107	39.348
-1.570796	1.134796	2.434290	2	293	291	39.345
-2.617994	0.418037	1.360082	297	27	182	39.338
1.047198	1.809167	1.213774	263	298	190	39.338
0.785398	1.448123	-2.163292	294	46	41	39.335
-3.141593	1.721184	-0.153948	34	263	104	39.327
-2.356194	1.948085	-2.363031	271	1	74	39.324
1.308997	1.510910	-0.740472	272	290	53	39.323
-0.785398	1.909857	-0.381669	21	279	97	39.316
1.832596	2.247462	0.191623	286	273	46	39.308
-2.617994	1.736875	3.023612	284	274	224	39.307
-2.879793	1.658653	-2.409879	287	281	108	39.306
1.832596	0.700570	1.559208	18	13	39	39.305
-2.879793	1.135834	-1.431087	18	276	110	39.301
2.879793	2.001437	0.381215	18	277	38	39.296
-2.617994	2.164094	-2.991358	259	267	97	39.291
2.617994	1.732874	-0.951685	293	291	271	39.290
-3.141593	2.138223	1.678323	0	273	187	39.289
-2.356194	1.256302	0.062705	33	11	30	39.283
-1.308997	2.089241	-0.114193	16	42	98	39.272
-2.617994	2.404280	-0.174044	21	22	47	39.272
2.617994	2.187132	-0.479875	24	267	117	39.257
1.047198	2.396274	-1.959260	22	18	122	39.248
-1.047198	1.812176	0.656819	2	52	234	39.244
-2.094395	2.455966	-0.641220	13	18	124	39.240
1.308997	1.977582	0.969896	8	266	85	39.240
2.356194	1.555207	1.708892	288	280	174	39.229
0.785398	1.606104	-0.451151	295	23	38	39.223
-1.832596	1.696674	-1.253233	29	293	124	39.207
-0.261799	2.089241	-0.114193	268	28	53	39.204
-0.785398	1.433411	-1.035986	10	5	22	39.201
2.356194	2.579248	-2.364801	287	21	115	39.197
2.617994	0.906588	1.252948	1	12	50	39.197
2.356194	1.135834	-1.431087	277	292	260	39.185
1.570796	0.866955	-0.931351	262	292	42	39.180
1.832596	2.299159	2.264663	259	17	15	39.179
-3.141593	1.242974	-2.977882	259	286	15	39.177
-3.141593	0.080730	-2.622036	260	298	5	39.169
-1.047198	1.374601	-2.456031	39	283	102	39.168
0.785398	2.863997	0.549740	260	294	48	39.162
-1.308997	2.356369	3.005869	30	290	241	39.161
-1.832596	2.073035	2.027405	28	297	10	39.150
-0.785398	2.115563	0.685730	292	51	240	39.146
-2.617994	2.180315	-1.357379	6	296	128	39.141
-2.879793	2.138223	1.678323	1	278	8	39.140
0.785398	2.138223	1.678323	267	35	60	39.137
2.879793	0.906588	1.252948	1	16	51	39.129
-0.523599	0.203748	0.590255	257	28	58	39.128
-0.523599	1.045978	0.343692	260	37	69	39.122
0.261799	2.592629	0.909713	257	26	37	39.112
-1.308997	0.866395	-2.492918	29	284	214	39.112
-0.785398	2.637879	2.121598	28	25	232	39.095
2.879793	2.138223	1.678323	292	273	186	39.094
1.047198	0.370812	-2.547742	291	42	21	39.091
-0.523599	2.393226	1.857173	275	25	71	39.090
1.047198	2.041297	-2.664597	0	42	99	39.090
2.617994	0.290380	-0.796960	294	272	21	39.080
1.570796	0.685216	-1.712745	255	21	28	39.075
-0.523599	1.836682	-0.676006	268	30	109	39.074
-1.047198	2.343981	-1.040456	285	291	36	39.073
-1.832596	1.554776	0.100351	24	30	39	39.072
-2.617994	1.982574	-1.115518	20	16	107	39.069
2.617994	2.407836	1.410646	285	271	17	39.065
-2.879793	1.025536	1.576859	2	8	172	39.062
1.570796	1.812176	0.656819	267	275	27	39.060
-2.094395	1.335669	0.897240	25	1	100	39.047
-0.523599	1.025536	1.576859	295	299	169	39.046
2.356194	2.719179	-1.780644	18	24	113	39.045
0.261799	1.977582	0.969896	285	291	206	39.040
-2.356194	2.356369	3.005869	296	270	241	39.038
0.523599	1.113094	-0.272241	246	26	90	39.037
0.523599	1.696674	-1.253233	274	18	118	39.035
-1.832596	2.664082	-1.071402	294	9	124	39.034
-2.617994	1.721184	-0.153948	28	3	47	39.034
-2.879793	1.134497	-1.109631	7	277	256	39.028
0.523599	2.299159	2.264663	295	44	224	39.026
-2.879793	0.379747	-1.713059	286	268	16	39.026
-2.879793	0.419640	2.974122	265	5	299	39.024
0.785398	2.295480	1.008277	251	10	26	39.021
1.570796	2.881233	-2.582574	20	31	105	39.019
0.785398	2.396274	-1.959260	27	15	121	39.017
-1.308997	1.214854	-1.966664	293	288	28	39.016
-1.308997	0.709924	0.218797	283	46	70	39.015
-2.356194	0.685216	-1.712745	28	271	97	39.015
-0.785398	0.864993	2.278281	299	289	296	39.005
-2.356194	0.370812	-2.547742	291	270	205	39.003
-2.617994	0.910508	1.903534	290	7	173	38.998
-1.832596	1.168678	2.108595	299	289	171	38.982
-2.094395	2.063651	-2.044600	7	273	119	38.980
1.832596	2.063651	-2.044600	6	17	118	38.979
2.879793	1.417623	-0.202254	11	273	42	38.975
-1.047198	1.113094	-0.272241	285	48	89	38.972
-2.356194	2.187132	-0.479875	13	25	53	38.969
-1.047198	1.699788	2.452890	24	7	1	38.968
1.832596	0.418037	1.360082	20	287	173	38.967
-0.785398	0.709924	0.218797	266	41	71	38.964
-2.879793	2.396274	-1.959260	288	294	122	38.963
1.047198	0.914445	2.687814	6	31	4	38.951
2.094395	0.850607	-1.335383	269	292	252	38.943
2.617994	1.510910	-0.740472	295	282	264	38.931
-1.570796	1.256302	0.062705	299	46	80	38.930
-1.047198	1.721184	-0.153948	279	46	93	38.929
1.832596	0.960688	-0.577532	263	281	35	38.929
2.094395	1.391910	3.030322	260	23	8	38.910
2.879793	1.256302	0.062705	16	274	30	38.870
2.617994	1.450119	-2.739050	251	2	25	38.860
-0.523599	0.674054	1.013609	278	2	178	38.860
-0.523599	1.998705	2.370472	25	21	216	38.852
1.570796	2.396274	-1.959260	23	16	117	38.847
-0.523599	1.256302	0.062705	262	41	80	38.844
-0.261799	2.664082	-1.071402	276	289	53	38.841
-0.785398	0.992645	-1.723759	29	27	91	38.840
-1.570796	0.615174	-0.666022	297	292	18	38.835
0.523599	0.418037	1.360082	294	282	2	38.828
-1.047198	1.310100	1.488307	2	10	170	38.828
-3.141593	1.555207	1.708892	299	289	173	38.827
-0.785398	0.831641	0.616218	281	22	184	38.826
-1.570796	1.391910	3.030322	13	279	7	38.825
-1.308997	1.736875	3.023612	26	287	14	38.819
1.570796	2.108018	1.311430	271	289	188	38.812
-2.356194	0.906588	1.252948	4	17	176	38.811
-2.879793	1.301460	-0.509251	30	278	223	38.811
2.356194	0.571433	-1.188419	274	277	33	38.807
-1.832596	1.617114	-1.572037	29	282	119	38.806
-3.141593	0.379747	-1.713059	286	276	235	38.801
-1.308997	0.866955	-0.931351	5	293	25	38.801
2.617994	2.153910	-1.714959	6	9	122	38.801
-1.308997	0.864993	2.278281	298	282	174	38.795
0.785398	2.033014	2.977192	293	48	22	38.794
-2.356194	1.195355	1.200319	29	0	95	38.794
-0.261799	0.370812	-2.547742	33	15	205	38.791
-1.047198	1.824694	1.850876	22	8	176	38.787
2.617994	0.864993	2.278281	287	18	177	38.786
0.000000	2.456751	-1.503343	285	276	120	38.783
-0.261799	2.247462	0.191623	279	297	36	38.776
-1.832596	2.356369	3.005869	15	276	241	38.770
-3.141593	1.135813	-2.658866	262	288	229	38.770
-3.141593	2.587733	0.232235	43	291	111	38.766
-3.141593	1.134497	-1.109631	282	294	205	38.763
-3.141593	0.591903	2.010408	289	21	178	38.760
-1.047198	1.977582	0.969896	23	49	65	38.750
0.523599	2.108018	1.311430	277	19	186	38.746
-3.141593	2.579248	-2.364801	265	17	48	38.742
1.832596	0.080730	-2.622036	270	43	58	38.739
-1.570796	0.866955	-0.931351	297	293	17	38.738
-2.356194	0.458961	-0.107937	31	16	199	38.734
-2.879793	1.184361	0.625864	32	2	185	38.732
-2.094395	0.203748	0.590255	3	43	56	38.727
-0.523599	2.478122	2.609777	30	19	233	38.707
-0.785398	1.214854	-1.966664	29	16	97	38.707
2.879793	2.033014	2.977192	249	292	81	38.704
-1.832596	1.440580	2.260026	8	293	292	38.704
-2.617994	1.413347	-1.339188	5	283	264	38.704
-1.047198	0.700570	1.559208	285	298	173	38.695
-0.785398	2.251330	-2.330739	38	286	114	38.695
2.094395	0.571433	-1.188419	267	283	33	38.692
2.879793	0.866955	-0.931351	0	275	40	38.692
0.523599	0.850607	-1.335383	274	32	44	38.687
-2.879793	1.736875	3.023612	272	275	15	38.682
2.094395	0.929350	-2.910676	262	27	8	38.680
-1.308997	2.295480	1.008277	290	19	206	38.680
-3.141593	1.391910	3.030322	265	286	7	38.660
-0.785398	1.545873	-1.877082	25	12	107	38.657
2.094395	1.450119	-2.739050	255	24	24	38.655
-1.308997	1.135834	-1.431087	28	9	44	38.647
-3.141593	1.809167	1.213774	23	293	101	38.646
1.047198	0.685216	-1.712745	260	37	92	38.640
-3.141593	1.766067	2.153843	286	277	2	38.630
1.570796	1.448123	-2.163292	294	22	111	38.629
-0.523599	2.299159	2.264663	20	36	19	38.626
1.832596	2.356369	3.005869	257	28	32	38.626
-2.879793	1.195355	1.200319	15	4	175	38.616
-2.617994	1.545873	-1.877082	6	281	116	38.616
-2.617994	2.174483	2.653697	19	0	209	38.612
1.570796	1.977582	0.969896	281	279	188	38.610
2.356194	1.699788	2.452890	265	12	3	38.609
2.356194	1.872854	1.543456	285	271	185	38.608
2.879793	2.863997	0.549740	18	283	38	38.596
-2.617994	0.674054	1.013609	11	23	181	38.591
1.047198	1.025536	1.576859	13	5	38	38.587
2.356194	1.824694	1.850876	297	296	247	38.587
0.000000	2.187132	-0.479875	272	3	233	38.573
1.047198	2.760637	2.781135	8	35	95	38.573
-2.617994	1.256302	0.062705	40	294	208	38.572
0.785398	0.709924	0.218797	265	288	16	38.563
-1.570796	2.073035	2.027405	1	25	31	38.558
-3.141593	1.599406	1.426070	8	287	176	38.542
2.617994	2.073035	2.027405	262	280	65	38.541
-1.832596	2.719179	-1.780644	267	2	52	38.534
-2.879793	1.014500	0.906702	21	8	181	38.533
1.047198	1.128190	-2.288622	282	46	31	38.533
1.308997	2.108018	1.311430	273	296	186	38.527
1.570796	1.606104	-0.451151	269	286	51	38.523
0.785398	0.899350	-2.069907	285	45	29	38.517
1.047198	2.724429	-0.348782	285	276	48	38.516
1.832596	1.824694	1.850876	291	292	239	38.508
0.523599	2.104282	-0.813972	283	290	237	38.504
2.879793	0.379747	-1.713059	277	280	235	38.501
-2.617994	2.251330	-2.330739	287	289	113	38.492
-1.570796	2.343981	-1.040456	279	295	36	38.487
-1.308997	2.588535	-2.976617	21	284	252	38.477
-1.047198	1.872854	1.543456	32	39	50	38.474
-3.141593	1.504028	0.636812	25	284	17	38.465
0.785398	0.418037	1.360082	1	283	2	38.463
1.570796	1.194549	-0.801900	270	287	47	38.463
-0.523599	1.948085	-2.363031	37	291	112	38.460
1.832596	2.089241	-0.114193	290	279	261	38.460
-1.308997	2.180315	-1.357379	13	295	129	38.459
2.356194	2.393226	1.857173	272	283	196	38.457
-2.617994	1.617114	-1.572037	13	288	120	38.455
-2.356194	1.904882	-1.478089	13	284	125	38.450
1.570796	1.433411	-1.035986	281	31	242	38.446
-0.785398	1.374601	-2.456031	42	291	102	38.445
-1.047198	1.870545	-2.976234	38	277	93	38.443
-2.356194	2.073035	2.027405	3	280	7	38.438
1.047198	0.960688	-0.577532	251	18	258	38.437
-0.785398	0.960688	-0.577532	284	47	93	38.436
1.047198	0.866955	-0.931351	259	8	41	38.435
1.047198	0.418037	1.360082	26	288	48	38.433
1.308997	2.180315	-1.357379	6	298	242	38.432
-1.047198	2.089241	-0.114193	289	39	53	38.428
-3.141593	0.733948	3.021411	261	7	215	38.425
-2.879793	2.393226	1.857173	297	274	14	38.424
-1.832596	1.869911	2.701025	18	281	220	38.422
0.261799	2.579248	-2.364801	24	8	257	38.422
2.094395	0.591903	2.010408	9	11	169	38.414
-2.094395	2.984978	1.954446	25	279	215	38.412
-0.523599	1.699788	2.452890	21	23	2	38.404
-1.047198	2.704512	1.488683	18	32	25	38.404
-0.785398	0.910508	1.903534	14	285	39	38.399
1.047198	0.762244	-0.273349	261	291	26	38.398
-0.261799	1.134497	-1.109631	289	34	52	38.395
0.785398	0.615174	-0.666022	257	11	30	38.391
-0.785398	1.256302	0.062705	272	46	80	38.385
-1.047198	2.456751	-1.503343	7	287	127	38.381
-1.308997	2.187132	-0.479875	10	270	101	38.378
1.570796	0.080730	-2.622036	294	35	184	38.378
-2.617994	1.554776	0.100351	32	2	39	38.377
2.356194	1.683268	0.374177	299	267	30	38.377
-1.832596	1.448123	-2.163292	20	275	110	38.373
2.356194	1.310100	1.488307	0	292	173	38.369
-0.523599	1.433411	-1.035986	12	8	28	38.368
2.094395	2.587733	0.232235	1	275	37	38.365
2.094395	2.180315	-1.357379	4	13	271	38.363
1.570796	2.041297	-2.664597	3	32	103	38.360
-2.879793	0.571433	-1.188419	12	280	241	38.356
2.879793	1.554776	0.100351	17	276	36	38.349
-2.617994	0.615174	-0.666022	25	283	23	38.349
0.261799	0.866955	-0.931351	261	37	97	38.335
-2.879793	1.824694	1.850876	13	273	180	38.331
-0.261799	0.961715	0.014085	277	36	204	38.327
-2.356194	2.979456	-1.009304	282	37	46	38.325
-1.047198	2.174483	2.653697	28	299	227	38.324
-1.570796	1.194549	-0.801900	25	18	47	38.322
-1.047198	1.417623	-0.202254	282	47	92	38.320
1.308997	1.128190	-2.288622	273	43	30	38.319
-1.832596	0.615174	-0.666022	294	291	18	38.315
2.617994	1.699788	2.452890	271	285	182	38.314
-1.308997	1.574060	2.783565	22	291	5	38.311
2.617994	0.899350	-2.069907	264	297	248	38.299
-0.261799	1.741644	-2.695914	44	3	99	38.294
-0.261799	1.413430	2.550734	38	4	63	38.291
2.356194	0.914445	2.687814	273	26	4	38.290
2.094395	0.615174	-0.666022	280	273	30	38.286
2.356194	1.168678	2.108595	288	299	169	38.278
0.261799	0.910508	1.903534	1	1	292	38.274
2.617994	1.301460	-0.509251	17	260	82	38.271
-0.261799	2.724429	-0.348782	268	1	226	38.267
-0.785398	2.592629	0.909713	299	45	224	38.260
2.617994	1.391910	3.030322	257	5	8	38.255
2.094395	2.637879	2.121598	256	2	24	38.247
-0.523599	0.762244	-0.273349	268	45	82	38.242
-3.141593	1.168678	2.108595	286	1	173	38.240
-2.094395	1.545873	-1.877082	17	281	116	38.235
-1.308997	1.545873	-1.877082	41	287	112	38.234
0.000000	1.836682	-0.676006	262	19	109	38.220
