144	1.2	1
-2.879793	1.045978	0.343692
0.000000	0.000000	0.000000
2hym.pdb	-0.016	9.747	-0.971
model.B99990003.pdb	283.836	300.845	357.466
-0.785398	2.456751	-1.503343	1	5	1	37363.355
-2.094395	2.349581	-2.702517	142	137	0	35707.172
-1.570796	2.579248	-2.364801	1	143	0	35358.055
-1.832596	2.579248	-2.364801	143	4	140	34163.848
1.832596	2.251330	-2.330739	141	20	10	33653.234
-1.308997	2.396274	-1.959260	0	1	1	33638.590
-1.047198	2.719179	-1.780644	1	141	142	33338.922
-2.356194	2.001437	0.381215	142	11	142	33083.977
-0.261799	2.343981	-1.040456	0	143	4	32487.178
-1.308997	2.719179	-1.780644	143	1	142	32438.551
-1.047198	2.396274	-1.959260	3	4	141	32155.262
-0.785398	1.301460	-0.509251	1	21	7	31878.166
0.523599	1.168678	2.108595	3	13	118	31844.324
-1.570796	2.396274	-1.959260	143	3	1	31714.305
0.523599	1.440580	2.260026	1	10	2	31481.309
-1.047198	2.456751	-1.503343	143	142	2	31386.627
-0.523599	0.370812	-2.547742	0	142	129	31145.602
-1.308997	0.379747	-1.713059	142	3	133	30833.584
0.523599	2.592629	0.909713	114	6	1	30819.906
-2.094395	1.574060	2.783565	4	139	136	30618.430
-1.832596	0.591903	2.010408	142	9	130	30559.145
-2.356194	1.168678	2.108595	2	3	132	30553.936
-0.523599	2.343981	-1.040456	0	143	3	30392.186
-0.785398	1.846342	-1.796954	13	4	7	30338.953
-0.261799	2.664082	-1.071402	0	2	5	30280.238
1.570796	1.488617	1.159546	132	138	137	29858.459
-0.523599	0.615174	-0.666022	6	26	143	29850.320
-2.094395	0.418037	1.360082	0	11	134	29850.080
-2.879793	2.001437	0.381215	3	7	1	29789.891
1.570796	0.831641	0.616218	3	140	135	29789.330
-0.261799	2.979456	-1.009304	0	139	11	29778.221
-0.523599	2.456751	-1.503343	1	6	0	29774.000
-3.141593	1.417623	-0.202254	4	12	6	29721.160
-1.047198	1.417623	-0.202254	4	24	1	29639.650
0.000000	2.455966	-0.641220	4	1	4	29565.934
-0.261799	1.569311	-3.003978	3	9	139	29533.768
-1.832596	2.881233	-2.582574	1	2	7	29458.396
1.308997	2.108018	1.311430	121	142	135	29440.869
-1.047198	0.496451	0.593859	3	12	141	29391.238
-1.047198	1.301460	-0.509251	7	24	143	29340.312
-2.356194	2.349581	-2.702517	3	3	0	29337.730
1.047198	0.866955	-0.931351	4	5	7	29310.824
0.261799	2.455966	-0.641220	1	3	2	29309.359
-2.356194	1.870545	-2.976234	2	2	142	29290.461
1.308997	1.824694	1.850876	130	143	140	29251.734
0.785398	1.025536	1.576859	1	10	122	29228.461
-2.356194	0.960688	-0.577532	1	140	137	29201.131
-3.141593	1.045978	0.343692	142	6	5	29199.768
-0.785398	0.619654	-2.216909	3	142	132	29015.396
-3.141593	1.367556	0.358405	0	5	2	28970.619
-1.570796	0.910508	1.903534	143	6	125	28958.492
-1.047198	2.180315	-1.357379	6	13	6	28955.895
-0.261799	2.455966	-0.641220	3	7	2	28918.145
-1.570796	2.588535	-2.976617	9	136	139	28905.371
-0.785398	1.809167	1.213774	124	5	139	28834.863
-2.617994	2.379497	0.561089	3	7	1	28814.629
-2.879793	1.242974	-2.977882	140	14	3	28762.166
-0.785398	1.617114	-1.572037	10	4	11	28707.881
0.000000	2.343981	-1.040456	0	9	6	28695.363
-0.785398	2.719179	-1.780644	4	11	0	28679.402
-1.832596	0.914445	2.687814	139	2	132	28667.086
-1.570796	0.733948	3.021411	134	140	135	28644.094
-0.523599	1.301460	-0.509251	7	19	12	28532.662
-3.141593	0.899350	-2.069907	125	142	2	28526.363
-2.617994	2.089241	-0.114193	143	10	10	28512.395
1.832596	0.709924	0.218797	142	2	134	28508.584
-2.094395	0.591903	2.010408	139	16	128	28449.564
-3.141593	2.041297	-2.664597	2	22	0	28429.789
-2.356194	1.134796	2.434290	141	0	130	28342.861
-1.570796	0.418037	1.360082	141	16	132	28286.328
-2.879793	0.864993	2.278281	0	11	134	28279.859
-2.094395	2.579248	-2.364801	3	0	0	28263.314
1.570796	2.138223	1.678323	121	4	137	28252.072
-3.141593	1.909857	-0.381669	4	10	9	28223.090
-2.356194	1.440580	2.260026	5	1	135	28213.383
1.570796	1.555207	1.708892	135	1	1	28206.367
1.308997	0.906588	1.252948	2	1	131	28139.504
-0.261799	1.736875	3.023612	4	7	137	28113.094
1.308997	0.831641	0.616218	0	143	136	28066.924
1.832596	1.488617	1.159546	137	136	138	28028.213
0.785398	2.592629	0.909713	118	5	1	27995.416
-0.523599	0.640596	-2.797608	141	7	129	27950.051
0.000000	0.929350	-2.910676	140	12	127	27914.031
-1.047198	2.979456	-1.009304	116	6	4	27892.797
-2.617994	0.864993	2.278281	142	13	135	27857.758
-2.094395	0.864993	2.278281	140	7	129	27844.418
-1.832596	0.418037	1.360082	139	20	131	27830.607
1.047198	0.674054	1.013609	2	142	135	27814.637
0.000000	1.809167	1.213774	129	139	136	27784.289
2.879793	1.256302	0.062705	1	10	143	27764.934
-2.094395	2.588535	-2.976617	0	139	2	27734.062
1.570796	1.809167	1.213774	127	138	133	27732.443
1.047198	1.310100	1.488307	143	2	133	27684.510
-0.261799	1.135813	-2.658866	1	7	136	27681.629
0.000000	2.187132	-0.479875	2	10	3	27681.543
-1.047198	0.619654	-2.216909	143	1	128	27677.254
1.570796	2.393226	1.857173	119	5	138	27670.035
-2.617994	2.164094	-2.991358	2	1	2	27627.191
2.617994	0.899350	-2.069907	140	12	141	27625.891
2.356194	0.619654	-2.216909	3	10	1	27608.863
-2.879793	1.256302	0.062705	0	7	5	27605.236
-1.308997	0.674054	1.013609	140	11	136	27558.777
-2.356194	1.869911	2.701025	0	141	135	27546.496
1.047198	1.824694	1.850876	130	1	140	27543.141
2.356194	2.396274	-1.959260	142	21	11	27517.965
-3.141593	0.685216	-1.712745	119	3	4	27508.836
1.047198	2.760637	2.781135	140	21	3	27505.994
-0.261799	1.242974	-2.977882	2	7	139	27505.070
-2.617994	1.184361	0.625864	10	139	8	27490.115
-1.832596	0.700570	1.559208	141	14	133	27459.875
1.047198	1.574060	2.783565	139	25	123	27452.523
0.523599	1.301460	-0.509251	3	3	6	27436.820
-2.617994	2.001437	0.381215	143	8	142	27428.338
-1.047198	1.904882	-1.478089	10	8	11	27418.197
0.000000	1.195355	1.200319	130	141	134	27408.287
-2.094395	0.866955	-0.931351	4	140	136	27365.875
1.308997	0.297065	2.160177	35	19	135	27356.682
-2.617994	1.812176	0.656819	2	14	0	27348.504
-2.617994	2.588535	-2.976617	0	11	4	27340.238
-2.356194	2.356369	3.005869	1	142	136	27337.332
-0.261799	2.104282	-0.813972	143	5	1	27330.133
-1.047198	1.554776	0.100351	7	32	2	27314.949
-2.094395	1.413430	2.550734	4	141	135	27296.670
-1.570796	2.881233	-2.582574	4	4	2	27286.168
2.356194	1.662363	0.915448	137	142	136	27272.123
-0.523599	0.866955	-0.931351	10	24	4	27247.156
-1.832596	2.704512	1.488683	30	10	124	27243.365
-1.308997	0.591903	2.010408	4	143	132	27223.227
0.000000	2.863997	0.549740	114	7	7	27220.838
-1.570796	1.662363	0.915448	128	5	0	27214.723
-2.617994	2.404280	-0.174044	143	10	11	27193.971
1.570796	1.662363	0.915448	130	140	138	27191.957
1.308997	2.356369	3.005869	0	25	9	27183.639
-2.356194	0.864993	2.278281	139	5	129	27180.012
1.308997	2.588535	-2.976617	3	23	8	27163.980
-2.094395	1.168678	2.108595	2	3	129	27150.580
-1.047198	2.704512	1.488683	139	11	141	27123.207
1.047198	0.615174	-0.666022	6	3	3	27113.086
0.261799	2.592629	0.909713	115	12	0	27107.270
-1.047198	1.982574	-1.115518	8	9	12	27097.875
-0.523599	0.619654	-2.216909	1	2	130	27091.662
-2.356194	1.128190	-2.288622	125	6	141	27090.322
-2.356194	1.574060	2.783565	0	141	136	27086.977
2.356194	1.195355	1.200319	26	12	126	27083.193
-2.356194	1.413430	2.550734	2	143	133	27082.518
-2.094395	1.218453	2.777284	141	143	131	27032.324
-2.094395	1.134796	2.434290	143	5	127	27016.070
-1.832596	1.736875	3.023612	7	138	0	27014.279
2.617994	0.619654	-2.216909	6	11	1	27010.164
-3.141593	0.929350	-2.910676	6	5	5	27009.203
-1.570796	0.674054	1.013609	143	14	141	27004.104
-0.785398	1.836682	-0.676006	142	23	5	26983.078
-2.356194	2.164094	-2.991358	2	2	143	26980.855
0.523599	0.960688	-0.577532	5	9	3	26927.564
-2.094395	0.910508	1.903534	3	4	138	26905.611
-2.617994	1.870545	-2.976234	1	4	2	26878.992
-1.832596	2.251330	-2.330739	1	143	2	26878.633
0.785398	1.440580	2.260026	6	10	142	26877.350
-0.261799	2.396274	-1.959260	130	0	140	26876.273
2.879793	1.948085	-2.363031	7	23	7	26868.098
-0.785398	0.496451	0.593859	1	16	133	26863.922
0.261799	2.174483	2.653697	3	11	139	26863.297
-2.617994	0.297065	2.160177	5	7	4	26853.980
-1.570796	0.906588	1.252948	142	15	141	26847.861
1.308997	2.592629	0.909713	122	2	1	26847.645
-0.785398	0.961715	0.014085	142	23	6	26840.297
-2.094395	2.164094	-2.991358	0	142	143	26836.551
-1.308997	0.496451	0.593859	0	12	132	26822.652
-2.617994	1.875281	0.107086	143	13	2	26819.004
2.879793	1.554776	0.100351	5	8	142	26814.432
-2.617994	1.569311	-3.003978	2	2	4	26803.801
1.570796	1.824694	1.850876	16	17	121	26799.963
1.832596	1.504028	0.636812	141	130	140	26783.020
0.261799	2.724429	-0.348782	3	1	3	26775.133
1.047198	2.704512	1.488683	117	4	3	26773.225
-1.570796	0.591903	2.010408	1	3	129	26751.012
2.879793	1.045978	0.343692	5	7	140	26746.941
-2.356194	1.699788	2.452890	2	1	132	26738.656
2.094395	1.256302	0.062705	5	137	8	26737.793
2.617994	0.831641	0.616218	4	8	3	26727.803
2.879793	1.367556	0.358405	4	8	3	26726.395
2.617994	1.335669	0.897240	30	16	131	26709.750
-0.523599	1.194549	-0.801900	2	19	9	26700.652
-2.879793	2.760637	2.781135	0	136	12	26695.109
2.617994	1.741644	-2.695914	142	3	130	26690.830
-0.523599	1.433411	-1.035986	0	16	16	26688.861
-0.785398	2.724429	-0.348782	118	10	4	26683.270
-2.617994	0.866395	-2.492918	127	2	3	26682.027
-1.308997	2.180315	-1.357379	0	8	0	26668.971
0.523599	0.418037	1.360082	4	0	131	26637.020
1.047198	0.906588	1.252948	0	6	125	26631.188
2.094395	0.831641	0.616218	5	141	137	26614.445
1.308997	0.571433	-1.188419	3	6	9	26595.148
-2.356194	2.588535	-2.976617	139	143	141	26594.896
0.785398	0.615174	-0.666022	6	8	8	26582.004
-0.785398	2.180315	-1.357379	1	9	6	26572.561
1.832596	0.850607	-1.335383	142	14	1	26563.736
-1.308997	1.113094	-0.272241	9	25	1	26548.770
-0.785398	0.080730	-2.622036	4	5	12	26542.998
2.617994	2.455966	-0.641220	34	15	138	26518.426
1.832596	1.025536	1.576859	28	14	126	26506.199
-3.141593	1.606104	-0.451151	4	9	10	26492.512
0.523599	1.510910	-0.740472	2	143	0	26477.418
-0.785398	0.960688	-0.577532	5	23	5	26469.621
-2.094395	2.356369	3.005869	3	141	136	26464.570
2.094395	0.685216	-1.712745	143	6	1	26461.727
-2.094395	1.050534	3.042579	139	142	134	26445.281
2.356194	1.301460	-0.509251	0	143	13	26431.945
1.308997	0.674054	1.013609	1	4	124	26418.664
-2.094395	1.128190	-2.288622	121	143	142	26416.637
2.617994	1.045978	0.343692	33	14	136	26405.250
2.094395	2.393226	1.857173	120	143	139	26390.352
-2.879793	1.683268	0.374177	0	9	0	26378.293
-0.785398	1.606104	-0.451151	7	23	10	26369.770
0.523599	0.864993	2.278281	2	0	4	26369.516
2.879793	2.089241	-0.114193	35	11	0	26366.496
-1.047198	1.846342	-1.796954	11	6	10	26365.924
-1.832596	0.864993	2.278281	142	3	127	26365.260
2.094395	2.138223	1.678323	123	142	138	26364.477
-0.523599	1.413347	-1.339188	10	13	7	26357.623
1.308997	2.349581	-2.702517	0	20	8	26355.242
2.617994	1.982574	-1.115518	142	9	24	26348.977
2.617994	0.961715	0.014085	4	4	6	26335.475
-3.141593	0.370812	-2.547742	122	3	136	26333.287
-2.879793	2.073035	2.027405	143	141	125	26331.332
1.832596	0.458961	-0.107937	0	139	134	26319.168
0.261799	2.251330	-2.330739	31	143	9	26319.066
-0.261799	1.134497	-1.109631	2	22	12	26315.129
0.523599	0.910508	1.903534	4	10	120	26294.840
-2.617994	1.417623	-0.202254	0	9	11	26286.631
2.356194	1.982574	-1.115518	2	4	18	26285.391
-1.832596	2.979456	-1.009304	120	6	13	26278.305
0.000000	2.664082	-1.071402	1	8	1	26276.516
-2.617994	1.554776	0.100351	143	9	1	26270.141
-2.356194	1.325504	-1.671296	133	139	30	26265.898
2.094395	1.135834	-1.431087	129	142	140	26251.145
0.785398	0.960688	-0.577532	2	5	6	26248.688
-0.785398	1.982574	-1.115518	3	14	2	26221.709
-1.832596	1.135813	-2.658866	127	142	141	26210.236
-1.832596	2.164094	-2.991358	4	139	140	26196.686
1.570796	2.984978	1.954446	116	5	10	26187.549
-0.261799	1.450119	-2.739050	143	10	143	26185.289
2.617994	1.836682	-0.676006	3	140	22	26185.004
1.308997	1.195355	1.200319	1	2	128	26159.668
-1.832596	2.349581	-2.702517	1	142	141	26156.844
0.000000	2.979456	-1.009304	142	4	8	26139.338
-2.879793	0.709924	0.218797	143	7	4	26131.539
0.000000	2.001437	0.381215	117	10	138	26129.930
1.308997	1.599406	1.426070	130	142	138	26127.348
0.000000	2.251330	-2.330739	27	141	10	26125.660
2.617994	2.104282	-0.813972	2	2	17	26108.480
-2.356194	1.135813	-2.658866	127	4	1	26103.666
1.047198	2.115563	0.685730	122	142	137	26101.266
-1.832596	0.850607	-1.335383	5	141	130	26058.617
-1.308997	2.579248	-2.364801	143	5	143	26047.479
0.000000	2.587733	0.232235	117	6	5	26038.508
1.832596	2.637879	2.121598	117	5	141	26021.176
0.000000	1.135834	-1.431087	6	21	5	26020.926
-1.047198	0.831641	0.616218	0	14	142	26020.762
-2.356194	0.914445	2.687814	140	8	134	26014.014
-2.617994	1.948085	-2.363031	137	132	140	26013.078
2.617994	0.992645	-1.723759	130	7	142	26000.783
-0.523599	0.960688	-0.577532	2	23	12	25999.129
1.047198	2.063651	-2.044600	0	0	21	25987.293
2.617994	2.984978	1.954446	142	137	14	25986.576
2.094395	1.025536	1.576859	131	143	2	25984.754
-1.308997	0.961715	0.014085	7	29	142	25965.572
-2.094395	2.251330	-2.330739	140	137	143	25962.660
-0.523599	0.961715	0.014085	115	17	133	25949.016
0.785398	2.760637	2.781135	1	22	3	25921.627
-2.094395	1.736875	3.023612	3	138	1	25918.055
2.879793	1.417623	-0.202254	35	13	6	25907.418
-0.261799	2.863997	0.549740	125	20	4	25904.480
2.094395	0.674054	1.013609	37	13	129	25897.252
-3.141593	1.574060	2.783565	116	5	5	25888.947
1.570796	1.554776	0.100351	20	136	140	25881.541
0.785398	1.699788	2.452890	0	23	120	25878.750
1.832596	0.674054	1.013609	6	143	138	25874.605
2.356194	1.870545	-2.976234	8	23	5	25869.268
1.570796	2.349581	-2.702517	2	25	11	25862.301
-2.879793	0.831641	0.616218	9	139	6	25859.824
-0.523599	1.134497	-1.109631	8	18	9	25858.115
-2.356194	0.866395	-2.492918	125	3	143	25856.602
-1.832596	1.050534	3.042579	126	143	133	25854.504
1.308997	1.504028	0.636812	17	2	131	25852.146
-0.261799	2.187132	-0.479875	4	9	3	25833.090
0.785398	0.674054	1.013609	0	4	123	25832.303
-0.523599	2.180315	-1.357379	143	3	2	25824.543
1.308997	1.014500	0.906702	0	143	137	25818.467
1.047198	1.134497	-1.109631	143	7	0	25804.840
-0.785398	1.194549	-0.801900	7	21	3	25799.203
2.617994	1.606104	-0.451151	36	7	8	25794.949
-0.523599	0.929350	-2.910676	143	4	134	25793.139
-1.570796	0.700570	1.559208	140	13	128	25790.453
1.570796	0.709924	0.218797	0	141	137	25775.121
1.308997	2.704512	1.488683	116	1	142	25765.055
0.785398	0.418037	1.360082	5	4	123	25755.721
-0.785398	2.664082	-1.071402	3	5	0	25751.477
-1.047198	0.709924	0.218797	0	25	139	25746.828
1.308997	1.488617	1.159546	132	136	137	25738.520
-1.308997	1.256302	0.062705	4	29	0	25737.602
2.617994	0.496451	0.593859	35	16	136	25734.576
2.094395	1.417623	-0.202254	143	127	9	25730.471
1.308997	1.756530	-2.105156	139	5	27	25722.871
2.094395	0.709924	0.218797	2	143	137	25719.297
0.261799	0.762244	-0.273349	3	6	10	25717.867
0.523599	2.637879	2.121598	139	21	4	25716.250
1.308997	1.741644	-2.695914	140	26	2	25713.174
-2.356194	0.458961	-0.107937	5	133	142	25711.447
1.832596	0.418037	1.360082	34	15	138	25703.594
-0.785398	2.637879	2.121598	1	7	139	25687.824
-0.523599	2.664082	-1.071402	0	4	2	25681.879
-2.617994	0.591903	2.010408	142	8	131	25678.467
-1.570796	0.571433	-1.188419	1	7	126	25676.166
2.879793	2.187132	-0.479875	6	11	10	25672.029
-2.094395	1.699788	2.452890	5	143	136	25664.762
0.261799	1.998705	2.370472	1	141	5	25654.904
-0.261799	0.080730	-2.622036	1	9	12	25654.191
-2.879793	2.247462	0.191623	2	8	4	25646.359
2.094395	1.045978	0.343692	2	139	142	25646.203
-1.832596	2.588535	-2.976617	5	138	137	25644.115
-3.141593	1.683268	0.374177	5	8	2	25636.654
-0.785398	1.413347	-1.339188	10	17	10	25629.014
-3.141593	2.724429	-0.348782	37	19	5	25620.582
2.094395	1.184361	0.625864	1	141	129	25614.914
-1.570796	1.699788	2.452890	14	0	136	25602.076
0.000000	1.450119	-2.739050	2	13	137	25593.742
-2.356194	0.910508	1.903534	2	17	0	25592.289
-1.570796	2.349581	-2.702517	7	137	4	25585.346
1.308997	1.554776	0.100351	17	136	142	25585.029
-2.879793	1.450119	-2.739050	3	7	5	25581.777
0.785398	0.864993	2.278281	7	1	7	25569.719
-2.094395	1.824694	1.850876	12	7	117	25566.430
0.523599	2.396274	-1.959260	29	142	10	25564.219
1.047198	0.864993	2.278281	33	14	135	25552.783
-2.356194	0.615174	-0.666022	143	2	132	25549.619
-1.047198	1.836682	-0.676006	3	19	4	25544.543
1.047198	0.910508	1.903534	4	1	3	25542.941
0.261799	1.606104	-0.451151	117	7	138	25542.344
-2.879793	1.504028	0.636812	27	18	128	25539.400
-2.879793	1.184361	0.625864	0	9	1	25532.047
0.261799	1.195355	1.200319	134	141	134	25531.545
-2.356194	2.760637	2.781135	6	139	136	25506.516
-2.879793	1.756530	-2.105156	4	22	9	25503.188
2.356194	1.325504	-1.671296	129	0	139	25493.820
2.879793	2.979456	-1.009304	9	14	12	25489.988
-2.617994	1.440580	2.260026	5	5	135	25473.418
1.047198	2.379497	0.561089	123	138	138	25471.668
1.832596	1.014500	0.906702	3	139	131	25469.857
-1.047198	2.063651	-2.044600	10	140	15	25467.629
2.094395	2.704512	1.488683	123	0	139	25467.508
2.356194	0.709924	0.218797	8	139	2	25462.363
-0.785398	1.113094	-0.272241	0	28	3	25451.617
1.832596	1.599406	1.426070	136	142	136	25444.271
0.261799	1.440580	2.260026	6	143	0	25440.943
1.832596	2.881233	-2.582574	142	25	8	25427.750
1.308997	1.872854	1.543456	128	143	138	25409.053
-1.570796	2.251330	-2.330739	1	2	1	25408.277
-2.356194	2.379497	0.561089	1	12	2	25407.334
1.832596	0.379747	-1.713059	4	13	0	25406.414
1.570796	1.417623	-0.202254	21	134	2	25399.203
2.356194	1.721184	-0.153948	3	131	7	25395.949
-0.261799	0.929350	-2.910676	0	6	134	25390.510
-1.570796	1.872854	1.543456	14	15	115	25389.594
0.261799	2.001437	0.381215	120	6	138	25383.785
-0.523599	1.113094	-0.272241	142	24	8	25383.734
1.047198	1.732874	-0.951685	130	2	143	25371.500
-2.094395	0.615174	-0.666022	4	139	133	25368.648
-3.141593	2.984978	1.954446	143	5	7	25365.574
-2.094395	2.033014	2.977192	4	139	135	25361.176
0.261799	1.448123	-2.163292	137	18	6	25353.012
-1.308997	1.948085	-2.363031	124	143	141	25343.111
1.570796	2.407836	1.410646	117	0	0	25334.670
-0.261799	1.982574	-1.115518	3	3	143	25334.062
1.047198	2.579248	-2.364801	37	18	7	25332.762
1.570796	2.637879	2.121598	117	8	141	25332.166
0.785398	1.310100	1.488307	141	5	133	25332.150
0.261799	1.555207	1.708892	122	12	5	25328.879
2.879793	0.709924	0.218797	34	17	138	25323.645
0.785398	2.478122	2.609777	4	24	4	25322.590
1.832596	0.961715	0.014085	2	140	135	25321.975
-2.879793	1.134796	2.434290	142	12	133	25309.510
0.261799	2.863997	0.549740	117	4	3	25307.836
-1.047198	0.379747	-1.713059	29	16	5	25303.719
-0.261799	2.587733	0.232235	116	11	4	25296.939
0.261799	0.992645	-1.723759	135	22	9	25293.980
-2.617994	1.168678	2.108595	116	1	142	25293.756
-0.785398	1.569311	-3.003978	28	137	6	25282.881
0.785398	2.089241	-0.114193	6	13	7	25281.219
2.879793	1.184361	0.625864	32	16	130	25279.322
-2.356194	2.041297	-2.664597	1	5	143	25276.918
0.000000	2.404280	-0.174044	1	7	2	25270.789
1.047198	0.290380	-0.796960	1	7	9	25270.078
-2.094395	2.881233	-2.582574	2	6	142	25264.562
1.570796	2.041297	-2.664597	142	21	9	25261.355
0.000000	2.104282	-0.813972	5	9	0	25258.656
1.308997	2.115563	0.685730	124	140	136	25252.068
0.523599	1.218453	2.777284	0	142	14	25246.078
0.523599	2.115563	0.685730	118	6	135	25243.100
-0.785398	0.615174	-0.666022	8	30	140	25239.021
0.000000	1.699788	2.452890	120	13	4	25237.168
2.356194	0.685216	-1.712745	142	3	1	25236.859
-2.356194	0.700570	1.559208	143	9	131	25223.480
-0.261799	0.762244	-0.273349	114	15	140	25222.691
1.047198	2.356369	3.005869	29	25	143	25222.672
-2.094395	1.869911	2.701025	4	139	134	25218.361
2.094395	0.961715	0.014085	2	143	143	25217.264
1.570796	1.977582	0.969896	126	140	136	25213.512
1.570796	0.685216	-1.712745	117	12	143	25211.057
0.000000	0.080730	-2.622036	4	137	137	25209.812
2.356194	1.135834	-1.431087	129	0	142	25209.016
0.523599	0.619654	-2.216909	19	24	142	25201.088
-1.832596	0.419640	2.974122	126	141	134	25200.938
2.356194	0.674054	1.013609	34	18	129	25200.805
-2.879793	1.391910	3.030322	3	6	4	25196.566
1.308997	0.591903	2.010408	33	14	132	25194.355
1.570796	2.881233	-2.582574	1	21	8	25190.273
-1.047198	0.960688	-0.577532	9	25	7	25190.012
1.308997	0.496451	0.593859	2	143	131	25187.832
-2.617994	2.349581	-2.702517	1	8	1	25183.377
-2.094395	1.569311	-3.003978	8	138	143	25181.529
0.523599	0.709924	0.218797	1	29	142	25172.445
-1.832596	1.413430	2.550734	6	138	135	25172.408
2.617994	0.685216	-1.712745	129	2	1	25165.824
-2.094395	1.247695	1.809890	121	142	139	25151.562
-1.570796	1.134796	2.434290	142	142	135	25147.236
-2.617994	2.174483	2.653697	3	0	137	25145.734
0.785398	2.379497	0.561089	118	143	138	25145.154
2.879793	1.721184	-0.153948	36	12	1	25142.637
0.261799	1.875281	0.107086	3	4	128	25119.164
-1.047198	1.510910	-0.740472	4	22	8	25107.297
0.000000	2.108018	1.311430	130	1	139	25104.684
-2.879793	0.866955	-0.931351	141	140	22	25104.451
0.000000	1.736875	3.023612	1	12	136	25102.771
-2.094395	2.041297	-2.664597	3	1	3	25093.857
-0.261799	1.413347	-1.339188	5	21	15	25093.070
-1.832596	1.134796	2.434290	2	2	126	25085.568
1.308997	1.977582	0.969896	124	142	136	25082.754
0.523599	1.025536	1.576859	0	13	122	25080.939
-1.832596	0.618092	2.539118	139	2	132	25065.680
1.832596	1.335669	0.897240	138	140	143	25063.473
2.879793	2.251330	-2.330739	9	23	10	25059.145
-2.094395	1.440580	2.260026	123	1	130	25059.111
0.000000	2.724429	-0.348782	8	7	6	25039.688
2.617994	1.256302	0.062705	3	4	3	25032.750
2.879793	1.756530	-2.105156	9	22	13	25032.623
-1.570796	0.379747	-1.713059	140	0	133	25030.234
0.261799	0.418037	1.360082	142	143	127	25025.131
-1.047198	1.696674	-1.253233	122	6	24	25023.123
2.617994	0.203748	0.590255	1	140	13	25016.748
-2.094395	0.700570	1.559208	0	7	138	25014.379
-0.785398	0.762244	-0.273349	3	29	0	25008.994
-2.879793	2.587733	0.232235	33	13	137	25007.391
-2.879793	2.724429	-0.348782	35	24	4	25007.250
-0.523599	2.393226	1.857173	143	141	4	25001.811
1.570796	1.448123	-2.163292	132	10	25	24991.438
-1.308997	2.456751	-1.503343	142	6	5	24989.389
0.785398	0.910508	1.903534	6	0	1	24982.391
1.832596	0.700570	1.559208	33	16	131	24979.035
2.094395	1.504028	0.636812	1	140	135	24978.426
-2.094395	0.914445	2.687814	138	1	132	24971.324
-0.261799	1.391910	3.030322	3	4	135	24971.186
-1.570796	2.979456	-1.009304	118	7	14	24970.490
-2.356194	1.875281	0.107086	0	11	1	24967.982
-1.832596	2.033014	2.977192	9	135	1	24965.801
2.617994	0.850607	-1.335383	122	4	2	24935.969
-2.879793	0.929350	-2.910676	1	9	143	24930.332
-1.047198	1.732874	-0.951685	4	19	3	24929.184
-2.879793	1.218453	2.777284	3	7	1	24924.879
-3.141593	0.618092	2.539118	5	11	142	24922.207
-2.094395	0.419640	2.974122	120	0	136	24916.152
1.047198	1.195355	1.200319	141	7	129	24913.912
0.785398	2.001437	0.381215	120	0	136	24906.734
-1.047198	2.356369	3.005869	22	133	135	24897.756
-0.785398	1.510910	-0.740472	5	17	20	24897.230
-3.141593	0.709924	0.218797	143	142	11	24894.949
0.785398	0.866955	-0.931351	4	8	1	24893.230
-1.308997	0.418037	1.360082	142	12	130	24893.199
-2.879793	1.658653	-2.409879	1	18	6	24879.355
-1.047198	2.073035	2.027405	143	26	8	24875.844
2.094395	0.615174	-0.666022	3	143	140	24874.715
0.261799	1.135834	-1.431087	135	22	11	24873.002
0.261799	1.836682	-0.676006	2	143	1	24870.803
-0.785398	1.433411	-1.035986	7	16	3	24865.869
2.617994	1.732874	-0.951685	2	5	22	24864.021
-2.356194	1.736875	3.023612	143	140	2	24862.055
-1.047198	1.555207	1.708892	15	8	120	24858.852
-1.047198	1.050534	3.042579	138	0	136	24858.254
0.785398	2.251330	-2.330739	2	0	23	24858.104
-0.523599	1.242974	-2.977882	0	5	140	24856.055
1.047198	2.033014	2.977192	2	24	3	24854.590
1.570796	2.579248	-2.364801	32	22	0	24845.531
0.000000	1.836682	-0.676006	0	143	6	24843.371
-2.617994	1.128190	-2.288622	122	143	0	24841.965
2.356194	2.393226	1.857173	5	20	141	24836.986
0.785398	1.948085	-2.363031	142	142	24	24836.641
0.523599	2.180315	-1.357379	127	1	142	24834.678
-2.356194	1.374601	-2.456031	124	142	140	24833.520
0.261799	0.615174	-0.666022	0	10	9	24830.283
-3.141593	1.875281	0.107086	34	15	136	24828.203
-2.879793	0.899350	-2.069907	121	1	1	24822.916
1.832596	2.984978	1.954446	115	142	8	24817.768
-1.047198	1.488617	1.159546	122	6	136	24815.578
1.832596	1.555207	1.708892	19	16	122	24813.156
0.523599	0.850607	-1.335383	129	17	5	24809.930
2.356194	2.343981	-1.040456	5	8	131	24808.520
1.308997	1.658653	-2.409879	137	6	24	24798.082
-0.261799	1.301460	-0.509251	1	21	12	24792.555
-2.356194	1.998705	2.370472	5	142	130	24792.193
0.785398	0.290380	-0.796960	3	12	9	24789.018
-2.356194	0.618092	2.539118	135	6	131	24787.840
-1.832596	1.870545	-2.976234	6	138	2	24780.734
2.356194	0.496451	0.593859	33	12	142	24771.121
-2.356194	0.418037	1.360082	5	28	131	24767.562
1.832596	1.662363	0.915448	137	139	135	24750.867
1.570796	2.247462	0.191623	131	3	22	24747.627
-0.261799	2.760637	2.781135	4	7	139	24743.680
-1.047198	1.506530	1.988858	16	5	119	24737.855
-0.523599	2.979456	-1.009304	4	6	3	24737.297
-2.356194	1.367556	0.358405	5	141	15	24735.371
-0.523599	0.762244	-0.273349	2	25	0	24732.090
2.356194	1.756530	-2.105156	132	4	136	24728.309
-3.141593	1.721184	-0.153948	3	9	8	24723.621
-1.570796	0.496451	0.593859	3	27	130	24711.670
1.832596	2.164094	-2.991358	135	22	11	24711.529
1.308997	1.025536	1.576859	0	12	123	24710.865
2.356194	1.809167	1.213774	137	137	136	24708.254
0.000000	0.640596	-2.797608	2	3	125	24702.742
-2.356194	1.872854	1.543456	15	11	118	24699.508
1.570796	0.906588	1.252948	2	3	137	24695.750
-3.141593	0.640596	-2.797608	0	3	1	24693.471
-2.617994	1.736875	3.023612	3	11	1	24689.977
-0.523599	2.587733	0.232235	117	12	6	24686.971
-3.141593	1.325504	-1.671296	121	2	142	24683.453
-1.832596	2.356369	3.005869	1	2	129	24681.289
1.308997	2.164094	-2.991358	2	23	13	24679.986
-2.094395	1.545873	-1.877082	126	4	26	24679.846
0.523599	1.574060	2.783565	35	17	0	24678.562
1.832596	1.809167	1.213774	135	138	134	24676.906
0.523599	1.391910	3.030322	143	142	11	24673.254
0.000000	0.850607	-1.335383	2	27	7	24668.541
-0.785398	0.379747	-1.713059	7	135	134	24663.021
-1.047198	1.113094	-0.272241	3	29	143	24659.051
2.094395	2.063651	-2.044600	141	18	13	24657.090
2.879793	2.637879	2.121598	123	141	140	24652.582
-0.261799	0.866955	-0.931351	0	24	11	24641.557
-2.356194	0.591903	2.010408	142	7	133	24638.867
1.570796	2.588535	-2.976617	143	24	8	24638.051
2.617994	0.290380	-0.796960	3	142	141	24633.268
-1.047198	1.948085	-2.363031	17	139	15	24620.258
-3.141593	2.089241	-0.114193	37	14	142	24613.973
1.047198	2.478122	2.609777	141	22	4	24613.012
0.523599	2.247462	0.191623	6	10	2	24612.174
0.523599	1.875281	0.107086	117	141	141	24611.078
1.308997	1.506530	1.988858	127	141	2	24610.578
-0.261799	1.367556	0.358405	1	6	136	24610.252
-2.879793	0.591903	2.010408	143	12	133	24600.217
-0.261799	0.992645	-1.723759	9	23	7	24593.684
-1.832596	0.910508	1.903534	0	3	131	24592.076
-1.832596	1.824694	1.850876	15	7	117	24590.867
-0.523599	2.760637	2.781135	3	134	6	24589.830
-1.047198	0.418037	1.360082	1	5	130	24581.166
-1.308997	0.910508	1.903534	7	3	124	24575.625
0.523599	1.736875	3.023612	35	14	141	24562.305
-0.261799	1.135834	-1.431087	6	24	5	24560.117
2.356194	0.899350	-2.069907	1	8	1	24559.953
-3.141593	1.050534	3.042579	2	7	3	24559.709
0.523599	2.295480	1.008277	119	143	143	24557.020
2.094395	0.418037	1.360082	33	16	135	24556.031
-1.832596	1.135834	-1.431087	11	2	128	24554.328
0.000000	1.325504	-1.671296	1	18	10	24548.801
0.261799	1.699788	2.452890	2	139	5	24545.400
0.261799	1.658653	-2.409879	28	15	10	24534.418
1.047198	2.592629	0.909713	118	3	0	24531.348
0.523599	1.413430	2.550734	5	12	141	24523.168
-2.094395	0.733948	3.021411	121	143	135	24520.979
2.617994	2.299159	2.264663	4	8	134	24519.676
-3.141593	1.301460	-0.509251	6	9	7	24516.416
-3.141593	1.135813	-2.658866	143	7	0	24516.416
-3.141593	1.256302	0.062705	3	5	1	24499.402
-1.308997	2.251330	-2.330739	6	138	15	24498.504
-1.570796	1.050534	3.042579	134	140	136	24491.963
0.000000	1.128190	-2.288622	139	142	22	24487.477
0.785398	2.863997	0.549740	118	1	1	24478.227
0.785398	2.164094	-2.991358	35	18	5	24476.145
0.523599	1.909857	-0.381669	4	143	5	24475.318
0.000000	1.569311	-3.003978	33	7	3	24471.709
1.832596	2.393226	1.857173	117	2	139	24467.803
1.308997	1.335669	0.897240	132	140	133	24464.785
2.617994	2.456751	-1.503343	29	26	6	24462.113
0.261799	2.587733	0.232235	3	9	4	24460.982
2.094395	1.982574	-1.115518	143	143	20	24459.334
-0.261799	2.247462	0.191623	112	0	9	24459.219
2.617994	0.615174	-0.666022	2	142	139	24451.574
1.570796	1.045978	0.343692	1	141	133	24448.410
2.617994	1.184361	0.625864	31	16	131	24433.145
1.308997	1.809167	1.213774	126	143	141	24431.312
2.094395	0.458961	-0.107937	0	143	131	24431.176
0.785398	1.721184	-0.153948	4	16	8	24429.402
-2.879793	1.875281	0.107086	2	8	2	24427.361
0.000000	1.135813	-2.658866	1	12	141	24427.012
1.047198	2.407836	1.410646	117	7	139	24424.547
-0.785398	1.872854	1.543456	123	11	19	24423.504
-1.047198	1.310100	1.488307	10	11	120	24419.928
-3.141593	0.914445	2.687814	5	11	138	24416.973
2.617994	0.960688	-0.577532	7	0	8	24406.625
0.785398	2.063651	-2.044600	142	141	27	24403.768
0.785398	1.413430	2.550734	32	19	129	24396.418
0.785398	2.299159	2.264663	141	20	142	24396.398
0.261799	2.984978	1.954446	140	20	7	24395.299
-1.308997	1.050534	3.042579	138	139	136	24388.625
-1.308997	0.709924	0.218797	6	27	143	24386.000
0.523599	1.699788	2.452890	0	25	122	24382.152
-1.308997	0.571433	-1.188419	7	134	140	24380.699
-2.356194	2.063651	-2.044600	1	22	3	24374.516
-0.523599	1.135813	-2.658866	143	8	0	24372.799
2.617994	2.343981	-1.040456	32	19	143	24369.016
2.356194	2.455966	-0.641220	33	9	4	24368.547
-1.047198	0.914445	2.687814	134	1	134	24367.938
0.785398	1.574060	2.783565	143	30	123	24367.141
0.261799	0.914445	2.687814	5	4	5	24365.643
-3.141593	0.866395	-2.492918	3	9	143	24354.531
1.832596	2.863997	0.549740	135	6	20	24351.287
-1.308997	1.998705	2.370472	138	138	137	24344.430
2.094395	0.379747	-1.713059	3	8	2	24342.172
-1.047198	1.247695	1.809890	12	4	119	24337.074
-0.261799	1.433411	-1.035986	0	18	10	24336.930
1.047198	1.766067	2.153843	141	17	143	24336.318
2.356194	2.724429	-0.348782	32	4	138	24335.352
-3.141593	1.658653	-2.409879	1	142	131	24333.312
0.000000	2.588535	-2.976617	34	143	2	24323.887
-1.308997	0.419640	2.974122	129	141	134	24323.115
0.261799	1.025536	1.576859	142	5	123	24322.262
0.000000	1.367556	0.358405	2	2	134	24321.977
-1.570796	1.488617	1.159546	125	2	140	24319.633
-0.523599	2.187132	-0.479875	114	5	8	24314.740
0.000000	2.299159	2.264663	141	10	0	24314.262
1.570796	1.699788	2.452890	131	141	134	24313.789
-1.047198	2.404280	-0.174044	122	16	7	24310.691
1.047198	2.396274	-1.959260	33	3	10	24308.100
2.879793	0.961715	0.014085	8	1	142	24306.334
2.094395	1.662363	0.915448	134	0	136	24304.020
2.094395	1.812176	0.656819	141	0	142	24301.471
0.523599	2.033014	2.977192	37	20	7	24300.711
-2.879793	0.370812	-2.547742	125	1	139	24287.738
-2.356194	1.045978	0.343692	10	137	8	24283.973
2.879793	1.875281	0.107086	7	4	3	24282.367
2.094395	0.906588	1.252948	28	13	130	24279.285
2.094395	0.290380	-0.796960	15	136	5	24276.695
0.000000	1.506530	1.988858	118	15	4	24276.602
2.356194	2.719179	-1.780644	5	26	14	24271.227
0.261799	1.218453	2.777284	120	8	141	24266.221
2.617994	1.909857	-0.381669	38	10	12	24263.752
1.047198	0.496451	0.593859	140	142	128	24257.016
-1.570796	2.073035	2.027405	137	138	137	24252.852
1.308997	2.407836	1.410646	123	140	143	24244.592
-1.570796	2.041297	-2.664597	8	139	4	24241.889
-1.047198	0.458961	-0.107937	6	30	138	24239.459
-0.523599	2.063651	-2.044600	126	2	141	24237.807
2.617994	1.554776	0.100351	6	140	141	24230.041
-2.094395	2.760637	2.781135	7	137	135	24228.369
-1.047198	2.089241	-0.114193	122	16	8	24225.695
1.570796	0.203748	0.590255	141	127	15	24224.088
1.832596	1.367556	0.358405	140	139	142	24222.514
1.047198	1.025536	1.576859	1	8	121	24220.619
-1.832596	0.458961	-0.107937	10	143	141	24218.076
2.094395	2.719179	-1.780644	1	18	9	24216.717
1.570796	2.704512	1.488683	117	141	142	24212.152
2.356194	2.456751	-1.503343	31	24	2	24206.914
-3.141593	1.948085	-2.363031	4	26	10	24194.582
-2.356194	2.033014	2.977192	143	143	138	24194.199
1.570796	1.367556	0.358405	136	135	3	24193.541
0.261799	1.766067	2.153843	142	139	6	24191.400
1.308997	1.555207	1.708892	130	140	140	24183.234
-0.261799	1.904882	-1.478089	3	11	4	24180.410
0.785398	1.168678	2.108595	30	12	130	24178.129
-1.570796	1.417623	-0.202254	11	33	142	24167.014
-1.832596	1.574060	2.783565	11	135	135	24166.031
-2.617994	0.992645	-1.723759	123	0	142	24162.633
-2.617994	1.504028	0.636812	5	0	16	24161.297
-2.879793	1.736875	3.023612	1	12	11	24159.953
0.261799	1.367556	0.358405	3	20	4	24159.672
0.785398	0.618092	2.539118	36	13	139	24156.307
-1.308997	1.301460	-0.509251	8	26	4	24150.621
0.785398	1.417623	-0.202254	1	20	12	24145.061
1.047198	1.440580	2.260026	28	24	130	24140.438
-0.523599	2.396274	-1.959260	127	4	141	24139.516
-2.617994	1.658653	-2.409879	0	16	5	24126.889
0.261799	1.662363	0.915448	8	5	122	24125.797
-2.617994	1.391910	3.030322	3	0	7	24118.471
2.879793	0.458961	-0.107937	2	138	13	24112.438
1.570796	0.700570	1.559208	34	13	131	24111.359
2.094395	1.195355	1.200319	24	9	126	24110.240
-2.094395	1.134497	-1.109631	5	141	137	24108.949
-1.047198	1.617114	-1.572037	9	6	16	24097.293
-1.308997	1.214854	-1.966664	12	2	122	24089.938
2.094395	1.113094	-0.272241	28	137	2	24088.789
0.261799	2.187132	-0.479875	140	10	8	24085.576
-0.785398	2.979456	-1.009304	4	9	1	24081.281
0.523599	1.195355	1.200319	136	130	135	24079.816
-0.261799	2.089241	-0.114193	112	0	8	24079.531
2.879793	2.881233	-2.582574	123	5	16	24077.863
2.879793	0.496451	0.593859	34	22	136	24075.789
1.832596	1.256302	0.062705	27	137	141	24073.891
0.523599	2.164094	-2.991358	6	17	141	24070.859
2.617994	1.846342	-1.796954	135	14	24	24068.621
1.832596	0.831641	0.616218	3	2	135	24062.336
0.523599	2.579248	-2.364801	1	137	13	24061.672
-3.141593	1.756530	-2.105156	133	141	136	24059.900
1.047198	0.591903	2.010408	34	11	132	24058.971
1.832596	1.184361	0.625864	141	137	137	24058.719
-0.261799	1.325504	-1.671296	6	16	5	24058.500
2.356194	0.615174	-0.666022	140	143	137	24054.256
-0.785398	1.696674	-1.253233	7	14	8	24053.822
-2.094395	2.478122	2.609777	9	137	133	24053.670
2.617994	2.108018	1.311430	16	4	122	24053.449
-2.094395	2.174483	2.653697	5	141	140	24047.457
-0.261799	2.180315	-1.357379	143	6	2	24045.684
-2.879793	1.367556	0.358405	0	13	3	24044.352
-0.523599	2.104282	-0.813972	0	3	3	24043.758
2.879793	1.658653	-2.409879	6	22	10	24038.816
2.879793	1.836682	-0.676006	4	2	16	24033.340
1.570796	1.872854	1.543456	127	143	138	24030.805
1.047198	2.108018	1.311430	122	2	142	24025.475
1.047198	1.870545	-2.976234	6	29	3	24024.707
-2.356194	0.709924	0.218797	10	136	3	24024.055
2.879793	0.640596	-2.797608	3	1	11	24020.182
1.570796	1.721184	-0.153948	20	134	142	24017.721
-0.785398	1.756530	-2.105156	16	2	7	24017.717
-2.617994	0.961715	0.014085	142	8	6	24016.973
-0.785398	1.488617	1.159546	9	14	120	24014.391
2.094395	0.850607	-1.335383	133	1	0	24011.975
-3.141593	1.998705	2.370472	119	0	140	24011.508
0.000000	1.440580	2.260026	117	11	2	24011.152
-2.617994	1.555207	1.708892	9	6	125	24010.197
-1.832596	2.863997	0.549740	0	7	9	24009.336
-0.523599	1.510910	-0.740472	1	15	12	24008.223
-1.047198	2.724429	-0.348782	123	18	7	24006.309
0.785398	1.134796	2.434290	2	8	141	24004.998
1.570796	1.184361	0.625864	139	141	138	24004.021
-0.261799	1.875281	0.107086	1	15	142	24000.809
-1.832596	2.407836	1.410646	28	11	119	23999.414
2.879793	1.909857	-0.381669	35	13	1	23986.791
-3.141593	2.404280	-0.174044	37	16	2	23984.283
0.000000	0.370812	-2.547742	141	1	128	23980.969
-1.308997	1.756530	-2.105156	10	0	11	23977.469
0.785398	1.194549	-0.801900	1	142	7	23976.762
0.523599	2.863997	0.549740	117	7	3	23975.504
-1.832596	0.992645	-1.723759	8	3	125	23975.090
-2.879793	1.045978	0.343692	0	8	5	23974.078
-0.261799	0.619654	-2.216909	7	3	130	23973.209
1.047198	1.417623	-0.202254	139	26	3	23969.906
-0.523599	2.089241	-0.114193	111	0	12	23967.910
2.356194	2.664082	-1.071402	35	15	4	23965.479
0.000000	2.153910	-1.714959	127	4	141	23963.371
-0.785398	0.709924	0.218797	140	19	139	23960.758
-0.785398	1.599406	1.426070	14	12	117	23958.709
-1.047198	1.194549	-0.801900	8	21	8	23957.555
2.094395	0.700570	1.559208	30	18	130	23950.172
-1.308997	2.343981	-1.040456	118	11	13	23947.416
-1.308997	2.984978	1.954446	32	8	131	23946.898
2.617994	2.404280	-0.174044	32	7	140	23940.887
0.261799	1.113094	-0.272241	3	0	8	23940.602
-1.832596	0.615174	-0.666022	3	141	4	23926.266
0.785398	1.128190	-2.288622	136	4	24	23922.719
-1.047198	1.433411	-1.035986	11	14	13	23917.938
-0.523599	1.135834	-1.431087	12	16	11	23916.998
0.261799	1.325504	-1.671296	135	19	9	23915.709
1.832596	2.704512	1.488683	118	136	142	23912.957
1.047198	1.736875	3.023612	141	29	126	23912.297
-1.308997	1.045978	0.343692	5	27	130	23907.680
2.356194	1.836682	-0.676006	0	143	14	23907.242
-1.047198	0.618092	2.539118	135	141	130	23895.660
1.832596	2.063651	-2.044600	143	18	15	23894.215
1.047198	0.203748	0.590255	3	142	135	23892.234
1.308997	1.721184	-0.153948	13	137	1	23885.299
1.047198	1.413430	2.550734	29	26	135	23884.277
0.261799	1.134796	2.434290	0	142	1	23882.703
-3.141593	2.164094	-2.991358	0	22	4	23882.443
-1.308997	0.685216	-1.712745	3	143	129	23881.803
-2.879793	0.615174	-0.666022	2	139	19	23881.572
0.785398	1.301460	-0.509251	5	2	7	23880.656
-2.094395	1.374601	-2.456031	122	1	138	23873.871
0.261799	2.379497	0.561089	118	5	138	23871.463
-2.617994	1.367556	0.358405	142	7	5	23868.775
-3.141593	0.619654	-2.216909	129	3	5	23866.969
-2.617994	0.831641	0.616218	11	137	8	23864.855
0.261799	2.247462	0.191623	3	7	124	23863.684
-1.570796	0.709924	0.218797	8	32	140	23860.547
-2.617994	2.587733	0.232235	3	5	2	23858.705
-2.094395	1.506530	1.988858	3	12	119	23857.596
-2.356194	1.569311	-3.003978	2	0	3	23855.264
1.308997	1.214854	-1.966664	132	11	20	23854.643
0.785398	2.115563	0.685730	118	143	134	23852.434
1.308997	2.001437	0.381215	141	7	23	23851.836
2.617994	1.014500	0.906702	30	16	124	23851.621
1.047198	0.571433	-1.188419	2	140	6	23850.797
-0.785398	1.732874	-0.951685	2	17	2	23850.635
-2.094395	1.135813	-2.658866	126	0	1	23848.137
-2.094395	2.138223	1.678323	136	143	135	23847.715
-1.308997	2.073035	2.027405	140	139	136	23845.219
2.879793	1.606104	-0.451151	35	11	8	23843.254
-2.617994	1.998705	2.370472	2	1	129	23843.100
-2.094395	2.456751	-1.503343	3	22	9	23840.797
0.785398	2.174483	2.653697	29	23	136	23840.523
1.570796	1.014500	0.906702	0	143	135	23839.371
-3.141593	2.247462	0.191623	32	11	136	23837.936
0.523599	2.404280	-0.174044	9	10	4	23833.871
-2.356194	0.297065	2.160177	4	17	6	23831.707
-3.141593	1.374601	-2.456031	122	16	11	23831.320
-2.617994	1.683268	0.374177	28	22	131	23828.568
-1.570796	1.617114	-1.572037	128	7	28	23825.250
-3.141593	0.831641	0.616218	30	20	136	23824.852
-2.879793	2.174483	2.653697	117	4	142	23822.996
-3.141593	0.615174	-0.666022	1	135	19	23818.391
1.832596	0.203748	0.590255	1	130	15	23817.459
0.523599	0.762244	-0.273349	5	4	3	23816.477
-0.523599	2.379497	0.561089	121	13	0	23813.211
2.356194	2.104282	-0.813972	30	10	9	23809.061
2.094395	2.407836	1.410646	120	143	137	23807.129
-1.047198	1.256302	0.062705	143	30	136	23799.336
-1.832596	0.571433	-1.188419	4	140	136	23798.910
-1.047198	1.756530	-2.105156	14	141	16	23795.693
1.570796	0.418037	1.360082	2	141	3	23795.021
1.047198	1.135834	-1.431087	121	139	29	23788.732
-0.785398	1.554776	0.100351	143	28	2	23784.492
-0.523599	1.756530	-2.105156	18	1	16	23781.875
2.094395	1.554776	0.100351	4	133	7	23781.672
-1.570796	1.391910	3.030322	5	136	138	23778.770
1.308997	2.579248	-2.364801	31	24	142	23778.486
-3.141593	0.961715	0.014085	36	17	141	23778.395
0.523599	1.194549	-0.801900	6	3	6	23776.879
-0.261799	0.370812	-2.547742	31	14	0	23775.346
2.356194	0.866955	-0.931351	141	140	139	23772.256
0.523599	1.367556	0.358405	6	142	134	23771.383
0.523599	1.134796	2.434290	0	141	2	23767.965
1.047198	1.699788	2.452890	27	26	133	23764.867
-1.047198	2.984978	1.954446	3	5	0	23764.791
0.261799	0.458961	-0.107937	1	5	8	23763.918
-2.356194	2.251330	-2.330739	138	136	143	23761.312
-2.879793	1.413430	2.550734	115	6	143	23758.916
-2.356194	2.174483	2.653697	4	138	135	23750.465
2.356194	1.413347	-1.339188	124	8	142	23739.139
0.261799	0.910508	1.903534	0	7	119	23738.025
-0.785398	2.153910	-1.714959	142	4	0	23735.197
-3.141593	1.554776	0.100351	36	17	140	23726.195
-2.617994	2.356369	3.005869	117	3	3	23723.375
-1.047198	1.721184	-0.153948	7	28	4	23721.078
2.094395	0.370812	-2.547742	116	5	17	23719.738
2.617994	2.041297	-2.664597	141	137	142	23712.535
-1.570796	0.080730	-2.622036	4	139	132	23708.223
-0.261799	2.724429	-0.348782	115	3	2	23707.926
-0.523599	2.719179	-1.780644	0	0	142	23707.121
2.094395	1.977582	0.969896	138	140	137	23704.289
0.523599	1.998705	2.370472	142	23	119	23701.922
1.047198	1.756530	-2.105156	142	142	26	23700.668
2.094395	2.153910	-1.714959	143	16	15	23699.559
0.000000	2.247462	0.191623	113	139	8	23692.508
1.570796	1.301460	-0.509251	20	139	6	23690.316
-0.523599	0.831641	0.616218	3	10	140	23688.080
1.308997	0.866955	-0.931351	142	1	2	23687.930
-1.832596	0.733948	3.021411	128	140	135	23685.004
0.261799	1.982574	-1.115518	136	4	142	23681.949
1.047198	2.349581	-2.702517	33	19	10	23674.299
-1.832596	2.396274	-1.959260	0	11	140	23671.953
-0.785398	1.824694	1.850876	1	24	11	23670.957
-1.570796	1.736875	3.023612	16	137	142	23669.482
-1.047198	0.674054	1.013609	142	9	138	23668.410
-2.617994	1.134796	2.434290	141	143	132	23666.621
-0.261799	1.617114	-1.572037	5	14	6	23665.285
-1.047198	1.606104	-0.451151	5	25	4	23663.715
-1.308997	0.700570	1.559208	0	8	126	23663.156
-1.832596	2.592629	0.909713	3	3	139	23660.895
-0.785398	2.343981	-1.040456	143	12	2	23660.641
0.261799	2.033014	2.977192	3	143	10	23659.447
0.000000	2.984978	1.954446	143	23	2	23658.305
-0.523599	0.496451	0.593859	1	11	132	23651.988
-1.570796	1.413347	-1.339188	129	3	28	23650.414
2.094395	1.545873	-1.877082	131	5	142	23647.965
-0.785398	1.948085	-2.363031	19	139	14	23630.736
2.356194	0.961715	0.014085	3	129	8	23630.273
2.879793	2.404280	-0.174044	33	13	139	23629.098
1.308997	2.138223	1.678323	129	2	138	23625.654
-1.570796	1.214854	-1.966664	6	4	121	23624.621
2.356194	2.180315	-1.357379	1	8	19	23623.176
-1.832596	1.025536	1.576859	3	5	136	23622.184
-2.356194	2.247462	0.191623	2	10	1	23621.764
-0.261799	2.063651	-2.044600	128	142	136	23619.955
0.785398	2.393226	1.857173	132	18	139	23617.781
-1.047198	1.184361	0.625864	117	3	3	23613.371
1.047198	1.050534	3.042579	29	24	4	23612.244
-0.523599	2.404280	-0.174044	114	142	11	23611.867
-2.879793	2.478122	2.609777	143	1	135	23608.246
-2.356194	0.419640	2.974122	121	141	136	23606.854
-2.879793	2.455966	-0.641220	8	14	12	23605.723
-0.523599	1.809167	1.213774	125	3	138	23602.891
-0.261799	1.256302	0.062705	143	7	130	23602.061
1.047198	1.875281	0.107086	0	2	127	23601.793
0.523599	0.992645	-1.723759	136	23	9	23596.451
0.000000	0.960688	-0.577532	116	13	142	23587.453
2.617994	1.721184	-0.153948	38	9	9	23584.545
0.523599	1.721184	-0.153948	3	16	11	23578.613
-2.879793	1.721184	-0.153948	0	10	9	23576.086
-1.308997	1.599406	1.426070	11	13	117	23575.578
-0.261799	0.640596	-2.797608	143	5	129	23572.441
0.261799	0.960688	-0.577532	4	3	8	23568.242
0.785398	0.914445	2.687814	1	1	7	23561.379
-2.879793	1.870545	-2.976234	0	14	5	23559.717
0.523599	1.809167	1.213774	11	9	122	23554.070
-1.570796	0.290380	-0.796960	9	138	139	23552.879
1.832596	2.407836	1.410646	119	2	138	23551.457
2.617994	0.370812	-2.547742	4	0	9	23551.363
-2.617994	2.115563	0.685730	2	7	142	23550.496
-1.047198	1.824694	1.850876	21	7	119	23549.461
2.356194	1.113094	-0.272241	32	142	3	23546.789
-2.356194	2.295480	1.008277	27	12	123	23545.129
1.832596	1.045978	0.343692	3	140	136	23543.736
-1.832596	1.218453	2.777284	0	141	133	23543.520
-1.570796	1.301460	-0.509251	134	27	7	23543.480
1.308997	0.619654	-2.216909	127	11	20	23540.818
-2.879793	1.135813	-2.658866	140	6	0	23539.404
-1.308997	1.310100	1.488307	8	12	119	23538.502
2.617994	2.349581	-2.702517	7	30	5	23533.703
2.879793	1.113094	-0.272241	4	4	3	23533.143
0.785398	1.195355	1.200319	139	4	127	23531.578
0.000000	1.875281	0.107086	114	7	142	23529.838
-1.570796	1.325504	-1.671296	128	141	29	23527.797
-0.523599	1.982574	-1.115518	1	4	13	23527.141
-1.047198	0.762244	-0.273349	6	28	143	23524.793
1.047198	1.812176	0.656819	125	141	134	23524.387
-2.356194	1.135834	-1.431087	136	141	28	23523.906
0.785398	0.709924	0.218797	141	27	140	23520.703
0.523599	2.356369	3.005869	33	13	135	23518.945
-0.523599	1.367556	0.358405	1	15	133	23517.887
-3.141593	1.812176	0.656819	141	143	135	23516.604
-0.785398	0.418037	1.360082	2	3	130	23511.559
-1.047198	0.591903	2.010408	6	139	141	23506.707
0.523599	0.458961	-0.107937	4	2	9	23506.664
0.261799	0.700570	1.559208	2	5	124	23499.656
-1.047198	1.045978	0.343692	114	10	6	23498.395
1.570796	2.108018	1.311430	123	140	135	23498.291
-0.523599	1.335669	0.897240	7	13	118	23497.992
0.000000	1.113094	-0.272241	115	10	136	23495.039
-2.879793	2.404280	-0.174044	30	17	139	23494.844
1.308997	1.569311	-3.003978	139	28	140	23491.660
0.523599	1.756530	-2.105156	142	138	24	23491.543
2.879793	2.455966	-0.641220	32	19	138	23484.928
1.832596	1.113094	-0.272241	24	136	3	23477.553
1.570796	1.413430	2.550734	129	142	143	23474.418
-3.141593	2.187132	-0.479875	35	18	1	23474.309
0.523599	1.766067	2.153843	0	2	143	23471.094
-1.570796	0.203748	0.590255	2	27	137	23470.111
0.000000	1.545873	-1.877082	139	15	11	23469.125
-0.785398	0.458961	-0.107937	0	27	141	23467.906
0.523599	2.174483	2.653697	31	19	133	23466.508
0.785398	2.704512	1.488683	120	14	1	23466.203
2.356194	1.417623	-0.202254	8	136	13	23466.039
0.000000	1.982574	-1.115518	0	8	143	23464.455
-1.308997	1.554776	0.100351	10	32	2	23464.400
2.879793	0.571433	-1.188419	1	142	141	23464.377
0.785398	1.869911	2.701025	141	25	121	23461.443
-0.523599	2.349581	-2.702517	26	135	1	23459.883
-1.570796	2.719179	-1.780644	3	2	141	23458.045
-0.261799	2.637879	2.121598	143	11	1	23454.730
0.523599	0.615174	-0.666022	3	8	7	23454.570
-3.141593	0.674054	1.013609	22	33	132	23450.232
-1.308997	2.041297	-2.664597	10	136	5	23449.117
-2.617994	1.766067	2.153843	0	2	127	23447.287
-2.356194	1.721184	-0.153948	140	2	14	23442.352
1.832596	2.579248	-2.364801	29	29	7	23440.572
-1.308997	1.662363	0.915448	10	22	121	23437.291
2.879793	2.180315	-1.357379	3	9	21	23431.207
-0.261799	0.850607	-1.335383	3	27	6	23428.475
-2.617994	1.721184	-0.153948	143	1	16	23426.934
-1.832596	1.391910	3.030322	10	136	141	23426.439
-2.617994	1.448123	-2.163292	128	0	26	23425.457
0.785398	2.295480	1.008277	119	4	142	23424.686
1.047198	1.977582	0.969896	121	0	138	23421.807
-1.570796	0.850607	-1.335383	1	5	129	23420.934
0.261799	1.683268	0.374177	4	20	142	23420.293
-2.356194	1.756530	-2.105156	129	137	136	23420.125
-0.785398	1.699788	2.452890	142	129	2	23417.898
0.523599	2.349581	-2.702517	34	5	5	23416.527
-2.617994	0.910508	1.903534	0	8	132	23415.547
0.261799	2.295480	1.008277	118	6	141	23415.287
-0.785398	1.367556	0.358405	114	4	6	23414.268
0.523599	0.591903	2.010408	6	6	125	23410.604
1.047198	2.001437	0.381215	122	141	137	23410.152
1.308997	0.203748	0.590255	4	139	133	23410.107
-2.879793	1.948085	-2.363031	5	139	131	23410.021
1.308997	2.760637	2.781135	138	22	4	23409.986
-3.141593	2.979456	-1.009304	5	26	9	23409.840
2.879793	1.335669	0.897240	26	14	125	23409.811
-1.047198	2.393226	1.857173	25	14	120	23408.492
0.785398	0.591903	2.010408	4	0	4	23408.275
0.785398	2.719179	-1.780644	0	131	15	23407.906
0.785398	1.256302	0.062705	142	23	10	23407.496
2.356194	1.658653	-2.409879	10	27	6	23401.482
2.617994	1.417623	-0.202254	3	2	5	23400.896
2.094395	1.741644	-2.695914	11	30	9	23400.713
-0.523599	1.391910	3.030322	2	8	138	23399.062
-0.523599	1.545873	-1.877082	17	6	12	23399.061
1.832596	0.866955	-0.931351	132	6	1	23398.863
1.308997	2.153910	-1.714959	0	142	22	23398.770
-2.879793	1.554776	0.100351	0	13	4	23398.516
-1.308997	1.982574	-1.115518	7	16	11	23398.062
-2.879793	2.187132	-0.479875	0	9	13	23394.758
1.308997	1.433411	-1.035986	130	3	1	23394.105
1.570796	2.073035	2.027405	129	5	138	23390.201
-1.570796	1.870545	-2.976234	14	132	6	23385.637
0.000000	0.831641	0.616218	1	0	136	23383.273
-1.832596	1.569311	-3.003978	10	136	142	23381.375
-0.523599	1.045978	0.343692	138	19	134	23379.143
1.570796	1.599406	1.426070	128	140	135	23378.012
-2.617994	1.256302	0.062705	33	24	139	23374.762
-1.570796	0.618092	2.539118	128	142	132	23373.934
-0.261799	1.574060	2.783565	140	13	140	23368.408
1.308997	1.909857	-0.381669	16	133	2	23368.402
2.617994	1.325504	-1.671296	130	142	139	23364.906
1.047198	1.168678	2.108595	140	14	112	23363.977
-2.879793	0.992645	-1.723759	119	4	143	23362.256
0.261799	0.864993	2.278281	3	9	126	23357.797
1.308997	0.700570	1.559208	35	7	132	23357.670
2.094395	2.164094	-2.991358	12	34	6	23353.504
2.356194	1.242974	-2.977882	124	25	6	23352.688
-0.785398	1.909857	-0.381669	140	21	3	23350.105
2.356194	1.450119	-2.739050	8	25	4	23348.057
1.832596	2.138223	1.678323	123	1	138	23344.496
1.047198	1.194549	-0.801900	143	2	143	23343.070
-2.356194	2.863997	0.549740	31	15	128	23340.162
0.261799	2.073035	2.027405	4	8	143	23338.760
0.261799	1.391910	3.030322	6	11	5	23333.811
-0.785398	1.417623	-0.202254	1	26	0	23332.182
-0.261799	2.001437	0.381215	118	14	138	23331.717
-1.570796	0.914445	2.687814	133	140	135	23330.568
2.094395	1.325504	-1.671296	129	3	140	23328.846
-0.523599	2.455966	-0.641220	113	138	18	23327.129
0.785398	2.356369	3.005869	33	23	143	23322.443
-0.785398	1.450119	-2.739050	3	2	142	23320.879
2.356194	1.045978	0.343692	3	143	143	23320.410
2.617994	1.809167	1.213774	136	137	136	23319.965
-2.879793	1.741644	-2.695914	120	9	14	23317.172
1.570796	0.866955	-0.931351	0	10	1	23316.193
-1.308997	1.699788	2.452890	17	141	136	23310.406
2.879793	1.014500	0.906702	29	18	130	23308.662
-1.047198	1.809167	1.213774	124	6	24	23308.271
0.785398	1.870545	-2.976234	35	24	143	23306.721
2.617994	2.724429	-0.348782	32	11	135	23304.055
-1.570796	1.135834	-1.431087	12	140	130	23303.988
-0.785398	1.904882	-1.478089	10	6	8	23303.717
2.356194	1.554776	0.100351	3	143	1	23302.996
-2.617994	1.335669	0.897240	11	140	10	23302.500
-3.141593	1.569311	-3.003978	5	7	4	23302.369
-1.832596	2.393226	1.857173	139	140	138	23297.252
1.047198	1.606104	-0.451151	143	28	3	23297.166
-0.785398	1.545873	-1.877082	17	8	16	23295.082
1.570796	1.545873	-1.877082	137	4	29	23294.480
1.047198	1.869911	2.701025	1	23	143	23285.664
0.785398	0.297065	2.160177	34	9	137	23285.072
0.261799	1.050534	3.042579	2	141	12	23284.688
1.570796	1.335669	0.897240	139	129	136	23284.625
0.523599	1.325504	-1.671296	133	18	10	23282.301
-2.356194	1.506530	1.988858	13	2	134	23276.404
-2.356194	1.555207	1.708892	123	0	137	23275.732
-2.617994	1.909857	-0.381669	5	9	8	23268.004
-1.047198	2.033014	2.977192	23	134	139	23264.953
1.047198	2.089241	-0.114193	139	14	16	23263.338
-1.570796	2.033014	2.977192	12	139	0	23261.717
-0.523599	1.662363	0.915448	122	143	142	23259.746
2.094395	0.899350	-2.069907	119	15	3	23256.410
-0.785398	1.721184	-0.153948	3	26	7	23255.492
1.308997	2.299159	2.264663	133	21	143	23255.020
-1.308997	0.458961	-0.107937	10	25	143	23254.629
2.617994	0.674054	1.013609	30	20	128	23254.217
2.356194	1.256302	0.062705	5	139	142	23253.979
1.832596	2.979456	-1.009304	31	7	138	23252.602
-0.261799	0.615174	-0.666022	2	25	142	23249.279
-3.141593	1.413430	2.550734	1	14	3	23247.123
-2.094395	1.617114	-1.572037	130	0	30	23241.943
0.785398	0.700570	1.559208	1	8	122	23233.953
-2.356194	1.050534	3.042579	137	4	135	23233.762
0.000000	0.685216	-1.712745	5	25	4	23233.646
0.000000	1.998705	2.370472	31	8	128	23230.984
-2.617994	0.619654	-2.216909	129	2	143	23227.492
0.261799	1.736875	3.023612	8	15	2	23220.479
-0.261799	2.349581	-2.702517	29	139	5	23218.836
2.617994	2.664082	-1.071402	33	22	140	23216.898
2.617994	1.545873	-1.877082	129	142	140	23216.191
-1.308997	1.904882	-1.478089	6	12	8	23211.004
2.094395	2.637879	2.121598	3	13	131	23207.342
-2.094395	1.870545	-2.976234	5	138	5	23206.771
0.523599	0.618092	2.539118	7	5	7	23205.426
1.832596	1.766067	2.153843	16	21	122	23205.000
-2.356194	0.961715	0.014085	9	131	6	23203.691
-2.617994	1.741644	-2.695914	2	6	3	23202.230
2.094395	1.448123	-2.163292	13	18	13	23201.656
-0.523599	1.310100	1.488307	127	0	133	23200.188
0.523599	1.732874	-0.951685	143	139	2	23196.271
0.523599	0.914445	2.687814	0	141	12	23195.248
2.617994	1.113094	-0.272241	2	3	3	23194.965
1.570796	1.812176	0.656819	133	134	137	23192.379
-0.523599	1.617114	-1.572037	25	7	125	23191.158
1.832596	2.104282	-0.813972	31	143	10	23186.182
0.000000	1.242974	-2.977882	4	13	138	23185.576
-1.047198	2.104282	-0.813972	4	21	17	23182.543
2.094395	1.510910	-0.740472	118	5	7	23180.129
1.047198	1.846342	-1.796954	140	1	28	23171.662
-2.879793	1.998705	2.370472	118	142	140	23167.963
0.261799	1.242974	-2.977882	0	141	15	23165.535
0.261799	0.591903	2.010408	2	7	123	23165.533
-1.832596	1.194549	-0.801900	140	22	12	23165.059
1.047198	2.299159	2.264663	140	20	2	23164.574
-1.308997	2.138223	1.678323	8	18	16	23164.008
-1.570796	1.433411	-1.035986	14	25	6	23162.465
1.570796	2.180315	-1.357379	0	135	21	23160.146
-2.617994	1.756530	-2.105156	3	19	9	23159.223
2.617994	0.762244	-0.273349	7	138	3	23158.146
2.356194	1.184361	0.625864	31	4	129	23157.916
-2.356194	1.134497	-1.109631	4	1	131	23157.160
1.570796	2.033014	2.977192	135	22	9	23154.064
-2.094395	0.960688	-0.577532	0	21	12	23153.715
1.047198	1.721184	-0.153948	0	21	7	23153.422
2.879793	2.984978	1.954446	142	3	7	23145.010
-3.141593	2.251330	-2.330739	123	20	16	23143.660
1.047198	1.569311	-3.003978	9	30	1	23140.488
-2.617994	1.836682	-0.676006	137	1	22	23138.814
-2.356194	1.504028	0.636812	10	143	12	23134.613
-2.094395	0.297065	2.160177	6	10	7	23131.834
0.261799	1.413430	2.550734	1	141	3	23129.637
-1.308997	2.704512	1.488683	29	15	132	23129.609
-1.570796	1.574060	2.783565	13	138	133	23129.082
2.879793	0.370812	-2.547742	118	4	12	23128.289
2.356194	0.297065	2.160177	18	33	137	23127.750
1.047198	1.909857	-0.381669	141	25	6	23125.906
-0.523599	1.836682	-0.676006	141	16	9	23123.195
-1.832596	1.756530	-2.105156	10	9	23	23121.650
-1.570796	1.218453	2.777284	0	143	132	23121.461
1.832596	2.396274	-1.959260	30	20	16	23112.500
1.308997	2.089241	-0.114193	135	16	14	23112.406
1.832596	1.417623	-0.202254	26	136	2	23108.373
-2.094395	2.153910	-1.714959	3	17	9	23104.633
0.000000	1.574060	2.783565	32	10	131	23102.014
-0.523599	2.588535	-2.976617	2	28	134	23100.102
0.000000	2.089241	-0.114193	113	1	8	23100.061
0.523599	2.001437	0.381215	116	1	136	23095.633
-1.832596	0.290380	-0.796960	6	135	137	23095.072
2.356194	1.545873	-1.877082	128	143	140	23088.822
-2.356194	1.904882	-1.478089	7	26	7	23087.492
2.356194	2.041297	-2.664597	10	31	8	23082.535
0.261799	1.135813	-2.658866	1	143	19	23082.510
0.261799	1.488617	1.159546	132	135	134	23081.332
-0.261799	2.404280	-0.174044	113	3	9	23081.184
-0.261799	2.881233	-2.582574	29	132	141	23077.670
-1.308997	1.824694	1.850876	19	7	117	23077.090
-0.523599	2.247462	0.191623	120	14	2	23075.986
2.094395	1.335669	0.897240	1	140	129	23075.262
2.356194	0.203748	0.590255	33	10	137	23075.133
0.785398	1.977582	0.969896	118	1	137	23074.830
-0.261799	2.356369	3.005869	31	143	143	23073.068
1.308997	1.301460	-0.509251	14	137	9	23072.258
-1.308997	0.733948	3.021411	132	140	130	23059.582
2.617994	0.709924	0.218797	7	5	2	23057.174
-1.047198	1.413347	-1.339188	130	8	28	23054.580
1.570796	1.683268	0.374177	133	131	137	23049.168
1.047198	2.719179	-1.780644	31	8	137	23048.463
0.523599	0.906588	1.252948	133	129	139	23048.195
0.785398	1.998705	2.370472	143	21	141	23047.609
2.356194	2.984978	1.954446	3	6	1	23046.488
-2.879793	2.251330	-2.330739	0	21	10	23042.273
0.785398	1.662363	0.915448	122	135	138	23041.289
-0.785398	0.831641	0.616218	4	17	1	23038.273
-3.141593	1.184361	0.625864	29	18	129	23035.539
0.261799	1.194549	-0.801900	5	2	142	23035.475
-1.308997	0.831641	0.616218	1	12	142	23033.367
-2.617994	0.370812	-2.547742	126	0	136	23033.012
2.356194	1.504028	0.636812	27	2	128	23032.273
0.523599	0.685216	-1.712745	135	23	2	23026.305
2.879793	2.349581	-2.702517	3	29	4	23025.977
2.356194	1.510910	-0.740472	143	0	13	23025.301
1.832596	0.992645	-1.723759	122	11	5	23024.674
0.523599	1.977582	0.969896	8	9	121	23022.982
2.617994	1.904882	-1.478089	2	3	20	23022.949
2.094395	1.014500	0.906702	30	7	129	23020.910
1.047198	0.992645	-1.723759	122	14	7	23018.473
-0.785398	2.174483	2.653697	3	143	130	23017.975
-2.356194	1.242974	-2.977882	1	9	1	23016.660
-1.832596	2.180315	-1.357379	122	4	23	23016.473
2.617994	2.588535	-2.976617	143	136	4	23016.297
0.523599	1.014500	0.906702	130	130	141	23016.080
-2.879793	1.662363	0.915448	25	18	129	23013.621
-0.523599	0.674054	1.013609	143	4	131	23012.369
-2.879793	0.290380	-0.796960	143	133	18	23008.973
-0.261799	1.194549	-0.801900	143	26	5	23007.871
2.617994	0.866395	-2.492918	3	14	2	23005.656
0.261799	1.870545	-2.976234	7	11	139	23004.852
-2.879793	0.297065	2.160177	117	7	11	23003.842
1.308997	2.881233	-2.582574	30	25	143	23001.387
1.047198	1.014500	0.906702	139	2	132	22999.572
-2.094395	1.872854	1.543456	127	143	138	22997.410
-2.617994	2.760637	2.781135	3	0	3	22997.293
-2.356194	1.809167	1.213774	19	18	119	22993.654
-0.523599	1.574060	2.783565	140	12	142	22993.564
0.523599	2.760637	2.781135	30	24	142	22992.086
-2.094395	1.450119	-2.739050	127	141	2	22988.957
-2.617994	1.045978	0.343692	8	140	6	22981.541
-1.570796	0.992645	-1.723759	8	0	124	22978.648
-1.832596	0.496451	0.593859	122	18	3	22974.414
2.617994	1.301460	-0.509251	31	10	1	22968.848
1.570796	1.440580	2.260026	130	143	136	22967.754
-1.047198	1.440580	2.260026	18	2	121	22965.166
0.785398	1.872854	1.543456	129	1	138	22963.062
2.879793	0.619654	-2.216909	8	6	143	22960.760
-2.879793	2.089241	-0.114193	35	19	142	22959.797
2.617994	0.640596	-2.797608	114	11	14	22959.393
-2.094395	2.863997	0.549740	142	6	4	22959.027
0.523599	2.089241	-0.114193	5	17	11	22958.303
2.356194	0.458961	-0.107937	3	130	8	22954.939
1.047198	1.450119	-2.739050	9	31	1	22954.688
1.047198	1.696674	-1.253233	129	1	1	22952.264
-0.523599	1.870545	-2.976234	28	138	1	22949.070
-1.047198	0.961715	0.014085	117	10	14	22945.926
0.785398	1.504028	0.636812	123	133	140	22944.641
-3.141593	2.379497	0.561089	30	11	130	22944.264
1.308997	2.724429	-0.348782	131	16	10	22943.910
-1.047198	1.218453	2.777284	23	135	0	22943.805
-2.094395	2.247462	0.191623	142	4	140	22940.473
0.261799	0.850607	-1.335383	132	24	5	22938.082
1.832596	0.762244	-0.273349	141	140	137	22938.039
-2.094395	2.379497	0.561089	0	13	2	22935.217
1.308997	2.396274	-1.959260	143	0	20	22935.012
1.308997	2.295480	1.008277	123	143	136	22934.582
0.785398	0.640596	-2.797608	26	22	9	22930.898
2.356194	1.335669	0.897240	23	8	129	22930.270
0.000000	0.992645	-1.723759	8	23	6	22929.246
1.832596	2.760637	2.781135	125	6	12	22926.332
1.047198	1.809167	1.213774	127	135	140	22922.719
2.879793	2.164094	-2.991358	0	20	2	22922.613
-2.617994	1.218453	2.777284	138	143	137	22918.889
2.617994	1.433411	-1.035986	0	4	20	22918.555
-1.832596	1.741644	-2.695914	127	141	2	22918.082
-1.832596	1.872854	1.543456	130	143	139	22911.764
2.879793	1.741644	-2.695914	2	140	141	22909.848
-1.832596	2.138223	1.678323	21	7	117	22907.461
0.000000	1.846342	-1.796954	125	5	141	22906.244
-3.141593	1.741644	-2.695914	120	12	14	22905.355
-1.832596	0.674054	1.013609	2	25	136	22903.875
-2.356194	2.881233	-2.582574	0	1	1	22903.191
2.879793	2.041297	-2.664597	2	136	141	22899.188
0.000000	1.909857	-0.381669	112	12	134	22897.721
-0.261799	1.909857	-0.381669	116	3	10	22897.658
-1.832596	1.812176	0.656819	7	3	21	22894.580
2.356194	0.992645	-1.723759	130	0	140	22890.352
0.261799	1.335669	0.897240	130	138	138	22890.158
-1.047198	2.153910	-1.714959	11	6	13	22889.516
2.879793	1.301460	-0.509251	35	10	8	22886.912
1.570796	1.433411	-1.035986	129	6	2	22884.852
2.356194	0.831641	0.616218	34	11	132	22883.840
2.094395	1.367556	0.358405	0	128	0	22879.639
-2.094395	2.001437	0.381215	139	13	142	22875.984
-1.047198	1.025536	1.576859	7	7	122	22875.836
2.879793	0.866395	-2.492918	2	3	139	22874.736
0.000000	2.033014	2.977192	4	11	136	22874.699
1.308997	2.456751	-1.503343	0	135	18	22874.514
1.308997	1.846342	-1.796954	140	6	21	22872.371
-1.047198	1.766067	2.153843	21	5	121	22871.633
-1.047198	2.478122	2.609777	0	140	140	22868.559
1.832596	2.719179	-1.780644	4	19	0	22864.758
0.523599	1.948085	-2.363031	142	141	24	22864.273
-2.617994	0.762244	-0.273349	32	24	2	22863.838
2.879793	1.510910	-0.740472	33	12	14	22862.383
2.879793	1.325504	-1.671296	127	139	139	22862.100
-1.047198	1.214854	-1.966664	140	5	25	22860.980
-1.570796	1.824694	1.850876	13	8	115	22860.234
-1.047198	1.325504	-1.671296	131	2	27	22859.518
1.308997	2.033014	2.977192	140	25	2	22859.172
0.785398	2.588535	-2.976617	33	20	3	22857.785
0.523599	1.113094	-0.272241	5	142	11	22853.000
-2.094395	0.961715	0.014085	12	136	1	22848.148
2.356194	1.014500	0.906702	6	3	131	22847.738
0.785398	0.906588	1.252948	140	2	127	22847.645
2.356194	0.906588	1.252948	29	16	125	22844.613
0.523599	1.506530	1.988858	7	15	142	22843.838
0.000000	1.488617	1.159546	131	143	135	22843.812
0.785398	1.732874	-0.951685	0	0	140	22843.602
0.000000	1.335669	0.897240	124	131	137	22843.533
-1.308997	1.741644	-2.695914	11	1	143	22841.457
0.785398	1.982574	-1.115518	132	6	1	22840.576
-2.094395	1.982574	-1.115518	7	29	1	22836.660
-3.141593	0.496451	0.593859	30	22	131	22832.521
2.094395	1.756530	-2.105156	139	18	14	22831.447
1.047198	0.914445	2.687814	30	27	136	22828.508
0.261799	2.881233	-2.582574	30	7	135	22828.449
-0.261799	0.733948	3.021411	2	3	133	22826.783
0.261799	0.640596	-2.797608	0	6	125	22825.414
0.785398	2.033014	2.977192	33	26	140	22823.078
-0.785398	0.370812	-2.547742	0	142	129	22821.676
2.617994	0.080730	-2.622036	116	10	135	22816.629
-1.832596	1.977582	0.969896	10	17	24	22815.031
-2.356194	2.180315	-1.357379	6	28	4	22815.000
-0.261799	2.478122	2.609777	32	15	127	22813.453
-2.879793	0.379747	-1.713059	142	1	140	22810.545
-2.356194	2.153910	-1.714959	3	25	6	22809.879
-1.832596	1.617114	-1.572037	128	10	28	22809.107
-2.617994	0.496451	0.593859	14	135	0	22809.080
-1.832596	0.906588	1.252948	143	12	142	22807.045
1.047198	1.658653	-2.409879	138	6	25	22806.381
0.000000	1.870545	-2.976234	1	136	14	22800.148
-2.879793	2.063651	-2.044600	7	19	12	22798.328
-1.308997	2.379497	0.561089	132	22	0	22797.336
2.094395	0.992645	-1.723759	10	12	5	22794.012
0.785398	0.733948	3.021411	132	3	136	22792.344
-1.570796	1.413430	2.550734	14	138	137	22777.973
-2.356194	0.866955	-0.931351	1	1	135	22776.711
0.261799	2.115563	0.685730	117	7	137	22776.676
-2.617994	1.413430	2.550734	140	140	135	22776.654
-2.094395	2.073035	2.027405	13	142	125	22774.797
0.523599	2.063651	-2.044600	29	1	12	22773.992
1.832596	2.588535	-2.976617	138	20	11	22772.707
-0.785398	2.104282	-0.813972	117	8	15	22769.000
-0.785398	2.187132	-0.479875	116	12	11	22762.781
0.523599	0.419640	2.974122	2	5	11	22762.287
-1.047198	0.700570	1.559208	3	3	127	22762.027
-0.523599	1.555207	1.708892	126	23	4	22752.568
0.523599	2.379497	0.561089	114	138	2	22752.330
1.570796	1.658653	-2.409879	138	19	19	22750.055
1.047198	2.588535	-2.976617	31	26	6	22747.875
-1.308997	0.899350	-2.069907	2	5	123	22747.570
2.879793	1.218453	2.777284	1	22	0	22747.129
1.308997	2.863997	0.549740	2	143	130	22747.074
0.261799	1.574060	2.783565	34	7	136	22745.561
0.261799	2.579248	-2.364801	32	140	4	22743.418
1.570796	1.214854	-1.966664	128	6	26	22743.244
1.832596	1.554776	0.100351	24	138	140	22743.205
-0.523599	1.696674	-1.253233	5	8	14	22742.496
0.523599	2.588535	-2.976617	7	142	9	22742.453
-1.047198	2.343981	-1.040456	141	9	2	22741.695
-0.785398	1.310100	1.488307	130	18	0	22739.145
-1.308997	2.979456	-1.009304	115	1	14	22738.971
-0.785398	1.998705	2.370472	24	6	123	22738.738
1.832596	2.033014	2.977192	15	28	143	22737.645
-1.570796	1.904882	-1.478089	8	16	10	22736.686
1.308997	0.910508	1.903534	33	15	127	22736.668
-2.356194	2.478122	2.609777	4	140	133	22736.396
0.000000	1.218453	2.777284	5	6	4	22731.027
0.785398	1.569311	-3.003978	11	28	1	22730.689
1.308997	1.875281	0.107086	132	142	136	22730.324
-2.356194	1.218453	2.777284	142	143	135	22729.432
2.356194	1.214854	-1.966664	139	5	135	22728.430
1.308997	1.545873	-1.877082	135	7	23	22727.627
-1.570796	2.138223	1.678323	23	10	117	22726.023
-1.832596	1.168678	2.108595	143	6	125	22724.152
1.047198	1.128190	-2.288622	127	23	4	22723.141
1.047198	2.138223	1.678323	131	9	136	22722.537
1.308997	1.766067	2.153843	129	138	136	22712.666
-1.832596	1.506530	1.988858	4	7	118	22710.561
2.617994	0.866955	-0.931351	143	0	135	22709.967
2.356194	1.741644	-2.695914	7	28	8	22706.545
0.000000	2.760637	2.781135	143	1	6	22706.314
-0.785398	0.685216	-1.712745	4	2	134	22704.010
-0.523599	1.599406	1.426070	12	7	117	22699.652
1.047198	0.297065	2.160177	36	12	140	22698.857
2.617994	1.977582	0.969896	138	142	135	22697.273
-2.879793	1.569311	-3.003978	2	6	3	22696.812
0.261799	2.153910	-1.714959	127	0	141	22696.152
1.047198	1.872854	1.543456	132	5	138	22695.707
2.879793	1.982574	-1.115518	0	14	137	22691.084
-1.570796	0.762244	-0.273349	15	31	9	22688.492
1.047198	1.545873	-1.877082	134	3	28	22688.078
2.879793	2.579248	-2.364801	7	26	4	22687.287
-2.094395	0.618092	2.539118	137	2	132	22681.430
1.308997	1.256302	0.062705	128	5	25	22681.047
-1.047198	1.374601	-2.456031	9	14	118	22679.055
2.094395	1.872854	1.543456	129	142	135	22676.893
-2.617994	2.247462	0.191623	0	9	8	22675.984
-0.785398	0.899350	-2.069907	137	0	24	22672.889
-3.141593	0.080730	-2.622036	3	4	10	22668.031
-2.879793	1.050534	3.042579	5	4	2	22666.695
1.570796	1.741644	-2.695914	137	29	4	22663.014
-2.879793	1.325504	-1.671296	134	0	28	22661.055
2.879793	1.732874	-0.951685	30	16	2	22658.066
0.261799	2.478122	2.609777	8	20	2	22656.820
1.047198	1.247695	1.809890	3	4	2	22649.260
-3.141593	0.700570	1.559208	5	31	126	22648.730
-1.308997	2.299159	2.264663	142	141	136	22648.125
-0.523599	2.041297	-2.664597	6	24	120	22643.215
-2.094395	1.846342	-1.796954	128	8	25	22639.984
2.094395	2.356369	3.005869	9	25	137	22639.793
-3.141593	2.455966	-0.641220	32	20	4	22638.375
1.570796	2.587733	0.232235	133	1	21	22637.607
-2.617994	2.063651	-2.044600	2	23	6	22635.520
-1.570796	2.455966	-0.641220	120	11	17	22634.691
0.523599	1.658653	-2.409879	141	141	22	22631.541
0.523599	0.290380	-0.796960	143	8	9	22631.082
-0.261799	2.588535	-2.976617	32	140	143	22629.680
0.000000	0.700570	1.559208	2	3	128	22626.934
-0.523599	1.374601	-2.456031	2	8	143	22626.846
-0.523599	1.721184	-0.153948	114	14	5	22625.422
0.261799	2.637879	2.121598	0	23	1	22624.918
2.617994	1.658653	-2.409879	2	0	131	22623.303
-0.785398	0.700570	1.559208	5	141	132	22623.270
2.879793	0.762244	-0.273349	33	9	6	22623.066
0.523599	1.247695	1.809890	142	14	119	22616.518
2.356194	0.418037	1.360082	34	24	132	22615.254
-2.356194	2.073035	2.027405	129	139	131	22614.801
2.094395	2.033014	2.977192	10	27	141	22612.047
2.094395	2.881233	-2.582574	141	25	7	22611.836
2.094395	1.555207	1.708892	132	5	134	22611.799
1.308997	0.914445	2.687814	28	23	138	22610.611
-1.047198	2.579248	-2.364801	8	137	142	22610.443
0.523599	2.299159	2.264663	4	24	143	22610.186
2.617994	2.089241	-0.114193	37	9	2	22608.135
2.356194	1.367556	0.358405	9	140	5	22606.348
-1.308997	0.864993	2.278281	132	0	133	22605.805
0.785398	2.138223	1.678323	129	5	143	22605.373
1.047198	0.831641	0.616218	1	3	136	22601.355
-2.617994	2.478122	2.609777	119	140	142	22601.305
-1.832596	2.073035	2.027405	16	3	117	22599.148
0.785398	2.108018	1.311430	125	142	140	22597.504
1.047198	2.174483	2.653697	142	21	7	22595.742
2.094395	1.569311	-3.003978	126	28	9	22594.010
-2.879793	2.396274	-1.959260	7	22	8	22592.213
-1.832596	1.869911	2.701025	10	138	140	22589.762
1.570796	1.195355	1.200319	28	5	124	22586.240
-2.879793	2.299159	2.264663	142	0	123	22585.541
-0.261799	1.998705	2.370472	31	6	126	22585.457
0.261799	2.356369	3.005869	1	2	10	22583.715
0.261799	1.128190	-2.288622	138	0	24	22582.609
-3.141593	1.242974	-2.977882	5	7	3	22582.191
-0.523599	0.866395	-2.492918	1	8	141	22580.105
2.356194	1.488617	1.159546	137	142	133	22577.137
-0.261799	0.419640	2.974122	142	6	129	22573.344
-0.523599	1.909857	-0.381669	138	23	3	22571.787
2.617994	1.367556	0.358405	4	143	142	22571.141
2.094395	2.592629	0.909713	10	139	128	22570.949
-2.879793	1.440580	2.260026	118	6	0	22568.779
0.000000	1.766067	2.153843	116	5	11	22567.990
-0.261799	2.174483	2.653697	120	17	141	22566.748
-0.261799	1.809167	1.213774	13	15	119	22565.645
-1.570796	2.108018	1.311430	7	20	20	22563.049
-2.094395	1.555207	1.708892	122	141	138	22563.047
-0.523599	1.214854	-1.966664	132	0	28	22560.766
-2.356194	2.115563	0.685730	4	14	0	22560.223
-0.261799	1.555207	1.708892	121	17	5	22560.055
0.523599	1.335669	0.897240	129	131	138	22557.541
-1.570796	1.025536	1.576859	1	12	122	22556.145
-1.047198	2.187132	-0.479875	2	20	4	22551.266
1.047198	1.134796	2.434290	121	0	136	22550.488
-2.617994	0.899350	-2.069907	127	6	140	22549.820
-1.047198	2.138223	1.678323	142	19	19	22549.738
0.261799	0.618092	2.539118	6	3	7	22547.961
2.617994	1.488617	1.159546	23	11	124	22546.832
-2.094395	2.180315	-1.357379	4	26	4	22546.766
2.879793	0.685216	-1.712745	122	0	4	22544.586
2.879793	1.448123	-2.163292	141	3	135	22543.721
-0.785398	0.906588	1.252948	6	7	123	22543.674
-1.570796	0.685216	-1.712745	0	2	126	22543.244
0.523599	1.450119	-2.739050	0	0	18	22541.781
-1.047198	2.041297	-2.664597	131	143	2	22541.168
-3.141593	1.504028	0.636812	28	20	131	22537.250
-2.617994	1.846342	-1.796954	9	16	17	22536.367
-0.785398	2.089241	-0.114193	118	15	8	22529.012
-1.047198	2.637879	2.121598	30	11	123	22528.314
1.832596	2.456751	-1.503343	3	6	128	22527.668
-1.047198	0.910508	1.903534	9	0	123	22524.418
1.308997	0.709924	0.218797	143	143	132	22521.250
1.570796	0.379747	-1.713059	111	12	137	22513.498
1.308997	1.948085	-2.363031	30	22	9	22511.688
1.832596	1.948085	-2.363031	135	15	18	22509.117
-2.879793	2.979456	-1.009304	0	24	11	22506.629
2.094395	0.866955	-0.931351	124	6	5	22505.387
2.094395	2.251330	-2.330739	139	24	11	22502.820
-0.261799	2.299159	2.264663	1	141	5	22497.279
-1.832596	1.699788	2.452890	8	139	132	22495.182
-2.617994	0.733948	3.021411	1	0	7	22492.537
2.356194	1.606104	-0.451151	34	5	5	22489.916
-1.308997	1.194549	-0.801900	12	20	143	22487.883
2.356194	2.153910	-1.714959	2	7	20	22485.787
2.356194	1.904882	-1.478089	138	12	20	22484.346
2.094395	1.809167	1.213774	138	138	134	22483.871
-2.356194	1.194549	-0.801900	0	141	139	22481.984
1.832596	1.450119	-2.739050	129	28	3	22481.412
0.785398	2.247462	0.191623	6	5	20	22479.496
-3.141593	1.662363	0.915448	26	11	126	22476.369
0.523599	1.606104	-0.451151	120	5	139	22476.188
1.832596	0.619654	-2.216909	115	2	21	22475.693
2.879793	0.080730	-2.622036	119	9	140	22473.924
1.570796	1.736875	3.023612	22	32	134	22472.039
-2.879793	2.588535	-2.976617	5	11	143	22467.793
-2.356194	1.113094	-0.272241	32	25	143	22467.346
2.617994	1.510910	-0.740472	2	3	13	22467.273
1.047198	0.619654	-2.216909	130	17	21	22465.758
-1.832596	1.440580	2.260026	128	142	132	22465.516
-2.094395	1.683268	0.374177	2	0	17	22465.250
-2.617994	1.574060	2.783565	0	141	134	22464.502
2.094395	1.836682	-0.676006	2	139	15	22463.271
2.617994	2.719179	-1.780644	24	31	140	22459.340
-0.523599	0.906588	1.252948	5	3	122	22459.262
-0.261799	2.379497	0.561089	116	7	3	22458.879
0.785398	1.014500	0.906702	134	129	141	22457.848
2.094395	0.619654	-2.216909	118	10	17	22457.189
-2.617994	1.325504	-1.671296	123	143	140	22457.051
0.523599	0.700570	1.559208	27	140	127	22456.941
0.000000	1.413430	2.550734	124	14	0	22456.172
-1.832596	0.709924	0.218797	12	33	139	22452.496
-0.785398	0.618092	2.539118	137	143	127	22450.662
0.523599	2.041297	-2.664597	3	2	22	22448.742
-1.832596	2.456751	-1.503343	115	1	21	22447.084
-2.617994	1.242974	-2.977882	1	2	2	22445.326
0.000000	1.448123	-2.163292	25	10	18	22443.305
1.832596	1.721184	-0.153948	22	137	142	22443.031
-2.617994	0.685216	-1.712745	139	130	22	22440.324
1.570796	2.251330	-2.330739	30	22	2	22436.426
-0.523599	2.356369	3.005869	31	139	0	22435.824
1.047198	0.685216	-1.712745	118	17	0	22434.293
0.000000	2.041297	-2.664597	141	25	124	22434.090
0.000000	1.050534	3.042579	142	9	126	22434.082
-1.832596	1.134497	-1.109631	7	143	131	22433.473
0.261799	1.301460	-0.509251	2	0	5	22431.984
1.308997	1.574060	2.783565	138	26	123	22431.318
-2.094395	0.458961	-0.107937	11	136	143	22431.049
-2.094395	2.108018	1.311430	23	12	119	22429.238
0.261799	2.041297	-2.664597	143	137	18	22429.068
1.832596	1.977582	0.969896	129	141	139	22422.777
-0.523599	2.138223	1.678323	23	18	117	22422.600
2.356194	0.379747	-1.713059	115	6	141	22420.600
2.094395	1.870545	-2.976234	12	31	140	22419.035
-0.785398	0.297065	2.160177	2	140	131	22418.939
1.832596	2.455966	-0.641220	34	140	4	22415.727
1.570796	1.574060	2.783565	17	30	137	22415.299
2.094395	0.762244	-0.273349	143	3	142	22411.928
1.832596	2.041297	-2.664597	137	23	9	22408.352
0.000000	2.349581	-2.702517	30	142	0	22406.301
-3.141593	2.579248	-2.364801	4	26	6	22405.430
2.356194	2.979456	-1.009304	39	15	7	22404.660
0.785398	2.396274	-1.959260	34	1	1	22404.521
-2.356194	1.488617	1.159546	129	7	136	22404.104
-1.570796	2.407836	1.410646	27	11	123	22402.938
0.261799	2.588535	-2.976617	1	8	5	22402.627
1.832596	1.128190	-2.288622	126	16	20	22401.895
-0.785398	1.184361	0.625864	116	0	3	22401.105
2.617994	2.164094	-2.991358	3	133	1	22398.730
1.832596	2.343981	-1.040456	35	5	4	22396.051
0.785398	2.456751	-1.503343	26	141	9	22394.145
-0.523599	1.766067	2.153843	25	9	124	22391.506
0.000000	0.496451	0.593859	11	32	0	22381.223
-1.047198	1.134796	2.434290	140	0	130	22379.566
1.570796	1.504028	0.636812	133	135	143	22379.025
0.785398	2.349581	-2.702517	37	18	10	22376.295
-1.308997	1.872854	1.543456	10	20	16	22375.850
-2.356194	2.587733	0.232235	143	4	142	22374.533
0.261799	1.504028	0.636812	117	132	143	22371.547
1.308997	2.041297	-2.664597	1	30	6	22366.074
2.617994	2.760637	2.781135	117	2	6	22364.789
-1.308997	1.325504	-1.671296	134	4	27	22361.676
1.570796	0.458961	-0.107937	3	139	138	22361.191
-1.570796	2.393226	1.857173	25	7	120	22360.367
1.047198	0.762244	-0.273349	0	30	0	22358.617
-1.570796	2.404280	-0.174044	132	24	7	22352.812
1.570796	0.618092	2.539118	27	27	0	22351.719
-1.832596	1.662363	0.915448	128	7	142	22351.094
-2.356194	0.379747	-1.713059	139	130	19	22349.000
-0.785398	1.195355	1.200319	9	12	124	22348.611
1.308997	1.870545	-2.976234	18	32	139	22346.998
0.261799	1.214854	-1.966664	136	21	6	22345.965
2.356194	1.872854	1.543456	129	142	135	22341.889
2.356194	1.736875	3.023612	7	24	142	22341.480
-2.879793	1.168678	2.108595	0	11	135	22335.340
-0.785398	2.760637	2.781135	28	5	129	22332.668
-1.047198	1.699788	2.452890	20	2	126	22332.645
-1.570796	2.153910	-1.714959	139	140	141	22331.488
-0.523599	1.606104	-0.451151	0	16	16	22330.602
1.308997	1.510910	-0.740472	139	29	143	22327.742
2.617994	1.870545	-2.976234	121	27	140	22325.641
2.617994	2.881233	-2.582574	122	7	15	22324.066
-0.261799	0.571433	-1.188419	7	29	1	22323.867
-0.261799	1.554776	0.100351	114	3	5	22323.078
0.261799	2.760637	2.781135	38	21	3	22322.953
-0.261799	1.113094	-0.272241	114	15	135	22321.750
2.879793	1.433411	-1.035986	2	5	21	22320.426
-1.308997	1.658653	-2.409879	14	143	10	22319.984
1.570796	2.863997	0.549740	137	2	19	22319.730
0.523599	1.662363	0.915448	122	133	140	22318.445
1.308997	2.719179	-1.780644	8	4	11	22316.957
1.047198	2.251330	-2.330739	35	17	15	22316.295
2.617994	1.875281	0.107086	31	8	138	22315.742
-2.879793	2.863997	0.549740	31	9	134	22315.033
1.047198	2.587733	0.232235	5	141	132	22313.850
-0.785398	2.108018	1.311430	19	20	116	22313.254
-2.879793	0.850607	-1.335383	136	137	25	22312.207
0.785398	0.961715	0.014085	142	28	2	22311.754
-2.356194	1.391910	3.030322	143	139	135	22309.059
-0.785398	2.356369	3.005869	28	136	140	22308.527
-1.570796	0.960688	-0.577532	16	30	9	22305.318
-1.570796	1.982574	-1.115518	7	24	2	22303.816
1.308997	1.413430	2.550734	26	28	130	22303.320
0.523599	2.587733	0.232235	117	141	141	22302.895
-2.879793	1.606104	-0.451151	0	14	5	22301.230
-0.261799	1.195355	1.200319	10	5	121	22301.111
-1.308997	1.247695	1.809890	126	0	132	22300.770
1.570796	1.413347	-1.339188	130	141	142	22298.879
-1.308997	1.617114	-1.572037	130	4	26	22298.359
0.261799	0.831641	0.616218	142	29	0	22298.188
0.785398	1.812176	0.656819	121	143	133	22297.447
1.047198	1.113094	-0.272241	142	28	2	22297.375
2.617994	1.194549	-0.801900	0	141	20	22295.145
2.356194	0.850607	-1.335383	124	3	2	22293.994
-3.141593	1.440580	2.260026	2	12	134	22293.148
-1.570796	1.510910	-0.740472	11	27	8	22292.689
-1.832596	1.510910	-0.740472	137	26	11	22289.332
-1.308997	1.168678	2.108595	11	0	122	22287.574
1.047198	1.741644	-2.695914	143	25	6	22287.271
-0.523599	1.195355	1.200319	7	7	122	22287.059
-1.047198	2.664082	-1.071402	3	1	1	22285.893
-0.523599	0.203748	0.590255	0	9	10	22285.762
0.261799	1.374601	-2.456031	142	142	23	22285.285
2.094395	1.599406	1.426070	134	1	134	22285.123
2.356194	2.478122	2.609777	0	138	8	22281.812
1.570796	1.869911	2.701025	16	29	135	22280.902
-2.094395	1.391910	3.030322	0	137	139	22279.691
1.308997	2.478122	2.609777	135	24	4	22278.191
1.308997	2.984978	1.954446	114	11	2	22278.016
0.261799	2.104282	-0.813972	0	0	5	22275.996
0.000000	1.721184	-0.153948	143	11	2	22274.449
1.047198	0.418037	1.360082	4	10	124	22274.432
-1.308997	0.619654	-2.216909	27	6	4	22271.244
-3.141593	0.290380	-0.796960	1	129	17	22271.059
1.308997	0.961715	0.014085	126	6	23	22269.820
1.570796	2.089241	-0.114193	128	9	21	22268.842
1.832596	0.906588	1.252948	33	10	130	22265.734
1.570796	0.591903	2.010408	33	18	131	22265.574
-2.356194	1.977582	0.969896	9	6	9	22265.293
1.832596	0.571433	-1.188419	0	4	3	22264.561
1.570796	0.496451	0.593859	2	142	130	22264.406
1.047198	1.218453	2.777284	27	24	138	22262.646
-2.356194	1.846342	-1.796954	122	2	28	22262.076
1.047198	0.700570	1.559208	0	11	121	22260.857
-1.832596	1.310100	1.488307	123	142	139	22257.686
-2.356194	1.617114	-1.572037	125	139	136	22256.613
1.047198	1.135813	-2.658866	135	13	20	22255.783
-0.785398	2.455966	-0.641220	113	142	18	22255.469
2.356194	2.760637	2.781135	4	133	10	22251.559
-1.047198	1.741644	-2.695914	19	137	5	22251.178
-0.785398	1.135813	-2.658866	143	1	139	22249.111
-0.523599	2.637879	2.121598	0	3	141	22245.096
-0.523599	1.488617	1.159546	10	12	118	22244.104
1.832596	0.685216	-1.712745	8	13	6	22240.570
2.617994	2.478122	2.609777	6	137	13	22240.408
-1.832596	2.174483	2.653697	11	139	127	22237.059
-0.523599	0.419640	2.974122	142	128	16	22234.344
0.261799	2.404280	-0.174044	5	2	5	22234.336
-1.570796	1.998705	2.370472	19	142	121	22233.363
0.523599	1.982574	-1.115518	139	142	0	22226.480
0.000000	2.174483	2.653697	32	9	133	22224.244
0.000000	1.134796	2.434290	32	2	131	22224.195
-0.523599	1.450119	-2.739050	143	16	119	22222.682
-2.094395	0.762244	-0.273349	23	30	6	22219.977
-3.141593	1.510910	-0.740472	33	17	0	22217.590
1.047198	2.247462	0.191623	123	139	141	22217.156
1.832596	1.391910	3.030322	13	27	0	22214.535
-3.141593	0.379747	-1.713059	120	6	8	22212.664
2.617994	0.929350	-2.910676	5	12	6	22212.582
2.617994	2.251330	-2.330739	10	30	8	22212.365
-2.879793	1.812176	0.656819	5	5	6	22212.281
-1.570796	1.506530	1.988858	127	143	133	22211.992
2.356194	1.977582	0.969896	134	140	135	22211.672
-2.617994	2.299159	2.264663	123	137	135	22210.320
2.356194	0.762244	-0.273349	31	143	137	22210.150
-0.261799	2.073035	2.027405	3	16	1	22209.582
-2.094395	1.325504	-1.671296	133	140	30	22208.627
-1.308997	0.080730	-2.622036	143	129	16	22206.650
-1.832596	1.488617	1.159546	135	4	20	22204.598
-0.785398	1.325504	-1.671296	128	0	28	22204.246
1.308997	1.417623	-0.202254	16	135	3	22202.443
0.000000	1.417623	-0.202254	115	12	138	22201.789
2.617994	1.948085	-2.363031	10	26	8	22196.203
-2.356194	2.592629	0.909713	30	12	123	22194.990
2.356194	0.290380	-0.796960	139	1	137	22194.932
-0.785398	1.025536	1.576859	8	4	122	22194.350
-1.308997	1.836682	-0.676006	124	15	19	22192.936
-3.141593	0.864993	2.278281	5	14	138	22189.729
-0.261799	2.456751	-1.503343	143	10	139	22188.426
1.832596	0.640596	-2.797608	122	12	16	22188.387
-0.261799	0.866395	-2.492918	1	8	130	22188.289
-0.261799	0.906588	1.252948	8	0	124	22184.164
2.094395	1.948085	-2.363031	137	22	14	22183.469
1.570796	1.846342	-1.796954	139	2	24	22182.215
1.570796	1.025536	1.576859	32	13	127	22181.121
2.617994	2.187132	-0.479875	35	11	0	22180.172
1.308997	2.455966	-0.641220	24	135	2	22179.430
-2.617994	1.599406	1.426070	127	4	137	22178.855
0.785398	0.850607	-1.335383	120	13	2	22177.600
2.094395	1.658653	-2.409879	133	22	10	22176.188
-1.308997	1.504028	0.636812	122	7	1	22172.742
-2.617994	1.050534	3.042579	1	5	9	22172.502
-2.879793	2.295480	1.008277	25	8	122	22168.264
2.879793	1.998705	2.370472	5	17	0	22167.717
0.000000	1.247695	1.809890	118	16	142	22164.582
-1.047198	2.760637	2.781135	27	1	129	22161.887
-0.261799	0.960688	-0.577532	140	26	6	22161.248
2.617994	0.906588	1.252948	28	19	128	22160.793
2.879793	1.870545	-2.976234	119	25	140	22159.398
-1.570796	2.164094	-2.991358	6	135	1	22158.926
-2.879793	1.545873	-1.877082	121	143	140	22158.516
2.879793	0.831641	0.616218	32	18	129	22158.336
-3.141593	1.809167	1.213774	22	7	128	22157.932
-0.261799	0.961715	0.014085	0	6	135	22156.146
0.261799	2.343981	-1.040456	141	1	4	22155.000
-1.832596	1.904882	-1.478089	124	1	27	22154.385
-2.356194	1.184361	0.625864	11	140	7	22153.572
2.617994	2.180315	-1.357379	4	6	20	22153.504
-1.308997	2.478122	2.609777	142	137	141	22152.152
1.308997	1.662363	0.915448	127	140	139	22151.920
0.000000	0.733948	3.021411	2	7	126	22151.570
2.094395	2.180315	-1.357379	2	10	11	22150.762
-1.570796	1.599406	1.426070	16	14	121	22149.188
0.523599	1.872854	1.543456	17	13	115	22145.139
0.785398	0.571433	-1.188419	114	13	140	22142.029
-3.141593	1.218453	2.777284	2	11	137	22136.422
-0.523599	2.724429	-0.348782	116	10	6	22136.184
-3.141593	0.733948	3.021411	107	142	15	22135.258
0.000000	1.374601	-2.456031	143	139	23	22135.176
-2.094395	0.290380	-0.796960	2	1	132	22133.162
1.570796	2.456751	-1.503343	3	138	19	22128.318
1.832596	1.135813	-2.658866	123	14	24	22126.148
-1.570796	2.704512	1.488683	2	7	142	22122.730
-3.141593	2.138223	1.678323	138	143	131	22122.588
-2.879793	0.618092	2.539118	114	9	140	22122.020
-0.523599	0.618092	2.539118	27	137	135	22120.496
1.832596	1.870545	-2.976234	15	31	8	22118.102
0.523599	2.251330	-2.330739	1	141	21	22117.863
1.308997	1.218453	2.777284	28	27	131	22117.789
1.570796	0.899350	-2.069907	124	14	22	22115.838
1.308997	1.374601	-2.456031	136	7	23	22114.645
1.832596	0.080730	-2.622036	114	10	15	22114.271
2.356194	1.909857	-0.381669	4	135	11	22112.762
0.000000	0.418037	1.360082	13	135	0	22112.102
-1.308997	0.618092	2.539118	124	142	133	22111.748
-0.523599	1.846342	-1.796954	12	1	15	22111.182
0.523599	1.214854	-1.966664	132	21	7	22108.234
-1.047198	1.135834	-1.431087	129	2	28	22105.398
-2.094395	1.195355	1.200319	137	2	22	22104.535
-2.094395	0.640596	-2.797608	133	137	137	22103.178
-2.617994	1.214854	-1.966664	121	1	140	22102.336
-2.356194	2.089241	-0.114193	139	3	14	22099.930
-1.570796	0.831641	0.616218	5	27	126	22099.809
1.047198	2.164094	-2.991358	33	24	3	22098.955
-1.832596	1.555207	1.708892	131	136	134	22098.713
-1.570796	0.619654	-2.216909	26	4	1	22097.895
1.570796	1.506530	1.988858	128	0	2	22095.746
-2.617994	2.455966	-0.641220	142	13	10	22095.742
-1.570796	2.592629	0.909713	141	9	140	22085.342
-0.523599	1.699788	2.452890	139	15	143	22084.102
0.523599	2.724429	-0.348782	4	9	6	22081.492
0.261799	1.510910	-0.740472	5	1	6	22081.439
-2.617994	2.033014	2.977192	115	0	5	22081.236
1.570796	2.115563	0.685730	130	133	133	22078.215
-2.094395	1.194549	-0.801900	1	6	124	22078.211
2.094395	2.343981	-1.040456	36	10	9	22074.340
2.617994	2.356369	3.005869	4	135	4	22067.004
-1.047198	1.875281	0.107086	141	26	3	22065.590
0.000000	1.510910	-0.740472	2	3	142	22065.500
-3.141593	2.587733	0.232235	30	12	130	22065.219
-1.308997	2.063651	-2.044600	143	4	1	22061.340
-0.523599	0.850607	-1.335383	6	24	4	22057.635
-2.094395	2.984978	1.954446	27	136	136	22057.580
0.261799	1.948085	-2.363031	143	136	21	22057.432
2.094395	2.456751	-1.503343	2	6	17	22056.781
-1.308997	1.506530	1.988858	131	134	137	22056.160
0.000000	2.073035	2.027405	4	13	0	22055.301
-1.570796	1.242974	-2.977882	15	137	143	22054.850
2.094395	1.846342	-1.796954	141	17	18	22050.270
1.047198	2.187132	-0.479875	139	24	5	22049.924
-2.617994	1.824694	1.850876	142	10	120	22048.914
-1.308997	0.992645	-1.723759	8	0	124	22048.801
0.785398	1.683268	0.374177	123	139	138	22048.199
-1.308997	0.906588	1.252948	116	140	2	22043.836
-2.879793	2.579248	-2.364801	119	19	10	22041.525
-2.617994	1.506530	1.988858	6	13	118	22038.174
0.000000	2.138223	1.678323	18	17	119	22037.949
1.308997	1.310100	1.488307	24	12	119	22034.152
-2.356194	2.404280	-0.174044	139	3	13	22033.822
-2.356194	1.766067	2.153843	6	6	118	22033.236
-0.785398	2.299159	2.264663	29	8	122	22029.086
1.832596	2.115563	0.685730	138	7	24	22027.742
2.879793	2.343981	-1.040456	29	21	140	22024.633
-2.356194	1.545873	-1.877082	128	139	29	22024.371
0.785398	1.135834	-1.431087	127	18	8	22016.031
0.785398	2.041297	-2.664597	2	3	20	22013.049
2.094395	1.683268	0.374177	142	135	137	22009.738
-1.308997	2.153910	-1.714959	9	1	13	22009.348
0.523599	0.831641	0.616218	140	26	143	22008.992
1.308997	0.618092	2.539118	32	22	139	22008.453
2.094395	1.134497	-1.109631	126	2	2	22008.148
0.261799	1.168678	2.108595	4	17	118	22007.123
-1.308997	0.290380	-0.796960	9	142	138	22006.930
-2.094395	1.135834	-1.431087	137	142	29	22004.691
-2.617994	2.073035	2.027405	125	142	134	21999.773
1.308997	1.812176	0.656819	130	138	134	21999.268
-2.879793	2.033014	2.977192	115	7	1	21989.676
-1.047198	0.899350	-2.069907	0	4	26	21988.434
0.000000	2.478122	2.609777	32	11	132	21988.350
-2.617994	2.104282	-0.813972	134	2	23	21984.666
-1.570796	1.555207	1.708892	8	12	115	21984.320
-2.617994	0.571433	-1.188419	141	134	21	21984.301
-0.261799	1.658653	-2.409879	27	142	13	21981.059
-1.570796	1.869911	2.701025	133	138	135	21980.871
-1.308997	1.809167	1.213774	128	0	138	21979.926
2.094395	2.724429	-0.348782	31	0	137	21977.805
-1.308997	1.870545	-2.976234	15	134	4	21977.730
2.879793	1.569311	-3.003978	141	24	1	21975.863
0.000000	1.741644	-2.695914	33	2	10	21975.090
1.832596	1.606104	-0.451151	124	12	11	21971.842
1.047198	1.504028	0.636812	131	132	140	21969.725
-2.094395	0.080730	-2.622036	138	143	136	21969.279
1.570796	0.674054	1.013609	3	7	120	21968.898
0.785398	1.506530	1.988858	137	18	117	21966.059
1.832596	1.812176	0.656819	133	137	138	21965.447
-1.570796	2.637879	2.121598	29	137	134	21964.900
-1.308997	2.174483	2.653697	20	139	137	21964.023
-1.832596	1.599406	1.426070	9	18	116	21962.451
-1.047198	2.299159	2.264663	27	5	123	21961.613
-1.308997	1.736875	3.023612	18	135	140	21955.293
0.000000	1.256302	0.062705	113	134	5	21955.031
0.000000	0.914445	2.687814	32	5	135	21953.275
-0.523599	1.977582	0.969896	12	22	120	21953.234
2.094395	1.732874	-0.951685	29	4	15	21952.918
1.047198	2.295480	1.008277	119	0	137	21952.613
-0.785398	1.050534	3.042579	2	0	129	21952.508
-2.617994	1.135834	-1.431087	134	141	28	21949.486
0.523599	1.741644	-2.695914	2	143	19	21947.686
1.047198	0.899350	-2.069907	125	10	25	21944.781
1.832596	1.134497	-1.109631	132	6	0	21943.020
0.000000	1.214854	-1.966664	0	21	6	21942.250
0.523599	1.135834	-1.431087	129	18	8	21939.586
-1.308997	0.203748	0.590255	142	8	137	21939.047
0.785398	1.658653	-2.409879	143	2	24	21938.279
-2.879793	1.869911	2.701025	115	4	0	21937.988
-1.308997	1.846342	-1.796954	123	0	27	21936.941
1.570796	1.875281	0.107086	135	16	17	21935.729
1.047198	1.948085	-2.363031	143	0	20	21933.572
-1.832596	1.214854	-1.966664	132	134	30	21932.178
0.785398	0.685216	-1.712745	134	27	3	21931.223
2.356194	1.555207	1.708892	139	20	115	21930.574
0.261799	1.869911	2.701025	2	142	13	21930.363
1.832596	1.683268	0.374177	138	132	137	21928.199
0.785398	1.488617	1.159546	139	4	126	21927.039
-1.308997	2.404280	-0.174044	127	22	5	21922.373
-0.523599	1.050534	3.042579	7	137	12	21921.559
2.094395	0.203748	0.590255	34	9	0	21918.426
-1.047198	1.736875	3.023612	22	134	141	21918.336
2.879793	0.929350	-2.910676	2	17	0	21917.152
2.356194	2.404280	-0.174044	32	0	137	21914.707
1.832596	2.592629	0.909713	122	136	140	21913.551
-0.523599	0.914445	2.687814	1	1	123	21908.711
0.000000	1.683268	0.374177	113	138	3	21907.332
1.308997	1.736875	3.023612	135	31	124	21907.289
2.356194	0.640596	-2.797608	122	20	6	21906.773
1.308997	1.732874	-0.951685	130	1	0	21906.504
2.094395	0.571433	-1.188419	133	10	5	21901.840
-2.356194	2.138223	1.678323	136	136	136	21901.580
1.832596	2.295480	1.008277	120	137	139	21900.285
-2.094395	2.592629	0.909713	29	16	125	21899.158
-0.785398	0.866955	-0.931351	6	25	3	21898.770
-2.617994	2.407836	1.410646	21	6	123	21896.117
-0.785398	1.045978	0.343692	113	2	8	21893.234
-2.879793	2.349581	-2.702517	118	15	9	21890.109
1.047198	0.961715	0.014085	2	24	9	21889.305
-0.261799	2.153910	-1.714959	129	143	143	21887.725
0.523599	1.812176	0.656819	123	136	139	21887.006
-0.785398	2.587733	0.232235	119	15	6	21885.107
2.617994	1.569311	-3.003978	2	22	3	21883.410
-1.570796	1.045978	0.343692	126	27	131	21879.223
0.523599	2.881233	-2.582574	7	8	143	21878.518
2.094395	1.574060	2.783565	125	32	127	21875.266
1.308997	1.869911	2.701025	138	25	0	21870.594
1.047198	2.153910	-1.714959	143	139	21	21868.730
0.785398	1.736875	3.023612	32	22	1	21866.625
0.000000	1.504028	0.636812	114	133	2	21864.123
-0.261799	0.203748	0.590255	2	6	7	21863.900
-1.047198	1.998705	2.370472	143	141	125	21863.711
1.047198	1.982574	-1.115518	133	2	143	21863.254
2.094395	0.866395	-2.492918	122	15	15	21861.932
-2.617994	1.699788	2.452890	119	7	129	21860.854
0.000000	0.591903	2.010408	24	136	136	21860.477
-1.570796	1.741644	-2.695914	13	139	9	21856.051
-1.047198	1.545873	-1.877082	17	1	16	21853.547
1.308997	0.899350	-2.069907	123	7	25	21845.453
-0.261799	1.836682	-0.676006	1	4	3	21844.977
0.785398	2.724429	-0.348782	140	5	10	21843.588
2.617994	1.696674	-1.253233	141	4	20	21843.176
2.617994	2.979456	-1.009304	38	21	7	21838.613
2.879793	2.724429	-0.348782	33	15	134	21837.109
2.356194	2.187132	-0.479875	34	5	4	21835.988
0.523599	0.674054	1.013609	140	0	126	21834.312
-2.617994	2.041297	-2.664597	143	17	1	21833.742
-0.785398	2.073035	2.027405	23	10	120	21833.316
1.047198	1.374601	-2.456031	134	9	22	21831.051
-1.570796	0.458961	-0.107937	11	32	140	21830.527
-2.879793	1.699788	2.452890	117	5	139	21821.457
0.785398	1.904882	-1.478089	126	1	141	21820.865
-1.570796	1.113094	-0.272241	133	28	4	21816.281
0.785398	1.606104	-0.451151	6	3	3	21811.471
-2.094395	1.948085	-2.363031	121	1	23	21809.703
2.094395	2.396274	-1.959260	28	26	9	21808.662
-1.832596	1.982574	-1.115518	127	11	27	21798.686
-1.047198	1.014500	0.906702	115	8	1	21796.723
-2.617994	1.617114	-1.572037	125	141	136	21794.445
-0.785398	2.404280	-0.174044	119	20	1	21792.910
-2.879793	1.448123	-2.163292	128	1	26	21790.496
-1.308997	2.089241	-0.114193	125	20	7	21783.754
-0.261799	1.506530	1.988858	118	14	4	21781.520
-2.617994	2.863997	0.549740	34	12	130	21780.381
-1.570796	1.948085	-2.363031	12	141	15	21778.535
0.785398	2.881233	-2.582574	38	14	9	21778.490
-2.617994	0.203748	0.590255	8	140	137	21778.455
-1.832596	2.379497	0.561089	142	6	142	21778.451
-1.308997	2.724429	-0.348782	123	20	10	21777.016
1.308997	2.063651	-2.044600	143	2	21	21776.117
0.785398	1.554776	0.100351	122	137	143	21775.930
1.047198	1.488617	1.159546	136	2	132	21774.102
2.879793	2.247462	0.191623	33	8	142	21772.045
2.879793	0.290380	-0.796960	141	127	19	21769.559
-2.617994	2.295480	1.008277	25	10	122	21767.439
-1.308997	1.433411	-1.035986	125	14	20	21765.465
-1.832596	1.606104	-0.451151	137	27	5	21761.154
-2.879793	2.115563	0.685730	29	14	126	21758.576
0.523599	2.138223	1.678323	126	5	137	21758.250
-2.094395	2.979456	-1.009304	125	12	11	21757.805
-1.832596	0.762244	-0.273349	12	137	4	21755.797
1.832596	0.929350	-2.910676	2	3	128	21753.578
-1.308997	2.104282	-0.813972	115	3	22	21753.057
-2.617994	2.108018	1.311430	22	10	119	21752.504
-0.785398	1.256302	0.062705	3	32	140	21751.691
-2.879793	2.379497	0.561089	36	4	134	21744.109
-1.308997	2.760637	2.781135	22	134	134	21741.949
1.832596	0.910508	1.903534	134	2	6	21739.900
-1.047198	1.242974	-2.977882	141	141	135	21735.531
-1.047198	1.448123	-2.163292	18	1	13	21733.170
-2.356194	1.247695	1.809890	4	9	126	21731.492
-1.832596	1.184361	0.625864	10	30	128	21730.518
-2.879793	1.128190	-2.288622	126	140	0	21730.270
0.261799	1.506530	1.988858	117	11	141	21729.430
1.308997	1.448123	-2.163292	133	9	26	21729.406
-2.356194	2.579248	-2.364801	114	142	16	21725.938
0.261799	1.909857	-0.381669	2	8	8	21724.887
-0.523599	0.733948	3.021411	25	4	136	21723.643
-0.261799	0.831641	0.616218	1	2	132	21721.270
-1.570796	1.809167	1.213774	14	17	118	21720.523
2.879793	0.899350	-2.069907	141	13	0	21719.932
1.308997	2.073035	2.027405	130	6	138	21719.873
-2.356194	0.831641	0.616218	16	31	128	21719.758
-3.141593	1.448123	-2.163292	133	136	137	21719.230
-0.785398	2.396274	-1.959260	1	6	143	21716.039
0.785398	1.450119	-2.739050	30	18	8	21713.332
0.000000	1.025536	1.576859	140	3	122	21711.164
2.094395	2.979456	-1.009304	33	10	138	21707.496
2.617994	1.756530	-2.105156	14	21	16	21706.930
-2.356194	2.396274	-1.959260	1	18	9	21705.879
2.356194	1.824694	1.850876	129	3	134	21705.871
1.832596	1.872854	1.543456	124	0	134	21703.229
-2.094395	0.496451	0.593859	12	33	139	21702.344
-1.308997	1.545873	-1.877082	13	5	13	21701.219
-0.261799	2.033014	2.977192	34	143	140	21700.699
0.785398	2.407836	1.410646	121	4	141	21700.430
-2.094395	1.904882	-1.478089	4	23	7	21699.402
-2.094395	0.571433	-1.188419	142	0	129	21699.207
-1.308997	2.881233	-2.582574	2	0	6	21698.867
2.094395	2.760637	2.781135	143	140	4	21696.488
-2.617994	1.545873	-1.877082	125	137	139	21696.082
-2.356194	1.824694	1.850876	11	8	120	21695.395
-1.570796	1.696674	-1.253233	126	5	26	21695.105
-1.570796	1.440580	2.260026	131	141	128	21695.078
-2.879793	0.961715	0.014085	31	20	137	21693.730
0.523599	1.045978	0.343692	0	28	1	21692.086
-1.570796	1.658653	-2.409879	128	143	0	21689.621
2.094395	2.041297	-2.664597	14	30	8	21687.594
0.000000	1.413347	-1.339188	2	19	10	21686.547
-1.047198	0.850607	-1.335383	131	4	25	21685.766
2.356194	0.866395	-2.492918	115	4	19	21684.064
-2.617994	1.869911	2.701025	4	134	139	21682.719
-2.356194	2.456751	-1.503343	3	29	0	21681.727
0.261799	2.089241	-0.114193	115	142	4	21681.598
-2.617994	1.113094	-0.272241	0	9	13	21680.338
-3.141593	2.349581	-2.702517	5	25	7	21678.145
-0.785398	1.135834	-1.431087	127	3	24	21673.969
1.570796	1.374601	-2.456031	133	10	26	21671.582
1.047198	2.881233	-2.582574	35	22	7	21670.770
1.570796	2.001437	0.381215	129	135	137	21670.539
-2.094395	1.025536	1.576859	5	18	124	21669.938
-2.356194	2.187132	-0.479875	135	4	18	21669.307
-0.785398	0.910508	1.903534	13	143	123	21666.695
-1.570796	0.864993	2.278281	140	2	125	21665.574
-2.094395	2.115563	0.685730	4	9	19	21663.701
-1.047198	0.203748	0.590255	2	11	10	21661.707
-0.261799	1.310100	1.488307	127	22	0	21659.898
-0.261799	2.393226	1.857173	26	22	123	21657.547
-2.094395	0.831641	0.616218	14	32	136	21652.762
-1.832596	1.545873	-1.877082	126	142	28	21647.225
1.570796	1.909857	-0.381669	126	14	16	21644.088
2.094395	1.736875	3.023612	11	27	2	21638.057
