240	1.2	0
-1.832596	1.869911	2.701025
0.000000	0.000000	0.000000
model.B99990001.pdb	-103.748	-23.865	-176.008
1iob.pdb	15.932	13.567	1.186
-1.832596	1.134796	2.434290	222	192	156	9.037
-1.047198	1.374601	-2.456031	223	197	160	7.996
-1.832596	2.251330	-2.330739	227	204	153	7.798
-1.570796	1.448123	-2.163292	219	201	161	7.703
-1.308997	1.741644	-2.695914	222	203	156	7.051
-0.523599	1.869911	2.701025	222	203	156	6.889
0.261799	1.869911	2.701025	230	196	156	6.824
0.000000	1.869911	2.701025	226	197	157	6.530
-2.094395	2.349581	-2.702517	230	207	152	6.464
1.832596	2.478122	2.609777	238	201	152	6.369
0.261799	1.606104	-0.451151	237	190	154	6.340
1.308997	2.180315	-1.357379	0	194	151	6.340
-0.523599	1.736875	3.023612	224	199	156	6.303
0.261799	2.033014	2.977192	231	199	153	6.303
0.523599	1.869911	2.701025	233	195	156	6.303
-0.261799	1.869911	2.701025	224	200	156	6.076
-1.832596	1.545873	-1.877082	218	203	162	6.076
-1.570796	1.948085	-2.363031	225	201	154	6.046
-2.356194	0.929350	-2.910676	223	191	166	5.687
-3.141593	2.881233	-2.582574	231	202	152	5.651
-1.832596	2.063651	-2.044600	223	203	156	5.585
1.570796	2.637879	2.121598	237	197	155	5.490
0.000000	2.704512	1.488683	223	198	158	5.490
-0.261799	2.379497	0.561089	1	198	150	5.328
0.523599	2.637879	2.121598	226	199	155	5.263
0.523599	2.393226	1.857173	228	194	158	5.263
0.261799	2.393226	1.857173	225	196	158	5.262
-0.261799	1.574060	2.783565	224	196	159	5.262
2.879793	2.089241	-0.114193	233	203	227	5.233
0.785398	1.606104	-0.451151	5	194	154	5.233
-2.617994	0.290380	-0.796960	5	198	227	5.101
-0.261799	1.736875	3.023612	226	198	156	5.101
1.832596	2.760637	2.781135	231	201	153	5.035
2.879793	1.134796	2.434290	187	22	196	4.939
-1.832596	2.349581	-2.702517	230	206	152	4.904
-0.785398	1.450119	-2.739050	223	197	160	4.903
0.000000	2.407836	1.410646	223	196	161	4.808
0.000000	1.574060	2.783565	227	194	159	4.742
-0.523599	1.574060	2.783565	221	199	159	4.742
-2.356194	1.391910	3.030322	223	192	162	4.742
-1.832596	1.195355	1.200319	214	35	227	4.713
-2.094395	1.195355	1.200319	217	37	227	4.713
-1.570796	0.290380	-0.796960	13	194	227	4.647
0.785398	0.674054	1.013609	223	3	4	4.647
-2.879793	0.591903	2.010408	30	37	215	4.647
0.785398	2.637879	2.121598	229	198	155	4.610
-3.141593	0.290380	-0.796960	204	229	232	4.581
-1.308997	1.194549	-0.801900	4	192	222	4.581
-1.308997	1.448123	-2.163292	222	197	161	4.515
-0.785398	0.910508	1.903534	234	205	232	4.486
-1.570796	2.592629	0.909713	227	195	150	4.486
-1.308997	2.396274	-1.959260	221	209	227	4.375
0.000000	1.569311	-3.003978	228	201	226	4.353
0.523599	1.998705	2.370472	230	195	157	4.222
-2.617994	1.391910	3.030322	219	195	162	4.221
-0.261799	1.554776	0.100351	225	237	0	4.193
2.094395	1.134497	-1.109631	4	192	227	4.193
0.261799	2.115563	0.685730	12	187	213	4.156
-1.570796	2.349581	-2.702517	231	206	151	4.156
-0.785398	1.413430	2.550734	224	206	230	4.127
-2.356194	0.418037	1.360082	0	198	230	4.127
-0.785398	1.736875	3.023612	218	207	224	4.127
-2.879793	0.290380	-0.796960	3	200	227	4.127
0.261799	1.310100	1.488307	6	189	220	4.126
-0.785398	1.741644	-2.695914	226	198	156	4.090
-1.047198	1.699788	2.452890	208	234	157	4.089
-1.308997	0.379747	-1.713059	6	192	224	4.061
0.261799	1.812176	0.656819	213	214	224	4.061
0.261799	1.448123	-2.163292	227	199	220	4.060
1.570796	1.310100	1.488307	233	203	148	4.060
-1.832596	0.733948	3.021411	228	190	160	4.060
1.308997	1.310100	1.488307	232	203	148	4.060
0.000000	0.866955	-0.931351	227	197	219	4.031
2.879793	0.458961	-0.107937	9	202	228	4.024
0.523599	1.195355	1.200319	10	191	222	4.024
-1.047198	1.050534	3.042579	226	198	162	4.023
0.000000	2.379497	0.561089	3	200	150	3.995
2.879793	2.724429	-0.348782	40	28	213	3.965
2.094395	2.356369	3.005869	238	205	151	3.929
0.261799	1.998705	2.370472	227	196	157	3.928
-2.879793	1.391910	3.030322	217	199	162	3.928
-1.308997	1.504028	0.636812	218	191	163	3.900
1.047198	2.180315	-1.357379	237	193	151	3.899
2.617994	1.909857	-0.381669	227	203	225	3.899
2.879793	0.290380	-0.796960	203	231	232	3.899
-0.523599	2.247462	0.191623	4	188	213	3.899
-2.094395	2.979456	-1.009304	224	201	155	3.863
-2.617994	2.247462	0.191623	212	39	216	3.833
-1.570796	1.194549	-0.801900	1	194	222	3.833
1.308997	0.418037	1.360082	11	194	227	3.833
1.570796	1.872854	1.543456	223	203	151	3.833
2.356194	0.458961	-0.107937	8	204	228	3.797
0.000000	2.033014	2.977192	230	200	153	3.796
-1.570796	0.379747	-1.713059	204	220	228	3.701
0.261799	0.906588	1.252948	6	194	226	3.672
2.094395	0.709924	0.218797	13	204	229	3.635
0.523599	2.033014	2.977192	233	199	153	3.635
0.785398	2.478122	2.609777	229	200	153	3.635
-1.308997	1.948085	-2.363031	226	201	154	3.635
-0.261799	2.033014	2.977192	227	202	153	3.635
-1.047198	1.256302	0.062705	219	3	3	3.607
0.261799	1.214854	-1.966664	226	199	221	3.606
-1.308997	0.700570	1.559208	230	205	232	3.606
0.261799	0.700570	1.559208	4	194	225	3.606
0.261799	1.045978	0.343692	228	3	5	3.606
2.094395	2.247462	0.191623	37	35	204	3.606
0.523599	0.418037	1.360082	4	198	227	3.606
-0.785398	1.440580	2.260026	227	203	229	3.606
-1.308997	0.370812	-2.547742	239	196	221	3.606
-1.047198	0.370812	-2.547742	1	193	221	3.605
-1.308997	0.929350	-2.910676	203	235	238	3.577
-2.356194	2.881233	-2.582574	235	201	153	3.569
0.785398	0.203748	0.590255	206	232	233	3.541
1.570796	0.831641	0.616218	16	200	228	3.503
-1.308997	2.478122	2.609777	218	0	149	3.474
-1.832596	0.618092	2.539118	222	196	156	3.474
0.523599	1.413430	2.550734	234	191	162	3.474
2.617994	1.413430	2.550734	231	203	230	3.445
-1.047198	1.242974	-2.977882	219	200	162	3.408
0.785398	0.709924	0.218797	13	203	229	3.408
1.047198	0.203748	0.590255	206	229	232	3.408
-0.523599	1.242974	-2.977882	224	194	162	3.408
-0.785398	1.135813	-2.658866	223	194	164	3.408
-0.785398	1.242974	-2.977882	221	197	162	3.408
-1.570796	2.153910	-1.714959	224	198	157	3.408
-0.523599	2.478122	2.609777	30	38	217	3.380
0.523599	1.014500	0.906702	10	194	227	3.379
-1.308997	1.374601	-2.456031	0	202	230	3.379
1.570796	0.203748	0.590255	205	226	233	3.379
0.785398	1.014500	0.906702	12	194	227	3.379
0.000000	0.700570	1.559208	2	196	225	3.379
2.879793	2.299159	2.264663	7	187	222	3.378
0.523599	2.115563	0.685730	16	188	213	3.342
-1.570796	1.440580	2.260026	230	192	152	3.342
-0.261799	2.115563	0.685730	0	193	154	3.342
0.785398	1.488617	1.159546	15	189	219	3.342
-1.308997	2.456751	-1.503343	229	196	156	3.342
1.570796	0.379747	-1.713059	31	36	215	3.313
-2.094395	0.290380	-0.796960	9	195	227	3.313
-2.356194	0.850607	-1.335383	212	9	237	3.313
-1.308997	2.033014	2.977192	214	236	149	3.313
-2.356194	0.379747	-1.713059	201	229	228	3.276
-0.785398	1.870545	-2.976234	226	202	154	3.276
1.308997	0.458961	-0.107937	229	197	218	3.247
-3.141593	0.906588	1.252948	31	33	217	3.247
0.000000	1.809167	1.213774	4	189	216	3.247
-1.832596	0.762244	-0.273349	228	198	150	3.247
-2.094395	0.733948	3.021411	224	192	160	3.247
0.000000	0.910508	1.903534	2	192	220	3.247
1.047198	1.045978	0.343692	17	199	228	3.247
1.308997	1.195355	1.200319	232	198	150	3.247
2.879793	0.733948	3.021411	31	40	208	3.246
-0.523599	1.413430	2.550734	219	200	162	3.246
-3.141593	0.914445	2.687814	212	236	239	3.218
-1.308997	1.440580	2.260026	237	193	226	3.218
-2.879793	1.168678	2.108595	203	239	235	3.218
1.047198	0.899350	-2.069907	239	200	228	3.218
1.047198	0.685216	-1.712745	0	200	228	3.218
-0.261799	1.741644	-2.695914	219	202	221	3.218
-1.047198	0.496451	0.593859	227	201	228	3.218
0.523599	0.290380	-0.796960	238	201	229	3.218
-0.261799	0.290380	-0.796960	2	189	227	3.218
-2.094395	1.168678	2.108595	199	230	235	3.218
-2.617994	1.256302	0.062705	187	26	202	3.217
-0.261799	1.335669	0.897240	4	195	223	3.210
-0.261799	2.247462	0.191623	9	187	211	3.210
-1.047198	1.450119	-2.739050	221	200	160	3.210
-1.308997	1.658653	-2.409879	223	199	157	3.181
-1.308997	1.510910	-0.740472	203	218	224	3.181
-0.261799	1.440580	2.260026	220	198	165	3.181
-2.356194	1.756530	-2.105156	209	236	154	3.180
1.832596	1.699788	2.452890	20	190	215	3.172
-2.356194	0.960688	-0.577532	2	201	226	3.152
-2.356194	0.914445	2.687814	213	5	0	3.152
-1.047198	2.719179	-1.780644	218	204	224	3.152
0.261799	1.977582	0.969896	9	186	215	3.151
2.094395	1.510910	-0.740472	29	40	211	3.151
0.000000	1.977582	0.969896	5	187	215	3.151
-1.832596	0.992645	-1.723759	198	224	221	3.115
-1.570796	2.664082	-1.071402	225	197	157	3.115
-0.523599	1.721184	-0.153948	209	215	224	3.115
0.000000	2.115563	0.685730	4	195	154	3.115
1.047198	2.984978	1.954446	228	198	155	3.114
-1.047198	1.721184	-0.153948	2	191	220	3.086
2.094395	0.496451	0.593859	11	199	229	3.086
1.047198	0.674054	1.013609	10	196	228	3.086
-1.047198	0.080730	-2.622036	3	195	225	3.086
-3.141593	2.174483	2.653697	23	28	144	3.086
1.047198	1.195355	1.200319	15	191	223	3.086
0.000000	1.374601	-2.456031	223	202	224	3.086
2.094395	1.599406	1.426070	231	199	149	3.086
2.094395	1.417623	-0.202254	15	185	218	3.086
-1.570796	0.685216	-1.712745	0	193	220	3.086
0.261799	2.637879	2.121598	217	2	151	3.086
-2.879793	1.433411	-1.035986	34	27	224	3.086
0.261799	1.658653	-2.409879	228	198	219	3.086
0.000000	2.760637	2.781135	3	22	142	3.085
1.047198	1.014500	0.906702	14	195	227	3.085
-1.047198	2.984978	1.954446	3	28	144	3.085
0.523599	1.836682	-0.676006	237	193	151	3.085
-2.879793	1.982574	-1.115518	189	21	204	3.085
-0.261799	1.870545	-2.976234	222	199	221	3.057
0.523599	1.440580	2.260026	232	191	165	3.049
2.094395	2.478122	2.609777	239	202	153	3.049
-0.785398	1.569311	-3.003978	223	199	158	3.049
0.261799	0.379747	-1.713059	3	191	228	3.020
0.000000	1.367556	0.358405	226	239	2	3.020
1.308997	0.496451	0.593859	9	200	229	3.020
-2.094395	0.674054	1.013609	235	199	225	3.020
0.261799	1.374601	-2.456031	228	200	224	3.020
-1.308997	1.869911	2.701025	211	237	152	3.020
0.261799	0.674054	1.013609	6	199	228	3.020
-0.261799	0.733948	3.021411	4	188	216	3.020
-2.617994	2.063651	-2.044600	211	236	151	3.019
1.308997	1.134796	2.434290	18	46	161	3.019
0.785398	1.195355	1.200319	8	190	213	3.019
1.047198	1.367556	0.358405	19	196	226	2.990
0.785398	1.335669	0.897240	14	190	225	2.990
-1.570796	2.979456	-1.009304	229	197	155	2.983
0.000000	0.297065	2.160177	204	223	229	2.983
0.523599	2.704512	1.488683	230	195	157	2.983
1.832596	1.599406	1.426070	229	200	150	2.954
-0.523599	2.984978	1.954446	213	238	151	2.954
-1.570796	2.115563	0.685730	186	15	208	2.954
-1.047198	1.214854	-1.966664	3	189	212	2.953
0.000000	0.571433	-1.188419	2	187	223	2.925
-2.617994	1.168678	2.108595	201	237	235	2.925
0.523599	1.367556	0.358405	15	193	226	2.925
0.785398	1.214854	-1.966664	237	197	222	2.925
-1.047198	1.168678	2.108595	206	217	235	2.925
-0.261799	0.370812	-2.547742	208	4	237	2.888
1.308997	0.203748	0.590255	206	227	232	2.888
-1.832596	0.850607	-1.335383	201	222	226	2.888
-0.523599	1.218453	2.777284	220	197	164	2.888
-0.785398	1.683268	0.374177	202	220	225	2.887
-0.261799	1.699788	2.452890	221	198	160	2.887
-1.047198	1.606104	-0.451151	4	191	221	2.859
-1.047198	0.960688	-0.577532	10	192	226	2.859
-0.523599	2.881233	-2.582574	23	24	142	2.859
-3.141593	0.866955	-0.931351	2	204	226	2.859
0.785398	0.700570	1.559208	8	192	225	2.859
2.879793	1.113094	-0.272241	222	19	3	2.859
1.308997	0.831641	0.616218	13	199	229	2.859
-1.308997	2.379497	0.561089	230	195	149	2.858
-2.094395	2.863997	0.549740	230	197	148	2.858
-2.879793	1.809167	1.213774	28	42	207	2.858
0.261799	2.760637	2.781135	2	21	143	2.858
-0.523599	1.391910	3.030322	222	197	161	2.822
-0.523599	1.870545	-2.976234	227	200	154	2.822
0.523599	1.977582	0.969896	14	187	214	2.822
1.570796	2.478122	2.609777	235	200	153	2.822
-1.570796	1.545873	-1.877082	220	199	162	2.822
-1.570796	1.766067	2.153843	235	194	150	2.821
0.261799	1.824694	1.850876	226	192	165	2.821
1.047198	2.637879	2.121598	231	197	155	2.821
-0.785398	0.960688	-0.577532	229	239	2	2.794
-1.047198	1.554776	0.100351	216	2	0	2.793
0.785398	0.906588	1.252948	11	192	226	2.793
-3.141593	1.310100	1.488307	32	38	212	2.793
1.832596	0.831641	0.616218	15	201	229	2.793
1.047198	1.194549	-0.801900	36	29	214	2.793
-1.308997	1.214854	-1.966664	0	191	212	2.792
-1.047198	1.977582	0.969896	226	188	159	2.792
-0.785398	1.977582	0.969896	231	187	159	2.792
0.000000	1.025536	1.576859	2	193	222	2.792
1.570796	1.836682	-0.676006	36	35	207	2.792
-2.356194	0.571433	-1.188419	0	201	225	2.792
-2.094395	1.301460	-0.509251	205	7	157	2.764
-2.879793	2.164094	-2.991358	222	239	149	2.756
-0.261799	2.592629	0.909713	224	196	160	2.756
2.094395	2.760637	2.781135	234	200	153	2.755
-1.047198	1.741644	-2.695914	224	200	156	2.755
0.000000	2.404280	-0.174044	18	188	208	2.755
0.785398	0.496451	0.593859	209	229	234	2.727
-2.094395	0.866955	-0.931351	0	200	224	2.727
-2.094395	1.135834	-1.431087	197	226	222	2.727
2.879793	0.591903	2.010408	34	32	215	2.727
2.617994	0.914445	2.687814	36	36	206	2.727
-0.785398	0.370812	-2.547742	4	191	221	2.726
-0.785398	0.618092	2.539118	237	192	156	2.726
1.570796	0.297065	2.160177	225	197	160	2.726
2.879793	1.658653	-2.409879	235	196	157	2.726
-1.570796	2.033014	2.977192	215	237	149	2.726
-1.570796	1.168678	2.108595	200	221	234	2.697
2.879793	0.914445	2.687814	213	236	239	2.697
0.785398	1.168678	2.108595	37	23	221	2.697
-0.261799	2.587733	0.232235	7	187	208	2.697
0.785398	0.762244	-0.273349	33	188	208	2.697
1.570796	1.555207	1.708892	41	37	211	2.697
1.570796	0.866955	-0.931351	37	195	207	2.697
1.308997	1.025536	1.576859	20	191	220	2.689
0.261799	1.662363	0.915448	10	189	219	2.689
2.879793	1.732874	-0.951685	231	194	152	2.661
1.570796	0.685216	-1.712745	34	35	212	2.661
-2.617994	0.571433	-1.188419	201	230	229	2.661
0.261799	0.591903	2.010408	5	192	223	2.661
-1.570796	1.050534	3.042579	235	189	161	2.661
-0.261799	2.299159	2.264663	215	4	153	2.660
-1.570796	1.836682	-0.676006	199	221	220	2.660
-2.356194	0.290380	-0.796960	6	197	227	2.660
-1.047198	1.301460	-0.509251	6	192	223	2.660
-3.141593	1.433411	-1.035986	34	25	224	2.632
0.785398	2.379497	0.561089	40	25	204	2.632
-1.308997	1.721184	-0.153948	0	195	221	2.632
-1.308997	2.637879	2.121598	204	225	236	2.632
1.047198	1.335669	0.897240	17	192	224	2.631
1.832596	2.104282	-0.813972	33	39	203	2.631
2.356194	1.696674	-1.253233	12	199	232	2.631
2.879793	2.587733	0.232235	27	41	200	2.631
0.261799	1.599406	1.426070	5	188	217	2.631
0.523599	2.063651	-2.044600	34	29	220	2.631
2.094395	0.203748	0.590255	7	197	228	2.631
0.261799	1.809167	1.213774	6	187	216	2.630
0.523599	1.662363	0.915448	14	189	219	2.624
0.523599	1.310100	1.488307	11	188	218	2.623
0.785398	1.869911	2.701025	235	195	156	2.595
-1.047198	1.135813	-2.658866	220	197	164	2.595
1.832596	1.977582	0.969896	231	194	150	2.594
0.261799	2.247462	0.191623	26	236	30	2.594
-0.523599	1.683268	0.374177	205	218	225	2.594
-0.261799	1.683268	0.374177	208	216	225	2.594
1.832596	1.417623	-0.202254	10	185	218	2.566
-1.308997	1.135834	-1.431087	222	198	211	2.566
1.570796	1.194549	-0.801900	1	192	225	2.566
-0.523599	1.554776	0.100351	222	238	0	2.566
-1.570796	2.393226	1.857173	214	236	238	2.566
-1.832596	1.194549	-0.801900	213	3	238	2.566
0.785398	0.831641	0.616218	212	225	233	2.566
2.879793	0.866955	-0.931351	239	202	227	2.566
1.047198	1.025536	1.576859	15	189	222	2.566
-1.570796	1.301460	-0.509251	216	1	239	2.566
-1.832596	0.203748	0.590255	200	222	233	2.565
0.785398	0.297065	2.160177	9	191	224	2.565
2.617994	0.203748	0.590255	11	195	228	2.565
-1.832596	2.247462	0.191623	224	202	148	2.565
-0.261799	1.184361	0.625864	6	195	227	2.565
1.047198	2.379497	0.561089	235	193	211	2.565
-1.308997	1.662363	0.915448	219	190	163	2.565
-1.308997	1.554776	0.100351	217	196	157	2.565
2.879793	1.134497	-1.109631	14	190	227	2.565
-1.047198	1.809167	1.213774	224	187	164	2.565
1.570796	1.732874	-0.951685	36	36	206	2.564
1.308997	0.700570	1.559208	17	192	223	2.558
0.000000	1.736875	3.023612	229	196	156	2.529
-1.570796	0.080730	-2.622036	203	227	230	2.528
0.261799	2.704512	1.488683	226	196	158	2.528
0.261799	2.138223	1.678323	226	193	162	2.528
-0.523599	2.033014	2.977192	226	203	153	2.528
-0.785398	1.218453	2.777284	218	201	164	2.528
-1.832596	2.299159	2.264663	215	3	239	2.501
0.261799	1.256302	0.062705	231	1	3	2.500
0.000000	1.256302	0.062705	229	0	3	2.500
-2.094395	0.571433	-1.188419	1	198	225	2.500
-2.879793	0.458961	-0.107937	223	6	5	2.500
-2.094395	2.164094	-2.991358	5	23	141	2.500
-1.570796	1.869911	2.701025	212	0	152	2.499
2.094395	0.961715	0.014085	34	34	169	2.499
1.308997	2.719179	-1.780644	20	30	144	2.499
-2.617994	1.948085	-2.363031	213	238	150	2.499
-0.261799	0.591903	2.010408	0	197	223	2.499
1.047198	1.555207	1.708892	229	209	148	2.499
2.356194	1.606104	-0.451151	222	204	220	2.499
2.356194	2.881233	-2.582574	216	231	148	2.499
0.523599	0.591903	2.010408	7	191	223	2.499
-0.523599	0.419640	2.974122	1	193	221	2.499
0.261799	0.864993	2.278281	6	188	218	2.499
0.523599	0.370812	-2.547742	32	45	210	2.499
-0.523599	0.733948	3.021411	0	191	216	2.499
-1.832596	1.741644	-2.695914	205	39	222	2.470
-0.523599	1.450119	-2.739050	234	194	224	2.469
-0.523599	1.699788	2.452890	219	201	161	2.462
2.879793	0.419640	2.974122	30	38	213	2.434
-1.047198	0.379747	-1.713059	9	191	224	2.434
-1.832596	0.709924	0.218797	226	10	6	2.433
0.261799	1.413430	2.550734	229	192	162	2.433
-2.356194	0.458961	-0.107937	11	199	229	2.433
0.261799	0.910508	1.903534	5	190	220	2.433
-1.308997	1.998705	2.370472	211	239	153	2.433
-0.261799	1.450119	-2.739050	221	205	226	2.433
-3.141593	1.732874	-0.951685	234	194	152	2.433
-2.617994	2.356369	3.005869	18	26	142	2.433
-2.879793	1.812176	0.656819	10	42	4	2.433
1.047198	1.310100	1.488307	231	203	148	2.433
-2.094395	1.184361	0.625864	215	31	230	2.433
2.094395	0.458961	-0.107937	224	199	153	2.433
0.000000	1.413430	2.550734	225	194	162	2.433
-1.047198	0.290380	-0.796960	223	199	152	2.433
1.047198	0.914445	2.687814	235	227	3	2.405
0.261799	2.587733	0.232235	15	187	208	2.405
-2.879793	2.041297	-2.664597	209	2	236	2.405
0.523599	2.881233	-2.582574	223	32	234	2.404
-0.785398	1.699788	2.452890	222	202	225	2.404
0.000000	0.290380	-0.796960	230	201	230	2.404
-2.879793	1.325504	-1.671296	9	192	229	2.404
1.047198	0.379747	-1.713059	236	202	231	2.404
-0.785398	0.615174	-0.666022	235	191	221	2.404
2.879793	1.870545	-2.976234	3	186	217	2.404
-0.785398	1.606104	-0.451151	7	189	221	2.404
-1.570796	0.866955	-0.931351	182	18	211	2.403
-0.523599	1.741644	-2.695914	229	196	156	2.397
1.047198	1.510910	-0.740472	45	234	205	2.367
0.000000	2.984978	1.954446	216	8	151	2.367
0.261799	2.073035	2.027405	226	195	159	2.367
-2.094395	0.850607	-1.335383	199	226	226	2.367
-0.523599	1.732874	-0.951685	13	187	214	2.366
-1.047198	0.709924	0.218797	238	188	220	2.339
-1.308997	2.299159	2.264663	209	229	238	2.339
-3.141593	1.904882	-1.478089	11	204	232	2.339
-2.879793	0.914445	2.687814	211	235	239	2.339
-1.832596	0.571433	-1.188419	4	194	225	2.339
-1.308997	0.914445	2.687814	212	0	0	2.338
-2.879793	1.904882	-1.478089	10	204	232	2.338
0.261799	0.831641	0.616218	9	198	229	2.338
0.000000	2.247462	0.191623	12	186	213	2.338
0.261799	1.195355	1.200319	7	190	223	2.338
-1.308997	1.606104	-0.451151	1	193	221	2.338
1.832596	1.721184	-0.153948	12	185	219	2.338
-2.356194	1.433411	-1.035986	31	33	224	2.338
-2.094395	2.579248	-2.364801	220	208	226	2.338
-1.570796	1.134497	-1.109631	1	192	220	2.338
-3.141593	1.872854	1.543456	27	35	156	2.338
1.308997	1.741644	-2.695914	37	237	35	2.338
0.523599	1.488617	1.159546	11	188	221	2.338
-0.261799	2.478122	2.609777	0	19	144	2.338
1.832596	0.203748	0.590255	5	198	228	2.338
0.523599	0.640596	-2.797608	211	235	0	2.309
2.094395	0.640596	-2.797608	224	236	0	2.309
-0.785398	1.554776	0.100351	205	219	227	2.302
0.785398	1.184361	0.625864	15	195	226	2.301
-1.047198	1.658653	-2.409879	225	198	157	2.301
-0.523599	2.724429	-0.348782	11	189	204	2.300
1.047198	2.247462	0.191623	238	189	215	2.273
-2.094395	1.450119	-2.739050	210	239	154	2.273
-2.356194	1.721184	-0.153948	208	31	224	2.273
-0.785398	1.367556	0.358405	4	196	226	2.272
-0.785398	1.256302	0.062705	7	195	227	2.272
2.356194	0.203748	0.590255	9	196	228	2.272
-0.785398	1.721184	-0.153948	5	189	220	2.272
0.785398	1.135834	-1.431087	39	25	208	2.272
1.308997	2.251330	-2.330739	23	24	142	2.272
0.000000	1.045978	0.343692	226	3	5	2.272
-1.832596	0.379747	-1.713059	1	197	224	2.272
1.047198	2.349581	-2.702517	20	21	141	2.272
-1.047198	1.194549	-0.801900	7	190	222	2.272
-0.261799	1.721184	-0.153948	232	196	214	2.272
0.000000	1.658653	-2.409879	223	200	219	2.272
0.523599	0.496451	0.593859	8	202	229	2.272
-2.356194	2.637879	2.121598	21	31	145	2.272
1.832596	0.960688	-0.577532	234	198	225	2.272
2.356194	1.128190	-2.288622	41	28	215	2.272
-3.141593	0.458961	-0.107937	8	200	229	2.272
-1.308997	0.709924	0.218797	196	217	224	2.272
-3.141593	1.869911	2.701025	22	32	146	2.272
-0.785398	0.379747	-1.713059	13	189	223	2.272
0.261799	0.297065	2.160177	5	194	225	2.272
-3.141593	2.138223	1.678323	27	33	152	2.272
-2.617994	1.721184	-0.153948	210	34	224	2.272
0.785398	0.418037	1.360082	5	196	226	2.272
2.879793	1.741644	-2.695914	41	31	202	2.272
0.000000	1.448123	-2.163292	222	201	220	2.272
1.832596	2.251330	-2.330739	20	27	142	2.272
-1.047198	0.910508	1.903534	231	204	234	2.244
-0.523599	1.247695	1.809890	236	199	229	2.243
-2.356194	2.592629	0.909713	29	36	217	2.243
-0.523599	1.025536	1.576859	238	200	230	2.243
0.000000	1.128190	-2.288622	238	188	224	2.243
0.000000	1.450119	-2.739050	1	186	224	2.242
-0.261799	1.247695	1.809890	0	200	229	2.242
1.047198	1.488617	1.159546	19	190	219	2.235
0.000000	1.699788	2.452890	224	195	161	2.235
-0.785398	1.391910	3.030322	220	200	161	2.235
-2.356194	1.128190	-2.288622	7	189	229	2.207
-0.261799	1.367556	0.358405	223	0	2	2.207
1.047198	0.496451	0.593859	209	228	234	2.207
-0.785398	2.033014	2.977192	214	231	149	2.206
-0.523599	1.367556	0.358405	221	1	2	2.206
1.047198	2.187132	-0.479875	207	215	229	2.206
1.308997	2.881233	-2.582574	12	25	142	2.206
1.570796	0.709924	0.218797	13	203	229	2.206
2.094395	1.699788	2.452890	31	21	150	2.206
-1.570796	0.571433	-1.188419	6	193	225	2.206
2.617994	1.658653	-2.409879	232	196	157	2.206
-1.832596	2.033014	2.977192	216	239	149	2.206
2.356194	2.349581	-2.702517	11	21	140	2.206
0.261799	2.343981	-1.040456	227	200	148	2.206
-1.570796	0.906588	1.252948	214	32	229	2.206
-1.832596	1.301460	-0.509251	200	225	228	2.206
-3.141593	1.325504	-1.671296	21	37	63	2.206
-0.523599	0.914445	2.687814	238	193	214	2.206
-1.832596	1.184361	0.625864	213	29	230	2.206
0.785398	2.089241	-0.114193	237	185	214	2.177
0.523599	2.001437	0.381215	17	188	217	2.177
-3.141593	1.569311	-3.003978	29	44	216	2.177
-2.879793	1.569311	-3.003978	24	45	216	2.177
0.523599	0.850607	-1.335383	11	182	219	2.177
0.000000	1.335669	0.897240	206	219	230	2.177
2.094395	1.168678	2.108595	228	38	233	2.177
-1.832596	1.168678	2.108595	238	199	230	2.177
1.308997	1.504028	0.636812	22	195	224	2.177
1.570796	2.984978	1.954446	234	197	155	2.169
0.523599	0.831641	0.616218	211	225	233	2.140
0.261799	1.574060	2.783565	231	193	159	2.140
-2.094395	1.448123	-2.163292	6	194	231	2.140
-1.308997	2.073035	2.027405	209	1	157	2.140
0.785398	2.588535	-2.976617	8	19	140	2.140
0.261799	1.836682	-0.676006	24	192	216	2.140
0.261799	2.407836	1.410646	226	194	161	2.140
1.047198	1.450119	-2.739050	30	14	148	2.112
1.570796	1.184361	0.625864	19	199	227	2.112
1.047198	0.864993	2.278281	18	187	218	2.111
-2.879793	2.760637	2.781135	24	19	142	2.111
-2.356194	1.168678	2.108595	200	232	235	2.111
-0.785398	2.174483	2.653697	219	202	216	2.111
1.570796	1.450119	-2.739050	31	22	148	2.111
0.785398	1.310100	1.488307	14	187	220	2.111
1.047198	0.290380	-0.796960	10	191	219	2.111
1.308997	1.721184	-0.153948	3	186	219	2.111
2.094395	2.343981	-1.040456	2	197	228	2.111
0.000000	1.135813	-2.658866	203	217	233	2.111
-0.261799	2.588535	-2.976617	38	194	207	2.111
2.879793	1.325504	-1.671296	4	195	229	2.111
0.523599	2.455966	-0.641220	4	190	226	2.111
-3.141593	1.194549	-0.801900	22	193	226	2.111
-1.832596	1.875281	0.107086	32	43	207	2.111
-0.785398	0.831641	0.616218	6	183	220	2.111
1.570796	1.417623	-0.202254	5	185	218	2.110
-2.094395	2.356369	3.005869	31	39	199	2.110
2.879793	2.379497	0.561089	30	41	202	2.110
0.000000	2.587733	0.232235	11	187	208	2.110
-0.785398	2.247462	0.191623	0	190	213	2.110
-1.308997	0.615174	-0.666022	3	194	226	2.104
-0.261799	0.419640	2.974122	6	191	220	2.103
1.308997	1.812176	0.656819	26	195	218	2.074
-1.047198	1.875281	0.107086	200	220	222	2.074
-0.261799	2.404280	-0.174044	12	187	209	2.074
0.000000	2.396274	-1.959260	2	202	229	2.074
-1.308997	2.979456	-1.009304	231	197	155	2.074
-2.617994	0.866955	-0.931351	201	231	228	2.074
-2.617994	1.554776	0.100351	208	6	155	2.074
-1.047198	2.033014	2.977192	213	233	150	2.074
-1.308997	1.450119	-2.739050	219	203	159	2.074
2.094395	1.909857	-0.381669	32	39	209	2.046
-1.570796	1.510910	-0.740472	213	1	235	2.046
0.000000	1.433411	-1.035986	201	231	237	2.045
0.261799	0.418037	1.360082	3	199	227	2.045
-1.832596	1.417623	-0.202254	214	8	1	2.045
-2.356194	1.194549	-0.801900	212	11	239	2.045
-2.879793	1.846342	-1.796954	5	201	231	2.045
1.308997	1.014500	0.906702	16	196	227	2.045
0.261799	1.014500	0.906702	208	222	232	2.045
-0.261799	0.615174	-0.666022	225	200	223	2.045
-2.094395	2.089241	-0.114193	33	41	211	2.045
1.308997	0.674054	1.013609	11	196	228	2.045
-0.261799	1.812176	0.656819	4	189	219	2.045
1.308997	1.606104	-0.451151	3	190	224	2.045
-1.570796	0.992645	-1.723759	238	194	217	2.045
-3.141593	1.113094	-0.272241	220	18	3	2.045
-1.308997	2.592629	0.909713	230	194	150	2.045
0.000000	0.831641	0.616218	8	199	229	2.045
-1.570796	2.379497	0.561089	226	197	149	2.045
1.570796	1.510910	-0.740472	35	35	210	2.045
-1.047198	2.379497	0.561089	232	195	149	2.045
-2.879793	0.733948	3.021411	205	229	156	2.045
-0.785398	0.080730	-2.622036	5	193	225	2.045
-1.832596	0.496451	0.593859	235	197	225	2.045
0.000000	1.504028	0.636812	8	190	223	2.045
-1.047198	1.909857	-0.381669	2	190	217	2.045
-1.832596	0.700570	1.559208	1	194	229	2.045
-1.047198	1.504028	0.636812	224	188	162	2.045
0.523599	1.504028	0.636812	14	190	223	2.044
0.785398	1.809167	1.213774	15	187	216	2.044
1.308997	0.961715	0.014085	230	196	216	2.044
-1.308997	1.812176	0.656819	187	12	214	2.044
0.523599	1.812176	0.656819	15	188	219	2.044
1.570796	0.762244	-0.273349	231	196	220	2.044
2.879793	2.001437	0.381215	28	41	209	2.044
-3.141593	2.001437	0.381215	24	42	209	2.044
-2.356194	2.478122	2.609777	15	183	200	2.044
-0.261799	1.134497	-1.109631	239	186	212	2.043
-2.094395	2.588535	-2.976617	206	41	171	2.016
1.308997	2.104282	-0.813972	25	12	137	2.015
0.523599	2.073035	2.027405	229	193	160	2.008
1.308997	2.637879	2.121598	234	197	155	2.008
0.523599	2.138223	1.678323	230	192	162	2.008
0.785398	1.812176	0.656819	20	190	218	2.008
-0.523599	2.404280	-0.174044	8	188	209	2.007
-0.523599	1.812176	0.656819	1	192	219	1.980
-2.879793	1.869911	2.701025	19	33	146	1.980
-1.308997	1.545873	-1.877082	1	191	208	1.979
0.523599	1.606104	-0.451151	235	191	221	1.979
0.261799	1.025536	1.576859	5	191	222	1.979
0.523599	0.619654	-2.216909	6	190	229	1.979
1.308997	0.080730	-2.622036	205	222	236	1.979
-1.832596	2.343981	-1.040456	218	2	145	1.979
-1.308997	1.310100	1.488307	239	188	221	1.979
-0.261799	1.391910	3.030322	227	204	230	1.979
0.000000	0.866395	-2.492918	1	194	229	1.979
-2.617994	2.104282	-0.813972	220	199	161	1.979
0.785398	1.025536	1.576859	12	189	222	1.979
0.523599	1.335669	0.897240	226	237	0	1.979
-3.141593	0.864993	2.278281	32	39	210	1.979
0.000000	0.615174	-0.666022	230	199	223	1.979
2.356194	2.251330	-2.330739	10	26	141	1.979
-0.785398	2.089241	-0.114193	204	216	220	1.979
1.570796	0.290380	-0.796960	219	202	221	1.979
-0.261799	2.724429	-0.348782	196	227	226	1.979
0.000000	1.812176	0.656819	8	188	219	1.979
-1.832596	0.960688	-0.577532	4	197	226	1.979
-2.356194	1.948085	-2.363031	212	236	150	1.979
1.308997	1.756530	-2.105156	39	25	28	1.979
-0.785398	1.875281	0.107086	203	218	224	1.979
-0.523599	1.909857	-0.381669	10	187	217	1.979
0.261799	2.089241	-0.114193	20	189	215	1.979
0.785398	0.910508	1.903534	12	188	220	1.979
2.879793	1.301460	-0.509251	217	37	227	1.978
-0.261799	1.909857	-0.381669	14	187	217	1.978
-0.785398	1.545873	-1.877082	9	187	208	1.978
-2.617994	1.440580	2.260026	236	207	229	1.972
1.308997	0.929350	-2.910676	223	233	239	1.951
1.047198	0.929350	-2.910676	220	232	239	1.951
1.832596	0.640596	-2.797608	222	235	0	1.950
0.000000	0.929350	-2.910676	210	234	239	1.950
-0.261799	0.929350	-2.910676	208	236	239	1.950
0.261799	0.929350	-2.910676	212	232	239	1.950
0.785398	0.640596	-2.797608	213	234	0	1.950
0.000000	0.640596	-2.797608	209	239	0	1.950
1.570796	0.640596	-2.797608	220	234	0	1.950
1.308997	0.640596	-2.797608	218	233	0	1.950
0.261799	0.640596	-2.797608	210	237	0	1.950
-0.523599	0.929350	-2.910676	207	239	239	1.950
-1.308997	1.699788	2.452890	217	208	225	1.950
-1.832596	0.929350	-2.910676	211	12	239	1.950
-0.261799	0.640596	-2.797608	208	1	0	1.950
-0.261799	2.343981	-1.040456	236	206	145	1.950
-1.570796	1.014500	0.906702	234	190	220	1.949
-0.785398	0.762244	-0.273349	238	185	217	1.949
1.047198	2.588535	-2.976617	31	187	196	1.949
-0.261799	2.863997	0.549740	227	195	158	1.942
0.785398	1.504028	0.636812	234	239	0	1.914
-2.094395	2.299159	2.264663	215	4	239	1.913
0.261799	2.984978	1.954446	216	5	152	1.913
2.617994	0.458961	-0.107937	7	203	229	1.913
0.261799	1.569311	-3.003978	233	200	226	1.913
-0.261799	0.709924	0.218797	227	9	6	1.913
0.000000	0.419640	2.974122	8	189	221	1.913
0.523599	1.374601	-2.456031	233	199	225	1.913
2.617994	2.478122	2.609777	214	203	164	1.913
-2.356194	1.569311	-3.003978	214	4	154	1.913
-0.261799	2.187132	-0.479875	15	186	211	1.913
1.832596	1.247695	1.809890	234	210	148	1.913
2.879793	2.349581	-2.702517	9	21	140	1.913
-1.570796	2.579248	-2.364801	235	201	151	1.913
0.523599	2.760637	2.781135	215	233	149	1.913
0.261799	1.982574	-1.115518	31	194	201	1.913
-3.141593	0.700570	1.559208	32	32	217	1.913
-2.617994	0.733948	3.021411	217	199	160	1.913
-1.047198	1.870545	-2.976234	225	203	153	1.912
-1.047198	1.545873	-1.877082	4	189	208	1.912
-0.523599	1.214854	-1.966664	12	186	212	1.912
-0.261799	1.846342	-1.796954	235	190	206	1.884
2.094395	0.080730	-2.622036	11	191	231	1.884
1.047198	0.370812	-2.547742	222	218	1	1.884
-1.832596	0.914445	2.687814	206	231	239	1.884
-1.047198	0.203748	0.590255	230	203	231	1.884
-0.261799	1.168678	2.108595	16	189	230	1.884
1.047198	1.662363	0.915448	19	190	220	1.884
2.879793	2.138223	1.678323	30	28	151	1.884
-1.832596	1.440580	2.260026	234	201	226	1.884
-0.785398	1.168678	2.108595	9	189	230	1.884
0.000000	0.458961	-0.107937	237	199	226	1.884
-1.047198	0.831641	0.616218	1	185	220	1.884
-0.785398	0.961715	0.014085	0	184	214	1.884
0.785398	0.685216	-1.712745	12	185	225	1.884
1.832596	1.301460	-0.509251	236	198	226	1.884
-1.832596	0.910508	1.903534	1	196	231	1.884
-2.879793	1.606104	-0.451151	6	36	143	1.884
0.523599	2.349581	-2.702517	39	35	211	1.884
0.261799	1.504028	0.636812	32	187	199	1.883
-0.523599	0.992645	-1.723759	232	195	220	1.883
0.523599	1.168678	2.108595	36	19	221	1.883
-1.047198	0.615174	-0.666022	232	195	220	1.883
1.047198	0.960688	-0.577532	34	189	204	1.883
1.832596	1.184361	0.625864	22	202	226	1.876
-0.523599	2.089241	-0.114193	7	187	214	1.847
-1.570796	1.374601	-2.456031	219	203	160	1.847
0.523599	1.045978	0.343692	14	198	228	1.847
-1.832596	0.619654	-2.216909	198	227	224	1.847
0.523599	1.555207	1.708892	10	187	214	1.847
-2.356194	1.218453	2.777284	223	195	157	1.847
1.308997	1.194549	-0.801900	35	32	213	1.846
1.047198	1.812176	0.656819	237	192	205	1.818
-0.785398	0.700570	1.559208	238	204	233	1.818
0.261799	2.187132	-0.479875	32	36	210	1.818
1.047198	0.906588	1.252948	12	192	225	1.818
-2.356194	1.448123	-2.163292	210	13	159	1.818
-2.617994	0.992645	-1.723759	228	234	1	1.818
-1.047198	0.458961	-0.107937	198	217	228	1.818
-1.570796	0.914445	2.687814	207	229	239	1.818
-2.879793	1.545873	-1.877082	5	195	229	1.818
0.523599	0.700570	1.559208	7	192	225	1.818
1.832596	1.732874	-0.951685	11	194	230	1.818
0.000000	1.014500	0.906702	6	196	227	1.818
-2.879793	1.194549	-0.801900	215	18	0	1.818
-0.523599	0.290380	-0.796960	200	218	231	1.818
-1.570796	0.700570	1.559208	227	206	233	1.818
-2.617994	1.113094	-0.272241	218	15	4	1.818
-2.879793	1.113094	-0.272241	219	17	4	1.818
0.785398	2.164094	-2.991358	20	16	141	1.818
2.879793	0.910508	1.903534	224	201	222	1.818
-0.261799	1.606104	-0.451151	229	191	153	1.818
1.308997	0.297065	2.160177	15	191	225	1.818
-2.879793	0.960688	-0.577532	216	15	3	1.818
2.094395	1.696674	-1.253233	11	199	232	1.817
1.047198	2.979456	-1.009304	222	205	148	1.817
2.356194	2.404280	-0.174044	31	40	202	1.817
2.356194	2.180315	-1.357379	227	189	160	1.817
-0.523599	2.587733	0.232235	226	194	162	1.810
-1.047198	1.325504	-1.671296	179	13	206	1.789
-1.570796	0.640596	-2.797608	200	234	233	1.789
-0.785398	0.496451	0.593859	231	198	229	1.788
2.356194	0.640596	-2.797608	34	31	220	1.788
-0.785398	0.458961	-0.107937	223	200	227	1.788
2.617994	0.640596	-2.797608	32	34	220	1.788
1.308997	0.619654	-2.216909	238	202	233	1.788
-1.047198	1.998705	2.370472	210	237	155	1.781
1.308997	2.478122	2.609777	234	200	152	1.781
-1.832596	2.664082	-1.071402	223	200	157	1.781
-0.785398	2.984978	1.954446	2	25	144	1.780
1.308997	1.168678	2.108595	31	239	32	1.780
0.261799	1.335669	0.897240	223	237	0	1.753
2.356194	1.870545	-2.976234	17	24	142	1.752
-0.523599	1.256302	0.062705	223	0	3	1.752
-0.261799	1.301460	-0.509251	233	237	0	1.752
-1.832596	1.045978	0.343692	29	43	200	1.752
2.356194	1.325504	-1.671296	2	200	230	1.752
-1.308997	1.113094	-0.272241	6	196	227	1.752
-1.308997	1.025536	1.576859	225	204	229	1.752
-1.308997	2.001437	0.381215	223	195	152	1.752
2.879793	0.850607	-1.335383	9	187	224	1.752
2.094395	1.301460	-0.509251	12	186	222	1.752
-2.094395	1.218453	2.777284	202	236	235	1.752
-0.523599	2.396274	-1.959260	233	200	229	1.752
-1.570796	1.736875	3.023612	212	237	151	1.752
2.356194	1.194549	-0.801900	12	188	225	1.752
-1.832596	1.606104	-0.451151	211	6	236	1.752
2.356194	1.683268	0.374177	33	35	214	1.752
2.879793	2.174483	2.653697	24	26	144	1.752
0.261799	2.041297	-2.664597	20	15	142	1.752
0.523599	2.719179	-1.780644	25	26	144	1.752
-1.570796	1.113094	-0.272241	4	198	227	1.752
1.308997	2.404280	-0.174044	236	209	146	1.752
1.570796	1.606104	-0.451151	35	32	213	1.752
0.000000	1.113094	-0.272241	17	195	227	1.752
-2.879793	2.104282	-0.813972	225	4	145	1.752
0.000000	1.554776	0.100351	0	190	156	1.752
1.047198	2.760637	2.781135	220	4	149	1.752
-2.356194	2.343981	-1.040456	224	2	144	1.752
1.570796	1.658653	-2.409879	29	25	147	1.752
-2.617994	2.108018	1.311430	18	38	155	1.752
-2.879793	1.736875	3.023612	18	33	146	1.752
2.617994	1.846342	-1.796954	6	206	231	1.751
-1.570796	0.910508	1.903534	3	194	230	1.751
-1.308997	1.488617	1.159546	6	26	136	1.751
2.879793	0.203748	0.590255	14	195	228	1.751
-2.617994	0.418037	1.360082	30	32	218	1.751
-2.879793	0.297065	2.160177	30	35	216	1.751
1.047198	0.297065	2.160177	13	191	225	1.751
-0.523599	2.664082	-1.071402	22	190	194	1.751
-0.523599	1.510910	-0.740472	13	188	220	1.751
-2.879793	1.599406	1.426070	29	41	208	1.751
2.879793	2.247462	0.191623	26	42	205	1.751
0.785398	2.001437	0.381215	234	195	211	1.751
-1.570796	1.574060	2.783565	209	238	157	1.744
-0.523599	0.700570	1.559208	0	204	233	1.723
-2.094395	1.134796	2.434290	200	232	237	1.723
-0.523599	0.640596	-2.797608	203	231	239	1.723
1.832596	1.510910	-0.740472	8	189	228	1.723
-0.261799	0.866955	-0.931351	237	236	10	1.723
1.308997	2.247462	0.191623	1	185	216	1.723
-2.356194	1.134796	2.434290	201	235	237	1.723
-2.617994	2.251330	-2.330739	235	198	226	1.723
1.570796	2.579248	-2.364801	227	200	225	1.722
-0.785398	0.640596	-2.797608	204	234	239	1.722
1.570796	1.721184	-0.153948	6	184	220	1.722
-1.832596	1.134497	-1.109631	200	223	224	1.715
-1.047198	2.979456	-1.009304	233	197	155	1.715
1.047198	1.504028	0.636812	23	194	222	1.715
-1.832596	1.846342	-1.796954	220	201	160	1.715
-0.523599	1.875281	0.107086	207	215	222	1.715
0.000000	2.295480	1.008277	5	188	210	1.687
-1.832596	0.080730	-2.622036	201	230	230	1.686
-2.356194	2.299159	2.264663	216	4	239	1.686
-0.785398	0.709924	0.218797	226	9	6	1.686
-0.785398	0.674054	1.013609	234	201	228	1.686
-1.570796	0.619654	-2.216909	238	197	220	1.686
2.879793	1.721184	-0.153948	220	40	223	1.686
1.832596	0.080730	-2.622036	210	219	236	1.686
1.047198	2.478122	2.609777	231	199	153	1.686
-1.308997	0.960688	-0.577532	7	194	226	1.686
-0.785398	0.419640	2.974122	0	196	222	1.686
-0.261799	0.297065	2.160177	201	225	228	1.686
-2.356194	1.741644	-2.695914	213	0	151	1.686
-0.261799	2.349581	-2.702517	17	18	141	1.686
0.523599	2.587733	0.232235	25	189	199	1.686
-0.523599	1.194549	-0.801900	14	189	222	1.686
-2.356194	2.104282	-0.813972	220	3	145	1.686
2.617994	0.733948	3.021411	34	38	208	1.686
2.879793	1.812176	0.656819	30	40	210	1.685
-1.570796	0.615174	-0.666022	9	195	227	1.685
1.047198	0.961715	0.014085	225	198	216	1.685
-2.356194	2.089241	-0.114193	188	20	209	1.685
-2.356194	1.658653	-2.409879	210	238	153	1.685
-3.141593	0.910508	1.903534	33	37	211	1.685
1.308997	2.153910	-1.714959	37	28	27	1.685
2.879793	1.168678	2.108595	36	36	206	1.685
0.000000	0.591903	2.010408	2	194	223	1.685
-0.785398	1.214854	-1.966664	17	235	28	1.685
0.261799	1.875281	0.107086	19	189	217	1.678
0.523599	1.875281	0.107086	22	191	217	1.678
-0.261799	1.128190	-2.288622	235	193	224	1.657
-2.094395	2.180315	-1.357379	6	206	231	1.657
2.617994	1.869911	2.701025	32	45	212	1.657
-1.308997	1.824694	1.850876	215	197	210	1.656
0.785398	1.433411	-1.035986	1	195	232	1.656
-2.879793	2.187132	-0.479875	2	192	219	1.656
0.261799	0.899350	-2.069907	2	187	225	1.656
-3.141593	1.335669	0.897240	30	37	216	1.656
-2.356194	1.510910	-0.740472	239	36	147	1.656
1.570796	1.335669	0.897240	23	195	224	1.656
2.879793	1.488617	1.159546	233	195	220	1.656
-1.832596	2.180315	-1.357379	2	33	141	1.656
-0.261799	1.448123	-2.163292	234	190	218	1.656
-1.570796	1.413347	-1.339188	239	194	214	1.649
-1.832596	2.979456	-1.009304	226	199	155	1.649
1.570796	1.025536	1.576859	23	193	220	1.649
-2.617994	1.870545	-2.976234	218	2	150	1.620
0.523599	2.478122	2.609777	221	2	150	1.620
-2.617994	1.135813	-2.658866	237	191	223	1.620
2.094395	0.929350	-2.910676	37	34	204	1.620
2.094395	1.310100	1.488307	235	204	148	1.620
-2.094395	1.998705	2.370472	5	31	147	1.620
-2.879793	2.719179	-1.780644	217	7	151	1.620
1.047198	0.709924	0.218797	13	203	229	1.620
-2.094395	0.379747	-1.713059	201	226	229	1.620
0.261799	2.588535	-2.976617	9	20	140	1.620
-1.832596	1.135834	-1.431087	198	223	222	1.620
-2.879793	1.504028	0.636812	221	38	226	1.619
-2.356194	2.063651	-2.044600	211	234	151	1.619
-1.047198	1.836682	-0.676006	205	215	220	1.619
0.000000	1.310100	1.488307	3	191	220	1.619
-1.832596	1.948085	-2.363031	223	204	154	1.619
-2.617994	1.504028	0.636812	217	37	226	1.619
-0.261799	1.413430	2.550734	222	196	162	1.619
-1.832596	0.866955	-0.931351	3	196	224	1.619
-1.832596	0.685216	-1.712745	239	197	220	1.619
1.832596	2.356369	3.005869	44	29	200	1.592
-1.047198	1.417623	-0.202254	218	0	1	1.591
2.356194	0.762244	-0.273349	224	15	6	1.591
1.308997	0.906588	1.252948	16	191	225	1.591
-1.570796	1.875281	0.107086	27	45	207	1.591
-3.141593	1.545873	-1.877082	217	4	5	1.591
-1.570796	1.413430	2.550734	197	227	233	1.591
-2.879793	2.063651	-2.044600	200	229	233	1.591
-2.617994	0.591903	2.010408	239	27	142	1.591
2.617994	2.979456	-1.009304	37	37	212	1.591
2.356194	1.869911	2.701025	36	41	212	1.591
-1.047198	1.766067	2.153843	220	202	223	1.591
0.261799	0.290380	-0.796960	11	186	227	1.591
2.356194	0.080730	-2.622036	14	191	231	1.591
-2.094395	1.256302	0.062705	216	13	4	1.591
-0.523599	2.174483	2.653697	223	199	216	1.590
-0.523599	1.824694	1.850876	17	26	139	1.590
1.570796	1.242974	-2.977882	33	19	151	1.590
0.523599	2.251330	-2.330739	37	31	217	1.590
0.261799	2.379497	0.561089	12	186	211	1.590
-2.094395	2.456751	-1.503343	8	33	141	1.590
-2.356194	0.762244	-0.273349	186	25	212	1.590
1.047198	2.863997	0.549740	226	4	144	1.590
-3.141593	1.948085	-2.363031	4	28	143	1.590
2.879793	1.617114	-1.572037	8	199	232	1.590
-1.570796	0.831641	0.616218	234	193	221	1.590
2.617994	0.618092	2.539118	1	33	145	1.590
1.047198	1.391910	3.030322	12	185	214	1.590
-0.785398	0.864993	2.278281	36	40	211	1.590
-0.261799	1.433411	-1.035986	0	186	206	1.589
0.523599	1.683268	0.374177	20	190	220	1.583
1.832596	0.458961	-0.107937	9	207	228	1.583
2.094395	0.733948	3.021411	38	31	208	1.555
-3.141593	1.135834	-1.431087	221	233	239	1.554
2.879793	1.135834	-1.431087	219	232	239	1.554
1.308997	0.709924	0.218797	13	203	229	1.554
2.879793	0.379747	-1.713059	228	200	151	1.554
-1.047198	2.704512	1.488683	210	236	153	1.554
-0.785398	0.619654	-2.216909	7	189	219	1.553
-1.570796	0.899350	-2.069907	198	222	220	1.553
-2.356194	2.455966	-0.641220	211	12	158	1.553
-1.832596	1.658653	-2.409879	221	205	157	1.553
2.094395	0.615174	-0.666022	221	200	155	1.553
-3.141593	0.203748	0.590255	15	195	228	1.525
-3.141593	1.617114	-1.572037	209	225	236	1.525
-2.094395	1.194549	-0.801900	212	6	238	1.525
2.617994	2.724429	-0.348782	40	23	213	1.525
2.879793	0.496451	0.593859	229	6	6	1.525
-1.570796	1.433411	-1.035986	239	192	217	1.525
1.047198	2.455966	-0.641220	12	188	226	1.525
-2.094395	0.914445	2.687814	223	231	3	1.525
-0.523599	0.496451	0.593859	237	200	229	1.525
0.261799	2.396274	-1.959260	26	18	143	1.525
-2.356194	0.615174	-0.666022	4	198	227	1.525
1.047198	1.301460	-0.509251	237	195	223	1.525
2.356194	0.496451	0.593859	13	198	229	1.525
1.570796	2.455966	-0.641220	20	190	226	1.525
0.785398	2.349581	-2.702517	20	20	141	1.525
1.308997	2.760637	2.781135	220	4	150	1.525
0.000000	1.195355	1.200319	4	192	223	1.525
-0.785398	1.510910	-0.740472	8	188	220	1.525
-2.094395	0.762244	-0.273349	8	200	229	1.525
1.832596	0.418037	1.360082	14	194	227	1.525
-2.617994	1.846342	-1.796954	212	13	156	1.525
-2.617994	2.396274	-1.959260	216	8	151	1.525
-2.617994	2.478122	2.609777	29	41	201	1.525
2.879793	1.606104	-0.451151	218	39	224	1.525
-2.356194	0.370812	-2.547742	229	197	222	1.524
1.832596	1.194549	-0.801900	4	190	225	1.524
-0.785398	1.836682	-0.676006	7	187	216	1.524
0.261799	1.488617	1.159546	6	189	220	1.524
0.523599	0.297065	2.160177	7	191	224	1.524
-0.785398	1.301460	-0.509251	9	190	224	1.524
-0.785398	2.881233	-2.582574	23	22	142	1.524
0.785398	1.904882	-1.478089	54	12	71	1.524
-1.832596	2.760637	2.781135	21	27	143	1.524
0.785398	2.073035	2.027405	7	195	155	1.524
1.570796	0.496451	0.593859	9	200	230	1.524
-2.879793	2.478122	2.609777	23	25	142	1.524
-2.879793	2.033014	2.977192	19	28	143	1.524
-2.094395	1.335669	0.897240	215	35	228	1.524
2.356194	1.909857	-0.381669	29	41	209	1.524
2.617994	1.433411	-1.035986	15	193	230	1.524
-0.785398	2.478122	2.609777	1	23	143	1.524
1.047198	1.374601	-2.456031	29	41	219	1.524
0.261799	2.478122	2.609777	218	4	150	1.524
-0.523599	2.588535	-2.976617	17	24	141	1.524
-2.094395	0.615174	-0.666022	6	196	227	1.524
2.617994	1.545873	-1.877082	29	40	58	1.524
-1.832596	1.335669	0.897240	213	33	228	1.524
1.570796	1.367556	0.358405	7	185	208	1.524
1.832596	1.256302	0.062705	11	184	213	1.524
1.047198	1.113094	-0.272241	236	193	218	1.524
1.832596	2.379497	0.561089	7	184	211	1.523
0.523599	1.554776	0.100351	21	193	222	1.517
-2.879793	1.948085	-2.363031	215	239	152	1.517
1.832596	0.929350	-2.910676	15	236	239	1.496
1.570796	2.063651	-2.044600	4	198	227	1.496
-3.141593	1.766067	2.153843	1	190	215	1.496
2.356194	1.433411	-1.035986	236	2	17	1.496
-2.356194	1.440580	2.260026	234	21	29	1.496
-1.832596	2.704512	1.488683	1	193	229	1.495
-1.570796	0.496451	0.593859	235	4	28	1.495
2.879793	2.592629	0.909713	4	189	219	1.495
-1.832596	1.247695	1.809890	233	8	28	1.495
-0.523599	2.164094	-2.991358	196	200	192	1.495
-2.094395	1.025536	1.576859	233	10	29	1.495
-1.832596	1.870545	-2.976234	232	26	20	1.495
-2.094395	1.247695	1.809890	232	12	28	1.495
-2.617994	1.599406	1.426070	4	187	225	1.495
-1.832596	1.310100	1.488307	231	7	24	1.495
-1.570796	0.674054	1.013609	237	2	28	1.495
1.832596	2.637879	2.121598	239	198	155	1.488
-0.261799	1.696674	-1.253233	28	237	29	1.488
-2.617994	2.033014	2.977192	222	2	150	1.488
-0.785398	2.979456	-1.009304	236	197	155	1.488
1.570796	1.195355	1.200319	23	195	222	1.487
0.523599	2.299159	2.264663	228	196	156	1.487
-2.879793	0.674054	1.013609	14	194	225	1.480
2.356194	0.961715	0.014085	30	37	169	1.459
-1.308997	1.301460	-0.509251	3	194	224	1.459
1.832596	0.496451	0.593859	10	199	229	1.459
-1.308997	2.881233	-2.582574	22	20	142	1.459
1.832596	0.674054	1.013609	231	4	5	1.459
1.308997	1.599406	1.426070	226	203	149	1.459
-3.141593	2.393226	1.857173	211	5	238	1.459
-2.617994	0.458961	-0.107937	224	5	5	1.459
1.570796	1.134497	-1.109631	33	36	212	1.459
-0.261799	1.256302	0.062705	226	0	3	1.459
-2.879793	1.998705	2.370472	22	33	147	1.459
-1.047198	0.640596	-2.797608	238	194	217	1.459
0.523599	1.025536	1.576859	9	189	222	1.459
-2.094395	1.683268	0.374177	209	31	225	1.459
-0.523599	2.393226	1.857173	209	232	154	1.459
-0.785398	1.504028	0.636812	216	3	0	1.459
1.308997	1.184361	0.625864	18	198	227	1.459
2.094395	1.606104	-0.451151	15	187	223	1.459
-1.570796	0.960688	-0.577532	5	195	226	1.459
-2.879793	1.683268	0.374177	218	38	225	1.459
2.617994	2.588535	-2.976617	225	6	149	1.459
-1.047198	2.881233	-2.582574	23	22	142	1.459
-3.141593	1.812176	0.656819	210	9	155	1.459
1.047198	0.458961	-0.107937	226	15	6	1.459
-2.356194	2.396274	-1.959260	216	6	151	1.459
-0.785398	2.295480	1.008277	233	189	155	1.459
-2.356194	2.984978	1.954446	23	29	144	1.458
0.523599	0.929350	-2.910676	25	188	203	1.458
-1.832596	1.683268	0.374177	207	28	225	1.458
-0.261799	2.180315	-1.357379	220	200	151	1.458
-1.570796	2.073035	2.027405	211	4	156	1.458
-0.261799	2.881233	-2.582574	21	26	142	1.458
-0.523599	0.960688	-0.577532	220	189	168	1.458
-2.094395	2.404280	-0.174044	30	42	212	1.458
1.832596	1.195355	1.200319	237	198	150	1.458
-1.047198	2.478122	2.609777	217	238	148	1.458
2.094395	1.247695	1.809890	233	209	148	1.458
0.000000	0.864993	2.278281	2	190	218	1.458
-1.047198	1.506530	1.988858	2	187	223	1.458
-1.047198	0.571433	-1.188419	12	191	225	1.458
1.308997	2.349581	-2.702517	19	22	141	1.458
-3.141593	1.413347	-1.339188	192	24	210	1.458
-1.047198	2.138223	1.678323	223	188	163	1.458
-1.570796	0.709924	0.218797	234	191	154	1.458
-2.617994	1.998705	2.370472	19	34	147	1.458
0.261799	0.618092	2.539118	7	188	219	1.458
2.617994	1.836682	-0.676006	227	203	224	1.458
0.261799	1.184361	0.625864	11	192	226	1.458
2.356194	0.709924	0.218797	226	11	6	1.458
1.570796	0.458961	-0.107937	233	196	218	1.458
0.261799	2.724429	-0.348782	39	27	202	1.458
-0.523599	1.617114	-1.572037	14	186	210	1.457
-0.523599	2.456751	-1.503343	224	205	228	1.451
2.094395	1.113094	-0.272241	13	182	217	1.430
1.047198	2.299159	2.264663	38	208	160	1.430
-1.570796	1.335669	0.897240	233	190	215	1.429
-1.570796	1.606104	-0.451151	195	232	227	1.429
-2.879793	0.899350	-2.069907	31	43	217	1.429
1.047198	2.164094	-2.991358	33	186	204	1.429
1.570796	1.014500	0.906702	18	195	227	1.429
-3.141593	0.571433	-1.188419	31	44	215	1.429
-0.261799	0.866395	-2.492918	237	196	229	1.429
-2.617994	0.685216	-1.712745	26	45	217	1.429
0.000000	1.766067	2.153843	32	38	207	1.429
0.261799	1.948085	-2.363031	227	196	214	1.428
-0.261799	0.906588	1.252948	224	195	152	1.422
-2.879793	1.488617	1.159546	27	40	212	1.393
-3.141593	2.349581	-2.702517	224	10	149	1.393
-1.570796	1.756530	-2.105156	6	193	231	1.393
-0.523599	0.080730	-2.622036	9	192	225	1.393
1.047198	2.664082	-1.071402	29	26	148	1.393
0.523599	1.721184	-0.153948	24	193	221	1.392
0.785398	1.721184	-0.153948	26	196	221	1.392
2.356194	0.960688	-0.577532	220	35	229	1.392
-3.141593	0.960688	-0.577532	219	16	2	1.392
2.094395	2.881233	-2.582574	219	8	149	1.392
-2.356194	1.870545	-2.976234	216	1	150	1.392
1.047198	2.393226	1.857173	234	194	158	1.392
2.879793	1.977582	0.969896	33	39	206	1.392
0.261799	1.683268	0.374177	14	188	220	1.392
-0.261799	0.571433	-1.188419	226	201	149	1.392
-0.785398	2.637879	2.121598	213	236	150	1.392
1.308997	1.448123	-2.163292	41	24	32	1.392
-1.047198	1.869911	2.701025	210	233	152	1.392
0.785398	1.367556	0.358405	18	195	225	1.392
-1.047198	0.619654	-2.216909	2	191	219	1.392
-2.356194	0.906588	1.252948	222	35	229	1.392
0.785398	2.247462	0.191623	24	192	213	1.392
-2.879793	1.218453	2.777284	217	202	157	1.392
0.523599	1.617114	-1.572037	10	181	207	1.364
-3.141593	0.992645	-1.723759	220	235	1	1.364
2.879793	0.960688	-0.577532	22	188	221	1.364
-3.141593	2.251330	-2.330739	7	188	225	1.364
2.617994	1.696674	-1.253233	13	198	231	1.364
-2.617994	2.393226	1.857173	23	198	154	1.364
-2.356194	1.242974	-2.977882	18	41	220	1.364
2.879793	2.356369	3.005869	5	188	224	1.364
-2.617994	1.325504	-1.671296	12	192	229	1.364
0.523599	2.396274	-1.959260	27	21	143	1.363
2.094395	1.256302	0.062705	38	42	198	1.363
-3.141593	1.135813	-2.658866	32	39	220	1.363
-3.141593	1.168678	2.108595	205	1	235	1.363
1.832596	2.180315	-1.357379	238	200	226	1.363
-0.261799	1.599406	1.426070	218	1	145	1.363
2.879793	1.413347	-1.339188	11	195	231	1.363
-0.261799	0.992645	-1.723759	235	190	220	1.363
0.261799	2.251330	-2.330739	4	183	205	1.363
1.832596	2.343981	-1.040456	198	236	234	1.363
-1.570796	1.555207	1.708892	215	207	223	1.363
-1.047198	2.588535	-2.976617	206	4	156	1.363
-1.308997	1.195355	1.200319	239	186	220	1.363
-0.523599	1.135813	-2.658866	33	33	214	1.363
-2.617994	0.419640	2.974122	17	201	235	1.363
0.261799	2.456751	-1.503343	29	17	145	1.363
2.356194	0.615174	-0.666022	10	184	218	1.363
2.356194	1.168678	2.108595	224	39	233	1.363
0.261799	1.545873	-1.877082	4	182	212	1.362
1.308997	1.335669	0.897240	21	195	223	1.356
-3.141593	2.164094	-2.991358	223	238	149	1.355
-0.785398	2.104282	-0.813972	10	187	209	1.355
-1.832596	1.128190	-2.288622	1	4	8	1.327
0.523599	2.343981	-1.040456	230	199	148	1.327
0.785398	2.343981	-1.040456	232	199	148	1.327
-2.879793	2.251330	-2.330739	215	236	149	1.327
-1.570796	0.850607	-1.335383	1	194	221	1.327
-1.832596	1.413347	-1.339188	198	222	219	1.326
0.000000	1.875281	0.107086	239	194	152	1.326
0.000000	0.619654	-2.216909	27	237	35	1.326
1.308997	2.343981	-1.040456	237	199	148	1.326
-1.308997	1.247695	1.809890	14	29	69	1.326
-2.094395	0.992645	-1.723759	197	227	221	1.326
0.000000	0.899350	-2.069907	29	237	32	1.326
-0.523599	1.413347	-1.339188	23	235	32	1.326
-0.523599	2.863997	0.549740	223	198	158	1.326
-0.261799	0.864993	2.278281	0	193	218	1.326
0.785398	1.510910	-0.740472	45	230	205	1.325
-1.047198	1.391910	3.030322	229	199	159	1.319
-0.261799	1.977582	0.969896	1	189	215	1.298
-1.308997	1.982574	-1.115518	1	189	209	1.298
0.785398	1.450119	-2.739050	28	11	148	1.298
-0.523599	1.128190	-2.288622	234	197	224	1.298
-2.094395	1.510910	-0.740472	210	9	236	1.298
0.523599	1.870545	-2.976234	21	12	143	1.298
0.523599	1.732874	-0.951685	214	5	148	1.298
-0.523599	1.504028	0.636812	2	194	223	1.298
0.523599	1.450119	-2.739050	25	9	148	1.298
-2.879793	0.961715	0.014085	222	15	6	1.298
-0.785398	1.998705	2.370472	222	200	219	1.298
-1.832596	0.418037	1.360082	210	5	153	1.298
-3.141593	1.488617	1.159546	218	206	223	1.297
2.617994	0.864993	2.278281	12	31	142	1.297
1.832596	2.041297	-2.664597	24	25	142	1.297
-0.523599	0.370812	-2.547742	7	188	221	1.297
0.000000	1.606104	-0.451151	19	189	221	1.297
0.523599	0.685216	-1.712745	7	186	225	1.297
0.785398	1.846342	-1.796954	32	19	149	1.297
-2.094395	2.592629	0.909713	26	37	217	1.297
2.617994	0.709924	0.218797	226	10	6	1.297
0.261799	0.866955	-0.931351	41	229	211	1.297
-2.356194	1.417623	-0.202254	214	15	1	1.297
1.308997	0.960688	-0.577532	202	212	228	1.297
-1.047198	2.760637	2.781135	16	29	142	1.297
1.047198	0.700570	1.559208	11	191	225	1.297
0.785398	2.664082	-1.071402	30	22	146	1.297
-0.261799	2.984978	1.954446	22	8	141	1.297
1.570796	2.041297	-2.664597	25	23	142	1.297
1.308997	1.242974	-2.977882	32	15	151	1.297
-1.570796	1.135834	-1.431087	238	192	217	1.297
-1.308997	0.203748	0.590255	4	191	229	1.297
0.261799	0.960688	-0.577532	16	181	213	1.297
0.523599	0.910508	1.903534	8	188	220	1.297
-0.785398	1.909857	-0.381669	210	36	227	1.297
0.261799	2.881233	-2.582574	19	27	142	1.297
0.785398	0.961715	0.014085	16	201	229	1.297
0.785398	0.960688	-0.577532	195	220	228	1.297
2.094395	1.374601	-2.456031	28	32	150	1.297
-1.047198	2.455966	-0.641220	208	32	229	1.297
2.879793	2.115563	0.685730	31	189	199	1.297
-3.141593	2.089241	-0.114193	217	40	219	1.297
-2.617994	0.961715	0.014085	221	14	6	1.297
1.047198	1.683268	0.374177	23	194	222	1.297
-1.832596	2.379497	0.561089	213	225	145	1.297
1.308997	0.618092	2.539118	28	31	146	1.297
0.523599	2.247462	0.191623	20	188	213	1.297
-0.523599	0.961715	0.014085	5	182	214	1.297
0.785398	1.977582	0.969896	17	187	215	1.297
2.617994	1.301460	-0.509251	20	189	223	1.297
-0.785398	1.433411	-1.035986	10	186	218	1.297
-1.832596	2.587733	0.232235	204	29	176	1.296
-0.261799	0.960688	-0.577532	4	183	214	1.296
1.047198	2.001437	0.381215	237	190	211	1.296
0.000000	2.863997	0.549740	231	195	157	1.289
0.523599	1.214854	-1.966664	230	195	222	1.268
1.570796	1.982574	-1.115518	30	10	140	1.268
0.523599	2.041297	-2.664597	234	194	215	1.268
-1.570796	1.982574	-1.115518	189	21	190	1.268
-1.047198	1.488617	1.159546	224	196	218	1.267
0.000000	2.174483	2.653697	234	194	217	1.267
-0.785398	1.374601	-2.456031	225	194	161	1.261
-2.356194	0.866955	-0.931351	201	228	228	1.261
-2.356194	2.033014	2.977192	220	2	150	1.261
0.523599	1.184361	0.625864	13	194	226	1.260
1.570796	2.881233	-2.582574	216	236	149	1.260
-2.879793	2.588535	-2.976617	224	232	147	1.260
0.000000	1.214854	-1.966664	29	237	28	1.260
-2.094395	2.033014	2.977192	218	1	150	1.260
-3.141593	0.733948	3.021411	217	232	239	1.232
-1.047198	2.393226	1.857173	218	234	238	1.232
-0.261799	0.910508	1.903534	239	194	220	1.232
-2.617994	1.214854	-1.966664	8	189	226	1.232
-1.308997	2.393226	1.857173	215	236	238	1.232
-0.523599	1.374601	-2.456031	234	194	221	1.232
0.785398	2.041297	-2.664597	23	17	142	1.232
2.356194	2.984978	1.954446	235	193	215	1.232
1.308997	1.301460	-0.509251	0	192	223	1.232
-1.570796	2.396274	-1.959260	225	208	230	1.232
2.879793	2.719179	-1.780644	208	225	236	1.232
-1.570796	1.256302	0.062705	216	8	3	1.232
2.879793	1.756530	-2.105156	239	204	228	1.232
0.000000	1.982574	-1.115518	222	209	233	1.232
0.785398	1.741644	-2.695914	26	14	145	1.232
0.000000	2.041297	-2.664597	19	13	142	1.232
-2.094395	1.433411	-1.035986	210	7	234	1.232
-0.261799	0.961715	0.014085	13	197	229	1.232
-0.261799	1.134796	2.434290	32	9	146	1.232
-1.832596	2.637879	2.121598	203	230	236	1.232
-0.785398	1.413347	-1.339188	10	186	215	1.231
0.000000	0.906588	1.252948	3	196	226	1.231
1.308997	2.001437	0.381215	1	187	211	1.231
0.261799	2.295480	1.008277	8	187	210	1.231
1.570796	1.301460	-0.509251	4	189	223	1.231
1.047198	2.041297	-2.664597	24	19	142	1.231
0.261799	0.571433	-1.188419	41	230	212	1.231
1.308997	1.948085	-2.363031	27	23	144	1.231
-0.523599	1.184361	0.625864	220	3	4	1.231
1.308997	1.658653	-2.409879	30	22	147	1.231
1.570796	1.574060	2.783565	30	14	149	1.231
0.523599	0.674054	1.013609	6	199	228	1.231
-1.308997	2.760637	2.781135	18	27	142	1.231
-0.523599	1.301460	-0.509251	12	190	224	1.231
-2.356194	2.704512	1.488683	18	34	147	1.231
0.261799	2.104282	-0.813972	230	197	148	1.231
-0.523599	1.555207	1.708892	224	238	145	1.231
-1.832596	2.592629	0.909713	224	197	150	1.231
0.000000	2.356369	3.005869	5	17	141	1.231
1.308997	1.256302	0.062705	203	212	218	1.231
-0.523599	2.719179	-1.780644	227	198	224	1.231
-2.094395	2.379497	0.561089	222	202	149	1.231
-3.141593	2.396274	-1.959260	217	12	151	1.231
2.094395	0.866955	-0.931351	3	189	223	1.231
-3.141593	0.762244	-0.273349	220	13	5	1.231
-2.094395	0.418037	1.360082	27	35	218	1.231
1.570796	2.153910	-1.714959	25	31	147	1.231
-1.047198	0.961715	0.014085	217	191	169	1.231
-2.356194	0.733948	3.021411	220	195	160	1.231
2.879793	0.618092	2.539118	34	37	211	1.231
1.832596	1.606104	-0.451151	33	35	213	1.230
-0.261799	1.214854	-1.966664	236	190	219	1.230
1.308997	1.045978	0.343692	4	186	207	1.230
0.785398	1.824694	1.850876	18	186	201	1.229
0.000000	1.721184	-0.153948	18	189	219	1.224
-1.832596	1.756530	-2.105156	220	204	159	1.223
-1.308997	1.050534	3.042579	224	200	162	1.223
2.617994	2.108018	1.311430	6	41	149	1.203
-2.879793	2.379497	0.561089	233	213	145	1.202
2.617994	1.247695	1.809890	216	46	210	1.202
1.308997	2.299159	2.264663	216	37	225	1.202
2.094395	1.554776	0.100351	21	46	162	1.202
1.832596	2.407836	1.410646	5	51	174	1.202
-2.356194	2.180315	-1.357379	235	51	168	1.202
2.879793	2.704512	1.488683	232	39	2	1.202
-2.879793	0.850607	-1.335383	227	46	223	1.202
1.570796	1.766067	2.153843	229	38	229	1.202
0.000000	1.948085	-2.363031	23	205	150	1.202
0.523599	1.325504	-1.671296	18	228	29	1.202
0.261799	2.180315	-1.357379	237	197	147	1.202
-2.617994	0.850607	-1.335383	222	47	223	1.202
-2.879793	1.741644	-2.695914	226	46	222	1.202
-1.570796	1.134796	2.434290	226	190	156	1.195
-2.356194	2.719179	-1.780644	226	201	154	1.195
-1.308997	1.766067	2.153843	239	195	150	1.194
0.261799	1.506530	1.988858	226	192	167	1.194
-1.047198	2.299159	2.264663	211	236	152	1.194
-1.308997	2.247462	0.191623	234	8	8	1.166
-0.785398	0.290380	-0.796960	198	222	231	1.166
2.356194	0.733948	3.021411	36	34	209	1.166
1.047198	0.831641	0.616218	213	224	233	1.166
-0.785398	1.184361	0.625864	3	200	227	1.166
1.308997	2.579248	-2.364801	18	25	141	1.166
-1.308997	2.153910	-1.714959	5	191	202	1.166
-3.141593	2.407836	1.410646	25	34	151	1.165
-2.617994	2.174483	2.653697	19	31	144	1.165
-2.879793	1.555207	1.708892	29	42	205	1.165
1.832596	0.419640	2.974122	37	26	213	1.165
-2.617994	2.343981	-1.040456	211	13	157	1.165
1.832596	0.379747	-1.713059	28	38	215	1.165
1.570796	0.961715	0.014085	236	196	216	1.165
-2.879793	0.418037	1.360082	31	30	218	1.165
1.570796	0.674054	1.013609	230	2	4	1.165
1.047198	1.247695	1.809890	208	0	154	1.165
1.047198	1.606104	-0.451151	226	199	224	1.165
-2.094395	0.960688	-0.577532	2	200	226	1.165
-2.879793	2.984978	1.954446	26	25	145	1.165
0.523599	0.866395	-2.492918	29	191	205	1.165
-0.261799	1.504028	0.636812	5	192	223	1.165
-2.094395	2.393226	1.857173	210	238	238	1.165
-2.356194	2.247462	0.191623	208	36	216	1.165
0.785398	2.174483	2.653697	232	198	154	1.165
-0.523599	2.299159	2.264663	210	232	152	1.165
-0.523599	2.356369	3.005869	217	234	148	1.165
1.832596	2.247462	0.191623	39	31	204	1.165
1.047198	0.850607	-1.335383	37	30	212	1.165
-0.785398	2.073035	2.027405	207	233	156	1.165
-2.879793	2.174483	2.653697	21	30	144	1.165
-2.356194	2.174483	2.653697	9	29	144	1.165
-0.261799	1.875281	0.107086	8	188	217	1.165
-1.308997	2.063651	-2.044600	21	0	46	1.165
0.785398	1.998705	2.370472	233	195	157	1.165
1.832596	2.579248	-2.364801	15	25	141	1.165
-2.879793	1.310100	1.488307	29	40	211	1.165
0.261799	1.247695	1.809890	5	189	218	1.165
1.570796	0.929350	-2.910676	225	235	239	1.137
1.832596	0.370812	-2.547742	229	0	10	1.137
1.047198	0.640596	-2.797608	215	232	0	1.137
-1.832596	1.732874	-0.951685	209	6	151	1.137
-1.832596	1.413430	2.550734	235	204	228	1.136
2.094395	1.045978	0.343692	30	46	186	1.136
-1.570796	2.478122	2.609777	203	7	159	1.136
-1.570796	1.135813	-2.658866	209	34	232	1.136
0.000000	0.733948	3.021411	223	7	12	1.136
-2.879793	2.180315	-1.357379	24	34	140	1.136
1.570796	1.045978	0.343692	38	29	158	1.136
0.000000	2.187132	-0.479875	211	7	3	1.136
1.570796	0.370812	-2.547742	226	0	10	1.136
0.261799	0.733948	3.021411	224	6	12	1.136
-0.523599	0.899350	-2.069907	233	198	225	1.136
-2.879793	1.617114	-1.572037	30	47	198	1.136
-0.523599	0.685216	-1.712745	233	197	225	1.136
-2.617994	1.433411	-1.035986	5	40	150	1.136
0.261799	2.299159	2.264663	28	196	160	1.136
2.356194	1.569311	-3.003978	40	34	216	1.136
-2.094395	1.696674	-1.253233	14	204	232	1.136
-2.094395	1.113094	-0.272241	202	4	161	1.136
1.832596	0.961715	0.014085	37	31	158	1.136
0.523599	0.733948	3.021411	225	6	12	1.136
2.356194	2.138223	1.678323	13	41	154	1.136
-2.356194	1.256302	0.062705	204	6	159	1.136
-0.523599	2.187132	-0.479875	212	15	3	1.136
-3.141593	2.664082	-1.071402	1	192	218	1.136
2.094395	2.108018	1.311430	13	186	219	1.136
-1.047198	2.104282	-0.813972	4	187	212	1.136
-1.570796	2.588535	-2.976617	6	193	225	1.136
2.617994	1.135813	-2.658866	16	185	216	1.136
-2.094395	1.310100	1.488307	231	200	222	1.136
1.308997	0.866955	-0.931351	40	239	33	1.136
-0.523599	1.545873	-1.877082	231	194	213	1.135
1.308997	1.554776	0.100351	1	185	214	1.135
-3.141593	0.640596	-2.797608	4	188	214	1.135
-2.879793	2.456751	-1.503343	9	187	214	1.135
-2.879793	1.135834	-1.431087	29	48	205	1.135
-1.047198	2.349581	-2.702517	186	238	211	1.135
-2.879793	1.335669	0.897240	237	187	214	1.135
2.094395	1.014500	0.906702	184	21	204	1.135
-3.141593	2.979456	-1.009304	212	238	151	1.100
1.570796	1.904882	-1.478089	38	31	32	1.100
2.356194	1.721184	-0.153948	29	39	212	1.100
-2.617994	2.456751	-1.503343	213	10	153	1.099
-1.570796	1.870545	-2.976234	212	234	150	1.099
-0.261799	0.379747	-1.713059	200	223	233	1.099
-2.879793	2.393226	1.857173	24	32	148	1.099
2.094395	1.721184	-0.153948	32	37	212	1.099
0.000000	2.393226	1.857173	212	225	154	1.099
0.523599	2.404280	-0.174044	198	220	225	1.099
-1.832596	1.982574	-1.115518	212	4	149	1.099
-1.832596	1.977582	0.969896	189	21	209	1.099
1.308997	1.846342	-1.796954	39	27	30	1.099
1.047198	1.824694	1.850876	22	187	201	1.099
-1.047198	1.448123	-2.163292	3	190	207	1.099
0.000000	1.325504	-1.671296	31	238	29	1.099
-0.785398	2.404280	-0.174044	5	190	208	1.090
-1.832596	0.831641	0.616218	232	197	221	1.071
2.356194	1.301460	-0.509251	16	187	222	1.071
2.879793	0.992645	-1.723759	217	236	1	1.071
-2.617994	2.979456	-1.009304	26	19	138	1.071
-2.879793	1.214854	-1.966664	219	236	2	1.071
-2.094395	0.700570	1.559208	200	222	234	1.070
0.000000	2.455966	-0.641220	213	3	3	1.070
-2.356194	1.367556	0.358405	218	18	3	1.070
-3.141593	1.214854	-1.966664	216	238	2	1.070
-0.785398	1.574060	2.783565	239	191	226	1.070
1.308997	1.417623	-0.202254	1	187	218	1.070
0.523599	0.906588	1.252948	6	193	225	1.070
-0.261799	1.617114	-1.572037	235	189	207	1.070
0.000000	1.488617	1.159546	3	189	220	1.070
-0.261799	0.762244	-0.273349	7	182	217	1.070
1.832596	0.709924	0.218797	11	203	230	1.070
0.523599	1.256302	0.062705	32	5	152	1.070
-3.141593	1.301460	-0.509251	218	20	1	1.070
-0.261799	2.041297	-2.664597	188	24	216	1.070
2.617994	2.984978	1.954446	26	209	150	1.070
2.617994	1.617114	-1.572037	208	227	238	1.070
-0.261799	1.732874	-0.951685	12	33	141	1.070
-1.047198	1.440580	2.260026	1	190	227	1.070
0.523599	1.658653	-2.409879	35	38	215	1.070
0.785398	1.448123	-2.163292	236	197	220	1.070
-0.785398	0.914445	2.687814	215	237	0	1.070
-2.094395	2.637879	2.121598	24	1	147	1.070
-0.785398	1.869911	2.701025	219	203	224	1.070
1.047198	1.440580	2.260026	40	23	218	1.070
0.000000	2.664082	-1.071402	27	206	153	1.070
-2.356194	1.809167	1.213774	26	238	24	1.070
1.832596	1.875281	0.107086	203	36	175	1.070
0.000000	1.741644	-2.695914	224	199	222	1.070
-0.523599	1.325504	-1.671296	232	194	214	1.070
0.785398	1.242974	-2.977882	17	188	229	1.070
-1.570796	2.404280	-0.174044	13	19	136	1.070
0.261799	1.909857	-0.381669	196	227	229	1.070
-1.308997	1.870545	-2.976234	26	197	166	1.070
-1.570796	0.864993	2.278281	5	197	233	1.070
1.308997	1.214854	-1.966664	26	18	143	1.070
-1.570796	1.569311	-3.003978	190	8	228	1.070
-2.617994	1.301460	-0.509251	214	15	1	1.070
0.261799	1.721184	-0.153948	194	229	225	1.070
0.000000	2.588535	-2.976617	42	29	208	1.070
1.570796	0.850607	-1.335383	14	193	221	1.070
0.785398	0.733948	3.021411	25	188	207	1.070
-0.261799	0.685216	-1.712745	197	218	229	1.070
0.000000	0.685216	-1.712745	200	215	229	1.070
-0.261799	1.756530	-2.105156	235	189	212	1.070
-2.617994	1.367556	0.358405	1	197	225	1.070
-0.523599	1.606104	-0.451151	12	188	221	1.070
2.617994	2.379497	0.561089	23	186	212	1.070
0.785398	1.662363	0.915448	16	188	220	1.070
-1.308997	1.569311	-3.003978	189	3	228	1.070
1.308997	1.869911	2.701025	43	21	212	1.070
-3.141593	2.295480	1.008277	197	225	230	1.070
-0.523599	1.904882	-1.478089	34	39	213	1.070
-0.261799	0.458961	-0.107937	10	184	224	1.070
2.356194	1.417623	-0.202254	35	42	194	1.070
-0.523599	1.658653	-2.409879	193	219	221	1.070
-0.523599	2.979456	-1.009304	220	4	144	1.070
1.570796	2.251330	-2.330739	224	200	221	1.069
-1.308997	0.899350	-2.069907	35	32	211	1.069
-0.261799	1.545873	-1.877082	235	189	213	1.069
0.261799	2.001437	0.381215	14	186	217	1.069
2.094395	2.588535	-2.976617	42	30	195	1.069
0.523599	2.379497	0.561089	16	187	211	1.069
-0.523599	0.866955	-0.931351	230	202	224	1.062
0.000000	2.108018	1.311430	225	193	165	1.062
-2.094395	1.736875	3.023612	215	2	152	1.034
0.000000	1.413347	-1.339188	211	3	0	1.034
-1.047198	2.174483	2.653697	213	235	150	1.034
1.570796	0.419640	2.974122	215	239	239	1.034
-1.308997	0.080730	-2.622036	203	224	229	1.033
-0.785398	2.115563	0.685730	232	191	154	1.033
-2.356194	1.113094	-0.272241	207	7	161	1.033
2.879793	2.881233	-2.582574	218	228	148	1.033
2.617994	2.349581	-2.702517	221	236	148	1.033
-1.047198	2.724429	-0.348782	224	196	160	1.033
-2.356194	1.214854	-1.966664	226	235	2	1.005
1.308997	0.914445	2.687814	235	228	3	1.005
0.261799	1.433411	-1.035986	216	226	1	1.005
-0.785398	1.025536	1.576859	234	201	230	1.005
1.832596	0.914445	2.687814	235	231	3	1.005
1.047198	1.904882	-1.478089	37	30	199	1.005
-0.261799	2.760637	2.781135	4	24	142	1.005
-2.617994	1.194549	-0.801900	213	15	239	1.004
-0.785398	1.134796	2.434290	203	229	236	1.004
0.785398	1.599406	1.426070	13	187	217	1.004
0.785398	1.113094	-0.272241	217	203	220	1.004
-1.308997	1.732874	-0.951685	1	189	214	1.004
-3.141593	2.379497	0.561089	26	42	203	1.004
-3.141593	1.606104	-0.451151	214	37	224	1.004
-3.141593	0.709924	0.218797	226	10	6	1.004
-1.832596	0.591903	2.010408	209	231	149	1.004
1.832596	2.588535	-2.976617	200	229	232	1.004
0.785398	0.419640	2.974122	24	189	212	1.004
1.308997	1.374601	-2.456031	32	21	150	1.004
1.047198	2.138223	1.678323	212	15	152	1.004
0.785398	0.290380	-0.796960	3	203	230	1.004
-1.570796	1.721184	-0.153948	212	6	238	1.004
-0.785398	2.299159	2.264663	237	21	145	1.004
1.570796	1.909857	-0.381669	10	186	223	1.004
-2.356194	0.685216	-1.712745	25	186	212	1.004
1.832596	1.374601	-2.456031	30	28	150	1.004
1.832596	1.741644	-2.695914	28	26	145	1.004
-2.879793	1.413430	2.550734	20	37	152	1.004
2.617994	2.863997	0.549740	222	210	148	1.004
-1.570796	1.554776	0.100351	213	8	0	1.004
-2.356194	2.251330	-2.330739	238	194	224	1.004
-3.141593	1.554776	0.100351	219	37	227	1.004
-1.570796	0.203748	0.590255	202	219	233	1.004
0.261799	2.164094	-2.991358	17	15	141	1.004
0.523599	1.599406	1.426070	9	187	217	1.004
-0.523599	2.001437	0.381215	3	189	217	1.004
1.832596	1.904882	-1.478089	40	37	58	1.004
1.832596	2.455966	-0.641220	33	38	199	1.004
-2.879793	1.574060	2.783565	18	36	149	1.004
0.261799	1.194549	-0.801900	208	32	229	1.004
-3.141593	1.413430	2.550734	24	35	152	1.004
-1.047198	0.700570	1.559208	234	204	233	1.004
-0.785398	0.906588	1.252948	234	200	228	1.004
1.570796	2.592629	0.909713	20	43	216	1.004
-0.785398	0.929350	-2.910676	34	193	202	1.004
-0.261799	0.850607	-1.335383	198	215	224	1.004
0.785398	0.618092	2.539118	20	187	210	1.004
2.356194	1.113094	-0.272241	30	44	183	1.004
-0.261799	1.510910	-0.740472	17	187	219	1.004
-2.617994	2.637879	2.121598	24	232	26	1.004
-1.047198	1.683268	0.374177	223	190	157	1.004
-0.785398	2.724429	-0.348782	7	189	205	1.003
0.000000	1.696674	-1.253233	3	186	203	1.003
-0.523599	1.433411	-1.035986	14	186	218	1.003
-0.523599	1.448123	-2.163292	231	193	219	0.976
-2.094395	0.864993	2.278281	2	200	234	0.976
2.617994	0.496451	0.593859	7	207	232	0.975
-2.356194	1.050534	3.042579	207	225	231	0.975
0.261799	1.617114	-1.572037	3	193	220	0.975
-1.047198	1.218453	2.777284	239	196	232	0.975
-1.570796	2.704512	1.488683	4	190	229	0.975
-1.308997	1.134796	2.434290	0	195	232	0.975
-1.047198	1.134796	2.434290	2	193	232	0.975
0.261799	0.850607	-1.335383	5	182	220	0.975
1.047198	1.948085	-2.363031	3	205	227	0.975
-3.141593	2.108018	1.311430	4	188	213	0.975
-0.261799	1.374601	-2.456031	235	189	223	0.975
2.094395	1.413347	-1.339188	4	197	232	0.975
0.523599	2.295480	1.008277	44	16	23	0.975
-2.356194	0.618092	2.539118	8	200	235	0.975
0.785398	0.458961	-0.107937	36	193	216	0.975
2.094395	1.325504	-1.671296	42	202	205	0.975
-1.570796	2.174483	2.653697	183	225	190	0.975
-0.261799	2.719179	-1.780644	203	17	170	0.975
-1.308997	0.640596	-2.797608	200	231	233	0.975
1.832596	2.164094	-2.991358	34	34	210	0.975
-1.308997	1.218453	2.777284	238	199	232	0.975
-2.617994	0.640596	-2.797608	28	32	226	0.975
-1.832596	1.736875	3.023612	0	197	221	0.975
1.570796	2.174483	2.653697	48	17	206	0.974
1.047198	0.571433	-1.188419	6	192	221	0.974
0.523599	2.356369	3.005869	8	14	141	0.967
2.617994	0.379747	-1.713059	227	201	151	0.967
-1.047198	1.948085	-2.363031	229	198	154	0.967
2.879793	1.545873	-1.877082	2	200	229	0.939
2.356194	2.724429	-0.348782	27	40	196	0.939
0.261799	1.367556	0.358405	229	239	2	0.939
0.785398	2.251330	-2.330739	24	20	142	0.939
-1.047198	2.396274	-1.959260	222	204	229	0.939
-1.570796	1.310100	1.488307	235	192	221	0.938
-1.570796	1.025536	1.576859	239	192	226	0.938
1.570796	2.349581	-2.702517	19	23	141	0.938
-2.356194	1.736875	3.023612	217	3	151	0.938
2.879793	1.574060	2.783565	25	33	149	0.938
1.308997	2.041297	-2.664597	33	43	214	0.938
-2.356194	1.998705	2.370472	8	32	147	0.938
-1.832596	1.256302	0.062705	216	10	3	0.938
-2.879793	1.510910	-0.740472	210	34	223	0.938
-0.261799	0.618092	2.539118	1	192	220	0.938
2.094395	0.674054	1.013609	232	5	5	0.938
1.308997	1.128190	-2.288622	20	41	221	0.938
2.094395	1.218453	2.777284	33	22	154	0.938
-2.617994	1.736875	3.023612	220	4	151	0.938
-1.308997	1.574060	2.783565	209	236	155	0.938
-2.094395	2.984978	1.954446	21	30	144	0.938
2.617994	1.574060	2.783565	28	30	149	0.938
0.523599	1.417623	-0.202254	23	195	224	0.938
2.879793	1.256302	0.062705	227	20	4	0.938
-2.356194	0.910508	1.903534	200	230	235	0.938
-0.523599	2.379497	0.561089	239	196	149	0.938
-1.308997	1.836682	-0.676006	201	218	221	0.938
-0.261799	0.899350	-2.069907	198	221	230	0.938
-2.879793	0.080730	-2.622036	218	202	218	0.938
-0.785398	2.356369	3.005869	218	234	147	0.938
-1.308997	1.413430	2.550734	207	237	158	0.938
-2.356194	2.138223	1.678323	16	37	152	0.938
-0.523599	2.579248	-2.364801	22	19	142	0.938
-0.523599	1.335669	0.897240	1	196	224	0.938
2.879793	2.041297	-2.664597	3	188	220	0.938
-0.523599	1.836682	-0.676006	11	186	215	0.938
0.261799	0.685216	-1.712745	205	214	230	0.938
-3.141593	1.736875	3.023612	21	32	146	0.938
-1.308997	2.180315	-1.357379	35	28	218	0.938
0.523599	1.756530	-2.105156	28	16	148	0.938
-1.047198	1.696674	-1.253233	202	233	155	0.938
2.356194	2.588535	-2.976617	224	6	149	0.938
-0.785398	2.396274	-1.959260	226	202	229	0.938
-2.094395	1.488617	1.159546	214	38	224	0.938
-2.094395	1.135813	-2.658866	18	232	33	0.938
-0.523599	2.637879	2.121598	239	21	144	0.938
0.000000	2.349581	-2.702517	18	19	141	0.937
1.570796	1.506530	1.988858	30	192	203	0.937
-0.785398	1.617114	-1.572037	10	186	210	0.937
2.617994	2.164094	-2.991358	24	47	172	0.910
-1.047198	0.929350	-2.910676	202	232	238	0.910
-2.356194	0.700570	1.559208	237	199	230	0.909
2.617994	1.555207	1.708892	201	33	214	0.909
2.356194	1.134796	2.434290	28	37	224	0.909
2.356194	2.063651	-2.044600	236	194	223	0.909
0.261799	1.391910	3.030322	12	186	229	0.909
2.617994	1.367556	0.358405	234	205	228	0.909
-3.141593	0.929350	-2.910676	30	33	225	0.909
2.094395	2.153910	-1.714959	232	208	229	0.909
2.617994	2.407836	1.410646	5	39	146	0.909
1.832596	2.396274	-1.959260	225	199	219	0.909
-1.832596	1.554776	0.100351	205	6	154	0.909
-0.785398	2.343981	-1.040456	239	201	230	0.909
0.785398	1.134796	2.434290	34	21	224	0.909
-1.570796	1.599406	1.426070	233	190	216	0.909
-0.523599	2.251330	-2.330739	9	189	224	0.909
2.879793	0.418037	1.360082	11	189	224	0.909
-2.879793	0.929350	-2.910676	28	35	225	0.909
0.000000	0.496451	0.593859	4	202	229	0.909
2.617994	1.448123	-2.163292	43	35	210	0.909
-2.879793	2.863997	0.549740	38	207	159	0.909
2.356194	2.407836	1.410646	9	39	147	0.909
0.785398	1.440580	2.260026	41	9	219	0.909
2.617994	2.396274	-1.959260	35	33	206	0.909
2.617994	0.929350	-2.910676	199	223	223	0.909
1.832596	1.909857	-0.381669	13	186	224	0.909
2.356194	1.367556	0.358405	7	190	225	0.909
0.000000	2.592629	0.909713	209	191	175	0.909
2.617994	0.992645	-1.723759	2	194	232	0.909
-1.047198	2.073035	2.027405	237	185	213	0.909
1.832596	1.824694	1.850876	47	39	67	0.909
0.785398	2.138223	1.678323	38	209	159	0.908
1.308997	1.113094	-0.272241	238	239	20	0.908
0.523599	1.113094	-0.272241	231	12	20	0.908
2.356194	1.658653	-2.409879	45	31	209	0.908
2.879793	1.374601	-2.456031	39	39	214	0.908
2.617994	1.134796	2.434290	25	38	224	0.908
1.308997	0.899350	-2.069907	0	190	208	0.908
-0.785398	1.904882	-1.478089	219	5	8	0.902
-0.261799	2.407836	1.410646	221	198	161	0.901
2.356194	0.850607	-1.335383	221	197	158	0.901
0.785398	2.115563	0.685730	21	189	213	0.901
-0.261799	1.998705	2.370472	222	200	157	0.901
-2.094395	1.413347	-1.339188	234	233	3	0.873
-0.261799	1.417623	-0.202254	228	237	0	0.873
-3.141593	1.440580	2.260026	207	237	148	0.873
-2.617994	1.374601	-2.456031	215	19	157	0.872
2.879793	0.864993	2.278281	35	36	210	0.872
0.523599	0.709924	0.218797	228	9	6	0.872
-0.785398	2.138223	1.678323	210	7	158	0.872
-0.785398	1.194549	-0.801900	10	189	222	0.872
-2.879793	1.554776	0.100351	216	37	226	0.872
-1.570796	1.184361	0.625864	212	27	230	0.872
0.523599	2.724429	-0.348782	202	216	226	0.872
-3.141593	2.033014	2.977192	21	29	144	0.872
-1.832596	1.050534	3.042579	230	189	161	0.872
2.617994	2.299159	2.264663	3	190	222	0.872
0.785398	0.591903	2.010408	12	189	223	0.872
2.617994	0.619654	-2.216909	234	196	224	0.872
0.261799	1.555207	1.708892	5	188	214	0.872
-2.879793	1.247695	1.809890	29	41	209	0.872
0.000000	2.881233	-2.582574	19	27	142	0.872
-3.141593	0.591903	2.010408	32	35	215	0.872
-2.879793	2.001437	0.381215	29	237	39	0.872
0.785398	1.909857	-0.381669	201	219	228	0.872
0.785398	1.555207	1.708892	35	234	72	0.872
0.523599	2.456751	-1.503343	28	21	146	0.872
0.785398	1.506530	1.988858	35	234	70	0.872
-2.617994	2.664082	-1.071402	213	10	154	0.872
-2.617994	1.658653	-2.409879	212	1	153	0.872
-2.617994	0.615174	-0.666022	4	201	227	0.872
1.308997	2.592629	0.909713	45	1	64	0.872
-1.308997	0.458961	-0.107937	235	195	223	0.872
-3.141593	1.050534	3.042579	230	193	155	0.872
-2.617994	1.050534	3.042579	218	196	161	0.872
2.356194	0.290380	-0.796960	8	184	213	0.872
2.356194	1.510910	-0.740472	26	41	211	0.871
-1.308997	1.599406	1.426070	197	28	206	0.871
-3.141593	2.180315	-1.357379	224	203	154	0.871
1.570796	0.914445	2.687814	235	231	3	0.844
0.523599	1.696674	-1.253233	11	183	202	0.844
-2.617994	1.014500	0.906702	1	234	4	0.844
1.047198	0.418037	1.360082	221	0	3	0.844
-2.617994	0.618092	2.539118	9	201	234	0.844
0.000000	1.218453	2.777284	227	236	8	0.844
1.047198	0.992645	-1.723759	8	195	223	0.843
2.356194	1.904882	-1.478089	237	193	222	0.843
2.617994	1.699788	2.452890	215	233	238	0.843
-2.879793	0.866955	-0.931351	215	13	1	0.843
-2.617994	1.545873	-1.877082	5	192	222	0.843
2.879793	2.760637	2.781135	11	204	148	0.843
2.094395	0.762244	-0.273349	226	15	6	0.843
-0.785398	2.664082	-1.071402	237	197	226	0.843
0.261799	1.736875	3.023612	199	235	233	0.843
0.785398	2.299159	2.264663	216	43	172	0.843
-1.308997	1.736875	3.023612	12	185	217	0.843
2.617994	1.391910	3.030322	10	189	225	0.843
0.261799	1.417623	-0.202254	32	38	207	0.843
-1.570796	2.089241	-0.114193	224	44	223	0.843
0.261799	1.870545	-2.976234	19	11	143	0.843
1.047198	2.073035	2.027405	216	19	151	0.843
-3.141593	0.419640	2.974122	4	198	223	0.843
0.785398	0.866955	-0.931351	239	193	221	0.843
0.785398	0.992645	-1.723759	6	196	223	0.843
2.094395	1.683268	0.374177	184	20	202	0.843
0.000000	1.756530	-2.105156	239	185	212	0.843
2.879793	1.195355	1.200319	233	193	217	0.843
-0.261799	0.914445	2.687814	11	197	235	0.843
1.047198	1.872854	1.543456	214	10	148	0.843
0.523599	2.164094	-2.991358	39	37	42	0.843
-2.617994	1.617114	-1.572037	18	44	152	0.843
1.047198	1.134796	2.434290	39	14	215	0.843
-0.523599	2.760637	2.781135	224	190	155	0.843
1.832596	1.617114	-1.572037	11	197	231	0.843
-1.047198	1.510910	-0.740472	221	39	231	0.843
0.523599	1.135813	-2.658866	10	186	228	0.843
-0.523599	0.906588	1.252948	238	19	141	0.843
2.617994	2.393226	1.857173	31	22	147	0.843
-2.879793	2.115563	0.685730	236	190	219	0.843
0.261799	0.615174	-0.666022	13	182	220	0.843
1.047198	1.569311	-3.003978	28	13	146	0.842
-2.617994	1.683268	0.374177	234	29	145	0.842
-0.523599	2.592629	0.909713	209	29	228	0.842
-0.523599	1.488617	1.159546	215	2	147	0.842
-1.570796	2.295480	1.008277	44	37	56	0.842
-2.094395	1.504028	0.636812	213	35	227	0.842
-2.356194	1.335669	0.897240	7	182	214	0.842
0.523599	0.866955	-0.931351	16	181	216	0.842
-3.141593	1.014500	0.906702	207	42	187	0.842
0.000000	1.545873	-1.877082	239	184	212	0.842
-1.047198	2.089241	-0.114193	239	191	216	0.842
1.308997	2.089241	-0.114193	5	184	219	0.842
-0.785398	2.041297	-2.664597	191	222	217	0.842
-2.617994	2.760637	2.781135	20	40	52	0.842
2.617994	0.910508	1.903534	220	206	220	0.835
-1.570796	2.063651	-2.044600	226	200	155	0.835
2.617994	0.674054	1.013609	7	195	224	0.828
0.000000	1.184361	0.625864	224	1	3	0.807
-1.308997	0.762244	-0.273349	226	5	5	0.807
-2.356194	2.164094	-2.991358	219	238	148	0.806
0.523599	1.128190	-2.288622	232	200	227	0.806
-1.570796	1.809167	1.213774	188	19	210	0.806
1.047198	0.619654	-2.216909	223	194	156	0.806
0.523599	1.301460	-0.509251	41	228	210	0.806
0.000000	2.138223	1.678323	222	195	162	0.806
0.785398	1.413430	2.550734	21	187	200	0.806
0.785398	2.984978	1.954446	225	200	155	0.806
-2.879793	2.396274	-1.959260	213	236	150	0.806
-1.570796	1.909857	-0.381669	209	233	147	0.806
1.047198	0.591903	2.010408	15	190	223	0.806
0.523599	1.699788	2.452890	231	193	160	0.806
-1.047198	1.736875	3.023612	211	231	152	0.806
0.785398	1.766067	2.153843	19	187	199	0.805
-2.879793	0.615174	-0.666022	3	203	228	0.778
-1.832596	2.579248	-2.364801	223	204	227	0.777
-3.141593	2.637879	2.121598	27	218	151	0.777
-2.094395	2.251330	-2.330739	223	206	229	0.777
2.617994	2.251330	-2.330739	6	26	142	0.777
0.000000	2.001437	0.381215	10	186	217	0.777
1.308997	2.379497	0.561089	238	188	211	0.777
-0.523599	0.864993	2.278281	209	231	238	0.777
-2.094395	1.606104	-0.451151	211	11	237	0.777
-3.141593	1.741644	-2.695914	31	45	210	0.777
0.000000	2.478122	2.609777	0	17	144	0.777
-1.570796	1.417623	-0.202254	215	5	1	0.777
-2.617994	2.719179	-1.780644	206	41	189	0.777
-2.094395	1.413430	2.550734	198	236	233	0.777
0.000000	0.370812	-2.547742	202	230	237	0.777
1.570796	1.135813	-2.658866	25	193	228	0.777
-2.356194	1.301460	-0.509251	195	1	229	0.777
-1.308997	0.831641	0.616218	237	189	221	0.777
-2.356194	0.864993	2.278281	3	203	233	0.777
2.617994	2.247462	0.191623	8	189	226	0.777
-2.617994	0.960688	-0.577532	198	0	231	0.777
1.832596	1.870545	-2.976234	230	201	228	0.777
-1.047198	0.866955	-0.931351	31	41	215	0.777
2.094395	2.104282	-0.813972	239	195	225	0.777
-3.141593	1.696674	-1.253233	14	201	232	0.777
0.785398	1.683268	0.374177	21	191	222	0.777
2.094395	2.393226	1.857173	30	15	147	0.777
-2.094395	1.875281	0.107086	207	30	223	0.777
0.261799	0.370812	-2.547742	202	227	237	0.777
2.617994	0.080730	-2.622036	17	192	231	0.777
-1.832596	1.569311	-3.003978	211	238	152	0.777
-1.832596	2.478122	2.609777	17	28	142	0.777
-2.617994	1.766067	2.153843	13	202	147	0.777
-2.356194	2.724429	-0.348782	19	18	136	0.777
1.570796	1.554776	0.100351	6	184	214	0.777
0.785398	0.864993	2.278281	14	186	218	0.777
-2.617994	1.909857	-0.381669	209	34	221	0.777
1.832596	1.045978	0.343692	14	184	208	0.777
1.570796	1.256302	0.062705	7	184	214	0.777
-0.261799	1.506530	1.988858	16	184	224	0.777
0.785398	2.455966	-0.641220	8	188	226	0.777
-0.261799	2.104282	-0.813972	226	198	148	0.777
-0.785398	0.418037	1.360082	18	27	139	0.777
-0.261799	1.982574	-1.115518	214	238	150	0.777
-3.141593	1.846342	-1.796954	4	203	231	0.777
1.570796	2.393226	1.857173	15	198	154	0.777
-2.617994	1.875281	0.107086	213	37	223	0.777
0.785398	2.180315	-1.357379	32	22	149	0.777
2.094395	1.836682	-0.676006	31	41	207	0.777
-2.879793	1.875281	0.107086	216	39	223	0.777
0.000000	1.134796	2.434290	34	13	145	0.777
-1.308997	1.391910	3.030322	197	230	233	0.777
0.785398	1.870545	-2.976234	23	14	143	0.777
-3.141593	2.063651	-2.044600	214	12	4	0.777
-0.261799	1.658653	-2.409879	218	203	220	0.777
-1.308997	0.866955	-0.931351	29	42	219	0.777
-2.879793	2.299159	2.264663	192	30	205	0.777
-1.832596	1.025536	1.576859	236	195	226	0.777
-2.094395	1.374601	-2.456031	5	188	228	0.777
-2.617994	1.662363	0.915448	224	200	221	0.777
-2.356194	1.875281	0.107086	210	34	223	0.777
-1.047198	1.025536	1.576859	189	16	217	0.777
-0.261799	2.456751	-1.503343	212	6	147	0.777
1.570796	2.979456	-1.009304	30	37	215	0.777
1.570796	2.104282	-0.813972	36	36	203	0.777
0.523599	1.846342	-1.796954	30	209	155	0.777
2.094395	0.685216	-1.712745	15	195	223	0.776
-2.094395	1.367556	0.358405	213	30	230	0.776
-0.261799	1.413347	-1.339188	236	188	208	0.776
1.308997	1.977582	0.969896	238	193	202	0.776
2.879793	1.510910	-0.740472	32	43	193	0.776
-2.879793	0.618092	2.539118	35	39	70	0.776
-1.047198	0.762244	-0.273349	234	191	218	0.776
2.094395	0.960688	-0.577532	43	35	205	0.776
0.000000	1.617114	-1.572037	239	186	207	0.775
1.832596	2.115563	0.685730	7	185	208	0.775
0.261799	1.904882	-1.478089	5	185	202	0.774
-1.570796	2.041297	-2.664597	225	205	154	0.769
-1.570796	1.699788	2.452890	210	0	157	0.769
1.308997	1.506530	1.988858	13	191	222	0.762
2.356194	0.418037	1.360082	22	225	233	0.749
-2.879793	2.979456	-1.009304	218	189	185	0.749
-0.261799	0.619654	-2.216909	201	232	236	0.748
-1.047198	2.041297	-2.664597	196	25	179	0.748
-3.141593	1.982574	-1.115518	39	236	154	0.748
-1.570796	2.299159	2.264663	228	8	13	0.748
2.879793	2.407836	1.410646	239	39	147	0.748
-1.308997	2.164094	-2.991358	200	220	223	0.748
2.879793	1.982574	-1.115518	42	233	154	0.748
-2.617994	1.184361	0.625864	230	25	17	0.748
-1.047198	0.418037	1.360082	7	201	233	0.748
-1.308997	2.174483	2.653697	228	7	17	0.748
2.617994	1.982574	-1.115518	44	230	154	0.748
-1.308997	0.910508	1.903534	1	17	140	0.748
-1.832596	1.448123	-2.163292	201	33	179	0.748
2.094395	1.450119	-2.739050	198	224	227	0.748
-1.308997	0.571433	-1.188419	230	18	26	0.748
-2.356194	0.496451	0.593859	231	17	29	0.748
0.785398	1.134497	-1.109631	7	188	217	0.748
1.570796	1.948085	-2.363031	239	186	218	0.748
-2.094395	2.108018	1.311430	4	194	227	0.748
2.094395	2.115563	0.685730	14	38	142	0.748
-2.617994	1.488617	1.159546	229	23	18	0.748
-1.832596	0.961715	0.014085	227	14	17	0.748
-1.047198	1.413347	-1.339188	234	3	15	0.747
-2.356194	1.766067	2.153843	231	23	23	0.747
2.094395	2.295480	1.008277	13	39	143	0.747
-2.094395	1.872854	1.543456	227	13	15	0.747
-2.356194	0.709924	0.218797	230	23	23	0.747
0.785398	2.456751	-1.503343	214	191	179	0.747
-2.356194	1.450119	-2.739050	211	3	156	0.740
2.879793	0.929350	-2.910676	226	195	155	0.740
0.261799	1.134796	2.434290	27	236	71	0.740
-1.570796	1.977582	0.969896	187	17	209	0.740
-0.261799	2.164094	-2.991358	231	203	151	0.740
-0.523599	2.073035	2.027405	208	230	157	0.740
1.308997	0.370812	-2.547742	36	25	214	0.739
-1.308997	1.977582	0.969896	186	13	209	0.739
2.094395	0.914445	2.687814	234	232	3	0.712
1.570796	0.906588	1.252948	234	0	2	0.712
-2.617994	0.914445	2.687814	225	233	3	0.712
-2.356194	1.904882	-1.478089	10	203	232	0.711
-2.879793	1.872854	1.543456	23	37	156	0.711
-1.047198	0.674054	1.013609	230	201	229	0.711
-0.261799	2.001437	0.381215	6	188	217	0.711
2.356194	0.914445	2.687814	233	233	3	0.711
0.785398	1.374601	-2.456031	30	13	150	0.711
2.356194	0.674054	1.013609	233	6	5	0.711
-2.879793	2.153910	-1.714959	200	29	192	0.711
2.617994	0.961715	0.014085	226	15	5	0.711
0.261799	2.063651	-2.044600	26	16	145	0.711
2.356194	1.134497	-1.109631	7	191	227	0.711
-1.570796	2.881233	-2.582574	23	19	142	0.711
1.832596	2.187132	-0.479875	35	37	204	0.711
-1.047198	1.195355	1.200319	227	199	224	0.711
-1.047198	1.367556	0.358405	2	198	226	0.711
2.356194	2.579248	-2.364801	202	226	233	0.711
-2.617994	1.606104	-0.451151	209	32	224	0.711
2.356194	1.736875	3.023612	21	24	144	0.711
2.879793	0.831641	0.616218	2	197	226	0.711
2.617994	1.325504	-1.671296	3	197	229	0.711
1.308997	2.455966	-0.641220	16	189	226	0.711
-0.785398	2.063651	-2.044600	36	34	215	0.711
1.570796	1.374601	-2.456031	31	25	150	0.711
-0.523599	0.203748	0.590255	222	32	232	0.711
2.879793	1.433411	-1.035986	16	194	229	0.711
-1.832596	1.214854	-1.966664	1	20	142	0.711
-2.617994	1.699788	2.452890	17	36	149	0.711
-1.047198	1.014500	0.906702	226	199	223	0.711
1.308997	1.909857	-0.381669	7	188	224	0.711
-1.308997	1.128190	-2.288622	238	192	210	0.711
1.047198	0.080730	-2.622036	202	223	235	0.711
-2.617994	2.724429	-0.348782	33	40	213	0.711
1.570796	1.325504	-1.671296	36	36	204	0.711
2.094395	2.001437	0.381215	37	33	209	0.711
-0.523599	1.506530	1.988858	228	234	145	0.711
-1.570796	2.863997	0.549740	206	224	230	0.711
-0.785398	1.247695	1.809890	232	201	229	0.711
-2.617994	2.863997	0.549740	225	200	148	0.711
-3.141593	1.870545	-2.976234	11	28	142	0.711
-2.879793	1.699788	2.452890	21	35	149	0.711
-2.617994	0.709924	0.218797	225	9	6	0.711
-1.832596	0.906588	1.252948	235	195	224	0.711
2.356194	2.187132	-0.479875	3	192	226	0.711
-0.261799	2.637879	2.121598	34	41	201	0.711
-2.094395	1.721184	-0.153948	239	190	156	0.711
-1.047198	0.591903	2.010408	214	221	149	0.711
-1.570796	1.998705	2.370472	7	31	147	0.711
0.000000	2.164094	-2.991358	15	16	141	0.711
-0.785398	1.045978	0.343692	205	208	218	0.711
0.523599	0.961715	0.014085	191	24	200	0.711
-1.047198	1.247695	1.809890	228	202	229	0.711
-1.308997	1.417623	-0.202254	222	43	222	0.711
-1.832596	2.724429	-0.348782	218	42	224	0.710
0.785398	0.370812	-2.547742	27	47	210	0.710
-0.261799	0.831641	0.616218	17	183	220	0.710
-0.261799	1.014500	0.906702	4	197	227	0.710
2.617994	0.571433	-1.188419	6	185	219	0.710
0.261799	1.741644	-2.695914	231	198	221	0.710
2.617994	1.510910	-0.740472	220	40	223	0.710
-1.308997	1.875281	0.107086	221	198	151	0.710
0.523599	1.247695	1.809890	9	187	218	0.710
0.000000	2.089241	-0.114193	16	188	213	0.702
-0.523599	1.113094	-0.272241	0	234	2	0.683
0.261799	0.914445	2.687814	231	232	3	0.683
-3.141593	1.599406	1.426070	195	17	178	0.683
0.000000	0.914445	2.687814	229	232	3	0.683
1.570796	2.108018	1.311430	205	32	180	0.682
-2.617994	1.413347	-1.339188	17	195	231	0.682
2.356194	1.413347	-1.339188	210	234	1	0.682
-0.261799	2.108018	1.311430	230	188	161	0.682
-2.617994	1.218453	2.777284	235	40	6	0.682
-2.617994	1.134796	2.434290	232	37	6	0.682
1.832596	2.001437	0.381215	40	234	155	0.682
1.047198	1.982574	-1.115518	1	192	150	0.682
1.308997	1.982574	-1.115518	4	194	150	0.682
-1.047198	0.914445	2.687814	221	6	13	0.682
-1.047198	2.295480	1.008277	230	188	153	0.682
1.832596	2.984978	1.954446	17	33	141	0.682
-1.570796	1.812176	0.656819	229	197	154	0.682
2.356194	1.574060	2.783565	197	225	223	0.682
-2.356194	2.356369	3.005869	194	16	172	0.682
1.047198	1.417623	-0.202254	236	190	219	0.682
-1.570796	2.251330	-2.330739	206	8	157	0.682
0.785398	2.863997	0.549740	14	30	138	0.682
-1.047198	2.115563	0.685730	229	189	152	0.681
-0.261799	2.704512	1.488683	3	191	152	0.681
-1.308997	2.664082	-1.071402	7	29	137	0.681
0.000000	2.579248	-2.364801	233	21	24	0.681
2.094395	1.135834	-1.431087	44	15	18	0.681
-2.879793	1.134796	2.434290	234	39	6	0.681
-2.094395	2.760637	2.781135	191	8	164	0.681
-3.141593	1.134796	2.434290	237	40	6	0.681
-2.356194	1.184361	0.625864	186	5	176	0.681
-2.094395	1.555207	1.708892	229	13	22	0.681
-2.617994	1.982574	-1.115518	8	187	210	0.681
0.523599	1.135834	-1.431087	234	183	168	0.680
2.879793	1.247695	1.809890	230	191	159	0.674
-1.832596	2.719179	-1.780644	229	199	154	0.674
0.261799	1.440580	2.260026	227	192	165	0.674
-0.523599	0.619654	-2.216909	215	228	238	0.646
-0.523599	0.866395	-2.492918	215	226	238	0.646
-0.785398	2.393226	1.857173	219	235	238	0.646
2.617994	1.977582	0.969896	36	36	206	0.646
-1.308997	0.992645	-1.723759	2	190	217	0.646
0.000000	1.683268	0.374177	212	216	227	0.645
0.000000	1.732874	-0.951685	28	190	207	0.645
-1.308997	0.850607	-1.335383	33	35	222	0.645
-2.879793	1.824694	1.850876	23	36	154	0.645
-0.785398	1.310100	1.488307	230	199	225	0.645
1.308997	2.664082	-1.071402	27	29	148	0.645
2.879793	2.984978	1.954446	26	19	144	0.645
2.617994	1.948085	-2.363031	10	29	143	0.645
1.308997	2.724429	-0.348782	229	209	146	0.645
0.523599	0.080730	-2.622036	202	230	236	0.645
0.000000	2.637879	2.121598	215	5	152	0.645
-1.308997	1.256302	0.062705	218	5	3	0.645
-2.617994	2.984978	1.954446	25	28	145	0.645
0.261799	0.419640	2.974122	11	188	221	0.645
-3.141593	1.809167	1.213774	31	40	208	0.645
0.261799	1.128190	-2.288622	27	189	202	0.645
2.879793	1.683268	0.374177	28	40	212	0.645
-1.308997	0.290380	-0.796960	15	194	227	0.645
1.832596	1.135834	-1.431087	32	39	209	0.645
-0.523599	1.310100	1.488307	235	199	225	0.645
-2.094395	0.080730	-2.622036	235	196	218	0.645
-2.356194	2.393226	1.857173	210	0	238	0.645
-1.570796	1.450119	-2.739050	234	198	225	0.645
-2.617994	1.195355	1.200319	228	199	220	0.645
-1.047198	1.045978	0.343692	220	189	169	0.645
2.879793	0.297065	2.160177	205	227	237	0.645
0.523599	0.864993	2.278281	10	187	218	0.645
1.047198	1.658653	-2.409879	29	18	147	0.645
0.261799	0.203748	0.590255	222	16	5	0.645
1.832596	1.658653	-2.409879	27	28	147	0.645
-2.617994	2.164094	-2.991358	221	238	147	0.645
0.523599	2.089241	-0.114193	23	191	215	0.645
2.617994	0.831641	0.616218	232	11	6	0.645
2.617994	2.579248	-2.364801	5	21	140	0.645
1.832596	2.138223	1.678323	238	20	138	0.645
0.000000	0.379747	-1.713059	12	28	141	0.645
1.832596	2.404280	-0.174044	235	211	146	0.645
0.000000	1.599406	1.426070	3	189	217	0.644
2.617994	1.683268	0.374177	30	37	214	0.644
0.785398	1.554776	0.100351	23	196	222	0.638
-2.617994	2.041297	-2.664597	236	191	221	0.616
0.785398	0.929350	-2.910676	218	231	239	0.616
2.879793	1.904882	-1.478089	38	38	192	0.616
0.785398	2.396274	-1.959260	11	184	199	0.616
-2.617994	1.134497	-1.109631	26	215	148	0.616
-2.356194	2.407836	1.410646	205	10	154	0.616
-2.617994	2.592629	0.909713	31	34	217	0.616
0.261799	0.866395	-2.492918	2	190	229	0.616
-3.141593	1.977582	0.969896	234	194	222	0.616
2.094395	1.134796	2.434290	30	36	223	0.616
1.570796	1.134796	2.434290	33	31	223	0.616
2.356194	0.866955	-0.931351	7	185	223	0.616
0.523599	0.899350	-2.069907	6	185	225	0.616
1.570796	1.433411	-1.035986	36	12	149	0.616
2.356194	2.295480	1.008277	21	233	23	0.616
