144	1.2	1
-2.094395	0.619654	-2.216909
0.000000	0.000000	0.000000
2hym.pdb	0.099	0.754	11.020
model.B99990002.pdb	33.919	74.744	35.861
-0.523599	1.025536	1.576859	138	64	7	0.059
1.570796	2.587733	0.232235	4	64	9	0.051
0.785398	2.579248	-2.364801	13	67	18	0.051
1.570796	2.089241	-0.114193	3	64	7	0.051
0.261799	1.836682	-0.676006	133	64	15	0.049
1.570796	2.349581	-2.702517	6	61	16	0.049
1.570796	0.418037	1.360082	15	63	13	0.049
-0.523599	1.554776	0.100351	135	63	9	0.048
0.261799	0.379747	-1.713059	139	66	15	0.048
-1.832596	2.115563	0.685730	139	83	139	0.047
2.617994	1.756530	-2.105156	0	83	15	0.047
-2.356194	0.458961	-0.107937	3	74	16	0.047
-1.570796	0.458961	-0.107937	136	83	13	0.047
-2.356194	1.599406	1.426070	134	64	3	0.047
-1.570796	1.599406	1.426070	136	76	3	0.047
-2.094395	1.554776	0.100351	137	76	143	0.047
1.832596	0.618092	2.539118	143	75	13	0.047
0.785398	0.419640	2.974122	10	80	17	0.047
2.356194	1.413430	2.550734	5	83	12	0.047
-0.785398	0.850607	-1.335383	138	74	15	0.047
-1.832596	0.370812	-2.547742	10	76	23	0.047
-3.141593	2.979456	-1.009304	11	76	10	0.047
-1.047198	2.979456	-1.009304	138	78	13	0.047
1.308997	1.998705	2.370472	15	75	10	0.047
-2.879793	0.674054	1.013609	7	75	11	0.047
-2.356194	0.674054	1.013609	141	74	12	0.047
1.308997	0.674054	1.013609	16	75	11	0.047
-2.617994	0.906588	1.252948	142	76	8	0.047
-2.094395	0.906588	1.252948	136	75	7	0.047
0.523599	2.187132	-0.479875	135	76	6	0.047
1.570796	2.719179	-1.780644	12	76	12	0.047
2.094395	2.719179	-1.780644	13	75	15	0.047
-2.879793	2.396274	-1.959260	135	83	6	0.047
1.832596	2.396274	-1.959260	5	75	16	0.047
2.356194	2.396274	-1.959260	3	80	15	0.047
-1.832596	0.864993	2.278281	135	47	16	0.047
-2.617994	1.014500	0.906702	1	75	6	0.047
-0.785398	2.724429	-0.348782	1	75	9	0.047
-2.356194	1.194549	-0.801900	0	76	14	0.047
2.356194	1.741644	-2.695914	1	77	18	0.047
-1.570796	2.664082	-1.071402	142	76	11	0.047
-1.308997	2.664082	-1.071402	134	76	17	0.047
0.000000	2.664082	-1.071402	134	80	14	0.047
2.094395	2.664082	-1.071402	9	76	7	0.047
2.879793	2.664082	-1.071402	11	73	13	0.047
-2.879793	2.579248	-2.364801	141	73	15	0.047
1.832596	2.579248	-2.364801	6	84	14	0.047
1.308997	0.899350	-2.069907	1	75	25	0.047
-0.261799	2.984978	1.954446	8	83	4	0.047
1.047198	2.984978	1.954446	1	83	5	0.047
1.308997	2.984978	1.954446	1	81	9	0.047
0.261799	2.863997	0.549740	139	75	10	0.047
0.523599	2.863997	0.549740	142	75	8	0.047
-2.356194	0.290380	-0.796960	10	74	20	0.047
-1.832596	0.290380	-0.796960	5	81	16	0.047
-1.308997	0.290380	-0.796960	5	77	19	0.047
2.094395	1.948085	-2.363031	5	80	13	0.047
2.356194	2.760637	2.781135	138	75	7	0.047
-0.261799	2.089241	-0.114193	137	75	2	0.047
0.261799	2.349581	-2.702517	0	74	16	0.047
2.617994	2.349581	-2.702517	1	80	16	0.047
-1.308997	2.180315	-1.357379	134	75	13	0.047
2.617994	2.180315	-1.357379	8	74	17	0.047
2.356194	2.478122	2.609777	142	75	14	0.047
-2.094395	1.184361	0.625864	8	75	11	0.047
-2.879793	1.977582	0.969896	3	76	1	0.047
2.356194	2.637879	2.121598	141	75	7	0.047
2.094395	0.203748	0.590255	7	76	10	0.047
2.617994	0.203748	0.590255	3	76	17	0.047
-1.308997	0.571433	-1.188419	4	76	20	0.047
-1.570796	0.297065	2.160177	139	47	17	0.047
1.308997	0.297065	2.160177	9	75	12	0.047
-0.261799	0.080730	-2.622036	6	75	20	0.047
1.047198	2.104282	-0.813972	5	74	17	0.047
1.570796	2.104282	-0.813972	5	57	14	0.047
-3.141593	1.050534	3.042579	129	76	18	0.047
0.261799	0.733948	3.021411	8	75	19	0.047
2.356194	2.588535	-2.976617	137	74	8	0.047
0.000000	0.685216	-1.712745	143	78	25	0.047
1.832596	2.063651	-2.044600	9	71	19	0.047
2.094395	2.063651	-2.044600	7	73	23	0.047
-2.879793	0.700570	1.559208	137	83	7	0.047
-2.617994	0.700570	1.559208	138	76	11	0.047
0.523599	0.700570	1.559208	7	76	12	0.047
0.785398	0.700570	1.559208	4	76	13	0.047
2.356194	0.700570	1.559208	7	83	13	0.047
1.570796	2.251330	-2.330739	3	79	12	0.047
2.356194	1.374601	-2.456031	135	75	20	0.047
-1.832596	2.704512	1.488683	10	75	7	0.047
0.785398	2.704512	1.488683	4	78	8	0.047
2.617994	0.910508	1.903534	2	75	4	0.047
-2.879793	0.709924	0.218797	3	77	9	0.047
-3.141593	0.496451	0.593859	6	79	11	0.047
2.617994	0.496451	0.593859	11	75	8	0.047
2.879793	0.496451	0.593859	13	75	16	0.047
1.047198	1.433411	-1.035986	2	76	18	0.047
-2.879793	0.418037	1.360082	4	80	17	0.047
-2.094395	0.418037	1.360082	140	76	15	0.047
1.832596	0.418037	1.360082	8	75	11	0.047
-2.356194	1.214854	-1.966664	4	83	23	0.047
2.094395	1.214854	-1.966664	5	76	20	0.047
-2.094395	2.404280	-0.174044	139	71	13	0.046
1.570796	0.618092	2.539118	6	67	15	0.045
-0.261799	2.396274	-1.959260	140	64	14	0.045
0.785398	0.591903	2.010408	17	64	12	0.045
2.094395	1.721184	-0.153948	2	64	8	0.045
0.261799	1.025536	1.576859	4	64	8	0.045
1.047198	2.704512	1.488683	143	71	7	0.045
2.356194	1.367556	0.358405	10	61	4	0.044
-1.047198	0.762244	-0.273349	135	71	4	0.044
1.570796	2.115563	0.685730	133	63	138	0.044
0.000000	0.866395	-2.492918	139	71	21	0.044
2.617994	2.664082	-1.071402	16	62	17	0.044
1.832596	2.407836	1.410646	137	63	5	0.044
-2.356194	0.762244	-0.273349	142	71	11	0.044
2.356194	2.251330	-2.330739	0	66	10	0.044
0.261799	2.404280	-0.174044	130	64	7	0.043
2.094395	2.404280	-0.174044	9	63	7	0.043
1.308997	1.756530	-2.105156	7	63	22	0.043
0.523599	0.458961	-0.107937	143	51	10	0.043
-1.308997	1.599406	1.426070	1	67	10	0.043
1.047198	1.554776	0.100351	134	61	4	0.043
-1.832596	0.419640	2.974122	141	63	17	0.043
-1.047198	1.134796	2.434290	139	63	7	0.043
-0.785398	1.134796	2.434290	3	69	8	0.043
1.308997	1.413347	-1.339188	1	63	15	0.043
-1.570796	0.674054	1.013609	134	88	13	0.043
1.047198	0.674054	1.013609	9	64	10	0.043
-0.523599	0.906588	1.252948	4	59	4	0.043
-1.832596	0.379747	-1.713059	1	59	17	0.043
1.308997	2.187132	-0.479875	142	71	4	0.043
-1.047198	2.719179	-1.780644	143	59	13	0.043
1.047198	2.719179	-1.780644	22	71	16	0.043
1.570796	1.014500	0.906702	15	59	8	0.043
-1.308997	0.899350	-2.069907	3	66	23	0.043
2.094395	2.984978	1.954446	0	71	8	0.043
-3.141593	2.863997	0.549740	143	59	5	0.043
-2.356194	2.108018	1.311430	140	68	9	0.043
-1.047198	2.637879	2.121598	10	64	5	0.043
-1.832596	1.555207	1.708892	133	68	142	0.043
-1.308997	1.555207	1.708892	143	59	0	0.043
0.000000	0.297065	2.160177	4	63	13	0.043
-1.832596	0.733948	3.021411	0	59	14	0.043
1.308997	2.251330	-2.330739	4	71	16	0.043
2.879793	2.881233	-2.582574	138	87	12	0.043
-2.356194	1.247695	1.809890	135	71	5	0.043
-2.617994	1.904882	-1.478089	10	67	20	0.043
2.356194	0.496451	0.593859	15	59	18	0.043
-1.308997	1.658653	-2.409879	139	64	20	0.043
1.047198	0.418037	1.360082	7	64	18	0.043
-1.308997	2.404280	-0.174044	7	71	12	0.042
1.832596	1.310100	1.488307	15	59	10	0.042
-1.832596	1.045978	0.343692	6	71	15	0.042
-2.879793	1.488617	1.159546	141	63	4	0.042
-2.356194	1.488617	1.159546	141	61	9	0.042
-1.308997	1.242974	-2.977882	139	63	10	0.042
2.356194	2.063651	-2.044600	7	62	23	0.042
-1.047198	0.960688	-0.577532	138	71	13	0.042
1.047198	0.910508	1.903534	5	66	10	0.042
1.047198	1.448123	-2.163292	141	66	18	0.042
1.832596	2.251330	-2.330739	7	63	15	0.042
-2.879793	2.664082	-1.071402	142	61	14	0.042
2.094395	2.356369	3.005869	139	62	6	0.042
2.094395	2.349581	-2.702517	3	86	17	0.042
-3.141593	2.588535	-2.976617	136	59	15	0.042
-1.570796	0.615174	-0.666022	3	88	21	0.041
0.523599	2.404280	-0.174044	141	64	11	0.041
-3.141593	2.115563	0.685730	143	54	139	0.041
-2.094395	2.115563	0.685730	137	59	140	0.041
1.047198	2.115563	0.685730	2	63	4	0.041
-2.617994	0.458961	-0.107937	4	63	3	0.041
0.261799	1.599406	1.426070	143	63	5	0.041
-0.261799	2.393226	1.857173	6	66	2	0.041
-0.785398	0.419640	2.974122	6	63	14	0.041
0.523599	0.850607	-1.335383	3	66	18	0.041
2.094395	2.343981	-1.040456	11	64	10	0.041
0.785398	0.906588	1.252948	8	64	18	0.041
-1.047198	0.866955	-0.931351	140	65	15	0.041
-1.308997	0.866395	-2.492918	6	63	17	0.041
-0.785398	1.617114	-1.572037	139	64	24	0.041
-2.094395	1.014500	0.906702	139	63	14	0.041
-2.617994	2.664082	-1.071402	24	67	12	0.041
1.308997	2.664082	-1.071402	11	71	16	0.041
0.523599	2.579248	-2.364801	142	67	16	0.041
1.570796	2.984978	1.954446	138	71	5	0.041
-0.785398	1.809167	1.213774	1	71	2	0.041
-0.261799	1.135834	-1.431087	143	71	20	0.041
-1.308997	1.195355	1.200319	133	63	6	0.041
1.570796	1.195355	1.200319	6	64	10	0.041
1.047198	1.440580	2.260026	14	71	3	0.041
1.832596	1.545873	-1.877082	12	67	25	0.041
-1.047198	2.407836	1.410646	1	64	3	0.041
-0.785398	2.478122	2.609777	10	61	6	0.041
1.832596	1.325504	-1.671296	143	64	26	0.041
2.356194	1.325504	-1.671296	6	64	24	0.041
1.047198	2.637879	2.121598	1	86	8	0.041
-1.832596	0.203748	0.590255	142	88	15	0.041
1.570796	1.982574	-1.115518	6	63	18	0.041
-0.785398	0.297065	2.160177	135	61	17	0.041
-0.523599	0.297065	2.160177	3	63	9	0.041
2.094395	0.297065	2.160177	1	66	14	0.041
1.308997	1.872854	1.543456	143	67	5	0.041
1.308997	1.721184	-0.153948	141	64	3	0.041
-1.047198	0.733948	3.021411	11	86	27	0.041
1.047198	1.025536	1.576859	6	64	6	0.041
2.094395	2.251330	-2.330739	0	59	14	0.041
-2.617994	1.374601	-2.456031	136	68	24	0.041
-0.523599	2.704512	1.488683	143	71	142	0.041
-1.047198	0.929350	-2.910676	4	51	19	0.041
-1.047198	1.128190	-2.288622	9	70	22	0.041
2.356194	1.696674	-1.253233	8	59	15	0.041
2.879793	1.696674	-1.253233	8	67	23	0.041
-2.879793	1.683268	0.374177	141	71	4	0.041
1.570796	1.683268	0.374177	5	64	3	0.041
0.261799	1.875281	0.107086	142	64	4	0.041
-2.617994	0.709924	0.218797	8	95	13	0.041
1.308997	1.433411	-1.035986	4	64	22	0.041
-3.141593	1.214854	-1.966664	7	63	21	0.041
-2.879793	1.662363	0.915448	11	63	3	0.041
-0.261799	1.599406	1.426070	9	87	0	0.041
-1.832596	0.831641	0.616218	139	64	8	0.041
-2.094395	2.724429	-0.348782	135	63	7	0.041
-0.261799	1.809167	1.213774	10	61	2	0.041
-1.832596	1.696674	-1.253233	136	62	19	0.041
2.617994	2.379497	0.561089	4	52	6	0.041
-2.356194	1.413430	2.550734	129	64	3	0.040
2.617994	0.674054	1.013609	9	64	6	0.040
2.879793	0.674054	1.013609	3	89	12	0.040
2.879793	2.396274	-1.959260	139	71	17	0.040
1.047198	2.863997	0.549740	129	64	1	0.040
2.879793	2.456751	-1.503343	9	65	14	0.040
-2.356194	2.349581	-2.702517	127	67	18	0.040
-1.570796	1.184361	0.625864	141	90	8	0.040
0.523599	1.050534	3.042579	7	93	19	0.040
0.261799	2.251330	-2.330739	11	51	18	0.040
2.094395	2.704512	1.488683	139	50	3	0.040
2.094395	1.433411	-1.035986	0	64	17	0.040
-3.141593	0.914445	2.687814	141	64	13	0.040
-0.261799	2.863997	0.549740	137	66	6	0.040
2.094395	1.310100	1.488307	12	54	3	0.040
-2.356194	2.979456	-1.009304	139	63	4	0.040
-1.570796	1.113094	-0.272241	3	63	10	0.040
0.785398	2.349581	-2.702517	13	54	17	0.040
-1.832596	0.762244	-0.273349	1	89	12	0.040
2.879793	0.418037	1.360082	140	87	10	0.040
-3.141593	0.700570	1.559208	1	87	13	0.039
-1.832596	0.615174	-0.666022	7	59	20	0.039
-2.879793	1.450119	-2.739050	132	83	13	0.039
-2.356194	1.450119	-2.739050	142	76	13	0.039
1.308997	1.450119	-2.739050	10	76	18	0.039
2.879793	1.450119	-2.739050	133	83	11	0.039
-0.523599	2.404280	-0.174044	140	77	9	0.039
-0.261799	2.404280	-0.174044	136	76	11	0.039
0.785398	2.404280	-0.174044	137	80	5	0.039
1.308997	2.404280	-0.174044	135	59	11	0.039
2.879793	2.404280	-0.174044	8	81	5	0.039
-2.356194	2.115563	0.685730	9	80	9	0.039
0.523599	2.115563	0.685730	3	74	8	0.039
-1.570796	1.756530	-2.105156	142	81	21	0.039
0.000000	1.756530	-2.105156	6	76	20	0.039
0.785398	1.756530	-2.105156	6	81	20	0.039
1.570796	1.756530	-2.105156	5	75	27	0.039
2.356194	1.756530	-2.105156	15	75	22	0.039
-0.523599	1.869911	2.701025	4	59	5	0.039
0.785398	1.869911	2.701025	5	79	8	0.039
-3.141593	0.458961	-0.107937	12	83	14	0.039
-1.832596	0.458961	-0.107937	143	76	11	0.039
-0.261799	0.458961	-0.107937	139	83	14	0.039
1.047198	0.458961	-0.107937	7	54	16	0.039
2.356194	0.458961	-0.107937	1	71	19	0.039
2.617994	0.458961	-0.107937	9	59	10	0.039
-2.617994	1.599406	1.426070	140	76	1	0.039
-1.832596	1.599406	1.426070	133	79	5	0.039
1.308997	1.599406	1.426070	1	75	3	0.039
-2.617994	1.554776	0.100351	5	78	9	0.039
-2.617994	0.618092	2.539118	136	77	10	0.039
-2.094395	0.618092	2.539118	136	75	13	0.039
-1.570796	0.618092	2.539118	135	46	17	0.039
-1.047198	0.618092	2.539118	0	75	15	0.039
0.785398	0.618092	2.539118	10	71	15	0.039
1.047198	0.618092	2.539118	4	75	19	0.039
1.308997	0.618092	2.539118	13	76	8	0.039
2.879793	0.618092	2.539118	128	69	13	0.039
-1.570796	1.846342	-1.796954	129	76	23	0.039
-1.308997	1.846342	-1.796954	134	83	14	0.039
-0.785398	1.846342	-1.796954	137	83	22	0.039
0.785398	1.846342	-1.796954	9	63	20	0.039
2.094395	1.846342	-1.796954	9	76	18	0.039
1.570796	0.615174	-0.666022	6	42	17	0.039
-1.570796	2.393226	1.857173	7	63	4	0.039
1.308997	2.393226	1.857173	141	76	7	0.039
2.094395	2.393226	1.857173	4	84	14	0.039
-2.617994	0.419640	2.974122	136	76	12	0.039
-2.094395	0.419640	2.974122	132	47	12	0.039
-1.570796	0.419640	2.974122	141	47	22	0.039
-1.308997	0.419640	2.974122	6	78	19	0.039
-1.047198	0.419640	2.974122	4	76	9	0.039
0.261799	0.419640	2.974122	12	63	16	0.039
1.047198	0.419640	2.974122	12	81	23	0.039
1.570796	0.419640	2.974122	141	83	15	0.039
2.356194	0.419640	2.974122	139	78	11	0.039
0.000000	1.134796	2.434290	17	75	9	0.039
-3.141593	2.587733	0.232235	7	63	10	0.039
-2.356194	2.587733	0.232235	13	71	10	0.039
-1.570796	2.587733	0.232235	2	80	11	0.039
-0.523599	2.587733	0.232235	2	76	7	0.039
0.261799	2.587733	0.232235	130	68	5	0.039
0.523599	2.587733	0.232235	133	71	0	0.039
0.785398	2.587733	0.232235	137	76	12	0.039
2.094395	2.587733	0.232235	12	45	2	0.039
-2.094395	1.413430	2.550734	130	64	3	0.039
-1.832596	1.413430	2.550734	142	42	19	0.039
-2.617994	1.417623	-0.202254	0	73	11	0.039
-1.832596	0.850607	-1.335383	1	75	14	0.039
-1.308997	0.850607	-1.335383	13	71	24	0.039
-1.570796	0.370812	-2.547742	143	65	19	0.039
-1.308997	0.370812	-2.547742	21	76	23	0.039
-1.047198	0.370812	-2.547742	6	75	17	0.039
-0.523599	0.370812	-2.547742	7	75	22	0.039
0.523599	0.370812	-2.547742	2	69	20	0.039
1.308997	0.370812	-2.547742	9	83	23	0.039
2.094395	0.370812	-2.547742	137	78	19	0.039
2.879793	0.370812	-2.547742	0	75	22	0.039
-1.570796	0.640596	-2.797608	5	70	12	0.039
-1.047198	0.640596	-2.797608	141	47	18	0.039
-0.523599	0.640596	-2.797608	0	81	15	0.039
2.617994	0.640596	-2.797608	136	76	18	0.039
2.879793	0.640596	-2.797608	137	70	15	0.039
-1.570796	2.979456	-1.009304	139	71	9	0.039
-1.308997	2.979456	-1.009304	139	71	6	0.039
1.832596	2.979456	-1.009304	14	47	10	0.039
2.356194	2.979456	-1.009304	12	68	12	0.039
-3.141593	0.831641	0.616218	0	76	10	0.039
-2.617994	0.831641	0.616218	2	75	6	0.039
-2.094395	0.831641	0.616218	139	79	8	0.039
-1.047198	0.831641	0.616218	135	75	10	0.039
2.879793	0.831641	0.616218	13	81	6	0.039
-1.832596	2.343981	-1.040456	143	76	10	0.039
-0.785398	2.343981	-1.040456	138	76	10	0.039
0.000000	2.343981	-1.040456	138	64	19	0.039
0.785398	2.343981	-1.040456	4	76	10	0.039
2.356194	2.343981	-1.040456	17	76	16	0.039
2.617994	2.343981	-1.040456	4	77	11	0.039
2.879793	2.343981	-1.040456	9	76	14	0.039
-1.832596	1.413347	-1.339188	2	76	25	0.039
-0.261799	1.413347	-1.339188	143	83	19	0.039
-3.141593	0.674054	1.013609	8	75	15	0.039
-2.094395	0.674054	1.013609	131	83	6	0.039
-1.832596	0.674054	1.013609	2	73	16	0.039
-1.047198	0.674054	1.013609	135	62	11	0.039
-0.261799	0.674054	1.013609	138	47	11	0.039
-2.356194	0.906588	1.252948	138	83	2	0.039
-0.785398	0.906588	1.252948	0	83	4	0.039
-0.261799	0.906588	1.252948	1	75	8	0.039
1.308997	0.906588	1.252948	6	84	4	0.039
2.094395	0.906588	1.252948	1	84	9	0.039
-2.094395	1.335669	0.897240	142	71	7	0.039
-1.308997	1.335669	0.897240	2	81	9	0.039
-0.523599	1.335669	0.897240	5	47	4	0.039
1.308997	1.335669	0.897240	3	55	8	0.039
-3.141593	1.870545	-2.976234	136	76	20	0.039
2.094395	1.870545	-2.976234	0	82	15	0.039
-2.356194	0.379747	-1.713059	6	45	20	0.039
-2.094395	0.379747	-1.713059	6	57	16	0.039
0.523599	0.379747	-1.713059	140	83	19	0.039
1.570796	0.379747	-1.713059	1	80	20	0.039
2.094395	0.379747	-1.713059	136	75	11	0.039
0.261799	2.187132	-0.479875	136	66	8	0.039
1.570796	2.187132	-0.479875	3	75	15	0.039
1.832596	2.187132	-0.479875	11	81	12	0.039
-1.832596	0.866955	-0.931351	1	75	12	0.039
0.261799	0.866955	-0.931351	131	76	10	0.039
-0.785398	2.299159	2.264663	141	77	2	0.039
2.356194	2.299159	2.264663	137	83	6	0.039
-1.308997	1.812176	0.656819	139	84	139	0.039
2.617994	1.812176	0.656819	2	83	142	0.039
-3.141593	2.719179	-1.780644	143	75	8	0.039
-2.879793	2.719179	-1.780644	143	75	12	0.039
-2.356194	2.719179	-1.780644	137	59	16	0.039
-1.308997	2.719179	-1.780644	135	73	13	0.039
-0.523599	2.719179	-1.780644	135	63	7	0.039
0.000000	2.719179	-1.780644	141	59	14	0.039
1.308997	2.719179	-1.780644	14	64	19	0.039
-2.094395	2.396274	-1.959260	6	71	23	0.039
0.000000	2.396274	-1.959260	141	75	14	0.039
2.094395	2.396274	-1.959260	5	80	8	0.039
-2.617994	0.866395	-2.492918	142	81	12	0.039
-1.047198	0.866395	-2.492918	7	77	24	0.039
-0.785398	0.866395	-2.492918	6	71	19	0.039
1.832596	0.866395	-2.492918	135	83	19	0.039
1.047198	1.617114	-1.572037	3	81	20	0.039
2.879793	1.617114	-1.572037	14	75	17	0.039
-2.094395	0.864993	2.278281	143	75	15	0.039
-1.570796	0.864993	2.278281	139	57	12	0.039
-1.308997	0.864993	2.278281	138	57	16	0.039
1.832596	0.864993	2.278281	138	83	11	0.039
-1.308997	1.014500	0.906702	136	75	8	0.039
-3.141593	2.247462	0.191623	16	75	2	0.039
0.000000	2.247462	0.191623	137	78	6	0.039
1.047198	2.247462	0.191623	140	63	10	0.039
1.570796	2.247462	0.191623	0	42	5	0.039
1.832596	2.247462	0.191623	2	44	6	0.039
2.356194	2.247462	0.191623	3	45	3	0.039
2.617994	2.247462	0.191623	11	71	6	0.039
-0.261799	2.724429	-0.348782	132	83	11	0.039
2.617994	2.724429	-0.348782	6	75	2	0.039
0.000000	1.194549	-0.801900	133	76	13	0.039
0.785398	1.194549	-0.801900	138	75	18	0.039
-2.094395	1.504028	0.636812	143	76	3	0.039
-1.570796	1.504028	0.636812	139	81	8	0.039
-2.094395	1.741644	-2.695914	127	83	17	0.039
-0.261799	1.741644	-2.695914	143	90	9	0.039
2.094395	1.741644	-2.695914	142	80	10	0.039
-2.094395	2.664082	-1.071402	1	83	11	0.039
-1.832596	2.664082	-1.071402	4	83	13	0.039
-0.785398	2.664082	-1.071402	143	76	15	0.039
-0.261799	2.664082	-1.071402	141	71	15	0.039
1.832596	2.664082	-1.071402	13	71	9	0.039
-2.094395	2.579248	-2.364801	137	71	11	0.039
-1.308997	2.579248	-2.364801	138	73	15	0.039
1.047198	2.579248	-2.364801	15	76	18	0.039
2.356194	2.579248	-2.364801	9	83	7	0.039
-0.785398	0.899350	-2.069907	4	83	25	0.039
1.047198	0.899350	-2.069907	5	77	22	0.039
-0.785398	2.984978	1.954446	10	71	13	0.039
1.832596	2.984978	1.954446	134	83	6	0.039
2.356194	2.984978	1.954446	129	81	6	0.039
-2.356194	1.809167	1.213774	0	76	8	0.039
0.785398	1.809167	1.213774	4	76	3	0.039
1.570796	1.135834	-1.431087	8	47	25	0.039
2.356194	1.135834	-1.431087	6	59	26	0.039
0.523599	1.909857	-0.381669	134	59	8	0.039
-2.879793	1.195355	1.200319	141	76	6	0.039
-0.785398	1.195355	1.200319	135	66	7	0.039
1.832596	1.195355	1.200319	13	79	6	0.039
-2.356194	1.310100	1.488307	141	83	5	0.039
-1.832596	1.310100	1.488307	143	75	11	0.039
-1.308997	1.310100	1.488307	11	75	7	0.039
-0.785398	1.310100	1.488307	140	63	3	0.039
0.785398	1.310100	1.488307	10	76	9	0.039
-2.617994	2.153910	-1.714959	5	76	15	0.039
-0.523599	2.153910	-1.714959	143	76	19	0.039
-0.261799	2.153910	-1.714959	6	73	23	0.039
0.261799	2.153910	-1.714959	0	79	16	0.039
0.523599	2.153910	-1.714959	9	69	15	0.039
1.308997	2.153910	-1.714959	3	55	17	0.039
1.570796	2.153910	-1.714959	4	77	15	0.039
2.617994	2.153910	-1.714959	7	78	12	0.039
-1.570796	1.134497	-1.109631	141	75	12	0.039
0.261799	1.134497	-1.109631	140	48	20	0.039
0.785398	1.134497	-1.109631	135	80	18	0.039
-2.356194	0.961715	0.014085	4	77	15	0.039
-2.094395	0.961715	0.014085	4	68	16	0.039
-0.261799	1.367556	0.358405	141	48	12	0.039
-2.356194	1.440580	2.260026	139	64	9	0.039
-1.308997	1.440580	2.260026	139	76	10	0.039
-1.047198	1.440580	2.260026	136	76	3	0.039
-0.785398	1.440580	2.260026	3	76	10	0.039
0.000000	1.440580	2.260026	1	59	143	0.039
2.879793	1.440580	2.260026	136	83	10	0.039
-2.879793	2.863997	0.549740	11	76	7	0.039
-2.356194	2.863997	0.549740	7	79	9	0.039
-2.094395	2.863997	0.549740	14	74	10	0.039
-1.570796	2.863997	0.549740	8	75	7	0.039
1.832596	2.863997	0.549740	133	58	10	0.039
2.617994	2.863997	0.549740	4	35	4	0.039
2.879793	2.863997	0.549740	141	47	3	0.039
-2.879793	2.041297	-2.664597	138	89	17	0.039
-1.308997	2.041297	-2.664597	139	69	24	0.039
1.308997	2.041297	-2.664597	13	84	24	0.039
1.570796	2.041297	-2.664597	141	73	14	0.039
1.832596	2.041297	-2.664597	7	79	14	0.039
-3.141593	1.045978	0.343692	7	76	13	0.039
-0.523599	1.045978	0.343692	143	47	10	0.039
-1.570796	0.290380	-0.796960	4	76	11	0.039
-2.617994	1.545873	-1.877082	138	79	19	0.039
0.000000	1.545873	-1.877082	5	83	22	0.039
1.308997	1.545873	-1.877082	139	59	23	0.039
1.570796	1.545873	-1.877082	12	76	20	0.039
2.094395	1.545873	-1.877082	143	75	18	0.039
2.879793	1.545873	-1.877082	138	75	12	0.039
-3.141593	2.356369	3.005869	131	79	3	0.039
-2.879793	2.356369	3.005869	136	51	6	0.039
0.000000	2.356369	3.005869	14	77	13	0.039
2.617994	2.356369	3.005869	136	66	10	0.039
-1.832596	1.948085	-2.363031	136	76	17	0.039
0.523599	1.948085	-2.363031	7	47	22	0.039
2.356194	1.948085	-2.363031	3	77	20	0.039
2.879793	1.736875	3.023612	135	79	18	0.039
-2.356194	0.591903	2.010408	140	75	6	0.039
-1.832596	0.591903	2.010408	134	68	11	0.039
-1.570796	0.591903	2.010408	137	63	13	0.039
-0.785398	0.591903	2.010408	0	64	11	0.039
-0.523599	0.591903	2.010408	142	64	8	0.039
-0.261799	0.591903	2.010408	8	67	17	0.039
0.261799	0.591903	2.010408	10	60	11	0.039
1.570796	0.591903	2.010408	3	83	10	0.039
2.094395	0.591903	2.010408	17	75	12	0.039
-2.094395	2.760637	2.781135	3	76	13	0.039
0.261799	2.760637	2.781135	11	78	4	0.039
0.523599	2.760637	2.781135	10	75	12	0.039
1.308997	2.760637	2.781135	13	76	11	0.039
1.832596	2.760637	2.781135	4	77	9	0.039
2.094395	2.760637	2.781135	0	74	12	0.039
-2.617994	1.256302	0.062705	3	76	14	0.039
-1.832596	1.256302	0.062705	1	75	11	0.039
-3.141593	2.592629	0.909713	5	59	2	0.039
0.000000	2.592629	0.909713	135	69	1	0.039
-2.094395	1.113094	-0.272241	1	77	4	0.039
-0.523599	2.407836	1.410646	138	81	0	0.039
1.047198	2.407836	1.410646	135	83	2	0.039
-0.523599	2.089241	-0.114193	131	76	6	0.039
0.261799	2.089241	-0.114193	130	73	143	0.039
0.523599	2.089241	-0.114193	133	76	10	0.039
1.047198	2.089241	-0.114193	129	74	4	0.039
2.356194	2.089241	-0.114193	2	74	143	0.039
2.617994	2.089241	-0.114193	6	78	7	0.039
-1.832596	0.619654	-2.216909	5	75	22	0.039
-1.570796	0.619654	-2.216909	3	63	26	0.039
-1.308997	0.619654	-2.216909	4	76	15	0.039
1.308997	0.619654	-2.216909	8	77	17	0.039
-1.047198	2.456751	-1.503343	2	75	10	0.039
-0.261799	2.456751	-1.503343	140	79	15	0.039
0.000000	2.456751	-1.503343	140	73	14	0.039
0.785398	2.456751	-1.503343	143	64	10	0.039
1.047198	2.456751	-1.503343	4	76	15	0.039
1.570796	2.456751	-1.503343	5	59	14	0.039
2.617994	2.456751	-1.503343	6	83	15	0.039
-1.832596	2.001437	0.381215	9	81	17	0.039
-0.523599	2.001437	0.381215	142	75	3	0.039
0.785398	2.001437	0.381215	1	74	11	0.039
-3.141593	2.349581	-2.702517	135	69	15	0.039
0.523599	2.349581	-2.702517	9	76	16	0.039
1.832596	2.349581	-2.702517	3	78	10	0.039
2.879793	2.349581	-2.702517	9	76	19	0.039
-2.094395	1.168678	2.108595	135	80	14	0.039
-1.570796	1.168678	2.108595	135	64	5	0.039
-1.047198	1.168678	2.108595	142	81	11	0.039
-0.261799	1.168678	2.108595	4	75	4	0.039
0.785398	1.168678	2.108595	13	75	14	0.039
-2.356194	2.180315	-1.357379	4	83	18	0.039
-0.523599	2.180315	-1.357379	0	69	17	0.039
-0.261799	2.180315	-1.357379	134	71	14	0.039
0.261799	2.180315	-1.357379	137	76	12	0.039
1.047198	2.180315	-1.357379	141	59	7	0.039
1.570796	2.180315	-1.357379	19	81	23	0.039
2.094395	2.180315	-1.357379	13	80	14	0.039
2.356194	2.180315	-1.357379	9	75	23	0.039
1.308997	2.478122	2.609777	16	75	6	0.039
-0.523599	1.699788	2.452890	5	81	5	0.039
0.523599	1.699788	2.452890	10	63	12	0.039
-2.356194	1.184361	0.625864	6	76	10	0.039
-1.832596	1.184361	0.625864	132	77	10	0.039
1.308997	1.184361	0.625864	3	79	12	0.039
2.356194	1.184361	0.625864	1	74	11	0.039
-1.308997	2.108018	1.311430	3	76	8	0.039
1.832596	2.108018	1.311430	143	64	143	0.039
-2.617994	1.488617	1.159546	1	78	5	0.039
-2.094395	1.488617	1.159546	4	76	2	0.039
0.523599	1.488617	1.159546	10	80	143	0.039
0.785398	1.488617	1.159546	5	79	8	0.039
2.094395	1.488617	1.159546	2	84	6	0.039
-1.832596	1.325504	-1.671296	2	78	23	0.039
0.523599	1.325504	-1.671296	138	47	27	0.039
1.570796	1.325504	-1.671296	6	76	21	0.039
-0.261799	1.506530	1.988858	1	76	5	0.039
0.000000	1.506530	1.988858	6	76	1	0.039
-1.832596	1.977582	0.969896	8	80	6	0.039
-1.570796	1.977582	0.969896	136	76	6	0.039
0.000000	1.977582	0.969896	133	78	3	0.039
-0.261799	2.637879	2.121598	12	76	9	0.039
0.785398	2.637879	2.121598	3	83	3	0.039
1.308997	2.637879	2.121598	137	80	3	0.039
-2.617994	1.218453	2.777284	133	75	19	0.039
-1.832596	1.218453	2.777284	140	64	13	0.039
2.879793	1.218453	2.777284	140	77	19	0.039
-2.356194	1.555207	1.708892	142	83	4	0.039
-2.094395	1.555207	1.708892	142	73	4	0.039
-1.570796	1.555207	1.708892	139	57	7	0.039
-1.047198	1.555207	1.708892	3	75	6	0.039
-0.523599	1.555207	1.708892	6	47	6	0.039
0.785398	1.555207	1.708892	11	71	1	0.039
-2.879793	2.295480	1.008277	6	63	9	0.039
-1.570796	2.295480	1.008277	135	71	0	0.039
0.261799	2.295480	1.008277	3	75	11	0.039
0.785398	2.295480	1.008277	1	66	11	0.039
1.832596	2.295480	1.008277	139	71	2	0.039
1.308997	0.203748	0.590255	12	69	16	0.039
1.832596	0.203748	0.590255	6	75	13	0.039
2.356194	0.203748	0.590255	13	71	10	0.039
-2.617994	1.510910	-0.740472	7	83	10	0.039
0.261799	1.510910	-0.740472	1	81	17	0.039
-2.617994	0.571433	-1.188419	9	76	24	0.039
-2.356194	0.571433	-1.188419	7	75	17	0.039
-0.785398	0.571433	-1.188419	141	83	22	0.039
1.308997	1.982574	-1.115518	142	51	22	0.039
2.094395	1.982574	-1.115518	20	76	21	0.039
1.570796	2.033014	2.977192	12	76	15	0.039
2.094395	2.033014	2.977192	3	76	16	0.039
2.617994	2.033014	2.977192	138	76	7	0.039
-2.617994	0.297065	2.160177	141	78	18	0.039
-2.094395	0.297065	2.160177	131	76	8	0.039
-1.308997	0.297065	2.160177	136	42	16	0.039
-0.261799	0.297065	2.160177	9	59	19	0.039
0.261799	0.297065	2.160177	8	71	8	0.039
0.785398	0.297065	2.160177	6	75	13	0.039
2.617994	0.297065	2.160177	2	77	22	0.039
2.879793	0.297065	2.160177	143	75	15	0.039
-3.141593	0.080730	-2.622036	139	54	14	0.039
-1.832596	0.080730	-2.622036	9	76	19	0.039
-1.570796	0.080730	-2.622036	9	78	12	0.039
-1.308997	0.080730	-2.622036	9	83	17	0.039
-0.785398	0.080730	-2.622036	18	80	20	0.039
0.000000	0.080730	-2.622036	4	63	21	0.039
1.570796	0.080730	-2.622036	127	75	20	0.039
-2.617994	1.242974	-2.977882	128	75	16	0.039
-1.832596	1.242974	-2.977882	139	43	21	0.039
1.832596	1.242974	-2.977882	3	81	19	0.039
2.094395	1.242974	-2.977882	137	75	20	0.039
-2.356194	0.992645	-1.723759	5	84	23	0.039
0.785398	0.992645	-1.723759	142	76	12	0.039
2.617994	0.992645	-1.723759	4	76	22	0.039
-2.879793	1.872854	1.543456	4	83	141	0.039
-2.617994	1.872854	1.543456	139	75	4	0.039
-2.356194	1.872854	1.543456	143	66	10	0.039
2.617994	1.872854	1.543456	137	71	1	0.039
-2.617994	0.762244	-0.273349	10	82	13	0.039
-2.094395	0.762244	-0.273349	3	84	16	0.039
0.000000	0.762244	-0.273349	133	76	18	0.039
-2.617994	1.050534	3.042579	139	76	6	0.039
-1.832596	1.050534	3.042579	137	69	16	0.039
-1.308997	1.050534	3.042579	136	75	9	0.039
2.879793	1.050534	3.042579	131	76	20	0.039
0.785398	1.721184	-0.153948	136	77	5	0.039
2.356194	1.721184	-0.153948	5	63	12	0.039
-2.094395	0.733948	3.021411	2	42	24	0.039
-1.570796	0.733948	3.021411	7	47	26	0.039
0.000000	0.733948	3.021411	8	76	24	0.039
-2.617994	2.588535	-2.976617	138	76	15	0.039
1.308997	2.588535	-2.976617	5	83	13	0.039
1.570796	2.588535	-2.976617	1	80	4	0.039
2.617994	2.588535	-2.976617	0	76	15	0.039
2.879793	2.588535	-2.976617	136	79	12	0.039
-1.047198	1.391910	3.030322	0	81	22	0.039
2.094395	1.391910	3.030322	3	76	15	0.039
1.570796	0.685216	-1.712745	141	76	20	0.039
-2.879793	2.063651	-2.044600	5	67	21	0.039
-1.308997	2.063651	-2.044600	143	67	18	0.039
0.261799	2.063651	-2.044600	143	54	15	0.039
0.523599	2.063651	-2.044600	143	75	13	0.039
2.617994	2.063651	-2.044600	1	75	14	0.039
-1.308997	0.700570	1.559208	138	73	9	0.039
-0.785398	0.700570	1.559208	135	83	7	0.039
1.047198	0.700570	1.559208	14	76	10	0.039
1.570796	0.700570	1.559208	5	83	6	0.039
2.617994	0.700570	1.559208	8	79	9	0.039
2.879793	0.700570	1.559208	142	75	11	0.039
-3.141593	1.025536	1.576859	142	64	9	0.039
-2.094395	1.025536	1.576859	134	83	8	0.039
-1.832596	1.025536	1.576859	126	75	5	0.039
-1.570796	1.025536	1.576859	140	63	9	0.039
-1.308997	1.025536	1.576859	132	75	4	0.039
-0.261799	1.025536	1.576859	143	83	4	0.039
0.523599	1.025536	1.576859	5	80	15	0.039
1.308997	1.025536	1.576859	13	83	4	0.039
1.047198	2.251330	-2.330739	4	76	16	0.039
2.617994	2.251330	-2.330739	142	71	24	0.039
2.879793	2.251330	-2.330739	5	75	17	0.039
-1.832596	1.374601	-2.456031	139	71	21	0.039
0.000000	1.374601	-2.456031	9	57	16	0.039
1.570796	1.374601	-2.456031	140	78	10	0.039
2.094395	1.374601	-2.456031	8	75	18	0.039
-1.308997	1.732874	-0.951685	140	80	18	0.039
-0.785398	1.732874	-0.951685	132	75	8	0.039
0.261799	1.732874	-0.951685	135	76	9	0.039
0.523599	1.732874	-0.951685	139	60	15	0.039
1.308997	1.732874	-0.951685	4	79	11	0.039
-2.356194	0.960688	-0.577532	5	81	10	0.039
0.261799	0.960688	-0.577532	128	84	15	0.039
-2.617994	1.824694	1.850876	141	75	11	0.039
-1.570796	1.824694	1.850876	132	71	141	0.039
-1.308997	1.824694	1.850876	0	69	7	0.039
0.261799	1.824694	1.850876	8	81	142	0.039
2.617994	1.824694	1.850876	139	78	6	0.039
0.523599	2.704512	1.488683	2	75	8	0.039
-2.617994	0.910508	1.903534	1	80	13	0.039
-2.356194	0.910508	1.903534	136	82	10	0.039
-2.094395	0.910508	1.903534	128	79	4	0.039
-1.570796	0.910508	1.903534	143	59	8	0.039
-1.308997	0.910508	1.903534	134	81	4	0.039
-0.523599	0.910508	1.903534	5	58	12	0.039
-0.261799	0.910508	1.903534	142	75	7	0.039
1.570796	0.910508	1.903534	1	75	2	0.039
-2.879793	0.929350	-2.910676	142	76	11	0.039
-2.094395	0.929350	-2.910676	136	83	11	0.039
-1.570796	1.128190	-2.288622	7	63	27	0.039
-1.308997	1.128190	-2.288622	9	83	26	0.039
2.356194	1.128190	-2.288622	132	77	8	0.039
-3.141593	2.881233	-2.582574	1	74	15	0.039
-2.879793	2.881233	-2.582574	138	76	16	0.039
-2.617994	2.881233	-2.582574	137	83	10	0.039
-0.523599	2.881233	-2.582574	140	47	15	0.039
0.000000	2.881233	-2.582574	2	59	16	0.039
0.261799	2.881233	-2.582574	5	68	16	0.039
2.094395	2.881233	-2.582574	4	75	13	0.039
-1.570796	1.696674	-1.253233	133	75	24	0.039
-0.261799	1.696674	-1.253233	5	83	16	0.039
0.523599	1.696674	-1.253233	1	77	11	0.039
0.785398	1.696674	-1.253233	140	64	22	0.039
1.308997	1.696674	-1.253233	5	76	21	0.039
1.308997	1.683268	0.374177	139	59	2	0.039
1.047198	1.875281	0.107086	141	73	1	0.039
1.308997	1.875281	0.107086	4	75	10	0.039
-2.617994	1.247695	1.809890	137	64	9	0.039
-2.094395	1.247695	1.809890	129	76	10	0.039
-1.570796	1.247695	1.809890	140	57	7	0.039
-1.308997	1.247695	1.809890	133	57	8	0.039
-0.523599	1.247695	1.809890	140	79	141	0.039
-0.261799	1.247695	1.809890	4	76	4	0.039
0.785398	1.247695	1.809890	15	80	2	0.039
1.570796	1.247695	1.809890	8	70	13	0.039
-0.261799	1.301460	-0.509251	132	76	7	0.039
0.523599	1.301460	-0.509251	131	75	10	0.039
1.047198	1.301460	-0.509251	142	76	10	0.039
1.832596	1.301460	-0.509251	9	47	13	0.039
-0.523599	1.904882	-1.478089	132	67	16	0.039
0.261799	1.904882	-1.478089	133	75	17	0.039
0.785398	1.904882	-1.478089	4	42	19	0.039
1.308997	1.904882	-1.478089	143	83	17	0.039
1.570796	1.904882	-1.478089	7	76	23	0.039
2.356194	1.904882	-1.478089	11	83	15	0.039
-3.141593	0.709924	0.218797	3	74	13	0.039
-2.356194	0.709924	0.218797	2	83	10	0.039
-1.832596	0.709924	0.218797	142	76	11	0.039
2.617994	0.709924	0.218797	14	71	11	0.039
-2.356194	0.496451	0.593859	5	75	16	0.039
-2.094395	0.496451	0.593859	3	75	14	0.039
2.094395	0.496451	0.593859	1	47	16	0.039
-2.617994	2.379497	0.561089	14	83	142	0.039
0.785398	2.379497	0.561089	136	69	5	0.039
1.047198	2.379497	0.561089	135	71	7	0.039
1.570796	2.379497	0.561089	138	76	6	0.039
2.356194	2.379497	0.561089	137	83	0	0.039
2.879793	2.379497	0.561089	2	75	6	0.039
-1.308997	1.433411	-1.035986	143	83	21	0.039
-3.141593	1.658653	-2.409879	137	83	15	0.039
-1.832596	1.658653	-2.409879	137	75	20	0.039
-1.047198	1.658653	-2.409879	143	45	25	0.039
-2.617994	0.418037	1.360082	142	75	5	0.039
-2.356194	0.418037	1.360082	142	76	4	0.039
-1.832596	0.418037	1.360082	131	83	13	0.039
-0.785398	0.418037	1.360082	142	66	13	0.039
-0.523599	0.418037	1.360082	1	81	14	0.039
-0.261799	0.418037	1.360082	1	67	11	0.039
0.261799	0.418037	1.360082	4	76	11	0.039
0.523599	0.418037	1.360082	0	80	15	0.039
0.785398	0.418037	1.360082	10	80	14	0.039
2.356194	0.418037	1.360082	2	75	15	0.039
2.617994	0.418037	1.360082	0	77	19	0.039
-1.308997	1.214854	-1.966664	0	59	22	0.039
0.523599	1.214854	-1.966664	142	76	24	0.039
1.308997	1.214854	-1.966664	5	77	27	0.039
1.832596	1.214854	-1.966664	7	62	31	0.039
2.356194	1.214854	-1.966664	3	79	31	0.039
2.617994	1.214854	-1.966664	3	81	23	0.039
-2.356194	0.914445	2.687814	139	75	18	0.039
-2.094395	0.914445	2.687814	133	83	10	0.039
-1.570796	1.135813	-2.658866	4	64	21	0.039
-1.308997	1.135813	-2.658866	142	76	20	0.039
2.356194	1.135813	-2.658866	4	76	21	0.039
-1.832596	1.448123	-2.163292	2	51	17	0.039
1.308997	1.448123	-2.163292	8	83	19	0.039
1.832596	1.448123	-2.163292	1	83	15	0.039
2.356194	1.448123	-2.163292	1	83	19	0.039
-2.356194	2.455966	-0.641220	143	76	11	0.039
-1.047198	2.455966	-0.641220	135	81	14	0.039
0.523599	2.455966	-0.641220	140	66	17	0.039
0.785398	2.455966	-0.641220	138	59	12	0.039
1.047198	2.455966	-0.641220	142	76	7	0.039
1.308997	2.455966	-0.641220	1	57	16	0.039
1.570796	2.455966	-0.641220	5	76	10	0.039
2.094395	2.455966	-0.641220	14	78	8	0.039
0.785398	0.850607	-1.335383	0	51	23	0.039
-2.879793	1.045978	0.343692	8	59	13	0.039
-3.141593	1.218453	2.777284	143	63	9	0.039
2.356194	0.297065	2.160177	0	65	14	0.039
-2.617994	1.699788	2.452890	132	51	7	0.039
2.617994	1.504028	0.636812	9	64	141	0.039
-2.879793	2.033014	2.977192	133	64	12	0.039
-2.879793	2.108018	1.311430	143	50	7	0.038
2.617994	2.579248	-2.364801	8	65	16	0.038
2.879793	0.203748	0.590255	5	66	12	0.038
-1.308997	0.458961	-0.107937	141	65	17	0.038
-2.356194	1.846342	-1.796954	133	71	14	0.038
-1.308997	0.615174	-0.666022	140	66	18	0.038
-0.785398	0.370812	-2.547742	5	63	13	0.038
-1.832596	2.979456	-1.009304	9	67	15	0.038
-2.879793	0.906588	1.252948	3	55	10	0.038
-0.785398	0.379747	-1.713059	4	63	15	0.038
-2.356194	2.664082	-1.071402	133	71	15	0.038
0.785398	2.041297	-2.664597	3	66	7	0.038
-1.832596	1.545873	-1.877082	136	66	18	0.038
-2.879793	1.736875	3.023612	135	93	4	0.038
2.356194	2.456751	-1.503343	13	63	18	0.038
-2.356194	2.295480	1.008277	140	61	4	0.038
-1.047198	0.571433	-1.188419	141	71	15	0.038
1.308997	1.050534	3.042579	8	88	20	0.038
-1.047198	0.685216	-1.712745	143	69	14	0.038
0.261799	1.696674	-1.253233	134	88	10	0.038
2.094395	0.418037	1.360082	18	66	16	0.038
2.617994	1.869911	2.701025	134	59	143	0.038
-1.047198	0.290380	-0.796960	2	62	21	0.038
-3.141593	2.164094	-2.991358	132	66	5	0.038
-3.141593	2.579248	-2.364801	138	65	15	0.038
0.523599	1.809167	1.213774	135	64	143	0.038
-1.832596	2.456751	-1.503343	5	66	20	0.038
-0.261799	2.108018	1.311430	134	89	0	0.038
1.047198	2.033014	2.977192	3	93	11	0.038
0.785398	1.872854	1.543456	14	64	8	0.038
1.047198	1.824694	1.850876	140	63	0	0.038
0.785398	2.984978	1.954446	143	102	7	0.037
-1.308997	0.866955	-0.931351	0	68	17	0.037
2.356194	0.674054	1.013609	9	64	5	0.037
-0.785398	1.450119	-2.739050	143	71	16	0.037
2.094395	1.450119	-2.739050	143	71	18	0.037
0.785398	2.115563	0.685730	138	69	1	0.037
-1.047198	1.599406	1.426070	1	64	3	0.037
1.308997	1.554776	0.100351	143	51	8	0.037
-0.785398	0.618092	2.539118	142	64	12	0.037
0.000000	0.618092	2.539118	21	59	22	0.037
0.523599	0.618092	2.539118	4	67	17	0.037
-2.356194	2.393226	1.857173	140	63	4	0.037
-0.261799	0.419640	2.974122	12	64	19	0.037
-2.356194	1.134796	2.434290	129	71	3	0.037
-1.832596	1.134796	2.434290	131	51	12	0.037
-1.570796	1.574060	2.783565	138	51	5	0.037
-1.308997	2.587733	0.232235	0	69	14	0.037
1.308997	2.587733	0.232235	143	64	10	0.037
-2.879793	1.417623	-0.202254	12	71	10	0.037
-2.617994	0.370812	-2.547742	143	51	24	0.037
-2.094395	0.370812	-2.547742	16	63	22	0.037
1.832596	0.370812	-2.547742	139	64	18	0.037
-2.617994	0.640596	-2.797608	136	56	17	0.037
-1.308997	0.640596	-2.797608	10	63	18	0.037
-0.785398	2.979456	-1.009304	135	67	17	0.037
0.785398	2.979456	-1.009304	7	54	13	0.037
-2.617994	2.343981	-1.040456	14	59	12	0.037
-0.523599	2.343981	-1.040456	138	54	14	0.037
1.570796	1.413347	-1.339188	4	71	18	0.037
-2.879793	1.335669	0.897240	1	63	2	0.037
2.879793	1.335669	0.897240	15	65	17	0.037
-1.308997	1.870545	-2.976234	131	64	9	0.037
-2.094395	2.164094	-2.991358	3	54	14	0.037
1.570796	2.164094	-2.991358	5	67	14	0.037
-1.570796	0.379747	-1.713059	10	64	21	0.037
-0.523599	0.379747	-1.713059	143	71	25	0.037
0.785398	0.379747	-1.713059	0	59	26	0.037
-1.832596	2.719179	-1.780644	0	69	11	0.037
-1.570796	2.719179	-1.780644	140	65	18	0.037
-2.356194	2.396274	-1.959260	3	71	19	0.037
-1.047198	2.396274	-1.959260	133	69	16	0.037
-0.785398	2.396274	-1.959260	137	63	11	0.037
0.261799	2.396274	-1.959260	138	52	18	0.037
1.832596	1.617114	-1.572037	9	69	13	0.037
-0.785398	0.864993	2.278281	4	51	15	0.037
-0.523599	0.864993	2.278281	1	86	15	0.037
-0.261799	0.864993	2.278281	4	67	5	0.037
-3.141593	1.504028	0.636812	11	69	13	0.037
2.094395	1.504028	0.636812	143	92	137	0.037
-0.523599	1.741644	-2.695914	140	65	17	0.037
1.308997	1.741644	-2.695914	4	63	24	0.037
-2.617994	2.174483	2.653697	130	63	6	0.037
0.261799	2.664082	-1.071402	140	64	14	0.037
0.261799	2.579248	-2.364801	0	51	13	0.037
1.832596	0.899350	-2.069907	3	66	27	0.037
-1.570796	1.766067	2.153843	137	63	8	0.037
-0.261799	1.766067	2.153843	9	66	5	0.037
2.617994	1.809167	1.213774	143	68	4	0.037
0.785398	1.135834	-1.431087	129	69	12	0.037
1.308997	1.135834	-1.431087	137	59	7	0.037
-0.523599	1.909857	-0.381669	137	69	15	0.037
0.261799	1.909857	-0.381669	126	51	7	0.037
2.094395	1.909857	-0.381669	8	69	8	0.037
-2.094395	1.195355	1.200319	142	64	13	0.037
-1.047198	1.310100	1.488307	0	52	9	0.037
-2.356194	2.153910	-1.714959	1	71	16	0.037
1.047198	2.153910	-1.714959	4	62	20	0.037
1.832596	2.153910	-1.714959	12	59	10	0.037
2.094395	2.153910	-1.714959	142	64	20	0.037
0.000000	1.134497	-1.109631	136	71	21	0.037
-2.879793	1.440580	2.260026	132	71	8	0.037
-1.832596	2.863997	0.549740	13	87	7	0.037
2.094395	2.041297	-2.664597	141	62	12	0.037
1.047198	1.545873	-1.877082	2	59	25	0.037
-1.570796	1.948085	-2.363031	5	64	18	0.037
0.000000	1.948085	-2.363031	9	63	11	0.037
2.617994	1.948085	-2.363031	141	62	12	0.037
-0.523599	1.736875	3.023612	12	64	19	0.037
1.308997	2.592629	0.909713	1	55	14	0.037
2.617994	2.407836	1.410646	143	52	5	0.037
-1.570796	2.456751	-1.503343	126	71	14	0.037
-1.832596	1.488617	1.159546	3	59	8	0.037
1.047198	1.488617	1.159546	9	71	139	0.037
1.832596	1.488617	1.159546	15	68	6	0.037
-2.356194	1.325504	-1.671296	5	89	22	0.037
1.047198	1.325504	-1.671296	6	64	25	0.037
2.094395	1.325504	-1.671296	0	71	21	0.037
-2.094395	1.977582	0.969896	142	63	4	0.037
2.094395	1.977582	0.969896	8	54	9	0.037
-0.523599	1.218453	2.777284	0	71	14	0.037
-1.832596	2.295480	1.008277	5	66	10	0.037
-0.523599	0.203748	0.590255	134	63	11	0.037
0.785398	1.510910	-0.740472	142	51	18	0.037
-2.356194	1.982574	-1.115518	8	69	13	0.037
-0.523599	1.982574	-1.115518	133	69	13	0.037
1.832596	1.982574	-1.115518	14	69	21	0.037
-1.047198	2.033014	2.977192	5	51	13	0.037
1.047198	0.297065	2.160177	11	71	14	0.037
-1.047198	0.080730	-2.622036	12	54	21	0.037
0.785398	0.080730	-2.622036	7	71	20	0.037
2.094395	0.080730	-2.622036	132	61	19	0.037
-0.785398	1.242974	-2.977882	0	71	11	0.037
2.094395	0.992645	-1.723759	141	71	20	0.037
-1.047198	1.872854	1.543456	8	65	13	0.037
-0.523599	1.050534	3.042579	14	64	10	0.037
0.261799	1.721184	-0.153948	129	57	9	0.037
-0.785398	0.733948	3.021411	8	69	14	0.037
2.094395	2.588535	-2.976617	138	65	10	0.037
2.094395	0.685216	-1.712745	143	64	27	0.037
-0.523599	2.063651	-2.044600	139	54	18	0.037
0.785398	2.063651	-2.044600	9	64	16	0.037
-1.832596	0.700570	1.559208	135	54	8	0.037
0.261799	0.700570	1.559208	143	61	10	0.037
-0.523599	2.251330	-2.330739	14	64	13	0.037
-2.094395	1.824694	1.850876	134	62	2	0.037
-1.047198	2.704512	1.488683	15	63	13	0.037
1.308997	2.704512	1.488683	138	65	3	0.037
-2.879793	0.910508	1.903534	139	68	6	0.037
2.094395	1.128190	-2.288622	3	59	20	0.037
2.879793	1.128190	-2.288622	2	69	20	0.037
1.832596	2.073035	2.027405	4	64	2	0.037
-1.570796	1.904882	-1.478089	128	66	18	0.037
1.832596	1.904882	-1.478089	16	64	21	0.037
2.094395	1.904882	-1.478089	12	63	19	0.037
-2.094395	0.709924	0.218797	1	71	7	0.037
0.000000	0.496451	0.593859	141	50	8	0.037
1.308997	0.496451	0.593859	8	51	11	0.037
-1.832596	1.433411	-1.035986	141	71	20	0.037
2.617994	1.135813	-2.658866	137	59	13	0.037
-0.261799	1.448123	-2.163292	12	59	18	0.037
2.356194	2.455966	-0.641220	11	64	11	0.037
2.617994	2.455966	-0.641220	7	68	12	0.037
1.570796	1.662363	0.915448	0	64	1	0.037
2.617994	1.662363	0.915448	3	59	7	0.037
2.617994	2.174483	2.653697	136	63	4	0.037
-0.261799	0.762244	-0.273349	139	54	18	0.037
-2.094395	1.732874	-0.951685	137	99	14	0.037
1.570796	2.073035	2.027405	142	88	12	0.037
1.570796	1.391910	3.030322	138	70	10	0.037
-1.047198	0.615174	-0.666022	130	59	17	0.037
0.261799	2.073035	2.027405	8	50	13	0.037
-1.832596	2.404280	-0.174044	2	63	5	0.037
-0.523599	2.115563	0.685730	142	63	6	0.037
-3.141593	1.909857	-0.381669	143	71	5	0.037
-3.141593	1.875281	0.107086	3	89	5	0.037
-1.570796	1.662363	0.915448	136	63	9	0.037
-2.617994	2.396274	-1.959260	140	99	16	0.036
-0.785398	0.615174	-0.666022	137	64	12	0.036
2.356194	2.153910	-1.714959	9	87	14	0.036
2.356194	0.591903	2.010408	140	66	4	0.036
-0.523599	0.571433	-1.188419	8	57	23	0.036
2.356194	2.404280	-0.174044	17	87	14	0.036
0.785398	1.599406	1.426070	3	63	0	0.036
-2.879793	0.618092	2.539118	133	61	17	0.036
1.047198	1.846342	-1.796954	7	54	18	0.036
2.617994	1.846342	-1.796954	13	62	20	0.036
-2.094395	2.587733	0.232235	142	64	7	0.036
1.832596	1.413430	2.550734	14	69	10	0.036
1.570796	0.370812	-2.547742	136	66	15	0.036
2.094395	0.640596	-2.797608	132	92	15	0.036
-2.617994	0.674054	1.013609	138	59	15	0.036
-1.832596	1.335669	0.897240	141	63	11	0.036
2.094395	2.187132	-0.479875	9	50	12	0.036
0.000000	0.866955	-0.931351	0	66	24	0.036
0.523599	2.299159	2.264663	5	87	7	0.036
-3.141593	0.864993	2.278281	136	64	15	0.036
-1.832596	2.724429	-0.348782	141	59	9	0.036
-1.832596	1.194549	-0.801900	137	93	6	0.036
-2.356194	1.766067	2.153843	136	90	0	0.036
-1.832596	1.809167	1.213774	140	63	2	0.036
2.094395	1.809167	1.213774	137	67	8	0.036
1.047198	1.195355	1.200319	22	69	1	0.036
2.617994	1.134497	-1.109631	3	63	18	0.036
2.094395	1.367556	0.358405	10	54	11	0.036
1.832596	1.948085	-2.363031	142	58	14	0.036
2.879793	1.948085	-2.363031	141	63	13	0.036
0.523599	1.736875	3.023612	11	87	13	0.036
-1.570796	1.256302	0.062705	143	92	13	0.036
-1.047198	1.256302	0.062705	135	69	17	0.036
0.523599	2.592629	0.909713	139	71	139	0.036
0.785398	2.592629	0.909713	143	87	6	0.036
1.308997	2.349581	-2.702517	6	63	16	0.036
2.356194	2.349581	-2.702517	136	88	3	0.036
2.879793	1.184361	0.625864	8	63	143	0.036
-2.094395	1.606104	-0.451151	12	71	16	0.036
1.570796	2.637879	2.121598	142	63	6	0.036
-2.617994	1.555207	1.708892	136	59	0	0.036
-1.570796	1.982574	-1.115518	5	63	13	0.036
-2.356194	1.242974	-2.977882	130	64	15	0.036
2.879793	2.104282	-0.813972	7	61	9	0.036
0.261799	1.872854	1.543456	8	59	3	0.036
2.879793	0.733948	3.021411	125	68	11	0.036
-1.570796	2.063651	-2.044600	140	51	11	0.036
-2.617994	1.025536	1.576859	1	59	13	0.036
-2.617994	2.251330	-2.330739	4	66	21	0.036
-2.094395	2.251330	-2.330739	0	62	18	0.036
-0.523599	1.732874	-0.951685	132	64	11	0.036
1.570796	1.732874	-0.951685	139	64	7	0.036
0.261799	0.929350	-2.910676	143	63	21	0.036
-1.570796	1.683268	0.374177	8	63	9	0.036
-1.308997	1.875281	0.107086	141	63	143	0.036
2.356194	1.875281	0.107086	5	63	9	0.036
-1.047198	2.379497	0.561089	142	65	11	0.036
-2.617994	1.658653	-2.409879	130	89	12	0.036
1.047198	1.658653	-2.409879	3	69	15	0.036
-2.356194	1.662363	0.915448	6	58	6	0.036
0.523599	0.992645	-1.723759	14	64	24	0.036
-2.356194	1.391910	3.030322	134	51	10	0.036
2.356194	0.906588	1.252948	10	62	6	0.036
-1.832596	2.455966	-0.641220	137	59	13	0.036
1.832596	1.658653	-2.409879	1	64	16	0.036
-2.617994	0.615174	-0.666022	141	98	5	0.036
-2.617994	0.961715	0.014085	1	56	7	0.036
-1.308997	0.961715	0.014085	140	63	11	0.036
-0.785398	1.050534	3.042579	136	64	6	0.036
0.261799	1.050534	3.042579	0	63	13	0.036
2.879793	1.756530	-2.105156	143	68	19	0.036
2.879793	0.458961	-0.107937	141	64	4	0.036
-0.261799	0.615174	-0.666022	140	59	15	0.036
0.523599	0.419640	2.974122	9	62	15	0.036
-2.617994	1.335669	0.897240	143	63	1	0.036
1.308997	2.164094	-2.991358	11	64	5	0.036
-1.832596	2.187132	-0.479875	3	59	13	0.036
2.617994	1.617114	-1.572037	0	64	20	0.036
1.570796	1.741644	-2.695914	4	87	17	0.036
1.832596	1.909857	-0.381669	140	63	4	0.036
-2.879793	1.310100	1.488307	133	59	6	0.036
1.308997	1.310100	1.488307	142	69	137	0.036
-0.261799	0.619654	-2.216909	138	63	21	0.036
-2.617994	2.456751	-1.503343	4	65	15	0.036
-3.141593	1.488617	1.159546	139	59	142	0.036
-2.356194	0.203748	0.590255	5	71	14	0.036
2.879793	1.510910	-0.740472	11	59	16	0.036
-0.523599	0.992645	-1.723759	4	66	14	0.036
2.879793	2.063651	-2.044600	140	64	15	0.036
-2.094395	2.881233	-2.582574	124	64	4	0.036
-3.141593	1.247695	1.809890	6	65	11	0.036
2.879793	1.214854	-1.966664	140	59	14	0.036
-2.879793	1.135813	-2.658866	130	87	14	0.036
2.094395	1.448123	-2.163292	140	62	15	0.036
-1.047198	1.417623	-0.202254	131	95	6	0.036
2.094395	1.617114	-1.572037	138	64	14	0.036
-2.094395	1.045978	0.343692	7	62	20	0.036
1.570796	1.869911	2.701025	2	87	3	0.035
-2.617994	1.870545	-2.976234	137	53	13	0.035
0.000000	2.478122	2.609777	2	52	142	0.035
1.570796	1.413430	2.550734	5	63	16	0.035
-0.261799	1.998705	2.370472	8	51	6	0.035
-1.308997	0.379747	-1.713059	1	69	6	0.035
0.261799	2.984978	1.954446	6	62	3	0.035
2.617994	2.760637	2.781135	140	64	8	0.035
2.356194	2.033014	2.977192	5	87	15	0.035
-2.356194	1.696674	-1.253233	142	59	22	0.035
0.261799	2.592629	0.909713	0	63	6	0.035
-1.570796	0.762244	-0.273349	135	95	12	0.035
1.047198	0.914445	2.687814	0	87	15	0.035
-1.308997	1.450119	-2.739050	140	66	19	0.035
-1.047198	1.450119	-2.739050	142	67	16	0.035
1.047198	2.404280	-0.174044	3	52	8	0.035
2.617994	2.404280	-0.174044	12	57	13	0.035
2.617994	2.115563	0.685730	9	71	3	0.035
-1.308997	1.756530	-2.105156	131	59	11	0.035
-0.785398	1.869911	2.701025	1	59	1	0.035
-2.879793	0.458961	-0.107937	10	67	14	0.035
0.000000	0.458961	-0.107937	141	71	11	0.035
-3.141593	1.599406	1.426070	4	71	0	0.035
0.000000	1.599406	1.426070	1	63	12	0.035
0.523599	1.599406	1.426070	3	64	0	0.035
0.261799	1.554776	0.100351	141	91	10	0.035
-1.832596	0.618092	2.539118	0	65	17	0.035
-0.261799	0.618092	2.539118	10	60	16	0.035
-1.832596	1.846342	-1.796954	143	62	20	0.035
1.570796	1.846342	-1.796954	19	71	27	0.035
-2.879793	0.615174	-0.666022	8	64	21	0.035
0.261799	0.615174	-0.666022	143	67	14	0.035
-2.617994	2.393226	1.857173	137	64	0	0.035
-1.832596	2.393226	1.857173	12	69	7	0.035
-1.308997	2.393226	1.857173	3	63	6	0.035
-0.785398	2.393226	1.857173	4	64	7	0.035
-2.356194	1.569311	-3.003978	142	86	18	0.035
-1.570796	1.569311	-3.003978	142	64	18	0.035
-0.523599	1.569311	-3.003978	2	87	20	0.035
2.617994	0.419640	2.974122	127	66	12	0.035
-1.308997	1.134796	2.434290	140	70	4	0.035
-0.261799	1.134796	2.434290	17	59	17	0.035
-1.047198	1.574060	2.783565	142	54	9	0.035
1.832596	2.587733	0.232235	5	69	8	0.035
-1.308997	1.413430	2.550734	140	52	14	0.035
-0.785398	1.413430	2.550734	8	67	10	0.035
-1.570796	1.417623	-0.202254	131	89	2	0.035
1.047198	1.417623	-0.202254	1	52	7	0.035
1.832596	1.417623	-0.202254	7	57	12	0.035
0.261799	0.850607	-1.335383	133	63	12	0.035
-2.879793	0.370812	-2.547742	0	52	18	0.035
-2.356194	0.370812	-2.547742	7	55	19	0.035
-0.261799	0.370812	-2.547742	4	64	17	0.035
2.617994	0.370812	-2.547742	141	67	23	0.035
-3.141593	0.640596	-2.797608	143	66	18	0.035
-1.832596	0.640596	-2.797608	5	67	23	0.035
-0.785398	0.640596	-2.797608	5	63	26	0.035
-2.879793	2.979456	-1.009304	6	65	12	0.035
-0.523599	2.979456	-1.009304	134	64	11	0.035
1.308997	2.979456	-1.009304	8	55	15	0.035
-0.523599	0.831641	0.616218	137	71	11	0.035
0.523599	0.831641	0.616218	0	63	5	0.035
1.047198	0.831641	0.616218	8	71	14	0.035
1.308997	0.831641	0.616218	18	69	13	0.035
-1.047198	2.343981	-1.040456	135	67	15	0.035
0.523599	2.343981	-1.040456	136	68	16	0.035
-1.047198	1.998705	2.370472	4	57	5	0.035
2.094395	1.998705	2.370472	4	71	5	0.035
-1.047198	1.413347	-1.339188	136	71	25	0.035
0.785398	1.413347	-1.339188	137	69	23	0.035
1.047198	1.413347	-1.339188	8	68	19	0.035
1.832596	1.413347	-1.339188	4	67	19	0.035
2.094395	1.413347	-1.339188	142	69	22	0.035
-1.308997	0.674054	1.013609	132	62	17	0.035
1.570796	0.674054	1.013609	14	71	9	0.035
-1.832596	0.906588	1.252948	140	63	11	0.035
0.523599	0.906588	1.252948	1	63	11	0.035
-0.261799	1.870545	-2.976234	6	63	16	0.035
2.879793	1.870545	-2.976234	138	66	14	0.035
-0.261799	2.164094	-2.991358	16	61	9	0.035
-2.879793	0.379747	-1.713059	10	60	26	0.035
-0.261799	0.379747	-1.713059	1	71	25	0.035
1.832596	0.379747	-1.713059	8	72	22	0.035
2.356194	0.379747	-1.713059	8	61	21	0.035
0.785398	2.187132	-0.479875	134	63	7	0.035
1.047198	0.866955	-0.931351	7	59	19	0.035
-2.094395	2.299159	2.264663	140	57	6	0.035
-2.879793	1.812176	0.656819	9	93	3	0.035
0.000000	1.812176	0.656819	4	68	5	0.035
1.832596	1.812176	0.656819	2	69	7	0.035
-0.785398	2.719179	-1.780644	131	71	14	0.035
-0.261799	2.719179	-1.780644	129	63	13	0.035
0.261799	2.719179	-1.780644	143	61	9	0.035
-1.308997	2.396274	-1.959260	143	56	12	0.035
1.047198	2.396274	-1.959260	16	59	21	0.035
1.308997	2.396274	-1.959260	14	54	20	0.035
2.617994	2.396274	-1.959260	2	62	17	0.035
-1.832596	0.866395	-2.492918	140	71	21	0.035
-1.570796	0.866395	-2.492918	141	50	19	0.035
-1.570796	1.617114	-1.572037	136	64	22	0.035
-0.261799	1.617114	-1.572037	139	64	23	0.035
0.785398	1.617114	-1.572037	6	71	23	0.035
-2.617994	0.864993	2.278281	124	71	4	0.035
-2.356194	0.864993	2.278281	1	70	15	0.035
2.094395	0.864993	2.278281	3	71	12	0.035
0.785398	1.014500	0.906702	1	71	3	0.035
-0.261799	2.247462	0.191623	136	88	142	0.035
0.785398	2.247462	0.191623	140	54	7	0.035
-2.879793	2.724429	-0.348782	14	63	14	0.035
0.000000	2.724429	-0.348782	128	57	6	0.035
0.523599	2.724429	-0.348782	3	71	16	0.035
1.047198	2.724429	-0.348782	137	54	2	0.035
1.308997	1.194549	-0.801900	4	55	10	0.035
-0.523599	1.504028	0.636812	143	69	7	0.035
0.000000	1.504028	0.636812	4	92	11	0.035
1.047198	1.504028	0.636812	139	61	143	0.035
1.047198	2.174483	2.653697	13	68	12	0.035
1.570796	2.174483	2.653697	140	66	142	0.035
-0.523599	2.664082	-1.071402	129	71	18	0.035
1.047198	2.664082	-1.071402	6	64	16	0.035
2.356194	2.664082	-1.071402	17	64	21	0.035
-2.356194	2.579248	-2.364801	137	59	13	0.035
-1.832596	2.579248	-2.364801	135	59	13	0.035
-1.570796	2.579248	-2.364801	136	71	12	0.035
-1.047198	2.579248	-2.364801	136	63	14	0.035
2.879793	2.579248	-2.364801	4	71	18	0.035
-2.879793	2.984978	1.954446	0	64	10	0.035
-1.832596	1.766067	2.153843	0	67	1	0.035
-0.785398	1.766067	2.153843	2	69	2	0.035
1.832596	1.766067	2.153843	3	65	5	0.035
-1.047198	1.809167	1.213774	2	57	2	0.035
1.047198	1.809167	1.213774	3	66	13	0.035
2.356194	1.809167	1.213774	10	64	5	0.035
1.832596	1.135834	-1.431087	141	59	18	0.035
0.785398	1.909857	-0.381669	131	69	4	0.035
1.308997	1.909857	-0.381669	8	51	13	0.035
1.570796	1.909857	-0.381669	5	59	11	0.035
2.356194	1.909857	-0.381669	6	69	11	0.035
2.879793	1.909857	-0.381669	13	70	13	0.035
-2.617994	1.195355	1.200319	140	63	3	0.035
-2.356194	1.195355	1.200319	137	64	6	0.035
-0.523599	1.195355	1.200319	143	88	13	0.035
-0.261799	1.195355	1.200319	136	71	6	0.035
0.000000	1.195355	1.200319	5	59	7	0.035
0.785398	1.195355	1.200319	5	69	4	0.035
1.308997	1.195355	1.200319	15	71	7	0.035
-2.617994	1.310100	1.488307	137	71	2	0.035
-0.523599	1.310100	1.488307	4	87	6	0.035
0.261799	1.310100	1.488307	8	63	11	0.035
1.047198	1.310100	1.488307	5	63	139	0.035
-1.570796	2.153910	-1.714959	130	64	19	0.035
-2.879793	1.134497	-1.109631	7	63	15	0.035
1.047198	0.961715	0.014085	2	59	7	0.035
-2.879793	1.367556	0.358405	139	71	2	0.035
-2.094395	1.440580	2.260026	130	72	8	0.035
-1.570796	1.440580	2.260026	133	71	5	0.035
0.261799	1.440580	2.260026	12	58	9	0.035
2.617994	1.440580	2.260026	4	71	8	0.035
1.308997	2.863997	0.549740	138	59	9	0.035
2.094395	2.863997	0.549740	143	69	7	0.035
0.000000	2.041297	-2.664597	14	63	16	0.035
0.785398	1.045978	0.343692	141	55	14	0.035
-3.141593	0.290380	-0.796960	9	63	9	0.035
-2.094395	0.290380	-0.796960	6	87	19	0.035
0.523599	0.290380	-0.796960	135	59	16	0.035
2.617994	1.545873	-1.877082	140	64	25	0.035
-1.047198	2.356369	3.005869	6	51	6	0.035
-0.261799	2.356369	3.005869	4	59	12	0.035
-1.308997	1.836682	-0.676006	138	88	5	0.035
1.047198	1.836682	-0.676006	2	59	15	0.035
-1.047198	1.948085	-2.363031	10	66	20	0.035
1.047198	1.948085	-2.363031	8	59	14	0.035
-0.785398	1.736875	3.023612	143	71	5	0.035
1.047198	1.736875	3.023612	6	69	21	0.035
-2.879793	0.591903	2.010408	134	59	9	0.035
-2.094395	0.591903	2.010408	128	63	12	0.035
-2.617994	2.760637	2.781135	128	57	12	0.035
-0.523599	2.760637	2.781135	3	65	18	0.035
0.785398	1.256302	0.062705	0	55	4	0.035
-0.523599	2.592629	0.909713	142	96	13	0.035
1.047198	2.592629	0.909713	141	63	1	0.035
0.523599	1.113094	-0.272241	1	68	12	0.035
-3.141593	2.407836	1.410646	141	52	141	0.035
-2.879793	2.407836	1.410646	143	59	6	0.035
-1.832596	2.407836	1.410646	143	64	10	0.035
-1.570796	2.407836	1.410646	15	63	6	0.035
0.261799	2.407836	1.410646	3	65	11	0.035
-2.879793	2.089241	-0.114193	3	63	7	0.035
0.000000	2.089241	-0.114193	131	64	7	0.035
-3.141593	0.619654	-2.216909	0	51	23	0.035
1.832596	0.619654	-2.216909	137	68	25	0.035
2.879793	0.619654	-2.216909	0	53	14	0.035
-0.523599	2.456751	-1.503343	137	71	19	0.035
0.261799	2.456751	-1.503343	3	59	13	0.035
0.523599	2.456751	-1.503343	139	51	13	0.035
2.094395	2.456751	-1.503343	6	71	22	0.035
-1.570796	2.001437	0.381215	2	59	7	0.035
1.308997	2.001437	0.381215	141	71	6	0.035
-1.832596	2.138223	1.678323	3	51	13	0.035
0.000000	2.349581	-2.702517	5	57	16	0.035
-1.308997	1.168678	2.108595	132	63	8	0.035
1.047198	1.168678	2.108595	3	69	13	0.035
-1.570796	2.180315	-1.357379	142	71	10	0.035
-0.785398	2.180315	-1.357379	128	71	13	0.035
0.000000	2.180315	-1.357379	137	65	11	0.035
0.785398	2.180315	-1.357379	10	51	21	0.035
1.308997	2.180315	-1.357379	143	66	20	0.035
1.832596	2.180315	-1.357379	18	57	16	0.035
-0.261799	2.478122	2.609777	143	71	6	0.035
1.832596	2.478122	2.609777	143	62	0	0.035
-1.832596	1.699788	2.452890	139	54	9	0.035
-1.570796	1.699788	2.452890	142	64	8	0.035
-0.261799	1.699788	2.452890	4	88	5	0.035
-1.832596	2.108018	1.311430	139	64	5	0.035
-1.047198	2.108018	1.311430	7	67	4	0.035
0.000000	2.108018	1.311430	1	71	3	0.035
0.785398	2.108018	1.311430	0	69	3	0.035
-0.785398	1.488617	1.159546	7	67	10	0.035
1.308997	1.488617	1.159546	4	71	9	0.035
2.879793	1.488617	1.159546	12	65	8	0.035
0.523599	1.606104	-0.451151	137	60	5	0.035
-2.356194	1.506530	1.988858	139	59	7	0.035
-1.308997	1.506530	1.988858	0	64	8	0.035
-1.047198	1.506530	1.988858	6	55	7	0.035
-3.141593	1.977582	0.969896	5	95	5	0.035
-2.617994	1.977582	0.969896	4	71	1	0.035
-1.308997	1.977582	0.969896	6	71	5	0.035
1.570796	1.977582	0.969896	14	57	6	0.035
-3.141593	2.637879	2.121598	131	50	3	0.035
-0.785398	2.637879	2.121598	8	70	6	0.035
0.523599	2.637879	2.121598	4	69	14	0.035
2.879793	2.637879	2.121598	140	63	3	0.035
1.047198	1.218453	2.777284	8	95	21	0.035
-0.785398	1.555207	1.708892	1	71	5	0.035
0.000000	1.555207	1.708892	5	71	143	0.035
0.261799	1.555207	1.708892	3	64	14	0.035
-0.785398	2.295480	1.008277	139	71	4	0.035
1.047198	2.295480	1.008277	0	65	11	0.035
2.094395	2.295480	1.008277	138	59	142	0.035
-2.094395	0.203748	0.590255	133	71	12	0.035
-0.261799	0.203748	0.590255	132	56	17	0.035
0.000000	0.203748	0.590255	131	64	9	0.035
0.785398	0.203748	0.590255	138	57	16	0.035
-1.832596	1.510910	-0.740472	4	66	17	0.035
-1.308997	1.510910	-0.740472	7	62	13	0.035
1.308997	1.510910	-0.740472	140	57	9	0.035
2.094395	1.510910	-0.740472	7	56	8	0.035
-2.094395	1.982574	-1.115518	143	71	13	0.035
-0.261799	1.982574	-1.115518	1	69	23	0.035
0.523599	1.982574	-1.115518	143	54	20	0.035
2.617994	1.982574	-1.115518	16	58	17	0.035
-1.570796	2.033014	2.977192	139	63	9	0.035
-2.356194	0.297065	2.160177	139	64	18	0.035
-1.832596	0.297065	2.160177	3	51	14	0.035
-1.047198	0.297065	2.160177	3	59	12	0.035
-2.617994	0.080730	-2.622036	143	70	17	0.035
-0.523599	0.080730	-2.622036	13	64	18	0.035
2.617994	0.080730	-2.622036	5	64	12	0.035
2.879793	0.080730	-2.622036	2	63	15	0.035
-0.523599	2.104282	-0.813972	136	67	14	0.035
0.261799	2.104282	-0.813972	135	59	14	0.035
0.523599	2.104282	-0.813972	136	63	17	0.035
0.785398	2.104282	-0.813972	3	64	20	0.035
1.832596	2.104282	-0.813972	15	59	19	0.035
-1.832596	1.872854	1.543456	141	62	142	0.035
-1.570796	1.872854	1.543456	139	57	0	0.035
-0.785398	1.872854	1.543456	142	65	1	0.035
1.047198	1.872854	1.543456	13	63	0	0.035
-0.785398	0.762244	-0.273349	138	71	22	0.035
2.094395	0.762244	-0.273349	9	70	13	0.035
-1.570796	1.050534	3.042579	0	66	18	0.035
-1.047198	1.050534	3.042579	2	71	19	0.035
-0.261799	1.050534	3.042579	19	63	17	0.035
-0.261799	1.721184	-0.153948	139	63	14	0.035
0.523599	1.721184	-0.153948	130	59	9	0.035
1.047198	1.721184	-0.153948	4	68	5	0.035
-3.141593	0.733948	3.021411	129	87	9	0.035
-0.261799	0.733948	3.021411	17	59	14	0.035
0.523599	2.588535	-2.976617	15	59	18	0.035
2.617994	1.391910	3.030322	134	85	7	0.035
-2.617994	0.685216	-1.712745	10	70	25	0.035
-1.570796	0.685216	-1.712745	12	66	23	0.035
-1.047198	2.063651	-2.044600	140	54	15	0.035
1.047198	2.063651	-2.044600	4	59	21	0.035
1.570796	2.063651	-2.044600	13	64	21	0.035
-2.356194	0.700570	1.559208	136	69	12	0.035
-1.570796	0.700570	1.559208	132	64	8	0.035
-1.047198	0.700570	1.559208	0	70	5	0.035
-0.261799	0.700570	1.559208	6	59	15	0.035
0.000000	0.700570	1.559208	6	66	14	0.035
1.308997	0.700570	1.559208	8	59	15	0.035
1.832596	0.700570	1.559208	9	62	12	0.035
0.000000	1.025536	1.576859	0	87	10	0.035
-1.832596	2.251330	-2.330739	135	59	17	0.035
-1.570796	2.251330	-2.330739	132	64	6	0.035
-1.308997	2.251330	-2.330739	140	52	17	0.035
-1.047198	2.251330	-2.330739	136	57	23	0.035
0.000000	2.251330	-2.330739	4	87	19	0.035
0.785398	2.251330	-2.330739	6	88	16	0.035
-1.308997	1.374601	-2.456031	6	71	26	0.035
2.617994	1.374601	-2.456031	5	63	22	0.035
1.047198	1.732874	-0.951685	141	55	15	0.035
-0.261799	0.960688	-0.577532	132	59	17	0.035
1.570796	0.960688	-0.577532	1	57	16	0.035
-0.785398	1.824694	1.850876	139	66	135	0.035
-2.356194	2.704512	1.488683	13	64	11	0.035
1.570796	2.704512	1.488683	139	70	7	0.035
-3.141593	0.910508	1.903534	138	71	17	0.035
-1.047198	0.910508	1.903534	4	63	12	0.035
0.000000	0.910508	1.903534	3	71	5	0.035
0.523599	0.910508	1.903534	3	71	9	0.035
-1.832596	0.929350	-2.910676	142	88	12	0.035
-1.308997	0.929350	-2.910676	142	69	7	0.035
-0.785398	0.929350	-2.910676	4	64	4	0.035
2.617994	0.929350	-2.910676	133	64	25	0.035
0.785398	2.881233	-2.582574	14	69	14	0.035
1.832596	1.696674	-1.253233	13	86	28	0.035
2.094395	1.696674	-1.253233	10	65	22	0.035
0.785398	1.683268	0.374177	142	59	10	0.035
2.094395	1.683268	0.374177	12	71	4	0.035
-2.617994	2.073035	2.027405	142	64	143	0.035
-2.094395	2.073035	2.027405	136	56	12	0.035
-0.785398	2.073035	2.027405	3	88	0	0.035
1.308997	2.073035	2.027405	4	71	4	0.035
-2.094395	1.875281	0.107086	10	64	4	0.035
-1.832596	1.247695	1.809890	128	66	0	0.035
1.832596	1.247695	1.809890	10	71	14	0.035
-0.785398	1.904882	-1.478089	131	65	20	0.035
-0.261799	1.904882	-1.478089	143	69	23	0.035
0.523599	1.904882	-1.478089	1	71	22	0.035
1.047198	1.904882	-1.478089	15	64	21	0.035
-1.570796	0.709924	0.218797	4	71	10	0.035
0.523599	0.709924	0.218797	140	51	11	0.035
2.094395	0.709924	0.218797	4	69	11	0.035
-2.879793	0.496451	0.593859	3	59	8	0.035
-0.523599	0.496451	0.593859	134	69	12	0.035
1.047198	0.496451	0.593859	10	59	16	0.035
1.570796	0.496451	0.593859	8	60	17	0.035
0.523599	2.379497	0.561089	1	63	6	0.035
1.308997	2.379497	0.561089	140	59	6	0.035
1.832596	1.433411	-1.035986	3	71	16	0.035
-1.570796	1.658653	-2.409879	0	61	20	0.035
2.879793	1.658653	-2.409879	137	71	24	0.035
-1.308997	0.418037	1.360082	137	54	19	0.035
-1.047198	0.418037	1.360082	2	64	7	0.035
0.000000	0.418037	1.360082	139	71	16	0.035
1.308997	0.418037	1.360082	137	71	8	0.035
-2.094395	1.214854	-1.966664	1	63	28	0.035
-1.570796	1.214854	-1.966664	1	71	23	0.035
-0.785398	1.214854	-1.966664	6	59	23	0.035
-1.570796	0.914445	2.687814	4	59	16	0.035
0.261799	0.914445	2.687814	9	64	14	0.035
-3.141593	1.135813	-2.658866	131	69	16	0.035
-1.047198	1.135813	-2.658866	142	52	13	0.035
1.570796	1.135813	-2.658866	10	95	20	0.035
-1.570796	1.448123	-2.163292	142	59	27	0.035
-1.047198	1.448123	-2.163292	8	65	18	0.035
-2.617994	2.455966	-0.641220	5	71	19	0.035
0.261799	2.455966	-0.641220	137	63	17	0.035
-2.617994	1.662363	0.915448	5	59	142	0.035
-1.832596	1.662363	0.915448	137	71	3	0.035
2.356194	2.881233	-2.582574	3	63	13	0.035
-1.570796	0.961715	0.014085	136	62	18	0.035
-2.617994	1.325504	-1.671296	9	51	27	0.035
1.570796	1.766067	2.153843	138	71	1	0.035
-2.879793	0.992645	-1.723759	140	88	17	0.035
-1.308997	1.301460	-0.509251	136	69	8	0.035
-0.785398	0.866955	-0.931351	0	88	14	0.035
0.000000	1.809167	1.213774	2	54	1	0.035
-1.832596	1.367556	0.358405	142	61	18	0.035
-0.523599	1.367556	0.358405	141	54	10	0.035
-0.523599	2.108018	1.311430	8	51	1	0.035
2.879793	0.709924	0.218797	2	63	8	0.035
-2.617994	1.135813	-2.658866	143	54	19	0.035
2.879793	1.998705	2.370472	143	54	9	0.035
1.570796	1.168678	2.108595	15	88	9	0.035
1.308997	0.591903	2.010408	2	66	5	0.035
1.047198	2.299159	2.264663	13	65	4	0.035
1.047198	1.050534	3.042579	9	59	10	0.035
-1.570796	2.724429	-0.348782	136	57	12	0.035
1.047198	1.699788	2.452890	10	100	15	0.035
0.261799	0.370812	-2.547742	4	59	18	0.035
-2.617994	2.979456	-1.009304	4	88	9	0.035
2.617994	2.164094	-2.991358	139	61	14	0.035
-2.356194	2.187132	-0.479875	136	71	9	0.035
2.879793	2.719179	-1.780644	16	63	9	0.035
1.570796	0.864993	2.278281	18	59	8	0.035
2.356194	1.014500	0.906702	141	57	6	0.035
2.094395	2.579248	-2.364801	10	64	12	0.035
-2.879793	1.909857	-0.381669	9	59	12	0.035
-3.141593	2.153910	-1.714959	10	64	18	0.035
-1.832596	2.153910	-1.714959	143	62	19	0.035
-0.523599	2.863997	0.549740	137	66	4	0.035
1.832596	2.356369	3.005869	6	71	14	0.035
-2.617994	1.948085	-2.363031	3	64	20	0.035
-0.785398	2.592629	0.909713	8	64	1	0.035
-1.308997	2.456751	-1.503343	3	64	16	0.035
-3.141593	1.184361	0.625864	15	64	14	0.035
2.356194	1.977582	0.969896	134	59	143	0.035
2.617994	1.555207	1.708892	138	88	1	0.035
-1.832596	0.571433	-1.188419	13	64	21	0.035
-1.570796	0.571433	-1.188419	4	62	20	0.035
-3.141593	0.297065	2.160177	1	88	17	0.035
0.785398	0.733948	3.021411	15	91	11	0.035
-0.523599	2.073035	2.027405	7	87	139	0.035
-1.570796	1.433411	-1.035986	5	69	12	0.035
0.000000	1.135813	-2.658866	3	51	18	0.035
-2.094395	1.662363	0.915448	5	87	6	0.035
0.523599	0.080730	-2.622036	134	68	14	0.035
2.879793	1.256302	0.062705	140	66	6	0.034
1.308997	1.869911	2.701025	7	95	4	0.034
-3.141593	2.396274	-1.959260	140	63	22	0.034
1.308997	1.766067	2.153843	143	63	1	0.034
-2.094395	1.135834	-1.431087	10	62	15	0.034
1.832596	2.588535	-2.976617	0	91	8	0.034
-1.570796	0.960688	-0.577532	136	95	15	0.034
-2.094395	2.456751	-1.503343	141	86	14	0.034
1.308997	1.555207	1.708892	18	62	9	0.034
2.617994	2.719179	-1.780644	4	63	14	0.034
-2.094395	0.700570	1.559208	135	63	1	0.034
-3.141593	1.741644	-2.695914	135	51	14	0.034
1.570796	1.450119	-2.739050	141	63	6	0.034
2.356194	1.450119	-2.739050	135	59	10	0.034
-2.617994	2.404280	-0.174044	143	71	16	0.034
-1.308997	2.115563	0.685730	9	65	4	0.034
1.047198	1.756530	-2.105156	3	61	19	0.034
0.000000	1.869911	2.701025	7	65	3	0.034
-0.785398	0.458961	-0.107937	124	61	16	0.034
-2.879793	1.599406	1.426070	3	67	8	0.034
-0.523599	1.599406	1.426070	0	87	12	0.034
-0.523599	0.615174	-0.666022	3	70	14	0.034
-2.879793	2.393226	1.857173	136	87	10	0.034
0.523599	2.393226	1.857173	11	87	142	0.034
-2.094395	1.574060	2.783565	142	61	9	0.034
0.000000	2.587733	0.232235	139	62	12	0.034
-0.785398	1.417623	-0.202254	133	71	9	0.034
0.785398	0.640596	-2.797608	8	69	22	0.034
-2.356194	0.831641	0.616218	140	64	10	0.034
-3.141593	2.343981	-1.040456	6	71	8	0.034
-2.094395	2.343981	-1.040456	4	87	21	0.034
0.785398	1.998705	2.370472	0	63	141	0.034
1.570796	1.998705	2.370472	139	69	143	0.034
-3.141593	1.413347	-1.339188	6	71	16	0.034
-0.785398	1.413347	-1.339188	133	63	12	0.034
1.832596	1.870545	-2.976234	4	87	6	0.034
-2.356194	2.164094	-2.991358	143	86	19	0.034
-1.047198	2.187132	-0.479875	134	65	11	0.034
0.000000	2.187132	-0.479875	124	63	8	0.034
-0.785398	1.812176	0.656819	141	88	11	0.034
-2.094395	0.866395	-2.492918	143	52	22	0.034
-3.141593	1.617114	-1.572037	3	71	23	0.034
-1.047198	1.617114	-1.572037	130	64	21	0.034
0.000000	1.617114	-1.572037	0	62	18	0.034
-1.570796	1.014500	0.906702	139	86	12	0.034
-1.047198	1.194549	-0.801900	134	69	17	0.034
-2.617994	2.579248	-2.364801	134	54	12	0.034
-2.617994	1.809167	1.213774	3	59	2	0.034
-2.094395	1.809167	1.213774	1	85	6	0.034
-1.832596	1.135834	-1.431087	0	63	18	0.034
-3.141593	1.195355	1.200319	2	64	5	0.034
2.356194	1.195355	1.200319	3	88	1	0.034
-3.141593	1.310100	1.488307	2	95	143	0.034
2.879793	1.310100	1.488307	135	71	3	0.034
-2.356194	1.367556	0.358405	2	65	6	0.034
-0.785398	2.863997	0.549740	5	95	7	0.034
-2.617994	1.045978	0.343692	143	56	142	0.034
2.879793	1.045978	0.343692	4	63	6	0.034
-0.785398	0.290380	-0.796960	1	88	20	0.034
-1.047198	1.836682	-0.676006	140	64	19	0.034
2.879793	1.836682	-0.676006	4	69	16	0.034
-0.261799	1.736875	3.023612	12	51	20	0.034
0.261799	1.736875	3.023612	10	90	11	0.034
2.094395	1.736875	3.023612	137	62	4	0.034
-2.617994	0.591903	2.010408	1	68	10	0.034
-0.261799	1.256302	0.062705	142	64	8	0.034
-2.617994	1.113094	-0.272241	5	69	12	0.034
2.356194	0.619654	-2.216909	128	71	12	0.034
-1.570796	2.138223	1.678323	134	64	2	0.034
2.879793	2.138223	1.678323	139	59	140	0.034
-2.617994	1.168678	2.108595	135	63	13	0.034
-0.261799	1.184361	0.625864	138	63	15	0.034
0.785398	1.325504	-1.671296	140	69	12	0.034
1.832596	1.606104	-0.451151	4	61	9	0.034
2.356194	1.982574	-1.115518	13	63	21	0.034
0.261799	0.080730	-2.622036	4	64	14	0.034
1.047198	0.080730	-2.622036	142	60	14	0.034
-1.047198	1.242974	-2.977882	135	65	10	0.034
-1.832596	1.721184	-0.153948	2	70	3	0.034
1.047198	0.733948	3.021411	141	68	20	0.034
1.832596	0.733948	3.021411	5	87	20	0.034
-2.094395	1.391910	3.030322	143	54	21	0.034
-3.141593	2.063651	-2.044600	4	67	20	0.034
0.261799	1.374601	-2.456031	8	64	14	0.034
-0.785398	0.960688	-0.577532	125	64	12	0.034
1.832596	1.824694	1.850876	2	63	8	0.034
1.570796	0.929350	-2.910676	0	63	22	0.034
1.832596	0.929350	-2.910676	5	65	25	0.034
1.570796	2.881233	-2.582574	19	66	14	0.034
-2.617994	1.696674	-1.253233	2	86	25	0.034
2.356194	1.683268	0.374177	140	71	137	0.034
-1.832596	1.301460	-0.509251	141	71	5	0.034
2.879793	1.301460	-0.509251	4	63	16	0.034
-2.094395	2.379497	0.561089	12	64	3	0.034
2.094395	1.658653	-2.409879	9	69	16	0.034
-2.879793	1.214854	-1.966664	143	63	26	0.034
0.000000	1.214854	-1.966664	141	59	28	0.034
-0.785398	0.914445	2.687814	137	64	4	0.034
0.000000	0.914445	2.687814	4	63	21	0.034
1.308997	1.135813	-2.658866	13	71	17	0.034
-2.094395	1.448123	-2.163292	137	65	20	0.034
-2.094395	2.104282	-0.813972	0	63	8	0.034
-0.785398	1.135834	-1.431087	5	63	16	0.034
1.832596	2.393226	1.857173	131	63	0	0.034
2.879793	2.393226	1.857173	130	88	143	0.034
-2.617994	2.719179	-1.780644	1	64	9	0.034
0.785398	2.174483	2.653697	1	59	12	0.034
-0.785398	1.113094	-0.272241	137	87	5	0.034
2.879793	2.001437	0.381215	7	88	4	0.034
2.617994	1.168678	2.108595	10	87	14	0.034
2.617994	1.732874	-0.951685	0	88	15	0.034
1.308997	1.824694	1.850876	18	64	143	0.034
-0.523599	0.866955	-0.931351	135	59	13	0.034
2.094395	1.025536	1.576859	7	56	9	0.034
0.000000	1.766067	2.153843	11	50	2	0.034
-2.356194	1.448123	-2.163292	16	63	23	0.034
-3.141593	1.756530	-2.105156	6	51	27	0.034
0.785398	0.370812	-2.547742	12	65	23	0.034
0.261799	1.413347	-1.339188	2	54	18	0.034
2.356194	2.164094	-2.991358	136	88	11	0.034
1.832596	2.719179	-1.780644	16	61	17	0.034
-2.356194	0.899350	-2.069907	139	50	22	0.034
2.356194	2.041297	-2.664597	14	54	22	0.034
-0.785398	1.045978	0.343692	130	62	5	0.034
2.879793	2.356369	3.005869	140	64	8	0.034
-2.094395	1.836682	-0.676006	3	66	8	0.034
0.785398	1.948085	-2.363031	16	52	25	0.034
0.785398	2.138223	1.678323	0	64	143	0.034
-2.879793	1.184361	0.625864	8	54	11	0.034
-0.523599	1.506530	1.988858	6	51	15	0.034
1.832596	1.506530	1.988858	141	88	9	0.034
2.879793	1.506530	1.988858	138	92	0	0.034
2.879793	1.977582	0.969896	140	57	7	0.034
-1.047198	2.295480	1.008277	2	59	13	0.034
-0.785398	1.982574	-1.115518	142	63	12	0.034
2.879793	0.685216	-1.712745	0	49	22	0.034
-2.356194	2.063651	-2.044600	8	63	23	0.034
0.261799	2.704512	1.488683	9	89	5	0.034
-0.523599	1.683268	0.374177	132	87	6	0.034
-1.832596	1.904882	-1.478089	3	87	26	0.034
-0.261799	0.709924	0.218797	140	51	14	0.034
-0.523599	1.433411	-1.035986	130	51	20	0.034
-2.879793	1.658653	-2.409879	136	71	15	0.034
2.094395	2.299159	2.264663	139	55	3	0.034
2.879793	1.504028	0.636812	12	54	12	0.034
1.570796	2.760637	2.781135	5	87	13	0.034
0.785398	1.214854	-1.966664	1	51	21	0.034
1.832596	1.134796	2.434290	8	87	7	0.033
-2.356194	1.870545	-2.976234	131	64	17	0.033
-0.261799	1.909857	-0.381669	131	51	11	0.033
-1.308997	1.256302	0.062705	131	59	2	0.033
2.879793	2.180315	-1.357379	136	71	10	0.033
2.356194	1.872854	1.543456	141	64	138	0.033
-0.785398	0.685216	-1.712745	1	87	17	0.033
-2.617994	2.063651	-2.044600	139	59	23	0.033
-0.261799	2.592629	0.909713	140	99	0	0.033
2.617994	2.881233	-2.582574	1	66	13	0.033
2.094395	0.674054	1.013609	8	61	5	0.033
2.356194	1.168678	2.108595	142	59	3	0.033
-3.141593	0.203748	0.590255	8	63	19	0.033
2.356194	1.247695	1.809890	140	63	4	0.033
-2.879793	2.404280	-0.174044	17	87	12	0.033
1.570796	2.404280	-0.174044	138	64	6	0.033
-2.879793	2.115563	0.685730	7	65	8	0.033
0.261799	2.115563	0.685730	133	66	2	0.033
2.094395	2.115563	0.685730	139	63	141	0.033
-0.523599	1.756530	-2.105156	3	64	27	0.033
1.832596	1.756530	-2.105156	5	87	16	0.033
2.094395	0.458961	-0.107937	13	64	14	0.033
1.570796	1.599406	1.426070	8	66	6	0.033
2.879793	1.599406	1.426070	0	64	4	0.033
-3.141593	1.554776	0.100351	1	71	4	0.033
-1.308997	1.554776	0.100351	141	69	8	0.033
-3.141593	0.618092	2.539118	128	88	5	0.033
0.261799	0.618092	2.539118	14	56	9	0.033
-2.617994	1.846342	-1.796954	142	71	23	0.033
-2.094395	1.846342	-1.796954	139	92	25	0.033
0.523599	1.846342	-1.796954	1	86	22	0.033
2.879793	1.846342	-1.796954	7	66	18	0.033
0.785398	0.615174	-0.666022	0	64	22	0.033
1.308997	0.615174	-0.666022	138	64	13	0.033
-2.094395	2.393226	1.857173	136	62	6	0.033
-0.523599	2.393226	1.857173	10	88	143	0.033
1.047198	2.393226	1.857173	141	71	6	0.033
-3.141593	0.419640	2.974122	131	70	14	0.033
-2.879793	0.419640	2.974122	129	71	16	0.033
1.832596	0.419640	2.974122	1	71	14	0.033
2.094395	0.419640	2.974122	4	88	23	0.033
-3.141593	1.574060	2.783565	130	63	14	0.033
-0.523599	1.574060	2.783565	1	66	11	0.033
-1.832596	2.587733	0.232235	14	89	13	0.033
-0.261799	2.587733	0.232235	0	68	15	0.033
2.617994	2.587733	0.232235	9	70	11	0.033
-1.047198	1.413430	2.550734	2	63	5	0.033
-2.617994	0.850607	-1.335383	0	68	16	0.033
-1.570796	0.850607	-1.335383	13	63	27	0.033
-0.523599	0.850607	-1.335383	1	93	15	0.033
-0.261799	0.850607	-1.335383	140	63	27	0.033
-2.094395	0.640596	-2.797608	143	61	20	0.033
0.000000	2.979456	-1.009304	132	69	16	0.033
2.879793	2.979456	-1.009304	12	71	8	0.033
0.000000	0.831641	0.616218	2	62	13	0.033
2.094395	0.831641	0.616218	4	65	4	0.033
2.356194	0.831641	0.616218	10	67	11	0.033
-1.570796	2.343981	-1.040456	137	69	16	0.033
-1.308997	2.343981	-1.040456	135	71	19	0.033
1.308997	2.343981	-1.040456	12	65	10	0.033
1.570796	2.343981	-1.040456	6	63	20	0.033
0.523599	1.998705	2.370472	22	64	17	0.033
0.000000	1.413347	-1.339188	140	71	21	0.033
-0.785398	0.674054	1.013609	133	63	15	0.033
-0.523599	0.674054	1.013609	7	63	11	0.033
0.523599	0.674054	1.013609	141	66	7	0.033
1.832596	0.674054	1.013609	143	71	9	0.033
0.000000	0.906588	1.252948	18	55	10	0.033
1.047198	0.906588	1.252948	8	63	11	0.033
2.879793	0.906588	1.252948	8	68	4	0.033
1.047198	1.335669	0.897240	0	63	0	0.033
1.832596	1.335669	0.897240	10	66	9	0.033
-1.047198	1.870545	-2.976234	1	52	24	0.033
0.000000	1.870545	-2.976234	11	85	20	0.033
-1.832596	2.164094	-2.991358	0	51	9	0.033
0.785398	2.164094	-2.991358	6	65	13	0.033
1.832596	2.164094	-2.991358	143	62	7	0.033
-2.617994	0.379747	-1.713059	2	53	17	0.033
1.047198	0.379747	-1.713059	141	71	19	0.033
-3.141593	2.187132	-0.479875	12	62	18	0.033
-2.879793	2.187132	-0.479875	18	70	17	0.033
-0.523599	2.187132	-0.479875	130	71	13	0.033
-0.261799	2.187132	-0.479875	122	71	8	0.033
2.617994	2.187132	-0.479875	9	66	16	0.033
2.879793	2.187132	-0.479875	8	71	2	0.033
1.308997	0.866955	-0.931351	7	65	19	0.033
-1.832596	2.299159	2.264663	136	64	12	0.033
2.879793	2.299159	2.264663	132	89	6	0.033
-2.356194	1.812176	0.656819	13	69	6	0.033
0.523599	2.719179	-1.780644	9	64	19	0.033
0.785398	2.719179	-1.780644	19	57	18	0.033
-1.832596	2.396274	-1.959260	135	63	21	0.033
-1.570796	2.396274	-1.959260	142	62	24	0.033
0.523599	2.396274	-1.959260	3	85	14	0.033
1.570796	2.396274	-1.959260	6	61	16	0.033
-0.261799	0.866395	-2.492918	3	63	17	0.033
-2.879793	0.864993	2.278281	125	69	13	0.033
0.523599	0.864993	2.278281	1	72	11	0.033
-2.879793	1.014500	0.906702	0	57	9	0.033
0.000000	1.014500	0.906702	2	65	10	0.033
1.308997	1.014500	0.906702	140	64	11	0.033
2.617994	1.014500	0.906702	18	59	12	0.033
-2.879793	2.247462	0.191623	19	69	3	0.033
-3.141593	2.724429	-0.348782	4	69	12	0.033
-1.047198	2.724429	-0.348782	7	85	6	0.033
-0.523599	2.724429	-0.348782	133	88	9	0.033
1.570796	2.724429	-0.348782	12	53	11	0.033
1.832596	2.724429	-0.348782	4	64	13	0.033
2.094395	2.724429	-0.348782	143	66	11	0.033
-1.308997	1.504028	0.636812	6	64	7	0.033
-0.785398	1.504028	0.636812	133	59	4	0.033
0.523599	1.504028	0.636812	137	68	8	0.033
2.356194	1.504028	0.636812	0	71	1	0.033
-1.308997	1.741644	-2.695914	138	65	8	0.033
2.356194	2.174483	2.653697	139	71	9	0.033
-1.047198	2.664082	-1.071402	140	69	12	0.033
1.308997	2.579248	-2.364801	4	63	19	0.033
1.570796	2.579248	-2.364801	4	71	8	0.033
-1.832596	0.899350	-2.069907	7	64	26	0.033
-0.261799	0.899350	-2.069907	8	88	24	0.033
-1.308997	2.984978	1.954446	22	71	5	0.033
0.000000	2.984978	1.954446	2	71	7	0.033
2.879793	2.984978	1.954446	138	63	8	0.033
1.047198	1.766067	2.153843	7	64	13	0.033
2.356194	1.766067	2.153843	139	95	5	0.033
-2.617994	1.135834	-1.431087	11	64	18	0.033
2.617994	1.135834	-1.431087	141	59	22	0.033
-1.570796	1.195355	1.200319	141	69	10	0.033
0.261799	1.195355	1.200319	7	87	2	0.033
0.523599	1.195355	1.200319	5	51	3	0.033
0.523599	1.310100	1.488307	6	59	13	0.033
-1.308997	2.153910	-1.714959	140	64	10	0.033
-1.832596	1.134497	-1.109631	10	95	22	0.033
1.832596	1.134497	-1.109631	2	71	13	0.033
2.094395	1.134497	-1.109631	142	63	18	0.033
-2.879793	0.961715	0.014085	16	96	13	0.033
-0.523599	0.961715	0.014085	130	63	16	0.033
-1.308997	1.367556	0.358405	137	59	3	0.033
-1.047198	1.367556	0.358405	133	59	3	0.033
-0.785398	1.367556	0.358405	140	71	12	0.033
1.308997	1.367556	0.358405	3	53	8	0.033
-1.832596	1.440580	2.260026	137	51	6	0.033
-0.261799	1.440580	2.260026	3	64	6	0.033
-2.617994	2.863997	0.549740	4	66	3	0.033
0.000000	2.863997	0.549740	140	62	4	0.033
2.356194	2.863997	0.549740	0	54	7	0.033
-3.141593	2.041297	-2.664597	141	70	17	0.033
2.094395	1.045978	0.343692	7	64	8	0.033
-2.617994	0.290380	-0.796960	16	63	24	0.033
1.047198	0.290380	-0.796960	140	67	16	0.033
1.308997	0.290380	-0.796960	5	52	14	0.033
-2.879793	1.545873	-1.877082	0	68	24	0.033
0.785398	1.545873	-1.877082	8	58	26	0.033
0.523599	2.356369	3.005869	11	54	15	0.033
2.356194	2.356369	3.005869	142	68	12	0.033
-2.879793	1.836682	-0.676006	3	61	7	0.033
-0.523599	1.836682	-0.676006	128	51	17	0.033
-0.261799	1.836682	-0.676006	135	69	14	0.033
1.308997	1.836682	-0.676006	10	64	18	0.033
2.617994	1.836682	-0.676006	18	65	9	0.033
-0.523599	1.948085	-2.363031	8	69	15	0.033
-0.261799	1.948085	-2.363031	7	64	16	0.033
-3.141593	1.736875	3.023612	129	63	15	0.033
-1.832596	1.736875	3.023612	140	62	20	0.033
0.000000	0.591903	2.010408	9	64	13	0.033
2.617994	0.591903	2.010408	141	71	16	0.033
-1.047198	2.760637	2.781135	17	63	10	0.033
-3.141593	1.256302	0.062705	6	87	5	0.033
-2.879793	1.256302	0.062705	6	71	9	0.033
-0.785398	1.256302	0.062705	132	96	12	0.033
0.261799	1.256302	0.062705	0	59	13	0.033
-1.570796	2.592629	0.909713	143	88	5	0.033
2.617994	2.592629	0.909713	139	86	5	0.033
-2.356194	1.113094	-0.272241	11	88	22	0.033
1.047198	1.113094	-0.272241	1	62	19	0.033
2.617994	1.113094	-0.272241	7	71	6	0.033
-2.617994	2.407836	1.410646	141	64	4	0.033
-0.261799	2.407836	1.410646	140	63	140	0.033
-3.141593	2.089241	-0.114193	2	71	11	0.033
1.832596	2.089241	-0.114193	0	64	5	0.033
-2.617994	0.619654	-2.216909	7	52	18	0.033
-0.785398	0.619654	-2.216909	141	66	19	0.033
1.047198	0.619654	-2.216909	2	66	24	0.033
2.617994	0.619654	-2.216909	136	64	21	0.033
0.261799	2.001437	0.381215	4	58	13	0.033
0.523599	2.001437	0.381215	0	69	7	0.033
-0.785398	2.138223	1.678323	7	64	2	0.033
-0.523599	2.138223	1.678323	1	59	1	0.033
2.617994	2.138223	1.678323	136	71	142	0.033
-2.617994	2.349581	-2.702517	136	59	19	0.033
-2.094395	2.349581	-2.702517	137	63	9	0.033
-0.785398	2.349581	-2.702517	2	64	11	0.033
1.047198	2.349581	-2.702517	15	70	17	0.033
-1.832596	1.168678	2.108595	137	61	4	0.033
-0.785398	1.168678	2.108595	14	61	13	0.033
0.261799	1.168678	2.108595	13	54	8	0.033
-1.047198	2.180315	-1.357379	136	64	19	0.033
-3.141593	2.478122	2.609777	129	70	9	0.033
-2.094395	2.478122	2.609777	0	53	3	0.033
-1.832596	2.478122	2.609777	140	67	4	0.033
2.617994	2.478122	2.609777	140	63	9	0.033
0.785398	1.184361	0.625864	136	67	5	0.033
-2.094395	2.108018	1.311430	9	67	5	0.033
0.261799	2.108018	1.311430	140	61	6	0.033
1.308997	2.108018	1.311430	1	65	141	0.033
2.094395	2.108018	1.311430	143	66	1	0.033
2.356194	2.108018	1.311430	5	71	6	0.033
-1.047198	1.488617	1.159546	3	71	7	0.033
-1.570796	1.325504	-1.671296	134	64	19	0.033
-0.785398	1.325504	-1.671296	136	63	24	0.033
1.308997	1.325504	-1.671296	4	64	26	0.033
-1.832596	1.606104	-0.451151	4	71	11	0.033
-0.261799	1.606104	-0.451151	126	56	13	0.033
0.000000	1.606104	-0.451151	142	69	13	0.033
2.094395	1.606104	-0.451151	13	57	13	0.033
-2.879793	1.506530	1.988858	0	64	9	0.033
-2.094395	1.506530	1.988858	141	64	7	0.033
0.261799	1.977582	0.969896	0	57	7	0.033
0.523599	1.977582	0.969896	143	71	9	0.033
1.047198	1.977582	0.969896	136	63	3	0.033
1.832596	1.977582	0.969896	142	64	3	0.033
0.000000	2.637879	2.121598	142	87	139	0.033
-2.094395	1.218453	2.777284	133	51	7	0.033
-1.570796	1.218453	2.777284	136	62	10	0.033
-1.047198	1.218453	2.777284	0	66	9	0.033
0.000000	1.218453	2.777284	12	59	21	0.033
1.308997	1.218453	2.777284	13	92	20	0.033
-3.141593	1.555207	1.708892	132	64	143	0.033
-2.879793	1.555207	1.708892	140	71	8	0.033
1.047198	1.555207	1.708892	6	71	6	0.033
-1.308997	2.295480	1.008277	1	68	13	0.033
1.308997	2.295480	1.008277	133	63	3	0.033
2.617994	2.295480	1.008277	3	66	8	0.033
-1.570796	0.203748	0.590255	138	95	20	0.033
-1.047198	0.203748	0.590255	130	65	15	0.033
1.047198	0.203748	0.590255	6	51	13	0.033
1.570796	0.203748	0.590255	16	65	14	0.033
-0.785398	1.510910	-0.740472	137	71	8	0.033
2.617994	1.510910	-0.740472	14	64	21	0.033
0.785398	0.571433	-1.188419	131	64	17	0.033
1.047198	0.571433	-1.188419	137	71	17	0.033
1.308997	0.571433	-1.188419	1	63	19	0.033
2.356194	0.571433	-1.188419	141	63	13	0.033
-1.832596	1.982574	-1.115518	10	87	18	0.033
0.261799	1.982574	-1.115518	131	51	13	0.033
-0.261799	2.033014	2.977192	16	63	16	0.033
0.000000	2.033014	2.977192	12	63	11	0.033
0.523599	0.297065	2.160177	17	64	19	0.033
-2.356194	0.080730	-2.622036	9	64	14	0.033
2.879793	1.242974	-2.977882	133	71	17	0.033
-2.094395	0.992645	-1.723759	8	69	24	0.033
-0.261799	0.992645	-1.723759	143	70	21	0.033
1.047198	0.992645	-1.723759	2	87	29	0.033
1.308997	0.992645	-1.723759	138	67	23	0.033
2.356194	0.992645	-1.723759	0	63	21	0.033
-2.617994	2.104282	-0.813972	6	64	16	0.033
-2.356194	2.104282	-0.813972	13	89	11	0.033
-0.785398	2.104282	-0.813972	142	71	21	0.033
0.000000	2.104282	-0.813972	143	64	13	0.033
1.308997	2.104282	-0.813972	5	51	12	0.033
2.094395	2.104282	-0.813972	14	64	9	0.033
-1.308997	1.872854	1.543456	5	64	3	0.033
-0.523599	1.872854	1.543456	142	69	4	0.033
0.523599	1.872854	1.543456	15	71	0	0.033
1.832596	1.872854	1.543456	7	64	6	0.033
2.094395	1.872854	1.543456	5	66	3	0.033
-1.308997	0.762244	-0.273349	5	88	18	0.033
0.261799	0.762244	-0.273349	130	67	14	0.033
2.617994	0.762244	-0.273349	6	64	18	0.033
-2.879793	1.050534	3.042579	130	64	5	0.033
1.570796	1.050534	3.042579	11	71	27	0.033
2.094395	1.050534	3.042579	143	66	17	0.033
-2.879793	0.733948	3.021411	132	64	18	0.033
-2.356194	0.733948	3.021411	138	54	14	0.033
-0.523599	0.733948	3.021411	4	63	13	0.033
1.570796	0.733948	3.021411	5	71	10	0.033
-2.879793	2.588535	-2.976617	134	92	15	0.033
-1.832596	2.588535	-2.976617	3	63	16	0.033
-1.308997	1.391910	3.030322	7	63	19	0.033
1.308997	0.685216	-1.712745	1	57	23	0.033
-0.261799	2.063651	-2.044600	4	63	13	0.033
0.000000	2.063651	-2.044600	14	86	18	0.033
-0.523599	0.700570	1.559208	139	64	7	0.033
-2.879793	1.025536	1.576859	134	64	9	0.033
-2.356194	1.025536	1.576859	140	65	8	0.033
-1.047198	1.025536	1.576859	138	63	11	0.033
-0.785398	1.025536	1.576859	140	63	6	0.033
1.570796	1.025536	1.576859	9	63	143	0.033
-3.141593	2.251330	-2.330739	10	71	22	0.033
-0.785398	2.251330	-2.330739	0	63	20	0.033
-2.356194	1.374601	-2.456031	136	57	10	0.033
-1.570796	1.374601	-2.456031	141	51	18	0.033
1.832596	1.374601	-2.456031	9	69	29	0.033
-1.570796	1.732874	-0.951685	2	68	18	0.033
-0.261799	1.732874	-0.951685	135	68	10	0.033
1.832596	1.732874	-0.951685	5	63	10	0.033
2.094395	1.732874	-0.951685	10	52	14	0.033
-2.617994	0.960688	-0.577532	8	63	21	0.033
-2.094395	0.960688	-0.577532	0	69	15	0.033
-1.308997	0.960688	-0.577532	0	89	19	0.033
-1.047198	1.824694	1.850876	140	63	5	0.033
0.785398	1.824694	1.850876	6	71	9	0.033
-2.617994	2.704512	1.488683	6	64	7	0.033
-1.570796	2.704512	1.488683	11	64	6	0.033
-0.785398	2.704512	1.488683	11	71	10	0.033
1.832596	2.704512	1.488683	138	66	9	0.033
0.261799	0.910508	1.903534	13	62	18	0.033
0.785398	0.910508	1.903534	12	64	12	0.033
0.000000	0.929350	-2.910676	7	51	14	0.033
-1.308997	2.881233	-2.582574	135	52	17	0.033
1.308997	2.881233	-2.582574	17	66	20	0.033
-1.308997	1.696674	-1.253233	139	59	22	0.033
-0.785398	1.696674	-1.253233	141	57	26	0.033
1.570796	1.696674	-1.253233	8	53	20	0.033
-2.617994	1.683268	0.374177	11	71	6	0.033
2.094395	2.073035	2.027405	6	95	7	0.033
-2.879793	1.247695	1.809890	129	66	0	0.033
-0.785398	1.247695	1.809890	134	57	143	0.033
0.523599	1.247695	1.809890	3	64	5	0.033
1.047198	1.247695	1.809890	3	59	142	0.033
1.308997	1.247695	1.809890	8	69	11	0.033
2.879793	1.247695	1.809890	134	71	7	0.033
-1.047198	1.904882	-1.478089	142	63	17	0.033
-1.047198	0.709924	0.218797	4	71	17	0.033
-2.617994	0.496451	0.593859	132	87	2	0.033
-1.570796	0.496451	0.593859	140	91	22	0.033
-0.785398	0.496451	0.593859	136	71	5	0.033
1.832596	0.496451	0.593859	9	63	16	0.033
0.261799	2.379497	0.561089	135	64	6	0.033
-2.879793	1.433411	-1.035986	10	63	21	0.033
-2.617994	1.433411	-1.035986	6	66	28	0.033
2.617994	1.433411	-1.035986	10	64	16	0.033
-0.785398	1.658653	-2.409879	3	57	28	0.033
-2.617994	1.214854	-1.966664	134	59	16	0.033
-1.047198	1.214854	-1.966664	134	66	19	0.033
-2.879793	0.914445	2.687814	140	87	15	0.033
-1.832596	0.914445	2.687814	137	61	16	0.033
-2.356194	1.135813	-2.658866	135	63	23	0.033
-2.094395	1.135813	-2.658866	4	71	31	0.033
2.879793	1.135813	-2.658866	5	66	19	0.033
-3.141593	1.448123	-2.163292	140	61	19	0.033
-1.308997	1.448123	-2.163292	137	63	22	0.033
0.785398	1.448123	-2.163292	8	52	21	0.033
1.570796	1.448123	-2.163292	10	66	18	0.033
2.879793	1.448123	-2.163292	6	69	23	0.033
-3.141593	2.455966	-0.641220	15	59	9	0.033
-2.094395	2.455966	-0.641220	141	71	7	0.033
-1.570796	2.455966	-0.641220	139	92	15	0.033
0.000000	2.455966	-0.641220	136	68	13	0.033
2.879793	2.455966	-0.641220	6	68	2	0.033
0.000000	1.662363	0.915448	0	57	9	0.033
0.785398	1.662363	0.915448	141	64	12	0.033
1.047198	1.662363	0.915448	143	51	11	0.033
1.308997	1.662363	0.915448	5	55	0	0.033
2.356194	1.662363	0.915448	1	60	3	0.033
-2.879793	2.299159	2.264663	133	51	13	0.033
1.047198	2.478122	2.609777	5	64	7	0.033
2.094395	0.700570	1.559208	5	87	12	0.033
2.879793	2.115563	0.685730	0	63	142	0.033
2.879793	1.869911	2.701025	133	59	143	0.033
1.047198	1.413430	2.550734	16	63	14	0.033
-1.308997	2.724429	-0.348782	1	68	7	0.033
-1.832596	1.113094	-0.272241	136	93	10	0.033
-0.523599	0.929350	-2.910676	139	66	12	0.033
-2.094395	1.696674	-1.253233	136	85	20	0.033
-2.879793	1.448123	-2.163292	133	64	22	0.033
0.261799	0.992645	-1.723759	8	50	27	0.033
0.000000	2.073035	2.027405	140	54	142	0.033
-1.047198	2.587733	0.232235	9	59	3	0.033
-1.570796	2.404280	-0.174044	14	63	9	0.033
-0.785398	1.335669	0.897240	137	64	140	0.033
0.523599	2.174483	2.653697	9	59	0	0.033
-0.785398	1.134497	-1.109631	136	57	21	0.033
-0.785398	2.404280	-0.174044	5	64	8	0.033
2.094395	1.756530	-2.105156	5	64	15	0.033
2.356194	1.846342	-1.796954	2	63	24	0.033
0.785398	1.134796	2.434290	4	59	15	0.033
2.879793	2.164094	-2.991358	2	88	20	0.033
1.570796	2.299159	2.264663	139	87	1	0.033
-3.141593	1.812176	0.656819	7	59	9	0.033
-0.261799	1.194549	-0.801900	143	59	17	0.033
