128	1.2	0
-2.094395	2.456751	-1.503343
0.000000	0.000000	0.000000
model.B99990002.pdb	-40.468	-56.894	-43.342
1iob.pdb	15.932	13.567	1.186
-2.356194	0.850607	-1.335383	103	118	23	8.157
-2.617994	1.134497	-1.109631	103	123	22	7.703
-2.094395	1.194549	-0.801900	104	115	24	7.571
-2.879793	0.960688	-0.577532	108	123	28	7.117
-1.570796	1.367556	0.358405	107	119	28	6.824
2.879793	0.960688	-0.577532	112	127	28	6.824
-2.879793	0.571433	-1.188419	106	121	27	6.662
1.570796	0.203748	0.590255	112	115	31	6.530
-2.879793	1.194549	-0.801900	107	126	25	6.530
-2.617994	0.290380	-0.796960	112	112	30	6.237
-2.879793	1.113094	-0.272241	111	125	29	6.237
1.308997	0.496451	0.593859	116	115	32	6.171
-2.094395	0.850607	-1.335383	104	114	24	6.010
2.879793	0.709924	0.218797	118	119	32	5.878
0.523599	0.709924	0.218797	120	117	32	5.812
-2.356194	1.301460	-0.509251	105	121	26	5.783
2.094395	0.496451	0.593859	118	114	32	5.717
-0.785398	1.367556	0.358405	110	111	28	5.424
-2.094395	1.417623	-0.202254	105	120	26	5.424
2.094395	0.290380	-0.796960	114	126	30	5.424
0.523599	1.256302	0.062705	125	111	29	5.358
2.879793	0.961715	0.014085	118	123	32	5.328
-2.617994	1.301460	-0.509251	106	124	26	5.262
-0.523599	0.831641	0.616218	114	116	32	5.196
0.785398	0.961715	0.014085	124	116	31	5.131
-3.141593	0.379747	-1.713059	110	127	27	5.130
2.094395	0.458961	-0.107937	115	120	32	5.130
-1.832596	1.301460	-0.509251	106	114	26	5.130
2.094395	0.709924	0.218797	119	119	32	5.065
1.047198	0.961715	0.014085	125	118	31	5.064
-2.094395	1.135834	-1.431087	101	115	19	5.035
-1.570796	1.554776	0.100351	105	116	26	5.035
0.523599	0.831641	0.616218	117	114	32	4.969
-2.879793	0.290380	-0.796960	110	114	30	4.969
0.523599	0.458961	-0.107937	121	122	31	4.932
1.047198	0.831641	0.616218	120	113	32	4.903
-2.617994	0.850607	-1.335383	104	121	23	4.903
-2.879793	0.866955	-0.931351	106	123	26	4.874
0.261799	1.045978	0.343692	120	112	31	4.837
0.261799	0.762244	-0.273349	124	117	31	4.837
-2.879793	0.762244	-0.273349	112	120	31	4.837
0.785398	0.709924	0.218797	119	118	32	4.676
-1.308997	1.683268	0.374177	104	116	24	4.676
2.356194	0.458961	-0.107937	114	119	32	4.676
-0.523599	1.256302	0.062705	115	109	29	4.610
-1.047198	1.721184	-0.153948	108	107	23	4.610
1.308997	0.961715	0.014085	124	119	31	4.610
-1.832596	1.606104	-0.451151	103	115	22	4.610
-1.570796	0.685216	-1.712745	106	108	22	4.610
2.356194	0.496451	0.593859	119	114	32	4.610
-1.308997	1.982574	-1.115518	102	97	2	4.581
1.047198	0.203748	0.590255	112	119	31	4.544
0.785398	1.256302	0.062705	127	113	29	4.544
-0.261799	1.045978	0.343692	116	112	31	4.515
-1.308997	2.396274	-1.959260	104	107	28	4.478
0.261799	2.478122	2.609777	118	124	101	4.420
-0.261799	0.831641	0.616218	115	115	32	4.383
-1.832596	0.960688	-0.577532	110	112	29	4.383
-2.356194	0.961715	0.014085	113	119	31	4.383
0.785398	0.496451	0.593859	115	118	32	4.383
-2.879793	0.961715	0.014085	114	122	31	4.383
-1.570796	1.301460	-0.509251	107	111	26	4.383
-3.141593	0.762244	-0.273349	113	121	31	4.317
-2.617994	0.458961	-0.107937	117	114	32	4.317
2.879793	0.290380	-0.796960	110	120	30	4.317
-1.570796	0.571433	-1.188419	112	107	27	4.317
-2.356194	1.510910	-0.740472	104	121	22	4.317
-0.785398	0.619654	-2.216909	106	96	12	4.288
2.356194	0.709924	0.218797	119	119	32	4.251
-1.570796	1.135834	-1.431087	100	100	9	4.221
-2.879793	2.349581	-2.702517	123	2	99	4.193
2.617994	0.496451	0.593859	121	115	32	4.185
-2.356194	1.194549	-0.801900	104	119	25	4.156
0.785398	1.184361	0.625864	122	109	30	4.156
-2.094395	0.571433	-1.188419	107	112	27	4.155
0.000000	0.831641	0.616218	116	114	32	4.090
1.308997	0.831641	0.616218	121	115	32	4.090
2.879793	0.496451	0.593859	122	114	32	4.090
1.832596	0.496451	0.593859	117	114	32	4.090
0.523599	0.496451	0.593859	115	118	32	4.090
-1.570796	0.379747	-1.713059	109	108	26	4.090
-2.094395	1.301460	-0.509251	105	118	26	4.090
-1.047198	1.554776	0.100351	108	111	26	4.090
2.356194	0.615174	-0.666022	115	126	30	4.089
-2.617994	0.571433	-1.188419	106	119	27	4.089
-1.832596	1.696674	-1.253233	97	103	5	4.060
2.879793	0.458961	-0.107937	115	117	31	4.053
-2.879793	0.379747	-1.713059	107	125	26	4.023
1.832596	1.113094	-0.272241	125	126	30	3.995
-0.785398	1.045978	0.343692	113	114	31	3.994
-2.356194	0.080730	-2.622036	108	125	28	3.994
-1.570796	1.194549	-0.801900	107	109	24	3.958
1.308997	0.709924	0.218797	120	118	32	3.958
-3.141593	0.290380	-0.796960	109	117	30	3.929
1.832596	0.709924	0.218797	118	119	32	3.929
-2.356194	1.433411	-1.035986	102	119	20	3.928
-2.617994	0.960688	-0.577532	108	120	29	3.928
-2.356194	0.960688	-0.577532	108	117	29	3.928
-2.094395	1.510910	-0.740472	103	117	22	3.862
-2.617994	1.135834	-1.431087	103	124	20	3.862
2.617994	0.458961	-0.107937	114	117	32	3.862
-1.047198	1.367556	0.358405	108	113	28	3.862
1.047198	2.104282	-0.813972	116	108	32	3.833
-2.617994	0.866955	-0.931351	106	119	26	3.796
-3.141593	0.571433	-1.188419	108	125	27	3.796
-1.570796	1.721184	-0.153948	104	114	23	3.796
-1.047198	2.187132	-0.479875	102	97	5	3.767
-2.094395	1.606104	-0.451151	103	119	23	3.767
1.047198	1.256302	0.062705	0	116	29	3.731
0.785398	0.674054	1.013609	116	112	31	3.731
-2.879793	0.709924	0.218797	118	118	32	3.731
0.785398	0.762244	-0.273349	124	119	31	3.730
1.570796	0.831641	0.616218	121	114	32	3.701
-0.785398	2.187132	-0.479875	107	94	4	3.701
-1.308997	1.367556	0.358405	107	116	28	3.701
-1.047198	1.732874	-0.951685	105	95	7	3.701
1.047198	1.766067	2.153843	107	123	99	3.672
-3.141593	0.960688	-0.577532	111	125	28	3.664
2.879793	0.762244	-0.273349	115	122	31	3.664
-1.570796	1.256302	0.062705	110	116	30	3.635
0.523599	1.184361	0.625864	120	108	30	3.635
-2.094395	0.685216	-1.712745	103	115	22	3.635
2.879793	0.571433	-1.188419	110	127	27	3.569
-2.617994	0.615174	-0.666022	109	116	29	3.569
-0.785398	1.554776	0.100351	110	108	26	3.569
1.047198	0.496451	0.593859	115	117	32	3.569
-2.094395	1.113094	-0.272241	109	117	29	3.569
-2.094395	0.961715	0.014085	113	117	31	3.569
-2.617994	0.961715	0.014085	113	121	31	3.569
2.617994	0.831641	0.616218	124	119	32	3.503
-1.047198	0.961715	0.014085	116	113	31	3.503
1.047198	0.458961	-0.107937	118	123	31	3.503
-1.570796	1.045978	0.343692	113	118	31	3.503
-1.570796	0.961715	0.014085	114	115	31	3.503
-0.785398	2.455966	-0.641220	108	95	127	3.474
2.356194	0.961715	0.014085	120	123	32	3.474
-0.523599	2.089241	-0.114193	107	94	8	3.474
2.617994	0.615174	-0.666022	111	124	29	3.474
2.094395	0.615174	-0.666022	116	126	30	3.474
-2.356194	0.992645	-1.723759	102	121	20	3.474
-1.570796	0.297065	2.160177	93	98	2	3.445
1.308997	0.762244	-0.273349	123	122	31	3.437
-2.879793	0.850607	-1.335383	105	126	24	3.408
-2.356194	0.571433	-1.188419	106	115	27	3.408
2.356194	0.203748	0.590255	116	110	31	3.408
1.832596	0.290380	-0.796960	114	127	29	3.408
-1.308997	1.554776	0.100351	106	113	26	3.408
-2.617994	1.194549	-0.801900	105	123	25	3.408
-2.617994	2.349581	-2.702517	123	1	99	3.379
-0.523599	1.413430	2.550734	96	104	110	3.379
0.261799	0.709924	0.218797	120	117	32	3.371
1.832596	0.458961	-0.107937	115	121	32	3.342
1.570796	0.496451	0.593859	116	115	32	3.342
-1.832596	0.571433	-1.188419	111	109	28	3.342
-2.617994	0.762244	-0.273349	112	118	31	3.342
-1.832596	1.194549	-0.801900	106	111	25	3.342
-1.308997	1.504028	0.636812	105	118	26	3.342
-1.832596	1.433411	-1.035986	98	103	11	3.313
0.261799	0.674054	1.013609	113	114	31	3.276
-1.570796	1.683268	0.374177	104	119	24	3.276
-2.356194	1.417623	-0.202254	106	123	26	3.276
-2.094395	0.960688	-0.577532	109	115	29	3.276
2.617994	0.709924	0.218797	119	119	32	3.276
-2.094395	0.866955	-0.931351	107	114	27	3.276
-1.308997	2.104282	-0.813972	102	97	3	3.247
-0.261799	0.906588	1.252948	107	115	27	3.247
-1.047198	1.998705	2.370472	97	115	105	3.247
-1.832596	1.413347	-1.339188	97	103	8	3.247
-1.570796	2.104282	-0.813972	98	101	3	3.246
0.785398	1.391910	3.030322	93	112	15	3.217
-2.879793	0.458961	-0.107937	116	115	32	3.210
0.523599	0.961715	0.014085	124	115	31	3.210
0.261799	0.961715	0.014085	123	114	31	3.210
-3.141593	0.961715	0.014085	117	122	32	3.181
2.617994	0.961715	0.014085	119	123	32	3.181
-1.308997	1.909857	-0.381669	99	100	9	3.181
2.094395	0.203748	0.590255	114	112	31	3.181
0.000000	0.203748	0.590255	115	126	31	3.181
2.356194	0.960688	-0.577532	117	0	29	3.181
-2.617994	0.080730	-2.622036	110	127	28	3.181
-1.308997	1.836682	-0.676006	101	98	8	3.181
-0.785398	2.089241	-0.114193	103	96	7	3.181
-0.523599	2.138223	1.678323	106	114	25	3.173
-0.261799	0.709924	0.218797	119	117	32	3.144
-2.356194	1.256302	0.062705	111	124	30	3.115
-2.617994	0.709924	0.218797	118	118	33	3.115
1.308997	0.458961	-0.107937	116	123	31	3.115
-2.879793	1.134497	-1.109631	105	126	22	3.115
-1.308997	1.606104	-0.451151	107	107	23	3.115
-2.094395	1.658653	-2.409879	97	114	105	3.086
1.570796	1.448123	-2.163292	37	25	105	3.086
0.523599	0.203748	0.590255	113	123	30	3.049
-1.832596	1.256302	0.062705	108	118	29	3.049
-3.141593	0.458961	-0.107937	115	115	32	3.049
-1.570796	1.606104	-0.451151	105	111	23	3.049
0.000000	0.674054	1.013609	112	115	31	3.049
-2.356194	0.615174	-0.666022	112	113	30	3.049
-2.879793	2.664082	-1.071402	98	117	105	3.020
-1.047198	1.696674	-1.253233	106	94	5	3.020
-1.047198	1.617114	-1.572037	106	94	3	3.019
0.000000	1.045978	0.343692	118	111	31	2.983
1.832596	0.961715	0.014085	123	122	31	2.983
-0.785398	1.721184	-0.153948	111	105	23	2.983
-1.047198	1.256302	0.062705	111	112	29	2.983
-1.308997	1.045978	0.343692	113	117	31	2.983
-2.356194	0.866955	-0.931351	106	116	26	2.983
0.785398	1.367556	0.358405	125	109	29	2.954
1.308997	0.203748	0.590255	110	116	31	2.954
-2.356194	1.134497	-1.109631	102	118	22	2.953
1.832596	0.914445	2.687814	124	121	38	2.925
1.832596	0.203748	0.590255	113	114	31	2.917
1.047198	1.367556	0.358405	127	112	29	2.888
-2.094395	0.080730	-2.622036	107	122	28	2.888
1.570796	0.961715	0.014085	124	121	32	2.888
-1.308997	1.721184	-0.153948	105	110	23	2.888
-0.261799	0.674054	1.013609	110	118	30	2.887
-1.047198	1.504028	0.636812	105	115	26	2.887
1.308997	1.256302	0.062705	0	117	30	2.887
-0.785398	0.640596	-2.797608	101	97	10	2.859
-1.308997	2.478122	2.609777	20	25	97	2.859
2.356194	2.187132	-0.479875	104	99	21	2.858
1.570796	0.458961	-0.107937	116	122	32	2.822
0.261799	0.831641	0.616218	116	114	32	2.822
-3.141593	1.194549	-0.801900	109	1	25	2.822
2.879793	1.194549	-0.801900	112	3	25	2.822
-1.047198	1.606104	-0.451151	110	105	23	2.822
-0.785398	1.184361	0.625864	110	114	30	2.822
-1.832596	1.045978	0.343692	113	120	31	2.822
0.785398	1.045978	0.343692	123	114	31	2.821
0.000000	1.014500	0.906702	111	112	29	2.792
-2.356194	1.948085	-2.363031	100	114	102	2.792
-2.094395	0.615174	-0.666022	112	112	30	2.756
-0.261799	0.418037	1.360082	110	119	30	2.756
-1.308997	1.184361	0.625864	110	119	30	2.755
1.570796	1.135813	-2.658866	4	108	31	2.727
-0.261799	0.419640	2.974122	104	98	15	2.726
-2.356194	1.413430	2.550734	106	0	31	2.726
-0.785398	1.812176	0.656819	98	102	12	2.726
-0.261799	2.343981	-1.040456	116	124	96	2.698
2.617994	2.164094	-2.991358	30	36	118	2.698
-0.523599	0.685216	-1.712745	93	105	17	2.697
-1.308997	0.961715	0.014085	115	114	31	2.690
1.832596	0.762244	-0.273349	120	124	31	2.690
2.617994	0.290380	-0.796960	110	122	30	2.660
-2.617994	1.113094	-0.272241	111	121	30	2.660
-1.832596	1.510910	-0.740472	104	113	23	2.660
-1.308997	1.214854	-1.966664	100	99	4	2.660
0.785398	2.041297	-2.664597	93	105	14	2.632
-2.617994	2.760637	2.781135	101	0	103	2.631
-2.879793	2.063651	-2.044600	99	111	22	2.631
1.308997	0.733948	3.021411	120	115	38	2.631
0.000000	0.496451	0.593859	93	99	1	2.631
-0.261799	0.203748	0.590255	90	103	4	2.631
-2.356194	0.762244	-0.273349	113	116	31	2.624
0.785398	0.203748	0.590255	112	121	30	2.624
0.785398	1.683268	0.374177	1	106	25	2.595
0.000000	1.367556	0.358405	118	108	29	2.595
-1.570796	2.164094	-2.991358	120	0	100	2.566
-2.879793	2.979456	-1.009304	99	114	103	2.565
-0.785398	1.391910	3.030322	97	104	108	2.565
-1.308997	1.696674	-1.253233	102	96	5	2.564
-1.832596	0.866955	-0.931351	108	111	26	2.558
0.523599	1.014500	0.906702	117	109	30	2.528
1.570796	0.674054	1.013609	122	110	31	2.528
1.047198	1.045978	0.343692	123	114	31	2.528
-3.141593	0.615174	-0.666022	110	121	30	2.528
-3.141593	0.866955	-0.931351	108	126	26	2.528
-2.094395	1.256302	0.062705	108	121	29	2.528
-0.261799	2.001437	0.381215	107	94	10	2.500
0.000000	2.349581	-2.702517	26	16	96	2.499
-1.308997	1.736875	3.023612	92	109	14	2.499
-1.047198	1.325504	-1.671296	105	94	6	2.499
2.094395	1.256302	0.062705	39	34	106	2.470
-1.308997	0.379747	-1.713059	113	106	27	2.462
0.000000	0.961715	0.014085	121	113	31	2.462
2.617994	0.960688	-0.577532	115	0	28	2.462
-1.308997	0.960688	-0.577532	114	109	29	2.462
-3.141593	0.709924	0.218797	118	119	32	2.462
-1.047198	2.104282	-0.813972	105	95	3	2.434
2.094395	0.961715	0.014085	121	123	32	2.433
1.308997	2.579248	-2.364801	111	117	99	2.433
-0.785398	2.637879	2.121598	100	117	103	2.433
2.094395	1.113094	-0.272241	122	126	30	2.433
-2.356194	1.413347	-1.339188	95	113	8	2.433
0.523599	2.343981	-1.040456	121	119	96	2.404
-1.570796	0.458961	-0.107937	92	108	16	2.404
-0.523599	1.545873	-1.877082	91	102	5	2.404
-0.785398	1.214854	-1.966664	90	108	11	2.404
-0.785398	0.709924	0.218797	118	117	32	2.397
2.879793	0.866955	-0.931351	112	0	27	2.396
-1.047198	2.089241	-0.114193	101	98	7	2.368
1.047198	1.113094	-0.272241	0	119	30	2.367
1.308997	1.045978	0.343692	124	115	31	2.367
0.523599	1.367556	0.358405	123	108	29	2.367
2.617994	0.203748	0.590255	118	109	31	2.367
-0.523599	1.014500	0.906702	110	116	30	2.367
-0.523599	2.404280	-0.174044	108	94	2	2.366
-2.356194	2.349581	-2.702517	123	0	99	2.339
1.308997	1.134796	2.434290	115	124	100	2.338
-0.785398	1.413430	2.550734	102	97	21	2.338
-2.094395	0.290380	-0.796960	116	109	30	2.301
-2.356194	0.685216	-1.712745	103	119	23	2.301
-1.308997	1.256302	0.062705	111	114	30	2.301
-0.261799	1.606104	-0.451151	122	102	23	2.301
1.832596	2.180315	-1.357379	125	119	35	2.272
1.832596	2.760637	2.781135	109	105	100	2.272
2.879793	0.733948	3.021411	93	117	108	2.272
-0.785398	2.174483	2.653697	100	113	102	2.272
0.000000	0.297065	2.160177	101	104	18	2.272
0.000000	2.478122	2.609777	103	110	100	2.272
-1.308997	1.310100	1.488307	118	126	95	2.272
-1.308997	1.413347	-1.339188	103	96	8	2.272
-1.570796	1.433411	-1.035986	100	99	11	2.272
1.832596	2.001437	0.381215	97	102	15	2.272
-1.832596	2.247462	0.191623	115	122	96	2.243
2.617994	2.863997	0.549740	114	2	96	2.243
-2.356194	2.247462	0.191623	114	127	96	2.243
-0.261799	2.247462	0.191623	19	15	32	2.243
-2.094395	2.379497	0.561089	113	122	97	2.243
-3.141593	1.948085	-2.363031	104	123	101	2.243
-0.523599	2.180315	-1.357379	111	124	98	2.243
1.047198	1.168678	2.108595	38	16	33	2.243
-0.523599	1.875281	0.107086	106	96	11	2.235
0.261799	0.496451	0.593859	115	120	32	2.235
-0.261799	0.961715	0.014085	119	112	31	2.235
-2.356194	0.290380	-0.796960	114	110	30	2.235
-1.308997	0.850607	-1.335383	105	97	15	2.206
-0.261799	1.450119	-2.739050	99	96	16	2.206
0.000000	2.033014	2.977192	106	104	101	2.206
-0.785398	2.393226	1.857173	97	113	105	2.206
-0.523599	1.809167	1.213774	97	102	9	2.206
-0.785398	1.869911	2.701025	98	110	104	2.206
-2.879793	1.242974	-2.977882	121	5	32	2.206
-1.047198	2.138223	1.678323	95	115	109	2.206
-1.308997	1.824694	1.850876	95	119	112	2.206
-2.617994	1.247695	1.809890	102	125	28	2.206
0.785398	0.458961	-0.107937	120	122	31	2.199
0.000000	1.335669	0.897240	104	101	18	2.177
0.000000	1.195355	1.200319	102	102	17	2.177
0.523599	1.450119	-2.739050	91	113	10	2.177
0.523599	1.875281	0.107086	29	27	25	2.177
-1.570796	1.113094	-0.272241	111	112	29	2.169
-1.832596	1.113094	-0.272241	110	114	29	2.169
-0.523599	1.045978	0.343692	115	113	31	2.169
1.308997	1.113094	-0.272241	127	121	30	2.140
-1.308997	1.510910	-0.740472	102	98	12	2.140
-0.785398	0.866395	-2.492918	103	96	7	2.140
1.570796	0.762244	-0.273349	120	124	31	2.140
-1.308997	1.135834	-1.431087	103	97	10	2.140
-0.785398	1.335669	0.897240	106	116	27	2.140
1.570796	1.113094	-0.272241	126	123	30	2.140
-0.785398	1.128190	-2.288622	105	95	3	2.140
-1.047198	1.875281	0.107086	99	101	12	2.140
-0.523599	1.335669	0.897240	107	112	27	2.140
1.570796	2.379497	0.561089	117	122	97	2.111
1.570796	0.914445	2.687814	124	119	38	2.111
2.879793	0.914445	2.687814	119	125	38	2.111
2.356194	2.379497	0.561089	108	124	97	2.111
-1.308997	1.194549	-0.801900	111	107	25	2.103
2.879793	0.615174	-0.666022	110	122	29	2.074
-1.832596	1.721184	-0.153948	103	118	23	2.074
0.261799	1.256302	0.062705	123	110	30	2.074
-0.261799	1.014500	0.906702	111	113	30	2.074
-1.570796	1.836682	-0.676006	98	102	8	2.074
-1.832596	2.164094	-2.991358	121	1	100	2.045
-3.141593	2.349581	-2.702517	123	3	99	2.045
-2.356194	0.910508	1.903534	98	111	23	2.045
-1.308997	1.325504	-1.671296	101	97	6	2.045
2.356194	2.349581	-2.702517	110	114	99	2.045
-1.570796	1.325504	-1.671296	98	100	6	2.044
1.308997	0.674054	1.013609	119	110	31	2.008
2.617994	0.571433	-1.188419	113	0	28	2.008
-2.617994	0.379747	-1.713059	106	122	27	2.008
-0.261799	1.184361	0.625864	113	110	30	2.008
0.785398	0.418037	1.360082	105	104	20	1.979
-0.785398	1.732874	-0.951685	109	93	8	1.979
1.308997	2.251330	-2.330739	30	22	97	1.979
-2.879793	0.914445	2.687814	116	125	37	1.979
-2.356194	1.658653	-2.409879	98	117	105	1.979
-0.523599	0.419640	2.974122	101	100	13	1.979
-2.356194	1.242974	-2.977882	113	4	32	1.979
-0.523599	2.637879	2.121598	100	114	102	1.979
-1.308997	1.413430	2.550734	97	104	20	1.978
0.000000	1.869911	2.701025	103	102	104	1.978
-3.141593	1.506530	1.988858	115	1	95	1.950
-1.570796	2.174483	2.653697	89	110	6	1.949
-0.261799	0.960688	-0.577532	125	110	29	1.942
0.523599	1.045978	0.343692	121	111	31	1.942
-1.570796	0.960688	-0.577532	112	110	29	1.942
0.523599	1.554776	0.100351	127	106	26	1.942
-1.047198	1.184361	0.625864	110	116	30	1.942
2.617994	0.762244	-0.273349	114	123	31	1.913
-1.308997	1.766067	2.153843	100	106	21	1.913
-1.308997	0.992645	-1.723759	102	97	10	1.913
2.356194	1.904882	-1.478089	118	120	35	1.913
-1.308997	1.617114	-1.572037	102	97	2	1.913
0.261799	1.812176	0.656819	111	95	12	1.913
-2.617994	1.417623	-0.202254	108	126	27	1.913
-2.094395	1.413347	-1.339188	96	107	8	1.913
-2.356194	1.310100	1.488307	98	121	24	1.913
0.261799	2.343981	-1.040456	119	120	96	1.884
-0.523599	0.899350	-2.069907	93	106	17	1.884
-1.570796	1.014500	0.906702	99	127	100	1.884
-1.047198	0.914445	2.687814	115	98	103	1.884
2.356194	1.510910	-0.740472	101	108	97	1.884
-1.047198	0.290380	-0.796960	94	107	19	1.884
2.356194	0.762244	-0.273349	117	123	31	1.876
2.879793	0.831641	0.616218	123	120	32	1.876
-0.261799	1.256302	0.062705	118	109	30	1.847
-1.570796	0.619654	-2.216909	98	104	11	1.847
-1.832596	1.732874	-0.951685	97	104	7	1.847
1.047198	0.674054	1.013609	116	111	31	1.847
-1.570796	1.413347	-1.339188	99	100	7	1.847
-1.308997	1.732874	-0.951685	102	97	7	1.846
-3.141593	0.370812	-2.547742	93	100	12	1.818
2.879793	1.050534	3.042579	124	127	36	1.818
-0.785398	2.724429	-0.348782	113	115	94	1.818
-2.617994	2.164094	-2.991358	98	96	9	1.818
0.785398	0.733948	3.021411	91	113	6	1.817
-0.261799	0.762244	-0.273349	123	114	31	1.810
-1.047198	1.982574	-1.115518	106	95	2	1.781
0.000000	2.247462	0.191623	114	93	5	1.781
-0.785398	2.104282	-0.813972	109	94	3	1.781
-0.261799	0.496451	0.593859	115	121	32	1.781
0.000000	1.310100	1.488307	103	98	12	1.781
-1.570796	2.033014	2.977192	117	4	101	1.752
0.523599	2.760637	2.781135	103	112	100	1.752
-1.308997	1.433411	-1.035986	103	96	11	1.752
2.617994	0.080730	-2.622036	124	107	35	1.752
-2.617994	2.251330	-2.330739	103	113	100	1.752
-1.308997	1.658653	-2.409879	91	117	9	1.752
0.000000	1.247695	1.809890	101	98	11	1.751
0.261799	2.089241	-0.114193	119	95	8	1.751
-0.261799	0.866955	-0.931351	98	93	9	1.723
1.570796	2.881233	-2.582574	98	106	12	1.723
-0.785398	0.961715	0.014085	98	93	7	1.723
-2.094395	1.555207	1.708892	89	110	12	1.723
-2.617994	0.910508	1.903534	97	114	23	1.723
-1.832596	0.831641	0.616218	90	106	13	1.723
-1.832596	1.247695	1.809890	93	105	18	1.722
-2.094395	1.025536	1.576859	93	107	19	1.722
-1.047198	0.762244	-0.273349	92	99	10	1.722
-1.570796	0.831641	0.616218	92	101	13	1.722
-2.356194	1.440580	2.260026	94	118	19	1.722
-2.094395	1.247695	1.809890	92	109	18	1.722
-0.785398	1.433411	-1.035986	91	103	126	1.722
-1.308997	1.948085	-2.363031	89	118	4	1.722
0.523599	0.674054	1.013609	114	112	31	1.715
0.000000	1.662363	0.915448	106	97	12	1.715
-2.356194	1.113094	-0.272241	109	119	29	1.715
-1.308997	2.187132	-0.479875	99	99	5	1.686
-1.308997	0.685216	-1.712745	103	98	13	1.686
-1.047198	1.413347	-1.339188	106	94	8	1.686
0.000000	2.115563	0.685730	108	93	7	1.686
-1.047198	0.899350	-2.069907	103	96	9	1.686
-1.832596	1.982574	-1.115518	97	103	2	1.686
-0.523599	1.869911	2.701025	99	107	104	1.686
-2.617994	2.664082	-1.071402	97	114	105	1.686
0.523599	2.637879	2.121598	104	104	102	1.686
-1.308997	0.619654	-2.216909	100	100	13	1.685
-1.570796	1.510910	-0.740472	99	102	13	1.685
0.261799	2.637879	2.121598	102	106	102	1.685
-0.261799	1.683268	0.374177	107	96	15	1.685
-2.879793	2.180315	-1.357379	32	31	95	1.657
-1.047198	1.683268	0.374177	100	95	104	1.657
-2.094395	2.180315	-1.357379	20	33	95	1.657
-1.047198	2.108018	1.311430	102	92	107	1.657
2.356194	1.214854	-1.966664	96	111	20	1.656
2.617994	1.510910	-0.740472	117	120	98	1.656
-1.308997	2.001437	0.381215	100	100	99	1.656
-1.832596	2.187132	-0.479875	103	115	95	1.656
-0.785398	1.662363	0.915448	101	123	96	1.656
0.261799	2.396274	-1.959260	101	97	102	1.656
2.879793	1.948085	-2.363031	95	115	18	1.656
2.879793	1.014500	0.906702	91	105	3	1.656
-2.879793	1.184361	0.625864	96	98	1	1.656
-0.523599	1.194549	-0.801900	122	104	25	1.649
-1.570796	1.982574	-1.115518	99	100	2	1.620
-2.094395	0.379747	-1.713059	106	113	27	1.620
-2.879793	1.134796	2.434290	112	0	34	1.620
0.785398	1.014500	0.906702	118	109	30	1.620
-2.356194	1.135834	-1.431087	102	119	21	1.619
-0.261799	2.455966	-0.641220	116	95	0	1.619
1.832596	1.247695	1.809890	126	2	96	1.591
2.356194	0.418037	1.360082	108	108	97	1.591
1.308997	1.310100	1.488307	98	110	14	1.591
-0.261799	1.448123	-2.163292	94	98	10	1.591
-2.094395	2.299159	2.264663	90	116	3	1.590
-1.308997	1.374601	-2.456031	97	105	107	1.590
-2.617994	0.419640	2.974122	90	103	6	1.590
0.261799	1.433411	-1.035986	110	89	127	1.590
0.785398	0.290380	-0.796960	120	94	20	1.590
0.523599	1.433411	-1.035986	115	89	127	1.590
-2.094395	2.760637	2.781135	100	110	103	1.590
0.000000	0.709924	0.218797	119	90	13	1.590
-1.832596	0.961715	0.014085	113	117	31	1.583
-1.308997	1.014500	0.906702	108	113	29	1.567
-3.141593	1.617114	-1.572037	115	114	35	1.554
-1.570796	1.696674	-1.253233	99	100	4	1.554
-0.785398	1.256302	0.062705	113	110	30	1.554
1.047198	0.709924	0.218797	119	118	32	1.553
-2.879793	0.615174	-0.666022	110	117	30	1.553
-0.785398	2.138223	1.678323	107	89	1	1.525
-0.523599	1.242974	-2.977882	101	99	109	1.525
2.094395	1.374601	-2.456031	34	30	105	1.525
1.047198	2.760637	2.781135	120	124	100	1.525
-2.356194	1.168678	2.108595	104	121	33	1.524
1.570796	2.356369	3.005869	112	108	99	1.524
0.523599	1.599406	1.426070	109	94	10	1.524
0.785398	2.588535	-2.976617	108	114	98	1.524
0.785398	1.599406	1.426070	113	94	10	1.524
-1.047198	1.242974	-2.977882	96	105	109	1.524
0.785398	2.478122	2.609777	106	105	100	1.524
0.000000	2.089241	-0.114193	89	109	7	1.524
-0.785398	1.242974	-2.977882	98	102	109	1.524
0.523599	1.310100	1.488307	106	110	96	1.524
0.261799	1.025536	1.576859	104	98	15	1.524
-1.047198	1.135813	-2.658866	97	102	111	1.524
1.570796	0.709924	0.218797	109	91	1	1.524
-1.308997	0.709924	0.218797	118	117	32	1.517
2.356194	0.866955	-0.931351	29	16	32	1.495
-2.879793	0.929350	-2.910676	30	26	36	1.495
0.523599	1.413347	-1.339188	19	22	35	1.495
-3.141593	0.640596	-2.797608	33	19	37	1.495
2.094395	0.866955	-0.931351	29	15	32	1.495
-1.832596	2.104282	-0.813972	101	122	95	1.495
-2.617994	2.881233	-2.582574	20	21	31	1.495
-3.141593	0.929350	-2.910676	32	24	36	1.495
2.617994	2.041297	-2.664597	33	6	28	1.495
2.879793	0.929350	-2.910676	34	22	36	1.495
-0.785398	0.458961	-0.107937	120	4	100	1.495
2.356194	1.440580	2.260026	18	16	30	1.495
2.879793	1.870545	-2.976234	36	34	22	1.495
1.570796	2.704512	1.488683	31	28	32	1.495
1.308997	1.662363	0.915448	97	120	106	1.495
2.356194	0.864993	2.278281	24	25	37	1.495
-2.879793	0.640596	-2.797608	32	21	37	1.495
2.879793	0.640596	-2.797608	34	17	37	1.495
-2.356194	0.370812	-2.547742	109	123	102	1.495
-0.523599	1.699788	2.452890	26	25	35	1.495
0.000000	1.301460	-0.509251	127	107	27	1.488
0.000000	1.554776	0.100351	120	105	26	1.488
0.000000	0.418037	1.360082	109	118	29	1.488
-1.308997	1.417623	-0.202254	109	110	27	1.487
-2.094395	2.979456	-1.009304	100	107	103	1.459
1.308997	2.063651	-2.044600	33	23	99	1.459
-1.570796	2.579248	-2.364801	97	95	13	1.459
1.047198	2.251330	-2.330739	31	20	97	1.459
1.308997	1.448123	-2.163292	38	21	105	1.458
2.094395	1.134497	-1.109631	104	100	21	1.458
-1.570796	1.025536	1.576859	99	99	18	1.458
2.094395	0.619654	-2.216909	4	111	33	1.458
-1.570796	1.574060	2.783565	94	111	18	1.458
-1.832596	1.836682	-0.676006	96	105	9	1.458
-3.141593	2.579248	-2.364801	105	111	99	1.458
2.617994	0.866955	-0.931351	112	93	15	1.458
1.047198	2.588535	-2.976617	32	100	114	1.430
1.308997	2.664082	-1.071402	122	119	95	1.430
2.617994	1.606104	-0.451151	25	31	24	1.429
-0.261799	2.180315	-1.357379	112	121	98	1.429
1.047198	2.979456	-1.009304	114	125	96	1.429
-2.879793	1.504028	0.636812	94	0	109	1.429
1.570796	1.045978	0.343692	125	116	31	1.422
-1.832596	1.417623	-0.202254	107	117	27	1.422
-0.523599	1.184361	0.625864	112	112	30	1.422
-1.047198	1.194549	-0.801900	114	105	25	1.421
0.523599	2.349581	-2.702517	27	17	96	1.393
2.356194	2.180315	-1.357379	123	122	34	1.393
0.785398	1.242974	-2.977882	124	103	32	1.393
-0.523599	1.488617	1.159546	98	104	14	1.393
-3.141593	1.135813	-2.658866	0	3	31	1.393
-1.832596	1.050534	3.042579	110	125	35	1.392
1.832596	1.135813	-2.658866	6	111	31	1.392
0.261799	1.554776	0.100351	91	103	3	1.392
-0.261799	2.033014	2.977192	104	106	101	1.392
-2.617994	1.391910	3.030322	114	5	31	1.392
-1.570796	0.899350	-2.069907	98	102	7	1.392
-1.047198	0.685216	-1.712745	107	96	14	1.392
-1.308997	1.135813	-2.658866	104	124	31	1.392
-2.617994	2.979456	-1.009304	99	112	103	1.392
-2.094395	0.496451	0.593859	100	116	28	1.392
1.308997	1.135813	-2.658866	1	105	31	1.392
-0.523599	1.683268	0.374177	104	98	15	1.392
-1.570796	2.587733	0.232235	94	112	110	1.392
-1.832596	1.545873	-1.877082	95	108	110	1.392
-1.832596	1.756530	-2.105156	111	109	34	1.385
-1.047198	2.349581	-2.702517	90	109	0	1.364
1.047198	2.724429	-0.348782	121	1	95	1.364
-0.523599	1.450119	-2.739050	95	100	18	1.363
-0.261799	1.128190	-2.288622	95	100	17	1.363
-1.832596	2.579248	-2.364801	100	0	102	1.363
0.000000	1.872854	1.543456	106	123	98	1.363
-0.261799	1.194549	-0.801900	125	105	25	1.356
-1.832596	0.762244	-0.273349	114	113	31	1.355
-0.523599	0.866395	-2.492918	107	94	6	1.327
-1.047198	1.214854	-1.966664	103	96	4	1.327
0.261799	1.113094	-0.272241	125	112	30	1.327
0.000000	1.599406	1.426070	102	98	10	1.327
0.523599	1.335669	0.897240	119	105	28	1.326
-0.261799	1.875281	0.107086	109	95	11	1.326
0.523599	0.418037	1.360082	110	113	30	1.326
0.261799	1.014500	0.906702	114	109	30	1.326
-1.047198	1.510910	-0.740472	112	103	22	1.326
-1.308997	2.164094	-2.991358	120	126	100	1.298
1.308997	0.914445	2.687814	124	118	38	1.298
-0.261799	0.700570	1.559208	99	108	18	1.297
-0.785398	0.762244	-0.273349	97	95	9	1.297
0.261799	2.588535	-2.976617	108	115	98	1.297
-0.523599	2.984978	1.954446	100	118	102	1.297
-1.832596	0.297065	2.160177	114	102	27	1.297
2.094395	2.379497	0.561089	111	124	97	1.297
2.094395	1.766067	2.153843	95	102	6	1.297
-1.832596	0.700570	1.559208	101	100	22	1.297
1.832596	0.591903	2.010408	118	127	37	1.297
-1.047198	0.496451	0.593859	105	93	18	1.297
-1.570796	2.396274	-1.959260	102	110	28	1.290
-1.832596	0.850607	-1.335383	106	111	24	1.290
0.261799	0.203748	0.590255	115	123	31	1.289
-0.523599	1.367556	0.358405	113	109	28	1.289
-0.523599	1.756530	-2.105156	89	102	4	1.268
-0.523599	1.870545	-2.976234	93	97	11	1.268
-0.523599	1.374601	-2.456031	91	102	15	1.268
-1.832596	2.637879	2.121598	90	108	123	1.268
-0.261799	1.545873	-1.877082	92	97	5	1.268
-0.261799	2.349581	-2.702517	95	95	127	1.268
-0.261799	1.658653	-2.409879	93	96	10	1.268
-2.094395	1.872854	1.543456	87	110	5	1.268
-0.261799	0.619654	-2.216909	95	107	23	1.268
-0.785398	2.349581	-2.702517	89	105	127	1.268
-1.570796	1.450119	-2.739050	91	115	6	1.268
-0.523599	1.135813	-2.658866	94	105	21	1.268
-1.047198	2.041297	-2.664597	87	110	5	1.268
-2.094395	1.184361	0.625864	87	111	7	1.268
-1.308997	0.571433	-1.188419	90	115	16	1.268
-0.785398	1.135813	-2.658866	93	109	21	1.268
-1.832596	2.407836	1.410646	92	102	123	1.268
-2.356194	0.458961	-0.107937	93	122	17	1.268
-1.047198	1.870545	-2.976234	88	107	11	1.268
-1.570796	1.374601	-2.456031	91	114	6	1.268
-1.047198	1.135834	-1.431087	87	111	7	1.268
-1.308997	2.760637	2.781135	91	107	122	1.268
-1.308997	2.174483	2.653697	88	104	7	1.268
-2.356194	0.496451	0.593859	91	114	19	1.268
2.879793	1.617114	-1.572037	105	108	25	1.268
-1.570796	2.478122	2.609777	88	109	0	1.268
-1.570796	2.299159	2.264663	88	105	3	1.268
0.000000	2.251330	-2.330739	97	94	126	1.268
2.617994	1.824694	1.850876	95	105	5	1.268
0.785398	2.295480	1.008277	94	113	10	1.268
-2.356194	1.766067	2.153843	91	120	13	1.268
-1.832596	2.393226	1.857173	89	106	126	1.268
-0.785398	2.041297	-2.664597	88	104	5	1.268
-1.832596	2.108018	1.311430	90	103	126	1.268
-2.617994	1.488617	1.159546	89	120	8	1.268
-0.785398	2.588535	-2.976617	91	103	124	1.268
-0.261799	2.579248	-2.364801	94	101	121	1.268
-1.832596	1.658653	-2.409879	93	119	1	1.268
-1.570796	1.310100	1.488307	93	111	15	1.268
2.879793	1.113094	-0.272241	116	126	30	1.261
0.000000	1.256302	0.062705	121	109	30	1.261
-1.832596	1.909857	-0.381669	102	116	20	1.260
1.047198	1.014500	0.906702	122	108	30	1.260
-0.785398	1.836682	-0.676006	108	94	8	1.260
1.832596	1.904882	-1.478089	120	120	35	1.260
-0.261799	1.367556	0.358405	115	108	29	1.260
-2.094395	0.992645	-1.723759	101	116	19	1.260
-1.832596	0.379747	-1.713059	107	111	26	1.260
-0.785398	1.301460	-0.509251	117	105	27	1.260
0.785398	0.831641	0.616218	119	114	32	1.260
-2.094395	2.349581	-2.702517	122	127	99	1.232
-0.785398	1.050534	3.042579	96	103	113	1.231
2.879793	2.579248	-2.364801	105	112	99	1.231
-2.356194	1.699788	2.452890	22	33	105	1.231
2.617994	0.914445	2.687814	120	124	37	1.231
-1.047198	1.450119	-2.739050	99	104	106	1.231
-1.308997	1.450119	-2.739050	97	107	106	1.231
-0.523599	1.391910	3.030322	101	98	21	1.231
2.879793	2.251330	-2.330739	106	117	100	1.231
0.000000	2.637879	2.121598	100	109	102	1.231
-0.261799	1.391910	3.030322	104	96	21	1.231
2.094395	0.080730	-2.622036	103	118	100	1.231
-3.141593	2.251330	-2.330739	97	113	19	1.231
-1.570796	1.569311	-3.003978	100	125	27	1.231
-2.094395	1.836682	-0.676006	95	110	10	1.231
-0.261799	2.760637	2.781135	105	117	100	1.231
-1.047198	1.113094	-0.272241	92	99	3	1.202
-0.523599	2.247462	0.191623	2	116	96	1.202
-0.261799	1.836682	-0.676006	120	114	98	1.202
-2.094395	2.588535	-2.976617	96	2	106	1.202
-1.570796	0.674054	1.013609	97	98	19	1.202
-1.832596	1.310100	1.488307	91	103	15	1.202
-0.523599	1.301460	-0.509251	98	94	127	1.202
0.000000	1.836682	-0.676006	123	113	98	1.202
-0.785398	0.615174	-0.666022	93	99	14	1.202
1.047198	1.417623	-0.202254	96	99	12	1.202
-0.523599	1.836682	-0.676006	117	116	98	1.202
-1.570796	0.496451	0.593859	95	100	19	1.202
2.617994	1.872854	1.543456	97	103	4	1.202
-2.094395	0.700570	1.559208	97	104	23	1.202
2.356194	0.290380	-0.796960	111	125	29	1.194
1.832596	1.569311	-3.003978	93	109	5	1.166
-2.094395	1.732874	-0.951685	95	108	8	1.166
2.879793	2.349581	-2.702517	109	114	99	1.165
-1.570796	1.448123	-2.163292	96	105	109	1.165
-1.047198	1.869911	2.701025	98	114	104	1.165
2.094395	0.866395	-2.492918	5	113	33	1.165
0.261799	1.721184	-0.153948	99	117	22	1.165
1.570796	0.866395	-2.492918	1	107	33	1.165
1.047198	2.349581	-2.702517	27	19	96	1.165
0.523599	2.356369	3.005869	123	123	100	1.165
-0.261799	2.704512	1.488683	98	106	105	1.165
-1.047198	1.440580	2.260026	101	97	19	1.165
-1.832596	1.448123	-2.163292	95	109	109	1.165
1.570796	2.104282	-0.813972	122	108	32	1.165
0.261799	1.367556	0.358405	120	107	29	1.165
-0.261799	2.984978	1.954446	100	114	102	1.165
0.000000	1.909857	-0.381669	102	120	27	1.165
-1.047198	1.836682	-0.676006	103	96	9	1.165
-2.356194	2.063651	-2.044600	99	112	103	1.165
2.617994	1.617114	-1.572037	113	116	35	1.165
0.000000	2.001437	0.381215	111	93	10	1.165
2.094395	1.135834	-1.431087	101	104	21	1.165
-2.094395	1.242974	-2.977882	110	3	32	1.165
0.261799	0.850607	-1.335383	120	123	96	1.137
-0.261799	2.664082	-1.071402	117	2	95	1.137
0.261799	2.664082	-1.071402	117	126	95	1.136
1.308997	2.104282	-0.813972	5	120	96	1.136
2.356194	2.863997	0.549740	116	5	96	1.136
-0.261799	2.456751	-1.503343	29	24	33	1.136
0.523599	2.979456	-1.009304	115	2	96	1.136
1.047198	1.374601	-2.456031	31	31	31	1.136
-3.141593	2.592629	0.909713	111	6	99	1.136
-0.523599	1.872854	1.543456	112	125	98	1.136
0.000000	2.299159	2.264663	100	108	103	1.136
2.094395	1.335669	0.897240	30	33	21	1.136
0.523599	2.456751	-1.503343	22	26	32	1.136
0.000000	1.135813	-2.658866	101	97	22	1.136
1.047198	2.299159	2.264663	46	14	110	1.136
2.617994	1.846342	-1.796954	24	24	37	1.136
-1.308997	2.180315	-1.357379	97	121	98	1.136
-0.523599	0.619654	-2.216909	97	125	103	1.136
-2.094395	1.909857	-0.381669	99	118	96	1.136
-1.308997	2.456751	-1.503343	100	116	28	1.128
-1.308997	1.128190	-2.288622	98	101	3	1.099
-1.047198	0.619654	-2.216909	102	98	12	1.099
-1.832596	0.992645	-1.723759	96	105	9	1.099
-1.832596	1.135834	-1.431087	98	103	10	1.099
-1.308997	1.870545	-2.976234	91	112	10	1.099
-2.094395	1.134497	-1.109631	97	107	13	1.099
2.356194	0.571433	-1.188419	115	2	28	1.099
-2.094395	1.310100	1.488307	98	116	24	1.099
0.000000	0.906588	1.252948	108	112	27	1.099
2.356194	2.251330	-2.330739	110	119	100	1.099
0.523599	1.391910	3.030322	124	102	31	1.099
-1.308997	0.370812	-2.547742	99	104	15	1.099
-0.261799	1.413347	-1.339188	96	95	2	1.071
-1.832596	2.404280	-0.174044	122	126	94	1.070
0.261799	2.247462	0.191623	6	123	96	1.070
0.785398	2.089241	-0.114193	7	124	96	1.070
0.261799	2.404280	-0.174044	1	126	94	1.070
-0.523599	1.413347	-1.339188	93	99	2	1.070
-2.094395	0.914445	2.687814	100	101	103	1.070
-1.308997	1.869911	2.701025	98	118	103	1.070
-1.570796	0.864993	2.278281	105	104	27	1.070
2.879793	1.134796	2.434290	114	3	101	1.070
-2.356194	2.001437	0.381215	110	2	100	1.070
-1.047198	0.864993	2.278281	109	101	99	1.070
-1.832596	0.864993	2.278281	101	105	99	1.070
1.308997	1.732874	-0.951685	111	2	100	1.070
-1.832596	1.413430	2.550734	96	111	22	1.070
1.832596	0.080730	-2.622036	108	98	25	1.070
-1.832596	1.875281	0.107086	95	110	99	1.070
-1.308997	1.741644	-2.695914	91	114	11	1.070
0.000000	0.866955	-0.931351	105	89	9	1.070
-0.261799	1.413430	2.550734	99	101	109	1.070
-0.785398	0.864993	2.278281	112	101	99	1.070
-2.356194	0.914445	2.687814	97	104	103	1.070
-1.308997	1.440580	2.260026	98	100	21	1.070
0.000000	1.606104	-0.451151	126	105	23	1.062
-0.523599	1.812176	0.656819	101	99	11	1.033
-2.094395	1.433411	-1.035986	96	108	10	1.033
2.617994	1.050534	3.042579	126	125	36	1.005
2.094395	0.733948	3.021411	122	117	38	1.004
2.617994	0.618092	2.539118	116	120	38	1.004
-2.879793	2.579248	-2.364801	95	112	17	1.004
2.617994	0.591903	2.010408	112	124	37	1.004
-1.832596	1.440580	2.260026	95	108	20	1.004
1.570796	0.733948	3.021411	121	115	38	1.004
1.832596	0.733948	3.021411	122	116	38	1.004
1.832596	0.419640	2.974122	115	115	38	1.004
-1.832596	1.134796	2.434290	106	117	35	1.004
2.356194	1.025536	1.576859	92	106	12	1.004
1.047198	0.370812	-2.547742	113	110	36	1.004
-2.094395	2.063651	-2.044600	99	109	103	1.004
0.785398	1.025536	1.576859	127	122	97	1.004
-2.356194	0.418037	1.360082	19	33	101	1.004
-2.879793	2.041297	-2.664597	94	104	14	1.004
0.785398	0.370812	-2.547742	111	111	36	1.004
2.094395	1.824694	1.850876	101	109	98	1.004
-2.617994	1.168678	2.108595	105	125	33	1.004
1.047198	1.662363	0.915448	120	97	14	1.004
-1.832596	1.948085	-2.363031	109	94	17	1.004
-1.570796	2.664082	-1.071402	110	120	95	1.004
-1.308997	0.864993	2.278281	107	103	27	1.004
-1.308997	0.762244	-0.273349	118	112	31	0.996
0.000000	2.455966	-0.641220	121	125	93	0.975
-0.523599	2.104282	-0.813972	115	121	95	0.975
-0.261799	2.187132	-0.479875	121	120	94	0.975
1.832596	1.256302	0.062705	103	106	102	0.975
0.523599	2.104282	-0.813972	124	116	95	0.975
0.523599	2.455966	-0.641220	122	124	93	0.975
2.617994	1.134796	2.434290	25	29	34	0.975
2.356194	1.134796	2.434290	28	28	34	0.975
-1.308997	0.929350	-2.910676	13	22	35	0.975
-1.832596	2.001437	0.381215	110	122	98	0.975
1.570796	1.256302	0.062705	101	108	102	0.975
-2.094395	1.846342	-1.796954	19	28	22	0.975
1.047198	1.574060	2.783565	17	30	21	0.975
2.356194	1.256302	0.062705	107	103	102	0.975
0.523599	1.683268	0.374177	126	104	25	0.967
-1.047198	1.045978	0.343692	113	117	31	0.967
1.047198	1.184361	0.625864	124	110	30	0.967
-0.261799	1.301460	-0.509251	124	106	27	0.967
0.261799	1.184361	0.625864	117	108	30	0.967
-2.879793	0.864993	2.278281	30	33	117	0.938
0.523599	2.478122	2.609777	105	106	100	0.938
0.261799	0.591903	2.010408	103	100	16	0.938
1.832596	1.301460	-0.509251	108	94	16	0.938
0.785398	2.356369	3.005869	109	108	99	0.938
1.047198	0.685216	-1.712745	125	99	28	0.938
-2.094395	2.041297	-2.664597	103	114	101	0.938
-2.356194	1.506530	1.988858	99	124	25	0.938
-0.523599	1.998705	2.370472	97	109	105	0.938
-2.356194	0.864993	2.278281	109	118	36	0.938
-1.570796	0.929350	-2.910676	94	112	114	0.938
1.832596	2.637879	2.121598	116	103	102	0.938
0.523599	0.591903	2.010408	107	97	16	0.938
-0.523599	0.496451	0.593859	114	92	19	0.938
-1.570796	0.910508	1.903534	103	101	24	0.938
0.000000	0.591903	2.010408	101	102	17	0.938
2.094395	2.187132	-0.479875	102	102	21	0.938
-1.832596	1.506530	1.988858	98	114	25	0.938
2.356194	0.080730	-2.622036	121	106	35	0.938
-1.570796	0.992645	-1.723759	99	100	10	0.938
-2.356194	1.836682	-0.676006	102	122	20	0.938
0.261799	1.247695	1.809890	104	96	10	0.938
-2.094395	2.863997	0.549740	123	118	95	0.909
0.523599	1.510910	-0.740472	10	16	30	0.909
-2.094395	2.089241	-0.114193	114	0	96	0.909
2.356194	2.108018	1.311430	34	22	28	0.909
-0.523599	2.164094	-2.991358	95	94	5	0.909
-0.785398	1.168678	2.108595	14	20	30	0.909
-2.094395	2.247462	0.191623	114	124	96	0.909
0.261799	1.836682	-0.676006	126	113	98	0.909
0.785398	2.063651	-2.044600	15	31	25	0.909
0.261799	1.599406	1.426070	123	125	93	0.909
2.094395	2.251330	-2.330739	19	32	28	0.909
1.570796	2.174483	2.653697	47	19	113	0.909
-0.523599	1.214854	-1.966664	106	105	100	0.909
1.308997	0.866955	-0.931351	42	109	122	0.909
1.047198	0.992645	-1.723759	15	25	34	0.909
-0.261799	2.104282	-0.813972	103	103	95	0.909
-2.356194	2.592629	0.909713	111	123	98	0.909
-1.832596	0.591903	2.010408	25	31	23	0.909
-2.094395	2.984978	1.954446	95	114	19	0.909
2.879793	1.301460	-0.509251	95	121	114	0.908
-0.785398	1.510910	-0.740472	115	102	22	0.901
-1.047198	0.866395	-2.492918	101	98	6	0.872
-0.785398	0.419640	2.974122	99	103	13	0.872
-0.261799	1.869911	2.701025	101	104	104	0.872
1.308997	0.866395	-2.492918	126	105	33	0.872
1.832596	0.866395	-2.492918	4	110	33	0.872
-2.356194	2.664082	-1.071402	97	111	105	0.872
-2.879793	1.256302	0.062705	98	107	15	0.872
-0.523599	1.440580	2.260026	109	93	19	0.872
-1.570796	1.506530	1.988858	100	109	25	0.872
0.000000	1.569311	-3.003978	106	92	16	0.872
-0.261799	1.977582	0.969896	101	97	8	0.872
0.261799	2.979456	-1.009304	117	99	24	0.872
-1.832596	0.290380	-0.796960	104	127	30	0.872
-1.047198	0.831641	0.616218	112	111	30	0.849
0.000000	1.696674	-1.253233	101	95	105	0.843
2.094395	1.433411	-1.035986	45	21	104	0.843
1.832596	0.571433	-1.188419	27	28	28	0.843
0.261799	0.960688	-0.577532	93	119	19	0.843
-2.617994	2.379497	0.561089	112	0	98	0.843
-0.261799	1.741644	-2.695914	96	95	12	0.843
-3.141593	2.379497	0.561089	115	7	97	0.843
2.356194	1.606104	-0.451151	37	30	98	0.843
-1.832596	1.135813	-2.658866	94	115	110	0.843
-1.570796	2.393226	1.857173	92	101	107	0.843
-1.570796	1.948085	-2.363031	102	106	101	0.843
-1.047198	2.760637	2.781135	94	102	103	0.843
-3.141593	1.696674	-1.253233	34	35	101	0.843
-2.879793	2.396274	-1.959260	34	33	98	0.843
0.785398	2.456751	-1.503343	107	99	98	0.843
-0.523599	1.721184	-0.153948	105	96	100	0.843
-0.785398	2.356369	3.005869	95	96	2	0.843
0.000000	1.128190	-2.288622	99	95	18	0.843
-2.094395	2.108018	1.311430	90	108	107	0.843
-0.523599	1.113094	-0.272241	100	92	112	0.843
0.000000	0.458961	-0.107937	116	90	17	0.843
-2.094395	1.450119	-2.739050	97	119	105	0.843
-1.047198	1.662363	0.915448	104	125	96	0.843
2.879793	1.606104	-0.451151	20	31	23	0.843
2.617994	0.700570	1.559208	92	102	6	0.843
-1.570796	0.866955	-0.931351	90	118	10	0.842
2.879793	1.335669	0.897240	91	105	7	0.842
2.879793	1.128190	-2.288622	104	116	32	0.835
0.785398	1.113094	-0.272241	127	116	30	0.806
0.785398	1.554776	0.100351	0	110	27	0.806
-2.094395	0.762244	-0.273349	114	115	32	0.806
0.000000	1.721184	-0.153948	123	102	24	0.806
-0.785398	1.982574	-1.115518	109	94	3	0.806
0.261799	2.760637	2.781135	104	113	100	0.806
-3.141593	2.063651	-2.044600	106	121	31	0.806
1.832596	1.194549	-0.801900	110	105	27	0.806
-1.832596	1.325504	-1.671296	97	104	5	0.806
0.523599	1.247695	1.809890	127	0	96	0.777
0.261799	2.379497	0.561089	9	123	98	0.777
-0.785398	2.343981	-1.040456	116	2	96	0.777
-3.141593	0.914445	2.687814	117	124	38	0.777
-1.047198	2.343981	-1.040456	116	4	96	0.777
-3.141593	0.591903	2.010408	34	28	121	0.777
-0.785398	1.506530	1.988858	106	91	16	0.777
-2.094395	0.906588	1.252948	94	105	17	0.777
-0.523599	1.433411	-1.035986	95	99	125	0.777
-0.523599	2.356369	3.005869	104	114	99	0.777
-0.523599	2.343981	-1.040456	30	25	31	0.777
-2.617994	2.041297	-2.664597	121	4	100	0.777
-1.047198	1.247695	1.809890	105	93	18	0.777
-1.047198	1.025536	1.576859	107	93	19	0.777
-1.308997	1.050534	3.042579	94	111	113	0.777
0.261799	0.615174	-0.666022	114	89	14	0.777
-0.785398	1.310100	1.488307	109	89	14	0.777
2.094395	1.506530	1.988858	105	114	96	0.777
-2.356194	1.662363	0.915448	89	116	110	0.777
-1.832596	2.343981	-1.040456	106	123	96	0.777
2.879793	2.379497	0.561089	102	121	97	0.777
0.785398	0.906588	1.252948	108	101	99	0.777
-2.617994	2.108018	1.311430	91	120	107	0.777
-2.094395	1.413430	2.550734	103	124	32	0.777
-1.308997	0.914445	2.687814	113	114	38	0.777
-1.570796	0.709924	0.218797	92	103	13	0.777
1.570796	1.247695	1.809890	95	118	17	0.777
0.261799	0.290380	-0.796960	111	93	21	0.777
1.308997	0.370812	-2.547742	115	107	36	0.777
0.000000	2.379497	0.561089	28	104	2	0.777
-2.879793	1.325504	-1.671296	109	100	24	0.776
-1.570796	1.846342	-1.796954	111	114	36	0.769
-1.570796	0.615174	-0.666022	116	110	30	0.769
-2.879793	0.496451	0.593859	19	21	35	0.748
-3.141593	0.496451	0.593859	22	22	35	0.748
2.879793	2.108018	1.311430	14	19	30	0.748
-3.141593	0.203748	0.590255	22	17	36	0.748
-0.523599	0.762244	-0.273349	104	123	101	0.748
0.785398	2.984978	1.954446	33	28	103	0.748
-3.141593	0.418037	1.360082	25	19	36	0.748
2.879793	0.203748	0.590255	21	18	36	0.748
-2.617994	0.496451	0.593859	18	20	35	0.748
2.879793	0.418037	1.360082	24	19	36	0.748
0.523599	0.619654	-2.216909	106	94	25	0.748
2.879793	0.297065	2.160177	28	17	36	0.748
-2.356194	0.203748	0.590255	22	14	36	0.748
-2.879793	2.174483	2.653697	17	38	18	0.748
1.308997	0.297065	2.160177	26	13	36	0.748
-2.879793	1.506530	1.988858	25	9	32	0.748
0.000000	1.982574	-1.115518	115	114	98	0.748
1.308997	1.242974	-2.977882	30	19	30	0.748
1.047198	1.242974	-2.977882	30	18	30	0.748
-2.879793	0.733948	3.021411	106	104	20	0.748
-0.261799	1.982574	-1.115518	97	104	97	0.748
-2.356194	0.640596	-2.797608	19	28	31	0.748
-2.879793	1.135813	-2.658866	24	18	31	0.748
2.094395	1.242974	-2.977882	26	22	30	0.748
-2.094395	1.506530	1.988858	30	11	32	0.748
1.832596	1.545873	-1.877082	103	99	17	0.748
2.617994	0.418037	1.360082	26	19	36	0.748
-2.617994	0.203748	0.590255	22	15	36	0.748
2.094395	0.640596	-2.797608	37	19	31	0.748
-1.570796	1.545873	-1.877082	18	24	26	0.748
2.356194	1.569311	-3.003978	26	25	28	0.748
2.094395	1.050534	3.042579	23	23	29	0.748
1.570796	1.050534	3.042579	27	23	29	0.748
2.356194	2.984978	1.954446	100	122	106	0.748
2.356194	0.640596	-2.797608	37	22	31	0.748
1.570796	0.297065	2.160177	27	13	36	0.748
1.570796	1.569311	-3.003978	32	21	28	0.748
0.523599	1.242974	-2.977882	31	15	30	0.748
-2.617994	2.295480	1.008277	91	118	100	0.748
-2.879793	2.588535	-2.976617	18	16	32	0.748
2.356194	1.050534	3.042579	20	22	29	0.748
-2.617994	1.325504	-1.671296	27	42	111	0.748
1.308997	1.050534	3.042579	29	22	29	0.748
2.094395	0.418037	1.360082	28	18	36	0.748
-0.523599	1.982574	-1.115518	95	107	97	0.748
0.523599	1.135813	-2.658866	27	15	31	0.748
-2.617994	1.506530	1.988858	27	9	32	0.748
-2.617994	0.619654	-2.216909	32	30	34	0.748
1.047198	1.050534	3.042579	30	21	29	0.748
1.570796	1.242974	-2.977882	28	20	30	0.748
1.832596	0.297065	2.160177	28	14	36	0.748
-0.785398	0.418037	1.360082	31	10	34	0.748
0.000000	1.450119	-2.739050	27	29	26	0.748
-1.047198	1.168678	2.108595	35	22	29	0.748
-1.832596	0.619654	-2.216909	21	31	34	0.748
1.308997	1.869911	2.701025	17	28	25	0.748
-0.261799	0.733948	3.021411	32	16	29	0.748
1.308997	0.640596	-2.797608	36	9	31	0.748
2.356194	2.588535	-2.976617	22	21	32	0.748
-2.879793	1.569311	-3.003978	18	22	28	0.748
1.047198	0.733948	3.021411	27	23	29	0.748
0.523599	1.050534	3.042579	32	18	29	0.748
-0.785398	0.496451	0.593859	110	89	21	0.748
1.570796	1.869911	2.701025	14	26	25	0.748
2.617994	2.089241	-0.114193	93	113	110	0.748
1.570796	0.640596	-2.797608	37	12	31	0.748
1.832596	0.640596	-2.797608	38	15	31	0.748
2.094395	1.135813	-2.658866	26	18	31	0.748
0.785398	1.050534	3.042579	30	20	29	0.748
-2.617994	0.418037	1.360082	22	19	36	0.748
-3.141593	1.982574	-1.115518	34	32	94	0.748
1.832596	1.050534	3.042579	25	23	29	0.748
-3.141593	2.174483	2.653697	23	39	18	0.748
1.308997	2.456751	-1.503343	108	100	21	0.748
-2.617994	0.640596	-2.797608	22	29	31	0.748
2.356194	0.297065	2.160177	28	15	36	0.748
2.356194	1.242974	-2.977882	24	22	30	0.748
-3.141593	2.001437	0.381215	99	0	99	0.748
-2.617994	2.115563	0.685730	92	119	99	0.748
1.308997	1.569311	-3.003978	33	19	28	0.748
0.785398	1.569311	-3.003978	34	14	28	0.748
2.617994	1.569311	-3.003978	24	25	28	0.748
0.000000	0.762244	-0.273349	100	118	101	0.748
-1.832596	2.704512	1.488683	94	105	99	0.748
2.617994	0.640596	-2.797608	34	26	30	0.748
-2.879793	2.164094	-2.991358	16	28	21	0.748
0.000000	2.174483	2.653697	114	85	9	0.748
0.000000	0.733948	3.021411	32	18	29	0.748
0.261799	0.733948	3.021411	32	20	29	0.748
-0.261799	1.696674	-1.253233	97	112	106	0.748
0.785398	2.637879	2.121598	36	25	104	0.748
1.832596	1.242974	-2.977882	27	21	30	0.748
-1.570796	2.001437	0.381215	91	110	108	0.748
0.523599	0.733948	3.021411	30	21	29	0.748
-2.879793	1.135834	-1.431087	19	34	21	0.747
0.261799	1.050534	3.042579	32	16	29	0.747
1.308997	1.977582	0.969896	95	122	110	0.747
1.308997	0.619654	-2.216909	117	93	25	0.747
2.094395	1.569311	-3.003978	29	24	28	0.747
-1.047198	0.640596	-2.797608	18	22	37	0.747
2.617994	2.108018	1.311430	16	22	30	0.747
0.261799	2.174483	2.653697	120	86	9	0.747
0.000000	1.135834	-1.431087	114	89	12	0.747
1.308997	1.367556	0.358405	1	113	29	0.740
-0.261799	1.812176	0.656819	104	97	11	0.740
-0.261799	1.662363	0.915448	102	99	12	0.740
-1.570796	2.343981	-1.040456	109	125	32	0.740
-2.617994	2.579248	-2.364801	95	108	17	0.711
1.308997	2.588535	-2.976617	108	112	98	0.711
1.047198	0.290380	-0.796960	2	105	31	0.711
-0.785398	1.756530	-2.105156	101	100	13	0.711
-1.570796	1.741644	-2.695914	98	112	103	0.711
2.094395	1.168678	2.108595	109	119	97	0.711
-1.308997	2.343981	-1.040456	104	96	127	0.711
0.523599	2.393226	1.857173	105	99	105	0.711
1.308997	2.356369	3.005869	111	108	99	0.711
2.356194	1.168678	2.108595	107	118	97	0.711
-1.570796	0.290380	-0.796960	101	124	29	0.711
1.832596	1.168678	2.108595	111	119	97	0.711
-2.879793	2.456751	-1.503343	98	116	104	0.711
-2.617994	1.948085	-2.363031	100	101	17	0.711
0.261799	2.393226	1.857173	102	101	105	0.711
-1.570796	1.909857	-0.381669	97	103	10	0.711
-1.570796	1.617114	-1.572037	99	99	3	0.711
-1.047198	1.050534	3.042579	94	108	113	0.711
2.879793	1.325504	-1.671296	104	103	23	0.711
-1.308997	1.218453	2.777284	94	115	111	0.711
-1.832596	0.733948	3.021411	105	94	108	0.711
-1.308997	1.247695	1.809890	101	96	18	0.711
-2.879793	1.413430	2.550734	111	5	31	0.711
-1.570796	0.591903	2.010408	110	101	26	0.711
0.523599	0.297065	2.160177	107	98	17	0.711
-2.617994	0.297065	2.160177	115	110	37	0.711
-0.785398	1.450119	-2.739050	101	101	106	0.711
0.261799	0.914445	2.687814	122	113	38	0.711
-1.047198	1.218453	2.777284	94	111	111	0.711
-2.356194	0.297065	2.160177	117	109	37	0.711
1.832596	1.417623	-0.202254	110	92	12	0.711
-2.094395	0.297065	2.160177	119	109	37	0.711
0.000000	0.929350	-2.910676	17	8	36	0.682
-2.617994	1.214854	-1.966664	17	43	125	0.682
-0.261799	0.929350	-2.910676	15	10	36	0.682
-0.523599	0.929350	-2.910676	14	13	36	0.682
1.308997	1.606104	-0.451151	95	108	110	0.682
0.785398	2.863997	0.549740	115	124	95	0.682
0.000000	0.640596	-2.797608	16	13	37	0.682
0.523599	1.135834	-1.431087	112	86	7	0.682
-2.879793	2.001437	0.381215	114	10	98	0.682
2.094395	0.685216	-1.712745	110	120	101	0.682
-1.832596	2.664082	-1.071402	112	123	94	0.682
-1.308997	2.115563	0.685730	23	26	30	0.682
0.785398	1.606104	-0.451151	95	117	110	0.682
-2.879793	1.766067	2.153843	105	95	10	0.682
-0.261799	1.247695	1.809890	111	113	95	0.682
-0.523599	0.458961	-0.107937	119	3	100	0.682
-2.617994	0.591903	2.010408	102	107	28	0.682
2.094395	1.599406	1.426070	7	22	27	0.682
-1.047198	2.407836	1.410646	20	19	30	0.682
-3.141593	1.448123	-2.163292	29	22	28	0.682
0.261799	0.640596	-2.797608	17	11	37	0.682
-2.094395	2.001437	0.381215	94	113	98	0.682
1.308997	1.195355	1.200319	103	122	102	0.682
0.000000	2.063651	-2.044600	19	23	29	0.682
-1.047198	2.979456	-1.009304	112	125	95	0.682
1.047198	1.555207	1.708892	36	24	106	0.682
-0.261799	0.640596	-2.797608	15	15	37	0.682
-2.356194	1.870545	-2.976234	14	36	21	0.682
-3.141593	2.760637	2.781135	110	5	102	0.682
-2.617994	1.756530	-2.105156	102	116	101	0.682
2.617994	0.929350	-2.910676	35	19	36	0.682
0.523599	2.033014	2.977192	27	26	28	0.682
-1.047198	2.592629	0.909713	16	25	28	0.682
-2.094395	2.579248	-2.364801	23	18	32	0.682
1.832596	1.014500	0.906702	104	116	100	0.682
-0.785398	2.592629	0.909713	14	23	28	0.682
-2.617994	1.554776	0.100351	95	127	103	0.682
1.308997	1.766067	2.153843	15	29	18	0.682
0.000000	1.574060	2.783565	33	29	21	0.682
2.356194	0.831641	0.616218	108	113	99	0.682
-1.308997	2.664082	-1.071402	108	123	94	0.682
0.785398	1.574060	2.783565	21	31	21	0.682
2.094395	0.591903	2.010408	22	25	37	0.682
-2.617994	1.555207	1.708892	91	125	121	0.682
-0.785398	1.134796	2.434290	108	97	26	0.682
1.570796	2.664082	-1.071402	106	110	96	0.682
-0.523599	1.134796	2.434290	111	96	26	0.682
2.094395	1.555207	1.708892	24	32	106	0.682
-3.141593	1.766067	2.153843	102	97	10	0.681
1.570796	1.417623	-0.202254	98	106	106	0.681
-0.523599	1.417623	-0.202254	11	31	21	0.681
-1.047198	1.417623	-0.202254	93	103	105	0.681
0.785398	1.417623	-0.202254	97	117	106	0.681
1.047198	2.164094	-2.991358	34	98	122	0.681
-2.356194	1.184361	0.625864	88	121	115	0.681
0.261799	1.417623	-0.202254	126	108	27	0.674
0.261799	0.418037	1.360082	110	114	30	0.674
-2.094395	1.335669	0.897240	33	29	99	0.645
-1.570796	1.869911	2.701025	91	111	12	0.645
2.617994	1.218453	2.777284	124	1	34	0.645
0.261799	2.356369	3.005869	107	109	99	0.645
-2.879793	0.297065	2.160177	112	112	36	0.645
-0.523599	2.393226	1.857173	97	110	105	0.645
0.785398	2.979456	-1.009304	34	21	99	0.645
-1.308997	0.419640	2.974122	97	110	13	0.645
-1.308997	2.592629	0.909713	95	116	108	0.645
2.617994	0.733948	3.021411	95	121	108	0.645
-0.523599	1.736875	3.023612	101	104	104	0.645
-3.141593	1.218453	2.777284	118	2	34	0.645
2.879793	1.836682	-0.676006	25	25	25	0.645
-0.785398	1.617114	-1.572037	110	93	4	0.645
1.832596	2.104282	-0.813972	124	109	32	0.645
-0.261799	2.393226	1.857173	98	106	105	0.645
0.785398	2.760637	2.781135	104	110	100	0.645
-2.879793	1.440580	2.260026	109	4	30	0.645
-1.047198	1.569311	-3.003978	93	107	16	0.645
1.308997	2.455966	-0.641220	123	102	29	0.645
1.570796	1.721184	-0.153948	114	100	23	0.645
0.000000	2.704512	1.488683	100	103	105	0.645
1.570796	1.194549	-0.801900	101	100	19	0.645
-1.308997	2.455966	-0.641220	108	2	29	0.645
-0.523599	2.295480	1.008277	97	103	112	0.645
1.570796	1.310100	1.488307	31	106	2	0.645
-0.785398	2.295480	1.008277	95	107	112	0.645
0.523599	1.982574	-1.115518	20	11	35	0.616
-0.261799	2.089241	-0.114193	125	117	96	0.616
1.047198	2.343981	-1.040456	126	118	95	0.616
1.308997	2.404280	-0.174044	127	1	94	0.616
0.261799	1.909857	-0.381669	1	115	97	0.616
0.261799	1.555207	1.708892	108	118	95	0.616
-1.570796	1.756530	-2.105156	33	31	18	0.616
-1.308997	2.089241	-0.114193	116	121	96	0.616
-0.261799	2.379497	0.561089	7	118	97	0.616
-3.141593	2.863997	0.549740	114	125	96	0.616
2.094395	2.104282	-0.813972	31	31	15	0.616
-3.141593	2.247462	0.191623	117	6	96	0.616
-0.523599	0.910508	1.903534	16	25	28	0.616
2.356194	2.404280	-0.174044	107	121	97	0.616
1.832596	1.617114	-1.572037	20	18	36	0.616
0.000000	2.343981	-1.040456	117	122	95	0.616
0.785398	2.180315	-1.357379	91	120	108	0.616
-0.523599	2.379497	0.561089	4	116	97	0.616
-0.523599	1.310100	1.488307	106	117	95	0.616
-2.617994	1.504028	0.636812	91	123	109	0.616
1.832596	2.174483	2.653697	95	126	108	0.616
-1.832596	2.379497	0.561089	115	119	97	0.616
1.832596	1.948085	-2.363031	41	110	121	0.616
0.523599	1.824694	1.850876	107	123	97	0.616
0.523599	2.664082	-1.071402	102	109	94	0.616
2.879793	2.863997	0.549740	99	113	95	0.616
-1.047198	1.977582	0.969896	28	17	31	0.616
-0.785398	1.699788	2.452890	101	92	16	0.616
1.570796	2.724429	-0.348782	105	113	93	0.616
-1.832596	2.089241	-0.114193	114	126	96	0.616
-1.047198	2.180315	-1.357379	111	4	98	0.616
-2.356194	2.379497	0.561089	112	125	97	0.616
1.570796	2.251330	-2.330739	95	111	111	0.616
0.000000	1.194549	-0.801900	37	26	107	0.616
-2.879793	2.379497	0.561089	112	4	97	0.616
1.832596	2.063651	-2.044600	96	111	108	0.616
2.617994	2.251330	-2.330739	107	121	99	0.616
1.570796	1.504028	0.636812	26	24	30	0.616
1.832596	1.721184	-0.153948	95	122	103	0.616
-0.785398	1.870545	-2.976234	91	101	11	0.616
1.047198	1.488617	1.159546	26	14	33	0.616
-3.141593	1.335669	0.897240	31	27	28	0.616
2.356194	2.295480	1.008277	105	115	102	0.616
1.308997	1.699788	2.452890	106	0	101	0.616
0.000000	0.866395	-2.492918	100	100	24	0.616
1.308997	1.870545	-2.976234	38	105	0	0.616
2.094395	2.881233	-2.582574	99	108	104	0.616
0.523599	1.909857	-0.381669	4	116	97	0.616
1.047198	2.356369	3.005869	37	103	119	0.616
-1.308997	2.033014	2.977192	25	28	33	0.616
-0.785398	2.396274	-1.959260	92	113	101	0.615
-0.785398	1.904882	-1.478089	91	110	103	0.615
-0.523599	2.478122	2.609777	102	115	99	0.615
2.879793	2.587733	0.232235	102	115	94	0.615
1.832596	2.724429	-0.348782	105	112	93	0.615
1.832596	2.379497	0.561089	113	126	97	0.615
1.047198	1.301460	-0.509251	37	104	116	0.615
1.047198	0.762244	-0.273349	124	120	31	0.608
0.000000	1.184361	0.625864	116	109	30	0.608
-1.832596	1.846342	-1.796954	110	116	36	0.608
-1.308997	1.134497	-1.109631	104	97	13	0.579
1.832596	2.153910	-1.714959	123	125	34	0.579
-2.356194	2.760637	2.781135	30	20	97	0.579
-0.261799	2.138223	1.678323	98	103	109	0.579
-1.570796	0.640596	-2.797608	96	109	9	0.579
-2.356194	1.025536	1.576859	101	119	29	0.579
0.523599	1.504028	0.636812	115	97	17	0.579
-0.523599	2.299159	2.264663	99	110	103	0.579
1.047198	1.982574	-1.115518	118	112	35	0.579
1.308997	2.115563	0.685730	101	118	25	0.579
-1.308997	2.138223	1.678323	96	119	109	0.579
-2.094395	1.391910	3.030322	107	1	31	0.579
0.261799	0.906588	1.252948	111	109	28	0.579
0.523599	1.812176	0.656819	116	95	13	0.579
2.879793	1.683268	0.374177	111	91	10	0.578
-0.523599	2.187132	-0.479875	111	93	5	0.578
-1.047198	0.370812	-2.547742	101	101	15	0.578
-1.308997	0.674054	1.013609	112	115	32	0.564
2.617994	1.809167	1.213774	1	121	94	0.550
1.308997	0.418037	1.360082	119	126	97	0.550
-2.356194	0.929350	-2.910676	100	96	113	0.550
1.308997	2.379497	0.561089	99	94	5	0.550
2.094395	1.247695	1.809890	110	115	95	0.550
2.617994	1.732874	-0.951685	104	100	99	0.550
2.094395	1.809167	1.213774	125	120	94	0.550
-0.261799	1.214854	-1.966664	94	98	12	0.550
2.094395	1.732874	-0.951685	99	106	99	0.550
-0.261799	2.404280	-0.174044	127	125	94	0.550
-0.523599	0.864993	2.278281	115	102	99	0.550
2.879793	2.404280	-0.174044	123	3	94	0.550
2.879793	2.637879	2.121598	21	38	101	0.550
2.094395	2.404280	-0.174044	126	4	94	0.550
1.832596	2.349581	-2.702517	111	116	98	0.550
1.308997	1.168678	2.108595	114	118	97	0.550
-1.570796	1.599406	1.426070	94	97	8	0.550
-0.785398	0.618092	2.539118	114	97	103	0.550
2.617994	2.979456	-1.009304	103	123	102	0.550
-1.570796	0.618092	2.539118	102	99	103	0.550
-1.570796	1.413430	2.550734	96	107	22	0.550
0.785398	2.592629	0.909713	14	21	31	0.550
2.879793	1.732874	-0.951685	107	100	99	0.550
-2.094395	1.374601	-2.456031	95	117	107	0.550
-1.570796	1.135813	-2.658866	94	109	111	0.550
2.617994	0.899350	-2.069907	110	114	100	0.550
-1.047198	2.478122	2.609777	104	119	99	0.550
2.879793	2.979456	-1.009304	101	122	102	0.550
0.523599	2.404280	-0.174044	1	127	94	0.550
0.000000	1.977582	0.969896	98	120	97	0.550
1.832596	0.866955	-0.931351	106	93	22	0.550
-1.570796	1.824694	1.850876	92	100	9	0.550
0.261799	2.153910	-1.714959	102	96	103	0.550
-3.141593	1.606104	-0.451151	17	30	23	0.550
-2.617994	1.050534	3.042579	95	102	108	0.550
1.047198	2.379497	0.561089	107	114	102	0.550
-1.047198	0.618092	2.539118	110	97	103	0.550
-2.094395	1.050534	3.042579	102	95	108	0.550
-2.356194	1.554776	0.100351	14	24	27	0.550
0.785398	0.615174	-0.666022	125	92	13	0.550
-1.570796	2.637879	2.121598	106	124	101	0.550
-1.308997	0.618092	2.539118	106	97	103	0.550
-2.356194	1.134796	2.434290	100	104	100	0.550
-1.570796	0.914445	2.687814	107	98	103	0.550
-2.094395	1.195355	1.200319	19	29	26	0.549
2.879793	1.977582	0.969896	92	108	14	0.549
-1.308997	0.899350	-2.069907	101	97	9	0.549
0.523599	2.587733	0.232235	94	102	10	0.549
-1.047198	1.374601	-2.456031	99	102	107	0.549
-0.785398	2.299159	2.264663	102	90	2	0.549
-1.570796	2.108018	1.311430	108	123	27	0.534
-0.261799	1.113094	-0.272241	121	109	30	0.513
-2.617994	1.440580	2.260026	105	2	28	0.513
0.000000	1.113094	-0.272241	123	110	30	0.513
-2.356194	1.555207	1.708892	98	123	22	0.512
0.000000	1.433411	-1.035986	104	91	126	0.484
1.832596	1.128190	-2.288622	37	29	110	0.484
0.523599	0.370812	-2.547742	109	114	36	0.484
2.094395	0.914445	2.687814	123	122	38	0.484
0.261799	1.391910	3.030322	119	101	32	0.484
-0.785398	0.960688	-0.577532	94	98	5	0.484
-0.523599	1.658653	-2.409879	98	108	20	0.484
-3.141593	1.413430	2.550734	116	6	32	0.484
-0.523599	0.914445	2.687814	97	102	116	0.484
-2.617994	1.846342	-1.796954	97	117	107	0.484
2.879793	2.343981	-1.040456	33	22	93	0.484
0.000000	0.370812	-2.547742	108	119	36	0.484
1.832596	2.138223	1.678323	114	1	96	0.484
-0.785398	0.910508	1.903534	113	96	24	0.484
2.356194	2.478122	2.609777	91	113	111	0.484
1.570796	2.153910	-1.714959	124	124	34	0.484
2.879793	1.413430	2.550734	120	6	32	0.484
-0.523599	2.407836	1.410646	96	109	108	0.484
-1.832596	0.914445	2.687814	112	120	38	0.484
2.356194	0.914445	2.687814	122	123	38	0.484
0.000000	1.218453	2.777284	118	104	35	0.484
-1.308997	1.195355	1.200319	105	100	23	0.484
-3.141593	0.864993	2.278281	112	124	37	0.484
0.523599	0.290380	-0.796960	116	93	20	0.484
-1.308997	0.733948	3.021411	114	94	108	0.484
-0.785398	0.290380	-0.796960	102	110	30	0.484
2.879793	1.025536	1.576859	98	96	13	0.484
-2.879793	1.948085	-2.363031	94	114	21	0.484
1.047198	2.478122	2.609777	109	104	100	0.484
-0.523599	1.948085	-2.363031	106	95	10	0.484
-0.261799	1.242974	-2.977882	102	98	22	0.483
-1.570796	1.732874	-0.951685	99	99	9	0.483
-2.617994	2.588535	-2.976617	107	4	105	0.483
-0.523599	0.960688	-0.577532	98	94	5	0.483
2.617994	1.391910	3.030322	110	98	18	0.483
-3.141593	2.588535	-2.976617	93	107	11	0.483
-2.879793	2.760637	2.781135	106	3	103	0.483
-1.047198	0.850607	-1.335383	90	110	11	0.483
-0.261799	0.080730	-2.622036	110	127	35	0.483
2.356194	2.724429	-0.348782	124	123	93	0.455
1.570796	2.637879	2.121598	124	0	99	0.455
1.308997	2.637879	2.121598	124	1	99	0.455
2.879793	2.001437	0.381215	119	13	98	0.455
-1.047198	0.458961	-0.107937	120	4	100	0.455
2.879793	1.168678	2.108595	120	2	96	0.455
2.094395	1.214854	-1.966664	51	5	16	0.455
2.879793	0.619654	-2.216909	44	12	27	0.455
0.261799	1.488617	1.159546	38	102	125	0.454
0.523599	2.115563	0.685730	37	111	108	0.454
-0.261799	2.396274	-1.959260	100	101	7	0.454
2.094395	2.041297	-2.664597	43	117	122	0.454
1.308997	2.349581	-2.702517	38	106	111	0.454
0.261799	1.683268	0.374177	34	102	112	0.454
-1.308997	2.349581	-2.702517	97	106	9	0.454
1.047198	1.699788	2.452890	18	29	21	0.454
-2.617994	2.001437	0.381215	112	4	98	0.454
0.785398	2.138223	1.678323	42	111	119	0.454
2.094395	1.325504	-1.671296	43	114	123	0.454
-0.261799	2.174483	2.653697	101	111	20	0.454
0.523599	1.488617	1.159546	50	127	12	0.454
2.356194	1.135813	-2.658866	37	118	10	0.454
0.785398	1.766067	2.153843	39	107	2	0.454
1.047198	0.615174	-0.666022	37	103	2	0.454
-2.356194	2.138223	1.678323	88	116	2	0.454
-1.308997	1.448123	-2.163292	91	108	4	0.454
-2.356194	2.407836	1.410646	90	112	123	0.454
0.000000	1.809167	1.213774	104	96	9	0.447
-1.308997	1.113094	-0.272241	113	111	30	0.447
-0.785398	1.194549	-0.801900	118	104	26	0.447
-0.523599	2.455966	-0.641220	112	95	127	0.447
-2.617994	0.685216	-1.712745	104	124	23	0.446
0.000000	1.413430	2.550734	102	98	110	0.418
-2.356194	0.700570	1.559208	103	115	31	0.418
0.523599	1.025536	1.576859	126	122	97	0.418
2.617994	2.579248	-2.364801	105	114	99	0.418
2.879793	1.367556	0.358405	93	106	126	0.418
-1.047198	2.863997	0.549740	97	109	105	0.418
1.570796	1.809167	1.213774	33	107	126	0.418
-1.308997	1.242974	-2.977882	95	109	109	0.418
-1.570796	0.733948	3.021411	110	94	108	0.418
2.094395	2.164094	-2.991358	45	23	111	0.418
-2.879793	2.478122	2.609777	21	117	99	0.418
-2.356194	2.719179	-1.780644	97	115	18	0.418
-2.094395	0.733948	3.021411	101	97	108	0.418
-1.047198	0.992645	-1.723759	105	95	10	0.418
-2.617994	2.456751	-1.503343	97	113	104	0.418
-1.308997	0.615174	-0.666022	97	116	23	0.418
-1.832596	0.203748	0.590255	104	111	31	0.418
-0.523599	0.906588	1.252948	116	92	18	0.418
2.617994	1.014500	0.906702	91	109	3	0.418
-2.356194	1.875281	0.107086	22	27	22	0.418
2.879793	2.719179	-1.780644	101	116	102	0.418
2.617994	2.719179	-1.780644	102	118	102	0.418
-2.094395	1.699788	2.452890	93	117	15	0.418
1.308997	2.001437	0.381215	101	94	5	0.418
-1.308997	0.290380	-0.796960	101	119	30	0.418
-3.141593	2.393226	1.857173	35	27	103	0.418
-0.785398	1.545873	-1.877082	96	114	15	0.418
-2.094395	2.664082	-1.071402	97	108	105	0.418
1.047198	1.195355	1.200319	116	97	17	0.417
0.261799	0.297065	2.160177	104	101	18	0.417
-1.308997	1.301460	-0.509251	111	107	28	0.417
-2.356194	1.448123	-2.163292	111	110	34	0.410
-1.047198	0.615174	-0.666022	120	120	96	0.389
1.308997	1.836682	-0.676006	11	120	98	0.389
2.617994	2.588535	-2.976617	41	32	104	0.389
1.570796	2.592629	0.909713	116	127	97	0.389
2.617994	1.045978	0.343692	92	117	104	0.389
1.047198	1.696674	-1.253233	110	0	100	0.389
0.261799	1.413347	-1.339188	18	17	38	0.389
-0.785398	0.906588	1.252948	98	116	98	0.389
2.356194	0.992645	-1.723759	106	117	100	0.389
0.523599	2.153910	-1.714959	32	13	35	0.389
2.094395	0.379747	-1.713059	90	109	116	0.389
-1.308997	1.545873	-1.877082	30	23	29	0.389
2.356194	1.721184	-0.153948	92	113	103	0.389
2.094395	2.587733	0.232235	100	101	12	0.388
0.785398	1.413347	-1.339188	18	14	38	0.388
-0.261799	0.864993	2.278281	24	12	35	0.388
1.047198	2.180315	-1.357379	99	107	17	0.388
1.047198	0.618092	2.539118	118	3	97	0.388
1.832596	1.846342	-1.796954	97	115	106	0.388
1.832596	0.992645	-1.723759	8	19	28	0.388
-2.094395	1.869911	2.701025	6	26	24	0.388
1.047198	1.545873	-1.877082	121	88	5	0.388
-0.785398	1.247695	1.809890	17	18	32	0.388
2.617994	1.721184	-0.153948	93	109	103	0.388
2.094395	1.683268	0.374177	91	123	110	0.388
2.356194	1.870545	-2.976234	45	28	119	0.388
-0.523599	1.195355	1.200319	100	118	97	0.388
-0.785398	1.555207	1.708892	13	95	110	0.388
2.094395	2.115563	0.685730	27	19	29	0.388
-2.094395	0.370812	-2.547742	106	122	102	0.388
0.261799	1.195355	1.200319	101	111	97	0.388
-1.308997	2.063651	-2.044600	91	119	127	0.388
-1.570796	1.417623	-0.202254	31	26	25	0.388
-1.832596	2.881233	-2.582574	100	0	100	0.388
1.047198	1.824694	1.850876	102	121	97	0.388
1.570796	1.168678	2.108595	36	25	32	0.388
2.356194	2.592629	0.909713	106	0	97	0.388
1.047198	1.756530	-2.105156	121	88	4	0.388
-2.356194	0.379747	-1.713059	106	117	27	0.381
-1.047198	1.335669	0.897240	106	118	27	0.381
-0.523599	0.709924	0.218797	119	118	32	0.381
-1.570796	1.875281	0.107086	101	103	15	0.352
-1.308997	1.134796	2.434290	102	103	23	0.352
2.094395	1.904882	-1.478089	118	120	35	0.352
1.308997	1.904882	-1.478089	120	119	36	0.352
2.356194	2.760637	2.781135	112	106	100	0.352
-2.094395	2.164094	-2.991358	121	3	100	0.352
-1.047198	2.299159	2.264663	99	117	103	0.352
-2.094395	1.545873	-1.877082	94	111	110	0.352
-2.356194	0.591903	2.010408	110	114	36	0.352
-1.308997	1.569311	-3.003978	93	112	16	0.352
-1.047198	1.391910	3.030322	97	105	20	0.352
-1.832596	0.899350	-2.069907	96	106	7	0.352
-1.047198	2.174483	2.653697	101	115	102	0.352
-1.832596	0.080730	-2.622036	100	111	19	0.352
0.000000	1.875281	0.107086	114	94	12	0.351
-1.047198	1.699788	2.452890	105	112	103	0.351
2.356194	1.325504	-1.671296	102	107	23	0.351
-0.261799	1.555207	1.708892	117	90	13	0.351
-0.261799	0.850607	-1.335383	118	127	96	0.323
0.523599	2.089241	-0.114193	4	121	96	0.323
-0.523599	2.588535	-2.976617	96	97	123	0.323
2.617994	2.592629	0.909713	38	27	107	0.323
2.879793	1.433411	-1.035986	37	35	104	0.323
0.261799	2.455966	-0.641220	21	24	33	0.323
2.094395	0.960688	-0.577532	107	119	95	0.323
0.523599	1.756530	-2.105156	124	126	98	0.323
1.047198	2.863997	0.549740	113	123	95	0.323
-1.832596	1.574060	2.783565	103	102	13	0.323
2.617994	2.984978	1.954446	108	0	99	0.323
-0.785398	2.478122	2.609777	16	16	35	0.323
-2.356194	1.606104	-0.451151	98	126	101	0.323
2.094395	0.899350	-2.069907	110	115	100	0.323
1.308997	0.615174	-0.666022	112	1	102	0.323
-3.141593	1.683268	0.374177	101	3	104	0.323
-3.141593	2.089241	-0.114193	106	122	95	0.323
2.356194	0.899350	-2.069907	110	115	100	0.323
-1.047198	1.599406	1.426070	108	117	93	0.323
2.879793	2.247462	0.191623	119	10	96	0.323
2.356194	2.041297	-2.664597	46	25	111	0.323
0.261799	2.180315	-1.357379	103	99	99	0.323
2.617994	1.599406	1.426070	28	26	29	0.323
2.879793	2.407836	1.410646	33	28	24	0.323
2.356194	1.045978	0.343692	29	20	32	0.323
1.832596	2.478122	2.609777	45	25	106	0.323
2.356194	2.587733	0.232235	104	120	95	0.323
0.261799	1.606104	-0.451151	27	25	30	0.323
2.094395	2.138223	1.678323	39	21	23	0.323
-1.570796	1.214854	-1.966664	101	113	100	0.323
2.356194	2.115563	0.685730	27	29	27	0.323
0.523599	1.846342	-1.796954	111	109	98	0.323
-0.523599	2.979456	-1.009304	108	123	95	0.323
0.000000	2.664082	-1.071402	117	0	95	0.323
1.832596	0.899350	-2.069907	110	115	100	0.322
1.047198	1.836682	-0.676006	23	25	30	0.322
-2.617994	1.606104	-0.451151	102	1	101	0.322
1.832596	1.134497	-1.109631	100	102	20	0.322
-2.879793	2.343981	-1.040456	115	122	95	0.322
-1.832596	0.418037	1.360082	91	123	106	0.322
-2.356194	1.909857	-0.381669	101	121	96	0.322
-0.785398	2.456751	-1.503343	97	117	97	0.322
1.570796	2.478122	2.609777	46	20	106	0.322
-1.570796	2.187132	-0.479875	103	114	95	0.322
1.047198	0.910508	1.903534	114	4	100	0.322
2.879793	2.984978	1.954446	104	126	99	0.322
2.356194	2.247462	0.191623	110	123	95	0.322
1.047198	1.134796	2.434290	103	107	100	0.322
2.879793	1.846342	-1.796954	22	24	37	0.322
-2.617994	2.724429	-0.348782	98	123	106	0.322
1.570796	1.977582	0.969896	97	115	105	0.322
-0.785398	1.824694	1.850876	94	113	111	0.322
2.094395	2.863997	0.549740	102	122	96	0.322
-3.141593	2.979456	-1.009304	100	104	14	0.322
1.308997	2.724429	-0.348782	105	116	94	0.322
-0.523599	1.977582	0.969896	102	125	97	0.322
-1.047198	1.014500	0.906702	95	121	100	0.322
-2.879793	1.846342	-1.796954	99	116	103	0.322
-0.523599	2.349581	-2.702517	95	97	127	0.322
-3.141593	1.510910	-0.740472	15	29	22	0.322
-3.141593	1.134796	2.434290	93	121	102	0.322
-2.879793	1.606104	-0.451151	19	36	98	0.322
1.570796	1.335669	0.897240	43	31	113	0.322
-2.879793	1.488617	1.159546	102	119	106	0.322
-1.832596	1.554776	0.100351	106	127	104	0.322
0.785398	1.134796	2.434290	102	109	100	0.322
0.785398	2.349581	-2.702517	112	114	98	0.322
-3.141593	1.569311	-3.003978	34	105	4	0.322
1.047198	0.379747	-1.713059	114	93	22	0.322
0.785398	0.992645	-1.723759	100	0	106	0.322
-1.047198	0.960688	-0.577532	117	108	29	0.315
1.047198	1.135813	-2.658866	126	103	31	0.286
0.523599	1.721184	-0.153948	2	106	24	0.286
-0.523599	0.961715	0.014085	119	114	32	0.286
-0.523599	0.640596	-2.797608	104	96	10	0.286
-1.832596	2.349581	-2.702517	108	111	99	0.286
-2.879793	1.045978	0.343692	118	123	32	0.286
0.261799	2.001437	0.381215	115	94	10	0.286
-1.308997	1.506530	1.988858	95	118	114	0.286
-2.094395	1.218453	2.777284	108	125	34	0.286
-2.617994	2.984978	1.954446	32	24	99	0.286
-0.523599	1.662363	0.915448	99	102	12	0.286
-1.047198	2.455966	-0.641220	104	97	0	0.286
-0.785398	0.831641	0.616218	114	119	32	0.286
-1.832596	2.063651	-2.044600	100	108	103	0.286
-1.832596	2.041297	-2.664597	102	112	101	0.286
-1.832596	0.685216	-1.712745	104	111	23	0.286
1.570796	0.960688	-0.577532	106	104	22	0.285
1.570796	2.180315	-1.357379	125	118	34	0.285
2.356194	1.554776	0.100351	33	35	101	0.257
2.879793	0.910508	1.903534	109	100	100	0.257
1.832596	1.506530	1.988858	105	116	96	0.257
-1.047198	1.555207	1.708892	94	116	115	0.257
-0.261799	0.615174	-0.666022	102	92	14	0.257
0.000000	0.615174	-0.666022	108	90	15	0.257
-2.094395	0.418037	1.360082	100	102	23	0.257
0.000000	2.979456	-1.009304	118	6	97	0.257
0.261799	0.458961	-0.107937	120	92	17	0.257
1.832596	1.045978	0.343692	115	90	0	0.257
-2.879793	0.591903	2.010408	32	30	121	0.257
-1.308997	0.700570	1.559208	107	97	24	0.257
0.261799	2.104282	-0.813972	122	117	97	0.257
-1.570796	2.379497	0.561089	103	102	97	0.257
-1.832596	0.618092	2.539118	98	103	104	0.257
2.356194	1.448123	-2.163292	29	34	105	0.257
0.785398	1.450119	-2.739050	36	10	103	0.257
-0.523599	1.569311	-3.003978	102	102	104	0.257
2.617994	2.587733	0.232235	91	108	11	0.257
2.879793	1.875281	0.107086	93	102	0	0.257
-1.832596	0.910508	1.903534	101	103	25	0.256
-0.523599	0.615174	-0.666022	98	95	14	0.256
-2.094395	1.488617	1.159546	17	30	23	0.256
0.000000	1.658653	-2.409879	104	112	99	0.256
0.785398	0.685216	-1.712745	112	92	19	0.256
-0.523599	2.664082	-1.071402	118	3	96	0.256
-0.785398	0.674054	1.013609	112	91	19	0.256
-0.261799	1.736875	3.023612	103	103	103	0.256
-1.047198	2.379497	0.561089	109	100	97	0.256
-0.261799	0.458961	-0.107937	110	91	18	0.256
-2.094395	1.448123	-2.163292	94	115	108	0.256
-2.094395	1.875281	0.107086	95	114	99	0.256
-0.261799	1.504028	0.636812	103	100	16	0.256
-0.523599	2.174483	2.653697	102	90	6	0.256
-0.261799	2.724429	-0.348782	94	107	15	0.256
2.356194	0.733948	3.021411	103	95	8	0.256
-2.356194	0.733948	3.021411	97	100	108	0.256
-0.261799	0.290380	-0.796960	103	95	21	0.256
-1.047198	2.719179	-1.780644	115	8	98	0.256
-1.047198	1.506530	1.988858	94	116	113	0.256
1.832596	1.977582	0.969896	33	21	29	0.256
0.523599	0.640596	-2.797608	105	94	9	0.256
-0.785398	2.164094	-2.991358	106	118	100	0.256
1.832596	1.836682	-0.676006	95	105	16	0.256
0.000000	1.812176	0.656819	106	96	11	0.256
2.356194	1.301460	-0.509251	117	94	17	0.256
0.523599	0.615174	-0.666022	119	90	14	0.256
-1.047198	2.033014	2.977192	101	114	100	0.256
1.570796	1.134796	2.434290	95	114	103	0.256
1.570796	0.866955	-0.931351	30	104	9	0.256
1.832596	2.356369	3.005869	46	20	108	0.256
-3.141593	0.685216	-1.712745	105	94	15	0.256
-2.356194	2.588535	-2.976617	100	94	11	0.256
0.785398	1.310100	1.488307	113	94	13	0.256
-1.570796	0.762244	-0.273349	116	112	31	0.249
0.261799	0.571433	-1.188419	9	90	6	0.228
0.000000	1.134497	-1.109631	125	0	95	0.228
2.617994	2.724429	-0.348782	121	123	92	0.228
1.047198	0.297065	2.160177	126	125	95	0.228
-1.570796	1.134497	-1.109631	126	2	94	0.228
0.523599	1.134497	-1.109631	124	126	95	0.228
-0.523599	2.587733	0.232235	6	121	93	0.228
-0.261799	2.719179	-1.780644	124	123	95	0.228
-3.141593	2.724429	-0.348782	123	122	92	0.228
0.000000	2.719179	-1.780644	127	123	95	0.228
0.000000	2.984978	1.954446	125	119	96	0.228
0.523599	0.685216	-1.712745	118	117	98	0.228
-1.308997	2.587733	0.232235	1	118	93	0.228
-1.047198	2.587733	0.232235	4	119	94	0.228
0.785398	1.824694	1.850876	125	6	93	0.228
1.570796	0.591903	2.010408	121	124	96	0.228
-2.094395	1.325504	-1.671296	114	125	100	0.228
-0.523599	0.297065	2.160177	123	0	95	0.228
-0.261799	2.587733	0.232235	8	123	94	0.228
-2.617994	1.135813	-2.658866	117	4	98	0.228
1.308997	1.982574	-1.115518	120	101	96	0.228
-3.141593	2.984978	1.954446	112	120	95	0.228
-0.785398	2.719179	-1.780644	123	124	95	0.228
-2.617994	2.587733	0.232235	117	123	93	0.228
-0.523599	2.719179	-1.780644	123	123	95	0.228
-2.356194	1.599406	1.426070	1	127	92	0.228
1.047198	2.073035	2.027405	121	11	96	0.228
2.356194	1.982574	-1.115518	125	116	96	0.228
-2.879793	2.455966	-0.641220	126	1	92	0.228
2.094395	2.984978	1.954446	117	114	95	0.228
1.570796	2.984978	1.954446	117	111	95	0.228
0.261799	2.164094	-2.991358	117	126	99	0.228
-0.785398	1.014500	0.906702	10	89	3	0.228
-1.832596	2.863997	0.549740	123	116	94	0.228
-1.308997	2.724429	-0.348782	4	126	92	0.228
-1.570796	1.050534	3.042579	115	6	100	0.228
-2.356194	1.135813	-2.658866	116	2	98	0.228
1.832596	1.982574	-1.115518	124	108	96	0.228
-2.879793	2.724429	-0.348782	124	122	92	0.228
2.879793	2.073035	2.027405	116	120	96	0.228
2.094395	2.664082	-1.071402	127	119	93	0.228
0.785398	0.850607	-1.335383	124	119	95	0.228
-3.141593	1.113094	-0.272241	118	122	96	0.227
1.047198	0.850607	-1.335383	126	118	95	0.227
-1.832596	1.662363	0.915448	103	111	102	0.227
1.832596	2.984978	1.954446	117	113	95	0.227
2.617994	2.073035	2.027405	115	123	96	0.227
1.832596	0.379747	-1.713059	26	100	12	0.227
-2.094395	2.724429	-0.348782	3	123	92	0.227
0.785398	2.719179	-1.780644	104	106	96	0.227
2.617994	1.440580	2.260026	118	0	97	0.227
-2.094395	2.587733	0.232235	119	120	93	0.227
1.308997	1.135834	-1.431087	122	118	96	0.227
2.356194	1.599406	1.426070	125	125	92	0.227
-1.570796	2.724429	-0.348782	5	125	93	0.227
0.523599	1.555207	1.708892	127	127	92	0.227
-2.094395	1.135813	-2.658866	115	0	98	0.227
0.523599	2.299159	2.264663	29	94	121	0.227
-0.785398	1.325504	-1.671296	120	12	99	0.227
0.785398	1.982574	-1.115518	113	98	96	0.227
1.570796	2.719179	-1.780644	110	104	96	0.227
1.047198	2.719179	-1.780644	106	105	96	0.227
-2.356194	1.982574	-1.115518	107	0	96	0.227
-2.879793	2.587733	0.232235	116	125	93	0.227
-2.617994	1.982574	-1.115518	111	0	96	0.227
2.879793	1.982574	-1.115518	122	123	96	0.227
1.047198	2.984978	1.954446	115	108	95	0.227
0.261799	1.545873	-1.877082	98	116	102	0.227
-2.617994	2.089241	-0.114193	116	5	94	0.227
-2.617994	1.875281	0.107086	104	104	103	0.227
-1.832596	2.587733	0.232235	121	119	93	0.227
1.308997	2.979456	-1.009304	110	116	94	0.227
-1.570796	2.089241	-0.114193	114	123	94	0.227
-1.832596	2.979456	-1.009304	110	110	94	0.227
2.094395	1.982574	-1.115518	125	112	96	0.227
-1.047198	2.984978	1.954446	103	112	95	0.227
2.094395	1.545873	-1.877082	110	100	102	0.227
-1.832596	0.929350	-2.910676	113	3	100	0.227
0.785398	1.325504	-1.671296	114	122	99	0.227
1.832596	2.719179	-1.780644	113	104	96	0.227
0.261799	2.984978	1.954446	127	119	96	0.227
-0.785398	2.979456	-1.009304	112	111	94	0.227
1.832596	2.979456	-1.009304	109	116	94	0.227
2.094395	2.979456	-1.009304	108	115	94	0.227
0.523599	2.984978	1.954446	111	106	95	0.227
0.523599	1.998705	2.370472	28	93	0	0.227
0.261799	1.135834	-1.431087	19	92	0	0.227
-0.261799	2.637879	2.121598	16	90	113	0.227
0.785398	1.214854	-1.966664	16	88	2	0.227
0.261799	1.448123	-2.163292	16	91	122	0.227
2.356194	0.370812	-2.547742	21	102	16	0.227
-1.308997	2.979456	-1.009304	111	110	94	0.227
-2.356194	2.115563	0.685730	107	127	99	0.227
-2.094395	1.982574	-1.115518	103	127	96	0.227
1.570796	2.979456	-1.009304	109	116	94	0.227
-0.523599	2.760637	2.781135	116	122	97	0.227
1.308997	1.545873	-1.877082	101	104	102	0.227
0.000000	2.180315	-1.357379	100	121	105	0.227
0.523599	1.545873	-1.877082	97	113	102	0.227
-2.356194	1.812176	0.656819	104	2	103	0.227
-2.879793	1.982574	-1.115518	115	127	96	0.227
0.785398	1.545873	-1.877082	98	109	102	0.227
-1.570796	2.984978	1.954446	103	115	95	0.227
1.308997	2.719179	-1.780644	108	104	96	0.227
2.356194	1.824694	1.850876	120	127	93	0.227
-1.570796	2.979456	-1.009304	111	110	94	0.227
1.570796	1.982574	-1.115518	123	104	96	0.227
0.261799	2.138223	1.678323	29	95	120	0.227
2.617994	1.184361	0.625864	23	40	17	0.227
2.879793	1.662363	0.915448	108	120	102	0.227
-2.356194	2.295480	1.008277	106	126	100	0.227
-2.356194	2.979456	-1.009304	108	111	94	0.227
2.617994	0.370812	-2.547742	23	104	16	0.227
-0.785398	2.984978	1.954446	104	110	95	0.227
1.308997	2.984978	1.954446	116	109	95	0.227
0.000000	2.138223	1.678323	25	91	120	0.227
2.879793	2.760637	2.781135	14	20	29	0.227
-0.523599	1.617114	-1.572037	28	101	119	0.227
0.523599	2.719179	-1.780644	102	108	96	0.227
1.047198	1.870545	-2.976234	27	93	1	0.227
-1.832596	2.984978	1.954446	104	117	95	0.227
-0.785398	0.992645	-1.723759	116	9	98	0.227
0.000000	1.545873	-1.877082	99	119	102	0.227
1.570796	1.545873	-1.877082	104	102	102	0.227
-2.356194	2.984978	1.954446	107	119	95	0.227
-0.261799	1.325504	-1.671296	102	118	99	0.227
2.356194	2.979456	-1.009304	108	115	94	0.227
0.261799	1.982574	-1.115518	105	99	96	0.227
2.879793	1.184361	0.625864	20	96	4	0.227
-3.141593	0.831641	0.616218	23	96	0	0.227
-0.261799	2.979456	-1.009304	113	113	94	0.227
2.094395	2.719179	-1.780644	115	105	96	0.227
-0.785398	0.850607	-1.335383	25	96	124	0.227
0.523599	1.506530	1.988858	30	99	7	0.227
2.094395	1.812176	0.656819	16	92	117	0.227
-0.785398	1.025536	1.576859	13	92	10	0.227
-1.308997	2.984978	1.954446	103	113	95	0.227
0.785398	1.135813	-2.658866	15	93	11	0.227
-3.141593	1.875281	0.107086	17	93	5	0.227
0.785398	1.998705	2.370472	32	98	0	0.227
-1.047198	0.674054	1.013609	31	101	120	0.227
-2.879793	0.831641	0.616218	26	99	0	0.227
0.000000	1.504028	0.636812	25	91	119	0.227
-1.308997	0.458961	-0.107937	21	96	3	0.227
-0.785398	1.504028	0.636812	33	105	123	0.227
0.523599	0.850607	-1.335383	23	96	5	0.227
2.356194	1.809167	1.213774	19	95	2	0.227
-1.832596	0.674054	1.013609	20	91	120	0.227
0.523599	1.870545	-2.976234	17	88	1	0.227
-0.261799	1.488617	1.159546	21	89	126	0.227
0.785398	2.174483	2.653697	30	95	125	0.226
2.879793	1.812176	0.656819	17	93	125	0.226
1.308997	1.658653	-2.409879	28	93	0	0.226
1.570796	0.379747	-1.713059	23	97	12	0.226
-0.261799	1.599406	1.426070	21	89	127	0.226
-0.523599	0.674054	1.013609	18	92	9	0.226
0.523599	0.992645	-1.723759	22	94	2	0.226
0.785398	1.168678	2.108595	22	97	7	0.226
2.879793	0.864993	2.278281	9	91	3	0.226
0.000000	1.374601	-2.456031	10	91	124	0.226
-0.785398	1.488617	1.159546	10	88	126	0.226
-1.047198	1.909857	-0.381669	102	97	9	0.220
-2.879793	0.866395	-2.492918	126	3	32	0.220
-1.047198	2.393226	1.857173	98	116	105	0.220
1.570796	1.606104	-0.451151	114	103	27	0.220
1.308997	1.014500	0.906702	124	109	30	0.220
2.094395	0.419640	2.974122	116	114	38	0.191
1.047198	1.510910	-0.740472	108	111	31	0.191
-3.141593	1.050534	3.042579	122	0	36	0.191
0.000000	0.914445	2.687814	121	112	38	0.191
1.308997	1.809167	1.213774	92	112	9	0.191
1.047198	0.914445	2.687814	126	116	38	0.191
-2.094395	1.696674	-1.253233	96	106	5	0.191
-1.047198	1.872854	1.543456	94	115	113	0.191
-1.308997	0.297065	2.160177	97	94	2	0.191
2.094395	1.301460	-0.509251	112	93	16	0.191
-2.356194	2.456751	-1.503343	97	110	104	0.191
-1.308997	2.299159	2.264663	100	121	103	0.191
-3.141593	2.041297	-2.664597	93	109	14	0.191
0.000000	1.050534	3.042579	41	114	122	0.191
1.570796	1.766067	2.153843	102	120	99	0.191
-0.785398	1.736875	3.023612	99	108	103	0.191
1.832596	1.555207	1.708892	106	110	96	0.191
0.000000	1.391910	3.030322	116	102	32	0.191
-2.094395	0.591903	2.010408	105	104	26	0.191
-2.094395	0.674054	1.013609	23	33	99	0.190
2.356194	2.164094	-2.991358	114	114	99	0.190
-0.261799	2.478122	2.609777	102	113	100	0.190
-0.261799	1.721184	-0.153948	112	94	14	0.190
-0.523599	0.290380	-0.796960	105	107	30	0.190
-0.261799	0.618092	2.539118	100	99	12	0.190
2.094395	1.510910	-0.740472	113	96	21	0.190
-2.356194	2.251330	-2.330739	99	101	19	0.190
1.308997	0.290380	-0.796960	93	99	12	0.190
-1.832596	0.496451	0.593859	100	112	28	0.190
-2.356194	2.153910	-1.714959	96	112	105	0.190
-3.141593	2.073035	2.027405	35	29	105	0.190
-1.832596	1.699788	2.452890	93	111	16	0.190
-2.094395	0.864993	2.278281	110	116	37	0.190
-0.523599	1.218453	2.777284	113	106	35	0.190
0.785398	0.960688	-0.577532	94	101	17	0.190
-2.356194	2.356369	3.005869	97	93	5	0.190
1.832596	0.618092	2.539118	115	97	18	0.190
1.832596	2.108018	1.311430	34	110	121	0.190
-0.523599	0.370812	-2.547742	14	22	34	0.161
-2.879793	0.203748	0.590255	10	24	32	0.161
0.523599	2.247462	0.191623	119	110	94	0.161
-2.617994	1.134796	2.434290	14	25	34	0.161
2.094395	0.910508	1.903534	26	30	33	0.161
2.356194	0.618092	2.539118	21	19	37	0.161
2.879793	2.104282	-0.813972	33	27	92	0.161
1.832596	1.218453	2.777284	25	27	24	0.161
2.879793	1.247695	1.809890	17	34	28	0.161
-2.094395	1.134796	2.434290	100	120	28	0.161
-1.047198	2.001437	0.381215	120	113	98	0.161
0.261799	0.929350	-2.910676	107	98	27	0.161
-2.356194	1.569311	-3.003978	15	34	27	0.161
2.879793	2.592629	0.909713	105	96	14	0.161
-1.832596	1.374601	-2.456031	10	32	25	0.161
-1.570796	2.704512	1.488683	106	96	23	0.161
-2.617994	1.218453	2.777284	17	28	34	0.161
-0.261799	1.870545	-2.976234	101	90	13	0.161
2.617994	1.736875	3.023612	21	28	23	0.161
-2.879793	1.218453	2.777284	20	29	34	0.161
1.308997	1.335669	0.897240	31	23	30	0.161
-3.141593	2.704512	1.488683	11	23	31	0.161
-3.141593	1.574060	2.783565	104	96	13	0.161
2.617994	1.025536	1.576859	19	34	29	0.161
-2.879793	1.574060	2.783565	95	104	104	0.161
0.785398	0.618092	2.539118	105	118	96	0.161
2.617994	0.864993	2.278281	21	25	36	0.161
2.356194	2.138223	1.678323	117	92	10	0.161
-1.832596	1.184361	0.625864	14	29	18	0.161
0.523599	1.325504	-1.671296	108	88	115	0.161
1.047198	1.214854	-1.966664	22	27	35	0.161
2.617994	1.247695	1.809890	21	35	28	0.161
-2.617994	1.599406	1.426070	105	94	20	0.161
2.356194	1.736875	3.023612	24	28	23	0.161
-2.356194	1.335669	0.897240	20	32	14	0.161
1.570796	1.134497	-1.109631	112	108	33	0.146
2.094395	2.108018	1.311430	119	118	97	0.125
2.356194	2.153910	-1.714959	118	126	33	0.125
0.523599	2.396274	-1.959260	33	18	98	0.125
0.000000	0.571433	-1.188419	108	100	24	0.125
0.000000	2.393226	1.857173	100	104	105	0.125
-2.094395	1.736875	3.023612	103	120	103	0.125
2.094395	1.846342	-1.796954	114	125	34	0.125
0.785398	1.504028	0.636812	97	101	125	0.125
-2.617994	0.914445	2.687814	114	124	37	0.125
-1.047198	1.128190	-2.288622	93	113	17	0.125
0.785398	0.700570	1.559208	109	98	18	0.125
0.000000	1.488617	1.159546	103	98	13	0.125
1.570796	1.301460	-0.509251	104	95	16	0.125
0.000000	2.164094	-2.991358	109	107	99	0.124
-1.832596	2.033014	2.977192	98	127	19	0.124
-2.094395	1.440580	2.260026	100	121	28	0.124
-0.261799	1.824694	1.850876	97	103	112	0.124
1.047198	2.393226	1.857173	113	98	105	0.124
-1.832596	2.456751	-1.503343	106	125	98	0.124
-0.785398	1.998705	2.370472	97	111	105	0.124
-2.879793	1.545873	-1.877082	105	103	23	0.124
0.261799	1.440580	2.260026	1	103	30	0.124
1.047198	1.732874	-0.951685	112	112	34	0.124
1.832596	0.960688	-0.577532	104	95	14	0.124
-1.832596	2.455966	-0.641220	114	5	29	0.124
0.785398	2.247462	0.191623	8	0	95	0.096
-1.047198	2.073035	2.027405	98	92	8	0.096
2.356194	2.455966	-0.641220	1	127	93	0.096
2.356194	2.104282	-0.813972	7	3	95	0.096
1.308997	2.089241	-0.114193	8	1	95	0.096
-1.570796	2.863997	0.549740	0	118	95	0.096
-0.785398	2.247462	0.191623	126	118	95	0.096
-2.879793	2.247462	0.191623	117	5	95	0.096
2.879793	1.904882	-1.478089	39	30	100	0.096
1.047198	2.089241	-0.114193	9	125	96	0.096
2.617994	2.247462	0.191623	123	10	95	0.096
-0.785398	2.404280	-0.174044	126	124	93	0.096
0.523599	2.379497	0.561089	11	126	97	0.096
-3.141593	2.404280	-0.174044	123	3	93	0.096
-1.047198	2.404280	-0.174044	125	124	93	0.096
-1.570796	2.247462	0.191623	119	121	95	0.096
2.879793	2.724429	-0.348782	122	123	94	0.096
-0.523599	1.168678	2.108595	3	122	96	0.096
-2.879793	1.870545	-2.976234	108	123	100	0.096
-2.879793	2.089241	-0.114193	120	8	95	0.096
0.785398	2.404280	-0.174044	2	0	93	0.096
-1.308997	2.073035	2.027405	94	96	8	0.096
-2.879793	2.404280	-0.174044	122	2	93	0.096
-2.617994	2.863997	0.549740	118	121	95	0.095
-1.047198	0.080730	-2.622036	99	102	14	0.095
1.570796	1.732874	-0.951685	111	126	99	0.095
1.308997	2.295480	1.008277	39	28	98	0.095
0.261799	1.194549	-0.801900	110	117	94	0.095
1.570796	2.404280	-0.174044	1	1	94	0.095
-1.832596	2.138223	1.678323	90	104	2	0.095
1.308997	1.812176	0.656819	43	25	101	0.095
-2.617994	2.404280	-0.174044	122	1	93	0.095
-2.356194	2.587733	0.232235	118	122	95	0.095
1.570796	1.998705	2.370472	98	126	103	0.095
2.094395	1.948085	-2.363031	21	33	30	0.095
2.617994	2.404280	-0.174044	125	4	93	0.095
1.047198	2.404280	-0.174044	2	1	93	0.095
-0.261799	0.866395	-2.492918	98	103	24	0.095
2.094395	2.153910	-1.714959	26	24	34	0.095
-3.141593	2.295480	1.008277	18	32	20	0.095
1.832596	0.929350	-2.910676	103	90	8	0.095
0.785398	2.579248	-2.364801	19	27	31	0.095
-2.094395	2.138223	1.678323	89	109	2	0.095
-1.047198	0.866955	-0.931351	27	33	30	0.095
0.261799	1.741644	-2.695914	104	117	103	0.095
0.785398	1.909857	-0.381669	25	22	32	0.095
2.356194	1.194549	-0.801900	43	30	107	0.095
0.261799	1.510910	-0.740472	10	19	30	0.095
1.047198	1.413347	-1.339188	16	19	34	0.095
2.094395	1.440580	2.260026	103	120	97	0.095
-2.356194	2.404280	-0.174044	122	0	93	0.095
2.094395	2.349581	-2.702517	15	33	23	0.095
2.356194	0.685216	-1.712745	109	120	101	0.095
-2.094395	2.404280	-0.174044	122	127	93	0.095
-2.617994	2.033014	2.977192	27	22	29	0.095
2.356194	1.948085	-2.363031	17	32	30	0.095
0.523599	1.766067	2.153843	113	126	98	0.095
0.785398	2.881233	-2.582574	22	24	33	0.095
-3.141593	1.440580	2.260026	110	2	98	0.095
-0.261799	1.335669	0.897240	95	113	98	0.095
0.261799	0.866955	-0.931351	11	28	26	0.095
1.570796	2.588535	-2.976617	21	36	20	0.095
-3.141593	1.310100	1.488307	99	96	17	0.095
1.308997	2.180315	-1.357379	23	31	24	0.095
1.308997	1.247695	1.809890	11	28	27	0.095
2.879793	2.295480	1.008277	100	127	101	0.095
-1.308997	2.379497	0.561089	106	101	96	0.095
2.094395	2.396274	-1.959260	26	30	30	0.095
0.785398	1.696674	-1.253233	111	4	100	0.095
-1.570796	1.184361	0.625864	111	121	30	0.088
1.570796	0.619654	-2.216909	0	106	33	0.059
1.570796	1.696674	-1.253233	116	116	35	0.059
2.617994	2.349581	-2.702517	110	114	99	0.059
1.308997	2.153910	-1.714959	34	25	101	0.059
-1.308997	2.719179	-1.780644	93	102	15	0.059
-1.832596	1.736875	3.023612	94	119	15	0.059
-1.047198	0.379747	-1.713059	109	97	17	0.059
-2.879793	1.391910	3.030322	118	6	31	0.058
0.000000	2.404280	-0.174044	117	94	2	0.058
-0.523599	2.001437	0.381215	103	97	11	0.058
-2.094395	1.756530	-2.105156	109	112	34	0.051
2.356194	2.343981	-1.040456	6	127	95	0.030
0.261799	1.617114	-1.572037	104	90	1	0.030
-1.570796	0.850607	-1.335383	123	7	96	0.030
2.879793	0.866395	-2.492918	100	117	101	0.029
1.832596	2.407836	1.410646	35	34	101	0.029
-2.879793	2.115563	0.685730	96	97	12	0.029
0.000000	1.948085	-2.363031	30	9	98	0.029
2.094395	1.870545	-2.976234	93	104	9	0.029
2.356194	2.407836	1.410646	25	38	101	0.029
1.832596	1.433411	-1.035986	45	16	104	0.029
1.832596	1.413347	-1.339188	100	120	105	0.029
-3.141593	2.343981	-1.040456	32	24	92	0.029
1.047198	1.391910	3.030322	10	17	27	0.029
1.308997	0.850607	-1.335383	126	120	96	0.029
1.832596	1.606104	-0.451151	41	22	98	0.029
1.047198	1.658653	-2.409879	99	115	104	0.029
2.617994	1.433411	-1.035986	41	30	104	0.029
0.000000	0.619654	-2.216909	99	101	23	0.029
-0.523599	2.073035	2.027405	95	111	107	0.029
-3.141593	1.732874	-0.951685	31	34	98	0.029
1.308997	1.741644	-2.695914	25	96	11	0.029
0.785398	1.433411	-1.035986	120	90	127	0.029
2.879793	2.180315	-1.357379	37	25	95	0.029
1.308997	0.419640	2.974122	106	117	96	0.029
-1.832596	1.870545	-2.976234	101	117	100	0.029
-2.617994	1.870545	-2.976234	106	122	100	0.029
-2.879793	1.367556	0.358405	48	9	4	0.029
-3.141593	1.242974	-2.977882	91	108	113	0.029
-2.617994	2.343981	-1.040456	28	27	92	0.029
-2.094395	2.187132	-0.479875	104	117	95	0.029
0.523599	2.724429	-0.348782	20	19	34	0.029
-2.094395	0.618092	2.539118	96	105	103	0.029
2.356194	1.417623	-0.202254	36	34	102	0.029
0.261799	0.866395	-2.492918	103	97	23	0.029
0.261799	2.456751	-1.503343	101	102	98	0.029
2.617994	1.488617	1.159546	18	100	99	0.029
-2.617994	1.242974	-2.977882	96	99	113	0.029
1.832596	1.554776	0.100351	40	29	101	0.029
-2.879793	1.875281	0.107086	18	31	22	0.029
0.523599	1.836682	-0.676006	114	98	99	0.029
-1.570796	2.138223	1.678323	98	124	108	0.029
