336	1.2	0
-2.094395	0.640596	-2.797608
0.000000	0.000000	0.000000
model.B99990002.pdb	12.439	-1.496	103.717
1ext.pdb	-2.832	34.470	0.567
2.617994	0.929350	-2.910676	321	324	316	62.286
-1.308997	0.899350	-2.069907	46	331	109	61.550
0.785398	1.242974	-2.977882	24	26	292	60.529
-1.047198	2.379497	0.561089	325	18	260	60.407
-1.570796	0.297065	2.160177	325	315	61	60.083
-1.832596	2.379497	0.561089	16	7	266	59.798
0.000000	0.370812	-2.547742	54	7	331	59.706
2.356194	0.458961	-0.107937	2	287	256	59.556
1.047198	0.419640	2.974122	42	13	321	59.507
1.308997	0.419640	2.974122	35	17	321	59.487
2.617994	0.458961	-0.107937	11	291	255	59.221
1.832596	0.899350	-2.069907	315	6	307	59.219
1.570796	2.863997	0.549740	6	292	7	58.533
-0.261799	0.419640	2.974122	12	302	218	58.403
-1.308997	0.297065	2.160177	329	309	61	58.039
-1.047198	1.367556	0.358405	329	24	261	57.747
-1.047198	0.370812	-2.547742	17	297	237	57.188
0.261799	0.297065	2.160177	1	293	214	56.986
0.000000	0.297065	2.160177	331	289	214	56.523
-1.570796	0.370812	-2.547742	5	286	247	56.407
1.308997	0.591903	2.010408	9	323	234	56.219
-0.785398	1.554776	0.100351	321	22	272	56.177
0.785398	2.724429	-0.348782	8	296	17	56.000
-1.047198	0.080730	-2.622036	14	296	242	55.978
-2.356194	0.418037	1.360082	317	26	64	55.876
2.879793	0.929350	-2.910676	322	315	316	55.873
-0.523599	2.455966	-0.641220	296	319	270	55.694
-1.308997	2.187132	-0.479875	313	5	268	55.535
0.261799	2.247462	0.191623	323	329	21	55.283
-0.261799	2.979456	-1.009304	301	291	263	55.105
2.617994	0.899350	-2.069907	309	315	297	55.056
-1.047198	2.455966	-0.641220	300	329	269	55.010
2.094395	1.050534	3.042579	297	1	229	54.931
0.523599	1.050534	3.042579	39	13	291	54.705
1.570796	0.297065	2.160177	48	2	316	54.280
1.832596	1.824694	1.850876	300	6	68	54.009
-1.308997	0.080730	-2.622036	2	287	224	53.950
2.617994	2.174483	2.653697	279	319	92	53.656
-1.047198	0.297065	2.160177	334	304	61	53.504
2.094395	0.992645	-1.723759	318	319	8	53.349
-1.047198	0.591903	2.010408	4	313	56	53.255
-1.047198	1.504028	0.636812	330	23	255	53.208
-0.785398	2.379497	0.561089	15	37	72	53.042
0.000000	1.506530	1.988858	324	2	283	52.936
2.879793	2.704512	1.488683	15	290	304	52.921
2.094395	0.496451	0.593859	10	297	246	52.899
-0.785398	2.724429	-0.348782	328	1	335	52.868
-3.141593	0.290380	-0.796960	8	288	256	52.838
1.047198	0.640596	-2.797608	25	22	317	52.624
2.879793	1.721184	-0.153948	311	312	275	52.509
1.047198	1.242974	-2.977882	15	27	292	52.475
-0.523599	0.419640	2.974122	7	296	217	52.353
2.617994	1.872854	1.543456	308	300	74	52.294
2.879793	2.379497	0.561089	48	307	71	52.240
-1.832596	0.297065	2.160177	322	321	62	52.203
2.617994	0.640596	-2.797608	322	326	314	51.872
-0.785398	2.455966	-0.641220	298	324	270	51.860
2.356194	0.899350	-2.069907	307	324	297	51.859
-0.261799	2.984978	1.954446	24	43	115	51.822
-3.141593	1.301460	-0.509251	7	311	333	51.617
-2.094395	0.370812	-2.547742	324	283	247	51.303
2.879793	0.640596	-2.797608	322	318	326	51.272
-2.356194	2.592629	0.909713	59	334	59	51.120
0.785398	2.404280	-0.174044	0	306	32	51.091
0.000000	0.850607	-1.335383	13	331	262	51.021
2.094395	0.203748	0.590255	13	297	245	51.009
-2.879793	0.203748	0.590255	30	31	61	50.926
0.000000	0.618092	2.539118	3	307	209	50.904
1.832596	0.203748	0.590255	7	293	246	50.887
1.308997	1.135813	-2.658866	3	27	299	50.880
1.308997	1.242974	-2.977882	309	16	229	50.854
2.094395	0.618092	2.539118	21	14	314	50.827
2.617994	0.733948	3.021411	330	1	322	50.778
-2.879793	0.080730	-2.622036	322	307	70	50.743
-0.523599	1.721184	-0.153948	310	15	282	50.740
2.617994	2.592629	0.909713	23	291	305	50.736
-0.785398	2.592629	0.909713	25	26	15	50.719
-0.785398	2.404280	-0.174044	298	3	262	50.714
-2.879793	1.510910	-0.740472	9	308	330	50.602
-1.047198	2.089241	-0.114193	311	12	259	50.561
-2.879793	2.379497	0.561089	59	323	71	50.400
-1.308997	2.881233	-2.582574	21	291	14	50.382
1.570796	1.128190	-2.288622	325	19	309	50.313
-2.617994	0.910508	1.903534	316	4	55	50.308
1.308997	1.374601	-2.456031	0	26	310	50.293
-2.617994	0.370812	-2.547742	6	304	51	50.262
-0.785398	2.247462	0.191623	311	15	274	50.259
2.356194	0.640596	-2.797608	326	1	327	50.216
-3.141593	2.033014	2.977192	330	300	238	50.215
-0.785398	1.256302	0.062705	322	24	267	50.196
2.617994	1.869911	2.701025	326	296	240	50.124
-3.141593	0.640596	-2.797608	324	308	314	50.116
-0.523599	2.592629	0.909713	15	25	15	50.076
-3.141593	2.588535	-2.976617	282	317	116	50.071
-1.308997	0.850607	-1.335383	47	27	100	50.015
0.523599	0.297065	2.160177	6	299	214	49.973
-2.879793	0.899350	-2.069907	310	281	269	49.955
1.832596	1.050534	3.042579	303	7	229	49.929
0.261799	0.640596	-2.797608	50	10	318	49.885
1.308997	2.724429	-0.348782	23	292	17	49.632
0.000000	2.001437	0.381215	326	10	12	49.618
-1.047198	2.247462	0.191623	19	35	79	49.617
2.879793	0.615174	-0.666022	4	286	266	49.596
2.879793	0.290380	-0.796960	0	285	257	49.528
0.261799	2.724429	-0.348782	334	307	22	49.508
2.356194	0.591903	2.010408	11	32	48	49.470
-0.523599	0.370812	-2.547742	58	325	331	49.431
-2.879793	0.379747	-1.713059	0	290	274	49.378
1.570796	1.135813	-2.658866	330	23	299	49.305
1.047198	0.929350	-2.910676	17	27	288	49.239
-3.141593	2.984978	1.954446	10	292	314	49.181
0.785398	1.998705	2.370472	3	319	330	49.103
2.356194	0.733948	3.021411	334	8	321	49.058
-1.308997	0.379747	-1.713059	60	323	1	48.966
2.094395	0.733948	3.021411	2	10	306	48.929
2.617994	2.587733	0.232235	44	297	10	48.906
1.570796	0.899350	-2.069907	320	15	307	48.901
1.308997	2.404280	-0.174044	12	298	32	48.860
-1.308997	2.455966	-0.641220	304	335	269	48.855
2.094395	2.455966	-0.641220	35	307	119	48.811
-2.617994	0.700570	1.559208	323	16	58	48.761
-1.308997	2.115563	0.685730	4	17	259	48.753
1.047198	1.050534	3.042579	14	25	271	48.747
-1.047198	2.187132	-0.479875	308	2	267	48.742
-1.047198	2.404280	-0.174044	305	7	261	48.723
-0.523599	0.640596	-2.797608	58	332	51	48.629
-1.832596	0.290380	-0.796960	45	26	76	48.604
1.047198	1.504028	0.636812	289	321	79	48.578
-3.141593	2.001437	0.381215	46	306	93	48.540
-2.879793	0.591903	2.010408	311	16	58	48.509
2.617994	0.615174	-0.666022	330	284	267	48.472
2.879793	1.135813	-2.658866	320	309	327	48.413
1.832596	1.998705	2.370472	15	317	55	48.409
0.523599	1.214854	-1.966664	317	26	119	48.397
0.000000	2.664082	-1.071402	328	306	307	48.342
-3.141593	1.721184	-0.153948	46	309	106	48.340
2.356194	0.929350	-2.910676	325	335	326	48.329
1.570796	1.766067	2.153843	11	307	332	48.281
-2.094395	2.592629	0.909713	25	326	267	48.198
-0.523599	2.724429	-0.348782	289	321	263	48.186
1.832596	1.875281	0.107086	11	288	14	48.169
-1.570796	2.115563	0.685730	12	12	259	48.167
-0.261799	2.404280	-0.174044	329	334	20	48.142
-3.141593	2.115563	0.685730	44	302	86	48.110
2.356194	2.587733	0.232235	38	292	10	48.093
-2.356194	2.724429	-0.348782	22	39	126	48.051
2.356194	0.203748	0.590255	18	304	245	48.019
1.047198	1.135813	-2.658866	13	29	300	48.009
0.000000	2.984978	1.954446	16	44	115	48.009
-1.047198	0.419640	2.974122	28	297	280	47.991
2.617994	1.256302	0.062705	301	307	244	47.898
1.832596	1.766067	2.153843	16	304	332	47.886
2.879793	2.001437	0.381215	40	299	93	47.861
-2.094395	0.418037	1.360082	311	25	64	47.852
-0.261799	0.733948	3.021411	54	331	41	47.839
1.308997	0.899350	-2.069907	327	21	307	47.827
2.879793	2.984978	1.954446	1	294	314	47.757
-1.308997	1.504028	0.636812	4	20	254	47.705
-0.523599	2.379497	0.561089	5	23	16	47.631
0.000000	0.419640	2.974122	19	314	237	47.546
1.570796	0.418037	1.360082	13	306	238	47.520
-1.832596	0.370812	-2.547742	333	283	247	47.520
1.308997	0.929350	-2.910676	8	28	288	47.447
-2.617994	0.866395	-2.492918	7	287	324	47.430
-2.617994	0.571433	-1.188419	48	310	79	47.356
-0.523599	1.417623	-0.202254	314	20	278	47.334
0.523599	0.640596	-2.797608	43	16	317	47.312
0.261799	0.618092	2.539118	7	311	212	47.306
1.570796	1.683268	0.374177	301	305	90	47.208
1.570796	0.419640	2.974122	27	20	320	47.188
1.832596	1.555207	1.708892	309	4	63	47.179
0.000000	2.979456	-1.009304	308	287	263	47.162
-0.785398	1.721184	-0.153948	13	24	328	47.143
-0.261799	0.370812	-2.547742	33	306	322	47.136
-1.308997	2.404280	-0.174044	10	21	323	47.129
-1.570796	2.404280	-0.174044	19	21	325	47.104
0.523599	1.545873	-1.877082	319	19	129	47.089
2.617994	0.700570	1.559208	16	23	46	47.060
0.000000	0.733948	3.021411	54	3	41	47.055
2.617994	2.001437	0.381215	32	292	94	47.044
1.570796	2.979456	-1.009304	50	310	16	47.039
-1.570796	2.089241	-0.114193	328	11	259	46.967
-2.094395	2.379497	0.561089	22	335	267	46.945
2.356194	1.128190	-2.288622	317	323	1	46.939
2.356194	1.391910	3.030322	282	13	87	46.897
1.570796	1.998705	2.370472	10	308	330	46.859
-1.832596	0.496451	0.593859	328	32	71	46.824
1.308997	0.910508	1.903534	335	322	229	46.819
-1.832596	0.640596	-2.797608	26	288	314	46.788
-2.879793	0.866395	-2.492918	333	290	325	46.784
-3.141593	2.863997	0.549740	53	306	9	46.763
-1.570796	0.960688	-0.577532	21	333	255	46.661
-1.047198	2.349581	-2.702517	9	292	283	46.614
-2.617994	1.301460	-0.509251	15	304	331	46.597
1.308997	1.998705	2.370472	7	311	330	46.577
1.832596	2.724429	-0.348782	37	297	18	46.576
-1.570796	1.045978	0.343692	30	49	70	46.561
-1.308997	0.370812	-2.547742	12	291	238	46.543
0.785398	2.247462	0.191623	327	312	23	46.535
2.617994	1.050534	3.042579	325	326	308	46.512
-1.308997	2.001437	0.381215	335	18	265	46.506
2.356194	1.836682	-0.676006	307	322	269	46.494
0.261799	0.733948	3.021411	43	4	278	46.465
0.261799	1.510910	-0.740472	27	5	304	46.450
-2.617994	1.869911	2.701025	3	310	241	46.443
-0.785398	2.115563	0.685730	20	41	73	46.441
0.785398	0.419640	2.974122	48	8	321	46.419
-2.879793	1.301460	-0.509251	11	307	332	46.407
-2.094395	1.574060	2.783565	2	322	243	46.391
2.356194	2.073035	2.027405	287	311	81	46.379
2.617994	0.418037	1.360082	25	26	53	46.373
2.879793	1.301460	-0.509251	4	315	332	46.370
-0.785398	0.080730	-2.622036	19	303	243	46.367
0.261799	2.664082	-1.071402	17	299	24	46.360
-2.094395	0.674054	1.013609	327	26	64	46.342
0.523599	1.756530	-2.105156	327	17	127	46.337
1.047198	0.733948	3.021411	34	16	308	46.241
1.832596	0.419640	2.974122	19	20	321	46.227
1.570796	0.733948	3.021411	19	20	320	46.186
0.000000	1.756530	-2.105156	3	15	133	46.178
0.000000	2.404280	-0.174044	327	326	20	46.172
-1.308997	2.760637	2.781135	27	303	282	46.166
1.832596	1.510910	-0.740472	7	335	335	46.150
-2.879793	0.960688	-0.577532	5	310	304	46.101
-0.261799	0.640596	-2.797608	59	5	51	46.100
2.617994	1.488617	1.159546	323	304	72	46.095
0.523599	2.456751	-1.503343	334	4	145	46.082
-1.570796	2.760637	2.781135	42	293	4	46.043
-1.047198	2.001437	0.381215	325	20	264	46.033
1.047198	2.664082	-1.071402	34	302	24	46.028
-3.141593	2.349581	-2.702517	282	321	119	46.013
0.523599	0.419640	2.974122	51	12	40	46.002
-3.141593	2.407836	1.410646	28	292	293	45.988
0.785398	1.050534	3.042579	28	21	280	45.984
-0.261799	1.045978	0.343692	285	6	88	45.939
2.356194	2.115563	0.685730	17	287	88	45.920
-2.356194	0.640596	-2.797608	7	288	315	45.907
2.879793	2.592629	0.909713	32	295	305	45.892
-1.047198	0.618092	2.539118	26	310	61	45.890
1.570796	0.203748	0.590255	328	284	221	45.886
2.356194	1.998705	2.370472	24	303	331	45.837
-2.356194	0.619654	-2.216909	325	279	257	45.833
2.617994	1.909857	-0.381669	309	318	273	45.780
-2.094395	0.619654	-2.216909	33	298	46	45.770
1.047198	2.863997	0.549740	329	304	7	45.766
2.356194	1.301460	-0.509251	323	282	253	45.758
1.832596	2.881233	-2.582574	9	44	123	45.748
1.308997	0.733948	3.021411	326	10	227	45.734
2.094395	0.866395	-2.492918	320	2	314	45.729
0.261799	1.050534	3.042579	45	7	291	45.718
-2.356194	1.569311	-3.003978	12	324	260	45.710
2.094395	1.569311	-3.003978	300	7	269	45.700
-1.832596	0.762244	-0.273349	33	307	335	45.696
0.523599	1.325504	-1.671296	310	21	126	45.681
2.356194	1.606104	-0.451151	322	330	288	45.672
1.570796	0.929350	-2.910676	325	25	270	45.662
-2.617994	0.080730	-2.622036	327	300	70	45.660
0.785398	2.393226	1.857173	1	26	46	45.636
1.308997	0.297065	2.160177	50	7	35	45.631
2.617994	1.391910	3.030322	282	5	87	45.619
1.570796	1.606104	-0.451151	335	302	22	45.534
-0.523599	2.979456	-1.009304	328	308	325	45.526
0.000000	1.256302	0.062705	280	1	100	45.513
2.094395	0.419640	2.974122	12	18	321	45.442
0.000000	1.301460	-0.509251	3	17	21	45.442
-0.261799	1.998705	2.370472	10	2	331	45.434
-1.047198	1.683268	0.374177	330	25	266	45.375
2.094395	1.135813	-2.658866	286	332	243	45.367
2.356194	0.866395	-2.492918	317	328	314	45.356
1.047198	1.766067	2.153843	12	22	30	45.353
0.523599	2.664082	-1.071402	23	299	24	45.344
-2.356194	0.866395	-2.492918	16	295	44	45.341
-1.570796	1.824694	1.850876	36	318	65	45.339
-1.047198	2.592629	0.909713	34	25	15	45.306
0.261799	2.404280	-0.174044	328	318	20	45.302
-0.261799	0.080730	-2.622036	55	4	45	45.297
-1.308997	2.456751	-1.503343	325	11	138	45.296
1.832596	0.733948	3.021411	11	19	320	45.284
0.523599	2.247462	0.191623	323	320	21	45.255
2.617994	1.569311	-3.003978	278	3	99	45.223
1.832596	0.379747	-1.713059	318	324	312	45.220
-1.308997	0.700570	1.559208	334	323	62	45.217
0.523599	2.393226	1.857173	9	31	46	45.214
0.261799	0.914445	2.687814	5	324	210	45.180
-3.141593	0.203748	0.590255	52	11	42	45.135
-1.570796	0.496451	0.593859	319	33	71	45.132
2.094395	2.379497	0.561089	21	285	12	45.097
1.832596	0.591903	2.010408	5	333	234	45.096
0.261799	2.379497	0.561089	323	1	15	45.081
1.047198	2.174483	2.653697	334	24	299	45.059
-0.785398	0.640596	-2.797608	21	305	243	45.053
2.879793	2.174483	2.653697	331	298	244	45.051
-0.261799	2.379497	0.561089	334	17	15	45.037
0.785398	0.203748	0.590255	3	296	288	45.032
-0.785398	0.762244	-0.273349	329	23	261	44.975
2.356194	1.050534	3.042579	328	334	309	44.974
0.523599	2.724429	-0.348782	3	302	22	44.972
2.879793	2.033014	2.977192	327	297	239	44.941
-2.094395	1.301460	-0.509251	324	295	248	44.929
-1.832596	0.419640	2.974122	1	297	65	44.876
1.832596	2.001437	0.381215	322	299	85	44.866
1.047198	1.391910	3.030322	13	24	287	44.840
-1.047198	1.812176	0.656819	332	23	259	44.809
-2.617994	2.984978	1.954446	32	289	6	44.775
-3.141593	2.456751	-1.503343	5	28	138	44.754
1.570796	2.724429	-0.348782	31	293	19	44.745
0.261799	2.115563	0.685730	322	5	6	44.737
2.094395	0.929350	-2.910676	292	1	238	44.732
2.879793	0.899350	-2.069907	310	305	288	44.720
-2.617994	0.297065	2.160177	310	15	54	44.698
-0.261799	2.724429	-0.348782	295	317	283	44.692
-1.570796	2.001437	0.381215	3	12	246	44.655
2.617994	0.685216	-1.712745	315	304	295	44.635
-1.308997	0.591903	2.010408	1	316	56	44.633
-3.141593	1.045978	0.343692	49	302	83	44.630
1.570796	1.050534	3.042579	328	23	261	44.627
-2.617994	2.863997	0.549740	56	1	68	44.620
-1.308997	0.960688	-0.577532	335	302	242	44.610
1.047198	1.450119	-2.739050	13	30	303	44.593
1.570796	2.455966	-0.641220	30	299	23	44.582
0.785398	1.391910	3.030322	22	24	287	44.580
0.523599	0.618092	2.539118	8	317	212	44.564
-1.570796	2.295480	1.008277	18	5	257	44.542
1.047198	2.138223	1.678323	331	13	37	44.541
-0.261799	0.297065	2.160177	26	296	286	44.534
-1.047198	1.554776	0.100351	329	23	272	44.514
0.523599	0.733948	3.021411	46	7	310	44.496
-3.141593	1.128190	-2.288622	329	295	0	44.483
-3.141593	1.135813	-2.658866	325	300	327	44.482
-1.570796	0.203748	0.590255	314	33	72	44.463
-1.047198	2.104282	-0.813972	314	334	294	44.458
0.261799	1.998705	2.370472	4	329	330	44.456
-1.308997	1.506530	1.988858	24	6	312	44.420
1.308997	0.640596	-2.797608	16	23	317	44.417
2.617994	1.214854	-1.966664	299	308	288	44.388
-0.261799	1.909857	-0.381669	304	3	289	44.359
-2.356194	0.458961	-0.107937	36	25	70	44.354
-2.356194	2.588535	-2.976617	299	315	117	44.326
0.000000	1.247695	1.809890	320	1	275	44.322
0.000000	0.914445	2.687814	6	318	208	44.321
1.047198	1.569311	-3.003978	12	29	298	44.314
0.785398	2.455966	-0.641220	12	300	23	44.279
0.523599	0.370812	-2.547742	40	25	23	44.275
1.570796	1.417623	-0.202254	332	297	13	44.260
2.879793	2.295480	1.008277	42	0	58	44.247
0.523599	2.587733	0.232235	324	315	13	44.244
1.308997	0.866395	-2.492918	2	24	304	44.243
2.094395	2.104282	-0.813972	25	307	124	44.239
2.879793	0.866955	-0.931351	333	286	278	44.227
0.000000	2.407836	1.410646	12	32	48	44.218
-1.308997	2.089241	-0.114193	319	12	259	44.210
0.523599	0.929350	-2.910676	40	18	298	44.186
-0.785398	1.417623	-0.202254	324	21	278	44.177
1.570796	2.033014	2.977192	324	17	301	44.166
2.094395	1.998705	2.370472	19	303	330	44.152
-1.832596	2.404280	-0.174044	26	20	324	44.117
0.000000	2.393226	1.857173	302	318	248	44.097
-1.832596	2.138223	1.678323	54	321	80	44.095
2.356194	2.984978	1.954446	290	296	252	44.055
-1.308997	2.247462	0.191623	28	35	79	44.040
2.617994	2.295480	1.008277	26	284	315	44.036
0.785398	0.640596	-2.797608	34	20	317	44.008
0.785398	0.618092	2.539118	12	327	230	44.003
2.617994	1.113094	-0.272241	0	319	312	43.994
0.261799	1.909857	-0.381669	286	2	117	43.991
-2.356194	0.762244	-0.273349	58	322	304	43.988
0.261799	1.721184	-0.153948	325	0	18	43.979
1.308997	2.001437	0.381215	30	309	13	43.974
1.308997	0.418037	1.360082	8	302	238	43.969
2.617994	0.864993	2.278281	307	23	75	43.968
-1.047198	1.721184	-0.153948	22	24	328	43.964
1.570796	0.685216	-1.712745	324	332	8	43.953
2.617994	2.456751	-1.503343	14	28	138	43.932
-3.141593	0.960688	-0.577532	11	291	257	43.921
1.570796	1.045978	0.343692	325	304	63	43.914
0.261799	2.455966	-0.641220	2	307	23	43.912
1.308997	1.504028	0.636812	295	312	79	43.904
-0.785398	1.510910	-0.740472	25	17	334	43.903
-1.570796	1.869911	2.701025	8	291	253	43.897
0.523599	1.721184	-0.153948	282	333	108	43.887
1.047198	2.455966	-0.641220	18	298	23	43.866
0.785398	2.138223	1.678323	293	3	250	43.863
-0.785398	2.881233	-2.582574	37	294	15	43.859
-2.879793	2.299159	2.264663	12	291	321	43.859
1.308997	2.174483	2.653697	8	311	2	43.851
-1.047198	1.506530	1.988858	17	9	304	43.848
-0.785398	1.756530	-2.105156	3	334	133	43.832
-1.308997	2.379497	0.561089	335	16	260	43.819
-1.047198	1.134497	-1.109631	30	318	293	43.817
-2.879793	0.571433	-1.188419	40	304	80	43.813
2.356194	2.592629	0.909713	14	290	307	43.811
-2.094395	0.640596	-2.797608	17	286	316	43.810
0.261799	0.080730	-2.622036	50	8	326	43.809
2.356194	2.174483	2.653697	321	295	244	43.804
-2.356194	2.407836	1.410646	43	313	284	43.782
-0.523599	1.214854	-1.966664	8	18	127	43.758
1.308997	1.836682	-0.676006	2	311	32	43.743
0.523599	0.080730	-2.622036	45	15	326	43.736
1.308997	2.455966	-0.641220	24	298	23	43.720
1.308997	0.685216	-1.712745	328	4	8	43.718
0.261799	0.591903	2.010408	331	298	207	43.710
-1.308997	0.992645	-1.723759	47	5	117	43.698
-2.356194	0.370812	-2.547742	14	300	51	43.687
2.356194	1.909857	-0.381669	310	322	274	43.674
-3.141593	0.929350	-2.910676	325	306	315	43.669
2.356194	1.135813	-2.658866	301	0	279	43.660
-0.523599	0.733948	3.021411	52	323	41	43.655
-2.356194	2.247462	0.191623	49	3	316	43.634
2.879793	2.115563	0.685730	36	295	86	43.628
-0.785398	2.456751	-1.503343	315	305	295	43.595
1.832596	0.864993	2.278281	326	1	231	43.584
-0.785398	2.664082	-1.071402	331	318	334	43.574
1.047198	0.591903	2.010408	43	335	28	43.565
0.261799	2.587733	0.232235	319	325	329	43.528
1.047198	2.393226	1.857173	332	19	46	43.479
1.832596	2.455966	-0.641220	31	302	119	43.475
-2.879793	0.640596	-2.797608	329	299	315	43.474
-1.047198	1.050534	3.042579	42	308	278	43.458
1.308997	2.979456	-1.009304	45	303	17	43.457
-1.832596	1.574060	2.783565	335	325	242	43.452
-2.879793	0.864993	2.278281	306	3	56	43.449
1.832596	1.721184	-0.153948	9	291	18	43.420
-1.308997	1.699788	2.452890	46	321	62	43.394
1.047198	2.724429	-0.348782	15	292	17	43.386
-0.261799	0.850607	-1.335383	13	326	262	43.383
-2.094395	0.929350	-2.910676	21	288	334	43.366
2.617994	0.379747	-1.713059	328	298	306	43.358
2.879793	1.242974	-2.977882	321	311	320	43.332
2.879793	2.760637	2.781135	320	313	312	43.311
0.523599	2.863997	0.549740	324	322	12	43.285
-0.261799	2.187132	-0.479875	333	0	4	43.260
-0.785398	0.370812	-2.547742	21	305	237	43.254
0.523599	1.135813	-2.658866	36	23	309	43.250
-2.617994	0.418037	1.360082	325	27	63	43.225
1.308997	1.450119	-2.739050	3	27	303	43.224
0.261799	1.846342	-1.796954	328	15	139	43.222
0.000000	1.606104	-0.451151	2	10	27	43.210
0.785398	1.325504	-1.671296	303	20	125	43.192
-3.141593	1.869911	2.701025	290	325	92	43.182
1.570796	1.242974	-2.977882	328	26	281	43.166
2.094395	1.301460	-0.509251	8	300	96	43.164
1.570796	2.001437	0.381215	313	303	85	43.147
-0.785398	2.979456	-1.009304	291	304	262	43.144
-2.617994	0.619654	-2.216909	316	279	258	43.117
1.570796	1.134497	-1.109631	326	312	116	43.111
0.785398	0.929350	-2.910676	34	22	318	43.108
1.570796	0.640596	-2.797608	7	19	315	43.087
2.617994	1.134497	-1.109631	12	296	118	43.078
-0.261799	1.256302	0.062705	287	25	95	43.074
-2.617994	1.683268	0.374177	29	314	267	43.059
2.879793	0.571433	-1.188419	22	299	82	43.058
-2.356194	0.929350	-2.910676	12	294	14	43.056
-2.879793	0.458961	-0.107937	59	333	66	42.998
-1.308997	0.571433	-1.188419	54	4	7	42.996
2.356194	2.704512	1.488683	2	292	332	42.996
-0.261799	2.073035	2.027405	34	34	42	42.989
1.047198	0.619654	-2.216909	9	21	325	42.973
2.356194	2.724429	-0.348782	42	308	112	42.963
1.047198	1.736875	3.023612	8	27	294	42.942
1.047198	0.458961	-0.107937	326	303	300	42.938
0.261799	1.555207	1.708892	332	37	50	42.923
-1.832596	2.592629	0.909713	22	0	266	42.922
-1.047198	2.881233	-2.582574	29	291	14	42.921
1.308997	2.138223	1.678323	329	5	37	42.919
-1.308997	1.184361	0.625864	314	33	77	42.904
2.879793	0.850607	-1.335383	11	291	110	42.894
0.261799	0.419640	2.974122	19	322	237	42.883
1.570796	2.138223	1.678323	290	6	82	42.883
0.261799	2.881233	-2.582574	55	322	19	42.876
-1.570796	2.863997	0.549740	39	20	25	42.875
-3.141593	2.379497	0.561089	54	315	70	42.874
-2.094395	2.579248	-2.364801	296	324	127	42.860
-0.523599	1.869911	2.701025	58	3	322	42.858
2.356194	1.134497	-1.109631	5	298	117	42.822
-2.356194	0.960688	-0.577532	15	306	303	42.821
0.261799	1.554776	0.100351	303	26	86	42.820
-1.570796	1.554776	0.100351	10	10	257	42.820
0.000000	0.458961	-0.107937	287	27	82	42.819
-0.785398	0.618092	2.539118	34	311	61	42.811
0.261799	2.001437	0.381215	322	1	12	42.808
-0.523599	1.846342	-1.796954	331	5	139	42.807
-2.879793	2.637879	2.121598	13	290	303	42.779
-3.141593	0.297065	2.160177	295	8	203	42.771
1.570796	2.587733	0.232235	312	283	268	42.765
-0.523599	0.929350	-2.910676	60	332	51	42.764
-1.570796	0.419640	2.974122	11	296	277	42.749
0.000000	0.640596	-2.797608	55	4	330	42.739
-2.879793	0.700570	1.559208	326	14	57	42.734
2.617994	0.866395	-2.492918	283	308	242	42.731
2.094395	2.247462	0.191623	26	288	18	42.727
-0.261799	2.719179	-1.780644	7	303	303	42.722
1.308997	2.664082	-1.071402	335	335	142	42.707
-2.356194	1.574060	2.783565	1	316	236	42.704
1.047198	1.325504	-1.671296	312	0	295	42.695
2.356194	0.618092	2.539118	14	13	314	42.694
-1.308997	2.719179	-1.780644	333	308	330	42.679
1.832596	1.904882	-1.478089	323	5	136	42.668
-0.261799	2.104282	-0.813972	319	331	308	42.643
0.785398	2.984978	1.954446	4	29	67	42.619
-3.141593	2.393226	1.857173	17	290	320	42.612
-2.879793	1.417623	-0.202254	316	305	272	42.599
-0.523599	2.393226	1.857173	45	25	62	42.590
2.094395	0.571433	-1.188419	332	299	3	42.588
2.617994	1.417623	-0.202254	301	311	246	42.583
2.617994	2.984978	1.954446	330	299	315	42.572
-3.141593	2.637879	2.121598	321	279	272	42.560
2.356194	2.138223	1.678323	293	300	84	42.555
1.308997	2.164094	-2.991358	1	27	312	42.554
0.000000	1.417623	-0.202254	283	16	106	42.549
2.617994	2.033014	2.977192	319	311	329	42.537
-0.523599	1.128190	-2.288622	33	307	320	42.514
-2.617994	2.760637	2.781135	1	294	311	42.509
1.570796	1.194549	-0.801900	329	303	113	42.508
2.617994	0.419640	2.974122	332	6	317	42.508
-1.047198	1.606104	-0.451151	26	20	332	42.501
0.785398	1.135834	-1.431087	294	16	121	42.485
-3.141593	2.187132	-0.479875	302	335	113	42.468
2.094395	2.033014	2.977192	306	300	225	42.466
-1.047198	1.699788	2.452890	23	5	326	42.458
0.523599	1.766067	2.153843	3	325	1	42.450
-0.523599	1.875281	0.107086	308	16	276	42.441
0.523599	1.413347	-1.339188	10	7	270	42.440
-1.047198	2.180315	-1.357379	317	316	299	42.423
1.832596	1.135813	-2.658866	316	19	290	42.412
1.832596	1.242974	-2.977882	310	17	265	42.397
1.308997	0.864993	2.278281	334	333	230	42.391
0.261799	2.073035	2.027405	15	36	40	42.376
1.832596	1.909857	-0.381669	15	292	115	42.375
1.308997	2.478122	2.609777	298	306	234	42.375
-1.047198	1.194549	-0.801900	40	16	327	42.370
2.879793	1.869911	2.701025	286	332	92	42.368
0.785398	1.510910	-0.740472	329	330	25	42.351
-2.094395	1.569311	-3.003978	26	282	314	42.349
1.832596	0.866395	-2.492918	320	15	297	42.346
-1.047198	1.325504	-1.671296	4	11	133	42.344
1.832596	1.836682	-0.676006	11	304	31	42.340
-2.879793	2.760637	2.781135	302	292	270	42.336
1.832596	1.606104	-0.451151	5	295	12	42.329
-1.308997	0.458961	-0.107937	330	38	81	42.312
0.000000	1.721184	-0.153948	331	8	23	42.303
1.570796	1.433411	-1.035986	333	310	122	42.302
-0.261799	1.325504	-1.671296	41	327	82	42.294
0.261799	0.850607	-1.335383	12	333	262	42.293
0.261799	1.875281	0.107086	322	334	14	42.286
-1.570796	2.704512	1.488683	58	7	56	42.281
2.879793	0.419640	2.974122	327	335	317	42.264
-0.785398	1.736875	3.023612	61	2	75	42.262
0.261799	0.929350	-2.910676	46	12	298	42.259
-0.523599	1.184361	0.625864	292	8	82	42.245
0.000000	1.870545	-2.976234	53	29	89	42.235
-0.261799	1.870545	-2.976234	60	18	86	42.223
1.308997	1.301460	-0.509251	327	302	109	42.200
-1.570796	2.984978	1.954446	55	316	6	42.190
1.832596	0.929350	-2.910676	297	6	231	42.183
-0.523599	2.033014	2.977192	63	12	79	42.182
2.094395	2.664082	-1.071402	39	323	119	42.173
1.047198	1.214854	-1.966664	307	33	128	42.166
-1.570796	2.349581	-2.702517	329	286	283	42.166
1.308997	1.870545	-2.976234	1	27	305	42.162
2.879793	0.733948	3.021411	325	329	317	42.158
-1.570796	2.881233	-2.582574	12	292	13	42.149
-1.832596	2.760637	2.781135	34	290	5	42.110
1.570796	0.591903	2.010408	41	9	28	42.108
-2.617994	0.929350	-2.910676	0	303	33	42.103
-1.308997	1.662363	0.915448	7	18	249	42.101
1.308997	1.683268	0.374177	294	310	90	42.083
1.308997	2.187132	-0.479875	39	321	16	42.056
0.261799	0.866395	-2.492918	46	31	48	42.042
0.000000	1.325504	-1.671296	327	29	133	42.040
-2.356194	1.413430	2.550734	33	330	296	42.019
-3.141593	2.587733	0.232235	53	312	10	42.018
0.261799	0.992645	-1.723759	332	49	117	42.007
1.832596	2.863997	0.549740	315	280	262	42.005
0.261799	0.571433	-1.188419	5	18	5	42.005
-2.356194	2.984978	1.954446	24	300	294	41.996
0.261799	0.864993	2.278281	36	322	277	41.988
-2.617994	2.379497	0.561089	61	332	71	41.982
1.047198	2.073035	2.027405	4	22	38	41.979
0.261799	2.704512	1.488683	6	31	57	41.975
1.570796	1.301460	-0.509251	333	296	109	41.962
1.570796	1.732874	-0.951685	314	333	260	41.960
1.570796	0.370812	-2.547742	4	17	327	41.958
-2.094395	0.379747	-1.713059	47	310	56	41.943
-1.308997	1.982574	-1.115518	316	17	140	41.941
0.523599	2.407836	1.410646	333	22	48	41.939
1.832596	0.640596	-2.797608	0	15	327	41.924
2.617994	2.478122	2.609777	279	315	101	41.903
-2.879793	0.290380	-0.796960	335	290	87	41.897
1.047198	1.510910	-0.740472	329	323	26	41.886
2.094395	0.370812	-2.547742	329	4	330	41.879
0.000000	0.080730	-2.622036	55	1	326	41.863
-2.617994	2.153910	-1.714959	303	323	137	41.850
2.356194	1.574060	2.783565	284	8	83	41.833
1.570796	1.391910	3.030322	317	20	258	41.822
-0.523599	1.301460	-0.509251	322	19	282	41.816
-0.261799	0.290380	-0.796960	10	20	329	41.785
-1.047198	2.664082	-1.071402	329	324	333	41.780
-2.356194	0.700570	1.559208	317	17	58	41.766
2.356194	2.404280	-0.174044	37	299	111	41.765
0.785398	1.135813	-2.658866	26	26	309	41.765
0.523599	1.732874	-0.951685	302	20	140	41.763
-1.308997	2.295480	1.008277	11	11	256	41.757
-2.094395	2.138223	1.678323	52	312	80	41.738
-1.047198	2.588535	-2.976617	13	293	278	41.734
-1.570796	1.184361	0.625864	322	33	77	41.714
-0.523599	2.115563	0.685730	8	38	62	41.711
-2.356194	0.618092	2.539118	8	5	300	41.708
2.356194	2.247462	0.191623	34	290	18	41.694
-2.617994	1.574060	2.783565	0	311	235	41.691
-2.617994	1.569311	-3.003978	323	312	215	41.690
-0.261799	1.721184	-0.153948	1	15	23	41.679
-1.308997	0.419640	2.974122	20	296	279	41.667
-2.094395	2.407836	1.410646	41	321	276	41.663
-0.523599	0.591903	2.010408	23	313	46	41.661
0.523599	2.295480	1.008277	283	21	96	41.659
2.879793	1.872854	1.543456	20	288	71	41.654
0.000000	1.134497	-1.109631	303	12	126	41.652
1.570796	1.909857	-0.381669	7	300	27	41.635
-1.308997	1.554776	0.100351	2	15	257	41.634
2.879793	1.417623	-0.202254	310	309	271	41.631
2.356194	2.478122	2.609777	25	304	4	41.621
0.785398	0.297065	2.160177	9	306	215	41.621
0.261799	1.606104	-0.451151	333	5	27	41.610
-2.094395	2.349581	-2.702517	304	314	121	41.609
-2.617994	1.904882	-1.478089	24	325	138	41.598
1.832596	1.325504	-1.671296	303	321	296	41.594
1.570796	2.704512	1.488683	323	316	0	41.587
1.832596	1.977582	0.969896	332	291	299	41.568
-3.141593	2.404280	-0.174044	301	319	117	41.560
1.047198	2.587733	0.232235	333	299	9	41.555
-1.308997	2.579248	-2.364801	324	290	288	41.540
-1.047198	1.510910	-0.740472	32	14	334	41.528
-3.141593	2.478122	2.609777	299	294	261	41.522
0.523599	2.089241	-0.114193	327	320	28	41.517
-1.308997	2.592629	0.909713	43	22	15	41.505
-2.094395	1.413430	2.550734	30	335	294	41.497
1.570796	2.343981	-1.040456	27	310	125	41.489
0.785398	2.073035	2.027405	10	26	36	41.488
1.570796	0.960688	-0.577532	326	297	104	41.479
1.832596	1.872854	1.543456	301	331	68	41.471
-1.047198	2.115563	0.685730	330	20	258	41.470
2.879793	1.134497	-1.109631	325	288	270	41.465
2.617994	1.242974	-2.977882	320	322	319	41.464
-3.141593	2.592629	0.909713	48	308	69	41.453
-1.308997	0.640596	-2.797608	10	291	243	41.451
2.617994	0.960688	-0.577532	26	290	103	41.445
-0.785398	1.909857	-0.381669	12	16	1	41.433
-0.261799	1.135834	-1.431087	326	320	217	41.423
-1.832596	2.984978	1.954446	53	319	68	41.420
-1.047198	1.045978	0.343692	307	36	84	41.414
2.617994	2.760637	2.781135	334	305	275	41.404
-0.785398	2.138223	1.678323	46	30	60	41.396
-1.570796	1.683268	0.374177	10	12	253	41.391
0.785398	1.870545	-2.976234	20	30	305	41.389
-0.261799	1.128190	-2.288622	36	310	320	41.385
2.617994	1.450119	-2.739050	317	318	331	41.376
-1.570796	0.640596	-2.797608	31	292	288	41.367
-0.523599	1.325504	-1.671296	335	21	133	41.356
1.308997	2.587733	0.232235	4	293	9	41.348
1.047198	1.696674	-1.253233	302	18	141	41.336
-2.879793	0.929350	-2.910676	329	298	315	41.335
-3.141593	1.756530	-2.105156	294	314	130	41.314
-2.617994	1.391910	3.030322	324	316	215	41.307
2.094395	0.619654	-2.216909	318	331	314	41.305
-1.047198	0.571433	-1.188419	49	12	8	41.302
-2.617994	2.073035	2.027405	26	294	312	41.294
-0.523599	2.664082	-1.071402	301	303	270	41.267
0.523599	0.496451	0.593859	328	302	75	41.263
-0.523599	1.736875	3.023612	61	11	75	41.261
0.261799	0.370812	-2.547742	41	16	297	41.260
1.570796	0.914445	2.687814	1	17	253	41.255
-0.523599	2.247462	0.191623	302	10	272	41.252
0.785398	2.456751	-1.503343	334	7	145	41.241
1.308997	1.872854	1.543456	281	332	74	41.240
-0.785398	1.301460	-0.509251	311	36	111	41.232
-2.879793	0.370812	-2.547742	333	310	46	41.231
2.617994	2.073035	2.027405	292	305	81	41.226
0.261799	1.301460	-0.509251	330	10	15	41.212
2.356194	2.033014	2.977192	14	307	300	41.210
2.617994	0.203748	0.590255	55	331	56	41.204
2.617994	2.187132	-0.479875	38	309	118	41.196
2.094395	1.134796	2.434290	312	1	235	41.191
0.261799	1.872854	1.543456	330	44	63	41.171
-0.785398	0.615174	-0.666022	4	21	261	41.170
2.617994	1.699788	2.452890	31	317	69	41.170
-0.261799	0.866395	-2.492918	58	14	48	41.164
-0.785398	1.812176	0.656819	17	41	56	41.149
0.785398	0.370812	-2.547742	25	24	299	41.141
-1.832596	2.587733	0.232235	34	19	315	41.135
1.308997	2.984978	1.954446	329	4	10	41.118
1.832596	2.664082	-1.071402	39	317	119	41.117
-2.356194	2.379497	0.561089	60	6	71	41.114
1.047198	0.864993	2.278281	39	11	27	41.099
-1.308997	1.721184	-0.153948	31	22	328	41.080
0.000000	2.587733	0.232235	320	334	329	41.070
-2.879793	2.984978	1.954446	23	287	6	41.066
1.308997	2.704512	1.488683	289	11	104	41.066
1.832596	0.080730	-2.622036	302	32	72	41.066
-0.523599	1.554776	0.100351	310	20	273	41.044
1.047198	1.417623	-0.202254	13	8	310	41.040
-2.879793	2.455966	-0.641220	43	15	84	41.033
2.617994	0.370812	-2.547742	323	322	327	41.012
-2.617994	2.637879	2.121598	27	287	330	41.000
1.570796	1.872854	1.543456	284	325	74	40.996
-1.047198	1.417623	-0.202254	27	25	322	40.996
-0.523599	2.251330	-2.330739	4	328	130	40.986
-0.261799	1.301460	-0.509251	313	17	282	40.986
-0.523599	2.349581	-2.702517	19	305	283	40.985
-1.308997	2.299159	2.264663	21	309	252	40.978
1.308997	1.982574	-1.115518	308	7	145	40.976
2.356194	1.134796	2.434290	309	334	235	40.968
2.094395	2.478122	2.609777	21	305	5	40.955
-2.879793	2.407836	1.410646	36	297	294	40.953
0.000000	2.115563	0.685730	328	14	6	40.941
2.094395	1.242974	-2.977882	307	10	271	40.936
0.785398	2.637879	2.121598	8	32	55	40.934
-1.047198	2.164094	-2.991358	16	295	274	40.919
-2.617994	1.617114	-1.572037	9	334	140	40.898
-3.141593	1.574060	2.783565	289	330	89	40.895
1.832596	1.134796	2.434290	315	2	232	40.895
-1.308997	2.724429	-0.348782	7	14	21	40.891
2.617994	2.393226	1.857173	1	296	320	40.881
0.785398	2.407836	1.410646	328	15	48	40.878
1.308997	1.194549	-0.801900	322	319	16	40.877
-1.832596	2.664082	-1.071402	13	305	103	40.865
-1.570796	1.977582	0.969896	19	10	256	40.846
-2.356194	2.073035	2.027405	330	287	216	40.832
-2.094395	0.866395	-2.492918	25	283	325	40.830
0.785398	1.134796	2.434290	4	7	239	40.825
2.094395	1.836682	-0.676006	20	299	121	40.823
-2.879793	2.295480	1.008277	7	294	225	40.819
-2.094395	0.290380	-0.796960	45	17	76	40.817
2.356194	0.762244	-0.273349	12	282	90	40.816
1.570796	1.510910	-0.740472	332	308	25	40.802
-2.356194	0.080730	-2.622036	6	293	295	40.801
2.094395	0.899350	-2.069907	308	333	298	40.797
0.000000	0.864993	2.278281	331	311	203	40.790
-2.617994	0.290380	-0.796960	55	319	65	40.788
2.094395	0.297065	2.160177	38	13	317	40.776
-0.785398	2.089241	-0.114193	7	19	332	40.774
-0.261799	1.506530	1.988858	327	6	283	40.767
-2.617994	2.033014	2.977192	1	307	238	40.763
2.094395	2.089241	-0.114193	25	292	24	40.760
-2.617994	1.050534	3.042579	0	308	25	40.755
-3.141593	1.113094	-0.272241	49	305	66	40.748
0.785398	2.587733	0.232235	327	307	12	40.741
-0.261799	2.455966	-0.641220	295	313	270	40.739
-1.832596	1.554776	0.100351	17	3	257	40.738
1.570796	0.864993	2.278281	331	335	229	40.721
0.523599	2.379497	0.561089	321	328	16	40.715
-2.879793	0.619654	-2.216909	6	289	329	40.697
1.570796	1.824694	1.850876	284	334	70	40.694
-0.523599	1.256302	0.062705	312	21	267	40.690
-0.523599	2.456751	-1.503343	312	327	137	40.688
2.617994	0.762244	-0.273349	6	287	264	40.686
2.879793	2.724429	-0.348782	45	324	112	40.684
1.047198	1.869911	2.701025	2	23	290	40.681
1.832596	0.618092	2.539118	26	14	315	40.680
1.047198	0.866395	-2.492918	12	27	304	40.680
-0.785398	2.001437	0.381215	14	40	78	40.673
2.617994	2.404280	-0.174044	42	306	111	40.668
-2.617994	1.194549	-0.801900	51	301	21	40.661
-0.785398	2.588535	-2.976617	18	300	279	40.658
1.308997	1.367556	0.358405	295	309	86	40.657
2.879793	1.367556	0.358405	41	291	90	40.651
-2.617994	1.812176	0.656819	28	4	314	40.650
-0.523599	2.295480	1.008277	18	26	5	40.645
-1.832596	1.869911	2.701025	1	287	253	40.642
0.523599	1.440580	2.260026	324	5	230	40.641
-2.879793	0.910508	1.903534	318	6	54	40.627
-0.785398	2.349581	-2.702517	15	298	283	40.626
0.000000	2.089241	-0.114193	15	308	1	40.625
1.047198	0.370812	-2.547742	16	25	299	40.620
-2.094395	1.391910	3.030322	12	331	260	40.614
2.094395	0.640596	-2.797608	330	9	327	40.612
-2.094395	2.295480	1.008277	27	323	258	40.610
-1.308997	1.194549	-0.801900	37	323	63	40.596
1.832596	2.180315	-1.357379	316	11	146	40.581
2.356194	1.242974	-2.977882	321	331	319	40.579
2.879793	2.404280	-0.174044	45	312	111	40.579
-0.523599	0.571433	-1.188419	33	20	4	40.578
-2.356194	1.977582	0.969896	11	315	217	40.576
-2.879793	1.128190	-2.288622	1	288	0	40.566
0.000000	2.719179	-1.780644	3	328	140	40.555
-2.094395	2.187132	-0.479875	30	11	329	40.551
-3.141593	0.496451	0.593859	52	6	39	40.547
1.308997	1.050534	3.042579	5	25	271	40.535
2.617994	2.704512	1.488683	6	290	306	40.535
-0.523599	2.187132	-0.479875	302	333	288	40.531
0.261799	1.242974	-2.977882	45	15	302	40.524
0.785398	2.104282	-0.813972	297	303	256	40.520
-3.141593	0.379747	-1.713059	327	292	274	40.516
-1.047198	2.979456	-1.009304	288	311	262	40.514
0.000000	1.846342	-1.796954	331	11	139	40.512
1.832596	1.134497	-1.109631	323	311	18	40.511
0.785398	1.766067	2.153843	4	320	1	40.504
-1.047198	2.719179	-1.780644	304	321	131	40.485
-1.047198	0.458961	-0.107937	321	38	81	40.482
-1.308997	0.910508	1.903534	7	314	59	40.481
2.879793	1.374601	-2.456031	320	306	2	40.480
1.570796	2.404280	-0.174044	318	286	277	40.471
-0.523599	2.396274	-1.959260	327	325	134	40.470
-2.617994	1.367556	0.358405	57	321	301	40.465
-1.832596	2.979456	-1.009304	330	9	326	40.453
1.047198	1.301460	-0.509251	321	320	16	40.448
-0.261799	1.135813	-2.658866	32	309	315	40.445
2.617994	1.721184	-0.153948	39	302	95	40.445
-1.832596	0.591903	2.010408	331	318	64	40.439
-1.832596	2.588535	-2.976617	324	284	277	40.439
2.094395	1.510910	-0.740472	5	330	330	40.421
0.000000	1.998705	2.370472	6	334	330	40.416
-3.141593	1.242974	-2.977882	325	302	319	40.415
-0.261799	0.914445	2.687814	8	313	212	40.407
-2.356194	1.050534	3.042579	321	323	213	40.406
1.832596	2.587733	0.232235	19	290	335	40.390
-0.523599	0.700570	1.559208	2	311	62	40.383
-0.785398	2.343981	-1.040456	308	320	295	40.368
0.785398	2.299159	2.264663	295	313	236	40.368
-0.523599	2.719179	-1.780644	1	301	304	40.362
1.047198	2.089241	-0.114193	334	305	28	40.354
0.785398	2.704512	1.488683	330	7	1	40.353
-0.261799	2.456751	-1.503343	335	309	307	40.344
-0.261799	0.571433	-1.188419	14	325	263	40.342
1.832596	2.073035	2.027405	279	330	79	40.324
0.785398	2.664082	-1.071402	29	299	24	40.324
0.785398	2.863997	0.549740	321	312	328	40.306
-2.617994	2.407836	1.410646	39	304	284	40.301
-2.094395	2.587733	0.232235	41	14	315	40.296
-1.047198	0.960688	-0.577532	39	23	315	40.296
-0.523599	0.615174	-0.666022	330	24	261	40.270
-2.356194	2.393226	1.857173	35	301	282	40.264
0.785398	0.496451	0.593859	301	288	218	40.260
-0.785398	1.135834	-1.431087	329	310	222	40.256
0.000000	1.836682	-0.676006	306	333	295	40.246
2.094395	1.606104	-0.451151	11	292	12	40.230
0.000000	2.073035	2.027405	335	335	308	40.230
0.261799	2.456751	-1.503343	333	0	145	40.217
0.261799	1.256302	0.062705	279	7	95	40.210
-2.879793	1.554776	0.100351	61	319	84	40.204
0.785398	0.080730	-2.622036	35	18	324	40.196
1.047198	1.488617	1.159546	284	328	72	40.175
2.094395	0.914445	2.687814	305	32	82	40.171
-2.356194	2.115563	0.685730	59	327	311	40.168
-1.832596	2.704512	1.488683	27	317	265	40.164
-1.832596	1.440580	2.260026	29	3	299	40.163
2.356194	1.721184	-0.153948	27	300	79	40.159
-0.261799	2.664082	-1.071402	5	304	23	40.155
-0.523599	1.168678	2.108595	326	6	270	40.148
1.570796	2.299159	2.264663	323	7	294	40.116
2.617994	1.194549	-0.801900	30	294	22	40.112
-2.617994	0.640596	-2.797608	335	293	315	40.105
2.879793	2.180315	-1.357379	12	19	142	40.086
-0.261799	1.247695	1.809890	323	5	275	40.084
-1.570796	1.658653	-2.409879	326	295	122	40.082
-2.356194	1.812176	0.656819	14	322	223	40.082
-1.832596	0.615174	-0.666022	58	331	304	40.081
-2.617994	2.164094	-2.991358	295	317	112	40.079
-1.047198	2.760637	2.781135	54	320	65	40.077
-0.261799	1.606104	-0.451151	310	11	289	40.076
1.570796	2.881233	-2.582574	17	42	123	40.072
0.261799	0.866955	-0.931351	333	327	238	40.071
2.879793	1.574060	2.783565	282	316	86	40.067
0.000000	2.724429	-0.348782	290	306	264	40.065
2.617994	1.741644	-2.695914	280	309	249	40.058
-1.570796	1.998705	2.370472	44	302	314	40.055
0.261799	1.134497	-1.109631	334	326	239	40.055
-1.832596	1.766067	2.153843	36	304	306	40.055
2.356194	1.310100	1.488307	313	304	65	40.049
-2.094395	0.419640	2.974122	331	301	65	40.039
-2.094395	1.736875	3.023612	29	285	311	40.033
-0.785398	1.045978	0.343692	299	33	84	40.031
-2.879793	1.617114	-1.572037	6	334	140	40.029
-2.879793	2.863997	0.549740	56	315	8	40.019
1.047198	1.809167	1.213774	279	333	79	40.018
-2.879793	2.724429	-0.348782	48	16	78	40.014
2.879793	1.391910	3.030322	283	5	95	40.009
-1.832596	2.579248	-2.364801	316	312	133	40.009
-1.047198	1.025536	1.576859	9	325	59	40.008
2.879793	1.050534	3.042579	326	317	308	40.008
-2.879793	1.875281	0.107086	59	313	19	40.005
0.523599	1.998705	2.370472	3	323	330	39.999
-1.308997	0.864993	2.278281	14	311	55	39.995
1.570796	0.619654	-2.216909	294	2	246	39.994
0.523599	0.866395	-2.492918	37	36	48	39.994
1.832596	0.619654	-2.216909	325	2	335	39.993
-2.356194	1.606104	-0.451151	21	311	37	39.993
2.356194	1.218453	2.777284	288	14	78	39.993
-2.879793	2.881233	-2.582574	322	327	324	39.985
-0.523599	0.960688	-0.577532	326	23	272	39.968
-1.308997	2.588535	-2.976617	5	288	279	39.960
2.879793	1.658653	-2.409879	285	330	121	39.959
1.047198	2.033014	2.977192	5	28	300	39.957
-0.523599	2.001437	0.381215	5	23	12	39.955
1.570796	1.218453	2.777284	324	17	249	39.952
-0.261799	1.050534	3.042579	24	307	311	39.943
2.879793	1.756530	-2.105156	292	328	129	39.942
2.094395	2.001437	0.381215	332	297	86	39.938
1.570796	1.599406	1.426070	291	321	69	39.935
-2.879793	2.001437	0.381215	53	310	104	39.928
2.094395	2.587733	0.232235	29	289	9	39.921
0.785398	1.554776	0.100351	281	324	98	39.918
0.000000	1.909857	-0.381669	287	9	117	39.898
-0.785398	2.984978	1.954446	52	12	44	39.894
-0.523599	1.194549	-0.801900	24	24	326	39.892
-1.570796	1.135834	-1.431087	43	16	109	39.884
2.094395	1.736875	3.023612	287	331	252	39.881
2.617994	1.836682	-0.676006	42	306	30	39.875
-1.047198	0.733948	3.021411	7	296	235	39.854
0.000000	1.504028	0.636812	308	34	67	39.853
-0.785398	1.310100	1.488307	318	322	208	39.853
1.570796	1.658653	-2.409879	306	34	124	39.853
-0.523599	2.579248	-2.364801	9	297	289	39.844
1.308997	1.488617	1.159546	288	321	72	39.840
-1.308997	1.909857	-0.381669	325	13	285	39.836
-0.523599	1.391910	3.030322	59	327	319	39.830
0.261799	2.637879	2.121598	12	48	103	39.826
-2.356194	2.760637	2.781135	10	292	311	39.825
0.261799	0.685216	-1.712745	17	25	315	39.824
0.523599	1.135834	-1.431087	8	2	262	39.817
-0.785398	1.875281	0.107086	315	20	275	39.808
-1.308997	1.413347	-1.339188	0	15	136	39.802
0.785398	2.760637	2.781135	14	47	113	39.788
2.094395	2.180315	-1.357379	314	10	146	39.784
2.879793	1.218453	2.777284	288	9	86	39.782
-1.832596	0.960688	-0.577532	25	324	255	39.774
2.356194	0.370812	-2.547742	324	332	331	39.770
1.047198	0.992645	-1.723759	294	4	250	39.769
-1.047198	1.413430	2.550734	45	321	60	39.761
0.523599	2.478122	2.609777	18	46	104	39.761
-1.308997	1.683268	0.374177	1	16	252	39.751
-1.047198	2.251330	-2.330739	1	293	291	39.749
1.308997	2.180315	-1.357379	320	12	146	39.737
1.308997	1.218453	2.777284	14	15	310	39.732
2.356194	0.960688	-0.577532	4	284	101	39.732
-0.785398	2.104282	-0.813972	310	330	294	39.729
1.047198	1.662363	0.915448	279	326	82	39.728
2.879793	0.685216	-1.712745	318	296	287	39.725
1.832596	1.450119	-2.739050	327	17	14	39.725
-1.047198	1.184361	0.625864	306	31	77	39.716
1.308997	0.290380	-0.796960	325	325	54	39.700
-2.094395	0.203748	0.590255	8	312	262	39.700
-2.879793	2.033014	2.977192	307	283	262	39.697
1.047198	1.606104	-0.451151	326	315	23	39.683
-2.094395	2.881233	-2.582574	330	303	323	39.675
0.523599	2.979456	-1.009304	24	291	15	39.666
2.879793	0.762244	-0.273349	31	285	90	39.662
-3.141593	1.134497	-1.109631	331	287	266	39.654
2.356194	0.619654	-2.216909	317	322	313	39.653
2.094395	0.290380	-0.796960	6	304	53	39.651
1.047198	2.104282	-0.813972	301	301	256	39.640
-3.141593	1.391910	3.030322	325	307	220	39.636
-0.261799	1.836682	-0.676006	311	1	297	39.634
0.000000	1.135834	-1.431087	16	335	267	39.608
2.356194	1.982574	-1.115518	313	335	145	39.608
0.523599	2.115563	0.685730	10	305	329	39.604
-1.570796	2.478122	2.609777	15	293	264	39.594
1.308997	1.335669	0.897240	289	315	75	39.575
-3.141593	2.356369	3.005869	331	299	242	39.574
-3.141593	2.664082	-1.071402	20	33	133	39.572
-1.570796	1.440580	2.260026	29	4	309	39.565
2.094395	2.393226	1.857173	328	311	325	39.551
-1.047198	2.153910	-1.714959	324	307	298	39.532
1.308997	1.696674	-1.253233	299	14	141	39.530
0.785398	0.591903	2.010408	1	307	208	39.526
2.094395	1.977582	0.969896	5	288	299	39.516
2.879793	1.683268	0.374177	42	294	307	39.505
0.000000	1.699788	2.452890	38	27	32	39.502
0.261799	2.393226	1.857173	17	33	46	39.499
0.785398	1.195355	1.200319	296	323	111	39.494
2.356194	1.256302	0.062705	19	282	96	39.482
-2.879793	2.115563	0.685730	62	318	79	39.472
-3.141593	1.977582	0.969896	46	295	301	39.449
1.047198	1.194549	-0.801900	322	328	17	39.439
0.261799	1.134796	2.434290	1	331	228	39.413
2.879793	1.310100	1.488307	322	331	61	39.409
0.000000	2.343981	-1.040456	9	310	29	39.407
1.308997	2.104282	-0.813972	305	300	256	39.404
-0.261799	2.001437	0.381215	332	18	12	39.394
-1.047198	1.256302	0.062705	310	38	95	39.389
2.094395	2.174483	2.653697	317	295	244	39.384
1.832596	0.370812	-2.547742	333	10	326	39.383
-1.047198	1.909857	-0.381669	318	12	285	39.382
1.308997	1.510910	-0.740472	14	5	331	39.381
-1.570796	0.591903	2.010408	332	313	64	39.375
-0.261799	1.812176	0.656819	309	316	274	39.368
0.000000	1.824694	1.850876	330	1	297	39.365
0.523599	2.760637	2.781135	23	44	113	39.363
-2.879793	0.961715	0.014085	53	308	301	39.358
2.879793	0.203748	0.590255	54	2	42	39.357
2.356194	2.456751	-1.503343	18	26	138	39.343
1.832596	0.297065	2.160177	44	8	316	39.343
-1.308997	1.045978	0.343692	22	52	70	39.329
-2.617994	1.440580	2.260026	16	301	59	39.326
-0.785398	1.134796	2.434290	331	6	266	39.325
0.261799	1.128190	-2.288622	1	35	119	39.325
-3.141593	2.881233	-2.582574	323	334	324	39.322
0.785398	0.899350	-2.069907	41	334	3	39.318
2.879793	2.587733	0.232235	50	304	11	39.308
-1.047198	2.407836	1.410646	12	8	252	39.307
0.000000	1.050534	3.042579	50	12	33	39.306
-0.785398	1.683268	0.374177	321	23	266	39.304
-2.094395	0.496451	0.593859	335	32	72	39.300
2.094395	1.869911	2.701025	285	332	219	39.299
2.094395	2.724429	-0.348782	44	302	17	39.291
-2.879793	2.247462	0.191623	50	320	102	39.287
-2.356194	1.417623	-0.202254	59	0	73	39.281
-1.570796	2.455966	-0.641220	8	12	333	39.280
-1.570796	1.809167	1.213774	15	1	228	39.278
0.000000	1.128190	-2.288622	8	29	119	39.276
-1.570796	2.251330	-2.330739	328	298	294	39.270
-2.356194	0.571433	-1.188419	46	307	311	39.266
-2.617994	0.458961	-0.107937	57	4	49	39.262
0.261799	1.214854	-1.966664	4	45	120	39.256
-1.832596	0.080730	-2.622036	29	301	63	39.245
-1.832596	2.174483	2.653697	5	287	257	39.244
1.047198	0.496451	0.593859	9	295	290	39.228
0.523599	1.599406	1.426070	313	324	279	39.222
2.094395	0.379747	-1.713059	319	314	312	39.222
-1.308997	1.134497	-1.109631	39	33	109	39.220
-2.094395	1.998705	2.370472	31	293	315	39.211
1.832596	1.113094	-0.272241	1	301	84	39.209
2.879793	0.700570	1.559208	13	26	46	39.205
2.094395	1.325504	-1.671296	304	315	295	39.205
-2.879793	1.325504	-1.671296	5	325	135	39.199
2.356194	2.187132	-0.479875	34	303	118	39.195
-2.617994	1.870545	-2.976234	295	316	110	39.195
2.617994	2.863997	0.549740	40	292	7	39.188
1.570796	1.555207	1.708892	292	329	64	39.187
-2.094395	0.762244	-0.273349	29	305	335	39.183
2.617994	2.719179	-1.780644	9	38	132	39.174
-3.141593	0.961715	0.014085	307	298	239	39.156
-2.879793	1.977582	0.969896	19	292	236	39.142
-2.094395	1.554776	0.100351	58	15	68	39.136
1.308997	0.618092	2.539118	33	10	282	39.116
-2.879793	1.904882	-1.478089	6	10	142	39.116
2.617994	0.619654	-2.216909	319	310	313	39.113
1.832596	2.393226	1.857173	291	5	92	39.106
1.047198	0.290380	-0.796960	271	325	211	39.095
-2.094395	0.733948	3.021411	4	295	65	39.081
-1.047198	1.766067	2.153843	18	8	312	39.079
0.261799	1.545873	-1.877082	324	4	132	39.075
1.047198	2.704512	1.488683	285	324	273	39.073
-1.570796	1.417623	-0.202254	13	6	262	39.072
2.879793	1.247695	1.809890	312	0	60	39.063
-2.879793	1.242974	-2.977882	331	295	320	39.057
2.879793	1.256302	0.062705	38	289	96	39.057
0.000000	0.929350	-2.910676	51	4	299	39.057
1.832596	0.914445	2.687814	318	10	240	39.052
1.047198	1.014500	0.906702	290	319	70	39.046
-0.785398	0.297065	2.160177	16	307	53	39.039
2.617994	2.379497	0.561089	40	301	76	39.039
-1.308997	1.812176	0.656819	4	20	257	39.038
0.000000	2.863997	0.549740	330	4	12	39.028
-0.261799	0.618092	2.539118	1	302	210	39.026
-1.047198	0.866395	-2.492918	61	320	66	39.019
-1.570796	2.138223	1.678323	30	328	254	39.018
0.261799	1.335669	0.897240	304	334	115	39.017
-3.141593	2.089241	-0.114193	47	314	109	39.016
-1.308997	0.733948	3.021411	35	306	39	39.015
-1.308997	2.704512	1.488683	54	16	56	39.003
1.832596	1.128190	-2.288622	317	12	308	39.002
-0.261799	1.417623	-0.202254	288	23	106	39.002
2.094395	0.960688	-0.577532	11	291	319	39.000
-1.570796	2.174483	2.653697	12	292	258	38.998
0.000000	2.247462	0.191623	320	4	325	38.995
-1.047198	2.637879	2.121598	58	5	54	38.993
2.617994	1.554776	0.100351	38	299	68	38.990
-1.570796	2.592629	0.909713	49	24	59	38.986
2.617994	1.301460	-0.509251	25	299	76	38.986
-1.047198	2.393226	1.857173	53	12	45	38.986
0.261799	0.203748	0.590255	322	311	68	38.981
-1.832596	1.736875	3.023612	38	287	310	38.979
0.523599	1.367556	0.358405	275	7	92	38.972
1.570796	2.247462	0.191623	8	292	23	38.972
-2.879793	2.478122	2.609777	334	296	302	38.969
1.832596	2.404280	-0.174044	21	291	111	38.968
-0.785398	1.504028	0.636812	320	22	254	38.961
-0.785398	0.419640	2.974122	6	293	237	38.961
0.785398	1.504028	0.636812	274	316	92	38.946
-1.832596	0.910508	1.903534	4	319	59	38.945
-2.617994	1.135813	-2.658866	4	285	327	38.943
-3.141593	2.455966	-0.641220	46	9	84	38.942
2.094395	1.909857	-0.381669	23	294	114	38.928
-1.832596	1.113094	-0.272241	22	332	255	38.920
-1.308997	1.301460	-0.509251	41	17	326	38.916
1.308997	0.914445	2.687814	24	16	282	38.914
0.785398	1.569311	-3.003978	21	29	297	38.912
-2.617994	2.587733	0.232235	48	331	104	38.909
1.570796	1.168678	2.108595	322	330	230	38.906
1.832596	1.391910	3.030322	310	14	259	38.905
0.523599	1.606104	-0.451151	330	334	27	38.905
-1.308997	2.984978	1.954446	56	324	6	38.900
0.523599	2.455966	-0.641220	6	303	23	38.896
-1.308997	1.869911	2.701025	15	297	253	38.892
-2.879793	1.909857	-0.381669	48	325	329	38.886
-3.141593	2.174483	2.653697	291	321	97	38.878
-0.785398	2.187132	-0.479875	306	2	288	38.878
0.000000	2.187132	-0.479875	300	324	294	38.874
-1.832596	2.247462	0.191623	37	19	315	38.872
-2.879793	1.756530	-2.105156	297	308	131	38.871
-0.523599	1.836682	-0.676006	324	10	304	38.869
-2.617994	0.709924	0.218797	333	301	271	38.869
-2.356194	0.290380	-0.796960	57	316	333	38.864
2.356194	0.496451	0.593859	14	302	245	38.862
-2.617994	2.295480	1.008277	48	309	85	38.853
-1.047198	1.836682	-0.676006	320	6	291	38.853
1.570796	2.180315	-1.357379	317	11	146	38.849
1.570796	2.393226	1.857173	286	12	90	38.845
2.094395	1.732874	-0.951685	14	305	125	38.837
-1.308997	0.961715	0.014085	6	20	260	38.836
-2.356194	1.721184	-0.153948	51	30	94	38.828
-0.785398	0.733948	3.021411	12	302	235	38.817
-1.308997	0.866955	-0.931351	53	7	317	38.817
1.832596	0.615174	-0.666022	333	295	311	38.812
2.094395	1.875281	0.107086	19	284	5	38.803
1.832596	2.174483	2.653697	280	20	98	38.796
-3.141593	1.998705	2.370472	297	320	86	38.787
-0.261799	2.251330	-2.330739	15	309	291	38.771
1.832596	0.700570	1.559208	7	318	232	38.770
-2.617994	1.510910	-0.740472	13	304	330	38.769
-1.047198	1.756530	-2.105156	335	329	133	38.763
-1.832596	2.033014	2.977192	334	283	263	38.763
1.570796	1.335669	0.897240	296	309	75	38.762
-3.141593	2.760637	2.781135	324	305	312	38.760
2.617994	1.504028	0.636812	33	289	296	38.756
2.879793	1.554776	0.100351	313	310	276	38.754
0.523599	1.617114	-1.572037	325	331	300	38.739
2.879793	0.418037	1.360082	22	32	53	38.732
-2.094395	2.001437	0.381215	50	10	307	38.719
1.832596	2.984978	1.954446	324	323	10	38.716
2.356194	0.290380	-0.796960	16	300	70	38.714
1.570796	2.637879	2.121598	285	325	269	38.708
-2.617994	1.875281	0.107086	61	0	102	38.706
2.617994	1.998705	2.370472	285	315	82	38.700
0.523599	0.619654	-2.216909	332	19	266	38.700
-2.356194	1.242974	-2.977882	13	287	319	38.691
-2.617994	1.998705	2.370472	15	292	314	38.690
1.308997	2.407836	1.410646	324	334	46	38.684
0.261799	0.379747	-1.713059	22	23	332	38.676
0.000000	1.025536	1.576859	313	307	201	38.674
0.261799	2.063651	-2.044600	335	5	134	38.669
0.785398	0.379747	-1.713059	4	18	333	38.668
1.047198	0.379747	-1.713059	332	13	333	38.667
2.094395	2.592629	0.909713	9	286	325	38.665
1.047198	0.297065	2.160177	18	318	239	38.665
-2.356194	2.295480	1.008277	50	318	84	38.641
-1.308997	0.929350	-2.910676	48	298	320	38.638
-0.261799	2.247462	0.191623	330	11	21	38.637
1.570796	1.977582	0.969896	299	320	79	38.636
2.356194	2.393226	1.857173	330	301	321	38.634
1.047198	0.899350	-2.069907	304	39	118	38.634
-3.141593	0.370812	-2.547742	328	317	50	38.630
-1.570796	0.914445	2.687814	23	307	54	38.628
-1.832596	0.458961	-0.107937	34	308	332	38.626
-0.785398	1.194549	-0.801900	33	21	326	38.608
-0.523599	2.089241	-0.114193	304	7	280	38.602
0.000000	2.153910	-1.714959	328	0	139	38.596
2.094395	1.391910	3.030322	305	8	259	38.595
0.261799	2.979456	-1.009304	16	292	16	38.593
0.261799	2.396274	-1.959260	7	11	140	38.590
2.879793	0.960688	-0.577532	4	286	257	38.584
-2.094395	0.910508	1.903534	317	332	54	38.576
0.000000	1.367556	0.358405	306	34	74	38.573
1.047198	2.979456	-1.009304	39	297	16	38.569
-1.832596	2.115563	0.685730	20	6	259	38.569
-2.617994	0.203748	0.590255	44	13	322	38.568
-2.356194	1.872854	1.543456	47	310	72	38.567
-1.047198	1.113094	-0.272241	31	27	316	38.561
-1.832596	1.872854	1.543456	20	320	224	38.561
-0.785398	2.393226	1.857173	51	20	62	38.561
-2.879793	1.872854	1.543456	37	296	72	38.559
0.000000	1.977582	0.969896	331	29	51	38.544
2.879793	2.979456	-1.009304	43	24	77	38.543
-2.879793	1.869911	2.701025	3	308	248	38.531
-0.261799	1.741644	-2.695914	61	17	94	38.521
-1.308997	0.762244	-0.273349	12	16	260	38.519
1.832596	1.569311	-3.003978	306	15	269	38.514
2.356194	2.180315	-1.357379	313	9	146	38.513
1.047198	1.870545	-2.976234	12	30	307	38.503
2.356194	0.914445	2.687814	299	27	82	38.502
-2.094395	0.700570	1.559208	317	9	57	38.493
-0.261799	0.866955	-0.931351	2	318	240	38.490
1.832596	1.417623	-0.202254	3	291	12	38.485
2.879793	0.458961	-0.107937	19	297	256	38.485
-0.785398	0.929350	-2.910676	59	324	57	38.482
-2.879793	1.721184	-0.153948	57	321	95	38.481
-2.879793	0.297065	2.160177	303	24	64	38.480
-1.570796	0.379747	-1.713059	56	327	56	38.480
2.879793	2.456751	-1.503343	9	29	138	38.464
-2.617994	0.591903	2.010408	307	13	58	38.463
0.000000	1.599406	1.426070	312	329	214	38.456
0.261799	2.089241	-0.114193	326	328	22	38.450
1.308997	1.909857	-0.381669	297	294	267	38.449
1.308997	0.080730	-2.622036	17	20	322	38.449
2.356194	0.419640	2.974122	2	12	317	38.449
0.523599	1.510910	-0.740472	334	4	30	38.448
-1.570796	2.187132	-0.479875	320	6	268	38.442
-1.832596	1.256302	0.062705	19	1	251	38.439
2.617994	1.824694	1.850876	301	321	68	38.436
1.832596	1.741644	-2.695914	293	9	269	38.432
-1.570796	1.025536	1.576859	8	327	58	38.432
-1.570796	2.407836	1.410646	23	329	255	38.431
-2.094395	2.251330	-2.330739	304	322	130	38.426
-0.785398	2.396274	-1.959260	0	326	140	38.426
1.308997	1.128190	-2.288622	333	25	308	38.424
-1.570796	1.904882	-1.478089	319	6	141	38.422
-2.094395	2.247462	0.191623	44	11	316	38.418
1.832596	1.194549	-0.801900	334	298	113	38.415
1.832596	1.218453	2.777284	304	34	85	38.412
-2.356194	1.504028	0.636812	12	324	216	38.408
-1.308997	2.174483	2.653697	63	322	68	38.397
-1.570796	2.033014	2.977192	53	307	70	38.392
2.094395	1.247695	1.809890	300	308	188	38.390
0.785398	1.617114	-1.572037	335	7	264	38.377
-0.785398	0.571433	-1.188419	41	17	7	38.374
-1.832596	0.929350	-2.910676	30	288	335	38.372
-1.570796	2.664082	-1.071402	332	0	333	38.370
-1.308997	2.349581	-2.702517	1	288	283	38.366
1.570796	0.762244	-0.273349	332	293	93	38.360
2.879793	2.588535	-2.976617	320	328	319	38.358
-1.308997	1.617114	-1.572037	331	6	138	38.350
1.308997	0.496451	0.593859	16	293	289	38.349
-1.570796	1.325504	-1.671296	39	332	129	38.345
1.832596	0.458961	-0.107937	11	291	296	38.334
0.785398	2.343981	-1.040456	21	305	29	38.332
2.094395	2.984978	1.954446	326	313	10	38.329
-1.308997	2.478122	2.609777	52	305	331	38.326
-2.879793	0.709924	0.218797	58	7	67	38.318
-1.308997	1.875281	0.107086	325	17	250	38.309
2.094395	1.555207	1.708892	311	1	63	38.302
1.047198	2.001437	0.381215	322	305	7	38.300
-0.523599	0.992645	-1.723759	4	27	125	38.299
2.617994	2.115563	0.685730	26	290	88	38.296
-0.261799	0.615174	-0.666022	2	318	238	38.292
-2.356194	1.869911	2.701025	320	285	253	38.292
-0.785398	0.899350	-2.069907	51	21	96	38.287
1.047198	1.875281	0.107086	324	305	14	38.283
-3.141593	1.683268	0.374177	49	301	307	38.270
-1.047198	2.704512	1.488683	50	23	73	38.268
-0.261799	1.194549	-0.801900	321	18	283	38.259
0.000000	2.138223	1.678323	23	17	318	38.259
0.785398	1.836682	-0.676006	288	307	253	38.257
-0.523599	1.699788	2.452890	13	331	220	38.255
-2.094395	1.218453	2.777284	15	294	64	38.251
-0.523599	0.866395	-2.492918	60	4	48	38.250
2.879793	0.866395	-2.492918	285	299	242	38.247
2.094395	1.450119	-2.739050	320	331	236	38.247
0.523599	0.910508	1.903534	27	320	274	38.235
1.832596	2.104282	-0.813972	22	305	124	38.234
-0.785398	1.998705	2.370472	58	3	322	38.230
-3.141593	0.618092	2.539118	335	335	314	38.225
1.570796	2.984978	1.954446	325	332	10	38.221
-0.785398	2.073035	2.027405	51	11	55	38.213
2.617994	0.961715	0.014085	28	285	90	38.209
-2.617994	2.356369	3.005869	2	305	243	38.206
-3.141593	2.138223	1.678323	23	285	79	38.205
0.261799	2.863997	0.549740	325	332	12	38.203
2.094395	1.194549	-0.801900	16	296	23	38.198
2.617994	0.496451	0.593859	19	309	245	38.190
-2.617994	0.960688	-0.577532	58	303	11	38.190
0.000000	2.881233	-2.582574	25	19	63	38.184
-2.879793	2.588535	-2.976617	287	328	117	38.168
2.617994	1.599406	1.426070	315	304	69	38.163
-0.261799	0.379747	-1.713059	40	17	332	38.161
2.356194	1.736875	3.023612	319	325	321	38.152
1.047198	1.872854	1.543456	281	5	74	38.147
2.094395	1.766067	2.153843	20	315	52	38.145
2.879793	0.619654	-2.216909	288	294	240	38.141
0.261799	0.899350	-2.069907	334	45	107	38.132
1.832596	2.299159	2.264663	285	17	93	38.131
-3.141593	0.458961	-0.107937	56	323	66	38.126
0.000000	2.108018	1.311430	2	34	47	38.122
-0.785398	2.251330	-2.330739	7	297	291	38.122
2.879793	2.247462	0.191623	35	11	67	38.122
-2.094395	0.571433	-1.188419	50	316	312	38.121
1.047198	1.045978	0.343692	295	317	75	38.108
-0.785398	1.606104	-0.451151	19	21	332	38.106
-3.141593	2.704512	1.488683	23	291	300	38.105
-1.047198	2.138223	1.678323	49	14	54	38.104
2.094395	2.863997	0.549740	18	292	315	38.103
-0.785398	0.700570	1.559208	335	315	62	38.103
-2.617994	1.214854	-1.966664	5	319	129	38.102
2.617994	2.407836	1.410646	311	275	233	38.102
1.047198	2.407836	1.410646	324	7	47	38.098
0.261799	1.440580	2.260026	330	5	230	38.097
-0.261799	1.433411	-1.035986	33	332	300	38.090
0.785398	2.174483	2.653697	7	28	299	38.086
-1.047198	0.762244	-0.273349	3	21	261	38.085
-2.879793	1.545873	-1.877082	304	313	131	38.083
0.000000	2.704512	1.488683	14	34	57	38.082
0.785398	1.134497	-1.109631	332	333	20	38.080
1.832596	0.910508	1.903534	332	328	229	38.077
2.879793	2.637879	2.121598	0	293	330	38.064
2.879793	0.297065	2.160177	15	17	316	38.062
-2.617994	0.419640	2.974122	327	323	37	38.057
2.617994	0.571433	-1.188419	331	287	91	38.056
2.356194	1.555207	1.708892	302	306	68	38.051
1.047198	1.440580	2.260026	313	1	230	38.044
1.570796	1.699788	2.452890	0	12	283	38.035
-1.308997	1.824694	1.850876	46	1	278	38.034
-2.356194	2.164094	-2.991358	302	311	113	38.032
-0.261799	1.872854	1.543456	321	2	218	38.023
2.094395	1.812176	0.656819	11	285	303	38.020
0.523599	0.992645	-1.723759	10	21	324	38.018
2.879793	1.506530	1.988858	304	329	64	38.015
0.000000	2.456751	-1.503343	332	333	145	38.012
-0.261799	0.591903	2.010408	29	313	46	38.010
-1.308997	2.073035	2.027405	61	5	58	38.010
1.308997	2.393226	1.857173	327	13	44	38.009
2.617994	0.910508	1.903534	3	23	43	38.006
2.879793	1.998705	2.370472	36	320	75	38.006
0.523599	2.984978	1.954446	12	33	67	38.006
-1.832596	2.455966	-0.641220	14	14	333	37.992
-0.523599	0.418037	1.360082	332	310	283	37.990
0.523599	0.685216	-1.712745	310	41	115	37.988
2.879793	2.719179	-1.780644	3	36	132	37.986
1.308997	2.863997	0.549740	335	297	7	37.982
1.832596	1.045978	0.343692	333	302	62	37.964
-2.617994	1.325504	-1.671296	11	326	135	37.963
1.308997	0.619654	-2.216909	0	17	325	37.963
-1.832596	1.824694	1.850876	15	308	217	37.962
0.523599	2.719179	-1.780644	8	3	140	37.953
-2.094395	2.404280	-0.174044	34	17	324	37.945
-1.832596	2.073035	2.027405	50	310	78	37.944
2.617994	0.709924	0.218797	15	297	253	37.937
2.617994	1.875281	0.107086	40	302	74	37.937
-3.141593	0.685216	-1.712745	313	281	267	37.932
1.047198	2.247462	0.191623	31	309	13	37.931
1.047198	2.456751	-1.503343	331	10	144	37.929
2.094395	0.685216	-1.712745	6	6	311	37.929
-1.308997	0.914445	2.687814	329	293	209	37.918
-2.879793	1.256302	0.062705	319	302	272	37.908
-0.523599	1.555207	1.708892	305	334	237	37.896
2.617994	1.168678	2.108595	329	18	43	37.890
0.785398	1.875281	0.107086	323	316	19	37.890
0.000000	1.732874	-0.951685	317	0	301	37.881
-1.570796	0.618092	2.539118	14	311	52	37.871
-1.047198	0.290380	-0.796960	38	19	332	37.870
0.785398	1.301460	-0.509251	276	314	242	37.864
2.879793	1.168678	2.108595	303	5	63	37.854
1.047198	1.683268	0.374177	288	318	90	37.854
-1.047198	1.168678	2.108595	29	324	269	37.844
1.047198	1.699788	2.452890	7	15	313	37.842
2.094395	2.979456	-1.009304	52	325	16	37.834
2.356194	0.418037	1.360082	46	8	33	37.833
-0.523599	2.760637	2.781135	56	325	4	37.833
0.523599	1.909857	-0.381669	287	331	117	37.833
0.523599	2.704512	1.488683	334	26	58	37.830
-2.094395	1.869911	2.701025	328	285	253	37.829
-1.570796	1.699788	2.452890	11	297	216	37.824
-0.523599	2.404280	-0.174044	299	0	282	37.823
-1.047198	0.685216	-1.712745	50	333	316	37.818
-0.261799	1.218453	2.777284	13	323	217	37.817
0.785398	1.683268	0.374177	287	331	90	37.816
1.570796	2.407836	1.410646	323	325	46	37.816
-2.617994	1.413347	-1.339188	19	333	137	37.816
2.094395	0.458961	-0.107937	4	292	266	37.812
1.308997	1.134497	-1.109631	290	310	260	37.812
-1.047198	0.418037	1.360082	326	321	69	37.805
-1.570796	1.875281	0.107086	7	10	263	37.803
1.047198	2.592629	0.909713	276	313	113	37.802
0.785398	1.168678	2.108595	25	335	272	37.800
-2.094395	2.760637	2.781135	24	288	3	37.796
-2.617994	1.766067	2.153843	25	293	66	37.795
0.523599	0.960688	-0.577532	324	8	6	37.793
0.785398	2.115563	0.685730	317	319	1	37.788
2.879793	0.496451	0.593859	53	334	39	37.788
0.000000	2.396274	-1.959260	7	5	140	37.785
-1.570796	2.579248	-2.364801	324	312	133	37.779
-1.570796	2.393226	1.857173	48	318	81	37.772
-0.261799	1.824694	1.850876	2	3	308	37.772
1.832596	1.433411	-1.035986	331	311	27	37.771
0.523599	1.134497	-1.109631	293	18	121	37.771
-1.832596	1.417623	-0.202254	55	19	73	37.767
-0.261799	1.113094	-0.272241	316	36	82	37.767
0.523599	1.569311	-3.003978	37	37	49	37.763
0.523599	1.242974	-2.977882	33	23	291	37.761
0.785398	1.736875	3.023612	18	28	294	37.759
-0.523599	1.025536	1.576859	313	310	207	37.754
-0.261799	2.592629	0.909713	6	31	59	37.751
-1.047198	2.108018	1.311430	15	15	254	37.747
0.785398	0.992645	-1.723759	300	25	116	37.746
1.570796	2.089241	-0.114193	8	293	22	37.745
0.000000	0.591903	2.010408	27	306	278	37.741
2.356194	1.194549	-0.801900	13	293	114	37.740
-1.570796	0.571433	-1.188419	57	331	8	37.739
-1.047198	1.948085	-2.363031	0	322	128	37.737
0.523599	0.571433	-1.188419	330	15	312	37.736
2.617994	1.736875	3.023612	279	0	93	37.729
-0.523599	2.104282	-0.813972	321	335	308	37.720
1.570796	1.325504	-1.671296	305	327	295	37.706
-2.617994	1.256302	0.062705	56	318	307	37.705
-2.617994	1.977582	0.969896	22	301	236	37.701
0.000000	0.203748	0.590255	320	318	68	37.690
0.000000	1.696674	-1.253233	312	17	140	37.680
2.617994	0.866955	-0.931351	15	289	108	37.670
2.617994	1.574060	2.783565	286	10	89	37.665
1.308997	1.736875	3.023612	335	23	294	37.662
-2.356194	1.904882	-1.478089	316	319	138	37.659
1.047198	1.836682	-0.676006	291	303	253	37.654
1.047198	2.187132	-0.479875	295	296	250	37.654
-1.047198	1.301460	-0.509251	33	22	325	37.651
0.261799	1.014500	0.906702	300	0	112	37.644
-1.308997	2.393226	1.857173	56	4	45	37.644
-0.785398	0.619654	-2.216909	62	326	3	37.634
-1.308997	2.356369	3.005869	14	292	270	37.631
2.094395	1.904882	-1.478089	303	8	143	37.629
1.832596	0.290380	-0.796960	330	298	303	37.626
-2.094395	1.256302	0.062705	320	301	110	37.625
-1.832596	2.295480	1.008277	24	334	256	37.623
1.047198	1.413430	2.550734	318	9	233	37.617
-1.832596	1.194549	-0.801900	29	317	62	37.612
1.570796	2.164094	-2.991358	294	308	223	37.600
1.832596	2.115563	0.685730	1	289	310	37.600
-2.094395	2.588535	-2.976617	315	286	279	37.593
-2.617994	1.699788	2.452890	10	297	310	37.593
-3.141593	0.571433	-1.188419	31	301	81	37.592
-1.308997	1.214854	-1.966664	44	333	120	37.588
-1.832596	1.683268	0.374177	18	5	252	37.586
0.523599	0.203748	0.590255	4	310	59	37.585
-1.308997	2.664082	-1.071402	329	331	333	37.584
0.261799	1.824694	1.850876	308	323	271	37.580
2.617994	0.992645	-1.723759	303	299	285	37.578
-1.308997	2.251330	-2.330739	322	317	130	37.569
1.308997	1.756530	-2.105156	305	38	130	37.568
-2.617994	2.404280	-0.174044	18	333	283	37.562
-0.261799	0.910508	1.903534	325	304	212	37.561
-1.047198	1.869911	2.701025	60	331	43	37.560
-2.094395	1.766067	2.153843	31	301	306	37.556
0.261799	1.045978	0.343692	279	15	85	37.556
-2.617994	1.736875	3.023612	11	286	327	37.555
-0.523599	0.619654	-2.216909	25	325	236	37.555
1.308997	1.134796	2.434290	21	11	276	37.545
-1.308997	0.615174	-0.666022	327	301	228	37.541
0.523599	2.108018	1.311430	289	335	212	37.534
0.785398	0.733948	3.021411	40	12	308	37.529
2.094395	1.310100	1.488307	308	317	62	37.527
2.879793	1.699788	2.452890	292	333	83	37.527
1.832596	0.571433	-1.188419	330	307	9	37.518
-1.570796	1.870545	-2.976234	45	289	322	37.516
2.617994	1.870545	-2.976234	317	317	333	37.512
-2.879793	2.664082	-1.071402	13	35	133	37.506
2.094395	2.187132	-0.479875	29	299	118	37.503
0.000000	0.571433	-1.188419	0	318	234	37.502
2.617994	1.510910	-0.740472	3	322	331	37.502
-0.785398	1.242974	-2.977882	61	316	324	37.488
1.308997	2.033014	2.977192	332	24	300	37.487
2.879793	2.187132	-0.479875	44	323	111	37.485
0.785398	2.379497	0.561089	323	318	16	37.473
-2.356194	2.404280	-0.174044	39	11	322	37.464
-2.879793	2.174483	2.653697	10	283	325	37.460
2.879793	1.766067	2.153843	299	328	78	37.453
1.308997	2.456751	-1.503343	331	14	145	37.450
-1.832596	2.881233	-2.582574	1	298	323	37.445
-0.785398	0.591903	2.010408	18	314	46	37.439
1.570796	2.664082	-1.071402	45	318	61	37.436
-2.879793	2.979456	-1.009304	13	42	125	37.431
0.523599	0.591903	2.010408	3	314	232	37.428
-2.356194	1.256302	0.062705	29	322	267	37.422
-1.047198	1.440580	2.260026	39	326	274	37.419
-2.356194	2.979456	-1.009304	7	20	326	37.414
-3.141593	1.417623	-0.202254	52	308	89	37.406
-2.879793	1.846342	-1.796954	334	3	140	37.401
-3.141593	1.617114	-1.572037	3	0	140	37.401
-0.785398	2.587733	0.232235	307	12	269	37.400
-0.785398	2.704512	1.488683	6	9	249	37.383
-1.047198	1.732874	-0.951685	325	1	295	37.382
0.523599	1.875281	0.107086	320	324	13	37.371
2.617994	2.396274	-1.959260	335	31	136	37.368
-2.879793	2.180315	-1.357379	8	20	142	37.367
0.000000	2.592629	0.909713	335	25	59	37.367
-2.094395	1.504028	0.636812	21	328	233	37.366
-2.879793	0.615174	-0.666022	53	315	77	37.366
2.356194	1.658653	-2.409879	298	331	288	37.366
-0.261799	1.448123	-2.163292	8	17	128	37.364
-2.879793	1.135813	-2.658866	331	292	327	37.364
0.785398	2.089241	-0.114193	330	313	28	37.363
-1.047198	2.587733	0.232235	12	21	335	37.362
-0.261799	2.108018	1.311430	311	7	217	37.362
0.261799	2.299159	2.264663	34	20	326	37.359
0.261799	2.719179	-1.780644	6	333	140	37.358
-1.570796	1.617114	-1.572037	329	3	139	37.356
0.000000	1.766067	2.153843	28	29	32	37.356
-1.308997	1.998705	2.370472	61	330	58	37.356
0.523599	0.906588	1.252948	294	330	62	37.353
-2.879793	1.812176	0.656819	31	0	314	37.352
-3.141593	1.194549	-0.801900	1	291	257	37.349
2.356194	0.571433	-1.188419	4	306	66	37.349
2.617994	1.413430	2.550734	292	11	80	37.344
-2.094395	2.393226	1.857173	52	306	89	37.332
-3.141593	0.419640	2.974122	326	326	315	37.328
1.832596	1.545873	-1.877082	299	18	135	37.318
1.832596	1.301460	-0.509251	3	292	109	37.317
-0.785398	2.760637	2.781135	56	316	4	37.304
1.832596	1.812176	0.656819	306	305	85	37.294
-3.141593	1.325504	-1.671296	306	302	132	37.293
-2.617994	1.872854	1.543456	43	302	72	37.291
0.523599	0.914445	2.687814	34	6	272	37.288
-2.094395	2.478122	2.609777	329	280	241	37.283
-1.308997	1.417623	-0.202254	5	11	261	37.278
-2.094395	1.870545	-2.976234	27	281	322	37.272
1.047198	2.760637	2.781135	5	47	113	37.270
2.094395	2.404280	-0.174044	32	298	26	37.269
2.356194	2.979456	-1.009304	46	333	112	37.262
1.047198	1.433411	-1.035986	335	320	27	37.257
1.047198	1.741644	-2.695914	13	30	311	37.251
-2.356194	0.615174	-0.666022	19	299	233	37.250
0.000000	2.455966	-0.641220	298	307	270	37.241
2.356194	1.869911	2.701025	286	14	91	37.233
2.094395	0.418037	1.360082	48	1	34	37.227
-1.047198	1.875281	0.107086	19	26	324	37.224
1.832596	2.704512	1.488683	326	307	332	37.223
-1.047198	0.496451	0.593859	308	19	69	37.221
-0.261799	2.063651	-2.044600	11	11	137	37.203
2.879793	0.910508	1.903534	312	13	63	37.201
-1.832596	1.134796	2.434290	19	305	57	37.193
0.000000	2.379497	0.561089	327	10	16	37.193
1.308997	1.732874	-0.951685	3	310	125	37.193
2.879793	2.863997	0.549740	47	300	8	37.192
-2.356194	2.719179	-1.780644	13	303	99	37.188
2.617994	1.128190	-2.288622	318	313	1	37.185
0.523599	1.554776	0.100351	279	333	98	37.184
2.094395	2.704512	1.488683	332	299	0	37.176
-0.523599	2.073035	2.027405	47	18	55	37.172
-0.785398	0.458961	-0.107937	312	43	82	37.164
0.000000	1.374601	-2.456031	10	24	119	37.151
-2.617994	1.982574	-1.115518	16	16	142	37.139
-0.261799	2.579248	-2.364801	13	1	134	37.131
-2.879793	2.251330	-2.330739	289	319	128	37.125
2.879793	1.909857	-0.381669	44	314	104	37.108
-1.047198	0.929350	-2.910676	53	315	38	37.098
1.570796	2.456751	-1.503343	327	16	144	37.096
-2.094395	2.089241	-0.114193	41	11	322	37.090
-0.523599	1.045978	0.343692	290	12	88	37.090
-2.094395	0.080730	-2.622036	20	302	64	37.081
1.570796	1.506530	1.988858	293	2	62	37.081
2.356194	0.615174	-0.666022	1	284	91	37.064
-0.523599	0.914445	2.687814	46	323	63	37.052
1.308997	1.391910	3.030322	5	22	287	37.050
0.785398	1.545873	-1.877082	319	27	136	37.049
2.094395	1.168678	2.108595	319	330	230	37.049
-1.832596	2.719179	-1.780644	328	320	332	37.044
-1.047198	0.831641	0.616218	304	17	204	37.042
1.047198	0.418037	1.360082	31	304	281	37.040
-1.570796	2.379497	0.561089	10	13	267	37.040
-0.785398	1.658653	-2.409879	6	310	123	37.033
-1.047198	0.864993	2.278281	22	314	269	37.031
-1.570796	1.506530	1.988858	29	4	312	37.017
1.308997	0.615174	-0.666022	268	312	222	37.013
2.879793	1.836682	-0.676006	38	312	335	37.007
-2.094395	1.168678	2.108595	323	321	54	37.006
-2.617994	2.592629	0.909713	25	306	268	37.004
0.261799	0.458961	-0.107937	282	19	81	37.002
1.570796	0.618092	2.539118	28	14	282	37.002
0.523599	2.404280	-0.174044	331	313	31	37.002
2.356194	0.866955	-0.931351	330	289	102	37.000
-2.879793	1.736875	3.023612	290	321	99	36.999
-1.047198	2.343981	-1.040456	309	324	295	36.998
1.570796	1.413347	-1.339188	288	12	133	36.989
2.094395	1.440580	2.260026	301	17	75	36.988
1.832596	2.356369	3.005869	283	27	111	36.980
0.000000	1.135813	-2.658866	18	2	238	36.979
0.261799	2.295480	1.008277	5	311	323	36.979
-0.785398	0.290380	-0.796960	29	21	328	36.974
-1.570796	2.108018	1.311430	27	3	254	36.973
-1.832596	1.218453	2.777284	25	303	58	36.970
-0.261799	2.180315	-1.357379	311	332	132	36.969
-2.094395	1.194549	-0.801900	58	330	78	36.965
-3.141593	0.762244	-0.273349	4	291	97	36.964
-1.047198	2.295480	1.008277	334	12	237	36.961
1.308997	1.809167	1.213774	282	324	78	36.960
-1.570796	0.290380	-0.796960	53	19	52	36.958
0.785398	2.033014	2.977192	15	30	301	36.957
-1.832596	2.251330	-2.330739	308	318	129	36.954
1.832596	1.310100	1.488307	304	319	62	36.944
1.832596	0.685216	-1.712745	312	330	305	36.943
-0.523599	1.756530	-2.105156	4	4	133	36.941
0.261799	1.699788	2.452890	30	30	34	36.939
-1.570796	1.756530	-2.105156	322	302	132	36.936
0.523599	1.824694	1.850876	4	26	32	36.919
1.832596	1.982574	-1.115518	17	313	128	36.917
-1.832596	1.721184	-0.153948	50	22	79	36.915
-1.047198	2.724429	-0.348782	333	8	335	36.909
-2.617994	2.455966	-0.641220	38	20	84	36.907
2.879793	0.591903	2.010408	313	28	77	36.907
-2.879793	1.045978	0.343692	19	301	226	36.899
-2.617994	1.045978	0.343692	21	311	226	36.899
-1.832596	1.569311	-3.003978	11	331	260	36.897
1.308997	2.588535	-2.976617	10	46	119	36.890
-2.094395	2.108018	1.311430	56	324	82	36.884
1.308997	1.569311	-3.003978	328	57	100	36.880
0.261799	2.407836	1.410646	3	28	48	36.877
2.094395	2.164094	-2.991358	281	23	112	36.864
-1.308997	1.113094	-0.272241	40	22	315	36.860
-2.094395	2.033014	2.977192	325	282	263	36.851
2.879793	2.089241	-0.114193	44	306	109	36.850
0.523599	1.506530	1.988858	20	4	275	36.846
1.570796	1.756530	-2.105156	309	28	133	36.841
-3.141593	0.615174	-0.666022	9	287	249	36.841
0.261799	2.187132	-0.479875	296	6	139	36.840
1.308997	0.458961	-0.107937	331	298	296	36.837
-1.570796	0.992645	-1.723759	44	333	117	36.833
1.047198	0.914445	2.687814	29	21	24	36.832
0.523599	1.194549	-0.801900	332	11	21	36.830
2.617994	1.658653	-2.409879	297	321	288	36.829
0.000000	2.063651	-2.044600	2	333	134	36.823
0.785398	0.619654	-2.216909	323	18	268	36.822
-2.879793	1.870545	-2.976234	289	323	110	36.821
-2.617994	1.721184	-0.153948	59	335	108	36.819
1.570796	2.174483	2.653697	4	311	307	36.818
-3.141593	2.153910	-1.714959	334	17	141	36.816
-0.785398	2.063651	-2.044600	3	303	297	36.813
-2.879793	2.073035	2.027405	21	286	76	36.813
0.523599	2.001437	0.381215	280	0	94	36.811
1.308997	1.869911	2.701025	330	18	290	36.806
-0.523599	2.587733	0.232235	300	6	269	36.799
-0.523599	2.180315	-1.357379	323	5	146	36.799
-3.141593	1.510910	-0.740472	39	298	31	36.796
-2.617994	0.618092	2.539118	307	333	52	36.790
-1.570796	0.458961	-0.107937	11	313	268	36.781
0.261799	1.194549	-0.801900	334	330	248	36.780
1.570796	1.488617	1.159546	293	314	72	36.760
-2.617994	2.001437	0.381215	24	5	316	36.752
-1.832596	2.637879	2.121598	51	302	331	36.741
-1.308997	1.325504	-1.671296	42	4	129	36.740
-2.617994	1.417623	-0.202254	61	325	89	36.739
-0.261799	1.555207	1.708892	329	13	238	36.734
-1.047198	2.579248	-2.364801	332	290	289	36.730
-3.141593	1.256302	0.062705	48	300	307	36.730
-2.094395	2.719179	-1.780644	328	327	333	36.730
-0.785398	1.977582	0.969896	25	40	63	36.729
0.523599	1.128190	-2.288622	44	328	335	36.727
-0.261799	1.846342	-1.796954	331	9	138	36.727
0.261799	2.138223	1.678323	3	33	44	36.723
1.832596	2.187132	-0.479875	23	296	118	36.722
-1.832596	0.733948	3.021411	11	293	65	36.722
1.570796	0.496451	0.593859	23	296	288	36.715
2.356194	2.407836	1.410646	299	308	86	36.714
2.617994	2.247462	0.191623	38	296	101	36.706
-1.047198	0.700570	1.559208	334	319	62	36.706
-2.356194	2.187132	-0.479875	35	7	329	36.699
2.094395	1.134497	-1.109631	328	303	17	36.699
-1.570796	0.080730	-2.622036	330	284	223	36.699
1.047198	2.343981	-1.040456	324	0	147	36.697
-0.523599	1.904882	-1.478089	320	8	141	36.697
-0.261799	2.396274	-1.959260	7	335	140	36.695
-2.356194	2.356369	3.005869	314	284	268	36.691
1.832596	1.554776	0.100351	6	288	8	36.689
0.000000	1.113094	-0.272241	331	17	5	36.681
2.617994	2.138223	1.678323	300	297	80	36.680
-1.308997	2.164094	-2.991358	9	289	274	36.673
1.308997	1.766067	2.153843	7	18	30	36.673
1.570796	1.545873	-1.877082	289	7	127	36.672
0.261799	2.984978	1.954446	21	35	67	36.672
0.785398	0.910508	1.903534	36	321	305	36.664
-3.141593	0.899350	-2.069907	316	297	287	36.650
-2.094395	1.662363	0.915448	21	325	229	36.648
-2.617994	0.992645	-1.723759	29	284	14	36.645
1.832596	0.418037	1.360082	50	318	314	36.645
-1.570796	1.721184	-0.153948	38	18	328	36.643
2.879793	2.138223	1.678323	328	294	73	36.636
-0.261799	2.343981	-1.040456	323	320	309	36.633
-0.523599	1.247695	1.809890	325	316	209	36.632
-0.785398	1.335669	0.897240	302	16	206	36.627
1.308997	2.299159	2.264663	334	25	45	36.626
-0.261799	2.138223	1.678323	30	28	54	36.625
2.617994	2.089241	-0.114193	39	299	109	36.622
-2.879793	1.569311	-3.003978	321	309	214	36.621
1.047198	1.555207	1.708892	333	22	49	36.620
1.308997	2.637879	2.121598	323	11	303	36.619
1.570796	2.073035	2.027405	331	9	36	36.615
-2.356194	1.135813	-2.658866	15	296	48	36.614
2.879793	2.104282	-0.813972	44	320	33	36.604
-2.617994	2.247462	0.191623	52	331	316	36.603
-3.141593	1.025536	1.576859	320	8	61	36.597
2.879793	0.961715	0.014085	304	301	240	36.593
0.785398	2.001437	0.381215	289	331	94	36.590
-0.785398	1.982574	-1.115518	315	324	295	36.589
-1.308997	2.108018	1.311430	18	8	251	36.588
-1.570796	2.153910	-1.714959	313	334	140	36.587
2.094395	0.831641	0.616218	291	314	228	36.584
1.047198	1.195355	1.200319	292	325	65	36.581
0.261799	1.310100	1.488307	309	316	202	36.568
-2.356194	2.251330	-2.330739	298	327	130	36.562
-1.570796	1.214854	-1.966664	46	321	123	36.561
-1.047198	1.658653	-2.409879	2	304	123	36.554
2.356194	2.089241	-0.114193	32	293	23	36.545
-2.094395	1.506530	1.988858	34	310	59	36.544
1.308997	2.343981	-1.040456	324	1	146	36.543
0.785398	1.869911	2.701025	10	26	290	36.540
0.261799	1.982574	-1.115518	308	5	140	36.540
1.047198	1.599406	1.426070	285	335	69	36.537
2.617994	1.448123	-2.163292	298	315	290	36.533
1.832596	1.809167	1.213774	306	322	71	36.532
0.785398	1.335669	0.897240	281	332	75	36.531
-1.570796	1.135813	-2.658866	331	291	108	36.528
-1.308997	1.135813	-2.658866	3	296	108	36.528
-1.047198	1.135834	-1.431087	327	307	221	36.528
-0.785398	1.766067	2.153843	11	9	304	36.522
-2.356194	2.138223	1.678323	48	302	80	36.512
-1.832596	1.998705	2.370472	7	293	248	36.512
0.523599	2.343981	-1.040456	17	307	29	36.509
0.261799	1.766067	2.153843	307	324	266	36.499
0.523599	1.184361	0.625864	306	334	118	36.498
0.785398	1.574060	2.783565	23	22	315	36.496
0.523599	1.413430	2.550734	23	17	275	36.493
-1.308997	0.685216	-1.712745	51	15	94	36.488
0.523599	1.904882	-1.478089	318	10	141	36.488
0.000000	0.992645	-1.723759	0	43	117	36.487
2.879793	2.164094	-2.991358	280	329	113	36.485
2.617994	1.662363	0.915448	27	286	79	36.479
1.832596	1.736875	3.023612	292	4	252	36.479
1.308997	1.721184	-0.153948	330	299	18	36.477
-2.879793	2.108018	1.311430	0	291	216	36.477
-2.094395	2.455966	-0.641220	18	34	122	36.476
-0.523599	2.407836	1.410646	30	28	2	36.472
0.523599	1.450119	-2.739050	33	27	303	36.470
2.617994	1.325504	-1.671296	333	307	123	36.470
0.000000	1.218453	2.777284	45	14	29	36.468
2.356194	1.875281	0.107086	30	298	74	36.465
-1.570796	2.343981	-1.040456	6	1	2	36.465
0.000000	1.440580	2.260026	335	3	229	36.461
1.047198	1.574060	2.783565	8	24	283	36.460
-0.523599	1.574060	2.783565	56	332	316	36.449
0.785398	2.979456	-1.009304	32	293	16	36.446
2.094395	0.850607	-1.335383	314	310	301	36.443
-2.617994	2.881233	-2.582574	322	318	322	36.438
-1.832596	0.831641	0.616218	324	32	76	36.433
-1.570796	2.637879	2.121598	56	322	55	36.432
-1.570796	2.356369	3.005869	6	287	270	36.429
-0.261799	1.310100	1.488307	314	320	208	36.429
1.308997	2.760637	2.781135	13	36	107	36.419
-0.523599	0.685216	-1.712745	54	25	57	36.414
-0.523599	0.866955	-0.931351	31	27	316	36.413
0.785398	0.418037	1.360082	24	302	279	36.408
0.523599	1.836682	-0.676006	286	313	253	36.402
-2.879793	2.393226	1.857173	21	291	293	36.401
0.523599	1.869911	2.701025	26	37	41	36.396
0.261799	0.762244	-0.273349	283	26	92	36.391
1.570796	1.214854	-1.966664	304	0	289	36.388
2.356194	1.510910	-0.740472	13	294	25	36.384
0.261799	0.910508	1.903534	26	317	274	36.381
-2.094395	2.174483	2.653697	40	286	315	36.380
1.832596	1.413347	-1.339188	333	315	123	36.380
-1.308997	1.606104	-0.451151	33	16	332	36.378
-0.523599	2.356369	3.005869	18	17	57	36.378
-1.047198	2.073035	2.027405	52	4	54	36.376
-2.879793	1.824694	1.850876	27	292	68	36.374
-0.523599	2.138223	1.678323	335	3	226	36.373
-1.308997	1.510910	-0.740472	38	9	334	36.365
0.000000	2.180315	-1.357379	316	0	140	36.358
-2.879793	2.587733	0.232235	55	321	10	36.353
-0.523599	1.113094	-0.272241	318	23	271	36.349
-2.617994	1.128190	-2.288622	10	284	0	36.349
0.261799	1.617114	-1.572037	320	19	138	36.348
-0.261799	0.619654	-2.216909	47	9	308	36.347
0.261799	1.325504	-1.671296	317	21	126	36.344
-2.617994	2.979456	-1.009304	6	43	125	36.342
1.047198	0.203748	0.590255	12	292	293	36.341
0.000000	0.615174	-0.666022	0	322	238	36.339
0.000000	0.685216	-1.712745	328	41	116	36.339
0.785398	1.732874	-0.951685	292	314	257	36.336
2.094395	1.824694	1.850876	302	1	68	36.331
2.879793	2.455966	-0.641220	47	3	84	36.331
2.879793	1.824694	1.850876	306	318	67	36.329
2.356194	1.506530	1.988858	303	5	73	36.321
0.523599	2.138223	1.678323	6	24	37	36.314
-0.523599	1.872854	1.543456	327	335	215	36.299
-1.570796	2.180315	-1.357379	310	10	140	36.293
2.356194	2.063651	-2.044600	295	16	137	36.289
-0.785398	2.407836	1.410646	41	37	69	36.281
0.785398	0.571433	-1.188419	328	5	3	36.280
-1.832596	1.184361	0.625864	330	30	77	36.279
2.879793	2.299159	2.264663	301	296	252	36.276
-1.308997	0.866395	-2.492918	56	310	66	36.276
-0.261799	1.134796	2.434290	0	317	203	36.272
0.785398	2.295480	1.008277	11	304	324	36.268
1.832596	1.732874	-0.951685	11	306	124	36.268
-2.094395	2.073035	2.027405	0	291	216	36.267
-3.141593	1.554776	0.100351	315	308	276	36.264
2.879793	1.977582	0.969896	35	287	87	36.247
2.356194	1.732874	-0.951685	30	307	34	36.245
2.879793	1.214854	-1.966664	328	304	117	36.239
0.000000	0.379747	-1.713059	31	21	332	36.235
-2.094395	1.113094	-0.272241	326	296	248	36.233
-2.617994	1.413430	2.550734	32	326	294	36.232
1.832596	1.448123	-2.163292	296	25	128	36.230
-1.570796	0.850607	-1.335383	323	297	228	36.227
1.570796	1.247695	1.809890	303	332	58	36.226
1.832596	1.247695	1.809890	305	329	58	36.226
-2.617994	2.108018	1.311430	39	305	74	36.217
1.570796	1.982574	-1.115518	311	4	146	36.216
0.523599	2.299159	2.264663	333	327	307	36.215
-1.570796	2.456751	-1.503343	302	5	136	36.214
2.879793	1.606104	-0.451151	308	312	270	36.212
0.523599	0.290380	-0.796960	325	2	329	36.199
-2.356194	0.866955	-0.931351	57	302	11	36.196
-0.785398	2.719179	-1.780644	330	303	303	36.190
1.832596	1.214854	-1.966664	300	329	289	36.185
-0.785398	1.134497	-1.109631	40	16	324	36.182
0.000000	2.299159	2.264663	2	333	315	36.181
-1.832596	0.379747	-1.713059	52	317	56	36.178
1.047198	1.218453	2.777284	13	22	267	36.178
1.832596	1.617114	-1.572037	313	320	300	36.178
2.094395	1.756530	-2.105156	329	13	126	36.173
-3.141593	1.736875	3.023612	285	329	99	36.168
0.785398	1.721184	-0.153948	323	318	18	36.166
0.000000	2.104282	-0.813972	310	323	298	36.163
2.094395	2.295480	1.008277	39	310	2	36.153
-2.094395	1.440580	2.260026	27	304	59	36.152
-1.308997	0.709924	0.218797	314	37	85	36.147
-2.617994	2.393226	1.857173	28	295	292	36.147
2.879793	1.113094	-0.272241	33	287	101	36.145
-0.261799	1.982574	-1.115518	318	17	144	36.142
-0.261799	1.766067	2.153843	9	0	331	36.140
-0.785398	2.174483	2.653697	63	333	332	36.137
-2.617994	2.089241	-0.114193	50	334	323	36.136
2.879793	1.545873	-1.877082	295	325	132	36.132
-2.879793	2.356369	3.005869	291	319	108	36.124
-2.617994	2.588535	-2.976617	292	320	117	36.124
2.356194	1.977582	0.969896	317	305	79	36.123
-2.617994	2.187132	-0.479875	40	3	328	36.122
-3.141593	1.812176	0.656819	33	332	313	36.122
-2.879793	2.404280	-0.174044	306	2	118	36.120
-0.785398	1.247695	1.809890	310	1	232	36.117
2.879793	1.510910	-0.740472	35	304	333	36.105
-1.047198	1.736875	3.023612	62	322	63	36.105
2.617994	1.977582	0.969896	324	307	79	36.102
1.308997	0.203748	0.590255	19	295	288	36.098
0.000000	0.290380	-0.796960	303	37	81	36.097
1.308997	2.073035	2.027405	334	16	36	36.095
-0.785398	2.295480	1.008277	321	12	227	36.093
1.570796	0.866395	-2.492918	297	36	109	36.081
-2.879793	2.089241	-0.114193	56	329	100	36.081
0.000000	1.310100	1.488307	313	317	208	36.081
2.094395	1.574060	2.783565	291	25	89	36.079
-0.785398	0.960688	-0.577532	0	21	272	36.078
0.000000	1.574060	2.783565	312	309	81	36.072
-1.570796	2.299159	2.264663	51	306	321	36.071
0.261799	1.756530	-2.105156	333	13	128	36.070
-2.094395	1.417623	-0.202254	22	326	262	36.070
2.879793	1.875281	0.107086	50	307	91	36.060
1.570796	1.836682	-0.676006	305	296	276	36.056
-2.879793	2.592629	0.909713	55	315	69	36.048
1.570796	1.812176	0.656819	298	308	84	36.047
-3.141593	0.619654	-2.216909	299	289	259	36.042
0.785398	0.850607	-1.335383	288	18	113	36.041
1.047198	2.108018	1.311430	276	1	85	36.040
2.094395	1.433411	-1.035986	5	303	122	36.037
2.094395	1.721184	-0.153948	18	300	79	36.033
-2.094395	2.356369	3.005869	324	283	269	36.030
-0.523599	1.617114	-1.572037	328	15	139	36.028
0.261799	0.619654	-2.216909	334	39	107	36.026
-1.570796	1.574060	2.783565	332	329	242	36.023
2.094395	2.760637	2.781135	321	4	312	36.022
0.785398	1.014500	0.906702	286	326	70	36.019
-1.047198	1.242974	-2.977882	6	300	100	36.008
2.356194	1.569311	-3.003978	318	328	326	35.999
-0.523599	1.218453	2.777284	45	327	275	35.998
0.785398	1.214854	-1.966664	308	25	118	35.998
2.356194	2.104282	-0.813972	29	310	123	35.997
-2.356194	0.910508	1.903534	314	4	55	35.993
2.356194	2.295480	1.008277	16	283	315	35.990
-1.308997	0.618092	2.539118	20	308	51	35.990
2.356194	2.863997	0.549740	333	282	266	35.990
0.261799	0.906588	1.252948	294	1	61	35.989
0.261799	1.904882	-1.478089	319	9	141	35.976
-0.785398	1.869911	2.701025	60	330	322	35.975
-1.570796	1.301460	-0.509251	47	10	326	35.971
-2.094395	0.615174	-0.666022	22	308	233	35.965
1.308997	1.606104	-0.451151	8	7	307	35.962
-0.523599	1.606104	-0.451151	10	20	332	35.956
1.308997	1.658653	-2.409879	326	54	120	35.951
-3.141593	1.050534	3.042579	328	309	309	35.950
0.785398	1.756530	-2.105156	322	40	130	35.950
1.308997	1.555207	1.708892	290	335	64	35.950
2.356194	1.374601	-2.456031	317	326	2	35.949
-1.308997	1.872854	1.543456	39	0	281	35.949
-2.094395	1.214854	-1.966664	36	313	122	35.948
2.094395	1.699788	2.452890	292	18	82	35.947
1.047198	1.756530	-2.105156	313	40	130	35.941
2.356194	1.433411	-1.035986	11	301	122	35.935
-3.141593	1.875281	0.107086	26	335	320	35.927
1.832596	0.866955	-0.931351	321	304	7	35.923
2.356194	1.168678	2.108595	308	16	72	35.916
1.308997	2.379497	0.561089	289	313	97	35.904
0.000000	1.214854	-1.966664	0	30	128	35.893
-2.356194	0.379747	-1.713059	0	280	234	35.892
-0.261799	1.134497	-1.109631	312	30	119	35.892
0.785398	0.866395	-2.492918	21	27	304	35.890
-3.141593	1.699788	2.452890	295	327	82	35.883
1.570796	1.809167	1.213774	286	316	78	35.874
-2.356194	1.998705	2.370472	36	288	307	35.871
-1.308997	0.831641	0.616218	308	32	75	35.865
1.832596	2.089241	-0.114193	17	293	23	35.859
2.356194	2.356369	3.005869	277	8	111	35.858
1.047198	1.184361	0.625864	282	320	80	35.858
-1.308997	1.766067	2.153843	22	9	305	35.856
-1.308997	2.396274	-1.959260	327	319	140	35.856
2.879793	0.618092	2.539118	1	4	310	35.855
1.832596	1.658653	-2.409879	287	31	118	35.851
-0.523599	1.812176	0.656819	7	37	56	35.849
0.261799	1.948085	-2.363031	3	12	125	35.847
-0.523599	1.510910	-0.740472	17	19	334	35.846
-1.308997	1.977582	0.969896	11	16	253	35.839
-2.617994	1.504028	0.636812	56	320	295	35.837
0.000000	1.555207	1.708892	16	4	270	35.837
0.000000	1.448123	-2.163292	4	24	128	35.833
0.523599	2.104282	-0.813972	294	307	256	35.833
-3.141593	1.809167	1.213774	38	293	75	35.829
1.570796	1.135834	-1.431087	281	15	124	35.828
-1.570796	2.247462	0.191623	37	32	77	35.823
-0.261799	2.587733	0.232235	323	6	329	35.821
-2.094395	0.960688	-0.577532	21	312	245	35.810
2.094395	0.591903	2.010408	14	29	48	35.808
1.832596	0.992645	-1.723759	281	317	251	35.805
1.570796	1.569311	-3.003978	330	21	298	35.802
-2.356194	1.554776	0.100351	62	3	67	35.800
-0.261799	1.554776	0.100351	286	24	98	35.792
-0.523599	1.433411	-1.035986	27	17	333	35.777
2.879793	2.153910	-1.714959	0	20	141	35.775
-1.047198	0.910508	1.903534	301	14	99	35.773
-2.356194	1.301460	-0.509251	20	302	331	35.771
-2.094395	2.863997	0.549740	52	19	68	35.768
-1.308997	1.555207	1.708892	31	328	275	35.768
2.617994	2.251330	-2.330739	3	18	125	35.763
-0.523599	1.948085	-2.363031	7	335	129	35.763
1.047198	1.732874	-0.951685	297	9	141	35.762
0.000000	1.869911	2.701025	8	9	229	35.752
-1.047198	0.615174	-0.666022	39	314	330	35.744
0.261799	1.168678	2.108595	3	1	235	35.738
0.523599	1.574060	2.783565	31	33	35	35.722
1.832596	1.869911	2.701025	289	4	219	35.721
1.047198	1.134796	2.434290	25	9	276	35.720
0.523599	1.301460	-0.509251	326	2	16	35.717
2.879793	1.413430	2.550734	287	319	78	35.716
0.261799	2.579248	-2.364801	18	316	289	35.714
-0.261799	2.174483	2.653697	51	28	50	35.710
2.356194	2.637879	2.121598	291	304	260	35.705
1.308997	1.948085	-2.363031	321	35	130	35.700
-3.141593	2.180315	-1.357379	10	20	142	35.699
0.523599	2.073035	2.027405	5	33	40	35.698
-0.261799	2.588535	-2.976617	23	316	279	35.697
-2.356194	1.736875	3.023612	4	316	242	35.689
-2.094395	1.325504	-1.671296	39	321	129	35.689
2.094395	2.343981	-1.040456	32	318	125	35.674
1.047198	1.367556	0.358405	289	317	85	35.672
1.047198	2.881233	-2.582574	308	0	219	35.656
2.356194	2.760637	2.781135	318	332	313	35.653
1.047198	1.812176	0.656819	278	324	93	35.652
1.570796	2.115563	0.685730	295	309	89	35.652
-2.617994	0.899350	-2.069907	320	278	269	35.650
0.523599	0.864993	2.278281	10	330	235	35.647
-0.523599	0.290380	-0.796960	328	44	81	35.643
-1.832596	1.391910	3.030322	13	0	265	35.637
0.523599	0.418037	1.360082	18	301	279	35.636
-0.261799	2.089241	-0.114193	329	10	332	35.628
2.356194	1.413430	2.550734	293	17	81	35.623
2.879793	1.736875	3.023612	28	309	304	35.623
1.570796	1.134796	2.434290	15	11	277	35.623
-1.570796	1.846342	-1.796954	323	331	139	35.618
-1.047198	1.574060	2.783565	50	316	285	35.609
-0.261799	2.704512	1.488683	24	36	58	35.607
2.356194	1.870545	-2.976234	312	332	305	35.607
-0.785398	1.506530	1.988858	0	316	214	35.607
0.000000	0.619654	-2.216909	41	18	307	35.605
0.523599	2.592629	0.909713	283	19	105	35.590
1.308997	0.379747	-1.713059	327	4	332	35.589
-0.261799	2.153910	-1.714959	326	335	139	35.588
0.523599	1.736875	3.023612	34	38	45	35.576
-0.785398	2.108018	1.311430	331	8	226	35.575
2.617994	1.045978	0.343692	19	301	258	35.573
0.261799	1.135834	-1.431087	10	335	262	35.571
2.617994	2.724429	-0.348782	44	316	112	35.557
-3.141593	2.295480	1.008277	6	321	247	35.556
0.261799	0.700570	1.559208	319	295	210	35.552
0.523599	1.391910	3.030322	36	33	38	35.552
1.832596	1.168678	2.108595	321	331	229	35.546
2.094395	1.045978	0.343692	14	283	82	35.529
-0.261799	0.685216	-1.712745	0	37	116	35.525
0.261799	1.417623	-0.202254	328	7	17	35.524
-0.785398	1.824694	1.850876	11	8	309	35.516
2.879793	1.812176	0.656819	33	329	313	35.516
-1.570796	0.615174	-0.666022	324	299	228	35.508
1.047198	1.335669	0.897240	284	322	75	35.507
-1.047198	2.863997	0.549740	21	34	68	35.507
-1.832596	1.506530	1.988858	36	315	59	35.503
-1.047198	0.640596	-2.797608	52	314	54	35.499
1.308997	1.247695	1.809890	303	4	58	35.496
-1.832596	1.242974	-2.977882	35	299	62	35.488
0.000000	1.658653	-2.409879	13	19	127	35.486
-1.570796	0.929350	-2.910676	39	303	41	35.478
2.356194	1.113094	-0.272241	4	290	277	35.475
2.617994	1.218453	2.777284	289	16	86	35.470
2.879793	2.407836	1.410646	18	289	296	35.464
2.094395	1.982574	-1.115518	21	314	128	35.462
-1.570796	2.587733	0.232235	327	11	247	35.461
1.308997	2.247462	0.191623	35	311	13	35.461
0.000000	1.554776	0.100351	282	16	98	35.458
0.523599	2.063651	-2.044600	330	9	134	35.455
