160	1.2	1
-2.617994	1.134796	2.434290
0.000000	0.000000	0.000000
1ext.pdb	14.325	16.151	-23.365
model.B99990002.pdb	-19.309	21.705	-1.543
1.047198	1.545873	-1.877082	20	31	36	51.524
-1.832596	2.881233	-2.582574	17	28	25	51.349
1.308997	2.760637	2.781135	16	30	36	51.304
-1.570796	0.571433	-1.188419	32	21	40	50.912
2.094395	0.458961	-0.107937	25	30	41	50.620
1.047198	0.418037	1.360082	26	27	38	50.469
1.047198	2.588535	-2.976617	21	32	33	50.106
1.308997	1.545873	-1.877082	16	31	36	49.298
2.617994	1.662363	0.915448	19	33	38	49.193
-0.261799	1.391910	3.030322	28	18	43	48.981
2.356194	1.214854	-1.966664	123	158	17	48.762
0.785398	2.407836	1.410646	23	28	33	48.450
0.000000	1.045978	0.343692	15	20	46	48.285
2.094395	1.448123	-2.163292	126	6	16	47.409
-1.570796	0.685216	-1.712745	23	28	34	47.302
-1.832596	0.290380	-0.796960	31	23	33	46.703
-2.094395	0.458961	-0.107937	26	27	30	46.394
2.356194	0.762244	-0.273349	23	32	34	46.172
0.785398	2.379497	0.561089	125	145	17	46.013
2.094395	0.864993	2.278281	20	28	28	45.991
-1.832596	0.762244	-0.273349	31	25	41	45.363
-1.047198	0.618092	2.539118	26	19	40	45.198
1.308997	0.496451	0.593859	28	25	46	44.926
0.261799	2.295480	1.008277	28	24	26	44.906
1.047198	2.164094	-2.991358	22	33	33	44.885
-2.617994	1.812176	0.656819	29	26	30	44.807
2.617994	2.396274	-1.959260	28	23	39	44.739
-1.047198	1.506530	1.988858	14	26	20	44.479
1.832596	1.374601	-2.456031	18	30	40	44.444
-2.356194	2.588535	-2.976617	17	31	29	44.435
1.047198	2.760637	2.781135	21	30	36	44.396
-1.308997	1.440580	2.260026	10	24	39	44.297
0.785398	0.418037	1.360082	30	24	38	44.219
-0.523599	1.569311	-3.003978	25	16	28	44.130
1.570796	0.370812	-2.547742	25	26	32	44.099
-1.832596	0.961715	0.014085	28	29	38	43.880
0.523599	2.295480	1.008277	24	26	26	43.834
-1.047198	2.349581	-2.702517	28	15	25	43.590
-3.141593	2.719179	-1.780644	24	27	33	43.311
1.308997	2.579248	-2.364801	26	28	41	43.191
1.047198	1.134796	2.434290	25	25	34	43.044
-0.523599	1.870545	-2.976234	25	17	32	42.983
1.832596	0.458961	-0.107937	29	26	39	42.923
-2.879793	1.554776	0.100351	30	23	42	42.780
-2.094395	1.335669	0.897240	32	22	39	42.740
0.785398	1.606104	-0.451151	28	17	46	42.652
1.832596	0.864993	2.278281	26	26	28	42.611
-1.570796	1.135813	-2.658866	21	25	40	42.582
-2.879793	2.104282	-0.813972	26	24	41	42.552
2.094395	1.948085	-2.363031	27	20	42	42.517
-0.523599	1.736875	3.023612	25	17	30	42.388
0.785398	0.615174	-0.666022	30	21	41	42.383
-0.785398	1.809167	1.213774	30	11	31	42.283
1.047198	0.203748	0.590255	27	23	44	42.206
-2.094395	1.488617	1.159546	32	24	34	42.182
2.879793	2.153910	-1.714959	28	22	42	42.162
-1.308997	0.080730	-2.622036	26	27	42	42.102
-2.094395	1.809167	1.213774	30	26	35	42.027
-1.832596	0.866955	-0.931351	30	22	40	41.929
-3.141593	1.045978	0.343692	33	18	39	41.897
1.308997	0.914445	2.687814	28	26	29	41.866
2.879793	0.674054	1.013609	19	28	31	41.852
1.047198	1.325504	-1.671296	20	30	38	41.791
2.356194	1.135834	-1.431087	29	29	33	41.733
1.047198	1.617114	-1.572037	20	28	43	41.723
-2.879793	2.251330	-2.330739	28	28	35	41.681
0.523599	1.872854	1.543456	21	27	37	41.680
0.523599	1.696674	-1.253233	27	22	47	41.675
-0.523599	2.456751	-1.503343	23	14	34	41.632
2.094395	1.374601	-2.456031	126	6	16	41.618
1.308997	0.203748	0.590255	24	26	46	41.578
0.000000	1.218453	2.777284	28	22	39	41.574
-0.785398	1.310100	1.488307	8	26	31	41.551
-2.879793	2.456751	-1.503343	23	27	36	41.474
-0.261799	1.184361	0.625864	11	21	46	41.461
-1.047198	1.448123	-2.163292	29	12	28	41.394
0.000000	1.014500	0.906702	23	14	43	41.270
0.000000	0.674054	1.013609	28	15	43	41.242
1.308997	0.866955	-0.931351	27	25	36	41.189
-0.785398	1.391910	3.030322	27	10	18	41.184
-0.261799	1.574060	2.783565	30	16	43	41.168
1.570796	1.128190	-2.288622	20	29	42	41.157
0.523599	2.108018	1.311430	28	24	29	41.104
-2.356194	1.812176	0.656819	25	29	30	41.097
-1.832596	1.846342	-1.796954	13	32	44	41.060
2.879793	2.478122	2.609777	27	31	32	41.045
1.832596	0.203748	0.590255	26	28	36	41.017
1.832596	0.496451	0.593859	26	28	31	41.016
-1.832596	2.719179	-1.780644	21	29	30	40.998
-1.308997	0.929350	-2.910676	21	24	42	40.952
-1.308997	0.618092	2.539118	27	17	39	40.948
-1.832596	1.599406	1.426070	27	27	30	40.927
2.356194	2.063651	-2.044600	18	28	29	40.917
-1.047198	2.664082	-1.071402	19	27	23	40.914
-2.617994	1.545873	-1.877082	23	31	34	40.733
0.523599	1.555207	1.708892	38	18	31	40.670
-0.785398	2.349581	-2.702517	27	17	27	40.661
-0.523599	1.741644	-2.695914	35	10	43	40.643
-0.523599	1.617114	-1.572037	32	14	51	40.590
0.261799	0.591903	2.010408	28	22	45	40.577
0.785398	2.001437	0.381215	23	24	27	40.506
-0.261799	1.736875	3.023612	26	14	47	40.394
1.832596	1.218453	2.777284	29	21	39	40.387
1.308997	0.571433	-1.188419	30	23	36	40.368
2.094395	2.664082	-1.071402	23	28	37	40.357
-2.879793	1.135834	-1.431087	23	31	31	40.340
0.261799	2.455966	-0.641220	23	15	35	40.319
-1.047198	0.864993	2.278281	25	15	42	40.304
-0.785398	2.579248	-2.364801	19	16	36	40.296
-2.879793	2.587733	0.232235	23	26	40	40.273
0.523599	0.992645	-1.723759	129	144	19	40.221
0.785398	0.960688	-0.577532	27	22	41	40.221
-0.785398	1.870545	-2.976234	27	15	31	40.182
2.094395	0.762244	-0.273349	28	30	33	40.164
-3.141593	2.404280	-0.174044	20	24	46	40.079
1.570796	2.719179	-1.780644	30	23	44	40.073
1.308997	2.349581	-2.702517	20	32	38	40.059
1.570796	2.588535	-2.976617	19	29	40	40.054
-1.832596	0.709924	0.218797	27	31	34	40.041
-3.141593	2.456751	-1.503343	27	24	36	40.034
-0.261799	2.863997	0.549740	24	27	32	40.021
0.261799	0.297065	2.160177	26	26	44	40.020
1.047198	2.349581	-2.702517	27	30	37	40.010
1.570796	0.850607	-1.335383	29	24	33	39.986
-1.570796	2.881233	-2.582574	12	29	25	39.968
2.879793	0.615174	-0.666022	19	33	37	39.946
-0.261799	2.456751	-1.503343	24	15	36	39.919
-1.308997	0.379747	-1.713059	22	28	35	39.906
-0.523599	1.662363	0.915448	25	17	31	39.733
1.832596	1.134796	2.434290	20	28	25	39.715
0.785398	1.617114	-1.572037	25	28	42	39.708
2.617994	0.615174	-0.666022	24	31	34	39.684
2.356194	1.335669	0.897240	13	32	51	39.629
-2.356194	2.579248	-2.364801	21	29	36	39.547
1.832596	2.719179	-1.780644	25	27	45	39.536
-1.832596	2.979456	-1.009304	34	24	26	39.449
1.832596	1.606104	-0.451151	26	29	29	39.434
-0.261799	1.247695	1.809890	38	12	29	39.401
2.879793	0.618092	2.539118	131	145	23	39.400
-2.879793	1.335669	0.897240	25	27	38	39.374
-1.570796	1.766067	2.153843	12	25	39	39.346
1.047198	0.640596	-2.797608	133	143	23	39.308
2.617994	1.135813	-2.658866	123	155	11	39.282
-1.308997	2.456751	-1.503343	15	29	27	39.271
0.523599	0.418037	1.360082	25	21	52	39.260
0.261799	0.906588	1.252948	33	14	20	39.215
1.047198	0.496451	0.593859	32	22	46	39.211
0.785398	1.045978	0.343692	32	17	29	39.211
-0.785398	2.881233	-2.582574	13	28	27	39.128
0.523599	1.134796	2.434290	16	28	44	39.058
-3.141593	0.297065	2.160177	27	26	34	39.057
1.047198	1.736875	3.023612	23	30	31	39.050
0.261799	1.721184	-0.153948	27	13	38	39.037
1.047198	2.404280	-0.174044	131	142	16	38.998
1.570796	0.203748	0.590255	30	26	34	38.943
-1.308997	2.979456	-1.009304	24	28	26	38.922
2.356194	1.374601	-2.456031	124	1	16	38.908
2.356194	0.458961	-0.107937	19	31	43	38.893
0.000000	0.418037	1.360082	24	20	43	38.879
0.523599	2.407836	1.410646	28	25	32	38.855
-1.832596	1.413430	2.550734	14	26	25	38.853
-0.523599	1.658653	-2.409879	33	12	46	38.796
1.570796	2.579248	-2.364801	21	31	41	38.773
-2.879793	2.760637	2.781135	21	30	31	38.771
0.523599	0.496451	0.593859	28	19	39	38.759
-0.261799	1.256302	0.062705	17	21	36	38.709
-0.261799	0.418037	1.360082	26	18	41	38.639
0.785398	0.910508	1.903534	34	24	35	38.636
2.356194	2.356369	3.005869	26	29	32	38.626
-1.047198	1.218453	2.777284	27	13	26	38.621
0.523599	2.379497	0.561089	26	23	31	38.614
-0.785398	1.599406	1.426070	8	27	34	38.614
-0.785398	2.108018	1.311430	18	34	26	38.574
1.570796	1.606104	-0.451151	29	26	30	38.571
-0.261799	1.218453	2.777284	31	18	39	38.539
0.523599	2.587733	0.232235	40	12	16	38.532
2.879793	2.396274	-1.959260	25	25	40	38.519
-2.617994	1.504028	0.636812	28	27	32	38.477
2.094395	2.108018	1.311430	24	31	43	38.464
0.785398	2.588535	-2.976617	26	30	32	38.449
-1.047198	0.899350	-2.069907	16	29	42	38.413
1.832596	1.809167	1.213774	25	27	48	38.411
-0.785398	2.396274	-1.959260	14	21	23	38.406
0.261799	1.836682	-0.676006	29	14	34	38.385
-2.617994	1.554776	0.100351	27	26	42	38.374
-0.785398	2.033014	2.977192	14	15	46	38.368
-0.523599	0.080730	-2.622036	22	29	33	38.305
-1.047198	1.391910	3.030322	27	8	18	38.305
-1.047198	0.992645	-1.723759	34	18	38	38.300
-0.261799	1.050534	3.042579	29	21	40	38.272
2.617994	1.374601	-2.456031	124	154	17	38.205
1.570796	0.914445	2.687814	23	28	32	38.203
-3.141593	1.184361	0.625864	33	20	33	38.180
-0.261799	2.724429	-0.348782	36	8	11	38.147
-2.094395	0.080730	-2.622036	27	25	45	38.143
-0.785398	2.979456	-1.009304	34	16	11	38.130
1.570796	2.592629	0.909713	16	25	40	38.123
0.785398	2.108018	1.311430	24	28	30	38.099
-1.308997	2.164094	-2.991358	18	16	41	38.095
-1.832596	0.685216	-1.712745	33	20	26	38.090
2.094395	0.700570	1.559208	24	27	31	38.089
-1.308997	0.685216	-1.712745	16	30	36	38.088
-2.617994	1.846342	-1.796954	24	29	29	38.075
0.261799	1.732874	-0.951685	27	17	50	38.067
-1.047198	1.128190	-2.288622	17	27	46	38.058
2.356194	0.700570	1.559208	19	28	32	38.000
1.308997	2.393226	1.857173	20	30	39	38.000
2.356194	0.418037	1.360082	22	28	35	37.967
2.617994	1.335669	0.897240	7	32	51	37.936
1.308997	2.041297	-2.664597	22	32	40	37.922
-1.832596	1.809167	1.213774	29	27	37	37.897
1.570796	2.637879	2.121598	19	30	41	37.867
1.308997	0.418037	1.360082	32	26	29	37.847
1.047198	1.510910	-0.740472	27	23	41	37.845
1.832596	0.685216	-1.712745	29	24	30	37.844
-1.308997	2.724429	-0.348782	34	22	21	37.829
0.000000	0.203748	0.590255	21	26	50	37.819
-0.785398	1.846342	-1.796954	32	5	51	37.761
0.000000	2.664082	-1.071402	23	14	38	37.741
0.000000	0.700570	1.559208	35	12	22	37.740
2.879793	1.247695	1.809890	24	29	42	37.733
-0.523599	1.574060	2.783565	31	12	42	37.729
-1.308997	0.899350	-2.069907	20	28	41	37.709
-0.523599	1.367556	0.358405	25	16	30	37.684
1.047198	1.045978	0.343692	41	18	38	37.677
-1.832596	0.458961	-0.107937	30	27	34	37.664
1.308997	0.700570	1.559208	28	28	29	37.645
-0.261799	1.335669	0.897240	22	18	29	37.638
2.356194	0.619654	-2.216909	29	26	31	37.635
0.261799	0.418037	1.360082	27	20	48	37.632
-0.785398	0.419640	2.974122	36	17	29	37.613
-2.617994	1.683268	0.374177	27	27	35	37.556
1.570796	1.374601	-2.456031	23	30	38	37.552
-1.047198	1.836682	-0.676006	24	23	22	37.539
2.356194	1.448123	-2.163292	124	1	16	37.527
-0.261799	1.014500	0.906702	22	17	26	37.519
1.308997	2.295480	1.008277	127	140	11	37.510
1.047198	2.138223	1.678323	13	30	41	37.450
0.785398	1.247695	1.809890	35	23	33	37.443
-0.261799	1.998705	2.370472	28	20	35	37.391
-1.047198	1.569311	-3.003978	31	6	20	37.389
-1.570796	0.203748	0.590255	26	26	42	37.377
-0.523599	1.948085	-2.363031	32	8	49	37.350
-3.141593	0.906588	1.252948	27	25	39	37.318
-2.094395	1.417623	-0.202254	29	26	39	37.313
-0.523599	0.370812	-2.547742	20	28	38	37.311
1.308997	2.396274	-1.959260	24	26	41	37.305
-1.570796	2.455966	-0.641220	31	23	19	37.294
-1.047198	0.419640	2.974122	38	12	29	37.262
-0.261799	1.367556	0.358405	14	21	38	37.258
2.094395	1.214854	-1.966664	125	4	17	37.241
2.617994	1.168678	2.108595	28	26	42	37.223
2.879793	1.696674	-1.253233	24	17	51	37.218
-0.261799	0.831641	0.616218	13	24	41	37.217
1.570796	2.456751	-1.503343	31	19	50	37.214
1.047198	0.700570	1.559208	33	25	30	37.203
-1.570796	1.506530	1.988858	157	14	57	37.194
1.047198	1.218453	2.777284	23	25	40	37.192
2.617994	0.419640	2.974122	133	141	22	37.186
-0.785398	1.948085	-2.363031	32	3	47	37.172
-0.261799	1.554776	0.100351	14	21	40	37.151
-1.308997	1.135813	-2.658866	5	28	49	37.146
-1.832596	0.899350	-2.069907	21	27	49	37.145
-1.047198	2.164094	-2.991358	24	17	23	37.135
0.261799	1.683268	0.374177	25	11	43	37.134
1.047198	1.606104	-0.451151	26	20	46	37.113
1.832596	1.875281	0.107086	26	29	38	37.107
0.523599	0.906588	1.252948	40	12	25	37.105
1.308997	0.674054	1.013609	27	27	33	37.056
1.308997	2.164094	-2.991358	17	33	33	37.054
-0.785398	1.488617	1.159546	8	26	37	37.051
1.832596	1.050534	3.042579	27	19	42	37.038
-0.523599	2.356369	3.005869	14	18	43	37.033
-2.617994	2.579248	-2.364801	23	30	31	37.015
1.570796	2.073035	2.027405	16	31	44	37.013
2.356194	2.251330	-2.330739	26	24	41	36.976
-2.356194	1.504028	0.636812	33	17	44	36.965
-2.617994	2.138223	1.678323	128	144	12	36.957
-1.308997	2.343981	-1.040456	26	19	13	36.942
-2.094395	1.948085	-2.363031	11	27	52	36.877
-0.785398	1.736875	3.023612	27	15	30	36.875
0.261799	1.247695	1.809890	34	19	29	36.850
-0.785398	0.297065	2.160177	28	19	49	36.750
-3.141593	2.588535	-2.976617	24	28	41	36.742
1.832596	2.456751	-1.503343	27	21	49	36.740
1.308997	2.033014	2.977192	17	31	32	36.731
2.617994	1.128190	-2.288622	124	151	17	36.725
0.261799	0.700570	1.559208	41	11	30	36.719
-0.785398	2.719179	-1.780644	24	13	37	36.714
0.000000	1.113094	-0.272241	21	17	28	36.700
-1.047198	2.455966	-0.641220	30	15	13	36.699
-1.570796	0.458961	-0.107937	27	29	36	36.692
1.570796	0.571433	-1.188419	27	26	38	36.680
1.570796	2.393226	1.857173	15	32	39	36.680
2.617994	2.587733	0.232235	22	23	51	36.676
-0.785398	2.404280	-0.174044	28	23	26	36.657
-0.261799	2.295480	1.008277	26	22	36	36.652
-1.308997	2.404280	-0.174044	33	17	15	36.636
0.523599	2.247462	0.191623	30	19	15	36.616
-2.879793	1.391910	3.030322	29	28	30	36.612
1.047198	1.699788	2.452890	22	22	53	36.607
-2.879793	0.960688	-0.577532	30	23	18	36.607
2.094395	0.203748	0.590255	21	30	38	36.591
-0.785398	2.041297	-2.664597	26	15	23	36.581
-0.523599	0.297065	2.160177	25	23	50	36.569
1.832596	1.135813	-2.658866	18	31	37	36.552
0.785398	1.662363	0.915448	39	18	28	36.538
-1.832596	2.664082	-1.071402	32	26	25	36.535
1.832596	1.391910	3.030322	29	20	39	36.506
0.261799	1.662363	0.915448	35	12	16	36.498
-1.832596	1.135834	-1.431087	32	22	28	36.489
2.356194	0.419640	2.974122	131	144	23	36.437
-0.261799	2.247462	0.191623	25	23	22	36.433
0.523599	0.866395	-2.492918	131	144	21	36.431
1.047198	2.984978	1.954446	26	27	37	36.421
1.832596	1.506530	1.988858	16	24	55	36.421
0.261799	1.134796	2.434290	20	26	44	36.415
1.308997	1.846342	-1.796954	16	31	38	36.393
0.785398	0.866395	-2.492918	134	139	20	36.372
-2.617994	1.736875	3.023612	25	30	29	36.371
-2.879793	1.242974	-2.977882	26	29	29	36.355
1.047198	2.033014	2.977192	19	32	25	36.351
-2.879793	0.866955	-0.931351	15	32	45	36.337
0.261799	1.025536	1.576859	41	12	29	36.320
0.785398	0.700570	1.559208	28	25	40	36.310
0.785398	2.247462	0.191623	126	147	17	36.310
2.094395	2.478122	2.609777	17	29	47	36.272
0.000000	1.367556	0.358405	12	18	48	36.271
-1.570796	0.370812	-2.547742	36	15	27	36.269
2.356194	2.579248	-2.364801	27	25	35	36.250
1.047198	2.295480	1.008277	124	145	11	36.244
-2.094395	0.961715	0.014085	32	26	35	36.243
-1.832596	1.699788	2.452890	17	26	26	36.237
-0.523599	2.153910	-1.714959	24	15	33	36.231
-1.047198	1.658653	-2.409879	32	5	45	36.210
-0.785398	0.992645	-1.723759	31	22	39	36.202
-1.570796	1.846342	-1.796954	7	32	44	36.196
0.523599	1.812176	0.656819	39	14	22	36.186
-3.141593	1.982574	-1.115518	24	23	47	36.185
-3.141593	0.458961	-0.107937	20	30	42	36.176
0.523599	1.662363	0.915448	33	16	16	36.173
-0.261799	2.115563	0.685730	31	20	21	36.169
-3.141593	1.367556	0.358405	33	19	36	36.168
-2.094395	2.407836	1.410646	129	143	15	36.168
0.261799	0.674054	1.013609	26	18	44	36.148
2.879793	0.290380	-0.796960	20	31	41	36.147
0.261799	1.909857	-0.381669	26	14	38	36.110
0.785398	1.135834	-1.431087	24	29	41	36.110
-3.141593	0.080730	-2.622036	19	24	53	36.091
0.261799	0.929350	-2.910676	28	28	36	36.091
0.000000	2.295480	1.008277	23	25	36	36.082
0.000000	1.391910	3.030322	15	22	52	36.080
-2.879793	2.407836	1.410646	21	29	38	36.077
0.523599	1.247695	1.809890	39	18	33	36.075
0.785398	0.379747	-1.713059	24	26	38	36.053
0.000000	0.831641	0.616218	26	15	41	36.052
0.523599	0.379747	-1.713059	28	23	39	36.049
-3.141593	1.606104	-0.451151	18	31	27	36.042
-0.523599	1.374601	-2.456031	35	14	42	36.038
1.308997	1.214854	-1.966664	23	25	48	36.037
0.785398	1.440580	2.260026	24	24	50	36.033
2.356194	1.662363	0.915448	25	32	38	36.026
1.570796	1.218453	2.777284	21	28	30	36.025
-3.141593	1.824694	1.850876	20	32	41	36.015
-1.570796	1.218453	2.777284	22	17	23	36.009
-0.523599	2.863997	0.549740	28	24	31	36.000
-1.832596	1.488617	1.159546	27	28	35	35.999
-0.785398	0.591903	2.010408	27	16	39	35.997
-0.785398	1.413430	2.550734	26	16	27	35.991
-2.356194	0.458961	-0.107937	30	24	29	35.984
2.879793	1.128190	-2.288622	29	30	39	35.968
0.785398	2.637879	2.121598	15	30	30	35.945
-2.094395	0.496451	0.593859	25	30	29	35.944
-1.832596	1.904882	-1.478089	23	24	16	35.934
-2.617994	2.153910	-1.714959	36	23	34	35.901
1.308997	2.251330	-2.330739	26	29	45	35.890
-0.261799	0.591903	2.010408	37	12	26	35.887
-1.047198	1.134796	2.434290	26	13	25	35.863
-2.879793	1.812176	0.656819	33	23	30	35.863
0.000000	0.618092	2.539118	31	22	30	35.862
0.261799	1.554776	0.100351	24	14	40	35.849
0.785398	2.115563	0.685730	25	24	31	35.841
0.000000	0.591903	2.010408	31	19	44	35.838
-2.094395	2.881233	-2.582574	20	29	22	35.827
-2.094395	1.045978	0.343692	28	30	32	35.787
-3.141593	1.448123	-2.163292	23	32	30	35.772
-1.308997	2.187132	-0.479875	30	22	24	35.770
-2.879793	1.683268	0.374177	32	24	36	35.768
0.261799	0.864993	2.278281	22	26	39	35.768
-0.261799	1.555207	1.708892	38	13	30	35.764
-1.570796	1.440580	2.260026	15	26	39	35.751
-2.094395	2.153910	-1.714959	23	28	27	35.751
-2.879793	2.588535	-2.976617	20	30	40	35.750
-2.356194	1.662363	0.915448	33	21	39	35.748
-2.879793	1.134497	-1.109631	16	33	41	35.725
-0.523599	1.510910	-0.740472	26	16	30	35.724
-3.141593	2.138223	1.678323	20	32	32	35.698
0.523599	1.510910	-0.740472	30	16	34	35.686
-2.094395	0.685216	-1.712745	33	24	34	35.685
-1.308997	2.588535	-2.976617	30	16	29	35.667
-0.785398	1.440580	2.260026	10	12	54	35.666
0.785398	0.685216	-1.712745	17	26	47	35.666
-3.141593	0.618092	2.539118	132	144	22	35.660
-2.879793	0.290380	-0.796960	33	26	29	35.656
-2.617994	0.910508	1.903534	26	27	30	35.642
-3.141593	0.591903	2.010408	127	149	18	35.642
-2.617994	1.218453	2.777284	25	29	37	35.633
0.261799	1.872854	1.543456	40	13	27	35.627
1.047198	2.393226	1.857173	16	28	44	35.609
-1.832596	2.164094	-2.991358	11	27	40	35.609
-2.356194	2.104282	-0.813972	18	28	45	35.599
1.832596	2.579248	-2.364801	19	29	45	35.595
2.617994	1.982574	-1.115518	23	29	26	35.593
0.785398	1.325504	-1.671296	24	31	36	35.578
-1.047198	1.440580	2.260026	15	23	16	35.573
-1.308997	1.128190	-2.288622	21	26	45	35.555
-2.617994	0.914445	2.687814	25	27	41	35.555
1.047198	1.195355	1.200319	34	22	22	35.551
-2.094395	2.637879	2.121598	18	29	30	35.535
-0.261799	0.910508	1.903534	37	13	27	35.530
0.523599	1.977582	0.969896	25	24	23	35.529
2.094395	0.910508	1.903534	27	23	23	35.513
-0.785398	1.741644	-2.695914	35	5	42	35.508
-2.356194	2.073035	2.027405	129	143	18	35.507
0.785398	1.824694	1.850876	17	28	42	35.507
2.094395	1.683268	0.374177	14	29	50	35.502
2.617994	2.349581	-2.702517	26	28	32	35.497
-1.047198	1.599406	1.426070	13	28	34	35.486
-2.094395	0.618092	2.539118	19	29	47	35.478
-1.832596	2.396274	-1.959260	7	32	44	35.472
-2.094395	0.960688	-0.577532	28	24	35	35.465
-0.523599	1.256302	0.062705	25	16	28	35.456
1.047198	1.488617	1.159546	31	23	20	35.451
2.617994	1.214854	-1.966664	123	152	17	35.451
-0.261799	1.504028	0.636812	10	17	49	35.446
1.047198	1.168678	2.108595	19	30	47	35.445
-1.570796	2.187132	-0.479875	29	20	15	35.432
-1.832596	2.343981	-1.040456	30	26	23	35.431
-2.617994	1.904882	-1.478089	38	21	29	35.429
-2.617994	1.809167	1.213774	44	7	23	35.412
-2.356194	1.545873	-1.877082	17	33	34	35.407
1.308997	1.417623	-0.202254	40	20	23	35.398
1.308997	2.587733	0.232235	19	13	46	35.373
0.000000	2.299159	2.264663	24	13	50	35.373
2.617994	1.014500	0.906702	24	29	33	35.370
-3.141593	0.831641	0.616218	13	30	35	35.351
-1.047198	1.488617	1.159546	13	28	37	35.349
-0.261799	1.113094	-0.272241	23	16	28	35.339
-1.832596	1.756530	-2.105156	12	29	49	35.334
0.261799	1.875281	0.107086	27	10	41	35.322
2.879793	1.448123	-2.163292	29	29	30	35.314
-1.832596	1.113094	-0.272241	29	26	43	35.311
-1.047198	0.866395	-2.492918	22	25	45	35.301
-2.617994	2.592629	0.909713	31	24	36	35.300
-1.308997	2.579248	-2.364801	15	24	26	35.296
-0.523599	2.073035	2.027405	10	25	34	35.283
1.308997	0.910508	1.903534	15	33	43	35.267
-1.308997	1.555207	1.708892	19	29	25	35.237
-1.570796	1.545873	-1.877082	28	23	37	35.230
0.523599	2.592629	0.909713	22	28	30	35.222
-1.832596	1.413347	-1.339188	32	22	28	35.221
2.879793	0.762244	-0.273349	32	22	18	35.218
-3.141593	1.195355	1.200319	30	25	37	35.216
-3.141593	2.704512	1.488683	126	151	9	35.215
0.523599	2.138223	1.678323	20	27	42	35.210
-0.523599	1.184361	0.625864	25	16	28	35.196
1.832596	1.450119	-2.739050	19	31	33	35.191
0.261799	0.203748	0.590255	17	28	50	35.185
-1.308997	2.637879	2.121598	123	151	6	35.169
-1.570796	0.762244	-0.273349	29	28	42	35.168
-2.356194	0.290380	-0.796960	23	29	28	35.164
2.617994	0.290380	-0.796960	26	29	42	35.153
-0.523599	1.440580	2.260026	37	10	37	35.153
-2.879793	2.719179	-1.780644	38	20	31	35.146
0.523599	0.674054	1.013609	34	15	49	35.144
0.261799	0.910508	1.903534	25	24	35	35.121
2.356194	2.881233	-2.582574	24	27	30	35.112
-2.879793	0.831641	0.616218	26	21	48	35.111
-1.570796	1.413347	-1.339188	28	24	28	35.098
0.523599	0.203748	0.590255	28	21	38	35.094
1.047198	0.899350	-2.069907	133	142	23	35.089
0.523599	1.836682	-0.676006	29	16	34	35.088
2.879793	2.719179	-1.780644	27	25	32	35.087
-1.832596	0.619654	-2.216909	37	15	31	35.081
0.261799	0.571433	-1.188419	15	26	47	35.080
1.047198	1.214854	-1.966664	136	138	23	35.078
1.047198	2.356369	3.005869	19	32	28	35.074
-1.308997	1.413430	2.550734	9	25	33	35.062
1.047198	1.440580	2.260026	20	27	50	35.062
1.832596	2.343981	-1.040456	22	28	38	35.055
-3.141593	0.496451	0.593859	22	28	33	35.046
-2.356194	2.979456	-1.009304	23	27	27	35.044
-1.832596	2.153910	-1.714959	12	33	41	35.039
2.094395	1.242974	-2.977882	127	6	11	35.038
2.879793	2.138223	1.678323	24	33	33	35.030
2.617994	1.450119	-2.739050	122	156	13	35.019
-2.356194	0.674054	1.013609	29	25	27	35.017
-1.047198	2.247462	0.191623	34	17	22	35.013
0.261799	2.863997	0.549740	15	31	31	35.000
0.261799	1.488617	1.159546	39	11	20	34.986
0.523599	1.195355	1.200319	39	14	22	34.985
2.094395	1.875281	0.107086	21	31	39	34.975
2.356194	1.683268	0.374177	9	29	50	34.956
0.000000	2.115563	0.685730	32	16	14	34.951
2.094395	2.164094	-2.991358	31	24	36	34.951
-1.570796	1.391910	3.030322	23	15	21	34.951
0.000000	1.242974	-2.977882	32	22	40	34.944
2.094395	1.869911	2.701025	12	25	55	34.926
-0.261799	1.301460	-0.509251	24	17	29	34.919
1.832596	1.721184	-0.153948	24	30	34	34.914
-2.879793	1.050534	3.042579	28	28	35	34.909
2.094395	0.418037	1.360082	26	26	33	34.904
-0.785398	0.619654	-2.216909	37	17	31	34.901
2.617994	0.960688	-0.577532	23	32	27	34.900
-2.617994	2.881233	-2.582574	11	26	49	34.898
-2.094395	2.664082	-1.071402	36	22	25	34.894
-0.523599	1.869911	2.701025	15	21	39	34.893
0.523599	1.721184	-0.153948	15	14	59	34.891
-2.879793	1.433411	-1.035986	38	17	21	34.891
-0.523599	1.247695	1.809890	38	8	28	34.876
1.308997	1.440580	2.260026	16	29	50	34.860
-2.879793	0.618092	2.539118	135	140	23	34.853
0.000000	2.863997	0.549740	30	26	23	34.851
2.094395	2.760637	2.781135	22	29	44	34.844
-2.094395	1.658653	-2.409879	14	25	55	34.842
-2.617994	2.063651	-2.044600	25	30	32	34.840
-1.570796	1.574060	2.783565	13	23	20	34.833
0.523599	1.050534	3.042579	25	29	33	34.824
0.785398	1.301460	-0.509251	26	21	44	34.818
0.000000	0.910508	1.903534	36	15	27	34.817
-1.047198	2.251330	-2.330739	15	21	27	34.811
-0.523599	1.545873	-1.877082	33	14	49	34.810
-2.879793	1.982574	-1.115518	21	25	47	34.801
0.000000	2.587733	0.232235	23	25	18	34.796
-3.141593	0.615174	-0.666022	35	22	24	34.788
-0.785398	0.370812	-2.547742	25	27	37	34.787
0.261799	1.510910	-0.740472	30	14	33	34.779
2.356194	1.168678	2.108595	32	23	41	34.770
-0.261799	1.135813	-2.658866	36	19	37	34.770
1.832596	1.909857	-0.381669	24	29	27	34.768
-0.523599	1.135813	-2.658866	37	14	37	34.764
-0.523599	1.766067	2.153843	15	21	39	34.764
-2.879793	0.297065	2.160177	23	29	34	34.751
1.308997	1.168678	2.108595	15	31	47	34.748
-2.356194	2.164094	-2.991358	2	22	55	34.736
0.523599	1.045978	0.343692	34	14	29	34.732
-0.261799	2.153910	-1.714959	33	11	37	34.724
0.785398	0.992645	-1.723759	12	24	57	34.724
-0.261799	2.587733	0.232235	36	13	18	34.721
-1.047198	2.180315	-1.357379	20	26	34	34.717
0.000000	2.592629	0.909713	22	26	40	34.715
0.000000	1.721184	-0.153948	31	8	18	34.714
-0.523599	0.850607	-1.335383	33	26	40	34.711
-1.308997	1.413347	-1.339188	24	25	28	34.706
1.047198	1.194549	-0.801900	25	24	39	34.704
-2.879793	2.356369	3.005869	23	32	33	34.702
0.523599	0.297065	2.160177	32	25	34	34.702
-2.094395	1.872854	1.543456	41	14	19	34.693
0.000000	1.809167	1.213774	39	9	20	34.676
-3.141593	1.510910	-0.740472	130	154	22	34.667
1.832596	0.640596	-2.797608	134	144	26	34.658
1.047198	2.704512	1.488683	19	31	34	34.647
-0.261799	0.864993	2.278281	37	15	32	34.631
-0.785398	2.724429	-0.348782	26	26	21	34.626
1.308997	2.153910	-1.714959	21	27	44	34.625
-0.523599	1.904882	-1.478089	27	10	54	34.621
-2.094395	2.089241	-0.114193	24	27	52	34.621
2.094395	2.251330	-2.330739	21	26	23	34.616
1.308997	2.881233	-2.582574	23	31	39	34.615
-2.356194	1.977582	0.969896	26	26	23	34.612
0.523599	1.488617	1.159546	38	15	20	34.609
0.261799	1.218453	2.777284	19	19	56	34.609
-1.308997	1.574060	2.783565	18	17	38	34.608
1.308997	1.433411	-1.035986	23	27	36	34.604
-0.785398	1.617114	-1.572037	27	13	30	34.568
-1.047198	1.982574	-1.115518	21	26	30	34.537
0.261799	2.664082	-1.071402	22	16	40	34.534
-0.261799	1.683268	0.374177	13	21	41	34.533
-2.879793	1.195355	1.200319	26	28	37	34.524
0.000000	1.662363	0.915448	36	8	16	34.523
0.523599	1.391910	3.030322	24	30	36	34.521
-1.832596	1.325504	-1.671296	33	21	32	34.515
1.308997	2.637879	2.121598	17	26	47	34.511
-0.523599	1.413430	2.550734	24	17	27	34.497
-2.094395	0.709924	0.218797	30	27	32	34.496
0.000000	1.247695	1.809890	36	16	29	34.495
2.879793	1.374601	-2.456031	31	29	35	34.494
-2.879793	2.247462	0.191623	14	24	54	34.487
2.617994	1.977582	0.969896	20	34	32	34.480
1.047198	2.379497	0.561089	125	146	12	34.466
-0.523599	1.699788	2.452890	15	20	39	34.457
-3.141593	1.050534	3.042579	34	24	36	34.449
0.000000	1.504028	0.636812	28	16	16	34.448
-0.785398	1.025536	1.576859	25	16	26	34.430
-1.570796	2.174483	2.653697	17	26	26	34.427
0.785398	0.297065	2.160177	27	28	35	34.424
-0.785398	0.864993	2.278281	6	17	60	34.424
1.308997	1.699788	2.452890	19	25	53	34.413
2.617994	2.760637	2.781135	9	25	50	34.408
-2.094395	1.662363	0.915448	31	24	41	34.407
0.000000	2.404280	-0.174044	20	23	20	34.394
-2.356194	1.948085	-2.363031	15	27	53	34.388
-2.879793	0.864993	2.278281	132	143	23	34.371
-1.570796	1.325504	-1.671296	29	23	32	34.363
-2.356194	2.456751	-1.503343	34	25	29	34.356
-1.570796	1.658653	-2.409879	7	25	55	34.339
0.785398	1.872854	1.543456	16	29	37	34.334
0.785398	0.906588	1.252948	38	17	25	34.331
2.094395	0.831641	0.616218	27	25	18	34.330
-0.523599	2.247462	0.191623	27	18	12	34.325
2.617994	2.033014	2.977192	20	31	39	34.325
2.879793	0.899350	-2.069907	28	30	42	34.314
2.617994	0.674054	1.013609	23	27	29	34.309
1.570796	1.310100	1.488307	30	26	41	34.306
-3.141593	2.356369	3.005869	28	30	32	34.305
-2.356194	2.407836	1.410646	127	148	15	34.305
-0.785398	0.080730	-2.622036	28	27	33	34.302
-2.617994	2.456751	-1.503343	38	20	29	34.300
-1.308997	2.356369	3.005869	24	20	26	34.298
-1.308997	0.619654	-2.216909	31	22	29	34.291
-2.617994	2.719179	-1.780644	35	24	31	34.290
-2.094395	0.615174	-0.666022	31	22	36	34.290
1.047198	2.579248	-2.364801	31	27	40	34.285
-2.617994	2.104282	-0.813972	22	26	45	34.283
0.523599	1.599406	1.426070	39	17	25	34.267
2.356194	2.592629	0.909713	23	30	19	34.262
-1.308997	0.419640	2.974122	25	21	35	34.253
0.785398	1.555207	1.708892	36	22	31	34.252
0.261799	1.195355	1.200319	40	8	22	34.242
1.832596	2.984978	1.954446	9	28	46	34.238
-1.570796	0.290380	-0.796960	27	27	34	34.231
0.000000	1.736875	3.023612	27	21	42	34.225
-0.523599	1.721184	-0.153948	12	24	25	34.219
1.832596	0.914445	2.687814	18	29	32	34.217
2.094395	1.545873	-1.877082	128	4	23	34.210
-0.523599	1.417623	-0.202254	17	21	37	34.204
-0.523599	1.450119	-2.739050	37	11	38	34.200
0.000000	1.050534	3.042579	15	20	57	34.184
-2.094395	0.571433	-1.188419	26	28	29	34.182
-3.141593	1.374601	-2.456031	25	32	35	34.182
2.094395	1.325504	-1.671296	126	1	24	34.178
0.000000	1.977582	0.969896	31	20	22	34.175
-3.141593	1.440580	2.260026	17	29	55	34.166
-2.879793	1.869911	2.701025	29	27	27	34.165
2.879793	1.982574	-1.115518	21	29	26	34.157
1.832596	1.310100	1.488307	25	28	42	34.153
0.523599	0.961715	0.014085	34	10	25	34.145
1.570796	1.574060	2.783565	14	23	56	34.145
2.356194	1.812176	0.656819	14	27	52	34.144
0.000000	1.310100	1.488307	36	15	24	34.138
-2.356194	2.180315	-1.357379	36	23	27	34.137
0.523599	2.664082	-1.071402	20	12	49	34.121
0.523599	1.025536	1.576859	39	16	29	34.120
-3.141593	0.960688	-0.577532	17	33	41	34.105
-3.141593	1.194549	-0.801900	20	32	37	34.104
1.047198	2.587733	0.232235	129	141	19	34.096
-1.308997	1.242974	-2.977882	18	23	45	34.086
0.000000	1.184361	0.625864	26	12	41	34.085
1.047198	2.001437	0.381215	130	139	24	34.084
1.308997	1.732874	-0.951685	38	15	21	34.065
-0.523599	1.168678	2.108595	38	10	32	34.055
2.617994	0.762244	-0.273349	19	33	35	34.052
-0.261799	1.812176	0.656819	30	17	17	34.047
-1.570796	2.396274	-1.959260	2	31	43	34.030
0.000000	1.982574	-1.115518	30	12	51	34.030
-2.356194	1.448123	-2.163292	129	147	19	34.028
-2.356194	1.413347	-1.339188	9	12	62	34.028
-2.356194	1.218453	2.777284	28	27	31	34.027
-2.094395	1.113094	-0.272241	30	25	38	34.023
1.308997	1.766067	2.153843	19	29	47	34.022
1.047198	2.089241	-0.114193	21	13	53	34.013
-3.141593	0.709924	0.218797	18	30	37	34.010
0.261799	1.310100	1.488307	34	18	24	34.007
-2.617994	2.393226	1.857173	127	146	14	34.004
-1.047198	1.374601	-2.456031	16	23	51	34.000
-0.523599	1.045978	0.343692	24	16	27	33.991
0.785398	1.554776	0.100351	44	10	27	33.982
-3.141593	0.290380	-0.796960	36	21	28	33.980
1.570796	1.135813	-2.658866	133	148	23	33.976
-0.523599	1.599406	1.426070	37	9	26	33.973
2.617994	1.869911	2.701025	16	32	42	33.963
-0.785398	1.448123	-2.163292	32	13	45	33.956
-2.094395	2.456751	-1.503343	30	27	30	33.949
-2.879793	1.218453	2.777284	36	22	32	33.935
0.261799	2.115563	0.685730	25	23	21	33.934
-0.261799	1.696674	-1.253233	24	17	32	33.933
-1.832596	1.617114	-1.572037	15	33	40	33.926
-1.570796	2.456751	-1.503343	18	29	28	33.921
-3.141593	2.664082	-1.071402	37	13	20	33.918
-2.356194	0.831641	0.616218	30	29	28	33.915
-1.832596	0.615174	-0.666022	29	25	36	33.910
1.570796	0.458961	-0.107937	25	28	51	33.902
-0.523599	2.180315	-1.357379	5	14	58	33.900
-1.832596	1.545873	-1.877082	15	31	46	33.894
1.570796	0.674054	1.013609	32	25	23	33.893
1.047198	0.619654	-2.216909	130	146	23	33.889
1.570796	0.297065	2.160177	22	26	40	33.889
0.261799	1.812176	0.656819	30	14	13	33.887
2.094395	1.766067	2.153843	21	30	41	33.887
-3.141593	2.984978	1.954446	29	21	15	33.878
-0.261799	2.343981	-1.040456	24	14	34	33.877
-2.617994	0.864993	2.278281	14	20	62	33.876
-2.356194	2.343981	-1.040456	37	18	22	33.875
1.832596	1.869911	2.701025	15	26	53	33.869
-2.879793	1.256302	0.062705	32	21	44	33.869
-1.308997	1.696674	-1.253233	26	24	28	33.845
1.047198	1.135834	-1.431087	19	32	41	33.844
0.261799	1.256302	0.062705	18	17	48	33.843
-1.832596	1.569311	-3.003978	10	31	33	33.839
2.617994	1.812176	0.656819	18	33	32	33.837
-0.261799	0.733948	3.021411	39	12	25	33.836
-0.785398	1.247695	1.809890	8	22	40	33.835
-0.785398	1.218453	2.777284	25	15	25	33.828
-1.308997	2.104282	-0.813972	21	25	18	33.822
1.570796	0.709924	0.218797	32	26	39	33.819
0.523599	0.960688	-0.577532	32	16	40	33.816
0.523599	1.809167	1.213774	28	23	23	33.815
-2.356194	1.736875	3.023612	21	32	35	33.813
1.308997	1.488617	1.159546	28	25	20	33.812
-0.523599	1.732874	-0.951685	26	16	32	33.811
-1.832596	2.456751	-1.503343	14	33	37	33.804
1.047198	2.881233	-2.582574	27	29	38	33.802
-1.570796	1.374601	-2.456031	12	24	56	33.802
1.570796	1.504028	0.636812	38	25	36	33.802
-2.094395	0.290380	-0.796960	21	28	30	33.798
-2.094395	1.846342	-1.796954	18	31	44	33.788
0.261799	0.370812	-2.547742	17	27	47	33.786
-1.047198	2.104282	-0.813972	23	25	26	33.781
-1.047198	1.736875	3.023612	30	11	21	33.779
-1.308997	1.869911	2.701025	18	16	40	33.779
0.785398	2.138223	1.678323	16	27	43	33.771
-1.832596	2.251330	-2.330739	4	28	49	33.764
0.261799	2.247462	0.191623	33	16	15	33.762
-0.785398	1.574060	2.783565	24	16	19	33.761
1.570796	2.187132	-0.479875	134	143	8	33.756
0.261799	1.335669	0.897240	29	15	16	33.755
-0.785398	1.569311	-3.003978	10	12	59	33.751
-2.617994	2.247462	0.191623	11	25	55	33.741
-0.523599	1.555207	1.708892	38	8	30	33.738
-2.879793	2.138223	1.678323	126	150	12	33.737
1.570796	1.134796	2.434290	25	26	24	33.734
1.047198	0.866955	-0.931351	29	22	36	33.731
-2.356194	2.393226	1.857173	17	30	35	33.729
1.832596	0.899350	-2.069907	34	20	26	33.727
2.356194	0.866395	-2.492918	32	23	26	33.726
0.261799	2.108018	1.311430	22	26	37	33.724
1.308997	1.310100	1.488307	138	134	14	33.723
-2.879793	1.440580	2.260026	13	30	55	33.713
0.785398	2.592629	0.909713	22	28	21	33.704
-1.047198	2.724429	-0.348782	30	25	21	33.703
-2.617994	0.370812	-2.547742	27	23	32	33.700
2.094395	1.440580	2.260026	19	28	48	33.696
0.523599	1.242974	-2.977882	23	31	40	33.691
-1.570796	1.872854	1.543456	24	28	30	33.690
-2.356194	1.168678	2.108595	24	27	29	33.687
-1.832596	1.374601	-2.456031	15	23	56	33.686
-0.261799	1.699788	2.452890	30	15	43	33.670
0.785398	1.998705	2.370472	21	29	22	33.663
-1.308997	0.914445	2.687814	26	11	24	33.641
-0.261799	1.025536	1.576859	37	10	23	33.633
2.094395	1.488617	1.159546	21	32	34	33.630
0.261799	1.736875	3.023612	28	26	39	33.626
-0.523599	0.618092	2.539118	37	15	29	33.624
2.094395	2.063651	-2.044600	24	27	29	33.610
-1.047198	0.418037	1.360082	15	16	59	33.609
1.047198	2.592629	0.909713	125	144	15	33.602
1.047198	2.115563	0.685730	126	142	13	33.601
-2.879793	2.881233	-2.582574	15	32	41	33.599
-1.832596	1.391910	3.030322	25	14	22	33.599
1.832596	2.637879	2.121598	8	27	47	33.591
-0.523599	1.872854	1.543456	14	21	41	33.591
-2.356194	2.724429	-0.348782	17	30	53	33.582
2.356194	2.407836	1.410646	20	34	35	33.578
1.832596	0.591903	2.010408	21	27	38	33.574
-2.879793	0.762244	-0.273349	18	31	37	33.570
2.617994	2.153910	-1.714959	26	21	39	33.569
-3.141593	1.732874	-0.951685	26	19	47	33.569
-0.785398	1.545873	-1.877082	28	14	29	33.568
-2.617994	1.574060	2.783565	25	30	36	33.567
0.000000	2.187132	-0.479875	34	8	21	33.561
-1.832596	1.658653	-2.409879	11	25	55	33.559
-0.523599	1.504028	0.636812	24	17	29	33.549
-0.523599	1.335669	0.897240	24	16	29	33.545
1.047198	2.407836	1.410646	19	30	33	33.545
2.094395	2.174483	2.653697	15	28	52	33.542
-1.570796	2.356369	3.005869	38	12	17	33.540
0.785398	0.914445	2.687814	40	11	20	33.536
-2.617994	1.440580	2.260026	132	145	24	33.533
-1.832596	1.448123	-2.163292	15	28	51	33.526
-0.523599	0.418037	1.360082	29	16	41	33.526
2.879793	2.704512	1.488683	126	155	8	33.520
-0.785398	1.214854	-1.966664	33	17	43	33.518
-0.261799	1.374601	-2.456031	34	19	42	33.518
-2.094395	1.741644	-2.695914	10	21	57	33.511
1.047198	1.599406	1.426070	31	26	25	33.485
1.047198	1.836682	-0.676006	28	21	42	33.482
-2.094395	2.187132	-0.479875	17	30	39	33.478
-0.785398	0.866395	-2.492918	39	12	34	33.476
-0.261799	1.510910	-0.740472	24	17	31	33.470
1.047198	1.824694	1.850876	23	28	41	33.459
2.356194	1.135813	-2.658866	124	1	11	33.455
-3.141593	1.504028	0.636812	33	19	30	33.453
-3.141593	1.417623	-0.202254	24	27	22	33.452
1.308997	0.370812	-2.547742	30	22	31	33.452
-3.141593	1.904882	-1.478089	19	23	51	33.447
-2.617994	1.374601	-2.456031	27	31	27	33.445
2.094395	2.579248	-2.364801	38	12	20	33.425
-1.047198	1.696674	-1.253233	20	26	29	33.421
1.570796	1.721184	-0.153948	29	26	34	33.405
1.570796	2.138223	1.678323	23	27	45	33.404
-3.141593	1.135813	-2.658866	125	143	11	33.399
0.261799	2.407836	1.410646	33	21	31	33.387
-0.785398	1.904882	-1.478089	27	7	54	33.383
0.000000	2.724429	-0.348782	35	13	11	33.381
-0.523599	1.824694	1.850876	15	21	40	33.379
-2.094395	1.736875	3.023612	15	32	36	33.376
-2.094395	2.579248	-2.364801	16	31	37	33.374
-3.141593	1.218453	2.777284	34	24	36	33.373
1.047198	0.733948	3.021411	30	26	36	33.364
0.785398	0.496451	0.593859	26	20	57	33.357
-0.261799	1.168678	2.108595	37	15	32	33.356
1.832596	2.379497	0.561089	20	33	31	33.355
0.000000	1.488617	1.159546	39	6	20	33.349
-1.832596	1.128190	-2.288622	20	25	53	33.347
-1.047198	0.733948	3.021411	15	25	54	33.339
1.308997	1.128190	-2.288622	25	27	44	33.337
2.879793	1.812176	0.656819	39	15	30	33.332
-0.785398	1.510910	-0.740472	28	14	30	33.324
0.523599	2.724429	-0.348782	22	24	21	33.323
-1.047198	1.450119	-2.739050	36	3	39	33.322
1.832596	1.599406	1.426070	27	29	36	33.315
-2.356194	1.904882	-1.478089	34	25	29	33.307
1.570796	2.299159	2.264663	11	26	49	33.302
-1.570796	0.619654	-2.216909	21	28	48	33.298
-0.785398	1.982574	-1.115518	16	26	29	33.294
-2.617994	1.766067	2.153843	129	147	21	33.292
-0.261799	2.379497	0.561089	33	18	16	33.291
-2.094395	1.440580	2.260026	21	27	29	33.290
0.785398	1.809167	1.213774	39	17	33	33.283
-1.832596	1.433411	-1.035986	31	22	24	33.282
1.308997	1.599406	1.426070	28	28	25	33.281
1.308997	2.588535	-2.976617	26	30	25	33.278
1.570796	1.506530	1.988858	19	22	55	33.274
0.523599	1.218453	2.777284	17	21	56	33.267
0.261799	2.592629	0.909713	25	26	30	33.266
0.785398	0.864993	2.278281	19	29	49	33.264
0.000000	1.756530	-2.105156	33	21	47	33.263
-1.308997	0.615174	-0.666022	30	24	43	33.257
0.000000	0.297065	2.160177	39	17	35	33.226
-0.785398	2.251330	-2.330739	13	20	26	33.226
0.523599	0.864993	2.278281	23	26	49	33.224
1.832596	2.295480	1.008277	132	137	6	33.224
2.094395	2.881233	-2.582574	19	29	41	33.224
-0.785398	1.335669	0.897240	28	10	26	33.222
1.308997	0.906588	1.252948	27	27	38	33.216
-3.141593	1.391910	3.030322	38	18	26	33.208
2.094395	1.310100	1.488307	19	31	43	33.203
-1.047198	0.619654	-2.216909	23	27	40	33.202
0.261799	1.599406	1.426070	41	12	25	33.200
-3.141593	1.134796	2.434290	20	23	59	33.200
-2.617994	2.478122	2.609777	33	24	25	33.198
-2.617994	1.413430	2.550734	25	25	21	33.196
0.261799	1.809167	1.213774	38	13	21	33.192
-2.094395	2.251330	-2.330739	23	25	14	33.185
0.261799	1.367556	0.358405	24	14	40	33.180
-2.356194	2.664082	-1.071402	20	28	30	33.175
0.000000	2.396274	-1.959260	128	145	17	33.173
0.261799	0.619654	-2.216909	34	28	29	33.166
-0.523599	1.606104	-0.451151	17	20	40	33.162
2.879793	1.214854	-1.966664	27	32	34	33.162
-3.141593	1.872854	1.543456	18	32	40	33.162
1.570796	0.080730	-2.622036	27	25	35	33.161
0.261799	2.393226	1.857173	134	140	10	33.157
0.523599	1.554776	0.100351	44	4	26	33.155
1.570796	2.984978	1.954446	17	31	38	33.154
-2.879793	1.872854	1.543456	12	33	40	33.149
0.000000	0.864993	2.278281	24	25	38	33.139
-2.094395	2.041297	-2.664597	6	24	55	33.138
1.047198	2.174483	2.653697	19	30	28	33.135
0.261799	1.699788	2.452890	21	21	49	33.128
0.523599	2.299159	2.264663	25	30	25	33.127
-2.356194	0.700570	1.559208	27	27	36	33.123
0.785398	1.195355	1.200319	37	18	22	33.119
0.785398	2.579248	-2.364801	24	28	24	33.113
-0.523599	0.733948	3.021411	33	21	34	33.113
0.523599	1.335669	0.897240	36	11	16	33.111
-1.047198	0.370812	-2.547742	32	22	29	33.102
0.785398	1.367556	0.358405	44	11	34	33.097
-1.308997	1.214854	-1.966664	18	28	42	33.093
-0.523599	1.554776	0.100351	13	23	20	33.089
-1.047198	1.545873	-1.877082	29	13	46	33.089
0.523599	1.113094	-0.272241	27	18	45	33.086
-1.832596	1.134497	-1.109631	30	22	23	33.080
0.261799	1.977582	0.969896	29	22	22	33.074
0.000000	2.108018	1.311430	40	11	23	33.073
1.832596	1.504028	0.636812	33	29	36	33.072
2.094395	1.977582	0.969896	19	34	42	33.069
0.000000	1.606104	-0.451151	34	3	23	33.066
-1.570796	1.836682	-0.676006	31	21	22	33.055
0.785398	1.875281	0.107086	43	12	22	33.054
-1.047198	2.343981	-1.040456	23	20	13	33.052
2.356194	1.488617	1.159546	27	29	44	33.049
-0.261799	1.417623	-0.202254	32	3	34	33.048
1.047198	1.367556	0.358405	42	17	34	33.032
0.785398	0.619654	-2.216909	18	30	48	33.032
-0.261799	0.914445	2.687814	33	20	35	33.031
-2.094395	2.404280	-0.174044	19	29	53	33.019
-1.570796	0.618092	2.539118	30	14	39	33.017
-1.832596	1.982574	-1.115518	27	27	23	33.015
-2.356194	1.325504	-1.671296	27	26	22	32.999
0.000000	0.961715	0.014085	32	10	37	32.999
2.356194	1.721184	-0.153948	20	31	42	32.988
-2.356194	1.683268	0.374177	17	20	56	32.985
-3.141593	2.881233	-2.582574	20	30	42	32.983
1.832596	2.404280	-0.174044	133	143	9	32.981
-2.617994	1.050534	3.042579	23	30	36	32.976
-3.141593	2.174483	2.653697	24	33	41	32.967
-1.570796	2.979456	-1.009304	29	28	27	32.964
-0.261799	2.073035	2.027405	25	23	32	32.964
1.047198	1.335669	0.897240	32	18	16	32.955
-0.523599	1.812176	0.656819	32	15	18	32.948
-0.261799	2.108018	1.311430	27	19	36	32.947
-2.356194	1.617114	-1.572037	25	29	40	32.944
-0.523599	1.998705	2.370472	15	20	41	32.940
-0.785398	1.135813	-2.658866	40	8	37	32.939
-0.523599	2.404280	-0.174044	24	25	25	32.938
0.523599	0.700570	1.559208	31	22	40	32.937
-1.570796	0.379747	-1.713059	25	28	34	32.933
2.094395	1.256302	0.062705	30	32	33	32.929
-0.785398	1.721184	-0.153948	24	19	17	32.926
0.523599	1.413347	-1.339188	27	26	42	32.919
-0.523599	2.724429	-0.348782	21	27	21	32.919
0.261799	1.824694	1.850876	24	24	42	32.917
-0.523599	1.135834	-1.431087	33	22	45	32.915
-0.261799	2.979456	-1.009304	18	27	21	32.906
-2.617994	2.637879	2.121598	27	28	28	32.905
2.879793	2.724429	-0.348782	24	26	40	32.903
-1.832596	1.836682	-0.676006	27	22	15	32.903
0.261799	1.242974	-2.977882	28	27	40	32.902
1.308997	2.299159	2.264663	14	27	49	32.901
1.570796	0.418037	1.360082	17	30	46	32.898
1.570796	2.407836	1.410646	126	142	9	32.891
-1.832596	1.948085	-2.363031	7	27	52	32.887
1.308997	2.187132	-0.479875	36	18	19	32.879
-3.141593	2.592629	0.909713	38	18	36	32.878
-2.617994	1.448123	-2.163292	21	31	40	32.868
2.356194	2.760637	2.781135	12	25	50	32.859
1.570796	2.174483	2.653697	22	23	52	32.858
0.785398	2.478122	2.609777	24	30	31	32.856
-0.523599	0.864993	2.278281	38	12	31	32.853
-0.785398	0.906588	1.252948	25	14	25	32.851
-1.832596	0.850607	-1.335383	23	29	29	32.848
0.261799	1.391910	3.030322	13	22	52	32.848
-0.261799	1.310100	1.488307	37	12	25	32.837
0.523599	2.393226	1.857173	23	24	44	32.836
-3.141593	1.766067	2.153843	16	34	49	32.835
-0.261799	1.869911	2.701025	29	18	38	32.835
2.617994	1.488617	1.159546	21	31	44	32.834
0.523599	2.456751	-1.503343	34	16	20	32.826
1.308997	2.404280	-0.174044	28	23	13	32.825
-0.785398	2.455966	-0.641220	28	17	13	32.825
1.047198	1.310100	1.488307	24	28	37	32.820
2.356194	0.733948	3.021411	133	147	27	32.820
-1.570796	1.135834	-1.431087	27	24	27	32.819
2.879793	0.960688	-0.577532	22	31	41	32.817
-3.141593	1.574060	2.783565	40	17	29	32.809
-2.356194	0.866955	-0.931351	27	27	23	32.808
-1.570796	2.719179	-1.780644	5	32	39	32.797
-1.832596	2.063651	-2.044600	9	31	47	32.796
0.785398	0.591903	2.010408	22	30	43	32.794
-2.356194	2.881233	-2.582574	17	31	34	32.787
-2.094395	1.836682	-0.676006	30	20	15	32.787
-1.570796	1.433411	-1.035986	27	23	24	32.786
-1.570796	1.736875	3.023612	27	14	23	32.785
2.356194	0.591903	2.010408	21	29	31	32.784
-0.261799	0.640596	-2.797608	13	29	42	32.783
0.261799	1.504028	0.636812	26	16	15	32.764
-2.879793	1.606104	-0.451151	26	24	20	32.763
0.785398	1.696674	-1.253233	24	26	47	32.758
0.261799	2.138223	1.678323	24	23	42	32.755
-2.617994	2.001437	0.381215	16	23	55	32.755
1.570796	1.699788	2.452890	15	27	53	32.752
0.785398	0.762244	-0.273349	129	144	25	32.752
-0.523599	0.866395	-2.492918	37	17	33	32.752
2.879793	1.184361	0.625864	34	16	34	32.738
-3.141593	1.812176	0.656819	37	20	30	32.735
-3.141593	1.836682	-0.676006	30	19	41	32.730
-2.879793	0.615174	-0.666022	31	26	24	32.728
-1.570796	1.214854	-1.966664	12	31	48	32.728
1.832596	1.699788	2.452890	38	20	35	32.727
-0.261799	1.045978	0.343692	16	21	33	32.723
-1.047198	1.413347	-1.339188	20	26	28	32.721
-0.785398	0.379747	-1.713059	19	26	48	32.719
2.617994	1.756530	-2.105156	27	25	41	32.719
-3.141593	1.256302	0.062705	21	28	25	32.718
0.261799	0.496451	0.593859	31	16	39	32.708
0.523599	0.370812	-2.547742	137	136	25	32.706
-2.094395	1.510910	-0.740472	26	23	16	32.705
-1.308997	2.033014	2.977192	30	16	12	32.687
2.094395	1.658653	-2.409879	13	31	38	32.686
-1.308997	2.180315	-1.357379	24	26	34	32.685
-1.832596	0.929350	-2.910676	18	24	30	32.667
-0.523599	0.591903	2.010408	38	8	25	32.667
-2.879793	1.732874	-0.951685	25	20	49	32.666
-0.523599	1.982574	-1.115518	15	17	45	32.665
-0.785398	0.733948	3.021411	11	25	54	32.664
-2.879793	0.080730	-2.622036	127	143	17	32.663
0.785398	1.391910	3.030322	39	19	21	32.661
-1.047198	2.295480	1.008277	20	35	34	32.658
1.308997	2.343981	-1.040456	134	142	15	32.648
1.308997	1.736875	3.023612	17	32	31	32.643
1.570796	1.846342	-1.796954	140	140	20	32.638
1.308997	1.448123	-2.163292	16	31	30	32.637
1.047198	2.863997	0.549740	19	25	37	32.636
1.047198	0.709924	0.218797	40	18	40	32.634
-2.356194	2.251330	-2.330739	13	31	49	32.632
1.570796	1.168678	2.108595	9	31	47	32.631
-0.261799	1.875281	0.107086	13	20	43	32.620
-3.141593	0.762244	-0.273349	28	24	18	32.606
-1.570796	0.297065	2.160177	18	28	49	32.604
0.000000	1.836682	-0.676006	32	6	19	32.603
1.832596	2.587733	0.232235	33	22	20	32.602
1.047198	2.396274	-1.959260	26	28	27	32.592
-2.356194	1.554776	0.100351	41	16	27	32.588
-2.617994	1.367556	0.358405	29	26	39	32.583
-1.047198	0.591903	2.010408	29	14	38	32.577
-1.570796	0.733948	3.021411	16	26	47	32.572
-2.356194	2.379497	0.561089	13	29	50	32.569
0.523599	1.310100	1.488307	31	22	24	32.568
-1.047198	1.413430	2.550734	28	14	28	32.568
-2.356194	0.910508	1.903534	25	26	35	32.566
-1.308997	1.325504	-1.671296	25	25	32	32.558
-3.141593	0.961715	0.014085	20	31	30	32.558
0.523599	0.709924	0.218797	35	12	28	32.558
2.094395	0.674054	1.013609	8	25	60	32.557
2.617994	2.478122	2.609777	7	30	47	32.555
-1.308997	0.370812	-2.547742	34	19	27	32.553
1.832596	0.831641	0.616218	31	22	18	32.548
0.523599	2.001437	0.381215	26	22	26	32.546
-0.785398	1.450119	-2.739050	27	15	28	32.543
-2.356194	1.836682	-0.676006	22	26	46	32.543
-2.879793	1.184361	0.625864	26	24	44	32.542
2.879793	2.881233	-2.582574	35	24	33	32.542
-2.094395	2.704512	1.488683	44	14	34	32.542
2.356194	1.417623	-0.202254	18	30	48	32.533
-2.879793	2.592629	0.909713	127	150	8	32.525
0.000000	1.168678	2.108595	26	21	41	32.524
-2.356194	1.506530	1.988858	25	27	30	32.522
-2.094395	2.592629	0.909713	43	18	33	32.507
-1.047198	0.906588	1.252948	26	14	25	32.504
-0.785398	1.433411	-1.035986	28	14	29	32.502
0.000000	0.685216	-1.712745	31	30	35	32.502
-1.308997	0.674054	1.013609	17	32	44	32.501
0.523599	2.174483	2.653697	31	28	28	32.492
2.094395	2.356369	3.005869	31	25	31	32.487
1.047198	1.846342	-1.796954	21	29	38	32.486
0.785398	2.404280	-0.174044	128	146	16	32.480
-2.617994	1.135834	-1.431087	12	33	44	32.478
-1.047198	1.574060	2.783565	28	14	29	32.478
-1.047198	1.741644	-2.695914	29	13	31	32.477
0.523599	1.824694	1.850876	22	26	41	32.470
-0.523599	2.115563	0.685730	34	17	21	32.467
0.261799	2.637879	2.121598	32	22	24	32.467
-1.047198	2.063651	-2.044600	27	12	33	32.459
-1.047198	1.870545	-2.976234	19	18	40	32.456
-0.523599	2.164094	-2.991358	15	18	41	32.447
-1.047198	2.356369	3.005869	17	16	43	32.447
-0.261799	2.174483	2.653697	29	17	41	32.444
1.308997	2.704512	1.488683	14	32	34	32.443
0.785398	0.961715	0.014085	131	138	21	32.441
1.047198	1.504028	0.636812	44	14	36	32.435
2.356194	1.450119	-2.739050	123	2	13	32.426
1.047198	0.906588	1.252948	32	24	38	32.426
0.523599	1.574060	2.783565	20	15	57	32.421
0.000000	1.869911	2.701025	27	22	38	32.420
1.308997	2.138223	1.678323	18	31	37	32.417
0.785398	1.510910	-0.740472	30	20	41	32.413
2.879793	1.433411	-1.035986	22	30	17	32.410
1.832596	1.242974	-2.977882	21	31	30	32.401
2.094395	2.041297	-2.664597	25	24	39	32.401
-2.617994	2.760637	2.781135	4	32	40	32.399
1.570796	0.496451	0.593859	30	27	31	32.399
0.000000	2.984978	1.954446	22	30	21	32.392
0.000000	1.812176	0.656819	27	19	17	32.387
2.094395	1.569311	-3.003978	14	31	27	32.384
1.832596	2.881233	-2.582574	21	32	27	32.383
2.879793	0.203748	0.590255	12	28	49	32.376
-3.141593	0.929350	-2.910676	32	26	34	32.375
1.308997	1.756530	-2.105156	137	143	24	32.364
-2.879793	1.168678	2.108595	129	147	22	32.362
1.047198	0.864993	2.278281	27	25	31	32.358
-0.523599	1.413347	-1.339188	28	15	29	32.357
0.000000	2.637879	2.121598	26	25	16	32.355
1.570796	1.998705	2.370472	18	28	50	32.345
2.094395	2.724429	-0.348782	21	27	48	32.342
0.000000	2.379497	0.561089	17	29	35	32.339
-2.356194	1.809167	1.213774	43	13	24	32.335
-2.617994	2.863997	0.549740	24	28	35	32.335
-0.785398	2.393226	1.857173	31	29	23	32.331
0.000000	0.458961	-0.107937	23	29	36	32.331
-1.047198	1.242974	-2.977882	3	23	54	32.330
-1.570796	0.419640	2.974122	27	19	35	32.324
0.000000	2.393226	1.857173	131	143	10	32.318
0.523599	2.704512	1.488683	20	26	45	32.315
-2.356194	2.455966	-0.641220	20	30	38	32.309
0.000000	2.104282	-0.813972	13	19	44	32.309
1.308997	0.591903	2.010408	11	33	44	32.307
2.356194	2.001437	0.381215	11	31	47	32.298
-0.261799	1.606104	-0.451151	15	20	40	32.298
1.570796	2.108018	1.311430	129	140	3	32.291
1.832596	1.488617	1.159546	28	29	33	32.291
0.261799	0.618092	2.539118	27	25	29	32.285
0.261799	0.899350	-2.069907	29	31	35	32.284
1.570796	2.724429	-0.348782	27	22	15	32.284
-1.308997	2.001437	0.381215	29	26	24	32.282
-2.094395	1.325504	-1.671296	36	17	32	32.277
1.832596	1.574060	2.783565	11	23	56	32.275
-2.617994	0.992645	-1.723759	32	26	26	32.273
-2.356194	1.045978	0.343692	36	19	18	32.266
1.047198	2.073035	2.027405	25	27	44	32.266
0.000000	1.256302	0.062705	32	8	37	32.266
2.094395	1.554776	0.100351	20	35	38	32.263
-0.261799	2.592629	0.909713	38	16	21	32.259
1.570796	1.135834	-1.431087	30	24	28	32.258
0.785398	1.488617	1.159546	35	20	20	32.258
-0.261799	1.870545	-2.976234	27	15	48	32.257
2.617994	1.732874	-0.951685	25	26	12	32.254
2.617994	2.251330	-2.330739	37	21	24	32.252
-1.047198	1.504028	0.636812	23	22	16	32.249
2.356194	0.850607	-1.335383	27	30	40	32.244
2.879793	0.709924	0.218797	24	29	37	32.243
-0.785398	1.128190	-2.288622	36	14	39	32.240
0.785398	1.134796	2.434290	19	26	52	32.232
-1.832596	2.587733	0.232235	20	32	48	32.223
2.879793	2.455966	-0.641220	38	22	37	32.223
2.094395	0.591903	2.010408	17	28	37	32.221
-0.523599	0.685216	-1.712745	41	21	34	32.214
-2.617994	1.617114	-1.572037	37	21	31	32.209
-1.047198	2.404280	-0.174044	29	20	16	32.208
0.261799	1.135813	-2.658866	25	29	44	32.198
2.356194	0.290380	-0.796960	29	27	38	32.193
2.617994	0.458961	-0.107937	34	23	23	32.192
0.523599	1.736875	3.023612	22	31	39	32.191
-1.047198	2.637879	2.121598	125	145	8	32.175
2.094395	2.033014	2.977192	18	22	56	32.175
-0.261799	0.906588	1.252948	23	14	45	32.166
0.785398	0.203748	0.590255	24	23	38	32.162
1.047198	1.025536	1.576859	33	25	29	32.161
-0.261799	2.393226	1.857173	12	18	45	32.152
-1.308997	2.592629	0.909713	22	34	39	32.151
-2.356194	1.025536	1.576859	25	28	36	32.151
2.094395	2.863997	0.549740	30	26	26	32.149
0.785398	2.704512	1.488683	25	27	36	32.146
-0.785398	1.413347	-1.339188	32	16	49	32.141
0.785398	0.674054	1.013609	40	12	24	32.140
-0.261799	2.187132	-0.479875	14	19	44	32.138
-0.523599	1.683268	0.374177	10	27	23	32.133
-3.141593	1.450119	-2.739050	15	28	50	32.132
-0.785398	1.242974	-2.977882	26	14	26	32.129
0.523599	1.440580	2.260026	19	26	45	32.129
-0.785398	1.606104	-0.451151	20	21	18	32.128
1.570796	2.478122	2.609777	25	25	47	32.123
2.617994	1.135834	-1.431087	25	33	33	32.120
-1.308997	0.733948	3.021411	18	23	54	32.118
1.832596	1.014500	0.906702	25	26	19	32.118
1.047198	0.960688	-0.577532	28	24	41	32.114
-0.261799	1.134796	2.434290	34	18	36	32.108
2.356194	2.396274	-1.959260	22	30	38	32.108
-1.570796	1.335669	0.897240	130	140	26	32.106
-2.879793	0.591903	2.010408	129	144	19	32.100
-0.785398	2.343981	-1.040456	17	26	33	32.099
1.308997	0.297065	2.160177	26	25	40	32.094
1.308997	1.904882	-1.478089	19	25	47	32.092
-2.094395	1.134497	-1.109631	26	28	24	32.084
0.261799	1.413430	2.550734	20	24	49	32.080
-0.261799	0.419640	2.974122	30	23	29	32.078
0.523599	2.637879	2.121598	20	30	29	32.078
0.261799	0.831641	0.616218	25	17	40	32.072
2.356194	0.910508	1.903534	23	26	25	32.063
-0.523599	1.488617	1.159546	28	14	29	32.058
0.785398	1.413347	-1.339188	39	13	28	32.055
1.570796	2.455966	-0.641220	28	21	14	32.055
-1.832596	0.379747	-1.713059	29	27	34	32.054
-3.141593	2.760637	2.781135	25	30	25	32.050
-0.523599	2.379497	0.561089	35	15	15	32.047
-1.047198	2.187132	-0.479875	21	23	15	32.046
1.308997	1.875281	0.107086	38	21	22	32.044
-1.308997	1.872854	1.543456	7	33	41	32.042
-0.523599	1.875281	0.107086	15	20	43	32.034
0.000000	2.343981	-1.040456	23	15	37	32.033
-1.832596	1.872854	1.543456	28	28	29	32.032
0.523599	0.910508	1.903534	38	20	35	32.030
-2.617994	1.696674	-1.253233	38	20	25	32.022
1.570796	1.696674	-1.253233	23	29	37	32.021
-2.356194	1.982574	-1.115518	4	25	57	32.019
0.261799	2.089241	-0.114193	10	19	44	32.015
-3.141593	2.115563	0.685730	37	19	26	32.013
0.261799	2.719179	-1.780644	31	18	18	32.013
1.832596	1.812176	0.656819	22	33	40	32.011
0.785398	1.310100	1.488307	37	21	27	32.011
-1.047198	1.014500	0.906702	27	14	26	32.007
2.094395	1.741644	-2.695914	23	23	44	32.007
-2.356194	2.719179	-1.780644	27	25	23	32.001
-2.094395	1.168678	2.108595	20	29	30	31.997
-1.832596	2.349581	-2.702517	8	31	28	31.997
0.785398	2.587733	0.232235	9	14	47	31.992
-0.261799	1.904882	-1.478089	32	11	38	31.989
2.879793	1.904882	-1.478089	19	30	28	31.989
-2.617994	1.194549	-0.801900	10	33	38	31.989
1.832596	2.164094	-2.991358	39	12	21	31.983
0.523599	1.168678	2.108595	36	20	39	31.982
-1.832596	2.455966	-0.641220	35	19	19	31.982
0.000000	1.872854	1.543456	26	21	38	31.981
-1.308997	1.374601	-2.456031	9	24	56	31.981
0.523599	1.135813	-2.658866	20	32	44	31.980
1.047198	1.569311	-3.003978	27	29	34	31.976
0.785398	2.393226	1.857173	20	27	44	31.972
0.785398	2.979456	-1.009304	33	19	22	31.965
-2.094395	1.433411	-1.035986	28	27	21	31.963
-1.570796	2.041297	-2.664597	10	27	37	31.960
2.356194	1.128190	-2.288622	38	19	26	31.958
-2.879793	1.135813	-2.658866	129	137	11	31.955
-0.261799	0.290380	-0.796960	26	24	41	31.951
0.523599	2.115563	0.685730	28	22	31	31.950
1.047198	1.014500	0.906702	36	17	18	31.948
0.785398	1.417623	-0.202254	23	17	49	31.947
1.308997	2.478122	2.609777	26	26	25	31.945
0.261799	0.379747	-1.713059	15	31	49	31.942
1.047198	2.456751	-1.503343	22	30	42	31.941
0.785398	1.168678	2.108595	24	27	47	31.939
-1.308997	1.050534	3.042579	12	22	57	31.930
-1.047198	0.290380	-0.796960	41	22	26	31.929
-1.570796	1.617114	-1.572037	9	33	40	31.924
2.356194	0.203748	0.590255	26	29	28	31.924
2.879793	1.545873	-1.877082	23	28	43	31.922
2.879793	1.135813	-2.658866	33	24	27	31.917
-1.047198	2.033014	2.977192	16	16	46	31.912
0.000000	1.134796	2.434290	32	21	36	31.908
0.523599	1.766067	2.153843	21	25	45	31.907
-1.832596	2.592629	0.909713	34	28	38	31.907
0.785398	1.050534	3.042579	24	24	45	31.906
-0.261799	2.251330	-2.330739	38	17	21	31.905
-0.785398	1.756530	-2.105156	28	14	31	31.892
2.356194	2.863997	0.549740	25	28	26	31.890
-1.308997	0.571433	-1.188419	29	26	40	31.888
1.570796	1.488617	1.159546	24	23	53	31.886
-0.785398	2.760637	2.781135	14	16	45	31.879
0.261799	2.187132	-0.479875	11	19	44	31.879
-1.047198	1.510910	-0.740472	22	22	20	31.867
-1.308997	2.455966	-0.641220	27	25	19	31.867
-2.617994	2.180315	-1.357379	13	18	60	31.864
1.308997	1.135813	-2.658866	19	33	44	31.855
0.000000	1.699788	2.452890	31	21	12	31.855
1.832596	0.762244	-0.273349	35	27	34	31.854
1.047198	1.756530	-2.105156	13	35	47	31.846
2.094395	1.699788	2.452890	33	25	35	31.841
-0.261799	2.356369	3.005869	12	19	43	31.841
0.523599	0.591903	2.010408	35	22	35	31.840
1.570796	2.104282	-0.813972	32	19	17	31.836
1.570796	1.014500	0.906702	29	24	18	31.832
-1.308997	1.982574	-1.115518	27	24	29	31.829
1.047198	1.982574	-1.115518	20	28	47	31.826
-2.094395	1.977582	0.969896	30	25	42	31.825
-0.785398	1.812176	0.656819	26	16	32	31.821
2.617994	2.001437	0.381215	12	33	40	31.821
0.785398	1.025536	1.576859	17	13	61	31.818
0.261799	1.569311	-3.003978	27	26	40	31.817
0.261799	0.961715	0.014085	20	21	45	31.815
2.094395	1.555207	1.708892	31	27	31	31.814
1.570796	1.417623	-0.202254	29	27	36	31.812
1.308997	1.504028	0.636812	42	20	36	31.811
1.308997	1.325504	-1.671296	36	17	24	31.806
2.617994	1.448123	-2.163292	39	21	22	31.799
-2.879793	0.929350	-2.910676	31	26	26	31.798
1.308997	1.014500	0.906702	27	24	47	31.797
-2.879793	0.458961	-0.107937	42	9	22	31.794
1.308997	1.135834	-1.431087	35	16	18	31.788
-1.308997	1.218453	2.777284	29	11	26	31.787
1.308997	0.864993	2.278281	9	31	49	31.786
-1.832596	0.992645	-1.723759	18	32	44	31.786
-0.523599	0.674054	1.013609	33	6	36	31.784
1.308997	1.721184	-0.153948	38	20	20	31.776
0.000000	2.704512	1.488683	38	14	25	31.775
2.094395	2.587733	0.232235	28	26	20	31.762
-1.570796	2.724429	-0.348782	38	18	21	31.761
0.523599	2.979456	-1.009304	11	14	48	31.761
-2.879793	1.367556	0.358405	34	22	39	31.755
1.832596	1.904882	-1.478089	37	21	25	31.754
-1.570796	1.256302	0.062705	128	137	16	31.753
-0.523599	0.419640	2.974122	34	20	30	31.753
-1.832596	1.214854	-1.966664	18	30	48	31.752
-1.047198	0.850607	-1.335383	44	10	37	31.752
-2.879793	1.510910	-0.740472	131	150	22	31.748
-1.308997	2.295480	1.008277	36	23	23	31.741
1.308997	1.510910	-0.740472	26	25	41	31.736
-1.570796	1.134497	-1.109631	26	25	23	31.736
2.879793	2.587733	0.232235	18	25	51	31.733
-2.094395	2.396274	-1.959260	16	25	50	31.730
-2.879793	2.984978	1.954446	30	25	23	31.728
-2.356194	0.571433	-1.188419	31	26	28	31.724
-2.094395	2.343981	-1.040456	34	23	22	31.720
-1.047198	1.214854	-1.966664	35	14	43	31.720
1.832596	0.418037	1.360082	12	34	37	31.720
0.523599	1.504028	0.636812	24	17	40	31.715
-1.570796	2.180315	-1.357379	11	33	35	31.714
2.617994	0.733948	3.021411	136	143	27	31.714
-2.617994	1.488617	1.159546	43	10	20	31.711
-1.832596	0.571433	-1.188419	20	29	29	31.711
-0.261799	2.478122	2.609777	39	24	27	31.710
-0.785398	0.685216	-1.712745	45	9	30	31.710
-2.879793	1.413430	2.550734	17	31	53	31.705
-0.261799	2.104282	-0.813972	31	6	17	31.705
-2.879793	1.574060	2.783565	29	27	29	31.705
0.523599	0.458961	-0.107937	26	22	49	31.703
-0.261799	1.440580	2.260026	36	15	36	31.702
-0.523599	2.455966	-0.641220	26	20	13	31.701
-1.047198	2.396274	-1.959260	26	12	35	31.697
-2.617994	2.343981	-1.040456	6	31	50	31.696
0.523599	0.762244	-0.273349	29	19	45	31.689
-0.523599	0.929350	-2.910676	42	9	29	31.688
1.047198	1.506530	1.988858	22	29	45	31.688
0.261799	0.419640	2.974122	37	18	22	31.686
-0.261799	1.846342	-1.796954	34	12	32	31.686
0.523599	2.984978	1.954446	18	30	36	31.682
-0.785398	1.367556	0.358405	14	26	20	31.680
-2.879793	2.115563	0.685730	33	23	26	31.679
-2.617994	2.041297	-2.664597	12	24	54	31.676
0.785398	1.812176	0.656819	36	20	23	31.671
-2.094395	2.299159	2.264663	39	18	22	31.668
-3.141593	0.674054	1.013609	37	23	25	31.659
-1.047198	1.168678	2.108595	23	11	45	31.650
0.523599	2.063651	-2.044600	24	22	56	31.644
-2.094395	2.587733	0.232235	26	29	47	31.640
-0.523599	1.195355	1.200319	24	17	28	31.639
2.879793	1.301460	-0.509251	23	32	33	31.637
1.047198	1.554776	0.100351	43	16	27	31.631
-1.570796	0.866395	-2.492918	22	27	36	31.625
-2.617994	1.325504	-1.671296	21	32	33	31.620
-3.141593	1.014500	0.906702	39	20	22	31.619
2.879793	1.367556	0.358405	25	24	20	31.613
-1.047198	0.910508	1.903534	27	10	43	31.610
-2.094395	2.180315	-1.357379	14	19	57	31.605
-2.094395	1.184361	0.625864	12	28	48	31.603
-0.785398	1.699788	2.452890	16	21	28	31.602
0.261799	1.417623	-0.202254	32	8	21	31.593
-1.570796	1.741644	-2.695914	16	20	14	31.592
2.356194	2.299159	2.264663	32	27	35	31.590
-3.141593	2.104282	-0.813972	29	21	15	31.587
-3.141593	1.683268	0.374177	35	20	36	31.583
-0.785398	2.592629	0.909713	29	27	30	31.579
1.832596	2.760637	2.781135	26	25	44	31.576
-1.308997	2.063651	-2.044600	20	20	22	31.576
-0.261799	2.001437	0.381215	29	13	12	31.571
2.094395	2.393226	1.857173	42	21	27	31.571
1.832596	2.033014	2.977192	40	17	31	31.570
-1.047198	1.869911	2.701025	16	17	40	31.570
0.785398	2.724429	-0.348782	22	19	37	31.564
-2.094395	1.870545	-2.976234	7	36	36	31.560
-1.570796	2.063651	-2.044600	22	22	23	31.553
2.094395	1.450119	-2.739050	126	8	13	31.549
-1.308997	0.297065	2.160177	13	29	50	31.545
-0.785398	2.153910	-1.714959	18	10	49	31.543
2.879793	1.872854	1.543456	23	32	38	31.538
-1.047198	1.555207	1.708892	13	29	27	31.537
1.308997	1.574060	2.783565	19	30	24	31.534
1.047198	1.696674	-1.253233	32	17	16	31.532
2.879793	1.194549	-0.801900	25	31	36	31.523
0.785398	1.699788	2.452890	25	19	53	31.522
1.308997	0.290380	-0.796960	24	27	44	31.519
2.617994	0.418037	1.360082	18	28	37	31.517
-0.261799	0.297065	2.160177	10	25	58	31.511
1.047198	0.297065	2.160177	38	12	16	31.510
0.523599	2.153910	-1.714959	132	139	16	31.507
-0.523599	2.343981	-1.040456	30	9	17	31.503
2.617994	2.356369	3.005869	15	29	51	31.501
1.832596	2.478122	2.609777	22	27	47	31.499
-2.356194	2.001437	0.381215	13	24	54	31.495
1.308997	2.719179	-1.780644	23	29	30	31.490
-0.523599	0.709924	0.218797	26	26	41	31.485
0.000000	1.909857	-0.381669	28	11	17	31.485
1.832596	0.571433	-1.188419	23	29	38	31.479
0.523599	2.579248	-2.364801	29	26	24	31.478
-0.785398	0.929350	-2.910676	42	3	29	31.477
1.308997	1.812176	0.656819	44	18	31	31.477
-2.356194	1.998705	2.370472	130	146	23	31.476
-1.570796	1.128190	-2.288622	16	27	53	31.468
-3.141593	2.349581	-2.702517	18	28	51	31.468
-0.785398	1.014500	0.906702	26	15	26	31.461
-1.308997	2.349581	-2.702517	31	11	24	31.460
-1.047198	2.041297	-2.664597	27	12	20	31.453
-1.308997	1.948085	-2.363031	18	21	26	31.451
0.785398	1.846342	-1.796954	136	136	18	31.447
-2.356194	1.413430	2.550734	25	25	24	31.444
-0.523599	0.640596	-2.797608	40	13	28	31.443
0.785398	1.599406	1.426070	37	22	25	31.442
-1.570796	0.899350	-2.069907	17	30	49	31.442
-3.141593	1.310100	1.488307	29	26	32	31.442
2.356194	2.478122	2.609777	12	30	47	31.440
1.832596	1.736875	3.023612	15	19	58	31.437
1.047198	1.256302	0.062705	43	16	30	31.436
-2.617994	1.506530	1.988858	128	145	19	31.435
0.000000	2.455966	-0.641220	25	17	18	31.433
-2.879793	1.134796	2.434290	17	25	59	31.428
-1.047198	1.135834	-1.431087	30	22	40	31.428
-2.356194	2.299159	2.264663	40	13	22	31.428
-1.832596	2.478122	2.609777	39	16	22	31.418
0.523599	0.419640	2.974122	16	28	40	31.416
-1.308997	2.108018	1.311430	5	32	46	31.416
-1.308997	0.992645	-1.723759	17	30	38	31.412
-2.356194	0.418037	1.360082	15	27	49	31.410
-2.094395	1.545873	-1.877082	19	30	46	31.403
-0.261799	0.850607	-1.335383	15	23	58	31.398
2.356194	1.948085	-2.363031	24	23	44	31.398
-2.094395	1.448123	-2.163292	19	26	52	31.394
-2.094395	1.998705	2.370472	23	29	33	31.392
-1.047198	1.025536	1.576859	27	13	26	31.380
0.523599	1.617114	-1.572037	130	141	15	31.379
-1.308997	2.984978	1.954446	25	28	30	31.378
1.308997	0.618092	2.539118	41	17	23	31.377
-0.523599	0.203748	0.590255	20	30	31	31.377
1.308997	0.640596	-2.797608	26	27	16	31.373
-2.356194	1.875281	0.107086	42	16	30	31.368
2.094395	2.984978	1.954446	7	32	38	31.365
1.570796	1.510910	-0.740472	30	26	25	31.361
1.832596	0.866955	-0.931351	128	141	22	31.358
-1.308997	1.824694	1.850876	21	29	25	31.358
2.879793	1.242974	-2.977882	35	22	28	31.355
0.261799	1.998705	2.370472	22	19	50	31.354
0.000000	0.733948	3.021411	26	26	35	31.350
-0.523599	1.128190	-2.288622	34	18	40	31.347
-0.785398	1.554776	0.100351	27	15	32	31.347
-0.785398	1.555207	1.708892	159	27	38	31.344
-2.617994	1.134497	-1.109631	35	23	24	31.344
-1.570796	0.080730	-2.622036	36	14	23	31.342
-0.261799	1.617114	-1.572037	33	13	34	31.342
-0.785398	2.407836	1.410646	19	35	32	31.339
-0.523599	2.393226	1.857173	13	18	45	31.338
-1.570796	2.984978	1.954446	39	20	38	31.333
-3.141593	2.164094	-2.991358	36	26	21	31.327
-1.832596	1.218453	2.777284	18	29	31	31.324
-0.523599	1.506530	1.988858	38	8	33	31.321
-0.523599	2.881233	-2.582574	129	142	16	31.319
-1.308997	2.251330	-2.330739	27	11	34	31.304
-1.047198	1.367556	0.358405	28	13	30	31.303
-2.356194	1.433411	-1.035986	32	24	21	31.303
-1.570796	0.914445	2.687814	15	28	34	31.301
-2.094395	2.174483	2.653697	26	28	27	31.301
-0.785398	0.618092	2.539118	38	10	29	31.296
-0.261799	2.455966	-0.641220	14	17	46	31.282
0.000000	2.138223	1.678323	27	20	42	31.282
-1.047198	0.640596	-2.797608	34	19	33	31.281
-0.261799	0.929350	-2.910676	14	27	46	31.278
2.617994	0.619654	-2.216909	27	27	31	31.271
-2.617994	0.458961	-0.107937	41	14	23	31.269
0.261799	2.984978	1.954446	29	25	26	31.268
-1.570796	1.699788	2.452890	15	26	25	31.268
-2.356194	0.496451	0.593859	132	143	30	31.264
2.879793	1.948085	-2.363031	6	24	52	31.261
-3.141593	1.846342	-1.796954	14	21	54	31.261
2.356194	2.349581	-2.702517	29	25	32	31.260
2.617994	1.699788	2.452890	20	27	51	31.257
1.832596	2.089241	-0.114193	26	29	30	31.251
-1.308997	1.736875	3.023612	128	146	21	31.241
2.879793	1.450119	-2.739050	123	150	12	31.240
2.617994	1.194549	-0.801900	26	33	24	31.239
1.832596	2.455966	-0.641220	137	138	12	31.235
-1.047198	0.080730	-2.622036	33	25	33	31.234
-2.879793	1.824694	1.850876	40	10	22	31.226
-0.261799	2.407836	1.410646	28	17	42	31.225
0.000000	1.195355	1.200319	34	14	20	31.224
-1.047198	1.812176	0.656819	26	24	18	31.224
-1.308997	2.299159	2.264663	18	32	30	31.223
-2.879793	0.850607	-1.335383	21	32	35	31.222
0.261799	2.299159	2.264663	29	28	25	31.214
2.356194	2.089241	-0.114193	29	24	18	31.212
-2.617994	1.214854	-1.966664	13	30	50	31.209
2.879793	2.251330	-2.330739	33	25	24	31.203
1.308997	2.456751	-1.503343	27	23	47	31.203
0.000000	2.719179	-1.780644	33	15	18	31.200
-1.570796	0.929350	-2.910676	15	27	52	31.192
1.047198	0.618092	2.539118	43	12	24	31.191
1.308997	1.870545	-2.976234	21	31	36	31.184
1.047198	1.812176	0.656819	44	15	32	31.184
-0.523599	2.979456	-1.009304	31	20	11	31.182
-1.047198	2.979456	-1.009304	11	29	44	31.181
-2.879793	1.506530	1.988858	8	30	55	31.181
-2.617994	0.571433	-1.188419	35	23	28	31.178
-2.617994	1.824694	1.850876	19	30	38	31.177
-1.832596	1.875281	0.107086	24	30	46	31.170
1.832596	0.850607	-1.335383	24	28	32	31.169
1.570796	0.992645	-1.723759	33	21	26	31.168
-2.094395	2.104282	-0.813972	32	22	19	31.168
-1.570796	1.554776	0.100351	12	17	58	31.160
1.308997	1.195355	1.200319	31	25	22	31.160
0.523599	0.618092	2.539118	26	26	41	31.155
2.356194	1.325504	-1.671296	125	155	24	31.150
2.094395	2.349581	-2.702517	3	28	51	31.149
-0.785398	2.164094	-2.991358	25	16	34	31.147
-2.879793	1.325504	-1.671296	18	32	44	31.143
-3.141593	1.242974	-2.977882	36	19	22	31.143
1.047198	0.910508	1.903534	30	23	27	31.143
-2.356194	0.906588	1.252948	26	25	26	31.137
-2.617994	2.073035	2.027405	128	147	18	31.135
1.832596	1.662363	0.915448	37	26	38	31.133
-2.356194	1.367556	0.358405	39	17	20	31.132
1.570796	2.295480	1.008277	128	142	6	31.127
2.617994	0.370812	-2.547742	29	25	32	31.125
2.094395	2.592629	0.909713	29	28	19	31.124
-0.261799	2.579248	-2.364801	38	20	24	31.124
-1.570796	1.555207	1.708892	24	28	24	31.123
-1.570796	2.033014	2.977192	32	13	12	31.116
-1.047198	0.866955	-0.931351	36	25	39	31.116
-0.785398	2.984978	1.954446	37	25	37	31.115
-0.261799	0.700570	1.559208	22	18	46	31.113
-1.308997	1.168678	2.108595	28	12	26	31.112
-1.832596	2.180315	-1.357379	27	21	15	31.111
2.094395	1.367556	0.358405	29	32	35	31.100
-1.832596	2.138223	1.678323	20	32	39	31.090
2.879793	2.588535	-2.976617	13	22	53	31.087
-2.094395	1.135834	-1.431087	35	19	28	31.087
-1.570796	1.875281	0.107086	19	33	46	31.083
-2.879793	1.836682	-0.676006	133	151	29	31.083
1.047198	1.766067	2.153843	24	26	47	31.078
2.617994	1.184361	0.625864	27	27	27	31.077
0.261799	2.704512	1.488683	24	22	45	31.077
0.261799	2.404280	-0.174044	36	9	14	31.076
0.261799	0.866395	-2.492918	38	25	28	31.073
1.832596	0.674054	1.013609	27	28	24	31.069
1.308997	0.762244	-0.273349	19	29	46	31.069
1.047198	1.555207	1.708892	23	29	39	31.069
-2.879793	2.180315	-1.357379	15	17	60	31.066
-0.523599	2.588535	-2.976617	14	17	45	31.061
-0.785398	1.506530	1.988858	37	4	33	31.060
2.879793	1.195355	1.200319	37	15	15	31.059
2.094395	1.247695	1.809890	29	26	36	31.043
1.308997	0.619654	-2.216909	133	141	22	31.036
-1.570796	2.108018	1.311430	39	20	20	31.033
-0.523599	1.846342	-1.796954	30	10	52	31.029
2.617994	0.618092	2.539118	129	150	24	31.019
1.047198	0.914445	2.687814	33	23	30	31.014
-2.356194	2.187132	-0.479875	21	23	57	31.008
2.879793	2.063651	-2.044600	13	24	52	31.002
-0.785398	0.700570	1.559208	24	14	23	30.990
2.617994	0.571433	-1.188419	31	29	33	30.987
-1.570796	1.904882	-1.478089	9	33	38	30.984
-2.617994	1.998705	2.370472	30	20	19	30.982
-2.094395	1.374601	-2.456031	130	143	14	30.973
2.617994	2.455966	-0.641220	32	24	32	30.973
1.570796	1.413430	2.550734	12	27	53	30.972
0.785398	2.299159	2.264663	18	30	25	30.969
1.047198	1.869911	2.701025	13	21	53	30.968
-2.617994	2.587733	0.232235	20	28	40	30.955
-2.617994	2.349581	-2.702517	9	28	50	30.953
-1.832596	1.732874	-0.951685	33	21	25	30.949
0.785398	2.664082	-1.071402	19	15	49	30.947
-0.261799	0.709924	0.218797	22	25	41	30.946
2.879793	2.073035	2.027405	29	31	34	30.944
1.047198	1.247695	1.809890	33	25	32	30.943
0.523599	0.685216	-1.712745	12	28	54	30.941
1.308997	1.824694	1.850876	28	28	30	30.940
-0.523599	0.619654	-2.216909	15	29	42	30.939
-1.308997	2.041297	-2.664597	27	12	21	30.932
0.000000	1.417623	-0.202254	33	7	34	30.932
-1.570796	2.089241	-0.114193	30	27	33	30.930
1.047198	0.615174	-0.666022	26	25	41	30.928
2.356194	0.297065	2.160177	27	23	44	30.922
-2.879793	2.637879	2.121598	32	26	28	30.922
0.785398	2.295480	1.008277	28	23	36	30.919
-0.523599	1.325504	-1.671296	36	16	45	30.916
-2.879793	2.174483	2.653697	19	34	41	30.916
1.308997	2.073035	2.027405	21	30	44	30.906
-1.308997	2.174483	2.653697	13	26	27	30.901
-2.879793	2.299159	2.264663	27	28	25	30.901
2.094395	1.574060	2.783565	7	23	56	30.899
2.617994	2.164094	-2.991358	42	16	20	30.898
-0.523599	0.906588	1.252948	16	19	34	30.898
2.356194	2.033014	2.977192	45	13	27	30.898
-2.094395	1.450119	-2.739050	17	30	30	30.895
-0.523599	2.089241	-0.114193	24	23	21	30.893
-1.832596	1.869911	2.701025	31	16	12	30.890
0.785398	1.869911	2.701025	14	21	53	30.889
2.356194	2.704512	1.488683	32	28	18	30.888
-1.047198	1.617114	-1.572037	20	26	32	30.883
-2.356194	0.733948	3.021411	17	32	40	30.881
0.000000	2.174483	2.653697	27	22	41	30.881
1.047198	1.721184	-0.153948	130	140	24	30.879
-2.879793	0.733948	3.021411	27	26	40	30.876
-2.356194	1.732874	-0.951685	19	25	49	30.874
-1.832596	2.637879	2.121598	133	137	16	30.873
2.094395	1.417623	-0.202254	23	27	48	30.873
2.356194	1.504028	0.636812	24	33	37	30.872
-1.308997	1.870545	-2.976234	27	14	23	30.872
1.570796	0.700570	1.559208	20	27	47	30.870
0.523599	0.619654	-2.216909	22	28	48	30.869
-1.570796	2.164094	-2.991358	29	12	22	30.865
0.000000	2.001437	0.381215	14	21	37	30.860
-1.047198	0.700570	1.559208	25	13	23	30.859
-2.356194	0.685216	-1.712745	26	28	28	30.857
2.879793	1.846342	-1.796954	25	27	38	30.855
-0.261799	2.164094	-2.991358	13	20	42	30.855
-3.141593	2.063651	-2.044600	22	30	35	30.849
-0.261799	2.089241	-0.114193	14	20	43	30.844
-2.617994	2.588535	-2.976617	22	30	26	30.843
0.523599	1.256302	0.062705	33	11	23	30.843
0.261799	1.870545	-2.976234	23	23	48	30.842
-2.356194	1.256302	0.062705	40	17	25	30.840
-1.047198	0.297065	2.160177	25	21	39	30.840
2.094395	2.396274	-1.959260	28	29	39	30.839
1.570796	2.979456	-1.009304	21	30	42	30.831
-0.261799	0.618092	2.539118	34	19	29	30.826
-2.094395	0.831641	0.616218	26	30	28	30.825
1.308997	1.450119	-2.739050	21	33	41	30.824
-3.141593	0.700570	1.559208	35	14	11	30.823
-3.141593	1.554776	0.100351	36	14	23	30.815
0.000000	1.025536	1.576859	36	13	23	30.809
0.785398	1.218453	2.777284	38	15	18	30.809
-1.570796	2.343981	-1.040456	25	28	23	30.809
2.617994	0.640596	-2.797608	39	15	27	30.808
1.832596	1.413430	2.550734	35	20	41	30.806
1.308997	2.984978	1.954446	21	29	37	30.803
-2.356194	1.658653	-2.409879	29	26	35	30.799
0.261799	1.168678	2.108595	24	25	40	30.798
-1.308997	0.203748	0.590255	22	29	42	30.788
1.570796	0.618092	2.539118	14	20	57	30.782
-3.141593	0.379747	-1.713059	18	34	49	30.779
-2.356194	2.396274	-1.959260	19	23	50	30.775
-2.356194	1.696674	-1.253233	25	29	34	30.775
-0.261799	1.732874	-0.951685	24	17	33	30.769
0.523599	1.732874	-0.951685	35	17	37	30.765
0.261799	2.881233	-2.582574	29	26	27	30.761
2.879793	1.870545	-2.976234	18	31	42	30.752
-2.879793	1.766067	2.153843	33	20	23	30.747
1.570796	2.033014	2.977192	41	12	32	30.742
-1.308997	1.510910	-0.740472	24	22	20	30.741
1.832596	1.325504	-1.671296	39	16	22	30.738
1.047198	1.872854	1.543456	126	146	6	30.738
-1.570796	2.247462	0.191623	33	25	30	30.737
-2.617994	1.948085	-2.363031	28	28	16	30.737
-2.617994	1.134796	2.434290	25	26	26	30.733
0.000000	2.247462	0.191623	22	20	13	30.729
-1.570796	1.242974	-2.977882	22	22	45	30.728
0.000000	2.073035	2.027405	132	140	20	30.727
-1.832596	1.045978	0.343692	25	32	33	30.722
-1.832596	0.591903	2.010408	12	22	57	30.721
1.308997	0.992645	-1.723759	36	18	26	30.713
1.308997	1.335669	0.897240	29	22	16	30.710
1.047198	1.413430	2.550734	17	25	55	30.703
1.570796	0.906588	1.252948	29	27	23	30.703
-1.832596	2.033014	2.977192	33	9	13	30.702
-0.261799	2.299159	2.264663	11	19	43	30.702
1.570796	2.881233	-2.582574	22	30	41	30.698
2.879793	1.014500	0.906702	18	29	33	30.693
-1.570796	1.982574	-1.115518	14	23	54	30.692
1.832596	2.174483	2.653697	37	20	26	30.690
-2.617994	1.721184	-0.153948	34	21	25	30.686
-2.879793	1.658653	-2.409879	130	138	22	30.685
2.356194	1.506530	1.988858	14	32	44	30.683
0.261799	0.914445	2.687814	7	18	57	30.683
-2.094395	2.063651	-2.044600	14	31	47	30.680
-3.141593	2.407836	1.410646	29	24	20	30.680
2.094395	2.456751	-1.503343	36	23	40	30.678
-2.094395	1.732874	-0.951685	29	24	19	30.677
0.785398	1.135813	-2.658866	135	140	23	30.672
-1.047198	2.579248	-2.364801	21	15	37	30.672
2.094395	0.419640	2.974122	128	149	23	30.669
0.000000	1.599406	1.426070	41	7	25	30.666
-1.308997	1.134796	2.434290	22	12	16	30.665
-0.785398	1.045978	0.343692	27	15	27	30.664
-2.617994	0.866395	-2.492918	37	18	38	30.664
0.000000	0.370812	-2.547742	22	25	47	30.663
-2.356194	1.440580	2.260026	29	25	38	30.662
2.617994	0.709924	0.218797	27	25	18	30.655
2.879793	0.591903	2.010408	38	13	24	30.653
0.000000	0.709924	0.218797	35	8	37	30.650
1.308997	1.247695	1.809890	17	32	42	30.647
1.570796	1.599406	1.426070	31	27	38	30.645
2.094395	0.992645	-1.723759	42	17	29	30.641
0.000000	0.914445	2.687814	20	26	44	30.641
-2.356194	2.041297	-2.664597	25	30	20	30.638
-0.523599	1.756530	-2.105156	32	11	49	30.638
2.094395	1.736875	3.023612	13	20	57	30.633
2.879793	2.164094	-2.991358	16	25	54	30.630
-1.832596	0.618092	2.539118	14	31	47	30.629
0.261799	2.396274	-1.959260	131	140	18	30.628
0.523599	1.214854	-1.966664	22	34	44	30.628
-0.523599	2.587733	0.232235	31	21	18	30.621
1.570796	1.325504	-1.671296	34	18	21	30.615
2.879793	1.045978	0.343692	24	29	30	30.614
2.617994	0.203748	0.590255	28	24	26	30.614
-2.879793	2.349581	-2.702517	14	29	51	30.613
0.000000	1.413430	2.550734	22	21	49	30.608
0.000000	2.033014	2.977192	27	20	44	30.606
2.356194	2.456751	-1.503343	31	26	40	30.606
1.308997	2.104282	-0.813972	29	24	20	30.604
-1.308997	1.836682	-0.676006	28	22	22	30.600
-2.356194	0.080730	-2.622036	20	27	56	30.598
2.617994	1.440580	2.260026	131	151	19	30.597
-0.261799	1.599406	1.426070	36	14	26	30.596
-0.261799	0.674054	1.013609	24	17	41	30.596
1.832596	1.448123	-2.163292	16	29	45	30.593
-2.094395	1.869911	2.701025	32	13	12	30.581
0.000000	1.555207	1.708892	35	18	30	30.579
2.879793	1.413430	2.550734	26	29	38	30.576
0.785398	2.356369	3.005869	22	32	28	30.576
0.785398	2.187132	-0.479875	129	148	17	30.576
1.832596	0.379747	-1.713059	28	25	34	30.575
1.308997	0.960688	-0.577532	24	28	40	30.573
-2.617994	1.128190	-2.288622	37	22	35	30.570
2.879793	1.599406	1.426070	22	30	45	30.564
-1.047198	1.433411	-1.035986	21	24	24	30.563
-1.832596	1.741644	-2.695914	19	21	14	30.563
-3.141593	2.863997	0.549740	21	29	46	30.560
1.832596	1.413347	-1.339188	36	20	20	30.559
-2.879793	1.413347	-1.339188	39	17	27	30.558
-0.785398	1.184361	0.625864	26	15	27	30.557
-1.570796	2.760637	2.781135	10	30	31	30.556
-0.261799	0.866395	-2.492918	44	14	28	30.553
-2.356194	0.419640	2.974122	125	148	12	30.552
-0.785398	2.174483	2.653697	16	19	41	30.551
2.356194	2.174483	2.653697	10	27	51	30.550
0.523599	2.396274	-1.959260	135	136	18	30.546
-1.832596	2.041297	-2.664597	24	19	14	30.544
-1.832596	0.496451	0.593859	20	33	30	30.544
0.785398	1.721184	-0.153948	42	10	20	30.541
0.523599	1.413430	2.550734	17	26	48	30.540
-3.141593	2.153910	-1.714959	25	25	43	30.538
-0.523599	1.134796	2.434290	36	14	36	30.532
-0.261799	1.569311	-3.003978	14	20	53	30.531
0.261799	1.846342	-1.796954	40	18	26	30.531
2.879793	1.440580	2.260026	22	27	55	30.530
0.000000	1.998705	2.370472	30	26	17	30.529
1.047198	2.063651	-2.044600	16	33	51	30.528
2.356194	1.025536	1.576859	36	15	14	30.522
-1.308997	2.396274	-1.959260	7	25	49	30.509
-1.832596	1.510910	-0.740472	31	19	20	30.495
2.879793	0.733948	3.021411	17	24	54	30.493
-1.308997	1.766067	2.153843	12	23	38	30.492
2.094395	2.704512	1.488683	36	24	18	30.488
1.308997	2.455966	-0.641220	28	26	20	30.483
-0.785398	1.662363	0.915448	28	12	28	30.483
-0.261799	0.685216	-1.712745	36	26	35	30.482
2.617994	1.195355	1.200319	21	29	31	30.482
0.261799	2.063651	-2.044600	26	18	56	30.480
0.000000	1.554776	0.100351	7	21	47	30.479
-0.523599	1.696674	-1.253233	27	16	32	30.477
-2.094395	1.617114	-1.572037	24	25	19	30.476
-0.261799	2.404280	-0.174044	19	26	25	30.472
0.523599	1.301460	-0.509251	30	17	41	30.471
2.617994	0.929350	-2.910676	36	19	26	30.470
0.261799	1.696674	-1.253233	30	21	47	30.461
2.094395	0.496451	0.593859	30	26	23	30.458
0.523599	0.733948	3.021411	26	28	30	30.455
0.523599	1.998705	2.370472	135	137	15	30.455
0.523599	2.863997	0.549740	25	27	30	30.446
2.094395	1.128190	-2.288622	41	14	26	30.446
1.570796	1.869911	2.701025	40	13	32	30.441
-1.047198	1.756530	-2.105156	27	13	30	30.440
2.617994	1.545873	-1.877082	35	22	18	30.438
-2.094395	0.850607	-1.335383	34	20	25	30.436
-0.261799	1.721184	-0.153948	14	20	42	30.433
2.617994	2.063651	-2.044600	4	17	59	30.430
-1.308997	1.134497	-1.109631	16	18	58	30.429
-2.617994	1.195355	1.200319	12	31	45	30.429
-1.047198	1.554776	0.100351	21	27	24	30.427
1.570796	1.662363	0.915448	26	27	47	30.426
-2.617994	0.615174	-0.666022	27	28	23	30.420
2.879793	2.247462	0.191623	38	19	31	30.418
1.308997	0.866395	-2.492918	131	150	19	30.417
-3.141593	2.089241	-0.114193	11	21	57	30.412
0.261799	2.979456	-1.009304	22	16	40	30.411
1.832596	0.297065	2.160177	40	21	28	30.411
1.047198	0.685216	-1.712745	134	137	18	30.411
1.570796	1.256302	0.062705	39	25	31	30.404
1.832596	0.370812	-2.547742	134	139	21	30.400
-0.523599	0.914445	2.687814	12	20	58	30.395
1.570796	1.766067	2.153843	15	31	47	30.394
0.785398	2.180315	-1.357379	35	17	22	30.394
0.000000	1.440580	2.260026	16	11	57	30.393
-3.141593	0.203748	0.590255	7	28	49	30.388
-2.617994	0.700570	1.559208	30	21	12	30.383
-0.785398	2.588535	-2.976617	15	17	44	30.381
1.832596	1.998705	2.370472	14	30	50	30.378
1.308997	1.617114	-1.572037	15	30	41	30.373
-2.094395	1.982574	-1.115518	32	25	23	30.370
1.570796	2.404280	-0.174044	130	147	8	30.369
2.356194	0.674054	1.013609	5	24	60	30.368
-1.570796	1.134796	2.434290	5	23	58	30.368
-0.785398	2.587733	0.232235	34	20	28	30.364
1.570796	1.301460	-0.509251	33	25	32	30.364
1.047198	2.719179	-1.780644	19	32	39	30.363
-1.832596	0.419640	2.974122	132	137	13	30.363
-0.261799	2.664082	-1.071402	25	12	37	30.361
0.523599	2.881233	-2.582574	135	135	9	30.359
0.523599	1.184361	0.625864	33	16	33	30.357
1.308997	2.247462	0.191623	130	141	10	30.356
1.047198	1.450119	-2.739050	26	29	41	30.356
-0.785398	1.869911	2.701025	17	19	40	30.355
-1.570796	1.184361	0.625864	28	30	21	30.351
-1.047198	0.379747	-1.713059	16	30	36	30.345
1.570796	1.809167	1.213774	29	23	48	30.345
-3.141593	1.658653	-2.409879	127	143	22	30.342
-2.617994	2.356369	3.005869	17	32	36	30.339
-0.261799	0.992645	-1.723759	35	25	41	30.338
-1.308997	2.089241	-0.114193	33	17	20	30.338
-3.141593	2.979456	-1.009304	27	31	29	30.336
-0.785398	0.914445	2.687814	24	17	49	30.336
-2.356194	1.699788	2.452890	128	149	18	30.333
-2.094395	1.683268	0.374177	15	21	56	30.331
0.785398	1.194549	-0.801900	29	23	39	30.327
0.000000	1.658653	-2.409879	34	23	39	30.326
0.000000	1.545873	-1.877082	24	23	55	30.319
-2.879793	2.704512	1.488683	23	28	32	30.316
-0.523599	2.001437	0.381215	9	30	29	30.315
1.047198	1.875281	0.107086	41	17	22	30.307
2.879793	0.961715	0.014085	26	29	29	30.305
-0.523599	2.251330	-2.330739	30	16	28	30.302
2.356194	2.393226	1.857173	38	26	26	30.302
-1.308997	1.448123	-2.163292	8	28	50	30.301
1.047198	2.478122	2.609777	19	30	33	30.295
1.832596	2.396274	-1.959260	13	26	58	30.292
2.879793	1.617114	-1.572037	25	27	40	30.284
-0.523599	2.299159	2.264663	13	19	43	30.278
1.570796	1.617114	-1.572037	31	22	22	30.278
-1.047198	2.407836	1.410646	34	28	25	30.277
2.094395	1.135813	-2.658866	125	6	11	30.273
-2.094395	1.214854	-1.966664	21	28	48	30.271
1.832596	1.247695	1.809890	34	23	36	30.269
0.785398	0.640596	-2.797608	130	147	23	30.263
0.523599	0.615174	-0.666022	25	28	37	30.262
-1.570796	1.510910	-0.740472	28	20	20	30.262
0.523599	1.909857	-0.381669	24	17	39	30.261
1.308997	2.089241	-0.114193	20	15	53	30.261
0.000000	1.574060	2.783565	38	18	17	30.260
-0.523599	2.041297	-2.664597	34	8	45	30.255
-0.785398	2.138223	1.678323	30	27	18	30.253
-1.832596	2.247462	0.191623	22	31	47	30.253
-2.879793	2.579248	-2.364801	28	27	31	30.253
-1.570796	0.992645	-1.723759	22	28	36	30.246
2.094395	1.809167	1.213774	20	30	49	30.245
-2.094395	1.413430	2.550734	19	27	25	30.245
1.308997	1.696674	-1.253233	35	19	22	30.242
-0.523599	1.909857	-0.381669	10	27	29	30.240
1.832596	2.356369	3.005869	37	18	27	30.240
-1.308997	1.310100	1.488307	9	33	40	30.238
-0.785398	0.850607	-1.335383	21	30	47	30.237
1.308997	1.184361	0.625864	37	23	41	30.233
-2.617994	1.391910	3.030322	23	30	31	30.225
1.570796	0.733948	3.021411	137	144	27	30.221
-1.308997	2.664082	-1.071402	22	28	25	30.219
-0.523599	1.391910	3.030322	25	17	27	30.217
1.047198	2.637879	2.121598	29	24	41	30.214
-2.094395	0.992645	-1.723759	36	17	30	30.212
0.523599	2.073035	2.027405	139	136	20	30.211
-1.832596	0.733948	3.021411	30	17	38	30.210
2.879793	0.458961	-0.107937	17	29	50	30.207
1.047198	1.977582	0.969896	24	15	47	30.203
-1.047198	2.881233	-2.582574	17	24	33	30.198
-2.356194	0.864993	2.278281	22	28	32	30.196
0.261799	0.850607	-1.335383	15	35	46	30.195
1.047198	2.108018	1.311430	18	30	31	30.194
-0.785398	2.180315	-1.357379	6	15	58	30.192
-0.785398	1.168678	2.108595	38	6	31	30.191
1.832596	2.247462	0.191623	29	28	17	30.189
-1.570796	1.448123	-2.163292	11	29	52	30.182
-0.785398	1.909857	-0.381669	16	26	30	30.177
1.308997	1.998705	2.370472	22	25	50	30.174
2.356194	1.014500	0.906702	29	27	33	30.173
1.570796	0.960688	-0.577532	41	20	27	30.173
2.617994	2.299159	2.264663	38	26	29	30.172
0.523599	1.367556	0.358405	38	10	20	30.172
-0.261799	1.413430	2.550734	33	16	40	30.170
-1.570796	2.404280	-0.174044	35	14	15	30.168
-1.832596	1.696674	-1.253233	24	28	25	30.167
-1.832596	1.194549	-0.801900	28	20	19	30.165
1.832596	1.184361	0.625864	29	29	41	30.163
1.570796	1.433411	-1.035986	31	24	21	30.159
-1.047198	1.732874	-0.951685	21	25	25	30.159
-2.356194	2.063651	-2.044600	19	30	47	30.159
-2.879793	2.979456	-1.009304	20	32	29	30.155
0.261799	1.869911	2.701025	31	26	18	30.153
1.832596	2.724429	-0.348782	134	141	15	30.152
-2.356194	0.961715	0.014085	36	24	38	30.152
-1.308997	1.135834	-1.431087	23	27	28	30.151
1.570796	0.910508	1.903534	25	27	32	30.150
-1.047198	2.115563	0.685730	29	25	22	30.149
-2.879793	2.478122	2.609777	17	33	35	30.149
1.832596	1.554776	0.100351	32	30	26	30.144
-0.261799	0.961715	0.014085	23	17	26	30.143
-3.141593	1.128190	-2.288622	24	32	39	30.143
1.832596	1.683268	0.374177	18	28	50	30.141
-0.523599	1.014500	0.906702	24	16	26	30.136
2.356194	1.433411	-1.035986	33	26	17	30.135
-0.523599	1.242974	-2.977882	42	9	31	30.134
2.617994	2.180315	-1.357379	28	24	45	30.134
-0.261799	0.619654	-2.216909	43	18	28	30.132
-2.356194	1.599406	1.426070	34	22	29	30.131
-2.094395	1.413347	-1.339188	29	27	28	30.126
-0.785398	1.325504	-1.671296	38	12	46	30.125
-1.047198	1.699788	2.452890	156	25	42	30.125
0.000000	2.760637	2.781135	37	26	34	30.124
-2.094395	0.379747	-1.713059	35	18	25	30.120
0.261799	1.113094	-0.272241	27	18	45	30.119
-3.141593	2.041297	-2.664597	19	23	54	30.119
2.879793	2.343981	-1.040456	26	21	13	30.109
-2.356194	2.404280	-0.174044	24	26	53	30.109
2.617994	1.510910	-0.740472	24	30	17	30.108
2.356194	1.554776	0.100351	23	34	27	30.108
2.617994	1.909857	-0.381669	29	26	19	30.102
-0.523599	2.138223	1.678323	13	19	43	30.102
1.308997	1.506530	1.988858	18	31	45	30.101
-1.308997	1.504028	0.636812	24	31	23	30.095
0.000000	1.214854	-1.966664	32	26	42	30.088
-0.785398	2.089241	-0.114193	27	22	21	30.086
1.308997	1.869911	2.701025	29	24	27	30.085
-1.308997	1.417623	-0.202254	25	28	28	30.085
-0.261799	1.658653	-2.409879	36	17	39	30.082
-1.308997	1.195355	1.200319	11	32	45	30.081
-1.832596	2.187132	-0.479875	32	17	15	30.079
-2.879793	2.187132	-0.479875	20	18	59	30.075
0.785398	1.214854	-1.966664	15	36	44	30.074
-2.879793	2.041297	-2.664597	33	27	19	30.070
-3.141593	2.587733	0.232235	28	24	40	30.069
0.785398	1.413430	2.550734	20	22	55	30.068
-3.141593	0.864993	2.278281	130	147	23	30.065
1.047198	1.433411	-1.035986	28	25	36	30.061
0.000000	2.407836	1.410646	25	22	41	30.060
2.879793	2.404280	-0.174044	14	26	51	30.059
-0.785398	2.704512	1.488683	27	26	18	30.055
1.570796	1.413347	-1.339188	38	16	22	30.054
2.356194	2.343981	-1.040456	38	18	42	30.051
2.879793	1.977582	0.969896	12	28	51	30.051
-2.356194	1.195355	1.200319	28	23	24	30.050
-1.832596	2.404280	-0.174044	14	31	53	30.050
1.832596	2.299159	2.264663	15	30	45	30.049
1.832596	1.948085	-2.363031	26	27	25	30.048
-0.523599	1.809167	1.213774	10	32	22	30.045
2.094395	1.134796	2.434290	31	21	42	30.044
0.785398	1.433411	-1.035986	20	28	48	30.041
-1.308997	0.864993	2.278281	26	11	24	30.036
1.047198	1.574060	2.783565	22	30	24	30.028
2.879793	1.909857	-0.381669	16	30	44	30.027
-0.523599	2.704512	1.488683	129	145	7	30.022
2.094395	1.014500	0.906702	14	29	56	30.016
-2.356194	1.824694	1.850876	130	141	16	30.011
-1.047198	0.914445	2.687814	16	18	58	30.010
0.261799	0.709924	0.218797	13	20	55	30.010
-0.785398	1.824694	1.850876	30	20	11	30.009
-1.832596	2.174483	2.653697	36	16	17	30.009
-3.141593	2.724429	-0.348782	39	23	31	30.009
1.047198	1.135813	-2.658866	25	30	44	30.009
0.785398	2.063651	-2.044600	22	31	51	30.008
1.832596	2.407836	1.410646	41	21	25	30.003
2.094395	2.979456	-1.009304	24	28	31	30.001
0.261799	1.756530	-2.105156	30	26	47	30.000
2.356194	2.719179	-1.780644	27	31	34	30.000
-3.141593	1.721184	-0.153948	27	21	16	30.000
1.832596	0.619654	-2.216909	40	10	24	30.000
-1.047198	1.417623	-0.202254	21	30	31	29.997
2.879793	2.379497	0.561089	29	25	21	29.997
0.785398	1.014500	0.906702	37	13	18	29.996
-0.785398	2.247462	0.191623	31	21	22	29.993
-3.141593	1.948085	-2.363031	20	32	40	29.990
0.000000	0.906588	1.252948	34	11	20	29.989
-1.047198	1.824694	1.850876	33	17	11	29.984
1.570796	2.587733	0.232235	18	15	46	29.981
2.356194	1.256302	0.062705	23	33	33	29.980
-1.308997	0.850607	-1.335383	16	23	52	29.979
-2.094395	1.756530	-2.105156	16	29	49	29.979
-0.523599	0.700570	1.559208	25	15	39	29.977
-3.141593	1.909857	-0.381669	27	21	16	29.969
1.570796	1.194549	-0.801900	22	30	35	29.964
0.000000	2.456751	-1.503343	13	19	45	29.964
-2.879793	0.379747	-1.713059	23	31	38	29.959
-2.879793	2.343981	-1.040456	21	29	42	29.959
-1.570796	1.450119	-2.739050	11	18	59	29.954
2.094395	2.637879	2.121598	42	16	20	29.952
0.000000	0.619654	-2.216909	39	23	28	29.951
-2.617994	1.836682	-0.676006	25	24	43	29.949
-2.617994	1.982574	-1.115518	39	18	22	29.947
1.047198	0.591903	2.010408	26	28	35	29.945
1.308997	0.899350	-2.069907	21	26	48	29.945
2.617994	2.174483	2.653697	32	26	39	29.940
1.832596	1.870545	-2.976234	34	19	34	29.940
-0.261799	2.984978	1.954446	34	25	36	29.927
1.308997	0.709924	0.218797	36	23	40	29.927
1.047198	1.128190	-2.288622	19	29	50	29.925
1.308997	1.909857	-0.381669	5	8	62	29.925
-0.523599	1.025536	1.576859	37	6	23	29.924
-2.879793	1.545873	-1.877082	18	33	42	29.923
-2.094395	1.554776	0.100351	15	15	58	29.921
2.617994	1.242974	-2.977882	20	24	54	29.918
0.785398	1.574060	2.783565	18	33	32	29.914
-0.785398	0.640596	-2.797608	18	26	52	29.913
1.570796	0.685216	-1.712745	39	14	23	29.910
0.261799	2.164094	-2.991358	25	32	34	29.910
2.094395	0.899350	-2.069907	39	18	30	29.909
-1.570796	1.168678	2.108595	4	16	59	29.908
2.094395	2.089241	-0.114193	19	32	32	29.907
1.047198	2.979456	-1.009304	30	22	22	29.901
-0.785398	1.875281	0.107086	28	18	17	29.900
