144	1.2	1
-2.356194	1.134796	2.434290
0.000000	0.000000	0.000000
1ext.pdb	7.980	19.434	-23.365
model.B99990005.pdb	15.418	80.657	20.943
1.832596	2.587733	0.232235	16	26	37	53.289
1.308997	1.195355	1.200319	9	22	38	52.749
-2.617994	0.370812	-2.547742	15	26	33	52.582
-1.047198	2.579248	-2.364801	12	20	43	51.409
-2.356194	0.619654	-2.216909	9	24	31	49.029
-2.356194	0.370812	-2.547742	12	25	33	49.005
-1.308997	1.836682	-0.676006	15	30	30	48.023
-2.094395	0.419640	2.974122	15	26	34	47.704
-1.570796	0.591903	2.010408	18	23	39	47.430
2.356194	2.592629	0.909713	15	25	38	47.249
-0.261799	2.180315	-1.357379	10	25	34	46.704
-2.356194	2.393226	1.857173	120	122	14	46.702
-2.094395	2.089241	-0.114193	18	20	35	46.504
-2.617994	0.619654	-2.216909	11	25	29	46.378
2.356194	2.407836	1.410646	18	21	40	45.770
0.000000	2.180315	-1.357379	115	135	14	45.580
0.000000	1.982574	-1.115518	11	24	29	45.558
2.094395	2.295480	1.008277	17	23	41	45.164
1.832596	1.184361	0.625864	7	23	34	44.762
-0.523599	2.251330	-2.330739	11	22	41	44.694
-2.356194	0.640596	-2.797608	14	26	30	44.684
0.261799	2.343981	-1.040456	114	134	11	44.176
-1.832596	0.618092	2.539118	16	26	36	43.364
0.261799	2.724429	-0.348782	117	137	13	43.196
0.523599	0.700570	1.559208	13	24	33	43.114
1.570796	2.724429	-0.348782	13	27	33	42.608
0.785398	0.619654	-2.216909	112	138	12	42.421
0.785398	2.587733	0.232235	116	137	9	42.388
1.570796	1.014500	0.906702	7	23	35	42.363
2.094395	2.407836	1.410646	20	20	40	41.914
-1.308997	0.297065	2.160177	15	26	38	41.852
-2.094395	2.247462	0.191623	21	19	31	41.795
0.261799	2.180315	-1.357379	116	131	15	41.628
-2.879793	2.356369	3.005869	15	20	31	41.494
1.308997	0.615174	-0.666022	127	120	9	41.442
1.308997	0.831641	0.616218	18	19	28	41.368
-2.879793	0.700570	1.559208	21	25	38	41.234
2.094395	2.108018	1.311430	17	20	43	41.231
-2.094395	2.637879	2.121598	120	123	17	41.217
-1.570796	2.379497	0.561089	29	18	23	41.185
1.047198	2.664082	-1.071402	12	26	29	41.182
-0.261799	2.407836	1.410646	28	22	24	41.140
-1.832596	2.379497	0.561089	30	14	22	41.111
2.617994	2.001437	0.381215	23	28	34	41.094
0.000000	1.606104	-0.451151	20	21	31	41.076
-0.261799	2.343981	-1.040456	14	25	34	41.025
2.356194	2.001437	0.381215	27	25	34	40.963
1.308997	2.760637	2.781135	24	26	34	40.916
-1.308997	1.909857	-0.381669	17	29	26	40.870
0.785398	1.025536	1.576859	10	22	39	40.829
-1.308997	1.658653	-2.409879	23	22	38	40.664
0.261799	1.510910	-0.740472	17	23	30	40.560
-0.261799	2.456751	-1.503343	120	131	22	40.433
-2.879793	1.510910	-0.740472	11	22	36	40.387
2.879793	1.836682	-0.676006	11	29	31	40.338
2.356194	2.863997	0.549740	12	26	34	40.323
0.000000	2.349581	-2.702517	20	21	26	40.313
-1.832596	2.724429	-0.348782	26	26	30	40.262
2.094395	2.881233	-2.582574	26	24	37	40.238
-1.570796	2.588535	-2.976617	123	125	22	40.155
1.047198	1.134796	2.434290	12	31	36	40.124
0.000000	2.455966	-0.641220	117	138	15	39.932
1.308997	1.050534	3.042579	12	27	35	39.911
1.570796	2.588535	-2.976617	25	23	39	39.794
2.617994	1.766067	2.153843	31	19	26	39.794
1.308997	1.870545	-2.976234	18	23	42	39.761
-1.570796	0.297065	2.160177	19	24	38	39.738
-2.356194	2.089241	-0.114193	20	18	33	39.726
-2.094395	2.393226	1.857173	124	120	14	39.686
1.047198	2.587733	0.232235	116	133	10	39.535
-1.308997	2.104282	-0.813972	14	31	34	39.533
1.047198	0.906588	1.252948	13	22	35	39.487
2.879793	2.033014	2.977192	24	19	16	39.475
2.617994	0.619654	-2.216909	122	126	11	39.437
1.832596	2.299159	2.264663	16	29	37	39.400
-1.832596	2.984978	1.954446	11	23	37	39.342
-0.785398	2.251330	-2.330739	13	21	42	39.305
-2.617994	2.393226	1.857173	116	125	14	39.239
1.047198	1.367556	0.358405	124	127	19	39.210
2.094395	0.864993	2.278281	8	25	26	39.200
-0.523599	2.063651	-2.044600	12	23	39	39.182
1.832596	2.637879	2.121598	16	30	34	39.181
-1.308997	2.579248	-2.364801	121	131	24	39.123
1.308997	1.824694	1.850876	15	27	23	39.035
-1.570796	2.247462	0.191623	26	23	23	39.022
1.308997	1.335669	0.897240	127	122	14	38.982
-0.785398	2.719179	-1.780644	119	132	21	38.929
-2.094395	0.640596	-2.797608	12	25	32	38.915
-3.141593	1.812176	0.656819	18	28	37	38.911
-2.094395	1.113094	-0.272241	23	25	22	38.906
1.570796	1.195355	1.200319	8	21	39	38.771
0.261799	2.393226	1.857173	27	24	27	38.741
1.308997	2.724429	-0.348782	17	27	33	38.719
-2.356194	1.875281	0.107086	28	16	20	38.604
2.617994	2.138223	1.678323	31	19	26	38.572
-2.094395	0.866395	-2.492918	21	24	21	38.562
0.523599	2.073035	2.027405	26	25	27	38.548
2.094395	2.592629	0.909713	17	24	38	38.513
1.570796	1.135834	-1.431087	20	29	35	38.509
0.523599	2.637879	2.121598	26	25	31	38.498
-2.879793	0.914445	2.687814	119	125	14	38.414
2.879793	2.180315	-1.357379	9	25	21	38.410
2.617994	1.699788	2.452890	13	22	32	38.389
-1.308997	0.700570	1.559208	18	21	42	38.377
2.094395	2.379497	0.561089	14	26	40	38.304
-2.617994	1.870545	-2.976234	10	21	35	38.299
1.308997	1.242974	-2.977882	26	20	18	38.258
1.308997	1.134497	-1.109631	22	26	40	38.243
-2.617994	1.184361	0.625864	18	17	14	38.238
-2.094395	2.379497	0.561089	125	124	21	38.234
1.570796	2.033014	2.977192	18	26	39	38.216
2.879793	2.108018	1.311430	27	26	29	38.206
1.047198	1.134497	-1.109631	26	23	39	38.206
-2.094395	1.554776	0.100351	25	21	19	38.197
2.879793	1.721184	-0.153948	14	28	37	38.180
1.047198	0.080730	-2.622036	140	26	36	38.158
2.094395	2.760637	2.781135	22	28	36	38.106
1.832596	2.588535	-2.976617	22	25	39	38.100
-0.785398	2.984978	1.954446	30	10	34	38.045
-0.523599	2.719179	-1.780644	120	129	21	38.042
1.308997	1.736875	3.023612	16	26	39	38.020
-0.785398	0.910508	1.903534	19	21	26	37.946
0.261799	2.984978	1.954446	28	24	32	37.946
-0.261799	2.063651	-2.044600	9	23	40	37.934
0.000000	1.846342	-1.796954	16	22	18	37.911
0.261799	1.433411	-1.035986	17	22	27	37.905
1.047198	2.760637	2.781135	27	23	34	37.897
2.617994	0.709924	0.218797	22	23	17	37.864
-1.047198	1.247695	1.809890	22	20	29	37.857
-1.047198	0.418037	1.360082	20	22	41	37.848
-1.832596	2.587733	0.232235	30	18	26	37.838
1.308997	1.014500	0.906702	14	22	32	37.835
2.356194	2.164094	-2.991358	21	15	14	37.823
1.047198	1.554776	0.100351	19	28	30	37.805
-1.832596	1.448123	-2.163292	22	21	19	37.764
-2.094395	1.756530	-2.105156	26	17	20	37.740
0.000000	0.910508	1.903534	15	25	36	37.705
1.047198	1.391910	3.030322	17	27	37	37.696
-1.570796	2.349581	-2.702517	12	26	38	37.691
-1.570796	2.104282	-0.813972	18	30	33	37.682
-2.356194	2.379497	0.561089	122	127	20	37.641
0.000000	1.732874	-0.951685	19	21	30	37.620
2.879793	1.732874	-0.951685	10	29	30	37.611
-2.356194	2.104282	-0.813972	19	23	41	37.588
1.308997	1.998705	2.370472	17	29	31	37.556
-3.141593	2.478122	2.609777	16	21	33	37.528
-1.832596	1.256302	0.062705	18	24	19	37.514
-0.785398	2.579248	-2.364801	10	20	43	37.513
-2.356194	1.256302	0.062705	24	21	19	37.506
0.261799	0.906588	1.252948	24	22	22	37.505
0.000000	2.881233	-2.582574	10	23	32	37.485
1.570796	1.335669	0.897240	9	23	37	37.479
1.308997	0.906588	1.252948	10	22	37	37.473
1.570796	0.864993	2.278281	15	29	26	37.458
-0.523599	2.456751	-1.503343	14	26	35	37.452
-2.617994	2.979456	-1.009304	27	24	34	37.448
1.047198	2.164094	-2.991358	22	21	41	37.445
-1.570796	2.001437	0.381215	25	21	19	37.433
-2.617994	0.899350	-2.069907	11	24	25	37.427
-1.047198	0.910508	1.903534	21	20	26	37.426
0.785398	2.478122	2.609777	27	23	35	37.421
-1.570796	2.115563	0.685730	27	16	19	37.402
-0.523599	1.440580	2.260026	10	24	37	37.396
2.617994	1.413430	2.550734	13	23	35	37.368
-1.570796	2.299159	2.264663	4	25	48	37.350
-3.141593	0.831641	0.616218	8	17	54	37.320
-2.094395	1.948085	-2.363031	16	21	35	37.310
-1.832596	2.637879	2.121598	124	121	17	37.304
0.785398	0.379747	-1.713059	117	128	13	37.277
-0.523599	2.396274	-1.959260	10	22	40	37.271
2.879793	2.299159	2.264663	28	18	19	37.253
-0.785398	1.948085	-2.363031	15	23	40	37.235
-2.094395	1.875281	0.107086	16	20	31	37.218
-1.832596	2.349581	-2.702517	123	131	25	37.212
-2.879793	1.870545	-2.976234	4	17	54	37.192
0.785398	2.592629	0.909713	15	29	25	37.180
-2.879793	2.180315	-1.357379	17	21	47	37.165
1.832596	2.724429	-0.348782	9	27	34	37.164
-1.308997	2.379497	0.561089	28	21	22	37.157
-2.879793	1.982574	-1.115518	20	18	44	37.126
-2.617994	0.831641	0.616218	15	22	17	37.084
0.000000	2.456751	-1.503343	115	132	15	37.072
-2.617994	1.606104	-0.451151	26	17	18	37.071
-0.261799	0.709924	0.218797	20	20	25	37.067
1.570796	0.914445	2.687814	11	28	31	37.052
-0.261799	0.615174	-0.666022	117	131	6	37.041
-2.617994	1.836682	-0.676006	9	22	34	37.038
2.094395	0.379747	-1.713059	125	120	14	37.033
-0.785398	2.456751	-1.503343	16	25	35	37.033
0.523599	0.370812	-2.547742	2	29	41	37.026
1.308997	2.356369	3.005869	23	24	39	37.025
0.785398	1.998705	2.370472	24	26	31	37.025
2.356194	0.458961	-0.107937	10	21	38	37.003
-2.356194	1.909857	-0.381669	19	19	37	36.997
-0.785398	0.960688	-0.577532	119	136	5	36.990
2.879793	0.418037	1.360082	11	26	22	36.985
1.570796	0.929350	-2.910676	6	23	37	36.973
-2.094395	2.719179	-1.780644	18	30	34	36.966
2.094395	2.478122	2.609777	18	28	39	36.942
-2.356194	0.961715	0.014085	22	24	19	36.929
0.000000	2.704512	1.488683	25	26	28	36.928
-0.785398	1.247695	1.809890	20	22	29	36.921
-3.141593	1.948085	-2.363031	117	134	8	36.905
-3.141593	1.440580	2.260026	26	26	29	36.891
1.570796	1.869911	2.701025	15	28	35	36.882
-0.523599	2.588535	-2.976617	21	20	27	36.870
2.617994	0.831641	0.616218	16	25	18	36.829
-1.047198	2.863997	0.549740	27	25	29	36.806
-0.785398	1.569311	-3.003978	19	20	25	36.792
-2.617994	1.113094	-0.272241	21	22	16	36.780
1.570796	2.984978	1.954446	19	30	32	36.773
-0.261799	1.417623	-0.202254	29	15	25	36.766
2.879793	0.906588	1.252948	15	18	52	36.757
0.785398	2.356369	3.005869	25	21	38	36.731
-1.832596	0.866395	-2.492918	18	26	22	36.722
2.617994	1.824694	1.850876	31	19	28	36.717
-1.832596	1.135813	-2.658866	22	25	23	36.708
1.047198	2.404280	-0.174044	17	28	31	36.708
-1.832596	1.554776	0.100351	21	23	19	36.675
-1.047198	2.153910	-1.714959	18	26	37	36.673
-2.617994	2.863997	0.549740	118	133	19	36.673
-1.308997	1.756530	-2.105156	23	24	37	36.640
2.879793	1.875281	0.107086	17	29	35	36.637
-2.094395	2.587733	0.232235	32	15	26	36.636
1.570796	1.391910	3.030322	11	26	37	36.621
-2.356194	2.587733	0.232235	31	11	26	36.597
-2.356194	0.866395	-2.492918	14	25	29	36.578
-2.879793	0.733948	3.021411	123	122	17	36.564
-1.047198	2.719179	-1.780644	16	24	40	36.549
0.000000	0.864993	2.278281	142	26	44	36.544
-1.832596	1.756530	-2.105156	25	19	20	36.543
1.047198	1.662363	0.915448	17	23	39	36.531
-0.261799	2.033014	2.977192	14	22	30	36.522
-0.523599	1.870545	-2.976234	18	21	27	36.514
-3.141593	1.301460	-0.509251	11	23	37	36.512
1.308997	1.554776	0.100351	15	28	30	36.472
-1.308997	2.478122	2.609777	126	121	21	36.446
1.570796	1.134796	2.434290	13	29	28	36.435
2.617994	2.180315	-1.357379	12	27	21	36.434
1.308997	2.588535	-2.976617	27	20	38	36.428
0.785398	2.637879	2.121598	23	27	31	36.425
-2.356194	1.721184	-0.153948	11	21	35	36.410
2.879793	1.554776	0.100351	16	26	40	36.408
-1.570796	1.504028	0.636812	18	17	15	36.407
0.000000	2.637879	2.121598	30	20	31	36.402
-2.617994	1.875281	0.107086	28	13	20	36.399
1.047198	0.615174	-0.666022	123	122	9	36.399
1.308997	2.089241	-0.114193	14	28	30	36.389
-2.879793	1.025536	1.576859	21	26	34	36.386
-2.617994	2.719179	-1.780644	26	26	34	36.381
-2.356194	1.367556	0.358405	22	18	16	36.353
1.570796	1.045978	0.343692	129	123	26	36.344
2.617994	1.721184	-0.153948	17	29	36	36.328
-2.356194	2.724429	-0.348782	31	19	30	36.326
1.047198	2.863997	0.549740	117	137	13	36.314
0.523599	1.872854	1.543456	119	124	8	36.312
1.832596	1.756530	-2.105156	125	123	20	36.295
0.785398	0.418037	1.360082	12	25	30	36.294
0.785398	0.899350	-2.069907	112	135	14	36.284
2.617994	1.869911	2.701025	28	18	20	36.282
-1.308997	1.135813	-2.658866	113	134	1	36.274
-1.570796	1.554776	0.100351	20	24	19	36.263
-1.047198	2.704512	1.488683	31	13	30	36.247
1.832596	1.045978	0.343692	14	19	27	36.239
1.308997	1.045978	0.343692	127	124	25	36.238
1.832596	0.914445	2.687814	8	26	31	36.234
1.308997	1.417623	-0.202254	15	28	25	36.219
-1.308997	2.247462	0.191623	24	25	23	36.205
-1.570796	2.587733	0.232235	29	22	26	36.204
-2.356194	2.881233	-2.582574	30	17	33	36.179
0.785398	1.824694	1.850876	22	26	23	36.163
-2.617994	0.733948	3.021411	126	121	17	36.160
-0.523599	2.407836	1.410646	29	21	25	36.142
-2.617994	0.080730	-2.622036	16	25	36	36.139
-0.523599	1.574060	2.783565	9	25	35	36.134
-1.570796	0.906588	1.252948	12	30	31	36.119
-1.308997	1.875281	0.107086	20	25	20	36.114
0.523599	0.685216	-1.712745	116	132	16	36.093
-2.094395	1.683268	0.374177	24	17	16	36.091
-1.832596	2.001437	0.381215	27	18	19	36.091
2.356194	2.115563	0.685730	30	23	32	36.060
-1.047198	1.135813	-2.658866	115	129	1	36.052
-3.141593	2.138223	1.678323	26	27	27	36.051
-0.785398	1.218453	2.777284	19	21	26	36.050
2.617994	2.073035	2.027405	31	18	24	36.027
0.261799	2.760637	2.781135	30	15	37	36.010
0.000000	1.413347	-1.339188	22	16	17	36.001
0.523599	1.982574	-1.115518	119	127	19	36.000
0.000000	2.724429	-0.348782	29	21	32	35.984
0.261799	2.478122	2.609777	30	18	35	35.946
1.308997	2.393226	1.857173	20	29	32	35.940
-1.047198	2.164094	-2.991358	8	18	52	35.924
1.308997	0.674054	1.013609	8	24	32	35.917
-2.617994	1.025536	1.576859	17	29	34	35.910
1.570796	1.218453	2.777284	12	28	34	35.880
-2.356194	1.599406	1.426070	14	31	36	35.877
1.308997	1.812176	0.656819	16	26	39	35.876
-2.094395	0.733948	3.021411	15	27	33	35.864
1.047198	2.073035	2.027405	19	28	26	35.853
1.570796	2.164094	-2.991358	20	23	41	35.825
-1.832596	2.863997	0.549740	32	14	29	35.807
1.832596	2.881233	-2.582574	28	21	37	35.799
-1.570796	0.080730	-2.622036	140	20	47	35.796
0.000000	2.343981	-1.040456	11	27	34	35.784
1.570796	1.756530	-2.105156	122	125	20	35.783
-3.141593	2.033014	2.977192	22	21	16	35.775
2.617994	1.574060	2.783565	15	21	35	35.769
0.785398	1.391910	3.030322	21	26	37	35.768
0.261799	2.247462	0.191623	126	121	21	35.750
-0.523599	1.025536	1.576859	18	22	28	35.750
2.617994	1.875281	0.107086	21	28	35	35.741
1.047198	0.290380	-0.796960	123	122	9	35.738
-3.141593	1.766067	2.153843	27	25	26	35.729
-2.879793	0.203748	0.590255	16	28	24	35.726
-0.261799	0.591903	2.010408	28	20	24	35.723
-1.832596	0.419640	2.974122	13	25	36	35.696
-1.308997	0.591903	2.010408	15	25	40	35.679
-1.570796	1.756530	-2.105156	26	22	37	35.673
-2.879793	0.496451	0.593859	17	25	20	35.660
-2.094395	0.619654	-2.216909	7	24	31	35.657
1.570796	2.881233	-2.582574	30	18	37	35.654
-0.785398	1.812176	0.656819	119	126	20	35.654
-2.617994	0.914445	2.687814	122	122	15	35.650
1.047198	1.736875	3.023612	20	25	39	35.637
1.570796	2.637879	2.121598	20	29	34	35.626
2.879793	1.014500	0.906702	121	127	19	35.618
2.356194	2.174483	2.653697	25	14	19	35.599
1.832596	0.615174	-0.666022	19	26	35	35.598
-2.617994	1.617114	-1.572037	116	130	17	35.582
-0.261799	1.696674	-1.253233	10	26	28	35.549
-2.356194	2.001437	0.381215	27	12	18	35.546
-0.523599	2.153910	-1.714959	11	25	37	35.537
-1.308997	0.762244	-0.273349	130	122	23	35.537
1.047198	2.356369	3.005869	26	22	39	35.536
0.523599	0.458961	-0.107937	125	123	6	35.502
2.356194	1.875281	0.107086	25	26	35	35.497
-1.570796	1.683268	0.374177	21	21	17	35.481
-2.094395	2.164094	-2.991358	123	128	24	35.480
1.308997	2.138223	1.678323	18	30	30	35.477
-2.094395	1.256302	0.062705	22	23	19	35.464
-3.141593	1.909857	-0.381669	9	28	33	35.456
-2.094395	1.128190	-2.288622	22	22	19	35.445
-1.308997	2.587733	0.232235	26	25	26	35.441
0.785398	1.699788	2.452890	25	26	31	35.432
0.523599	2.760637	2.781135	29	18	36	35.425
0.785398	1.736875	3.023612	23	24	39	35.417
2.617994	1.909857	-0.381669	17	30	33	35.414
-1.832596	2.164094	-2.991358	125	126	24	35.414
0.785398	2.138223	1.678323	25	27	30	35.404
0.523599	1.836682	-0.676006	117	129	12	35.397
1.570796	2.174483	2.653697	15	29	35	35.364
-2.879793	2.979456	-1.009304	29	20	33	35.334
-1.570796	0.618092	2.539118	12	26	36	35.333
2.879793	1.977582	0.969896	25	28	34	35.328
-2.356194	1.045978	0.343692	19	21	16	35.319
-1.832596	0.615174	-0.666022	21	28	27	35.301
-2.356194	2.247462	0.191623	29	13	22	35.296
-2.617994	1.045978	0.343692	21	20	16	35.294
1.308997	1.875281	0.107086	15	28	32	35.291
-2.879793	2.719179	-1.780644	29	23	34	35.281
2.879793	1.909857	-0.381669	13	30	33	35.277
1.570796	2.108018	1.311430	11	28	25	35.276
1.308997	1.134796	2.434290	17	29	28	35.262
-2.617994	0.458961	-0.107937	24	26	23	35.261
-0.261799	2.001437	0.381215	9	20	45	35.253
-1.570796	2.881233	-2.582574	118	130	20	35.252
-0.261799	2.664082	-1.071402	14	25	36	35.248
-2.356194	2.138223	1.678323	122	120	11	35.247
-2.356194	0.458961	-0.107937	20	27	23	35.246
0.000000	2.478122	2.609777	30	15	35	35.239
-2.879793	0.762244	-0.273349	143	15	53	35.234
-0.523599	1.699788	2.452890	7	24	38	35.233
1.308997	2.164094	-2.991358	23	21	41	35.232
-1.570796	2.592629	0.909713	31	12	24	35.221
-2.879793	1.658653	-2.409879	116	134	4	35.205
-1.570796	1.195355	1.200319	12	30	31	35.197
0.785398	2.393226	1.857173	20	28	26	35.195
-0.785398	1.504028	0.636812	118	132	18	35.191
-3.141593	1.014500	0.906702	15	19	15	35.187
2.879793	2.104282	-0.813972	10	28	26	35.171
-2.356194	2.456751	-1.503343	27	27	33	35.168
-2.094395	2.404280	-0.174044	29	21	27	35.163
1.832596	1.134796	2.434290	10	27	29	35.156
0.000000	1.545873	-1.877082	15	18	17	35.154
0.000000	0.290380	-0.796960	118	127	8	35.138
2.356194	2.063651	-2.044600	17	23	17	35.131
-1.570796	1.875281	0.107086	22	24	20	35.130
1.308997	1.569311	-3.003978	14	24	41	35.116
1.308997	1.662363	0.915448	14	23	39	35.115
-3.141593	1.658653	-2.409879	118	135	6	35.115
-2.094395	1.569311	-3.003978	130	124	24	35.114
0.261799	2.637879	2.121598	29	22	31	35.090
2.617994	1.741644	-2.695914	22	23	17	35.085
0.785398	2.295480	1.008277	18	28	22	35.079
-1.832596	2.187132	-0.479875	27	22	21	35.071
-0.785398	2.760637	2.781135	10	24	34	35.070
0.523599	2.379497	0.561089	15	27	21	35.066
1.308997	1.218453	2.777284	15	29	33	35.058
-0.523599	1.766067	2.153843	7	23	40	35.057
-2.356194	2.404280	-0.174044	20	19	33	35.047
1.308997	2.404280	-0.174044	13	28	31	35.047
2.879793	1.982574	-1.115518	9	28	25	35.043
0.523599	0.762244	-0.273349	122	125	5	35.034
-1.308997	2.719179	-1.780644	19	22	39	35.028
1.047198	2.478122	2.609777	25	26	34	35.025
-2.094395	2.001437	0.381215	28	15	18	35.024
-2.617994	2.456751	-1.503343	30	23	33	35.020
-1.047198	2.247462	0.191623	11	27	32	35.012
-0.785398	1.242974	-2.977882	20	20	25	35.009
1.308997	2.637879	2.121598	24	27	34	34.990
-1.047198	1.168678	2.108595	22	20	27	34.984
0.785398	1.869911	2.701025	24	25	35	34.976
1.047198	1.875281	0.107086	19	28	31	34.976
1.308997	1.391910	3.030322	14	27	37	34.969
2.094395	2.115563	0.685730	32	19	32	34.961
-2.094395	1.417623	-0.202254	25	24	22	34.960
0.785398	1.554776	0.100351	23	27	30	34.950
-0.523599	0.571433	-1.188419	142	28	39	34.944
1.047198	2.379497	0.561089	24	24	38	34.942
0.523599	1.367556	0.358405	16	22	18	34.935
1.047198	2.001437	0.381215	28	15	33	34.935
-2.356194	1.574060	2.783565	124	121	18	34.917
-1.570796	1.448123	-2.163292	27	22	34	34.901
2.094395	0.418037	1.360082	13	29	26	34.896
-1.047198	1.998705	2.370472	129	125	12	34.895
-2.617994	0.203748	0.590255	12	28	24	34.894
-1.832596	1.367556	0.358405	19	20	16	34.888
0.523599	1.433411	-1.035986	15	23	28	34.879
1.047198	1.195355	1.200319	11	23	38	34.862
-2.617994	1.367556	0.358405	23	16	16	34.854
0.261799	1.982574	-1.115518	22	24	22	34.844
-0.261799	2.719179	-1.780644	20	28	29	34.834
0.785398	1.134497	-1.109631	14	23	28	34.832
-0.261799	2.984978	1.954446	29	18	34	34.822
-2.094395	2.104282	-0.813972	16	26	41	34.822
2.094395	1.846342	-1.796954	11	31	28	34.816
2.617994	1.310100	1.488307	20	20	45	34.810
1.308997	2.407836	1.410646	15	30	27	34.803
-1.570796	2.404280	-0.174044	29	20	21	34.778
2.879793	1.113094	-0.272241	14	22	41	34.777
-1.570796	2.863997	0.549740	32	18	29	34.773
2.879793	0.496451	0.593859	23	24	19	34.772
-1.047198	0.960688	-0.577532	119	140	6	34.771
-0.785398	2.001437	0.381215	121	121	17	34.768
-1.832596	2.115563	0.685730	28	13	19	34.766
-0.785398	1.870545	-2.976234	20	21	27	34.766
2.879793	2.089241	-0.114193	15	30	31	34.766
-2.356194	1.555207	1.708892	14	31	32	34.752
1.832596	1.413430	2.550734	9	27	32	34.748
-1.832596	1.374601	-2.456031	22	24	22	34.737
-1.832596	2.247462	0.191623	29	20	22	34.732
1.047198	1.766067	2.153843	20	28	27	34.731
-1.308997	2.592629	0.909713	31	17	25	34.723
2.879793	0.290380	-0.796960	9	22	36	34.717
-0.523599	1.310100	1.488307	30	17	26	34.698
1.308997	0.899350	-2.069907	138	14	48	34.693
-2.617994	0.709924	0.218797	20	24	19	34.684
1.308997	1.699788	2.452890	17	29	31	34.677
2.879793	1.247695	1.809890	19	23	44	34.676
2.879793	0.709924	0.218797	20	25	18	34.673
0.000000	2.664082	-1.071402	118	131	18	34.667
-1.047198	2.379497	0.561089	25	24	22	34.665
-2.356194	0.864993	2.278281	122	122	10	34.650
0.261799	0.080730	-2.622036	141	29	38	34.649
-2.094395	1.045978	0.343692	16	22	17	34.634
-2.879793	0.961715	0.014085	18	22	15	34.615
-0.785398	1.606104	-0.451151	10	28	28	34.606
0.523599	1.510910	-0.740472	15	24	31	34.594
-2.879793	0.419640	2.974122	122	122	13	34.592
2.356194	2.760637	2.781135	18	29	36	34.591
-0.261799	1.904882	-1.478089	9	25	32	34.584
1.570796	0.733948	3.021411	31	18	22	34.582
-2.356194	2.637879	2.121598	117	126	17	34.579
-3.141593	1.836682	-0.676006	7	27	31	34.577
-2.879793	2.343981	-1.040456	20	20	43	34.572
-0.523599	2.984978	1.954446	30	14	34	34.571
1.308997	0.709924	0.218797	122	127	24	34.566
1.832596	2.379497	0.561089	16	26	37	34.564
-0.785398	2.299159	2.264663	141	20	48	34.560
1.832596	1.218453	2.777284	8	26	34	34.556
2.617994	2.115563	0.685730	26	27	32	34.556
2.094395	2.587733	0.232235	11	27	37	34.556
-2.879793	0.379747	-1.713059	9	25	32	34.532
-0.785398	2.407836	1.410646	30	18	25	34.531
-1.570796	2.295480	1.008277	29	11	21	34.523
-2.879793	1.836682	-0.676006	11	23	33	34.519
0.261799	2.455966	-0.641220	116	134	14	34.502
-0.785398	1.168678	2.108595	20	22	28	34.496
-2.094395	1.448123	-2.163292	24	19	19	34.486
1.047198	1.569311	-3.003978	18	24	41	34.474
-3.141593	1.846342	-1.796954	115	139	12	34.470
2.617994	1.683268	0.374177	22	27	39	34.464
0.261799	0.379747	-1.713059	112	140	6	34.455
1.832596	2.760637	2.781135	16	29	35	34.452
-1.832596	0.762244	-0.273349	124	125	21	34.452
-2.356194	2.115563	0.685730	124	126	21	34.444
0.785398	1.218453	2.777284	13	29	40	34.441
-2.094395	0.290380	-0.796960	26	26	27	34.438
-2.617994	1.301460	-0.509251	10	19	39	34.436
0.523599	2.478122	2.609777	28	22	35	34.424
-1.047198	2.478122	2.609777	12	24	35	34.416
-0.523599	2.592629	0.909713	24	25	24	34.412
-2.094395	2.704512	1.488683	11	22	40	34.408
2.356194	1.998705	2.370472	31	14	22	34.406
1.308997	2.664082	-1.071402	8	27	30	34.404
1.832596	0.992645	-1.723759	19	30	33	34.399
2.617994	1.836682	-0.676006	15	30	31	34.399
2.356194	0.379747	-1.713059	129	119	14	34.383
-1.832596	2.588535	-2.976617	121	128	22	34.380
1.047198	0.619654	-2.216909	112	133	12	34.374
2.094395	1.134796	2.434290	6	25	29	34.368
-0.261799	0.831641	0.616218	4	22	43	34.367
1.832596	0.700570	1.559208	13	29	27	34.364
-2.094395	2.299159	2.264663	121	124	19	34.357
0.785398	1.301460	-0.509251	120	125	8	34.350
2.094395	0.615174	-0.666022	15	26	35	34.327
-2.094395	2.295480	1.008277	124	129	25	34.322
0.261799	2.664082	-1.071402	18	28	28	34.315
-2.094395	1.367556	0.358405	20	19	16	34.302
-2.356194	1.606104	-0.451151	6	21	37	34.293
-1.832596	1.417623	-0.202254	21	26	22	34.292
1.308997	2.587733	0.232235	19	27	36	34.291
-2.879793	0.960688	-0.577532	140	19	50	34.275
1.570796	1.872854	1.543456	14	29	26	34.274
0.261799	0.290380	-0.796960	120	123	9	34.274
-1.047198	2.587733	0.232235	22	27	26	34.261
-0.785398	2.164094	-2.991358	7	18	52	34.248
2.094395	0.674054	1.013609	23	23	19	34.235
-0.785398	2.704512	1.488683	31	16	28	34.230
-2.356194	0.709924	0.218797	18	24	19	34.223
2.617994	1.599406	1.426070	31	20	35	34.221
-0.261799	1.982574	-1.115518	11	26	30	34.219
1.047198	0.640596	-2.797608	32	17	26	34.215
2.094395	2.138223	1.678323	29	12	25	34.207
-2.617994	2.724429	-0.348782	32	15	30	34.204
2.879793	2.251330	-2.330739	117	137	9	34.204
0.785398	1.875281	0.107086	23	27	31	34.201
0.000000	0.906588	1.252948	26	20	21	34.195
-0.785398	0.571433	-1.188419	1	29	39	34.193
-2.879793	2.153910	-1.714959	13	22	50	34.187
-2.356194	1.982574	-1.115518	17	24	45	34.179
1.832596	0.910508	1.903534	15	27	22	34.163
1.308997	0.379747	-1.713059	122	121	13	34.159
0.523599	2.455966	-0.641220	20	27	28	34.153
2.617994	2.108018	1.311430	30	22	29	34.147
1.308997	1.683268	0.374177	15	28	34	34.145
1.308997	1.367556	0.358405	14	28	32	34.138
-2.094395	0.831641	0.616218	25	24	36	34.128
-0.523599	0.866955	-0.931351	118	136	9	34.124
0.261799	2.073035	2.027405	29	22	27	34.119
0.000000	1.301460	-0.509251	20	21	28	34.114
-0.785398	1.450119	-2.739050	21	20	27	34.105
-2.356194	0.899350	-2.069907	20	21	18	34.096
-1.047198	1.756530	-2.105156	20	26	37	34.095
1.308997	0.496451	0.593859	19	19	28	34.094
2.617994	2.881233	-2.582574	28	24	35	34.071
0.785398	2.760637	2.781135	29	20	34	34.065
0.261799	1.696674	-1.253233	21	21	19	34.063
-2.356194	2.041297	-2.664597	17	20	36	34.050
1.047198	0.370812	-2.547742	139	25	41	34.048
-3.141593	1.982574	-1.115518	5	25	26	34.045
-2.617994	0.960688	-0.577532	24	24	20	34.031
0.000000	0.571433	-1.188419	116	133	9	34.025
-1.832596	1.683268	0.374177	22	19	17	34.016
1.832596	1.050534	3.042579	6	22	34	33.998
1.047198	0.866395	-2.492918	30	22	26	33.996
2.094395	1.658653	-2.409879	127	124	21	33.988
-2.879793	1.113094	-0.272241	23	20	16	33.981
0.261799	2.979456	-1.009304	19	28	33	33.981
-2.879793	1.194549	-0.801900	11	20	39	33.977
-0.523599	2.180315	-1.357379	13	26	34	33.968
-2.356194	2.863997	0.549740	120	129	20	33.964
0.523599	2.299159	2.264663	25	26	31	33.953
-2.879793	1.184361	0.625864	19	17	15	33.953
-0.785398	2.153910	-1.714959	15	26	37	33.946
-3.141593	1.756530	-2.105156	115	138	8	33.941
-3.141593	2.579248	-2.364801	5	26	50	33.926
2.879793	2.863997	0.549740	12	23	38	33.925
1.308997	1.872854	1.543456	17	30	27	33.924
-2.617994	0.615174	-0.666022	24	26	22	33.920
1.308997	1.413430	2.550734	8	29	42	33.916
1.047198	1.998705	2.370472	22	28	31	33.911
-1.832596	2.089241	-0.114193	27	24	24	33.911
-2.356194	2.719179	-1.780644	22	28	34	33.908
-2.879793	2.164094	-2.991358	13	21	31	33.902
0.261799	1.545873	-1.877082	18	21	26	33.895
1.047198	0.866955	-0.931351	22	24	42	33.876
2.879793	0.700570	1.559208	127	122	17	33.872
1.832596	1.014500	0.906702	7	22	35	33.872
-2.094395	2.063651	-2.044600	122	121	10	33.872
0.785398	1.574060	2.783565	24	26	35	33.862
-0.261799	2.396274	-1.959260	9	22	41	33.862
-2.617994	1.417623	-0.202254	29	19	22	33.860
-2.094395	1.736875	3.023612	127	123	22	33.858
-2.617994	2.073035	2.027405	117	125	15	33.844
2.879793	1.025536	1.576859	33	16	26	33.843
-2.879793	1.448123	-2.163292	114	135	9	33.842
-1.308997	1.869911	2.701025	125	128	15	33.834
0.523599	1.184361	0.625864	19	22	19	33.828
1.047198	1.812176	0.656819	20	25	39	33.828
-1.308997	2.881233	-2.582574	120	127	20	33.828
-2.879793	1.417623	-0.202254	120	126	13	33.826
-1.047198	0.615174	-0.666022	119	139	9	33.822
-2.094395	2.115563	0.685730	126	124	22	33.818
2.879793	0.379747	-1.713059	22	23	20	33.813
1.832596	1.335669	0.897240	7	22	38	33.811
2.094395	1.218453	2.777284	5	24	34	33.800
1.570796	0.831641	0.616218	9	24	31	33.790
0.261799	2.863997	0.549740	17	30	27	33.779
-1.832596	2.393226	1.857173	128	118	14	33.773
-1.308997	0.418037	1.360082	22	20	41	33.772
-1.570796	2.063651	-2.044600	26	21	22	33.770
2.879793	0.910508	1.903534	31	20	24	33.768
2.879793	1.417623	-0.202254	14	25	38	33.761
-1.832596	1.113094	-0.272241	19	27	23	33.755
1.047198	1.374601	-2.456031	28	24	23	33.751
1.832596	0.733948	3.021411	5	23	33	33.733
1.570796	1.574060	2.783565	12	28	35	33.726
0.785398	0.080730	-2.622036	143	29	36	33.724
-0.261799	1.247695	1.809890	16	23	39	33.724
2.356194	0.418037	1.360082	19	27	22	33.724
-0.785398	0.866955	-0.931351	119	139	10	33.722
-1.832596	2.404280	-0.174044	27	24	27	33.722
-1.832596	0.290380	-0.796960	22	27	26	33.716
-0.523599	0.914445	2.687814	27	24	31	33.715
0.000000	2.153910	-1.714959	16	25	22	33.714
-0.523599	2.343981	-1.040456	11	28	32	33.711
-2.879793	1.606104	-0.451151	11	23	36	33.706
1.570796	1.736875	3.023612	14	26	39	33.702
1.047198	2.979456	-1.009304	9	26	30	33.700
-1.047198	1.736875	3.023612	13	18	49	33.696
2.617994	2.407836	1.410646	17	23	41	33.693
-0.523599	2.115563	0.685730	120	122	15	33.690
0.261799	0.700570	1.559208	4	28	43	33.689
2.617994	0.418037	1.360082	15	27	21	33.682
-1.570796	0.866955	-0.931351	10	29	39	33.680
1.047198	2.115563	0.685730	130	119	16	33.679
0.000000	2.407836	1.410646	24	26	24	33.667
0.785398	1.367556	0.358405	14	22	18	33.665
0.000000	1.448123	-2.163292	17	21	25	33.660
0.261799	0.850607	-1.335383	116	132	11	33.656
-1.308997	1.448123	-2.163292	24	24	34	33.655
2.617994	2.299159	2.264663	29	15	19	33.651
-2.879793	0.615174	-0.666022	27	24	22	33.651
1.570796	2.587733	0.232235	29	21	25	33.651
2.356194	2.299159	2.264663	26	13	20	33.645
-2.356194	2.343981	-1.040456	31	22	27	33.640
-1.570796	1.025536	1.576859	13	25	24	33.640
0.785398	2.299159	2.264663	24	26	31	33.634
0.000000	1.617114	-1.572037	19	19	17	33.633
1.047198	1.025536	1.576859	7	21	39	33.630
-2.356194	2.073035	2.027405	119	124	16	33.627
-0.523599	1.982574	-1.115518	11	28	29	33.610
-1.832596	1.875281	0.107086	25	22	20	33.609
-1.570796	0.290380	-0.796960	19	28	24	33.608
-3.141593	0.685216	-1.712745	13	28	31	33.608
0.785398	0.203748	0.590255	116	130	18	33.607
-0.523599	0.961715	0.014085	12	23	34	33.602
2.879793	1.045978	0.343692	17	20	14	33.583
1.832596	0.961715	0.014085	24	13	17	33.579
-1.570796	0.960688	-0.577532	17	29	26	33.577
2.617994	1.168678	2.108595	21	20	42	33.577
-3.141593	1.870545	-2.976234	5	18	54	33.574
1.832596	0.203748	0.590255	141	17	47	33.571
1.570796	1.168678	2.108595	15	28	24	33.568
2.879793	1.574060	2.783565	12	22	35	33.561
-0.523599	0.591903	2.010408	29	17	24	33.559
-2.094395	0.370812	-2.547742	18	27	23	33.551
0.785398	0.906588	1.252948	12	25	36	33.546
-1.047198	1.413430	2.550734	19	21	27	33.544
-0.261799	1.574060	2.783565	22	23	40	33.542
-0.261799	0.960688	-0.577532	13	18	17	33.541
0.000000	0.370812	-2.547742	0	29	43	33.526
1.308997	1.574060	2.783565	17	28	36	33.520
-2.879793	1.135813	-2.658866	1	30	34	33.520
0.261799	1.658653	-2.409879	29	17	26	33.508
0.261799	0.370812	-2.547742	140	27	43	33.501
-1.832596	1.696674	-1.253233	12	27	46	33.494
-0.523599	1.756530	-2.105156	16	21	18	33.493
1.570796	2.073035	2.027405	17	30	35	33.485
1.570796	2.760637	2.781135	20	28	35	33.478
2.356194	2.138223	1.678323	19	19	42	33.477
0.000000	1.433411	-1.035986	19	21	27	33.476
0.785398	1.184361	0.625864	11	16	51	33.466
0.000000	2.033014	2.977192	12	23	29	33.458
0.000000	2.984978	1.954446	30	20	32	33.453
0.523599	2.349581	-2.702517	22	25	18	33.450
2.879793	2.295480	1.008277	25	28	29	33.442
1.832596	0.591903	2.010408	16	28	24	33.432
-3.141593	2.001437	0.381215	16	30	34	33.431
-2.356194	2.588535	-2.976617	119	134	22	33.430
-1.570796	1.998705	2.370472	8	26	47	33.423
2.617994	2.089241	-0.114193	18	30	31	33.417
2.617994	0.615174	-0.666022	10	23	20	33.415
0.785398	2.984978	1.954446	21	29	31	33.413
-1.308997	2.404280	-0.174044	11	28	37	33.412
-2.356194	1.554776	0.100351	26	19	19	33.407
2.094395	1.741644	-2.695914	3	20	52	33.406
0.785398	2.187132	-0.479875	117	127	12	33.397
-2.617994	1.134497	-1.109631	31	22	26	33.396
0.261799	2.404280	-0.174044	117	139	10	33.394
1.832596	0.709924	0.218797	18	19	26	33.392
2.879793	2.073035	2.027405	29	22	24	33.392
-2.356194	1.488617	1.159546	14	30	41	33.384
-1.570796	1.812176	0.656819	24	17	17	33.382
2.879793	2.979456	-1.009304	32	13	33	33.382
-0.261799	1.545873	-1.877082	16	18	16	33.382
0.785398	2.247462	0.191623	24	26	34	33.381
-1.047198	1.909857	-0.381669	14	30	26	33.381
-2.617994	0.700570	1.559208	18	28	38	33.379
-2.356194	1.617114	-1.572037	117	126	17	33.375
0.785398	2.588535	-2.976617	29	15	39	33.375
0.785398	0.640596	-2.797608	2	29	44	33.373
-3.141593	0.370812	-2.547742	128	120	15	33.372
-1.047198	0.203748	0.590255	122	122	9	33.369
-0.523599	1.218453	2.777284	25	23	36	33.369
-3.141593	1.195355	1.200319	13	24	50	33.366
2.879793	2.881233	-2.582574	25	26	35	33.362
0.785398	1.413430	2.550734	17	29	40	33.362
-2.617994	1.510910	-0.740472	8	21	37	33.362
-0.785398	0.674054	1.013609	22	19	26	33.350
-1.570796	0.571433	-1.188419	24	28	31	33.348
2.094395	1.977582	0.969896	28	21	36	33.341
-0.261799	1.367556	0.358405	30	16	32	33.334
2.617994	2.104282	-0.813972	14	30	27	33.333
0.523599	0.960688	-0.577532	118	127	8	33.332
-1.308997	2.863997	0.549740	29	21	29	33.331
-1.047198	2.187132	-0.479875	15	31	32	33.326
-1.047198	1.113094	-0.272241	9	20	52	33.323
-0.785398	1.909857	-0.381669	0	28	35	33.295
0.000000	0.685216	-1.712745	142	26	44	33.292
1.047198	2.704512	1.488683	20	30	29	33.290
1.570796	0.762244	-0.273349	19	25	37	33.288
-1.832596	1.128190	-2.288622	19	23	20	33.288
-2.879793	0.571433	-1.188419	139	23	43	33.284
0.785398	2.404280	-0.174044	21	28	31	33.281
1.832596	1.448123	-2.163292	2	11	52	33.279
1.308997	1.256302	0.062705	24	21	38	33.270
-3.141593	0.080730	-2.622036	127	119	10	33.266
1.047198	1.413430	2.550734	20	28	31	33.261
-1.047198	0.297065	2.160177	24	26	29	33.260
1.047198	1.242974	-2.977882	28	17	18	33.256
2.094395	1.214854	-1.966664	1	6	51	33.251
-1.308997	0.615174	-0.666022	3	29	35	33.235
-1.570796	0.615174	-0.666022	18	28	26	33.228
2.356194	1.218453	2.777284	15	21	37	33.227
-0.261799	1.732874	-0.951685	12	26	26	33.224
-0.785398	2.588535	-2.976617	123	124	23	33.224
-1.047198	1.699788	2.452890	129	125	14	33.222
-2.617994	1.256302	0.062705	23	20	18	33.218
-2.617994	1.732874	-0.951685	31	19	24	33.216
1.047198	1.014500	0.906702	13	25	35	33.213
0.785398	0.370812	-2.547742	127	122	6	33.208
2.356194	2.295480	1.008277	32	20	28	33.205
0.785398	0.914445	2.687814	13	31	35	33.199
-1.570796	0.762244	-0.273349	16	27	22	33.195
-0.785398	2.863997	0.549740	23	27	29	33.195
2.617994	0.571433	-1.188419	13	28	34	33.181
-0.785398	1.367556	0.358405	11	23	34	33.178
-0.261799	1.218453	2.777284	23	25	36	33.176
2.879793	0.850607	-1.335383	12	28	30	33.172
1.570796	1.569311	-3.003978	12	24	41	33.164
-2.617994	0.379747	-1.713059	8	23	32	33.164
-0.261799	2.637879	2.121598	30	16	32	33.164
2.094395	0.700570	1.559208	9	29	26	33.150
-0.261799	1.113094	-0.272241	29	14	24	33.148
2.617994	1.870545	-2.976234	24	20	16	33.146
-1.047198	2.592629	0.909713	29	19	24	33.144
-0.785398	1.736875	3.023612	18	21	27	33.144
0.523599	0.866955	-0.931351	25	18	21	33.138
2.617994	1.812176	0.656819	25	26	37	33.131
1.570796	0.618092	2.539118	140	27	42	33.126
0.000000	2.760637	2.781135	31	10	35	33.122
-1.308997	2.001437	0.381215	23	23	18	33.120
2.879793	1.135834	-1.431087	14	28	26	33.112
1.832596	2.407836	1.410646	7	27	27	33.102
-2.879793	1.846342	-1.796954	114	134	12	33.096
0.523599	2.984978	1.954446	25	27	32	33.088
0.261799	1.014500	0.906702	23	21	19	33.079
-1.308997	1.450119	-2.739050	17	28	26	33.076
1.047198	1.194549	-0.801900	23	22	43	33.073
-1.570796	2.979456	-1.009304	22	29	30	33.072
-0.785398	2.033014	2.977192	19	22	29	33.072
-0.261799	0.910508	1.903534	28	21	26	33.071
-1.047198	0.290380	-0.796960	0	29	35	33.065
-2.356194	1.242974	-2.977882	130	122	23	33.064
1.047198	2.247462	0.191623	21	27	34	33.064
0.261799	2.295480	1.008277	12	28	41	33.062
1.308997	0.733948	3.021411	11	28	33	33.058
2.879793	1.766067	2.153843	30	22	25	33.056
-2.617994	2.180315	-1.357379	32	21	31	33.054
-1.308997	2.637879	2.121598	10	23	37	33.042
-2.617994	2.404280	-0.174044	12	28	38	33.041
2.617994	0.906588	1.252948	14	22	17	33.041
-2.356194	1.134497	-1.109631	28	25	26	33.040
2.617994	0.203748	0.590255	27	24	24	33.031
-0.523599	1.256302	0.062705	13	22	37	33.031
2.094395	1.014500	0.906702	16	26	18	33.029
-1.570796	2.579248	-2.364801	121	134	24	33.022
-2.617994	2.104282	-0.813972	32	16	23	33.021
-1.308997	1.998705	2.370472	126	126	12	33.017
-1.047198	2.407836	1.410646	30	14	26	33.010
-3.141593	0.961715	0.014085	20	21	15	33.006
-0.261799	0.914445	2.687814	140	26	41	33.005
0.261799	2.349581	-2.702517	25	22	17	33.004
1.832596	0.864993	2.278281	12	28	26	33.002
-3.141593	2.724429	-0.348782	17	29	33	32.995
0.261799	0.685216	-1.712745	112	139	8	32.994
2.617994	2.295480	1.008277	29	25	28	32.985
-0.523599	0.615174	-0.666022	116	134	6	32.983
2.879793	0.619654	-2.216909	125	124	10	32.979
-2.879793	0.831641	0.616218	17	22	17	32.975
-0.785398	2.115563	0.685730	116	126	15	32.974
0.785398	1.195355	1.200319	15	24	38	32.970
-3.141593	1.194549	-0.801900	13	21	38	32.966
0.000000	0.080730	-2.622036	2	30	38	32.965
1.308997	0.297065	2.160177	5	31	38	32.964
1.047198	0.733948	3.021411	142	26	48	32.963
-1.832596	1.721184	-0.153948	23	25	22	32.958
1.570796	1.699788	2.452890	13	29	32	32.950
2.879793	1.506530	1.988858	30	23	31	32.950
2.356194	1.413430	2.550734	16	22	34	32.946
-0.261799	1.617114	-1.572037	20	21	27	32.937
-2.094395	2.455966	-0.641220	26	26	32	32.932
-0.785398	2.396274	-1.959260	12	23	40	32.930
1.570796	1.545873	-1.877082	2	9	52	32.929
0.000000	0.700570	1.559208	26	20	22	32.923
0.000000	1.836682	-0.676006	20	22	32	32.922
-1.832596	1.812176	0.656819	4	29	47	32.922
2.617994	1.846342	-1.796954	15	27	20	32.919
0.785398	1.658653	-2.409879	28	22	22	32.915
-2.356194	1.184361	0.625864	17	17	15	32.910
1.570796	2.356369	3.005869	20	26	39	32.910
-2.094395	1.242974	-2.977882	133	123	23	32.909
2.356194	1.014500	0.906702	12	25	18	32.906
1.308997	0.929350	-2.910676	30	20	22	32.904
1.308997	1.869911	2.701025	19	28	35	32.904
2.356194	1.869911	2.701025	30	15	20	32.895
0.000000	2.115563	0.685730	13	27	36	32.892
-1.308997	1.948085	-2.363031	21	22	40	32.881
-2.617994	1.904882	-1.478089	115	132	17	32.880
1.570796	1.184361	0.625864	15	20	29	32.876
-0.785398	1.904882	-1.478089	16	27	32	32.874
1.570796	2.579248	-2.364801	27	15	41	32.872
1.047198	0.379747	-1.713059	119	125	14	32.864
2.879793	2.187132	-0.479875	12	30	28	32.862
0.261799	1.413347	-1.339188	21	17	17	32.857
0.523599	1.696674	-1.253233	19	23	19	32.852
1.570796	1.374601	-2.456031	0	17	52	32.838
-2.356194	1.113094	-0.272241	26	23	23	32.835
-1.308997	2.115563	0.685730	26	19	19	32.829
2.617994	1.554776	0.100351	20	26	40	32.829
2.879793	0.370812	-2.547742	125	121	15	32.827
1.047198	1.824694	1.850876	19	27	23	32.822
-1.308997	2.295480	1.008277	29	14	20	32.821
-0.785398	1.658653	-2.409879	16	22	19	32.819
-1.308997	0.866955	-0.931351	6	30	39	32.812
-2.094395	2.343981	-1.040456	28	25	27	32.811
1.047198	1.809167	1.213774	20	27	22	32.810
-2.356194	1.050534	3.042579	129	119	19	32.810
2.356194	0.709924	0.218797	24	21	19	32.808
1.570796	0.709924	0.218797	124	125	24	32.798
1.308997	0.290380	-0.796960	126	120	9	32.797
1.047198	1.218453	2.777284	19	28	33	32.797
-0.261799	2.393226	1.857173	30	19	27	32.797
0.523599	1.909857	-0.381669	117	131	9	32.796
-0.523599	2.979456	-1.009304	28	22	33	32.796
-1.832596	2.719179	-1.780644	14	30	34	32.795
0.785398	2.407836	1.410646	23	29	27	32.795
-3.141593	2.180315	-1.357379	19	17	47	32.788
0.000000	1.569311	-3.003978	15	24	41	32.775
2.617994	1.977582	0.969896	28	24	33	32.773
1.308997	2.174483	2.653697	20	28	35	32.772
-2.879793	2.295480	1.008277	31	24	31	32.768
-3.141593	2.073035	2.027405	28	24	23	32.763
0.261799	2.187132	-0.479875	24	24	27	32.758
1.047198	1.683268	0.374177	19	27	34	32.755
0.261799	0.910508	1.903534	0	25	46	32.746
-1.570796	2.724429	-0.348782	22	28	30	32.746
1.570796	2.407836	1.410646	11	29	27	32.738
2.879793	0.080730	-2.622036	123	121	10	32.737
2.879793	0.203748	0.590255	24	26	24	32.730
0.523599	2.187132	-0.479875	7	22	43	32.727
-2.094395	2.588535	-2.976617	120	130	22	32.722
0.785398	2.089241	-0.114193	22	27	30	32.721
2.617994	2.153910	-1.714959	15	14	51	32.718
0.261799	1.606104	-0.451151	17	24	33	32.712
-2.617994	1.741644	-2.695914	18	24	20	32.704
-0.523599	1.846342	-1.796954	12	26	35	32.694
0.523599	1.301460	-0.509251	118	128	7	32.679
-0.785398	1.025536	1.576859	21	24	38	32.667
-1.570796	1.194549	-0.801900	22	28	29	32.661
-2.356194	1.836682	-0.676006	29	19	20	32.655
1.832596	1.247695	1.809890	10	29	29	32.655
-2.617994	2.187132	-0.479875	9	22	30	32.646
1.047198	2.407836	1.410646	19	29	28	32.638
1.308997	1.504028	0.636812	131	120	22	32.636
-2.879793	1.045978	0.343692	22	19	17	32.632
-0.523599	1.134796	2.434290	28	21	33	32.630
-1.570796	1.721184	-0.153948	21	27	22	32.626
0.785398	1.809167	1.213774	23	27	22	32.620
2.617994	2.174483	2.653697	27	15	17	32.619
-1.308997	0.571433	-1.188419	21	29	29	32.617
-1.832596	0.297065	2.160177	125	120	10	32.616
-1.308997	2.073035	2.027405	2	27	27	32.615
1.570796	1.367556	0.358405	11	26	32	32.608
0.261799	1.809167	1.213774	117	126	13	32.605
1.570796	1.413430	2.550734	13	29	32	32.602
0.785398	1.766067	2.153843	24	27	26	32.601
1.047198	1.836682	-0.676006	17	16	52	32.595
1.047198	2.299159	2.264663	21	28	30	32.595
1.047198	2.637879	2.121598	19	29	30	32.594
1.832596	0.297065	2.160177	141	28	38	32.592
-0.523599	0.831641	0.616218	21	21	27	32.592
0.000000	0.379747	-1.713059	113	0	6	32.589
-2.094395	1.904882	-1.478089	119	124	18	32.587
-3.141593	0.866395	-2.492918	4	31	39	32.585
-0.261799	2.251330	-2.330739	9	22	41	32.582
0.785398	1.014500	0.906702	6	28	44	32.581
0.785398	2.863997	0.549740	28	20	37	32.576
-3.141593	0.992645	-1.723759	13	28	27	32.567
-2.356194	1.168678	2.108595	120	124	9	32.563
2.356194	1.812176	0.656819	27	23	37	32.555
-0.523599	2.637879	2.121598	32	11	31	32.553
-2.617994	2.478122	2.609777	12	25	33	32.552
-2.356194	1.696674	-1.253233	17	23	46	32.552
0.785398	0.419640	2.974122	0	29	43	32.548
2.879793	1.367556	0.358405	21	21	38	32.547
1.570796	2.349581	-2.702517	24	19	42	32.537
2.879793	1.741644	-2.695914	19	24	17	32.537
-3.141593	1.214854	-1.966664	11	29	24	32.536
2.617994	1.606104	-0.451151	16	29	36	32.536
1.832596	1.766067	2.153843	12	29	36	32.535
1.308997	2.247462	0.191623	17	28	34	32.535
-2.617994	0.571433	-1.188419	137	20	43	32.528
1.308997	0.961715	0.014085	22	22	39	32.522
-2.094395	0.297065	2.160177	10	30	31	32.521
-2.356194	1.736875	3.023612	124	124	21	32.510
0.261799	2.704512	1.488683	21	28	29	32.509
1.832596	0.618092	2.539118	9	27	28	32.504
-3.141593	0.640596	-2.797608	125	121	18	32.504
1.570796	0.571433	-1.188419	124	120	13	32.501
-1.832596	0.640596	-2.797608	20	27	23	32.500
2.094395	1.982574	-1.115518	22	28	25	32.495
2.879793	1.824694	1.850876	30	23	29	32.495
-2.356194	1.741644	-2.695914	7	18	54	32.491
-1.308997	1.699788	2.452890	21	20	29	32.488
-0.523599	1.812176	0.656819	9	23	36	32.484
2.094395	0.591903	2.010408	12	27	24	32.480
-3.141593	0.674054	1.013609	13	24	19	32.479
-2.356194	1.301460	-0.509251	7	19	39	32.477
-1.832596	1.504028	0.636812	18	27	36	32.476
-0.523599	1.569311	-3.003978	17	21	25	32.470
1.047198	2.108018	1.311430	19	29	24	32.469
-0.785398	2.379497	0.561089	22	26	22	32.469
-3.141593	2.979456	-1.009304	31	17	34	32.464
2.879793	1.256302	0.062705	118	132	15	32.452
-1.308997	2.174483	2.653697	16	26	33	32.433
2.094395	0.709924	0.218797	26	19	19	32.410
1.570796	0.992645	-1.723759	24	27	32	32.402
2.617994	0.458961	-0.107937	27	22	20	32.401
2.617994	1.904882	-1.478089	124	129	13	32.401
2.879793	0.762244	-0.273349	0	20	53	32.399
-2.356194	1.948085	-2.363031	19	19	32	32.394
1.570796	0.615174	-0.666022	22	25	35	32.393
2.356194	0.700570	1.559208	14	26	20	32.391
0.785398	0.762244	-0.273349	124	123	5	32.388
1.570796	0.297065	2.160177	0	30	38	32.387
-2.094395	0.866955	-0.931351	21	28	24	32.381
-2.617994	2.760637	2.781135	117	131	17	32.372
1.570796	2.863997	0.549740	29	19	23	32.366
-0.261799	2.760637	2.781135	119	134	19	32.362
-0.785398	2.979456	-1.009304	30	19	33	32.357
-3.141593	1.683268	0.374177	16	27	39	32.348
-2.879793	2.138223	1.678323	23	28	26	32.346
2.094395	0.910508	1.903534	11	27	22	32.340
1.570796	2.138223	1.678323	14	30	30	32.338
-0.523599	2.704512	1.488683	31	20	28	32.333
-1.832596	2.592629	0.909713	124	127	23	32.328
-0.785398	1.756530	-2.105156	16	25	37	32.327
1.047198	1.184361	0.625864	125	122	22	32.326
2.094395	1.756530	-2.105156	129	122	20	32.325
2.879793	0.864993	2.278281	19	23	45	32.324
0.523599	0.850607	-1.335383	22	24	37	32.322
-2.356194	1.870545	-2.976234	125	127	25	32.317
-0.523599	1.617114	-1.572037	0	23	49	32.316
-3.141593	2.760637	2.781135	28	16	20	32.315
2.617994	0.674054	1.013609	19	24	18	32.299
-2.879793	0.866955	-0.931351	31	20	23	32.299
-0.523599	1.135813	-2.658866	18	27	34	32.296
-0.523599	2.349581	-2.702517	3	18	51	32.294
-3.141593	1.325504	-1.671296	11	26	22	32.292
1.832596	0.762244	-0.273349	13	27	23	32.290
1.308997	1.766067	2.153843	17	29	27	32.284
-0.523599	2.164094	-2.991358	18	22	29	32.284
-0.261799	2.349581	-2.702517	20	18	23	32.282
1.047198	1.721184	-0.153948	18	28	27	32.282
0.261799	0.866955	-0.931351	27	15	21	32.281
-2.094395	2.863997	0.549740	30	11	31	32.279
1.308997	2.349581	-2.702517	25	17	42	32.278
0.785398	1.977582	0.969896	20	26	19	32.275
0.785398	1.606104	-0.451151	119	126	9	32.275
-2.617994	1.756530	-2.105156	16	22	49	32.265
-0.261799	1.812176	0.656819	8	21	44	32.259
1.047198	2.592629	0.909713	11	28	25	32.258
1.047198	1.417623	-0.202254	19	28	25	32.257
2.879793	1.545873	-1.877082	14	26	20	32.254
-2.094395	1.606104	-0.451151	2	16	54	32.253
2.094395	1.872854	1.543456	30	13	29	32.252
-2.879793	0.458961	-0.107937	27	23	23	32.251
-1.832596	2.396274	-1.959260	30	17	26	32.250
-3.141593	1.256302	0.062705	119	129	15	32.245
2.879793	1.168678	2.108595	19	24	42	32.243
0.261799	1.554776	0.100351	15	24	20	32.241
0.261799	0.640596	-2.797608	1	27	47	32.238
2.356194	1.904882	-1.478089	16	26	19	32.236
0.000000	0.961715	0.014085	9	23	37	32.231
0.523599	1.683268	0.374177	125	124	24	32.228
-0.523599	1.606104	-0.451151	28	13	23	32.227
-2.356194	1.417623	-0.202254	27	22	22	32.226
-0.523599	0.379747	-1.713059	5	30	40	32.226
2.879793	1.870545	-2.976234	24	21	16	32.222
-3.141593	0.571433	-1.188419	7	25	34	32.217
2.879793	2.984978	1.954446	118	130	17	32.210
1.832596	1.869911	2.701025	10	28	35	32.208
0.785398	2.724429	-0.348782	20	27	32	32.207
-0.523599	1.977582	0.969896	117	125	16	32.202
-2.356194	1.846342	-1.796954	117	125	12	32.198
0.523599	1.736875	3.023612	17	23	48	32.198
-2.094395	2.979456	-1.009304	29	24	30	32.191
-0.523599	0.864993	2.278281	6	28	44	32.191
1.832596	2.356369	3.005869	21	25	36	32.183
1.047198	1.504028	0.636812	127	120	22	32.180
0.523599	0.899350	-2.069907	113	139	13	32.176
-2.094395	1.909857	-0.381669	18	23	36	32.171
1.047198	2.033014	2.977192	122	124	17	32.167
-0.523599	1.869911	2.701025	8	24	38	32.164
0.785398	1.310100	1.488307	12	21	41	32.163
-2.094395	1.301460	-0.509251	26	25	26	32.161
0.523599	1.504028	0.636812	121	124	22	32.156
0.261799	0.762244	-0.273349	9	23	36	32.153
0.261799	1.756530	-2.105156	29	17	30	32.150
-1.047198	0.379747	-1.713059	23	27	30	32.147
-1.570796	1.836682	-0.676006	18	29	28	32.134
0.000000	2.356369	3.005869	13	23	34	32.128
-1.832596	1.870545	-2.976234	128	126	25	32.128
1.570796	0.290380	-0.796960	129	120	9	32.121
1.047198	0.419640	2.974122	141	27	43	32.118
2.356194	1.683268	0.374177	25	24	38	32.114
-2.879793	0.418037	1.360082	23	22	42	32.111
1.832596	1.391910	3.030322	8	24	37	32.108
-2.094395	1.732874	-0.951685	16	26	42	32.102
-1.570796	2.073035	2.027405	6	29	28	32.099
-2.094395	0.961715	0.014085	19	25	19	32.097
1.832596	2.033014	2.977192	14	27	39	32.097
-2.879793	1.301460	-0.509251	9	22	36	32.094
-0.523599	1.448123	-2.163292	14	27	34	32.093
2.879793	2.719179	-1.780644	16	22	47	32.089
2.094395	1.045978	0.343692	7	21	54	32.083
-1.047198	0.419640	2.974122	29	19	24	32.079
2.356194	1.977582	0.969896	31	21	34	32.074
-2.094395	0.458961	-0.107937	6	28	32	32.073
-2.617994	1.194549	-0.801900	28	21	21	32.071
1.832596	1.168678	2.108595	11	27	24	32.070
-2.879793	0.709924	0.218797	23	23	20	32.070
-2.617994	1.335669	0.897240	127	123	21	32.059
-2.617994	0.685216	-1.712745	8	23	29	32.058
2.356194	2.881233	-2.582574	22	26	37	32.054
-1.047198	2.404280	-0.174044	7	29	37	32.053
1.832596	2.349581	-2.702517	22	21	43	32.047
-0.261799	2.089241	-0.114193	30	16	31	32.047
-1.047198	2.180315	-1.357379	27	18	22	32.046
2.879793	0.571433	-1.188419	28	14	30	32.041
-3.141593	1.413430	2.550734	25	27	26	32.036
-2.617994	1.846342	-1.796954	115	130	12	32.035
-2.094395	1.696674	-1.253233	116	128	14	32.034
2.356194	1.195355	1.200319	8	25	20	32.030
-0.261799	2.356369	3.005869	22	21	16	32.025
2.879793	0.674054	1.013609	16	24	18	32.023
-0.785398	2.063651	-2.044600	9	27	31	32.023
-3.141593	0.709924	0.218797	26	21	19	32.022
0.785398	0.733948	3.021411	1	27	48	32.018
-2.879793	1.948085	-2.363031	118	131	8	32.010
1.047198	2.588535	-2.976617	27	18	39	32.009
-2.094395	1.721184	-0.153948	26	23	22	32.006
2.094395	2.001437	0.381215	30	22	34	32.000
-1.047198	2.138223	1.678323	13	25	21	31.997
0.261799	0.615174	-0.666022	29	15	23	31.988
-2.094395	1.440580	2.260026	126	121	20	31.985
2.356194	2.073035	2.027405	140	26	42	31.981
-1.047198	1.824694	1.850876	12	23	19	31.973
0.523599	2.588535	-2.976617	118	130	16	31.972
-3.141593	0.203748	0.590255	20	28	24	31.965
-3.141593	0.960688	-0.577532	11	20	40	31.959
-2.094395	0.203748	0.590255	28	22	33	31.957
-1.832596	2.251330	-2.330739	11	23	36	31.957
-0.261799	2.979456	-1.009304	116	136	16	31.956
-2.879793	1.214854	-1.966664	115	134	13	31.952
1.308997	2.115563	0.685730	19	24	38	31.950
-2.356194	2.180315	-1.357379	29	25	31	31.939
-0.523599	0.618092	2.539118	3	28	39	31.934
-0.523599	0.685216	-1.712745	5	29	44	31.924
-3.141593	1.113094	-0.272241	11	21	38	31.924
0.785398	1.374601	-2.456031	30	20	22	31.922
1.308997	1.135813	-2.658866	7	25	33	31.921
1.570796	1.554776	0.100351	11	28	30	31.915
-1.308997	0.906588	1.252948	9	27	29	31.915
-2.617994	2.343981	-1.040456	33	17	27	31.915
1.832596	2.295480	1.008277	19	22	40	31.913
-3.141593	1.569311	-3.003978	19	26	20	31.907
1.832596	1.736875	3.023612	16	24	39	31.907
1.047198	2.984978	1.954446	26	26	32	31.906
-2.356194	1.325504	-1.671296	117	125	17	31.904
2.094395	2.579248	-2.364801	26	20	41	31.892
1.832596	1.662363	0.915448	9	22	39	31.890
0.785398	1.948085	-2.363031	27	24	22	31.888
-2.356194	0.866955	-0.931351	25	26	24	31.885
-0.785398	1.391910	3.030322	118	128	6	31.884
-0.523599	1.554776	0.100351	12	21	40	31.882
0.523599	2.393226	1.857173	23	27	27	31.876
0.785398	1.510910	-0.740472	14	18	53	31.872
-1.047198	1.658653	-2.409879	20	24	38	31.871
0.000000	2.396274	-1.959260	141	19	48	31.864
2.879793	1.683268	0.374177	18	27	39	31.861
-1.047198	1.904882	-1.478089	20	27	32	31.857
2.617994	2.356369	3.005869	24	13	15	31.856
2.617994	0.379747	-1.713059	20	27	35	31.856
-0.785398	1.440580	2.260026	13	25	37	31.856
2.879793	2.760637	2.781135	29	14	36	31.853
2.356194	0.080730	-2.622036	17	30	33	31.847
2.617994	1.413347	-1.339188	13	29	26	31.838
-1.832596	0.961715	0.014085	125	126	24	31.832
0.261799	1.812176	0.656819	116	129	12	31.831
1.047198	1.440580	2.260026	22	28	27	31.829
0.261799	2.251330	-2.330739	22	21	28	31.829
0.523599	2.174483	2.653697	29	22	35	31.829
-0.261799	1.310100	1.488307	28	20	26	31.825
2.356194	2.247462	0.191623	26	27	30	31.823
-0.785398	1.134497	-1.109631	131	118	18	31.821
2.356194	1.948085	-2.363031	20	22	16	31.813
-3.141593	2.396274	-1.959260	12	24	50	31.811
-2.617994	1.545873	-1.877082	115	130	13	31.807
-3.141593	2.393226	1.857173	26	24	21	31.805
2.356194	1.766067	2.153843	32	15	26	31.798
-2.617994	0.496451	0.593859	13	25	20	31.795
2.617994	1.982574	-1.115518	13	29	25	31.790
-1.570796	1.113094	-0.272241	18	27	22	31.788
1.832596	0.418037	1.360082	18	30	25	31.786
-0.785398	1.335669	0.897240	117	135	18	31.786
-3.141593	1.904882	-1.478089	17	15	48	31.780
-1.832596	1.658653	-2.409879	25	23	22	31.778
-1.047198	1.545873	-1.877082	20	26	32	31.776
-0.523599	1.045978	0.343692	31	13	30	31.772
-2.356194	1.194549	-0.801900	25	25	21	31.770
-1.047198	2.349581	-2.702517	5	19	51	31.766
2.617994	1.948085	-2.363031	17	23	16	31.763
-2.094395	2.724429	-0.348782	29	23	30	31.762
2.617994	0.700570	1.559208	16	14	52	31.762
0.000000	1.025536	1.576859	16	24	34	31.757
1.308997	0.914445	2.687814	15	29	31	31.749
-0.523599	0.674054	1.013609	27	22	34	31.739
2.879793	0.866395	-2.492918	9	31	39	31.738
0.000000	1.909857	-0.381669	13	27	25	31.735
1.832596	0.379747	-1.713059	121	123	14	31.731
2.094395	1.413430	2.550734	130	122	19	31.728
-3.141593	2.063651	-2.044600	115	137	8	31.726
2.094395	1.168678	2.108595	8	25	24	31.724
-2.094395	1.374601	-2.456031	26	22	22	31.720
1.570796	0.910508	1.903534	14	30	30	31.714
0.785398	1.128190	-2.288622	32	21	26	31.710
1.832596	0.080730	-2.622036	118	126	13	31.702
0.000000	0.850607	-1.335383	18	18	23	31.702
2.094395	1.545873	-1.877082	5	7	52	31.699
-1.570796	2.704512	1.488683	121	132	24	31.695
-0.261799	0.379747	-1.713059	1	29	40	31.690
-1.308997	1.555207	1.708892	9	26	21	31.688
-1.308997	1.214854	-1.966664	120	124	9	31.680
2.617994	1.128190	-2.288622	122	127	16	31.672
0.523599	1.599406	1.426070	119	122	11	31.670
1.047198	2.089241	-0.114193	28	18	29	31.667
-0.523599	2.138223	1.678323	30	17	24	31.665
2.879793	2.001437	0.381215	20	29	34	31.665
-3.141593	2.881233	-2.582574	21	29	35	31.662
-0.785398	2.349581	-2.702517	4	18	51	31.659
2.879793	1.413430	2.550734	29	24	26	31.657
-0.523599	2.863997	0.549740	29	24	26	31.654
2.879793	2.356369	3.005869	3	25	50	31.653
0.523599	1.128190	-2.288622	33	16	26	31.645
-2.356194	2.455966	-0.641220	32	16	24	31.645
-1.570796	2.356369	3.005869	7	26	44	31.644
-0.261799	2.174483	2.653697	14	20	14	31.641
-0.261799	1.836682	-0.676006	14	26	25	31.639
2.094395	1.195355	1.200319	11	26	20	31.638
1.308997	1.113094	-0.272241	25	22	35	31.638
-0.261799	1.194549	-0.801900	11	22	19	31.637
-2.879793	2.587733	0.232235	118	130	18	31.629
-2.094395	1.982574	-1.115518	26	27	27	31.629
1.832596	2.108018	1.311430	19	19	43	31.627
2.617994	0.080730	-2.622036	120	124	10	31.624
-2.356194	1.812176	0.656819	126	123	21	31.621
-1.047198	2.356369	3.005869	126	124	25	31.620
-0.261799	1.756530	-2.105156	13	22	18	31.619
1.570796	1.998705	2.370472	13	29	31	31.616
-1.570796	1.977582	0.969896	14	28	31	31.615
2.879793	1.869911	2.701025	141	20	51	31.614
0.523599	0.733948	3.021411	22	27	32	31.614
-2.094395	2.456751	-1.503343	23	29	33	31.613
2.356194	1.909857	-0.381669	20	30	31	31.610
1.570796	0.458961	-0.107937	120	129	23	31.605
-2.617994	1.214854	-1.966664	116	129	13	31.596
1.308997	1.977582	0.969896	13	26	20	31.592
-2.356194	0.850607	-1.335383	29	24	29	31.591
2.094395	2.984978	1.954446	29	16	37	31.590
1.308997	0.619654	-2.216909	137	17	44	31.589
-1.832596	0.458961	-0.107937	13	27	24	31.588
-2.094395	0.992645	-1.723759	32	22	30	31.582
0.523599	2.138223	1.678323	22	26	23	31.575
-2.617994	1.683268	0.374177	25	13	16	31.568
2.879793	0.831641	0.616218	13	24	18	31.564
-0.261799	2.478122	2.609777	15	25	17	31.563
0.785398	2.073035	2.027405	22	27	27	31.559
1.832596	1.569311	-3.003978	11	22	42	31.558
1.570796	1.506530	1.988858	14	30	33	31.557
-2.356194	2.979456	-1.009304	31	20	30	31.557
1.832596	1.135813	-2.658866	6	18	43	31.553
2.617994	2.704512	1.488683	17	23	36	31.547
0.785398	1.045978	0.343692	122	128	24	31.546
-3.141593	0.379747	-1.713059	10	26	31	31.544
-0.261799	0.685216	-1.712745	1	29	44	31.543
-0.261799	1.433411	-1.035986	10	24	23	31.532
1.570796	2.115563	0.685730	16	26	39	31.526
-1.047198	2.984978	1.954446	119	132	20	31.523
-2.879793	1.134796	2.434290	13	30	40	31.522
-2.617994	0.674054	1.013609	28	22	32	31.518
1.308997	0.571433	-1.188419	121	123	13	31.517
0.523599	1.812176	0.656819	119	126	12	31.513
2.879793	2.115563	0.685730	22	29	32	31.512
0.523599	1.766067	2.153843	27	24	27	31.510
0.523599	0.910508	1.903534	141	24	46	31.509
-3.141593	2.164094	-2.991358	17	19	30	31.505
-3.141593	2.356369	3.005869	17	19	31	31.498
0.000000	1.574060	2.783565	20	24	40	31.495
2.617994	1.736875	3.023612	26	21	18	31.494
-3.141593	2.041297	-2.664597	19	19	14	31.488
0.785398	2.379497	0.561089	26	21	37	31.487
0.523599	2.404280	-0.174044	25	26	31	31.484
1.047198	0.674054	1.013609	12	25	31	31.484
0.523599	0.618092	2.539118	26	25	27	31.481
2.879793	0.640596	-2.797608	12	29	43	31.478
-0.523599	1.413430	2.550734	18	22	28	31.478
-1.832596	2.456751	-1.503343	19	30	32	31.477
-2.617994	1.948085	-2.363031	12	22	51	31.476
-2.356194	1.683268	0.374177	24	15	17	31.472
2.617994	1.809167	1.213774	29	23	35	31.462
-2.356194	0.080730	-2.622036	21	27	24	31.460
1.308997	1.488617	1.159546	12	21	39	31.459
0.523599	1.875281	0.107086	27	25	32	31.459
1.308997	0.910508	1.903534	23	25	23	31.458
1.570796	1.242974	-2.977882	10	23	41	31.454
1.570796	2.478122	2.609777	16	29	34	31.453
-2.356194	1.391910	3.030322	127	122	21	31.443
2.094395	2.299159	2.264663	26	11	20	31.442
-3.141593	1.875281	0.107086	12	29	35	31.438
-1.570796	2.637879	2.121598	128	120	17	31.437
-2.094395	2.180315	-1.357379	11	27	47	31.436
2.094395	2.863997	0.549740	14	27	35	31.436
-1.832596	1.948085	-2.363031	27	22	24	31.428
-0.261799	1.948085	-2.363031	11	23	21	31.416
-0.523599	1.325504	-1.671296	132	118	10	31.413
1.308997	1.450119	-2.739050	12	22	43	31.405
-0.523599	1.732874	-0.951685	15	27	26	31.403
1.570796	2.299159	2.264663	20	28	37	31.401
0.000000	0.960688	-0.577532	20	21	26	31.400
0.523599	0.615174	-0.666022	28	18	23	31.394
1.047198	2.251330	-2.330739	125	127	23	31.393
-2.617994	2.379497	0.561089	120	129	20	31.393
-1.047198	2.041297	-2.664597	17	20	43	31.390
2.879793	2.138223	1.678323	29	23	26	31.389
2.617994	1.569311	-3.003978	25	23	19	31.389
-1.570796	0.733948	3.021411	21	28	28	31.386
-2.879793	2.760637	2.781135	118	133	19	31.380
2.356194	0.960688	-0.577532	9	22	20	31.379
-2.617994	0.864993	2.278281	119	125	10	31.378
0.523599	2.724429	-0.348782	117	133	15	31.375
1.570796	1.662363	0.915448	14	24	18	31.372
-1.570796	1.809167	1.213774	13	30	29	31.370
0.261799	2.041297	-2.664597	29	18	19	31.368
1.308997	1.448123	-2.163292	15	29	36	31.368
0.523599	2.343981	-1.040456	115	130	11	31.368
2.094395	1.025536	1.576859	7	28	26	31.364
-0.261799	2.073035	2.027405	31	17	27	31.364
-0.523599	1.904882	-1.478089	13	26	32	31.359
1.047198	1.872854	1.543456	21	29	27	31.356
1.570796	0.419640	2.974122	8	26	30	31.349
-2.094395	2.592629	0.909713	122	129	22	31.345
0.785398	1.135813	-2.658866	4	24	50	31.339
1.047198	0.864993	2.278281	9	30	43	31.337
1.047198	1.977582	0.969896	16	26	20	31.336
-0.523599	1.506530	1.988858	30	18	33	31.336
2.356194	0.591903	2.010408	9	25	23	31.335
0.261799	2.881233	-2.582574	129	120	26	31.333
-2.617994	1.658653	-2.409879	117	130	5	31.329
1.570796	2.247462	0.191623	12	27	34	31.326
1.832596	1.367556	0.358405	13	19	26	31.319
-3.141593	1.998705	2.370472	26	24	21	31.319
1.047198	1.050534	3.042579	15	28	34	31.319
-0.785398	2.187132	-0.479875	0	28	38	31.318
-1.308997	0.910508	1.903534	21	20	26	31.307
-0.261799	2.247462	0.191623	30	13	34	31.307
2.094395	0.080730	-2.622036	121	122	12	31.306
1.047198	0.910508	1.903534	25	24	22	31.306
2.879793	0.992645	-1.723759	1	30	40	31.298
-2.356194	0.960688	-0.577532	21	25	19	31.298
-1.570796	2.478122	2.609777	123	123	21	31.297
0.000000	1.510910	-0.740472	19	21	29	31.293
-1.047198	0.700570	1.559208	21	19	25	31.293
0.785398	1.846342	-1.796954	21	24	39	31.292
-2.356194	0.762244	-0.273349	25	26	23	31.289
1.832596	0.619654	-2.216909	20	30	30	31.286
2.094395	0.458961	-0.107937	10	26	24	31.283
1.832596	1.658653	-2.409879	4	16	54	31.275
-1.047198	0.674054	1.013609	30	16	34	31.267
-0.785398	0.866395	-2.492918	120	121	11	31.266
-2.094395	1.391910	3.030322	130	121	21	31.264
2.617994	0.866395	-2.492918	119	128	13	31.262
0.000000	2.247462	0.191623	122	123	21	31.252
-1.047198	2.979456	-1.009304	29	15	32	31.244
1.308997	0.864993	2.278281	4	31	43	31.242
-1.832596	2.343981	-1.040456	25	28	27	31.242
-1.570796	1.870545	-2.976234	11	27	39	31.236
1.832596	1.113094	-0.272241	19	26	35	31.235
2.879793	1.440580	2.260026	30	24	28	31.233
-1.308997	1.824694	1.850876	15	24	19	31.232
2.879793	1.413347	-1.339188	13	26	23	31.232
2.094395	0.290380	-0.796960	20	25	22	31.230
1.047198	1.113094	-0.272241	3	17	55	31.228
-2.617994	1.696674	-1.253233	19	20	46	31.226
1.832596	0.906588	1.252948	17	28	23	31.223
-2.879793	0.619654	-2.216909	14	27	29	31.217
1.308997	0.080730	-2.622036	27	24	31	31.216
2.617994	1.417623	-0.202254	16	27	40	31.210
2.094395	1.662363	0.915448	31	16	38	31.210
1.570796	2.704512	1.488683	11	29	29	31.206
-3.141593	0.906588	1.252948	127	123	20	31.204
-2.094395	1.214854	-1.966664	20	19	16	31.200
-0.261799	1.599406	1.426070	28	21	29	31.198
-0.261799	0.762244	-0.273349	21	19	25	31.195
-1.570796	1.606104	-0.451151	11	29	35	31.193
1.047198	2.063651	-2.044600	16	27	37	31.192
0.523599	2.041297	-2.664597	14	23	36	31.184
-1.570796	1.948085	-2.363031	23	21	40	31.184
0.000000	1.417623	-0.202254	20	22	30	31.184
-0.261799	0.418037	1.360082	23	26	30	31.183
-2.094395	1.836682	-0.676006	17	26	38	31.178
-0.261799	0.496451	0.593859	6	25	40	31.176
-1.570796	0.899350	-2.069907	113	129	7	31.170
2.356194	1.504028	0.636812	26	21	42	31.162
-2.356194	1.732874	-0.951685	19	23	42	31.161
1.570796	1.504028	0.636812	11	26	38	31.159
0.523599	2.089241	-0.114193	26	25	30	31.158
0.785398	1.732874	-0.951685	18	18	50	31.158
0.261799	1.128190	-2.288622	3	25	49	31.154
1.570796	0.591903	2.010408	12	30	31	31.151
0.785398	2.041297	-2.664597	23	24	18	31.150
0.261799	1.977582	0.969896	118	125	15	31.139
-2.617994	0.866955	-0.931351	28	23	23	31.137
-0.261799	1.195355	1.200319	28	19	23	31.133
-1.308997	2.299159	2.264663	1	24	48	31.126
-2.094395	2.984978	1.954446	1	26	45	31.126
-1.832596	0.080730	-2.622036	14	28	25	31.125
1.047198	0.203748	0.590255	118	126	17	31.125
2.094395	1.809167	1.213774	32	15	33	31.122
0.523599	1.732874	-0.951685	22	24	22	31.117
-2.094395	1.413347	-1.339188	118	127	16	31.112
-2.617994	1.135813	-2.658866	25	19	20	31.108
-1.047198	1.869911	2.701025	19	21	29	31.105
2.879793	2.041297	-2.664597	17	20	15	31.104
0.261799	1.194549	-0.801900	18	21	26	31.103
0.523599	0.496451	0.593859	117	132	19	31.101
1.832596	1.214854	-1.966664	21	29	28	31.100
-1.832596	0.831641	0.616218	22	26	36	31.100
-1.570796	1.135834	-1.431087	8	31	39	31.094
0.785398	1.836682	-0.676006	118	126	13	31.093
2.879793	2.063651	-2.044600	12	22	17	31.088
0.261799	1.870545	-2.976234	24	19	20	31.082
-0.261799	0.864993	2.278281	1	27	44	31.077
0.523599	2.863997	0.549740	13	29	27	31.070
1.308997	0.370812	-2.547742	29	25	31	31.067
1.047198	1.869911	2.701025	23	27	35	31.065
2.356194	2.180315	-1.357379	15	27	21	31.063
1.832596	1.025536	1.576859	13	29	26	31.061
1.570796	1.488617	1.159546	10	21	40	31.060
0.000000	1.134796	2.434290	140	23	46	31.059
1.047198	1.948085	-2.363031	24	27	22	31.058
1.570796	0.496451	0.593859	125	120	21	31.057
-1.308997	2.349581	-2.702517	125	127	25	31.053
0.785398	1.741644	-2.695914	26	21	18	31.050
-2.617994	2.455966	-0.641220	31	19	32	31.045
-2.356194	1.658653	-2.409879	12	20	53	31.045
-0.785398	0.733948	3.021411	27	23	29	31.044
0.523599	1.741644	-2.695914	28	18	18	31.042
2.879793	2.343981	-1.040456	9	26	22	31.042
1.308997	2.863997	0.549740	116	133	13	31.041
-1.570796	1.135813	-2.658866	18	27	23	31.035
0.785398	1.448123	-2.163292	31	22	27	31.033
1.832596	1.506530	1.988858	11	29	33	31.031
1.570796	1.741644	-2.695914	6	21	52	31.031
-1.308997	1.195355	1.200319	7	29	31	31.026
0.785398	1.214854	-1.966664	31	22	29	31.026
2.879793	1.736875	3.023612	25	23	19	31.025
-0.261799	1.135834	-1.431087	20	19	25	31.022
0.000000	2.587733	0.232235	30	15	35	31.015
0.523599	1.574060	2.783565	19	26	44	31.011
-3.141593	1.134796	2.434290	16	28	40	31.008
-3.141593	1.545873	-1.877082	114	139	12	31.006
0.000000	1.113094	-0.272241	11	22	39	31.002
-2.879793	1.872854	1.543456	22	29	31	31.001
2.879793	1.812176	0.656819	22	28	37	30.999
-1.308997	0.419640	2.974122	18	28	27	30.986
0.785398	1.488617	1.159546	17	22	40	30.976
-3.141593	1.168678	2.108595	26	22	19	30.968
2.094395	0.419640	2.974122	28	25	27	30.968
-0.261799	1.875281	0.107086	10	20	44	30.967
1.308997	0.591903	2.010408	23	27	23	30.964
-0.261799	1.555207	1.708892	28	21	31	30.961
0.785398	1.812176	0.656819	18	22	16	30.959
0.000000	2.404280	-0.174044	128	120	20	30.935
2.879793	2.456751	-1.503343	17	17	49	30.934
-2.617994	0.297065	2.160177	122	121	12	30.931
1.832596	0.290380	-0.796960	23	25	22	30.923
-2.879793	2.299159	2.264663	13	21	50	30.923
1.570796	1.555207	1.708892	14	26	20	30.923
1.570796	1.256302	0.062705	131	127	29	30.918
0.000000	1.809167	1.213774	5	22	42	30.917
0.523599	2.295480	1.008277	22	27	22	30.916
-2.879793	2.396274	-1.959260	9	25	50	30.916
-1.047198	0.866955	-0.931351	2	30	39	30.916
0.261799	1.134497	-1.109631	25	16	19	30.915
0.523599	1.450119	-2.739050	30	15	19	30.913
-1.570796	0.910508	1.903534	15	24	40	30.910
-2.094395	2.664082	-1.071402	28	25	29	30.908
0.261799	1.904882	-1.478089	18	23	19	30.907
-1.047198	1.836682	-0.676006	11	31	30	30.904
-0.785398	2.724429	-0.348782	18	29	25	30.903
-3.141593	1.872854	1.543456	26	27	30	30.900
-2.356194	1.569311	-3.003978	127	125	24	30.900
-2.617994	2.164094	-2.991358	10	21	33	30.897
-1.832596	1.606104	-0.451151	20	23	17	30.896
0.261799	0.864993	2.278281	139	24	44	30.888
-2.617994	1.374601	-2.456031	116	131	5	30.888
2.617994	1.872854	1.543456	31	21	31	30.884
-2.617994	1.448123	-2.163292	116	130	9	30.879
-1.570796	2.033014	2.977192	11	13	51	30.879
0.785398	0.929350	-2.910676	5	28	45	30.878
1.832596	1.450119	-2.739050	10	19	44	30.877
2.356194	2.404280	-0.174044	23	28	26	30.876
-1.047198	1.948085	-2.363031	9	27	33	30.875
-0.523599	1.504028	0.636812	119	129	19	30.874
1.570796	1.417623	-0.202254	12	27	25	30.874
2.879793	2.164094	-2.991358	21	18	14	30.871
-1.570796	0.458961	-0.107937	143	27	31	30.868
2.356194	2.579248	-2.364801	13	22	50	30.861
-2.356194	2.164094	-2.991358	122	130	24	30.860
-2.879793	1.696674	-1.253233	20	16	46	30.860
-0.261799	0.906588	1.252948	5	17	51	30.859
2.879793	1.606104	-0.451151	12	28	36	30.858
1.832596	1.824694	1.850876	13	25	24	30.857
2.094395	0.370812	-2.547742	122	122	17	30.855
0.000000	1.977582	0.969896	5	21	44	30.851
2.617994	0.370812	-2.547742	121	123	15	30.843
-1.832596	2.979456	-1.009304	26	27	30	30.842
-1.047198	2.881233	-2.582574	123	123	20	30.840
-1.308997	2.153910	-1.714959	22	25	37	30.840
1.832596	2.579248	-2.364801	27	17	41	30.837
-0.261799	1.741644	-2.695914	17	22	28	30.836
0.000000	0.458961	-0.107937	119	127	6	30.836
-2.617994	0.910508	1.903534	15	30	32	30.833
-2.356194	2.174483	2.653697	27	22	35	30.831
0.261799	2.407836	1.410646	21	27	24	30.827
-2.094395	0.914445	2.687814	129	119	16	30.825
2.094395	0.960688	-0.577532	27	10	25	30.825
0.261799	2.164094	-2.991358	22	20	14	30.823
-2.617994	2.115563	0.685730	122	128	22	30.817
1.570796	1.128190	-2.288622	141	15	50	30.814
-2.356194	1.374601	-2.456031	11	25	21	30.813
-3.141593	1.555207	1.708892	27	26	32	30.809
-2.879793	2.041297	-2.664597	9	21	52	30.807
-2.094395	1.555207	1.708892	10	31	32	30.805
0.785398	1.872854	1.543456	25	27	27	30.803
1.832596	1.374601	-2.456031	143	15	52	30.803
-0.523599	1.741644	-2.695914	19	21	26	30.798
2.094395	2.247462	0.191623	28	26	30	30.798
0.000000	1.194549	-0.801900	20	21	27	30.798
2.356194	2.455966	-0.641220	18	28	23	30.795
2.356194	1.846342	-1.796954	19	27	20	30.787
2.356194	0.831641	0.616218	116	136	12	30.785
-2.356194	2.299159	2.264663	8	28	36	30.784
1.047198	2.187132	-0.479875	14	28	26	30.783
-2.879793	1.325504	-1.671296	115	133	18	30.782
2.879793	1.617114	-1.572037	11	27	21	30.781
-3.141593	1.869911	2.701025	142	20	48	30.774
0.261799	1.168678	2.108595	141	22	49	30.773
1.570796	1.214854	-1.966664	143	10	51	30.772
-2.094395	0.762244	-0.273349	22	25	22	30.771
-2.356194	0.831641	0.616218	14	21	16	30.763
1.308997	2.073035	2.027405	16	28	27	30.762
0.523599	0.203748	0.590255	116	134	18	30.758
-0.523599	0.910508	1.903534	17	22	26	30.756
2.094395	2.063651	-2.044600	20	23	16	30.755
-1.308997	0.960688	-0.577532	4	30	34	30.748
0.000000	1.875281	0.107086	8	22	44	30.745
2.356194	1.696674	-1.253233	17	29	24	30.741
0.523599	1.948085	-2.363031	31	20	23	30.740
-0.523599	1.014500	0.906702	29	18	35	30.739
1.047198	1.699788	2.452890	20	28	31	30.739
-1.047198	1.310100	1.488307	23	20	31	30.738
-1.570796	2.180315	-1.357379	124	119	17	30.731
0.523599	1.658653	-2.409879	30	18	22	30.727
-2.094395	1.998705	2.370472	122	124	22	30.725
-3.141593	1.736875	3.023612	22	25	19	30.724
0.785398	1.599406	1.426070	26	26	24	30.722
-0.261799	0.297065	2.160177	27	20	22	30.721
0.261799	0.619654	-2.216909	1	27	45	30.720
-3.141593	1.824694	1.850876	27	26	28	30.719
-1.832596	1.135834	-1.431087	12	30	39	30.718
0.523599	0.419640	2.974122	5	30	43	30.718
2.356194	0.906588	1.252948	9	26	23	30.716
0.523599	2.587733	0.232235	27	21	34	30.714
-0.785398	0.700570	1.559208	27	23	34	30.714
-2.617994	0.961715	0.014085	25	22	19	30.713
0.785398	2.881233	-2.582574	117	130	16	30.710
-2.356194	1.128190	-2.288622	117	127	9	30.708
-2.879793	1.617114	-1.572037	115	135	17	30.708
-3.141593	0.496451	0.593859	8	12	54	30.707
2.356194	0.762244	-0.273349	8	23	23	30.706
-0.785398	1.325504	-1.671296	128	118	10	30.706
1.308997	2.478122	2.609777	21	28	34	30.706
-0.261799	1.658653	-2.409879	19	20	26	30.704
-1.570796	1.982574	-1.115518	16	30	38	30.699
-2.879793	2.478122	2.609777	17	21	47	30.696
-2.879793	0.992645	-1.723759	19	18	16	30.696
2.617994	2.247462	0.191623	22	29	30	30.691
2.879793	2.478122	2.609777	142	26	47	30.690
0.261799	0.418037	1.360082	26	18	20	30.689
-0.785398	2.138223	1.678323	10	24	21	30.688
1.047198	0.618092	2.539118	21	29	28	30.688
0.523599	2.592629	0.909713	20	29	24	30.688
-0.785398	2.478122	2.609777	20	24	17	30.683
1.047198	1.488617	1.159546	15	22	40	30.683
1.308997	1.555207	1.708892	19	30	28	30.681
-2.879793	2.349581	-2.702517	19	16	14	30.680
2.356194	2.041297	-2.664597	7	21	52	30.673
0.785398	1.870545	-2.976234	117	128	13	30.670
-1.047198	2.108018	1.311430	28	14	21	30.667
1.047198	1.045978	0.343692	124	126	25	30.667
1.047198	0.899350	-2.069907	138	18	47	30.658
0.785398	2.174483	2.653697	27	24	35	30.656
0.261799	0.591903	2.010408	142	27	41	30.655
-1.832596	0.906588	1.252948	17	31	31	30.653
1.832596	1.555207	1.708892	11	25	21	30.649
2.094395	2.187132	-0.479875	24	28	27	30.649
-1.047198	2.251330	-2.330739	16	22	41	30.648
-0.785398	1.134796	2.434290	20	21	27	30.648
-0.785398	1.194549	-0.801900	12	13	53	30.647
-1.832596	0.370812	-2.547742	16	27	23	30.646
2.356194	1.391910	3.030322	30	20	23	30.645
0.785398	2.001437	0.381215	11	24	19	30.641
0.261799	0.899350	-2.069907	0	25	48	30.641
0.261799	1.214854	-1.966664	18	19	23	30.640
2.094395	0.906588	1.252948	13	28	22	30.639
0.523599	1.809167	1.213774	9	29	36	30.631
2.356194	1.662363	0.915448	29	19	38	30.630
1.308997	2.295480	1.008277	10	27	23	30.622
-0.523599	1.696674	-1.253233	13	28	28	30.622
1.570796	0.961715	0.014085	13	28	27	30.621
-2.617994	1.128190	-2.288622	115	131	9	30.620
0.261799	1.617114	-1.572037	18	20	17	30.620
2.356194	2.704512	1.488683	29	19	25	30.617
-0.523599	1.367556	0.358405	30	13	33	30.617
1.047198	1.732874	-0.951685	17	21	50	30.612
-0.261799	0.850607	-1.335383	141	26	42	30.610
-1.570796	1.909857	-0.381669	21	28	26	30.608
-0.261799	0.640596	-2.797608	8	29	46	30.607
0.000000	0.591903	2.010408	2	28	41	30.599
0.785398	2.104282	-0.813972	119	125	16	30.598
0.261799	2.153910	-1.714959	14	25	21	30.597
-0.523599	2.356369	3.005869	16	21	25	30.591
1.308997	2.379497	0.561089	20	25	37	30.590
0.523599	1.335669	0.897240	11	26	47	30.589
1.308997	1.184361	0.625864	126	124	17	30.585
2.617994	0.496451	0.593859	26	22	21	30.582
-1.047198	2.073035	2.027405	1	21	50	30.581
0.785398	0.960688	-0.577532	25	23	23	30.581
2.094395	1.574060	2.783565	16	19	31	30.580
2.617994	2.379497	0.561089	25	28	28	30.580
-0.261799	0.961715	0.014085	11	24	37	30.578
-2.094395	1.870545	-2.976234	27	22	26	30.571
0.261799	2.456751	-1.503343	138	19	45	30.568
-2.879793	1.128190	-2.288622	134	124	23	30.567
-2.094395	2.396274	-1.959260	31	12	25	30.565
2.356194	2.108018	1.311430	15	22	44	30.555
2.094395	1.488617	1.159546	16	20	19	30.555
2.879793	2.153910	-1.714959	10	22	18	30.553
1.832596	2.247462	0.191623	30	24	30	30.553
-3.141593	1.433411	-1.035986	140	27	41	30.549
1.308997	0.762244	-0.273349	22	24	38	30.547
2.094395	1.325504	-1.671296	5	4	50	30.546
1.570796	1.766067	2.153843	16	29	37	30.541
2.617994	2.033014	2.977192	25	17	16	30.541
1.047198	1.310100	1.488307	10	21	40	30.540
-0.261799	1.168678	2.108595	14	25	38	30.540
-2.356194	1.214854	-1.966664	117	125	14	30.538
-2.879793	2.104282	-0.813972	22	17	40	30.537
1.832596	1.545873	-1.877082	4	8	52	30.529
0.785398	1.909857	-0.381669	118	127	9	30.528
2.617994	1.998705	2.370472	30	17	22	30.527
0.000000	1.184361	0.625864	10	12	51	30.525
-1.570796	1.732874	-0.951685	16	30	33	30.525
-1.308997	1.113094	-0.272241	12	28	23	30.522
-0.785398	1.413430	2.550734	19	22	28	30.521
-1.308997	2.356369	3.005869	7	13	52	30.520
1.832596	0.640596	-2.797608	136	19	43	30.512
-0.785398	1.574060	2.783565	12	25	30	30.512
1.308997	0.419640	2.974122	138	24	43	30.508
2.617994	0.914445	2.687814	23	24	19	30.502
-2.356194	1.448123	-2.163292	117	126	9	30.497
2.356194	2.089241	-0.114193	23	29	31	30.495
2.094395	2.588535	-2.976617	19	27	39	30.495
-0.523599	1.134497	-1.109631	143	28	41	30.494
0.261799	2.138223	1.678323	25	24	23	30.493
-0.785398	1.766067	2.153843	11	23	40	30.493
0.000000	1.741644	-2.695914	28	13	21	30.491
2.617994	2.984978	1.954446	29	16	21	30.486
-3.141593	1.135834	-1.431087	10	26	27	30.484
0.785398	1.194549	-0.801900	26	19	43	30.484
0.785398	2.108018	1.311430	23	27	24	30.484
2.617994	2.478122	2.609777	26	12	16	30.479
1.047198	2.295480	1.008277	128	117	11	30.479
0.261799	1.872854	1.543456	25	22	20	30.477
1.832596	2.984978	1.954446	14	30	32	30.475
-2.356194	0.379747	-1.713059	138	21	43	30.475
-0.261799	2.881233	-2.582574	143	27	40	30.474
1.308997	0.640596	-2.797608	31	21	26	30.473
-0.523599	0.496451	0.593859	8	25	33	30.470
-2.879793	2.073035	2.027405	24	28	26	30.468
-2.617994	1.982574	-1.115518	19	21	45	30.463
2.356194	0.674054	1.013609	20	24	20	30.458
-1.570796	2.153910	-1.714959	16	29	36	30.457
1.570796	0.640596	-2.797608	28	25	26	30.456
-2.617994	0.992645	-1.723759	117	127	18	30.455
2.356194	0.496451	0.593859	21	27	22	30.450
0.000000	0.496451	0.593859	27	23	29	30.448
-0.261799	1.977582	0.969896	7	21	45	30.445
0.000000	2.979456	-1.009304	117	131	16	30.444
-2.617994	2.247462	0.191623	30	9	22	30.438
-1.832596	1.982574	-1.115518	12	28	45	30.438
-2.879793	1.809167	1.213774	20	29	34	30.435
0.785398	2.349581	-2.702517	20	26	19	30.432
1.570796	0.203748	0.590255	9	26	27	30.429
-0.785398	0.906588	1.252948	26	21	38	30.429
-1.047198	2.089241	-0.114193	18	29	25	30.428
-2.094395	0.709924	0.218797	14	25	19	30.421
-1.308997	1.599406	1.426070	12	27	25	30.419
0.523599	1.569311	-3.003978	26	14	16	30.415
2.879793	1.599406	1.426070	29	23	35	30.409
0.523599	1.824694	1.850876	24	25	23	30.405
-2.617994	1.909857	-0.381669	9	22	32	30.404
1.308997	2.108018	1.311430	15	30	24	30.403
1.570796	1.113094	-0.272241	22	24	35	30.399
-3.141593	2.407836	1.410646	24	27	24	30.397
-2.094395	1.812176	0.656819	20	27	35	30.396
0.261799	0.571433	-1.188419	23	24	36	30.394
1.570796	1.134497	-1.109631	18	28	41	30.393
1.832596	1.128190	-2.288622	141	12	50	30.391
0.000000	0.992645	-1.723759	143	26	45	30.388
-2.617994	2.881233	-2.582574	30	14	33	30.380
-1.570796	1.128190	-2.288622	29	21	31	30.378
0.523599	1.134497	-1.109631	16	22	25	30.377
1.308997	2.041297	-2.664597	18	27	19	30.376
2.879793	0.914445	2.687814	20	26	19	30.373
2.617994	0.866955	-0.931351	13	28	33	30.369
-2.094395	2.579248	-2.364801	30	18	29	30.362
-2.617994	2.001437	0.381215	121	125	18	30.361
-1.047198	1.574060	2.783565	14	27	31	30.354
1.832596	1.440580	2.260026	10	27	27	30.347
-1.570796	2.396274	-1.959260	29	20	25	30.345
1.832596	1.998705	2.370472	15	28	39	30.338
-2.094395	1.325504	-1.671296	27	25	34	30.333
2.879793	2.724429	-0.348782	117	130	15	30.327
2.617994	2.041297	-2.664597	19	19	14	30.324
-1.832596	2.295480	1.008277	126	127	25	30.320
2.094395	2.664082	-1.071402	12	31	41	30.310
-1.308997	1.732874	-0.951685	12	31	33	30.310
-2.879793	0.080730	-2.622036	20	24	36	30.305
-1.832596	1.194549	-0.801900	17	29	22	30.304
-1.047198	2.001437	0.381215	20	24	18	30.304
-3.141593	1.510910	-0.740472	13	23	35	30.304
-0.785398	1.699788	2.452890	10	25	37	30.299
2.617994	2.592629	0.909713	28	25	23	30.291
-2.356194	2.760637	2.781135	26	23	35	30.279
1.308997	1.721184	-0.153948	14	28	27	30.279
0.523599	2.579248	-2.364801	27	25	22	30.278
-2.356194	1.809167	1.213774	26	28	28	30.277
1.308997	0.866395	-2.492918	139	21	47	30.268
0.261799	1.367556	0.358405	18	22	19	30.264
-1.308997	2.724429	-0.348782	27	25	25	30.264
-0.785398	2.356369	3.005869	17	19	23	30.256
2.617994	1.218453	2.777284	30	23	27	30.255
-2.356194	1.766067	2.153843	6	30	41	30.252
-1.570796	0.961715	0.014085	126	125	24	30.251
1.832596	0.419640	2.974122	130	120	10	30.247
-2.617994	1.242974	-2.977882	28	18	24	30.246
0.523599	0.992645	-1.723759	31	21	36	30.244
2.356194	2.664082	-1.071402	118	128	11	30.244
-1.570796	1.301460	-0.509251	9	30	35	30.242
0.000000	0.762244	-0.273349	19	21	25	30.234
-2.879793	1.450119	-2.739050	2	26	32	30.234
-1.047198	1.448123	-2.163292	21	26	34	30.230
1.832596	2.138223	1.678323	29	9	26	30.228
2.879793	1.948085	-2.363031	18	20	14	30.227
0.785398	0.458961	-0.107937	128	121	6	30.225
-2.617994	2.349581	-2.702517	30	14	30	30.224
0.785398	1.450119	-2.739050	29	18	19	30.219
2.356194	0.910508	1.903534	8	25	22	30.218
-0.261799	2.724429	-0.348782	31	18	32	30.216
0.261799	1.325504	-1.671296	140	21	49	30.216
-1.832596	1.732874	-0.951685	12	28	42	30.216
0.261799	1.824694	1.850876	28	21	23	30.215
-0.261799	0.571433	-1.188419	139	26	39	30.209
-2.879793	2.407836	1.410646	21	30	25	30.209
-1.570796	0.419640	2.974122	21	27	27	30.207
-2.356194	1.450119	-2.739050	131	125	25	30.202
-0.785398	1.875281	0.107086	15	27	22	30.197
1.047198	1.696674	-1.253233	22	22	31	30.197
-1.570796	2.041297	-2.664597	21	18	43	30.194
-3.141593	2.108018	1.311430	24	29	30	30.194
2.879793	1.325504	-1.671296	16	26	22	30.192
0.000000	1.658653	-2.409879	17	21	25	30.186
0.523599	0.418037	1.360082	24	21	20	30.185
1.570796	2.001437	0.381215	14	27	35	30.184
-2.617994	1.325504	-1.671296	117	128	18	30.178
0.785398	2.115563	0.685730	15	25	18	30.178
-1.832596	1.045978	0.343692	17	21	17	30.178
2.879793	0.615174	-0.666022	31	17	23	30.174
-1.570796	2.984978	1.954446	25	27	24	30.171
0.523599	1.998705	2.370472	29	24	31	30.168
-1.570796	1.904882	-1.478089	6	26	50	30.167
1.308997	0.866955	-0.931351	121	122	11	30.166
1.308997	1.440580	2.260026	17	29	27	30.161
0.523599	1.699788	2.452890	28	24	30	30.160
-2.879793	1.766067	2.153843	13	28	41	30.160
-2.094395	2.356369	3.005869	123	125	21	30.158
0.523599	1.545873	-1.877082	32	18	29	30.154
1.832596	2.073035	2.027405	13	30	34	30.151
1.832596	2.396274	-1.959260	5	31	37	30.142
-2.879793	2.588535	-2.976617	30	14	34	30.141
2.356194	0.297065	2.160177	34	17	29	30.141
-1.308997	1.736875	3.023612	15	16	49	30.139
-0.523599	1.195355	1.200319	26	19	38	30.136
2.356194	1.736875	3.023612	27	18	18	30.136
1.832596	2.478122	2.609777	13	29	34	30.135
0.523599	0.906588	1.252948	5	28	45	30.135
-2.617994	2.138223	1.678323	10	32	39	30.135
0.261799	1.683268	0.374177	28	21	34	30.133
0.261799	1.741644	-2.695914	27	18	22	30.133
-3.141593	1.247695	1.809890	29	20	22	30.130
2.094395	0.297065	2.160177	137	26	38	30.125
-0.523599	0.418037	1.360082	26	24	30	30.121
2.356194	1.413347	-1.339188	18	30	26	30.120
-1.570796	1.488617	1.159546	13	30	30	30.118
-2.879793	1.545873	-1.877082	114	134	12	30.118
-0.785398	1.599406	1.426070	7	22	42	30.112
-1.832596	0.960688	-0.577532	22	28	26	30.111
-1.047198	1.872854	1.543456	10	25	23	30.110
2.356194	2.984978	1.954446	28	20	37	30.110
2.356194	1.599406	1.426070	22	19	42	30.106
-0.261799	1.809167	1.213774	6	22	43	30.104
-3.141593	1.417623	-0.202254	118	130	13	30.100
0.785398	1.242974	-2.977882	29	14	18	30.100
-0.785398	1.413347	-1.339188	1	32	36	30.097
-1.832596	1.025536	1.576859	13	30	26	30.089
2.356194	1.569311	-3.003978	27	21	19	30.086
-1.832596	1.904882	-1.478089	9	25	50	30.086
1.570796	1.310100	1.488307	17	29	24	30.084
-1.308997	1.846342	-1.796954	23	25	34	30.076
-3.141593	1.134497	-1.109631	140	26	43	30.072
-2.094395	1.194549	-0.801900	22	27	22	30.070
0.000000	1.870545	-2.976234	26	15	18	30.069
1.570796	1.977582	0.969896	16	22	40	30.062
1.047198	0.831641	0.616218	15	29	32	30.060
0.261799	0.960688	-0.577532	27	19	25	30.059
-2.094395	1.977582	0.969896	9	32	41	30.058
2.356194	1.824694	1.850876	32	15	28	30.055
-2.094395	1.195355	1.200319	21	29	29	30.051
2.356194	1.721184	-0.153948	22	28	36	30.049
0.000000	0.615174	-0.666022	23	23	42	30.044
-0.785398	2.041297	-2.664597	14	27	24	30.042
1.308997	1.168678	2.108595	11	31	32	30.038
-0.785398	1.869911	2.701025	17	22	29	30.037
-0.261799	1.335669	0.897240	6	10	52	30.035
0.785398	1.696674	-1.253233	25	18	30	30.033
1.047198	1.335669	0.897240	15	24	37	30.032
0.523599	1.977582	0.969896	8	29	36	30.029
0.523599	0.674054	1.013609	117	126	18	30.024
0.000000	1.699788	2.452890	22	23	39	30.022
2.617994	2.251330	-2.330739	14	19	14	30.021
2.356194	1.242974	-2.977882	29	23	24	30.021
-0.785398	2.180315	-1.357379	17	27	34	30.019
-0.261799	1.846342	-1.796954	19	21	19	30.011
2.356194	1.809167	1.213774	32	18	35	30.006
-2.356194	2.063651	-2.044600	13	26	48	30.004
-2.356194	2.664082	-1.071402	31	21	29	30.004
-3.141593	1.184361	0.625864	17	20	18	30.002
-1.570796	1.134796	2.434290	23	26	34	30.002
1.308997	2.881233	-2.582574	28	15	37	29.994
-2.879793	0.910508	1.903534	25	27	24	29.993
-2.356194	0.992645	-1.723759	118	124	16	29.992
2.094395	1.247695	1.809890	7	28	30	29.991
0.523599	1.662363	0.915448	120	122	17	29.984
1.570796	1.450119	-2.739050	1	22	51	29.982
-3.141593	0.618092	2.539118	15	27	45	29.979
-1.832596	2.041297	-2.664597	23	17	43	29.978
0.261799	1.450119	-2.739050	30	11	19	29.976
-0.523599	1.417623	-0.202254	14	21	41	29.975
0.523599	0.866395	-2.492918	2	27	47	29.968
2.617994	1.247695	1.809890	21	20	44	29.966
1.047198	1.128190	-2.288622	29	24	26	29.961
-2.879793	2.033014	2.977192	23	23	17	29.959
-1.047198	2.456751	-1.503343	15	26	36	29.956
-1.047198	2.299159	2.264663	143	22	48	29.955
2.094395	2.637879	2.121598	28	11	26	29.954
-1.570796	0.674054	1.013609	16	30	35	29.952
1.308997	1.545873	-1.877082	24	29	29	29.951
-0.523599	1.658653	-2.409879	13	22	19	29.948
0.523599	0.379747	-1.713059	26	24	34	29.947
2.879793	0.458961	-0.107937	5	19	41	29.946
1.047198	1.450119	-2.739050	26	21	19	29.945
0.523599	1.374601	-2.456031	31	16	22	29.944
-0.261799	1.683268	0.374177	10	22	42	29.941
1.832596	1.574060	2.783565	18	19	30	29.939
0.785398	0.864993	2.278281	24	26	25	29.935
1.570796	1.301460	-0.509251	26	25	33	29.934
2.617994	1.256302	0.062705	18	24	43	29.933
2.356194	0.866955	-0.931351	29	9	27	29.931
0.261799	2.587733	0.232235	29	18	35	29.927
1.047198	0.458961	-0.107937	131	120	6	29.924
2.094395	1.128190	-2.288622	3	31	35	29.919
-2.879793	0.864993	2.278281	14	28	45	29.918
-2.094395	0.615174	-0.666022	25	27	26	29.916
0.000000	0.866955	-0.931351	27	12	21	29.916
-0.523599	1.510910	-0.740472	5	27	30	29.915
-0.261799	2.153910	-1.714959	10	24	37	29.912
1.047198	2.041297	-2.664597	20	25	18	29.912
-2.879793	1.135834	-1.431087	31	17	31	29.898
1.047198	0.297065	2.160177	25	25	24	29.894
-1.047198	1.025536	1.576859	22	20	28	29.893
1.047198	2.174483	2.653697	23	27	35	29.893
0.261799	0.458961	-0.107937	29	20	26	29.891
-1.308997	0.203748	0.590255	20	29	34	29.891
-1.047198	2.396274	-1.959260	25	26	25	29.890
-2.879793	0.685216	-1.712745	18	22	17	29.890
-2.094395	1.658653	-2.409879	10	21	53	29.889
0.785398	1.168678	2.108595	24	26	24	29.885
-1.308997	1.809167	1.213774	11	27	27	29.884
1.308997	0.850607	-1.335383	23	27	39	29.883
-1.308997	1.545873	-1.877082	8	22	53	29.882
-1.570796	1.545873	-1.877082	27	23	32	29.882
-1.832596	2.664082	-1.071402	25	28	29	29.874
-1.308997	0.866395	-2.492918	27	23	29	29.874
1.832596	1.195355	1.200319	15	28	21	29.866
1.570796	1.413347	-1.339188	20	29	35	29.864
-1.047198	2.033014	2.977192	10	16	51	29.862
2.356194	2.343981	-1.040456	16	28	22	29.859
-2.094395	1.014500	0.906702	134	122	18	29.858
-2.879793	2.174483	2.653697	140	20	45	29.858
1.570796	0.866955	-0.931351	125	120	11	29.857
-0.785398	1.214854	-1.966664	18	28	30	29.857
-1.308997	2.456751	-1.503343	30	18	25	29.857
-2.094395	2.041297	-2.664597	23	15	43	29.855
1.308997	2.579248	-2.364801	118	126	12	29.846
1.308997	2.299159	2.264663	17	29	30	29.843
-1.570796	1.417623	-0.202254	18	27	22	29.843
2.617994	1.732874	-0.951685	14	30	30	29.843
-0.785398	2.073035	2.027405	13	23	19	29.842
2.356194	0.290380	-0.796960	16	27	22	29.832
0.785398	2.455966	-0.641220	119	127	17	29.831
-3.141593	0.591903	2.010408	27	26	27	29.828
-2.094395	0.929350	-2.910676	136	122	22	29.826
-1.047198	1.721184	-0.153948	0	17	52	29.825
-0.523599	2.664082	-1.071402	28	23	28	29.824
1.308997	2.979456	-1.009304	12	24	34	29.822
-0.785398	1.488617	1.159546	30	14	25	29.816
0.785398	2.704512	1.488683	24	29	29	29.815
1.047198	1.135813	-2.658866	30	21	21	29.814
-2.617994	2.664082	-1.071402	33	17	29	29.809
-3.141593	0.458961	-0.107937	22	27	21	29.808
1.570796	2.719179	-1.780644	10	31	36	29.808
1.832596	1.325504	-1.671296	3	5	50	29.805
0.785398	2.251330	-2.330739	27	26	22	29.797
-0.261799	1.721184	-0.153948	30	16	28	29.795
-0.523599	2.579248	-2.364801	143	17	50	29.794
2.356194	1.870545	-2.976234	24	18	16	29.794
-1.308997	2.396274	-1.959260	18	24	40	29.792
-1.832596	0.709924	0.218797	12	24	19	29.786
-1.047198	2.063651	-2.044600	11	28	44	29.780
-1.047198	1.606104	-0.451151	11	29	24	29.775
2.094395	2.180315	-1.357379	7	31	44	29.773
2.356194	1.440580	2.260026	15	22	32	29.770
0.261799	2.115563	0.685730	9	29	36	29.767
-0.523599	1.242974	-2.977882	21	26	37	29.767
2.094395	1.569311	-3.003978	4	15	55	29.767
1.832596	1.242974	-2.977882	7	22	41	29.766
1.570796	1.448123	-2.163292	21	30	25	29.765
-2.356194	1.756530	-2.105156	117	125	9	29.765
1.570796	1.824694	1.850876	13	27	24	29.760
2.617994	1.195355	1.200319	122	128	21	29.758
2.356194	0.864993	2.278281	5	23	26	29.754
-1.832596	0.929350	-2.910676	22	26	25	29.753
0.785398	1.504028	0.636812	121	125	15	29.752
-1.308997	1.310100	1.488307	8	26	24	29.742
-2.356194	1.218453	2.777284	29	20	30	29.741
0.785398	1.050534	3.042579	20	28	34	29.738
-2.356194	2.251330	-2.330739	8	26	50	29.737
-1.047198	0.850607	-1.335383	6	29	43	29.737
-3.141593	1.374601	-2.456031	4	27	34	29.732
2.617994	2.063651	-2.044600	15	23	16	29.723
-1.308997	1.741644	-2.695914	9	28	35	29.719
-1.570796	1.696674	-1.253233	8	28	46	29.719
0.261799	2.299159	2.264663	28	23	31	29.707
1.047198	1.247695	1.809890	21	26	21	29.707
0.261799	1.998705	2.370472	11	22	49	29.706
2.879793	1.904882	-1.478089	10	25	19	29.706
2.879793	1.756530	-2.105156	16	24	16	29.706
0.785398	1.134796	2.434290	25	28	29	29.704
-1.832596	0.619654	-2.216909	18	22	44	29.704
0.523599	2.180315	-1.357379	15	26	22	29.701
2.356194	1.836682	-0.676006	19	30	30	29.698
-0.261799	1.184361	0.625864	29	19	34	29.697
1.832596	1.510910	-0.740472	24	28	29	29.697
-1.308997	2.343981	-1.040456	11	32	40	29.697
-3.141593	2.343981	-1.040456	5	24	22	29.695
-1.308997	1.569311	-3.003978	7	28	38	29.691
0.000000	1.683268	0.374177	8	22	42	29.691
0.523599	1.195355	1.200319	18	24	38	29.690
-1.308997	2.033014	2.977192	11	14	52	29.686
-1.832596	2.138223	1.678323	7	31	32	29.683
-1.047198	1.242974	-2.977882	21	19	25	29.682
1.047198	1.574060	2.783565	21	28	36	29.680
-2.617994	1.554776	0.100351	28	16	19	29.680
-1.308997	2.704512	1.488683	123	129	23	29.677
-2.879793	2.724429	-0.348782	121	124	14	29.676
0.785398	2.033014	2.977192	24	23	38	29.675
0.000000	1.367556	0.358405	29	20	33	29.671
-1.832596	0.733948	3.021411	13	27	36	29.670
-2.356194	2.356369	3.005869	29	20	32	29.666
-1.308997	1.025536	1.576859	24	18	28	29.666
1.047198	2.393226	1.857173	16	29	26	29.665
2.094395	0.618092	2.539118	6	24	28	29.661
2.617994	0.899350	-2.069907	124	125	14	29.660
-0.785398	1.721184	-0.153948	126	120	20	29.658
2.879793	1.699788	2.452890	29	23	24	29.649
-2.356194	0.618092	2.539118	123	121	13	29.647
2.879793	1.569311	-3.003978	25	24	18	29.647
1.047198	2.724429	-0.348782	16	28	32	29.645
0.523599	2.664082	-1.071402	14	28	28	29.645
0.785398	1.433411	-1.035986	119	126	15	29.641
2.879793	2.407836	1.410646	28	24	24	29.641
0.000000	2.579248	-2.364801	143	27	36	29.640
0.261799	1.732874	-0.951685	15	23	30	29.639
2.879793	1.448123	-2.163292	18	27	20	29.639
1.308997	2.001437	0.381215	17	26	35	29.638
2.356194	1.555207	1.708892	3	10	52	29.636
-2.356194	0.914445	2.687814	125	120	15	29.633
-1.570796	1.367556	0.358405	16	21	15	29.630
-0.523599	1.948085	-2.363031	16	24	21	29.630
0.261799	2.108018	1.311430	13	27	42	29.630
-0.785398	2.592629	0.909713	27	25	27	29.630
1.047198	0.496451	0.593859	119	126	20	29.626
-2.879793	1.256302	0.062705	24	19	18	29.622
0.000000	1.374601	-2.456031	32	8	22	29.620
0.523599	1.870545	-2.976234	117	132	12	29.620
-1.047198	1.569311	-3.003978	21	19	25	29.617
-2.094395	1.134497	-1.109631	25	28	26	29.615
0.000000	1.721184	-0.153948	19	22	35	29.615
-1.047198	1.325504	-1.671296	6	26	50	29.614
-0.261799	0.290380	-0.796960	25	25	36	29.614
-2.094395	1.184361	0.625864	23	25	36	29.614
1.570796	2.295480	1.008277	6	25	23	29.612
0.523599	0.619654	-2.216909	34	16	31	29.609
1.832596	2.592629	0.909713	31	18	27	29.608
1.047198	2.138223	1.678323	22	30	30	29.607
0.523599	2.247462	0.191623	27	23	34	29.607
2.356194	1.699788	2.452890	31	15	24	29.607
2.356194	1.247695	1.809890	127	125	23	29.606
-1.570796	2.089241	-0.114193	23	27	24	29.597
0.261799	2.719179	-1.780644	3	29	37	29.596
1.047198	1.510910	-0.740472	18	27	23	29.596
-2.094395	0.496451	0.593859	26	23	35	29.590
-1.308997	2.063651	-2.044600	21	24	38	29.588
-0.261799	0.618092	2.539118	143	27	39	29.583
