192	1.2	1
-1.832596	1.413347	-1.339188
2.380392	2.500101	-0.120466
lig.job475378.bl.pdb	-54.048	-37.784	-28.576
rec.job475378.bl.pdb	0.855	0.126	-0.766
-2.356194	1.413347	-1.339188	17	35	2	442.934
1.832596	1.555207	1.708892	29	31	189	431.372
-1.832596	1.696674	-1.253233	6	32	180	427.057
0.523599	1.440580	2.260026	52	189	15	424.701
0.523599	0.618092	2.539118	15	19	45	424.611
2.094395	1.948085	-2.363031	54	1	12	423.467
-2.617994	0.685216	-1.712745	29	30	11	422.534
2.356194	1.948085	-2.363031	51	7	12	418.189
1.570796	1.909857	-0.381669	173	0	162	412.378
1.308997	2.456751	-1.503343	190	165	181	412.068
-2.094395	0.297065	2.160177	164	189	40	409.548
-2.617994	1.545873	-1.877082	40	23	10	407.456
0.785398	2.455966	-0.641220	154	189	162	405.497
-1.570796	1.448123	-2.163292	153	27	29	400.315
0.261799	2.579248	-2.364801	184	159	0	400.259
-2.617994	1.448123	-2.163292	38	23	15	399.292
-1.308997	0.674054	1.013609	2	155	20	397.337
1.832596	1.440580	2.260026	45	19	15	396.572
-0.785398	2.174483	2.653697	176	160	5	395.658
0.785398	1.168678	2.108595	54	188	19	394.487
2.617994	1.948085	-2.363031	48	15	12	392.957
1.832596	2.174483	2.653697	58	6	5	391.631
0.000000	2.863997	0.549740	11	21	168	390.521
1.308997	0.203748	0.590255	34	26	21	389.877
2.356194	2.115563	0.685730	8	23	168	388.609
2.617994	0.685216	-1.712745	53	187	18	388.000
2.879793	0.733948	3.021411	161	10	38	387.408
2.094395	1.683268	0.374177	13	23	170	385.669
-1.832596	1.982574	-1.115518	5	31	175	384.723
0.785398	1.440580	2.260026	55	187	16	382.296
1.570796	2.724429	-0.348782	21	170	152	381.817
-2.617994	1.413347	-1.339188	24	35	2	381.708
2.094395	1.448123	-2.163292	52	3	14	381.528
2.617994	1.683268	0.374177	8	32	170	380.748
0.000000	2.478122	2.609777	184	160	2	380.659
-2.094395	1.256302	0.062705	186	0	167	380.242
0.261799	1.134796	2.434290	50	190	16	378.112
-1.308997	1.045978	0.343692	181	162	6	378.044
1.570796	0.419640	2.974122	161	21	37	378.027
2.094395	2.001437	0.381215	6	20	166	377.815
2.617994	2.587733	0.232235	189	187	161	377.318
1.832596	0.700570	1.559208	30	32	8	376.167
-0.523599	0.899350	-2.069907	158	2	37	376.092
-1.308997	1.335669	0.897240	175	164	189	375.383
-3.141593	1.214854	-1.966664	49	13	15	374.154
-1.047198	1.045978	0.343692	179	159	4	373.197
1.047198	2.063651	-2.044600	188	166	178	372.508
-0.261799	2.104282	-0.813972	191	191	163	372.067
-2.356194	2.719179	-1.780644	24	35	184	371.771
2.356194	2.587733	0.232235	190	2	161	371.050
-1.047198	1.184361	0.625864	176	162	190	370.701
-1.570796	1.554776	0.100351	138	191	170	370.587
-1.308997	1.510910	-0.740472	189	18	174	369.789
0.523599	2.073035	2.027405	54	189	8	369.253
-1.308997	1.982574	-1.115518	6	28	177	368.836
-1.832596	2.180315	-1.357379	13	35	178	368.793
-2.094395	1.325504	-1.671296	12	34	184	368.718
-1.570796	1.374601	-2.456031	155	22	34	368.697
-1.570796	1.113094	-0.272241	183	187	169	368.677
0.785398	1.699788	2.452890	55	188	12	368.538
-0.261799	1.510910	-0.740472	24	164	157	368.366
0.261799	1.554776	0.100351	163	173	168	368.112
-2.879793	2.104282	-0.813972	184	26	161	368.109
-2.094395	1.554776	0.100351	143	3	169	367.687
-1.832596	2.187132	-0.479875	190	19	168	366.320
-1.832596	1.448123	-2.163292	160	36	25	365.899
-2.356194	1.367556	0.358405	185	2	165	365.306
-2.879793	1.812176	0.656819	147	4	167	364.887
-1.047198	2.247462	0.191623	24	177	150	364.876
-2.356194	1.433411	-1.035986	16	35	187	363.954
0.000000	1.869911	2.701025	180	159	7	363.806
-0.523599	2.724429	-0.348782	3	26	167	363.748
-0.261799	0.640596	-2.797608	164	30	29	363.706
1.832596	2.104282	-0.813972	191	170	182	363.580
0.261799	0.733948	3.021411	162	1	43	363.471
2.094395	1.014500	0.906702	25	37	189	363.421
1.308997	1.555207	1.708892	44	25	7	363.419
2.356194	2.724429	-0.348782	28	172	150	363.369
-0.261799	1.909857	-0.381669	150	179	166	363.306
2.617994	0.700570	1.559208	158	34	27	363.041
1.570796	2.033014	2.977192	53	3	12	363.008
1.308997	1.025536	1.576859	34	30	7	362.348
-1.570796	1.574060	2.783565	152	2	34	362.261
0.000000	0.297065	2.160177	43	13	20	362.254
1.832596	1.374601	-2.456031	51	0	17	361.737
-1.570796	1.488617	1.159546	179	164	187	361.386
-0.785398	1.606104	-0.451151	10	183	154	361.068
2.094395	2.041297	-2.664597	53	5	12	360.983
-0.523599	1.510910	-0.740472	4	170	162	360.831
-0.261799	1.574060	2.783565	171	169	31	360.495
-1.308997	2.115563	0.685730	180	166	185	360.134
1.308997	1.310100	1.488307	40	29	5	360.102
2.356194	1.809167	1.213774	20	36	182	359.998
-1.570796	1.195355	1.200319	175	167	3	359.857
-2.094395	1.617114	-1.572037	22	34	5	359.550
-2.356194	1.128190	-2.288622	38	19	19	359.465
1.832596	2.187132	-0.479875	0	180	163	359.057
2.356194	2.089241	-0.114193	1	0	160	358.845
2.617994	1.741644	-2.695914	53	14	12	358.259
-2.356194	0.866395	-2.492918	41	10	22	358.195
-2.879793	1.756530	-2.105156	40	24	13	358.073
2.879793	1.014500	0.906702	168	46	12	358.072
1.308997	2.579248	-2.364801	186	160	188	357.913
2.356194	1.824694	1.850876	30	33	4	357.662
-0.523599	1.809167	1.213774	185	163	0	357.517
-2.356194	0.370812	-2.547742	47	3	21	357.395
-1.047198	1.310100	1.488307	171	160	12	357.349
-2.879793	1.721184	-0.153948	154	191	167	357.237
2.094395	2.174483	2.653697	49	15	8	357.190
-1.832596	2.089241	-0.114193	191	10	164	357.160
1.832596	1.506530	1.988858	29	34	6	357.028
2.879793	1.214854	-1.966664	54	7	14	356.858
2.879793	2.089241	-0.114193	24	184	152	356.624
-1.570796	0.914445	2.687814	165	184	40	356.542
-1.832596	0.914445	2.687814	161	186	40	356.257
1.570796	1.766067	2.153843	35	28	4	356.195
-2.617994	0.640596	-2.797608	48	8	20	356.165
-1.047198	1.732874	-0.951685	2	22	175	355.840
1.570796	1.982574	-1.115518	191	165	191	355.352
1.570796	1.134796	2.434290	44	15	16	355.191
-1.832596	1.658653	-2.409879	157	18	33	354.767
-0.785398	1.184361	0.625864	180	161	190	354.740
2.879793	1.683268	0.374177	4	33	170	354.360
-2.879793	1.554776	0.100351	147	13	169	354.327
-1.047198	1.909857	-0.381669	142	188	167	354.174
2.879793	2.164094	-2.991358	62	27	186	353.668
-1.832596	0.733948	3.021411	44	189	21	353.561
-2.617994	0.929350	-2.910676	166	2	41	353.537
-0.523599	2.187132	-0.479875	6	172	157	353.444
2.356194	2.001437	0.381215	8	19	164	352.567
-1.832596	2.247462	0.191623	12	167	157	352.408
-2.617994	2.579248	-2.364801	20	39	175	352.083
-2.356194	2.033014	2.977192	150	24	27	352.018
1.570796	1.310100	1.488307	37	33	4	351.993
-1.832596	1.113094	-0.272241	185	1	170	351.950
-1.832596	1.554776	0.100351	14	182	155	351.858
2.094395	0.297065	2.160177	160	30	32	351.517
-2.879793	0.850607	-1.335383	30	31	12	351.315
1.832596	2.089241	-0.114193	172	13	157	350.896
0.523599	1.766067	2.153843	53	186	13	350.775
2.879793	2.724429	-0.348782	170	178	163	350.762
-0.261799	1.732874	-0.951685	189	186	167	350.558
1.832596	2.001437	0.381215	16	21	165	350.557
-2.094395	1.367556	0.358405	136	0	173	350.165
2.617994	0.992645	-1.723759	56	1	14	349.945
2.094395	0.906588	1.252948	28	36	4	349.915
1.832596	1.872854	1.543456	31	34	191	349.903
1.832596	2.456751	-1.503343	186	169	171	349.607
2.356194	1.599406	1.426070	20	37	186	349.434
-3.141593	1.391910	3.030322	20	22	41	349.388
-2.094395	1.982574	-1.115518	11	34	176	349.221
-0.261799	2.588535	-2.976617	181	160	191	349.047
-1.570796	0.419640	2.974122	43	182	25	348.943
-1.047198	2.404280	-0.174044	1	4	160	348.579
-2.879793	1.448123	-2.163292	42	28	14	348.458
1.308997	1.699788	2.452890	52	3	14	348.047
-2.617994	0.866395	-2.492918	46	4	21	347.821
-1.047198	2.664082	-1.071402	186	33	171	347.817
-3.141593	0.458961	-0.107937	171	47	11	347.732
-1.570796	2.115563	0.685730	177	167	186	347.548
0.785398	2.349581	-2.702517	23	152	12	347.460
-2.617994	2.089241	-0.114193	164	13	158	347.421
-1.570796	2.187132	-0.479875	0	12	165	347.223
-1.308997	1.662363	0.915448	175	163	191	347.067
1.570796	1.440580	2.260026	47	18	15	347.055
-2.356194	1.904882	-1.478089	12	34	177	347.031
0.523599	0.864993	2.278281	166	3	38	347.016
-1.308997	2.343981	-1.040456	7	28	171	346.995
2.617994	2.404280	-0.174044	168	4	157	346.788
1.570796	1.699788	2.452890	54	7	14	346.679
0.785398	1.998705	2.370472	55	184	11	346.649
2.879793	2.455966	-0.641220	187	11	158	346.642
0.261799	2.251330	-2.330739	186	156	1	346.610
-1.570796	0.674054	1.013609	188	158	21	346.577
-2.879793	1.545873	-1.877082	34	32	12	346.433
-1.308997	1.195355	1.200319	179	162	2	346.084
-0.261799	1.194549	-0.801900	14	172	161	345.999
2.094395	1.242974	-2.977882	48	5	20	345.958
-2.879793	1.374601	-2.456031	47	26	13	345.780
0.000000	0.914445	2.687814	46	184	21	345.764
-3.141593	2.115563	0.685730	1	6	160	345.714
-2.617994	1.214854	-1.966664	41	16	18	345.660
1.570796	0.203748	0.590255	45	17	18	345.522
-2.094395	1.732874	-0.951685	3	31	176	345.469
1.570796	2.664082	-1.071402	188	167	172	345.409
-1.570796	1.014500	0.906702	172	167	187	345.409
-0.261799	1.606104	-0.451151	15	164	159	345.376
-1.308997	2.704512	1.488683	160	176	165	345.339
0.261799	1.440580	2.260026	52	179	17	345.262
-2.879793	2.041297	-2.664597	33	37	5	345.261
-2.356194	1.448123	-2.163292	34	26	13	345.182
-3.141593	0.899350	-2.069907	49	3	23	344.986
-0.261799	1.301460	-0.509251	14	169	160	344.938
0.261799	2.588535	-2.976617	181	158	186	344.918
2.617994	1.504028	0.636812	5	37	175	344.852
-3.141593	1.574060	2.783565	14	26	40	344.610
-2.617994	2.379497	0.561089	15	181	150	344.502
-0.261799	0.290380	-0.796960	182	159	14	344.489
0.000000	1.128190	-2.288622	162	181	37	344.326
-3.141593	1.545873	-1.877082	43	22	15	344.075
1.570796	0.906588	1.252948	31	33	4	343.921
-1.832596	1.977582	0.969896	143	184	169	343.785
1.832596	1.998705	2.370472	48	16	12	343.553
2.617994	1.569311	-3.003978	14	23	42	343.504
1.047198	1.050534	3.042579	166	1	42	343.476
-1.570796	1.184361	0.625864	176	162	5	343.389
-1.570796	0.571433	-1.188419	158	38	24	343.088
0.523599	1.569311	-3.003978	170	176	36	342.984
-2.094395	2.343981	-1.040456	6	16	163	342.833
2.617994	1.417623	-0.202254	13	34	173	342.617
-1.832596	2.104282	-0.813972	191	15	164	342.506
0.523599	2.455966	-0.641220	154	189	161	342.329
0.000000	1.554776	0.100351	159	171	168	342.227
-1.832596	0.290380	-0.796960	162	40	23	342.180
-1.570796	1.433411	-1.035986	189	12	168	342.119
-0.785398	0.379747	-1.713059	159	33	29	342.011
1.047198	2.180315	-1.357379	181	160	0	341.965
2.617994	2.455966	-0.641220	187	8	157	341.946
-0.785398	2.247462	0.191623	156	185	163	341.829
-0.785398	1.875281	0.107086	184	184	163	341.796
-2.094395	1.741644	-2.695914	154	19	31	341.795
0.000000	2.343981	-1.040456	13	177	152	341.759
-1.308997	1.488617	1.159546	184	157	188	341.719
-0.785398	2.104282	-0.813972	3	182	158	341.714
2.094395	1.606104	-0.451151	8	14	163	341.635
2.094395	2.979456	-1.009304	175	178	162	341.588
-1.570796	2.180315	-1.357379	12	33	180	341.479
1.832596	1.218453	2.777284	166	13	38	341.456
-1.832596	1.256302	0.062705	181	191	167	341.334
1.832596	1.450119	-2.739050	54	190	16	341.266
1.570796	2.343981	-1.040456	175	174	165	341.213
1.570796	2.719179	-1.780644	186	164	178	341.177
-1.047198	0.906588	1.252948	185	155	10	341.010
-1.308997	1.683268	0.374177	11	174	156	340.722
-2.356194	0.685216	-1.712745	24	33	9	340.692
-1.047198	2.104282	-0.813972	6	24	173	340.558
2.617994	1.214854	-1.966664	57	3	13	340.452
2.617994	2.115563	0.685730	5	25	167	340.400
0.261799	1.721184	-0.153948	155	177	167	340.334
-2.617994	2.863997	0.549740	166	184	160	340.160
2.094395	2.033014	2.977192	45	21	11	340.025
-1.308997	0.864993	2.278281	168	179	38	340.004
-2.617994	1.977582	0.969896	3	175	161	340.003
-3.141593	2.881233	-2.582574	11	35	176	339.987
0.523599	2.299159	2.264663	53	187	8	339.813
-1.570796	1.683268	0.374177	9	180	155	339.778
-1.308997	1.569311	-3.003978	153	7	34	339.725
-1.047198	0.700570	1.559208	173	163	28	339.723
0.785398	1.569311	-3.003978	172	179	36	339.689
-0.785398	1.050534	3.042579	2	9	47	339.673
-1.832596	2.404280	-0.174044	165	18	157	339.592
1.832596	1.247695	1.809890	174	35	26	339.537
-1.047198	2.356369	3.005869	178	163	2	339.502
1.570796	2.984978	1.954446	9	28	170	339.497
-2.879793	1.050534	3.042579	161	12	39	339.477
-1.832596	2.343981	-1.040456	8	27	170	339.336
-1.047198	0.674054	1.013609	9	151	20	339.239
0.785398	0.864993	2.278281	55	190	18	339.182
-2.617994	1.756530	-2.105156	34	35	6	339.149
-0.261799	1.128190	-2.288622	159	184	36	339.137
2.356194	1.113094	-0.272241	18	38	186	339.062
0.000000	0.709924	0.218797	44	148	182	339.020
2.617994	2.724429	-0.348782	181	2	155	338.925
-1.308997	0.906588	1.252948	178	161	9	338.875
2.356194	2.592629	0.909713	5	23	169	338.861
1.832596	1.809167	1.213774	18	33	177	338.831
-3.141593	0.733948	3.021411	162	6	40	338.752
1.832596	2.295480	1.008277	16	29	173	338.599
1.832596	2.719179	-1.780644	185	161	180	338.545
2.617994	1.391910	3.030322	8	23	44	338.535
-2.094395	1.569311	-3.003978	153	10	36	338.482
2.356194	0.297065	2.160177	157	27	32	338.478
0.523599	0.733948	3.021411	162	190	45	338.396
-2.879793	2.115563	0.685730	16	181	153	338.305
-1.570796	2.863997	0.549740	180	167	178	338.296
-1.308997	0.458961	-0.107937	180	163	11	338.149
0.785398	2.979456	-1.009304	154	183	162	338.107
2.356194	1.875281	0.107086	191	32	168	338.073
-2.617994	1.135834	-1.431087	25	33	8	338.032
1.308997	2.343981	-1.040456	191	169	171	337.985
2.094395	1.824694	1.850876	36	30	6	337.819
2.356194	1.756530	-2.105156	52	5	14	337.676
0.785398	0.591903	2.010408	47	10	20	337.664
1.570796	1.413430	2.550734	20	190	46	337.546
1.047198	2.881233	-2.582574	183	160	185	337.539
0.000000	1.606104	-0.451151	16	164	160	337.514
-2.879793	1.113094	-0.272241	147	14	173	337.447
-0.261799	2.664082	-1.071402	5	17	164	337.412
-2.617994	2.881233	-2.582574	180	42	174	337.321
-0.523599	1.606104	-0.451151	1	160	165	337.268
0.000000	1.256302	0.062705	186	157	1	337.176
-1.047198	1.606104	-0.451151	10	189	153	337.055
-2.356194	1.256302	0.062705	8	188	161	337.008
-1.570796	1.413430	2.550734	156	187	37	336.906
-0.523599	1.488617	1.159546	183	160	2	336.859
-2.094395	0.615174	-0.666022	161	42	17	336.821
1.047198	1.440580	2.260026	57	3	15	336.742
1.832596	2.863997	0.549740	149	0	164	336.631
-1.308997	0.203748	0.590255	181	160	11	336.519
1.308997	1.736875	3.023612	59	183	14	336.455
1.047198	1.195355	1.200319	54	10	14	336.437
2.094395	1.450119	-2.739050	55	2	16	336.420
1.570796	0.910508	1.903534	34	29	13	336.373
2.879793	2.247462	0.191623	10	2	155	336.161
-2.356194	0.960688	-0.577532	168	47	15	336.137
1.308997	1.982574	-1.115518	1	182	165	336.102
0.261799	2.343981	-1.040456	155	188	161	336.089
-0.785398	0.618092	2.539118	21	185	49	336.072
-1.308997	2.187132	-0.479875	187	22	168	335.971
2.879793	1.325504	-1.671296	52	10	13	335.882
-1.832596	1.545873	-1.877082	159	40	18	335.855
-0.523599	1.836682	-0.676006	148	186	165	335.764
-2.094395	1.184361	0.625864	179	181	171	335.634
0.523599	2.251330	-2.330739	190	154	0	335.544
2.879793	1.506530	1.988858	176	42	30	335.536
-1.570796	1.736875	3.023612	155	2	35	335.463
1.047198	2.379497	0.561089	4	19	163	335.396
2.617994	1.875281	0.107086	188	34	167	335.354
-2.094395	1.869911	2.701025	161	14	36	335.306
2.356194	1.450119	-2.739050	27	8	46	335.285
-2.094395	2.637879	2.121598	178	166	184	335.260
-1.308997	1.413430	2.550734	158	184	36	335.192
-1.308997	2.073035	2.027405	186	154	187	335.150
2.879793	0.992645	-1.723759	55	4	15	335.126
-2.094395	1.510910	-0.740472	8	34	181	335.112
2.094395	1.836682	-0.676006	2	184	165	335.103
0.000000	2.033014	2.977192	177	156	6	335.096
-2.094395	1.736875	3.023612	151	24	31	334.960
-1.308997	1.658653	-2.409879	154	30	22	334.929
-3.141593	1.756530	-2.105156	42	23	13	334.875
0.261799	1.113094	-0.272241	178	163	177	334.841
1.832596	2.299159	2.264663	46	19	7	334.680
0.785398	2.664082	-1.071402	155	191	161	334.660
0.785398	1.599406	1.426070	57	189	13	334.540
1.308997	1.904882	-1.478089	187	162	190	334.479
1.308997	1.574060	2.783565	56	0	14	334.387
-0.261799	2.089241	-0.114193	189	16	165	334.192
2.879793	1.134796	2.434290	170	12	41	334.181
-1.570796	2.343981	-1.040456	7	30	174	334.143
-1.570796	0.733948	3.021411	2	26	44	334.128
2.356194	1.504028	0.636812	10	35	175	334.042
-0.523599	0.370812	-2.547742	166	35	30	333.880
-1.832596	1.846342	-1.796954	163	45	190	333.812
1.047198	1.134796	2.434290	53	5	16	333.652
1.308997	0.864993	2.278281	47	9	20	333.583
-2.879793	2.251330	-2.330739	30	35	8	333.343
0.785398	1.766067	2.153843	61	183	11	333.280
2.879793	1.909857	-0.381669	163	3	164	333.183
1.570796	2.407836	1.410646	7	28	171	333.071
-1.570796	1.335669	0.897240	176	168	187	333.047
1.570796	0.591903	2.010408	166	27	35	332.986
2.879793	1.440580	2.260026	168	19	37	332.932
1.832596	1.134796	2.434290	41	19	16	332.905
0.261799	0.914445	2.687814	183	14	46	332.747
-2.094395	1.128190	-2.288622	29	27	21	332.726
-0.261799	1.699788	2.452890	6	9	163	332.685
1.308997	2.984978	1.954446	9	25	170	332.520
-0.523599	2.356369	3.005869	176	158	4	332.447
-2.356194	1.599406	1.426070	181	184	168	332.389
-1.570796	2.104282	-0.813972	1	23	170	332.375
2.356194	1.128190	-2.288622	57	1	20	332.283
-2.879793	1.135834	-1.431087	20	39	1	332.080
-1.570796	1.662363	0.915448	177	169	181	332.055
1.047198	2.001437	0.381215	37	173	151	332.011
-2.617994	1.128190	-2.288622	41	22	19	331.983
0.785398	2.719179	-1.780644	187	161	185	331.956
-3.141593	1.050534	3.042579	0	14	48	331.924
-1.308997	2.984978	1.954446	16	156	159	331.820
0.000000	1.982574	-1.115518	179	167	185	331.760
-2.879793	0.899350	-2.069907	46	8	22	331.681
-1.047198	1.977582	0.969896	178	164	191	331.637
2.617994	0.914445	2.687814	5	17	49	331.485
-1.832596	0.419640	2.974122	43	178	25	331.465
2.617994	1.413430	2.550734	171	44	26	331.448
2.879793	1.658653	-2.409879	53	18	11	331.229
0.785398	0.700570	1.559208	38	24	22	331.178
-1.308997	0.914445	2.687814	168	181	40	331.170
2.356194	2.979456	-1.009304	182	165	177	331.124
0.000000	1.909857	-0.381669	149	179	167	331.119
1.308997	1.247695	1.809890	64	20	2	331.104
-1.570796	1.450119	-2.739050	154	19	34	330.912
-1.570796	2.984978	1.954446	175	164	184	330.907
-2.094395	0.458961	-0.107937	153	32	25	330.846
2.879793	1.417623	-0.202254	160	14	169	330.722
2.094395	1.756530	-2.105156	54	191	14	330.664
1.832596	1.869911	2.701025	49	16	13	330.562
-1.570796	1.256302	0.062705	185	180	167	330.464
-0.261799	0.419640	2.974122	47	188	23	330.422
2.879793	2.180315	-1.357379	189	181	171	330.422
-0.785398	2.343981	-1.040456	13	4	151	330.320
-1.047198	2.180315	-1.357379	190	22	165	330.264
-1.047198	1.510910	-0.740472	189	21	175	330.233
1.832596	2.033014	2.977192	49	16	11	330.050
0.785398	1.574060	2.783565	53	190	16	330.019
0.000000	2.455966	-0.641220	9	174	155	329.964
2.879793	2.404280	-0.174044	24	174	152	329.937
2.617994	0.864993	2.278281	163	36	28	329.923
-2.879793	1.218453	2.777284	181	24	45	329.766
1.832596	2.138223	1.678323	29	35	189	329.708
2.094395	1.809167	1.213774	176	47	11	329.696
2.356194	2.455966	-0.641220	32	167	153	329.668
-2.617994	0.618092	2.539118	161	4	42	329.624
1.047198	0.864993	2.278281	23	18	43	329.607
-1.047198	2.089241	-0.114193	14	184	152	329.345
-1.570796	2.592629	0.909713	187	179	165	329.268
0.785398	1.741644	-2.695914	177	155	14	329.205
-1.047198	1.301460	-0.509251	183	169	171	328.893
0.785398	1.736875	3.023612	54	179	14	328.841
-0.261799	1.982574	-1.115518	187	179	163	328.794
-2.879793	1.214854	-1.966664	46	15	16	328.784
2.094395	1.875281	0.107086	11	19	164	328.753
-3.141593	2.587733	0.232235	21	177	150	328.625
2.356194	0.992645	-1.723759	177	182	37	328.621
2.356194	2.063651	-2.044600	53	9	10	328.389
-1.570796	1.982574	-1.115518	189	14	163	328.347
1.570796	1.998705	2.370472	53	15	9	328.323
-0.523599	1.417623	-0.202254	15	160	160	328.288
1.570796	1.555207	1.708892	37	30	9	328.276
-0.261799	1.721184	-0.153948	152	175	166	328.223
0.523599	0.910508	1.903534	50	6	19	328.148
1.570796	2.073035	2.027405	50	16	10	328.126
-1.308997	1.504028	0.636812	175	168	181	328.112
1.570796	0.914445	2.687814	162	11	40	328.076
0.523599	0.914445	2.687814	20	8	47	327.946
-2.094395	1.214854	-1.966664	19	36	6	327.807
-1.308997	1.184361	0.625864	174	168	182	327.766
1.308997	0.418037	1.360082	47	15	18	327.639
0.785398	0.733948	3.021411	160	191	45	327.610
2.094395	1.247695	1.809890	35	32	9	327.449
0.000000	1.766067	2.153843	190	8	40	327.385
-1.047198	0.419640	2.974122	44	11	21	327.382
-1.308997	1.977582	0.969896	146	175	169	327.294
-1.570796	1.569311	-3.003978	152	16	32	327.228
-1.047198	1.014500	0.906702	177	160	5	327.118
1.308997	1.977582	0.969896	31	32	189	327.057
-2.356194	1.545873	-1.877082	30	32	11	326.881
-0.523599	1.617114	-1.572037	177	177	175	326.836
0.000000	2.664082	-1.071402	7	172	157	326.830
-1.047198	1.812176	0.656819	19	167	156	326.816
-2.879793	0.914445	2.687814	164	10	43	326.804
1.570796	2.180315	-1.357379	188	176	166	326.775
0.000000	0.618092	2.539118	49	187	21	326.765
1.570796	1.218453	2.777284	15	19	44	326.725
-0.523599	1.872854	1.543456	183	162	4	326.594
-3.141593	0.929350	-2.910676	50	3	21	326.551
-1.047198	1.335669	0.897240	19	166	159	326.539
-1.047198	0.203748	0.590255	182	160	17	326.460
0.000000	2.104282	-0.813972	10	172	156	326.393
-2.879793	2.587733	0.232235	18	171	152	326.374
-3.141593	1.450119	-2.739050	8	22	45	326.358
-1.570796	2.299159	2.264663	181	160	2	326.352
1.570796	1.256302	0.062705	17	33	183	326.289
-1.308997	2.664082	-1.071402	1	27	166	326.087
0.523599	2.664082	-1.071402	142	173	169	326.057
-1.832596	1.391910	3.030322	155	15	36	325.933
-2.356194	2.108018	1.311430	191	167	164	325.877
2.094395	2.456751	-1.503343	185	167	172	325.825
-0.261799	0.929350	-2.910676	4	12	47	325.817
2.617994	0.418037	1.360082	182	38	38	325.762
1.308997	1.413430	2.550734	55	6	13	325.740
-1.047198	1.683268	0.374177	188	158	173	325.711
-1.308997	2.404280	-0.174044	2	6	160	325.671
2.879793	1.050534	3.042579	7	18	48	325.628
2.879793	2.041297	-2.664597	43	20	19	325.602
2.617994	2.247462	0.191623	0	191	162	325.600
2.617994	0.379747	-1.713059	51	0	20	325.467
-1.047198	2.187132	-0.479875	1	20	169	325.401
-2.094395	1.756530	-2.105156	25	31	9	325.388
1.570796	1.574060	2.783565	56	4	14	325.373
0.261799	2.073035	2.027405	50	190	9	325.344
1.047198	1.218453	2.777284	49	0	20	325.125
2.356194	2.404280	-0.174044	166	6	157	325.085
1.047198	1.904882	-1.478089	183	160	9	325.054
-1.570796	1.756530	-2.105156	157	41	5	325.038
-0.523599	1.721184	-0.153948	151	175	166	325.030
0.523599	1.168678	2.108595	51	191	18	324.992
-2.879793	2.592629	0.909713	182	168	184	324.914
2.094395	0.864993	2.278281	3	34	41	324.835
0.261799	0.618092	2.539118	15	14	46	324.814
-1.308997	1.256302	0.062705	183	0	168	324.775
0.000000	1.433411	-1.035986	181	160	2	324.717
-3.141593	2.001437	0.381215	191	25	166	324.640
-2.879793	1.391910	3.030322	191	25	44	324.631
-2.356194	0.709924	0.218797	156	40	16	324.593
2.094395	2.760637	2.781135	19	32	177	324.504
2.356194	1.977582	0.969896	21	38	180	324.491
1.570796	0.674054	1.013609	63	21	3	324.436
1.832596	1.488617	1.159546	26	36	181	324.412
-1.308997	1.113094	-0.272241	181	170	174	324.395
-0.261799	1.218453	2.777284	5	2	47	324.373
-2.356194	1.391910	3.030322	44	19	12	324.224
1.047198	1.599406	1.426070	56	3	13	324.151
1.047198	2.033014	2.977192	58	184	10	324.005
-3.141593	1.135813	-2.658866	52	13	17	323.991
1.570796	1.184361	0.625864	6	36	185	323.959
0.523599	1.869911	2.701025	170	179	34	323.850
1.047198	1.766067	2.153843	56	7	9	323.774
2.356194	2.393226	1.857173	170	44	8	323.650
-1.308997	2.478122	2.609777	180	159	186	323.647
0.000000	2.881233	-2.582574	181	163	185	323.645
0.785398	1.242974	-2.977882	172	187	39	323.574
-0.785398	1.554776	0.100351	10	166	158	323.488
-0.785398	0.866395	-2.492918	157	2	40	323.475
-2.879793	1.658653	-2.409879	47	21	10	323.445
-1.570796	1.242974	-2.977882	158	10	39	323.377
-2.356194	2.115563	0.685730	14	179	153	323.372
-1.570796	1.696674	-1.253233	1	31	178	323.275
-1.570796	2.979456	-1.009304	18	32	177	323.216
2.356194	2.356369	3.005869	38	31	5	323.209
2.879793	1.391910	3.030322	3	24	44	323.197
-2.879793	2.379497	0.561089	16	181	150	323.139
-0.785398	1.732874	-0.951685	3	3	158	323.130
-2.094395	1.391910	3.030322	174	27	43	322.919
-0.261799	2.247462	0.191623	4	7	163	322.857
-1.832596	1.741644	-2.695914	152	29	27	322.855
2.094395	2.104282	-0.813972	3	6	161	322.840
1.047198	1.699788	2.452890	56	1	13	322.694
-1.832596	0.866395	-2.492918	29	28	12	322.668
2.879793	2.138223	1.678323	7	27	171	322.644
2.879793	2.863997	0.549740	191	181	160	322.643
2.094395	0.960688	-0.577532	15	29	181	322.639
-1.047198	1.982574	-1.115518	187	16	163	322.498
-0.523599	0.866395	-2.492918	160	190	40	322.258
-1.308997	0.591903	2.010408	169	168	33	322.254
1.047198	1.982574	-1.115518	10	161	165	322.242
1.832596	2.407836	1.410646	21	35	183	322.226
1.047198	0.700570	1.559208	50	15	18	322.226
-1.308997	1.574060	2.783565	156	188	35	322.122
-0.785398	2.108018	1.311430	179	163	187	322.068
2.617994	2.001437	0.381215	7	16	163	322.052
1.308997	1.014500	0.906702	42	22	20	322.049
-1.832596	1.569311	-3.003978	154	22	32	322.016
2.094395	1.256302	0.062705	23	37	185	321.923
-0.785398	2.455966	-0.641220	188	26	168	321.879
1.047198	1.574060	2.783565	56	186	13	321.873
2.617994	2.664082	-1.071402	182	165	182	321.837
-0.523599	2.719179	-1.780644	128	185	173	321.824
-2.094395	1.135834	-1.431087	14	35	188	321.583
-1.308997	1.875281	0.107086	181	178	166	321.551
-2.879793	1.325504	-1.671296	30	36	9	321.375
1.308997	1.606104	-0.451151	174	178	168	321.373
0.261799	0.571433	-1.188419	183	158	5	321.329
-2.356194	0.929350	-2.910676	167	191	41	321.287
-0.785398	1.014500	0.906702	184	158	3	321.252
1.832596	2.455966	-0.641220	189	177	162	321.156
1.570796	0.618092	2.539118	156	12	41	321.111
2.617994	1.756530	-2.105156	52	191	16	321.103
-1.570796	1.218453	2.777284	38	185	23	321.079
-1.570796	1.599406	1.426070	11	150	10	321.046
-0.261799	1.448123	-2.163292	161	186	35	321.043
-2.879793	2.164094	-2.991358	159	48	7	320.976
1.570796	2.089241	-0.114193	8	9	163	320.948
1.308997	1.998705	2.370472	60	4	7	320.835
-1.308997	1.869911	2.701025	160	179	32	320.825
0.523599	1.812176	0.656819	186	7	159	320.747
1.570796	0.297065	2.160177	156	17	40	320.682
1.308997	1.869911	2.701025	35	3	37	320.658
1.047198	2.349581	-2.702517	29	154	13	320.576
0.785398	2.063651	-2.044600	187	164	181	320.559
1.047198	1.413430	2.550734	53	8	16	320.523
-1.047198	1.836682	-0.676006	189	185	160	320.522
-1.047198	2.724429	-0.348782	37	5	24	320.488
2.094395	0.709924	0.218797	15	32	184	320.479
-2.617994	1.391910	3.030322	46	19	11	320.435
-0.785398	1.488617	1.159546	176	160	2	320.410
-3.141593	1.977582	0.969896	150	20	163	320.395
2.094395	2.164094	-2.991358	55	2	11	320.386
-0.785398	0.615174	-0.666022	22	171	164	320.359
2.617994	2.073035	2.027405	29	38	185	320.347
0.261799	1.310100	1.488307	51	189	17	320.260
-1.570796	0.899350	-2.069907	16	32	4	320.148
-2.617994	2.587733	0.232235	151	178	163	320.082
-0.785398	1.909857	-0.381669	9	174	155	320.082
1.570796	2.153910	-1.714959	188	166	178	319.990
0.785398	1.194549	-0.801900	184	158	2	319.976
-2.617994	1.554776	0.100351	145	6	169	319.962
0.261799	1.948085	-2.363031	185	155	5	319.941
1.047198	0.733948	3.021411	169	7	44	319.923
-2.356194	2.153910	-1.714959	22	38	186	319.879
1.047198	2.579248	-2.364801	187	160	184	319.788
-1.570796	1.909857	-0.381669	3	21	167	319.646
-2.617994	1.256302	0.062705	144	10	173	319.603
2.617994	2.153910	-1.714959	181	173	173	319.496
-1.570796	0.866395	-2.492918	23	29	9	319.439
0.523599	0.297065	2.160177	51	2	20	319.338
-3.141593	0.866395	-2.492918	55	5	18	319.209
0.261799	2.180315	-1.357379	42	15	23	319.198
-0.523599	1.184361	0.625864	174	158	186	319.163
-2.094395	0.370812	-2.547742	52	191	21	319.130
-0.785398	2.001437	0.381215	153	181	165	319.123
2.094395	1.870545	-2.976234	47	18	16	319.057
2.617994	2.295480	1.008277	7	30	173	319.039
-2.617994	0.992645	-1.723759	29	32	18	319.023
-2.879793	0.866395	-2.492918	53	7	19	319.012
-0.261799	0.618092	2.539118	0	16	47	318.995
-1.308997	2.979456	-1.009304	16	34	178	318.988
1.047198	2.719179	-1.780644	188	162	185	318.960
1.308997	1.135813	-2.658866	17	2	48	318.826
2.094395	1.812176	0.656819	8	29	170	318.705
-2.094395	0.619654	-2.216909	31	28	16	318.684
-2.617994	0.914445	2.687814	159	6	44	318.600
0.261799	1.574060	2.783565	32	156	27	318.465
-3.141593	1.413430	2.550734	177	37	38	318.457
2.356194	1.135813	-2.658866	166	3	41	318.447
-1.832596	1.812176	0.656819	8	178	156	318.410
-0.523599	1.812176	0.656819	185	165	177	318.375
1.570796	1.809167	1.213774	11	32	174	318.360
-2.617994	1.696674	-1.253233	24	36	188	318.339
2.094395	0.203748	0.590255	52	11	15	318.312
-1.047198	2.295480	1.008277	180	164	188	318.241
0.261799	1.510910	-0.740472	147	179	172	318.178
0.523599	0.850607	-1.335383	176	160	7	318.152
2.356194	0.914445	2.687814	43	20	16	318.083
-0.261799	2.187132	-0.479875	150	185	163	318.078
-2.356194	2.863997	0.549740	31	165	152	318.013
2.879793	1.569311	-3.003978	11	27	41	317.987
2.094395	0.733948	3.021411	46	12	18	317.939
-3.141593	1.374601	-2.456031	50	2	19	317.813
1.308997	0.914445	2.687814	167	11	41	317.796
0.785398	1.135834	-1.431087	21	148	21	317.774
0.523599	0.591903	2.010408	48	8	21	317.770
1.832596	2.108018	1.311430	26	34	184	317.758
0.785398	1.050534	3.042579	165	189	42	317.729
-2.879793	2.063651	-2.044600	32	35	3	317.719
1.570796	1.168678	2.108595	35	29	15	317.573
0.785398	0.910508	1.903534	38	22	24	317.562
-1.570796	1.732874	-0.951685	1	26	174	317.532
0.000000	2.724429	-0.348782	167	18	156	317.525
1.832596	0.290380	-0.796960	51	190	20	317.443
0.785398	1.554776	0.100351	35	166	156	317.424
-2.094395	1.545873	-1.877082	160	46	11	317.375
1.047198	1.025536	1.576859	66	15	2	317.329
1.047198	1.448123	-2.163292	179	158	17	317.306
-2.356194	1.756530	-2.105156	32	28	12	317.297
2.356194	1.014500	0.906702	20	41	191	317.160
-2.094395	1.045978	0.343692	185	167	178	317.159
2.356194	1.812176	0.656819	6	28	169	317.144
-0.785398	1.812176	0.656819	22	164	156	317.128
-0.261799	2.041297	-2.664597	189	152	9	317.065
-2.879793	0.685216	-1.712745	40	24	17	317.049
-3.141593	1.736875	3.023612	5	23	41	316.988
-1.832596	1.736875	3.023612	154	8	35	316.984
-2.617994	1.374601	-2.456031	187	35	43	316.980
2.356194	2.664082	-1.071402	183	165	177	316.938
-1.570796	1.606104	-0.451151	2	24	170	316.912
1.047198	2.724429	-0.348782	20	175	152	316.895
0.261799	1.413347	-1.339188	187	172	177	316.884
2.879793	1.756530	-2.105156	46	20	14	316.874
2.879793	0.762244	-0.273349	44	20	11	316.841
-1.308997	1.050534	3.042579	183	26	43	316.781
2.356194	1.870545	-2.976234	49	20	11	316.737
0.261799	1.413430	2.550734	169	177	36	316.686
-2.094395	0.866395	-2.492918	32	28	12	316.658
-3.141593	0.914445	2.687814	172	2	45	316.567
0.785398	2.456751	-1.503343	188	171	167	316.486
0.523599	2.579248	-2.364801	9	148	177	316.434
2.356194	1.741644	-2.695914	52	14	13	316.390
1.047198	1.391910	3.030322	175	185	39	316.318
-1.308997	0.700570	1.559208	0	154	20	316.305
-2.356194	1.325504	-1.671296	17	36	190	316.289
-1.047198	2.719179	-1.780644	1	17	166	316.289
1.308997	0.297065	2.160177	43	17	18	316.281
-0.261799	2.456751	-1.503343	179	168	186	316.276
-1.047198	1.662363	0.915448	24	169	153	316.219
0.000000	1.301460	-0.509251	151	172	173	316.215
-3.141593	1.554776	0.100351	11	18	159	316.182
-1.570796	1.836682	-0.676006	4	25	168	316.128
-2.617994	1.836682	-0.676006	1	35	172	316.120
2.879793	0.899350	-2.069907	50	0	24	316.057
-2.094395	2.719179	-1.780644	9	40	181	316.053
1.570796	2.108018	1.311430	15	33	175	315.980
-1.570796	1.875281	0.107086	180	180	167	315.967
-2.094395	1.574060	2.783565	152	5	37	315.889
0.000000	2.089241	-0.114193	14	164	155	315.836
1.832596	1.812176	0.656819	11	20	168	315.743
2.617994	1.662363	0.915448	10	28	172	315.710
-0.785398	1.809167	1.213774	177	162	0	315.709
-1.047198	1.128190	-2.288622	163	36	20	315.699
-2.879793	1.417623	-0.202254	153	5	170	315.681
-2.094395	0.419640	2.974122	17	187	50	315.651
-1.570796	0.080730	-2.622036	165	11	37	315.590
0.785398	2.343981	-1.040456	29	180	146	315.582
1.047198	2.115563	0.685730	168	189	162	315.535
-2.617994	1.846342	-1.796954	27	36	5	315.494
-2.356194	1.977582	0.969896	151	1	163	315.490
1.308997	0.700570	1.559208	48	17	22	315.471
0.523599	1.433411	-1.035986	13	165	164	315.464
1.047198	1.836682	-0.676006	33	164	155	315.349
-1.308997	1.766067	2.153843	184	155	4	315.284
-2.094395	0.992645	-1.723759	17	35	190	315.272
-2.879793	1.998705	2.370472	171	45	21	315.227
-1.308997	0.419640	2.974122	44	185	25	315.222
0.261799	1.168678	2.108595	40	172	38	315.122
-2.094395	2.247462	0.191623	12	170	155	315.087
-1.308997	1.721184	-0.153948	13	183	152	315.011
-0.261799	1.683268	0.374177	176	163	176	314.988
-0.261799	1.488617	1.159546	181	159	191	314.880
-1.570796	1.741644	-2.695914	165	24	38	314.853
1.047198	0.591903	2.010408	25	23	40	314.841
-2.617994	2.033014	2.977192	154	28	27	314.791
0.000000	2.041297	-2.664597	169	166	27	314.785
-0.523599	1.662363	0.915448	182	162	185	314.781
-2.356194	0.914445	2.687814	13	183	49	314.751
-2.356194	2.089241	-0.114193	162	12	158	314.749
-3.141593	1.014500	0.906702	163	45	11	314.748
1.570796	1.875281	0.107086	176	7	158	314.665
-1.570796	1.367556	0.358405	187	162	172	314.621
-0.785398	2.760637	2.781135	175	162	187	314.579
-0.523599	0.419640	2.974122	16	16	46	314.577
1.832596	2.164094	-2.991358	58	1	9	314.522
2.879793	2.587733	0.232235	188	183	161	314.438
-0.261799	1.836682	-0.676006	7	174	157	314.401
0.261799	1.766067	2.153843	52	178	14	314.369
-0.261799	2.881233	-2.582574	3	161	163	314.347
1.308997	1.168678	2.108595	40	24	16	314.334
-0.261799	1.242974	-2.977882	162	180	40	314.295
1.832596	1.875281	0.107086	11	28	171	314.274
1.308997	0.591903	2.010408	171	32	32	314.249
-0.785398	1.504028	0.636812	181	165	179	314.232
-2.356194	1.732874	-0.951685	5	29	175	314.231
2.617994	1.721184	-0.153948	26	2	153	314.221
0.261799	1.367556	0.358405	23	159	163	314.187
0.261799	1.836682	-0.676006	156	176	165	314.173
-1.832596	1.488617	1.159546	137	184	174	314.163
2.094395	0.674054	1.013609	25	38	7	314.083
0.523599	1.554776	0.100351	187	165	177	314.072
-1.832596	1.413347	-1.339188	3	27	177	314.069
1.047198	1.846342	-1.796954	185	163	17	314.051
-2.879793	1.128190	-2.288622	13	24	43	314.037
0.523599	2.719179	-1.780644	181	163	179	313.982
-2.356194	1.450119	-2.739050	46	11	13	313.972
2.617994	1.606104	-0.451151	20	1	157	313.944
-1.832596	1.721184	-0.153948	150	4	164	313.941
2.094395	2.379497	0.561089	159	1	161	313.868
0.261799	2.299159	2.264663	62	159	175	313.822
1.047198	2.979456	-1.009304	16	166	154	313.788
-0.261799	1.569311	-3.003978	148	178	37	313.779
2.356194	2.041297	-2.664597	51	11	12	313.770
2.094395	2.455966	-0.641220	188	172	169	313.767
2.617994	1.574060	2.783565	11	23	43	313.712
-1.832596	1.367556	0.358405	8	178	161	313.698
1.570796	2.187132	-0.479875	172	184	160	313.680
-2.356194	1.617114	-1.572037	17	36	187	313.672
-1.832596	1.450119	-2.739050	156	23	35	313.612
-0.523599	1.909857	-0.381669	5	165	159	313.606
-1.832596	1.909857	-0.381669	188	15	166	313.562
-1.308997	2.456751	-1.503343	3	6	158	313.545
-2.356194	2.404280	-0.174044	167	20	157	313.524
-0.261799	0.866955	-0.931351	139	171	181	313.521
2.879793	0.290380	-0.796960	31	30	17	313.487
-1.308997	1.374601	-2.456031	159	31	28	313.447
-0.523599	2.881233	-2.582574	181	163	183	313.419
-0.261799	2.455966	-0.641220	168	8	156	313.387
-1.570796	2.478122	2.609777	175	164	185	313.381
-2.094395	2.456751	-1.503343	25	33	191	313.255
0.523599	1.256302	0.062705	28	161	163	313.220
-0.785398	1.982574	-1.115518	4	7	157	313.192
-3.141593	1.948085	-2.363031	42	23	15	313.092
-0.785398	1.113094	-0.272241	175	159	184	313.072
2.356194	1.554776	0.100351	12	19	164	313.068
-2.356194	2.104282	-0.813972	9	23	168	313.048
2.356194	1.510910	-0.740472	186	15	162	313.040
0.000000	1.417623	-0.202254	21	160	160	313.004
0.523599	1.699788	2.452890	43	160	21	313.000
-1.308997	0.831641	0.616218	177	159	11	312.994
1.047198	1.545873	-1.877082	184	164	23	312.982
1.047198	1.488617	1.159546	35	30	191	312.979
1.047198	1.168678	2.108595	51	8	25	312.971
0.785398	2.724429	-0.348782	146	183	164	312.945
2.617994	1.699788	2.452890	188	37	37	312.932
-2.094395	1.488617	1.159546	144	6	170	312.893
-0.785398	1.433411	-1.035986	0	188	163	312.891
-1.832596	1.574060	2.783565	155	4	36	312.860
2.617994	1.554776	0.100351	0	40	174	312.807
2.356194	1.836682	-0.676006	2	182	166	312.796
1.308997	1.909857	-0.381669	166	182	166	312.779
-2.617994	1.812176	0.656819	137	188	169	312.764
2.879793	0.370812	-2.547742	45	175	30	312.750
1.047198	1.569311	-3.003978	49	183	20	312.587
2.094395	0.866395	-2.492918	17	164	33	312.557
1.570796	0.418037	1.360082	32	19	39	312.521
-0.261799	0.914445	2.687814	185	7	49	312.510
2.094395	0.914445	2.687814	11	14	49	312.463
2.356194	2.164094	-2.991358	43	26	11	312.437
0.261799	2.456751	-1.503343	8	158	164	312.388
-1.308997	1.450119	-2.739050	181	17	43	312.375
2.356194	1.242974	-2.977882	21	8	49	312.367
1.832596	0.203748	0.590255	42	22	18	312.283
-1.832596	1.699788	2.452890	162	3	38	312.256
1.047198	1.417623	-0.202254	187	164	184	312.252
1.308997	1.488617	1.159546	42	24	14	312.247
-2.617994	0.615174	-0.666022	157	43	16	312.156
2.879793	1.504028	0.636812	8	37	177	312.145
-2.617994	0.379747	-1.713059	30	29	17	312.121
-2.356194	2.664082	-1.071402	9	26	170	312.084
-0.523599	0.709924	0.218797	179	163	188	312.075
1.570796	1.872854	1.543456	21	36	182	312.053
1.308997	2.063651	-2.044600	185	164	182	312.003
-3.141593	0.379747	-1.713059	47	13	19	311.999
0.785398	0.618092	2.539118	15	22	45	311.961
-1.308997	1.325504	-1.671296	7	33	186	311.944
-0.785398	0.591903	2.010408	177	168	33	311.929
-1.570796	1.045978	0.343692	182	174	171	311.920
-2.356194	1.242974	-2.977882	170	35	37	311.887
2.617994	2.089241	-0.114193	190	185	164	311.849
-0.785398	2.984978	1.954446	179	161	186	311.814
-0.785398	1.977582	0.969896	153	181	167	311.802
2.879793	0.619654	-2.216909	51	186	23	311.785
0.261799	2.881233	-2.582574	180	161	188	311.740
0.785398	2.153910	-1.714959	179	159	7	311.687
1.308997	0.910508	1.903534	40	26	13	311.620
-1.832596	1.045978	0.343692	179	184	171	311.581
2.617994	1.195355	1.200319	173	48	12	311.579
1.832596	1.982574	-1.115518	1	181	164	311.483
-2.617994	1.050534	3.042579	3	4	51	311.447
-1.570796	2.063651	-2.044600	4	31	175	311.415
-2.879793	1.242974	-2.977882	191	26	46	311.324
1.308997	2.115563	0.685730	166	190	163	311.322
-3.141593	2.089241	-0.114193	167	11	157	311.277
0.261799	2.664082	-1.071402	146	190	163	311.270
0.523599	1.506530	1.988858	55	187	16	311.207
2.094395	1.413430	2.550734	48	19	14	311.188
-2.879793	2.396274	-1.959260	30	34	3	311.180
-2.094395	0.866955	-0.931351	162	43	16	311.113
-1.832596	2.041297	-2.664597	149	28	23	311.081
-1.832596	0.929350	-2.910676	41	5	21	311.072
0.785398	0.297065	2.160177	51	6	18	311.045
-2.356194	1.574060	2.783565	152	17	37	310.997
-2.094395	2.664082	-1.071402	8	29	169	310.876
-1.570796	2.153910	-1.714959	189	27	168	310.840
-2.094395	2.379497	0.561089	16	168	153	310.827
-0.523599	2.138223	1.678323	183	163	2	310.812
1.308997	2.299159	2.264663	52	15	5	310.799
-2.094395	2.153910	-1.714959	18	38	185	310.788
-2.094395	2.407836	1.410646	183	163	190	310.788
-1.832596	0.685216	-1.712745	3	27	43	310.786
0.000000	1.699788	2.452890	13	186	41	310.775
-1.570796	1.869911	2.701025	144	9	31	310.771
1.832596	0.864993	2.278281	158	35	24	310.769
0.523599	1.574060	2.783565	169	181	38	310.743
0.261799	2.704512	1.488683	5	25	167	310.721
2.617994	1.218453	2.777284	1	23	45	310.696
-1.832596	1.836682	-0.676006	185	23	169	310.651
2.356194	1.391910	3.030322	48	10	18	310.629
1.308997	1.617114	-1.572037	190	160	4	310.565
-2.356194	0.640596	-2.797608	44	186	23	310.553
1.832596	0.419640	2.974122	162	1	40	310.497
0.000000	0.591903	2.010408	47	4	22	310.428
0.000000	1.836682	-0.676006	151	178	165	310.358
0.785398	0.640596	-2.797608	164	22	36	310.329
-2.879793	2.984978	1.954446	11	182	156	310.308
1.570796	2.104282	-0.813972	44	170	150	310.288
1.832596	1.824694	1.850876	41	29	6	310.270
2.356194	2.187132	-0.479875	8	19	163	310.257
-0.523599	1.128190	-2.288622	155	15	33	310.201
1.047198	2.247462	0.191623	30	174	150	310.185
2.094395	0.618092	2.539118	164	7	40	310.182
-2.617994	2.247462	0.191623	15	180	151	310.181
2.356194	2.343981	-1.040456	186	167	178	310.152
0.261799	1.875281	0.107086	168	186	158	310.118
0.785398	2.396274	-1.959260	190	157	187	310.105
-1.308997	2.592629	0.909713	44	156	168	310.051
0.000000	1.736875	3.023612	46	150	3	310.011
-2.356194	0.080730	-2.622036	52	177	20	310.006
0.785398	2.104282	-0.813972	15	166	157	310.003
-2.879793	2.247462	0.191623	158	187	161	309.982
0.523599	1.391910	3.030322	50	183	18	309.960
1.308997	2.719179	-1.780644	189	162	185	309.934
-1.047198	2.164094	-2.991358	175	163	7	309.908
-1.832596	1.869911	2.701025	161	9	36	309.777
1.832596	2.664082	-1.071402	35	165	152	309.769
2.617994	1.050534	3.042579	7	18	48	309.733
-1.047198	0.899350	-2.069907	157	24	34	309.728
-2.094395	0.709924	0.218797	9	33	180	309.684
-2.879793	1.574060	2.783565	185	28	42	309.682
-0.261799	0.961715	0.014085	183	170	176	309.679
-2.356194	1.214854	-1.966664	27	32	19	309.626
-0.261799	1.554776	0.100351	19	167	156	309.622
-1.308997	2.089241	-0.114193	186	14	165	309.599
0.261799	2.104282	-0.813972	155	177	163	309.588
-2.094395	2.164094	-2.991358	157	37	21	309.557
-1.308997	0.992645	-1.723759	154	30	28	309.538
-0.261799	2.404280	-0.174044	1	20	164	309.483
-1.047198	0.418037	1.360082	18	153	27	309.445
2.356194	0.290380	-0.796960	51	8	16	309.375
-1.570796	0.929350	-2.910676	184	33	40	309.357
1.570796	1.014500	0.906702	37	27	21	309.306
-0.785398	1.310100	1.488307	179	158	10	309.278
2.094395	1.050534	3.042579	170	184	39	309.260
2.879793	1.242974	-2.977882	9	19	47	309.252
2.356194	0.496451	0.593859	43	19	14	309.250
1.308997	0.419640	2.974122	20	14	45	309.243
-0.261799	1.413430	2.550734	10	2	43	309.219
-0.785398	2.089241	-0.114193	190	10	167	309.217
-2.617994	1.574060	2.783565	154	23	37	309.164
0.523599	2.089241	-0.114193	162	190	159	309.158
-1.308997	1.554776	0.100351	181	168	175	309.086
-1.570796	0.591903	2.010408	170	167	33	309.082
2.879793	2.478122	2.609777	165	46	5	309.037
2.094395	1.335669	0.897240	11	35	177	308.986
2.617994	0.906588	1.252948	168	44	18	308.974
1.047198	2.187132	-0.479875	172	8	157	308.914
-2.879793	0.619654	-2.216909	47	11	22	308.875
-2.094395	1.846342	-1.796954	17	38	1	308.871
-2.094395	1.875281	0.107086	13	188	152	308.825
-1.570796	1.025536	1.576859	183	158	14	308.775
0.523599	2.187132	-0.479875	172	11	157	308.739
1.832596	0.674054	1.013609	48	18	16	308.737
1.047198	2.138223	1.678323	54	191	12	308.702
-0.785398	0.685216	-1.712745	157	31	27	308.682
-2.094395	1.909857	-0.381669	163	21	159	308.665
1.047198	2.174483	2.653697	53	5	9	308.626
-2.094395	1.413347	-1.339188	162	44	16	308.591
-2.879793	1.736875	3.023612	3	25	40	308.588
-3.141593	2.664082	-1.071402	186	178	168	308.581
1.047198	1.736875	3.023612	54	185	14	308.549
-0.261799	1.662363	0.915448	179	160	183	308.524
1.832596	1.025536	1.576859	171	37	25	308.504
-2.094395	0.080730	-2.622036	45	14	19	308.482
-1.308997	1.736875	3.023612	162	1	40	308.476
1.832596	0.910508	1.903534	175	27	42	308.466
2.094395	0.370812	-2.547742	20	172	47	308.458
-0.785398	1.721184	-0.153948	164	176	165	308.358
0.523599	1.242974	-2.977882	170	186	39	308.301
1.832596	0.297065	2.160177	160	21	37	308.239
-2.617994	1.569311	-3.003978	158	11	35	308.186
2.094395	1.909857	-0.381669	17	0	156	308.185
-1.570796	2.455966	-0.641220	6	26	169	308.167
-2.356194	2.247462	0.191623	149	6	162	308.162
-0.523599	1.301460	-0.509251	12	172	160	308.162
2.617994	1.545873	-1.877082	60	12	8	308.159
-1.047198	1.256302	0.062705	177	160	187	308.135
-0.523599	0.618092	2.539118	54	191	18	308.110
2.356194	1.413430	2.550734	18	14	44	308.108
-2.617994	0.762244	-0.273349	160	40	21	308.095
-0.785398	1.194549	-0.801900	187	175	167	308.090
1.832596	1.574060	2.783565	170	12	36	308.066
1.570796	1.658653	-2.409879	55	172	19	308.037
-3.141593	1.870545	-2.976234	166	46	16	307.975
1.832596	1.014500	0.906702	31	40	8	307.899
-3.141593	1.242974	-2.977882	10	21	46	307.891
-1.308997	1.014500	0.906702	175	161	4	307.849
-2.094395	1.904882	-1.478089	11	36	180	307.814
0.785398	0.379747	-1.713059	186	160	13	307.802
-0.785398	2.187132	-0.479875	0	18	169	307.801
-2.356194	1.721184	-0.153948	147	2	165	307.766
-2.617994	2.063651	-2.044600	24	38	3	307.762
-1.832596	1.050534	3.042579	161	0	41	307.724
-2.356194	0.674054	1.013609	180	165	17	307.708
-2.356194	1.683268	0.374177	9	184	157	307.660
1.308997	2.138223	1.678323	55	2	11	307.660
-2.879793	2.579248	-2.364801	41	19	9	307.634
-2.356194	2.379497	0.561089	20	173	151	307.610
0.785398	1.872854	1.543456	39	19	13	307.562
1.570796	2.979456	-1.009304	183	165	187	307.517
0.000000	0.619654	-2.216909	156	7	39	307.512
-2.617994	1.218453	2.777284	186	11	48	307.502
0.000000	1.721184	-0.153948	152	176	167	307.406
1.570796	2.587733	0.232235	156	187	161	307.370
-2.094395	0.733948	3.021411	44	12	18	307.293
-0.785398	1.301460	-0.509251	9	176	160	307.289
-0.785398	1.599406	1.426070	177	161	7	307.275
2.094395	1.025536	1.576859	29	35	6	307.273
1.570796	1.247695	1.809890	62	24	1	307.186
-1.308997	2.247462	0.191623	30	189	141	307.145
-0.261799	2.349581	-2.702517	182	158	3	307.136
-1.047198	1.658653	-2.409879	168	26	34	307.115
-1.832596	1.948085	-2.363031	23	36	1	307.100
0.000000	1.870545	-2.976234	6	151	24	307.042
1.308997	0.618092	2.539118	165	14	42	307.041
1.308997	2.455966	-0.641220	184	167	186	307.017
0.523599	1.872854	1.543456	49	3	14	306.965
2.094395	1.440580	2.260026	33	33	12	306.953
-3.141593	2.579248	-2.364801	46	12	8	306.938
1.308997	2.295480	1.008277	19	35	178	306.912
-0.785398	2.407836	1.410646	179	163	187	306.910
-1.570796	2.108018	1.311430	14	167	158	306.907
-1.047198	1.135813	-2.658866	3	182	51	306.792
0.785398	2.187132	-0.479875	159	174	164	306.749
-1.047198	0.850607	-1.335383	146	29	23	306.717
1.047198	0.297065	2.160177	158	13	40	306.684
-0.785398	2.587733	0.232235	15	182	153	306.674
1.047198	1.242974	-2.977882	167	184	41	306.648
1.047198	2.343981	-1.040456	24	184	148	306.646
2.356194	2.174483	2.653697	40	28	12	306.552
1.047198	1.554776	0.100351	176	185	165	306.522
-2.617994	1.617114	-1.572037	15	45	3	306.485
-0.785398	0.080730	-2.622036	48	1	20	306.480
-0.785398	0.831641	0.616218	178	160	2	306.467
-2.617994	2.588535	-2.976617	4	25	172	306.320
-2.356194	2.587733	0.232235	155	178	162	306.309
0.785398	1.128190	-2.288622	177	169	34	306.297
-2.879793	1.846342	-1.796954	35	33	5	306.248
-2.094395	2.063651	-2.044600	23	35	2	306.132
-2.094395	1.870545	-2.976234	175	42	28	306.104
-1.308997	2.108018	1.311430	18	164	158	306.010
1.308997	2.001437	0.381215	13	22	167	306.009
0.261799	1.699788	2.452890	51	174	16	305.990
0.523599	1.325504	-1.671296	178	161	10	305.981
-1.832596	1.870545	-2.976234	149	21	28	305.972
-1.308997	0.733948	3.021411	46	0	20	305.944
1.570796	0.080730	-2.622036	160	0	40	305.936
0.785398	1.450119	-2.739050	164	179	39	305.919
-2.356194	2.180315	-1.357379	12	34	174	305.917
-0.523599	2.089241	-0.114193	2	12	166	305.839
1.308997	0.080730	-2.622036	159	6	40	305.834
2.356194	2.295480	1.008277	11	30	173	305.811
1.047198	0.370812	-2.547742	164	7	43	305.733
-0.261799	2.174483	2.653697	9	150	19	305.730
-3.141593	0.203748	0.590255	33	25	15	305.681
2.617994	1.812176	0.656819	2	31	170	305.663
2.617994	0.960688	-0.577532	23	42	7	305.598
1.832596	1.699788	2.452890	49	12	14	305.535
-0.785398	0.297065	2.160177	170	175	38	305.490
2.879793	0.458961	-0.107937	24	29	35	305.489
-2.879793	2.881233	-2.582574	183	162	9	305.486
-0.523599	0.961715	0.014085	179	163	181	305.414
1.570796	2.379497	0.561089	183	29	163	305.372
1.832596	2.247462	0.191623	180	30	161	305.344
2.356194	1.506530	1.988858	26	36	5	305.293
-0.261799	1.045978	0.343692	179	159	188	305.270
0.000000	2.456751	-1.503343	16	180	152	305.267
-1.308997	2.138223	1.678323	175	160	6	305.263
1.047198	1.450119	-2.739050	168	181	38	305.235
-2.879793	0.762244	-0.273349	190	41	186	305.232
-1.308997	1.025536	1.576859	182	157	11	305.222
-2.356194	1.504028	0.636812	143	7	169	305.189
-2.879793	2.863997	0.549740	180	174	164	305.152
-2.094395	2.089241	-0.114193	162	7	158	305.143
0.785398	2.379497	0.561089	7	21	165	305.101
2.356194	0.906588	1.252948	26	36	4	305.083
1.047198	2.592629	0.909713	19	33	179	305.075
0.000000	0.961715	0.014085	178	162	181	305.041
0.523599	1.875281	0.107086	167	178	161	305.030
-1.047198	0.591903	2.010408	36	164	29	304.998
-2.617994	0.370812	-2.547742	51	180	22	304.993
-2.879793	1.977582	0.969896	147	17	163	304.974
-2.617994	2.104282	-0.813972	184	19	159	304.906
2.617994	1.872854	1.543456	12	31	173	304.859
0.523599	1.948085	-2.363031	12	147	15	304.857
1.308997	1.756530	-2.105156	188	162	3	304.854
2.356194	0.910508	1.903534	190	39	37	304.835
2.879793	0.685216	-1.712745	53	191	22	304.804
-1.832596	1.218453	2.777284	155	190	40	304.795
-0.785398	0.571433	-1.188419	156	7	37	304.755
-0.785398	1.195355	1.200319	177	157	6	304.666
-1.308997	0.960688	-0.577532	185	180	169	304.571
-1.047198	2.115563	0.685730	183	170	176	304.571
-2.356194	1.569311	-3.003978	154	31	32	304.552
2.356194	1.218453	2.777284	46	17	16	304.538
-1.832596	2.174483	2.653697	135	5	29	304.536
1.832596	1.256302	0.062705	17	35	180	304.472
1.832596	2.379497	0.561089	162	1	160	304.459
-2.094395	0.618092	2.539118	168	174	37	304.452
-1.047198	1.247695	1.809890	173	159	18	304.362
-0.261799	2.407836	1.410646	177	158	1	304.351
1.832596	2.404280	-0.174044	166	190	157	304.301
0.785398	1.301460	-0.509251	186	160	184	304.277
-2.617994	0.733948	3.021411	166	8	44	304.275
2.356194	0.762244	-0.273349	54	0	11	304.114
-2.356194	1.699788	2.452890	156	8	37	304.099
-2.617994	0.899350	-2.069907	44	7	21	304.047
-2.617994	2.456751	-1.503343	11	32	173	304.041
2.356194	0.618092	2.539118	187	26	45	304.026
2.879793	1.721184	-0.153948	26	0	153	304.017
-0.261799	1.417623	-0.202254	18	161	159	304.010
-1.308997	1.135813	-2.658866	168	31	36	303.991
-3.141593	2.251330	-2.330739	41	25	7	303.988
-1.047198	2.455966	-0.641220	1	20	164	303.982
-0.785398	1.510910	-0.740472	5	185	158	303.981
-1.570796	2.356369	3.005869	153	10	28	303.972
-0.261799	1.696674	-1.253233	183	177	168	303.970
1.308997	0.640596	-2.797608	164	10	40	303.914
-2.094395	1.134796	2.434290	5	181	47	303.899
-1.832596	0.370812	-2.547742	50	7	20	303.898
0.523599	2.393226	1.857173	52	4	4	303.817
2.094395	0.290380	-0.796960	50	175	22	303.768
-2.879793	0.496451	0.593859	158	38	22	303.745
-2.617994	2.592629	0.909713	158	187	159	303.707
0.000000	1.998705	2.370472	170	165	27	303.700
1.047198	1.247695	1.809890	62	18	4	303.652
1.570796	1.869911	2.701025	64	2	9	303.650
-0.261799	1.335669	0.897240	47	149	176	303.616
1.308997	2.349581	-2.702517	35	156	13	303.490
-0.785398	1.683268	0.374177	16	165	156	303.469
2.617994	2.760637	2.781135	8	38	178	303.459
1.570796	2.174483	2.653697	58	4	6	303.399
0.000000	1.113094	-0.272241	185	158	190	303.390
2.094395	2.587733	0.232235	3	7	161	303.380
2.094395	1.168678	2.108595	1	35	40	303.377
1.047198	1.824694	1.850876	48	19	7	303.366
2.879793	1.134497	-1.109631	7	18	169	303.267
0.261799	2.349581	-2.702517	175	156	2	303.169
0.000000	2.588535	-2.976617	179	158	186	303.168
1.308997	1.448123	-2.163292	184	162	17	303.166
0.000000	1.050534	3.042579	158	190	41	303.157
-2.617994	1.875281	0.107086	6	181	158	303.153
2.356194	0.674054	1.013609	27	36	4	303.138
1.570796	2.295480	1.008277	186	36	169	303.111
1.308997	0.733948	3.021411	169	4	44	303.109
0.523599	0.700570	1.559208	34	23	22	303.099
0.261799	1.756530	-2.105156	185	161	187	303.058
1.570796	1.736875	3.023612	61	187	14	303.051
0.785398	2.033014	2.977192	57	176	10	303.029
2.356194	0.203748	0.590255	47	17	15	302.916
1.308997	2.073035	2.027405	52	14	7	302.895
-1.832596	1.683268	0.374177	138	1	168	302.893
0.523599	1.310100	1.488307	53	2	18	302.859
-3.141593	0.290380	-0.796960	41	23	17	302.820
0.000000	2.299159	2.264663	38	144	183	302.795
2.356194	0.370812	-2.547742	34	161	30	302.791
1.308997	2.187132	-0.479875	28	171	153	302.777
1.832596	1.184361	0.625864	32	39	2	302.752
0.785398	0.914445	2.687814	19	11	48	302.749
-1.047198	1.367556	0.358405	176	166	177	302.732
-0.523599	1.367556	0.358405	182	167	176	302.718
-1.832596	0.906588	1.252948	178	164	11	302.717
1.832596	2.073035	2.027405	44	22	8	302.711
-2.879793	1.909857	-0.381669	163	189	164	302.682
-2.356194	0.619654	-2.216909	45	14	21	302.646
-2.356194	1.135834	-1.431087	30	30	17	302.623
-0.523599	1.869911	2.701025	179	158	13	302.618
0.785398	1.982574	-1.115518	15	161	162	302.578
2.094395	1.488617	1.159546	15	33	179	302.569
2.879793	1.812176	0.656819	190	33	170	302.568
-1.570796	0.906588	1.252948	191	156	20	302.536
1.832596	0.418037	1.360082	172	40	25	302.518
2.617994	2.299159	2.264663	7	22	171	302.457
-1.047198	1.194549	-0.801900	187	180	166	302.430
-2.094395	1.599406	1.426070	181	177	168	302.398
1.832596	2.724429	-0.348782	161	5	158	302.324
-0.523599	2.001437	0.381215	23	172	153	302.304
1.570796	2.863997	0.549740	6	23	170	302.290
-0.261799	0.709924	0.218797	186	155	6	302.217
0.261799	0.297065	2.160177	44	21	16	302.193
-1.308997	1.128190	-2.288622	163	33	31	302.185
2.617994	1.658653	-2.409879	48	15	20	302.175
0.523599	1.904882	-1.478089	181	159	4	302.174
-2.617994	2.343981	-1.040456	181	27	161	302.102
1.832596	0.496451	0.593859	48	19	15	302.090
-0.523599	0.960688	-0.577532	10	164	168	302.075
0.000000	0.733948	3.021411	13	16	47	302.073
-0.785398	1.836682	-0.676006	9	185	154	302.056
1.570796	2.001437	0.381215	11	20	166	302.053
-0.785398	2.863997	0.549740	25	177	154	302.049
-0.785398	0.960688	-0.577532	182	161	181	301.993
2.094395	2.724429	-0.348782	159	176	162	301.983
-0.523599	0.458961	-0.107937	182	155	8	301.967
1.570796	1.732874	-0.951685	190	165	183	301.928
-3.141593	1.846342	-1.796954	30	35	4	301.907
2.356194	1.662363	0.915448	9	32	173	301.891
2.356194	0.080730	-2.622036	9	156	30	301.881
1.832596	0.591903	2.010408	162	25	35	301.878
1.308997	2.104282	-0.813972	24	171	154	301.852
-2.617994	1.325504	-1.671296	36	29	12	301.850
0.261799	0.591903	2.010408	48	9	19	301.825
0.523599	2.979456	-1.009304	160	12	159	301.744
-1.570796	1.301460	-0.509251	186	0	167	301.723
0.523599	2.153910	-1.714959	182	160	184	301.710
-0.523599	2.404280	-0.174044	153	189	163	301.692
-0.261799	2.115563	0.685730	156	186	163	301.682
-3.141593	1.606104	-0.451151	25	35	182	301.654
-2.617994	0.419640	2.974122	169	0	44	301.650
0.000000	0.700570	1.559208	49	150	5	301.642
1.570796	1.870545	-2.976234	54	178	19	301.602
2.879793	1.545873	-1.877082	38	29	17	301.596
-0.785398	1.869911	2.701025	175	159	5	301.587
-2.356194	1.696674	-1.253233	8	45	188	301.482
0.261799	2.247462	0.191623	7	22	169	301.457
-0.261799	1.904882	-1.478089	180	176	171	301.433
0.785398	2.588535	-2.976617	38	155	10	301.430
0.261799	2.187132	-0.479875	161	184	159	301.426
0.785398	1.413430	2.550734	167	191	39	301.408
2.879793	0.866955	-0.931351	37	28	16	301.383
0.000000	1.391910	3.030322	160	184	39	301.369
-2.617994	2.724429	-0.348782	179	171	175	301.289
-1.047198	1.721184	-0.153948	26	171	151	301.271
1.047198	2.104282	-0.813972	21	167	156	301.266
2.356194	2.588535	-2.976617	22	36	182	301.265
-2.617994	0.831641	0.616218	156	41	12	301.255
0.523599	2.001437	0.381215	191	182	163	301.252
-2.356194	0.992645	-1.723759	23	35	3	301.073
1.047198	0.290380	-0.796960	3	23	168	301.073
-0.261799	0.571433	-1.188419	24	168	163	301.065
1.047198	1.998705	2.370472	53	8	10	301.058
2.356194	0.418037	1.360082	184	37	40	301.017
2.617994	1.448123	-2.163292	58	9	12	300.942
-1.047198	1.488617	1.159546	170	160	2	300.916
-0.261799	1.736875	3.023612	11	150	26	300.896
1.047198	2.404280	-0.174044	162	0	157	300.842
0.523599	1.824694	1.850876	58	181	13	300.799
-1.832596	1.195355	1.200319	176	164	3	300.796
0.523599	1.050534	3.042579	174	7	44	300.792
-2.879793	1.732874	-0.951685	27	36	188	300.749
1.832596	1.367556	0.358405	28	37	190	300.725
2.617994	1.025536	1.576859	28	33	8	300.662
1.832596	1.658653	-2.409879	54	182	20	300.561
1.570796	1.569311	-3.003978	51	178	26	300.560
-1.570796	2.138223	1.678323	41	27	10	300.479
-2.356194	0.961715	0.014085	10	186	163	300.421
-1.308997	1.214854	-1.966664	158	35	25	300.411
1.047198	2.295480	1.008277	29	30	184	300.402
1.570796	1.335669	0.897240	28	36	185	300.396
-3.141593	1.569311	-3.003978	10	31	40	300.388
1.832596	0.618092	2.539118	165	9	41	300.384
-0.261799	1.184361	0.625864	14	160	166	300.337
1.308997	1.450119	-2.739050	169	185	38	300.295
-0.523599	1.335669	0.897240	185	163	185	300.276
-1.832596	2.164094	-2.991358	155	33	20	300.255
1.832596	1.977582	0.969896	29	34	189	300.245
2.879793	0.960688	-0.577532	7	39	181	300.241
0.785398	0.418037	1.360082	51	5	21	300.240
1.832596	2.343981	-1.040456	0	190	160	300.222
0.261799	1.998705	2.370472	53	170	12	300.205
-1.570796	1.545873	-1.877082	11	36	186	300.204
2.094395	1.218453	2.777284	46	12	18	300.191
-2.879793	2.033014	2.977192	159	43	16	300.191
-1.308997	1.696674	-1.253233	191	30	177	300.174
-2.094395	2.180315	-1.357379	12	34	177	300.158
2.617994	1.555207	1.708892	172	40	29	300.155
2.094395	2.108018	1.311430	7	34	174	300.133
1.308997	2.174483	2.653697	61	189	6	300.119
0.261799	1.870545	-2.976234	167	172	32	300.096
0.000000	0.929350	-2.910676	156	186	44	300.079
-2.617994	1.741644	-2.695914	18	38	190	299.984
1.570796	1.391910	3.030322	173	5	39	299.983
-0.523599	2.456751	-1.503343	186	178	163	299.924
2.879793	1.448123	-2.163292	52	7	17	299.873
-2.094395	2.104282	-0.813972	1	26	170	299.835
2.356194	1.909857	-0.381669	165	191	165	299.822
-0.261799	0.615174	-0.666022	181	158	14	299.820
2.356194	1.417623	-0.202254	7	36	176	299.798
1.570796	2.299159	2.264663	48	21	5	299.773
1.570796	2.455966	-0.641220	187	174	164	299.718
2.356194	1.247695	1.809890	27	35	9	299.688
1.570796	1.977582	0.969896	28	31	187	299.688
-0.785398	0.709924	0.218797	171	46	9	299.681
-3.141593	1.448123	-2.163292	48	10	19	299.677
2.094395	1.872854	1.543456	33	36	190	299.646
1.047198	2.456751	-1.503343	179	160	178	299.633
0.000000	2.587733	0.232235	0	16	160	299.627
-1.832596	2.881233	-2.582574	2	21	167	299.624
1.308997	1.870545	-2.976234	54	180	18	299.623
-1.570796	2.041297	-2.664597	152	27	23	299.612
-3.141593	2.404280	-0.174044	165	188	160	299.606
-1.570796	2.637879	2.121598	179	167	177	299.580
-0.261799	0.960688	-0.577532	13	160	168	299.579
-2.879793	1.504028	0.636812	4	22	164	299.575
-0.523599	2.115563	0.685730	171	183	159	299.544
-0.523599	1.113094	-0.272241	147	172	175	299.483
0.000000	1.134796	2.434290	158	190	38	299.440
-2.617994	1.510910	-0.740472	7	39	181	299.437
0.785398	1.683268	0.374177	53	185	144	299.402
0.785398	1.606104	-0.451151	33	167	154	299.391
-3.141593	1.658653	-2.409879	31	33	22	299.366
-3.141593	1.128190	-2.288622	66	18	2	299.346
-0.523599	0.297065	2.160177	171	180	39	299.327
2.094395	2.187132	-0.479875	191	170	182	299.313
1.308997	1.218453	2.777284	48	4	23	299.310
-2.617994	1.721184	-0.153948	2	182	161	299.295
-3.141593	0.910508	1.903534	159	13	39	299.289
1.308997	2.180315	-1.357379	187	162	0	299.286
-1.308997	2.295480	1.008277	179	164	191	299.282
-3.141593	1.504028	0.636812	149	14	170	299.260
-2.879793	0.419640	2.974122	168	3	44	299.248
-0.261799	1.433411	-1.035986	187	157	176	299.239
-1.047198	2.592629	0.909713	163	188	161	299.238
-1.308997	2.174483	2.653697	177	163	2	299.154
1.047198	2.455966	-0.641220	29	174	147	299.088
-1.570796	1.872854	1.543456	176	163	190	299.061
2.617994	0.866955	-0.931351	10	25	174	299.059
-1.308997	1.242974	-2.977882	156	15	38	299.053
2.356194	0.700570	1.559208	190	42	35	299.048
2.094395	1.134796	2.434290	165	21	35	299.024
1.047198	2.396274	-1.959260	189	177	167	299.021
2.094395	2.089241	-0.114193	172	13	157	299.013
-0.523599	0.290380	-0.796960	156	0	36	298.948
-0.261799	0.496451	0.593859	4	152	19	298.940
2.617994	1.998705	2.370472	35	36	191	298.934
-1.570796	1.050534	3.042579	6	7	47	298.831
1.832596	1.448123	-2.163292	52	173	22	298.822
-0.261799	1.256302	0.062705	23	152	162	298.808
0.000000	0.370812	-2.547742	161	18	40	298.805
0.261799	1.606104	-0.451151	173	169	168	298.769
-2.094395	2.041297	-2.664597	151	34	20	298.729
-2.094395	2.724429	-0.348782	175	17	157	298.720
2.356194	2.478122	2.609777	22	36	182	298.669
-3.141593	2.984978	1.954446	171	41	12	298.654
-1.308997	1.872854	1.543456	188	153	184	298.632
0.523599	1.510910	-0.740472	24	163	159	298.621
0.523599	2.456751	-1.503343	184	161	186	298.620
2.356194	0.866395	-2.492918	50	6	20	298.571
-2.094395	2.033014	2.977192	154	30	27	298.558
-1.832596	0.080730	-2.622036	47	8	20	298.530
1.570796	1.824694	1.850876	47	23	6	298.508
0.261799	1.683268	0.374177	154	173	169	298.443
-1.832596	1.134497	-1.109631	158	41	18	298.436
-1.832596	1.732874	-0.951685	184	28	172	298.427
0.523599	2.396274	-1.959260	186	160	189	298.405
2.617994	2.592629	0.909713	5	17	162	298.397
0.523599	2.478122	2.609777	45	148	180	298.369
1.308997	1.721184	-0.153948	39	176	151	298.367
1.570796	2.760637	2.781135	52	185	7	298.358
-1.047198	0.618092	2.539118	51	180	20	298.289
1.832596	1.554776	0.100351	186	20	161	298.265
2.356194	1.545873	-1.877082	55	8	10	298.242
2.879793	1.135813	-2.658866	44	23	19	298.187
-1.047198	1.195355	1.200319	179	161	1	298.151
0.523599	1.025536	1.576859	51	5	22	298.124
-2.879793	1.875281	0.107086	16	187	153	298.117
0.000000	1.488617	1.159546	188	164	191	298.086
-1.832596	1.662363	0.915448	179	169	179	298.063
1.308997	0.370812	-2.547742	165	3	43	298.041
-2.356194	0.733948	3.021411	167	5	45	298.032
0.785398	2.404280	-0.174044	160	2	157	298.007
-3.141593	1.812176	0.656819	144	15	167	297.978
0.523599	1.617114	-1.572037	181	161	2	297.912
-2.879793	1.617114	-1.572037	39	29	8	297.886
2.094395	0.685216	-1.712745	49	172	24	297.855
-1.047198	1.025536	1.576859	180	165	1	297.836
-2.094395	0.762244	-0.273349	125	23	8	297.797
0.000000	2.979456	-1.009304	139	188	167	297.796
2.094395	0.591903	2.010408	167	36	32	297.785
-2.617994	1.736875	3.023612	156	20	34	297.775
-2.094395	2.881233	-2.582574	5	25	170	297.770
2.356194	1.736875	3.023612	56	15	11	297.761
-2.094395	1.218453	2.777284	157	8	42	297.744
-2.356194	2.343981	-1.040456	11	19	163	297.710
1.570796	2.404280	-0.174044	154	185	163	297.698
0.785398	1.433411	-1.035986	162	188	168	297.671
-2.094395	0.685216	-1.712745	7	27	42	297.657
2.094395	2.592629	0.909713	8	23	171	297.657
-1.047198	2.704512	1.488683	185	164	180	297.646
2.356194	1.699788	2.452890	32	31	13	297.604
-0.261799	1.214854	-1.966664	158	191	36	297.603
0.000000	1.904882	-1.478089	188	160	172	297.597
-1.832596	1.301460	-0.509251	188	8	167	297.574
-1.570796	0.992645	-1.723759	158	33	30	297.502
2.879793	1.875281	0.107086	4	6	161	297.475
-0.523599	1.045978	0.343692	188	152	12	297.414
1.570796	2.247462	0.191623	13	20	167	297.380
-0.523599	1.875281	0.107086	186	180	162	297.328
-2.094395	1.836682	-0.676006	190	23	170	297.320
2.356194	0.615174	-0.666022	24	30	187	297.306
2.617994	1.977582	0.969896	6	25	167	297.262
-0.523599	2.343981	-1.040456	186	4	160	297.252
2.879793	1.218453	2.777284	176	11	45	297.249
-0.523599	2.455966	-0.641220	152	14	159	297.237
1.832596	1.846342	-1.796954	50	163	14	297.219
-0.523599	0.831641	0.616218	178	161	190	297.201
-1.570796	1.721184	-0.153948	13	185	152	297.143
-2.617994	1.113094	-0.272241	152	20	170	297.115
-2.617994	2.251330	-2.330739	42	28	0	297.009
0.000000	2.349581	-2.702517	187	154	3	296.986
0.523599	1.413430	2.550734	17	5	42	296.983
-2.356194	1.554776	0.100351	146	7	168	296.969
-2.094395	0.640596	-2.797608	38	21	18	296.927
0.523599	1.836682	-0.676006	159	179	165	296.822
0.000000	0.640596	-2.797608	168	6	45	296.820
-3.141593	1.982574	-1.115518	7	22	165	296.765
-0.261799	1.812176	0.656819	178	163	176	296.749
2.617994	0.496451	0.593859	31	33	13	296.729
-1.047198	1.417623	-0.202254	4	171	160	296.701
-1.570796	2.704512	1.488683	3	150	182	296.698
-2.094395	1.872854	1.543456	182	161	8	296.691
-2.617994	2.295480	1.008277	188	5	162	296.667
0.261799	1.982574	-1.115518	184	162	186	296.588
-1.832596	2.456751	-1.503343	17	36	178	296.473
2.356194	0.850607	-1.335383	59	186	15	296.418
2.879793	1.741644	-2.695914	20	29	37	296.397
1.308997	0.674054	1.013609	32	34	12	296.371
0.000000	2.187132	-0.479875	20	182	146	296.337
-1.832596	1.606104	-0.451151	4	27	172	296.284
2.879793	1.335669	0.897240	9	34	177	296.257
2.356194	1.721184	-0.153948	6	191	165	296.227
-1.570796	1.812176	0.656819	180	179	168	296.164
2.617994	1.870545	-2.976234	57	8	12	296.103
-2.879793	0.615174	-0.666022	33	31	14	296.078
-0.785398	2.404280	-0.174044	3	17	166	296.077
-1.047198	2.637879	2.121598	176	160	186	296.037
-2.094395	2.187132	-0.479875	177	40	173	296.023
0.261799	0.899350	-2.069907	183	164	0	296.000
0.261799	1.128190	-2.288622	161	184	38	295.981
-1.832596	2.664082	-1.071402	5	30	172	295.901
-1.047198	1.696674	-1.253233	2	11	162	295.898
2.617994	1.135834	-1.431087	73	17	180	295.898
-0.785398	0.899350	-2.069907	156	23	32	295.887
0.785398	1.824694	1.850876	53	179	19	295.867
1.832596	1.310100	1.488307	184	45	9	295.833
-0.523599	1.574060	2.783565	155	173	34	295.805
-2.617994	0.850607	-1.335383	31	32	11	295.771
1.308997	2.704512	1.488683	39	27	191	295.769
2.094395	2.115563	0.685730	16	37	180	295.757
-2.094395	1.113094	-0.272241	0	179	166	295.678
1.832596	2.115563	0.685730	189	33	167	295.662
2.617994	2.356369	3.005869	54	15	3	295.656
2.617994	1.450119	-2.739050	23	12	46	295.645
2.879793	0.929350	-2.910676	46	11	21	295.644
-1.047198	1.875281	0.107086	184	170	166	295.631
1.570796	0.864993	2.278281	163	35	24	295.574
-1.047198	2.587733	0.232235	5	17	164	295.567
-1.308997	2.251330	-2.330739	13	31	178	295.544
-1.308997	2.001437	0.381215	157	2	158	295.539
-1.570796	0.615174	-0.666022	149	37	16	295.535
1.047198	1.506530	1.988858	65	11	4	295.482
-0.523599	0.379747	-1.713059	157	30	30	295.438
2.617994	2.251330	-2.330739	45	27	9	295.424
-2.879793	0.831641	0.616218	161	44	13	295.394
-1.570796	1.504028	0.636812	173	167	185	295.385
-1.308997	1.433411	-1.035986	187	22	173	295.323
2.094395	1.504028	0.636812	12	30	172	295.281
1.308997	0.685216	-1.712745	49	175	17	295.271
2.617994	2.187132	-0.479875	164	186	164	295.249
0.785398	1.374601	-2.456031	180	164	29	295.152
2.617994	2.343981	-1.040456	181	169	176	295.133
0.261799	0.960688	-0.577532	187	158	2	295.110
-0.261799	0.297065	2.160177	47	4	22	295.109
1.570796	2.115563	0.685730	191	30	167	295.081
-3.141593	2.247462	0.191623	158	188	161	295.055
-3.141593	1.909857	-0.381669	165	0	163	295.033
2.617994	0.910508	1.903534	159	29	33	295.013
1.570796	1.545873	-1.877082	185	160	5	295.012
2.356194	1.448123	-2.163292	58	8	13	295.008
-1.832596	2.455966	-0.641220	3	25	166	295.001
-1.570796	1.417623	-0.202254	148	0	167	294.945
-0.523599	2.247462	0.191623	2	182	159	294.941
1.047198	1.301460	-0.509251	54	153	179	294.918
-0.785398	1.998705	2.370472	179	160	188	294.910
-1.832596	1.875281	0.107086	8	174	155	294.884
1.832596	1.948085	-2.363031	60	5	8	294.877
2.617994	1.440580	2.260026	172	22	37	294.835
-0.523599	2.104282	-0.813972	13	187	151	294.792
-0.261799	1.135834	-1.431087	175	165	190	294.760
-2.879793	2.153910	-1.714959	29	37	5	294.756
-1.570796	1.128190	-2.288622	11	33	30	294.751
-2.879793	1.870545	-2.976234	163	19	33	294.742
2.356194	1.998705	2.370472	167	16	32	294.723
-1.308997	0.370812	-2.547742	6	29	45	294.714
-3.141593	2.379497	0.561089	14	184	150	294.702
1.308997	2.247462	0.191623	10	18	164	294.701
1.047198	1.135834	-1.431087	26	150	21	294.553
-0.261799	0.591903	2.010408	62	7	8	294.541
-3.141593	2.108018	1.311430	6	26	169	294.535
-1.832596	1.904882	-1.478089	13	36	187	294.526
-0.523599	1.824694	1.850876	181	161	10	294.518
-2.356194	1.948085	-2.363031	21	42	184	294.439
-2.879793	2.108018	1.311430	1	20	167	294.437
1.832596	0.379747	-1.713059	164	187	37	294.428
-3.141593	0.619654	-2.216909	50	2	22	294.423
0.785398	1.836682	-0.676006	43	191	145	294.413
-0.785398	2.299159	2.264663	176	158	6	294.409
2.879793	1.367556	0.358405	6	40	177	294.387
-1.832596	1.417623	-0.202254	145	6	168	294.376
1.832596	1.599406	1.426070	34	34	3	294.372
-3.141593	1.875281	0.107086	5	4	158	294.357
0.785398	1.506530	1.988858	57	0	16	294.232
2.356194	0.733948	3.021411	42	13	18	294.232
2.879793	0.379747	-1.713059	65	0	14	294.220
0.785398	1.909857	-0.381669	179	15	160	294.203
0.785398	1.721184	-0.153948	2	191	162	294.203
-1.308997	1.367556	0.358405	174	171	176	294.169
2.094395	1.391910	3.030322	18	20	45	294.111
-2.094395	1.050534	3.042579	158	16	40	293.989
-0.523599	0.762244	-0.273349	179	156	0	293.957
-1.047198	0.640596	-2.797608	6	16	48	293.911
-3.141593	2.295480	1.008277	152	9	161	293.900
2.094395	1.869911	2.701025	168	11	33	293.871
0.785398	0.906588	1.252948	51	9	18	293.854
1.308997	2.404280	-0.174044	163	191	158	293.847
-2.617994	1.683268	0.374177	11	186	157	293.818
2.356194	2.247462	0.191623	1	1	163	293.796
2.879793	2.379497	0.561089	158	8	157	293.785
2.617994	2.407836	1.410646	6	25	172	293.780
-0.523599	1.433411	-1.035986	2	184	162	293.768
-2.617994	1.433411	-1.035986	5	31	177	293.709
-2.879793	2.001437	0.381215	153	1	163	293.677
0.000000	0.496451	0.593859	11	151	19	293.667
-0.261799	2.180315	-1.357379	187	169	166	293.626
-2.094395	2.592629	0.909713	12	163	156	293.624
1.047198	1.433411	-1.035986	188	158	7	293.614
0.000000	1.510910	-0.740472	0	177	166	293.600
2.879793	0.961715	0.014085	187	50	2	293.594
-2.879793	2.089241	-0.114193	167	15	157	293.507
-3.141593	2.719179	-1.780644	30	34	186	293.484
2.617994	1.836682	-0.676006	3	21	163	293.470
-2.879793	0.866955	-0.931351	188	46	186	293.466
0.523599	0.419640	2.974122	164	25	36	293.453
0.785398	1.391910	3.030322	169	188	39	293.398
-1.308997	0.899350	-2.069907	161	34	29	293.381
-2.094395	0.929350	-2.910676	50	0	19	293.336
-1.047198	2.299159	2.264663	191	152	10	293.308
1.570796	1.045978	0.343692	9	31	182	293.289
-0.261799	2.478122	2.609777	176	156	2	293.272
2.094395	0.910508	1.903534	4	40	37	293.264
-1.570796	1.214854	-1.966664	155	27	31	293.254
0.523599	1.870545	-2.976234	43	155	19	293.247
1.308997	1.134796	2.434290	169	5	39	293.245
-1.570796	1.977582	0.969896	145	178	168	293.240
1.308997	1.569311	-3.003978	52	187	18	293.225
0.785398	2.089241	-0.114193	10	0	160	293.217
-2.356194	2.295480	1.008277	150	0	161	293.206
1.308997	1.732874	-0.951685	184	162	183	293.148
-2.617994	1.809167	1.213774	147	6	168	293.148
-1.308997	1.732874	-0.951685	5	28	175	293.129
-1.570796	0.850607	-1.335383	155	39	23	293.084
2.356194	0.864993	2.278281	191	35	41	293.075
2.879793	2.456751	-1.503343	6	4	165	293.048
-2.094395	2.115563	0.685730	13	176	153	293.015
-3.141593	2.164094	-2.991358	177	160	1	292.941
-1.570796	1.391910	3.030322	156	10	35	292.910
-2.617994	2.396274	-1.959260	27	39	182	292.898
0.523599	1.195355	1.200319	45	7	24	292.874
1.570796	1.504028	0.636812	29	36	189	292.872
-1.047198	1.554776	0.100351	7	169	158	292.846
-1.570796	2.579248	-2.364801	1	23	166	292.826
0.000000	2.001437	0.381215	1	187	164	292.778
-1.832596	2.349581	-2.702517	141	35	8	292.771
-2.879793	0.591903	2.010408	184	165	15	292.738
-0.261799	2.356369	3.005869	189	153	10	292.733
-1.047198	1.374601	-2.456031	151	22	30	292.726
-1.570796	0.961715	0.014085	179	191	169	292.721
1.308997	2.407836	1.410646	33	32	188	292.702
-1.832596	2.979456	-1.009304	11	29	171	292.688
2.879793	0.419640	2.974122	143	191	42	292.636
2.094395	2.247462	0.191623	10	10	159	292.621
-1.832596	1.617114	-1.572037	5	35	180	292.610
2.356194	1.214854	-1.966664	57	3	15	292.589
-3.141593	1.699788	2.452890	176	42	32	292.553
-1.570796	2.247462	0.191623	158	0	159	292.513
0.523599	2.104282	-0.813972	16	168	155	292.496
2.617994	2.637879	2.121598	2	15	165	292.488
0.785398	0.850607	-1.335383	176	178	39	292.469
-2.356194	0.458961	-0.107937	158	37	25	292.440
2.094395	1.506530	1.988858	25	37	0	292.430
-3.141593	0.615174	-0.666022	11	47	29	292.333
-1.570796	2.089241	-0.114193	3	19	166	292.315
2.617994	0.733948	3.021411	161	13	39	292.296
-2.094395	1.696674	-1.253233	7	34	178	292.288
-1.047198	2.001437	0.381215	161	188	158	292.281
-3.141593	1.218453	2.777284	167	17	43	292.256
-2.094395	1.948085	-2.363031	154	24	26	292.240
0.261799	1.194549	-0.801900	186	157	187	292.237
0.523599	2.343981	-1.040456	15	175	152	292.159
-3.141593	1.766067	2.153843	172	43	27	292.134
-0.785398	1.256302	0.062705	177	170	173	292.108
1.047198	1.870545	-2.976234	53	178	15	292.106
-1.832596	1.325504	-1.671296	11	37	0	292.089
0.261799	0.370812	-2.547742	160	14	40	292.084
1.832596	1.732874	-0.951685	14	176	162	292.082
2.879793	0.850607	-1.335383	45	21	15	292.082
-0.785398	1.417623	-0.202254	183	184	164	292.049
-2.356194	1.374601	-2.456031	43	15	15	292.044
-0.523599	1.732874	-0.951685	191	180	161	292.043
0.785398	2.138223	1.678323	52	9	9	292.033
-1.570796	2.404280	-0.174044	33	6	141	292.029
0.785398	1.256302	0.062705	188	163	7	291.974
-1.570796	2.379497	0.561089	180	167	184	291.974
2.617994	1.045978	0.343692	187	50	2	291.973
-0.785398	2.478122	2.609777	177	160	189	291.969
-2.356194	2.164094	-2.991358	188	48	20	291.952
-0.785398	1.335669	0.897240	182	163	185	291.938
-2.094395	1.135813	-2.658866	190	19	47	291.919
-2.879793	0.458961	-0.107937	167	48	11	291.891
-1.832596	0.850607	-1.335383	162	39	23	291.861
-2.094395	2.404280	-0.174044	34	10	142	291.835
0.261799	1.732874	-0.951685	191	177	167	291.806
2.094395	2.664082	-1.071402	184	167	174	291.756
0.785398	2.393226	1.857173	50	9	9	291.748
-3.141593	1.683268	0.374177	0	34	170	291.721
2.356194	2.138223	1.678323	26	34	189	291.697
0.523599	1.113094	-0.272241	43	145	181	291.674
1.570796	0.571433	-1.188419	45	166	24	291.632
2.356194	1.569311	-3.003978	55	10	15	291.628
2.356194	1.488617	1.159546	11	38	180	291.626
2.879793	1.374601	-2.456031	23	9	47	291.621
-0.261799	2.299159	2.264663	184	159	6	291.602
1.832596	2.393226	1.857173	29	35	189	291.591
-2.356194	1.982574	-1.115518	1	34	173	291.548
-1.308997	1.846342	-1.796954	191	26	171	291.532
0.261799	2.396274	-1.959260	179	160	188	291.526
0.261799	0.864993	2.278281	50	9	16	291.515
2.879793	0.297065	2.160177	132	5	39	291.514
-1.570796	0.700570	1.559208	5	154	27	291.501
-0.523599	2.664082	-1.071402	188	10	161	291.479
1.308997	2.251330	-2.330739	186	159	189	291.479
-1.832596	0.899350	-2.069907	172	39	33	291.426
0.523599	1.301460	-0.509251	185	172	170	291.387
-1.832596	1.374601	-2.456031	24	30	14	291.380
-2.617994	1.909857	-0.381669	5	27	171	291.369
-0.785398	1.450119	-2.739050	148	13	31	291.336
-0.785398	1.045978	0.343692	16	164	163	291.322
2.617994	2.033014	2.977192	39	30	11	291.316
2.094395	1.998705	2.370472	44	22	10	291.308
-2.094395	2.587733	0.232235	156	179	162	291.306
-0.261799	2.164094	-2.991358	190	152	11	291.305
-0.785398	1.872854	1.543456	175	161	8	291.265
-1.832596	2.719179	-1.780644	30	27	6	291.229
-0.523599	1.554776	0.100351	191	0	168	291.214
-1.308997	0.496451	0.593859	176	159	15	291.209
-1.832596	0.618092	2.539118	167	7	43	291.203
-2.879793	1.413347	-1.339188	21	35	185	291.168
2.879793	2.153910	-1.714959	23	36	186	291.141
-3.141593	1.662363	0.915448	6	22	164	291.092
2.617994	1.168678	2.108595	182	38	37	291.083
2.617994	0.290380	-0.796960	53	11	16	291.037
2.617994	2.984978	1.954446	129	18	181	290.953
2.617994	1.301460	-0.509251	22	35	180	290.944
1.832596	1.168678	2.108595	28	36	18	290.921
1.308997	2.379497	0.561089	187	27	163	290.916
0.523599	1.721184	-0.153948	186	168	172	290.907
1.832596	1.736875	3.023612	49	12	18	290.821
2.617994	1.374601	-2.456031	48	176	23	290.791
-1.308997	2.299159	2.264663	181	159	186	290.774
1.308997	1.846342	-1.796954	189	159	12	290.759
-0.523599	0.496451	0.593859	184	159	10	290.739
1.832596	1.413430	2.550734	50	17	14	290.708
2.879793	0.674054	1.013609	166	45	20	290.670
-1.570796	0.910508	1.903534	168	166	32	290.667
-1.308997	1.310100	1.488307	27	152	16	290.666
1.308997	0.831641	0.616218	46	17	18	290.665
-2.356194	0.419640	2.974122	14	186	50	290.603
-2.879793	1.450119	-2.739050	47	19	16	290.583
2.879793	0.831641	0.616218	168	45	13	290.540
-0.523599	1.736875	3.023612	190	155	18	290.533
1.832596	0.899350	-2.069907	19	160	29	290.522
2.879793	2.704512	1.488683	0	24	172	290.414
1.308997	2.396274	-1.959260	191	158	182	290.394
0.261799	1.417623	-0.202254	26	160	159	290.394
0.523599	0.831641	0.616218	186	159	5	290.376
-2.356194	2.407836	1.410646	180	166	185	290.370
0.785398	1.696674	-1.253233	10	167	164	290.356
2.356194	1.195355	1.200319	51	39	169	290.349
2.094395	0.961715	0.014085	12	30	177	290.329
2.094395	2.299159	2.264663	190	45	182	290.298
2.617994	0.640596	-2.797608	166	8	40	290.272
0.785398	2.180315	-1.357379	9	154	168	290.257
1.308997	1.440580	2.260026	51	15	21	290.252
2.617994	2.379497	0.561089	5	15	161	290.239
1.047198	0.910508	1.903534	29	18	40	290.201
0.785398	1.904882	-1.478089	187	159	188	290.184
1.047198	2.108018	1.311430	34	28	6	290.153
-1.570796	1.510910	-0.740472	188	6	165	290.153
-1.308997	0.379747	-1.713059	163	28	38	290.095
-3.141593	2.724429	-0.348782	169	179	162	290.090
-0.261799	0.619654	-2.216909	156	9	39	290.089
1.047198	1.617114	-1.572037	183	161	17	290.019
0.261799	0.418037	1.360082	39	18	26	290.004
-1.308997	2.180315	-1.357379	190	7	161	289.970
-1.570796	0.370812	-2.547742	39	14	24	289.969
-3.141593	0.571433	-1.188419	20	42	11	289.905
-2.094395	2.174483	2.653697	138	12	29	289.894
-2.094395	1.658653	-2.409879	166	46	12	289.872
1.047198	1.555207	1.708892	44	24	8	289.833
-1.570796	1.135834	-1.431087	151	38	20	289.821
-1.047198	2.456751	-1.503343	0	2	158	289.786
-0.785398	2.180315	-1.357379	1	21	164	289.773
-1.832596	0.297065	2.160177	43	157	8	289.762
-1.047198	2.033014	2.977192	180	161	8	289.756
0.000000	1.683268	0.374177	0	180	165	289.743
-2.356194	1.025536	1.576859	162	184	37	289.736
0.000000	2.108018	1.311430	188	166	179	289.734
-0.261799	2.343981	-1.040456	11	180	151	289.687
1.570796	1.696674	-1.253233	191	170	176	289.684
-0.523599	1.050534	3.042579	5	10	46	289.683
-1.047198	0.831641	0.616218	177	166	184	289.682
1.047198	1.696674	-1.253233	160	184	166	289.665
1.570796	2.396274	-1.959260	181	166	174	289.615
2.879793	1.948085	-2.363031	50	2	16	289.614
2.356194	2.760637	2.781135	22	38	188	289.602
-0.785398	1.367556	0.358405	182	172	174	289.587
2.617994	1.809167	1.213774	5	31	173	289.584
-2.879793	2.187132	-0.479875	184	180	173	289.578
2.356194	0.866955	-0.931351	58	189	11	289.566
1.832596	0.961715	0.014085	9	28	180	289.530
0.000000	1.662363	0.915448	47	185	17	289.494
-0.785398	2.356369	3.005869	186	152	1	289.469
-2.094395	1.242974	-2.977882	160	25	38	289.426
-1.570796	0.418037	1.360082	4	155	27	289.402
1.047198	2.356369	3.005869	64	163	188	289.312
1.308997	1.050534	3.042579	165	3	42	289.306
2.879793	0.866395	-2.492918	53	8	20	289.283
0.000000	2.164094	-2.991358	174	156	7	289.272
1.832596	1.050534	3.042579	18	7	50	289.272
2.356194	2.299159	2.264663	57	10	6	289.212
-2.094395	0.914445	2.687814	164	181	40	289.211
-3.141593	1.413347	-1.339188	27	34	186	289.199
-2.617994	0.619654	-2.216909	46	14	22	289.160
-3.141593	0.992645	-1.723759	52	8	15	289.157
0.785398	1.870545	-2.976234	179	167	31	289.123
-2.094395	1.448123	-2.163292	24	34	13	289.100
0.261799	0.850607	-1.335383	185	155	11	289.091
2.879793	1.168678	2.108595	178	37	37	289.078
1.308997	0.929350	-2.910676	169	188	42	289.055
0.523599	1.909857	-0.381669	28	184	146	289.044
-3.141593	2.041297	-2.664597	32	31	24	289.043
1.832596	1.662363	0.915448	25	38	182	289.035
-2.617994	1.982574	-1.115518	39	41	170	289.025
-0.261799	1.134497	-1.109631	186	155	184	289.014
0.261799	2.724429	-0.348782	144	191	164	289.011
1.308997	2.089241	-0.114193	7	10	162	288.996
-0.523599	0.674054	1.013609	4	150	15	288.956
1.047198	0.203748	0.590255	52	8	17	288.945
1.308997	1.194549	-0.801900	185	178	171	288.938
0.261799	0.290380	-0.796960	187	156	15	288.892
-2.879793	0.864993	2.278281	133	6	37	288.888
-0.523599	2.588535	-2.976617	6	152	170	288.847
0.261799	1.909857	-0.381669	149	180	166	288.844
-2.617994	2.115563	0.685730	15	180	153	288.821
-2.356194	0.899350	-2.069907	40	22	20	288.810
1.570796	2.393226	1.857173	50	17	8	288.781
-1.832596	1.335669	0.897240	136	190	173	288.695
2.617994	2.108018	1.311430	8	31	175	288.670
2.356194	2.104282	-0.813972	175	188	162	288.667
1.308997	1.741644	-2.695914	181	180	34	288.634
-1.570796	1.870545	-2.976234	156	23	32	288.557
0.523599	2.984978	1.954446	184	166	7	288.531
-1.308997	1.134796	2.434290	162	182	39	288.521
-1.308997	1.218453	2.777284	183	18	45	288.518
0.261799	1.301460	-0.509251	41	155	161	288.460
-2.094395	1.194549	-0.801900	7	30	177	288.458
-0.261799	1.367556	0.358405	182	167	176	288.458
-2.356194	1.870545	-2.976234	36	27	7	288.456
1.570796	1.510910	-0.740472	184	182	166	288.367
-0.785398	0.419640	2.974122	44	4	25	288.337
-1.308997	2.637879	2.121598	187	154	1	288.321
0.785398	0.496451	0.593859	75	191	186	288.320
-1.308997	0.961715	0.014085	178	163	185	288.314
2.617994	0.762244	-0.273349	49	16	11	288.312
-0.523599	0.866955	-0.931351	154	184	173	288.284
-1.570796	2.587733	0.232235	154	188	162	288.284
-0.523599	2.704512	1.488683	189	168	184	288.273
0.523599	2.174483	2.653697	43	151	9	288.194
0.785398	2.001437	0.381215	32	174	150	288.145
-1.570796	1.134796	2.434290	159	179	39	288.131
2.356194	1.194549	-0.801900	3	18	167	288.113
-3.141593	2.456751	-1.503343	6	4	165	288.084
-1.832596	0.591903	2.010408	14	27	168	288.069
-1.308997	1.741644	-2.695914	128	3	33	288.062
-0.261799	2.138223	1.678323	188	164	2	288.058
2.617994	2.979456	-1.009304	184	163	179	288.055
-0.523599	1.135813	-2.658866	155	190	39	288.015
-1.047198	0.864993	2.278281	16	153	28	287.982
1.308997	1.391910	3.030322	180	184	40	287.958
-1.308997	1.617114	-1.572037	10	32	183	287.907
2.356194	0.685216	-1.712745	52	182	22	287.884
-0.261799	2.153910	-1.714959	179	176	173	287.857
-3.141593	2.349581	-2.702517	32	33	15	287.808
-3.141593	2.588535	-2.976617	166	49	188	287.797
1.308997	2.033014	2.977192	58	187	11	287.709
-1.832596	1.433411	-1.035986	2	32	178	287.618
1.832596	0.960688	-0.577532	18	31	181	287.615
1.047198	0.618092	2.539118	165	18	41	287.612
-3.141593	1.256302	0.062705	150	20	172	287.606
-2.094395	1.433411	-1.035986	4	31	177	287.599
-1.047198	1.218453	2.777284	167	172	35	287.556
-2.356194	0.290380	-0.796960	171	42	29	287.554
2.617994	0.899350	-2.069907	51	182	24	287.526
-2.879793	1.836682	-0.676006	25	34	182	287.479
2.879793	2.187132	-0.479875	181	16	157	287.463
2.617994	0.929350	-2.910676	46	10	21	287.373
1.047198	2.153910	-1.714959	191	161	182	287.356
-0.261799	0.458961	-0.107937	20	143	9	287.325
-2.356194	1.134497	-1.109631	29	31	12	287.294
0.000000	1.310100	1.488307	49	185	17	287.288
-0.261799	2.587733	0.232235	6	14	164	287.282
0.261799	2.979456	-1.009304	159	15	160	287.258
0.523599	1.134796	2.434290	17	10	45	287.240
-2.879793	2.704512	1.488683	12	176	156	287.141
-0.523599	1.504028	0.636812	175	160	182	287.082
-1.047198	2.343981	-1.040456	3	2	156	287.074
-2.094395	1.699788	2.452890	150	12	35	287.074
1.570796	1.948085	-2.363031	186	161	1	287.062
-2.617994	0.866955	-0.931351	25	35	5	287.047
-3.141593	1.440580	2.260026	176	40	34	287.046
-2.094395	0.591903	2.010408	163	186	44	287.042
1.308997	1.242974	-2.977882	27	191	49	287.015
-0.261799	0.762244	-0.273349	45	7	9	286.909
0.785398	1.869911	2.701025	54	185	13	286.861
-1.308997	1.756530	-2.105156	125	21	10	286.838
-2.617994	0.203748	0.590255	153	30	29	286.832
0.261799	2.455966	-0.641220	168	11	156	286.820
-2.617994	1.732874	-0.951685	182	28	163	286.809
-2.356194	2.455966	-0.641220	185	38	174	286.799
-0.261799	2.393226	1.857173	189	163	189	286.795
2.094395	1.732874	-0.951685	0	1	162	286.771
-1.308997	2.104282	-0.813972	188	26	171	286.757
2.879793	0.709924	0.218797	22	39	3	286.740
1.308997	1.836682	-0.676006	28	171	156	286.720
2.356194	0.709924	0.218797	50	12	11	286.711
-2.879793	2.404280	-0.174044	8	15	166	286.694
-3.141593	1.134796	2.434290	173	29	42	286.692
2.617994	0.674054	1.013609	22	36	7	286.667
2.094395	2.396274	-1.959260	55	160	179	286.657
-1.832596	2.393226	1.857173	181	160	1	286.653
2.356194	1.440580	2.260026	171	42	23	286.639
0.000000	1.168678	2.108595	60	2	8	286.575
0.000000	1.325504	-1.671296	48	16	12	286.558
-0.523599	1.683268	0.374177	185	163	175	286.540
1.047198	1.732874	-0.951685	164	190	165	286.524
-2.094395	1.504028	0.636812	180	171	176	286.456
2.094395	1.413347	-1.339188	57	179	14	286.448
0.261799	1.658653	-2.409879	8	151	24	286.429
-0.261799	0.910508	1.903534	33	168	40	286.407
-2.879793	2.455966	-0.641220	180	183	162	286.400
0.000000	2.356369	3.005869	181	157	0	286.363
0.261799	1.214854	-1.966664	174	168	35	286.331
-0.785398	1.448123	-2.163292	132	185	36	286.307
2.094395	0.571433	-1.188419	58	191	14	286.306
0.000000	1.569311	-3.003978	166	170	36	286.272
2.879793	2.349581	-2.702517	44	19	14	286.261
-0.523599	1.448123	-2.163292	132	180	36	286.240
-0.523599	2.984978	1.954446	189	165	179	286.232
0.261799	0.961715	0.014085	187	164	181	286.228
-1.047198	2.478122	2.609777	177	160	5	286.161
2.617994	0.619654	-2.216909	65	187	14	286.152
-3.141593	2.393226	1.857173	0	26	174	286.139
2.094395	2.343981	-1.040456	189	167	177	286.134
-2.879793	1.510910	-0.740472	190	44	178	286.099
-0.261799	1.113094	-0.272241	152	169	175	286.068
-2.879793	1.948085	-2.363031	30	35	14	286.043
-2.356194	1.846342	-1.796954	177	49	191	286.021
-1.570796	1.809167	1.213774	182	162	181	286.018
-1.047198	0.709924	0.218797	176	157	5	285.984
2.094395	2.404280	-0.174044	1	183	159	285.953
-3.141593	0.831641	0.616218	168	48	13	285.938
-3.141593	2.863997	0.549740	0	179	159	285.918
1.832596	1.766067	2.153843	47	22	11	285.908
-1.047198	0.866955	-0.931351	119	4	1	285.883
1.308997	0.571433	-1.188419	47	152	8	285.857
2.094395	1.367556	0.358405	11	32	174	285.851
0.000000	1.732874	-0.951685	178	166	183	285.819
0.785398	0.685216	-1.712745	191	155	12	285.773
1.308997	1.824694	1.850876	41	27	7	285.719
2.617994	1.335669	0.897240	176	49	4	285.637
1.308997	0.899350	-2.069907	4	159	13	285.598
1.832596	0.685216	-1.712745	52	156	2	285.546
-1.308997	0.866395	-2.492918	37	19	18	285.506
-1.570796	1.948085	-2.363031	20	34	184	285.501
1.047198	1.869911	2.701025	59	181	14	285.496
0.523599	0.640596	-2.797608	1	10	48	285.484
2.617994	1.014500	0.906702	22	39	0	285.473
1.308997	1.195355	1.200319	42	24	19	285.445
1.570796	1.606104	-0.451151	177	180	169	285.406
-2.094395	0.290380	-0.796960	163	44	19	285.387
2.094395	1.135813	-2.658866	51	186	21	285.352
2.094395	1.569311	-3.003978	59	8	14	285.341
2.617994	0.615174	-0.666022	56	6	12	285.340
1.832596	1.696674	-1.253233	191	180	166	285.332
1.308997	1.510910	-0.740472	163	182	169	285.325
2.879793	2.881233	-2.582574	189	28	163	285.325
-2.356194	0.615174	-0.666022	166	45	18	285.310
2.617994	1.869911	2.701025	8	27	38	285.301
-0.785398	2.138223	1.678323	184	160	191	285.285
-2.879793	0.290380	-0.796960	18	24	41	285.277
-2.094395	2.704512	1.488683	184	176	165	285.253
-1.832596	0.640596	-2.797608	38	13	24	285.249
-0.785398	1.736875	3.023612	169	189	41	285.237
1.308997	1.545873	-1.877082	187	160	8	285.168
-2.094395	2.108018	1.311430	184	183	162	285.132
2.617994	0.831641	0.616218	173	48	9	285.121
1.308997	1.599406	1.426070	35	31	191	285.113
-1.832596	0.700570	1.559208	0	158	27	285.109
0.000000	2.637879	2.121598	45	159	2	285.102
0.785398	1.812176	0.656819	185	12	159	285.098
-1.832596	1.809167	1.213774	180	166	181	285.047
-2.879793	2.295480	1.008277	182	185	165	285.038
1.570796	0.700570	1.559208	46	19	19	285.033
-3.141593	0.864993	2.278281	172	24	44	284.965
-2.356194	1.875281	0.107086	145	2	165	284.959
0.523599	0.866395	-2.492918	164	15	36	284.952
2.617994	1.184361	0.625864	23	40	3	284.943
-3.141593	0.591903	2.010408	132	5	38	284.931
-3.141593	0.370812	-2.547742	24	188	49	284.930
-0.523599	1.218453	2.777284	150	180	41	284.859
-2.094395	1.374601	-2.456031	34	23	15	284.857
-1.832596	2.704512	1.488683	156	179	163	284.806
0.000000	1.374601	-2.456031	164	177	36	284.803
2.879793	1.413430	2.550734	161	34	29	284.760
1.570796	1.554776	0.100351	5	29	169	284.719
1.832596	2.587733	0.232235	4	17	165	284.718
-2.617994	1.606104	-0.451151	13	33	177	284.714
-2.617994	1.504028	0.636812	58	0	8	284.686
0.523599	2.379497	0.561089	5	18	164	284.614
-3.141593	2.104282	-0.813972	189	24	161	284.614
-1.308997	0.850607	-1.335383	152	34	24	284.613
0.785398	0.866395	-2.492918	5	163	42	284.600
-0.785398	0.992645	-1.723759	149	22	29	284.596
0.785398	0.615174	-0.666022	175	155	15	284.583
0.000000	1.875281	0.107086	162	176	162	284.571
-1.047198	1.391910	3.030322	190	3	45	284.541
2.094395	2.073035	2.027405	41	26	7	284.484
1.047198	0.419640	2.974122	145	185	42	284.442
0.523599	1.448123	-2.163292	16	149	25	284.421
1.308997	0.906588	1.252948	35	32	5	284.417
2.356194	0.419640	2.974122	149	0	42	284.403
0.000000	0.571433	-1.188419	23	171	163	284.400
-2.356194	1.741644	-2.695914	156	26	31	284.363
-1.047198	2.174483	2.653697	158	180	31	284.358
2.094395	2.478122	2.609777	51	15	6	284.326
-1.570796	1.325504	-1.671296	1	28	176	284.311
-1.570796	1.555207	1.708892	174	161	8	284.304
2.879793	2.979456	-1.009304	191	168	173	284.264
-2.356194	1.050534	3.042579	152	15	40	284.241
1.832596	0.619654	-2.216909	49	183	20	284.236
-1.832596	1.242974	-2.977882	157	15	40	284.214
0.785398	0.419640	2.974122	146	1	43	284.134
-1.832596	2.379497	0.561089	168	167	177	284.121
-0.523599	1.256302	0.062705	184	175	171	284.018
2.879793	0.615174	-0.666022	53	9	11	283.998
-2.356194	1.836682	-0.676006	169	28	161	283.990
2.617994	0.571433	-1.188419	52	11	17	283.969
-0.261799	2.724429	-0.348782	5	28	168	283.967
-0.261799	1.875281	0.107086	158	190	159	283.941
-1.570796	0.619654	-2.216909	175	35	38	283.889
1.570796	1.904882	-1.478089	189	162	187	283.878
-1.570796	1.824694	1.850876	183	172	172	283.856
-1.308997	0.866955	-0.931351	143	33	17	283.824
0.261799	0.866955	-0.931351	186	153	9	283.822
1.832596	2.153910	-1.714959	186	169	174	283.797
1.832596	1.045978	0.343692	6	35	183	283.788
1.832596	2.180315	-1.357379	191	163	189	283.779
2.617994	2.104282	-0.813972	179	188	162	283.774
2.879793	0.496451	0.593859	26	34	12	283.659
2.094395	0.762244	-0.273349	42	24	11	283.642
-0.785398	1.662363	0.915448	185	168	173	283.618
-2.094395	2.455966	-0.641220	5	21	167	283.508
0.785398	1.662363	0.915448	187	173	171	283.479
-1.570796	0.762244	-0.273349	181	174	171	283.445
-1.308997	2.455966	-0.641220	158	14	160	283.426
2.094395	2.180315	-1.357379	184	177	166	283.425
0.261799	0.419640	2.974122	174	25	44	283.415
2.617994	1.242974	-2.977882	15	20	47	283.395
0.785398	2.108018	1.311430	55	1	11	283.330
-1.047198	1.599406	1.426070	171	160	7	283.318
1.308997	0.290380	-0.796960	45	160	21	283.251
-1.047198	0.615174	-0.666022	18	171	164	283.209
-0.261799	1.413347	-1.339188	191	183	167	283.107
-1.308997	1.448123	-2.163292	155	31	24	283.078
-2.356194	1.218453	2.777284	174	21	45	283.073
-0.523599	0.619654	-2.216909	159	16	40	283.040
-2.094395	1.721184	-0.153948	4	173	161	282.988
2.356194	1.374601	-2.456031	58	175	12	282.986
-1.308997	0.080730	-2.622036	56	190	19	282.974
2.617994	2.588535	-2.976617	41	26	8	282.972
1.047198	1.135813	-2.658866	17	191	49	282.932
1.308997	2.724429	-0.348782	153	179	163	282.909
1.570796	1.683268	0.374177	19	34	181	282.898
0.261799	0.866395	-2.492918	182	17	47	282.877
-1.308997	2.033014	2.977192	161	6	35	282.875
1.832596	1.909857	-0.381669	17	191	156	282.815
-2.879793	1.904882	-1.478089	29	38	2	282.793
-1.308997	2.724429	-0.348782	7	26	168	282.785
1.832596	2.979456	-1.009304	186	164	187	282.769
-1.047198	0.685216	-1.712745	156	30	31	282.754
0.000000	0.458961	-0.107937	186	157	16	282.751
0.000000	1.440580	2.260026	30	162	38	282.738
0.261799	1.450119	-2.739050	174	171	35	282.722
0.785398	1.488617	1.159546	53	2	17	282.705
2.617994	1.617114	-1.572037	44	21	10	282.702
-1.047198	2.984978	1.954446	11	163	159	282.678
2.879793	1.433411	-1.035986	26	33	184	282.624
0.261799	1.433411	-1.035986	188	150	186	282.600
2.094395	2.138223	1.678323	34	33	0	282.592
2.094395	1.658653	-2.409879	58	8	12	282.566
0.000000	1.134497	-1.109631	186	173	176	282.546
-1.832596	0.961715	0.014085	121	4	185	282.537
-0.785398	0.496451	0.593859	2	150	22	282.527
0.785398	2.115563	0.685730	169	186	162	282.517
-2.356194	0.618092	2.539118	162	2	42	282.514
1.570796	2.478122	2.609777	52	15	5	282.464
0.523599	1.135813	-2.658866	7	186	51	282.450
-1.308997	1.809167	1.213774	12	162	162	282.413
2.879793	0.914445	2.687814	172	4	45	282.379
-1.570796	0.831641	0.616218	179	160	15	282.364
2.094395	2.637879	2.121598	11	33	174	282.360
-0.523599	2.180315	-1.357379	16	22	165	282.333
0.000000	1.413347	-1.339188	190	153	180	282.313
2.356194	1.658653	-2.409879	56	7	13	282.285
2.356194	1.872854	1.543456	27	34	1	282.273
-2.617994	2.760637	2.781135	123	16	188	282.244
0.000000	1.756530	-2.105156	180	165	187	282.232
2.617994	1.846342	-1.796954	57	17	4	282.191
2.879793	1.870545	-2.976234	54	22	7	282.190
0.261799	1.846342	-1.796954	187	160	178	282.187
-2.356194	1.736875	3.023612	155	31	32	282.101
-2.617994	1.335669	0.897240	144	30	172	282.100
-2.617994	1.948085	-2.363031	28	44	183	282.075
-1.570796	2.719179	-1.780644	20	36	174	282.070
-2.094395	1.683268	0.374177	150	10	162	282.048
-2.617994	0.496451	0.593859	157	39	23	282.042
0.785398	1.846342	-1.796954	179	158	14	282.035
-1.047198	0.866395	-2.492918	157	9	40	282.020
2.094395	1.599406	1.426070	28	36	191	281.997
0.523599	0.906588	1.252948	187	163	8	281.801
0.000000	2.984978	1.954446	190	171	174	281.766
2.094395	1.721184	-0.153948	9	190	164	281.711
-2.094395	1.766067	2.153843	181	173	31	281.705
1.308997	2.041297	-2.664597	177	157	14	281.669
-2.094395	2.349581	-2.702517	15	36	178	281.655
2.879793	2.295480	1.008277	5	31	173	281.592
