216	1.2	0
-2.879793	1.756530	-2.105156
0.000000	0.000000	0.000000
model.B99990004.pdb	-4.369	32.440	-22.263
2hym.pdb	-8.522	-7.294	10.864
-0.785398	0.762244	-0.273349	85	24	214	0.231
-0.523599	2.396274	-1.959260	76	60	205	0.229
0.523599	2.579248	-2.364801	192	129	3	0.039
2.617994	2.592629	0.909713	196	130	16	0.039
0.785398	0.992645	-1.723759	197	83	198	0.039
-1.308997	0.297065	2.160177	199	84	207	0.037
2.094395	2.115563	0.685730	196	84	18	0.036
-0.261799	0.910508	1.903534	197	84	7	0.036
-0.523599	1.242974	-2.977882	198	84	205	0.035
-2.617994	0.419640	2.974122	195	129	199	0.035
-0.785398	0.370812	-2.547742	193	79	199	0.035
2.094395	2.719179	-1.780644	177	130	4	0.035
-1.832596	2.407836	1.410646	203	129	9	0.035
1.570796	2.180315	-1.357379	187	135	215	0.035
-2.094395	2.637879	2.121598	204	146	11	0.035
-0.785398	0.203748	0.590255	207	136	204	0.035
-2.879793	1.374601	-2.456031	206	84	207	0.035
1.570796	2.704512	1.488683	193	129	8	0.035
-1.047198	0.496451	0.593859	7	138	211	0.035
-2.094395	2.379497	0.561089	196	83	18	0.035
2.879793	2.379497	0.561089	190	130	12	0.035
-2.094395	0.418037	1.360082	203	130	208	0.035
-0.785398	1.242974	-2.977882	194	84	210	0.035
0.000000	0.618092	2.539118	189	84	208	0.034
-2.094395	0.419640	2.974122	195	79	204	0.034
1.570796	0.379747	-1.713059	214	83	199	0.034
1.308997	0.290380	-0.796960	208	87	199	0.034
-1.832596	0.571433	-1.188419	184	63	196	0.034
0.261799	0.571433	-1.188419	205	75	208	0.033
0.000000	0.615174	-0.666022	207	83	212	0.033
0.261799	0.615174	-0.666022	209	129	206	0.033
-1.308997	0.866955	-0.931351	205	70	204	0.033
0.000000	0.866955	-0.931351	4	129	211	0.033
1.570796	2.719179	-1.780644	191	84	11	0.033
1.832596	2.719179	-1.780644	186	83	0	0.033
-1.047198	1.014500	0.906702	208	130	2	0.033
2.356194	2.724429	-0.348782	192	134	15	0.033
0.523599	2.664082	-1.071402	204	84	7	0.033
0.000000	0.899350	-2.069907	205	129	201	0.033
0.000000	0.290380	-0.796960	209	87	204	0.033
0.523599	2.592629	0.909713	198	80	11	0.033
0.261799	1.113094	-0.272241	215	138	209	0.033
0.000000	2.295480	1.008277	190	129	16	0.033
2.879793	2.704512	1.488683	205	84	10	0.033
0.523599	0.929350	-2.910676	188	84	197	0.033
0.523599	1.214854	-1.966664	204	129	205	0.033
-0.523599	1.135813	-2.658866	196	129	200	0.033
0.000000	2.592629	0.909713	195	67	13	0.033
-0.261799	1.736875	3.023612	196	85	209	0.033
-0.523599	1.128190	-2.288622	191	84	202	0.032
2.879793	0.290380	-0.796960	184	79	208	0.032
2.094395	1.184361	0.625864	180	79	9	0.032
1.570796	1.325504	-1.671296	197	84	204	0.032
-1.832596	2.637879	2.121598	205	88	13	0.032
-2.879793	0.685216	-1.712745	185	84	201	0.032
2.879793	2.251330	-2.330739	201	64	204	0.032
2.617994	2.704512	1.488683	4	75	7	0.032
-2.094395	1.128190	-2.288622	199	70	194	0.032
0.000000	0.496451	0.593859	200	79	209	0.032
-1.832596	1.135813	-2.658866	198	84	206	0.032
0.261799	1.242974	-2.977882	201	75	204	0.032
-0.785398	0.733948	3.021411	190	68	202	0.032
0.000000	1.134497	-1.109631	210	86	213	0.032
-2.617994	0.615174	-0.666022	185	68	206	0.032
1.047198	2.979456	-1.009304	195	84	16	0.032
-0.261799	1.335669	0.897240	200	79	5	0.032
2.094395	0.762244	-0.273349	195	75	204	0.032
1.832596	1.904882	-1.478089	182	84	1	0.032
-0.523599	2.033014	2.977192	197	79	211	0.031
0.261799	0.961715	0.014085	200	84	210	0.031
-2.879793	1.450119	-2.739050	207	55	204	0.031
2.617994	1.450119	-2.739050	200	57	204	0.031
-2.617994	2.404280	-0.174044	182	50	11	0.031
1.570796	2.404280	-0.174044	194	129	8	0.031
2.094395	2.404280	-0.174044	188	135	4	0.031
2.879793	2.404280	-0.174044	198	89	20	0.031
-2.617994	2.115563	0.685730	188	55	13	0.031
-1.308997	2.115563	0.685730	207	84	11	0.031
0.523599	2.115563	0.685730	202	84	21	0.031
2.617994	2.115563	0.685730	192	59	16	0.031
-1.308997	1.869911	2.701025	206	136	214	0.031
2.879793	1.869911	2.701025	198	59	6	0.031
-2.879793	0.458961	-0.107937	184	44	208	0.031
2.094395	0.458961	-0.107937	177	129	212	0.031
-3.141593	1.599406	1.426070	203	45	5	0.031
2.094395	1.599406	1.426070	198	55	20	0.031
-0.785398	1.554776	0.100351	209	50	13	0.031
1.570796	1.554776	0.100351	190	134	12	0.031
2.879793	1.554776	0.100351	177	49	8	0.031
-3.141593	0.615174	-0.666022	189	59	200	0.031
-2.879793	0.615174	-0.666022	193	58	206	0.031
-2.356194	0.615174	-0.666022	192	55	196	0.031
0.785398	0.615174	-0.666022	210	130	209	0.031
1.570796	2.393226	1.857173	198	44	15	0.031
2.094395	2.393226	1.857173	200	49	17	0.031
2.356194	2.393226	1.857173	3	58	16	0.031
-1.570796	1.569311	-3.003978	214	129	208	0.031
1.047198	1.569311	-3.003978	197	134	206	0.031
-2.879793	0.419640	2.974122	207	134	206	0.031
-1.832596	0.419640	2.974122	205	130	205	0.031
-1.308997	0.419640	2.974122	206	135	205	0.031
-0.785398	0.419640	2.974122	191	133	199	0.031
-2.094395	1.134796	2.434290	208	146	3	0.031
-1.832596	1.574060	2.783565	211	130	4	0.031
-2.879793	2.587733	0.232235	192	55	11	0.031
0.261799	2.587733	0.232235	198	54	8	0.031
-2.879793	1.417623	-0.202254	188	47	212	0.031
-2.617994	1.417623	-0.202254	201	45	6	0.031
-1.570796	0.850607	-1.335383	197	60	199	0.031
-1.047198	0.850607	-1.335383	204	58	208	0.031
0.000000	0.850607	-1.335383	215	138	209	0.031
-1.047198	0.370812	-2.547742	179	84	204	0.031
1.832596	0.370812	-2.547742	209	54	192	0.031
2.356194	0.370812	-2.547742	210	129	200	0.031
-2.879793	0.640596	-2.797608	208	129	197	0.031
-1.047198	0.640596	-2.797608	187	135	196	0.031
1.832596	0.640596	-2.797608	195	59	205	0.031
2.879793	0.640596	-2.797608	205	84	204	0.031
-1.047198	2.979456	-1.009304	200	129	8	0.031
-2.879793	0.831641	0.616218	207	83	6	0.031
-2.094395	0.831641	0.616218	208	53	5	0.031
-2.879793	2.343981	-1.040456	194	55	10	0.031
1.308997	2.343981	-1.040456	199	130	6	0.031
-2.879793	1.998705	2.370472	211	54	2	0.031
-1.047198	1.998705	2.370472	207	134	14	0.031
0.785398	1.998705	2.370472	191	54	9	0.031
2.356194	1.998705	2.370472	202	47	12	0.031
-2.356194	0.674054	1.013609	204	53	2	0.031
-1.832596	0.674054	1.013609	211	58	211	0.031
-1.570796	0.674054	1.013609	6	130	214	0.031
-1.308997	0.674054	1.013609	202	129	212	0.031
-3.141593	0.906588	1.252948	213	53	214	0.031
-2.879793	0.906588	1.252948	206	52	3	0.031
-1.308997	0.906588	1.252948	3	140	215	0.031
0.000000	0.906588	1.252948	192	133	4	0.031
2.879793	0.906588	1.252948	202	45	6	0.031
-3.141593	1.870545	-2.976234	205	54	212	0.031
-2.879793	1.870545	-2.976234	206	145	206	0.031
1.047198	1.870545	-2.976234	192	58	204	0.031
2.094395	1.870545	-2.976234	201	134	214	0.031
2.879793	1.870545	-2.976234	204	42	210	0.031
-2.094395	2.164094	-2.991358	214	58	215	0.031
2.879793	2.164094	-2.991358	192	50	209	0.031
-2.094395	0.379747	-1.713059	188	60	200	0.031
-1.832596	0.379747	-1.713059	195	57	203	0.031
-1.308997	0.379747	-1.713059	194	53	210	0.031
0.261799	0.379747	-1.713059	205	138	210	0.031
0.785398	0.379747	-1.713059	201	138	204	0.031
1.832596	0.379747	-1.713059	209	134	201	0.031
2.356194	0.379747	-1.713059	209	129	205	0.031
2.617994	0.379747	-1.713059	188	88	208	0.031
2.094395	2.187132	-0.479875	191	135	9	0.031
2.879793	2.187132	-0.479875	183	57	215	0.031
-2.094395	0.866955	-0.931351	186	40	206	0.031
-2.617994	2.299159	2.264663	215	129	18	0.031
1.047198	2.299159	2.264663	191	134	19	0.031
1.832596	2.299159	2.264663	191	58	9	0.031
2.094395	2.299159	2.264663	191	44	9	0.031
2.356194	2.299159	2.264663	212	55	10	0.031
2.617994	2.299159	2.264663	206	53	18	0.031
-2.879793	1.812176	0.656819	201	58	11	0.031
-1.308997	1.812176	0.656819	209	60	6	0.031
-2.356194	2.719179	-1.780644	1	55	214	0.031
0.000000	2.719179	-1.780644	209	129	9	0.031
1.308997	2.719179	-1.780644	195	129	6	0.031
-2.617994	2.396274	-1.959260	206	40	211	0.031
-2.617994	0.866395	-2.492918	195	140	195	0.031
1.047198	0.866395	-2.492918	196	140	198	0.031
2.617994	0.866395	-2.492918	203	134	199	0.031
-3.141593	1.617114	-1.572037	195	54	204	0.031
-2.094395	0.864993	2.278281	209	135	210	0.031
-3.141593	1.014500	0.906702	191	45	9	0.031
-2.617994	1.014500	0.906702	205	57	11	0.031
2.879793	1.014500	0.906702	191	38	4	0.031
2.094395	2.247462	0.191623	188	129	5	0.031
-2.617994	2.724429	-0.348782	180	53	9	0.031
-3.141593	1.741644	-2.695914	207	44	209	0.031
-0.261799	1.741644	-2.695914	203	131	204	0.031
-0.523599	2.664082	-1.071402	209	128	3	0.031
1.832596	2.664082	-1.071402	194	84	5	0.031
-2.356194	2.579248	-2.364801	208	47	0	0.031
0.785398	2.579248	-2.364801	190	129	215	0.031
2.879793	2.579248	-2.364801	202	90	9	0.031
-0.785398	0.899350	-2.069907	201	59	198	0.031
-0.523599	0.899350	-2.069907	198	60	199	0.031
0.261799	0.899350	-2.069907	204	85	205	0.031
1.047198	2.984978	1.954446	205	55	19	0.031
1.570796	2.984978	1.954446	195	58	8	0.031
2.094395	2.984978	1.954446	203	60	10	0.031
2.356194	2.984978	1.954446	210	59	3	0.031
2.094395	1.766067	2.153843	193	40	10	0.031
-2.879793	1.909857	-0.381669	189	54	8	0.031
-3.141593	1.310100	1.488307	202	47	212	0.031
1.308997	1.310100	1.488307	186	84	10	0.031
2.094395	1.310100	1.488307	190	55	14	0.031
-2.356194	2.153910	-1.714959	212	53	212	0.031
2.094395	2.153910	-1.714959	176	89	212	0.031
-1.047198	1.134497	-1.109631	205	54	200	0.031
-0.785398	1.134497	-1.109631	10	60	211	0.031
-2.879793	0.961715	0.014085	187	55	0	0.031
2.356194	1.367556	0.358405	196	59	2	0.031
-1.308997	2.863997	0.549740	185	53	13	0.031
0.000000	2.863997	0.549740	198	60	9	0.031
1.832596	2.863997	0.549740	194	150	9	0.031
-3.141593	2.041297	-2.664597	209	49	213	0.031
-0.261799	2.041297	-2.664597	195	130	2	0.031
-3.141593	1.045978	0.343692	189	50	3	0.031
-2.094395	1.045978	0.343692	211	50	11	0.031
-1.047198	1.045978	0.343692	2	130	10	0.031
-2.356194	0.290380	-0.796960	176	89	199	0.031
1.832596	0.290380	-0.796960	202	130	207	0.031
-3.141593	2.356369	3.005869	214	140	12	0.031
-2.879793	2.356369	3.005869	212	53	2	0.031
-0.261799	2.356369	3.005869	199	136	8	0.031
2.094395	1.836682	-0.676006	189	83	8	0.031
-3.141593	1.736875	3.023612	206	53	1	0.031
-1.308997	0.591903	2.010408	200	90	212	0.031
-1.047198	2.760637	2.781135	206	130	6	0.031
-0.523599	2.760637	2.781135	204	90	9	0.031
2.356194	2.760637	2.781135	196	55	13	0.031
-2.617994	2.592629	0.909713	195	129	13	0.031
-2.356194	2.592629	0.909713	200	59	18	0.031
0.785398	2.592629	0.909713	203	54	15	0.031
1.832596	2.592629	0.909713	194	130	16	0.031
-0.785398	2.407836	1.410646	199	83	20	0.031
-0.261799	2.407836	1.410646	194	59	11	0.031
0.000000	2.407836	1.410646	202	58	13	0.031
0.261799	2.407836	1.410646	193	56	22	0.031
1.832596	2.407836	1.410646	195	135	6	0.031
-2.094395	0.619654	-2.216909	191	55	211	0.031
2.879793	0.619654	-2.216909	203	138	199	0.031
-2.094395	2.456751	-1.503343	215	55	0	0.031
-0.785398	2.456751	-1.503343	209	60	5	0.031
1.832596	2.456751	-1.503343	173	60	5	0.031
2.879793	2.456751	-1.503343	180	58	2	0.031
-2.879793	2.001437	0.381215	196	53	21	0.031
-1.832596	2.001437	0.381215	200	79	12	0.031
0.261799	2.001437	0.381215	200	84	8	0.031
2.094395	2.001437	0.381215	184	84	14	0.031
-3.141593	2.138223	1.678323	207	50	5	0.031
-0.523599	2.138223	1.678323	198	79	15	0.031
-3.141593	2.349581	-2.702517	211	57	2	0.031
2.879793	2.349581	-2.702517	205	53	214	0.031
1.047198	1.168678	2.108595	190	52	214	0.031
-2.879793	1.184361	0.625864	195	46	8	0.031
-1.570796	1.184361	0.625864	6	58	9	0.031
1.047198	2.108018	1.311430	184	54	12	0.031
-0.523599	1.488617	1.159546	203	129	15	0.031
2.879793	1.488617	1.159546	193	54	8	0.031
-2.879793	1.606104	-0.451151	182	57	3	0.031
2.879793	1.606104	-0.451151	189	53	2	0.031
-2.356194	1.977582	0.969896	203	54	13	0.031
0.000000	1.977582	0.969896	200	58	11	0.031
-0.523599	2.637879	2.121598	180	129	8	0.031
1.570796	2.637879	2.121598	194	54	18	0.031
1.832596	2.637879	2.121598	197	54	17	0.031
2.617994	2.637879	2.121598	191	54	9	0.031
2.879793	2.637879	2.121598	211	84	18	0.031
0.785398	1.555207	1.708892	186	54	14	0.031
-2.356194	2.295480	1.008277	197	79	14	0.031
-2.094395	2.295480	1.008277	204	84	14	0.031
-1.308997	0.203748	0.590255	4	86	205	0.031
2.617994	0.203748	0.590255	188	59	211	0.031
-3.141593	0.571433	-1.188419	182	129	201	0.031
-2.094395	0.571433	-1.188419	201	59	209	0.031
-3.141593	2.033014	2.977192	209	57	214	0.031
-2.617994	2.033014	2.977192	205	57	215	0.031
2.094395	2.033014	2.977192	197	134	2	0.031
-0.261799	0.297065	2.160177	186	134	209	0.031
0.261799	0.297065	2.160177	190	135	208	0.031
1.308997	0.297065	2.160177	206	57	199	0.031
-1.570796	0.080730	-2.622036	177	129	206	0.031
-1.308997	0.080730	-2.622036	201	141	210	0.031
0.000000	0.080730	-2.622036	194	54	202	0.031
2.094395	0.080730	-2.622036	212	58	203	0.031
-1.832596	1.242974	-2.977882	201	79	210	0.031
2.617994	1.242974	-2.977882	196	57	211	0.031
-3.141593	0.992645	-1.723759	187	54	202	0.031
-1.047198	0.992645	-1.723759	211	129	203	0.031
-0.523599	0.992645	-1.723759	197	50	195	0.031
-3.141593	0.762244	-0.273349	195	49	207	0.031
-2.617994	0.762244	-0.273349	181	52	208	0.031
-0.523599	0.762244	-0.273349	5	145	212	0.031
0.000000	0.762244	-0.273349	214	140	207	0.031
2.879793	0.762244	-0.273349	205	59	208	0.031
-0.523599	0.733948	3.021411	192	129	212	0.031
-2.879793	2.588535	-2.976617	210	84	0	0.031
-2.094395	2.588535	-2.976617	8	134	2	0.031
-1.570796	2.588535	-2.976617	1	129	6	0.031
0.523599	2.588535	-2.976617	190	134	10	0.031
-1.832596	1.391910	3.030322	5	89	207	0.031
2.879793	1.391910	3.030322	202	54	208	0.031
-3.141593	0.685216	-1.712745	196	135	204	0.031
-2.094395	0.685216	-1.712745	193	59	203	0.031
-1.308997	0.685216	-1.712745	189	78	195	0.031
-0.523599	0.685216	-1.712745	211	58	203	0.031
-2.356194	2.063651	-2.044600	0	54	202	0.031
-2.094395	0.700570	1.559208	8	129	7	0.031
2.879793	0.700570	1.559208	209	45	6	0.031
-3.141593	2.251330	-2.330739	200	52	212	0.031
-2.094395	2.251330	-2.330739	210	53	0	0.031
1.570796	2.251330	-2.330739	175	54	207	0.031
2.356194	1.732874	-0.951685	180	55	211	0.031
2.879793	1.732874	-0.951685	184	45	214	0.031
-2.356194	0.960688	-0.577532	192	50	208	0.031
1.832596	1.824694	1.850876	199	49	12	0.031
2.356194	1.824694	1.850876	196	39	2	0.031
2.879793	1.824694	1.850876	213	55	21	0.031
-2.356194	2.704512	1.488683	197	137	10	0.031
-0.523599	2.704512	1.488683	185	129	16	0.031
0.523599	2.704512	1.488683	205	55	12	0.031
0.785398	2.704512	1.488683	194	54	17	0.031
1.308997	2.704512	1.488683	207	50	17	0.031
1.832596	2.704512	1.488683	206	53	14	0.031
2.617994	0.910508	1.903534	209	53	211	0.031
-1.832596	1.128190	-2.288622	193	54	203	0.031
1.832596	1.128190	-2.288622	201	84	204	0.031
-2.356194	2.881233	-2.582574	200	53	0	0.031
1.570796	2.881233	-2.582574	183	84	7	0.031
2.879793	2.881233	-2.582574	209	88	3	0.031
-2.879793	1.696674	-1.253233	199	44	211	0.031
-2.094395	1.696674	-1.253233	207	45	6	0.031
-1.047198	1.683268	0.374177	213	60	16	0.031
0.523599	1.683268	0.374177	211	129	7	0.031
2.617994	1.683268	0.374177	185	60	9	0.031
2.356194	2.073035	2.027405	210	55	5	0.031
-1.047198	1.875281	0.107086	214	57	15	0.031
2.617994	1.875281	0.107086	192	75	0	0.031
-1.570796	1.247695	1.809890	212	88	3	0.031
1.832596	1.247695	1.809890	190	45	4	0.031
-2.617994	1.301460	-0.509251	193	55	215	0.031
2.879793	1.301460	-0.509251	188	49	3	0.031
2.617994	1.904882	-1.478089	178	59	1	0.031
-3.141593	0.709924	0.218797	189	88	5	0.031
2.617994	0.709924	0.218797	175	50	211	0.031
0.785398	0.496451	0.593859	196	130	206	0.031
2.879793	0.496451	0.593859	203	54	209	0.031
-1.308997	2.379497	0.561089	196	59	17	0.031
-0.261799	2.379497	0.561089	207	54	16	0.031
1.047198	2.379497	0.561089	211	129	18	0.031
-2.356194	0.418037	1.360082	215	89	210	0.031
-1.047198	0.418037	1.360082	207	130	208	0.031
1.832596	0.418037	1.360082	198	58	205	0.031
-1.308997	1.135813	-2.658866	199	134	201	0.031
-2.617994	1.448123	-2.163292	202	57	195	0.031
2.094395	2.455966	-0.641220	192	129	6	0.031
-3.141593	1.662363	0.915448	189	55	16	0.031
2.879793	1.662363	0.915448	183	57	18	0.031
0.000000	0.831641	0.616218	192	89	3	0.031
-0.523599	1.367556	0.358405	214	83	12	0.031
0.523599	0.709924	0.218797	214	83	213	0.031
0.000000	0.458961	-0.107937	5	90	212	0.031
1.832596	0.458961	-0.107937	179	80	207	0.031
-0.785398	0.850607	-1.335383	208	71	202	0.031
0.261799	0.864993	2.278281	187	83	209	0.031
-0.785398	2.760637	2.781135	198	84	3	0.031
0.000000	1.050534	3.042579	205	84	208	0.031
0.785398	1.301460	-0.509251	204	88	205	0.031
-0.261799	1.870545	-2.976234	190	80	206	0.031
-0.523599	0.496451	0.593859	203	87	5	0.031
0.523599	0.674054	1.013609	194	87	0	0.031
2.094395	2.592629	0.909713	208	68	20	0.030
-0.261799	0.370812	-2.547742	195	63	201	0.030
-2.617994	0.458961	-0.107937	184	68	201	0.030
1.832596	1.554776	0.100351	192	84	6	0.030
-1.832596	0.618092	2.539118	203	84	210	0.030
0.523599	0.850607	-1.335383	210	86	204	0.030
-0.523599	2.164094	-2.991358	210	84	210	0.030
2.879793	0.866395	-2.492918	207	70	197	0.030
0.785398	2.247462	0.191623	213	79	11	0.030
1.047198	2.664082	-1.071402	197	84	10	0.030
1.047198	2.579248	-2.364801	187	84	9	0.030
-1.047198	0.619654	-2.216909	183	79	196	0.030
-2.094395	0.080730	-2.622036	188	83	204	0.030
-2.617994	0.733948	3.021411	207	83	208	0.030
-2.617994	0.709924	0.218797	199	63	212	0.030
-1.047198	0.709924	0.218797	210	84	5	0.030
-0.523599	0.709924	0.218797	8	89	1	0.030
-1.047198	0.914445	2.687814	203	77	206	0.030
0.000000	1.870545	-2.976234	187	77	212	0.030
-1.047198	1.374601	-2.456031	191	74	208	0.030
0.000000	1.014500	0.906702	198	73	8	0.030
-2.879793	2.881233	-2.582574	191	64	11	0.030
2.356194	2.247462	0.191623	187	75	4	0.030
-0.523599	0.914445	2.687814	195	79	204	0.030
0.000000	2.356369	3.005869	179	75	4	0.030
0.261799	0.640596	-2.797608	194	67	197	0.030
-1.308997	1.450119	-2.739050	200	87	204	0.030
-1.832596	2.724429	-0.348782	189	72	15	0.030
2.617994	1.195355	1.200319	200	68	4	0.030
2.094395	2.041297	-2.664597	200	64	211	0.030
0.785398	1.113094	-0.272241	192	83	3	0.030
0.785398	2.349581	-2.702517	176	79	215	0.030
-0.261799	1.325504	-1.671296	212	87	202	0.030
2.879793	2.063651	-2.044600	192	68	206	0.030
-1.308997	1.433411	-1.035986	212	68	214	0.030
0.261799	1.846342	-1.796954	203	87	201	0.030
0.785398	0.619654	-2.216909	208	63	198	0.030
2.879793	2.587733	0.232235	195	80	9	0.030
0.000000	1.909857	-0.381669	204	84	2	0.030
1.570796	2.001437	0.381215	185	80	17	0.030
-0.523599	1.256302	0.062705	203	83	7	0.029
1.047198	2.063651	-2.044600	180	80	214	0.029
-0.785398	1.450119	-2.739050	187	85	204	0.029
-0.523599	1.450119	-2.739050	194	136	208	0.029
1.832596	2.115563	0.685730	196	84	9	0.029
0.000000	1.756530	-2.105156	198	129	196	0.029
0.000000	1.869911	2.701025	197	129	1	0.029
1.832596	1.869911	2.701025	189	77	1	0.029
-0.523599	1.554776	0.100351	211	133	12	0.029
0.000000	1.846342	-1.796954	215	129	203	0.029
-2.094395	0.615174	-0.666022	194	63	205	0.029
-0.785398	0.615174	-0.666022	209	83	209	0.029
0.523599	0.615174	-0.666022	202	134	205	0.029
0.523599	2.393226	1.857173	193	84	16	0.029
-0.261799	1.569311	-3.003978	207	129	207	0.029
-3.141593	0.419640	2.974122	209	75	205	0.029
2.094395	0.419640	2.974122	213	78	195	0.029
0.523599	1.574060	2.783565	185	129	211	0.029
2.094395	2.587733	0.232235	196	129	21	0.029
2.617994	2.587733	0.232235	185	134	8	0.029
2.356194	1.417623	-0.202254	189	84	4	0.029
-3.141593	0.370812	-2.547742	198	135	193	0.029
-1.308997	0.370812	-2.547742	198	79	201	0.029
2.094395	0.370812	-2.547742	208	84	202	0.029
-2.617994	0.640596	-2.797608	195	129	202	0.029
-2.094395	0.640596	-2.797608	197	84	202	0.029
-0.261799	0.640596	-2.797608	194	83	201	0.029
1.308997	2.979456	-1.009304	197	90	10	0.029
-1.047198	0.831641	0.616218	211	130	215	0.029
-0.523599	0.831641	0.616218	206	130	7	0.029
0.000000	1.413347	-1.339188	209	129	205	0.029
-1.047198	0.674054	1.013609	202	134	211	0.029
-1.570796	0.379747	-1.713059	187	63	200	0.029
-0.523599	0.379747	-1.713059	197	75	201	0.029
1.308997	0.379747	-1.713059	207	84	208	0.029
0.000000	2.187132	-0.479875	3	131	4	0.029
2.617994	2.187132	-0.479875	189	129	11	0.029
-0.523599	0.866955	-0.931351	211	84	207	0.029
0.523599	0.866955	-0.931351	0	88	196	0.029
0.000000	0.866395	-2.492918	192	84	206	0.029
1.570796	0.866395	-2.492918	195	80	197	0.029
0.000000	1.617114	-1.572037	210	130	212	0.029
-0.785398	2.247462	0.191623	194	84	16	0.029
-3.141593	2.724429	-0.348782	196	129	17	0.029
2.617994	2.724429	-0.348782	203	129	18	0.029
-0.523599	1.741644	-2.695914	200	129	212	0.029
-0.785398	2.174483	2.653697	0	129	0	0.029
1.570796	2.174483	2.653697	179	73	1	0.029
-0.261799	2.664082	-1.071402	214	79	7	0.029
-2.617994	0.899350	-2.069907	202	89	193	0.029
-1.047198	0.899350	-2.069907	189	129	199	0.029
-0.261799	2.984978	1.954446	198	75	11	0.029
0.523599	1.809167	1.213774	190	87	9	0.029
1.832596	2.153910	-1.714959	176	84	0	0.029
-0.523599	1.134497	-1.109631	215	128	207	0.029
2.879793	2.863997	0.549740	185	88	9	0.029
-2.356194	1.045978	0.343692	205	69	10	0.029
-0.785398	1.045978	0.343692	0	129	13	0.029
1.047198	1.045978	0.343692	202	84	0	0.029
-0.261799	0.290380	-0.796960	208	78	203	0.029
0.523599	0.290380	-0.796960	215	90	209	0.029
1.308997	1.545873	-1.877082	193	84	200	0.029
1.570796	1.836682	-0.676006	189	83	215	0.029
-1.047198	0.591903	2.010408	204	90	213	0.029
0.000000	0.591903	2.010408	193	129	202	0.029
0.523599	1.256302	0.062705	194	87	0	0.029
2.356194	2.592629	0.909713	209	84	7	0.029
-0.523599	1.113094	-0.272241	207	128	207	0.029
0.523599	2.407836	1.410646	187	84	18	0.029
-3.141593	0.619654	-2.216909	188	83	196	0.029
-2.879793	0.619654	-2.216909	198	83	200	0.029
-1.308997	0.619654	-2.216909	191	131	204	0.029
-0.785398	0.619654	-2.216909	199	79	202	0.029
-1.832596	2.138223	1.678323	208	128	14	0.029
-0.785398	2.180315	-1.357379	215	84	215	0.029
0.000000	2.180315	-1.357379	0	133	0	0.029
2.356194	2.478122	2.609777	193	74	7	0.029
-0.785398	1.184361	0.625864	0	134	8	0.029
-0.261799	1.184361	0.625864	210	129	1	0.029
1.308997	2.108018	1.311430	191	130	22	0.029
-0.261799	1.977582	0.969896	199	130	14	0.029
-1.570796	1.218453	2.777284	214	89	209	0.029
0.785398	0.203748	0.590255	189	140	215	0.029
0.785398	0.571433	-1.188419	205	129	208	0.029
2.356194	0.571433	-1.188419	201	90	204	0.029
0.000000	1.982574	-1.115518	212	131	6	0.029
0.523599	2.033014	2.977192	188	86	5	0.029
-1.832596	0.297065	2.160177	198	83	203	0.029
0.523599	0.297065	2.160177	188	74	211	0.029
-2.617994	0.080730	-2.622036	205	83	211	0.029
-0.785398	0.080730	-2.622036	189	75	202	0.029
2.094395	2.104282	-0.813972	183	129	11	0.029
0.261799	0.762244	-0.273349	212	134	209	0.029
0.000000	2.588535	-2.976617	183	140	4	0.029
-0.785398	1.391910	3.030322	188	129	207	0.029
0.000000	1.391910	3.030322	197	131	207	0.029
1.832596	0.685216	-1.712745	198	129	195	0.029
0.261799	2.063651	-2.044600	195	131	213	0.029
-1.308997	1.025536	1.576859	200	140	209	0.029
1.047198	1.374601	-2.456031	193	84	206	0.029
-0.261799	0.960688	-0.577532	3	128	213	0.029
0.261799	0.960688	-0.577532	212	139	2	0.029
-0.523599	0.929350	-2.910676	196	129	194	0.029
-0.261799	0.929350	-2.910676	205	129	200	0.029
-1.047198	2.881233	-2.582574	12	129	6	0.029
1.308997	2.881233	-2.582574	204	84	7	0.029
-2.356194	2.073035	2.027405	0	129	13	0.029
0.261799	2.073035	2.027405	182	129	8	0.029
-0.523599	1.301460	-0.509251	205	129	2	0.029
0.261799	1.301460	-0.509251	211	129	209	0.029
-3.141593	2.379497	0.561089	194	129	19	0.029
0.523599	2.379497	0.561089	199	128	11	0.029
2.617994	2.379497	0.561089	200	129	20	0.029
1.047198	1.658653	-2.409879	195	84	200	0.029
-1.570796	0.914445	2.687814	193	84	200	0.029
-1.308997	0.914445	2.687814	199	86	199	0.029
0.000000	0.914445	2.687814	195	130	209	0.029
0.261799	0.914445	2.687814	195	89	203	0.029
-0.785398	1.135813	-2.658866	194	130	204	0.029
-1.047198	1.448123	-2.163292	209	85	193	0.029
2.617994	1.448123	-2.163292	205	84	200	0.029
0.261799	1.662363	0.915448	191	129	9	0.029
-0.785398	1.741644	-2.695914	198	80	204	0.029
-0.785398	2.295480	1.008277	203	67	14	0.029
2.094395	1.662363	0.915448	191	64	18	0.029
-0.261799	1.135834	-1.431087	209	63	207	0.029
0.000000	0.709924	0.218797	207	168	215	0.029
-2.879793	1.488617	1.159546	207	68	3	0.029
-0.785398	0.496451	0.593859	206	80	4	0.029
-3.141593	2.115563	0.685730	191	68	14	0.029
0.785398	2.587733	0.232235	202	68	11	0.029
-1.832596	0.370812	-2.547742	182	83	202	0.029
-2.356194	2.863997	0.549740	195	79	15	0.029
-2.879793	2.180315	-1.357379	190	73	6	0.029
0.000000	2.478122	2.609777	188	77	1	0.029
-2.879793	0.080730	-2.622036	2	85	211	0.029
0.261799	0.992645	-1.723759	212	84	205	0.029
1.308997	0.992645	-1.723759	194	87	203	0.029
0.523599	0.762244	-0.273349	206	84	205	0.029
-1.308997	0.733948	3.021411	191	79	206	0.029
-2.356194	2.588535	-2.976617	12	68	212	0.029
-0.261799	1.391910	3.030322	202	87	205	0.029
0.000000	1.662363	0.915448	200	89	12	0.029
0.000000	0.674054	1.013609	201	72	1	0.029
-0.523599	1.184361	0.625864	209	77	5	0.029
-0.261799	0.419640	2.974122	196	70	203	0.029
0.785398	1.504028	0.636812	191	77	11	0.029
-0.523599	1.310100	1.488307	200	87	9	0.029
-0.261799	2.592629	0.909713	207	68	22	0.029
1.047198	0.203748	0.590255	186	80	210	0.029
1.308997	2.073035	2.027405	192	63	13	0.029
-1.570796	2.984978	1.954446	202	77	10	0.028
-0.261799	0.496451	0.593859	206	161	215	0.028
-1.308997	1.948085	-2.363031	213	70	203	0.028
-1.570796	1.450119	-2.739050	215	83	214	0.028
-0.261799	0.618092	2.539118	182	87	212	0.028
0.261799	0.618092	2.539118	195	79	204	0.028
-1.047198	0.615174	-0.666022	211	74	210	0.028
-1.047198	2.393226	1.857173	196	89	5	0.028
-2.094395	1.569311	-3.003978	3	79	210	0.028
-1.570796	0.419640	2.974122	188	82	207	0.028
-2.094395	1.574060	2.783565	209	79	212	0.028
-1.570796	0.370812	-2.547742	203	84	206	0.028
2.094395	0.640596	-2.797608	210	63	202	0.028
-0.785398	0.831641	0.616218	209	84	211	0.028
-2.879793	0.379747	-1.713059	193	81	203	0.028
2.879793	0.379747	-1.713059	182	89	196	0.028
-2.094395	2.299159	2.264663	208	87	9	0.028
2.617994	1.014500	0.906702	200	64	1	0.028
2.356194	2.579248	-2.364801	186	67	215	0.028
-1.308997	2.984978	1.954446	180	84	9	0.028
1.308997	1.809167	1.213774	183	80	17	0.028
0.261799	1.195355	1.200319	186	83	215	0.028
-1.570796	2.863997	0.549740	190	70	14	0.028
-1.047198	2.863997	0.549740	187	70	8	0.028
2.617994	0.290380	-0.796960	185	81	214	0.028
-0.785398	1.545873	-1.877082	202	86	202	0.028
0.261799	2.356369	3.005869	185	84	4	0.028
-1.832596	0.591903	2.010408	207	89	213	0.028
-3.141593	2.760637	2.781135	202	68	8	0.028
-2.356194	2.760637	2.781135	7	75	11	0.028
-0.785398	1.256302	0.062705	203	86	211	0.028
-2.879793	2.407836	1.410646	202	84	12	0.028
2.356194	2.407836	1.410646	203	77	17	0.028
-2.356194	2.456751	-1.503343	204	64	212	0.028
-0.523599	2.478122	2.609777	188	85	9	0.028
2.879793	2.478122	2.609777	213	68	2	0.028
-1.570796	1.699788	2.452890	0	84	211	0.028
-1.047198	1.184361	0.625864	203	90	3	0.028
0.785398	1.977582	0.969896	202	83	16	0.028
-0.785398	2.637879	2.121598	200	84	5	0.028
-3.141593	1.218453	2.777284	211	79	215	0.028
2.879793	0.203748	0.590255	188	70	207	0.028
0.523599	0.992645	-1.723759	200	84	198	0.028
1.047198	0.762244	-0.273349	193	84	207	0.028
2.356194	1.721184	-0.153948	179	75	3	0.028
0.000000	0.733948	3.021411	199	78	202	0.028
-0.785398	2.588535	-2.976617	204	83	5	0.028
-0.523599	2.588535	-2.976617	193	85	5	0.028
0.000000	0.685216	-1.712745	205	84	211	0.028
2.094395	0.685216	-1.712745	197	83	205	0.028
-0.261799	2.704512	1.488683	177	69	4	0.028
-2.617994	0.929350	-2.910676	210	78	203	0.028
-0.523599	2.881233	-2.582574	192	84	0	0.028
-0.785398	1.683268	0.374177	3	74	7	0.028
0.000000	1.214854	-1.966664	206	88	195	0.028
0.000000	1.135813	-2.658866	204	84	199	0.028
0.000000	2.455966	-0.641220	3	89	215	0.028
-1.570796	0.619654	-2.216909	205	68	202	0.028
-2.879793	2.349581	-2.702517	2	63	215	0.028
0.785398	0.960688	-0.577532	209	87	215	0.028
0.785398	2.456751	-1.503343	179	79	212	0.028
-1.047198	0.906588	1.252948	211	73	8	0.028
-1.308997	2.404280	-0.174044	212	64	12	0.028
2.094395	2.343981	-1.040456	182	75	13	0.028
0.523599	0.906588	1.252948	187	83	4	0.028
1.047198	0.866955	-0.931351	211	84	212	0.028
2.617994	2.396274	-1.959260	190	75	11	0.028
-2.879793	2.863997	0.549740	182	79	5	0.028
1.570796	2.760637	2.781135	185	64	4	0.028
-3.141593	1.113094	-0.272241	178	68	1	0.028
1.308997	2.407836	1.410646	207	67	16	0.028
-1.047198	2.138223	1.678323	206	79	19	0.028
-2.094395	2.478122	2.609777	6	77	5	0.028
2.879793	1.977582	0.969896	195	77	19	0.028
1.832596	2.295480	1.008277	198	69	16	0.028
-0.785398	0.618092	2.539118	190	85	2	0.028
0.000000	1.998705	2.370472	187	74	3	0.028
1.047198	1.617114	-1.572037	201	84	209	0.028
-0.261799	1.450119	-2.739050	192	83	208	0.028
0.000000	1.433411	-1.035986	207	79	211	0.028
-2.094395	1.766067	2.153843	8	70	9	0.028
0.523599	1.374601	-2.456031	185	63	209	0.028
0.523599	1.599406	1.426070	188	75	19	0.028
0.523599	0.419640	2.974122	201	63	198	0.028
-0.523599	1.014500	0.906702	203	84	2	0.028
0.000000	2.164094	-2.991358	196	82	8	0.028
-0.261799	0.992645	-1.723759	201	66	197	0.028
-0.261799	0.458961	-0.107937	205	80	212	0.028
-2.617994	0.618092	2.539118	211	77	211	0.028
1.047198	2.587733	0.232235	208	77	14	0.028
2.356194	2.587733	0.232235	182	88	10	0.028
-1.047198	1.413430	2.550734	201	77	202	0.028
0.261799	2.343981	-1.040456	209	86	8	0.028
1.570796	2.343981	-1.040456	188	84	12	0.028
2.094395	0.674054	1.013609	183	68	3	0.028
1.308997	2.396274	-1.959260	174	84	212	0.028
-0.785398	0.866395	-2.492918	184	84	196	0.028
0.000000	1.766067	2.153843	187	83	3	0.028
-0.523599	2.153910	-1.714959	208	83	202	0.028
-0.261799	2.863997	0.549740	197	70	10	0.028
-1.308997	2.760637	2.781135	203	77	4	0.028
2.094395	2.760637	2.781135	203	67	9	0.028
0.523599	2.089241	-0.114193	211	83	10	0.028
-0.261799	2.478122	2.609777	207	79	7	0.028
-1.047198	1.699788	2.452890	208	79	210	0.028
-0.523599	1.606104	-0.451151	210	88	215	0.028
-2.617994	0.571433	-1.188419	184	65	204	0.028
-1.047198	2.033014	2.977192	208	78	213	0.028
-2.356194	0.297065	2.160177	203	79	200	0.028
-2.094395	0.297065	2.160177	214	84	206	0.028
2.356194	2.104282	-0.813972	179	75	5	0.028
1.047198	0.685216	-1.712745	202	79	201	0.028
2.879793	0.685216	-1.712745	200	79	197	0.028
0.523599	0.700570	1.559208	188	78	0	0.028
0.523599	1.658653	-2.409879	191	80	206	0.028
0.000000	2.033014	2.977192	192	72	1	0.028
0.000000	2.063651	-2.044600	193	85	205	0.028
0.000000	2.153910	-1.714959	212	84	214	0.028
0.785398	2.089241	-0.114193	205	80	215	0.028
0.000000	1.732874	-0.951685	212	82	7	0.028
0.000000	1.242974	-2.977882	183	77	208	0.028
-0.261799	0.831641	0.616218	194	77	3	0.028
0.261799	1.683268	0.374177	201	75	12	0.028
2.879793	1.574060	2.783565	207	63	211	0.028
0.000000	0.864993	2.278281	181	84	3	0.028
-1.047198	2.984978	1.954446	191	79	16	0.028
-2.356194	1.367556	0.358405	204	63	9	0.028
2.356194	0.290380	-0.796960	176	79	201	0.028
1.308997	2.760637	2.781135	186	63	7	0.028
0.785398	2.180315	-1.357379	203	84	211	0.028
-1.047198	2.478122	2.609777	209	83	5	0.028
1.308997	1.488617	1.159546	199	70	13	0.028
-0.261799	1.504028	0.636812	206	72	18	0.027
1.308997	1.904882	-1.478089	189	77	213	0.027
2.617994	2.247462	0.191623	190	161	18	0.027
0.000000	1.736875	3.023612	202	75	212	0.027
-0.523599	1.391910	3.030322	191	79	215	0.027
-1.308997	2.187132	-0.479875	210	64	17	0.027
0.523599	2.396274	-1.959260	183	86	209	0.027
-2.356194	2.478122	2.609777	12	73	7	0.027
-0.261799	1.374601	-2.456031	190	84	208	0.027
2.879793	1.809167	1.213774	200	68	19	0.027
0.000000	1.450119	-2.739050	193	130	210	0.027
-2.879793	2.404280	-0.174044	186	134	16	0.027
-1.832596	2.404280	-0.174044	210	84	3	0.027
-1.047198	2.404280	-0.174044	198	87	3	0.027
-0.785398	2.404280	-0.174044	206	138	12	0.027
0.000000	2.404280	-0.174044	206	84	14	0.027
1.047198	2.404280	-0.174044	205	130	16	0.027
2.356194	2.404280	-0.174044	184	129	8	0.027
-0.523599	2.115563	0.685730	209	129	12	0.027
0.785398	2.115563	0.685730	199	135	9	0.027
1.047198	2.115563	0.685730	200	84	20	0.027
1.308997	2.115563	0.685730	195	135	10	0.027
1.570796	2.115563	0.685730	194	130	11	0.027
2.356194	2.115563	0.685730	187	88	9	0.027
2.879793	2.115563	0.685730	193	136	11	0.027
-3.141593	1.756530	-2.105156	201	58	196	0.027
-1.832596	1.756530	-2.105156	211	83	203	0.027
-0.785398	1.756530	-2.105156	209	84	202	0.027
-0.523599	1.756530	-2.105156	207	129	204	0.027
0.261799	1.756530	-2.105156	188	89	199	0.027
2.094395	1.756530	-2.105156	194	80	213	0.027
-2.094395	1.869911	2.701025	213	129	7	0.027
-1.832596	1.869911	2.701025	211	129	1	0.027
-1.570796	1.869911	2.701025	3	135	215	0.027
-0.523599	1.869911	2.701025	195	130	207	0.027
-1.570796	0.458961	-0.107937	207	129	211	0.027
0.523599	0.458961	-0.107937	194	130	215	0.027
1.047198	0.458961	-0.107937	204	132	208	0.027
1.308997	0.458961	-0.107937	196	129	214	0.027
2.356194	0.458961	-0.107937	197	129	209	0.027
2.617994	0.458961	-0.107937	190	84	208	0.027
-2.879793	1.599406	1.426070	208	133	8	0.027
1.832596	1.599406	1.426070	195	87	18	0.027
-2.094395	1.554776	0.100351	202	84	13	0.027
2.094395	1.554776	0.100351	192	83	6	0.027
2.356194	1.554776	0.100351	186	140	16	0.027
-2.094395	0.618092	2.539118	213	134	209	0.027
-1.308997	0.618092	2.539118	206	130	202	0.027
-0.523599	0.618092	2.539118	194	129	200	0.027
0.785398	0.618092	2.539118	196	84	197	0.027
-0.261799	1.846342	-1.796954	211	131	215	0.027
-1.570796	0.615174	-0.666022	204	80	205	0.027
-1.308997	0.615174	-0.666022	213	79	2	0.027
-0.523599	0.615174	-0.666022	206	88	215	0.027
-0.261799	0.615174	-0.666022	0	140	204	0.027
1.047198	0.615174	-0.666022	203	144	0	0.027
1.832596	0.615174	-0.666022	180	134	202	0.027
2.094395	0.615174	-0.666022	189	89	215	0.027
2.617994	0.615174	-0.666022	198	130	207	0.027
-3.141593	2.393226	1.857173	215	140	15	0.027
-2.617994	2.393226	1.857173	215	130	10	0.027
-2.094395	2.393226	1.857173	5	131	8	0.027
0.000000	2.393226	1.857173	190	134	12	0.027
-1.832596	1.569311	-3.003978	208	84	206	0.027
0.261799	1.569311	-3.003978	194	129	203	0.027
0.523599	1.569311	-3.003978	176	53	209	0.027
0.785398	1.569311	-3.003978	184	129	212	0.027
2.617994	1.569311	-3.003978	214	60	203	0.027
-1.047198	0.419640	2.974122	199	140	211	0.027
0.000000	0.419640	2.974122	190	134	203	0.027
0.261799	0.419640	2.974122	198	129	208	0.027
0.785398	0.419640	2.974122	190	89	209	0.027
-1.308997	1.134796	2.434290	0	89	211	0.027
0.785398	1.134796	2.434290	195	134	214	0.027
2.094395	1.134796	2.434290	201	75	2	0.027
-1.570796	1.574060	2.783565	213	134	209	0.027
-0.785398	1.574060	2.783565	211	129	2	0.027
-0.261799	1.574060	2.783565	194	151	214	0.027
-2.617994	2.587733	0.232235	198	134	11	0.027
-2.356194	2.587733	0.232235	191	150	18	0.027
-0.523599	2.587733	0.232235	189	129	8	0.027
-0.261799	2.587733	0.232235	207	87	4	0.027
0.523599	2.587733	0.232235	208	86	12	0.027
1.308997	2.587733	0.232235	207	130	9	0.027
-2.356194	1.413430	2.550734	0	138	4	0.027
-1.832596	1.417623	-0.202254	207	90	0	0.027
-1.047198	1.417623	-0.202254	205	134	0	0.027
-0.523599	1.417623	-0.202254	204	129	1	0.027
0.785398	1.417623	-0.202254	204	129	215	0.027
2.094395	1.417623	-0.202254	192	84	6	0.027
-2.617994	0.850607	-1.335383	190	86	199	0.027
-2.094395	0.850607	-1.335383	207	84	213	0.027
-1.308997	0.850607	-1.335383	204	135	209	0.027
-0.523599	0.850607	-1.335383	6	79	208	0.027
-0.261799	0.850607	-1.335383	210	89	211	0.027
1.570796	0.850607	-1.335383	209	127	202	0.027
-2.879793	0.370812	-2.547742	194	129	206	0.027
-2.617994	0.370812	-2.547742	0	84	200	0.027
-2.356194	0.370812	-2.547742	208	135	212	0.027
-2.094395	0.370812	-2.547742	193	130	207	0.027
0.261799	0.370812	-2.547742	210	84	201	0.027
1.308997	0.370812	-2.547742	199	84	196	0.027
1.570796	0.370812	-2.547742	201	84	200	0.027
2.617994	0.370812	-2.547742	205	129	204	0.027
2.879793	0.370812	-2.547742	207	135	196	0.027
-3.141593	0.640596	-2.797608	206	130	206	0.027
-1.570796	0.640596	-2.797608	196	134	201	0.027
-1.308997	0.640596	-2.797608	198	130	207	0.027
-0.785398	0.640596	-2.797608	197	143	210	0.027
0.523599	0.640596	-2.797608	191	84	201	0.027
1.047198	0.640596	-2.797608	199	86	203	0.027
2.617994	0.640596	-2.797608	208	90	205	0.027
-2.879793	2.979456	-1.009304	199	59	4	0.027
-1.832596	2.979456	-1.009304	198	77	10	0.027
-1.308997	2.979456	-1.009304	207	146	16	0.027
-0.785398	2.979456	-1.009304	201	87	10	0.027
-0.523599	2.979456	-1.009304	209	130	15	0.027
-0.261799	2.979456	-1.009304	0	130	11	0.027
0.261799	2.979456	-1.009304	192	130	7	0.027
0.523599	2.979456	-1.009304	200	83	7	0.027
1.570796	2.979456	-1.009304	200	84	12	0.027
1.832596	2.979456	-1.009304	180	135	8	0.027
2.094395	2.979456	-1.009304	190	140	13	0.027
2.617994	2.979456	-1.009304	194	129	15	0.027
-3.141593	0.831641	0.616218	192	53	0	0.027
-1.308997	0.831641	0.616218	4	133	4	0.027
1.047198	0.831641	0.616218	197	145	5	0.027
2.617994	0.831641	0.616218	191	68	5	0.027
2.879793	0.831641	0.616218	198	55	4	0.027
-1.570796	2.343981	-1.040456	3	57	213	0.027
0.785398	2.343981	-1.040456	206	130	11	0.027
1.047198	2.343981	-1.040456	196	134	215	0.027
1.832596	2.343981	-1.040456	201	89	13	0.027
2.617994	2.343981	-1.040456	195	89	4	0.027
-3.141593	1.998705	2.370472	209	86	7	0.027
-2.356194	1.998705	2.370472	213	134	11	0.027
-0.261799	1.998705	2.370472	190	84	2	0.027
-0.523599	1.413347	-1.339188	6	129	215	0.027
-3.141593	0.674054	1.013609	210	55	212	0.027
-0.785398	0.674054	1.013609	208	129	215	0.027
-0.523599	0.674054	1.013609	205	134	1	0.027
-0.261799	0.674054	1.013609	190	128	210	0.027
1.832596	0.674054	1.013609	185	129	11	0.027
2.356194	0.674054	1.013609	191	58	6	0.027
-2.356194	0.906588	1.252948	205	73	3	0.027
-1.832596	0.906588	1.252948	206	85	3	0.027
-0.785398	0.906588	1.252948	204	135	12	0.027
1.047198	0.906588	1.252948	196	84	2	0.027
2.356194	0.906588	1.252948	199	81	3	0.027
-2.617994	1.335669	0.897240	202	68	12	0.027
-1.308997	1.335669	0.897240	214	129	16	0.027
-1.047198	1.335669	0.897240	2	130	13	0.027
0.261799	1.335669	0.897240	195	129	16	0.027
0.523599	1.335669	0.897240	187	133	5	0.027
1.047198	1.335669	0.897240	187	81	7	0.027
1.570796	1.335669	0.897240	191	88	17	0.027
2.617994	1.335669	0.897240	207	57	11	0.027
-2.356194	1.870545	-2.976234	214	140	209	0.027
-1.832596	1.870545	-2.976234	9	129	207	0.027
-1.570796	1.870545	-2.976234	1	130	208	0.027
0.523599	1.870545	-2.976234	195	129	4	0.027
0.785398	1.870545	-2.976234	185	86	208	0.027
-3.141593	2.164094	-2.991358	213	80	211	0.027
-0.261799	2.164094	-2.991358	189	135	3	0.027
1.570796	2.164094	-2.991358	175	134	5	0.027
2.094395	2.164094	-2.991358	186	63	0	0.027
-3.141593	0.379747	-1.713059	191	140	204	0.027
-2.617994	0.379747	-1.713059	183	131	200	0.027
-2.356194	0.379747	-1.713059	196	134	198	0.027
-1.047198	0.379747	-1.713059	196	130	198	0.027
-0.261799	0.379747	-1.713059	197	88	204	0.027
0.000000	0.379747	-1.713059	201	90	202	0.027
0.523599	0.379747	-1.713059	213	89	205	0.027
1.047198	0.379747	-1.713059	210	87	206	0.027
2.094395	0.379747	-1.713059	197	130	197	0.027
-2.356194	2.187132	-0.479875	191	57	4	0.027
1.570796	2.187132	-0.479875	191	82	4	0.027
2.356194	2.187132	-0.479875	180	84	4	0.027
-1.047198	0.866955	-0.931351	209	78	205	0.027
-0.785398	0.866955	-0.931351	201	133	207	0.027
-0.261799	0.866955	-0.931351	3	129	210	0.027
0.785398	0.866955	-0.931351	210	130	198	0.027
-3.141593	2.299159	2.264663	199	89	1	0.027
-2.879793	2.299159	2.264663	1	145	9	0.027
-1.570796	2.299159	2.264663	212	129	5	0.027
1.570796	2.299159	2.264663	199	84	7	0.027
2.879793	2.299159	2.264663	209	86	8	0.027
-3.141593	1.812176	0.656819	199	134	23	0.027
0.000000	1.812176	0.656819	196	129	19	0.027
0.261799	1.812176	0.656819	201	140	11	0.027
0.523599	1.812176	0.656819	201	151	18	0.027
0.785398	1.812176	0.656819	199	130	10	0.027
1.570796	1.812176	0.656819	185	84	14	0.027
-2.617994	2.719179	-1.780644	209	68	1	0.027
-0.785398	2.719179	-1.780644	6	87	4	0.027
1.047198	2.719179	-1.780644	190	129	3	0.027
2.879793	2.719179	-1.780644	183	80	9	0.027
0.000000	2.396274	-1.959260	201	129	202	0.027
1.832596	2.396274	-1.959260	185	84	215	0.027
2.879793	2.396274	-1.959260	197	58	212	0.027
-2.879793	0.866395	-2.492918	210	134	200	0.027
-2.094395	0.866395	-2.492918	195	135	201	0.027
-1.832596	0.866395	-2.492918	190	140	201	0.027
-1.308997	0.866395	-2.492918	193	140	196	0.027
-0.261799	0.866395	-2.492918	196	134	196	0.027
0.785398	0.866395	-2.492918	204	89	203	0.027
1.832596	1.617114	-1.572037	197	130	201	0.027
-2.879793	0.864993	2.278281	213	129	211	0.027
-1.832596	0.864993	2.278281	0	146	3	0.027
-0.261799	0.864993	2.278281	201	130	210	0.027
1.047198	0.864993	2.278281	191	134	206	0.027
1.308997	0.864993	2.278281	186	85	209	0.027
-0.261799	1.014500	0.906702	202	129	9	0.027
-1.570796	2.247462	0.191623	208	129	8	0.027
-1.308997	2.247462	0.191623	2	84	3	0.027
0.523599	2.247462	0.191623	212	129	17	0.027
1.047198	2.247462	0.191623	198	130	13	0.027
1.308997	2.247462	0.191623	190	90	14	0.027
1.570796	2.247462	0.191623	185	140	7	0.027
-2.879793	2.724429	-0.348782	182	89	13	0.027
-2.094395	2.724429	-0.348782	204	78	14	0.027
-1.308997	2.724429	-0.348782	199	84	18	0.027
0.000000	2.724429	-0.348782	3	131	6	0.027
1.570796	2.724429	-0.348782	198	86	12	0.027
1.832596	2.724429	-0.348782	206	129	11	0.027
2.094395	2.724429	-0.348782	197	139	9	0.027
-2.094395	1.194549	-0.801900	204	84	0	0.027
-1.570796	1.194549	-0.801900	209	60	210	0.027
-2.094395	1.504028	0.636812	210	79	13	0.027
-1.308997	1.504028	0.636812	3	84	10	0.027
-0.785398	1.504028	0.636812	210	150	14	0.027
-1.570796	1.741644	-2.695914	215	86	209	0.027
2.356194	1.741644	-2.695914	198	57	0	0.027
2.617994	1.741644	-2.695914	202	79	211	0.027
-2.094395	2.174483	2.653697	6	145	0	0.027
-0.261799	2.174483	2.653697	193	133	0	0.027
2.879793	2.174483	2.653697	215	54	0	0.027
-2.617994	2.664082	-1.071402	203	57	5	0.027
0.000000	2.664082	-1.071402	206	87	3	0.027
0.261799	2.664082	-1.071402	206	129	2	0.027
2.356194	2.664082	-1.071402	194	86	3	0.027
2.617994	2.664082	-1.071402	188	82	8	0.027
2.879793	2.664082	-1.071402	182	130	8	0.027
-2.879793	2.579248	-2.364801	212	55	212	0.027
-1.832596	2.579248	-2.364801	6	130	215	0.027
-1.570796	2.579248	-2.364801	0	129	1	0.027
-1.047198	2.579248	-2.364801	204	129	6	0.027
1.308997	2.579248	-2.364801	188	87	7	0.027
1.570796	2.579248	-2.364801	189	135	11	0.027
1.832596	2.579248	-2.364801	182	78	6	0.027
2.094395	2.579248	-2.364801	183	84	7	0.027
-2.356194	0.899350	-2.069907	194	134	194	0.027
-1.308997	0.899350	-2.069907	197	88	205	0.027
0.523599	0.899350	-2.069907	208	135	204	0.027
1.047198	0.899350	-2.069907	199	89	204	0.027
1.308997	0.899350	-2.069907	203	129	197	0.027
2.356194	0.899350	-2.069907	203	140	195	0.027
-3.141593	2.984978	1.954446	204	129	17	0.027
-2.617994	2.984978	1.954446	198	133	11	0.027
-2.094395	2.984978	1.954446	212	133	9	0.027
-1.832596	2.984978	1.954446	209	130	4	0.027
-0.523599	2.984978	1.954446	203	145	8	0.027
0.000000	2.984978	1.954446	199	78	2	0.027
0.785398	2.984978	1.954446	199	88	17	0.027
1.308997	2.984978	1.954446	196	83	3	0.027
2.617994	2.984978	1.954446	209	84	15	0.027
2.879793	2.984978	1.954446	202	128	10	0.027
-1.047198	1.766067	2.153843	213	129	11	0.027
1.832596	1.766067	2.153843	193	57	4	0.027
-3.141593	1.809167	1.213774	193	130	12	0.027
-1.308997	1.809167	1.213774	1	84	14	0.027
0.785398	1.809167	1.213774	190	75	9	0.027
1.047198	1.809167	1.213774	186	129	9	0.027
2.356194	1.809167	1.213774	190	78	10	0.027
1.570796	1.135834	-1.431087	193	134	215	0.027
-1.047198	1.909857	-0.381669	208	87	7	0.027
0.785398	1.909857	-0.381669	207	85	1	0.027
1.570796	1.909857	-0.381669	197	87	12	0.027
2.094395	1.909857	-0.381669	184	129	0	0.027
-2.094395	1.195355	1.200319	205	54	16	0.027
-1.308997	1.195355	1.200319	0	146	9	0.027
-0.523599	1.195355	1.200319	207	129	17	0.027
-2.879793	1.310100	1.488307	205	57	11	0.027
-1.832596	2.153910	-1.714959	0	59	4	0.027
-0.785398	2.153910	-1.714959	207	134	210	0.027
2.617994	2.153910	-1.714959	192	60	5	0.027
-2.879793	1.134497	-1.109631	197	140	202	0.027
-2.356194	1.134497	-1.109631	207	53	212	0.027
-2.094395	1.134497	-1.109631	199	84	208	0.027
0.785398	1.134497	-1.109631	196	134	209	0.027
1.308997	1.134497	-1.109631	196	85	1	0.027
1.570796	1.134497	-1.109631	203	150	199	0.027
2.617994	1.134497	-1.109631	190	145	206	0.027
-2.617994	0.961715	0.014085	185	59	6	0.027
-2.356194	0.961715	0.014085	191	56	0	0.027
-1.308997	0.961715	0.014085	214	129	213	0.027
-0.785398	0.961715	0.014085	207	87	6	0.027
-0.523599	0.961715	0.014085	203	146	214	0.027
0.785398	0.961715	0.014085	194	150	214	0.027
-1.308997	1.367556	0.358405	211	130	4	0.027
1.832596	1.367556	0.358405	193	138	11	0.027
2.617994	1.367556	0.358405	192	86	9	0.027
-1.570796	1.440580	2.260026	211	128	215	0.027
-0.785398	2.863997	0.549740	211	140	13	0.027
0.261799	2.863997	0.549740	197	84	5	0.027
0.523599	2.863997	0.549740	200	84	14	0.027
1.047198	2.863997	0.549740	210	90	8	0.027
1.570796	2.863997	0.549740	198	84	4	0.027
2.094395	2.863997	0.549740	193	89	13	0.027
-2.356194	2.041297	-2.664597	212	54	7	0.027
0.261799	2.041297	-2.664597	208	129	2	0.027
0.785398	2.041297	-2.664597	194	145	215	0.027
1.047198	2.041297	-2.664597	189	89	2	0.027
2.356194	2.041297	-2.664597	206	52	211	0.027
2.617994	2.041297	-2.664597	198	84	2	0.027
2.879793	2.041297	-2.664597	215	54	206	0.027
-2.879793	1.045978	0.343692	198	87	9	0.027
-0.523599	1.045978	0.343692	213	130	10	0.027
-3.141593	0.290380	-0.796960	189	88	211	0.027
-2.617994	0.290380	-0.796960	175	74	204	0.027
-1.832596	0.290380	-0.796960	191	79	208	0.027
-1.570796	0.290380	-0.796960	215	88	211	0.027
-1.047198	0.290380	-0.796960	207	80	205	0.027
-0.785398	0.290380	-0.796960	208	78	202	0.027
-0.523599	0.290380	-0.796960	207	130	208	0.027
0.261799	0.290380	-0.796960	204	138	199	0.027
0.785398	0.290380	-0.796960	200	128	208	0.027
1.047198	0.290380	-0.796960	210	141	207	0.027
1.570796	0.290380	-0.796960	210	88	203	0.027
-0.523599	1.545873	-1.877082	201	129	207	0.027
-0.261799	1.545873	-1.877082	207	130	212	0.027
-2.617994	2.356369	3.005869	208	86	0	0.027
-2.356194	2.356369	3.005869	1	130	214	0.027
-1.832596	2.356369	3.005869	210	129	1	0.027
0.523599	2.356369	3.005869	177	89	4	0.027
1.308997	1.836682	-0.676006	193	85	9	0.027
1.047198	1.948085	-2.363031	185	133	214	0.027
2.617994	1.948085	-2.363031	196	63	201	0.027
2.879793	1.948085	-2.363031	200	54	207	0.027
-2.617994	1.736875	3.023612	204	138	207	0.027
-2.094395	1.736875	3.023612	7	84	209	0.027
-1.832596	1.736875	3.023612	215	81	213	0.027
-1.308997	1.736875	3.023612	213	129	214	0.027
-0.523599	1.736875	3.023612	205	129	211	0.027
1.570796	1.736875	3.023612	184	89	0	0.027
-1.570796	0.591903	2.010408	203	145	204	0.027
0.523599	0.591903	2.010408	191	129	211	0.027
0.785398	0.591903	2.010408	186	84	206	0.027
2.879793	0.591903	2.010408	204	68	0	0.027
-0.261799	2.760637	2.781135	197	139	212	0.027
0.000000	2.760637	2.781135	194	130	12	0.027
0.523599	2.760637	2.781135	182	88	6	0.027
-1.308997	1.256302	0.062705	206	71	213	0.027
-1.047198	1.256302	0.062705	13	79	10	0.027
1.832596	1.256302	0.062705	184	130	11	0.027
-3.141593	2.592629	0.909713	198	139	23	0.027
-2.094395	2.592629	0.909713	189	83	10	0.027
-1.308997	2.592629	0.909713	185	85	14	0.027
0.261799	2.592629	0.909713	207	134	9	0.027
1.570796	2.592629	0.909713	211	88	20	0.027
2.879793	2.592629	0.909713	210	144	11	0.027
-1.047198	1.113094	-0.272241	207	84	214	0.027
1.832596	1.113094	-0.272241	188	90	213	0.027
2.094395	1.113094	-0.272241	188	88	208	0.027
2.356194	1.113094	-0.272241	193	87	214	0.027
-3.141593	2.407836	1.410646	2	129	15	0.027
-1.570796	2.407836	1.410646	203	90	10	0.027
-1.308997	2.407836	1.410646	204	134	16	0.027
-1.047198	2.407836	1.410646	191	130	6	0.027
-0.523599	2.407836	1.410646	187	89	16	0.027
1.570796	2.407836	1.410646	204	129	19	0.027
2.094395	2.407836	1.410646	202	131	16	0.027
2.879793	2.407836	1.410646	205	131	14	0.027
-3.141593	2.089241	-0.114193	177	138	1	0.027
-0.523599	2.089241	-0.114193	212	138	6	0.027
0.261799	2.089241	-0.114193	0	129	3	0.027
2.356194	2.089241	-0.114193	186	129	12	0.027
0.000000	0.619654	-2.216909	198	134	204	0.027
0.261799	0.619654	-2.216909	204	77	203	0.027
1.832596	0.619654	-2.216909	215	129	204	0.027
2.094395	0.619654	-2.216909	209	79	203	0.027
2.617994	0.619654	-2.216909	199	88	191	0.027
-1.832596	2.456751	-1.503343	3	84	215	0.027
-1.308997	2.456751	-1.503343	212	90	215	0.027
0.000000	2.456751	-1.503343	198	130	0	0.027
0.261799	2.456751	-1.503343	208	136	3	0.027
0.523599	2.456751	-1.503343	204	134	209	0.027
1.047198	2.456751	-1.503343	198	130	7	0.027
2.356194	2.456751	-1.503343	184	135	9	0.027
-1.047198	2.001437	0.381215	205	130	14	0.027
-0.261799	2.001437	0.381215	209	145	12	0.027
0.523599	2.001437	0.381215	197	83	17	0.027
1.832596	2.001437	0.381215	189	135	20	0.027
2.356194	2.001437	0.381215	187	84	7	0.027
2.617994	2.001437	0.381215	199	135	15	0.027
-2.617994	2.138223	1.678323	215	88	11	0.027
1.047198	2.138223	1.678323	202	60	23	0.027
1.308997	2.138223	1.678323	195	134	4	0.027
-2.617994	2.349581	-2.702517	208	90	211	0.027
-1.832596	2.349581	-2.702517	1	87	211	0.027
-1.570796	2.349581	-2.702517	3	129	212	0.027
-0.523599	2.349581	-2.702517	200	135	5	0.027
0.000000	2.349581	-2.702517	180	129	4	0.027
0.261799	2.349581	-2.702517	179	151	215	0.027
0.523599	2.349581	-2.702517	184	128	0	0.027
1.308997	2.349581	-2.702517	188	88	214	0.027
1.570796	2.349581	-2.702517	180	84	4	0.027
1.832596	1.168678	2.108595	196	80	7	0.027
-2.356194	2.180315	-1.357379	206	70	215	0.027
-0.261799	2.180315	-1.357379	4	90	213	0.027
1.308997	2.180315	-1.357379	198	130	7	0.027
2.356194	2.180315	-1.357379	187	129	215	0.027
-3.141593	2.478122	2.609777	205	88	7	0.027
-2.879793	2.478122	2.609777	8	135	14	0.027
-2.617994	2.478122	2.609777	4	150	9	0.027
-1.308997	2.478122	2.609777	213	87	6	0.027
0.785398	2.478122	2.609777	182	80	13	0.027
1.308997	2.478122	2.609777	179	129	4	0.027
2.094395	2.478122	2.609777	202	59	14	0.027
-2.879793	1.699788	2.452890	0	135	8	0.027
0.000000	1.184361	0.625864	192	130	13	0.027
2.879793	1.184361	0.625864	200	84	5	0.027
-2.356194	2.108018	1.311430	3	140	19	0.027
-1.047198	2.108018	1.311430	192	129	19	0.027
-0.261799	2.108018	1.311430	191	150	19	0.027
0.523599	2.108018	1.311430	190	135	14	0.027
2.094395	2.108018	1.311430	197	87	4	0.027
2.356194	2.108018	1.311430	203	133	21	0.027
0.000000	1.488617	1.159546	206	89	14	0.027
0.261799	1.488617	1.159546	195	89	13	0.027
-0.523599	1.325504	-1.671296	207	128	207	0.027
0.000000	1.325504	-1.671296	203	129	204	0.027
0.261799	1.325504	-1.671296	201	129	201	0.027
-3.141593	1.606104	-0.451151	187	84	213	0.027
-1.832596	1.606104	-0.451151	207	84	8	0.027
-1.570796	1.606104	-0.451151	214	84	12	0.027
1.832596	1.606104	-0.451151	193	134	2	0.027
-1.832596	1.977582	0.969896	205	140	18	0.027
-0.523599	1.977582	0.969896	199	130	19	0.027
0.261799	1.977582	0.969896	195	129	17	0.027
1.047198	1.977582	0.969896	189	134	17	0.027
1.832596	1.977582	0.969896	196	129	16	0.027
-2.879793	2.637879	2.121598	209	81	4	0.027
-2.617994	2.637879	2.121598	198	133	9	0.027
-2.356194	2.637879	2.121598	211	129	7	0.027
-1.308997	2.637879	2.121598	188	130	9	0.027
-0.261799	2.637879	2.121598	180	130	13	0.027
2.094395	2.637879	2.121598	208	88	16	0.027
-1.832596	1.218453	2.777284	5	87	209	0.027
-1.047198	1.218453	2.777284	203	129	210	0.027
-0.785398	1.218453	2.777284	207	145	210	0.027
-0.523599	1.218453	2.777284	207	130	206	0.027
0.523599	1.218453	2.777284	197	83	207	0.027
1.570796	1.218453	2.777284	196	84	204	0.027
2.879793	1.218453	2.777284	210	59	1	0.027
1.832596	1.555207	1.708892	200	60	8	0.027
-3.141593	2.295480	1.008277	189	129	11	0.027
-2.879793	2.295480	1.008277	198	135	16	0.027
-1.570796	2.295480	1.008277	205	129	19	0.027
-1.308997	2.295480	1.008277	203	139	24	0.027
-0.523599	2.295480	1.008277	213	150	16	0.027
0.261799	2.295480	1.008277	200	88	18	0.027
0.785398	2.295480	1.008277	213	84	17	0.027
1.570796	2.295480	1.008277	189	68	17	0.027
-3.141593	0.203748	0.590255	209	58	213	0.027
-2.879793	0.203748	0.590255	205	134	202	0.027
-2.094395	0.203748	0.590255	212	130	213	0.027
-1.832596	0.203748	0.590255	7	90	210	0.027
-1.570796	0.203748	0.590255	201	81	203	0.027
-1.047198	0.203748	0.590255	209	129	208	0.027
-0.261799	0.203748	0.590255	192	129	207	0.027
0.261799	0.203748	0.590255	201	131	208	0.027
1.308997	0.203748	0.590255	195	143	212	0.027
1.832596	0.203748	0.590255	185	88	210	0.027
2.356194	0.203748	0.590255	197	84	202	0.027
-2.094395	1.510910	-0.740472	196	140	2	0.027
-1.832596	1.510910	-0.740472	209	84	2	0.027
-1.570796	1.510910	-0.740472	213	82	0	0.027
-1.308997	1.510910	-0.740472	0	84	2	0.027
2.879793	1.510910	-0.740472	189	134	215	0.027
-2.879793	0.571433	-1.188419	194	129	202	0.027
-0.785398	0.571433	-1.188419	210	84	206	0.027
-0.261799	0.571433	-1.188419	215	88	207	0.027
0.000000	0.571433	-1.188419	209	83	202	0.027
2.094395	0.571433	-1.188419	189	134	210	0.027
-3.141593	1.982574	-1.115518	196	75	0	0.027
1.832596	1.982574	-1.115518	182	131	214	0.027
-2.094395	2.033014	2.977192	0	130	215	0.027
-1.832596	2.033014	2.977192	211	134	215	0.027
-1.570796	2.033014	2.977192	212	141	7	0.027
-1.308997	2.033014	2.977192	215	140	213	0.027
-0.261799	2.033014	2.977192	199	129	215	0.027
0.261799	2.033014	2.977192	181	130	213	0.027
1.308997	2.033014	2.977192	181	130	215	0.027
2.617994	2.033014	2.977192	193	88	210	0.027
-1.047198	0.297065	2.160177	192	84	197	0.027
-0.785398	0.297065	2.160177	206	130	212	0.027
0.000000	0.297065	2.160177	183	130	197	0.027
2.617994	0.297065	2.160177	210	88	211	0.027
-2.356194	0.080730	-2.622036	201	130	211	0.027
-1.832596	0.080730	-2.622036	206	85	211	0.027
-1.047198	0.080730	-2.622036	188	129	210	0.027
-0.261799	0.080730	-2.622036	188	79	207	0.027
1.570796	0.080730	-2.622036	201	84	201	0.027
1.832596	0.080730	-2.622036	213	129	205	0.027
2.879793	0.080730	-2.622036	205	135	195	0.027
-2.879793	1.242974	-2.977882	207	74	210	0.027
-2.617994	1.242974	-2.977882	214	133	210	0.027
0.785398	1.242974	-2.977882	189	89	211	0.027
-2.617994	0.992645	-1.723759	185	140	198	0.027
-2.356194	0.992645	-1.723759	186	83	204	0.027
-1.308997	0.992645	-1.723759	199	140	194	0.027
-0.785398	0.992645	-1.723759	200	150	194	0.027
1.832596	0.992645	-1.723759	193	129	203	0.027
-3.141593	2.104282	-0.813972	194	85	215	0.027
0.523599	2.104282	-0.813972	204	146	5	0.027
1.308997	2.104282	-0.813972	200	130	8	0.027
-0.785398	1.872854	1.543456	196	139	18	0.027
0.785398	1.872854	1.543456	185	87	7	0.027
1.047198	1.872854	1.543456	190	129	12	0.027
-2.879793	0.762244	-0.273349	197	58	202	0.027
-2.094395	0.762244	-0.273349	208	134	215	0.027
-1.047198	0.762244	-0.273349	212	128	211	0.027
-2.879793	1.050534	3.042579	208	88	205	0.027
-2.617994	1.050534	3.042579	211	129	205	0.027
-2.356194	1.050534	3.042579	202	130	205	0.027
-2.094395	1.050534	3.042579	2	80	208	0.027
-0.523599	1.050534	3.042579	197	129	208	0.027
0.261799	1.050534	3.042579	195	129	209	0.027
0.785398	1.050534	3.042579	195	129	206	0.027
-1.308997	1.721184	-0.153948	3	88	2	0.027
-0.523599	1.721184	-0.153948	5	129	4	0.027
2.094395	1.721184	-0.153948	186	134	5	0.027
-1.832596	0.733948	3.021411	200	128	204	0.027
-1.570796	0.733948	3.021411	209	134	208	0.027
0.261799	0.733948	3.021411	194	129	202	0.027
1.047198	0.733948	3.021411	189	84	205	0.027
1.570796	0.733948	3.021411	211	59	195	0.027
1.832596	0.733948	3.021411	211	85	196	0.027
-3.141593	2.588535	-2.976617	195	138	214	0.027
-1.832596	2.588535	-2.976617	8	129	8	0.027
-1.047198	2.588535	-2.976617	213	132	7	0.027
-2.617994	1.391910	3.030322	208	146	210	0.027
-2.094395	1.391910	3.030322	210	140	215	0.027
-1.047198	1.391910	3.030322	203	145	203	0.027
0.261799	1.391910	3.030322	197	146	210	0.027
1.570796	1.391910	3.030322	192	75	205	0.027
2.356194	1.391910	3.030322	192	56	202	0.027
2.617994	1.391910	3.030322	198	89	0	0.027
-2.617994	0.685216	-1.712745	204	88	205	0.027
-2.356194	0.685216	-1.712745	190	130	195	0.027
0.523599	0.685216	-1.712745	210	129	204	0.027
0.785398	0.685216	-1.712745	196	130	197	0.027
1.308997	0.685216	-1.712745	203	140	206	0.027
-2.879793	2.063651	-2.044600	205	60	204	0.027
-0.785398	2.063651	-2.044600	205	135	203	0.027
-0.523599	2.063651	-2.044600	205	129	205	0.027
0.523599	2.063651	-2.044600	201	130	206	0.027
1.308997	2.063651	-2.044600	179	129	209	0.027
1.570796	2.063651	-2.044600	190	129	203	0.027
1.832596	2.063651	-2.044600	185	150	3	0.027
-1.832596	0.700570	1.559208	3	80	214	0.027
-1.570796	0.700570	1.559208	202	130	211	0.027
-1.308997	0.700570	1.559208	2	129	5	0.027
-0.785398	0.700570	1.559208	197	129	209	0.027
0.000000	0.700570	1.559208	204	130	0	0.027
-0.261799	1.025536	1.576859	204	129	5	0.027
-1.570796	2.251330	-2.330739	213	140	210	0.027
-0.785398	2.251330	-2.330739	207	84	214	0.027
0.523599	2.251330	-2.330739	175	58	0	0.027
1.047198	2.251330	-2.330739	178	87	207	0.027
1.832596	2.251330	-2.330739	192	140	0	0.027
-2.356194	1.374601	-2.456031	0	88	205	0.027
-2.094395	1.374601	-2.456031	211	134	200	0.027
-0.785398	1.374601	-2.456031	203	129	208	0.027
-0.523599	1.732874	-0.951685	0	145	1	0.027
1.832596	1.732874	-0.951685	193	135	3	0.027
-2.617994	0.960688	-0.577532	179	75	207	0.027
-0.785398	0.960688	-0.577532	0	129	215	0.027
1.570796	0.960688	-0.577532	187	75	207	0.027
2.094395	0.960688	-0.577532	194	130	0	0.027
2.356194	0.960688	-0.577532	193	134	209	0.027
1.308997	1.824694	1.850876	192	78	18	0.027
1.570796	1.824694	1.850876	187	146	17	0.027
2.617994	1.824694	1.850876	210	58	17	0.027
-3.141593	2.704512	1.488683	214	150	8	0.027
-1.570796	2.704512	1.488683	209	89	18	0.027
-1.047198	2.704512	1.488683	199	129	20	0.027
0.000000	2.704512	1.488683	197	85	15	0.027
1.047198	2.704512	1.488683	201	86	11	0.027
2.094395	2.704512	1.488683	207	90	17	0.027
-2.094395	0.910508	1.903534	7	129	5	0.027
-1.832596	0.910508	1.903534	206	129	2	0.027
-1.570796	0.910508	1.903534	198	84	2	0.027
-1.308997	0.910508	1.903534	209	134	10	0.027
-1.047198	0.910508	1.903534	194	145	3	0.027
-0.523599	0.910508	1.903534	195	134	0	0.027
-2.356194	0.929350	-2.910676	214	130	206	0.027
-1.570796	0.929350	-2.910676	203	139	198	0.027
-1.308997	0.929350	-2.910676	194	88	199	0.027
-1.047198	0.929350	-2.910676	209	88	205	0.027
-0.785398	0.929350	-2.910676	198	87	199	0.027
0.000000	0.929350	-2.910676	186	151	208	0.027
2.094395	0.929350	-2.910676	207	68	206	0.027
-1.047198	1.128190	-2.288622	204	88	205	0.027
0.785398	1.128190	-2.288622	197	79	201	0.027
-2.617994	2.881233	-2.582574	206	84	8	0.027
-2.094395	2.881233	-2.582574	201	59	7	0.027
-1.832596	2.881233	-2.582574	213	83	11	0.027
-1.308997	2.881233	-2.582574	7	134	5	0.027
-0.785398	2.881233	-2.582574	204	134	12	0.027
-0.261799	2.881233	-2.582574	192	136	1	0.027
0.000000	2.881233	-2.582574	193	134	2	0.027
0.261799	2.881233	-2.582574	183	129	4	0.027
0.523599	2.881233	-2.582574	191	84	7	0.027
0.785398	2.881233	-2.582574	194	130	13	0.027
1.047198	2.881233	-2.582574	178	86	214	0.027
2.617994	2.881233	-2.582574	210	84	3	0.027
-3.141593	1.696674	-1.253233	189	86	2	0.027
-0.785398	1.696674	-1.253233	212	133	212	0.027
-1.570796	1.683268	0.374177	208	89	7	0.027
2.356194	1.683268	0.374177	183	130	12	0.027
1.570796	2.073035	2.027405	185	84	4	0.027
1.832596	2.073035	2.027405	203	83	7	0.027
2.094395	2.073035	2.027405	202	54	5	0.027
0.000000	1.875281	0.107086	199	130	8	0.027
2.094395	1.875281	0.107086	176	150	7	0.027
2.356194	1.875281	0.107086	200	134	10	0.027
-0.261799	1.301460	-0.509251	213	145	215	0.027
2.617994	1.301460	-0.509251	198	135	210	0.027
-0.785398	1.904882	-1.478089	210	150	5	0.027
-2.356194	0.709924	0.218797	200	68	214	0.027
-0.785398	0.709924	0.218797	3	88	215	0.027
2.356194	0.709924	0.218797	177	85	4	0.027
-2.879793	0.496451	0.593859	196	59	203	0.027
-2.094395	0.496451	0.593859	210	85	209	0.027
-1.832596	0.496451	0.593859	0	83	1	0.027
-1.570796	0.496451	0.593859	201	75	213	0.027
-1.308997	0.496451	0.593859	210	140	3	0.027
0.523599	0.496451	0.593859	198	130	210	0.027
1.832596	0.496451	0.593859	187	129	208	0.027
2.356194	0.496451	0.593859	190	75	2	0.027
-2.356194	2.379497	0.561089	195	87	15	0.027
-1.570796	2.379497	0.561089	215	131	6	0.027
-1.047198	2.379497	0.561089	200	129	15	0.027
-0.523599	2.379497	0.561089	0	134	16	0.027
0.000000	2.379497	0.561089	201	138	10	0.027
0.785398	2.379497	0.561089	197	86	11	0.027
1.308997	2.379497	0.561089	215	145	18	0.027
1.570796	2.379497	0.561089	213	87	13	0.027
1.832596	2.379497	0.561089	192	90	9	0.027
2.356194	2.379497	0.561089	200	129	21	0.027
-2.879793	1.433411	-1.035986	187	84	0	0.027
-2.617994	1.433411	-1.035986	189	74	2	0.027
2.617994	1.433411	-1.035986	192	150	215	0.027
2.879793	1.433411	-1.035986	195	134	0	0.027
-1.832596	1.658653	-2.409879	215	84	213	0.027
-1.308997	1.658653	-2.409879	199	130	200	0.027
-0.785398	1.658653	-2.409879	207	89	202	0.027
2.617994	1.658653	-2.409879	209	90	201	0.027
-3.141593	0.418037	1.360082	209	87	214	0.027
-1.832596	0.418037	1.360082	13	130	215	0.027
-1.308997	0.418037	1.360082	211	145	2	0.027
0.000000	0.418037	1.360082	187	129	207	0.027
0.785398	0.418037	1.360082	185	133	213	0.027
2.617994	0.418037	1.360082	195	60	210	0.027
-1.570796	1.214854	-1.966664	199	68	197	0.027
-1.047198	1.214854	-1.966664	205	84	200	0.027
-0.785398	1.214854	-1.966664	195	129	202	0.027
-0.523599	1.214854	-1.966664	197	129	192	0.027
1.047198	1.214854	-1.966664	197	129	205	0.027
1.570796	1.214854	-1.966664	191	129	203	0.027
2.094395	1.214854	-1.966664	199	84	192	0.027
2.356194	1.214854	-1.966664	190	137	204	0.027
-0.261799	0.914445	2.687814	183	133	214	0.027
2.094395	0.914445	2.687814	187	83	206	0.027
-2.094395	1.135813	-2.658866	209	130	206	0.027
0.523599	1.135813	-2.658866	192	128	205	0.027
1.570796	1.135813	-2.658866	207	129	203	0.027
2.617994	1.135813	-2.658866	202	84	199	0.027
2.879793	1.135813	-2.658866	200	130	201	0.027
-1.308997	1.448123	-2.163292	207	88	206	0.027
-0.523599	1.448123	-2.163292	203	129	208	0.027
-0.261799	1.448123	-2.163292	200	129	192	0.027
0.785398	1.448123	-2.163292	197	89	201	0.027
1.308997	1.448123	-2.163292	200	130	198	0.027
-1.308997	2.455966	-0.641220	212	89	7	0.027
1.047198	2.455966	-0.641220	207	84	5	0.027
1.308997	2.455966	-0.641220	200	132	12	0.027
1.832596	2.455966	-0.641220	198	140	14	0.027
2.356194	2.455966	-0.641220	184	133	215	0.027
2.617994	2.455966	-0.641220	182	130	10	0.027
-2.356194	1.662363	0.915448	206	85	19	0.027
-2.094395	1.662363	0.915448	212	87	11	0.027
-1.832596	1.662363	0.915448	209	84	11	0.027
-0.523599	1.662363	0.915448	204	134	5	0.027
0.785398	1.662363	0.915448	184	139	13	0.027
1.570796	1.662363	0.915448	190	130	22	0.027
0.000000	1.574060	2.783565	194	78	0	0.027
0.785398	1.325504	-1.671296	189	84	202	0.027
0.261799	2.104282	-0.813972	208	84	13	0.027
0.523599	1.554776	0.100351	192	77	214	0.027
-0.785398	2.108018	1.311430	200	68	20	0.027
0.000000	2.115563	0.685730	202	74	14	0.027
2.094395	1.998705	2.370472	202	64	9	0.027
0.523599	1.504028	0.636812	199	88	1	0.027
2.879793	1.741644	-2.695914	208	63	207	0.027
2.879793	2.153910	-1.714959	189	68	213	0.027
-0.523599	2.356369	3.005869	210	83	3	0.027
1.308997	2.592629	0.909713	192	68	12	0.027
-1.308997	0.571433	-1.188419	203	63	199	0.027
-2.617994	2.104282	-0.813972	192	68	7	0.027
1.832596	1.374601	-2.456031	191	63	202	0.027
-2.094395	0.960688	-0.577532	193	61	211	0.027
0.523599	1.696674	-1.253233	208	85	212	0.027
0.785398	1.696674	-1.253233	194	83	0	0.027
-0.261799	1.875281	0.107086	208	78	8	0.027
2.879793	1.448123	-2.163292	202	70	194	0.027
-2.094395	2.247462	0.191623	189	63	16	0.027
1.308997	1.875281	0.107086	197	69	4	0.027
-0.523599	2.299159	2.264663	178	77	7	0.027
-2.617994	2.579248	-2.364801	213	62	8	0.027
-3.141593	2.456751	-1.503343	190	64	2	0.027
-0.261799	1.417623	-0.202254	209	74	210	0.027
0.000000	1.113094	-0.272241	206	80	5	0.027
1.047198	1.135834	-1.431087	204	79	204	0.027
2.879793	1.846342	-1.796954	203	63	202	0.027
-2.617994	2.343981	-1.040456	190	63	7	0.027
2.617994	1.128190	-2.288622	193	63	190	0.027
1.570796	1.599406	1.426070	190	68	16	0.027
-2.879793	0.618092	2.539118	196	79	208	0.027
-0.785398	1.846342	-1.796954	215	73	213	0.027
-1.308997	2.393226	1.857173	213	83	15	0.027
2.356194	0.831641	0.616218	182	70	1	0.027
-1.308997	1.998705	2.370472	213	88	13	0.027
0.261799	0.906588	1.252948	184	79	214	0.027
2.617994	1.812176	0.656819	194	63	12	0.027
0.785398	2.719179	-1.780644	180	89	10	0.027
2.356194	0.866395	-2.492918	192	69	192	0.027
0.785398	1.014500	0.906702	191	87	3	0.027
0.785398	0.899350	-2.069907	210	76	201	0.027
0.523599	2.984978	1.954446	186	74	17	0.027
-0.261799	0.961715	0.014085	202	84	1	0.027
-1.047198	2.356369	3.005869	198	79	213	0.027
-1.047198	1.836682	-0.676006	215	75	212	0.027
-3.141593	0.591903	2.010408	205	63	1	0.027
-0.785398	2.349581	-2.702517	207	84	211	0.027
0.000000	0.203748	0.590255	213	87	209	0.027
0.785398	1.982574	-1.115518	201	79	5	0.027
1.308997	0.080730	-2.622036	208	64	200	0.027
-1.570796	1.242974	-2.977882	197	80	212	0.027
2.617994	1.872854	1.543456	208	68	7	0.027
0.523599	0.960688	-0.577532	194	77	210	0.027
-0.261799	1.683268	0.374177	208	80	12	0.027
-0.261799	1.310100	1.488307	206	78	10	0.027
0.261799	1.184361	0.625864	204	79	5	0.027
2.356194	1.555207	1.708892	205	63	15	0.027
2.879793	1.872854	1.543456	214	68	9	0.027
-0.261799	1.869911	2.701025	194	84	210	0.027
2.617994	1.809167	1.213774	207	68	14	0.027
-2.356194	1.195355	1.200319	2	63	14	0.027
1.832596	1.195355	1.200319	190	63	11	0.027
0.785398	2.153910	-1.714959	191	87	208	0.027
-0.785398	0.591903	2.010408	195	68	200	0.027
-2.879793	2.592629	0.909713	189	80	13	0.027
0.000000	2.001437	0.381215	209	74	12	0.027
-0.261799	0.700570	1.559208	188	83	210	0.027
0.000000	1.696674	-1.253233	213	84	215	0.027
-2.356194	1.824694	1.850876	215	73	14	0.027
-1.047198	1.948085	-2.363031	214	75	201	0.027
0.000000	1.555207	1.708892	191	79	13	0.027
-2.879793	2.104282	-0.813972	193	64	7	0.027
0.261799	2.115563	0.685730	196	74	11	0.027
1.047198	1.599406	1.426070	187	76	18	0.027
-2.094395	1.413430	2.550734	2	78	1	0.027
-3.141593	2.343981	-1.040456	188	68	0	0.027
2.094395	2.664082	-1.071402	191	79	6	0.027
-1.832596	1.766067	2.153843	210	77	5	0.027
0.000000	1.195355	1.200319	183	85	8	0.027
1.832596	2.138223	1.678323	209	63	13	0.027
2.356194	1.606104	-0.451151	189	74	3	0.027
-2.617994	0.297065	2.160177	211	65	202	0.027
-2.094395	2.704512	1.488683	186	78	18	0.027
-1.832596	2.704512	1.488683	208	84	13	0.027
-1.832596	1.875281	0.107086	206	63	11	0.027
-0.261799	0.709924	0.218797	211	84	207	0.027
0.523599	0.418037	1.360082	194	84	0	0.027
-1.047198	1.310100	1.488307	207	74	18	0.027
0.000000	1.504028	0.636812	197	84	4	0.026
-0.523599	0.619654	-2.216909	194	67	193	0.026
2.617994	2.104282	-0.813972	184	75	8	0.026
2.617994	2.251330	-2.330739	188	63	213	0.026
-0.261799	1.128190	-2.288622	199	75	195	0.026
-0.785398	0.379747	-1.713059	201	63	204	0.026
2.094395	1.045978	0.343692	189	63	212	0.026
-0.261799	1.488617	1.159546	196	75	8	0.026
-0.523599	1.599406	1.426070	194	74	15	0.026
2.879793	1.756530	-2.105156	192	74	200	0.026
1.047198	1.869911	2.701025	189	64	8	0.026
2.094395	1.869911	2.701025	191	66	4	0.026
-3.141593	0.458961	-0.107937	189	65	205	0.026
-0.523599	0.458961	-0.107937	214	79	207	0.026
1.308997	1.554776	0.100351	186	88	3	0.026
2.094395	1.569311	-3.003978	194	68	210	0.026
0.261799	1.574060	2.783565	194	80	1	0.026
-3.141593	2.587733	0.232235	189	83	14	0.026
2.617994	1.417623	-0.202254	190	78	1	0.026
-1.832596	0.640596	-2.797608	201	87	202	0.026
0.785398	2.979456	-1.009304	198	77	10	0.026
2.356194	2.343981	-1.040456	179	84	1	0.026
-0.785398	2.164094	-2.991358	207	90	207	0.026
0.523599	2.164094	-2.991358	175	86	214	0.026
-2.617994	2.187132	-0.479875	188	73	7	0.026
1.308997	2.187132	-0.479875	196	80	214	0.026
-1.832596	2.299159	2.264663	205	85	2	0.026
2.094395	1.812176	0.656819	194	79	12	0.026
2.879793	1.812176	0.656819	201	79	7	0.026
-1.832596	2.719179	-1.780644	200	76	13	0.026
-0.523599	0.866395	-2.492918	205	75	209	0.026
-3.141593	2.247462	0.191623	190	83	16	0.026
1.832596	1.741644	-2.695914	187	62	207	0.026
-3.141593	0.899350	-2.069907	196	84	194	0.026
-1.570796	1.195355	1.200319	1	75	8	0.026
2.356194	1.195355	1.200319	200	68	3	0.026
-1.308997	1.134497	-1.109631	201	78	207	0.026
1.047198	0.961715	0.014085	190	74	3	0.026
-1.570796	2.041297	-2.664597	214	77	1	0.026
0.523599	2.041297	-2.664597	181	89	214	0.026
-2.617994	1.045978	0.343692	199	68	5	0.026
-2.094395	0.290380	-0.796960	192	73	205	0.026
1.832596	1.545873	-1.877082	194	84	208	0.026
-1.308997	2.356369	3.005869	200	87	211	0.026
2.617994	2.356369	3.005869	211	68	215	0.026
2.879793	2.356369	3.005869	3	73	3	0.026
1.832596	1.736875	3.023612	188	63	211	0.026
-2.617994	2.760637	2.781135	212	75	5	0.026
-1.570796	2.760637	2.781135	207	84	16	0.026
-2.356194	1.256302	0.062705	199	63	4	0.026
1.047198	1.256302	0.062705	199	80	10	0.026
1.308997	1.256302	0.062705	206	79	215	0.026
0.523599	1.113094	-0.272241	194	84	1	0.026
2.879793	2.089241	-0.114193	185	79	215	0.026
2.356194	0.619654	-2.216909	212	83	204	0.026
-2.356194	2.001437	0.381215	203	72	8	0.026
0.785398	2.001437	0.381215	196	83	12	0.026
0.523599	2.180315	-1.357379	193	84	0	0.026
1.570796	1.184361	0.625864	186	83	18	0.026
-1.308997	1.488617	1.159546	209	85	15	0.026
-1.047198	1.325504	-1.671296	212	80	204	0.026
-1.570796	1.977582	0.969896	202	68	15	0.026
2.094395	1.977582	0.969896	198	74	20	0.026
0.261799	2.637879	2.121598	178	79	15	0.026
0.261799	1.218453	2.777284	190	84	207	0.026
-1.047198	2.295480	1.008277	205	78	14	0.026
-1.570796	0.571433	-1.188419	204	71	205	0.026
1.570796	0.571433	-1.188419	204	89	203	0.026
2.356194	2.033014	2.977192	201	73	4	0.026
-3.141593	0.297065	2.160177	4	70	201	0.026
2.356194	1.242974	-2.977882	215	68	205	0.026
0.000000	0.992645	-1.723759	204	86	204	0.026
1.047198	2.104282	-0.813972	195	84	7	0.026
2.617994	0.733948	3.021411	209	73	209	0.026
1.832596	2.588535	-2.976617	183	64	0	0.026
-1.832596	0.685216	-1.712745	189	68	197	0.026
0.785398	2.063651	-2.044600	183	83	204	0.026
-2.356194	0.700570	1.559208	201	79	215	0.026
2.356194	0.700570	1.559208	205	68	4	0.026
1.570796	1.025536	1.576859	195	74	7	0.026
-1.308997	1.374601	-2.456031	193	87	198	0.026
-1.047198	0.960688	-0.577532	200	75	204	0.026
0.261799	2.704512	1.488683	188	76	16	0.026
-0.785398	0.910508	1.903534	203	90	213	0.026
-0.785398	1.128190	-2.288622	201	84	207	0.026
2.094395	2.881233	-2.582574	182	68	8	0.026
-2.094395	2.073035	2.027405	213	74	8	0.026
-1.308997	1.875281	0.107086	213	70	4	0.026
1.570796	1.875281	0.107086	197	89	17	0.026
1.832596	1.875281	0.107086	193	79	15	0.026
-1.308997	0.709924	0.218797	203	75	213	0.026
-1.047198	1.658653	-2.409879	202	84	203	0.026
-0.785398	0.418037	1.360082	206	90	211	0.026
2.356194	1.448123	-2.163292	207	75	201	0.026
2.879793	2.455966	-0.641220	177	79	2	0.026
-0.261799	1.662363	0.915448	214	84	14	0.026
0.785398	1.184361	0.625864	195	75	13	0.026
-2.617994	2.379497	0.561089	189	68	13	0.026
2.879793	2.724429	-0.348782	174	63	10	0.026
-0.785398	2.478122	2.609777	200	73	13	0.026
0.000000	1.741644	-2.695914	202	85	212	0.026
2.879793	1.766067	2.153843	204	68	10	0.026
0.000000	1.510910	-0.740472	209	88	2	0.026
-2.617994	1.998705	2.370472	5	66	1	0.026
-0.261799	0.906588	1.252948	186	84	0	0.026
1.308997	1.135834	-1.431087	196	75	208	0.026
-0.261799	1.756530	-2.105156	197	89	206	0.026
-2.094395	2.587733	0.232235	190	70	18	0.026
-0.523599	1.335669	0.897240	208	86	215	0.026
-3.141593	0.866395	-2.492918	199	74	199	0.026
-0.785398	2.579248	-2.364801	189	69	3	0.026
1.047198	1.134497	-1.109631	202	84	214	0.026
1.047198	0.591903	2.010408	188	70	211	0.026
-0.261799	1.256302	0.062705	215	86	8	0.026
0.523599	1.875281	0.107086	210	82	10	0.026
-0.261799	1.658653	-2.409879	198	90	200	0.026
-0.785398	1.440580	2.260026	196	84	2	0.026
2.617994	2.719179	-1.780644	183	63	4	0.026
2.094395	2.349581	-2.702517	177	65	213	0.026
2.617994	1.721184	-0.153948	183	68	215	0.026
0.261799	1.433411	-1.035986	0	87	211	0.026
0.261799	1.413347	-1.339188	215	76	211	0.026
-0.261799	1.135813	-2.658866	192	81	205	0.026
0.785398	0.906588	1.252948	189	70	5	0.026
0.785398	1.545873	-1.877082	203	79	197	0.026
0.000000	2.251330	-2.330739	194	87	206	0.026
-3.141593	2.404280	-0.174044	175	80	14	0.026
-2.094395	2.404280	-0.174044	195	68	15	0.026
-3.141593	0.618092	2.539118	207	75	199	0.026
2.356194	0.615174	-0.666022	194	75	211	0.026
-2.879793	2.393226	1.857173	199	81	10	0.026
-0.261799	1.413347	-1.339188	208	89	211	0.026
0.000000	1.335669	0.897240	206	88	13	0.026
-0.261799	1.812176	0.656819	201	84	15	0.026
0.261799	2.719179	-1.780644	188	84	2	0.026
-0.523599	1.617114	-1.572037	203	87	206	0.026
2.094395	1.617114	-1.572037	187	80	208	0.026
-1.047198	0.864993	2.278281	208	83	1	0.026
0.261799	2.247462	0.191623	209	79	6	0.026
1.570796	2.664082	-1.071402	178	87	1	0.026
-2.094395	0.899350	-2.069907	205	74	197	0.026
2.617994	0.899350	-2.069907	196	78	194	0.026
-0.261799	1.809167	1.213774	191	84	10	0.026
1.570796	1.367556	0.358405	194	79	10	0.026
-0.523599	2.863997	0.549740	208	63	13	0.026
-1.047198	2.041297	-2.664597	208	84	207	0.026
-1.570796	1.045978	0.343692	214	67	3	0.026
1.570796	1.045978	0.343692	195	84	2	0.026
1.570796	2.356369	3.005869	188	63	1	0.026
1.832596	2.356369	3.005869	178	67	211	0.026
0.523599	1.948085	-2.363031	186	83	201	0.026
0.785398	2.407836	1.410646	200	67	17	0.026
1.308997	2.456751	-1.503343	196	84	3	0.026
1.047198	2.180315	-1.357379	192	87	1	0.026
-0.785398	1.325504	-1.671296	207	83	210	0.026
-0.261799	2.295480	1.008277	202	74	7	0.026
2.617994	2.295480	1.008277	194	84	17	0.026
1.570796	1.982574	-1.115518	199	79	212	0.026
2.617994	1.982574	-1.115518	193	74	213	0.026
2.879793	1.982574	-1.115518	197	68	7	0.026
0.785398	2.588535	-2.976617	200	75	3	0.026
2.879793	2.588535	-2.976617	215	66	0	0.026
-0.523599	0.700570	1.559208	201	89	5	0.026
-1.047198	2.251330	-2.330739	205	87	205	0.026
1.832596	0.910508	1.903534	197	67	211	0.026
1.570796	0.929350	-2.910676	206	63	201	0.026
0.261799	1.128190	-2.288622	193	79	196	0.026
1.570796	0.496451	0.593859	200	78	213	0.026
-3.141593	2.455966	-0.641220	175	75	1	0.026
0.785398	2.455966	-0.641220	207	79	8	0.026
2.617994	1.545873	-1.877082	187	63	200	0.026
0.261799	2.396274	-1.959260	191	78	211	0.026
0.261799	0.458961	-0.107937	194	161	208	0.026
-0.523599	1.766067	2.153843	198	69	13	0.026
0.000000	1.045978	0.343692	206	71	10	0.026
-0.261799	1.699788	2.452890	193	75	204	0.026
-0.261799	1.242974	-2.977882	187	68	208	0.026
0.000000	1.374601	-2.456031	191	75	211	0.026
-2.879793	2.164094	-2.991358	204	65	214	0.026
-3.141593	2.187132	-0.479875	188	68	13	0.026
-2.356194	2.396274	-1.959260	11	63	212	0.026
-2.879793	2.138223	1.678323	206	79	22	0.026
-0.523599	1.699788	2.452890	195	84	4	0.026
0.523599	1.128190	-2.288622	195	73	200	0.026
0.261799	0.685216	-1.712745	207	68	201	0.026
-0.523599	1.574060	2.783565	191	79	212	0.026
-0.523599	1.812176	0.656819	205	70	18	0.026
1.308997	0.709924	0.218797	179	81	0	0.026
0.000000	1.367556	0.358405	198	77	13	0.026
-2.879793	1.948085	-2.363031	207	63	213	0.026
-0.261799	1.367556	0.358405	214	161	8	0.026
-0.261799	2.115563	0.685730	205	68	20	0.026
1.570796	0.674054	1.013609	179	63	214	0.026
-1.047198	2.187132	-0.479875	193	69	8	0.026
0.261799	1.741644	-2.695914	185	84	208	0.026
2.356194	1.766067	2.153843	209	64	11	0.026
0.261799	1.367556	0.358405	203	84	9	0.026
1.570796	2.456751	-1.503343	178	83	213	0.026
0.000000	1.699788	2.452890	181	83	213	0.026
1.308997	1.977582	0.969896	188	65	7	0.026
-3.141593	0.080730	-2.622036	201	78	213	0.026
-2.356194	2.251330	-2.330739	5	64	213	0.026
2.356194	1.374601	-2.456031	212	64	200	0.026
0.523599	1.301460	-0.509251	194	83	3	0.026
1.832596	2.089241	-0.114193	196	74	15	0.026
2.879793	0.960688	-0.577532	192	63	208	0.026
1.047198	0.850607	-1.335383	201	84	211	0.026
-0.261799	1.050534	3.042579	201	77	211	0.026
0.785398	0.700570	1.559208	185	69	0	0.026
0.261799	1.025536	1.576859	195	79	2	0.026
1.308997	0.496451	0.593859	188	74	206	0.026
2.094395	2.379497	0.561089	208	75	24	0.026
-0.261799	1.214854	-1.966664	209	80	203	0.026
0.261799	1.606104	-0.451151	201	74	0	0.025
-0.261799	1.247695	1.809890	196	80	7	0.025
-2.617994	2.001437	0.381215	204	64	20	0.025
0.785398	0.850607	-1.335383	209	74	202	0.025
2.617994	2.404280	-0.174044	182	75	19	0.025
0.261799	0.709924	0.218797	201	70	0	0.025
0.261799	1.450119	-2.739050	190	134	206	0.025
2.094395	1.450119	-2.739050	193	74	203	0.025
-2.356194	2.404280	-0.174044	187	68	11	0.025
0.261799	2.404280	-0.174044	210	84	7	0.025
0.785398	2.404280	-0.174044	200	84	18	0.025
1.832596	2.404280	-0.174044	204	84	10	0.025
-2.879793	2.115563	0.685730	213	86	15	0.025
-2.094395	2.115563	0.685730	199	77	11	0.025
-2.879793	1.756530	-2.105156	198	75	195	0.025
0.523599	1.756530	-2.105156	201	130	206	0.025
-2.617994	1.869911	2.701025	207	86	214	0.025
-1.047198	1.869911	2.701025	203	138	11	0.025
0.785398	1.869911	2.701025	179	87	5	0.025
1.308997	1.869911	2.701025	199	74	9	0.025
-2.094395	0.458961	-0.107937	192	69	204	0.025
-1.047198	0.458961	-0.107937	204	84	210	0.025
0.785398	0.458961	-0.107937	202	129	199	0.025
1.570796	0.458961	-0.107937	196	76	205	0.025
2.879793	0.458961	-0.107937	185	79	204	0.025
-1.047198	1.599406	1.426070	206	134	11	0.025
2.356194	1.599406	1.426070	193	88	21	0.025
2.617994	1.599406	1.426070	207	74	8	0.025
-0.261799	1.554776	0.100351	203	130	6	0.025
0.000000	1.554776	0.100351	205	129	13	0.025
1.308997	0.618092	2.539118	187	79	204	0.025
-0.523599	1.846342	-1.796954	200	129	206	0.025
1.570796	1.846342	-1.796954	193	88	204	0.025
1.308997	0.615174	-0.666022	208	88	214	0.025
-2.356194	2.393226	1.857173	214	131	14	0.025
2.617994	2.393226	1.857173	208	90	22	0.025
-1.308997	1.569311	-3.003978	198	145	212	0.025
-0.523599	1.569311	-3.003978	203	133	214	0.025
1.832596	1.569311	-3.003978	189	79	214	0.025
-0.523599	0.419640	2.974122	198	79	206	0.025
-0.261799	1.134796	2.434290	198	145	214	0.025
1.047198	1.134796	2.434290	190	84	212	0.025
-1.047198	1.574060	2.783565	213	138	1	0.025
2.617994	1.574060	2.783565	208	63	209	0.025
-0.785398	2.587733	0.232235	209	80	15	0.025
0.000000	2.587733	0.232235	205	84	19	0.025
1.832596	2.587733	0.232235	198	85	11	0.025
-1.308997	1.413430	2.550734	0	130	210	0.025
-0.523599	1.413430	2.550734	203	129	210	0.025
-0.261799	1.413430	2.550734	184	145	209	0.025
-2.356194	1.417623	-0.202254	192	72	214	0.025
-2.356194	0.850607	-1.335383	195	78	205	0.025
-0.523599	0.370812	-2.547742	201	79	192	0.025
0.523599	0.370812	-2.547742	197	64	195	0.025
-2.617994	2.979456	-1.009304	195	75	13	0.025
0.000000	2.979456	-1.009304	3	84	10	0.025
2.356194	2.979456	-1.009304	176	129	10	0.025
0.523599	0.831641	0.616218	197	89	212	0.025
1.570796	0.831641	0.616218	183	85	5	0.025
2.094395	0.831641	0.616218	200	84	209	0.025
-2.094395	1.998705	2.370472	1	84	5	0.025
-0.785398	1.998705	2.370472	208	129	5	0.025
0.523599	1.998705	2.370472	178	129	6	0.025
-1.308997	1.413347	-1.339188	204	84	210	0.025
0.523599	1.413347	-1.339188	0	130	211	0.025
1.047198	1.413347	-1.339188	203	130	203	0.025
1.308997	1.413347	-1.339188	200	129	213	0.025
-2.879793	0.674054	1.013609	203	68	5	0.025
2.617994	0.674054	1.013609	199	74	5	0.025
-0.523599	0.906588	1.252948	203	84	213	0.025
1.308997	0.906588	1.252948	191	76	10	0.025
1.570796	0.906588	1.252948	185	79	0	0.025
-0.785398	1.335669	0.897240	209	133	10	0.025
2.356194	1.335669	0.897240	182	83	4	0.025
-0.785398	1.870545	-2.976234	215	133	6	0.025
1.570796	1.870545	-2.976234	188	73	208	0.025
-1.570796	2.164094	-2.991358	203	130	211	0.025
2.356194	2.164094	-2.991358	201	77	2	0.025
2.617994	2.164094	-2.991358	190	65	213	0.025
-2.094395	2.187132	-0.479875	190	79	9	0.025
-0.785398	2.187132	-0.479875	205	129	4	0.025
-3.141593	0.866955	-0.931351	186	79	199	0.025
0.261799	0.866955	-0.931351	213	131	214	0.025
2.879793	0.866955	-0.931351	190	84	207	0.025
-2.356194	2.299159	2.264663	4	89	6	0.025
-1.308997	2.299159	2.264663	205	129	9	0.025
-0.261799	2.299159	2.264663	179	134	5	0.025
1.308997	2.299159	2.264663	188	80	4	0.025
-2.094395	1.812176	0.656819	209	79	12	0.025
-1.047198	1.812176	0.656819	206	82	19	0.025
-1.047198	2.719179	-1.780644	7	84	9	0.025
-0.523599	2.719179	-1.780644	213	84	7	0.025
-0.261799	2.396274	-1.959260	210	129	209	0.025
1.047198	2.396274	-1.959260	180	141	1	0.025
-2.356194	0.866395	-2.492918	210	87	202	0.025
-1.570796	0.866395	-2.492918	201	87	201	0.025
1.308997	0.866395	-2.492918	194	78	205	0.025
2.094395	0.866395	-2.492918	198	84	194	0.025
-0.785398	1.617114	-1.572037	208	74	205	0.025
-0.523599	0.864993	2.278281	204	133	5	0.025
-1.570796	1.014500	0.906702	208	77	6	0.025
-0.785398	1.014500	0.906702	204	130	3	0.025
2.094395	1.014500	0.906702	191	68	4	0.025
-2.617994	2.247462	0.191623	194	79	6	0.025
-1.832596	2.247462	0.191623	2	79	12	0.025
-0.261799	2.247462	0.191623	209	129	15	0.025
2.879793	2.247462	0.191623	185	131	14	0.025
-0.785398	2.724429	-0.348782	2	80	16	0.025
1.047198	2.724429	-0.348782	188	83	11	0.025
-0.523599	1.194549	-0.801900	213	135	0	0.025
0.000000	1.194549	-0.801900	206	130	5	0.025
2.094395	1.194549	-0.801900	195	83	4	0.025
-0.523599	1.504028	0.636812	210	128	7	0.025
-1.308997	1.741644	-2.695914	211	129	204	0.025
0.785398	1.741644	-2.695914	196	89	211	0.025
1.047198	1.741644	-2.695914	189	86	211	0.025
1.570796	1.741644	-2.695914	194	74	204	0.025
-2.356194	2.174483	2.653697	6	89	8	0.025
-1.570796	2.174483	2.653697	211	80	215	0.025
-1.047198	2.174483	2.653697	0	88	4	0.025
0.000000	2.174483	2.653697	181	138	0	0.025
0.261799	2.174483	2.653697	188	87	8	0.025
1.308997	2.174483	2.653697	187	75	7	0.025
2.356194	2.174483	2.653697	192	79	212	0.025
-3.141593	2.664082	-1.071402	189	83	14	0.025
0.261799	2.579248	-2.364801	181	145	209	0.025
1.570796	0.899350	-2.069907	208	86	197	0.025
2.879793	0.899350	-2.069907	203	130	206	0.025
-2.879793	2.984978	1.954446	196	90	13	0.025
-2.356194	2.984978	1.954446	201	84	2	0.025
-0.785398	2.984978	1.954446	203	90	9	0.025
1.047198	1.766067	2.153843	194	73	7	0.025
1.570796	1.766067	2.153843	185	78	9	0.025
-0.785398	1.809167	1.213774	204	87	6	0.025
0.261799	1.809167	1.213774	191	90	16	0.025
1.570796	1.809167	1.213774	194	73	10	0.025
1.832596	1.809167	1.213774	191	82	9	0.025
-1.570796	1.135834	-1.431087	195	84	195	0.025
0.000000	1.135834	-1.431087	202	130	200	0.025
0.523599	1.135834	-1.431087	207	130	199	0.025
1.832596	1.135834	-1.431087	190	79	212	0.025
1.832596	1.909857	-0.381669	206	84	1	0.025
2.356194	1.909857	-0.381669	192	84	11	0.025
-2.617994	1.195355	1.200319	204	68	2	0.025
-2.356194	1.310100	1.488307	215	83	7	0.025
1.570796	2.153910	-1.714959	189	89	208	0.025
2.356194	2.153910	-1.714959	183	87	1	0.025
0.000000	0.961715	0.014085	206	133	4	0.025
0.523599	0.961715	0.014085	205	130	212	0.025
2.094395	0.961715	0.014085	193	89	8	0.025
-0.785398	1.367556	0.358405	4	129	10	0.025
2.356194	1.440580	2.260026	202	68	6	0.025
-2.617994	2.863997	0.549740	195	89	15	0.025
-1.832596	2.863997	0.549740	193	74	11	0.025
1.308997	2.863997	0.549740	213	84	21	0.025
2.356194	2.863997	0.549740	205	84	8	0.025
-0.785398	2.041297	-2.664597	204	136	208	0.025
0.000000	2.041297	-2.664597	185	129	214	0.025
1.570796	2.041297	-2.664597	177	83	206	0.025
-1.308997	1.045978	0.343692	9	80	4	0.025
0.523599	1.045978	0.343692	189	140	5	0.025
2.094395	0.290380	-0.796960	197	79	207	0.025
0.000000	1.545873	-1.877082	197	134	200	0.025
-1.570796	2.356369	3.005869	207	85	7	0.025
-0.785398	2.356369	3.005869	205	83	8	0.025
0.785398	1.836682	-0.676006	194	129	11	0.025
-0.261799	1.948085	-2.363031	194	140	211	0.025
0.261799	1.948085	-2.363031	193	135	204	0.025
0.785398	1.948085	-2.363031	179	140	209	0.025
2.879793	1.736875	3.023612	205	80	5	0.025
0.261799	0.591903	2.010408	190	130	208	0.025
-2.094395	2.760637	2.781135	203	83	10	0.025
-1.832596	2.760637	2.781135	208	88	10	0.025
0.261799	2.760637	2.781135	193	88	5	0.025
0.785398	2.760637	2.781135	176	84	5	0.025
-3.141593	1.256302	0.062705	181	84	0	0.025
-1.832596	1.256302	0.062705	1	74	215	0.025
0.261799	1.256302	0.062705	208	134	7	0.025
2.094395	1.256302	0.062705	186	86	5	0.025
2.617994	1.256302	0.062705	197	76	7	0.025
2.879793	1.256302	0.062705	176	89	213	0.025
-1.832596	2.592629	0.909713	198	84	14	0.025
-0.523599	2.592629	0.909713	196	80	7	0.025
-0.785398	1.113094	-0.272241	205	129	3	0.025
-2.617994	2.407836	1.410646	210	129	21	0.025
-2.356194	2.407836	1.410646	192	130	15	0.025
-2.094395	2.407836	1.410646	195	129	21	0.025
-0.785398	2.089241	-0.114193	204	89	3	0.025
2.094395	2.089241	-0.114193	192	88	10	0.025
1.570796	0.619654	-2.216909	199	85	202	0.025
-2.617994	2.456751	-1.503343	198	78	9	0.025
2.094395	2.456751	-1.503343	180	90	9	0.025
2.617994	2.456751	-1.503343	198	81	12	0.025
1.308997	2.001437	0.381215	200	84	9	0.025
-2.094395	2.138223	1.678323	205	129	17	0.025
-0.261799	2.138223	1.678323	192	130	10	0.025
0.261799	2.138223	1.678323	178	85	11	0.025
1.570796	2.138223	1.678323	192	79	17	0.025
-2.094395	2.349581	-2.702517	7	80	1	0.025
-0.261799	2.349581	-2.702517	185	130	208	0.025
1.047198	2.349581	-2.702517	192	84	5	0.025
1.832596	2.349581	-2.702517	186	76	1	0.025
-1.047198	1.168678	2.108595	210	131	7	0.025
-1.832596	2.180315	-1.357379	215	75	213	0.025
-1.570796	2.180315	-1.357379	207	68	8	0.025
0.261799	2.180315	-1.357379	203	135	4	0.025
1.832596	2.180315	-1.357379	177	131	5	0.025
2.094395	2.180315	-1.357379	185	86	8	0.025
0.261799	2.478122	2.609777	179	88	2	0.025
1.832596	2.478122	2.609777	184	63	3	0.025
-2.356194	1.184361	0.625864	207	68	7	0.025
-2.617994	2.108018	1.311430	207	128	21	0.025
1.832596	2.108018	1.311430	194	83	24	0.025
-3.141593	1.325504	-1.671296	195	77	201	0.025
2.356194	1.325504	-1.671296	191	75	206	0.025
-0.261799	1.606104	-0.451151	204	129	3	0.025
1.308997	1.606104	-0.451151	207	81	0	0.025
-0.785398	1.977582	0.969896	200	130	11	0.025
0.523599	1.977582	0.969896	197	130	16	0.025
-1.570796	2.637879	2.121598	199	90	10	0.025
0.785398	2.637879	2.121598	204	75	19	0.025
1.047198	2.637879	2.121598	208	74	10	0.025
-2.617994	1.218453	2.777284	2	130	211	0.025
1.308997	1.218453	2.777284	198	74	215	0.025
2.617994	1.218453	2.777284	191	81	205	0.025
-0.523599	1.555207	1.708892	199	130	17	0.025
-0.261799	1.555207	1.708892	188	140	9	0.025
0.261799	1.555207	1.708892	186	90	13	0.025
2.879793	2.295480	1.008277	192	130	20	0.025
-3.141593	1.510910	-0.740472	187	78	210	0.025
-0.261799	1.510910	-0.740472	206	134	213	0.025
1.308997	1.510910	-0.740472	191	89	215	0.025
2.094395	1.510910	-0.740472	184	83	214	0.025
2.356194	1.510910	-0.740472	196	84	5	0.025
-2.356194	0.571433	-1.188419	186	73	197	0.025
0.523599	0.571433	-1.188419	195	128	204	0.025
1.832596	0.571433	-1.188419	206	89	208	0.025
2.879793	0.571433	-1.188419	185	83	205	0.025
-0.523599	1.982574	-1.115518	6	88	1	0.025
-2.879793	2.033014	2.977192	212	79	212	0.025
1.570796	2.033014	2.977192	192	75	3	0.025
-2.879793	0.297065	2.160177	210	84	207	0.025
-1.570796	0.297065	2.160177	5	136	210	0.025
-0.523599	0.080730	-2.622036	207	68	208	0.025
0.261799	0.080730	-2.622036	197	69	201	0.025
0.523599	0.080730	-2.622036	201	75	201	0.025
1.047198	0.080730	-2.622036	196	74	202	0.025
-2.356194	1.242974	-2.977882	207	84	206	0.025
-2.094395	1.242974	-2.977882	207	81	202	0.025
-1.308997	1.242974	-2.977882	212	132	203	0.025
0.523599	1.242974	-2.977882	185	129	210	0.025
-2.094395	0.992645	-1.723759	192	83	208	0.025
1.047198	0.992645	-1.723759	214	128	199	0.025
-0.785398	2.104282	-0.813972	213	134	7	0.025
-0.523599	2.104282	-0.813972	214	129	2	0.025
1.570796	1.872854	1.543456	192	80	18	0.025
-1.832596	0.762244	-0.273349	213	74	212	0.025
-0.261799	0.762244	-0.273349	215	129	206	0.025
0.785398	0.762244	-0.273349	187	130	215	0.025
-1.570796	1.050534	3.042579	204	87	208	0.025
-1.047198	1.050534	3.042579	210	129	208	0.025
-0.785398	1.050534	3.042579	196	140	215	0.025
1.047198	1.050534	3.042579	199	70	203	0.025
1.308997	1.050534	3.042579	203	68	204	0.025
2.356194	1.050534	3.042579	203	68	200	0.025
-2.094395	1.721184	-0.153948	200	73	0	0.025
0.000000	1.721184	-0.153948	200	129	2	0.025
-0.261799	0.733948	3.021411	186	129	207	0.025
2.094395	0.733948	3.021411	205	74	195	0.025
1.308997	2.588535	-2.976617	174	84	5	0.025
-1.570796	1.391910	3.030322	200	85	211	0.025
1.570796	0.685216	-1.712745	205	86	197	0.025
2.617994	0.685216	-1.712745	194	131	199	0.025
-1.570796	2.063651	-2.044600	211	65	208	0.025
2.356194	2.063651	-2.044600	184	74	215	0.025
-3.141593	0.700570	1.559208	202	74	213	0.025
-1.570796	1.025536	1.576859	201	131	3	0.025
0.000000	1.025536	1.576859	200	129	212	0.025
1.047198	1.025536	1.576859	183	86	7	0.025
2.617994	1.025536	1.576859	210	68	214	0.025
0.261799	2.251330	-2.330739	188	130	5	0.025
-1.570796	1.374601	-2.456031	206	87	200	0.025
-0.523599	1.374601	-2.456031	197	131	209	0.025
1.308997	1.732874	-0.951685	197	84	2	0.025
-0.523599	0.960688	-0.577532	201	134	212	0.025
0.000000	0.960688	-0.577532	10	133	210	0.025
1.308997	0.960688	-0.577532	205	77	212	0.025
-2.617994	2.704512	1.488683	198	129	6	0.025
-0.785398	2.704512	1.488683	186	86	10	0.025
2.356194	2.704512	1.488683	4	79	10	0.025
-3.141593	0.910508	1.903534	206	78	2	0.025
-2.356194	0.910508	1.903534	204	130	213	0.025
0.000000	0.910508	1.903534	195	129	4	0.025
0.785398	0.910508	1.903534	180	129	3	0.025
1.832596	0.929350	-2.910676	200	66	210	0.025
-1.570796	1.128190	-2.288622	194	79	194	0.025
-1.308997	1.128190	-2.288622	205	83	194	0.025
-0.261799	1.696674	-1.253233	205	129	0	0.025
0.261799	1.696674	-1.253233	209	129	210	0.025
2.094395	1.696674	-1.253233	180	129	3	0.025
2.356194	1.696674	-1.253233	181	129	10	0.025
2.617994	1.696674	-1.253233	191	75	212	0.025
-1.308997	1.683268	0.374177	209	83	18	0.025
2.094395	1.683268	0.374177	186	88	12	0.025
2.879793	1.683268	0.374177	180	129	12	0.025
0.000000	2.073035	2.027405	188	136	12	0.025
-2.879793	1.875281	0.107086	189	74	10	0.025
-2.356194	1.875281	0.107086	207	73	5	0.025
-1.047198	1.247695	1.809890	212	128	1	0.025
-0.523599	1.247695	1.809890	208	129	1	0.025
-2.356194	1.301460	-0.509251	194	63	213	0.025
1.308997	1.301460	-0.509251	191	84	209	0.025
-0.261799	1.904882	-1.478089	215	129	203	0.025
0.000000	1.904882	-1.478089	207	134	212	0.025
0.261799	1.904882	-1.478089	2	129	0	0.025
