168	1.2	1
-1.832596	1.134796	2.434290
2.380392	2.500101	-0.120466
lig.job475359.bl.pdb	-1.886	21.883	-23.365
rec.job475359.bl.pdb	0.855	0.126	-0.766
1.570796	0.929350	-2.910676	152	142	11	1174.091
1.570796	1.510910	-0.740472	3	26	9	1140.711
-2.356194	1.510910	-0.740472	150	148	41	1118.374
-2.356194	0.591903	2.010408	5	25	1	1109.209
-0.523599	2.478122	2.609777	141	6	155	1092.000
-2.879793	2.379497	0.561089	138	153	0	1066.253
1.832596	1.736875	3.023612	12	145	30	1037.373
1.308997	1.510910	-0.740472	7	26	8	1027.113
-1.832596	2.115563	0.685730	3	150	38	1017.005
-0.523599	2.760637	2.781135	142	10	151	1015.621
-2.094395	1.569311	-3.003978	15	24	8	1012.797
-0.785398	1.050534	3.042579	139	165	154	1011.353
-1.047198	1.450119	-2.739050	0	27	12	1005.941
1.570796	1.870545	-2.976234	151	142	21	1004.443
1.570796	1.569311	-3.003978	150	142	19	1003.586
-0.785398	1.545873	-1.877082	128	155	30	996.018
1.832596	1.569311	-3.003978	156	141	19	994.573
1.832596	2.704512	1.488683	5	140	34	989.285
2.617994	1.699788	2.452890	23	161	159	987.464
1.832596	1.506530	1.988858	24	160	32	986.676
-1.047198	1.545873	-1.877082	2	16	114	980.772
1.308997	2.592629	0.909713	4	143	40	980.397
0.261799	0.458961	-0.107937	147	138	29	978.666
2.094395	2.579248	-2.364801	140	23	151	975.096
1.308997	1.836682	-0.676006	6	27	10	968.348
0.785398	2.863997	0.549740	4	144	41	967.504
2.879793	0.992645	-1.723759	27	9	55	965.052
-2.356194	0.615174	-0.666022	138	165	33	964.547
-2.879793	2.343981	-1.040456	142	145	10	963.415
-0.785398	1.417623	-0.202254	15	148	24	962.476
-1.832596	1.869911	2.701025	135	151	28	955.778
2.356194	0.297065	2.160177	10	158	45	952.852
1.308997	2.164094	-2.991358	146	142	20	950.456
1.047198	0.290380	-0.796960	152	142	36	949.249
-0.785398	1.218453	2.777284	140	165	157	948.808
1.047198	1.391910	3.030322	4	16	107	947.286
1.047198	2.164094	-2.991358	141	145	20	945.614
2.356194	1.014500	0.906702	19	139	25	945.130
1.308997	1.391910	3.030322	2	15	107	942.973
-1.570796	1.736875	3.023612	23	158	36	942.361
-1.570796	2.033014	2.977192	4	28	15	942.000
2.879793	1.683268	0.374177	136	156	161	941.631
2.094395	1.683268	0.374177	146	15	151	941.241
0.523599	1.310100	1.488307	166	30	11	941.158
0.261799	2.153910	-1.714959	146	9	131	940.257
1.570796	2.407836	1.410646	166	142	34	939.608
-2.094395	0.910508	1.903534	34	167	38	936.426
-1.047198	1.488617	1.159546	141	132	145	936.009
1.308997	1.766067	2.153843	165	148	33	932.760
-2.617994	1.510910	-0.740472	146	149	42	932.737
2.617994	1.504028	0.636812	138	159	165	931.802
-1.308997	2.115563	0.685730	143	161	38	930.257
0.261799	0.906588	1.252948	7	31	2	929.406
-1.832596	2.404280	-0.174044	144	143	143	928.437
1.570796	0.906588	1.252948	148	137	12	924.844
-1.832596	1.574060	2.783565	42	162	23	923.963
-0.785398	1.440580	2.260026	138	8	31	923.835
-1.832596	1.870545	-2.976234	10	26	7	922.967
2.094395	0.831641	0.616218	6	139	27	921.509
-2.356194	1.413430	2.550734	33	9	41	920.468
2.617994	1.736875	3.023612	14	148	34	919.624
-1.570796	2.379497	0.561089	139	161	34	919.061
-1.832596	2.089241	-0.114193	141	144	148	918.119
1.308997	2.760637	2.781135	12	149	37	917.793
2.356194	0.831641	0.616218	13	138	27	915.603
-2.356194	2.356369	3.005869	131	160	149	914.922
-0.261799	1.555207	1.708892	141	165	38	913.660
-1.570796	0.866395	-2.492918	21	19	48	912.277
2.356194	1.870545	-2.976234	18	150	31	912.073
2.356194	2.407836	1.410646	18	148	153	911.474
0.785398	2.033014	2.977192	140	141	161	910.827
-3.141593	1.510910	-0.740472	19	33	8	910.732
2.094395	2.587733	0.232235	4	31	138	910.676
-2.094395	2.356369	3.005869	129	154	151	910.308
-1.308997	1.696674	-1.253233	161	139	137	908.923
2.356194	1.391910	3.030322	20	151	35	908.528
1.570796	1.168678	2.108595	16	154	34	908.404
1.308997	1.574060	2.783565	147	136	164	908.059
1.570796	1.836682	-0.676006	2	28	8	906.182
0.000000	1.413347	-1.339188	6	14	116	905.464
0.261799	0.929350	-2.910676	143	5	138	904.904
2.879793	1.391910	3.030322	17	152	31	904.783
-2.617994	1.574060	2.783565	33	6	40	904.682
0.261799	1.506530	1.988858	149	156	41	904.321
0.523599	0.297065	2.160177	143	161	37	904.290
-1.832596	0.709924	0.218797	166	158	45	903.570
-1.047198	1.555207	1.708892	28	4	28	902.176
-1.832596	2.588535	-2.976617	130	151	146	901.566
1.832596	2.579248	-2.364801	145	143	17	901.239
1.308997	2.295480	1.008277	5	13	109	899.359
-1.832596	1.450119	-2.739050	9	26	2	898.748
-0.785398	0.203748	0.590255	148	138	25	898.626
-2.617994	2.379497	0.561089	139	149	2	898.464
-3.141593	1.450119	-2.739050	35	164	13	898.120
1.047198	1.050534	3.042579	144	137	163	897.492
1.308997	1.050534	3.042579	143	144	21	897.143
2.617994	0.899350	-2.069907	153	19	126	897.039
-1.570796	1.506530	1.988858	134	134	159	896.722
-0.785398	2.299159	2.264663	8	33	9	896.317
-2.356194	0.674054	1.013609	10	148	38	895.917
-3.141593	1.184361	0.625864	166	33	9	894.748
0.523599	1.128190	-2.288622	17	149	44	894.359
1.832596	1.440580	2.260026	4	148	35	894.103
1.570796	2.456751	-1.503343	3	31	25	893.970
-2.094395	2.089241	-0.114193	139	149	148	893.633
-1.570796	1.869911	2.701025	22	157	34	892.986
-1.832596	1.301460	-0.509251	19	152	41	892.895
1.047198	2.719179	-1.780644	158	9	121	892.322
-3.141593	0.961715	0.014085	6	35	11	892.086
1.832596	0.906588	1.252948	154	135	12	890.174
-0.523599	1.413430	2.550734	13	134	19	889.143
0.785398	0.203748	0.590255	16	147	38	888.073
-2.356194	1.184361	0.625864	145	145	27	888.046
-3.141593	1.948085	-2.363031	31	160	8	887.236
0.785398	1.736875	3.023612	140	142	159	886.958
1.570796	2.379497	0.561089	29	23	22	885.776
-0.523599	1.736875	3.023612	141	11	148	885.494
1.308997	2.456751	-1.503343	22	144	142	884.617
-0.523599	1.870545	-2.976234	141	12	138	884.491
1.832596	2.299159	2.264663	25	35	13	884.053
0.000000	0.615174	-0.666022	137	138	161	883.205
2.356194	1.606104	-0.451151	39	2	1	882.654
-1.832596	1.506530	1.988858	24	11	51	882.525
-1.832596	1.555207	1.708892	130	153	157	882.160
2.617994	0.615174	-0.666022	40	6	36	882.009
2.356194	0.700570	1.559208	141	143	166	881.490
2.094395	0.700570	1.559208	139	146	166	880.589
-0.261799	1.574060	2.783565	139	6	153	878.965
-0.261799	2.033014	2.977192	140	9	147	878.050
1.570796	2.704512	1.488683	167	142	34	877.951
2.617994	1.195355	1.200319	140	164	162	877.913
-2.356194	1.683268	0.374177	145	146	32	877.701
2.617994	1.904882	-1.478089	164	146	34	877.698
-1.832596	1.977582	0.969896	138	7	138	877.646
1.832596	2.979456	-1.009304	154	14	126	877.559
-1.047198	2.108018	1.311430	7	155	47	876.734
0.785398	0.297065	2.160177	146	159	39	876.702
0.785398	2.579248	-2.364801	137	148	152	876.384
-0.523599	0.850607	-1.335383	162	148	119	875.332
-2.094395	1.510910	-0.740472	154	147	41	875.150
-0.785398	1.367556	0.358405	25	160	164	874.891
-2.617994	2.251330	-2.330739	37	0	15	874.867
-2.617994	1.555207	1.708892	159	151	33	874.665
-1.570796	2.588535	-2.976617	131	144	146	873.744
1.308997	1.504028	0.636812	1	32	162	873.453
-2.617994	2.719179	-1.780644	130	151	26	873.331
-0.785398	1.696674	-1.253233	32	0	0	873.262
1.047198	2.579248	-2.364801	138	143	152	872.983
-1.832596	1.194549	-0.801900	141	155	23	872.852
0.000000	2.356369	3.005869	28	147	26	872.663
1.308997	2.637879	2.121598	131	152	26	872.637
-1.832596	1.214854	-1.966664	146	157	132	872.432
2.356194	1.872854	1.543456	13	142	32	872.302
-3.141593	2.251330	-2.330739	31	157	10	872.177
-1.570796	0.899350	-2.069907	133	165	24	872.053
-0.261799	2.356369	3.005869	22	144	25	871.887
1.832596	2.033014	2.977192	24	32	160	870.985
-0.785398	1.310100	1.488307	148	133	5	870.835
-0.261799	0.591903	2.010408	144	9	38	870.690
-1.047198	2.587733	0.232235	27	155	37	870.166
-2.617994	1.413430	2.550734	33	4	41	869.542
-1.308997	1.909857	-0.381669	159	134	155	869.299
-0.261799	2.089241	-0.114193	27	162	154	868.838
1.570796	1.736875	3.023612	151	142	25	867.876
-2.879793	1.948085	-2.363031	33	164	8	867.385
2.617994	1.977582	0.969896	163	9	110	867.339
-0.785398	1.574060	2.783565	3	133	20	867.169
1.047198	0.618092	2.539118	139	146	164	867.042
0.261799	2.041297	-2.664597	142	11	137	867.032
1.308997	2.984978	1.954446	15	29	2	866.778
-3.141593	2.104282	-0.813972	139	151	3	866.775
1.047198	1.504028	0.636812	7	33	157	866.589
-2.094395	2.588535	-2.976617	131	159	147	866.506
1.570796	2.063651	-2.044600	153	144	13	866.472
-3.141593	2.379497	0.561089	137	157	166	865.962
1.308997	2.719179	-1.780644	7	32	21	865.312
0.000000	1.433411	-1.035986	13	14	118	864.997
-0.785398	0.899350	-2.069907	156	10	117	864.205
-1.047198	1.569311	-3.003978	0	30	18	863.369
-1.308997	1.506530	1.988858	135	143	166	863.322
-1.832596	1.448123	-2.163292	146	17	54	863.100
1.832596	1.836682	-0.676006	164	26	11	862.603
0.261799	1.683268	0.374177	166	31	18	861.871
-1.570796	1.247695	1.809890	19	33	11	861.851
0.261799	1.417623	-0.202254	31	5	34	861.796
0.261799	2.984978	1.954446	10	148	37	861.216
0.000000	1.875281	0.107086	147	142	2	861.087
1.047198	2.349581	-2.702517	139	147	16	860.966
-1.308997	1.256302	0.062705	7	142	28	860.946
2.879793	2.455966	-0.641220	149	8	127	860.200
0.523599	1.683268	0.374177	11	21	11	859.934
2.879793	1.325504	-1.671296	163	22	131	859.602
2.617994	0.831641	0.616218	135	155	159	859.238
-0.523599	0.203748	0.590255	142	143	35	859.056
2.094395	1.310100	1.488307	11	34	16	858.980
-2.356194	1.948085	-2.363031	30	22	21	858.633
1.832596	1.510910	-0.740472	0	27	10	858.548
2.356194	0.850607	-1.335383	133	5	151	858.095
-1.570796	1.325504	-1.671296	2	6	111	858.019
-1.832596	1.440580	2.260026	26	17	48	857.752
-2.879793	1.662363	0.915448	140	156	38	857.529
2.617994	1.218453	2.777284	20	153	39	857.248
2.356194	0.929350	-2.910676	36	1	26	856.037
-2.356194	1.574060	2.783565	34	13	38	855.496
1.832596	0.864993	2.278281	148	143	13	854.650
-2.356194	0.379747	-1.713059	166	24	123	854.426
-1.570796	1.135834	-1.431087	166	1	112	854.377
-2.356194	1.391910	3.030322	35	152	18	853.967
-1.832596	1.699788	2.452890	20	153	28	853.283
-1.308997	1.721184	-0.153948	157	133	161	853.062
-0.523599	1.574060	2.783565	9	133	19	852.988
0.000000	2.984978	1.954446	4	148	36	852.844
-2.879793	2.587733	0.232235	138	149	165	852.784
-0.523599	1.135834	-1.431087	32	3	155	852.388
-2.094395	0.618092	2.539118	146	145	31	852.229
-0.261799	0.203748	0.590255	147	141	34	852.130
-2.094395	1.113094	-0.272241	21	150	38	851.739
-0.261799	1.128190	-2.288622	156	142	31	851.284
0.000000	1.683268	0.374177	4	32	16	851.223
-2.617994	1.014500	0.906702	146	146	31	850.853
-2.356194	1.168678	2.108595	15	146	16	850.617
2.879793	0.674054	1.013609	142	147	18	850.441
0.261799	1.025536	1.576859	4	30	0	850.332
-1.570796	2.164094	-2.991358	7	27	9	849.441
2.094395	1.510910	-0.740472	4	29	147	849.354
0.261799	0.370812	-2.547742	138	149	16	849.349
2.879793	2.664082	-1.071402	141	146	13	849.319
2.356194	0.615174	-0.666022	32	1	162	849.144
-1.047198	1.741644	-2.695914	0	26	3	848.740
1.570796	2.760637	2.781135	18	150	38	848.658
0.523599	2.407836	1.410646	130	151	165	848.059
1.308997	1.168678	2.108595	144	140	1	846.955
-3.141593	1.836682	-0.676006	142	166	142	846.945
2.879793	1.168678	2.108595	16	153	42	846.771
-1.570796	0.458961	-0.107937	0	155	42	846.650
2.356194	1.247695	1.809890	11	36	16	846.178
0.523599	1.699788	2.452890	155	135	162	846.148
2.356194	1.195355	1.200319	20	150	144	846.034
1.308997	0.370812	-2.547742	28	163	25	845.722
2.094395	2.180315	-1.357379	163	14	122	845.604
1.047198	1.836682	-0.676006	11	27	8	845.578
-2.094395	1.982574	-1.115518	28	164	4	845.547
-3.141593	1.045978	0.343692	2	34	11	845.111
0.785398	1.134796	2.434290	156	137	0	845.054
1.570796	0.910508	1.903534	142	143	2	845.042
-2.617994	1.194549	-0.801900	148	143	37	844.579
2.356194	0.960688	-0.577532	135	141	167	844.379
-1.047198	0.080730	-2.622036	140	165	36	844.265
1.570796	1.134497	-1.109631	34	152	150	844.143
-1.570796	2.299159	2.264663	154	13	51	844.125
1.047198	1.732874	-0.951685	6	16	114	843.901
-2.356194	1.045978	0.343692	143	144	23	843.792
1.047198	1.909857	-0.381669	13	30	13	843.652
1.047198	2.174483	2.653697	43	14	21	843.450
-0.261799	0.458961	-0.107937	158	159	54	843.225
-0.785398	1.448123	-2.163292	132	153	35	842.547
-3.141593	1.569311	-3.003978	34	7	38	842.403
-1.047198	2.979456	-1.009304	1	144	41	842.292
-2.617994	2.174483	2.653697	132	163	149	842.212
1.570796	2.164094	-2.991358	151	141	22	842.207
1.308997	2.073035	2.027405	129	151	8	842.023
-0.261799	0.418037	1.360082	5	139	34	841.215
1.308997	2.881233	-2.582574	140	143	164	840.744
-1.570796	1.413347	-1.339188	152	139	138	840.704
-1.570796	2.187132	-0.479875	28	152	15	840.577
-2.094395	1.045978	0.343692	148	142	23	840.420
-2.617994	0.615174	-0.666022	137	2	33	839.808
0.261799	1.545873	-1.877082	8	36	16	839.650
0.261799	1.904882	-1.478089	167	26	124	838.920
-1.047198	0.831641	0.616218	134	155	158	838.508
1.570796	2.108018	1.311430	167	142	33	838.389
-1.047198	1.699788	2.452890	138	12	15	838.117
0.000000	0.297065	2.160177	160	33	155	837.193
1.832596	1.875281	0.107086	24	165	109	836.975
1.832596	1.721184	-0.153948	29	157	154	836.409
1.832596	2.063651	-2.044600	159	144	13	835.236
0.261799	0.866395	-2.492918	135	162	165	835.093
0.523599	1.741644	-2.695914	16	24	116	834.888
-2.617994	0.379747	-1.713059	3	25	122	834.820
-0.261799	2.478122	2.609777	28	147	18	834.773
-0.785398	2.863997	0.549740	18	156	45	834.520
1.308997	2.455966	-0.641220	148	16	137	834.299
2.879793	2.588535	-2.976617	144	11	146	833.398
-2.879793	0.571433	-1.188419	166	21	120	833.137
-2.879793	0.685216	-1.712745	30	11	53	833.056
-1.047198	1.374601	-2.456031	148	163	57	832.976
-2.879793	1.741644	-2.695914	25	163	149	832.772
-1.308997	2.881233	-2.582574	134	145	139	832.527
-2.094395	2.153910	-1.714959	30	165	165	832.519
2.617994	0.850607	-1.335383	35	7	159	832.422
0.000000	0.618092	2.539118	148	146	7	832.075
-1.047198	1.909857	-0.381669	164	133	156	831.906
1.047198	1.168678	2.108595	140	144	0	831.729
-2.094395	0.850607	-1.335383	23	141	26	831.670
-0.261799	2.396274	-1.959260	19	9	121	831.516
1.308997	2.001437	0.381215	4	34	158	831.478
-2.356194	2.881233	-2.582574	7	141	38	831.402
0.785398	1.699788	2.452890	158	134	162	831.387
-0.523599	2.033014	2.977192	8	132	10	831.360
-2.094395	2.456751	-1.503343	34	161	13	831.325
2.879793	0.831641	0.616218	136	149	160	831.240
-3.141593	1.606104	-0.451151	141	167	146	831.222
2.356194	1.184361	0.625864	142	9	153	831.172
1.832596	1.741644	-2.695914	155	142	14	831.066
-1.047198	1.391910	3.030322	167	31	20	830.508
0.000000	0.458961	-0.107937	141	140	30	830.459
0.000000	0.866395	-2.492918	1	146	38	830.384
-2.617994	2.247462	0.191623	139	150	31	830.130
2.879793	1.014500	0.906702	142	142	167	830.065
2.094395	1.045978	0.343692	1	141	36	829.984
-0.785398	0.619654	-2.216909	152	10	121	829.827
-1.570796	1.301460	-0.509251	147	147	20	829.724
0.000000	2.396274	-1.959260	160	26	125	829.607
0.261799	0.899350	-2.069907	2	38	138	829.591
-2.879793	1.301460	-0.509251	5	35	8	829.547
-0.523599	0.458961	-0.107937	35	157	18	829.484
1.047198	2.637879	2.121598	133	155	30	829.067
0.000000	2.343981	-1.040456	136	148	150	829.043
2.617994	1.413430	2.550734	23	158	157	828.790
0.000000	1.870545	-2.976234	142	12	140	828.750
-3.141593	1.658653	-2.409879	32	162	7	828.684
2.617994	2.138223	1.678323	19	143	34	828.533
-0.785398	2.760637	2.781135	142	14	151	828.525
-2.356194	0.864993	2.278281	36	0	35	828.358
-2.356194	1.325504	-1.671296	147	21	146	828.283
0.785398	1.391910	3.030322	139	152	34	828.249
-1.570796	1.662363	0.915448	16	158	50	828.247
2.879793	2.247462	0.191623	136	157	160	828.039
-2.879793	0.866955	-0.931351	138	9	28	828.038
0.261799	1.606104	-0.451151	32	5	29	827.939
0.523599	1.025536	1.576859	167	29	6	827.771
-0.785398	1.736875	3.023612	144	16	146	827.771
-1.570796	1.696674	-1.253233	135	151	146	827.768
-3.141593	1.413430	2.550734	27	0	156	827.201
-1.832596	1.948085	-2.363031	156	137	13	827.065
0.000000	1.247695	1.809890	153	144	32	826.925
2.617994	0.290380	-0.796960	4	27	126	826.900
-0.785398	1.113094	-0.272241	16	148	24	826.897
-0.523599	1.875281	0.107086	136	152	156	826.801
-2.617994	2.478122	2.609777	132	162	143	826.600
-1.570796	1.504028	0.636812	8	149	42	826.516
-0.261799	1.809167	1.213774	139	159	160	826.418
-2.617994	0.914445	2.687814	139	150	10	826.342
2.617994	0.203748	0.590255	134	155	153	826.329
-2.356194	1.812176	0.656819	146	23	130	826.258
1.832596	1.242974	-2.977882	156	141	14	826.065
-1.570796	2.356369	3.005869	131	150	25	826.044
-2.617994	0.866955	-0.931351	136	5	28	825.829
2.356194	2.579248	-2.364801	13	148	29	825.566
-0.261799	1.870545	-2.976234	149	166	126	825.247
-3.141593	0.618092	2.539118	19	18	109	824.425
0.261799	1.812176	0.656819	166	30	19	824.332
0.000000	1.242974	-2.977882	9	145	42	824.000
0.785398	1.335669	0.897240	162	27	11	823.693
2.094395	2.393226	1.857173	3	141	34	823.660
1.047198	0.733948	3.021411	137	147	21	823.501
2.879793	2.001437	0.381215	137	157	163	823.493
1.570796	0.297065	2.160177	139	141	146	823.435
0.523599	1.488617	1.159546	163	29	12	823.259
1.047198	2.108018	1.311430	36	159	21	823.126
0.523599	0.762244	-0.273349	153	135	24	823.024
-2.617994	1.184361	0.625864	141	147	29	822.954
-3.141593	2.343981	-1.040456	138	149	8	822.897
-2.879793	1.440580	2.260026	31	3	48	822.737
2.617994	0.910508	1.903534	7	149	40	822.294
1.047198	0.961715	0.014085	5	30	18	822.289
-2.094395	1.014500	0.906702	11	150	41	821.959
1.832596	1.870545	-2.976234	155	141	20	821.915
1.832596	2.089241	-0.114193	150	20	140	821.688
2.879793	1.367556	0.358405	135	155	158	821.687
-1.308997	2.478122	2.609777	18	158	42	821.672
-1.832596	1.766067	2.153843	21	16	51	821.507
-3.141593	1.195355	1.200319	143	152	36	821.212
-0.261799	0.910508	1.903534	5	31	2	821.086
-1.832596	0.685216	-1.712745	161	14	117	821.014
-0.261799	1.247695	1.809890	145	1	41	820.989
0.000000	1.741644	-2.695914	144	13	133	820.967
1.570796	2.588535	-2.976617	140	23	144	820.950
-3.141593	0.591903	2.010408	16	149	38	820.403
-0.523599	1.545873	-1.877082	18	28	9	820.055
-2.356194	2.187132	-0.479875	142	151	143	819.950
0.785398	1.450119	-2.739050	14	27	114	819.870
1.832596	2.587733	0.232235	2	36	158	819.656
1.308997	0.914445	2.687814	143	138	144	819.534
-1.047198	2.984978	1.954446	153	14	134	819.412
2.617994	1.506530	1.988858	29	5	34	819.393
1.570796	0.762244	-0.273349	129	151	163	819.162
2.617994	0.992645	-1.723759	28	5	55	819.108
-1.570796	0.961715	0.014085	157	140	23	818.649
-2.094395	1.135834	-1.431087	20	141	32	818.579
1.308997	0.733948	3.021411	143	144	21	818.507
-2.617994	0.831641	0.616218	36	3	157	818.182
2.356194	1.025536	1.576859	142	141	1	818.120
0.785398	1.766067	2.153843	129	163	5	818.110
-1.308997	1.195355	1.200319	7	34	10	818.109
1.570796	2.979456	-1.009304	157	17	126	817.678
-0.523599	2.579248	-2.364801	167	35	149	817.350
-2.617994	1.134796	2.434290	35	0	38	817.329
-0.261799	2.295480	1.008277	23	167	51	817.238
2.879793	0.910508	1.903534	9	147	35	816.798
-0.261799	2.592629	0.909713	24	164	47	816.616
2.356194	0.418037	1.360082	141	146	5	816.528
-2.094395	1.214854	-1.966664	4	23	58	816.350
0.000000	0.899350	-2.069907	137	163	158	816.270
1.832596	0.762244	-0.273349	131	145	163	816.085
1.308997	1.736875	3.023612	148	134	160	815.961
1.570796	0.591903	2.010408	139	147	167	815.699
0.785398	1.904882	-1.478089	22	14	3	815.643
0.523599	2.108018	1.311430	130	152	163	815.546
-1.570796	1.510910	-0.740472	147	148	14	815.349
-2.879793	1.872854	1.543456	162	28	5	815.349
1.308997	0.618092	2.539118	141	141	165	815.201
-1.832596	0.640596	-2.797608	140	149	156	815.180
0.785398	1.194549	-0.801900	149	138	17	815.132
-1.047198	1.977582	0.969896	14	153	43	815.115
-1.047198	1.417623	-0.202254	11	145	23	815.063
1.570796	2.299159	2.264663	31	30	11	814.994
0.785398	1.413430	2.550734	161	14	110	814.746
1.308997	1.870545	-2.976234	146	143	20	814.528
2.356194	2.349581	-2.702517	16	149	30	814.523
0.785398	2.588535	-2.976617	140	147	21	813.978
2.879793	2.881233	-2.582574	131	143	162	813.830
-2.356194	0.906588	1.252948	11	152	42	813.803
-1.570796	0.297065	2.160177	33	22	35	813.743
-0.785398	2.187132	-0.479875	26	157	157	813.736
-2.879793	2.724429	-0.348782	142	148	26	813.698
2.879793	0.571433	-1.188419	37	4	44	813.541
1.308997	1.721184	-0.153948	16	23	1	813.539
-2.094395	1.433411	-1.035986	144	151	135	813.440
1.832596	0.615174	-0.666022	128	155	158	813.431
1.570796	2.356369	3.005869	146	143	19	813.405
-3.141593	1.741644	-2.695914	35	163	14	813.062
2.879793	1.045978	0.343692	134	155	157	812.934
-1.832596	0.992645	-1.723759	137	160	165	812.590
1.570796	0.700570	1.559208	137	149	166	812.212
-0.261799	1.014500	0.906702	27	9	154	812.107
-2.617994	2.863997	0.549740	28	157	30	811.536
-1.570796	2.404280	-0.174044	147	140	143	811.485
0.261799	2.704512	1.488683	19	153	44	811.473
2.094395	1.569311	-3.003978	161	141	20	811.316
-2.356194	1.014500	0.906702	149	144	30	811.259
1.047198	0.379747	-1.713059	9	33	3	810.885
-1.047198	2.295480	1.008277	10	151	41	810.800
2.094395	1.875281	0.107086	144	14	146	810.539
-2.094395	1.413347	-1.339188	139	161	154	810.193
-1.570796	1.128190	-2.288622	6	26	7	809.688
-2.356194	2.251330	-2.330739	32	19	22	809.455
1.570796	1.374601	-2.456031	155	144	20	809.404
2.617994	1.569311	-3.003978	14	148	28	809.378
-0.785398	1.325504	-1.671296	139	147	18	809.373
-2.094395	1.301460	-0.509251	139	158	25	808.867
2.617994	1.448123	-2.163292	142	140	16	808.844
-2.617994	1.168678	2.108595	11	143	15	808.828
-2.879793	0.709924	0.218797	165	33	8	808.774
1.308997	1.134497	-1.109631	29	17	17	808.712
2.879793	0.850607	-1.335383	38	10	46	808.667
-0.523599	0.866395	-2.492918	151	14	123	808.523
1.570796	1.242974	-2.977882	150	142	16	808.490
-3.141593	1.756530	-2.105156	5	144	38	808.226
-1.047198	1.113094	-0.272241	11	144	21	808.075
1.832596	0.080730	-2.622036	15	29	166	807.838
-0.261799	1.448123	-2.163292	141	144	35	807.822
-3.141593	2.455966	-0.641220	142	148	19	807.817
0.261799	1.872854	1.543456	130	162	155	807.728
-2.617994	2.089241	-0.114193	141	147	25	807.717
1.047198	1.662363	0.915448	6	29	165	807.686
0.785398	2.349581	-2.702517	136	151	16	807.678
-2.879793	1.909857	-0.381669	140	145	133	807.552
2.094395	1.824694	1.850876	135	133	156	807.071
1.570796	1.732874	-0.951685	0	17	115	807.041
-2.617994	0.571433	-1.188419	146	137	14	806.760
-0.261799	2.073035	2.027405	147	22	141	806.684
-1.308997	2.863997	0.549740	9	148	36	806.656
0.000000	0.591903	2.010408	141	4	37	806.077
-1.308997	1.325504	-1.671296	0	12	113	805.913
2.617994	1.599406	1.426070	28	144	19	805.808
-1.308997	1.977582	0.969896	8	153	44	805.523
-1.570796	1.766067	2.153843	131	149	162	805.448
2.617994	1.134497	-1.109631	132	146	167	805.296
-2.094395	2.455966	-0.641220	147	146	139	805.273
-2.094395	0.700570	1.559208	29	162	45	804.984
-1.570796	2.001437	0.381215	166	131	4	804.514
2.094395	2.299159	2.264663	18	38	13	804.229
2.617994	2.349581	-2.702517	14	147	30	803.916
0.261799	2.180315	-1.357379	0	31	129	803.877
-1.832596	1.696674	-1.253233	138	153	148	803.827
-3.141593	1.504028	0.636812	138	149	166	803.796
-2.094395	1.440580	2.260026	29	17	159	803.759
-1.308997	1.014500	0.906702	133	157	153	803.644
-1.308997	1.982574	-1.115518	163	138	137	803.521
1.832596	0.591903	2.010408	4	158	47	803.354
0.261799	1.135834	-1.431087	163	39	137	803.148
0.523599	1.904882	-1.478089	25	10	3	802.972
-0.261799	2.579248	-2.364801	162	34	148	802.922
-2.879793	1.699788	2.452890	28	2	46	802.789
-1.832596	1.545873	-1.877082	145	22	49	802.371
0.523599	1.766067	2.153843	136	154	136	801.773
2.356194	2.174483	2.653697	17	42	21	801.487
-3.141593	0.866395	-2.492918	29	22	19	801.481
0.000000	2.153910	-1.714959	165	30	129	801.480
1.832596	1.696674	-1.253233	31	154	157	801.437
1.570796	1.014500	0.906702	138	16	32	801.407
-0.261799	2.863997	0.549740	31	166	41	801.392
-0.261799	1.510910	-0.740472	21	162	40	801.314
1.047198	1.134796	2.434290	139	144	150	801.054
1.047198	2.760637	2.781135	6	148	37	801.035
2.356194	0.866395	-2.492918	34	163	5	800.955
2.617994	1.766067	2.153843	147	33	166	800.954
-0.523599	1.448123	-2.163292	137	148	35	800.914
-2.094395	0.571433	-1.188419	136	166	30	800.891
2.094395	1.721184	-0.153948	160	133	142	800.888
2.879793	1.736875	3.023612	138	165	36	800.863
-2.617994	2.063651	-2.044600	33	165	9	800.786
1.047198	2.041297	-2.664597	139	147	13	800.726
-0.261799	1.433411	-1.035986	9	0	112	800.538
1.570796	0.864993	2.278281	143	141	1	800.495
0.523599	1.184361	0.625864	131	152	164	800.244
-3.141593	0.709924	0.218797	21	141	29	800.016
1.832596	2.041297	-2.664597	152	141	17	799.896
2.879793	1.450119	-2.739050	36	164	6	799.802
-3.141593	2.001437	0.381215	136	152	162	799.745
-1.570796	1.194549	-0.801900	18	139	14	799.728
-2.356194	1.247695	1.809890	15	145	19	799.700
0.523599	1.812176	0.656819	3	159	43	799.463
-1.570796	1.555207	1.708892	133	137	150	799.375
-2.617994	1.683268	0.374177	141	149	32	799.356
1.047198	2.588535	-2.976617	143	144	22	799.220
0.000000	1.128190	-2.288622	161	139	31	799.036
-2.094395	1.335669	0.897240	9	153	45	799.004
-2.356194	0.297065	2.160177	134	154	41	798.986
-2.617994	0.418037	1.360082	14	148	38	798.690
0.261799	0.733948	3.021411	144	149	31	798.670
-3.141593	0.615174	-0.666022	144	133	149	798.583
2.356194	2.299159	2.264663	28	2	50	798.336
-2.879793	1.756530	-2.105156	29	164	1	798.272
-2.617994	0.685216	-1.712745	142	166	142	798.220
2.094395	0.866955	-0.931351	34	167	157	798.208
-1.570796	2.153910	-1.714959	134	15	152	798.108
2.617994	0.709924	0.218797	143	142	20	797.996
1.308997	2.379497	0.561089	33	19	22	797.988
-2.617994	1.135834	-1.431087	149	23	148	797.924
2.879793	1.574060	2.783565	27	164	152	797.811
0.261799	1.554776	0.100351	25	3	41	797.744
0.261799	2.164094	-2.991358	136	150	158	797.697
2.094395	0.762244	-0.273349	134	138	163	797.673
-2.617994	1.413347	-1.339188	138	144	28	797.607
1.308997	2.247462	0.191623	4	34	158	797.419
2.617994	1.025536	1.576859	147	138	4	797.394
2.879793	1.134796	2.434290	29	158	42	797.303
2.094395	2.984978	1.954446	1	142	41	797.281
-2.879793	2.456751	-1.503343	133	150	2	797.215
-0.785398	0.700570	1.559208	23	31	14	797.092
-2.617994	2.187132	-0.479875	141	156	143	796.955
-2.879793	1.812176	0.656819	139	148	166	796.568
-1.570796	2.089241	-0.114193	143	140	148	796.464
-1.570796	2.863997	0.549740	6	149	36	796.339
2.617994	1.554776	0.100351	144	17	142	796.166
-1.047198	1.135834	-1.431087	20	22	11	796.082
-3.141593	1.545873	-1.877082	7	142	32	796.022
-1.570796	1.440580	2.260026	24	20	47	795.806
-1.308997	0.929350	-2.910676	148	17	138	795.766
-1.047198	1.247695	1.809890	151	18	137	795.602
1.308997	2.396274	-1.959260	139	145	146	795.520
1.570796	2.587733	0.232235	29	17	22	795.456
1.047198	0.914445	2.687814	141	143	166	794.924
-0.785398	1.184361	0.625864	25	164	167	794.840
0.000000	0.685216	-1.712745	157	146	121	794.564
-2.094395	2.115563	0.685730	142	13	137	794.502
1.570796	1.662363	0.915448	164	141	31	794.483
-2.879793	1.875281	0.107086	139	153	34	794.384
2.617994	2.587733	0.232235	139	156	167	794.279
0.261799	1.413430	2.550734	148	142	148	794.215
-1.047198	2.863997	0.549740	19	152	39	794.102
1.308997	2.041297	-2.664597	143	144	13	794.009
-1.832596	1.135813	-2.658866	150	5	61	793.966
-0.785398	1.488617	1.159546	146	128	145	793.884
-2.094395	1.869911	2.701025	126	162	33	793.697
0.523599	1.809167	1.213774	163	30	20	793.624
0.785398	2.041297	-2.664597	137	150	16	793.498
-1.047198	0.571433	-1.188419	41	160	14	793.437
2.617994	0.297065	2.160177	13	159	46	793.312
-1.570796	2.247462	0.191623	143	155	31	793.260
-2.879793	1.194549	-0.801900	151	137	20	793.088
-2.094395	1.736875	3.023612	5	28	137	793.061
0.261799	2.407836	1.410646	131	158	165	793.041
0.523599	2.164094	-2.991358	136	147	155	792.987
0.523599	0.496451	0.593859	8	139	30	792.968
0.785398	1.824694	1.850876	132	159	158	792.795
2.617994	1.824694	1.850876	149	126	163	792.305
-0.261799	2.251330	-2.330739	156	25	126	792.272
2.094395	1.367556	0.358405	143	13	151	792.250
2.356194	0.619654	-2.216909	146	26	127	792.187
1.047198	1.606104	-0.451151	12	23	120	792.074
0.523599	1.504028	0.636812	130	165	152	791.799
-1.308997	1.872854	1.543456	16	3	53	791.764
-0.261799	1.218453	2.777284	135	164	11	791.755
-1.832596	1.413430	2.550734	21	152	25	791.724
-2.617994	1.335669	0.897240	142	149	31	791.720
0.785398	1.488617	1.159546	158	25	12	791.646
1.570796	0.618092	2.539118	155	11	113	791.433
0.261799	1.504028	0.636812	155	31	134	791.349
2.094395	1.732874	-0.951685	163	19	118	791.328
2.094395	1.247695	1.809890	19	0	47	791.310
-0.785398	1.374601	-2.456031	151	159	57	791.217
-3.141593	1.683268	0.374177	136	150	161	791.203
-2.617994	1.433411	-1.035986	143	146	35	791.151
-2.617994	1.869911	2.701025	31	8	44	791.104
1.832596	2.588535	-2.976617	12	148	34	791.026
1.832596	1.256302	0.062705	156	29	139	790.758
-1.832596	1.812176	0.656819	7	149	39	790.709
1.308997	1.683268	0.374177	2	34	157	790.528
0.785398	2.637879	2.121598	14	151	43	790.461
2.094395	2.637879	2.121598	10	33	3	790.457
1.570796	1.325504	-1.671296	165	31	13	790.418
-1.570796	2.396274	-1.959260	134	12	146	790.387
-2.879793	2.404280	-0.174044	141	149	24	790.316
-1.047198	1.721184	-0.153948	32	155	21	790.188
2.094395	1.014500	0.906702	12	138	25	790.066
0.000000	1.766067	2.153843	146	143	154	789.922
2.879793	1.335669	0.897240	139	152	0	789.898
1.832596	0.618092	2.539118	145	147	4	789.721
2.356194	1.721184	-0.153948	165	133	142	789.450
1.047198	1.569311	-3.003978	3	24	112	789.387
-2.617994	0.910508	1.903534	14	155	46	789.335
2.094395	0.615174	-0.666022	129	147	159	789.302
-3.141593	2.588535	-2.976617	34	1	38	789.268
-1.308997	1.242974	-2.977882	150	18	137	789.165
-1.047198	0.899350	-2.069907	158	13	117	788.973
-1.832596	1.617114	-1.572037	22	145	40	788.939
-1.308997	0.619654	-2.216909	135	162	29	788.790
0.785398	1.617114	-1.572037	26	35	36	788.729
-2.879793	1.658653	-2.409879	33	167	6	788.644
-1.308997	2.251330	-2.330739	127	158	12	788.470
2.356194	2.719179	-1.780644	140	145	12	788.266
2.879793	2.637879	2.121598	143	152	41	787.875
-2.879793	0.929350	-2.910676	143	141	165	787.714
-1.570796	1.374601	-2.456031	144	6	57	787.632
0.785398	0.618092	2.539118	140	159	42	787.597
-2.356194	0.866955	-0.931351	135	1	27	787.343
0.785398	1.875281	0.107086	11	24	13	787.062
2.094395	1.998705	2.370472	23	40	22	786.888
1.308997	1.741644	-2.695914	145	144	14	786.854
0.261799	1.662363	0.915448	138	155	17	786.682
0.000000	0.850607	-1.335383	165	149	119	786.630
0.785398	2.760637	2.781135	139	18	152	786.602
-1.832596	0.370812	-2.547742	26	167	53	786.446
2.617994	2.760637	2.781135	6	35	9	786.443
-0.523599	0.080730	-2.622036	142	159	37	786.390
1.570796	2.719179	-1.780644	139	147	163	786.328
-1.308997	2.063651	-2.044600	14	26	9	786.234
0.000000	0.733948	3.021411	144	14	137	786.212
2.879793	0.685216	-1.712745	25	2	57	786.126
-1.832596	2.356369	3.005869	14	22	126	785.989
0.000000	1.510910	-0.740472	1	41	146	785.938
-2.356194	2.579248	-2.364801	143	24	143	785.868
2.356194	2.478122	2.609777	14	39	13	785.826
-3.141593	2.153910	-1.714959	131	149	165	785.558
-1.047198	1.662363	0.915448	22	163	52	785.515
-2.617994	1.440580	2.260026	27	1	48	785.313
-1.308997	1.440580	2.260026	10	29	4	785.023
1.832596	1.413430	2.550734	20	153	43	784.834
2.356194	2.592629	0.909713	5	34	163	784.830
1.832596	2.349581	-2.702517	146	142	16	784.756
2.617994	1.875281	0.107086	136	162	155	784.720
-3.141593	2.478122	2.609777	146	149	40	784.621
2.356194	0.290380	-0.796960	35	161	42	784.570
-1.570796	0.685216	-1.712745	158	11	118	784.525
0.785398	2.456751	-1.503343	156	26	127	784.414
-1.570796	1.606104	-0.451151	147	147	19	784.388
-3.141593	2.180315	-1.357379	134	154	4	784.319
0.785398	1.195355	1.200319	161	27	11	784.074
0.000000	0.864993	2.278281	159	30	157	784.051
-1.308997	1.545873	-1.877082	126	167	32	783.857
-0.261799	1.875281	0.107086	26	159	158	783.828
-2.094395	0.496451	0.593859	3	159	47	783.823
-2.879793	1.014500	0.906702	142	147	30	783.528
2.356194	1.218453	2.777284	16	151	40	783.390
-2.094395	1.506530	1.988858	26	10	51	783.305
1.308997	1.982574	-1.115518	19	22	9	783.055
-2.617994	1.050534	3.042579	26	5	157	782.974
2.879793	2.396274	-1.959260	129	154	162	782.694
1.047198	0.615174	-0.666022	160	138	34	782.616
1.047198	2.033014	2.977192	144	137	162	782.596
0.785398	1.870545	-2.976234	28	157	160	782.552
1.308997	1.440580	2.260026	161	147	34	782.529
0.785398	1.504028	0.636812	145	25	137	782.180
-1.308997	2.247462	0.191623	146	152	30	782.154
2.617994	1.545873	-1.877082	19	25	10	782.088
1.308997	1.194549	-0.801900	4	137	25	782.058
-2.617994	0.899350	-2.069907	155	20	137	782.035
1.047198	0.864993	2.278281	139	150	0	781.909
-3.141593	0.866955	-0.931351	142	140	31	781.812
-0.523599	1.721184	-0.153948	137	151	162	781.754
-2.879793	1.045978	0.343692	138	149	20	781.648
0.000000	1.135813	-2.658866	144	10	133	781.579
-0.261799	2.724429	-0.348782	5	148	48	781.570
2.094395	2.881233	-2.582574	8	147	32	781.570
1.570796	1.247695	1.809890	19	158	36	781.557
1.832596	1.982574	-1.115518	30	155	147	781.537
-2.094395	2.187132	-0.479875	149	141	131	781.515
-2.617994	1.909857	-0.381669	144	145	25	781.430
-1.570796	0.619654	-2.216909	23	24	44	781.347
-1.047198	2.089241	-0.114193	162	132	157	781.328
2.617994	1.417623	-0.202254	38	14	4	781.277
-2.617994	1.506530	1.988858	33	17	12	781.274
-1.047198	0.203748	0.590255	37	161	21	781.198
2.356194	2.396274	-1.959260	141	23	155	781.076
-2.094395	1.574060	2.783565	39	156	23	781.056
1.832596	2.396274	-1.959260	154	31	16	780.995
2.617994	1.134796	2.434290	26	154	41	780.977
-1.047198	1.506530	1.988858	144	125	151	780.942
-1.308997	2.343981	-1.040456	138	10	132	780.882
0.785398	1.948085	-2.363031	139	148	134	780.872
0.000000	1.025536	1.576859	10	31	164	780.863
1.570796	1.756530	-2.105156	156	33	4	780.764
1.308997	0.700570	1.559208	142	145	14	780.759
-2.094395	0.203748	0.590255	7	144	27	780.698
-2.617994	2.356369	3.005869	133	2	155	780.548
2.094395	1.256302	0.062705	158	33	142	780.500
-2.879793	1.869911	2.701025	32	4	43	780.294
1.308997	1.569311	-3.003978	145	143	19	780.288
0.261799	1.448123	-2.163292	29	15	153	780.261
1.308997	2.587733	0.232235	31	14	23	780.127
1.047198	2.356369	3.005869	144	143	28	779.847
2.094395	1.440580	2.260026	24	41	33	779.844
1.832596	1.050534	3.042579	155	141	17	779.764
-1.832596	1.433411	-1.035986	138	152	155	779.754
-2.094395	0.906588	1.252948	22	158	48	779.458
0.261799	0.496451	0.593859	1	136	30	779.238
-2.879793	2.979456	-1.009304	149	148	133	779.107
1.047198	0.419640	2.974122	144	140	136	779.091
-1.570796	1.870545	-2.976234	7	27	7	779.056
0.523599	0.906588	1.252948	1	30	3	778.914
2.617994	2.579248	-2.364801	128	153	159	778.910
-2.879793	2.247462	0.191623	137	155	32	778.898
-2.879793	1.335669	0.897240	139	152	31	778.844
-1.832596	1.256302	0.062705	149	140	23	778.697
2.617994	1.721184	-0.153948	34	10	163	778.300
2.617994	0.618092	2.539118	139	151	0	778.218
-2.356194	0.899350	-2.069907	152	16	137	778.078
-3.141593	2.456751	-1.503343	136	148	160	777.910
0.000000	0.910508	1.903534	0	30	3	777.867
0.000000	1.301460	-0.509251	31	166	29	777.838
-3.141593	1.870545	-2.976234	142	163	40	777.678
0.523599	2.115563	0.685730	4	156	40	777.664
-0.785398	0.910508	1.903534	146	12	39	777.365
-2.617994	1.699788	2.452890	30	6	45	777.348
2.356194	2.881233	-2.582574	137	11	154	777.217
2.879793	2.073035	2.027405	22	144	28	777.186
-1.832596	1.809167	1.213774	4	151	37	777.184
-1.832596	2.299159	2.264663	14	150	35	777.176
-1.047198	0.496451	0.593859	36	160	25	777.100
1.570796	1.982574	-1.115518	132	155	160	776.974
1.832596	1.218453	2.777284	133	149	135	776.867
-0.523599	2.664082	-1.071402	21	166	59	776.698
-1.570796	2.724429	-0.348782	27	154	32	776.489
-2.094395	1.325504	-1.671296	142	17	145	776.263
2.879793	1.195355	1.200319	140	155	36	776.235
2.094395	1.413347	-1.339188	19	20	5	776.078
0.523599	1.134796	2.434290	153	139	167	776.022
1.308997	0.864993	2.278281	141	146	1	775.961
-0.785398	2.979456	-1.009304	8	143	41	775.958
-0.785398	1.134497	-1.109631	32	2	159	775.906
-2.879793	1.545873	-1.877082	162	10	122	775.850
-1.047198	2.041297	-2.664597	1	27	8	775.838
2.617994	2.478122	2.609777	32	2	45	775.794
1.570796	1.555207	1.708892	21	159	35	775.768
2.879793	1.732874	-0.951685	155	22	143	775.543
-1.832596	2.979456	-1.009304	30	158	36	775.193
-2.879793	0.496451	0.593859	139	141	157	775.163
-0.261799	0.618092	2.539118	142	148	167	775.108
-2.094395	1.184361	0.625864	151	144	36	775.053
1.570796	0.914445	2.687814	14	30	7	775.047
-1.047198	1.310100	1.488307	143	137	5	774.986
0.000000	1.574060	2.783565	138	1	154	774.952
2.356194	1.135834	-1.431087	140	20	147	774.805
-2.879793	1.184361	0.625864	137	150	29	774.315
1.570796	1.450119	-2.739050	151	142	14	774.302
-0.785398	1.045978	0.343692	26	161	161	774.158
-3.141593	0.674054	1.013609	141	141	162	774.111
-1.570796	1.977582	0.969896	15	2	55	773.800
1.308997	0.418037	1.360082	20	167	50	773.664
0.523599	0.458961	-0.107937	154	138	30	773.599
2.356194	1.256302	0.062705	147	22	141	773.516
2.356194	2.001437	0.381215	18	8	105	773.401
1.047198	1.696674	-1.253233	1	5	111	773.375
2.617994	0.960688	-0.577532	147	21	31	773.305
1.570796	2.592629	0.909713	10	143	41	773.277
-1.832596	2.033014	2.977192	7	27	17	773.119
1.308997	1.948085	-2.363031	31	154	163	773.086
-2.879793	1.310100	1.488307	148	153	38	772.980
-0.785398	0.709924	0.218797	34	156	23	772.789
-2.617994	1.875281	0.107086	141	147	27	772.730
-0.523599	1.506530	1.988858	138	2	35	772.672
2.094395	0.297065	2.160177	17	159	40	772.647
2.094395	0.910508	1.903534	16	163	44	772.638
2.356194	1.413347	-1.339188	153	160	118	772.612
-1.570796	1.809167	1.213774	18	163	50	772.578
-1.308997	2.153910	-1.714959	32	14	1	772.535
-1.047198	0.290380	-0.796960	12	154	37	772.523
-2.356194	1.134796	2.434290	35	5	38	772.433
-1.047198	1.617114	-1.572037	134	152	11	772.219
2.879793	1.662363	0.915448	13	35	8	772.170
-0.523599	1.569311	-3.003978	141	12	143	772.152
0.785398	2.404280	-0.174044	33	9	21	772.107
-0.785398	0.914445	2.687814	135	10	19	771.969
-2.094395	1.168678	2.108595	17	149	17	771.869
-2.879793	1.367556	0.358405	138	150	24	771.845
-0.785398	2.379497	0.561089	27	157	41	771.788
2.879793	2.719179	-1.780644	131	161	0	771.667
0.261799	1.766067	2.153843	149	140	153	771.538
-1.832596	1.128190	-2.288622	35	159	25	771.516
2.879793	1.699788	2.452890	25	165	159	771.189
1.308997	2.187132	-0.479875	153	25	144	771.123
-0.785398	1.214854	-1.966664	164	12	114	770.887
2.879793	1.256302	0.062705	14	141	38	770.819
-1.832596	0.297065	2.160177	140	147	40	770.804
1.047198	1.450119	-2.739050	8	27	114	770.535
-0.523599	0.618092	2.539118	146	148	5	770.509
-0.785398	1.982574	-1.115518	134	152	1	770.067
2.094395	1.756530	-2.105156	39	19	40	770.056
-2.094395	2.579248	-2.364801	138	17	144	770.047
1.047198	1.335669	0.897240	0	27	7	769.975
-3.141593	0.850607	-1.335383	35	15	46	769.795
2.879793	1.869911	2.701025	27	165	155	769.727
-3.141593	1.574060	2.783565	28	1	152	769.483
2.094395	0.961715	0.014085	152	26	136	769.381
2.617994	1.391910	3.030322	164	32	19	769.305
-0.261799	0.864993	2.278281	163	33	157	769.232
2.617994	2.588535	-2.976617	18	151	35	769.192
0.261799	2.108018	1.311430	130	159	163	768.961
0.785398	2.164094	-2.991358	139	147	22	768.947
-1.570796	2.478122	2.609777	136	145	14	768.888
-0.785398	0.866955	-0.931351	0	147	29	768.730
1.308997	1.732874	-0.951685	2	16	114	768.724
-2.617994	0.762244	-0.273349	139	166	36	768.698
-0.523599	0.709924	0.218797	27	160	160	768.608
2.356194	1.662363	0.915448	26	31	8	768.458
-1.570796	1.982574	-1.115518	138	152	139	768.200
0.523599	2.587733	0.232235	4	149	47	768.189
-1.047198	2.001437	0.381215	28	156	38	768.070
-2.356194	1.869911	2.701025	125	2	30	768.040
-2.094395	0.831641	0.616218	149	28	27	767.963
1.308997	2.579248	-2.364801	141	138	152	767.936
-2.617994	2.455966	-0.641220	135	2	40	767.823
0.261799	1.809167	1.213774	129	153	158	767.821
2.879793	1.247695	1.809890	11	154	45	767.816
1.047198	0.762244	-0.273349	9	137	27	767.751
2.879793	2.478122	2.609777	141	152	41	767.730
2.879793	0.914445	2.687814	143	144	6	767.621
-0.523599	1.488617	1.159546	24	5	54	767.563
1.308997	1.184361	0.625864	167	34	161	767.400
-2.356194	1.599406	1.426070	162	149	31	767.345
0.261799	1.696674	-1.253233	6	21	118	767.337
-0.261799	2.138223	1.678323	137	162	18	767.324
1.047198	1.617114	-1.572037	19	37	36	767.109
-1.570796	1.824694	1.850876	131	146	1	767.106
0.261799	1.977582	0.969896	132	156	2	766.890
-1.832596	2.881233	-2.582574	134	7	139	766.841
2.094395	1.736875	3.023612	17	146	29	766.792
-0.261799	2.174483	2.653697	28	147	25	766.790
2.879793	1.504028	0.636812	138	154	166	766.710
-2.356194	2.404280	-0.174044	151	14	123	766.647
0.785398	1.846342	-1.796954	141	162	148	766.643
1.570796	1.741644	-2.695914	149	143	13	766.626
2.094395	2.295480	1.008277	136	154	43	766.437
-3.141593	2.174483	2.653697	35	9	43	766.433
-2.094395	1.658653	-2.409879	165	136	24	766.416
2.356194	1.554776	0.100351	147	21	142	766.379
1.570796	1.301460	-0.509251	6	29	13	766.117
-1.832596	1.045978	0.343692	154	141	30	766.107
-1.570796	1.025536	1.576859	34	4	40	766.088
-2.617994	1.809167	1.213774	155	144	15	766.056
-3.141593	1.242974	-2.977882	35	163	13	765.987
-2.094395	0.864993	2.278281	36	5	35	765.888
0.523599	2.984978	1.954446	8	146	35	765.583
-1.047198	1.998705	2.370472	141	6	147	765.435
0.785398	0.496451	0.593859	15	143	30	765.412
-0.261799	1.869911	2.701025	137	157	4	765.219
1.308997	1.413430	2.550734	148	150	44	765.209
0.000000	0.762244	-0.273349	142	131	151	765.062
-0.261799	0.419640	2.974122	150	141	4	765.058
2.617994	1.014500	0.906702	26	141	25	765.031
2.094395	0.866395	-2.492918	32	158	5	765.025
2.617994	1.374601	-2.456031	141	141	15	764.957
0.785398	1.683268	0.374177	13	24	14	764.664
-1.047198	1.812176	0.656819	27	158	42	764.570
1.832596	0.700570	1.559208	139	146	167	764.475
-2.356194	1.606104	-0.451151	137	164	23	764.393
2.617994	2.592629	0.909713	0	33	164	764.359
1.308997	1.606104	-0.451151	6	28	13	764.326
0.000000	1.809167	1.213774	153	155	43	764.033
1.308997	1.617114	-1.572037	165	34	19	764.021
-1.047198	2.247462	0.191623	155	136	162	764.016
-1.047198	0.733948	3.021411	139	152	0	763.823
-2.879793	1.195355	1.200319	156	27	126	763.501
-2.617994	2.724429	-0.348782	142	144	16	763.480
-1.308997	2.588535	-2.976617	134	137	146	763.444
0.000000	0.960688	-0.577532	148	16	135	763.406
-2.356194	0.496451	0.593859	150	31	147	763.207
-2.617994	2.664082	-1.071402	16	1	61	763.177
-2.617994	2.396274	-1.959260	32	159	8	763.151
2.094395	1.870545	-2.976234	160	141	21	763.009
1.570796	2.349581	-2.702517	146	142	18	762.887
-0.523599	2.704512	1.488683	5	151	41	762.789
-1.047198	0.992645	-1.723759	32	158	147	762.755
-2.879793	2.073035	2.027405	30	149	166	762.747
-1.570796	1.184361	0.625864	133	2	144	762.576
2.879793	0.709924	0.218797	148	140	20	762.567
0.261799	1.510910	-0.740472	165	134	18	762.463
-0.785398	1.875281	0.107086	135	156	156	762.383
-1.570796	1.448123	-2.163292	141	12	54	762.244
-1.308997	1.301460	-0.509251	134	19	143	762.190
0.261799	2.881233	-2.582574	135	7	37	762.024
-2.879793	2.984978	1.954446	134	161	147	761.865
-2.094395	0.297065	2.160177	30	166	2	761.835
1.570796	2.478122	2.609777	18	152	42	761.802
2.094395	2.863997	0.549740	33	156	46	761.718
-2.094395	1.812176	0.656819	143	18	130	761.693
-3.141593	1.909857	-0.381669	138	150	134	761.446
-3.141593	2.073035	2.027405	9	138	31	761.382
2.617994	1.135834	-1.431087	131	6	163	761.227
0.261799	2.033014	2.977192	4	38	13	761.082
2.879793	1.194549	-0.801900	139	146	39	761.078
0.785398	0.910508	1.903534	137	152	161	760.805
-2.094395	0.674054	1.013609	141	18	142	760.713
1.570796	1.506530	1.988858	20	155	32	760.352
0.000000	0.640596	-2.797608	142	6	144	760.130
0.261799	1.214854	-1.966664	9	36	10	760.091
-2.617994	1.247695	1.809890	159	149	29	760.082
0.523599	0.866395	-2.492918	166	36	134	760.062
0.785398	1.184361	0.625864	9	34	155	760.051
-0.523599	2.587733	0.232235	35	158	24	759.934
-0.785398	1.391910	3.030322	158	33	149	759.787
0.523599	1.836682	-0.676006	144	18	152	759.761
1.047198	2.001437	0.381215	10	32	160	759.746
-0.261799	2.984978	1.954446	143	144	24	759.732
2.879793	1.218453	2.777284	34	161	37	759.631
-2.879793	2.295480	1.008277	157	22	118	759.620
-2.094395	0.290380	-0.796960	135	152	146	759.532
2.094395	0.458961	-0.107937	31	4	165	759.526
-1.308997	1.391910	3.030322	155	16	131	759.309
-1.832596	0.619654	-2.216909	1	25	122	759.198
-3.141593	1.014500	0.906702	31	153	159	759.114
1.832596	1.904882	-1.478089	38	159	33	759.098
0.523599	0.674054	1.013609	14	139	26	759.051
2.617994	1.846342	-1.796954	164	147	33	759.003
-2.879793	1.413347	-1.339188	142	139	26	758.951
2.094395	0.418037	1.360082	135	150	159	758.910
-2.356194	1.440580	2.260026	130	159	36	758.871
-1.308997	1.662363	0.915448	137	141	138	758.640
-0.523599	1.168678	2.108595	139	6	34	758.624
-3.141593	1.025536	1.576859	146	150	35	758.510
-1.308997	0.674054	1.013609	127	148	27	758.172
-1.308997	1.998705	2.370472	14	27	6	758.130
1.832596	2.379497	0.561089	140	147	147	758.094
1.570796	1.606104	-0.451151	4	29	14	757.879
-2.879793	2.664082	-1.071402	146	145	27	757.849
0.000000	2.478122	2.609777	34	151	18	757.586
2.879793	1.569311	-3.003978	17	151	31	757.481
1.308997	0.458961	-0.107937	17	145	34	757.348
1.832596	0.961715	0.014085	157	29	136	757.229
-1.047198	2.379497	0.561089	23	155	41	757.131
-1.832596	0.674054	1.013609	25	156	43	757.121
-2.356194	1.736875	3.023612	18	23	9	757.094
-3.141593	1.488617	1.159546	142	156	39	757.062
0.523599	1.736875	3.023612	4	18	109	756.988
-0.261799	2.349581	-2.702517	10	141	30	756.874
2.617994	2.984978	1.954446	18	141	35	756.703
-0.261799	1.699788	2.452890	19	134	11	756.603
2.094395	2.174483	2.653697	25	39	21	756.532
-2.879793	0.960688	-0.577532	155	136	16	756.322
0.261799	1.050534	3.042579	28	5	54	756.309
-2.356194	0.831641	0.616218	147	142	27	756.197
2.094395	0.618092	2.539118	19	160	45	756.187
2.356194	1.998705	2.370472	16	42	20	756.184
1.832596	2.760637	2.781135	130	143	157	756.107
-0.261799	1.050534	3.042579	145	146	144	756.083
-1.832596	1.025536	1.576859	31	1	47	756.026
-0.523599	1.256302	0.062705	15	166	46	756.024
0.000000	0.379747	-1.713059	156	142	125	755.998
-3.141593	0.906588	1.252948	144	147	32	755.987
-2.094395	1.448123	-2.163292	33	155	33	755.861
0.523599	1.875281	0.107086	12	22	10	755.750
2.094395	0.929350	-2.910676	34	164	26	755.556
0.261799	0.685216	-1.712745	161	145	120	755.538
-3.141593	2.760637	2.781135	145	155	49	755.502
1.832596	1.998705	2.370472	29	36	21	755.479
-0.261799	1.662363	0.915448	166	136	118	755.386
-1.570796	0.709924	0.218797	135	16	148	755.355
1.047198	0.458961	-0.107937	12	140	33	755.341
-1.832596	0.910508	1.903534	7	28	2	755.324
0.000000	1.506530	1.988858	138	157	141	755.286
-1.047198	1.325504	-1.671296	128	164	36	755.274
-0.523599	0.640596	-2.797608	151	21	131	755.229
1.047198	2.251330	-2.330739	139	143	148	755.227
2.617994	1.662363	0.915448	16	142	36	755.212
1.047198	1.242974	-2.977882	10	21	110	755.204
1.047198	2.863997	0.549740	21	26	166	755.184
-2.094395	1.194549	-0.801900	138	159	23	755.137
2.094395	0.203748	0.590255	150	137	1	754.970
-2.879793	1.113094	-0.272241	2	36	11	754.965
-1.308997	1.875281	0.107086	27	150	27	754.857
1.570796	1.050534	3.042579	148	142	20	754.757
1.308997	1.367556	0.358405	12	31	137	754.695
1.832596	2.343981	-1.040456	137	159	142	754.668
2.094395	2.063651	-2.044600	157	28	23	754.593
0.523599	2.760637	2.781135	142	145	25	754.559
-1.832596	1.569311	-3.003978	10	27	8	754.476
0.261799	2.295480	1.008277	147	29	14	754.428
1.308997	1.696674	-1.253233	165	30	15	754.359
1.832596	1.214854	-1.966664	158	31	16	754.272
2.617994	0.700570	1.559208	140	149	29	754.197
-0.523599	0.418037	1.360082	162	137	34	754.135
0.523599	2.396274	-1.959260	152	22	127	753.318
0.523599	2.153910	-1.714959	145	8	128	753.220
-2.617994	2.104282	-0.813972	145	143	12	753.199
2.356194	2.251330	-2.330739	135	10	150	753.181
2.617994	0.864993	2.278281	20	151	42	753.163
1.047198	1.488617	1.159546	26	160	38	752.905
-3.141593	0.899350	-2.069907	19	9	60	752.885
-2.617994	1.374601	-2.456031	3	20	125	752.766
2.094395	2.251330	-2.330739	162	154	41	752.734
-2.617994	1.662363	0.915448	164	29	6	752.719
2.879793	1.875281	0.107086	135	155	157	752.684
0.261799	2.637879	2.121598	152	137	141	752.608
2.617994	1.982574	-1.115518	158	22	137	752.527
0.785398	2.104282	-0.813972	24	11	166	752.522
-0.785398	1.195355	1.200319	151	127	1	752.512
-0.261799	1.413430	2.550734	19	136	19	752.502
-1.570796	1.488617	1.159546	23	162	48	752.335
1.047198	2.115563	0.685730	11	28	0	752.144
0.523599	1.510910	-0.740472	143	19	145	752.123
0.000000	1.218453	2.777284	13	145	43	752.091
2.356194	2.295480	1.008277	147	133	5	752.070
0.785398	2.089241	-0.114193	9	27	6	752.003
-1.832596	0.850607	-1.335383	165	30	19	751.959
2.356194	1.904882	-1.478089	42	19	29	751.948
-0.261799	1.812176	0.656819	162	141	114	751.904
2.356194	1.506530	1.988858	6	36	14	751.859
1.832596	2.592629	0.909713	138	157	44	751.807
0.000000	0.203748	0.590255	152	141	34	751.763
0.785398	0.290380	-0.796960	146	143	36	751.744
-0.261799	0.762244	-0.273349	138	130	155	751.410
0.523599	1.998705	2.370472	158	132	159	751.307
-0.523599	0.914445	2.687814	140	153	31	751.254
1.570796	2.455966	-0.641220	156	30	133	751.033
-1.047198	2.138223	1.678323	6	34	12	751.013
-1.308997	1.741644	-2.695914	6	27	4	751.010
2.617994	1.809167	1.213774	162	15	114	750.970
2.879793	2.180315	-1.357379	133	161	167	750.927
0.000000	2.592629	0.909713	14	16	111	750.851
-0.523599	1.998705	2.370472	140	160	144	750.840
2.879793	0.619654	-2.216909	31	21	21	750.761
-1.308997	2.104282	-0.813972	137	10	133	750.717
2.094395	2.115563	0.685730	22	149	156	750.675
-0.261799	0.615174	-0.666022	134	143	161	750.650
2.617994	2.063651	-2.044600	129	158	158	750.506
-0.261799	2.704512	1.488683	150	137	143	750.473
-2.879793	2.033014	2.977192	135	10	154	750.461
1.047198	1.736875	3.023612	143	137	159	750.423
1.047198	1.948085	-2.363031	134	161	19	750.268
0.261799	0.762244	-0.273349	145	136	24	750.247
-2.356194	1.875281	0.107086	143	19	139	750.201
-0.785398	1.335669	0.897240	27	6	166	750.079
1.832596	2.456751	-1.503343	29	156	141	750.036
0.261799	1.875281	0.107086	28	1	39	749.915
-1.308997	1.504028	0.636812	134	143	141	749.887
-2.356194	1.506530	1.988858	32	22	12	749.873
1.308997	0.910508	1.903534	139	146	1	749.760
1.570796	0.419640	2.974122	145	142	20	749.554
0.785398	0.418037	1.360082	137	138	133	749.545
-1.308997	2.073035	2.027405	16	30	10	749.541
-3.141593	1.699788	2.452890	25	156	157	749.529
0.000000	2.033014	2.977192	12	35	9	749.527
1.832596	0.910508	1.903534	12	163	48	749.437
-2.356194	1.128190	-2.288622	159	18	130	749.402
2.094395	2.719179	-1.780644	140	142	159	749.312
-0.261799	0.700570	1.559208	3	136	29	749.252
-2.879793	2.187132	-0.479875	139	151	29	749.238
0.523599	2.637879	2.121598	133	162	164	749.227
-1.047198	0.866955	-0.931351	34	167	164	749.196
-0.785398	1.846342	-1.796954	20	24	13	748.895
-2.094395	1.504028	0.636812	138	163	40	748.833
2.356194	1.699788	2.452890	25	164	50	748.533
1.832596	1.417623	-0.202254	11	21	118	748.375
-3.141593	1.440580	2.260026	23	5	54	748.350
-3.141593	2.247462	0.191623	134	162	34	748.335
-2.617994	0.864993	2.278281	35	163	35	748.286
0.000000	1.194549	-0.801900	1	40	136	748.262
0.785398	1.721184	-0.153948	138	15	148	748.246
2.879793	0.618092	2.539118	29	155	37	748.197
-0.523599	2.089241	-0.114193	25	157	154	748.123
-1.832596	1.374601	-2.456031	35	158	30	748.077
1.832596	2.637879	2.121598	12	31	2	748.010
-1.047198	2.719179	-1.780644	135	161	154	747.969
-1.308997	2.592629	0.909713	10	155	44	747.945
-2.094395	1.732874	-0.951685	149	146	39	747.826
2.356194	2.637879	2.121598	148	134	20	747.806
-0.785398	0.831641	0.616218	27	165	164	747.666
0.785398	2.719179	-1.780644	20	140	165	747.619
-0.261799	1.488617	1.159546	160	135	16	747.461
-0.261799	0.733948	3.021411	137	160	16	747.418
-1.570796	1.014500	0.906702	132	165	151	747.371
0.261799	1.128190	-2.288622	146	3	141	747.355
-3.141593	2.356369	3.005869	33	5	42	747.336
-2.356194	0.910508	1.903534	32	162	38	747.333
1.047198	1.134497	-1.109631	10	12	114	747.281
-1.308997	2.299159	2.264663	151	13	51	747.127
1.047198	1.812176	0.656819	8	30	164	747.121
2.617994	2.033014	2.977192	28	158	38	747.105
-1.308997	2.164094	-2.991358	166	37	146	747.062
-1.832596	2.379497	0.561089	1	150	38	747.062
-1.308997	1.488617	1.159546	135	137	145	746.932
1.047198	1.545873	-1.877082	24	152	158	746.853
0.785398	2.108018	1.311430	33	153	22	746.654
-3.141593	1.135834	-1.431087	131	146	25	746.359
1.570796	1.256302	0.062705	161	30	136	746.355
-1.047198	2.063651	-2.044600	9	26	10	746.270
-1.570796	1.413430	2.550734	24	24	44	746.198
0.261799	1.569311	-3.003978	145	19	141	746.188
-0.785398	0.864993	2.278281	26	164	163	746.041
-1.832596	1.247695	1.809890	26	12	53	746.022
0.785398	1.998705	2.370472	162	132	159	745.949
0.523599	2.104282	-0.813972	7	32	132	745.920
0.000000	0.496451	0.593859	152	35	148	745.842
2.094395	0.709924	0.218797	150	26	140	745.598
2.617994	1.413347	-1.339188	32	3	155	745.559
-1.570796	1.433411	-1.035986	138	147	155	745.493
-2.094395	1.909857	-0.381669	145	144	152	745.389
-1.570796	2.979456	-1.009304	33	162	36	745.373
0.261799	1.870545	-2.976234	27	153	46	745.318
2.094395	1.168678	2.108595	24	40	38	745.294
2.356194	1.766067	2.153843	16	150	37	744.845
2.617994	1.869911	2.701025	25	159	154	744.779
1.047198	2.295480	1.008277	132	150	34	744.674
1.047198	2.664082	-1.071402	0	29	10	744.613
2.094395	1.696674	-1.253233	125	156	20	744.529
-1.308997	1.555207	1.708892	9	33	9	744.332
-2.094395	2.760637	2.781135	134	147	139	744.011
0.000000	1.135834	-1.431087	142	135	12	743.851
-1.832596	0.496451	0.593859	137	17	153	743.820
-1.047198	0.615174	-0.666022	167	150	36	743.797
-0.261799	2.760637	2.781135	140	5	151	743.723
0.785398	1.599406	1.426070	31	153	34	743.665
-2.094395	0.591903	2.010408	4	28	1	743.580
-0.785398	1.948085	-2.363031	13	29	12	743.525
0.261799	2.299159	2.264663	158	127	152	743.494
-1.047198	2.299159	2.264663	15	30	9	743.436
-3.141593	1.335669	0.897240	138	155	35	743.254
-2.879793	0.700570	1.559208	12	150	42	743.203
-3.141593	1.194549	-0.801900	143	5	142	743.167
-1.832596	1.683268	0.374177	8	147	34	743.159
-0.785398	0.080730	-2.622036	141	162	37	743.122
-0.523599	1.014500	0.906702	32	4	46	743.108
-1.047198	1.554776	0.100351	32	154	26	743.092
0.523599	0.203748	0.590255	8	26	4	743.012
2.879793	2.724429	-0.348782	26	160	152	742.988
2.879793	0.899350	-2.069907	20	6	60	742.981
-2.879793	1.977582	0.969896	139	161	39	742.894
-1.570796	1.242974	-2.977882	135	155	38	742.805
1.570796	0.203748	0.590255	139	134	135	742.785
0.261799	2.138223	1.678323	141	25	144	742.685
-2.094395	0.685216	-1.712745	163	17	117	742.655
-1.570796	1.998705	2.370472	22	155	31	742.510
0.261799	2.089241	-0.114193	31	23	26	742.414
-2.356194	1.909857	-0.381669	140	151	148	742.329
1.832596	2.247462	0.191623	138	147	4	742.326
-0.785398	1.128190	-2.288622	158	16	118	742.324
-1.047198	1.836682	-0.676006	33	164	4	742.219
2.617994	1.135813	-2.658866	141	143	8	741.964
-2.879793	1.433411	-1.035986	16	35	14	741.953
-1.308997	1.846342	-1.796954	22	145	36	741.657
1.308997	2.704512	1.488683	30	2	48	741.597
0.261799	2.349581	-2.702517	21	139	26	741.554
0.523599	2.349581	-2.702517	135	150	152	741.540
-2.617994	1.504028	0.636812	140	149	30	741.514
2.879793	2.164094	-2.991358	32	158	31	741.503
1.047198	1.756530	-2.105156	19	39	24	741.443
-2.617994	0.458961	-0.107937	141	162	39	741.424
-1.832596	0.864993	2.278281	132	149	37	741.387
-0.785398	0.418037	1.360082	155	137	34	741.276
-3.141593	1.721184	-0.153948	136	153	138	741.242
-0.785398	1.014500	0.906702	32	161	26	741.206
-0.785398	1.662363	0.915448	25	166	51	741.173
0.523599	1.413430	2.550734	155	134	165	741.162
-0.523599	1.662363	0.915448	27	0	51	741.147
0.000000	0.674054	1.013609	4	136	27	741.141
2.617994	1.872854	1.543456	19	143	32	741.027
-1.570796	1.721184	-0.153948	137	10	136	740.980
-2.879793	0.762244	-0.273349	21	41	40	740.875
-2.094395	1.195355	1.200319	144	14	128	740.682
2.617994	1.367556	0.358405	136	160	159	740.573
-2.356194	0.618092	2.539118	134	156	43	740.473
-0.785398	1.247695	1.809890	150	123	155	740.470
-2.356194	1.569311	-3.003978	21	22	8	740.336
-2.356194	1.504028	0.636812	144	146	30	740.326
1.047198	0.700570	1.559208	149	161	44	740.255
2.356194	1.869911	2.701025	18	43	30	740.191
-2.879793	1.247695	1.809890	134	156	157	740.164
2.094395	1.869911	2.701025	26	40	31	740.087
-0.523599	1.948085	-2.363031	152	140	26	740.044
-2.356194	2.719179	-1.780644	135	146	26	740.001
-1.308997	2.379497	0.561089	18	153	41	739.922
-3.141593	2.164094	-2.991358	34	0	36	739.893
-1.570796	2.587733	0.232235	145	141	143	739.661
2.879793	1.696674	-1.253233	133	155	0	739.476
-2.094395	1.846342	-1.796954	147	30	41	739.389
-0.261799	0.866395	-2.492918	150	10	124	739.389
2.879793	0.615174	-0.666022	141	138	26	739.284
2.094395	0.080730	-2.622036	8	31	165	739.273
2.094395	1.506530	1.988858	11	33	12	739.191
-1.570796	1.569311	-3.003978	6	28	7	739.185
-3.141593	1.812176	0.656819	139	151	0	739.175
1.308997	1.555207	1.708892	137	149	26	739.172
1.570796	0.866395	-2.492918	156	143	24	739.092
-2.879793	0.733948	3.021411	36	165	22	739.067
-2.094395	2.180315	-1.357379	22	150	162	739.045
-1.308997	0.080730	-2.622036	147	131	130	739.044
2.879793	0.866955	-0.931351	39	11	37	738.976
2.094395	0.619654	-2.216909	161	28	7	738.557
1.308997	0.709924	0.218797	129	146	160	738.541
-0.261799	1.599406	1.426070	3	35	7	738.520
0.523599	0.733948	3.021411	142	2	137	738.494
1.570796	2.104282	-0.813972	167	27	8	738.328
-2.617994	2.153910	-1.714959	21	151	164	738.151
1.308997	1.413347	-1.339188	31	148	148	738.089
2.094395	2.979456	-1.009304	152	11	127	738.083
-1.047198	1.948085	-2.363031	129	160	165	738.005
-1.832596	2.343981	-1.040456	14	140	138	737.982
-1.047198	2.664082	-1.071402	6	145	44	737.958
-0.785398	2.719179	-1.780644	133	146	142	737.947
-1.832596	2.164094	-2.991358	127	152	159	737.919
2.879793	0.203748	0.590255	145	160	42	737.843
-2.094395	0.960688	-0.577532	146	158	35	737.716
-0.785398	1.732874	-0.951685	29	159	39	737.696
-1.570796	0.992645	-1.723759	164	8	113	737.593
-0.523599	1.128190	-2.288622	155	13	118	737.411
-0.785398	0.379747	-1.713059	163	14	126	737.225
1.570796	2.881233	-2.582574	144	143	21	737.032
-2.094395	0.762244	-0.273349	142	156	35	736.985
-2.617994	1.696674	-1.253233	137	147	34	736.984
-0.523599	1.134497	-1.109631	31	7	163	736.805
0.523599	0.914445	2.687814	13	151	45	736.725
2.356194	0.866955	-0.931351	35	6	155	736.714
-2.356194	1.433411	-1.035986	147	143	35	736.567
2.879793	1.721184	-0.153948	32	16	165	736.559
-0.261799	2.407836	1.410646	18	10	52	736.496
2.094395	1.554776	0.100351	157	33	144	736.448
1.570796	1.194549	-0.801900	8	29	12	736.418
2.879793	1.766067	2.153843	150	138	30	736.353
1.047198	1.869911	2.701025	43	13	28	736.344
2.617994	2.664082	-1.071402	9	167	60	736.334
-0.523599	1.301460	-0.509251	19	149	18	736.229
-1.047198	1.014500	0.906702	36	2	36	736.205
1.570796	1.433411	-1.035986	31	151	166	736.130
1.047198	1.325504	-1.671296	4	34	13	736.086
1.047198	1.870545	-2.976234	141	145	19	735.796
1.047198	1.699788	2.452890	164	133	161	735.727
0.261799	1.658653	-2.409879	139	144	33	735.673
-2.094395	1.870545	-2.976234	18	23	6	735.582
-2.094395	2.138223	1.678323	33	164	48	735.527
-2.879793	0.831641	0.616218	139	142	160	735.516
-1.308997	2.187132	-0.479875	32	156	16	735.480
2.094395	1.135834	-1.431087	144	26	146	735.371
1.570796	1.113094	-0.272241	164	29	129	735.369
2.879793	0.864993	2.278281	25	154	42	735.311
-1.832596	0.419640	2.974122	136	11	11	735.056
2.879793	2.404280	-0.174044	137	153	160	735.055
0.000000	2.979456	-1.009304	0	5	107	734.943
2.356194	2.984978	1.954446	11	140	35	734.933
-3.141593	1.824694	1.850876	160	33	12	734.868
1.308997	1.756530	-2.105156	149	145	11	734.765
1.308997	1.904882	-1.478089	28	146	31	734.614
1.832596	2.187132	-0.479875	145	17	143	734.415
-2.879793	1.998705	2.370472	26	6	166	734.407
-1.308997	1.413430	2.550734	27	17	39	734.390
2.617994	1.184361	0.625864	136	156	164	734.385
1.308997	1.875281	0.107086	1	35	153	734.339
-2.617994	0.591903	2.010408	24	21	113	734.265
-2.617994	1.721184	-0.153948	143	147	28	734.195
-0.523599	1.658653	-2.409879	138	142	31	734.173
-2.356194	0.914445	2.687814	142	150	35	734.149
-3.141593	0.831641	0.616218	139	148	25	734.076
1.047198	1.574060	2.783565	143	139	163	734.033
0.261799	1.732874	-0.951685	140	136	138	734.022
2.356194	0.080730	-2.622036	138	152	43	733.987
1.047198	1.683268	0.374177	7	33	158	733.946
-2.879793	1.846342	-1.796954	130	148	26	733.936
0.000000	0.709924	0.218797	146	135	21	733.919
-2.094395	1.450119	-2.739050	14	24	3	733.879
0.000000	1.417623	-0.202254	32	165	30	733.846
0.000000	2.174483	2.653697	8	36	11	733.845
-2.879793	2.863997	0.549740	158	25	143	733.830
-0.785398	1.413430	2.550734	0	138	37	733.759
1.832596	1.025536	1.576859	12	166	49	733.755
1.308997	2.349581	-2.702517	143	144	18	733.595
-2.617994	2.456751	-1.503343	134	143	2	733.589
0.261799	1.194549	-0.801900	161	39	136	733.539
-0.261799	1.721184	-0.153948	26	160	156	733.486
-0.261799	1.554776	0.100351	155	137	13	733.486
-1.308997	0.992645	-1.723759	162	10	114	733.349
1.308997	2.104282	-0.813972	4	29	8	733.344
0.000000	1.812176	0.656819	2	31	14	733.297
-1.832596	1.510910	-0.740472	20	151	44	733.290
-2.356194	1.413347	-1.339188	144	144	12	733.276
-1.047198	1.134497	-1.109631	136	17	43	733.126
2.617994	0.619654	-2.216909	34	17	21	732.996
-1.832596	2.478122	2.609777	132	150	15	732.995
-0.785398	0.866395	-2.492918	154	17	122	732.995
-2.879793	1.134796	2.434290	28	3	50	732.984
-1.832596	1.736875	3.023612	7	27	15	732.929
0.000000	1.617114	-1.572037	2	18	117	732.901
1.832596	2.863997	0.549740	28	16	16	732.726
-1.308997	1.310100	1.488307	31	8	159	732.695
2.617994	1.870545	-2.976234	141	151	119	732.617
-0.261799	1.413347	-1.339188	130	146	25	732.524
0.785398	1.440580	2.260026	159	137	1	732.516
1.570796	2.579248	-2.364801	142	145	16	732.393
2.356194	0.674054	1.013609	138	144	1	732.389
-2.617994	1.135813	-2.658866	23	3	153	732.383
-2.617994	0.496451	0.593859	34	165	155	732.372
0.785398	2.138223	1.678323	123	158	19	732.291
1.832596	1.391910	3.030322	154	141	19	732.273
2.356194	0.733948	3.021411	28	151	25	732.270
-2.617994	1.195355	1.200319	147	149	34	732.126
1.570796	2.295480	1.008277	5	142	39	732.117
2.879793	1.025536	1.576859	153	148	42	732.039
-0.785398	2.115563	0.685730	21	151	38	732.036
1.570796	2.138223	1.678323	137	139	16	731.986
1.047198	1.184361	0.625864	5	35	155	731.712
0.785398	2.174483	2.653697	44	6	20	731.696
1.308997	1.545873	-1.877082	165	35	17	731.520
0.261799	2.251330	-2.330739	145	15	133	731.460
-1.047198	1.875281	0.107086	159	142	25	731.414
0.523599	1.662363	0.915448	161	28	16	731.315
0.261799	1.617114	-1.572037	6	13	112	731.185
-0.785398	2.592629	0.909713	19	155	43	731.185
2.617994	1.909857	-0.381669	35	6	162	731.033
2.879793	0.458961	-0.107937	147	137	12	730.992
-0.523599	2.724429	-0.348782	6	152	51	730.913
2.356194	2.760637	2.781135	31	164	42	730.807
-2.879793	1.982574	-1.115518	139	148	9	730.770
0.523599	2.881233	-2.582574	153	6	125	730.730
-2.094395	0.080730	-2.622036	28	166	166	730.504
0.785398	1.569311	-3.003978	139	150	29	730.497
1.047198	1.872854	1.543456	130	146	155	730.397
1.832596	1.554776	0.100351	162	36	144	730.322
2.356194	2.164094	-2.991358	10	144	28	730.287
-2.617994	1.812176	0.656819	140	143	166	730.114
2.617994	0.640596	-2.797608	29	15	19	730.037
2.094395	1.574060	2.783565	26	153	39	729.992
-3.141593	1.113094	-0.272241	139	13	33	729.952
-3.141593	0.458961	-0.107937	141	0	38	729.886
1.308997	2.033014	2.977192	148	142	29	729.835
0.261799	0.591903	2.010408	144	24	31	729.671
-2.356194	0.850607	-1.335383	146	137	24	729.635
-3.141593	1.134497	-1.109631	163	16	115	729.617
-1.308997	0.685216	-1.712745	31	149	129	729.537
-1.047198	1.134796	2.434290	1	140	39	729.496
2.617994	0.591903	2.010408	23	164	41	729.333
0.785398	1.574060	2.783565	140	144	163	729.309
0.261799	0.914445	2.687814	137	3	149	729.285
-1.570796	2.719179	-1.780644	12	142	39	729.229
0.000000	2.247462	0.191623	145	147	22	729.173
-1.308997	2.089241	-0.114193	146	136	148	729.147
-1.832596	0.618092	2.539118	0	12	107	729.141
2.617994	0.914445	2.687814	28	154	36	729.120
2.356194	1.325504	-1.671296	142	23	144	729.102
2.356194	1.335669	0.897240	135	3	39	729.092
-2.879793	1.504028	0.636812	139	153	32	729.006
0.261799	2.343981	-1.040456	138	143	150	728.987
-1.832596	2.587733	0.232235	141	154	149	728.986
-1.047198	1.440580	2.260026	138	11	20	728.959
-2.879793	1.606104	-0.451151	139	161	148	728.832
-2.356194	1.218453	2.777284	138	149	3	728.799
-2.356194	1.982574	-1.115518	151	141	25	728.759
1.047198	1.413430	2.550734	164	134	166	728.727
-2.356194	1.301460	-0.509251	19	149	45	728.715
1.832596	1.732874	-0.951685	32	155	151	728.623
1.832596	1.699788	2.452890	23	155	43	728.612
-0.261799	2.164094	-2.991358	9	132	10	728.559
2.356194	0.379747	-1.713059	18	156	57	728.499
-1.047198	2.115563	0.685730	23	157	44	728.469
-1.047198	1.195355	1.200319	27	3	51	728.081
0.000000	1.555207	1.708892	140	162	34	727.911
0.785398	2.724429	-0.348782	145	167	53	727.868
1.308997	2.138223	1.678323	27	156	23	727.859
-3.141593	1.736875	3.023612	139	160	35	727.773
-0.261799	1.135834	-1.431087	132	152	165	727.761
-2.094395	1.247695	1.809890	28	3	49	727.662
2.879793	2.592629	0.909713	167	32	145	727.613
-1.308997	0.733948	3.021411	135	165	35	727.604
-0.785398	1.168678	2.108595	142	10	34	727.562
-1.047198	1.242974	-2.977882	142	147	38	727.500
1.832596	1.168678	2.108595	21	157	35	727.338
-0.523599	2.592629	0.909713	19	151	41	727.331
0.261799	0.615174	-0.666022	145	127	162	727.242
1.308997	2.299159	2.264663	36	25	11	727.175
0.785398	1.696674	-1.253233	24	31	44	727.153
2.356194	2.588535	-2.976617	17	30	5	727.075
-2.879793	0.591903	2.010408	28	156	40	727.075
-2.879793	1.836682	-0.676006	7	33	164	727.050
-0.261799	0.709924	0.218797	139	137	21	727.030
-0.261799	1.824694	1.850876	143	143	25	727.030
0.785398	2.407836	1.410646	132	145	165	726.997
-2.356194	1.367556	0.358405	142	145	24	726.981
1.047198	1.824694	1.850876	130	149	149	726.939
-2.356194	2.760637	2.781135	26	11	7	726.937
-1.832596	2.455966	-0.641220	137	157	34	726.932
1.308997	2.153910	-1.714959	31	148	29	726.898
-3.141593	1.599406	1.426070	30	156	149	726.879
-1.832596	0.762244	-0.273349	33	160	38	726.875
-3.141593	0.992645	-1.723759	135	135	149	726.806
0.785398	2.073035	2.027405	131	163	159	726.779
-0.523599	0.733948	3.021411	135	164	16	726.719
2.879793	1.050534	3.042579	27	158	37	726.687
0.523599	0.080730	-2.622036	12	155	37	726.646
-3.141593	1.256302	0.062705	134	151	151	726.558
-0.261799	1.025536	1.576859	149	147	38	726.541
-1.832596	1.824694	1.850876	129	156	156	726.491
-1.832596	0.961715	0.014085	139	23	35	726.399
2.879793	0.418037	1.360082	15	162	43	726.399
0.000000	1.545873	-1.877082	40	24	33	726.340
0.523599	2.456751	-1.503343	160	26	124	726.339
2.617994	1.168678	2.108595	151	147	34	726.337
-2.356194	2.396274	-1.959260	28	159	50	726.254
-1.832596	2.063651	-2.044600	4	30	164	726.117
2.094395	0.571433	-1.188419	134	11	147	726.059
-1.570796	1.812176	0.656819	167	132	8	726.054
-2.617994	1.113094	-0.272241	163	36	8	725.996
-3.141593	0.910508	1.903534	14	152	44	725.950
0.000000	1.168678	2.108595	142	164	38	725.720
0.261799	2.001437	0.381215	21	160	38	725.707
-1.308997	1.809167	1.213774	156	24	147	725.703
-2.094395	2.033014	2.977192	127	155	159	725.600
-2.356194	1.134497	-1.109631	149	139	32	725.559
-1.570796	2.174483	2.653697	18	155	38	725.549
0.523599	2.251330	-2.330739	133	9	25	725.295
-1.570796	1.846342	-1.796954	17	142	36	725.251
-2.879793	1.488617	1.159546	144	154	40	725.241
1.308997	1.242974	-2.977882	145	143	18	725.205
-1.832596	1.195355	1.200319	25	162	48	725.192
-0.523599	1.195355	1.200319	159	125	1	725.164
-1.832596	2.104282	-0.813972	139	155	137	725.162
0.523599	1.134497	-1.109631	21	153	155	725.146
1.570796	0.496451	0.593859	33	4	162	725.146
-1.047198	1.982574	-1.115518	166	139	137	725.008
2.879793	0.700570	1.559208	155	36	149	724.981
2.617994	2.863997	0.549740	164	138	17	724.967
-0.523599	1.869911	2.701025	141	8	155	724.908
2.879793	2.979456	-1.009304	37	2	167	724.886
-1.308997	1.448123	-2.163292	144	5	55	724.876
-1.832596	1.413347	-1.339188	137	155	154	724.802
1.570796	1.135813	-2.658866	4	28	114	724.611
2.617994	1.617114	-1.572037	23	155	38	724.605
0.261799	1.134497	-1.109631	146	15	146	724.562
-1.047198	1.574060	2.783565	149	20	152	724.535
0.785398	1.732874	-0.951685	7	16	115	724.498
1.570796	1.904882	-1.478089	33	152	32	724.420
2.094395	1.699788	2.452890	24	41	30	724.360
1.308997	1.014500	0.906702	137	142	11	724.299
-2.356194	1.766067	2.153843	128	161	30	724.153
1.570796	1.998705	2.370472	34	30	18	724.113
0.000000	2.251330	-2.330739	148	19	130	724.043
1.832596	2.719179	-1.780644	140	138	151	724.002
1.832596	1.846342	-1.796954	34	165	44	723.975
1.308997	1.977582	0.969896	26	1	40	723.940
0.261799	2.379497	0.561089	136	153	10	723.805
1.308997	0.419640	2.974122	149	136	137	723.740
2.617994	1.310100	1.488307	28	145	14	723.641
1.570796	2.984978	1.954446	12	30	3	723.540
-0.785398	1.413347	-1.339188	130	149	6	723.539
2.094395	1.025536	1.576859	13	167	48	723.347
-0.523599	1.417623	-0.202254	21	149	22	723.312
-3.141593	2.115563	0.685730	138	164	39	723.225
1.047198	1.741644	-2.695914	143	147	26	723.210
0.261799	0.080730	-2.622036	134	150	19	723.192
-1.832596	1.242974	-2.977882	133	160	39	723.184
-2.356194	2.001437	0.381215	134	152	29	723.146
-0.523599	1.846342	-1.796954	16	28	13	723.061
1.570796	1.721184	-0.153948	28	150	154	723.004
1.832596	0.496451	0.593859	148	19	134	722.977
-1.308997	2.664082	-1.071402	139	8	144	722.976
-1.832596	2.187132	-0.479875	143	151	6	722.740
-2.356194	1.741644	-2.695914	147	138	1	722.554
2.879793	1.440580	2.260026	20	156	44	722.507
1.047198	1.367556	0.358405	8	35	151	722.457
-2.356194	2.247462	0.191623	142	147	32	722.431
-3.141593	0.733948	3.021411	26	21	51	722.358
-1.308997	1.417623	-0.202254	7	142	23	722.223
0.785398	1.135813	-2.658866	23	153	47	722.156
0.000000	0.961715	0.014085	32	3	38	722.018
-0.523599	1.247695	1.809890	142	5	37	721.936
-0.523599	2.396274	-1.959260	133	134	147	721.849
-2.094395	1.413430	2.550734	39	157	18	721.826
2.094395	2.760637	2.781135	7	36	133	721.790
1.570796	1.440580	2.260026	15	156	47	721.723
-3.141593	2.033014	2.977192	33	167	39	721.710
1.047198	1.135834	-1.431087	10	0	111	721.634
2.094395	0.960688	-0.577532	29	148	7	721.608
2.356194	0.762244	-0.273349	31	7	164	721.607
2.617994	1.440580	2.260026	141	140	15	721.591
-1.308997	1.134796	2.434290	24	26	42	721.562
-1.832596	1.732874	-0.951685	154	145	39	721.447
-3.141593	1.247695	1.809890	155	138	16	721.378
0.000000	1.872854	1.543456	145	30	141	721.342
-0.523599	2.174483	2.653697	14	32	9	721.309
-0.785398	2.587733	0.232235	31	159	37	721.292
-0.261799	1.135813	-2.658866	149	15	126	721.235
-1.832596	1.325504	-1.671296	3	7	111	721.222
0.261799	0.379747	-1.713059	160	141	125	721.208
-0.523599	2.719179	-1.780644	136	139	142	721.194
-1.308997	0.866395	-2.492918	19	22	48	721.173
-1.570796	1.391910	3.030322	26	158	32	721.122
-2.356194	2.174483	2.653697	130	155	150	721.106
-0.785398	2.984978	1.954446	134	158	35	721.060
0.261799	2.356369	3.005869	23	143	146	721.048
1.047198	2.455966	-0.641220	11	31	9	721.006
-0.523599	0.571433	-1.188419	33	1	163	720.990
-2.879793	2.356369	3.005869	147	138	9	720.934
-3.141593	1.367556	0.358405	134	157	27	720.915
-0.785398	1.242974	-2.977882	137	165	148	720.794
-1.570796	2.251330	-2.330739	126	166	11	720.629
2.879793	2.174483	2.653697	35	4	43	720.584
-3.141593	1.050534	3.042579	29	162	37	720.571
-0.261799	1.977582	0.969896	32	163	37	720.363
2.094395	1.982574	-1.115518	33	163	147	720.329
1.832596	0.458961	-0.107937	4	28	127	720.282
-0.261799	2.719179	-1.780644	137	135	138	720.146
-2.617994	0.929350	-2.910676	24	2	155	720.119
-1.308997	2.001437	0.381215	146	156	37	720.075
-1.047198	2.579248	-2.364801	133	139	147	720.017
1.570796	2.863997	0.549740	144	159	49	719.937
2.356194	1.050534	3.042579	33	167	22	719.879
0.523599	2.356369	3.005869	138	143	161	719.839
1.047198	0.080730	-2.622036	154	17	130	719.834
-2.356194	1.824694	1.850876	40	15	21	719.722
-2.356194	0.571433	-1.188419	136	2	30	719.535
1.308997	1.247695	1.809890	136	165	38	719.513
2.617994	1.214854	-1.966664	150	16	128	719.470
0.000000	2.863997	0.549740	145	146	28	719.447
0.785398	2.343981	-1.040456	148	138	5	719.445
-2.617994	0.960688	-0.577532	136	3	31	719.223
-3.141593	1.982574	-1.115518	135	153	4	719.222
0.785398	0.850607	-1.335383	17	150	47	719.221
0.785398	1.606104	-0.451151	164	29	132	719.219
2.356194	0.709924	0.218797	4	139	30	719.135
0.523599	2.704512	1.488683	131	149	166	719.102
1.832596	1.184361	0.625864	149	6	51	718.974
1.047198	1.433411	-1.035986	7	22	117	718.901
0.523599	1.569311	-3.003978	136	147	154	718.648
-1.308997	0.458961	-0.107937	8	143	23	718.644
0.261799	0.640596	-2.797608	147	8	134	718.619
-2.356194	0.685216	-1.712745	143	138	8	718.537
1.308997	2.393226	1.857173	165	144	31	718.367
0.000000	2.001437	0.381215	19	159	38	718.324
-3.141593	0.864993	2.278281	29	159	42	718.320
0.523599	2.174483	2.653697	31	19	38	718.316
-1.047198	2.180315	-1.357379	29	19	17	718.297
1.308997	0.929350	-2.910676	147	142	11	718.220
-0.523599	0.960688	-0.577532	18	32	125	718.187
-2.356194	2.104282	-0.813972	141	156	140	718.109
-0.261799	0.899350	-2.069907	154	10	124	718.079
0.785398	2.251330	-2.330739	29	153	37	718.018
-2.094395	1.135813	-2.658866	24	29	21	717.998
-2.094395	2.001437	0.381215	144	19	133	717.938
1.832596	1.766067	2.153843	24	35	19	717.896
-0.523599	1.310100	1.488307	23	10	54	717.722
-0.261799	1.741644	-2.695914	165	136	31	717.551
-2.094395	0.899350	-2.069907	148	137	2	717.501
1.308997	2.478122	2.609777	130	153	157	717.440
0.523599	0.685216	-1.712745	163	145	120	717.417
-1.832596	1.982574	-1.115518	155	142	134	717.307
1.832596	1.135834	-1.431087	0	24	7	717.305
1.308997	1.450119	-2.739050	146	143	13	717.278
0.785398	0.906588	1.252948	125	156	12	717.274
1.832596	2.251330	-2.330739	159	30	19	717.270
-1.832596	2.704512	1.488683	151	20	140	717.234
-0.785398	1.555207	1.708892	147	133	8	717.187
2.094395	2.247462	0.191623	140	142	4	717.176
0.000000	2.041297	-2.664597	144	16	136	717.170
0.785398	1.809167	1.213774	33	154	28	717.117
-1.832596	1.836682	-0.676006	149	153	42	717.101
-0.785398	1.812176	0.656819	24	153	39	717.081
0.261799	1.310100	1.488307	4	33	11	716.947
-2.617994	2.343981	-1.040456	141	144	167	716.944
2.356194	1.824694	1.850876	142	129	162	716.941
2.094395	2.343981	-1.040456	138	146	156	716.889
-1.832596	2.863997	0.549740	140	145	23	716.852
-1.308997	1.617114	-1.572037	124	2	28	716.848
2.617994	1.998705	2.370472	31	1	48	716.826
0.785398	2.396274	-1.959260	7	36	3	716.812
-0.261799	1.904882	-1.478089	39	14	47	716.778
-2.879793	2.251330	-2.330739	34	161	10	716.717
1.570796	0.733948	3.021411	152	134	139	716.632
-2.617994	1.756530	-2.105156	22	146	37	716.590
1.047198	0.418037	1.360082	18	165	51	716.388
-1.570796	1.836682	-0.676006	152	152	42	716.337
-2.879793	1.025536	1.576859	5	137	16	716.264
-0.261799	0.370812	-2.547742	149	11	130	716.241
2.879793	2.041297	-2.664597	34	157	17	716.206
1.308997	0.297065	2.160177	136	150	161	716.159
-1.832596	2.108018	1.311430	41	0	28	716.136
-2.617994	0.906588	1.252948	32	8	157	716.129
2.094395	1.184361	0.625864	7	140	33	716.114
2.094395	2.404280	-0.174044	24	155	151	716.048
-0.785398	2.295480	1.008277	20	159	47	715.826
-1.832596	0.906588	1.252948	131	167	158	715.797
-0.785398	0.370812	-2.547742	138	158	33	715.752
-2.879793	2.153910	-1.714959	133	142	166	715.733
1.832596	1.374601	-2.456031	164	31	11	715.656
0.523599	0.618092	2.539118	140	163	43	715.615
-2.617994	2.404280	-0.174044	156	23	125	715.586
-2.879793	0.961715	0.014085	15	43	32	715.585
0.523599	1.824694	1.850876	125	166	11	715.581
-0.523599	0.864993	2.278281	141	8	35	715.466
-1.570796	0.850607	-1.335383	161	167	114	715.409
1.832596	2.138223	1.678323	9	147	34	715.344
1.832596	0.203748	0.590255	145	20	142	715.311
-0.785398	1.025536	1.576859	151	134	15	715.271
1.570796	1.574060	2.783565	151	143	30	715.218
1.308997	2.343981	-1.040456	3	29	6	715.125
-1.832596	0.418037	1.360082	15	141	141	715.046
2.617994	2.724429	-0.348782	155	17	128	714.984
0.785398	1.756530	-2.105156	141	159	150	714.911
1.570796	2.343981	-1.040456	150	24	132	714.867
-1.047198	2.033014	2.977192	136	138	13	714.829
-2.094395	1.374601	-2.456031	31	153	30	714.633
-0.785398	0.762244	-0.273349	8	149	40	714.629
-1.832596	1.998705	2.370472	15	148	29	714.371
1.570796	2.724429	-0.348782	3	28	129	714.344
-0.261799	1.506530	1.988858	137	166	35	714.343
-1.832596	0.866395	-2.492918	17	31	20	714.268
0.261799	1.836682	-0.676006	163	39	154	714.234
-0.261799	2.153910	-1.714959	135	131	151	714.226
-0.785398	1.506530	1.988858	149	17	139	714.221
1.308997	1.448123	-2.163292	6	39	19	714.084
2.617994	0.080730	-2.622036	142	149	42	714.041
2.094395	2.138223	1.678323	140	167	156	714.012
0.523599	2.379497	0.561089	131	161	1	713.993
0.000000	0.418037	1.360082	12	142	35	713.987
-3.141593	2.587733	0.232235	138	149	161	713.932
1.308997	2.251330	-2.330739	141	147	12	713.916
2.617994	1.812176	0.656819	13	19	107	713.884
-2.356194	1.194549	-0.801900	136	1	156	713.834
2.879793	2.153910	-1.714959	129	157	159	713.808
-1.308997	2.579248	-2.364801	130	147	147	713.633
2.356194	1.113094	-0.272241	40	5	12	713.625
2.879793	2.138223	1.678323	26	146	34	713.537
0.261799	0.418037	1.360082	12	32	24	713.508
0.000000	0.080730	-2.622036	136	146	153	713.503
1.832596	2.174483	2.653697	19	37	146	713.478
-2.094395	1.218453	2.777284	35	17	33	713.457
2.356194	1.846342	-1.796954	142	22	142	713.445
-3.141593	0.571433	-1.188419	36	10	45	713.438
-2.094395	1.699788	2.452890	25	15	49	713.401
-3.141593	1.554776	0.100351	135	153	142	713.401
2.356194	1.658653	-2.409879	130	163	143	713.381
0.261799	2.587733	0.232235	37	12	36	713.308
-2.879793	1.809167	1.213774	143	160	42	713.230
2.094395	1.741644	-2.695914	159	142	16	713.202
-2.617994	1.617114	-1.572037	136	144	26	713.085
-1.047198	0.370812	-2.547742	23	26	41	713.019
-2.094395	1.875281	0.107086	137	161	27	712.804
-0.261799	2.588535	-2.976617	16	141	21	712.797
1.308997	0.992645	-1.723759	152	143	36	712.729
-1.570796	2.456751	-1.503343	139	17	141	712.705
-1.570796	0.591903	2.010408	0	30	4	712.629
-1.570796	1.904882	-1.478089	137	153	141	712.505
-1.308997	0.640596	-2.797608	145	15	140	712.313
-3.141593	0.290380	-0.796960	152	23	130	712.244
2.617994	0.866955	-0.931351	42	7	37	712.206
-0.261799	1.168678	2.108595	140	155	137	712.195
-0.785398	1.721184	-0.153948	166	145	23	712.185
2.617994	2.115563	0.685730	17	147	47	712.181
-1.308997	2.456751	-1.503343	136	12	139	712.066
1.832596	1.134497	-1.109631	23	139	12	712.026
-1.047198	1.413430	2.550734	23	15	41	711.999
-0.785398	1.870545	-2.976234	139	138	22	711.905
-0.785398	2.393226	1.857173	153	25	141	711.844
-2.879793	1.555207	1.708892	154	150	33	711.831
-2.879793	1.413430	2.550734	28	3	156	711.810
-1.832596	1.909857	-0.381669	142	15	136	711.746
-0.523599	0.899350	-2.069907	32	26	12	711.720
1.047198	0.929350	-2.910676	141	145	15	711.717
2.879793	0.591903	2.010408	17	149	41	711.626
-0.523599	1.504028	0.636812	14	155	45	711.620
0.000000	1.113094	-0.272241	32	5	144	711.518
2.617994	0.674054	1.013609	21	41	39	711.477
2.094395	0.733948	3.021411	31	165	22	711.425
-0.261799	1.134796	2.434290	137	167	30	711.416
0.523599	0.960688	-0.577532	153	124	164	711.394
1.308997	0.685216	-1.712745	157	130	159	711.361
-0.785398	0.906588	1.252948	29	8	49	711.214
1.570796	1.413347	-1.339188	37	154	148	711.160
0.261799	1.721184	-0.153948	163	40	151	711.141
1.832596	2.407836	1.410646	10	21	108	711.139
-2.617994	1.545873	-1.877082	24	0	161	711.127
0.523599	1.606104	-0.451151	32	10	28	711.073
-1.570796	0.674054	1.013609	29	160	43	710.964
-2.617994	2.001437	0.381215	140	150	32	710.870
1.832596	2.984978	1.954446	6	30	3	710.654
-0.523599	2.164094	-2.991358	2	137	29	710.628
1.047198	0.709924	0.218797	4	30	17	710.564
-3.141593	1.134796	2.434290	21	158	44	710.560
-0.261799	0.866955	-0.931351	27	164	29	710.539
-0.785398	2.349581	-2.702517	166	35	149	710.531
1.047198	1.599406	1.426070	136	133	150	710.510
-1.570796	1.574060	2.783565	44	1	23	710.470
-0.261799	2.041297	-2.664597	147	20	132	710.294
0.000000	1.721184	-0.153948	31	163	29	710.180
1.047198	2.089241	-0.114193	26	152	160	710.145
-1.308997	1.948085	-2.363031	129	157	19	710.143
0.523599	1.433411	-1.035986	27	156	32	710.021
0.261799	1.869911	2.701025	21	140	30	709.960
-1.308997	0.899350	-2.069907	161	16	117	709.944
-1.047198	2.407836	1.410646	151	25	150	709.791
2.879793	1.488617	1.159546	149	137	19	709.790
-2.617994	1.218453	2.777284	36	4	35	709.695
-2.356194	0.700570	1.559208	26	158	45	709.620
2.356194	1.574060	2.783565	22	151	37	709.610
-2.094395	0.709924	0.218797	149	141	23	709.491
0.261799	1.218453	2.777284	137	167	151	709.387
1.308997	1.134796	2.434290	136	157	35	709.366
-0.523599	1.433411	-1.035986	28	165	160	709.337
0.523599	1.870545	-2.976234	6	31	116	709.242
0.261799	1.135813	-2.658866	8	145	42	709.177
-1.832596	0.591903	2.010408	132	149	38	709.127
-1.308997	2.295480	1.008277	6	152	42	709.089
0.523599	2.041297	-2.664597	27	154	43	708.958
-1.047198	1.214854	-1.966664	165	14	114	708.945
-3.141593	2.063651	-2.044600	126	153	23	708.936
0.523599	1.135813	-2.658866	17	149	46	708.869
-2.879793	2.041297	-2.664597	37	166	17	708.843
1.047198	2.592629	0.909713	8	13	106	708.814
0.523599	0.615174	-0.666022	10	147	50	708.792
-0.785398	0.297065	2.160177	144	13	123	708.785
-1.047198	1.766067	2.153843	138	10	17	708.754
0.000000	2.138223	1.678323	138	158	18	708.659
-1.570796	2.455966	-0.641220	13	137	142	708.592
-2.094395	1.134796	2.434290	34	10	39	708.559
0.000000	0.370812	-2.547742	9	163	53	708.392
-2.879793	1.736875	3.023612	27	13	8	708.316
2.094395	0.674054	1.013609	134	156	158	708.239
-3.141593	0.685216	-1.712745	32	7	53	708.238
-3.141593	1.869911	2.701025	30	0	44	708.073
2.879793	0.297065	2.160177	17	160	46	707.990
0.000000	2.456751	-1.503343	0	34	136	707.860
2.094395	1.658653	-2.409879	40	165	33	707.760
2.356194	0.906588	1.252948	133	160	31	707.744
2.879793	1.184361	0.625864	5	34	7	707.664
-1.832596	0.571433	-1.188419	135	161	29	707.658
-0.261799	2.187132	-0.479875	136	143	133	707.562
-2.617994	1.982574	-1.115518	135	153	33	707.391
-0.261799	1.504028	0.636812	160	124	146	707.336
-2.879793	2.180315	-1.357379	135	148	5	707.335
2.879793	1.606104	-0.451151	138	158	131	707.272
-1.832596	0.080730	-2.622036	31	162	45	707.171
0.785398	1.872854	1.543456	132	142	151	707.170
2.617994	1.606104	-0.451151	39	10	2	707.100
-2.879793	2.115563	0.685730	139	159	38	707.047
-1.570796	0.379747	-1.713059	135	162	29	706.953
-2.879793	0.866395	-2.492918	11	7	64	706.950
0.523599	0.961715	0.014085	29	14	39	706.845
-2.356194	2.033014	2.977192	129	162	159	706.828
-1.308997	1.113094	-0.272241	35	4	44	706.794
-0.785398	0.640596	-2.797608	154	26	131	706.739
-2.356194	1.662363	0.915448	145	150	38	706.672
-2.617994	1.256302	0.062705	139	147	17	706.640
-0.523599	1.218453	2.777284	9	29	1	706.322
-0.523599	1.872854	1.543456	17	146	117	706.277
-1.832596	0.700570	1.559208	31	167	45	706.223
-0.523599	2.456751	-1.503343	146	152	118	706.209
2.617994	0.685216	-1.712745	25	166	57	706.191
-2.356194	0.762244	-0.273349	29	148	32	706.162
1.308997	1.135813	-2.658866	150	143	26	706.157
-0.261799	2.104282	-0.813972	133	138	141	706.068
0.785398	0.685216	-1.712745	167	146	120	705.998
0.000000	2.587733	0.232235	29	154	4	705.989
2.879793	1.413430	2.550734	26	164	159	705.889
1.047198	0.619654	-2.216909	28	163	46	705.811
-2.879793	1.510910	-0.740472	141	153	40	705.774
0.261799	1.184361	0.625864	25	149	38	705.752
1.047198	2.153910	-1.714959	150	17	127	705.721
2.879793	2.379497	0.561089	140	155	163	705.721
-3.141593	0.700570	1.559208	150	144	30	705.709
-2.094395	2.251330	-2.330739	138	29	151	705.708
-0.523599	2.108018	1.311430	145	142	21	705.552
2.879793	1.242974	-2.977882	144	140	12	705.539
0.000000	0.929350	-2.910676	143	8	132	705.524
2.094395	0.864993	2.278281	147	145	32	705.458
-2.094395	0.379747	-1.713059	163	22	123	705.416
0.785398	1.050534	3.042579	137	145	150	705.342
-0.785398	2.407836	1.410646	150	34	35	705.281
0.261799	2.664082	-1.071402	139	141	161	705.235
1.308997	0.961715	0.014085	8	30	18	705.234
1.047198	1.440580	2.260026	162	136	167	705.193
2.356194	1.504028	0.636812	134	7	36	705.167
2.094395	0.992645	-1.723759	153	26	18	705.086
-2.617994	0.419640	2.974122	30	167	5	705.058
2.094395	1.417623	-0.202254	152	25	133	704.860
-1.832596	2.247462	0.191623	9	149	38	704.806
0.523599	1.301460	-0.509251	31	9	31	704.754
-0.261799	1.195355	1.200319	161	122	153	704.723
0.000000	1.736875	3.023612	133	155	155	704.699
2.356194	1.450119	-2.739050	21	29	59	704.686
2.617994	2.881233	-2.582574	129	150	162	704.661
-3.141593	2.979456	-1.009304	144	143	19	704.644
2.879793	0.960688	-0.577532	143	16	31	704.640
-0.785398	1.433411	-1.035986	134	4	146	704.582
2.356194	0.591903	2.010408	3	145	35	704.404
2.617994	0.906588	1.252948	2	36	21	704.146
0.000000	2.588535	-2.976617	141	10	146	704.083
-2.094395	1.756530	-2.105156	32	156	41	704.013
-2.617994	1.325504	-1.671296	151	25	146	703.992
0.261799	1.433411	-1.035986	162	40	142	703.980
2.094395	2.041297	-2.664597	136	11	143	703.967
-2.617994	0.850607	-1.335383	139	139	24	703.895
0.000000	1.504028	0.636812	167	124	146	703.876
-0.785398	1.617114	-1.572037	128	155	23	703.855
0.000000	1.696674	-1.253233	6	5	111	703.827
-2.879793	1.683268	0.374177	138	153	32	703.773
-0.261799	2.108018	1.311430	156	128	148	703.770
2.879793	1.134497	-1.109631	36	19	152	703.678
0.523599	0.370812	-2.547742	141	144	17	703.593
1.047198	2.881233	-2.582574	0	33	21	703.532
1.832596	2.180315	-1.357379	165	17	122	703.510
-2.094395	1.391910	3.030322	39	157	17	703.444
0.785398	0.700570	1.559208	23	148	28	703.441
1.308997	1.374601	-2.456031	34	160	42	703.352
-2.094395	1.766067	2.153843	161	144	26	703.339
2.094395	1.413430	2.550734	22	154	44	703.293
1.570796	0.080730	-2.622036	152	22	135	703.130
1.308997	2.356369	3.005869	149	141	28	703.101
-2.356194	1.195355	1.200319	147	21	128	703.070
-0.261799	1.696674	-1.253233	6	6	111	703.045
1.047198	0.992645	-1.723759	155	130	4	702.977
-1.832596	0.290380	-0.796960	144	144	129	702.946
-1.308997	0.571433	-1.188419	39	158	135	702.929
-0.523599	2.251330	-2.330739	160	27	126	702.928
-2.356194	1.545873	-1.877082	143	136	21	702.881
1.570796	1.875281	0.107086	4	38	152	702.852
2.879793	2.587733	0.232235	138	152	147	702.819
-1.308997	2.587733	0.232235	24	154	35	702.757
-1.047198	2.164094	-2.991358	132	141	13	702.691
-3.141593	1.875281	0.107086	135	150	155	702.688
-2.094395	0.418037	1.360082	33	156	21	702.675
2.094395	1.872854	1.543456	136	132	160	702.594
0.000000	0.906588	1.252948	15	31	165	702.498
2.094395	2.478122	2.609777	21	38	14	702.389
0.523599	0.709924	0.218797	16	149	46	702.365
0.261799	2.588535	-2.976617	31	149	21	702.350
-1.570796	2.349581	-2.702517	128	159	7	702.229
0.261799	0.618092	2.539118	143	156	35	702.227
0.000000	2.108018	1.311430	150	150	31	702.201
1.570796	1.128190	-2.288622	127	7	14	702.163
-0.785398	2.063651	-2.044600	17	27	11	701.989
0.785398	1.168678	2.108595	139	149	0	701.959
2.879793	1.998705	2.370472	148	141	37	701.817
-1.570796	1.699788	2.452890	132	135	161	701.766
-3.141593	1.872854	1.543456	40	157	13	701.733
-1.832596	2.760637	2.781135	34	0	163	701.670
0.523599	1.391910	3.030322	136	147	160	701.591
-0.785398	1.504028	0.636812	33	163	41	701.584
1.570796	2.251330	-2.330739	161	32	18	701.555
0.785398	2.881233	-2.582574	35	158	13	701.553
1.570796	2.041297	-2.664597	148	143	15	701.437
-1.047198	0.910508	1.903534	148	14	39	701.366
0.000000	1.325504	-1.671296	5	7	111	701.303
0.000000	2.407836	1.410646	18	166	52	701.184
0.785398	1.367556	0.358405	23	135	164	701.166
-0.523599	1.699788	2.452890	141	157	154	701.151
-2.356194	2.455966	-0.641220	148	146	33	701.078
2.356194	2.180315	-1.357379	162	12	122	701.030
-2.879793	0.615174	-0.666022	149	137	15	701.023
2.879793	1.554776	0.100351	29	18	165	701.016
-1.832596	2.180315	-1.357379	29	161	165	700.987
-3.141593	2.881233	-2.582574	135	136	162	700.976
1.570796	0.709924	0.218797	135	138	166	700.963
0.785398	1.836682	-0.676006	2	131	5	700.926
0.261799	1.699788	2.452890	151	133	161	700.919
2.094395	2.724429	-0.348782	132	7	26	700.911
2.879793	0.496451	0.593859	138	146	146	700.897
-0.523599	2.379497	0.561089	29	165	45	700.716
-1.570796	0.640596	-2.797608	19	166	56	700.709
2.617994	1.050534	3.042579	19	152	35	700.628
-0.523599	1.214854	-1.966664	35	155	5	700.565
-2.879793	0.419640	2.974122	141	156	47	700.528
0.261799	1.391910	3.030322	136	145	154	700.504
-0.261799	1.310100	1.488307	162	131	12	700.475
2.094395	1.134497	-1.109631	2	18	114	700.460
0.523599	1.325504	-1.671296	143	137	0	700.457
2.356194	1.812176	0.656819	17	16	107	700.408
1.047198	2.299159	2.264663	130	154	156	700.289
-0.785398	0.960688	-0.577532	29	28	2	700.271
-1.308997	1.413347	-1.339188	135	145	153	700.121
2.094395	2.033014	2.977192	19	147	32	699.994
-2.094395	1.555207	1.708892	23	6	53	699.875
-1.047198	2.588535	-2.976617	11	17	123	699.857
2.094395	1.617114	-1.572037	126	156	26	699.835
-1.832596	2.073035	2.027405	19	153	31	699.705
2.094395	2.108018	1.311430	134	153	40	699.668
2.879793	1.909857	-0.381669	35	12	166	699.582
1.308997	1.045978	0.343692	36	158	139	699.513
-1.570796	2.393226	1.857173	150	7	53	699.461
-3.141593	2.407836	1.410646	130	2	9	699.455
-0.261799	1.301460	-0.509251	6	40	138	699.405
1.570796	0.379747	-1.713059	163	32	10	699.398
2.879793	2.760637	2.781135	146	135	22	699.379
-2.617994	1.367556	0.358405	138	2	37	699.320
-2.879793	2.063651	-2.044600	166	40	165	699.305
-2.356194	1.310100	1.488307	16	145	22	699.285
-0.523599	2.295480	1.008277	19	164	52	699.182
1.832596	1.488617	1.159546	2	140	29	699.170
0.000000	0.419640	2.974122	141	155	34	699.162
2.356194	2.704512	1.488683	143	153	44	699.135
-0.261799	1.766067	2.153843	140	144	26	699.122
-2.356194	0.290380	-0.796960	135	157	146	698.907
-0.523599	2.863997	0.549740	25	155	41	698.878
2.094395	2.592629	0.909713	24	147	44	698.826
-1.308997	0.866955	-0.931351	36	8	164	698.751
0.000000	1.599406	1.426070	144	28	139	698.732
0.523599	0.929350	-2.910676	0	35	132	698.729
2.879793	0.733948	3.021411	38	163	17	698.694
-0.785398	2.108018	1.311430	16	166	52	698.654
1.570796	1.214854	-1.966664	167	33	10	698.638
-2.617994	1.766067	2.153843	26	5	50	698.632
2.879793	1.870545	-2.976234	36	160	22	698.614
0.523599	2.073035	2.027405	157	146	33	698.593
-1.047198	1.809167	1.213774	17	166	55	698.479
-2.617994	1.658653	-2.409879	147	34	11	698.443
-1.570796	0.496451	0.593859	136	10	153	698.342
-0.261799	1.256302	0.062705	142	138	4	698.244
-3.141593	1.617114	-1.572037	10	143	35	698.209
-0.785398	1.977582	0.969896	157	38	163	698.100
0.785398	1.135834	-1.431087	9	0	111	698.050
-2.094395	2.404280	-0.174044	25	8	123	697.987
-2.356194	1.256302	0.062705	143	145	18	697.969
-3.141593	1.417623	-0.202254	136	155	135	697.968
1.570796	0.899350	-2.069907	3	31	166	697.922
-2.094395	1.606104	-0.451151	138	159	22	697.854
1.570796	1.134796	2.434290	147	138	3	697.821
1.832596	0.640596	-2.797608	138	0	141	697.619
2.356194	1.488617	1.159546	24	145	34	697.597
-0.523599	2.247462	0.191623	144	149	11	697.546
0.523599	2.343981	-1.040456	28	17	7	697.460
1.570796	2.033014	2.977192	141	147	25	697.440
1.570796	1.696674	-1.253233	39	153	139	697.440
0.261799	1.982574	-1.115518	5	28	127	697.419
-0.785398	1.134796	2.434290	135	155	31	697.369
1.832596	1.574060	2.783565	19	32	2	697.312
-2.617994	0.618092	2.539118	133	161	42	697.299
1.832596	2.164094	-2.991358	156	141	22	697.227
0.000000	1.050534	3.042579	147	143	144	697.157
-1.047198	2.881233	-2.582574	136	139	138	697.041
-2.356194	1.870545	-2.976234	131	9	36	696.974
-2.094395	2.984978	1.954446	136	9	34	696.869
1.570796	0.615174	-0.666022	141	145	130	696.802
0.523599	2.295480	1.008277	31	6	48	696.801
1.832596	2.881233	-2.582574	150	140	22	696.679
1.570796	1.504028	0.636812	130	141	159	696.677
-2.356194	2.153910	-1.714959	143	14	147	696.622
1.570796	1.448123	-2.163292	129	167	161	696.477
2.879793	1.135834	-1.431087	131	167	163	696.344
2.879793	2.407836	1.410646	132	7	10	696.340
-1.047198	0.619654	-2.216909	154	14	121	696.279
2.094395	0.640596	-2.797608	34	164	29	696.226
-3.141593	1.506530	1.988858	33	160	166	696.215
-1.570796	0.571433	-1.188419	34	152	135	696.183
2.879793	2.187132	-0.479875	137	153	162	696.160
-1.047198	2.592629	0.909713	15	154	43	696.119
1.570796	2.396274	-1.959260	138	157	25	696.054
0.261799	1.948085	-2.363031	145	12	130	695.960
1.570796	1.184361	0.625864	137	141	28	695.795
-0.523599	1.824694	1.850876	140	159	157	695.792
2.879793	0.906588	1.252948	140	150	32	695.787
-1.832596	1.134497	-1.109631	165	164	113	695.783
-3.141593	2.089241	-0.114193	3	33	141	695.768
0.261799	1.555207	1.708892	155	144	24	695.667
2.879793	1.982574	-1.115518	36	30	21	695.657
2.617994	2.164094	-2.991358	35	158	25	695.634
-2.356194	1.809167	1.213774	144	22	133	695.529
0.261799	1.168678	2.108595	28	153	44	695.474
-1.832596	1.168678	2.108595	19	14	55	695.465
-0.261799	0.685216	-1.712745	11	156	45	695.427
0.000000	2.760637	2.781135	153	34	32	695.229
-2.617994	1.606104	-0.451151	20	162	57	695.208
1.832596	1.869911	2.701025	22	36	158	695.163
-1.570796	1.214854	-1.966664	146	153	132	695.147
2.356194	1.417623	-0.202254	38	4	2	695.026
0.523599	1.194549	-0.801900	152	123	162	694.987
-1.047198	0.685216	-1.712745	156	5	117	694.974
-0.523599	1.335669	0.897240	146	31	36	694.964
1.308997	0.571433	-1.188419	157	142	41	694.903
-1.047198	1.606104	-0.451151	128	166	23	694.850
-3.141593	2.724429	-0.348782	138	152	27	694.839
1.570796	1.545873	-1.877082	146	29	141	694.752
-1.308997	2.349581	-2.702517	129	142	155	694.720
-2.094395	0.733948	3.021411	141	154	47	694.675
