144	1.2	1
-2.094395	0.619654	-2.216909
0.000000	0.000000	0.000000
2hym.pdb	0.099	0.754	11.020
model.B99990001.pdb	5.484	74.797	117.663
-3.141593	1.184361	0.625864	105	18	106	225.854
1.570796	2.664082	-1.071402	103	12	120	222.716
2.356194	2.379497	0.561089	100	22	117	211.552
2.094395	2.404280	-0.174044	102	17	114	204.395
-2.617994	2.247462	0.191623	133	99	4	200.431
2.094395	1.450119	-2.739050	11	102	25	200.058
2.356194	0.700570	1.559208	100	26	113	197.892
-3.141593	2.089241	-0.114193	114	7	109	197.416
0.785398	0.685216	-1.712745	105	14	109	196.285
2.879793	1.977582	0.969896	101	17	117	194.870
2.094395	2.587733	0.232235	100	23	118	194.867
2.356194	2.724429	-0.348782	105	10	119	194.755
2.617994	1.875281	0.107086	106	14	107	193.862
2.617994	0.418037	1.360082	101	25	110	193.848
1.570796	2.089241	-0.114193	102	27	109	193.833
-3.141593	1.504028	0.636812	105	15	109	193.777
-2.094395	0.960688	-0.577532	119	27	99	191.853
2.094395	0.297065	2.160177	101	23	113	191.443
-1.832596	0.762244	-0.273349	113	23	100	191.016
-3.141593	2.664082	-1.071402	24	102	17	190.478
2.617994	1.014500	0.906702	102	25	108	189.301
-2.879793	1.488617	1.159546	105	10	116	189.108
2.879793	0.906588	1.252948	100	19	111	188.788
-2.356194	2.587733	0.232235	136	99	9	188.277
2.094395	0.700570	1.559208	102	30	113	187.894
-3.141593	1.721184	-0.153948	115	11	104	187.357
-2.356194	0.762244	-0.273349	114	26	100	185.235
2.617994	0.674054	1.013609	103	27	108	184.469
2.879793	1.025536	1.576859	101	16	117	184.343
2.617994	0.831641	0.616218	106	28	104	184.264
-0.785398	0.685216	-1.712745	109	36	108	184.262
1.832596	2.404280	-0.174044	100	21	114	184.244
-3.141593	1.450119	-2.739050	29	117	35	184.161
-2.879793	1.014500	0.906702	105	14	109	183.807
1.832596	0.591903	2.010408	101	29	116	181.987
1.832596	0.297065	2.160177	101	27	113	181.622
-0.785398	0.290380	-0.796960	106	20	105	180.494
2.094395	1.982574	-1.115518	112	7	110	180.298
-2.356194	0.709924	0.218797	109	19	102	180.202
2.094395	2.455966	-0.641220	105	10	115	180.068
-1.047198	0.290380	-0.796960	105	23	105	179.379
-2.617994	0.762244	-0.273349	115	27	100	179.274
2.617994	1.045978	0.343692	108	26	102	179.255
-2.617994	1.256302	0.062705	115	16	100	178.771
-2.879793	2.724429	-0.348782	136	99	10	178.252
2.617994	2.404280	-0.174044	107	9	114	177.256
-2.617994	2.404280	-0.174044	139	99	4	176.478
-2.879793	1.045978	0.343692	108	18	103	176.270
-2.356194	2.379497	0.561089	134	97	8	174.794
2.879793	2.404280	-0.174044	110	6	114	174.108
-3.141593	1.391910	3.030322	23	116	38	174.090
2.356194	1.606104	-0.451151	112	15	102	174.064
-2.094395	2.115563	0.685730	137	98	6	174.047
2.094395	2.247462	0.191623	101	23	113	173.894
-2.094395	2.379497	0.561089	138	98	8	173.277
2.617994	1.977582	0.969896	99	22	117	172.704
1.570796	1.836682	-0.676006	105	18	105	172.470
0.523599	1.846342	-1.796954	99	23	117	172.236
-2.094395	0.762244	-0.273349	113	24	100	171.538
-2.094395	0.961715	0.014085	114	18	100	171.013
2.094395	2.724429	-0.348782	102	13	119	170.958
2.617994	2.379497	0.561089	101	18	117	170.796
-2.094395	0.709924	0.218797	110	17	102	170.636
1.832596	2.724429	-0.348782	101	19	119	170.576
-3.141593	1.812176	0.656819	105	12	111	170.457
2.617994	1.504028	0.636812	101	22	108	169.397
2.356194	2.587733	0.232235	100	17	118	169.224
1.047198	2.984978	1.954446	38	20	31	169.221
-2.617994	1.606104	-0.451151	124	15	102	168.334
2.879793	1.875281	0.107086	108	12	107	168.315
-2.356194	2.115563	0.685730	131	98	6	168.019
2.879793	1.450119	-2.739050	27	115	35	167.907
2.356194	2.579248	-2.364801	25	107	26	167.831
0.000000	0.685216	-1.712745	102	26	108	167.627
2.617994	2.396274	-1.959260	25	104	22	167.191
2.879793	1.812176	0.656819	102	15	111	166.855
2.879793	0.496451	0.593859	106	29	105	166.762
2.879793	0.700570	1.559208	100	17	113	166.352
0.523599	0.080730	-2.622036	101	26	109	166.198
2.356194	1.488617	1.159546	101	28	116	165.348
0.523599	0.379747	-1.713059	105	15	108	165.256
1.832596	2.455966	-0.641220	102	13	115	165.245
1.570796	2.724429	-0.348782	99	23	119	165.234
2.617994	1.184361	0.625864	104	24	106	165.020
2.617994	2.104282	-0.813972	116	6	109	164.776
-2.356194	0.203748	0.590255	104	18	107	164.194
-2.617994	1.875281	0.107086	120	8	107	163.927
0.523599	2.396274	-1.959260	101	20	125	163.873
2.094395	0.418037	1.360082	105	33	110	162.948
-2.356194	1.812176	0.656819	131	99	2	162.878
2.094395	1.606104	-0.451151	110	16	102	162.848
2.356194	2.251330	-2.330739	22	105	26	162.584
-3.141593	1.367556	0.358405	107	16	104	162.413
1.047198	0.419640	2.974122	101	29	115	162.112
2.879793	2.592629	0.909713	101	19	123	161.936
2.617994	2.587733	0.232235	102	13	118	161.812
2.879793	0.709924	0.218797	110	29	102	161.648
2.094395	1.977582	0.969896	102	32	118	161.432
-2.094395	1.504028	0.636812	134	100	143	161.355
2.356194	1.836682	-0.676006	112	10	105	161.284
-3.141593	1.256302	0.062705	111	18	100	161.257
2.356194	0.297065	2.160177	101	18	113	160.696
2.094395	1.812176	0.656819	101	29	111	160.592
2.094395	1.134796	2.434290	115	120	35	160.534
-2.356194	1.256302	0.062705	116	15	100	160.287
-1.570796	0.290380	-0.796960	107	29	104	159.948
-0.523599	0.685216	-1.712745	106	33	108	159.285
1.832596	1.721184	-0.153948	106	23	103	158.972
-2.879793	1.113094	-0.272241	116	21	99	158.918
2.356194	1.812176	0.656819	101	24	111	158.677
2.879793	2.063651	-2.044600	28	106	21	158.448
-2.617994	1.367556	0.358405	112	12	104	157.691
0.261799	0.080730	-2.622036	103	30	109	157.537
-2.617994	0.831641	0.616218	107	16	105	157.002
-2.356194	2.247462	0.191623	137	100	4	156.860
2.356194	2.089241	-0.114193	104	14	109	156.794
2.879793	1.909857	-0.381669	115	9	106	156.377
1.570796	1.909857	-0.381669	104	23	105	156.247
-2.356194	1.113094	-0.272241	118	21	99	156.111
2.617994	0.906588	1.252948	100	24	111	156.018
0.785398	2.456751	-1.503343	100	20	121	156.004
2.879793	1.195355	1.200319	101	19	114	155.830
-2.617994	2.979456	-1.009304	30	109	21	155.708
1.832596	2.001437	0.381215	103	30	111	155.635
-0.261799	0.571433	-1.188419	105	22	104	155.491
1.047198	1.982574	-1.115518	101	20	110	155.281
1.308997	1.904882	-1.478089	112	109	5	155.167
2.617994	1.510910	-0.740472	118	13	102	155.139
2.617994	1.025536	1.576859	100	21	117	154.635
-3.141593	2.592629	0.909713	103	15	123	154.605
2.356194	0.906588	1.252948	101	28	112	154.515
2.617994	0.700570	1.559208	100	21	113	154.320
-1.832596	0.866955	-0.931351	119	32	101	154.118
-2.879793	0.961715	0.014085	111	22	100	153.744
2.356194	2.247462	0.191623	101	17	113	153.454
-3.141593	1.050534	3.042579	23	112	34	153.102
1.047198	0.080730	-2.622036	103	17	109	153.085
1.570796	1.413430	2.550734	118	126	39	152.983
2.617994	1.310100	1.488307	100	21	119	152.971
-2.879793	0.929350	-2.910676	31	115	30	152.952
1.308997	2.664082	-1.071402	101	17	120	152.697
-1.570796	1.504028	0.636812	23	103	6	152.582
0.523599	0.419640	2.974122	106	37	115	152.489
-3.141593	0.831641	0.616218	104	22	104	152.304
-2.356194	0.496451	0.593859	107	16	105	152.048
1.047198	1.433411	-1.035986	106	18	104	151.599
-3.141593	1.909857	-0.381669	118	9	106	151.469
-1.832596	1.413430	2.550734	29	121	39	151.375
2.879793	1.367556	0.358405	106	19	104	151.237
1.570796	1.510910	-0.740472	109	17	102	150.982
2.617994	2.456751	-1.503343	21	101	18	150.953
1.047198	0.640596	-2.797608	99	21	117	150.888
-3.141593	2.396274	-1.959260	31	111	22	150.783
-2.356194	0.831641	0.616218	109	13	104	150.592
2.617994	2.153910	-1.714959	23	101	17	150.565
1.832596	1.909857	-0.381669	105	20	105	150.437
2.617994	2.115563	0.685730	101	20	115	150.404
1.570796	2.180315	-1.357379	106	9	116	150.294
2.356194	1.450119	-2.739050	14	102	25	149.965
-2.879793	2.379497	0.561089	109	7	117	149.678
0.523599	1.450119	-2.739050	103	27	128	149.539
-2.094395	1.977582	0.969896	134	97	8	149.285
1.308997	2.456751	-1.503343	104	11	121	149.098
-3.141593	0.418037	1.360082	103	17	110	149.080
-2.879793	2.404280	-0.174044	133	99	4	149.017
2.879793	1.417623	-0.202254	113	17	100	148.114
-2.879793	2.247462	0.191623	114	6	112	148.068
-3.141593	2.587733	0.232235	109	7	118	148.056
1.570796	1.721184	-0.153948	106	26	103	147.961
0.785398	0.419640	2.974122	103	32	115	147.909
-1.570796	0.458961	-0.107937	108	18	103	147.765
-3.141593	1.195355	1.200319	102	15	114	147.681
2.356194	1.875281	0.107086	103	18	106	147.448
1.047198	1.128190	-2.288622	111	112	9	147.267
-1.832596	1.195355	1.200319	19	100	11	147.158
-1.308997	0.290380	-0.796960	107	27	105	146.980
2.617994	1.335669	0.897240	102	23	110	146.511
1.832596	1.875281	0.107086	104	27	107	146.485
-3.141593	1.025536	1.576859	103	12	117	146.392
2.356194	0.591903	2.010408	99	20	116	146.265
-2.879793	1.721184	-0.153948	117	11	104	146.251
2.356194	1.168678	2.108595	114	120	33	146.049
1.308997	0.419640	2.974122	100	24	115	145.852
2.879793	1.569311	-3.003978	24	117	39	145.791
-3.141593	1.310100	1.488307	102	13	119	145.761
-2.356194	2.979456	-1.009304	35	124	32	145.752
-0.523599	0.571433	-1.188419	105	25	104	145.609
2.356194	1.658653	-2.409879	18	101	23	145.196
2.617994	1.450119	-2.739050	19	103	24	145.027
0.523599	0.370812	-2.547742	100	26	112	144.861
-2.879793	1.909857	-0.381669	122	9	106	144.734
2.356194	1.242974	-2.977882	11	102	25	144.457
2.617994	1.440580	2.260026	117	117	38	144.355
-3.141593	2.379497	0.561089	106	10	117	144.348
-3.141593	2.247462	0.191623	109	7	112	144.227
-2.879793	0.418037	1.360082	105	13	110	144.198
2.617994	1.301460	-0.509251	117	17	99	144.177
2.879793	2.089241	-0.114193	110	8	109	144.165
1.047198	1.194549	-0.801900	111	19	100	143.981
2.617994	2.247462	0.191623	103	14	113	143.818
-1.308997	0.571433	-1.188419	112	33	104	143.682
0.785398	0.080730	-2.622036	102	21	110	143.631
-3.141593	1.554776	0.100351	110	14	103	143.630
-2.094395	0.458961	-0.107937	107	24	102	143.218
2.094395	2.041297	-2.664597	18	105	28	143.180
1.047198	2.343981	-1.040456	100	22	115	143.117
-1.570796	1.812176	0.656819	26	104	9	143.085
0.785398	1.658653	-2.409879	101	18	125	143.045
2.356194	1.683268	0.374177	102	22	106	142.938
1.832596	1.732874	-0.951685	109	11	106	142.427
-2.094395	0.290380	-0.796960	111	34	104	142.217
-2.879793	1.195355	1.200319	104	11	114	141.862
-2.094395	0.615174	-0.666022	114	30	101	141.754
-2.617994	0.914445	2.687814	26	112	32	141.698
0.000000	0.080730	-2.622036	105	33	109	141.465
-1.832596	0.914445	2.687814	35	122	33	141.412
0.785398	2.984978	1.954446	39	16	31	141.364
-2.617994	0.496451	0.593859	105	19	106	141.182
-1.308997	2.592629	0.909713	28	105	21	141.109
0.523599	2.719179	-1.780644	101	20	125	141.019
2.879793	0.203748	0.590255	107	33	106	140.973
-1.570796	1.391910	3.030322	35	22	36	140.855
-1.308997	1.014500	0.906702	24	104	6	140.358
2.879793	2.379497	0.561089	103	13	117	140.128
-2.879793	2.664082	-1.071402	28	105	17	140.022
-2.879793	0.458961	-0.107937	111	31	102	139.749
1.308997	1.510910	-0.740472	108	19	102	139.695
2.879793	1.335669	0.897240	102	19	110	139.692
1.308997	2.984978	1.954446	37	23	31	139.486
2.617994	1.836682	-0.676006	116	9	106	139.476
-2.094395	1.194549	-0.801900	123	27	100	139.394
2.617994	1.256302	0.062705	110	22	100	139.357
-1.832596	0.700570	1.559208	21	100	11	139.294
2.094395	1.510910	-0.740472	113	13	102	139.147
-3.141593	1.809167	1.213774	102	14	119	138.912
1.047198	1.756530	-2.105156	111	110	13	138.776
2.879793	1.256302	0.062705	110	20	101	138.755
-1.047198	0.571433	-1.188419	108	31	104	138.672
2.094395	2.089241	-0.114193	102	18	109	138.616
-2.356194	1.683268	0.374177	132	101	141	138.077
1.308997	1.545873	-1.877082	105	10	116	137.687
-3.141593	0.906588	1.252948	102	15	112	137.564
2.094395	0.591903	2.010408	100	25	115	137.389
1.047198	1.510910	-0.740472	108	22	101	137.288
-1.832596	0.615174	-0.666022	112	29	101	137.101
-2.617994	2.724429	-0.348782	23	101	17	136.950
0.261799	0.379747	-1.713059	104	19	108	136.904
2.356194	1.721184	-0.153948	108	16	104	136.837
-0.261799	0.685216	-1.712745	104	30	108	136.630
2.879793	1.554776	0.100351	108	16	103	136.418
2.879793	2.396274	-1.959260	28	107	22	136.357
1.832596	1.683268	0.374177	106	31	107	136.029
2.094395	1.506530	1.988858	116	127	36	135.977
-3.141593	1.301460	-0.509251	120	18	99	135.740
2.094395	1.025536	1.576859	101	30	118	135.704
-1.832596	0.709924	0.218797	111	15	102	135.649
-2.879793	1.812176	0.656819	108	9	111	135.594
-2.617994	0.203748	0.590255	103	23	106	135.406
-2.879793	0.618092	2.539118	16	99	16	135.350
-1.570796	2.664082	-1.071402	41	29	13	135.201
2.879793	1.440580	2.260026	120	114	37	135.101
-2.617994	0.458961	-0.107937	110	29	102	134.958
2.617994	1.554776	0.100351	107	18	103	134.832
-0.261799	1.128190	-2.288622	107	38	118	134.765
2.356194	1.510910	-0.740472	116	13	102	134.616
0.000000	2.984978	1.954446	26	109	27	134.547
0.000000	1.045978	0.343692	116	28	96	134.502
-2.617994	2.089241	-0.114193	122	7	108	134.329
-1.570796	1.168678	2.108595	32	117	32	134.142
0.261799	0.685216	-1.712745	102	21	108	133.942
2.094395	1.875281	0.107086	104	23	107	133.837
-1.570796	1.184361	0.625864	20	104	4	133.576
2.879793	1.721184	-0.153948	112	12	104	133.448
-3.141593	1.113094	-0.272241	116	21	99	133.332
-3.141593	1.045978	0.343692	107	21	103	133.260
2.617994	2.063651	-2.044600	24	103	21	133.191
-2.879793	0.674054	1.013609	105	16	108	133.121
2.879793	2.664082	-1.071402	21	100	18	133.016
-2.356194	1.242974	-2.977882	34	124	36	132.947
-2.879793	1.256302	0.062705	112	17	100	132.861
2.617994	1.662363	0.915448	101	23	113	132.636
2.617994	2.295480	1.008277	100	23	121	132.515
-1.570796	0.762244	-0.273349	112	21	100	132.476
2.879793	1.488617	1.159546	101	19	116	132.323
1.570796	0.297065	2.160177	103	32	112	132.308
-2.879793	1.367556	0.358405	110	14	104	132.185
-2.879793	1.683268	0.374177	119	106	142	132.066
-1.570796	1.310100	1.488307	24	103	18	131.813
0.000000	0.370812	-2.547742	105	34	112	131.647
-2.356194	1.050534	3.042579	33	119	34	131.559
-2.094395	0.914445	2.687814	33	118	31	131.428
0.261799	0.370812	-2.547742	102	30	112	131.426
1.308997	1.836682	-0.676006	104	21	105	131.413
-2.617994	1.812176	0.656819	126	100	2	131.380
-2.617994	1.417623	-0.202254	119	15	100	131.345
2.879793	1.606104	-0.451151	117	12	102	131.308
-3.141593	2.456751	-1.503343	29	106	18	131.126
2.879793	2.719179	-1.780644	28	107	22	131.100
2.356194	1.977582	0.969896	100	26	117	131.062
0.261799	1.756530	-2.105156	100	28	122	130.725
-2.617994	1.045978	0.343692	110	16	103	130.614
2.094395	1.413430	2.550734	118	120	40	130.547
-0.261799	2.984978	1.954446	23	106	27	130.525
2.094395	2.115563	0.685730	100	28	115	130.486
-1.047198	2.592629	0.909713	30	110	21	130.389
2.617994	1.809167	1.213774	101	24	120	130.293
2.094395	1.836682	-0.676006	109	12	105	130.155
0.261799	1.135834	-1.431087	103	24	106	130.019
-1.832596	0.906588	1.252948	18	99	10	129.945
-0.261799	0.906588	1.252948	44	22	4	129.437
-2.617994	0.961715	0.014085	113	21	100	129.107
-3.141593	1.574060	2.783565	19	119	41	129.061
-1.832596	0.290380	-0.796960	109	32	104	129.017
-1.570796	2.587733	0.232235	30	108	16	128.953
2.356194	2.153910	-1.714959	19	99	17	128.822
2.879793	1.014500	0.906702	102	21	108	128.688
-3.141593	1.875281	0.107086	110	10	107	128.411
1.047198	1.135834	-1.431087	107	13	106	128.360
-2.356194	1.875281	0.107086	138	102	142	128.244
2.356194	1.367556	0.358405	106	25	103	128.169
-0.785398	0.379747	-1.713059	107	34	107	127.985
1.308997	1.736875	3.023612	122	122	42	127.849
-0.785398	1.488617	1.159546	43	10	19	127.793
-1.047198	1.812176	0.656819	31	110	9	127.788
-2.879793	1.809167	1.213774	105	10	119	127.774
2.094395	1.909857	-0.381669	106	15	105	127.744
2.356194	0.418037	1.360082	103	29	110	127.691
-2.617994	2.108018	1.311430	120	108	31	127.635
-2.617994	0.910508	1.903534	110	5	107	127.614
2.617994	1.909857	-0.381669	111	11	105	127.389
2.094395	1.756530	-2.105156	15	99	20	127.220
2.879793	0.961715	0.014085	112	25	100	127.216
-2.356194	0.458961	-0.107937	108	27	102	127.193
0.000000	0.571433	-1.188419	106	19	103	127.110
-1.570796	1.413430	2.550734	31	123	39	126.995
-3.141593	1.510910	-0.740472	124	14	101	126.986
-3.141593	1.014500	0.906702	103	18	109	126.968
-2.879793	2.001437	0.381215	111	8	111	126.929
-1.047198	1.846342	-1.796954	123	45	120	126.733
2.617994	1.417623	-0.202254	112	18	100	126.666
-2.094395	0.418037	1.360082	12	101	7	126.496
-2.094395	1.574060	2.783565	31	12	38	126.206
2.879793	1.113094	-0.272241	116	21	99	126.152
2.094395	1.662363	0.915448	103	32	114	126.123
-0.261799	0.379747	-1.713059	103	27	107	126.096
1.570796	2.984978	1.954446	32	30	34	125.896
2.879793	1.045978	0.343692	107	23	102	125.862
1.832596	2.984978	1.954446	29	32	34	125.802
-3.141593	0.700570	1.559208	102	12	113	125.785
2.356194	2.104282	-0.813972	112	8	109	125.674
2.617994	0.640596	-2.797608	16	99	14	125.606
-1.047198	2.108018	1.311430	29	106	21	125.478
0.523599	1.135834	-1.431087	103	20	106	125.389
2.879793	0.674054	1.013609	102	23	108	125.372
2.356194	2.115563	0.685730	100	25	115	125.246
-1.570796	0.571433	-1.188419	112	34	104	125.195
-3.141593	1.606104	-0.451151	120	12	102	124.909
0.785398	2.356369	3.005869	130	117	42	124.847
-1.308997	0.615174	-0.666022	110	26	100	124.763
2.356194	1.846342	-1.796954	19	99	16	124.736
2.094395	2.396274	-1.959260	17	100	23	124.404
-1.832596	0.458961	-0.107937	107	22	102	124.131
-2.617994	1.510910	-0.740472	128	19	101	124.054
2.617994	0.297065	2.160177	102	14	113	124.015
0.785398	2.180315	-1.357379	100	23	116	123.983
2.617994	1.606104	-0.451151	114	14	102	123.926
0.000000	0.379747	-1.713059	102	24	107	123.813
1.832596	2.343981	-1.040456	106	9	116	123.807
-2.879793	0.762244	-0.273349	114	28	99	123.800
-2.617994	0.709924	0.218797	109	22	102	123.771
2.356194	2.356369	3.005869	25	128	43	123.635
2.617994	1.756530	-2.105156	24	102	19	123.541
1.047198	1.732874	-0.951685	104	21	105	123.534
2.879793	1.836682	-0.676006	119	9	105	123.451
1.570796	1.574060	2.783565	121	123	41	123.408
-3.141593	2.251330	-2.330739	34	124	35	123.265
2.617994	1.195355	1.200319	100	23	113	122.958
-2.879793	1.184361	0.625864	107	15	106	122.938
1.832596	1.836682	-0.676006	107	14	105	122.748
-2.879793	1.977582	0.969896	106	9	117	122.730
-2.356194	1.721184	-0.153948	123	12	103	122.725
2.094395	2.001437	0.381215	102	26	111	122.722
1.832596	1.812176	0.656819	104	33	111	122.691
1.570796	1.736875	3.023612	123	119	42	122.255
-2.094395	1.662363	0.915448	134	98	4	122.253
0.785398	1.433411	-1.035986	105	21	104	122.242
-1.832596	1.335669	0.897240	18	100	9	122.240
1.308997	1.374601	-2.456031	112	109	15	122.226
-2.356194	2.001437	0.381215	136	99	1	122.128
-1.047198	0.615174	-0.666022	109	24	100	122.062
1.570796	1.606104	-0.451151	108	22	102	122.049
-1.308997	0.674054	1.013609	120	14	97	122.046
2.879793	2.587733	0.232235	105	10	118	121.973
-1.047198	0.379747	-1.713059	110	36	107	121.959
1.832596	2.247462	0.191623	101	27	113	121.878
2.617994	1.658653	-2.409879	22	103	23	121.780
-2.094395	1.812176	0.656819	136	99	2	121.780
-2.617994	1.113094	-0.272241	118	21	99	121.759
1.308997	1.909857	-0.381669	104	26	105	121.714
-2.356194	0.961715	0.014085	113	19	100	121.701
2.356194	1.184361	0.625864	104	28	106	121.687
1.570796	1.904882	-1.478089	106	9	114	121.666
-2.356194	1.025536	1.576859	116	6	104	121.627
-3.141593	1.977582	0.969896	103	13	117	121.592
-3.141593	2.979456	-1.009304	24	103	22	121.531
-2.617994	1.909857	-0.381669	125	11	105	121.526
0.785398	0.992645	-1.723759	103	16	109	121.506
-2.617994	0.674054	1.013609	106	12	108	121.459
1.570796	2.404280	-0.174044	100	26	114	121.350
-2.617994	1.184361	0.625864	109	12	106	121.326
-3.141593	1.836682	-0.676006	123	9	105	121.073
-2.879793	2.089241	-0.114193	118	7	109	121.069
-3.141593	1.658653	-2.409879	33	119	33	120.920
0.523599	0.685216	-1.712745	103	17	108	120.626
2.356194	1.310100	1.488307	100	26	118	120.600
-1.570796	2.247462	0.191623	31	109	10	120.509
2.356194	2.001437	0.381215	102	21	111	120.300
-1.308997	2.587733	0.232235	32	112	16	120.204
2.617994	2.719179	-1.780644	25	104	22	120.185
1.308997	2.063651	-2.044600	115	106	15	120.176
-1.308997	1.440580	2.260026	32	122	37	120.006
2.094395	1.554776	0.100351	106	24	103	119.976
-2.356194	1.977582	0.969896	129	98	8	119.939
-2.094395	0.906588	1.252948	13	99	9	119.750
-3.141593	1.683268	0.374177	106	12	106	119.638
1.047198	1.904882	-1.478089	101	16	113	119.571
1.570796	2.104282	-0.813972	103	15	109	119.536
1.570796	1.391910	3.030322	118	118	39	119.508
2.356194	1.448123	-2.163292	18	99	18	119.421
-2.617994	1.450119	-2.739050	34	124	36	119.418
2.879793	1.504028	0.636812	102	18	108	119.377
-2.356194	0.914445	2.687814	30	115	33	119.301
-2.879793	1.756530	-2.105156	44	5	4	119.264
2.617994	1.168678	2.108595	115	116	33	119.128
2.617994	2.187132	-0.479875	112	8	110	119.114
-2.094395	2.587733	0.232235	23	101	16	119.009
0.000000	0.961715	0.014085	112	27	97	118.907
-2.617994	1.301460	-0.509251	121	20	99	118.898
2.879793	1.846342	-1.796954	27	104	16	118.871
1.832596	1.413430	2.550734	119	123	39	118.821
2.617994	2.089241	-0.114193	107	10	109	118.698
-1.047198	2.295480	1.008277	30	108	19	118.626
-1.832596	1.569311	-3.003978	34	23	37	118.612
2.094395	2.881233	-2.582574	27	109	26	118.531
-0.261799	0.080730	-2.622036	108	37	109	118.457
-0.785398	0.571433	-1.188419	107	28	103	118.227
2.879793	1.301460	-0.509251	119	17	99	118.207
-1.832596	0.960688	-0.577532	118	27	99	118.163
2.356194	1.014500	0.906702	103	29	108	118.049
-0.523599	0.709924	0.218797	20	114	134	117.883
2.356194	1.256302	0.062705	110	24	100	117.787
-2.356194	1.168678	2.108595	117	1	112	117.669
2.356194	1.195355	1.200319	101	28	114	117.598
-2.617994	2.719179	-1.780644	36	130	32	117.547
2.617994	1.948085	-2.363031	24	105	24	117.487
-0.785398	2.592629	0.909713	32	112	21	117.460
-3.141593	1.741644	-2.695914	30	120	37	117.224
-0.261799	0.709924	0.218797	114	22	96	116.954
2.094395	0.906588	1.252948	103	32	112	116.789
0.523599	0.640596	-2.797608	101	30	117	116.707
-1.308997	2.108018	1.311430	26	103	21	116.705
1.832596	1.982574	-1.115518	108	9	110	116.702
-0.523599	0.379747	-1.713059	105	30	107	116.365
-1.832596	1.736875	3.023612	30	20	40	116.306
-3.141593	0.674054	1.013609	102	19	108	116.274
-1.570796	1.014500	0.906702	20	102	6	116.188
2.617994	1.846342	-1.796954	23	101	16	116.169
2.879793	1.310100	1.488307	101	17	119	116.121
0.000000	0.762244	-0.273349	108	25	98	116.068
-2.617994	1.335669	0.897240	109	8	111	116.039
1.570796	1.545873	-1.877082	109	7	116	115.923
0.523599	1.325504	-1.671296	98	31	121	115.787
1.308997	1.846342	-1.796954	105	10	119	115.687
1.832596	1.904882	-1.478089	111	6	113	115.515
-3.141593	1.488617	1.159546	102	14	116	115.403
2.094395	1.417623	-0.202254	111	21	100	115.374
-1.308997	1.488617	1.159546	28	104	14	115.280
-1.570796	1.872854	1.543456	22	102	23	115.263
-2.879793	1.875281	0.107086	114	8	106	115.165
-2.879793	1.335669	0.897240	105	12	111	115.096
-2.879793	1.417623	-0.202254	117	16	101	115.061
-2.879793	2.592629	0.909713	105	10	123	114.934
2.617994	2.001437	0.381215	102	16	110	114.845
1.308997	1.433411	-1.035986	108	14	104	114.762
2.356194	1.335669	0.897240	101	28	110	114.663
-2.879793	2.115563	0.685730	108	8	115	114.478
-1.832596	0.571433	-1.188419	116	35	104	114.461
-2.617994	1.025536	1.576859	111	6	104	114.346
-2.879793	2.356369	3.005869	25	24	41	114.069
-1.570796	0.700570	1.559208	25	102	11	113.989
-2.617994	1.247695	1.809890	112	3	110	113.970
2.879793	2.001437	0.381215	104	12	110	113.907
2.617994	1.128190	-2.288622	22	100	16	113.832
1.832596	1.510910	-0.740472	111	14	102	113.820
0.523599	1.545873	-1.877082	100	23	115	113.740
-2.879793	1.504028	0.636812	107	11	108	113.729
2.879793	1.683268	0.374177	105	15	107	113.591
0.000000	1.214854	-1.966664	102	32	114	113.353
1.570796	2.343981	-1.040456	103	12	116	113.343
0.261799	0.619654	-2.216909	100	27	113	113.314
0.261799	1.836682	-0.676006	100	35	115	113.247
2.879793	1.413430	2.550734	123	112	39	113.245
-0.523599	1.977582	0.969896	37	128	26	113.034
1.047198	2.063651	-2.044600	103	12	123	112.958
0.000000	2.089241	-0.114193	29	28	127	112.930
-1.570796	0.615174	-0.666022	111	28	100	112.891
-2.879793	0.297065	2.160177	10	100	10	112.853
2.879793	0.418037	1.360082	101	21	110	112.833
-2.617994	1.554776	0.100351	116	12	103	112.806
1.570796	1.683268	0.374177	107	34	106	112.787
1.047198	0.370812	-2.547742	101	18	111	112.615
2.879793	2.863997	0.549740	103	15	124	112.576
-1.047198	1.134796	2.434290	38	21	33	112.471
0.523599	2.108018	1.311430	33	32	29	112.398
-3.141593	1.440580	2.260026	122	111	37	112.378
-1.308997	2.724429	-0.348782	37	132	27	112.317
1.047198	2.104282	-0.813972	101	24	109	112.182
0.785398	1.194549	-0.801900	126	128	125	112.175
1.832596	1.417623	-0.202254	111	24	100	112.149
1.047198	0.850607	-1.335383	110	12	104	112.074
-2.094395	0.864993	2.278281	29	113	31	111.912
-1.832596	2.001437	0.381215	25	103	8	111.910
1.570796	1.875281	0.107086	105	31	106	111.909
-1.308997	2.664082	-1.071402	37	33	15	111.901
1.047198	2.456751	-1.503343	101	16	121	111.880
2.879793	1.658653	-2.409879	26	105	23	111.804
-3.141593	2.719179	-1.780644	30	111	22	111.702
-1.047198	0.685216	-1.712745	112	37	108	111.676
1.308997	2.393226	1.857173	27	30	36	111.653
-2.879793	1.510910	-0.740472	125	16	101	111.440
2.617994	2.592629	0.909713	100	23	123	111.375
2.094395	1.488617	1.159546	102	33	116	111.331
0.261799	2.180315	-1.357379	100	29	129	111.201
-2.094395	1.335669	0.897240	132	99	2	111.173
-2.617994	2.396274	-1.959260	36	130	32	110.876
1.832596	2.579248	-2.364801	19	103	26	110.822
0.785398	1.325504	-1.671296	102	18	111	110.581
2.879793	1.736875	3.023612	20	120	41	110.387
-2.617994	0.418037	1.360082	107	9	110	110.308
-2.879793	1.050534	3.042579	27	113	34	110.291
-2.879793	2.295480	1.008277	105	10	120	110.028
0.523599	1.756530	-2.105156	100	23	121	109.941
1.832596	2.356369	3.005869	25	125	43	109.827
-3.141593	2.001437	0.381215	106	9	110	109.753
2.617994	1.741644	-2.695914	22	105	27	109.725
-3.141593	0.419640	2.974122	18	99	13	109.579
-1.570796	1.050534	3.042579	39	22	31	109.513
2.094395	1.168678	2.108595	113	125	33	109.496
-1.570796	2.592629	0.909713	23	101	20	109.494
2.879793	0.831641	0.616218	105	25	104	109.304
2.356194	2.456751	-1.503343	17	99	19	109.281
2.356194	2.063651	-2.044600	21	101	21	109.268
-2.356194	2.349581	-2.702517	30	27	38	109.243
1.832596	2.089241	-0.114193	102	23	109	109.167
-3.141593	0.618092	2.539118	11	99	16	109.143
-3.141593	2.115563	0.685730	105	11	115	108.758
2.356194	1.741644	-2.695914	17	104	27	108.519
0.523599	1.214854	-1.966664	100	22	114	108.195
1.832596	2.104282	-0.813972	105	13	109	108.158
1.832596	2.881233	-2.582574	24	106	26	108.102
2.356194	0.419640	2.974122	122	101	6	107.933
0.000000	2.724429	-0.348782	22	40	14	107.859
-2.879793	0.203748	0.590255	104	26	106	107.817
-0.785398	2.379497	0.561089	34	117	15	107.800
-1.832596	2.379497	0.561089	143	100	8	107.779
-2.356194	2.108018	1.311430	124	106	32	107.691
1.832596	1.741644	-2.695914	11	104	27	107.677
-2.094395	0.591903	2.010408	22	101	13	107.609
-2.356194	0.700570	1.559208	11	99	12	107.567
0.000000	1.450119	-2.739050	106	33	127	107.545
1.570796	1.982574	-1.115518	105	11	110	107.413
2.879793	1.184361	0.625864	103	21	106	107.405
1.047198	1.545873	-1.877082	110	110	8	107.360
1.047198	2.153910	-1.714959	101	14	120	107.346
0.785398	2.138223	1.678323	30	31	34	107.338
-2.617994	2.115563	0.685730	112	6	115	107.219
1.308997	1.658653	-2.409879	115	107	17	107.088
1.047198	2.704512	1.488683	30	31	33	107.018
-2.094395	1.870545	-2.976234	31	23	39	106.987
-2.356194	1.045978	0.343692	112	14	103	106.820
1.570796	1.504028	0.636812	113	40	110	106.797
2.094395	1.256302	0.062705	111	27	100	106.628
2.879793	2.456751	-1.503343	25	103	18	106.522
0.261799	0.850607	-1.335383	99	32	109	106.470
2.094395	2.579248	-2.364801	22	105	26	106.454
-0.523599	0.850607	-1.335383	107	30	104	106.448
0.785398	0.370812	-2.547742	100	21	112	106.380
-2.356194	2.724429	-0.348782	27	104	17	106.328
-1.047198	0.674054	1.013609	122	15	97	106.208
0.000000	1.504028	0.636812	40	27	0	106.148
1.308997	1.756530	-2.105156	114	106	13	106.142
-3.141593	1.335669	0.897240	103	16	111	105.961
-0.261799	0.992645	-1.723759	104	33	109	105.850
2.094395	1.335669	0.897240	103	32	110	105.814
-3.141593	1.417623	-0.202254	115	16	100	105.704
1.832596	2.379497	0.561089	96	18	117	105.676
2.879793	2.295480	1.008277	100	19	121	105.643
-0.261799	1.450119	-2.739050	109	36	127	105.469
0.261799	1.617114	-1.572037	101	28	111	105.426
2.356194	1.554776	0.100351	106	21	103	105.417
1.047198	1.574060	2.783565	122	127	41	105.104
0.000000	0.960688	-0.577532	105	30	102	105.096
1.047198	2.180315	-1.357379	101	18	116	105.076
-0.523599	2.295480	1.008277	37	128	29	105.073
-1.570796	1.134796	2.434290	37	13	32	104.988
0.261799	1.128190	-2.288622	101	30	118	104.943
2.094395	2.187132	-0.479875	104	13	109	104.942
-1.570796	2.295480	1.008277	24	101	19	104.873
-1.308997	1.756530	-2.105156	128	45	124	104.803
2.617994	1.599406	1.426070	100	22	120	104.664
-1.570796	2.108018	1.311430	22	101	21	104.632
2.356194	1.909857	-0.381669	108	12	106	104.612
-3.141593	0.961715	0.014085	112	23	100	104.569
0.785398	1.846342	-1.796954	100	19	117	104.558
1.308997	2.343981	-1.040456	101	18	115	104.476
-1.047198	2.587733	0.232235	34	117	15	104.460
-2.094395	1.875281	0.107086	141	103	141	104.426
2.879793	1.510910	-0.740472	121	13	101	104.363
-2.356194	2.356369	3.005869	22	24	41	104.350
-2.094395	2.001437	0.381215	139	100	1	104.349
2.356194	1.506530	1.988858	115	124	36	104.292
1.047198	2.164094	-2.991358	126	116	42	104.258
0.785398	1.450119	-2.739050	102	22	127	104.049
2.617994	2.251330	-2.330739	25	107	26	103.931
0.785398	1.448123	-2.163292	108	116	12	103.880
2.356194	1.756530	-2.105156	19	100	20	103.830
2.094395	1.310100	1.488307	101	31	119	103.809
0.000000	1.413430	2.550734	7	25	41	103.738
2.879793	1.391910	3.030322	19	115	38	103.728
0.523599	0.992645	-1.723759	102	20	109	103.690
2.094395	2.349581	-2.702517	21	108	29	103.670
-2.879793	2.138223	1.678323	117	115	36	103.607
0.000000	1.658653	-2.409879	103	31	124	103.521
1.308997	1.128190	-2.288622	113	108	9	103.424
-2.879793	0.709924	0.218797	108	24	102	103.379
-1.047198	1.025536	1.576859	35	120	25	103.305
-2.617994	1.574060	2.783565	23	119	41	103.237
-2.356194	1.391910	3.030322	30	122	39	103.201
1.047198	0.685216	-1.712745	107	11	107	103.170
-2.879793	0.831641	0.616218	105	18	104	103.136
2.617994	1.555207	1.708892	101	21	124	103.048
-2.617994	1.195355	1.200319	108	7	114	103.004
-3.141593	1.168678	2.108595	120	109	33	102.821
1.570796	1.732874	-0.951685	107	15	106	102.800
-3.141593	0.496451	0.593859	105	26	106	102.728
1.047198	1.696674	-1.253233	97	17	120	102.701
0.000000	0.992645	-1.723759	102	29	109	102.558
-1.832596	1.812176	0.656819	140	100	2	102.526
-2.356194	0.419640	2.974122	35	117	24	102.523
-2.356194	1.367556	0.358405	114	10	104	102.508
-2.617994	1.662363	0.915448	109	7	113	102.440
-2.879793	1.450119	-2.739050	32	120	35	102.308
0.785398	0.379747	-1.713059	106	12	107	102.250
-2.356194	0.960688	-0.577532	119	26	99	102.207
-2.356194	0.906588	1.252948	114	10	100	102.198
-0.785398	0.831641	0.616218	25	113	139	102.121
-2.879793	1.662363	0.915448	106	10	113	102.036
1.570796	2.187132	-0.479875	101	20	110	101.955
-1.832596	2.587733	0.232235	27	104	16	101.934
-1.570796	2.379497	0.561089	28	104	15	101.851
-3.141593	2.579248	-2.364801	39	15	32	101.819
2.356194	2.108018	1.311430	101	28	123	101.784
2.617994	0.419640	2.974122	126	99	6	101.677
2.094395	1.367556	0.358405	107	29	103	101.551
2.617994	1.812176	0.656819	100	19	111	101.512
-2.879793	1.569311	-3.003978	28	120	39	101.485
1.570796	2.704512	1.488683	23	33	33	101.463
-1.832596	1.014500	0.906702	16	101	6	101.428
1.308997	1.135834	-1.431087	109	11	106	101.333
1.047198	1.658653	-2.409879	103	14	125	101.032
1.308997	1.574060	2.783565	121	125	41	100.914
-3.141593	1.736875	3.023612	23	121	42	100.887
0.261799	1.658653	-2.409879	102	28	126	100.817
2.879793	2.478122	2.609777	22	25	40	100.791
2.356194	2.349581	-2.702517	28	120	40	100.627
2.879793	2.881233	-2.582574	39	18	31	100.611
-1.308997	1.812176	0.656819	29	107	9	100.551
2.879793	2.247462	0.191623	107	9	112	100.462
0.261799	1.134497	-1.109631	99	32	110	100.431
2.617994	1.904882	-1.478089	21	100	12	100.426
2.356194	1.301460	-0.509251	116	17	99	100.425
-0.523599	2.592629	0.909713	36	128	31	100.292
-2.879793	1.391910	3.030322	25	118	38	100.239
-0.261799	1.736875	3.023612	2	21	43	100.165
-1.047198	1.488617	1.159546	35	118	24	100.143
2.356194	1.732874	-0.951685	116	8	106	100.111
0.523599	1.194549	-0.801900	126	130	125	100.103
1.308997	2.455966	-0.641220	100	23	115	100.061
-2.356194	1.218453	2.777284	29	118	37	100.030
0.785398	0.640596	-2.797608	100	26	117	99.998
-1.832596	2.115563	0.685730	141	99	6	99.927
-1.047198	1.506530	1.988858	34	122	35	99.853
0.785398	2.108018	1.311430	29	34	29	99.812
-0.261799	0.290380	-0.796960	108	14	103	99.695
-1.570796	1.025536	1.576859	26	102	15	99.690
-0.523599	0.290380	-0.796960	106	16	104	99.581
-1.047198	2.863997	0.549740	31	112	22	99.521
-3.141593	2.863997	0.549740	105	11	123	99.418
0.785398	0.866395	-2.492918	100	22	118	99.404
0.523599	2.138223	1.678323	33	28	34	99.378
2.617994	1.870545	-2.976234	24	119	41	99.176
-2.617994	0.960688	-0.577532	119	26	99	99.169
0.523599	2.343981	-1.040456	99	25	128	99.148
2.617994	1.506530	1.988858	115	120	37	99.069
2.094395	1.809167	1.213774	103	33	120	98.998
0.523599	1.606104	-0.451151	100	31	108	98.854
-2.617994	2.587733	0.232235	133	97	9	98.843
-2.879793	0.496451	0.593859	104	23	105	98.785
-2.094395	1.014500	0.906702	130	100	0	98.659
-2.617994	2.001437	0.381215	115	6	111	98.653
-2.094395	1.134796	2.434290	29	116	35	98.652
-2.356194	0.910508	1.903534	15	99	16	98.580
2.879793	0.914445	2.687814	9	101	22	98.414
-1.570796	1.574060	2.783565	32	18	38	98.316
0.785398	2.704512	1.488683	33	28	33	98.201
0.261799	1.909857	-0.381669	101	37	113	98.147
-2.879793	1.242974	-2.977882	30	117	35	98.100
1.832596	2.349581	-2.702517	19	106	29	98.063
0.261799	1.214854	-1.966664	101	28	115	97.965
1.570796	1.325504	-1.671296	109	7	111	97.962
1.570796	2.379497	0.561089	96	23	117	97.943
-2.356194	0.297065	2.160177	19	100	9	97.831
0.785398	1.128190	-2.288622	100	19	118	97.603
1.570796	2.881233	-2.582574	21	104	27	97.574
2.356194	2.478122	2.609777	25	24	40	97.554
0.523599	0.866395	-2.492918	100	26	118	97.489
-1.570796	1.440580	2.260026	34	10	35	97.463
-2.094395	1.113094	-0.272241	118	21	99	97.387
-2.617994	0.297065	2.160177	14	99	10	97.381
-1.047198	2.979456	-1.009304	33	35	19	97.342
0.000000	1.574060	2.783565	5	23	42	97.333
1.308997	0.297065	2.160177	106	35	112	97.217
1.308997	0.992645	-1.723759	108	9	109	97.132
-2.879793	1.606104	-0.451151	122	13	102	97.040
1.570796	2.455966	-0.641220	100	18	115	97.019
2.617994	1.488617	1.159546	99	22	116	96.899
2.617994	0.961715	0.014085	113	26	100	96.828
0.000000	2.108018	1.311430	35	134	31	96.748
-2.094395	0.700570	1.559208	16	99	11	96.723
-2.879793	1.301460	-0.509251	121	19	99	96.714
-2.356194	1.247695	1.809890	117	2	110	96.616
1.308997	2.153910	-1.714959	104	10	119	96.604
1.047198	0.709924	0.218797	33	18	121	96.591
2.356194	1.662363	0.915448	100	26	113	96.558
0.785398	1.135834	-1.431087	104	17	107	96.523
1.308997	1.696674	-1.253233	105	14	108	96.393
-2.879793	0.906588	1.252948	104	11	112	96.337
-3.141593	0.762244	-0.273349	116	28	99	96.216
2.879793	1.506530	1.988858	117	116	36	96.196
2.356194	1.998705	2.370472	142	17	44	96.052
-0.785398	1.195355	1.200319	35	122	21	96.018
-1.832596	2.404280	-0.174044	31	109	10	95.974
-3.141593	2.478122	2.609777	20	25	40	95.667
1.832596	2.251330	-2.330739	15	102	26	95.627
-3.141593	2.295480	1.008277	103	13	120	95.601
0.261799	1.448123	-2.163292	101	29	120	95.541
-2.094395	0.496451	0.593859	108	13	105	95.475
0.785398	2.153910	-1.714959	100	18	121	95.472
-2.879793	1.506530	1.988858	121	109	36	95.304
-3.141593	1.545873	-1.877082	31	112	6	95.228
2.879793	1.050534	3.042579	19	111	34	94.963
-1.570796	2.724429	-0.348782	34	117	17	94.900
-2.617994	1.846342	-1.796954	45	9	0	94.825
-1.047198	1.977582	0.969896	32	110	15	94.802
-1.832596	1.025536	1.576859	21	99	15	94.707
-1.047198	1.310100	1.488307	42	6	21	94.678
0.785398	1.413347	-1.339188	96	23	117	94.605
1.308997	0.906588	1.252948	118	44	113	94.597
-1.047198	0.850607	-1.335383	112	34	104	94.572
0.261799	2.138223	1.678323	35	26	34	94.566
2.094395	1.135813	-2.658866	128	99	14	94.422
-1.047198	2.115563	0.685730	32	111	13	94.377
-2.879793	0.700570	1.559208	105	9	113	94.377
-0.261799	2.592629	0.909713	41	21	27	94.376
-1.570796	1.195355	1.200319	23	101	12	94.205
2.617994	1.113094	-0.272241	116	22	99	94.047
-1.832596	0.831641	0.616218	118	19	95	93.834
-2.879793	2.251330	-2.330739	34	128	35	93.797
1.047198	1.214854	-1.966664	102	13	115	93.783
1.047198	2.187132	-0.479875	96	21	118	93.758
2.879793	1.756530	-2.105156	27	105	19	93.755
-2.617994	1.696674	-1.253233	31	119	141	93.748
2.356194	1.025536	1.576859	101	26	118	93.656
1.047198	2.588535	-2.976617	131	112	40	93.626
-1.832596	0.618092	2.539118	35	119	26	93.621
0.261799	1.736875	3.023612	0	20	43	93.535
2.879793	2.393226	1.857173	136	18	40	93.504
0.523599	0.899350	-2.069907	99	35	117	93.476
2.879793	2.251330	-2.330739	32	121	36	93.392
2.617994	2.108018	1.311430	100	24	123	93.368
-1.570796	0.910508	1.903534	39	2	22	93.301
0.523599	0.615174	-0.666022	125	13	101	93.295
-1.308997	2.863997	0.549740	29	109	22	93.262
-3.141593	1.662363	0.915448	103	14	113	93.261
1.047198	1.846342	-1.796954	110	111	9	93.255
-1.832596	2.295480	1.008277	19	99	19	93.179
-2.617994	1.134796	2.434290	21	112	35	93.155
0.261799	1.413430	2.550734	5	26	41	93.136
0.000000	2.704512	1.488683	34	126	35	93.031
-1.047198	0.700570	1.559208	34	120	22	92.923
-1.308997	1.195355	1.200319	27	103	12	92.873
2.617994	1.732874	-0.951685	120	7	106	92.741
-1.570796	1.809167	1.213774	24	101	17	92.695
-2.617994	2.356369	3.005869	23	24	41	92.681
2.356194	1.824694	1.850876	134	19	38	92.656
0.523599	0.850607	-1.335383	106	17	104	92.550
2.879793	2.760637	2.781135	26	29	37	92.542
0.261799	0.992645	-1.723759	101	25	109	92.356
-0.261799	1.135834	-1.431087	105	32	106	92.334
-2.094395	1.413430	2.550734	27	119	39	92.334
-3.141593	0.709924	0.218797	108	27	102	92.326
0.785398	0.899350	-2.069907	101	18	113	92.279
-2.094395	0.203748	0.590255	105	15	106	92.230
-2.094395	1.045978	0.343692	114	13	102	92.171
-0.523599	1.128190	-2.288622	111	40	118	92.167
2.094395	1.574060	2.783565	122	118	42	92.162
0.523599	1.696674	-1.253233	102	26	108	92.127
-0.785398	0.906588	1.252948	35	122	20	92.019
2.356194	2.041297	-2.664597	20	106	29	91.928
1.832596	2.187132	-0.479875	103	17	110	91.912
-0.261799	0.615174	-0.666022	105	29	100	91.905
-2.879793	1.658653	-2.409879	41	9	28	91.726
-0.523599	0.992645	-1.723759	107	36	109	91.544
2.617994	1.574060	2.783565	125	115	42	91.534
1.047198	1.869911	2.701025	127	126	43	91.474
-2.356194	1.184361	0.625864	112	9	106	91.459
0.000000	0.640596	-2.797608	107	38	117	91.449
-2.617994	2.664082	-1.071402	31	109	17	91.440
-0.785398	0.297065	2.160177	43	23	4	91.433
0.523599	1.904882	-1.478089	100	25	113	91.429
-2.879793	1.554776	0.100351	112	12	102	91.427
0.261799	0.640596	-2.797608	104	34	116	91.421
-0.785398	0.618092	2.539118	40	129	17	91.388
-2.617994	2.588535	-2.976617	26	28	38	91.374
-2.356194	0.615174	-0.666022	115	31	101	91.259
-2.356194	1.836682	-0.676006	137	17	106	91.255
0.785398	2.063651	-2.044600	102	17	124	91.216
0.261799	1.824694	1.850876	33	28	34	91.211
2.356194	1.413430	2.550734	120	117	39	91.192
-1.308997	0.591903	2.010408	36	121	24	90.990
-2.879793	0.910508	1.903534	106	7	107	90.892
0.523599	1.433411	-1.035986	96	28	113	90.829
1.570796	1.998705	2.370472	3	20	44	90.599
-0.261799	2.108018	1.311430	36	130	31	90.555
-1.308997	2.295480	1.008277	28	104	19	90.485
-0.785398	0.700570	1.559208	44	7	140	90.474
0.785398	1.545873	-1.877082	101	18	115	90.460
1.570796	1.256302	0.062705	114	30	100	90.448
-2.356194	2.033014	2.977192	26	19	41	90.423
2.356194	0.674054	1.013609	104	31	109	90.419
2.356194	2.404280	-0.174044	104	12	114	90.414
2.879793	1.247695	1.809890	102	15	122	90.398
1.570796	1.367556	0.358405	112	34	103	90.359
-3.141593	1.872854	1.543456	102	14	124	90.335
2.617994	1.391910	3.030322	17	115	39	90.218
-1.047198	2.379497	0.561089	33	113	15	90.209
1.570796	0.419640	2.974122	99	19	116	90.120
2.356194	1.982574	-1.115518	116	5	110	90.119
-1.570796	2.115563	0.685730	27	103	13	90.011
0.000000	1.756530	-2.105156	102	32	122	90.008
0.261799	0.960688	-0.577532	103	27	102	89.931
-3.141593	2.724429	-0.348782	15	98	17	89.894
1.308997	2.379497	0.561089	97	29	117	89.893
0.261799	0.571433	-1.188419	101	28	105	89.872
1.832596	0.700570	1.559208	104	34	114	89.836
2.356194	2.455966	-0.641220	109	7	115	89.801
0.000000	0.619654	-2.216909	102	31	113	89.800
1.832596	1.168678	2.108595	115	129	33	89.778
-0.785398	0.709924	0.218797	19	112	134	89.700
-1.570796	0.914445	2.687814	36	126	33	89.600
-0.785398	0.615174	-0.666022	109	21	100	89.565
1.047198	1.948085	-2.363031	114	110	18	89.552
2.094395	1.732874	-0.951685	113	9	106	89.551
0.523599	1.134796	2.434290	2	29	37	89.539
2.094395	0.370812	-2.547742	127	100	1	89.505
-2.356194	1.194549	-0.801900	125	26	99	89.473
2.879793	2.108018	1.311430	100	20	123	89.297
1.570796	2.478122	2.609777	29	20	40	89.121
-1.570796	2.001437	0.381215	28	106	8	89.121
-0.523599	0.297065	2.160177	41	28	4	89.120
0.000000	0.866395	-2.492918	104	34	117	89.029
-2.094395	1.391910	3.030322	31	125	39	89.001
2.356194	1.113094	-0.272241	116	23	98	88.976
0.785398	1.617114	-1.572037	101	19	112	88.951
0.000000	1.184361	0.625864	38	17	125	88.836
2.879793	1.998705	2.370472	123	122	43	88.813
1.570796	1.617114	-1.572037	108	8	112	88.728
1.308997	1.194549	-0.801900	113	17	100	88.625
-2.879793	1.168678	2.108595	107	4	113	88.395
-0.261799	1.977582	0.969896	37	133	26	88.363
1.570796	1.440580	2.260026	119	130	38	88.090
0.523599	2.187132	-0.479875	99	33	118	88.081
2.617994	2.349581	-2.702517	30	123	40	88.071
-0.523599	0.458961	-0.107937	109	22	97	88.021
-2.879793	0.960688	-0.577532	120	25	99	87.968
-2.617994	1.721184	-0.153948	121	11	104	87.946
1.308997	2.138223	1.678323	23	33	34	87.725
1.308997	1.413430	2.550734	120	129	39	87.660
-1.308997	0.831641	0.616218	19	105	2	87.650
0.523599	2.588535	-2.976617	126	113	40	87.645
1.570796	1.417623	-0.202254	111	25	100	87.560
0.523599	2.033014	2.977192	126	122	43	87.490
-3.141593	2.356369	3.005869	26	22	41	87.474
2.879793	2.153910	-1.714959	27	104	17	87.430
1.047198	0.992645	-1.723759	105	12	109	87.375
1.308997	0.080730	-2.622036	103	13	109	87.300
-1.308997	1.413430	2.550734	31	126	39	87.298
1.047198	1.617114	-1.572037	102	15	112	87.151
-1.570796	1.488617	1.159546	24	101	14	87.146
-1.570796	0.674054	1.013609	18	102	5	87.066
-0.785398	2.115563	0.685730	33	115	13	87.033
-2.617994	1.433411	-1.035986	137	21	105	86.966
2.879793	1.555207	1.708892	102	17	124	86.889
2.617994	2.478122	2.609777	23	25	40	86.883
-2.617994	1.413430	2.550734	22	115	39	86.817
-2.356194	1.301460	-0.509251	122	21	99	86.735
-1.832596	1.310100	1.488307	20	100	18	86.730
-2.094395	0.910508	1.903534	119	4	106	86.712
-0.523599	2.704512	1.488683	27	109	26	86.684
-1.308997	2.379497	0.561089	32	108	15	86.589
-2.094395	1.301460	-0.509251	122	22	99	86.460
1.832596	1.824694	1.850876	139	25	38	86.451
-2.879793	1.448123	-2.163292	37	122	29	86.353
0.785398	0.709924	0.218797	34	16	121	86.253
1.570796	1.194549	-0.801900	115	16	100	86.240
2.094395	1.696674	-1.253233	115	7	108	86.212
-3.141593	1.998705	2.370472	123	120	43	86.163
1.047198	1.440580	2.260026	143	27	39	86.041
-1.047198	1.504028	0.636812	29	109	6	85.958
1.308997	2.089241	-0.114193	103	31	108	85.941
2.617994	2.041297	-2.664597	28	119	39	85.937
1.832596	2.393226	1.857173	21	30	36	85.910
-2.356194	0.733948	3.021411	34	118	29	85.902
1.047198	1.448123	-2.163292	110	112	12	85.857
0.785398	1.732874	-0.951685	95	23	117	85.851
-0.261799	1.045978	0.343692	118	29	96	85.701
0.000000	1.128190	-2.288622	104	34	118	85.670
-1.832596	0.910508	1.903534	29	112	28	85.613
-1.832596	1.168678	2.108595	29	114	32	85.449
-2.094395	1.510910	-0.740472	32	9	118	85.449
-2.617994	1.504028	0.636812	110	9	109	85.362
-1.570796	1.977582	0.969896	25	101	15	85.341
2.094395	2.379497	0.561089	98	13	117	85.268
0.000000	1.325504	-1.671296	102	31	110	85.237
0.523599	1.135813	-2.658866	101	27	123	85.157
0.785398	2.343981	-1.040456	99	20	128	85.152
2.879793	1.741644	-2.695914	28	117	37	85.084
-2.094395	1.256302	0.062705	118	15	100	85.066
-3.141593	2.153910	-1.714959	30	107	17	84.925
1.570796	0.618092	2.539118	99	27	119	84.794
2.617994	1.721184	-0.153948	109	14	104	84.730
0.261799	2.063651	-2.044600	101	26	123	84.520
-1.308997	2.115563	0.685730	30	107	13	84.503
-0.785398	0.850607	-1.335383	109	33	104	84.492
0.523599	1.413430	2.550734	2	26	41	84.475
1.832596	1.440580	2.260026	118	127	38	84.441
-1.308997	1.809167	1.213774	27	104	18	84.427
-0.523599	0.961715	0.014085	18	120	130	84.418
1.308997	1.982574	-1.115518	102	16	110	84.411
-1.570796	0.960688	-0.577532	117	26	99	84.403
2.879793	2.115563	0.685730	102	15	115	84.331
2.356194	2.719179	-1.780644	21	102	22	84.306
-0.261799	2.863997	0.549740	40	22	26	84.254
0.261799	2.984978	1.954446	33	121	36	84.195
-3.141593	2.404280	-0.174044	114	4	113	84.122
0.523599	1.374601	-2.456031	100	25	123	83.938
2.094395	1.721184	-0.153948	106	19	104	83.935
1.308997	1.417623	-0.202254	112	28	100	83.845
-1.308997	0.906588	1.252948	26	104	9	83.785
-2.094395	1.050534	3.042579	34	123	34	83.765
-3.141593	1.506530	1.988858	119	112	35	83.703
0.785398	2.592629	0.909713	28	35	29	83.502
-3.141593	1.756530	-2.105156	30	108	19	83.360
-0.261799	0.700570	1.559208	43	25	5	83.086
-2.617994	1.168678	2.108595	112	2	113	82.978
0.523599	0.960688	-0.577532	101	23	102	82.966
0.261799	1.413347	-1.339188	99	34	117	82.920
-2.356194	1.606104	-0.451151	133	16	103	82.898
1.570796	2.251330	-2.330739	126	108	36	82.814
1.047198	2.637879	2.121598	33	24	37	82.813
-1.047198	1.335669	0.897240	29	107	8	82.812
1.308997	2.180315	-1.357379	102	13	116	82.746
0.261799	2.356369	3.005869	127	117	42	82.739
-1.570796	1.335669	0.897240	22	101	9	82.718
0.000000	1.417623	-0.202254	108	36	103	82.665
2.356194	2.138223	1.678323	136	22	38	82.643
1.570796	1.374601	-2.456031	116	105	15	82.575
2.094395	1.683268	0.374177	103	26	106	82.571
-1.570796	0.906588	1.252948	22	100	10	82.548
0.785398	2.719179	-1.780644	103	16	125	82.497
-2.617994	1.194549	-0.801900	126	24	100	82.477
-3.141593	0.203748	0.590255	105	30	106	82.451
1.308997	2.979456	-1.009304	102	17	125	82.429
2.617994	2.164094	-2.991358	26	124	42	82.426
1.570796	1.554776	0.100351	108	30	103	82.416
2.879793	1.574060	2.783565	17	118	41	82.394
0.000000	0.850607	-1.335383	104	24	104	82.358
0.261799	0.929350	-2.910676	105	35	122	82.317
-1.832596	0.864993	2.278281	32	116	30	82.225
-2.617994	1.599406	1.426070	121	106	28	82.212
2.094395	2.104282	-0.813972	108	9	110	82.210
2.879793	1.374601	-2.456031	25	103	21	82.121
-3.141593	1.218453	2.777284	19	113	37	82.116
-1.570796	2.863997	0.549740	27	105	22	81.897
-2.879793	2.579248	-2.364801	33	132	37	81.889
-1.308997	0.496451	0.593859	113	18	96	81.871
-2.094395	1.732874	-0.951685	140	24	106	81.825
2.879793	1.545873	-1.877082	27	104	14	81.709
2.094395	1.301460	-0.509251	115	19	100	81.700
-0.785398	1.824694	1.850876	33	123	37	81.682
2.617994	1.242974	-2.977882	15	101	25	81.571
-1.570796	2.456751	-1.503343	37	34	12	81.557
2.094395	2.343981	-1.040456	109	6	114	81.451
1.832596	1.696674	-1.253233	111	8	109	81.388
-1.308997	0.700570	1.559208	33	115	22	81.327
-2.094395	1.809167	1.213774	132	97	10	81.320
-2.617994	0.906588	1.252948	111	11	100	81.236
2.879793	1.168678	2.108595	117	112	33	81.168
0.523599	1.301460	-0.509251	100	27	105	81.149
-1.308997	1.504028	0.636812	27	106	6	81.076
-1.308997	1.168678	2.108595	38	12	31	80.842
-2.617994	1.135813	-2.658866	36	122	31	80.824
-2.879793	2.478122	2.609777	0	20	44	80.811
1.047198	2.393226	1.857173	30	28	36	80.753
0.785398	0.850607	-1.335383	107	14	104	80.729
0.523599	2.247462	0.191623	22	40	6	80.709
2.356194	2.299159	2.264663	19	25	39	80.705
-3.141593	0.458961	-0.107937	113	33	102	80.622
0.523599	2.356369	3.005869	129	117	42	80.611
2.617994	1.736875	3.023612	19	120	42	80.595
-1.308997	0.866955	-0.931351	114	31	100	80.570
-1.047198	1.367556	0.358405	26	115	137	80.511
2.617994	1.998705	2.370472	142	15	44	80.466
-1.832596	2.863997	0.549740	23	103	22	80.405
2.094395	2.478122	2.609777	27	23	40	80.357
-1.832596	1.488617	1.159546	19	99	14	80.342
2.356194	1.599406	1.426070	99	27	120	80.239
-1.047198	2.664082	-1.071402	34	36	12	80.214
2.879793	0.733948	3.021411	14	99	18	80.206
-0.785398	2.704512	1.488683	25	106	26	80.171
1.570796	1.433411	-1.035986	111	13	103	80.161
1.570796	2.637879	2.121598	29	28	37	80.127
-2.879793	1.194549	-0.801900	126	21	99	80.066
1.308997	1.606104	-0.451151	108	24	102	80.018
-0.261799	1.195355	1.200319	44	23	6	80.010
0.523599	0.571433	-1.188419	109	13	103	79.872
-2.617994	1.904882	-1.478089	33	119	3	79.827
-3.141593	1.555207	1.708892	116	113	33	79.797
0.000000	0.418037	1.360082	42	25	2	79.786
0.785398	0.203748	0.590255	39	17	126	79.772
-2.879793	1.824694	1.850876	119	113	37	79.771
-0.261799	2.138223	1.678323	34	128	36	79.742
-1.047198	1.168678	2.108595	36	125	34	79.630
-0.523599	1.335669	0.897240	36	126	19	79.628
0.785398	1.904882	-1.478089	100	20	113	79.610
-1.570796	0.618092	2.539118	37	124	27	79.605
-2.356194	1.488617	1.159546	127	98	6	79.570
-2.356194	1.433411	-1.035986	138	24	104	79.507
1.570796	1.658653	-2.409879	120	104	16	79.501
-2.879793	1.310100	1.488307	108	6	107	79.483
2.356194	0.929350	-2.910676	10	100	20	79.468
-2.879793	2.979456	-1.009304	27	106	22	79.465
2.356194	1.374601	-2.456031	17	100	21	79.462
1.308997	2.478122	2.609777	30	19	40	79.327
0.523599	1.721184	-0.153948	102	33	107	79.311
-0.261799	0.899350	-2.069907	105	35	113	79.225
2.617994	1.050534	3.042579	11	101	24	79.124
-1.308997	2.984978	1.954446	124	109	37	79.124
-2.356194	0.591903	2.010408	17	98	13	79.087
0.261799	1.948085	-2.363031	103	26	127	78.999
1.832596	1.617114	-1.572037	112	5	112	78.911
0.785398	2.396274	-1.959260	103	16	125	78.761
-1.832596	0.203748	0.590255	107	12	106	78.712
2.879793	2.187132	-0.479875	114	6	109	78.663
1.570796	0.591903	2.010408	103	33	116	78.598
0.523599	1.574060	2.783565	0	22	43	78.581
2.879793	2.164094	-2.991358	27	126	42	78.531
-2.617994	1.982574	-1.115518	31	116	142	78.456
0.785398	0.929350	-2.910676	101	26	122	78.433
1.308997	1.325504	-1.671296	106	10	111	78.330
-0.785398	2.863997	0.549740	36	126	31	78.296
0.523599	2.455966	-0.641220	98	29	125	78.218
-2.879793	2.456751	-1.503343	32	110	17	78.201
-2.094395	1.242974	-2.977882	32	140	34	78.171
2.617994	1.367556	0.358405	105	22	104	78.154
0.523599	1.875281	0.107086	24	28	125	78.130
2.094395	0.080730	-2.622036	12	100	7	78.059
-0.785398	0.992645	-1.723759	110	37	109	78.046
-0.523599	1.809167	1.213774	38	127	28	77.963
-1.308997	1.977582	0.969896	28	105	16	77.909
2.356194	1.417623	-0.202254	111	19	99	77.902
-2.879793	0.914445	2.687814	22	111	32	77.881
-2.094395	0.733948	3.021411	37	122	29	77.765
2.617994	0.496451	0.593859	107	32	105	77.740
2.617994	2.356369	3.005869	28	20	41	77.633
-0.261799	0.850607	-1.335383	105	27	104	77.589
-2.094395	1.440580	2.260026	25	115	38	77.569
2.617994	2.455966	-0.641220	112	5	114	77.567
1.047198	0.961715	0.014085	29	17	119	77.562
1.308997	1.135813	-2.658866	111	110	15	77.524
0.000000	1.391910	3.030322	0	26	41	77.492
2.094395	2.251330	-2.330739	19	103	26	77.459
2.356194	0.831641	0.616218	108	31	104	77.438
1.832596	2.478122	2.609777	29	22	40	77.404
2.617994	2.881233	-2.582574	33	127	37	77.389
-2.617994	2.033014	2.977192	26	19	41	77.365
-0.261799	0.370812	-2.547742	108	38	112	77.361
-0.785398	2.984978	1.954446	132	108	37	77.308
0.261799	1.135813	-2.658866	103	32	123	77.204
2.356194	1.948085	-2.363031	20	103	25	77.178
-2.879793	1.732874	-0.951685	136	14	107	77.111
-0.785398	1.045978	0.343692	24	115	136	77.046
-1.047198	0.910508	1.903534	37	124	28	77.028
2.094395	1.504028	0.636812	104	31	109	77.010
0.261799	1.014500	0.906702	38	22	127	76.990
-0.261799	0.866395	-2.492918	108	39	118	76.984
-3.141593	1.569311	-3.003978	26	118	39	76.928
-0.523599	1.310100	1.488307	38	128	28	76.841
0.261799	2.724429	-0.348782	17	40	13	76.824
-1.308997	1.662363	0.915448	27	105	12	76.780
1.570796	1.301460	-0.509251	113	20	99	76.743
0.785398	0.831641	0.616218	34	22	123	76.709
-0.785398	1.977582	0.969896	33	113	16	76.676
-2.356194	0.929350	-2.910676	36	123	30	76.657
0.523599	0.929350	-2.910676	103	32	122	76.568
-3.141593	2.041297	-2.664597	37	11	34	76.514
2.094395	2.984978	1.954446	25	33	34	76.511
0.785398	1.948085	-2.363031	103	16	126	76.511
-1.047198	1.662363	0.915448	31	108	11	76.508
2.094395	1.247695	1.809890	110	131	28	76.390
1.832596	1.506530	1.988858	118	131	37	76.362
2.094395	2.588535	-2.976617	29	124	40	76.349
-2.356194	1.554776	0.100351	119	11	103	76.312
2.617994	1.247695	1.809890	113	119	32	76.255
0.785398	0.619654	-2.216909	100	17	113	76.140
2.879793	1.128190	-2.288622	26	102	16	76.100
-1.308997	1.506530	1.988858	36	9	34	76.004
-1.832596	2.592629	0.909713	19	99	21	75.865
2.617994	1.869911	2.701025	17	125	43	75.662
0.000000	1.948085	-2.363031	103	29	126	75.655
-1.308997	2.704512	1.488683	134	108	36	75.598
0.523599	2.295480	1.008277	32	33	27	75.537
-2.356194	2.089241	-0.114193	126	9	108	75.460
1.308997	1.977582	0.969896	126	40	4	75.438
-2.879793	1.617114	-1.572037	32	116	0	75.416
-1.832596	2.138223	1.678323	130	108	37	75.364
-1.570796	1.836682	-0.676006	138	27	105	75.333
1.308997	2.187132	-0.479875	101	26	109	75.270
0.261799	0.762244	-0.273349	128	17	100	75.204
-3.141593	1.948085	-2.363031	34	122	35	75.204
0.261799	2.108018	1.311430	37	29	29	75.153
-2.879793	1.555207	1.708892	119	109	32	75.139
-1.308997	1.824694	1.850876	34	106	17	75.080
-1.832596	1.391910	3.030322	35	19	36	75.053
-0.261799	2.404280	-0.174044	34	36	6	75.039
-1.570796	0.864993	2.278281	41	8	26	75.001
0.785398	1.374601	-2.456031	100	21	123	74.992
-2.617994	1.488617	1.159546	108	7	115	74.949
2.094395	1.998705	2.370472	0	19	44	74.933
1.570796	2.247462	0.191623	101	31	112	74.905
-0.785398	2.456751	-1.503343	19	40	15	74.878
2.094395	1.195355	1.200319	102	33	114	74.796
1.832596	1.658653	-2.409879	10	101	23	74.742
0.785398	2.187132	-0.479875	97	27	118	74.672
-0.523599	0.914445	2.687814	39	137	23	74.647
-2.617994	1.242974	-2.977882	32	119	35	74.636
0.261799	1.242974	-2.977882	106	33	127	74.629
-1.308997	0.685216	-1.712745	116	39	108	74.628
1.047198	0.914445	2.687814	113	17	24	74.606
0.523599	0.496451	0.593859	38	16	125	74.582
-1.832596	1.977582	0.969896	139	98	8	74.555
2.356194	2.187132	-0.479875	108	10	110	74.548
-1.047198	0.866955	-0.931351	112	29	100	74.478
0.523599	0.762244	-0.273349	17	119	129	74.373
0.000000	1.135834	-1.431087	104	29	107	74.367
-2.617994	0.733948	3.021411	31	114	29	74.328
2.617994	0.709924	0.218797	112	31	101	74.110
1.308997	0.640596	-2.797608	109	112	9	74.098
-2.879793	1.247695	1.809890	107	5	110	74.093
0.261799	0.615174	-0.666022	123	14	101	73.946
-0.785398	2.108018	1.311430	35	122	32	73.925
2.879793	1.872854	1.543456	112	4	24	73.903
-2.879793	2.108018	1.311430	103	12	123	73.811
1.047198	1.413347	-1.339188	104	16	107	73.792
2.617994	2.588535	-2.976617	30	129	40	73.790
0.261799	0.458961	-0.107937	19	115	132	73.524
0.523599	1.599406	1.426070	31	34	27	73.507
0.261799	2.704512	1.488683	34	132	35	73.497
-0.785398	1.256302	0.062705	21	122	130	73.493
2.617994	1.413430	2.550734	121	114	40	73.446
1.570796	2.299159	2.264663	26	25	39	73.433
-1.570796	2.704512	1.488683	130	107	36	73.423
-3.141593	2.108018	1.311430	102	16	124	73.226
-1.570796	1.683268	0.374177	25	106	4	73.195
1.832596	1.113094	-0.272241	116	24	98	73.169
0.261799	1.545873	-1.877082	100	27	116	73.038
-1.047198	1.417623	-0.202254	133	23	101	72.881
-3.141593	1.824694	1.850876	117	116	37	72.852
1.832596	1.555207	1.708892	136	25	34	72.834
0.000000	2.247462	0.191623	35	35	4	72.807
-0.523599	1.168678	2.108595	38	25	30	72.802
1.832596	1.135813	-2.658866	122	101	14	72.797
2.617994	1.683268	0.374177	103	19	106	72.784
-1.308997	0.762244	-0.273349	112	19	99	72.765
-0.523599	1.014500	0.906702	36	124	16	72.753
-2.879793	2.063651	-2.044600	36	125	32	72.748
2.094395	1.433411	-1.035986	116	10	103	72.733
1.308997	0.850607	-1.335383	113	10	104	72.702
-1.308997	0.864993	2.278281	36	124	29	72.677
-1.832596	0.591903	2.010408	26	103	13	72.675
-2.617994	1.391910	3.030322	28	120	39	72.672
-1.570796	1.599406	1.426070	24	101	19	72.670
0.261799	1.045978	0.343692	35	17	121	72.478
2.094395	1.374601	-2.456031	13	100	21	72.469
-1.570796	0.297065	2.160177	35	118	21	72.442
-3.141593	1.214854	-1.966664	32	113	3	72.369
-1.308997	1.310100	1.488307	33	115	27	72.349
1.047198	1.374601	-2.456031	101	16	123	72.321
2.879793	2.033014	2.977192	22	125	43	72.313
0.785398	1.367556	0.358405	28	25	123	72.302
1.308997	1.998705	2.370472	4	21	43	72.292
1.832596	1.367556	0.358405	109	32	104	72.233
1.832596	1.574060	2.783565	121	120	42	72.161
0.000000	2.251330	-2.330739	103	27	128	72.080
0.000000	2.343981	-1.040456	102	34	127	72.008
0.261799	1.846342	-1.796954	100	28	118	71.988
1.832596	2.637879	2.121598	26	29	37	71.954
2.356194	1.809167	1.213774	100	27	119	71.944
-3.141593	1.599406	1.426070	102	14	120	71.886
0.523599	1.256302	0.062705	28	19	119	71.771
1.570796	1.696674	-1.253233	108	11	108	71.718
-2.094395	0.297065	2.160177	24	101	11	71.694
-1.832596	1.247695	1.809890	23	101	21	71.628
0.000000	1.113094	-0.272241	107	31	100	71.607
2.094395	2.138223	1.678323	138	25	38	71.547
-0.523599	0.615174	-0.666022	110	19	100	71.504
-1.570796	1.218453	2.777284	37	18	35	71.497
1.832596	2.456751	-1.503343	120	101	11	71.405
-2.879793	1.433411	-1.035986	137	17	104	71.352
0.261799	1.417623	-0.202254	104	33	103	71.303
-2.617994	0.591903	2.010408	12	99	13	71.298
1.570796	1.846342	-1.796954	109	7	117	71.265
0.523599	2.456751	-1.503343	100	26	120	71.176
0.261799	2.089241	-0.114193	104	39	114	71.138
0.785398	1.836682	-0.676006	96	25	114	71.095
-1.570796	0.866955	-0.931351	116	31	100	71.078
-3.141593	0.914445	2.687814	14	100	22	70.990
-1.047198	1.247695	1.809890	36	122	31	70.894
-2.356194	1.658653	-2.409879	43	23	18	70.814
-1.047198	0.906588	1.252948	34	117	20	70.745
1.308997	2.704512	1.488683	26	33	34	70.733
0.523599	0.418037	1.360082	32	35	5	70.509
-2.879793	0.290380	-0.796960	20	30	134	70.488
0.523599	2.984978	1.954446	34	125	36	70.464
0.261799	1.374601	-2.456031	101	29	123	70.428
-2.617994	1.310100	1.488307	121	106	28	70.292
0.785398	2.393226	1.857173	32	26	36	70.179
-1.047198	1.413430	2.550734	35	21	37	70.135
-0.785398	0.914445	2.687814	41	132	23	70.120
2.879793	2.299159	2.264663	142	18	43	70.054
-0.261799	2.393226	1.857173	32	123	39	70.045
-1.570796	0.418037	1.360082	21	101	8	70.022
-1.832596	0.674054	1.013609	116	14	97	70.019
-0.785398	1.168678	2.108595	39	21	29	69.975
2.617994	2.299159	2.264663	143	20	43	69.941
-1.308997	1.184361	0.625864	23	105	4	69.784
2.094395	2.719179	-1.780644	17	100	22	69.754
-1.047198	1.195355	1.200319	34	118	23	69.597
0.261799	1.606104	-0.451151	103	35	108	69.563
0.261799	2.104282	-0.813972	99	34	121	69.546
-0.261799	1.440580	2.260026	34	27	35	69.400
-1.047198	0.831641	0.616218	22	106	3	69.379
-1.308997	1.335669	0.897240	26	104	8	69.343
1.308997	0.866395	-2.492918	112	109	8	69.210
0.785398	1.214854	-1.966664	101	18	114	69.143
1.308997	1.413347	-1.339188	107	11	108	68.996
0.785398	1.168678	2.108595	2	30	35	68.984
2.617994	2.579248	-2.364801	32	121	36	68.970
-2.094395	1.184361	0.625864	130	102	140	68.959
-0.785398	1.555207	1.708892	41	128	21	68.932
2.356194	2.881233	-2.582574	33	123	36	68.820
-0.523599	2.984978	1.954446	20	103	27	68.756
0.785398	2.637879	2.121598	34	21	37	68.738
2.356194	1.504028	0.636812	102	26	108	68.734
1.832596	1.948085	-2.363031	12	101	25	68.705
0.261799	2.455966	-0.641220	100	33	125	68.661
1.308997	2.104282	-0.813972	101	20	109	68.642
1.832596	1.606104	-0.451151	108	19	102	68.607
-3.141593	2.760637	2.781135	23	30	37	68.593
-2.356194	0.864993	2.278281	21	100	20	68.486
2.356194	1.545873	-1.877082	19	99	15	68.484
-0.523599	1.440580	2.260026	36	24	35	68.441
-0.261799	1.417623	-0.202254	112	38	103	68.436
2.879793	1.135834	-1.431087	138	14	107	68.403
-1.047198	1.766067	2.153843	35	111	21	68.332
-2.617994	0.615174	-0.666022	117	32	100	68.322
0.523599	1.809167	1.213774	32	34	25	68.321
-2.879793	2.881233	-2.582574	33	29	35	68.299
0.785398	0.571433	-1.188419	112	12	103	68.269
0.261799	0.899350	-2.069907	101	28	113	68.213
0.523599	1.732874	-0.951685	97	29	117	68.155
1.832596	1.256302	0.062705	112	28	100	68.095
-2.879793	0.640596	-2.797608	34	116	26	67.933
0.523599	2.089241	-0.114193	100	35	114	67.918
-1.832596	1.555207	1.708892	20	101	23	67.735
-1.570796	1.194549	-0.801900	120	29	99	67.663
-3.141593	0.297065	2.160177	123	101	3	67.663
-2.094395	2.164094	-2.991358	26	25	40	67.639
2.879793	0.762244	-0.273349	117	29	99	67.609
1.047198	1.045978	0.343692	29	22	121	67.596
-2.879793	1.736875	3.023612	25	122	43	67.581
0.785398	1.756530	-2.105156	109	115	13	67.557
0.523599	1.488617	1.159546	32	34	22	67.554
2.356194	2.760637	2.781135	31	26	38	67.464
2.879793	2.356369	3.005869	27	21	41	67.341
-2.617994	0.419640	2.974122	31	113	24	67.290
-1.832596	2.393226	1.857173	125	110	39	67.254
2.356194	1.555207	1.708892	101	26	124	67.191
2.094395	2.299159	2.264663	21	26	39	67.168
-2.879793	1.374601	-2.456031	35	120	32	67.138
1.832596	1.569311	-3.003978	124	112	40	67.134
1.047198	2.299159	2.264663	29	23	39	67.109
0.785398	1.696674	-1.253233	102	21	108	67.100
1.832596	1.374601	-2.456031	8	101	21	67.085
1.832596	1.134796	2.434290	114	124	36	67.058
0.000000	1.335669	0.897240	42	27	2	67.002
-2.094395	1.836682	-0.676006	138	20	106	66.935
0.000000	1.510910	-0.740472	103	38	110	66.848
1.047198	1.836682	-0.676006	104	25	105	66.838
0.261799	1.194549	-0.801900	100	31	107	66.832
0.261799	1.440580	2.260026	9	27	39	66.782
-0.785398	1.367556	0.358405	28	118	138	66.721
2.094395	1.440580	2.260026	116	124	38	66.587
1.570796	2.979456	-1.009304	103	12	124	66.498
1.570796	2.587733	0.232235	97	19	122	66.493
1.832596	2.760637	2.781135	30	130	40	66.434
2.094395	1.824694	1.850876	136	22	38	66.423
-1.570796	1.662363	0.915448	24	101	11	66.379
-3.141593	1.194549	-0.801900	124	20	99	66.287
0.261799	1.741644	-2.695914	104	27	130	66.234
2.879793	0.297065	2.160177	101	19	103	66.196
0.000000	2.592629	0.909713	39	27	28	66.184
0.523599	1.367556	0.358405	31	23	123	66.128
-1.047198	1.045978	0.343692	22	113	135	66.119
-0.261799	1.335669	0.897240	43	23	2	66.091
0.785398	1.050534	3.042579	113	16	26	65.962
1.047198	1.998705	2.370472	5	21	43	65.941
2.356194	1.128190	-2.288622	18	99	16	65.868
-3.141593	1.904882	-1.478089	37	141	130	65.807
2.879793	0.419640	2.974122	13	99	12	65.733
1.308997	1.301460	-0.509251	112	22	99	65.692
0.785398	1.982574	-1.115518	96	22	123	65.648
-0.523599	1.574060	2.783565	9	22	44	65.633
-2.879793	1.135813	-2.658866	33	118	31	65.625
-1.308997	1.683268	0.374177	29	114	140	65.583
0.785398	1.184361	0.625864	31	26	125	65.569
-1.832596	2.979456	-1.009304	35	133	32	65.559
2.356194	2.396274	-1.959260	25	118	44	65.547
1.308997	1.732874	-0.951685	105	18	106	65.517
-2.617994	1.998705	2.370472	0	9	44	65.459
-2.094395	1.025536	1.576859	17	98	15	65.447
0.000000	1.374601	-2.456031	104	34	123	65.423
-2.094395	1.247695	1.809890	18	99	21	65.396
0.261799	1.450119	-2.739050	104	30	127	65.353
-2.356194	2.664082	-1.071402	38	124	27	65.329
2.356194	1.391910	3.030322	125	111	39	65.249
0.261799	1.721184	-0.153948	106	37	107	65.236
1.047198	1.736875	3.023612	122	123	42	65.199
-1.832596	1.050534	3.042579	36	127	34	65.157
0.000000	1.909857	-0.381669	106	40	113	65.154
-0.785398	1.310100	1.488307	37	124	27	65.132
1.308997	2.637879	2.121598	31	25	37	65.122
0.523599	1.045978	0.343692	33	19	122	64.969
-2.879793	1.948085	-2.363031	42	12	29	64.920
0.000000	1.606104	-0.451151	105	38	108	64.897
-0.261799	1.256302	0.062705	133	24	100	64.891
-0.261799	0.961715	0.014085	19	121	130	64.829
0.000000	1.310100	1.488307	38	28	25	64.820
0.261799	0.866395	-2.492918	102	31	117	64.783
-1.047198	1.809167	1.213774	30	107	18	64.712
1.047198	2.349581	-2.702517	125	112	39	64.629
1.570796	0.992645	-1.723759	112	7	109	64.623
-0.523599	0.960688	-0.577532	18	9	115	64.531
-2.356194	1.869911	2.701025	25	15	41	64.397
0.000000	1.683268	0.374177	35	23	125	64.347
1.047198	2.138223	1.678323	26	33	34	64.292
-0.785398	1.184361	0.625864	29	115	140	64.258
1.570796	2.349581	-2.702517	16	105	29	64.227
-2.879793	1.836682	-0.676006	126	11	104	64.199
2.879793	2.343981	-1.040456	138	99	5	64.068
2.879793	1.824694	1.850876	116	120	37	64.029
0.785398	2.588535	-2.976617	129	112	40	64.017
1.570796	1.135834	-1.431087	113	8	106	63.982
-2.879793	1.904882	-1.478089	32	114	2	63.959
0.261799	1.510910	-0.740472	100	34	110	63.946
1.047198	2.108018	1.311430	24	36	29	63.822
-3.141593	1.413430	2.550734	16	116	40	63.807
-2.094395	2.396274	-1.959260	40	30	16	63.772
-2.094395	1.982574	-1.115518	142	25	110	63.726
-2.879793	2.455966	-0.641220	24	100	11	63.691
-2.356194	2.579248	-2.364801	32	29	35	63.671
0.000000	1.736875	3.023612	0	20	43	63.653
2.617994	0.733948	3.021411	9	100	18	63.477
2.879793	2.041297	-2.664597	30	121	39	63.475
-0.785398	1.506530	1.988858	38	17	34	63.469
2.617994	1.872854	1.543456	101	24	125	63.375
-3.141593	1.699788	2.452890	125	115	42	63.368
-2.879793	2.396274	-1.959260	36	126	32	63.345
0.261799	1.574060	2.783565	2	23	43	63.333
-1.832596	1.440580	2.260026	27	118	38	63.331
0.785398	1.256302	0.062705	27	20	119	63.222
-2.094395	0.618092	2.539118	32	115	26	63.064
-3.141593	2.349581	-2.702517	30	129	39	63.036
-2.094395	2.349581	-2.702517	27	29	38	63.030
-2.617994	1.977582	0.969896	109	6	117	62.977
-1.832596	1.836682	-0.676006	139	24	105	62.969
-1.832596	1.741644	-2.695914	33	28	36	62.925
-2.356194	1.510910	-0.740472	128	21	101	62.884
-2.094395	2.153910	-1.714959	43	28	12	62.699
0.261799	1.325504	-1.671296	101	27	111	62.678
-2.617994	1.683268	0.374177	114	8	106	62.669
-0.523599	0.906588	1.252948	45	16	4	62.655
2.094395	0.640596	-2.797608	124	99	8	62.563
-1.047198	1.256302	0.062705	132	18	100	62.552
2.094395	2.356369	3.005869	26	127	43	62.478
-0.785398	1.413430	2.550734	32	24	36	62.469
-1.308997	2.393226	1.857173	132	110	39	62.380
2.879793	2.349581	-2.702517	30	126	40	62.377
-3.141593	1.982574	-1.115518	34	138	128	62.359
-0.523599	1.045978	0.343692	25	117	134	62.128
-0.523599	1.875281	0.107086	38	20	125	62.029
-1.570796	0.203748	0.590255	107	20	99	62.007
2.356194	1.134796	2.434290	116	116	35	61.860
-2.879793	1.135834	-1.431087	140	21	107	61.858
2.094395	1.658653	-2.409879	14	101	23	61.827
-1.308997	0.910508	1.903534	42	6	22	61.821
-1.832596	1.194549	-0.801900	122	29	99	61.814
-0.261799	0.619654	-2.216909	105	34	113	61.553
-2.617994	1.218453	2.777284	26	115	37	61.536
-2.617994	2.478122	2.609777	143	19	43	61.503
2.617994	1.194549	-0.801900	122	16	99	61.490
-3.141593	2.393226	1.857173	136	15	40	61.453
1.832596	1.433411	-1.035986	115	11	104	61.426
-2.617994	1.135834	-1.431087	140	25	107	61.413
-2.356194	1.335669	0.897240	112	6	111	61.369
-0.785398	1.812176	0.656819	32	114	9	61.357
-3.141593	1.135834	-1.431087	139	17	107	61.326
0.523599	2.704512	1.488683	36	25	33	61.317
-1.308997	1.599406	1.426070	28	104	19	61.270
-0.261799	0.762244	-0.273349	125	17	100	61.243
2.879793	0.640596	-2.797608	21	99	15	61.170
-0.261799	1.214854	-1.966664	105	35	114	61.147
2.879793	2.073035	2.027405	137	14	41	61.139
2.094395	2.664082	-1.071402	119	102	11	61.042
-1.047198	0.496451	0.593859	114	17	96	61.004
-3.141593	0.640596	-2.797608	30	112	26	60.937
0.523599	2.404280	-0.174044	15	39	8	60.910
-1.832596	0.496451	0.593859	125	104	140	60.847
2.617994	1.374601	-2.456031	21	101	21	60.726
-2.617994	1.732874	-0.951685	138	17	107	60.720
1.832596	2.664082	-1.071402	105	8	119	60.518
1.047198	2.379497	0.561089	99	34	117	60.505
-3.141593	2.299159	2.264663	141	17	43	60.468
-1.308997	0.297065	2.160177	37	122	21	60.365
-2.879793	1.846342	-1.796954	33	116	7	60.343
2.879793	1.662363	0.915448	101	16	113	60.285
1.832596	1.554776	0.100351	107	27	103	60.229
-2.094395	2.979456	-1.009304	36	128	32	60.150
0.523599	1.113094	-0.272241	104	24	101	60.145
-1.047198	0.992645	-1.723759	115	40	109	60.113
1.832596	1.301460	-0.509251	114	18	100	60.093
-2.879793	0.591903	2.010408	8	100	13	60.058
-1.047198	1.574060	2.783565	31	23	39	60.005
-2.879793	1.574060	2.783565	22	118	41	59.959
-0.523599	1.662363	0.915448	37	128	22	59.875
-3.141593	1.846342	-1.796954	31	108	15	59.870
2.094395	1.184361	0.625864	106	32	104	59.843
2.094395	1.741644	-2.695914	14	104	27	59.804
-2.356194	1.824694	1.850876	125	108	37	59.785
-3.141593	2.187132	-0.479875	119	6	109	59.733
0.523599	1.554776	0.100351	26	24	122	59.693
-1.832596	2.456751	-1.503343	41	30	12	59.690
-0.261799	1.242974	-2.977882	32	36	32	59.638
-0.523599	1.488617	1.159546	37	127	24	59.590
2.094395	1.113094	-0.272241	117	23	98	59.582
-1.832596	0.961715	0.014085	114	17	99	59.554
-2.356194	1.413430	2.550734	25	118	40	59.519
-2.356194	1.417623	-0.202254	121	16	99	59.472
0.785398	1.872854	1.543456	28	34	31	59.459
0.785398	2.404280	-0.174044	98	31	120	59.446
-1.308997	1.766067	2.153843	33	106	21	59.437
2.356194	1.440580	2.260026	117	120	38	59.410
-1.832596	1.134796	2.434290	38	5	30	59.373
-2.617994	1.824694	1.850876	122	110	37	59.245
-0.523599	0.674054	1.013609	35	122	16	59.229
2.356194	1.325504	-1.671296	13	95	19	59.219
1.570796	2.760637	2.781135	31	127	40	59.184
2.879793	1.904882	-1.478089	34	138	130	59.148
-3.141593	0.929350	-2.910676	27	112	30	59.088
2.356194	1.736875	3.023612	18	120	42	59.078
2.356194	2.592629	0.909713	100	27	123	59.000
-1.047198	2.984978	1.954446	128	108	37	58.830
2.094395	2.760637	2.781135	36	20	34	58.752
0.785398	1.606104	-0.451151	97	25	108	58.705
-1.308997	1.045978	0.343692	130	12	102	58.688
0.785398	2.455966	-0.641220	97	24	125	58.662
-2.094395	2.104282	-0.813972	142	21	109	58.607
1.832596	1.391910	3.030322	119	116	39	58.602
-2.356194	0.290380	-0.796960	114	36	104	58.598
-2.094395	2.063651	-2.044600	41	29	16	58.576
2.094395	1.766067	2.153843	138	19	41	58.536
-0.785398	1.599406	1.426070	37	123	29	58.461
-1.832596	2.719179	-1.780644	36	33	17	58.427
2.617994	0.591903	2.010408	99	16	116	58.427
0.523599	1.658653	-2.409879	102	24	126	58.301
2.617994	1.135834	-1.431087	135	11	107	58.291
-2.094395	1.168678	2.108595	122	2	112	58.289
1.570796	2.393226	1.857173	24	31	37	58.217
-0.523599	1.504028	0.636812	36	128	16	58.208
0.000000	1.367556	0.358405	35	19	123	58.200
0.000000	1.545873	-1.877082	102	32	116	58.182
-0.523599	1.256302	0.062705	23	121	132	58.062
-0.785398	0.961715	0.014085	129	16	100	57.981
1.308997	2.108018	1.311430	20	36	30	57.961
-0.523599	2.863997	0.549740	42	18	26	57.815
-3.141593	0.733948	3.021411	18	99	18	57.808
-1.308997	2.001437	0.381215	31	110	8	57.742
-2.356194	1.134796	2.434290	26	114	35	57.721
-2.094395	1.869911	2.701025	25	16	42	57.692
-2.356194	1.662363	0.915448	128	98	4	57.652
2.617994	1.134796	2.434290	118	113	35	57.591
0.000000	1.982574	-1.115518	103	36	124	57.590
2.356194	1.194549	-0.801900	120	15	99	57.541
-2.617994	2.138223	1.678323	119	112	37	57.516
1.570796	2.396274	-1.959260	121	102	15	57.482
-1.570796	0.850607	-1.335383	118	36	104	57.477
2.617994	1.569311	-3.003978	21	116	39	57.470
-1.047198	1.606104	-0.451151	133	27	102	57.468
-0.523599	1.135834	-1.431087	108	35	106	57.410
0.000000	0.906588	1.252948	42	27	3	57.342
-2.617994	2.456751	-1.503343	38	125	28	57.322
0.261799	1.301460	-0.509251	102	31	105	57.251
-1.047198	0.914445	2.687814	41	126	23	57.211
2.356194	1.766067	2.153843	119	125	40	57.162
0.523599	2.393226	1.857173	34	24	36	57.042
2.356194	0.685216	-1.712745	31	139	124	57.031
-0.785398	0.419640	2.974122	31	38	11	56.950
-2.617994	2.299159	2.264663	141	12	43	56.917
-1.832596	2.247462	0.191623	28	105	11	56.906
-2.094395	0.419640	2.974122	37	121	24	56.887
2.356194	2.979456	-1.009304	123	101	15	56.887
-3.141593	2.104282	-0.813972	30	136	127	56.773
-0.261799	1.367556	0.358405	118	35	99	56.755
0.261799	1.696674	-1.253233	98	33	121	56.735
1.308997	1.335669	0.897240	118	43	112	56.712
1.570796	2.001437	0.381215	104	34	110	56.694
0.261799	0.866955	-0.931351	100	28	105	56.693
-2.617994	1.014500	0.906702	106	10	108	56.640
1.570796	1.555207	1.708892	139	28	34	56.609
-0.785398	1.242974	-2.977882	10	37	28	56.607
1.832596	0.370812	-2.547742	123	102	1	56.532
-0.261799	2.295480	1.008277	37	131	29	56.521
-2.094395	1.417623	-0.202254	122	17	98	56.520
0.261799	1.875281	0.107086	28	27	125	56.461
1.047198	0.297065	2.160177	108	39	113	56.446
-0.785398	0.864993	2.278281	40	127	18	56.418
1.047198	1.134497	-1.109631	109	15	103	56.330
-2.617994	0.618092	2.539118	20	99	16	56.322
-1.308997	0.850607	-1.335383	115	36	104	56.211
2.094395	2.979456	-1.009304	18	101	30	56.184
0.000000	2.138223	1.678323	34	131	37	56.180
0.261799	1.683268	0.374177	33	25	125	56.163
-0.523599	1.195355	1.200319	37	126	23	56.146
-2.356194	1.574060	2.783565	25	121	41	56.132
-0.785398	0.496451	0.593859	22	109	139	56.124
0.000000	0.615174	-0.666022	17	1	117	56.023
2.094395	1.599406	1.426070	102	32	121	56.017
-2.094395	1.218453	2.777284	38	7	32	56.017
0.261799	2.404280	-0.174044	104	39	120	55.999
-2.094395	1.488617	1.159546	133	98	7	55.949
2.617994	1.617114	-1.572037	24	100	10	55.785
-1.832596	1.574060	2.783565	33	14	38	55.740
1.308997	1.617114	-1.572037	105	10	112	55.730
-2.617994	0.290380	-0.796960	17	30	134	55.697
1.832596	2.587733	0.232235	99	27	118	55.533
-2.617994	0.080730	-2.622036	33	128	1	55.501
-0.261799	0.458961	-0.107937	109	20	97	55.494
-1.308997	1.417623	-0.202254	133	21	101	55.494
2.094395	0.674054	1.013609	107	35	109	55.488
1.308997	0.709924	0.218797	32	20	121	55.391
-2.879793	1.413347	-1.339188	140	17	108	55.351
-2.617994	2.180315	-1.357379	33	117	4	55.097
-1.308997	1.836682	-0.676006	137	30	105	55.006
0.523599	2.104282	-0.813972	97	29	121	54.986
2.094395	2.637879	2.121598	23	30	37	54.914
1.832596	1.756530	-2.105156	128	98	12	54.906
0.261799	2.187132	-0.479875	101	36	119	54.825
1.570796	1.218453	2.777284	115	123	37	54.774
-0.785398	2.138223	1.678323	32	121	36	54.759
1.832596	2.041297	-2.664597	14	105	29	54.758
2.356194	1.569311	-3.003978	15	105	29	54.736
2.879793	2.979456	-1.009304	20	101	23	54.736
-0.261799	2.760637	2.781135	126	112	39	54.705
-3.141593	1.325504	-1.671296	31	112	0	54.623
2.879793	1.870545	-2.976234	26	121	41	54.489
-2.356194	1.599406	1.426070	125	105	30	54.361
-0.785398	0.418037	1.360082	35	120	18	54.296
1.047198	0.619654	-2.216909	97	25	112	54.285
-0.261799	1.998705	2.370472	36	135	37	54.184
-3.141593	1.870545	-2.976234	27	123	41	54.183
1.308997	2.299159	2.264663	27	25	40	54.157
1.308997	1.824694	1.850876	2	28	39	54.150
2.617994	2.863997	0.549740	101	19	124	54.144
-3.141593	2.138223	1.678323	115	119	37	54.099
-2.879793	1.218453	2.777284	22	114	36	54.071
-3.141593	1.766067	2.153843	121	116	40	53.951
2.356194	1.872854	1.543456	102	29	125	53.892
2.094395	1.948085	-2.363031	16	102	25	53.708
2.617994	0.929350	-2.910676	15	100	20	53.678
-2.617994	0.929350	-2.910676	34	119	30	53.675
1.308997	2.349581	-2.702517	128	111	39	53.608
-1.047198	1.599406	1.426070	35	119	29	53.607
0.261799	1.504028	0.636812	36	24	127	53.606
2.617994	1.545873	-1.877082	24	101	13	53.595
-0.785398	1.050534	3.042579	21	37	27	53.486
-0.261799	2.478122	2.609777	131	115	43	53.366
-1.047198	1.545873	-1.877082	124	46	119	53.353
-1.832596	1.510910	-0.740472	135	26	102	53.328
1.570796	2.456751	-1.503343	116	103	11	53.138
-2.094395	1.433411	-1.035986	137	27	104	53.020
2.879793	1.599406	1.426070	101	18	120	52.985
2.094395	1.194549	-0.801900	12	98	5	52.934
1.308997	0.914445	2.687814	111	14	24	52.896
2.879793	2.588535	-2.976617	29	132	41	52.888
0.261799	1.506530	1.988858	31	31	35	52.860
0.000000	2.356369	3.005869	127	118	44	52.842
-2.094395	0.866395	-2.492918	40	120	27	52.788
-0.785398	0.619654	-2.216909	113	41	113	52.773
-1.832596	2.724429	-0.348782	32	112	17	52.750
-1.047198	1.184361	0.625864	26	108	4	52.714
-2.617994	0.640596	-2.797608	37	119	26	52.651
-0.523599	0.762244	-0.273349	124	16	100	52.643
0.523599	1.982574	-1.115518	97	27	123	52.588
0.523599	0.733948	3.021411	105	36	121	52.547
-0.523599	0.418037	1.360082	37	124	18	52.526
0.785398	1.875281	0.107086	21	27	125	52.437
1.832596	1.194549	-0.801900	117	16	99	52.436
1.570796	0.571433	-1.188419	27	140	120	52.390
-1.832596	2.063651	-2.044600	37	33	17	52.356
-1.047198	0.864993	2.278281	40	20	27	52.321
0.523599	1.413347	-1.339188	103	23	107	52.319
-1.570796	1.606104	-0.451151	135	23	102	52.186
1.832596	0.418037	1.360082	107	37	111	52.149
-2.094395	2.393226	1.857173	123	112	39	52.111
0.523599	1.310100	1.488307	31	34	26	52.066
2.879793	1.699788	2.452890	123	117	42	51.994
1.047198	1.325504	-1.671296	103	13	111	51.987
-1.570796	2.138223	1.678323	134	108	37	51.849
0.785398	2.407836	1.410646	31	32	33	51.823
-2.617994	0.700570	1.559208	125	100	5	51.783
2.879793	1.869911	2.701025	17	124	44	51.766
0.000000	1.869911	2.701025	5	18	44	51.752
-2.879793	2.760637	2.781135	20	30	38	51.700
-1.570796	1.506530	1.988858	33	6	34	51.652
0.000000	0.290380	-0.796960	110	10	104	51.543
-1.570796	1.904882	-1.478089	38	33	6	51.539
-0.523599	2.393226	1.857173	30	120	39	51.519
-1.570796	1.909857	-0.381669	37	8	122	51.489
2.879793	0.910508	1.903534	114	112	28	51.434
0.523599	2.153910	-1.714959	100	24	120	51.407
2.094395	1.846342	-1.796954	15	97	16	51.382
1.047198	0.899350	-2.069907	96	24	117	51.347
2.879793	1.242974	-2.977882	23	112	35	51.244
2.356194	0.961715	0.014085	114	28	99	51.231
1.570796	1.135813	-2.658866	114	106	15	51.201
-2.879793	1.025536	1.576859	106	8	104	51.153
-3.141593	2.881233	-2.582574	39	21	31	51.136
0.261799	1.982574	-1.115518	99	32	124	51.121
1.047198	1.506530	1.988858	1	29	38	51.105
1.308997	1.569311	-3.003978	119	117	40	51.095
-1.570796	1.510910	-0.740472	134	28	102	50.857
1.832596	0.640596	-2.797608	119	102	8	50.835
1.308997	1.440580	2.260026	141	24	40	50.792
1.308997	2.579248	-2.364801	127	108	36	50.787
2.617994	1.433411	-1.035986	27	141	120	50.716
2.094395	0.290380	-0.796960	38	13	124	50.701
-1.047198	1.824694	1.850876	32	120	37	50.698
2.617994	1.766067	2.153843	118	121	40	50.691
-0.785398	1.113094	-0.272241	127	21	99	50.656
-2.356194	2.180315	-1.357379	34	122	5	50.516
-2.356194	2.984978	1.954446	113	132	30	50.473
0.523599	2.063651	-2.044600	101	22	124	50.410
-0.261799	1.168678	2.108595	36	29	30	50.328
-1.308997	0.914445	2.687814	40	120	23	50.281
-1.570796	2.393226	1.857173	128	110	39	50.169
0.785398	2.349581	-2.702517	122	113	39	50.140
0.785398	2.033014	2.977192	127	121	43	50.118
0.000000	2.478122	2.609777	133	116	43	50.050
-3.141593	0.960688	-0.577532	26	10	116	50.048
-2.879793	1.741644	-2.695914	39	11	32	50.032
-2.094395	2.247462	0.191623	143	101	3	50.010
1.047198	1.909857	-0.381669	96	22	112	49.933
0.785398	0.733948	3.021411	101	32	121	49.923
1.570796	0.866395	-2.492918	117	105	7	49.909
-1.570796	2.089241	-0.114193	31	117	140	49.896
-1.832596	1.417623	-0.202254	130	18	100	49.830
1.570796	2.588535	-2.976617	21	109	30	49.828
-0.523599	0.899350	-2.069907	109	39	113	49.808
2.094395	2.393226	1.857173	17	30	37	49.768
-2.356194	1.504028	0.636812	114	7	108	49.759
2.617994	2.393226	1.857173	138	21	40	49.728
-2.617994	1.050534	3.042579	30	116	34	49.687
-1.047198	0.961715	0.014085	127	16	100	49.658
-0.785398	1.025536	1.576859	37	124	26	49.637
-3.141593	1.374601	-2.456031	33	117	32	49.600
-2.356194	2.588535	-2.976617	23	29	39	49.592
1.570796	1.506530	1.988858	139	25	38	49.544
-3.141593	2.063651	-2.044600	31	109	21	49.443
-0.785398	2.295480	1.008277	32	112	19	49.426
-1.047198	0.419640	2.974122	36	34	10	49.416
0.261799	2.251330	-2.330739	102	22	129	49.392
2.356194	2.033014	2.977192	21	124	43	49.387
-2.617994	2.881233	-2.582574	30	31	35	49.378
-0.261799	1.014500	0.906702	36	128	16	49.359
0.000000	1.904882	-1.478089	103	36	128	49.326
-2.356194	0.618092	2.539118	29	112	27	49.319
0.261799	1.134796	2.434290	6	30	37	49.107
-1.308997	0.203748	0.590255	107	18	99	49.055
-2.617994	2.455966	-0.641220	27	103	11	49.022
-1.308997	2.138223	1.678323	137	109	37	48.914
1.570796	1.214854	-1.966664	119	102	5	48.905
-2.356194	1.909857	-0.381669	135	13	106	48.871
-1.308997	1.194549	-0.801900	23	15	117	48.829
0.261799	1.869911	2.701025	4	18	44	48.783
0.000000	2.187132	-0.479875	105	41	118	48.768
1.308997	0.618092	2.539118	101	31	118	48.758
2.356194	1.247695	1.809890	112	124	32	48.713
2.356194	2.588535	-2.976617	30	127	40	48.712
-2.356194	2.343981	-1.040456	33	118	3	48.698
-1.047198	2.138223	1.678323	30	117	37	48.671
1.047198	0.674054	1.013609	26	38	3	48.637
-2.094395	2.343981	-1.040456	34	123	3	48.590
-1.570796	0.640596	-2.797608	41	126	22	48.466
-0.261799	0.960688	-0.577532	18	7	115	48.461
0.523599	0.866955	-0.931351	111	17	100	48.306
-1.570796	1.555207	1.708892	25	102	22	48.275
-1.308997	2.456751	-1.503343	33	37	13	48.142
1.308997	1.391910	3.030322	118	121	39	48.050
2.356194	2.073035	2.027405	139	20	41	48.048
-2.879793	2.153910	-1.714959	37	122	28	48.038
-0.261799	1.869911	2.701025	6	18	44	48.031
1.308997	1.506530	1.988858	141	28	37	47.932
-0.785398	0.866955	-0.931351	110	28	100	47.905
0.523599	1.184361	0.625864	34	24	125	47.871
1.570796	1.413347	-1.339188	110	9	108	47.834
1.832596	1.998705	2.370472	1	20	44	47.642
2.617994	1.214854	-1.966664	24	101	13	47.589
0.261799	1.488617	1.159546	36	31	22	47.568
1.308997	1.812176	0.656819	114	42	113	47.533
1.832596	2.299159	2.264663	23	26	39	47.509
1.308997	2.760637	2.781135	31	124	40	47.463
-2.094395	1.617114	-1.572037	142	31	112	47.444
-0.523599	0.419640	2.974122	29	40	10	47.439
1.047198	1.870545	-2.976234	121	118	41	47.395
-0.785398	0.899350	-2.069907	112	40	113	47.389
0.000000	0.831641	0.616218	38	13	124	47.347
-2.356194	1.736875	3.023612	30	17	41	47.289
-2.094395	2.404280	-0.174044	28	105	11	47.266
0.261799	1.555207	1.708892	33	31	31	47.223
-0.261799	1.699788	2.452890	36	138	34	47.182
-1.832596	0.640596	-2.797608	40	121	22	47.138
-2.879793	1.869911	2.701025	23	15	42	47.102
0.261799	2.393226	1.857173	35	20	37	47.026
0.261799	1.904882	-1.478089	99	31	127	46.972
-1.308997	1.135834	-1.431087	118	37	105	46.940
-1.308997	2.637879	2.121598	126	111	40	46.917
-2.879793	0.733948	3.021411	27	111	29	46.798
-1.570796	1.721184	-0.153948	138	19	104	46.774
-0.523599	2.115563	0.685730	37	131	24	46.712
0.785398	1.413430	2.550734	143	25	41	46.711
-1.308997	1.391910	3.030322	33	25	37	46.667
-2.094395	1.195355	1.200319	121	8	101	46.661
0.000000	1.440580	2.260026	30	29	36	46.630
0.785398	0.615174	-0.666022	128	13	101	46.629
0.785398	2.724429	-0.348782	98	26	127	46.627
1.308997	2.041297	-2.664597	123	112	39	46.596
1.570796	0.458961	-0.107937	35	17	122	46.587
0.785398	0.496451	0.593859	37	19	125	46.513
-1.308997	2.356369	3.005869	143	17	45	46.511
2.617994	0.864993	2.278281	115	112	31	46.423
-0.261799	1.574060	2.783565	6	23	43	46.404
-1.047198	1.756530	-2.105156	123	44	124	46.362
-2.094395	1.756530	-2.105156	42	29	14	46.334
0.000000	2.455966	-0.641220	104	37	125	46.289
-2.879793	2.174483	2.653697	21	20	42	46.185
-2.879793	2.588535	-2.976617	29	27	38	46.176
0.000000	0.866955	-0.931351	103	33	106	46.156
-0.261799	0.831641	0.616218	121	23	95	46.065
-0.785398	1.662363	0.915448	43	11	16	45.987
-1.832596	2.396274	-1.959260	36	34	17	45.903
-1.832596	0.418037	1.360082	16	101	7	45.869
-2.356194	1.732874	-0.951685	139	20	107	45.834
-2.879793	1.696674	-1.253233	30	114	142	45.805
-2.356194	2.478122	2.609777	142	16	44	45.697
-0.261799	1.872854	1.543456	36	131	33	45.654
-2.617994	1.836682	-0.676006	135	14	106	45.623
0.785398	1.506530	1.988858	6	30	38	45.621
-2.879793	1.413430	2.550734	18	115	40	45.614
-1.832596	2.704512	1.488683	126	108	36	45.599
2.617994	0.960688	-0.577532	26	8	115	45.589
-1.308997	0.960688	-0.577532	115	26	98	45.586
0.000000	1.433411	-1.035986	101	38	114	45.566
-2.879793	1.998705	2.370472	143	10	44	45.483
-0.261799	1.413430	2.550734	10	24	41	45.454
-1.308997	1.448123	-2.163292	130	44	123	45.453
-1.832596	1.504028	0.636812	138	101	143	45.435
0.261799	1.554776	0.100351	109	35	103	45.431
1.047198	1.872854	1.543456	24	35	31	45.316
0.785398	2.164094	-2.991358	124	117	42	45.313
-1.047198	1.699788	2.452890	13	14	43	45.303
-2.094395	0.866955	-0.931351	120	31	100	45.213
1.570796	0.290380	-0.796960	37	6	123	45.172
2.879793	2.180315	-1.357379	25	101	13	45.159
0.523599	1.824694	1.850876	31	30	35	45.088
1.570796	0.685216	-1.712745	0	105	137	45.020
0.261799	1.256302	0.062705	110	31	99	45.001
-1.832596	1.809167	1.213774	19	99	18	44.992
-0.785398	2.587733	0.232235	37	132	26	44.962
0.785398	1.510910	-0.740472	96	23	110	44.872
-2.879793	2.033014	2.977192	26	17	42	44.784
-1.570796	2.164094	-2.991358	9	10	48	44.768
2.094395	0.571433	-1.188419	15	99	2	44.762
0.000000	0.674054	1.013609	43	22	1	44.714
-1.832596	1.599406	1.426070	19	100	19	44.688
-3.141593	2.164094	-2.991358	28	128	42	44.624
1.308997	1.870545	-2.976234	123	116	41	44.502
-2.094395	1.741644	-2.695914	35	25	36	44.453
-1.308997	1.134796	2.434290	35	125	35	44.426
0.261799	1.433411	-1.035986	99	33	113	44.383
-1.308997	1.510910	-0.740472	29	15	119	44.188
-2.356194	0.866395	-2.492918	37	115	27	44.166
0.000000	1.872854	1.543456	35	135	33	44.157
2.879793	1.617114	-1.572037	28	109	32	44.116
2.879793	1.948085	-2.363031	27	107	25	44.082
-0.785398	2.979456	-1.009304	29	37	17	44.054
0.261799	1.113094	-0.272241	106	28	101	44.020
-2.617994	2.164094	-2.991358	29	21	41	43.997
-0.261799	2.356369	3.005869	125	119	44	43.982
-0.785398	1.998705	2.370472	12	11	44	43.949
0.785398	1.824694	1.850876	27	33	35	43.835
-1.047198	1.440580	2.260026	36	112	17	43.817
1.570796	2.138223	1.678323	19	34	35	43.785
1.832596	2.180315	-1.357379	109	6	115	43.714
-0.785398	2.349581	-2.702517	122	25	28	43.573
-2.356194	1.569311	-3.003978	31	127	40	43.470
-1.308997	1.367556	0.358405	25	113	136	43.439
-2.879793	1.982574	-1.115518	29	112	142	43.427
1.832596	1.766067	2.153843	140	22	41	43.416
-0.261799	0.866955	-0.931351	108	22	100	43.374
1.047198	0.866395	-2.492918	108	113	10	43.304
-1.832596	2.108018	1.311430	132	105	32	43.228
-0.785398	2.637879	2.121598	132	111	40	43.165
2.094395	0.864993	2.278281	112	121	31	43.146
-1.308997	1.555207	1.708892	28	105	23	43.053
-1.570796	1.247695	1.809890	26	105	21	43.039
0.000000	1.014500	0.906702	42	24	1	42.883
1.570796	2.407836	1.410646	19	35	33	42.879
2.356194	0.866395	-2.492918	15	99	15	42.847
0.261799	2.295480	1.008277	36	31	27	42.812
-2.879793	2.719179	-1.780644	36	126	32	42.752
-0.523599	1.413430	2.550734	39	135	30	42.714
0.523599	1.391910	3.030322	118	15	30	42.638
-0.261799	1.113094	-0.272241	127	23	99	42.628
-2.094395	2.456751	-1.503343	44	26	12	42.622
0.523599	1.128190	-2.288622	100	25	118	42.577
0.000000	1.242974	-2.977882	27	38	32	42.486
2.356194	0.379747	-1.713059	25	112	137	42.478
2.356194	2.295480	1.008277	100	28	121	42.462
-1.308997	1.606104	-0.451151	135	26	102	42.445
1.570796	0.640596	-2.797608	111	108	9	42.385
-0.523599	1.506530	1.988858	40	133	23	42.369
1.047198	1.977582	0.969896	133	41	4	42.311
2.094395	1.014500	0.906702	105	34	107	42.302
-2.356194	2.138223	1.678323	122	110	37	42.287
-1.047198	0.709924	0.218797	126	11	102	42.251
-1.047198	2.637879	2.121598	129	111	40	42.232
-2.094395	0.929350	-2.910676	37	115	28	42.189
-0.785398	1.440580	2.260026	36	20	35	42.182
0.785398	1.869911	2.701025	128	126	43	42.132
0.523599	1.617114	-1.572037	97	29	124	42.075
0.261799	1.184361	0.625864	36	21	125	42.073
0.261799	2.001437	0.381215	34	35	2	42.046
2.356194	1.045978	0.343692	110	29	101	42.040
-2.617994	0.864993	2.278281	16	99	21	41.962
-0.523599	1.741644	-2.695914	117	34	8	41.943
-0.785398	0.866395	-2.492918	36	35	25	41.937
1.047198	2.587733	0.232235	140	39	18	41.834
0.523599	1.948085	-2.363031	103	22	127	41.790
0.000000	1.875281	0.107086	112	42	108	41.594
0.523599	2.724429	-0.348782	100	32	127	41.535
-1.832596	1.606104	-0.451151	135	21	102	41.424
-1.047198	1.014500	0.906702	27	106	7	41.328
0.000000	1.721184	-0.153948	108	40	107	41.312
1.308997	1.256302	0.062705	23	20	119	41.310
0.000000	1.766067	2.153843	32	25	37	41.309
-1.308997	0.418037	1.360082	25	103	8	41.303
-2.356194	2.164094	-2.991358	28	23	40	41.275
1.832596	0.080730	-2.622036	124	103	142	41.273
1.047198	2.724429	-0.348782	98	21	127	41.193
2.617994	2.073035	2.027405	138	17	41	41.184
0.523599	1.736875	3.023612	141	18	44	41.139
0.785398	2.379497	0.561089	103	39	117	41.136
2.617994	2.174483	2.653697	22	20	41	41.135
-1.308997	2.478122	2.609777	124	118	43	41.054
-1.570796	1.756530	-2.105156	132	43	124	41.013
1.570796	1.824694	1.850876	143	27	39	40.970
-1.308997	1.025536	1.576859	39	3	21	40.966
-0.261799	1.301460	-0.509251	124	28	100	40.886
-3.141593	1.247695	1.809890	117	111	32	40.868
-2.879793	2.187132	-0.479875	124	6	109	40.859
-2.094395	2.138223	1.678323	126	108	37	40.794
-1.308997	0.640596	-2.797608	34	37	12	40.669
2.356194	2.637879	2.121598	21	30	37	40.663
-2.094395	0.674054	1.013609	128	100	0	40.583
0.523599	2.180315	-1.357379	99	27	115	40.407
0.523599	1.510910	-0.740472	98	29	111	40.356
-0.523599	1.214854	-1.966664	107	38	113	40.326
-2.617994	2.104282	-0.813972	29	112	142	40.291
-2.879793	1.440580	2.260026	124	109	38	40.227
-0.785398	1.606104	-0.451151	131	30	102	40.164
2.356194	2.180315	-1.357379	133	97	6	40.128
0.785398	1.998705	2.370472	7	21	44	40.096
-1.047198	0.762244	-0.273349	18	4	115	40.094
2.617994	1.448123	-2.163292	23	100	18	40.046
1.047198	2.251330	-2.330739	116	107	19	40.009
0.523599	1.440580	2.260026	6	28	39	39.935
0.523599	2.637879	2.121598	32	127	40	39.907
-2.356194	1.809167	1.213774	125	104	28	39.895
-3.141593	1.242974	-2.977882	27	114	35	39.889
-3.141593	0.850607	-1.335383	139	21	105	39.855
1.047198	1.504028	0.636812	121	42	110	39.819
1.308997	2.407836	1.410646	23	35	33	39.791
-0.523599	1.998705	2.370472	11	13	44	39.776
-0.785398	1.247695	1.809890	37	126	32	39.709
-2.356194	1.310100	1.488307	117	4	106	39.685
-2.094395	1.736875	3.023612	30	18	40	39.669
0.785398	2.579248	-2.364801	115	112	27	39.667
-1.308997	1.574060	2.783565	31	21	39	39.652
0.523599	1.872854	1.543456	32	31	31	39.651
0.523599	1.134497	-1.109631	98	27	111	39.651
-0.523599	0.831641	0.616218	27	115	136	39.565
1.570796	2.041297	-2.664597	12	104	29	39.561
1.570796	1.741644	-2.695914	123	111	38	39.544
-0.523599	1.050534	3.042579	39	33	27	39.525
2.356194	0.571433	-1.188419	20	100	2	39.205
-0.261799	1.824694	1.850876	36	21	35	39.188
-0.785398	1.809167	1.213774	37	123	28	39.152
1.570796	1.134796	2.434290	115	128	35	39.141
1.047198	2.295480	1.008277	23	37	27	39.100
-2.879793	2.299159	2.264663	140	13	43	39.077
-1.570796	1.736875	3.023612	29	22	41	39.057
-1.308997	0.458961	-0.107937	108	16	102	39.049
1.308997	2.404280	-0.174044	96	19	120	39.032
-1.308997	1.256302	0.062705	131	17	100	38.892
0.261799	0.831641	0.616218	37	17	123	38.770
-0.785398	1.699788	2.452890	13	16	43	38.760
1.832596	2.396274	-1.959260	20	117	45	38.754
0.261799	2.579248	-2.364801	113	121	33	38.736
-2.356194	2.104282	-0.813972	31	116	142	38.599
0.523599	0.674054	1.013609	37	23	127	38.579
-0.523599	2.108018	1.311430	37	126	31	38.483
0.785398	1.683268	0.374177	25	28	125	38.417
0.785398	1.909857	-0.381669	96	27	113	38.396
1.047198	1.766067	2.153843	3	25	41	38.383
-1.308997	1.875281	0.107086	30	118	139	38.381
0.000000	1.506530	1.988858	33	28	34	38.359
1.047198	2.407836	1.410646	27	35	33	38.329
-0.523599	2.407836	1.410646	35	123	35	38.312
1.047198	2.455966	-0.641220	98	19	124	38.311
-0.523599	2.343981	-1.040456	24	31	134	38.252
-0.523599	2.478122	2.609777	129	115	43	38.083
0.785398	2.587733	0.232235	9	41	18	38.057
2.356194	1.433411	-1.035986	120	10	102	38.057
1.047198	2.404280	-0.174044	96	25	120	38.050
-3.141593	2.455966	-0.641220	137	98	5	37.886
-0.261799	1.488617	1.159546	37	132	24	37.832
-1.047198	0.733948	3.021411	41	130	22	37.808
0.785398	2.760637	2.781135	29	131	44	37.773
-2.094395	0.831641	0.616218	111	10	104	37.719
-1.570796	1.554776	0.100351	135	15	103	37.688
1.047198	0.618092	2.539118	103	35	119	37.637
-1.832596	2.153910	-1.714959	40	32	12	37.634
-0.523599	2.455966	-0.641220	31	37	7	37.560
1.308997	0.496451	0.593859	32	24	124	37.556
-2.356194	2.407836	1.410646	121	109	35	37.548
-1.308997	0.733948	3.021411	41	124	22	37.533
0.785398	2.089241	-0.114193	98	31	113	37.523
0.000000	0.899350	-2.069907	102	32	112	37.501
1.308997	1.741644	-2.695914	119	113	38	37.466
-2.617994	1.569311	-3.003978	30	124	40	37.395
