112	1.2	0
-2.617994	1.599406	1.426070
2.380392	2.500101	-0.120466
rec.job475350.bl.pdb	-1.015	-2.302	4.037
lig.job475350.bl.pdb	15.932	13.567	1.186
0.261799	1.904882	-1.478089	6	4	94	1565.839
2.879793	1.134497	-1.109631	108	23	106	1549.516
2.356194	1.510910	-0.740472	103	23	2	1531.133
1.308997	1.194549	-0.801900	16	28	109	1524.518
1.308997	0.960688	-0.577532	16	29	111	1524.283
2.094395	1.135834	-1.431087	7	5	94	1466.757
2.617994	0.866955	-0.931351	110	25	108	1451.547
0.000000	1.696674	-1.253233	108	22	103	1418.594
1.047198	0.960688	-0.577532	19	27	111	1410.132
1.570796	2.187132	-0.479875	108	23	103	1393.789
-1.047198	1.574060	2.783565	109	26	109	1393.086
-1.308997	0.370812	-2.547742	90	13	2	1388.174
-2.356194	0.674054	1.013609	7	5	94	1383.391
-2.879793	1.448123	-2.163292	2	13	97	1375.531
-3.141593	1.448123	-2.163292	8	8	95	1373.280
1.308997	1.113094	-0.272241	15	29	2	1372.849
-1.832596	2.407836	1.410646	8	7	95	1368.314
0.000000	0.910508	1.903534	7	8	95	1367.938
1.308997	0.458961	-0.107937	7	28	3	1367.250
1.047198	1.982574	-1.115518	2	2	90	1365.006
-0.785398	1.683268	0.374177	2	15	97	1364.355
-2.094395	0.866395	-2.492918	111	20	100	1362.238
-1.832596	2.108018	1.311430	4	10	94	1349.701
2.879793	1.658653	-2.409879	10	7	97	1346.333
-2.094395	0.831641	0.616218	9	6	95	1344.181
-1.047198	1.736875	3.023612	110	26	107	1341.266
-1.308997	1.574060	2.783565	0	27	109	1339.812
0.785398	2.456751	-1.503343	109	12	96	1336.335
2.879793	1.545873	-1.877082	4	11	95	1334.742
-1.832596	0.866395	-2.492918	108	20	100	1334.148
-0.785398	1.766067	2.153843	8	8	94	1333.549
-3.141593	1.025536	1.576859	1	26	104	1331.609
0.261799	1.247695	1.809890	5	7	93	1328.408
-0.785398	2.033014	2.977192	90	13	4	1327.742
0.261799	2.153910	-1.714959	4	6	94	1326.999
1.308997	1.732874	-0.951685	111	27	110	1325.938
-3.141593	1.545873	-1.877082	5	10	95	1323.677
0.000000	2.343981	-1.040456	7	5	94	1322.705
2.617994	1.555207	1.708892	111	23	102	1320.590
1.308997	1.301460	-0.509251	16	29	0	1320.525
-1.832596	0.640596	-2.797608	105	25	2	1310.492
1.308997	0.615174	-0.666022	18	28	111	1310.104
-2.356194	1.699788	2.452890	23	23	7	1308.109
-1.308997	1.736875	3.023612	0	27	106	1303.406
-0.523599	1.756530	-2.105156	6	29	2	1302.030
-3.141593	0.850607	-1.335383	106	23	109	1300.703
-2.356194	0.864993	2.278281	21	24	4	1298.958
-2.617994	0.899350	-2.069907	110	18	98	1298.248
2.356194	1.134796	2.434290	111	11	94	1296.061
-2.617994	0.906588	1.252948	1	27	104	1293.758
2.879793	0.850607	-1.335383	111	25	105	1292.883
-2.356194	0.496451	0.593859	3	12	94	1292.376
-0.261799	1.904882	-1.478089	11	4	96	1290.378
1.570796	1.836682	-0.676006	109	26	2	1288.953
0.000000	2.664082	-1.071402	4	8	94	1288.211
-2.879793	0.700570	1.559208	0	28	107	1288.188
-1.832596	1.391910	3.030322	108	25	2	1287.922
0.000000	1.846342	-1.796954	1	27	0	1286.500
-2.617994	0.619654	-2.216909	110	22	100	1284.828
-2.879793	0.290380	-0.796960	87	9	0	1283.415
1.308997	1.325504	-1.671296	3	6	94	1278.860
-0.523599	2.033014	2.977192	86	6	2	1277.693
1.047198	1.301460	-0.509251	19	27	1	1271.268
-2.617994	1.448123	-2.163292	4	13	96	1268.829
1.308997	0.866955	-0.931351	19	27	108	1268.171
1.047198	1.846342	-1.796954	0	10	95	1266.716
1.308997	0.290380	-0.796960	16	109	94	1265.409
1.570796	0.960688	-0.577532	13	29	0	1265.029
2.617994	1.741644	-2.695914	7	31	3	1262.420
1.570796	1.194549	-0.801900	15	29	109	1260.569
-0.785398	1.574060	2.783565	89	13	9	1257.110
-0.785398	1.736875	3.023612	108	25	107	1256.859
0.523599	1.617114	-1.572037	3	3	91	1255.931
2.094395	2.247462	0.191623	13	29	5	1254.233
1.047198	1.113094	-0.272241	18	28	2	1252.066
2.094395	1.440580	2.260026	1	13	95	1250.827
0.000000	1.247695	1.809890	5	10	94	1250.364
1.308997	1.904882	-1.478089	108	13	96	1249.781
0.261799	0.674054	1.013609	8	27	8	1249.738
-0.261799	2.664082	-1.071402	7	7	95	1249.287
-2.356194	0.831641	0.616218	11	3	96	1249.140
1.570796	1.134497	-1.109631	16	28	107	1249.127
1.308997	2.404280	-0.174044	16	28	6	1247.951
2.356194	1.433411	-1.035986	104	24	2	1247.000
2.879793	1.135834	-1.431087	111	23	103	1246.512
2.356194	2.247462	0.191623	10	29	4	1245.765
2.879793	1.325504	-1.671296	2	12	95	1245.400
0.785398	2.349581	-2.702517	18	110	101	1244.065
0.785398	0.700570	1.559208	9	5	96	1243.720
-3.141593	1.325504	-1.671296	0	21	100	1240.688
1.047198	1.872854	1.543456	5	28	5	1239.312
-2.617994	1.699788	2.452890	25	20	8	1238.661
-0.785398	1.050534	3.042579	89	12	13	1237.529
0.261799	1.025536	1.576859	2	9	93	1237.321
-0.261799	2.063651	-2.044600	6	1	92	1235.089
-1.047198	1.391910	3.030322	108	25	106	1234.547
1.832596	1.836682	-0.676006	107	25	2	1233.820
-1.047198	1.242974	-2.977882	1	22	100	1231.359
2.617994	1.135834	-1.431087	107	18	99	1229.770
-2.617994	1.658653	-2.409879	4	10	95	1229.032
1.047198	0.762244	-0.273349	18	28	2	1227.359
-3.141593	1.658653	-2.409879	11	6	97	1227.075
-1.047198	1.870545	-2.976234	110	25	104	1225.891
0.261799	2.180315	-1.357379	4	8	94	1225.073
1.308997	2.033014	2.977192	25	22	1	1225.051
-2.879793	0.899350	-2.069907	0	20	98	1224.953
-2.879793	1.658653	-2.409879	5	12	96	1224.002
-0.785398	1.869911	2.701025	7	29	100	1223.609
-3.141593	0.992645	-1.723759	109	14	96	1222.154
1.570796	0.571433	-1.188419	20	25	109	1219.723
0.523599	0.496451	0.593859	9	27	6	1219.172
0.785398	2.343981	-1.040456	105	22	104	1218.102
-3.141593	1.214854	-1.966664	0	13	95	1217.136
-2.356194	1.658653	-2.409879	7	9	95	1215.137
2.879793	1.417623	-0.202254	88	10	3	1214.536
0.261799	1.662363	0.915448	12	9	97	1213.878
-2.879793	2.115563	0.685730	9	6	94	1212.243
2.617994	2.247462	0.191623	8	29	4	1211.904
0.000000	2.063651	-2.044600	4	3	92	1211.754
-2.356194	1.448123	-2.163292	0	12	95	1210.779
-1.047198	0.290380	-0.796960	110	16	97	1209.914
-2.879793	2.041297	-2.664597	16	4	100	1209.604
0.523599	0.733948	3.021411	5	5	91	1209.165
0.785398	0.496451	0.593859	7	27	5	1207.406
1.570796	1.113094	-0.272241	12	30	2	1207.294
-1.047198	0.960688	-0.577532	110	24	108	1206.203
-2.879793	1.374601	-2.456031	4	15	96	1205.895
0.000000	2.153910	-1.714959	7	3	94	1204.451
-1.308997	1.194549	-0.801900	7	28	108	1204.270
2.356194	1.555207	1.708892	2	24	103	1204.180
0.523599	2.579248	-2.364801	95	20	5	1202.434
0.000000	0.864993	2.278281	11	3	96	1199.619
1.047198	1.732874	-0.951685	111	18	98	1197.957
1.308997	2.187132	-0.479875	110	25	103	1197.867
1.570796	2.164094	-2.991358	24	23	2	1197.184
0.000000	1.904882	-1.478089	7	9	95	1196.615
1.832596	1.696674	-1.253233	0	12	95	1196.186
-3.141593	1.310100	1.488307	2	24	101	1195.582
2.617994	0.992645	-1.723759	8	3	92	1195.297
-1.047198	0.297065	2.160177	109	26	6	1194.766
-0.261799	1.846342	-1.796954	5	10	95	1192.853
1.832596	2.089241	-0.114193	13	29	3	1192.711
1.308997	1.872854	1.543456	4	28	5	1191.516
-2.094395	1.128190	-2.288622	1	17	97	1188.041
-1.047198	1.741644	-2.695914	111	23	101	1187.809
-1.047198	1.569311	-3.003978	110	25	104	1187.125
2.617994	1.134497	-1.109631	98	22	5	1186.922
-2.617994	1.128190	-2.288622	2	15	96	1186.883
-3.141593	1.809167	1.213774	4	20	97	1183.965
-2.617994	1.374601	-2.456031	5	14	96	1182.607
1.308997	0.762244	-0.273349	15	30	2	1182.559
2.094395	2.587733	0.232235	13	30	3	1180.536
1.308997	1.836682	-0.676006	0	27	1	1179.844
-1.308997	0.733948	3.021411	97	22	7	1178.777
2.879793	1.247695	1.809890	1	26	104	1178.617
0.785398	0.864993	2.278281	111	8	92	1178.303
-3.141593	1.904882	-1.478089	1	16	97	1177.988
1.832596	0.850607	-1.335383	9	5	95	1177.336
0.000000	2.174483	2.653697	10	6	95	1176.980
-1.308997	1.869911	2.701025	111	27	109	1176.773
0.523599	1.982574	-1.115518	10	0	95	1176.186
-0.785398	1.699788	2.452890	4	29	101	1175.809
-0.261799	1.325504	-1.671296	16	9	97	1175.609
2.617994	1.545873	-1.877082	1	21	99	1175.230
-2.617994	2.138223	1.678323	0	11	94	1174.778
-0.785398	2.138223	1.678323	2	11	94	1174.454
1.047198	0.290380	-0.796960	22	24	0	1173.980
-0.261799	1.696674	-1.253233	12	2	97	1173.840
-2.356194	1.128190	-2.288622	0	18	98	1173.553
2.617994	1.510910	-0.740472	107	23	105	1173.453
-2.356194	1.014500	0.906702	8	4	94	1173.170
2.094395	2.984978	1.954446	6	9	93	1172.027
2.617994	1.128190	-2.288622	6	5	94	1170.816
2.879793	2.033014	2.977192	107	23	102	1170.281
0.261799	1.310100	1.488307	1	10	93	1169.439
-1.308997	1.135813	-2.658866	2	20	98	1168.311
1.047198	2.104282	-0.813972	108	21	101	1167.656
2.617994	1.599406	1.426070	1	22	100	1167.145
-0.785398	2.579248	-2.364801	5	5	93	1166.212
1.570796	0.866955	-0.931351	17	28	108	1165.113
1.047198	1.194549	-0.801900	19	27	109	1164.719
2.094395	1.904882	-1.478089	0	22	100	1164.094
2.094395	2.089241	-0.114193	10	29	3	1163.087
2.617994	2.478122	2.609777	5	12	95	1162.579
-0.523599	2.456751	-1.503343	4	7	92	1162.354
-3.141593	1.135834	-1.431087	109	22	103	1160.898
-1.047198	2.579248	-2.364801	107	12	95	1160.778
-0.261799	1.218453	2.777284	87	9	2	1160.602
-1.308997	1.569311	-3.003978	0	26	104	1160.277
2.356194	1.904882	-1.478089	110	19	99	1160.121
-1.308997	1.870545	-2.976234	1	26	103	1159.555
-0.785398	2.396274	-1.959260	108	10	93	1159.404
-2.356194	1.045978	0.343692	14	0	98	1157.620
1.308997	2.455966	-0.641220	105	23	105	1157.070
2.094395	1.510910	-0.740472	103	24	111	1156.797
2.356194	2.587733	0.232235	10	30	2	1156.610
-0.785398	1.554776	0.100351	1	19	99	1156.324
-1.308997	0.419640	2.974122	108	24	105	1156.273
2.356194	1.168678	2.108595	2	9	93	1156.092
0.000000	2.637879	2.121598	1	12	93	1155.841
1.570796	2.104282	-0.813972	107	18	100	1155.805
0.785398	1.617114	-1.572037	2	5	91	1154.966
-0.261799	1.617114	-1.572037	8	8	96	1154.671
-2.879793	2.138223	1.678323	0	13	94	1154.593
1.308997	1.909857	-0.381669	16	28	4	1154.564
2.879793	1.433411	-1.035986	107	22	104	1152.555
-0.785398	1.488617	1.159546	108	20	100	1152.207
1.047198	0.615174	-0.666022	20	26	111	1151.940
-3.141593	0.615174	-0.666022	7	9	94	1151.396
-0.261799	2.343981	-1.040456	8	3	93	1150.978
-1.047198	1.948085	-2.363031	14	19	97	1150.522
0.523599	2.033014	2.977192	14	2	96	1150.509
1.832596	1.413347	-1.339188	3	9	94	1150.396
2.879793	0.571433	-1.188419	111	26	108	1150.391
-1.570796	0.080730	-2.622036	90	14	1	1150.197
0.000000	2.180315	-1.357379	108	24	106	1150.023
-2.879793	1.256302	0.062705	4	8	94	1150.011
-2.094395	0.496451	0.593859	3	10	94	1149.859
-0.523599	2.588535	-2.976617	88	12	3	1149.523
-2.094395	0.370812	-2.547742	108	22	103	1149.391
0.785398	1.982574	-1.115518	107	19	100	1148.895
-1.047198	1.214854	-1.966664	8	8	95	1148.402
2.879793	0.591903	2.010408	110	13	95	1148.114
0.785398	0.203748	0.590255	6	28	3	1147.898
-1.308997	1.242974	-2.977882	5	20	96	1147.418
2.094395	2.881233	-2.582574	111	28	108	1146.203
0.261799	2.455966	-0.641220	10	3	95	1145.120
1.570796	1.732874	-0.951685	111	16	97	1144.771
1.570796	2.089241	-0.114193	13	29	7	1143.891
-0.785398	1.948085	-2.363031	13	19	97	1143.773
-2.356194	1.374601	-2.456031	5	12	96	1143.543
1.570796	1.617114	-1.572037	3	9	94	1142.047
0.000000	1.812176	0.656819	7	10	95	1141.978
-1.308997	1.218453	2.777284	102	22	111	1141.922
-3.141593	0.297065	2.160177	90	11	16	1141.806
2.879793	1.448123	-2.163292	8	10	96	1139.970
2.094395	1.014500	0.906702	5	9	94	1138.955
0.000000	1.325504	-1.671296	16	11	97	1138.602
-0.261799	2.984978	1.954446	3	10	92	1138.347
1.832596	2.404280	-0.174044	13	30	1	1137.806
1.570796	2.724429	-0.348782	13	30	111	1137.283
2.617994	2.164094	-2.991358	11	30	2	1136.312
-2.356194	0.619654	-2.216909	108	20	101	1136.219
-1.832596	2.587733	0.232235	5	5	92	1135.561
-0.261799	0.992645	-1.723759	104	22	106	1135.180
1.832596	1.510910	-0.740472	104	24	111	1134.875
-0.785398	2.984978	1.954446	6	8	93	1134.783
2.879793	2.063651	-2.044600	16	5	98	1133.944
2.094395	1.194549	-0.801900	96	19	111	1133.070
-3.141593	2.115563	0.685730	9	4	94	1132.802
-3.141593	0.700570	1.559208	2	12	95	1132.199
0.000000	1.168678	2.108595	8	6	94	1132.161
-0.785398	1.870545	-2.976234	109	25	105	1131.836
-0.523599	2.251330	-2.330739	109	16	98	1130.680
-2.094395	1.045978	0.343692	13	4	98	1130.534
-1.308997	1.766067	2.153843	8	32	105	1129.674
-2.617994	2.455966	-0.641220	2	28	7	1129.609
-1.570796	1.367556	0.358405	8	5	94	1129.426
-3.141593	1.617114	-1.572037	2	19	99	1128.410
-3.141593	2.588535	-2.976617	93	17	110	1127.734
1.047198	1.195355	1.200319	110	26	111	1127.125
-0.785398	2.299159	2.264663	11	4	95	1126.454
0.261799	1.335669	0.897240	12	1	95	1126.023
2.879793	1.214854	-1.966664	8	3	93	1125.678
1.832596	1.135834	-1.431087	6	1	90	1125.663
1.570796	2.404280	-0.174044	13	29	6	1125.391
0.523599	1.696674	-1.253233	9	111	93	1125.236
1.832596	2.455966	-0.641220	102	18	104	1124.625
1.308997	2.138223	1.678323	111	7	91	1123.866
-1.047198	1.417623	-0.202254	0	23	102	1122.941
-1.570796	0.960688	-0.577532	7	29	107	1121.969
0.523599	2.760637	2.781135	7	8	94	1121.928
-1.047198	1.998705	2.370472	8	31	103	1121.449
0.261799	2.478122	2.609777	10	3	93	1120.795
1.047198	2.664082	-1.071402	102	21	107	1120.734
-1.832596	0.496451	0.593859	110	16	97	1120.647
-0.261799	2.881233	-2.582574	10	28	4	1120.605
1.570796	0.615174	-0.666022	16	29	111	1120.321
0.000000	1.545873	-1.877082	14	13	96	1120.024
0.785398	2.153910	-1.714959	109	17	97	1119.291
0.523599	1.904882	-1.478089	3	7	93	1118.935
-3.141593	1.599406	1.426070	2	22	99	1118.426
-2.617994	1.948085	-2.363031	9	4	94	1118.300
-1.047198	1.256302	0.062705	110	18	101	1117.609
-2.879793	1.025536	1.576859	111	26	104	1117.406
2.094395	2.404280	-0.174044	10	30	1	1117.063
-2.356194	2.138223	1.678323	109	13	95	1116.724
-1.570796	1.658653	-2.409879	102	1	91	1116.595
-1.570796	0.419640	2.974122	110	25	104	1116.141
-3.141593	1.128190	-2.288622	13	2	96	1114.916
-2.094395	0.640596	-2.797608	107	26	2	1114.797
-1.570796	2.984978	1.954446	86	9	8	1114.357
0.785398	2.108018	1.311430	1	3	91	1113.484
-1.570796	1.504028	0.636812	10	5	96	1113.457
1.832596	1.721184	-0.153948	12	28	4	1113.299
0.785398	0.762244	-0.273349	20	27	1	1113.201
2.617994	1.836682	-0.676006	93	19	7	1111.840
-1.047198	2.187132	-0.479875	104	21	106	1110.844
0.000000	0.700570	1.559208	6	5	92	1110.822
-0.523599	2.349581	-2.702517	109	26	107	1110.352
1.047198	2.407836	1.410646	4	16	95	1109.258
0.261799	2.881233	-2.582574	105	25	111	1108.828
0.785398	0.960688	-0.577532	21	27	111	1108.364
-2.356194	0.418037	1.360082	88	11	14	1108.209
1.047198	2.343981	-1.040456	104	21	104	1107.555
0.261799	1.617114	-1.572037	5	2	91	1107.434
2.094395	1.433411	-1.035986	111	12	95	1107.282
-2.879793	1.545873	-1.877082	2	17	98	1107.214
-2.356194	1.948085	-2.363031	7	6	95	1106.706
1.570796	0.961715	0.014085	9	30	5	1106.667
1.832596	0.762244	-0.273349	9	29	2	1106.542
-1.047198	1.218453	2.777284	96	23	10	1106.277
-3.141593	1.869911	2.701025	105	22	102	1106.215
2.879793	2.719179	-1.780644	111	28	110	1105.953
2.356194	1.696674	-1.253233	5	12	95	1105.594
1.308997	2.104282	-0.813972	108	20	101	1105.250
-2.094395	2.108018	1.311430	4	9	93	1104.979
2.617994	1.184361	0.625864	5	11	95	1104.699
-3.141593	0.685216	-1.712745	106	106	88	1104.489
0.000000	1.617114	-1.572037	7	0	92	1104.167
-0.261799	1.488617	1.159546	16	111	100	1103.976
0.261799	0.733948	3.021411	6	4	91	1103.589
0.000000	1.335669	0.897240	14	0	97	1103.348
-2.617994	2.295480	1.008277	7	8	94	1103.134
0.785398	1.732874	-0.951685	111	19	98	1102.922
-2.879793	1.128190	-2.288622	3	18	97	1102.355
-2.879793	1.869911	2.701025	109	20	99	1102.254
2.094395	2.356369	3.005869	14	30	0	1102.153
-0.785398	2.164094	-2.991358	92	18	5	1102.133
-2.879793	1.872854	1.543456	0	14	95	1102.105
-0.261799	2.153910	-1.714959	104	11	94	1101.878
-1.570796	2.478122	2.609777	18	29	104	1101.722
-0.523599	2.356369	3.005869	98	21	3	1100.914
1.570796	2.073035	2.027405	0	10	93	1100.459
2.094395	2.138223	1.678323	12	4	95	1100.147
-0.523599	2.396274	-1.959260	105	14	96	1099.999
-2.617994	2.579248	-2.364801	20	9	101	1099.887
1.570796	2.343981	-1.040456	103	17	101	1099.695
1.832596	2.587733	0.232235	17	27	6	1099.217
-0.523599	2.001437	0.381215	110	13	96	1099.115
1.047198	1.909857	-0.381669	18	27	4	1098.330
0.523599	0.700570	1.559208	111	7	91	1097.874
-0.261799	2.588535	-2.976617	111	23	101	1097.516
2.879793	1.194549	-0.801900	93	20	8	1097.227
-2.356194	1.195355	1.200319	111	25	101	1096.398
1.047198	2.153910	-1.714959	110	12	95	1096.346
1.832596	1.301460	-0.509251	2	28	6	1096.109
-3.141593	2.724429	-0.348782	86	7	10	1095.424
0.523599	1.732874	-0.951685	111	20	98	1094.629
1.308997	1.662363	0.915448	111	26	105	1094.594
2.356194	0.571433	-1.188419	6	28	108	1094.531
-1.570796	0.929350	-2.910676	104	24	110	1093.844
2.617994	2.033014	2.977192	7	30	2	1093.012
1.047198	2.979456	-1.009304	101	22	111	1093.008
0.261799	1.184361	0.625864	109	15	96	1092.421
-3.141593	1.374601	-2.456031	11	2	95	1092.121
1.047198	2.174483	2.653697	6	6	92	1091.681
0.000000	2.396274	-1.959260	5	5	93	1091.462
-2.094395	2.407836	1.410646	7	6	94	1091.415
1.047198	0.700570	1.559208	8	7	95	1091.208
1.832596	2.724429	-0.348782	10	30	111	1090.819
0.785398	0.418037	1.360082	111	5	90	1090.750
-3.141593	0.591903	2.010408	90	14	14	1090.745
2.617994	0.910508	1.903534	4	10	93	1090.229
-1.308997	1.113094	-0.272241	111	25	105	1090.227
1.570796	0.850607	-1.335383	10	0	92	1090.130
-1.832596	1.135813	-2.658866	99	23	6	1089.773
1.570796	1.909857	-0.381669	13	29	3	1089.747
-1.047198	1.721184	-0.153948	2	23	100	1089.281
-0.785398	0.914445	2.687814	110	26	107	1089.117
-1.047198	2.588535	-2.976617	3	27	8	1088.648
1.047198	2.138223	1.678323	9	9	95	1088.543
-2.879793	1.391910	3.030322	7	2	92	1088.334
-1.308997	1.433411	-1.035986	5	7	94	1088.075
-0.785398	1.448123	-2.163292	10	12	96	1088.001
-1.047198	2.164094	-2.991358	105	25	0	1087.914
-1.308997	1.050534	3.042579	2	23	98	1087.805
1.832596	1.045978	0.343692	2	17	95	1087.662
1.308997	2.760637	2.781135	110	27	104	1087.367
2.879793	0.992645	-1.723759	1	24	100	1087.357
-1.570796	2.579248	-2.364801	6	6	93	1087.241
-1.832596	0.831641	0.616218	4	4	91	1086.494
-2.617994	1.014500	0.906702	12	1	94	1086.114
1.308997	1.977582	0.969896	1	27	107	1086.031
-1.570796	1.736875	3.023612	12	25	98	1085.284
-1.308997	1.998705	2.370472	11	31	103	1085.221
1.570796	1.766067	2.153843	5	7	92	1084.660
1.308997	2.356369	3.005869	24	23	111	1084.533
2.356194	1.599406	1.426070	3	22	101	1084.152
-3.141593	2.089241	-0.114193	85	5	1	1084.108
2.356194	0.992645	-1.723759	11	4	97	1084.098
0.523599	0.418037	1.360082	1	4	89	1084.077
-0.523599	0.618092	2.539118	93	21	11	1083.676
1.570796	1.696674	-1.253233	0	12	95	1083.123
2.094395	2.187132	-0.479875	107	24	105	1082.602
0.523599	0.203748	0.590255	8	28	3	1082.410
1.832596	2.180315	-1.357379	0	26	103	1082.246
1.308997	0.961715	0.014085	13	29	5	1082.200
-3.141593	2.587733	0.232235	87	9	3	1082.153
1.570796	0.733948	3.021411	19	29	4	1082.016
-1.308997	1.374601	-2.456031	98	1	91	1080.996
-2.356194	1.766067	2.153843	22	23	10	1079.908
-1.570796	0.640596	-2.797608	1	22	98	1079.686
0.785398	0.674054	1.013609	110	4	88	1079.626
0.000000	1.982574	-1.115518	14	0	97	1079.410
2.617994	0.615174	-0.666022	90	13	0	1079.325
-2.879793	2.379497	0.561089	11	3	95	1079.194
1.308997	1.696674	-1.253233	2	2	89	1078.983
-3.141593	1.696674	-1.253233	3	13	93	1078.875
2.617994	2.343981	-1.040456	2	11	94	1078.800
-1.308997	0.297065	2.160177	18	28	3	1078.549
-0.785398	1.824694	1.850876	4	11	94	1078.430
2.879793	0.910508	1.903534	1	28	107	1078.383
1.308997	2.164094	-2.991358	26	20	2	1077.981
1.308997	0.992645	-1.723759	6	5	93	1077.917
0.785398	2.588535	-2.976617	14	3	97	1077.805
-1.308997	2.356369	3.005869	104	24	111	1077.617
-3.141593	2.251330	-2.330739	15	4	98	1077.603
2.617994	1.870545	-2.976234	10	29	5	1077.382
2.879793	1.904882	-1.478089	2	15	96	1077.111
1.047198	0.864993	2.278281	108	8	92	1077.065
-1.308997	0.709924	0.218797	108	17	99	1076.982
-1.308997	0.960688	-0.577532	6	28	106	1076.715
-1.047198	1.014500	0.906702	106	22	102	1076.684
2.356194	0.615174	-0.666022	92	15	111	1076.578
-0.261799	2.456751	-1.503343	1	8	93	1076.063
-1.308997	1.391910	3.030322	100	24	8	1075.781
0.261799	2.760637	2.781135	7	6	93	1075.491
1.308997	1.433411	-1.035986	111	28	106	1075.422
1.570796	0.914445	2.687814	107	83	1	1075.273
0.785398	1.904882	-1.478089	1	111	88	1074.844
-1.047198	1.195355	1.200319	108	19	98	1074.635
1.570796	0.674054	1.013609	10	6	96	1074.106
-3.141593	1.736875	3.023612	104	22	105	1073.875
2.094395	1.135813	-2.658866	16	3	99	1073.793
1.570796	1.606104	-0.451151	11	30	2	1073.296
-3.141593	1.998705	2.370472	107	20	98	1072.488
1.570796	1.510910	-0.740472	106	25	111	1072.125
-1.308997	2.033014	2.977192	1	27	105	1071.766
0.261799	0.700570	1.559208	2	6	91	1071.053
1.570796	1.301460	-0.509251	14	30	111	1070.758
-3.141593	0.619654	-2.216909	15	109	94	1070.660
0.261799	0.458961	-0.107937	23	23	3	1070.427
-1.832596	1.504028	0.636812	11	3	96	1069.951
-2.879793	1.574060	2.783565	108	22	102	1069.902
-2.879793	1.696674	-1.253233	2	19	96	1069.734
2.356194	1.325504	-1.671296	109	14	97	1069.083
2.356194	2.379497	0.561089	14	28	7	1068.879
-0.261799	1.875281	0.107086	20	25	105	1068.842
2.617994	0.379747	-1.713059	12	4	95	1068.394
2.356194	2.187132	-0.479875	109	23	102	1068.211
-1.047198	1.301460	-0.509251	110	24	104	1068.117
0.261799	1.812176	0.656819	6	10	95	1068.090
-0.785398	1.846342	-1.796954	11	5	97	1067.914
0.261799	1.433411	-1.035986	109	19	100	1067.641
-0.261799	1.545873	-1.877082	14	12	96	1067.514
-1.047198	2.356369	3.005869	104	25	1	1067.500
2.356194	2.404280	-0.174044	97	19	110	1067.410
-2.094395	2.247462	0.191623	0	5	90	1066.605
1.570796	1.325504	-1.671296	7	4	94	1066.528
-0.261799	2.637879	2.121598	4	9	93	1066.488
1.570796	1.433411	-1.035986	15	29	106	1066.144
0.261799	2.251330	-2.330739	6	21	98	1065.678
-0.523599	2.984978	1.954446	5	9	93	1065.591
-0.261799	1.836682	-0.676006	111	28	110	1065.500
1.570796	2.033014	2.977192	20	27	3	1065.038
-1.570796	0.290380	-0.796960	102	22	106	1065.000
-0.785398	1.256302	0.062705	7	5	93	1064.948
0.523599	0.674054	1.013609	5	27	8	1064.875
-1.308997	2.478122	2.609777	15	30	104	1063.883
1.047198	2.180315	-1.357379	103	17	100	1063.465
1.570796	1.413347	-1.339188	3	2	89	1062.743
-1.047198	0.733948	3.021411	95	21	7	1062.711
-3.141593	1.391910	3.030322	89	15	4	1062.206
2.617994	2.063651	-2.044600	14	5	97	1062.137
-2.617994	1.824694	1.850876	109	14	96	1061.465
0.000000	2.587733	0.232235	105	24	111	1061.242
-0.785398	1.741644	-2.695914	108	22	101	1061.227
-0.523599	1.574060	2.783565	88	11	11	1061.202
-2.879793	1.417623	-0.202254	9	4	95	1060.814
2.094395	1.617114	-1.572037	10	9	95	1060.811
-2.879793	2.587733	0.232235	84	111	3	1060.724
-1.047198	1.872854	1.543456	0	12	94	1060.468
0.785398	0.640596	-2.797608	4	29	0	1060.024
1.832596	0.615174	-0.666022	6	29	111	1059.896
-0.523599	1.904882	-1.478089	13	1	97	1059.680
-1.570796	1.998705	2.370472	14	31	103	1058.972
-0.523599	1.736875	3.023612	87	10	2	1058.542
0.000000	2.588535	-2.976617	94	20	6	1058.488
0.785398	1.555207	1.708892	110	29	110	1058.297
2.094395	1.168678	2.108595	7	7	94	1058.074
0.261799	1.809167	1.213774	19	29	108	1058.036
-3.141593	1.301460	-0.509251	85	0	1	1057.440
0.785398	1.836682	-0.676006	22	25	4	1057.225
-2.879793	1.809167	1.213774	111	11	93	1056.646
-0.523599	1.218453	2.777284	88	11	1	1056.135
-1.570796	1.574060	2.783565	7	29	105	1055.786
2.094395	1.413430	2.550734	111	15	96	1055.609
2.356194	1.135834	-1.431087	102	22	108	1055.594
2.356194	0.960688	-0.577532	100	21	109	1054.945
0.523599	0.910508	1.903534	10	7	95	1054.635
-2.356194	2.299159	2.264663	20	27	107	1054.096
-2.094395	2.637879	2.121598	19	29	109	1053.928
-1.308997	2.164094	-2.991358	106	12	95	1053.913
0.261799	0.619654	-2.216909	5	29	4	1053.839
-0.261799	1.948085	-2.363031	108	21	100	1053.742
1.047198	2.456751	-1.503343	110	18	97	1053.729
1.308997	2.174483	2.653697	20	27	110	1053.710
1.832596	0.496451	0.593859	1	20	100	1053.314
-3.141593	2.404280	-0.174044	86	5	0	1053.169
-3.141593	2.579248	-2.364801	12	31	110	1053.150
2.617994	1.433411	-1.035986	109	23	102	1052.965
-2.356194	1.510910	-0.740472	13	31	111	1052.195
-1.047198	1.050534	3.042579	96	22	6	1052.066
-1.047198	1.450119	-2.739050	7	20	96	1051.934
2.356194	1.741644	-2.695914	11	32	3	1051.856
1.308997	1.135834	-1.431087	6	1	90	1051.245
1.570796	2.979456	-1.009304	105	22	105	1051.211
0.523599	2.356369	3.005869	10	5	94	1050.281
-1.570796	0.297065	2.160177	20	27	3	1049.968
-2.879793	2.180315	-1.357379	12	33	0	1049.899
-0.523599	1.699788	2.452890	84	110	6	1049.422
-2.879793	0.297065	2.160177	89	9	17	1049.270
-0.261799	1.194549	-0.801900	16	5	98	1049.115
-1.047198	1.658653	-2.409879	11	18	96	1048.936
0.000000	0.619654	-2.216909	7	29	4	1048.892
1.832596	1.766067	2.153843	2	8	92	1048.749
-1.832596	0.960688	-0.577532	9	30	107	1048.563
2.879793	0.899350	-2.069907	11	2	95	1048.185
-3.141593	1.488617	1.159546	5	23	99	1048.059
-3.141593	0.906588	1.252948	8	7	94	1047.954
-2.879793	1.214854	-1.966664	111	12	95	1047.377
-2.094395	0.619654	-2.216909	102	23	1	1047.359
-2.617994	2.379497	0.561089	6	6	92	1047.231
-2.356194	1.736875	3.023612	5	1	89	1047.107
2.094395	1.824694	1.850876	111	26	106	1046.969
-2.356194	0.906588	1.252948	110	26	103	1046.871
1.308997	1.869911	2.701025	24	24	1	1046.801
-0.785398	1.391910	3.030322	94	21	8	1046.594
2.094395	1.736875	3.023612	13	29	5	1046.526
0.785398	2.356369	3.005869	11	5	94	1046.417
-2.094395	0.080730	-2.622036	4	28	1	1045.891
-2.094395	2.664082	-1.071402	12	30	104	1045.826
1.047198	0.591903	2.010408	0	6	91	1045.601
1.832596	2.664082	-1.071402	101	22	2	1045.562
-1.047198	1.869911	2.701025	9	29	100	1045.434
-1.047198	0.640596	-2.797608	88	11	3	1045.421
-0.523599	2.299159	2.264663	7	4	92	1045.383
-2.617994	1.195355	1.200319	2	26	101	1045.367
2.094395	2.379497	0.561089	15	28	6	1045.367
1.308997	0.914445	2.687814	103	83	0	1044.953
-2.356194	1.218453	2.777284	24	25	2	1044.535
2.094395	0.850607	-1.335383	7	6	94	1044.261
1.832596	1.869911	2.701025	110	23	100	1043.773
-0.261799	2.396274	-1.959260	5	2	91	1043.726
-0.261799	1.812176	0.656819	6	11	96	1043.711
0.785398	2.295480	1.008277	107	22	106	1043.422
2.094395	2.664082	-1.071402	2	26	101	1042.828
2.094395	2.033014	2.977192	14	28	3	1042.666
0.523599	2.343981	-1.040456	108	25	105	1042.641
1.832596	1.617114	-1.572037	107	16	98	1042.619
-0.785398	2.251330	-2.330739	8	27	7	1042.613
2.094395	1.872854	1.543456	111	23	102	1042.574
0.261799	0.910508	1.903534	9	3	94	1042.550
-0.261799	2.719179	-1.780644	0	11	95	1042.103
-2.094395	0.674054	1.013609	109	27	107	1041.781
2.094395	1.413347	-1.339188	103	17	101	1041.777
-3.141593	2.063651	-2.044600	13	10	97	1041.559
1.308997	1.134497	-1.109631	18	28	106	1041.555
-1.570796	1.135813	-2.658866	111	27	107	1041.250
1.308997	0.571433	-1.188419	22	23	109	1040.834
2.879793	1.506530	1.988858	8	7	95	1040.713
1.832596	2.104282	-0.813972	105	25	1	1040.344
0.261799	1.696674	-1.253233	9	2	95	1040.056
-1.047198	1.506530	1.988858	6	12	94	1039.733
-2.094395	1.699788	2.452890	22	25	8	1039.703
2.617994	0.850607	-1.335383	108	20	99	1039.637
2.356194	1.617114	-1.572037	2	21	98	1039.545
1.047198	1.417623	-0.202254	17	28	4	1039.519
-0.261799	1.721184	-0.153948	108	27	2	1039.383
-1.308997	1.325504	-1.671296	20	26	3	1039.348
-1.047198	2.984978	1.954446	5	9	93	1038.948
0.785398	2.073035	2.027405	11	110	94	1038.900
-2.617994	1.025536	1.576859	110	26	104	1038.570
2.879793	0.290380	-0.796960	90	14	1	1037.697
-0.523599	0.914445	2.687814	88	11	9	1037.676
0.523599	0.914445	2.687814	6	2	91	1037.396
-0.785398	0.960688	-0.577532	2	26	106	1037.320
2.356194	1.194549	-0.801900	100	20	107	1037.156
-1.308997	1.450119	-2.739050	110	26	105	1037.078
-3.141593	1.218453	2.777284	90	16	3	1036.598
-0.785398	1.756530	-2.105156	8	8	95	1036.574
-2.879793	1.699788	2.452890	26	17	8	1036.424
-2.879793	0.850607	-1.335383	1	111	88	1036.419
-0.523599	1.135834	-1.431087	105	23	104	1036.367
0.785398	1.417623	-0.202254	20	27	4	1036.060
-1.570796	1.766067	2.153843	10	31	111	1036.053
2.356194	1.440580	2.260026	111	14	95	1036.049
0.261799	1.134796	2.434290	5	5	92	1035.886
1.832596	1.809167	1.213774	17	2	97	1035.623
1.047198	0.866955	-0.931351	21	26	108	1035.481
0.261799	2.115563	0.685730	14	1	93	1035.281
-0.261799	0.910508	1.903534	8	6	94	1035.224
1.047198	1.809167	1.213774	3	107	88	1035.221
-1.308997	1.504028	0.636812	4	8	93	1035.215
-1.047198	2.174483	2.653697	11	30	102	1035.070
-1.570796	1.242974	-2.977882	1	28	108	1034.812
1.570796	1.135834	-1.431087	6	6	95	1034.805
0.261799	1.948085	-2.363031	5	14	95	1034.765
-0.261799	1.433411	-1.035986	13	7	96	1034.651
2.356194	1.909857	-0.381669	109	24	103	1034.484
-2.879793	1.977582	0.969896	5	7	92	1034.454
2.356194	2.588535	-2.976617	16	29	110	1034.215
-1.308997	0.914445	2.687814	1	27	107	1034.203
1.832596	1.025536	1.576859	105	17	99	1033.949
-2.879793	1.756530	-2.105156	9	7	95	1033.245
-0.785398	2.356369	3.005869	90	14	3	1033.133
-1.308997	2.379497	0.561089	0	2	90	1032.875
-2.879793	2.719179	-1.780644	15	30	107	1032.482
0.785398	2.104282	-0.813972	110	23	101	1032.203
-0.785398	2.881233	-2.582574	4	27	11	1031.945
-1.832596	1.374601	-2.456031	4	17	97	1031.766
1.308997	0.910508	1.903534	106	26	3	1031.352
2.356194	1.836682	-0.676006	99	21	1	1031.289
-1.308997	1.510910	-0.740472	7	28	108	1031.121
0.785398	1.025536	1.576859	7	7	93	1030.986
2.094395	2.153910	-1.714959	10	6	95	1030.977
2.617994	1.846342	-1.796954	9	7	95	1030.756
2.879793	2.724429	-0.348782	87	9	8	1030.706
-3.141593	1.195355	1.200319	5	26	101	1030.031
1.570796	1.574060	2.783565	21	26	4	1030.008
-2.094395	1.413430	2.550734	20	26	5	1029.954
-1.047198	1.488617	1.159546	109	21	99	1029.635
-1.570796	2.041297	-2.664597	1	108	87	1029.607
-1.570796	2.153910	-1.714959	86	5	15	1029.603
0.523599	2.478122	2.609777	8	4	92	1029.395
-1.308997	2.760637	2.781135	105	25	109	1029.391
2.617994	2.404280	-0.174044	96	18	111	1029.375
-1.308997	2.455966	-0.641220	106	23	106	1029.203
-2.617994	2.881233	-2.582574	3	14	94	1028.760
1.308997	2.251330	-2.330739	19	109	100	1028.649
-0.785398	1.417623	-0.202254	83	109	3	1028.586
-0.523599	1.683268	0.374177	4	18	98	1028.535
1.832596	1.014500	0.906702	109	16	96	1028.141
-0.261799	1.736875	3.023612	86	8	2	1027.896
-0.261799	1.756530	-2.105156	3	28	2	1027.836
-1.832596	0.379747	-1.713059	2	11	94	1027.781
0.523599	0.591903	2.010408	10	30	106	1027.739
-2.094395	2.587733	0.232235	6	3	92	1027.677
0.000000	0.418037	1.360082	7	27	6	1027.031
-2.356194	1.413430	2.550734	23	24	5	1026.705
2.094395	1.214854	-1.966664	3	11	95	1026.554
-1.832596	1.184361	0.625864	9	4	94	1026.304
-2.617994	0.418037	1.360082	89	14	14	1026.265
2.617994	2.724429	-0.348782	85	7	6	1026.227
-1.047198	1.113094	-0.272241	4	25	104	1026.199
1.047198	2.455966	-0.641220	107	26	105	1026.086
1.308997	1.617114	-1.572037	2	0	88	1025.849
-1.570796	1.128190	-2.288622	111	24	101	1025.527
1.047198	0.709924	0.218797	20	26	4	1025.387
1.308997	2.724429	-0.348782	16	111	95	1025.284
-1.047198	0.914445	2.687814	0	26	107	1025.094
0.000000	1.875281	0.107086	18	27	105	1025.040
1.832596	2.073035	2.027405	109	7	89	1024.732
-0.523599	1.194549	-0.801900	109	15	96	1024.686
0.000000	2.456751	-1.503343	6	8	94	1024.622
-1.570796	0.866395	-2.492918	94	22	7	1024.465
0.785398	1.824694	1.850876	16	111	98	1024.437
1.047198	1.869911	2.701025	25	21	1	1024.406
-3.141593	1.555207	1.708892	0	23	100	1024.363
-1.570796	1.450119	-2.739050	1	27	105	1024.160
1.832596	1.134796	2.434290	107	82	3	1024.066
-2.879793	1.195355	1.200319	3	25	101	1023.945
1.308997	1.510910	-0.740472	15	29	110	1023.778
-1.832596	1.014500	0.906702	4	9	94	1023.760
1.570796	2.664082	-1.071402	100	16	103	1023.633
2.879793	2.164094	-2.991358	8	31	2	1023.600
-2.356194	2.881233	-2.582574	3	10	92	1023.513
1.047198	0.203748	0.590255	8	2	93	1023.497
0.000000	1.194549	-0.801900	18	3	99	1022.911
0.261799	1.756530	-2.105156	12	14	96	1022.744
-1.047198	1.909857	-0.381669	104	21	106	1022.672
0.261799	0.591903	2.010408	13	29	106	1022.638
2.879793	1.310100	1.488307	4	27	102	1022.414
1.570796	2.455966	-0.641220	103	21	105	1022.094
0.000000	1.948085	-2.363031	9	15	96	1021.660
-0.261799	2.115563	0.685730	1	12	96	1021.635
1.832596	2.187132	-0.479875	108	25	104	1021.289
-0.261799	0.496451	0.593859	18	107	100	1020.971
-1.308997	1.617114	-1.572037	20	26	5	1020.939
-1.047198	2.251330	-2.330739	11	28	7	1020.930
-1.308997	0.571433	-1.188419	9	30	3	1020.719
0.000000	1.433411	-1.035986	110	20	100	1020.688
-2.879793	1.870545	-2.976234	12	1	96	1020.492
2.617994	2.104282	-0.813972	92	18	9	1020.477
-1.047198	2.033014	2.977192	91	15	3	1020.443
0.000000	2.881233	-2.582574	108	26	111	1020.180
2.879793	2.174483	2.653697	108	20	98	1020.125
0.523599	2.063651	-2.044600	7	12	96	1019.474
2.879793	1.025536	1.576859	3	28	104	1019.367
-1.832596	0.619654	-2.216909	97	22	4	1018.852
2.356194	1.450119	-2.739050	9	31	5	1018.796
2.356194	0.899350	-2.069907	2	6	93	1018.562
-2.617994	1.391910	3.030322	7	3	92	1018.478
-2.617994	2.863997	0.549740	86	5	10	1018.318
-1.832596	1.128190	-2.288622	5	17	96	1018.242
2.094395	1.301460	-0.509251	103	26	3	1018.242
0.000000	2.115563	0.685730	16	111	95	1018.015
2.094395	0.992645	-1.723759	8	110	89	1017.876
-1.047198	1.448123	-2.163292	11	14	96	1017.402
-2.356194	1.683268	0.374177	1	111	89	1017.337
-1.308997	1.545873	-1.877082	2	14	95	1016.819
-1.570796	1.699788	2.452890	1	28	0	1016.555
0.523599	0.458961	-0.107937	19	26	2	1016.308
-0.785398	2.588535	-2.976617	110	27	109	1016.234
0.523599	1.662363	0.915448	13	4	96	1016.231
1.570796	0.290380	-0.796960	18	28	0	1016.129
2.094395	1.982574	-1.115518	108	24	107	1016.070
2.356194	2.592629	0.909713	18	27	6	1015.652
1.832596	1.194549	-0.801900	11	28	109	1015.543
-0.523599	1.488617	1.159546	111	20	97	1015.482
0.000000	1.218453	2.777284	85	6	2	1015.344
-0.261799	0.762244	-0.273349	9	10	95	1015.245
2.094395	2.108018	1.311430	12	5	94	1015.053
2.356194	0.910508	1.903534	10	3	93	1015.029
0.523599	2.592629	0.909713	1	18	96	1014.912
-1.832596	0.615174	-0.666022	10	31	0	1014.886
-2.356194	2.592629	0.909713	14	5	97	1014.759
-3.141593	0.571433	-1.188419	89	13	6	1014.713
0.261799	2.592629	0.909713	20	111	99	1014.525
1.308997	1.417623	-0.202254	15	29	4	1014.299
-2.094395	1.982574	-1.115518	6	31	1	1014.014
2.879793	1.128190	-2.288622	6	7	94	1013.795
-3.141593	2.863997	0.549740	92	17	4	1013.539
0.523599	2.174483	2.653697	9	2	91	1013.386
2.879793	1.555207	1.708892	109	23	102	1013.352
0.261799	0.418037	1.360082	4	27	6	1012.969
-1.047198	0.866955	-0.931351	108	21	99	1012.955
-0.785398	2.704512	1.488683	1	8	91	1012.681
2.094395	1.256302	0.062705	10	9	94	1012.466
1.047198	0.992645	-1.723759	8	4	93	1012.217
1.308997	0.297065	2.160177	6	0	90	1012.183
-0.785398	1.335669	0.897240	108	21	99	1012.113
2.617994	1.214854	-1.966664	12	1	95	1011.753
-1.308997	2.407836	1.410646	3	6	90	1011.719
2.617994	1.413347	-1.339188	0	22	99	1011.395
0.000000	1.025536	1.576859	4	8	93	1011.346
0.000000	0.618092	2.539118	87	11	6	1011.199
2.617994	0.619654	-2.216909	7	3	92	1011.168
2.879793	1.977582	0.969896	8	17	96	1011.136
0.523599	2.349581	-2.702517	18	110	101	1010.994
-1.308997	1.699788	2.452890	9	30	101	1010.798
2.094395	1.846342	-1.796954	2	21	98	1010.748
1.047198	2.719179	-1.780644	7	30	105	1010.562
-1.308997	2.251330	-2.330739	107	10	92	1010.504
-1.308997	2.187132	-0.479875	106	24	107	1010.430
-2.617994	1.450119	-2.739050	111	8	93	1010.345
0.261799	1.982574	-1.115518	108	24	103	1010.086
2.356194	2.108018	1.311430	12	2	95	1010.077
-2.617994	0.864993	2.278281	23	21	5	1009.814
1.832596	1.417623	-0.202254	11	28	8	1009.805
1.047198	2.295480	1.008277	5	30	111	1009.492
-1.570796	1.836682	-0.676006	109	27	0	1009.375
-1.308997	1.195355	1.200319	109	22	99	1009.180
2.094395	0.762244	-0.273349	102	25	2	1009.000
-2.879793	1.050534	3.042579	86	10	6	1008.920
1.308997	2.979456	-1.009304	100	20	109	1008.812
0.785398	0.290380	-0.796960	24	22	0	1008.626
-2.356194	2.247462	0.191623	86	96	8	1008.572
-1.047198	1.699788	2.452890	14	7	95	1008.306
0.785398	1.948085	-2.363031	1	19	96	1007.963
-0.523599	0.419640	2.974122	88	11	3	1007.833
-1.047198	2.299159	2.264663	93	21	17	1007.582
-3.141593	0.080730	-2.622036	21	27	0	1007.442
-0.261799	2.478122	2.609777	10	4	94	1007.428
1.832596	1.433411	-1.035986	111	12	95	1007.421
-2.094395	0.864993	2.278281	87	10	6	1007.360
-1.832596	1.367556	0.358405	15	0	97	1006.968
-2.356194	0.685216	-1.712745	94	20	6	1006.918
1.308997	0.733948	3.021411	22	27	4	1006.808
0.785398	2.174483	2.653697	7	5	92	1006.662
-1.570796	2.174483	2.653697	16	29	102	1006.654
1.570796	0.762244	-0.273349	13	29	2	1006.628
-1.570796	1.391910	3.030322	106	24	111	1006.445
1.047198	1.662363	0.915448	3	27	104	1006.395
2.356194	2.164094	-2.991358	14	29	2	1006.305
2.617994	2.153910	-1.714959	14	8	96	1006.116
-1.047198	1.617114	-1.572037	17	0	100	1005.997
0.785398	2.138223	1.678323	8	9	94	1005.970
2.356194	2.881233	-2.582574	108	27	109	1005.641
2.879793	1.617114	-1.572037	3	20	99	1005.617
2.879793	1.301460	-0.509251	88	11	1	1005.390
-1.308997	1.301460	-0.509251	111	3	88	1005.367
0.785398	2.180315	-1.357379	1	5	91	1005.240
-0.261799	2.349581	-2.702517	89	16	9	1005.014
-1.047198	1.554776	0.100351	82	0	110	1004.841
-2.356194	0.379747	-1.713059	98	22	1	1004.828
0.523599	2.719179	-1.780644	108	22	101	1004.559
2.356194	0.619654	-2.216909	8	2	92	1004.193
2.879793	2.180315	-1.357379	1	14	96	1004.135
2.617994	1.732874	-0.951685	111	20	98	1004.078
-1.570796	1.617114	-1.572037	23	24	5	1003.958
-2.356194	1.440580	2.260026	23	23	8	1003.938
-2.356194	2.073035	2.027405	13	30	0	1003.615
-1.570796	1.948085	-2.363031	0	104	88	1003.606
-0.523599	2.174483	2.653697	85	4	6	1003.577
-1.570796	2.187132	-0.479875	107	24	107	1003.445
-1.570796	1.050534	3.042579	2	28	109	1003.203
-1.570796	2.033014	2.977192	86	10	10	1002.941
-1.832596	2.704512	1.488683	1	15	95	1002.729
2.094395	1.766067	2.153843	110	9	91	1002.645
2.879793	1.113094	-0.272241	90	14	5	1002.511
2.879793	1.413347	-1.339188	4	11	93	1002.507
-1.308997	2.174483	2.653697	14	30	102	1002.478
-3.141593	0.290380	-0.796960	89	12	2	1002.456
-2.879793	1.367556	0.358405	109	10	93	1001.971
1.308997	0.674054	1.013609	10	5	96	1001.934
0.000000	2.863997	0.549740	6	24	98	1001.908
1.308997	1.606104	-0.451151	18	27	5	1001.905
-2.879793	0.906588	1.252948	7	4	92	1001.763
-3.141593	1.948085	-2.363031	11	5	96	1001.475
1.047198	2.108018	1.311430	1	4	91	1001.238
2.094395	0.458961	-0.107937	88	10	2	1001.075
-2.356194	0.866395	-2.492918	111	11	92	1000.891
-0.261799	1.574060	2.783565	86	8	3	1000.616
-1.570796	0.591903	2.010408	12	29	0	1000.604
2.356194	1.506530	1.988858	2	28	106	1000.602
2.356194	2.637879	2.121598	8	10	95	1000.389
-2.879793	0.379747	-1.713059	101	23	2	999.930
2.617994	2.881233	-2.582574	111	83	2	999.875
2.094395	0.960688	-0.577532	110	25	104	999.828
0.523599	2.455966	-0.641220	5	4	91	999.756
-2.617994	2.984978	1.954446	2	29	9	999.680
2.356194	1.846342	-1.796954	12	4	95	999.583
2.094395	1.545873	-1.877082	2	12	95	999.440
2.879793	2.579248	-2.364801	88	13	6	999.347
-2.356194	1.256302	0.062705	85	10	3	999.210
-0.785398	0.418037	1.360082	20	26	6	999.069
-3.141593	1.872854	1.543456	1	19	97	998.885
-1.047198	1.367556	0.358405	12	5	95	998.807
0.785398	1.872854	1.543456	8	29	5	997.889
-1.308997	0.640596	-2.797608	90	14	2	997.793
2.617994	1.756530	-2.105156	17	2	98	997.520
1.308997	2.719179	-1.780644	89	16	9	997.301
0.261799	2.456751	-1.503343	108	11	93	997.289
-1.047198	2.295480	1.008277	102	22	109	997.289
0.261799	0.297065	2.160177	88	12	4	996.997
1.047198	1.450119	-2.739050	4	29	6	996.920
1.832596	2.979456	-1.009304	86	8	7	996.672
1.047198	2.704512	1.488683	1	18	95	996.311
2.879793	1.909857	-0.381669	91	18	11	996.309
-0.785398	2.456751	-1.503343	9	3	93	995.848
1.047198	0.458961	-0.107937	17	29	2	995.733
0.523599	1.875281	0.107086	4	29	104	995.663
2.356194	1.721184	-0.153948	28	9	5	995.469
-2.356194	0.458961	-0.107937	6	4	92	995.413
0.785398	1.113094	-0.272241	20	28	2	995.300
-3.141593	1.134497	-1.109631	106	23	106	995.156
-0.523599	1.050534	3.042579	88	10	110	995.098
2.356194	1.699788	2.452890	108	15	96	995.002
-2.356194	0.080730	-2.622036	6	28	1	994.969
-0.523599	2.063651	-2.044600	5	8	93	994.282
2.094395	2.724429	-0.348782	107	24	106	994.141
-1.570796	2.588535	-2.976617	4	9	94	994.081
0.000000	1.683268	0.374177	6	6	93	993.969
-0.261799	1.741644	-2.695914	5	24	97	993.941
-3.141593	2.001437	0.381215	13	6	96	993.896
-1.047198	1.335669	0.897240	109	23	100	993.875
-0.523599	1.134497	-1.109631	106	21	101	993.766
0.785398	2.115563	0.685730	5	30	108	993.550
0.523599	2.115563	0.685730	106	21	104	993.547
0.000000	0.458961	-0.107937	24	20	3	993.544
1.832596	1.699788	2.452890	14	30	107	993.484
2.617994	1.824694	1.850876	9	9	94	993.193
2.617994	1.450119	-2.739050	7	30	5	993.045
2.356194	2.863997	0.549740	15	30	3	993.038
-1.308997	0.290380	-0.796960	0	17	97	992.941
1.047198	0.929350	-2.910676	3	30	1	992.886
-1.308997	0.864993	2.278281	5	27	4	992.141
-2.356194	0.370812	-2.547742	109	24	103	991.914
2.094395	1.732874	-0.951685	6	29	108	991.762
-2.094395	1.766067	2.153843	20	24	10	991.604
-1.570796	1.869911	2.701025	2	28	109	991.570
-2.879793	1.113094	-0.272241	9	7	95	991.446
2.617994	1.909857	-0.381669	94	19	3	991.406
0.785398	1.812176	0.656819	109	104	88	991.214
-1.308997	2.579248	-2.364801	107	13	95	991.213
0.261799	2.396274	-1.959260	0	15	96	991.138
2.617994	2.592629	0.909713	15	28	6	991.066
-1.570796	1.569311	-3.003978	104	23	110	990.852
-1.047198	1.374601	-2.456031	9	18	96	990.783
-1.570796	1.374601	-2.456031	0	25	103	990.617
0.785398	0.618092	2.539118	6	0	89	990.525
-0.785398	1.812176	0.656819	4	13	96	990.525
-1.308997	0.591903	2.010408	6	28	7	990.402
-2.617994	1.870545	-2.976234	8	0	92	990.380
-0.261799	0.203748	0.590255	22	25	3	990.324
-1.570796	1.909857	-0.381669	7	2	90	990.294
1.570796	2.153910	-1.714959	111	23	101	990.211
0.261799	2.356369	3.005869	17	0	98	990.106
-0.523599	2.041297	-2.664597	108	24	103	990.000
1.832596	1.998705	2.370472	109	19	97	989.822
-2.617994	1.214854	-1.966664	1	20	99	989.602
-2.094395	0.458961	-0.107937	3	15	95	989.568
2.879793	1.872854	1.543456	2	19	96	989.547
1.570796	2.587733	0.232235	18	110	98	989.432
2.879793	2.404280	-0.174044	86	7	2	989.317
1.570796	0.992645	-1.723759	9	3	94	989.010
-2.617994	2.108018	1.311430	3	12	94	988.997
-2.879793	1.998705	2.370472	0	19	97	988.889
1.570796	0.458961	-0.107937	4	28	3	988.805
-1.047198	2.379497	0.561089	111	110	87	988.700
-3.141593	1.242974	-2.977882	87	12	5	988.659
-2.094395	1.242974	-2.977882	111	27	5	988.469
2.617994	2.187132	-0.479875	95	19	5	988.453
0.785398	2.396274	-1.959260	93	19	4	988.230
-0.261799	0.619654	-2.216909	102	23	110	988.148
0.261799	1.325504	-1.671296	103	105	88	987.782
2.617994	1.948085	-2.363031	12	8	96	987.736
-1.308997	2.041297	-2.664597	104	11	94	987.533
-2.094395	1.135813	-2.658866	5	108	88	987.432
-2.617994	2.180315	-1.357379	8	33	0	987.396
-2.879793	1.741644	-2.695914	10	1	95	987.101
-2.617994	2.251330	-2.330739	19	11	99	987.059
-1.308997	1.128190	-2.288622	108	17	97	987.033
-0.261799	2.033014	2.977192	90	18	10	986.578
-0.261799	1.367556	0.358405	105	111	90	986.134
1.832596	1.732874	-0.951685	105	24	111	986.016
2.617994	1.982574	-1.115518	0	18	97	985.975
0.000000	2.984978	1.954446	88	93	5	985.966
-3.141593	1.050534	3.042579	88	14	5	985.928
1.570796	2.356369	3.005869	23	26	111	985.859
-1.047198	1.606104	-0.451151	0	25	103	985.359
2.094395	0.961715	0.014085	5	13	93	985.292
-1.570796	2.164094	-2.991358	107	13	95	985.165
-2.879793	1.134497	-1.109631	110	107	87	985.162
1.047198	1.696674	-1.253233	3	1	89	985.025
2.879793	2.187132	-0.479875	91	18	11	984.730
-1.832596	1.998705	2.370472	86	11	7	984.565
0.523599	0.762244	-0.273349	22	25	2	984.546
1.308997	2.349581	-2.702517	4	4	91	984.546
-0.261799	2.251330	-2.330739	109	24	102	984.543
2.356194	0.458961	-0.107937	89	13	3	984.496
-2.879793	1.413347	-1.339188	1	20	96	984.348
-2.094395	0.960688	-0.577532	12	30	107	984.293
1.832596	1.741644	-2.695914	10	9	97	984.073
-1.570796	1.870545	-2.976234	103	13	97	983.655
-2.356194	0.591903	2.010408	111	25	101	983.496
-2.617994	1.766067	2.153843	24	20	10	983.329
-0.785398	2.089241	-0.114193	104	19	103	983.227
2.094395	2.073035	2.027405	111	26	108	983.219
0.000000	2.579248	-2.364801	100	18	104	983.160
1.832596	0.591903	2.010408	90	16	6	983.034
-0.523599	0.850607	-1.335383	106	21	102	982.824
2.356194	1.417623	-0.202254	111	26	102	982.633
-1.308997	2.063651	-2.044600	7	9	94	982.540
-1.047198	0.929350	-2.910676	111	21	99	982.523
2.617994	1.506530	1.988858	110	25	106	982.391
-0.785398	1.569311	-3.003978	106	22	103	982.359
0.523599	1.448123	-2.163292	13	10	97	982.354
-0.785398	0.080730	-2.622036	109	12	94	982.304
-0.785398	2.404280	-0.174044	104	20	103	982.281
-1.308997	1.413430	2.550734	0	28	0	981.969
-1.308997	2.979456	-1.009304	9	8	92	981.833
-0.523599	1.766067	2.153843	5	9	94	981.785
-1.047198	1.135813	-2.658866	1	19	98	981.734
2.879793	1.869911	2.701025	3	30	2	981.658
-2.356194	1.025536	1.576859	107	23	101	981.625
-1.832596	0.674054	1.013609	4	13	95	981.593
0.785398	1.325504	-1.671296	11	5	95	981.470
-0.785398	1.310100	1.488307	111	14	93	981.419
2.879793	2.153910	-1.714959	14	10	96	981.264
2.094395	0.709924	0.218797	9	7	94	981.100
2.879793	1.809167	1.213774	5	19	97	980.719
-2.356194	2.164094	-2.991358	7	2	93	980.585
-0.785398	2.063651	-2.044600	6	5	93	980.571
0.785398	2.637879	2.121598	111	83	11	980.527
1.570796	0.910508	1.903534	103	25	3	980.289
-0.785398	2.719179	-1.780644	0	12	94	980.115
-0.261799	0.419640	2.974122	86	7	12	979.982
1.832596	2.247462	0.191623	16	28	5	979.949
0.523599	2.396274	-1.959260	105	18	99	979.865
-0.523599	1.948085	-2.363031	6	28	5	979.648
1.308997	1.569311	-3.003978	26	23	3	979.617
2.617994	1.440580	2.260026	107	27	1	979.578
-0.785398	1.658653	-2.409879	9	29	4	979.531
-2.617994	0.674054	1.013609	6	7	94	979.405
-1.308997	0.929350	-2.910676	0	21	99	979.191
-2.356194	0.203748	0.590255	111	10	93	979.150
-2.094395	1.683268	0.374177	109	111	89	979.134
-1.308997	1.741644	-2.695914	1	25	101	979.062
-1.047198	1.194549	-0.801900	5	28	109	978.973
-2.356194	2.407836	1.410646	9	31	1	978.957
1.832596	1.134497	-1.109631	3	7	92	978.910
-3.141593	2.033014	2.977192	105	21	102	978.797
-1.308997	2.138223	1.678323	6	8	93	978.516
-0.785398	1.218453	2.777284	94	22	11	978.516
-2.094395	0.419640	2.974122	18	29	0	978.371
-0.523599	1.998705	2.370472	10	5	94	978.345
0.523599	2.153910	-1.714959	3	7	94	978.285
2.617994	1.721184	-0.153948	28	12	6	978.253
-2.879793	1.569311	-3.003978	90	19	10	978.199
2.879793	2.251330	-2.330739	14	7	98	978.151
0.785398	1.569311	-3.003978	28	16	3	977.867
-2.356194	1.875281	0.107086	111	8	91	977.598
-2.879793	2.704512	1.488683	16	29	4	977.499
1.832596	1.310100	1.488307	105	16	100	977.492
1.570796	1.982574	-1.115518	10	31	108	977.417
0.000000	1.310100	1.488307	0	10	92	977.190
-2.879793	1.606104	-0.451151	106	14	91	977.044
2.094395	1.696674	-1.253233	5	13	95	976.740
2.356194	2.063651	-2.044600	13	7	97	976.671
0.785398	2.407836	1.410646	111	11	94	976.425
-1.570796	0.615174	-0.666022	103	20	101	976.406
-0.523599	2.153910	-1.714959	108	11	94	976.377
2.094395	1.134796	2.434290	111	9	91	976.235
-2.356194	2.089241	-0.114193	0	10	91	976.205
1.047198	2.881233	-2.582574	10	5	94	976.133
2.356194	1.134497	-1.109631	106	25	1	976.070
-2.617994	0.733948	3.021411	20	27	111	975.971
2.617994	2.379497	0.561089	11	29	6	975.941
2.356194	1.574060	2.783565	110	25	101	975.629
0.261799	0.906588	1.252948	4	6	92	975.559
-2.356194	2.404280	-0.174044	88	94	5	975.526
-1.832596	0.929350	-2.910676	2	27	103	975.422
-0.785398	0.733948	3.021411	89	11	5	975.186
2.617994	1.325504	-1.671296	0	23	101	975.156
0.523599	2.456751	-1.503343	101	21	105	975.125
1.047198	1.904882	-1.478089	0	111	88	975.101
2.094395	2.455966	-0.641220	106	22	104	974.914
-1.832596	2.247462	0.191623	111	5	90	974.364
1.832596	2.456751	-1.503343	5	24	99	974.324
0.261799	2.664082	-1.071402	109	14	94	974.247
-1.047198	2.349581	-2.702517	109	11	93	974.223
-1.047198	0.080730	-2.622036	87	10	5	974.157
-2.879793	1.812176	0.656819	6	10	95	974.005
1.047198	1.977582	0.969896	3	28	108	973.578
2.094395	2.343981	-1.040456	5	27	101	973.570
0.000000	2.478122	2.609777	7	7	94	973.538
2.094395	0.203748	0.590255	3	108	87	973.417
-2.879793	1.904882	-1.478089	6	17	95	973.334
-2.094395	1.977582	0.969896	4	14	94	973.309
-0.261799	2.164094	-2.991358	3	28	102	973.254
-2.094395	0.914445	2.687814	20	29	1	973.249
-0.785398	1.113094	-0.272241	83	109	6	973.146
0.523599	0.080730	-2.622036	106	82	4	972.984
-2.617994	2.592629	0.909713	7	0	89	972.435
-0.523599	1.977582	0.969896	104	106	87	972.418
-1.047198	2.587733	0.232235	110	25	101	972.367
0.000000	1.809167	1.213774	104	18	100	972.172
2.356194	1.413347	-1.339188	108	11	94	972.108
0.000000	0.674054	1.013609	23	26	5	972.046
-2.879793	2.724429	-0.348782	24	27	2	971.996
-0.261799	1.134796	2.434290	13	1	97	971.638
-1.832596	1.658653	-2.409879	103	13	96	971.625
1.570796	1.741644	-2.695914	25	24	3	971.606
-1.047198	1.510910	-0.740472	4	29	108	971.493
-3.141593	1.367556	0.358405	0	8	92	971.466
0.785398	1.301460	-0.509251	21	26	1	971.424
0.785398	1.510910	-0.740472	1	21	98	971.418
0.785398	2.379497	0.561089	5	31	110	971.340
-1.308997	2.343981	-1.040456	3	29	111	971.169
1.570796	1.417623	-0.202254	14	29	3	970.964
-1.308997	1.658653	-2.409879	12	17	96	970.744
0.785398	0.458961	-0.107937	12	7	96	970.730
0.261799	0.379747	-1.713059	86	7	7	970.618
1.832596	2.174483	2.653697	108	22	101	970.426
2.356194	1.732874	-0.951685	103	24	1	970.375
-0.523599	1.869911	2.701025	87	9	6	970.341
2.617994	1.045978	0.343692	2	20	97	970.314
2.356194	2.704512	1.488683	18	29	6	970.278
-2.094395	1.014500	0.906702	5	7	94	970.237
-2.094395	2.033014	2.977192	3	30	10	970.148
-2.879793	1.247695	1.809890	108	21	99	970.133
-1.308997	1.256302	0.062705	6	8	93	970.036
-0.523599	2.164094	-2.991358	5	29	101	969.992
-0.261799	2.587733	0.232235	14	4	94	969.814
-2.356194	0.899350	-2.069907	110	106	88	969.660
0.785398	2.664082	-1.071402	14	111	93	969.128
1.308997	2.343981	-1.040456	104	17	99	968.961
-2.617994	2.704512	1.488683	7	30	4	968.944
0.523599	0.866955	-0.931351	13	26	101	968.845
2.094395	1.875281	0.107086	11	29	5	968.787
1.832596	0.203748	0.590255	87	8	9	968.374
1.047198	2.579248	-2.364801	18	111	99	968.330
-1.570796	1.184361	0.625864	8	6	94	968.210
1.832596	1.574060	2.783565	109	16	97	968.184
-3.141593	1.909857	-0.381669	85	4	0	967.757
-2.094395	0.762244	-0.273349	9	30	107	967.722
0.000000	2.187132	-0.479875	5	31	109	967.379
-2.094395	1.736875	3.023612	17	110	95	967.108
-1.570796	1.194549	-0.801900	8	29	108	966.923
1.832596	1.325504	-1.671296	3	3	91	966.649
1.570796	1.870545	-2.976234	11	1	93	966.573
-1.832596	2.588535	-2.976617	5	8	94	966.564
-1.308997	2.592629	0.909713	109	19	98	966.494
2.617994	1.904882	-1.478089	2	16	95	966.483
-2.617994	2.456751	-1.503343	13	32	108	966.477
0.785398	2.251330	-2.330739	111	21	98	966.432
1.832596	0.571433	-1.188419	18	28	108	966.363
-2.356194	0.914445	2.687814	22	27	1	966.166
-0.785398	2.349581	-2.702517	108	11	93	966.154
1.832596	0.685216	-1.712745	8	0	91	966.120
-3.141593	1.574060	2.783565	90	17	3	966.104
-1.832596	0.709924	0.218797	3	9	93	966.084
-1.570796	2.760637	2.781135	1	29	6	966.077
-1.308997	0.866955	-0.931351	7	28	109	966.000
-2.094395	2.579248	-2.364801	111	12	92	965.941
-0.523599	1.569311	-3.003978	106	22	104	965.758
-2.617994	2.404280	-0.174044	86	96	4	965.551
2.356194	0.864993	2.278281	1	13	94	965.494
-2.094395	2.984978	1.954446	106	25	107	965.453
-0.523599	0.733948	3.021411	88	7	14	965.376
0.261799	2.379497	0.561089	106	23	108	965.180
-0.261799	2.174483	2.653697	84	1	6	965.129
1.047198	2.187132	-0.479875	22	25	4	964.875
-1.832596	2.478122	2.609777	18	27	104	964.771
-2.094395	1.301460	-0.509251	11	31	109	964.354
0.523599	0.831641	0.616218	109	2	87	964.001
-2.617994	2.115563	0.685730	5	7	91	963.913
-2.094395	1.168678	2.108595	88	14	5	963.849
-2.094395	2.863997	0.549740	4	8	91	963.742
2.094395	2.180315	-1.357379	6	26	100	963.627
0.261799	2.343981	-1.040456	0	8	92	963.505
-2.356194	2.108018	1.311430	0	13	94	963.208
-0.261799	2.579248	-2.364801	105	11	94	963.110
-2.094395	1.510910	-0.740472	11	31	111	963.026
-1.832596	1.134497	-1.109631	4	4	91	962.921
-0.785398	1.982574	-1.115518	14	30	106	962.821
-2.356194	1.325504	-1.671296	4	22	95	962.763
0.261799	1.014500	0.906702	0	13	95	962.728
0.000000	1.662363	0.915448	16	0	99	962.725
0.261799	1.683268	0.374177	3	8	92	962.686
-2.356194	1.134796	2.434290	21	25	5	962.251
2.617994	0.571433	-1.188419	0	27	106	962.141
2.094395	2.063651	-2.044600	2	19	96	962.086
-0.261799	2.356369	3.005869	93	19	5	962.055
1.832596	2.863997	0.549740	1	8	91	962.029
-1.832596	1.683268	0.374177	14	111	97	961.997
0.785398	0.615174	-0.666022	22	24	111	961.956
0.785398	2.478122	2.609777	8	7	93	961.860
-0.261799	1.606104	-0.451151	107	14	96	961.738
-1.308997	1.184361	0.625864	3	13	96	961.637
0.785398	0.709924	0.218797	10	28	6	961.617
2.617994	1.617114	-1.572037	1	19	98	961.602
-1.570796	2.138223	1.678323	5	7	92	961.597
2.356194	0.297065	2.160177	1	18	97	961.520
-1.570796	1.741644	-2.695914	102	3	91	961.274
-1.832596	2.455966	-0.641220	88	12	7	961.243
0.523599	1.504028	0.636812	11	2	92	960.960
0.000000	0.899350	-2.069907	102	22	108	960.578
1.570796	2.984978	1.954446	6	27	100	960.568
-0.523599	2.579248	-2.364801	107	12	94	960.567
-2.356194	1.301460	-0.509251	14	31	110	960.554
-2.617994	1.134796	2.434290	94	21	5	960.539
-1.308997	1.448123	-2.163292	0	17	96	960.512
0.785398	1.662363	0.915448	13	7	96	960.272
-2.879793	1.242974	-2.977882	7	0	90	960.085
-2.617994	0.700570	1.559208	109	27	107	960.047
2.879793	2.356369	3.005869	2	14	95	959.800
2.094395	0.831641	0.616218	8	8	94	959.605
-2.094395	2.041297	-2.664597	4	108	88	959.499
-2.356194	0.961715	0.014085	8	109	89	959.492
0.523599	1.325504	-1.671296	16	1	97	959.462
-0.261799	1.413430	2.550734	86	8	4	959.409
-2.879793	2.404280	-0.174044	84	99	4	959.401
-1.308997	0.850607	-1.335383	109	6	91	959.216
1.308997	2.089241	-0.114193	19	26	6	959.216
0.261799	1.488617	1.159546	18	0	101	959.153
-2.094395	2.295480	1.008277	7	10	94	959.141
-2.617994	1.135813	-2.658866	108	11	94	958.976
-1.570796	2.404280	-0.174044	111	28	104	958.719
1.570796	0.418037	1.360082	0	27	104	958.625
2.094395	1.374601	-2.456031	14	13	96	958.439
-2.879793	2.174483	2.653697	110	17	97	958.281
-2.879793	2.393226	1.857173	5	13	94	957.799
1.832596	1.606104	-0.451151	5	28	8	957.469
1.308997	1.545873	-1.877082	3	5	92	957.199
-2.879793	1.766067	2.153843	106	15	97	957.193
1.308997	0.700570	1.559208	5	28	104	957.160
-0.261799	1.510910	-0.740472	106	16	98	957.141
-1.832596	1.218453	2.777284	19	28	2	957.124
-1.832596	1.413430	2.550734	10	30	107	957.098
-2.617994	1.721184	-0.153948	5	5	91	957.089
-1.570796	1.872854	1.543456	0	9	92	956.948
-0.523599	1.696674	-1.253233	13	1	98	956.892
2.094395	2.863997	0.549740	18	28	3	956.827
-0.523599	1.982574	-1.115518	11	30	106	956.809
-3.141593	1.812176	0.656819	6	11	94	956.778
1.047198	2.393226	1.857173	10	28	6	956.680
0.523599	1.184361	0.625864	10	2	92	956.678
2.617994	1.310100	1.488307	7	28	101	956.656
-0.785398	1.875281	0.107086	3	21	98	956.600
0.261799	1.413347	-1.339188	6	3	92	956.596
-2.617994	0.914445	2.687814	85	9	8	956.533
-0.261799	2.089241	-0.114193	19	26	105	956.384
1.570796	2.760637	2.781135	96	22	4	956.164
2.617994	0.458961	-0.107937	87	10	3	956.124
1.047198	0.418037	1.360082	10	28	102	956.082
-2.094395	0.379747	-1.713059	88	10	111	956.053
2.356194	0.762244	-0.273349	89	13	3	955.976
2.879793	0.615174	-0.666022	95	19	1	955.914
-2.879793	1.325504	-1.671296	110	21	102	955.910
2.094395	2.174483	2.653697	111	22	98	955.805
0.000000	1.756530	-2.105156	12	15	96	955.521
1.308997	2.456751	-1.503343	104	17	99	955.262
0.785398	2.001437	0.381215	3	30	106	955.010
-2.617994	2.719179	-1.780644	11	31	107	954.955
0.000000	1.909857	-0.381669	110	27	108	954.859
-1.832596	0.906588	1.252948	107	25	104	954.453
2.356194	0.418037	1.360082	108	8	92	954.326
-1.308997	1.135834	-1.431087	0	8	93	954.315
-1.832596	0.458961	-0.107937	2	12	94	954.293
-2.094395	0.906588	1.252948	3	7	92	954.113
1.047198	1.135834	-1.431087	4	4	91	953.839
1.832596	1.909857	-0.381669	109	25	103	953.703
-1.308997	1.683268	0.374177	10	2	93	953.477
0.000000	0.906588	1.252948	4	11	94	953.402
-0.261799	0.640596	-2.797608	13	111	91	953.236
0.523599	2.251330	-2.330739	3	18	97	953.089
-2.617994	1.998705	2.370472	111	18	97	953.086
-0.785398	0.850607	-1.335383	106	23	102	953.023
-3.141593	0.866955	-0.931351	92	20	9	952.979
0.261799	2.108018	1.311430	20	29	111	952.719
2.094395	1.948085	-2.363031	15	6	98	952.593
-0.785398	2.760637	2.781135	109	25	105	952.453
-0.785398	2.041297	-2.664597	110	24	101	952.344
2.094395	1.721184	-0.153948	10	29	4	952.280
-0.785398	2.587733	0.232235	17	110	97	952.205
-1.308997	1.367556	0.358405	2	10	94	952.157
-2.356194	2.251330	-2.330739	18	9	98	952.152
2.356194	1.214854	-1.966664	1	13	95	952.113
1.047198	1.574060	2.783565	26	21	4	952.095
-1.047198	1.545873	-1.877082	15	29	6	952.083
1.047198	1.617114	-1.572037	111	11	95	951.902
1.570796	2.393226	1.857173	109	15	95	951.650
2.094395	1.045978	0.343692	11	35	108	951.427
2.617994	1.696674	-1.253233	1	19	96	951.418
1.308997	2.180315	-1.357379	106	16	98	951.387
-1.570796	0.618092	2.539118	5	28	2	951.344
1.832596	2.033014	2.977192	16	28	3	951.193
-1.308997	1.909857	-0.381669	111	26	105	951.188
0.261799	0.864993	2.278281	11	30	109	951.152
-1.570796	1.440580	2.260026	9	31	109	951.011
0.785398	0.831641	0.616218	111	12	95	950.898
-1.832596	1.870545	-2.976234	87	14	11	950.784
2.356194	0.866955	-0.931351	111	25	101	950.312
2.617994	0.762244	-0.273349	7	10	94	950.236
2.356194	0.290380	-0.796960	0	28	110	950.133
0.000000	2.251330	-2.330739	106	23	104	949.836
-1.832596	1.045978	0.343692	6	8	94	949.827
2.879793	2.073035	2.027405	2	10	93	949.621
2.356194	1.824694	1.850876	1	27	104	949.391
0.261799	2.174483	2.653697	4	7	92	949.339
-0.523599	2.478122	2.609777	86	7	7	948.936
-0.523599	0.685216	-1.712745	102	22	107	948.570
0.785398	0.910508	1.903534	8	29	108	947.672
1.047198	2.478122	2.609777	1	25	100	947.590
-2.617994	1.506530	1.988858	22	103	102	947.579
-1.832596	2.174483	2.653697	10	30	105	947.444
1.832596	1.135813	-2.658866	17	0	99	947.284
0.785398	0.591903	2.010408	2	29	108	947.250
0.000000	0.203748	0.590255	20	27	3	946.534
2.879793	0.762244	-0.273349	91	16	4	946.529
1.047198	2.247462	0.191623	96	20	1	946.465
-2.879793	0.080730	-2.622036	19	29	0	946.423
-1.570796	1.413430	2.550734	7	30	107	946.390
2.094395	1.836682	-0.676006	106	27	5	946.234
2.879793	1.732874	-0.951685	109	19	99	946.102
0.000000	1.658653	-2.409879	6	23	96	945.893
-1.047198	1.875281	0.107086	85	9	3	945.661
-1.832596	1.574060	2.783565	9	29	105	945.621
2.356194	1.875281	0.107086	8	28	5	945.594
0.261799	2.089241	-0.114193	108	26	111	945.414
-0.523599	2.247462	0.191623	23	23	108	945.413
-0.523599	2.587733	0.232235	15	111	94	945.412
1.047198	1.599406	1.426070	5	29	3	945.395
-1.570796	1.301460	-0.509251	9	29	106	945.342
-1.570796	0.370812	-2.547742	90	14	3	945.281
1.047198	0.961715	0.014085	17	28	5	945.281
-1.832596	0.733948	3.021411	110	28	108	945.031
-2.617994	2.393226	1.857173	5	10	93	944.932
-2.617994	0.571433	-1.188419	92	18	6	944.557
-3.141593	1.846342	-1.796954	10	11	95	944.464
2.879793	1.696674	-1.253233	2	15	95	944.442
-1.570796	1.045978	0.343692	6	8	94	944.434
-0.261799	2.299159	2.264663	6	6	92	944.393
1.570796	1.184361	0.625864	0	21	99	944.305
-0.261799	1.301460	-0.509251	107	14	96	944.302
0.261799	0.831641	0.616218	1	8	92	944.298
2.617994	0.899350	-2.069907	12	2	95	944.280
1.308997	1.982574	-1.115518	108	17	98	944.234
-3.141593	2.138223	1.678323	0	16	95	944.143
1.570796	1.721184	-0.153948	12	29	6	944.126
-2.879793	1.662363	0.915448	1	13	95	944.109
0.785398	1.683268	0.374177	110	24	103	943.969
1.832596	0.290380	-0.796960	16	29	0	943.624
-3.141593	1.450119	-2.739050	86	10	7	943.564
-2.094395	2.592629	0.909713	5	3	89	943.394
-1.570796	1.256302	0.062705	2	10	93	943.381
2.617994	0.866395	-2.492918	7	3	92	943.364
-2.356194	1.904882	-1.478089	105	25	105	943.266
-0.785398	0.297065	2.160177	109	26	107	943.227
0.785398	2.455966	-0.641220	19	29	2	943.086
-2.879793	2.295480	1.008277	8	6	94	942.923
-0.785398	1.242974	-2.977882	111	21	100	942.781
2.356194	2.104282	-0.813972	108	26	107	942.750
2.094395	1.325504	-1.671296	4	0	89	942.710
2.617994	0.591903	2.010408	1	14	95	942.702
-0.261799	1.982574	-1.115518	6	2	90	942.675
0.785398	1.045978	0.343692	2	30	107	942.652
1.047198	2.404280	-0.174044	23	21	0	942.576
0.785398	1.606104	-0.451151	25	20	3	942.551
-1.832596	0.762244	-0.273349	103	17	100	942.535
2.356194	1.982574	-1.115518	111	21	98	942.516
-1.047198	2.089241	-0.114193	85	8	4	942.499
-2.617994	1.606104	-0.451151	3	29	4	942.246
-0.523599	1.870545	-2.976234	4	27	100	942.006
2.879793	2.247462	0.191623	15	0	96	941.930
-2.617994	1.113094	-0.272241	15	30	6	941.912
-0.523599	1.391910	3.030322	88	11	0	941.759
-2.356194	1.756530	-2.105156	7	3	92	941.749
-2.617994	1.256302	0.062705	111	9	93	941.688
2.356194	1.658653	-2.409879	11	31	6	941.628
0.785398	0.297065	2.160177	1	28	105	941.598
1.308997	2.041297	-2.664597	17	110	98	941.594
1.570796	2.180315	-1.357379	104	14	97	941.493
2.879793	2.478122	2.609777	0	15	95	941.413
-0.261799	2.041297	-2.664597	6	27	99	941.320
-0.261799	1.599406	1.426070	23	23	1	941.073
2.879793	1.756530	-2.105156	8	7	95	941.010
2.617994	2.455966	-0.641220	86	9	8	940.479
-1.047198	1.836682	-0.676006	4	29	108	939.914
-0.261799	1.450119	-2.739050	111	22	98	939.730
1.308997	1.413347	-1.339188	2	1	88	939.698
-0.523599	2.407836	1.410646	3	20	95	939.376
-1.047198	0.850607	-1.335383	6	29	4	939.177
-0.785398	2.247462	0.191623	25	20	108	939.041
2.356194	1.014500	0.906702	111	22	100	938.863
2.617994	2.299159	2.264663	2	17	95	938.650
-0.785398	1.599406	1.426070	111	19	97	938.551
-3.141593	2.456751	-1.503343	111	28	2	938.312
2.356194	2.295480	1.008277	18	0	100	938.210
0.785398	1.977582	0.969896	7	31	108	938.003
1.308997	1.335669	0.897240	22	3	102	937.858
1.832596	1.335669	0.897240	110	24	101	937.727
-2.094395	1.391910	3.030322	110	27	4	937.453
1.570796	1.699788	2.452890	17	29	107	937.277
-2.617994	0.866395	-2.492918	110	11	92	937.256
-2.094395	1.721184	-0.153948	7	1	92	936.917
-2.617994	1.413430	2.550734	108	23	101	936.887
2.879793	1.510910	-0.740472	93	20	9	936.719
-0.261799	2.001437	0.381215	86	9	8	936.718
-2.356194	2.295480	1.008277	9	7	94	936.702
-2.094395	2.299159	2.264663	11	30	107	936.698
-2.356194	2.984978	1.954446	14	29	7	936.422
-1.570796	2.664082	-1.071402	108	25	105	936.336
0.523599	1.948085	-2.363031	4	15	96	936.276
1.570796	1.662363	0.915448	19	6	98	936.089
0.523599	0.709924	0.218797	10	30	2	936.012
0.261799	2.299159	2.264663	6	1	89	935.890
-3.141593	1.113094	-0.272241	12	3	97	935.664
1.308997	1.809167	1.213774	2	109	88	935.635
-3.141593	0.910508	1.903534	111	27	106	935.031
2.094395	1.506530	1.988858	2	12	94	934.976
-1.308997	1.417623	-0.202254	0	24	103	934.902
0.000000	2.760637	2.781135	85	96	6	934.745
0.523599	1.872854	1.543456	19	30	0	934.712
2.879793	2.138223	1.678323	10	5	94	934.646
1.047198	1.413347	-1.339188	1	7	91	934.639
0.523599	0.864993	2.278281	3	4	90	934.621
1.047198	1.134796	2.434290	104	10	92	934.367
-1.832596	1.194549	-0.801900	6	1	90	934.330
1.832596	2.478122	2.609777	111	24	99	934.148
0.523599	2.588535	-2.976617	14	2	96	934.049
1.832596	1.872854	1.543456	0	3	88	934.004
-1.047198	2.478122	2.609777	109	26	108	934.000
0.785398	2.719179	-1.780644	106	20	101	933.910
-2.094395	1.998705	2.370472	19	26	9	933.876
0.523599	2.379497	0.561089	104	22	107	933.766
-2.356194	1.450119	-2.739050	107	9	93	933.129
0.523599	2.001437	0.381215	6	31	106	933.058
2.094395	0.379747	-1.713059	16	108	92	933.045
1.047198	1.391910	3.030322	27	20	2	932.996
-1.047198	2.455966	-0.641220	9	25	14	932.904
-2.879793	0.685216	-1.712745	100	22	0	932.812
-1.832596	2.115563	0.685730	109	23	101	932.797
2.356194	1.869911	2.701025	108	22	100	932.473
-1.570796	1.756530	-2.105156	23	24	2	932.391
-2.094395	2.164094	-2.991358	4	111	88	932.375
-2.617994	0.203748	0.590255	106	82	6	932.336
-3.141593	2.396274	-1.959260	15	6	97	932.164
0.523599	2.138223	1.678323	14	30	3	932.139
0.785398	2.881233	-2.582574	3	8	92	931.936
-3.141593	1.247695	1.809890	111	25	104	931.758
1.832596	0.910508	1.903534	101	23	4	931.688
1.047198	1.736875	3.023612	27	20	111	931.442
1.308997	1.721184	-0.153948	19	27	4	931.425
-0.523599	1.824694	1.850876	3	9	93	931.409
1.832596	0.960688	-0.577532	11	30	0	931.391
-1.832596	1.247695	1.809890	88	14	6	931.126
-2.879793	1.948085	-2.363031	7	7	95	930.993
2.356194	2.033014	2.977192	11	31	3	930.939
2.094395	1.218453	2.777284	106	20	101	930.934
-0.523599	1.510910	-0.740472	2	28	108	930.914
0.261799	1.545873	-1.877082	14	13	96	930.883
0.785398	1.869911	2.701025	8	5	92	930.776
-1.832596	0.910508	1.903534	21	28	111	930.721
-1.570796	0.831641	0.616218	2	12	94	930.659
-2.094395	2.704512	1.488683	85	7	8	930.591
0.000000	2.001437	0.381215	105	24	108	930.375
1.308997	1.599406	1.426070	12	25	100	930.351
-0.785398	2.073035	2.027405	8	5	93	930.275
-2.879793	2.863997	0.549740	87	7	5	930.253
2.094395	1.448123	-2.163292	13	6	96	930.172
0.785398	2.592629	0.909713	105	23	109	930.117
-3.141593	0.709924	0.218797	3	7	93	930.010
0.000000	1.741644	-2.695914	3	24	97	929.914
-2.879793	0.615174	-0.666022	90	16	8	929.876
-0.785398	1.506530	1.988858	6	7	92	929.769
-2.617994	0.685216	-1.712745	101	21	110	929.484
-1.047198	1.683268	0.374177	89	14	3	929.463
-0.261799	1.440580	2.260026	12	5	95	929.433
1.308997	1.875281	0.107086	10	6	93	929.410
-1.832596	2.349581	-2.702517	1	5	92	929.398
0.785398	2.760637	2.781135	8	5	92	929.357
0.785398	0.080730	-2.622036	109	82	5	929.297
2.617994	0.685216	-1.712745	9	4	92	929.273
-2.094395	1.875281	0.107086	110	5	90	929.169
2.356194	1.413430	2.550734	106	13	95	929.133
-2.356194	2.724429	-0.348782	88	93	3	929.020
2.094395	1.998705	2.370472	0	21	97	928.980
-0.785398	0.618092	2.539118	107	25	107	928.820
1.570796	2.478122	2.609777	17	29	108	928.706
-2.879793	2.251330	-2.330739	18	8	99	928.570
2.617994	0.080730	-2.622036	86	10	6	928.319
-2.617994	0.080730	-2.622036	17	30	0	928.314
-1.832596	1.195355	1.200319	109	25	102	928.227
-2.356194	2.637879	2.121598	21	27	108	928.175
2.356194	1.870545	-2.976234	12	30	6	927.774
-2.617994	2.299159	2.264663	21	25	108	927.589
1.308997	1.218453	2.777284	103	83	111	927.391
-1.570796	2.863997	0.549740	0	12	92	927.332
-0.523599	2.760637	2.781135	87	10	12	927.135
-1.047198	1.135834	-1.431087	20	29	0	927.059
2.094395	1.699788	2.452890	11	31	106	927.044
-1.047198	2.393226	1.857173	87	3	14	926.992
-1.047198	2.041297	-2.664597	1	25	100	926.852
-3.141593	2.153910	-1.714959	11	8	94	926.738
-1.832596	1.766067	2.153843	12	31	111	926.491
1.047198	1.504028	0.636812	16	7	97	926.457
2.094395	1.809167	1.213774	16	2	96	926.335
0.000000	1.413347	-1.339188	99	24	6	926.188
0.261799	1.606104	-0.451151	89	13	3	926.115
-2.879793	2.588535	-2.976617	21	2	105	926.111
-3.141593	1.824694	1.850876	111	20	98	926.082
-1.308997	0.080730	-2.622036	88	6	15	926.079
-1.570796	2.063651	-2.044600	10	10	96	926.058
0.000000	0.733948	3.021411	12	110	92	926.057
-1.832596	1.569311	-3.003978	107	25	111	925.797
2.617994	1.113094	-0.272241	1	29	104	925.723
1.047198	2.033014	2.977192	27	19	1	925.658
-1.308997	1.045978	0.343692	88	14	8	925.409
-1.047198	0.571433	-1.188419	103	21	103	924.930
0.261799	2.349581	-2.702517	93	18	2	924.918
2.617994	2.863997	0.549740	12	29	3	924.879
2.617994	2.704512	1.488683	15	29	6	924.771
1.570796	0.203748	0.590255	87	11	3	924.626
-0.261799	1.554776	0.100351	2	5	91	924.611
1.832596	1.875281	0.107086	14	28	6	924.377
-2.356194	1.869911	2.701025	24	23	6	924.115
1.832596	0.906588	1.252948	108	16	96	924.088
2.356194	2.455966	-0.641220	87	11	8	924.022
-2.356194	1.870545	-2.976234	4	111	88	924.018
-2.617994	1.846342	-1.796954	107	26	108	923.852
-2.617994	1.554776	0.100351	0	6	91	923.789
-0.523599	2.180315	-1.357379	6	2	90	923.696
2.356194	1.736875	3.023612	109	26	104	923.648
1.570796	1.050534	3.042579	21	29	3	923.607
-2.094395	2.138223	1.678323	8	30	2	923.586
-2.356194	2.979456	-1.009304	108	28	108	923.461
-2.356194	2.863997	0.549740	8	3	91	923.334
1.832596	1.195355	1.200319	106	15	97	923.307
0.261799	1.736875	3.023612	17	111	100	923.009
2.356194	2.138223	1.678323	10	7	94	922.884
-2.094395	1.218453	2.777284	22	27	2	922.871
-0.261799	1.870545	-2.976234	3	26	99	922.738
-2.356194	2.033014	2.977192	83	103	111	922.323
2.356194	1.367556	0.358405	1	18	95	922.291
-0.523599	2.138223	1.678323	5	14	93	922.263
-1.832596	1.256302	0.062705	18	110	100	922.195
1.832596	0.418037	1.360082	102	6	90	922.148
-1.832596	1.699788	2.452890	10	30	108	922.101
-2.617994	2.343981	-1.040456	11	33	109	922.026
1.832596	0.709924	0.218797	87	11	8	922.002
-0.785398	2.153910	-1.714959	0	13	95	921.784
-2.094395	1.948085	-2.363031	5	5	92	921.671
1.047198	1.721184	-0.153948	18	27	6	921.648
1.570796	0.419640	2.974122	110	21	99	921.223
0.523599	2.180315	-1.357379	4	32	4	921.080
-0.523599	1.662363	0.915448	111	22	98	921.076
-2.094395	2.251330	-2.330739	18	15	99	920.923
-2.356194	0.419640	2.974122	20	28	0	920.901
-0.523599	1.113094	-0.272241	110	13	94	920.842
1.832596	1.391910	3.030322	108	26	105	920.758
1.047198	1.875281	0.107086	92	18	4	920.695
2.356194	1.113094	-0.272241	14	7	95	920.558
-1.047198	1.824694	1.850876	3	10	93	920.360
0.261799	0.762244	-0.273349	24	23	2	920.212
1.047198	1.168678	2.108595	106	27	4	920.109
-2.356194	1.982574	-1.115518	10	32	1	920.107
-0.523599	2.379497	0.561089	27	19	0	919.935
-2.094395	2.393226	1.857173	108	10	93	919.867
-1.570796	1.218453	2.777284	17	30	2	919.829
-1.832596	2.299159	2.264663	17	30	106	919.657
2.356194	1.184361	0.625864	8	9	94	919.639
2.879793	1.870545	-2.976234	7	31	6	919.600
2.617994	0.496451	0.593859	103	2	89	919.477
2.617994	1.977582	0.969896	7	17	95	919.313
2.094395	0.290380	-0.796960	6	28	0	919.109
-3.141593	0.379747	-1.713059	0	27	104	918.797
1.832596	1.824694	1.850876	1	6	90	918.689
-2.356194	1.545873	-1.877082	9	24	96	918.498
-1.047198	2.724429	-0.348782	2	26	100	918.488
2.879793	1.606104	-0.451151	87	8	2	918.443
2.094395	2.295480	1.008277	14	31	3	918.414
-0.261799	0.899350	-2.069907	0	27	104	918.148
2.879793	1.599406	1.426070	4	25	99	918.100
2.356194	0.370812	-2.547742	90	15	4	918.057
-1.570796	2.587733	0.232235	1	2	87	917.995
-2.879793	0.619654	-2.216909	2	24	99	917.902
-1.308997	2.393226	1.857173	10	3	94	917.888
-3.141593	2.108018	1.311430	3	16	95	917.834
2.356194	1.872854	1.543456	12	5	95	917.820
1.047198	1.741644	-2.695914	98	100	92	917.658
2.356194	2.153910	-1.714959	10	2	93	917.455
0.785398	1.335669	0.897240	17	4	99	917.336
-1.832596	0.297065	2.160177	22	25	3	917.290
-2.617994	1.741644	-2.695914	83	3	4	917.210
2.879793	1.948085	-2.363031	14	5	97	917.186
1.570796	0.496451	0.593859	87	10	5	917.179
0.785398	1.506530	1.988858	7	30	4	917.164
0.523599	1.977582	0.969896	10	31	108	917.094
0.523599	1.599406	1.426070	106	13	96	916.639
-0.785398	2.393226	1.857173	4	12	94	916.393
2.094395	2.979456	-1.009304	85	5	7	916.384
-1.570796	0.685216	-1.712745	8	7	95	916.319
-2.879793	1.599406	1.426070	1	21	98	916.098
1.308997	1.846342	-1.796954	108	11	95	915.947
-0.785398	1.696674	-1.253233	14	11	96	915.726
1.308997	1.310100	1.488307	2	28	1	915.633
1.047198	1.325504	-1.671296	9	3	96	915.535
0.523599	0.640596	-2.797608	8	30	4	915.524
-0.523599	2.881233	-2.582574	111	28	108	915.508
1.047198	2.724429	-0.348782	0	9	92	915.404
0.000000	0.640596	-2.797608	1	28	106	915.375
-2.879793	1.824694	1.850876	109	18	97	915.354
-3.141593	2.592629	0.909713	8	7	94	915.332
0.785398	2.187132	-0.479875	24	22	5	915.327
2.094395	0.619654	-2.216909	9	3	94	915.279
-2.879793	0.571433	-1.188419	94	20	6	915.117
-0.261799	1.977582	0.969896	104	105	87	915.072
0.523599	2.637879	2.121598	1	26	100	915.031
2.617994	1.658653	-2.409879	9	30	7	915.025
-2.356194	1.554776	0.100351	2	1	89	914.967
2.356194	1.766067	2.153843	109	26	109	914.930
-2.356194	1.168678	2.108595	1	21	96	914.895
-2.094395	2.979456	-1.009304	111	82	4	914.871
0.261799	2.863997	0.549740	110	21	98	914.846
-1.047198	2.760637	2.781135	88	12	3	914.777
2.617994	1.569311	-3.003978	8	31	3	914.733
-1.832596	0.370812	-2.547742	91	14	110	914.715
-2.879793	0.992645	-1.723759	0	24	104	914.711
0.261799	2.579248	-2.364801	2	22	99	914.592
-1.570796	1.606104	-0.451151	3	2	89	914.566
-2.094395	1.335669	0.897240	99	24	6	914.562
2.617994	1.194549	-0.801900	106	23	104	914.555
1.308997	1.488617	1.159546	0	26	104	914.320
-0.523599	0.418037	1.360082	18	28	6	914.178
-1.047198	2.404280	-0.174044	106	20	101	914.109
1.570796	1.904882	-1.478089	105	12	96	914.101
-1.570796	2.251330	-2.330739	0	2	91	914.016
0.785398	1.846342	-1.796954	6	12	95	914.015
0.000000	1.504028	0.636812	107	0	90	913.940
1.832596	0.733948	3.021411	17	31	3	913.733
2.617994	2.588535	-2.976617	100	22	108	913.516
-0.785398	2.592629	0.909713	101	23	111	913.492
1.047198	1.218453	2.777284	100	85	110	913.458
-1.047198	2.115563	0.685730	109	106	86	912.773
-1.832596	1.836682	-0.676006	111	29	0	912.710
-1.570796	0.733948	3.021411	0	25	101	912.633
-0.261799	2.108018	1.311430	100	22	109	912.414
2.617994	1.662363	0.915448	9	18	97	912.320
0.000000	1.721184	-0.153948	16	27	102	912.302
2.094395	2.592629	0.909713	13	32	1	912.021
0.523599	1.168678	2.108595	107	13	94	911.943
2.356194	1.374601	-2.456031	10	30	8	911.935
2.879793	2.349581	-2.702517	10	31	1	911.865
2.094395	0.615174	-0.666022	1	27	103	911.836
-2.356194	1.488617	1.159546	3	24	99	911.758
-2.617994	1.904882	-1.478089	106	25	106	911.742
-0.785398	1.214854	-1.966664	5	11	95	911.494
-2.094395	1.756530	-2.105156	3	6	91	911.318
0.261799	1.846342	-1.796954	110	27	0	911.266
-2.094395	1.732874	-0.951685	10	31	111	910.986
-1.047198	0.619654	-2.216909	6	12	94	910.982
-1.047198	2.138223	1.678323	1	12	94	910.929
-1.832596	2.637879	2.121598	16	31	109	910.835
-0.785398	2.979456	-1.009304	2	14	92	910.644
-1.570796	2.407836	1.410646	6	4	90	910.629
1.832596	1.904882	-1.478089	109	3	90	910.572
-3.141593	1.569311	-3.003978	92	22	10	910.557
2.879793	0.960688	-0.577532	92	20	10	910.525
0.261799	2.587733	0.232235	14	30	4	910.331
2.356194	0.685216	-1.712745	10	0	93	910.321
1.047198	0.618092	2.539118	5	2	90	910.303
2.617994	2.579248	-2.364801	19	29	110	910.203
-0.261799	0.733948	3.021411	83	111	0	910.110
0.261799	1.977582	0.969896	1	110	89	910.100
0.523599	2.407836	1.410646	1	8	93	910.051
2.356194	1.301460	-0.509251	108	25	105	910.039
-1.570796	0.961715	0.014085	111	13	94	909.968
0.785398	0.914445	2.687814	3	4	90	909.914
-1.832596	0.419640	2.974122	17	30	0	909.826
-2.094395	2.174483	2.653697	13	30	105	909.604
-3.141593	2.041297	-2.664597	14	3	96	909.561
2.879793	1.982574	-1.115518	111	17	97	909.480
-2.094395	2.073035	2.027405	10	31	0	909.370
0.523599	0.906588	1.252948	111	7	90	909.244
-2.356194	2.115563	0.685730	102	22	106	909.039
2.879793	0.080730	-2.622036	23	24	1	909.028
-0.785398	1.194549	-0.801900	3	28	108	908.984
2.879793	1.367556	0.358405	8	9	96	908.787
0.523599	1.812176	0.656819	111	105	88	908.595
0.523599	1.134796	2.434290	4	1	89	908.505
2.879793	0.866955	-0.931351	95	22	7	908.223
0.261799	1.909857	-0.381669	3	29	106	908.184
2.356194	1.025536	1.576859	14	111	93	908.161
1.832596	1.374601	-2.456031	14	4	97	907.897
2.094395	0.866955	-0.931351	5	29	109	907.896
1.570796	2.063651	-2.044600	111	21	98	907.846
1.308997	1.214854	-1.966664	6	4	92	907.712
-2.879793	0.910508	1.903534	108	26	105	907.602
2.879793	2.089241	-0.114193	91	14	110	907.574
2.617994	1.448123	-2.163292	3	21	97	907.566
-1.047198	0.618092	2.539118	110	26	104	907.383
2.356194	2.456751	-1.503343	3	9	93	907.130
2.356194	2.089241	-0.114193	107	25	108	907.094
0.523599	1.555207	1.708892	110	15	96	906.760
1.832596	2.592629	0.909713	17	31	1	906.366
0.261799	2.295480	1.008277	1	1	88	906.057
-1.832596	2.033014	2.977192	86	13	10	905.821
0.523599	2.108018	1.311430	11	31	0	905.695
1.832596	1.218453	2.777284	109	25	102	905.609
-1.570796	0.496451	0.593859	86	9	13	905.590
-2.094395	2.724429	-0.348782	0	29	110	905.508
-2.879793	0.864993	2.278281	25	18	5	905.496
-0.785398	1.367556	0.358405	0	13	96	905.407
-2.094395	1.195355	1.200319	5	6	93	905.372
-3.141593	1.982574	-1.115518	2	15	94	905.293
-2.879793	2.153910	-1.714959	11	8	96	905.220
1.047198	1.569311	-3.003978	4	30	4	905.200
-0.261799	1.909857	-0.381669	1	28	108	905.148
2.617994	0.709924	0.218797	84	5	111	905.009
1.308997	2.664082	-1.071402	106	27	7	904.750
-2.094395	1.909857	-0.381669	110	28	0	904.703
-2.356194	1.247695	1.809890	109	28	1	904.703
-3.141593	2.704512	1.488683	4	28	12	904.531
2.617994	1.606104	-0.451151	96	21	3	904.340
-0.785398	0.866955	-0.931351	3	27	108	904.242
-2.879793	2.455966	-0.641220	6	28	8	904.180
-1.047198	1.310100	1.488307	1	16	95	904.086
-1.832596	2.089241	-0.114193	8	2	92	904.054
1.047198	1.606104	-0.451151	21	26	1	904.020
2.356194	2.979456	-1.009304	2	9	93	903.893
0.261799	1.872854	1.543456	21	28	111	903.529
-2.879793	0.458961	-0.107937	110	16	98	903.340
0.523599	2.295480	1.008277	111	2	88	903.213
-1.832596	1.736875	3.023612	13	24	98	903.073
2.879793	1.721184	-0.153948	83	1	0	902.966
-1.570796	0.458961	-0.107937	0	13	95	902.951
-1.047198	1.504028	0.636812	3	11	96	902.883
-2.879793	1.301460	-0.509251	18	31	5	902.839
-2.879793	1.683268	0.374177	3	10	93	902.749
-1.570796	2.299159	2.264663	14	31	106	902.725
-1.047198	1.325504	-1.671296	16	30	2	902.647
-1.047198	2.592629	0.909713	0	3	88	902.603
0.000000	1.488617	1.159546	14	1	98	902.477
2.617994	0.960688	-0.577532	98	20	108	902.422
1.047198	1.510910	-0.740472	19	26	106	902.403
-1.047198	1.732874	-0.951685	110	27	106	902.344
2.356194	0.709924	0.218797	7	22	97	902.329
1.047198	1.836682	-0.676006	18	27	107	902.112
-2.094395	1.184361	0.625864	15	0	98	902.054
0.000000	2.356369	3.005869	11	4	95	901.834
-1.308997	2.863997	0.549740	111	13	92	901.799
0.523599	1.683268	0.374177	7	29	103	901.766
1.832596	2.164094	-2.991358	21	27	2	901.748
-2.617994	0.290380	-0.796960	110	10	93	901.698
-3.141593	1.756530	-2.105156	7	8	95	901.453
-2.094395	0.685216	-1.712745	90	16	7	901.420
-2.879793	1.045978	0.343692	106	14	96	901.413
-2.356194	1.574060	2.783565	24	24	4	901.374
0.000000	0.709924	0.218797	83	2	1	901.314
0.000000	1.732874	-0.951685	26	14	109	901.292
-2.879793	1.014500	0.906702	13	4	96	901.274
0.523599	1.113094	-0.272241	22	26	2	901.033
-2.879793	2.108018	1.311430	2	12	94	900.976
0.785398	1.218453	2.777284	4	6	92	900.921
-1.832596	1.948085	-2.363031	4	7	92	900.799
-3.141593	1.256302	0.062705	1	13	93	900.798
2.094395	2.164094	-2.991358	88	12	4	900.737
-2.094395	2.115563	0.685730	110	24	101	900.254
1.308997	0.929350	-2.910676	20	28	6	900.216
-2.094395	0.418037	1.360082	87	9	14	900.214
-2.879793	2.063651	-2.044600	14	10	96	900.195
-0.785398	1.184361	0.625864	105	23	103	899.914
0.523599	2.164094	-2.991358	19	110	100	899.742
-2.356194	1.214854	-1.966664	5	25	100	899.705
2.617994	2.587733	0.232235	108	25	102	899.625
-2.617994	2.979456	-1.009304	110	28	109	899.609
-2.356194	1.417623	-0.202254	5	5	92	899.607
-3.141593	1.606104	-0.451151	86	6	1	899.585
1.047198	0.496451	0.593859	6	3	91	899.526
-2.094395	1.374601	-2.456031	10	21	96	899.431
-1.308997	2.073035	2.027405	9	9	94	899.220
2.094395	1.909857	-0.381669	110	25	102	899.145
-1.308997	1.014500	0.906702	107	23	102	899.117
1.832596	2.379497	0.561089	20	108	102	899.084
-1.832596	1.869911	2.701025	0	28	7	899.047
1.047198	1.433411	-1.035986	9	1	90	899.018
-1.570796	2.393226	1.857173	1	14	93	899.014
-2.356194	1.135813	-2.658866	1	29	5	898.970
-0.261799	2.863997	0.549740	106	21	101	898.797
-1.047198	1.413347	-1.339188	20	29	2	898.759
-0.261799	2.247462	0.191623	23	25	108	898.749
1.832596	1.413430	2.550734	0	13	94	898.678
-2.879793	1.413430	2.550734	110	25	101	898.594
-0.523599	1.256302	0.062705	102	25	4	898.562
-0.523599	1.741644	-2.695914	106	20	101	898.477
-2.617994	1.050534	3.042579	86	11	9	898.001
-2.356194	1.242974	-2.977882	1	28	5	897.930
1.047198	2.349581	-2.702517	19	110	101	897.846
1.570796	2.247462	0.191623	17	29	4	897.792
-0.785398	1.662363	0.915448	111	24	98	897.715
0.000000	0.370812	-2.547742	103	26	2	897.633
1.047198	1.824694	1.850876	13	107	90	897.590
0.261799	0.203748	0.590255	15	7	97	897.446
-2.356194	1.606104	-0.451151	13	31	107	897.441
0.523599	2.089241	-0.114193	105	25	111	897.320
1.308997	2.407836	1.410646	4	16	94	897.035
-1.308997	2.108018	1.311430	107	17	97	897.033
0.261799	1.367556	0.358405	2	6	91	896.733
2.617994	0.618092	2.539118	2	20	96	896.543
-0.523599	2.719179	-1.780644	109	12	95	896.513
-0.785398	2.637879	2.121598	89	13	5	896.509
-1.047198	0.864993	2.278281	17	28	102	896.307
-1.047198	0.370812	-2.547742	1	11	92	896.265
-2.094395	0.733948	3.021411	18	30	111	896.244
2.094395	0.906588	1.252948	107	15	96	896.219
-0.261799	1.683268	0.374177	86	9	10	895.922
-1.047198	2.979456	-1.009304	5	6	89	895.870
1.570796	1.736875	3.023612	23	25	5	895.740
2.094395	1.756530	-2.105156	15	4	98	895.733
-1.832596	2.001437	0.381215	17	33	107	895.688
2.879793	0.700570	1.559208	7	30	8	895.560
-2.879793	2.073035	2.027405	3	18	95	895.539
-1.832596	2.863997	0.549740	3	9	91	895.454
-2.094395	1.870545	-2.976234	3	111	88	895.330
1.570796	0.618092	2.539118	106	82	2	895.113
-1.832596	2.041297	-2.664597	2	109	88	895.088
1.832596	0.674054	1.013609	4	27	101	895.016
0.523599	0.615174	-0.666022	110	29	104	894.497
-0.261799	1.310100	1.488307	6	33	1	894.395
-1.308997	1.413347	-1.339188	22	27	2	894.375
2.356194	2.180315	-1.357379	7	10	94	894.276
-2.094395	1.440580	2.260026	19	25	8	894.181
-1.308997	0.618092	2.539118	4	28	2	894.141
-2.094395	1.869911	2.701025	22	26	6	894.024
-0.523599	1.846342	-1.796954	6	7	94	893.897
-2.879793	0.733948	3.021411	22	25	111	893.550
0.261799	2.719179	-1.780644	0	27	104	893.465
-1.570796	1.310100	1.488307	110	17	96	893.388
-1.047198	1.128190	-2.288622	105	22	103	893.367
-1.832596	2.393226	1.857173	104	10	92	893.204
0.000000	2.379497	0.561089	17	0	95	893.200
1.308997	1.242974	-2.977882	0	30	1	893.119
1.832596	2.343981	-1.040456	107	20	101	893.062
-0.785398	2.455966	-0.641220	7	26	13	892.965
-2.617994	0.992645	-1.723759	3	27	102	892.785
1.570796	2.138223	1.678323	110	3	87	892.684
0.000000	1.134497	-1.109631	0	104	86	892.656
-2.617994	2.001437	0.381215	6	7	92	892.638
0.785398	2.579248	-2.364801	90	18	11	892.631
-3.141593	1.836682	-0.676006	111	12	90	892.408
-2.356194	2.579248	-2.364801	2	10	91	892.325
-2.356194	0.290380	-0.796960	109	31	0	892.227
-0.261799	1.391910	3.030322	86	8	0	892.182
-1.308997	2.984978	1.954446	86	7	8	892.156
2.356194	1.569311	-3.003978	109	28	109	892.141
1.832596	1.488617	1.159546	108	26	105	892.086
-3.141593	1.045978	0.343692	0	11	94	891.990
-2.879793	1.846342	-1.796954	12	10	95	891.968
1.832596	1.977582	0.969896	4	18	96	891.930
-2.617994	2.407836	1.410646	5	8	93	891.849
1.308997	0.906588	1.252948	6	6	93	891.720
1.047198	1.025536	1.576859	108	25	104	891.508
2.356194	2.356369	3.005869	11	30	111	891.497
-2.879793	0.961715	0.014085	3	7	93	891.490
0.785398	2.033014	2.977192	14	3	96	891.361
1.308997	1.134796	2.434290	102	9	93	891.332
-1.047198	2.637879	2.121598	86	6	10	891.325
-2.356194	0.850607	-1.335383	92	18	6	891.238
1.308997	2.704512	1.488683	10	8	93	891.199
0.000000	1.606104	-0.451151	91	16	4	891.166
-3.141593	1.440580	2.260026	107	24	104	890.922
2.617994	1.168678	2.108595	111	14	95	890.856
0.785398	2.724429	-0.348782	15	32	106	890.714
2.617994	1.736875	3.023612	8	30	5	890.693
1.832596	1.545873	-1.877082	10	9	95	890.583
0.785398	1.909857	-0.381669	25	19	2	890.515
-0.785398	2.174483	2.653697	85	2	2	890.513
1.570796	1.504028	0.636812	110	24	100	890.379
1.832596	2.138223	1.678323	9	27	99	890.374
-0.785398	2.478122	2.609777	12	31	103	890.265
1.570796	2.637879	2.121598	7	29	110	890.262
2.356194	1.247695	1.809890	6	9	94	890.161
-2.094395	1.569311	-3.003978	19	30	111	890.158
-2.094395	0.615174	-0.666022	8	6	94	890.013
1.047198	1.812176	0.656819	3	29	105	889.953
0.261799	0.709924	0.218797	13	30	3	889.881
0.523599	0.960688	-0.577532	23	25	111	889.849
-0.785398	0.419640	2.974122	90	15	2	889.668
-3.141593	2.356369	3.005869	110	17	97	889.648
-0.785398	1.998705	2.370472	93	20	16	889.566
-2.879793	0.929350	-2.910676	9	1	92	889.540
-1.308997	2.404280	-0.174044	108	26	104	889.453
2.879793	0.458961	-0.107937	85	7	1	889.397
-3.141593	1.134796	2.434290	26	14	111	889.320
1.570796	1.869911	2.701025	22	27	0	889.316
2.617994	2.979456	-1.009304	5	9	92	889.249
-1.308997	1.836682	-0.676006	3	27	103	889.180
-2.094395	1.836682	-0.676006	2	13	92	888.964
1.570796	0.906588	1.252948	3	28	103	888.957
-2.617994	0.419640	2.974122	19	28	0	888.782
-1.832596	1.554776	0.100351	16	111	98	888.730
2.094395	1.977582	0.969896	5	18	95	888.724
1.047198	0.906588	1.252948	7	6	93	888.513
-1.570796	2.108018	1.311430	4	10	93	888.506
1.047198	2.588535	-2.976617	16	4	97	888.450
-2.617994	2.587733	0.232235	8	4	92	888.442
-0.261799	1.699788	2.452890	84	0	3	888.417
1.047198	1.545873	-1.877082	7	2	92	888.269
2.094395	0.899350	-2.069907	6	4	94	888.241
0.261799	0.370812	-2.547742	106	21	103	888.094
0.000000	1.256302	0.062705	2	5	91	888.066
1.308997	2.396274	-1.959260	19	108	100	887.809
-0.785398	1.606104	-0.451151	82	110	1	887.779
2.617994	1.014500	0.906702	108	21	100	887.734
0.261799	0.960688	-0.577532	89	13	3	887.694
0.261799	2.001437	0.381215	109	29	2	887.643
2.094395	2.299159	2.264663	3	22	95	887.485
-1.570796	0.619654	-2.216909	93	21	7	887.480
0.523599	1.025536	1.576859	0	2	89	887.480
2.356194	1.391910	3.030322	109	27	104	887.367
-2.879793	1.310100	1.488307	0	24	101	887.047
-1.832596	1.545873	-1.877082	12	10	95	887.040
-1.308997	1.948085	-2.363031	15	18	97	886.819
2.879793	2.704512	1.488683	13	30	6	886.715
2.094395	1.662363	0.915448	8	19	97	886.695
-0.261799	1.214854	-1.966664	0	28	105	886.668
-2.094395	0.961715	0.014085	105	13	96	886.625
1.832596	1.256302	0.062705	3	32	105	886.604
2.879793	0.929350	-2.910676	28	12	111	886.602
-2.617994	0.850607	-1.335383	111	0	88	886.572
-1.308997	1.756530	-2.105156	10	10	96	886.298
2.094395	1.450119	-2.739050	13	31	5	886.283
-2.356194	1.184361	0.625864	5	103	86	886.270
2.356194	0.203748	0.590255	106	6	90	886.255
1.047198	2.760637	2.781135	1	28	105	886.219
-1.832596	2.251330	-2.330739	1	7	93	886.146
0.261799	2.104282	-0.813972	24	20	108	886.005
1.832596	2.588535	-2.976617	111	27	105	885.859
2.356194	1.756530	-2.105156	10	13	95	885.752
0.000000	1.869911	2.701025	6	7	93	885.704
1.047198	1.448123	-2.163292	11	10	95	885.599
-2.617994	1.488617	1.159546	4	24	99	885.533
-2.879793	1.554776	0.100351	2	8	93	885.343
2.617994	0.418037	1.360082	87	15	9	885.167
-2.879793	1.135813	-2.658866	6	0	90	885.143
-1.832596	2.404280	-0.174044	109	28	109	884.984
-2.617994	2.104282	-0.813972	6	12	92	884.829
-1.570796	2.104282	-0.813972	109	26	110	884.773
-0.261799	0.906588	1.252948	24	23	8	884.685
-1.308997	0.458961	-0.107937	107	20	101	884.555
-2.617994	0.379747	-1.713059	95	23	8	884.516
0.261799	1.448123	-2.163292	13	10	96	884.511
1.570796	2.719179	-1.780644	8	4	93	884.434
-2.617994	1.367556	0.358405	17	30	3	884.298
2.356194	2.760637	2.781135	106	23	103	884.273
-2.617994	1.310100	1.488307	111	29	5	884.234
0.785398	0.733948	3.021411	100	84	110	884.188
-2.879793	1.836682	-0.676006	2	15	92	884.103
1.570796	2.041297	-2.664597	8	7	94	884.003
-1.570796	1.545873	-1.877082	9	12	95	883.876
-2.617994	2.724429	-0.348782	86	96	3	883.790
-0.523599	1.606104	-0.451151	3	28	106	883.777
-0.261799	0.674054	1.013609	26	22	5	883.745
-1.832596	1.168678	2.108595	87	12	5	883.328
-0.785398	1.721184	-0.153948	1	22	100	883.281
1.832596	2.984978	1.954446	7	9	92	883.241
0.523599	2.393226	1.857173	110	84	13	883.205
2.094395	2.349581	-2.702517	10	33	105	882.926
-0.261799	0.700570	1.559208	7	3	92	882.870
2.094395	0.496451	0.593859	14	4	97	882.835
0.523599	1.756530	-2.105156	3	26	99	882.764
0.523599	1.247695	1.809890	3	13	95	882.722
-1.308997	1.662363	0.915448	14	0	96	882.498
2.094395	2.115563	0.685730	20	107	103	882.486
-3.141593	1.510910	-0.740472	91	18	10	882.233
-2.094395	2.404280	-0.174044	12	0	93	882.223
1.047198	1.242974	-2.977882	4	30	3	882.161
-1.570796	2.704512	1.488683	86	5	11	882.002
-2.094395	1.606104	-0.451151	11	31	107	881.954
-0.523599	0.297065	2.160177	107	25	107	881.719
0.000000	1.824694	1.850876	22	27	1	881.636
2.879793	1.812176	0.656819	11	15	96	881.630
-0.523599	1.413430	2.550734	88	11	4	881.578
2.879793	1.135813	-2.658866	14	1	98	881.421
2.094395	2.579248	-2.364801	109	13	94	881.362
-2.094395	2.356369	3.005869	2	12	94	881.266
0.261799	2.187132	-0.479875	25	18	110	881.254
2.879793	2.881233	-2.582574	101	24	109	881.203
-3.141593	0.418037	1.360082	3	16	96	881.172
-1.308997	1.134497	-1.109631	21	28	109	881.120
-2.356194	1.809167	1.213774	5	21	96	881.107
1.308997	1.554776	0.100351	20	27	7	880.876
0.523599	0.419640	2.974122	8	111	88	880.852
-2.356194	0.571433	-1.188419	17	22	99	880.565
-3.141593	1.413347	-1.339188	111	21	100	880.547
-2.094395	1.599406	1.426070	4	1	88	880.522
-2.094395	1.658653	-2.409879	2	7	92	880.521
-2.356194	1.909857	-0.381669	93	20	1	880.512
1.047198	0.297065	2.160177	5	110	88	880.363
1.308997	2.153910	-1.714959	6	29	102	880.114
1.047198	1.335669	0.897240	1	16	97	880.104
-2.879793	1.168678	2.108595	105	24	104	879.984
-2.617994	1.325504	-1.671296	7	22	94	879.859
0.000000	2.349581	-2.702517	96	19	0	879.828
2.879793	2.588535	-2.976617	97	20	108	879.789
0.523599	2.881233	-2.582574	92	8	100	879.764
-1.308997	2.724429	-0.348782	90	17	2	879.746
2.617994	2.349581	-2.702517	19	0	101	879.733
0.785398	0.899350	-2.069907	15	6	97	879.634
1.308997	0.831641	0.616218	5	10	93	879.624
-2.879793	1.617114	-1.572037	6	23	97	879.412
-2.356194	1.721184	-0.153948	0	9	91	879.407
1.570796	1.545873	-1.877082	2	111	89	879.286
0.261799	2.407836	1.410646	16	30	3	879.176
-2.617994	1.242974	-2.977882	3	4	91	879.161
2.094395	1.741644	-2.695914	14	31	3	879.146
2.356194	1.998705	2.370472	7	30	103	879.042
-1.570796	1.846342	-1.796954	11	9	95	878.887
-3.141593	1.699788	2.452890	111	24	98	878.623
-0.523599	2.104282	-0.813972	13	30	106	878.385
1.570796	2.299159	2.264663	111	6	89	878.197
-1.832596	1.113094	-0.272241	6	29	105	878.121
-2.617994	2.396274	-1.959260	9	33	111	878.095
-0.261799	0.831641	0.616218	105	107	89	878.088
1.308997	2.587733	0.232235	23	22	1	878.017
2.356194	0.618092	2.539118	106	13	94	877.946
-1.047198	1.134796	2.434290	18	28	103	877.896
0.261799	1.504028	0.636812	8	8	96	877.844
2.879793	2.379497	0.561089	108	27	104	877.672
-0.785398	1.374601	-2.456031	107	83	15	877.613
-1.047198	2.396274	-1.959260	8	4	94	877.401
1.047198	2.164094	-2.991358	27	17	2	877.336
1.570796	1.367556	0.358405	8	12	94	877.244
1.832596	1.658653	-2.409879	22	26	6	877.178
2.356194	1.948085	-2.363031	18	111	98	877.158
1.570796	1.488617	1.159546	12	22	99	877.127
-1.047198	1.756530	-2.105156	14	16	96	877.057
1.832596	1.440580	2.260026	5	6	91	876.955
-1.832596	2.719179	-1.780644	19	108	103	876.904
0.000000	0.866395	-2.492918	11	31	2	876.613
-2.094395	1.214854	-1.966664	2	28	101	876.562
-1.308997	2.637879	2.121598	87	8	5	876.383
-1.308997	0.831641	0.616218	106	27	110	876.320
1.047198	1.488617	1.159546	108	26	111	876.188
-2.094395	2.001437	0.381215	110	3	89	875.991
-1.308997	2.456751	-1.503343	15	111	97	875.956
1.832596	2.637879	2.121598	1	22	96	875.660
-1.570796	1.696674	-1.253233	22	25	2	875.625
-1.570796	0.674054	1.013609	106	26	109	875.539
2.879793	1.824694	1.850876	10	7	95	875.523
-1.047198	2.863997	0.549740	101	24	1	875.383
-2.094395	1.448123	-2.163292	11	13	95	875.357
1.047198	0.910508	1.903534	5	30	108	875.123
1.047198	0.899350	-2.069907	16	7	97	874.952
-1.832596	2.664082	-1.071402	3	29	103	874.844
