112	1.2	0
-3.141593	1.113094	-0.272241
0.000000	0.000000	0.000000
model.B99990004.pdb	20.511	-42.961	-10.232
1iob.pdb	15.932	13.567	1.186
1.308997	0.496451	0.593859	1	111	36	13.815
2.094395	0.458961	-0.107937	0	4	35	13.258
1.308997	0.709924	0.218797	5	2	36	11.243
0.523599	0.496451	0.593859	0	2	36	11.081
2.617994	0.290380	-0.796960	107	5	34	11.052
-3.141593	0.290380	-0.796960	106	1	34	10.920
2.094395	0.290380	-0.796960	110	9	34	10.855
1.570796	0.203748	0.590255	108	110	35	10.239
1.832596	0.458961	-0.107937	1	5	36	9.747
-1.047198	0.458961	-0.107937	8	0	36	9.520
-1.832596	0.496451	0.593859	7	5	36	9.454
-0.523599	0.961715	0.014085	4	108	36	9.425
-1.308997	0.571433	-1.188419	16	14	32	9.285
-2.879793	0.290380	-0.796960	106	110	34	9.132
2.094395	0.709924	0.218797	5	3	36	9.095
1.047198	0.203748	0.590255	108	2	35	9.066
-1.570796	0.961715	0.014085	110	111	36	8.905
1.047198	0.496451	0.593859	1	0	36	8.868
-0.785398	1.256302	0.062705	111	106	34	8.839
0.261799	0.674054	1.013609	109	110	35	8.773
0.785398	0.496451	0.593859	111	2	36	8.773
-2.094395	1.194549	-0.801900	103	111	29	8.707
-0.785398	1.367556	0.358405	108	106	33	8.612
1.832596	0.762244	-0.273349	5	7	35	8.575
1.308997	0.203748	0.590255	109	0	35	8.480
0.000000	0.831641	0.616218	1	111	36	8.479
0.785398	0.960688	-0.577532	97	104	30	8.451
-1.047198	1.846342	-1.796954	90	102	83	8.333
-1.308997	1.256302	0.062705	108	110	34	8.319
-0.785398	0.458961	-0.107937	9	2	36	8.025
-1.832596	2.724429	-0.348782	93	106	78	7.915
0.261799	0.733948	3.021411	96	98	84	7.908
1.308997	0.458961	-0.107937	3	6	36	7.893
0.523599	2.299159	2.264663	97	99	81	7.864
-0.261799	0.961715	0.014085	5	108	36	7.798
-0.785398	1.869911	2.701025	90	108	81	7.703
-1.047198	1.869911	2.701025	90	111	81	7.703
-0.261799	1.824694	1.850876	88	100	90	7.637
-0.523599	0.899350	-2.069907	17	6	36	7.629
2.617994	1.256302	0.062705	8	11	34	7.571
0.000000	0.961715	0.014085	7	109	36	7.571
-2.879793	1.134796	2.434290	2	37	96	7.563
2.356194	0.290380	-0.796960	109	7	34	7.534
-2.617994	0.290380	-0.796960	107	108	34	7.505
-1.047198	1.256302	0.062705	109	108	34	7.505
2.617994	1.128190	-2.288622	2	38	94	7.439
-2.094395	2.456751	-1.503343	90	105	81	7.410
-0.261799	1.869911	2.701025	93	102	81	7.410
1.570796	0.960688	-0.577532	11	10	33	7.373
-1.570796	1.256302	0.062705	106	0	34	7.211
1.570796	2.063651	-2.044600	97	111	78	7.204
-1.570796	1.869911	2.701025	91	5	81	7.183
-1.308997	1.869911	2.701025	90	2	81	7.183
-1.308997	1.545873	-1.877082	85	105	88	7.168
1.570796	0.709924	0.218797	5	2	36	7.146
0.000000	0.914445	2.687814	89	104	85	7.131
-0.785398	1.050534	3.042579	90	111	81	7.131
-0.523599	0.685216	-1.712745	99	107	32	7.117
-2.617994	1.214854	-1.966664	89	108	82	7.101
-0.785398	0.640596	-2.797608	91	102	84	7.094
-1.832596	1.194549	-0.801900	102	108	29	7.080
-1.832596	1.113094	-0.272241	107	110	34	7.051
-1.570796	1.113094	-0.272241	108	108	34	7.050
-0.261799	1.218453	2.777284	89	109	82	7.036
0.000000	1.574060	2.783565	90	109	81	7.035
2.879793	2.579248	-2.364801	97	110	76	6.955
-2.879793	1.998705	2.370472	5	33	85	6.919
0.785398	0.203748	0.590255	108	5	35	6.919
-1.308997	1.417623	-0.202254	106	106	31	6.918
-1.570796	1.736875	3.023612	90	3	81	6.890
0.000000	2.138223	1.678323	91	98	87	6.889
-2.094395	2.407836	1.410646	104	35	89	6.882
1.308997	0.960688	-0.577532	13	8	33	6.853
0.000000	1.699788	2.452890	93	97	86	6.824
-1.832596	1.846342	-1.796954	87	1	83	6.808
-0.261799	1.574060	2.783565	90	0	81	6.808
0.000000	1.135813	-2.658866	104	101	35	6.794
0.523599	1.869911	2.701025	89	106	83	6.771
-1.308997	0.961715	0.014085	0	110	36	6.757
-1.047198	0.961715	0.014085	1	109	36	6.757
-2.879793	2.251330	-2.330739	94	2	77	6.728
0.523599	0.709924	0.218797	5	2	37	6.692
-1.570796	1.846342	-1.796954	87	109	83	6.676
0.261799	1.050534	3.042579	95	101	81	6.611
-0.261799	2.073035	2.027405	89	103	85	6.596
-0.523599	1.506530	1.988858	86	103	92	6.596
-1.570796	1.242974	-2.977882	86	0	87	6.596
-1.047198	1.736875	3.023612	90	109	81	6.596
-2.879793	2.592629	0.909713	0	36	88	6.589
0.523599	1.128190	-2.288622	103	100	81	6.588
-1.570796	2.393226	1.857173	101	32	86	6.560
0.000000	1.050534	3.042579	93	103	81	6.544
-1.832596	2.343981	-1.040456	106	30	75	6.530
-2.356194	0.961715	0.014085	111	3	36	6.530
1.832596	2.251330	-2.330739	1	27	80	6.523
-1.308997	2.247462	0.191623	88	102	85	6.515
-1.570796	1.301460	-0.509251	106	106	30	6.493
-0.523599	1.256302	0.062705	0	106	34	6.464
-1.308997	2.979456	-1.009304	4	1	38	6.391
-0.523599	2.073035	2.027405	87	106	85	6.369
2.617994	2.579248	-2.364801	97	0	76	6.369
-1.047198	0.640596	-2.797608	89	105	84	6.346
-0.523599	0.458961	-0.107937	9	3	36	6.332
-1.308997	1.736875	3.023612	90	0	81	6.303
-0.523599	1.824694	1.850876	86	104	90	6.303
-0.523599	1.440580	2.260026	86	103	91	6.303
0.523599	2.393226	1.857173	97	96	84	6.303
-1.047198	1.214854	-1.966664	94	4	26	6.303
2.094395	1.374601	-2.456031	9	33	88	6.237
-1.047198	1.554776	0.100351	106	105	31	6.237
2.356194	0.458961	-0.107937	110	2	36	6.237
-1.308997	1.113094	-0.272241	110	107	34	6.237
2.094395	1.256302	0.062705	11	8	34	6.171
2.879793	0.290380	-0.796960	106	3	34	6.171
-2.879793	2.356369	3.005869	105	2	76	6.142
2.879793	2.881233	-2.582574	96	106	77	6.142
-2.617994	1.574060	2.783565	109	36	86	6.105
-2.617994	1.998705	2.370472	2	34	85	6.105
2.879793	1.699788	2.452890	10	31	87	6.105
0.785398	0.458961	-0.107937	4	7	36	6.105
-1.832596	0.960688	-0.577532	108	108	33	6.105
0.000000	0.674054	1.013609	108	111	35	6.105
-0.523599	1.869911	2.701025	91	105	81	6.076
-1.047198	1.998705	2.370472	89	1	82	6.076
1.570796	0.458961	-0.107937	2	5	36	6.039
1.047198	0.709924	0.218797	5	2	36	6.038
-2.879793	1.555207	1.708892	6	37	96	6.010
-2.356194	1.194549	-0.801900	102	3	29	5.973
1.832596	0.709924	0.218797	5	2	36	5.973
-2.617994	1.440580	2.260026	0	38	92	5.944
-2.617994	1.310100	1.488307	0	36	102	5.936
2.356194	2.881233	-2.582574	95	109	77	5.915
-3.141593	2.349581	-2.702517	99	0	76	5.915
2.617994	2.349581	-2.702517	100	1	76	5.915
0.000000	2.393226	1.857173	90	102	84	5.915
0.000000	0.733948	3.021411	93	100	84	5.892
-1.308997	2.579248	-2.364801	104	106	77	5.878
-2.879793	2.073035	2.027405	6	34	87	5.878
-0.523599	1.367556	0.358405	110	105	33	5.877
0.261799	1.699788	2.452890	96	96	85	5.849
-2.356194	2.979456	-1.009304	91	108	80	5.849
0.523599	2.984978	1.954446	92	105	80	5.848
0.785398	0.709924	0.218797	5	2	36	5.841
2.356194	2.587733	0.232235	9	33	89	5.812
-3.141593	1.134796	2.434290	7	36	96	5.812
-2.879793	1.391910	3.030322	110	37	88	5.812
-3.141593	1.998705	2.370472	8	31	85	5.812
-2.094395	1.510910	-0.740472	99	1	26	5.812
-0.261799	1.998705	2.370472	91	103	82	5.783
-1.308997	2.164094	-2.991358	96	111	77	5.783
2.094395	2.881233	-2.582574	95	109	77	5.783
0.000000	2.033014	2.977192	98	103	78	5.783
-1.308997	2.299159	2.264663	92	6	81	5.783
1.570796	2.349581	-2.702517	0	23	79	5.775
-2.356194	2.592629	0.909713	105	36	89	5.746
-2.617994	1.218453	2.777284	108	38	92	5.746
-2.356194	1.555207	1.708892	108	38	96	5.746
-1.047198	1.218453	2.777284	85	108	90	5.717
-1.308997	1.998705	2.370472	90	5	83	5.717
0.261799	0.961715	0.014085	9	110	36	5.716
-2.617994	2.295480	1.008277	108	37	93	5.709
-2.356194	2.251330	-2.330739	93	110	77	5.688
2.356194	0.709924	0.218797	3	3	36	5.679
-2.879793	1.824694	1.850876	6	36	92	5.651
-1.047198	1.367556	0.358405	106	110	33	5.651
2.617994	2.089241	-0.114193	4	38	97	5.651
2.617994	2.881233	-2.582574	95	107	77	5.621
-2.617994	1.168678	2.108595	101	9	36	5.621
2.617994	2.588535	-2.976617	100	109	76	5.621
0.261799	0.496451	0.593859	0	2	36	5.614
-0.785398	2.863997	0.549740	97	102	79	5.599
-1.832596	1.256302	0.062705	106	2	34	5.585
-0.785398	0.709924	0.218797	4	1	37	5.585
0.523599	1.374601	-2.456031	99	102	79	5.585
0.000000	0.762244	-0.273349	9	111	36	5.585
-2.356194	0.960688	-0.577532	105	1	33	5.585
0.523599	0.674054	1.013609	110	109	35	5.584
-0.523599	0.733948	3.021411	88	106	84	5.570
-0.785398	2.592629	0.909713	93	100	82	5.570
-1.570796	2.033014	2.977192	94	3	78	5.556
-1.832596	1.948085	-2.363031	92	108	79	5.555
0.785398	2.984978	1.954446	95	102	79	5.555
-2.617994	2.881233	-2.582574	102	103	77	5.555
-1.570796	1.135813	-2.658866	103	12	35	5.555
-2.879793	0.571433	-1.188419	103	4	32	5.555
0.523599	1.135813	-2.658866	98	98	83	5.548
-2.356194	1.809167	1.213774	106	37	98	5.548
1.570796	1.014500	0.906702	86	107	84	5.548
-2.094395	2.396274	-1.959260	95	1	77	5.540
-0.523599	1.574060	2.783565	90	103	84	5.489
-2.356194	1.413430	2.550734	106	37	89	5.489
2.617994	1.045978	0.343692	8	7	35	5.453
-1.308997	1.045978	0.343692	110	2	35	5.452
-1.308997	0.709924	0.218797	4	1	36	5.452
0.000000	1.045978	0.343692	4	108	35	5.452
-2.356194	1.113094	-0.272241	107	4	34	5.424
-2.879793	1.766067	2.153843	5	36	89	5.423
-1.832596	1.301460	-0.509251	104	109	31	5.423
-1.832596	0.762244	-0.273349	0	109	36	5.423
2.356194	1.256302	0.062705	9	9	34	5.423
-0.785398	1.554776	0.100351	109	103	31	5.423
-2.094395	0.961715	0.014085	110	2	36	5.423
-2.356194	0.571433	-1.188419	103	111	32	5.423
-2.356194	2.108018	1.311430	106	37	93	5.416
-2.617994	1.809167	1.213774	110	37	98	5.415
-2.094395	2.664082	-1.071402	95	109	77	5.408
-2.356194	1.699788	2.452890	108	36	87	5.358
1.832596	2.760637	2.781135	106	1	35	5.350
-1.832596	1.450119	-2.739050	87	0	84	5.329
0.523599	2.073035	2.027405	98	96	84	5.329
-2.094395	1.756530	-2.105156	87	110	84	5.329
0.261799	2.356369	3.005869	99	107	76	5.328
0.523599	1.998705	2.370472	99	96	82	5.328
-2.617994	2.356369	3.005869	104	3	76	5.328
-0.785398	1.870545	-2.976234	94	104	25	5.299
2.879793	0.733948	3.021411	5	35	99	5.283
-0.261799	2.033014	2.977192	96	104	78	5.263
-3.141593	1.113094	-0.272241	109	9	34	5.262
-3.141593	2.719179	-1.780644	92	0	79	5.262
-1.832596	2.251330	-2.330739	96	107	77	5.262
0.261799	1.998705	2.370472	95	98	83	5.262
-1.570796	1.870545	-2.976234	92	1	79	5.262
-0.785398	1.699788	2.452890	87	108	85	5.262
2.879793	1.113094	-0.272241	111	10	34	5.262
-1.832596	2.579248	-2.364801	101	106	76	5.262
-3.141593	1.450119	-2.739050	102	0	77	5.240
-3.141593	2.247462	0.191623	110	38	95	5.225
-2.879793	1.113094	-0.272241	110	8	34	5.196
1.570796	2.592629	0.909713	104	110	35	5.196
-1.832596	2.881233	-2.582574	107	106	77	5.196
-0.785398	1.440580	2.260026	85	106	91	5.196
2.879793	0.961715	0.014085	4	8	36	5.196
-2.617994	0.910508	1.903534	88	6	79	5.189
-2.356194	1.599406	1.426070	107	37	100	5.188
-2.617994	2.664082	-1.071402	95	0	77	5.181
-2.094395	1.658653	-2.409879	87	1	82	5.167
-2.356194	1.948085	-2.363031	90	1	79	5.167
0.000000	2.115563	0.685730	2	74	16	5.160
-2.617994	1.555207	1.708892	1	37	97	5.159
0.000000	1.367556	0.358405	5	80	29	5.130
0.261799	2.073035	2.027405	95	97	85	5.130
-1.047198	2.299159	2.264663	91	3	81	5.130
-0.523599	1.683268	0.374177	110	79	25	5.130
0.261799	0.960688	-0.577532	95	2	30	5.130
-0.785398	0.961715	0.014085	2	109	36	5.130
0.000000	1.218453	2.777284	90	106	82	5.115
-1.047198	0.619654	-2.216909	103	9	37	5.101
1.832596	2.881233	-2.582574	95	0	77	5.101
1.047198	2.979456	-1.009304	8	27	82	5.064
-3.141593	2.073035	2.027405	9	32	87	5.064
-1.832596	0.831641	0.616218	3	6	36	5.064
1.308997	2.251330	-2.330739	94	109	79	5.057
-0.261799	0.733948	3.021411	90	102	84	5.049
0.523599	2.356369	3.005869	100	106	76	5.035
-0.261799	2.407836	1.410646	89	101	86	5.035
0.261799	2.299159	2.264663	94	100	81	5.035
-0.785398	2.033014	2.977192	93	108	78	5.035
-0.785398	2.587733	0.232235	90	99	87	5.035
2.356194	2.588535	-2.976617	100	109	76	5.035
-2.356194	2.033014	2.977192	99	7	78	5.035
-1.832596	2.033014	2.977192	95	5	78	5.035
-2.094395	2.033014	2.977192	97	7	78	5.035
-0.523599	2.704512	1.488683	94	101	81	5.013
1.832596	0.960688	-0.577532	9	12	33	4.998
-2.617994	1.872854	1.543456	0	38	94	4.998
-0.785398	1.448123	-2.163292	12	107	38	4.991
-1.570796	2.164094	-2.991358	96	111	77	4.969
-0.785398	1.736875	3.023612	91	106	81	4.969
1.570796	2.984978	1.954446	103	100	79	4.969
-2.617994	2.108018	1.311430	111	37	93	4.961
-1.047198	2.379497	0.561089	90	100	84	4.954
0.000000	1.014500	0.906702	107	107	34	4.940
-2.617994	2.704512	1.488683	2	34	85	4.933
-3.141593	1.574060	2.783565	4	34	86	4.932
-0.785398	2.063651	-2.044600	92	102	80	4.925
2.617994	0.929350	-2.910676	6	35	96	4.925
1.047198	2.356369	3.005869	89	107	83	4.917
-0.523599	1.699788	2.452890	88	103	86	4.903
-2.094395	2.041297	-2.664597	94	0	78	4.903
-2.356194	2.041297	-2.664597	95	2	78	4.903
-1.047198	1.413430	2.550734	85	109	89	4.903
-0.785398	0.992645	-1.723759	95	111	27	4.903
-2.094395	1.113094	-0.272241	107	1	34	4.903
-2.094395	1.440580	2.260026	102	36	93	4.896
-2.879793	2.349581	-2.702517	98	0	76	4.874
0.785398	1.998705	2.370472	102	97	82	4.874
-2.617994	2.251330	-2.330739	94	111	77	4.874
-2.094395	2.979456	-1.009304	91	104	80	4.874
-1.047198	2.033014	2.977192	91	111	78	4.874
-2.356194	2.704512	1.488683	111	34	85	4.867
0.000000	0.618092	2.539118	87	103	88	4.859
2.356194	1.045978	0.343692	10	6	35	4.837
0.000000	0.899350	-2.069907	13	12	36	4.830
-0.523599	0.640596	-2.797608	93	99	84	4.822
0.261799	2.164094	-2.991358	102	105	76	4.808
0.785398	2.637879	2.121598	97	101	79	4.808
-2.879793	2.579248	-2.364801	96	109	76	4.808
-1.308997	1.574060	2.783565	88	1	84	4.808
-2.094395	2.349581	-2.702517	99	109	76	4.808
-1.570796	2.041297	-2.664597	95	108	77	4.808
-1.832596	2.592629	0.909713	97	31	88	4.800
-1.047198	0.709924	0.218797	4	1	36	4.800
-1.832596	0.709924	0.218797	3	2	36	4.800
2.356194	0.762244	-0.273349	2	8	35	4.800
-2.879793	1.599406	1.426070	4	36	99	4.799
-2.094395	2.073035	2.027405	106	36	87	4.771
-2.356194	2.637879	2.121598	3	31	82	4.771
1.570796	0.496451	0.593859	1	110	36	4.771
0.523599	1.214854	-1.966664	8	11	39	4.763
-2.356194	2.456751	-1.503343	89	109	81	4.742
0.261799	2.984978	1.954446	92	107	79	4.742
-1.832596	2.063651	-2.044600	92	105	80	4.742
2.356194	2.579248	-2.364801	98	1	76	4.742
-2.879793	2.138223	1.678323	5	35	90	4.734
-2.094395	2.138223	1.678323	104	36	90	4.734
-2.094395	2.251330	-2.330739	93	108	77	4.713
2.617994	2.587733	0.232235	6	35	89	4.705
2.094395	0.762244	-0.273349	4	8	35	4.705
-1.570796	0.960688	-0.577532	109	106	33	4.705
2.617994	0.458961	-0.107937	111	2	36	4.704
-2.879793	1.812176	0.656819	111	37	101	4.703
-0.261799	2.704512	1.488683	90	105	82	4.676
-1.308997	2.174483	2.653697	93	3	79	4.676
-0.785398	2.299159	2.264663	90	0	81	4.676
-0.261799	1.506530	1.988858	88	100	92	4.676
-0.523599	0.992645	-1.723759	96	106	27	4.676
-1.570796	2.881233	-2.582574	108	107	77	4.676
-2.094395	2.588535	-2.976617	103	111	76	4.676
-2.617994	0.080730	-2.622036	98	109	76	4.668
-1.570796	0.762244	-0.273349	0	109	35	4.668
-2.356194	1.569311	-3.003978	92	9	82	4.647
-2.879793	2.881233	-2.582574	100	103	77	4.647
2.617994	1.756530	-2.105156	92	1	79	4.631
0.261799	0.914445	2.687814	91	101	85	4.624
-2.617994	2.299159	2.264663	4	32	83	4.610
-0.261799	1.683268	0.374177	1	77	25	4.610
-2.617994	2.719179	-1.780644	92	106	79	4.581
-2.356194	1.824694	1.850876	110	38	92	4.581
-2.094395	1.736875	3.023612	94	8	80	4.581
1.308997	2.478122	2.609777	102	102	77	4.581
-0.785398	1.413430	2.550734	85	106	88	4.581
2.094395	2.343981	-1.040456	4	35	88	4.573
-2.094395	1.247695	1.809890	92	110	74	4.573
-0.523599	1.413430	2.550734	88	4	84	4.566
-2.356194	0.709924	0.218797	3	2	37	4.544
2.617994	1.450119	-2.739050	5	34	86	4.544
0.261799	1.812176	0.656819	6	74	21	4.544
-3.141593	1.242974	-2.977882	0	37	89	4.544
-2.356194	2.295480	1.008277	104	36	93	4.536
0.261799	2.760637	2.781135	3	12	35	4.536
1.047198	2.760637	2.781135	96	107	77	4.515
-1.832596	1.756530	-2.105156	88	106	83	4.515
-0.785398	2.073035	2.027405	87	111	85	4.515
-2.094395	1.569311	-3.003978	91	7	82	4.515
1.832596	2.356369	3.005869	105	107	76	4.515
-1.570796	1.574060	2.783565	88	5	84	4.515
-2.356194	1.247695	1.809890	109	37	100	4.507
-1.832596	1.448123	-2.163292	97	102	79	4.500
-1.832596	2.704512	1.488683	104	104	35	4.485
-3.141593	2.115563	0.685730	3	38	96	4.477
-1.047198	1.699788	2.452890	87	0	85	4.449
-1.308997	1.391910	3.030322	86	111	86	4.449
0.523599	2.174483	2.653697	99	100	79	4.449
-1.570796	2.063651	-2.044600	93	102	81	4.449
0.000000	1.998705	2.370472	92	100	83	4.448
2.617994	2.760637	2.781135	106	105	77	4.448
-1.570796	1.310100	1.488307	94	111	74	4.441
-0.261799	0.899350	-2.069907	16	10	36	4.441
-2.356194	1.214854	-1.966664	90	105	82	4.434
-1.308997	2.724429	-0.348782	96	103	78	4.434
-1.047198	0.960688	-0.577532	80	102	94	4.420
-0.785398	1.184361	0.625864	108	111	34	4.412
-1.832596	0.458961	-0.107937	5	109	36	4.411
-1.308997	0.619654	-2.216909	92	99	85	4.404
-0.523599	2.251330	-2.330739	94	103	78	4.404
0.261799	1.242974	-2.977882	99	104	78	4.397
-0.261799	1.699788	2.452890	91	100	85	4.383
-1.832596	1.741644	-2.695914	90	111	81	4.383
-2.356194	2.299159	2.264663	1	33	83	4.383
-0.785398	1.683268	0.374177	107	81	25	4.383
-2.879793	1.506530	1.988858	6	37	94	4.383
-1.570796	1.741644	-2.695914	90	108	81	4.383
-2.617994	0.961715	0.014085	0	6	36	4.383
-1.308997	2.041297	-2.664597	95	106	78	4.382
1.570796	2.579248	-2.364801	108	27	78	4.382
-1.047198	1.721184	-0.153948	104	103	28	4.382
-2.879793	0.961715	0.014085	1	7	36	4.382
-0.261799	2.760637	2.781135	95	106	78	4.360
-0.523599	1.450119	-2.739050	98	104	31	4.353
-2.617994	2.349581	-2.702517	97	111	76	4.353
0.000000	1.128190	-2.288622	102	99	31	4.353
-2.356194	2.587733	0.232235	39	95	18	4.353
2.356194	0.961715	0.014085	6	7	35	4.346
1.832596	0.290380	-0.796960	0	10	34	4.346
-1.832596	1.904882	-1.478089	87	111	82	4.338
2.617994	1.113094	-0.272241	13	32	90	4.324
2.356194	1.374601	-2.456031	6	35	88	4.317
-1.047198	2.174483	2.653697	92	2	80	4.317
-1.308997	2.033014	2.977192	93	1	79	4.316
-1.308997	2.637879	2.121598	103	29	82	4.309
2.617994	2.979456	-1.009304	103	30	83	4.309
-2.617994	1.599406	1.426070	111	37	99	4.308
-1.047198	2.592629	0.909713	90	103	82	4.301
-0.261799	2.592629	0.909713	91	99	85	4.288
-2.356194	2.579248	-2.364801	98	106	76	4.288
-0.261799	2.164094	-2.991358	99	106	76	4.287
-0.523599	1.766067	2.153843	86	104	87	4.287
-3.141593	1.696674	-1.253233	5	111	39	4.287
-2.356194	2.881233	-2.582574	104	104	77	4.287
0.261799	1.948085	-2.363031	102	95	81	4.280
-0.785398	0.850607	-1.335383	8	15	37	4.280
0.261799	2.001437	0.381215	9	74	19	4.250
-1.570796	2.979456	-1.009304	4	1	38	4.243
-2.094395	1.872854	1.543456	103	36	95	4.243
-2.356194	2.664082	-1.071402	95	111	77	4.235
-0.523599	2.587733	0.232235	93	97	87	4.222
-2.879793	2.396274	-1.959260	92	0	79	4.222
0.785398	1.510910	-0.740472	39	95	23	4.222
-1.047198	1.574060	2.783565	87	109	84	4.222
-1.308997	2.251330	-2.330739	99	104	77	4.222
-1.832596	2.349581	-2.702517	99	109	76	4.222
-0.261799	2.299159	2.264663	90	105	81	4.221
-1.832596	2.979456	-1.009304	93	103	80	4.221
-0.523599	2.033014	2.977192	94	106	78	4.221
-1.570796	2.349581	-2.702517	100	108	76	4.221
-0.785398	1.045978	0.343692	0	110	36	4.221
2.617994	1.134497	-1.109631	1	100	34	4.221
-1.308997	1.135813	-2.658866	101	9	35	4.221
-2.617994	2.863997	0.549740	105	34	86	4.214
-2.094395	1.824694	1.850876	104	36	92	4.214
-1.047198	2.863997	0.549740	95	103	78	4.206
2.094395	2.664082	-1.071402	1	34	85	4.185
-2.879793	2.115563	0.685730	111	38	96	4.185
-1.832596	1.510910	-0.740472	100	109	26	4.184
-2.094395	2.164094	-2.991358	97	2	77	4.156
-0.261799	1.413430	2.550734	91	98	88	4.156
0.261799	2.033014	2.977192	100	102	78	4.155
-1.832596	2.164094	-2.991358	97	1	77	4.155
-2.617994	2.456751	-1.503343	89	0	81	4.155
0.000000	0.615174	-0.666022	13	0	35	4.155
2.617994	2.251330	-2.330739	91	105	81	4.140
-0.523599	2.295480	1.008277	94	96	86	4.140
-1.308997	1.242974	-2.977882	85	108	86	4.126
-2.356194	1.168678	2.108595	101	4	37	4.126
0.261799	2.478122	2.609777	93	106	78	4.126
-0.523599	1.184361	0.625864	109	108	34	4.119
0.523599	0.591903	2.010408	96	4	76	4.119
-2.617994	1.736875	3.023612	83	102	90	4.119
1.832596	2.164094	-2.991358	4	21	79	4.118
-2.879793	1.218453	2.777284	0	38	92	4.118
-1.308997	1.128190	-2.288622	96	102	80	4.104
-1.047198	2.041297	-2.664597	96	105	78	4.089
-2.356194	2.164094	-2.991358	99	3	77	4.089
-3.141593	0.961715	0.014085	2	7	36	4.089
1.832596	2.455966	-0.641220	10	33	89	4.089
-1.832596	0.961715	0.014085	110	0	36	4.089
-2.617994	1.113094	-0.272241	108	6	34	4.089
-0.523599	1.218453	2.777284	89	0	82	4.074
1.047198	1.574060	2.783565	96	100	81	4.074
-2.356194	2.063651	-2.044600	89	110	81	4.061
-3.141593	2.881233	-2.582574	98	103	77	4.061
0.261799	2.863997	0.549740	101	96	82	4.061
-0.261799	1.870545	-2.976234	98	102	78	4.060
-0.785398	1.998705	2.370472	89	110	82	4.060
-2.879793	2.164094	-2.991358	101	4	76	4.060
0.261799	1.869911	2.701025	97	98	81	4.060
1.570796	0.762244	-0.273349	7	8	35	4.053
-3.141593	1.050534	3.042579	1	37	94	4.053
2.617994	1.301460	-0.509251	15	30	86	4.031
-2.879793	1.699788	2.452890	4	35	87	4.024
-2.879793	1.809167	1.213774	2	37	98	4.015
-2.356194	1.450119	-2.739050	99	0	77	4.008
-1.047198	2.393226	1.857173	87	106	84	4.008
-2.094395	1.948085	-2.363031	90	110	80	3.994
0.785398	2.393226	1.857173	100	96	83	3.994
-1.047198	1.948085	-2.363031	96	101	79	3.994
-1.308997	1.948085	-2.363031	94	103	79	3.994
-0.785398	2.041297	-2.664597	98	104	77	3.994
0.000000	1.766067	2.153843	91	98	87	3.994
0.000000	2.164094	-2.991358	101	105	76	3.994
-3.141593	2.863997	0.549740	1	34	85	3.987
0.261799	1.128190	-2.288622	100	100	81	3.987
2.879793	2.863997	0.549740	4	33	85	3.986
-0.261799	1.128190	-2.288622	95	102	81	3.986
-3.141593	1.325504	-1.671296	87	0	85	3.979
1.832596	1.982574	-1.115518	9	34	91	3.958
2.356194	1.545873	-1.877082	2	37	90	3.958
-2.879793	1.977582	0.969896	1	38	96	3.958
-2.879793	1.869911	2.701025	83	105	84	3.957
-2.617994	1.450119	-2.739050	100	0	77	3.942
-2.879793	2.719179	-1.780644	92	109	79	3.929
1.832596	2.588535	-2.976617	100	108	76	3.929
1.570796	2.760637	2.781135	99	104	77	3.928
-1.570796	2.579248	-2.364801	102	106	76	3.928
1.047198	1.875281	0.107086	38	92	23	3.928
-2.617994	2.033014	2.977192	102	7	78	3.928
2.617994	1.433411	-1.035986	5	104	37	3.928
-1.308997	1.554776	0.100351	103	109	31	3.928
-0.261799	1.045978	0.343692	2	108	36	3.928
2.879793	0.458961	-0.107937	110	111	36	3.928
1.832596	2.478122	2.609777	104	103	77	3.899
-2.356194	1.869911	2.701025	108	34	84	3.892
-2.356194	0.496451	0.593859	94	5	33	3.870
-0.261799	0.619654	-2.216909	98	110	37	3.870
-1.570796	2.174483	2.653697	90	1	21	3.870
-2.617994	2.073035	2.027405	3	36	87	3.863
-1.047198	1.045978	0.343692	111	0	36	3.862
-1.047198	1.683268	0.374177	101	108	29	3.862
1.570796	2.343981	-1.040456	10	32	88	3.862
-2.879793	1.440580	2.260026	5	37	92	3.862
-2.356194	2.073035	2.027405	111	36	87	3.862
-2.617994	2.041297	-2.664597	96	3	78	3.862
-1.832596	2.588535	-2.976617	104	111	76	3.862
0.000000	1.413430	2.550734	93	96	89	3.862
-0.261799	0.762244	-0.273349	9	111	36	3.862
1.570796	1.325504	-1.671296	1	3	41	3.855
-0.785398	2.724429	-0.348782	100	102	78	3.847
2.617994	2.041297	-2.664597	97	104	78	3.847
0.000000	2.704512	1.488683	90	101	83	3.833
-2.094395	1.662363	0.915448	79	109	89	3.833
0.785398	2.760637	2.781135	94	108	77	3.833
2.356194	2.760637	2.781135	103	103	77	3.833
-2.617994	2.579248	-2.364801	97	106	76	3.833
-2.617994	1.948085	-2.363031	91	3	79	3.833
2.356194	2.396274	-1.959260	94	104	80	3.826
2.617994	1.135834	-1.431087	4	105	40	3.826
2.617994	1.242974	-2.977882	8	35	90	3.797
-2.879793	2.393226	1.857173	7	32	85	3.797
2.617994	0.961715	0.014085	4	8	36	3.796
2.879793	1.256302	0.062705	5	11	34	3.796
-2.879793	1.574060	2.783565	1	36	87	3.796
2.356194	1.569311	-3.003978	9	30	85	3.796
-1.047198	1.113094	-0.272241	0	106	34	3.796
-2.879793	2.863997	0.549740	109	34	85	3.788
1.308997	1.574060	2.783565	99	99	81	3.781
-1.832596	2.187132	-0.479875	87	108	83	3.781
-2.094395	1.909857	-0.381669	90	5	75	3.767
1.047198	2.984978	1.954446	96	102	79	3.767
-3.141593	2.579248	-2.364801	96	109	76	3.767
1.570796	2.588535	-2.976617	99	110	76	3.767
0.261799	2.592629	0.909713	98	94	87	3.767
2.094395	2.588535	-2.976617	101	108	75	3.767
-1.047198	2.164094	-2.991358	96	109	76	3.767
1.832596	2.984978	1.954446	104	100	79	3.767
-1.308997	2.396274	-1.959260	98	101	78	3.767
1.047198	1.658653	-2.409879	100	105	78	3.760
-2.879793	2.637879	2.121598	93	94	83	3.759
2.617994	2.863997	0.549740	7	31	85	3.759
1.308997	0.762244	-0.273349	8	7	35	3.759
-2.617994	0.591903	2.010408	105	111	41	3.738
2.094395	1.413347	-1.339188	107	108	38	3.738
2.356194	1.325504	-1.671296	1	38	94	3.730
-2.356194	0.850607	-1.335383	101	2	29	3.730
0.261799	0.762244	-0.273349	10	1	36	3.730
-1.570796	1.606104	-0.451151	101	107	27	3.730
0.523599	1.555207	1.708892	110	107	33	3.722
-0.523599	2.863997	0.549740	92	101	82	3.701
-2.094395	2.881233	-2.582574	105	104	77	3.701
-1.308997	1.741644	-2.695914	92	105	80	3.701
-0.261799	2.138223	1.678323	89	101	86	3.701
-2.617994	2.979456	-1.009304	90	110	80	3.701
-0.523599	2.356369	3.005869	97	110	76	3.701
1.047198	2.393226	1.857173	104	96	83	3.701
1.308997	2.588535	-2.976617	99	109	76	3.701
-0.523599	2.664082	-1.071402	105	105	33	3.701
2.094395	2.251330	-2.330739	0	28	80	3.693
1.047198	2.863997	0.549740	84	100	88	3.693
-0.785398	1.113094	-0.272241	86	94	89	3.672
-1.308997	1.135834	-1.431087	109	77	19	3.665
-0.261799	1.184361	0.625864	111	107	34	3.664
-2.617994	2.379497	0.561089	105	37	93	3.664
1.832596	2.063651	-2.044600	98	108	77	3.664
-1.832596	1.824694	1.850876	99	34	92	3.657
2.617994	0.379747	-1.713059	94	106	78	3.657
-1.308997	1.450119	-2.739050	88	106	84	3.635
-0.261799	2.393226	1.857173	89	104	83	3.635
2.879793	1.050534	3.042579	7	36	94	3.635
-2.356194	2.153910	-1.714959	88	110	83	3.635
-1.832596	2.138223	1.678323	100	34	90	3.627
0.523599	1.574060	2.783565	92	104	81	3.620
-1.570796	1.450119	-2.739050	86	109	83	3.606
-1.308997	1.374601	-2.456031	87	102	85	3.606
-0.261799	1.982574	-1.115518	90	99	77	3.606
-0.785398	1.391910	3.030322	87	103	85	3.606
2.879793	2.760637	2.781135	106	105	77	3.606
-0.785398	2.478122	2.609777	93	3	77	3.605
2.356194	2.104282	-0.813972	1	38	93	3.599
2.356194	1.741644	-2.695914	5	31	83	3.598
-1.832596	2.041297	-2.664597	94	110	78	3.569
2.356194	1.135813	-2.658866	9	35	92	3.569
-1.047198	2.664082	-1.071402	99	105	77	3.554
0.000000	1.440580	2.260026	91	96	90	3.540
-1.832596	1.658653	-2.409879	87	109	82	3.540
1.308997	2.760637	2.781135	97	105	77	3.540
0.000000	1.869911	2.701025	94	99	81	3.540
1.832596	2.637879	2.121598	107	101	79	3.540
-1.832596	1.870545	-2.976234	93	1	78	3.540
1.047198	2.704512	1.488683	103	97	82	3.540
2.356194	2.478122	2.609777	108	106	77	3.539
-2.094395	2.984978	1.954446	3	30	82	3.532
2.094395	1.658653	-2.409879	7	31	85	3.532
1.570796	1.741644	-2.695914	102	101	79	3.532
-1.570796	1.045978	0.343692	110	3	35	3.532
-0.261799	0.458961	-0.107937	9	4	36	3.532
-0.785398	2.393226	1.857173	89	103	84	3.517
-2.094395	2.299159	2.264663	78	3	90	3.510
-0.261799	1.256302	0.062705	2	105	34	3.503
0.000000	2.073035	2.027405	92	99	85	3.503
-2.617994	1.699788	2.452890	0	36	87	3.503
1.570796	2.180315	-1.357379	9	32	87	3.503
-3.141593	0.615174	-0.666022	106	4	34	3.503
-2.879793	2.587733	0.232235	105	36	90	3.496
-2.879793	0.640596	-2.797608	100	102	78	3.496
1.832596	1.569311	-3.003978	103	105	77	3.488
-0.261799	2.863997	0.549740	95	97	84	3.474
-1.047198	0.762244	-0.273349	83	99	98	3.474
0.785398	2.089241	-0.114193	38	89	19	3.474
-0.785398	0.418037	1.360082	86	106	82	3.474
0.785398	2.299159	2.264663	100	98	80	3.474
-2.879793	2.588535	-2.976617	102	108	76	3.474
0.000000	2.407836	1.410646	92	97	87	3.474
-2.356194	2.356369	3.005869	102	3	76	3.474
2.094395	2.349581	-2.702517	102	0	76	3.474
0.261799	2.393226	1.857173	93	99	83	3.474
-3.141593	2.164094	-2.991358	101	3	77	3.474
2.094395	1.135813	-2.658866	21	0	35	3.474
1.047198	2.174483	2.653697	103	100	79	3.474
1.570796	2.356369	3.005869	104	106	76	3.473
1.047198	1.617114	-1.572037	86	107	81	3.466
0.785398	1.014500	0.906702	92	99	79	3.445
2.617994	2.724429	-0.348782	0	36	87	3.438
-2.617994	2.164094	-2.991358	99	4	78	3.437
-0.785398	2.979456	-1.009304	5	1	38	3.430
-0.261799	1.050534	3.042579	91	106	81	3.422
-1.308997	1.367556	0.358405	104	1	33	3.408
-1.047198	1.135813	-2.658866	100	3	35	3.408
1.308997	2.984978	1.954446	100	100	79	3.408
-1.832596	1.135813	-2.658866	106	15	35	3.408
-2.879793	1.135813	-2.658866	9	18	35	3.408
2.094395	2.478122	2.609777	108	104	78	3.408
-2.094395	1.135813	-2.658866	109	17	35	3.408
1.832596	0.914445	2.687814	11	5	41	3.408
-2.356194	2.760637	2.781135	108	0	77	3.407
2.879793	2.396274	-1.959260	95	4	78	3.407
-0.261799	1.325504	-1.671296	6	5	41	3.401
2.356194	2.455966	-0.641220	2	36	89	3.400
2.879793	2.984978	1.954446	88	94	89	3.400
1.047198	2.456751	-1.503343	9	26	83	3.400
1.832596	0.618092	2.539118	94	109	77	3.400
-2.094395	2.719179	-1.780644	95	102	78	3.379
0.261799	1.904882	-1.478089	95	91	82	3.379
-1.047198	1.413347	-1.339188	79	109	89	3.379
0.000000	2.881233	-2.582574	2	27	80	3.371
2.879793	0.914445	2.687814	98	98	79	3.371
-2.356194	1.506530	1.988858	108	38	94	3.371
0.523599	1.812176	0.656819	10	75	21	3.371
1.047198	0.458961	-0.107937	3	6	36	3.371
-1.047198	1.184361	0.625864	106	1	34	3.371
-2.356194	1.134497	-1.109631	88	105	87	3.363
-1.047198	2.073035	2.027405	87	1	85	3.342
-1.308997	2.760637	2.781135	4	18	78	3.342
-1.832596	2.073035	2.027405	104	34	87	3.342
-1.308997	1.699788	2.452890	88	4	85	3.342
-2.356194	2.588535	-2.976617	103	110	76	3.342
1.047198	0.762244	-0.273349	9	5	36	3.341
0.261799	2.115563	0.685730	7	74	16	3.334
0.785398	1.948085	-2.363031	97	109	77	3.334
1.047198	2.478122	2.609777	88	102	87	3.327
1.832596	2.174483	2.653697	99	96	85	3.327
2.094395	1.948085	-2.363031	94	0	78	3.327
-3.141593	2.588535	-2.976617	102	108	75	3.313
-2.356194	0.700570	1.559208	101	110	37	3.313
0.000000	1.870545	-2.976234	99	101	78	3.313
-0.261799	2.174483	2.653697	94	106	78	3.313
1.308997	1.617114	-1.572037	87	104	81	3.305
-0.523599	1.045978	0.343692	111	109	35	3.305
-3.141593	1.045978	0.343692	5	8	35	3.305
-1.832596	2.664082	-1.071402	96	108	76	3.298
-1.570796	0.571433	-1.188419	18	11	32	3.297
-2.879793	1.413430	2.550734	3	37	90	3.276
2.617994	0.866395	-2.492918	4	38	96	3.276
-2.617994	0.831641	0.616218	7	6	36	3.276
0.523599	0.203748	0.590255	109	6	35	3.276
-2.094395	0.709924	0.218797	4	1	36	3.275
-0.261799	1.195355	1.200319	92	104	76	3.268
1.570796	2.251330	-2.330739	95	106	79	3.268
2.356194	1.904882	-1.478089	94	4	80	3.268
-0.261799	2.478122	2.609777	94	110	77	3.247
-0.523599	1.998705	2.370472	88	106	82	3.247
0.523599	1.168678	2.108595	17	106	37	3.247
-1.308997	1.218453	2.777284	84	0	89	3.247
-1.308997	2.063651	-2.044600	94	100	80	3.247
0.261799	2.637879	2.121598	92	103	80	3.247
-0.523599	1.870545	-2.976234	96	103	78	3.247
0.261799	1.736875	3.023612	101	98	80	3.247
-3.141593	2.356369	3.005869	105	0	76	3.246
1.308997	1.218453	2.777284	86	3	84	3.239
0.000000	2.247462	0.191623	7	74	15	3.239
1.832596	1.741644	-2.695914	9	26	83	3.239
-2.879793	0.379747	-1.713059	104	8	31	3.239
2.094395	0.961715	0.014085	7	7	35	3.239
-2.879793	2.407836	1.410646	4	35	88	3.239
1.570796	2.041297	-2.664597	6	23	80	3.239
0.785398	1.214854	-1.966664	6	11	39	3.202
-2.617994	1.870545	-2.976234	107	109	77	3.194
2.879793	1.741644	-2.695914	101	108	77	3.187
-1.047198	2.063651	-2.044600	99	99	80	3.181
-2.094395	0.762244	-0.273349	111	110	36	3.181
-1.047198	2.251330	-2.330739	100	103	77	3.181
-2.094395	1.450119	-2.739050	87	5	85	3.181
-0.523599	1.872854	1.543456	86	102	91	3.181
1.308997	1.909857	-0.381669	40	100	21	3.181
0.523599	2.637879	2.121598	95	102	79	3.181
1.570796	2.478122	2.609777	104	103	77	3.180
1.308997	2.299159	2.264663	106	99	80	3.180
0.523599	2.164094	-2.991358	104	105	76	3.180
2.879793	1.045978	0.343692	7	8	36	3.180
0.523599	2.033014	2.977192	101	102	78	3.180
-1.832596	1.242974	-2.977882	104	13	36	3.180
1.832596	0.615174	-0.666022	88	108	81	3.173
2.094395	2.456751	-1.503343	90	1	82	3.173
0.261799	1.741644	-2.695914	93	107	79	3.173
2.356194	2.456751	-1.503343	90	111	81	3.173
2.879793	0.762244	-0.273349	111	7	35	3.173
1.570796	2.174483	2.653697	96	97	85	3.158
-1.047198	1.662363	0.915448	91	90	88	3.152
-1.047198	1.433411	-1.035986	80	108	85	3.152
1.047198	2.138223	1.678323	87	4	79	3.152
1.570796	2.979456	-1.009304	4	31	83	3.144
0.785398	0.591903	2.010408	5	77	26	3.144
-2.617994	0.960688	-0.577532	105	4	33	3.144
-2.879793	0.992645	-1.723759	86	0	85	3.136
-3.141593	2.104282	-0.813972	14	5	36	3.115
0.785398	2.073035	2.027405	102	95	85	3.115
1.047198	2.299159	2.264663	103	99	80	3.115
1.308997	2.637879	2.121598	103	99	80	3.115
2.617994	2.104282	-0.813972	14	111	36	3.114
-1.047198	2.153910	-1.714959	93	103	79	3.100
-2.094395	1.214854	-1.966664	92	103	82	3.092
-1.570796	1.756530	-2.105156	89	102	83	3.086
-0.523599	2.407836	1.410646	86	105	85	3.086
0.000000	1.736875	3.023612	96	99	80	3.086
0.000000	1.696674	-1.253233	92	92	83	3.085
1.570796	2.637879	2.121598	105	98	80	3.085
2.356194	2.349581	-2.702517	100	1	76	3.085
-2.879793	0.960688	-0.577532	108	7	33	3.078
-1.308997	0.960688	-0.577532	110	104	33	3.078
0.523599	2.115563	0.685730	11	74	16	3.077
2.356194	0.866395	-2.492918	8	35	97	3.077
-1.832596	2.180315	-1.357379	90	110	80	3.063
-2.879793	0.733948	3.021411	106	110	32	3.056
-2.879793	2.180315	-1.357379	2	8	38	3.049
-0.261799	1.732874	-0.951685	100	1	37	3.049
2.356194	1.433411	-1.035986	3	104	37	3.049
-2.094395	1.741644	-2.695914	90	3	81	3.049
-2.356194	1.870545	-2.976234	96	6	79	3.048
-2.356194	1.872854	1.543456	109	38	95	3.048
1.832596	0.961715	0.014085	9	5	36	3.048
-0.261799	1.391910	3.030322	92	109	79	3.034
-1.570796	1.948085	-2.363031	93	105	79	3.020
-1.832596	1.662363	0.915448	80	104	89	3.020
-0.785398	1.569311	-3.003978	90	102	82	3.020
0.261799	2.138223	1.678323	94	95	86	3.020
-1.832596	1.809167	1.213774	80	104	90	3.020
2.617994	0.762244	-0.273349	111	6	36	3.020
-2.617994	2.396274	-1.959260	92	109	79	3.019
-0.523599	2.478122	2.609777	94	111	77	3.019
0.261799	1.766067	2.153843	94	95	87	3.019
2.879793	1.135813	-2.658866	1	37	92	3.012
2.617994	1.135813	-2.658866	5	36	92	3.012
-2.879793	0.762244	-0.273349	109	3	35	3.011
-2.094395	0.831641	0.616218	3	7	36	3.011
-2.356194	1.904882	-1.478089	96	104	80	3.004
-0.261799	0.419640	2.974122	89	101	88	2.997
-0.261799	1.440580	2.260026	89	99	91	2.983
-1.308997	2.478122	2.609777	106	28	79	2.983
1.570796	2.664082	-1.071402	6	32	84	2.983
2.356194	1.869911	2.701025	15	14	82	2.982
1.308997	2.063651	-2.044600	97	0	78	2.975
-1.832596	2.455966	-0.641220	91	107	79	2.968
-3.141593	1.909857	-0.381669	101	12	75	2.954
0.785398	2.478122	2.609777	98	104	77	2.954
-0.523599	1.736875	3.023612	93	103	80	2.954
-2.356194	2.349581	-2.702517	99	110	76	2.954
2.879793	1.982574	-1.115518	9	2	39	2.954
0.000000	2.478122	2.609777	95	109	77	2.953
2.094395	2.356369	3.005869	105	108	76	2.953
0.261799	2.588535	-2.976617	100	111	75	2.953
2.094395	2.579248	-2.364801	98	2	76	2.953
2.094395	2.138223	1.678323	39	95	11	2.953
-2.617994	1.510910	-0.740472	18	2	35	2.953
1.570796	1.948085	-2.363031	7	27	81	2.953
-2.094395	2.579248	-2.364801	99	105	76	2.953
-2.356194	2.984978	1.954446	5	29	82	2.946
-3.141593	2.295480	1.008277	5	36	92	2.946
1.832596	2.396274	-1.959260	92	109	80	2.946
1.308997	1.134796	2.434290	87	2	83	2.946
-0.785398	2.588535	-2.976617	15	8	34	2.946
0.261799	1.448123	-2.163292	101	105	78	2.946
0.261799	1.574060	2.783565	90	106	81	2.938
1.832596	2.349581	-2.702517	91	107	81	2.931
-2.356194	2.104282	-0.813972	99	9	72	2.924
-0.785398	2.637879	2.121598	91	106	81	2.923
2.879793	1.374601	-2.456031	110	37	88	2.917
-2.617994	2.393226	1.857173	4	34	86	2.917
2.879793	1.391910	3.030322	6	35	88	2.917
0.261799	0.709924	0.218797	5	1	37	2.917
-2.617994	1.869911	2.701025	110	34	83	2.917
2.356194	1.450119	-2.739050	8	32	86	2.917
2.879793	1.242974	-2.977882	4	36	89	2.917
1.570796	0.910508	1.903534	90	107	80	2.909
0.523599	1.599406	1.426070	1	108	35	2.909
-2.879793	2.295480	1.008277	0	37	93	2.909
-3.141593	1.545873	-1.877082	89	111	82	2.902
-1.832596	0.899350	-2.069907	90	103	83	2.902
-1.308997	2.456751	-1.503343	96	106	78	2.894
1.570796	2.881233	-2.582574	95	0	77	2.888
2.094395	1.721184	-0.153948	25	8	25	2.887
0.000000	2.174483	2.653697	95	103	79	2.887
-2.094395	2.108018	1.311430	104	37	93	2.887
0.000000	2.356369	3.005869	98	107	76	2.887
-0.523599	2.174483	2.653697	92	109	79	2.887
1.570796	1.195355	1.200319	85	107	86	2.880
-1.570796	2.455966	-0.641220	92	105	79	2.872
-1.047198	1.301460	-0.509251	82	101	85	2.859
0.523599	1.904882	-1.478089	99	90	82	2.859
0.261799	1.599406	1.426070	93	3	75	2.858
-1.570796	1.448123	-2.163292	86	103	85	2.858
2.094395	2.760637	2.781135	102	101	77	2.858
-2.617994	2.637879	2.121598	5	30	82	2.851
-2.094395	2.637879	2.121598	0	32	82	2.851
2.617994	1.218453	2.777284	12	31	92	2.850
-2.617994	1.506530	1.988858	92	108	75	2.843
-2.617994	1.413430	2.550734	110	38	89	2.822
-1.570796	1.374601	-2.456031	86	106	87	2.822
-1.308997	1.658653	-2.409879	91	102	83	2.822
0.261799	2.174483	2.653697	97	101	79	2.822
2.879793	1.413430	2.550734	11	32	90	2.822
-0.785398	1.128190	-2.288622	97	111	31	2.821
1.047198	1.510910	-0.740472	39	99	23	2.821
-1.047198	1.836682	-0.676006	110	75	18	2.821
0.523599	2.881233	-2.582574	5	9	37	2.814
-1.308997	0.762244	-0.273349	2	108	35	2.814
-0.785398	2.356369	3.005869	90	107	81	2.799
-1.308997	1.050534	3.042579	84	110	90	2.793
2.094395	1.569311	-3.003978	82	104	91	2.792
1.047198	2.073035	2.027405	92	9	79	2.792
-2.356194	2.180315	-1.357379	85	111	84	2.792
1.047198	1.218453	2.777284	16	107	39	2.792
2.094395	2.379497	0.561089	103	11	74	2.792
1.832596	2.153910	-1.714959	5	32	84	2.785
0.261799	0.831641	0.616218	1	110	36	2.785
-3.141593	1.948085	-2.363031	95	105	78	2.777
-2.356194	2.719179	-1.780644	94	105	79	2.756
-0.261799	2.356369	3.005869	97	109	77	2.755
-1.570796	1.417623	-0.202254	104	109	31	2.755
1.832596	1.113094	-0.272241	9	9	34	2.755
-1.832596	2.407836	1.410646	102	34	89	2.755
1.308997	1.658653	-2.409879	102	105	78	2.748
-1.047198	0.571433	-1.188419	13	17	32	2.747
0.000000	0.591903	2.010408	12	111	41	2.727
-0.523599	2.637879	2.121598	22	19	84	2.727
-1.570796	2.251330	-2.330739	96	104	78	2.727
0.000000	0.297065	2.160177	11	6	41	2.726
-2.356194	2.396274	-1.959260	91	107	79	2.726
-0.785398	1.134796	2.434290	85	104	93	2.726
-0.785398	2.164094	-2.991358	96	108	76	2.726
-0.523599	2.164094	-2.991358	97	106	76	2.726
2.879793	2.356369	3.005869	105	111	76	2.726
-0.261799	1.741644	-2.695914	99	98	25	2.726
0.785398	2.356369	3.005869	100	106	76	2.726
-0.785398	1.574060	2.783565	88	105	84	2.726
-2.356194	1.741644	-2.695914	91	6	80	2.726
0.523599	2.478122	2.609777	96	104	77	2.726
-1.047198	0.290380	-0.796960	98	109	34	2.726
1.832596	2.343981	-1.040456	110	104	73	2.726
2.617994	1.696674	-1.253233	4	110	39	2.726
1.832596	1.045978	0.343692	87	103	85	2.719
-2.356194	1.766067	2.153843	109	36	90	2.719
-2.356194	2.407836	1.410646	108	36	89	2.719
2.617994	1.658653	-2.409879	1	34	85	2.719
0.000000	1.374601	-2.456031	95	104	80	2.719
0.261799	1.977582	0.969896	4	74	17	2.719
2.879793	1.574060	2.783565	7	32	86	2.719
1.832596	0.619654	-2.216909	90	111	79	2.719
1.308997	1.812176	0.656819	96	94	80	2.719
2.356194	1.658653	-2.409879	4	33	85	2.718
-2.356194	2.138223	1.678323	109	37	90	2.718
-1.570796	2.404280	-0.174044	89	105	81	2.711
-1.047198	1.824694	1.850876	108	107	74	2.711
-1.308997	2.180315	-1.357379	92	104	80	2.704
0.000000	1.732874	-0.951685	93	94	78	2.697
2.356194	2.724429	-0.348782	4	35	87	2.690
2.879793	1.450119	-2.739050	1	36	86	2.690
-3.141593	1.440580	2.260026	8	35	92	2.690
-3.141593	1.699788	2.452890	7	34	87	2.690
-2.879793	2.299159	2.264663	6	31	83	2.690
1.308997	1.335669	0.897240	97	98	78	2.689
-0.261799	1.812176	0.656819	110	77	22	2.689
0.785398	0.762244	-0.273349	9	4	36	2.689
-2.617994	0.571433	-1.188419	105	1	32	2.689
-3.141593	1.872854	1.543456	9	35	94	2.689
-1.047198	1.599406	1.426070	110	5	35	2.682
0.785398	2.704512	1.488683	100	97	82	2.661
-0.785398	1.948085	-2.363031	98	100	79	2.661
-0.261799	1.766067	2.153843	88	100	88	2.660
-1.832596	2.356369	3.005869	99	3	76	2.660
-2.356194	1.448123	-2.163292	76	16	96	2.660
2.879793	2.379497	0.561089	7	36	93	2.660
-0.523599	1.741644	-2.695914	97	99	80	2.660
-1.308997	2.356369	3.005869	97	2	76	2.660
-2.879793	2.041297	-2.664597	97	5	77	2.660
-1.308997	1.870545	-2.976234	92	110	79	2.660
0.000000	1.569311	-3.003978	88	106	85	2.653
1.570796	1.391910	3.030322	85	0	86	2.653
-2.617994	1.488617	1.159546	111	36	103	2.653
1.047198	1.948085	-2.363031	98	107	77	2.653
2.879793	2.247462	0.191623	2	37	96	2.652
1.570796	0.615174	-0.666022	7	10	34	2.652
-2.356194	0.685216	-1.712745	86	105	88	2.645
-0.523599	1.696674	-1.253233	83	101	83	2.631
-1.047198	1.696674	-1.253233	81	110	82	2.631
-0.261799	2.343981	-1.040456	91	106	73	2.631
-2.617994	0.709924	0.218797	3	3	37	2.624
2.617994	2.299159	2.264663	7	4	40	2.624
-2.617994	2.174483	2.653697	2	30	81	2.624
0.261799	1.374601	-2.456031	97	103	79	2.624
-1.832596	1.417623	-0.202254	102	0	31	2.624
-2.617994	1.982574	-1.115518	110	36	79	2.623
2.617994	1.736875	3.023612	8	29	83	2.623
-3.141593	0.571433	-1.188419	105	8	32	2.623
0.523599	2.760637	2.781135	1	11	35	2.616
-0.261799	2.637879	2.121598	94	101	80	2.608
-2.356194	1.242974	-2.977882	110	17	36	2.595
1.308997	2.001437	0.381215	39	93	21	2.595
1.832596	1.555207	1.708892	39	92	19	2.595
-0.785398	1.766067	2.153843	86	108	87	2.594
-3.141593	1.433411	-1.035986	10	106	37	2.594
-3.141593	2.455966	-0.641220	18	9	33	2.594
2.879793	2.455966	-0.641220	19	5	33	2.594
1.047198	2.637879	2.121598	100	100	79	2.594
2.879793	2.588535	-2.976617	101	109	76	2.594
2.094395	1.741644	-2.695914	7	28	83	2.587
-1.308997	2.984978	1.954446	106	31	83	2.587
0.000000	1.658653	-2.409879	96	108	78	2.586
-2.879793	1.128190	-2.288622	93	3	79	2.579
-1.308997	2.664082	-1.071402	98	104	77	2.579
1.047198	1.335669	0.897240	92	98	78	2.565
1.832596	2.299159	2.264663	83	4	84	2.565
-1.047198	1.617114	-1.572037	79	111	88	2.565
1.570796	1.184361	0.625864	99	92	83	2.565
1.570796	2.299159	2.264663	108	100	80	2.565
-1.832596	1.184361	0.625864	79	105	94	2.565
-1.570796	0.709924	0.218797	81	104	100	2.565
-2.094395	0.960688	-0.577532	107	111	33	2.557
2.356194	1.846342	-1.796954	98	0	77	2.557
1.832596	1.450119	-2.739050	12	26	86	2.557
2.617994	2.404280	-0.174044	3	37	91	2.557
-0.261799	0.831641	0.616218	111	0	36	2.557
-1.047198	1.242974	-2.977882	94	111	77	2.550
2.094395	2.299159	2.264663	100	105	29	2.528
0.523599	2.579248	-2.364801	3	25	79	2.528
-1.832596	1.569311	-3.003978	89	3	83	2.528
-2.879793	1.045978	0.343692	4	9	36	2.528
2.094395	2.637879	2.121598	104	107	34	2.528
-2.094395	1.766067	2.153843	104	35	89	2.521
1.570796	1.756530	-2.105156	102	110	77	2.521
-1.832596	1.128190	-2.288622	93	106	80	2.506
-2.617994	1.256302	0.062705	95	37	89	2.499
-2.356194	0.419640	2.974122	10	1	42	2.499
1.570796	0.733948	3.021411	8	110	42	2.499
1.308997	1.050534	3.042579	13	107	40	2.499
-2.094395	1.168678	2.108595	101	1	37	2.499
1.047198	2.588535	-2.976617	99	110	75	2.499
2.617994	1.617114	-1.572037	110	111	40	2.499
2.356194	0.619654	-2.216909	19	110	37	2.499
-2.094395	0.419640	2.974122	10	2	42	2.499
-1.047198	1.168678	2.108595	107	101	37	2.499
1.308997	0.733948	3.021411	7	109	42	2.499
-1.047198	2.478122	2.609777	94	4	77	2.499
-1.832596	0.733948	3.021411	3	5	42	2.499
0.785398	1.310100	1.488307	97	107	74	2.499
-2.879793	0.370812	-2.547742	15	4	40	2.499
-0.523599	0.297065	2.160177	13	2	41	2.499
1.832596	0.733948	3.021411	9	111	42	2.499
-0.785398	0.297065	2.160177	13	0	41	2.499
2.617994	2.356369	3.005869	106	109	76	2.499
-1.570796	0.906588	1.252948	87	4	79	2.491
0.523599	1.448123	-2.163292	103	105	77	2.491
1.570796	1.413430	2.550734	84	111	87	2.491
-2.617994	0.379747	-1.713059	103	5	31	2.491
-1.570796	0.899350	-2.069907	92	101	83	2.476
-1.047198	0.992645	-1.723759	95	4	27	2.462
-2.617994	2.138223	1.678323	2	37	90	2.462
1.832596	1.448123	-2.163292	9	32	88	2.462
-3.141593	2.379497	0.561089	2	38	93	2.462
1.832596	0.906588	1.252948	108	110	35	2.462
0.523599	0.866395	-2.492918	14	17	32	2.455
-0.523599	1.569311	-3.003978	96	0	77	2.447
2.356194	1.948085	-2.363031	94	110	78	2.447
-2.879793	1.135834	-1.431087	85	109	89	2.447
1.570796	2.379497	0.561089	40	95	15	2.433
0.785398	2.404280	-0.174044	38	90	14	2.433
1.047198	0.297065	2.160177	4	10	41	2.433
1.570796	0.591903	2.010408	7	10	41	2.433
-3.141593	0.297065	2.160177	110	109	41	2.433
0.523599	2.704512	1.488683	97	97	82	2.433
0.523599	2.588535	-2.976617	100	111	75	2.433
0.785398	0.297065	2.160177	6	10	41	2.433
1.570796	1.242974	-2.977882	19	107	36	2.433
0.000000	0.419640	2.974122	2	6	42	2.433
-3.141593	2.180315	-1.357379	4	8	39	2.433
-1.570796	0.850607	-1.335383	16	8	37	2.426
0.523599	1.741644	-2.695914	94	105	79	2.425
1.832596	1.504028	0.636812	85	102	93	2.425
0.000000	1.214854	-1.966664	103	102	79	2.425
-0.785398	0.762244	-0.273349	6	109	35	2.425
-0.785398	2.379497	0.561089	93	97	84	2.418
-0.523599	1.050534	3.042579	91	108	81	2.410
2.879793	2.104282	-0.813972	11	20	74	2.404
-0.261799	1.554776	0.100351	102	90	81	2.404
-3.141593	1.812176	0.656819	88	15	83	2.404
-2.879793	2.379497	0.561089	78	14	84	2.404
-2.879793	1.242974	-2.977882	108	37	89	2.397
-1.570796	2.637879	2.121598	106	32	82	2.396
2.356194	2.187132	-0.479875	5	37	95	2.396
2.617994	1.699788	2.452890	86	0	80	2.396
2.356194	1.617114	-1.572037	0	38	91	2.396
-2.879793	0.864993	2.278281	4	36	99	2.396
-1.570796	2.984978	1.954446	108	31	82	2.389
2.094395	1.113094	-0.272241	87	101	89	2.389
0.000000	1.599406	1.426070	111	110	35	2.388
-0.261799	1.242974	-2.977882	95	106	78	2.381
1.047198	0.914445	2.687814	11	0	41	2.367
0.000000	2.299159	2.264663	92	103	81	2.367
-2.094395	2.063651	-2.044600	91	108	80	2.367
-0.523599	2.138223	1.678323	87	105	86	2.367
-3.141593	1.982574	-1.115518	8	5	39	2.367
-2.094395	2.356369	3.005869	101	4	76	2.367
-0.523599	2.104282	-0.813972	96	2	33	2.367
-1.570796	2.396274	-1.959260	97	102	78	2.367
-1.308997	1.569311	-3.003978	97	3	31	2.367
-2.356194	1.413347	-1.339188	90	107	82	2.360
-1.570796	1.135834	-1.431087	12	6	40	2.360
0.261799	2.881233	-2.582574	111	27	80	2.360
0.261799	0.899350	-2.069907	11	15	36	2.360
-2.356194	1.391910	3.030322	85	98	92	2.360
-1.570796	1.247695	1.809890	93	105	75	2.360
-1.047198	2.637879	2.121598	101	28	83	2.359
-2.879793	2.247462	0.191623	105	37	96	2.359
-2.617994	2.115563	0.685730	106	37	97	2.359
-2.617994	0.899350	-2.069907	89	0	82	2.352
-1.308997	1.433411	-1.035986	80	1	85	2.338
1.308997	2.393226	1.857173	84	5	83	2.338
-0.785398	1.812176	0.656819	96	90	83	2.338
0.523599	1.367556	0.358405	86	99	85	2.323
-2.094395	0.850607	-1.335383	88	105	87	2.323
1.308997	2.664082	-1.071402	9	29	84	2.301
-1.570796	1.433411	-1.035986	106	79	20	2.301
-2.879793	2.104282	-0.813972	13	8	36	2.301
-1.570796	1.569311	-3.003978	88	111	83	2.301
1.308997	0.571433	-1.188419	96	109	32	2.301
-0.261799	0.290380	-0.796960	106	100	34	2.301
-0.523599	1.128190	-2.288622	98	107	31	2.301
0.261799	1.135813	-2.658866	110	99	35	2.301
-3.141593	0.458961	-0.107937	110	110	36	2.301
-2.617994	1.247695	1.809890	2	38	100	2.301
-1.832596	0.591903	2.010408	83	106	84	2.294
0.000000	1.741644	-2.695914	92	109	80	2.294
0.261799	1.367556	0.358405	83	103	85	2.294
0.523599	2.396274	-1.959260	97	92	80	2.272
1.570796	2.587733	0.232235	40	98	12	2.272
-2.879793	0.914445	2.687814	1	7	42	2.272
-0.785398	2.138223	1.678323	95	89	88	2.272
-1.832596	0.080730	-2.622036	14	11	39	2.272
-2.356194	0.619654	-2.216909	8	18	37	2.272
1.308997	0.700570	1.559208	16	13	37	2.272
-1.570796	2.299159	2.264663	80	105	88	2.272
-1.570796	0.290380	-0.796960	97	7	34	2.272
-1.308997	0.914445	2.687814	111	111	42	2.272
-0.261799	0.914445	2.687814	4	107	42	2.272
-1.832596	1.554776	0.100351	81	109	83	2.272
-2.617994	0.203748	0.590255	99	6	36	2.271
2.356194	2.063651	-2.044600	111	32	82	2.264
-2.094395	1.506530	1.988858	104	37	95	2.264
-2.094395	1.555207	1.708892	104	37	97	2.264
1.047198	1.869911	2.701025	92	101	82	2.257
-2.356194	0.458961	-0.107937	96	13	31	2.243
-3.141593	0.992645	-1.723759	109	103	39	2.242
-1.570796	1.391910	3.030322	87	2	86	2.235
-2.094395	1.870545	-2.976234	94	4	79	2.235
2.094395	1.417623	-0.202254	13	12	31	2.235
-1.832596	1.440580	2.260026	98	0	33	2.235
-2.356194	0.910508	1.903534	102	1	37	2.235
-0.523599	2.760637	2.781135	107	28	81	2.235
0.261799	0.615174	-0.666022	13	2	35	2.235
2.356194	2.979456	-1.009304	108	32	83	2.235
-2.617994	2.588535	-2.976617	103	110	76	2.235
0.261799	1.413430	2.550734	88	105	83	2.228
-0.785398	0.831641	0.616218	83	2	84	2.228
-1.832596	1.247695	1.809890	92	107	75	2.228
0.785398	1.391910	3.030322	97	102	79	2.220
0.523599	2.063651	-2.044600	100	89	85	2.206
-1.832596	1.875281	0.107086	86	109	77	2.206
-1.570796	0.370812	-2.547742	5	12	40	2.206
-1.047198	1.870545	-2.976234	92	107	78	2.206
1.570796	1.488617	1.159546	97	99	77	2.206
-1.832596	2.396274	-1.959260	94	103	78	2.206
2.879793	2.349581	-2.702517	99	0	76	2.206
0.000000	2.984978	1.954446	90	109	79	2.206
2.356194	2.356369	3.005869	105	109	76	2.206
2.879793	1.846342	-1.796954	108	3	39	2.206
-1.570796	1.168678	2.108595	92	99	78	2.199
-1.832596	1.168678	2.108595	90	102	77	2.199
1.570796	0.831641	0.616218	87	107	82	2.198
2.094395	2.455966	-0.641220	5	35	89	2.198
2.617994	1.741644	-2.695914	3	32	83	2.198
-1.047198	2.984978	1.954446	103	30	82	2.198
-0.523599	1.448123	-2.163292	13	109	38	2.191
1.570796	0.080730	-2.622036	102	1	76	2.190
1.570796	2.164094	-2.991358	93	105	80	2.183
-1.570796	2.180315	-1.357379	91	106	80	2.183
0.523599	2.863997	0.549740	81	111	87	2.169
-1.047198	1.741644	-2.695914	93	103	81	2.169
-0.785398	1.741644	-2.695914	95	101	81	2.169
-2.356194	0.762244	-0.273349	111	1	36	2.169
-1.047198	2.760637	2.781135	13	5	35	2.161
-2.617994	2.592629	0.909713	108	36	89	2.161
-1.308997	1.846342	-1.796954	88	105	83	2.154
-1.832596	2.153910	-1.714959	91	111	79	2.154
-0.785398	2.174483	2.653697	92	111	79	2.140
-0.261799	1.736875	3.023612	96	99	81	2.140
-1.047198	1.658653	-2.409879	92	100	82	2.140
2.617994	2.180315	-1.357379	7	7	39	2.140
-0.785398	1.135834	-1.431087	16	77	21	2.133
0.523599	1.242974	-2.977882	94	99	84	2.132
-2.879793	1.325504	-1.671296	87	108	85	2.125
-1.570796	1.904882	-1.478089	87	107	83	2.125
-0.523599	2.393226	1.857173	86	109	82	2.111
1.047198	2.247462	0.191623	0	1	72	2.111
1.832596	1.998705	2.370472	86	7	82	2.111
-2.094395	2.104282	-0.813972	96	8	72	2.111
1.832596	2.247462	0.191623	107	7	72	2.111
-2.356194	1.909857	-0.381669	93	8	73	2.111
-2.094395	1.134796	2.434290	102	3	39	2.111
-2.356194	1.134796	2.434290	103	6	39	2.111
2.879793	2.592629	0.909713	8	34	89	2.103
2.094395	1.325504	-1.671296	5	37	94	2.103
0.523599	0.685216	-1.712745	111	17	34	2.096
0.785398	1.872854	1.543456	8	73	14	2.075
-1.308997	2.138223	1.678323	84	28	100	2.074
-1.308997	2.719179	-1.780644	103	101	78	2.074
2.879793	1.433411	-1.035986	8	104	37	2.074
-0.261799	2.587733	0.232235	97	95	87	2.074
-1.308997	2.153910	-1.714959	95	99	81	2.074
-0.785398	1.135813	-2.658866	100	111	35	2.074
1.570796	2.115563	0.685730	40	94	18	2.074
-0.523599	1.242974	-2.977882	103	105	36	2.074
0.000000	0.290380	-0.796960	14	4	35	2.073
-0.523599	0.762244	-0.273349	8	109	36	2.073
2.879793	0.674054	1.013609	102	99	79	2.066
-1.832596	2.984978	1.954446	0	31	83	2.066
-0.523599	1.732874	-0.951685	87	99	79	2.045
0.000000	2.863997	0.549740	98	95	82	2.045
-0.523599	2.108018	1.311430	85	104	90	2.045
-1.832596	2.108018	1.311430	82	102	84	2.045
-0.785398	1.374601	-2.456031	94	110	29	2.045
-2.356194	1.256302	0.062705	82	9	87	2.045
-1.570796	1.909857	-0.381669	88	110	74	2.045
-1.047198	0.685216	-1.712745	95	6	32	2.045
-2.879793	0.203748	0.590255	100	9	36	2.045
2.879793	1.998705	2.370472	87	101	81	2.045
-1.047198	1.450119	-2.739050	94	1	31	2.045
1.832596	2.115563	0.685730	37	100	25	2.045
0.523599	0.458961	-0.107937	81	108	90	2.045
-1.308997	0.899350	-2.069907	97	11	32	2.044
-0.261799	1.374601	-2.456031	98	101	29	2.044
-0.785398	1.658653	-2.409879	92	109	24	2.044
1.570796	2.456751	-1.503343	109	97	76	2.044
-0.523599	1.658653	-2.409879	94	104	24	2.044
-1.832596	0.850607	-1.335383	106	83	24	2.037
2.094395	1.214854	-1.966664	7	36	94	2.037
0.000000	1.545873	-1.877082	104	107	77	2.037
-0.785398	2.760637	2.781135	109	27	80	2.037
2.356194	2.153910	-1.714959	94	111	79	2.030
-1.047198	1.569311	-3.003978	89	105	83	2.008
2.617994	1.050534	3.042579	11	33	93	2.008
-2.356194	0.866955	-0.931351	104	0	32	2.008
-2.617994	0.615174	-0.666022	107	0	35	2.007
-1.047198	1.325504	-1.671296	7	3	41	2.001
-1.308997	0.700570	1.559208	85	105	81	2.000
-2.879793	1.872854	1.543456	4	36	94	2.000
-1.570796	2.187132	-0.479875	88	105	83	1.993
0.261799	1.218453	2.777284	91	103	82	1.993
-2.356194	0.899350	-2.069907	88	109	83	1.993
-2.617994	2.063651	-2.044600	89	2	80	1.979
-1.570796	1.184361	0.625864	81	101	94	1.979
-1.832596	2.393226	1.857173	81	106	84	1.979
-2.879793	2.456751	-1.503343	90	1	80	1.979
2.617994	1.909857	-0.381669	108	10	74	1.978
2.356194	1.310100	1.488307	106	106	73	1.978
2.617994	1.391910	3.030322	15	15	36	1.978
-1.047198	1.195355	1.200319	90	1	75	1.971
-1.832596	0.700570	1.559208	84	2	81	1.971
-3.141593	1.391910	3.030322	83	106	89	1.971
-1.832596	1.134796	2.434290	90	96	82	1.971
-0.523599	1.014500	0.906702	85	107	80	1.971
-0.785398	2.579248	-2.364801	15	7	35	1.971
-2.094395	0.899350	-2.069907	89	106	83	1.956
-1.308997	1.504028	0.636812	86	92	87	1.950
-3.141593	2.138223	1.678323	9	34	89	1.942
2.617994	1.869911	2.701025	14	17	82	1.942
2.879793	1.904882	-1.478089	2	3	39	1.942
2.094395	0.615174	-0.666022	0	10	34	1.942
-3.141593	2.587733	0.232235	110	38	89	1.942
-0.523599	1.812176	0.656819	107	79	22	1.942
0.523599	1.504028	0.636812	9	78	27	1.942
0.785398	2.979456	-1.009304	9	25	82	1.942
-1.832596	0.203748	0.590255	13	4	35	1.942
-0.261799	2.724429	-0.348782	97	0	28	1.942
-2.356194	0.379747	-1.713059	101	2	31	1.942
-1.308997	0.458961	-0.107937	9	111	36	1.942
2.094395	1.846342	-1.796954	3	35	86	1.941
-0.523599	0.866395	-2.492918	101	110	36	1.941
-2.879793	1.433411	-1.035986	87	111	86	1.934
2.879793	2.587733	0.232235	1	36	90	1.934
-2.617994	0.640596	-2.797608	102	102	78	1.934
-0.261799	0.864993	2.278281	8	106	41	1.913
0.000000	1.450119	-2.739050	105	97	31	1.913
0.000000	2.637879	2.121598	91	106	79	1.913
0.785398	2.153910	-1.714959	103	91	81	1.913
1.308997	1.875281	0.107086	39	95	23	1.913
-1.832596	0.419640	2.974122	9	5	42	1.913
2.356194	0.864993	2.278281	5	11	41	1.913
-2.094395	2.153910	-1.714959	88	106	82	1.913
1.308997	1.545873	-1.877082	39	103	12	1.913
-0.261799	0.618092	2.539118	7	0	42	1.913
1.047198	0.866395	-2.492918	40	93	18	1.913
-1.570796	0.419640	2.974122	8	4	42	1.913
1.308997	2.587733	0.232235	39	94	12	1.912
2.356194	2.592629	0.909713	100	91	83	1.905
-0.261799	2.115563	0.685730	110	76	16	1.905
2.356194	2.180315	-1.357379	110	36	87	1.905
-1.308997	0.618092	2.539118	108	0	76	1.905
-2.879793	1.948085	-2.363031	97	103	78	1.898
1.570796	1.872854	1.543456	91	104	76	1.884
-1.047198	0.914445	2.687814	0	0	43	1.884
-0.523599	1.417623	-0.202254	92	92	82	1.884
-0.523599	0.914445	2.687814	2	110	43	1.884
-0.785398	0.914445	2.687814	1	111	43	1.883
-1.570796	0.379747	-1.713059	109	81	27	1.876
-1.308997	1.982574	-1.115518	103	10	37	1.876
1.308997	1.194549	-0.801900	17	8	30	1.876
1.308997	2.979456	-1.009304	6	30	82	1.876
-3.141593	0.929350	-2.910676	111	38	94	1.876
2.094395	2.979456	-1.009304	110	33	83	1.876
1.832596	2.664082	-1.071402	3	34	85	1.876
1.308997	2.089241	-0.114193	100	3	32	1.876
2.356194	1.242974	-2.977882	11	32	90	1.876
1.570796	1.310100	1.488307	102	107	73	1.875
-2.617994	2.587733	0.232235	101	34	90	1.868
0.261799	1.391910	3.030322	94	105	79	1.861
-1.570796	2.153910	-1.714959	91	109	79	1.861
-1.832596	1.555207	1.708892	88	35	107	1.847
2.879793	2.180315	-1.357379	12	29	79	1.847
-1.832596	1.736875	3.023612	92	6	81	1.847
-2.617994	0.914445	2.687814	111	6	41	1.847
-0.785398	0.619654	-2.216909	102	5	37	1.847
-2.094395	1.869911	2.701025	96	12	27	1.847
-1.570796	2.356369	3.005869	98	3	76	1.847
-1.832596	0.370812	-2.547742	6	12	40	1.847
-2.617994	1.824694	1.850876	2	38	92	1.847
1.047198	1.909857	-0.381669	40	96	21	1.847
-2.879793	1.732874	-0.951685	13	1	38	1.847
-2.617994	0.618092	2.539118	86	111	81	1.847
-2.617994	1.658653	-2.409879	106	78	26	1.847
-1.832596	1.869911	2.701025	94	7	27	1.847
-0.523599	1.135813	-2.658866	101	107	35	1.846
1.308997	2.356369	3.005869	103	106	76	1.846
-2.617994	2.478122	2.609777	106	4	77	1.846
-2.879793	1.982574	-1.115518	8	5	39	1.846
1.832596	2.579248	-2.364801	99	2	76	1.846
-2.879793	1.301460	-0.509251	107	11	32	1.846
1.308997	1.948085	-2.363031	97	107	78	1.839
-1.308997	0.850607	-1.335383	14	11	37	1.839
-2.617994	1.134796	2.434290	84	108	81	1.839
-1.570796	0.831641	0.616218	0	6	36	1.839
-2.356194	0.864993	2.278281	105	2	41	1.818
0.785398	0.831641	0.616218	89	97	83	1.818
-2.617994	1.812176	0.656819	83	7	82	1.818
-0.785398	1.662363	0.915448	96	88	88	1.818
-0.261799	1.134497	-1.109631	87	92	93	1.818
-1.308997	2.104282	-0.813972	90	1	73	1.818
-1.308997	1.413430	2.550734	85	3	86	1.817
-1.308997	1.809167	1.213774	86	94	88	1.817
-2.094395	1.256302	0.062705	80	4	87	1.817
0.000000	1.977582	0.969896	111	75	17	1.811
2.356194	0.615174	-0.666022	111	9	34	1.810
0.785398	1.506530	1.988858	8	74	15	1.810
2.879793	1.218453	2.777284	9	34	92	1.810
-1.832596	1.135834	-1.431087	104	83	19	1.810
-3.141593	2.033014	2.977192	83	104	90	1.810
2.356194	1.736875	3.023612	10	26	83	1.810
-2.356194	2.455966	-0.641220	91	1	79	1.795
1.832596	1.506530	1.988858	39	92	17	1.781
-3.141593	1.135813	-2.658866	13	16	35	1.781
2.094395	1.045978	0.343692	8	4	36	1.781
-2.617994	1.766067	2.153843	2	37	89	1.781
-0.523599	2.455966	-0.641220	101	2	33	1.781
0.000000	1.242974	-2.977882	110	100	36	1.780
1.047198	0.899350	-2.069907	0	16	36	1.773
2.617994	1.555207	1.708892	100	105	73	1.752
-0.523599	2.299159	2.264663	88	110	81	1.752
-1.570796	0.914445	2.687814	110	0	42	1.752
-0.261799	2.588535	-2.976617	90	93	83	1.752
-2.094395	2.295480	1.008277	84	105	79	1.752
1.832596	1.809167	1.213774	94	98	77	1.752
-1.308997	1.696674	-1.253233	82	4	83	1.752
-1.047198	0.906588	1.252948	92	3	75	1.752
-2.356194	1.417623	-0.202254	85	10	83	1.752
-1.570796	1.982574	-1.115518	88	7	77	1.752
-0.523599	2.592629	0.909713	88	101	85	1.751
-1.570796	1.488617	1.159546	82	99	94	1.751
-0.785398	0.866955	-0.931351	81	101	97	1.751
-2.356194	1.846342	-1.796954	85	0	84	1.751
-2.356194	1.812176	0.656819	81	2	83	1.751
-0.785398	0.866395	-2.492918	6	5	34	1.751
-1.832596	1.195355	1.200319	81	103	99	1.751
2.879793	1.875281	0.107086	99	14	76	1.751
0.785398	0.992645	-1.723759	40	96	21	1.751
-3.141593	0.866955	-0.931351	6	43	99	1.751
-1.047198	1.025536	1.576859	96	111	73	1.751
-2.356194	0.733948	3.021411	44	95	18	1.751
-2.356194	1.736875	3.023612	85	97	91	1.744
1.047198	2.041297	-2.664597	95	102	80	1.744
2.617994	2.455966	-0.641220	110	37	89	1.744
2.617994	1.846342	-1.796954	97	111	77	1.744
-2.617994	0.866955	-0.931351	103	4	31	1.744
2.094395	1.982574	-1.115518	4	37	92	1.743
0.785398	1.448123	-2.163292	11	10	38	1.736
-1.308997	2.863997	0.549740	93	105	79	1.729
-0.261799	2.104282	-0.813972	82	2	82	1.722
-1.832596	1.413347	-1.339188	103	83	18	1.715
-2.094395	2.393226	1.857173	109	35	85	1.715
1.832596	2.180315	-1.357379	6	35	87	1.715
2.879793	1.736875	3.023612	5	32	83	1.715
-0.523599	1.374601	-2.456031	98	105	29	1.715
-0.261799	1.367556	0.358405	2	80	29	1.714
1.832596	1.413430	2.550734	85	106	87	1.707
-1.832596	1.325504	-1.671296	8	0	41	1.707
1.308997	0.685216	-1.712745	91	5	80	1.707
-2.094395	1.413347	-1.339188	92	104	82	1.707
-1.047198	0.700570	1.559208	87	101	81	1.707
-1.308997	2.587733	0.232235	91	103	81	1.700
0.261799	1.310100	1.488307	102	104	74	1.699
-0.261799	0.640596	-2.797608	96	98	84	1.692
-2.356194	0.370812	-2.547742	12	9	40	1.686
0.261799	0.591903	2.010408	13	1	41	1.686
-0.261799	0.591903	2.010408	12	109	41	1.686
-2.094395	1.367556	0.358405	79	0	89	1.686
0.000000	0.864993	2.278281	10	107	41	1.686
-1.047198	0.419640	2.974122	7	6	42	1.686
-3.141593	0.370812	-2.547742	15	1	40	1.686
-1.832596	1.374601	-2.456031	85	110	85	1.686
-2.617994	0.370812	-2.547742	14	7	40	1.686
-2.356194	1.875281	0.107086	87	5	77	1.686
0.785398	2.407836	1.410646	104	94	85	1.686
-1.570796	0.733948	3.021411	2	5	42	1.685
1.832596	0.864993	2.278281	10	9	41	1.685
-1.832596	2.295480	1.008277	86	33	103	1.685
-1.308997	0.733948	3.021411	1	4	42	1.685
-1.570796	1.658653	-2.409879	88	105	82	1.685
0.785398	2.174483	2.653697	101	99	79	1.685
-1.047198	0.297065	2.160177	12	110	41	1.685
-0.785398	0.591903	2.010408	9	106	41	1.685
2.094395	0.733948	3.021411	9	0	42	1.685
1.308997	0.929350	-2.910676	87	5	81	1.685
-1.308997	0.419640	2.974122	8	5	42	1.685
1.832596	1.050534	3.042579	15	0	40	1.685
-0.523599	0.906588	1.252948	89	101	79	1.678
0.261799	1.045978	0.343692	7	84	31	1.678
0.000000	2.588535	-2.976617	108	23	78	1.678
2.094395	0.866395	-2.492918	88	107	81	1.678
2.094395	1.367556	0.358405	85	7	86	1.678
-1.832596	0.910508	1.903534	86	107	79	1.678
-1.832596	1.506530	1.988858	95	102	75	1.678
-0.785398	0.906588	1.252948	87	104	79	1.678
-1.832596	2.404280	-0.174044	88	108	81	1.670
-0.785398	1.872854	1.543456	106	1	73	1.670
-1.570796	1.504028	0.636812	82	97	87	1.657
0.261799	2.251330	-2.330739	93	89	84	1.656
-1.047198	2.349581	-2.702517	78	109	86	1.656
0.000000	1.433411	-1.035986	93	89	84	1.656
-1.570796	1.335669	0.897240	82	96	93	1.656
2.356194	2.404280	-0.174044	7	36	92	1.649
0.261799	0.618092	2.539118	2	75	22	1.649
1.832596	1.948085	-2.363031	5	29	81	1.649
0.000000	1.554776	0.100351	8	77	26	1.649
0.523599	2.592629	0.909713	104	95	85	1.648
2.617994	1.025536	1.576859	97	97	82	1.641
-1.047198	0.496451	0.593859	1	109	38	1.641
0.261799	0.906588	1.252948	99	96	78	1.641
-1.308997	1.599406	1.426070	111	6	35	1.641
0.523599	1.699788	2.452890	88	103	86	1.634
1.570796	0.297065	2.160177	0	9	41	1.620
1.308997	0.591903	2.010408	9	9	41	1.620
-2.356194	1.998705	2.370472	111	34	84	1.620
-0.261799	0.370812	-2.547742	106	5	40	1.620
-1.832596	1.545873	-1.877082	85	106	87	1.620
2.617994	0.619654	-2.216909	19	3	37	1.620
1.308997	0.864993	2.278281	12	6	41	1.619
1.047198	0.992645	-1.723759	40	100	21	1.619
-1.047198	2.719179	-1.780644	104	101	78	1.619
-2.356194	0.591903	2.010408	97	27	80	1.619
-0.523599	1.168678	2.108595	86	102	95	1.619
-1.570796	0.458961	-0.107937	95	110	30	1.619
-2.617994	1.301460	-0.509251	106	7	32	1.619
2.094395	0.700570	1.559208	94	104	78	1.612
-1.570796	2.724429	-0.348782	94	105	78	1.604
-0.523599	2.180315	-1.357379	85	107	77	1.590
1.047198	1.488617	1.159546	92	103	76	1.590
1.047198	2.343981	-1.040456	102	99	73	1.590
-0.785398	1.824694	1.850876	83	110	90	1.590
1.047198	1.569311	-3.003978	100	106	78	1.589
0.000000	0.906588	1.252948	109	84	29	1.583
1.047198	2.180315	-1.357379	82	1	87	1.583
2.356194	1.391910	3.030322	12	29	88	1.583
2.617994	1.569311	-3.003978	7	32	85	1.583
-2.356194	1.977582	0.969896	105	37	97	1.583
2.879793	1.134796	2.434290	98	95	82	1.583
0.523599	1.948085	-2.363031	96	108	77	1.583
2.094395	1.617114	-1.572037	4	37	91	1.583
0.000000	2.379497	0.561089	3	74	13	1.582
1.308997	1.756530	-2.105156	12	11	38	1.575
-1.047198	0.866395	-2.492918	94	102	82	1.560
-2.094395	1.809167	1.213774	91	36	109	1.554
-1.047198	1.391910	3.030322	86	106	86	1.554
-2.094395	1.846342	-1.796954	87	108	84	1.554
-2.356194	1.218453	2.777284	106	10	38	1.554
2.094395	1.545873	-1.877082	5	37	90	1.554
-1.308997	2.001437	0.381215	38	106	26	1.554
-1.570796	1.809167	1.213774	85	30	109	1.553
-2.094395	0.910508	1.903534	94	36	1	1.553
0.000000	2.579248	-2.364801	8	13	77	1.553
-0.523599	1.555207	1.708892	85	104	95	1.553
-3.141593	1.836682	-0.676006	17	0	35	1.553
-1.047198	2.579248	-2.364801	104	106	76	1.553
-2.094395	1.599406	1.426070	80	110	95	1.553
-3.141593	0.762244	-0.273349	110	3	36	1.553
-1.047198	1.872854	1.543456	84	102	93	1.546
0.785398	1.658653	-2.409879	99	105	78	1.546
2.356194	1.756530	-2.105156	2	34	86	1.546
0.785398	2.881233	-2.582574	4	9	37	1.546
-0.261799	1.214854	-1.966664	100	101	80	1.546
-2.356194	0.203748	0.590255	107	109	76	1.546
-1.570796	0.496451	0.593859	6	5	36	1.545
-1.832596	2.637879	2.121598	81	108	82	1.525
0.785398	1.846342	-1.796954	80	111	86	1.524
-2.356194	1.606104	-0.451151	89	12	79	1.524
0.000000	2.456751	-1.503343	89	102	76	1.524
-1.047198	0.591903	2.010408	92	100	78	1.524
-0.785398	1.134497	-1.109631	80	102	91	1.524
-1.047198	0.866955	-0.931351	79	107	97	1.524
1.047198	0.674054	1.013609	101	94	80	1.524
-0.261799	1.433411	-1.035986	88	93	86	1.524
-1.570796	1.014500	0.906702	83	98	101	1.524
-0.785398	2.343981	-1.040456	91	111	73	1.524
-0.523599	1.545873	-1.877082	80	102	93	1.524
-1.570796	1.194549	-0.801900	108	81	25	1.517
2.879793	1.569311	-3.003978	3	34	85	1.517
-3.141593	1.506530	1.988858	9	34	94	1.517
-0.261799	1.014500	0.906702	108	108	34	1.517
1.832596	1.247695	1.809890	102	2	74	1.516
-2.617994	1.977582	0.969896	109	38	97	1.516
0.785398	1.050534	3.042579	100	99	81	1.501
2.094395	2.115563	0.685730	8	30	78	1.496
1.570796	2.001437	0.381215	16	23	77	1.495
2.094395	2.295480	1.008277	7	31	79	1.495
1.308997	1.824694	1.850876	42	91	15	1.495
1.308997	2.407836	1.410646	21	22	82	1.495
1.570796	1.504028	0.636812	22	25	88	1.495
2.094395	1.135834	-1.431087	47	98	17	1.495
0.785398	1.367556	0.358405	45	91	10	1.495
0.523599	2.295480	1.008277	42	94	2	1.495
-2.356194	1.440580	2.260026	108	38	92	1.488
2.094395	0.906588	1.252948	109	108	35	1.488
1.047198	1.195355	1.200319	10	78	27	1.488
-2.094395	0.914445	2.687814	110	5	41	1.487
2.879793	2.719179	-1.780644	93	1	78	1.487
-1.832596	1.045978	0.343692	109	4	36	1.487
0.261799	2.407836	1.410646	96	95	86	1.487
0.785398	0.899350	-2.069907	110	39	104	1.487
1.832596	1.904882	-1.478089	8	35	90	1.487
-0.261799	1.135813	-2.658866	104	104	35	1.487
0.523599	0.762244	-0.273349	9	2	36	1.487
-1.832596	2.719179	-1.780644	98	102	78	1.487
-2.879793	0.618092	2.539118	4	36	102	1.487
-3.141593	0.618092	2.539118	7	35	102	1.486
-3.141593	0.914445	2.687814	4	36	97	1.480
0.523599	1.195355	1.200319	100	99	75	1.480
-0.523599	1.909857	-0.381669	4	74	18	1.479
0.523599	1.218453	2.777284	94	100	82	1.472
-3.141593	1.846342	-1.796954	88	108	83	1.472
1.047198	1.134796	2.434290	17	111	39	1.459
1.047198	0.591903	2.010408	11	9	41	1.459
-2.879793	2.033014	2.977192	87	97	90	1.459
-0.523599	0.864993	2.278281	7	105	41	1.458
-2.617994	1.554776	0.100351	86	12	83	1.458
-3.141593	1.766067	2.153843	94	101	76	1.458
-1.832596	1.732874	-0.951685	86	8	80	1.458
-0.523599	1.135834	-1.431087	81	100	95	1.458
1.047198	0.418037	1.360082	16	11	38	1.458
-1.047198	1.440580	2.260026	83	0	90	1.458
-1.832596	1.367556	0.358405	79	106	89	1.458
0.523599	1.510910	-0.740472	38	92	23	1.458
1.832596	1.488617	1.159546	99	99	76	1.458
0.523599	1.982574	-1.115518	101	94	77	1.458
-2.617994	0.619654	-2.216909	12	16	37	1.458
-3.141593	1.875281	0.107086	96	13	76	1.458
-0.261799	1.168678	2.108595	87	99	95	1.458
0.785398	1.134796	2.434290	16	108	39	1.458
-1.832596	0.914445	2.687814	110	2	42	1.458
0.523599	2.664082	-1.071402	37	96	7	1.458
0.785398	2.349581	-2.702517	105	110	75	1.458
-0.785398	0.618092	2.539118	7	111	42	1.458
-1.832596	0.618092	2.539118	89	100	81	1.458
-2.617994	2.104282	-0.813972	101	11	74	1.458
0.785398	2.379497	0.561089	2	1	74	1.458
0.000000	0.929350	-2.910676	89	101	87	1.451
2.617994	1.948085	-2.363031	111	32	82	1.451
2.879793	2.343981	-1.040456	87	110	85	1.451
-2.094395	1.413430	2.550734	89	97	82	1.450
-1.308997	1.617114	-1.572037	109	77	12	1.450
-2.094395	0.591903	2.010408	83	110	84	1.443
-1.047198	2.587733	0.232235	94	100	80	1.443
-0.785398	2.180315	-1.357379	96	100	80	1.436
-0.785398	1.194549	-0.801900	81	98	87	1.429
-0.785398	1.214854	-1.966664	91	111	26	1.429
-0.261799	1.658653	-2.409879	96	99	24	1.429
-1.570796	1.696674	-1.253233	83	107	85	1.422
-3.141593	0.864993	2.278281	8	35	100	1.422
-0.785398	2.089241	-0.114193	109	76	18	1.421
-2.617994	2.407836	1.410646	1	37	89	1.421
0.785398	2.719179	-1.780644	6	28	82	1.421
0.785398	1.025536	1.576859	6	76	25	1.421
-0.261799	0.960688	-0.577532	97	12	30	1.421
1.832596	0.203748	0.590255	108	109	35	1.421
-2.356194	1.574060	2.783565	105	35	86	1.421
2.879793	0.929350	-2.910676	4	37	95	1.421
2.879793	0.709924	0.218797	101	96	82	1.414
0.261799	1.658653	-2.409879	97	107	78	1.414
-0.785398	0.899350	-2.069907	18	3	36	1.413
0.000000	2.349581	-2.702517	97	102	78	1.406
-2.617994	1.374601	-2.456031	96	111	77	1.406
-0.261799	1.872854	1.543456	103	3	74	1.406
-1.308997	1.448123	-2.163292	89	99	86	1.393
2.879793	0.370812	-2.547742	15	0	40	1.392
0.261799	0.297065	2.160177	10	8	41	1.392
1.308997	0.370812	-2.547742	38	98	25	1.392
1.308997	2.456751	-1.503343	106	97	75	1.392
-1.047198	1.050534	3.042579	84	105	91	1.392
2.879793	0.866955	-0.931351	11	73	26	1.392
-2.356194	1.662363	0.915448	80	3	88	1.392
-0.785398	1.168678	2.108595	105	105	74	1.392
1.047198	0.864993	2.278281	13	4	41	1.392
0.785398	1.135834	-1.431087	40	97	22	1.392
2.356194	1.135834	-1.431087	2	105	40	1.385
-1.308997	1.488617	1.159546	96	6	74	1.384
-1.570796	0.866955	-0.931351	77	29	109	1.364
0.000000	2.343981	-1.040456	92	104	72	1.364
-1.308997	1.606104	-0.451151	83	106	78	1.363
1.308997	0.914445	2.687814	11	3	43	1.363
-2.094395	1.617114	-1.572037	38	99	23	1.363
-0.261799	2.180315	-1.357379	87	103	75	1.363
-0.785398	1.606104	-0.451151	87	99	78	1.363
-1.832596	1.335669	0.897240	80	101	93	1.363
1.047198	2.164094	-2.991358	39	81	16	1.363
2.617994	0.640596	-2.797608	6	36	99	1.356
2.356194	1.732874	-0.951685	7	106	37	1.356
0.261799	1.488617	1.159546	1	77	24	1.355
0.785398	0.418037	1.360082	108	107	34	1.355
-0.261799	2.001437	0.381215	1	75	20	1.355
1.570796	2.153910	-1.714959	8	30	84	1.355
1.308997	0.961715	0.014085	10	3	36	1.355
2.617994	1.374601	-2.456031	100	3	77	1.340
-1.832596	0.864993	2.278281	89	34	111	1.327
2.094395	1.872854	1.543456	40	96	16	1.327
-2.356194	1.310100	1.488307	110	37	102	1.327
0.785398	2.138223	1.678323	90	8	81	1.327
-2.617994	1.135813	-2.658866	7	19	35	1.326
-1.308997	1.440580	2.260026	104	80	29	1.326
-1.308997	0.370812	-2.547742	1	12	40	1.326
-1.047198	0.370812	-2.547742	111	11	40	1.326
-2.094395	0.370812	-2.547742	9	11	40	1.326
0.523599	0.619654	-2.216909	110	101	37	1.326
-1.832596	0.619654	-2.216909	0	16	37	1.326
2.094395	1.050534	3.042579	86	105	82	1.326
-3.141593	2.592629	0.909713	5	36	89	1.326
-2.356194	0.297065	2.160177	84	3	83	1.326
-3.141593	2.396274	-1.959260	93	3	78	1.326
2.617994	1.247695	1.809890	39	103	22	1.326
0.261799	0.419640	2.974122	1	4	42	1.326
-1.047198	2.356369	3.005869	96	1	76	1.326
2.879793	0.419640	2.974122	6	110	42	1.326
-2.094395	1.301460	-0.509251	104	1	32	1.326
-2.879793	2.478122	2.609777	109	2	77	1.326
1.308997	1.504028	0.636812	100	94	79	1.319
-2.094395	1.310100	1.488307	96	3	73	1.319
1.047198	0.906588	1.252948	101	99	76	1.297
-0.261799	2.979456	-1.009304	97	8	72	1.297
1.047198	2.407836	1.410646	106	94	85	1.297
-1.570796	0.929350	-2.910676	83	109	91	1.297
1.308997	0.290380	-0.796960	81	104	92	1.297
2.356194	2.247462	0.191623	102	9	72	1.297
-1.047198	2.104282	-0.813972	91	111	72	1.297
1.570796	2.247462	0.191623	109	6	72	1.297
-0.785398	2.456751	-1.503343	87	1	75	1.297
-2.879793	2.979456	-1.009304	111	106	72	1.297
1.832596	1.909857	-0.381669	2	2	73	1.297
2.879793	1.909857	-0.381669	105	11	73	1.297
1.832596	2.104282	-0.813972	0	108	72	1.297
-2.356194	1.367556	0.358405	80	6	87	1.297
2.094395	2.104282	-0.813972	1	111	72	1.297
1.308997	1.766067	2.153843	94	9	76	1.297
2.879793	0.640596	-2.797608	110	110	33	1.297
2.094395	1.909857	-0.381669	1	5	73	1.296
2.879793	2.033014	2.977192	82	109	90	1.290
-3.141593	2.251330	-2.330739	100	5	32	1.290
0.000000	1.948085	-2.363031	99	96	81	1.282
0.523599	1.391910	3.030322	96	103	79	1.274
-0.523599	1.982574	-1.115518	75	3	85	1.268
0.000000	1.982574	-1.115518	80	109	85	1.268
1.308997	1.696674	-1.253233	39	105	16	1.261
-2.356194	1.732874	-0.951685	12	6	38	1.260
0.785398	0.850607	-1.335383	38	98	26	1.260
-0.523599	0.709924	0.218797	5	2	37	1.260
-2.879793	2.063651	-2.044600	103	1	36	1.260
-1.570796	1.128190	-2.288622	100	14	31	1.260
-2.879793	1.374601	-2.456031	98	107	34	1.260
-2.617994	1.696674	-1.253233	89	107	82	1.253
-3.141593	2.637879	2.121598	90	96	83	1.253
-1.832596	1.977582	0.969896	107	4	33	1.245
-1.047198	1.134497	-1.109631	79	106	92	1.232
-0.523599	0.700570	1.559208	91	103	78	1.231
-1.570796	1.367556	0.358405	81	101	88	1.231
0.523599	1.335669	0.897240	87	104	80	1.231
-2.094395	1.554776	0.100351	81	2	83	1.231
0.000000	1.824694	1.850876	89	97	90	1.231
-0.261799	2.349581	-2.702517	88	93	86	1.231
0.261799	2.456751	-1.503343	92	99	75	1.231
-1.047198	0.418037	1.360082	86	110	80	1.231
1.047198	1.599406	1.426070	92	109	75	1.231
0.261799	1.872854	1.543456	94	7	76	1.231
-1.047198	1.606104	-0.451151	85	101	80	1.231
-3.141593	2.153910	-1.714959	109	7	38	1.231
-0.523599	1.433411	-1.035986	84	98	86	1.231
-1.832596	1.504028	0.636812	80	104	88	1.231
0.785398	1.599406	1.426070	92	111	75	1.231
-2.094395	1.977582	0.969896	80	108	85	1.231
0.000000	0.418037	1.360082	93	96	81	1.231
-1.832596	1.872854	1.543456	79	105	92	1.231
-0.523599	1.134796	2.434290	3	101	39	1.231
-1.047198	1.374601	-2.456031	90	100	84	1.231
-2.094395	0.203748	0.590255	99	110	36	1.231
1.570796	1.809167	1.213774	91	101	77	1.231
-1.047198	1.448123	-2.163292	92	4	25	1.231
-1.308997	0.290380	-0.796960	96	3	34	1.231
0.785398	1.195355	1.200319	94	103	76	1.231
-0.785398	1.450119	-2.739050	95	109	31	1.231
0.785398	1.184361	0.625864	87	99	84	1.231
1.570796	1.766067	2.153843	92	6	76	1.231
-0.785398	0.685216	-1.712745	95	1	32	1.231
-0.785398	0.571433	-1.188419	95	109	30	1.231
-1.832596	0.866955	-0.931351	109	83	27	1.224
2.356194	1.050534	3.042579	90	101	81	1.223
-3.141593	1.824694	1.850876	9	34	92	1.223
1.570796	1.194549	-0.801900	83	110	90	1.223
2.094395	1.998705	2.370472	86	4	82	1.223
-3.141593	1.809167	1.213774	7	36	98	1.223
-0.523599	1.301460	-0.509251	87	92	84	1.202
-2.356194	1.658653	-2.409879	101	104	35	1.194
0.523599	1.134796	2.434290	102	35	83	1.194
1.570796	0.850607	-1.335383	101	108	37	1.194
2.617994	0.709924	0.218797	5	3	37	1.194
0.785398	1.617114	-1.572037	86	111	81	1.187
-0.523599	1.875281	0.107086	0	76	20	1.187
-0.261799	0.674054	1.013609	87	99	83	1.187
0.523599	2.379497	0.561089	82	108	85	1.187
2.094395	0.866955	-0.931351	87	104	85	1.187
-1.047198	0.674054	1.013609	83	111	83	1.187
0.523599	2.108018	1.311430	87	5	80	1.166
-1.047198	1.510910	-0.740472	82	104	84	1.165
-3.141593	2.187132	-0.479875	102	7	72	1.165
-2.617994	0.419640	2.974122	9	111	42	1.165
-2.617994	1.391910	3.030322	111	18	36	1.165
0.523599	1.872854	1.543456	92	5	77	1.165
0.261799	1.870545	-2.976234	104	101	78	1.165
1.308997	0.297065	2.160177	1	11	41	1.165
1.832596	0.370812	-2.547742	8	103	40	1.165
1.047198	1.050534	3.042579	11	105	40	1.165
-3.141593	0.866395	-2.492918	16	13	37	1.165
-1.832596	1.909857	-0.381669	89	3	75	1.165
0.785398	1.218453	2.777284	13	104	39	1.165
0.523599	1.050534	3.042579	6	103	40	1.165
0.523599	1.870545	-2.976234	104	102	78	1.165
-3.141593	2.760637	2.781135	107	106	77	1.165
-0.523599	0.591903	2.010408	10	107	41	1.165
-2.879793	2.089241	-0.114193	96	8	73	1.164
2.356194	2.343981	-1.040456	0	108	73	1.164
0.785398	2.001437	0.381215	86	98	84	1.158
-0.785398	1.025536	1.576859	93	100	76	1.158
2.356194	2.719179	-1.780644	89	104	84	1.158
-1.047198	1.909857	-0.381669	108	77	18	1.158
2.617994	1.574060	2.783565	11	29	87	1.158
-0.523599	2.001437	0.381215	109	77	19	1.158
1.570796	0.290380	-0.796960	2	11	34	1.157
-1.047198	1.504028	0.636812	91	89	87	1.136
0.261799	1.433411	-1.035986	98	88	84	1.136
0.785398	2.396274	-1.959260	100	91	78	1.136
0.523599	1.433411	-1.035986	103	88	84	1.136
-1.047198	2.407836	1.410646	95	90	81	1.136
0.000000	0.866955	-0.931351	94	87	95	1.136
0.785398	1.904882	-1.478089	103	90	80	1.136
1.832596	2.073035	2.027405	85	111	78	1.136
-1.047198	1.335669	0.897240	91	88	93	1.136
2.879793	2.456751	-1.503343	91	103	82	1.129
-2.356194	2.478122	2.609777	94	91	85	1.129
0.000000	0.709924	0.218797	4	1	37	1.128
1.832596	1.433411	-1.035986	110	105	37	1.128
1.832596	1.846342	-1.796954	7	33	86	1.128
2.879793	0.615174	-0.666022	107	6	34	1.128
1.047198	0.960688	-0.577532	100	100	30	1.128
2.356194	1.214854	-1.966664	1	38	93	1.128
0.261799	1.335669	0.897240	90	103	77	1.121
0.261799	0.203748	0.590255	97	2	76	1.121
-0.785398	1.014500	0.906702	86	1	79	1.121
-0.523599	1.662363	0.915448	91	4	76	1.120
2.879793	2.041297	-2.664597	99	103	78	1.113
-1.308997	2.455966	-0.641220	94	102	79	1.113
0.261799	1.301460	-0.509251	105	89	87	1.100
0.523599	1.732874	-0.951685	104	92	80	1.099
-1.570796	2.588535	-2.976617	102	111	75	1.099
2.617994	1.413347	-1.339188	111	106	38	1.099
-2.617994	1.909857	-0.381669	94	10	75	1.099
2.356194	2.637879	2.121598	5	40	85	1.099
0.261799	0.864993	2.278281	11	109	41	1.099
0.785398	2.588535	-2.976617	100	110	75	1.099
2.879793	0.619654	-2.216909	18	7	37	1.099
-2.094395	0.619654	-2.216909	4	17	37	1.099
0.785398	0.866395	-2.492918	4	99	37	1.099
1.308997	2.343981	-1.040456	106	101	73	1.099
-1.047198	1.417623	-0.202254	108	104	32	1.099
-1.570796	0.203748	0.590255	12	7	36	1.099
2.356194	1.247695	1.809890	40	99	22	1.099
1.308997	1.247695	1.809890	84	2	84	1.099
0.523599	1.617114	-1.572037	86	3	81	1.092
2.094395	0.591903	2.010408	95	106	77	1.091
0.785398	1.488617	1.159546	10	76	23	1.091
-2.879793	1.247695	1.809890	5	36	100	1.091
-2.094395	2.724429	-0.348782	92	109	78	1.084
-0.523599	1.510910	-0.740472	86	97	83	1.070
-0.523599	1.554776	0.100351	97	90	81	1.070
2.094395	1.683268	0.374177	13	29	82	1.070
-0.785398	1.909857	-0.381669	91	100	74	1.070
-1.047198	2.588535	-2.976617	81	106	82	1.070
-0.261799	2.456751	-1.503343	86	107	76	1.070
-1.308997	1.683268	0.374177	86	97	81	1.070
0.261799	2.180315	-1.357379	82	110	86	1.070
-2.617994	1.504028	0.636812	81	8	87	1.070
-0.785398	2.153910	-1.714959	81	110	81	1.070
0.000000	1.506530	1.988858	106	3	72	1.070
0.523599	1.301460	-0.509251	109	90	85	1.070
0.785398	0.914445	2.687814	10	109	43	1.070
2.094395	1.554776	0.100351	16	27	82	1.070
-0.523599	2.456751	-1.503343	87	109	74	1.070
-1.570796	1.599406	1.426070	82	97	95	1.070
2.094395	1.555207	1.708892	111	35	89	1.070
0.523599	0.914445	2.687814	9	108	43	1.070
-3.141593	0.960688	-0.577532	107	8	33	1.062
0.523599	0.960688	-0.577532	15	1	33	1.062
2.356194	1.113094	-0.272241	6	11	34	1.062
1.832596	1.214854	-1.966664	10	33	93	1.062
0.785398	1.374601	-2.456031	102	101	80	1.055
-1.308997	1.732874	-0.951685	5	11	38	1.033
1.308997	0.992645	-1.723759	39	104	21	1.033
2.356194	0.674054	1.013609	111	40	108	1.033
-2.617994	1.741644	-2.695914	104	77	21	1.033
1.570796	0.914445	2.687814	11	4	41	1.033
-0.523599	1.504028	0.636812	109	82	27	1.033
2.617994	1.732874	-0.951685	10	107	38	1.033
1.308997	1.982574	-1.115518	0	98	78	1.033
1.047198	1.413347	-1.339188	40	101	19	1.033
1.832596	1.391910	3.030322	21	3	35	1.033
-2.356194	1.756530	-2.105156	87	2	83	1.033
2.617994	1.195355	1.200319	36	102	27	1.033
-2.617994	2.180315	-1.357379	1	8	39	1.033
-2.094395	0.929350	-2.910676	111	13	39	1.033
2.094395	2.587733	0.232235	37	106	12	1.033
1.047198	1.732874	-0.951685	1	96	80	1.033
-2.617994	1.433411	-1.035986	106	42	87	1.033
-2.356194	1.301460	-0.509251	103	5	32	1.033
2.879793	1.134497	-1.109631	12	39	95	1.033
-2.879793	1.696674	-1.253233	90	108	82	1.026
-0.523599	1.846342	-1.796954	2	106	40	1.026
-1.570796	1.025536	1.576859	89	110	76	1.026
2.879793	0.906588	1.252948	101	97	81	1.025
1.308997	0.615174	-0.666022	9	9	34	1.025
1.832596	2.041297	-2.664597	101	101	79	1.025
-1.570796	2.863997	0.549740	92	107	78	1.018
-1.308997	2.881233	-2.582574	101	2	75	1.018
-2.879793	1.569311	-3.003978	106	0	77	1.010
1.047198	1.184361	0.625864	90	96	83	1.004
2.094395	1.699788	2.452890	87	5	80	1.004
-1.047198	2.108018	1.311430	94	90	84	1.004
1.832596	1.766067	2.153843	90	3	76	1.004
1.047198	0.831641	0.616218	93	95	83	1.004
0.785398	1.662363	0.915448	86	105	79	1.004
1.047198	1.809167	1.213774	88	106	77	1.004
-2.356194	2.001437	0.381215	86	2	76	1.004
-1.308997	1.301460	-0.509251	80	107	85	1.004
0.785398	1.812176	0.656819	83	103	84	1.004
0.523599	0.831641	0.616218	86	99	84	1.004
-0.523599	1.904882	-1.478089	83	102	82	1.004
1.308997	1.488617	1.159546	94	101	76	1.004
-1.832596	2.104282	-0.813972	101	30	75	1.004
0.523599	0.418037	1.360082	101	94	81	1.004
2.094395	1.247695	1.809890	86	101	83	1.004
0.261799	1.696674	-1.253233	96	90	83	1.004
-1.047198	1.982574	-1.115518	85	0	77	1.004
-2.879793	2.187132	-0.479875	101	6	71	1.004
-2.094395	1.545873	-1.877082	89	106	81	1.004
-0.523599	2.396274	-1.959260	83	105	80	1.004
0.785398	1.504028	0.636812	85	101	83	1.004
1.047198	1.824694	1.850876	93	6	75	1.003
2.094395	2.187132	-0.479875	109	2	71	1.003
1.832596	1.824694	1.850876	15	37	99	1.003
-2.617994	1.836682	-0.676006	98	13	75	1.003
0.523599	1.506530	1.988858	103	4	73	1.003
-1.308997	1.025536	1.576859	89	106	76	0.996
2.617994	0.850607	-1.335383	91	98	83	0.996
2.094395	2.724429	-0.348782	6	33	86	0.996
2.617994	0.615174	-0.666022	109	8	34	0.996
-2.094395	0.379747	-1.713059	103	110	31	0.996
-0.523599	2.089241	-0.114193	1	74	17	0.996
-1.570796	0.640596	-2.797608	87	111	83	0.989
-1.047198	2.979456	-1.009304	4	1	38	0.989
0.000000	0.685216	-1.712745	7	18	34	0.989
0.000000	2.760637	2.781135	5	12	35	0.989
-2.094395	2.455966	-0.641220	91	110	79	0.981
-2.617994	1.545873	-1.877082	91	104	82	0.981
-2.094395	1.184361	0.625864	76	111	95	0.975
1.832596	1.374601	-2.456031	12	29	87	0.967
-2.094395	1.242974	-2.977882	107	15	36	0.967
-1.570796	1.977582	0.969896	9	35	85	0.967
1.047198	2.396274	-1.959260	7	27	81	0.967
0.000000	2.001437	0.381215	4	74	20	0.967
-1.047198	2.456751	-1.503343	107	106	36	0.967
-0.523599	1.214854	-1.966664	96	105	26	0.967
-0.785398	2.455966	-0.641220	102	6	33	0.967
0.261799	2.104282	-0.813972	107	109	36	0.967
-0.261799	2.379497	0.561089	111	75	13	0.967
0.000000	2.455966	-0.641220	103	107	33	0.967
-2.356194	1.025536	1.576859	110	35	105	0.960
1.047198	1.301460	-0.509251	98	7	76	0.960
2.356194	2.984978	1.954446	82	103	89	0.959
-0.523599	1.310100	1.488307	98	105	74	0.952
-0.785398	1.417623	-0.202254	89	94	83	0.938
-2.094395	0.864993	2.278281	91	106	76	0.938
-0.785398	1.413347	-1.339188	80	104	89	0.938
2.356194	2.379497	0.561089	99	11	74	0.938
-0.785398	0.960688	-0.577532	83	98	94	0.938
-0.785398	1.846342	-1.796954	80	107	87	0.938
-0.523599	1.617114	-1.572037	81	101	88	0.938
-0.261799	1.450119	-2.739050	100	100	31	0.938
2.617994	1.766067	2.153843	89	106	77	0.938
-1.832596	1.599406	1.426070	80	104	95	0.938
0.000000	2.396274	-1.959260	89	97	79	0.938
-1.047198	2.724429	-0.348782	92	98	84	0.938
2.617994	0.914445	2.687814	5	8	42	0.938
-2.094395	1.812176	0.656819	81	109	83	0.938
0.261799	0.910508	1.903534	106	104	74	0.938
-1.570796	1.413430	2.550734	105	97	78	0.938
0.523599	2.153910	-1.714959	98	91	81	0.938
1.570796	1.335669	0.897240	98	96	78	0.938
-1.308997	1.325504	-1.671296	34	96	34	0.938
1.308997	1.413430	2.550734	21	0	36	0.938
1.047198	1.413430	2.550734	20	108	36	0.937
0.000000	0.850607	-1.335383	111	15	37	0.931
-0.261799	1.335669	0.897240	87	108	78	0.930
-0.785398	0.674054	1.013609	83	106	83	0.930
1.832596	0.379747	-1.713059	92	111	77	0.930
1.832596	1.335669	0.897240	85	102	89	0.930
2.356194	0.640596	-2.797608	93	106	77	0.930
1.308997	1.869911	2.701025	95	99	82	0.923
1.308997	1.606104	-0.451151	75	5	98	0.909
-3.141593	1.869911	2.701025	6	31	83	0.901
1.832596	2.456751	-1.503343	3	33	84	0.901
-0.785398	1.875281	0.107086	108	78	22	0.901
-2.879793	1.050534	3.042579	109	38	92	0.901
-1.570796	1.872854	1.543456	9	25	79	0.901
2.356194	2.664082	-1.071402	110	35	85	0.901
2.617994	2.664082	-1.071402	17	11	33	0.901
-0.261799	2.664082	-1.071402	106	102	33	0.901
-3.141593	2.407836	1.410646	8	34	88	0.901
2.356194	0.899350	-2.069907	99	1	36	0.901
2.879793	1.696674	-1.253233	5	111	39	0.901
2.356194	1.134497	-1.109631	110	101	34	0.901
2.617994	2.478122	2.609777	82	2	86	0.894
-1.047198	2.138223	1.678323	85	103	88	0.894
1.832596	2.592629	0.909713	91	95	83	0.894
1.308997	1.870545	-2.976234	95	108	77	0.893
1.570796	1.218453	2.777284	86	111	84	0.893
0.261799	1.510910	-0.740472	102	90	83	0.872
0.523599	0.733948	3.021411	2	109	42	0.872
0.000000	1.335669	0.897240	111	80	28	0.872
2.879793	0.866395	-2.492918	18	7	37	0.872
0.785398	0.733948	3.021411	4	109	42	0.872
0.523599	0.906588	1.252948	96	100	77	0.872
0.785398	1.168678	2.108595	19	110	37	0.872
-1.308997	1.756530	-2.105156	91	99	83	0.872
2.879793	2.089241	-0.114193	101	9	73	0.872
-1.047198	0.733948	3.021411	1	3	42	0.872
-2.617994	0.733948	3.021411	6	5	42	0.872
-1.832596	1.050534	3.042579	107	7	40	0.872
-0.261799	0.297065	2.160177	12	4	41	0.872
0.261799	2.579248	-2.364801	93	94	80	0.872
-1.832596	2.863997	0.549740	86	28	96	0.872
-1.047198	1.904882	-1.478089	82	1	83	0.872
-2.094395	1.504028	0.636812	79	110	89	0.872
-2.094395	2.478122	2.609777	82	7	86	0.872
0.785398	1.606104	-0.451151	38	94	24	0.872
-1.047198	0.618092	2.539118	6	111	42	0.872
0.261799	1.569311	-3.003978	45	103	21	0.872
0.523599	1.736875	3.023612	103	98	80	0.872
1.047198	1.846342	-1.796954	110	90	86	0.872
-3.141593	1.555207	1.708892	103	105	73	0.871
-0.523599	1.391910	3.030322	106	102	36	0.871
2.356194	2.251330	-2.330739	99	102	79	0.864
1.308997	2.579248	-2.364801	89	109	82	0.864
-1.832596	1.025536	1.576859	89	1	76	0.864
1.570796	1.045978	0.343692	85	106	86	0.864
0.000000	1.809167	1.213774	2	107	34	0.857
-0.785398	2.664082	-1.071402	101	104	77	0.849
2.356194	2.174483	2.653697	81	1	85	0.843
0.000000	1.836682	-0.676006	96	96	75	0.843
-1.570796	1.812176	0.656819	85	96	83	0.843
0.523599	1.696674	-1.253233	100	89	82	0.843
0.261799	2.396274	-1.959260	90	94	79	0.843
-0.523599	1.606104	-0.451151	91	95	78	0.843
1.047198	2.349581	-2.702517	90	102	80	0.843
-0.523599	2.979456	-1.009304	97	10	73	0.842
1.047198	1.555207	1.708892	95	111	73	0.842
-1.308997	2.393226	1.857173	84	109	83	0.835
-3.141593	0.899350	-2.069907	97	95	82	0.835
0.785398	0.700570	1.559208	3	79	28	0.835
-0.261799	1.721184	-0.153948	7	75	23	0.835
-2.356194	2.393226	1.857173	0	35	85	0.835
0.523599	1.247695	1.809890	3	74	19	0.835
1.570796	0.961715	0.014085	9	4	36	0.835
0.261799	1.555207	1.708892	101	1	75	0.827
1.832596	1.870545	-2.976234	98	104	78	0.820
-3.141593	1.504028	0.636812	106	4	34	0.806
-0.785398	0.370812	-2.547742	109	9	40	0.806
1.047198	1.982574	-1.115518	40	100	14	0.806
-1.570796	0.619654	-2.216909	108	15	37	0.806
2.617994	0.866955	-0.931351	7	72	26	0.806
0.785398	0.419640	2.974122	0	3	42	0.806
-3.141593	0.640596	-2.797608	98	38	110	0.806
1.832596	0.297065	2.160177	110	7	41	0.806
1.047198	2.089241	-0.114193	40	93	19	0.806
0.785398	2.041297	-2.664597	91	105	80	0.806
1.308997	2.704512	1.488683	106	98	82	0.806
-2.356194	1.721184	-0.153948	87	8	79	0.806
-1.047198	2.396274	-1.959260	101	100	79	0.806
1.308997	0.419640	2.974122	0	1	42	0.806
1.832596	2.587733	0.232235	39	102	12	0.805
-1.832596	1.218453	2.777284	92	92	88	0.798
0.785398	1.574060	2.783565	94	101	81	0.791
2.094395	1.506530	1.988858	85	98	87	0.777
-2.356194	2.247462	0.191623	91	110	72	0.777
0.523599	1.766067	2.153843	40	84	24	0.777
1.308997	2.104282	-0.813972	110	103	72	0.777
-0.523599	2.349581	-2.702517	83	97	87	0.777
-0.523599	0.418037	1.360082	87	102	80	0.777
0.523599	2.343981	-1.040456	98	99	73	0.777
1.047198	2.033014	2.977192	41	84	20	0.777
2.094395	2.404280	-0.174044	103	4	70	0.777
-1.832596	2.089241	-0.114193	92	111	72	0.777
-2.617994	2.089241	-0.114193	94	6	72	0.777
0.000000	1.301460	-0.509251	98	89	86	0.777
0.000000	1.417623	-0.202254	103	89	83	0.777
1.047198	1.766067	2.153843	97	7	76	0.777
-0.523599	1.948085	-2.363031	81	99	91	0.777
2.356194	2.089241	-0.114193	106	9	72	0.777
-1.570796	2.115563	0.685730	87	99	78	0.777
1.832596	1.606104	-0.451151	41	102	4	0.777
0.261799	1.113094	-0.272241	40	100	21	0.777
-0.523599	2.063651	-2.044600	81	101	86	0.777
0.785398	2.343981	-1.040456	100	99	73	0.777
-2.879793	1.909857	-0.381669	98	11	73	0.777
