160	1.2	1
-2.356194	0.458961	-0.107937
0.000000	0.000000	0.000000
1ext.pdb	22.559	-18.959	8.954
model.B99990004.pdb	-18.298	5.107	-43.236
-0.261799	2.108018	1.311430	118	156	19	56.776
-1.308997	2.115563	0.685730	126	133	8	56.068
-1.047198	2.115563	0.685730	132	134	7	54.022
0.000000	0.910508	1.903534	126	145	17	52.565
2.094395	1.025536	1.576859	116	0	24	51.980
-0.785398	1.218453	2.777284	130	143	17	51.917
-3.141593	2.174483	2.653697	1	42	12	51.743
-1.047198	2.033014	2.977192	120	141	12	51.739
-1.832596	2.153910	-1.714959	120	144	27	51.504
0.000000	2.108018	1.311430	118	153	18	49.927
-0.261799	2.295480	1.008277	121	150	20	49.812
-1.047198	1.812176	0.656819	133	134	9	49.700
-3.141593	1.014500	0.906702	128	143	15	49.305
-1.570796	2.379497	0.561089	122	133	5	49.000
0.000000	2.407836	1.410646	117	149	17	48.570
-1.308997	2.174483	2.653697	119	139	8	48.481
-1.047198	1.869911	2.701025	123	139	13	48.397
2.094395	1.875281	0.107086	117	150	21	48.291
0.000000	2.393226	1.857173	113	153	13	48.251
1.832596	1.606104	-0.451151	122	138	24	48.250
-2.094395	1.869911	2.701025	117	151	14	48.205
1.570796	0.899350	-2.069907	125	147	20	47.887
-1.308997	2.033014	2.977192	118	144	12	47.833
-3.141593	2.478122	2.609777	1	45	5	47.685
1.832596	0.910508	1.903534	116	155	26	47.112
1.308997	1.545873	-1.877082	157	45	5	47.077
1.308997	1.433411	-1.035986	153	38	0	46.794
-2.617994	0.290380	-0.796960	149	44	1	46.588
2.617994	1.977582	0.969896	135	138	10	46.566
-2.879793	0.290380	-0.796960	156	46	2	46.515
-2.356194	1.574060	2.783565	121	150	16	46.402
-3.141593	0.831641	0.616218	124	142	13	46.339
-0.261799	1.977582	0.969896	122	154	20	46.307
-2.879793	2.704512	1.488683	133	141	13	46.157
1.570796	1.113094	-0.272241	113	142	20	46.075
2.094395	0.899350	-2.069907	122	140	6	46.061
-0.261799	1.812176	0.656819	131	145	14	45.903
-1.308997	2.379497	0.561089	129	132	4	45.861
-0.261799	2.579248	-2.364801	122	153	20	45.832
-1.047198	0.496451	0.593859	118	145	15	45.823
1.308997	1.413347	-1.339188	153	39	155	45.792
-1.047198	0.733948	3.021411	121	142	15	45.780
0.000000	2.579248	-2.364801	122	153	20	45.771
-2.617994	1.218453	2.777284	125	148	18	45.742
1.570796	1.417623	-0.202254	115	136	18	45.628
-2.879793	1.335669	0.897240	121	143	10	45.492
-0.261799	2.407836	1.410646	117	152	17	45.490
-1.047198	2.295480	1.008277	127	133	12	45.385
0.000000	0.831641	0.616218	122	146	18	45.198
-0.261799	0.615174	-0.666022	127	144	16	44.975
2.094395	1.247695	1.809890	122	157	27	44.873
2.356194	1.875281	0.107086	120	149	21	44.841
2.094395	0.866395	-2.492918	124	152	23	44.822
-2.879793	0.458961	-0.107937	114	152	13	44.784
1.047198	0.864993	2.278281	122	150	25	44.768
1.832596	1.909857	-0.381669	127	138	24	44.741
-0.523599	2.115563	0.685730	128	142	12	44.614
0.261799	0.866955	-0.931351	122	147	19	44.572
-1.047198	1.977582	0.969896	129	134	14	44.557
0.785398	2.588535	-2.976617	159	45	0	44.478
-1.308997	1.325504	-1.671296	137	141	21	44.397
1.832596	0.866395	-2.492918	123	153	22	44.384
1.047198	0.961715	0.014085	108	146	17	44.379
-1.308997	1.812176	0.656819	126	132	9	44.323
-2.879793	1.488617	1.159546	122	144	14	44.301
2.879793	1.904882	-1.478089	123	140	12	44.230
-0.785398	0.379747	-1.713059	127	149	20	44.008
0.000000	0.370812	-2.547742	131	145	17	44.005
-2.879793	2.404280	-0.174044	120	146	20	43.932
1.570796	1.545873	-1.877082	135	137	9	43.916
-2.094395	1.766067	2.153843	125	147	22	43.891
1.832596	0.899350	-2.069907	127	148	20	43.881
0.000000	1.450119	-2.739050	125	143	16	43.787
-1.047198	2.356369	3.005869	118	140	8	43.751
1.570796	1.325504	-1.671296	115	154	19	43.745
-1.832596	0.850607	-1.335383	130	140	17	43.725
-3.141593	2.396274	-1.959260	115	149	19	43.722
-1.832596	2.587733	0.232235	123	133	0	43.690
-2.617994	1.335669	0.897240	127	142	10	43.622
-1.832596	2.033014	2.977192	129	139	9	43.599
2.879793	2.760637	2.781135	8	43	158	43.583
-2.356194	1.391910	3.030322	123	150	18	43.568
2.879793	2.478122	2.609777	6	44	5	43.544
-1.308997	1.736875	3.023612	119	145	16	43.530
-1.570796	1.135813	-2.658866	124	138	13	43.500
-1.308997	2.478122	2.609777	119	138	4	43.369
-0.523599	0.762244	-0.273349	125	143	15	43.367
-0.785398	2.881233	-2.582574	122	150	20	43.351
-1.832596	1.736875	3.023612	131	138	8	43.343
-0.785398	1.413430	2.550734	129	139	14	43.332
-0.785398	0.709924	0.218797	118	143	13	43.275
1.308997	0.992645	-1.723759	131	135	11	43.234
-0.261799	0.914445	2.687814	121	147	16	43.209
-2.094395	2.063651	-2.044600	119	139	23	43.177
2.094395	2.108018	1.311430	118	148	17	43.040
1.570796	0.619654	-2.216909	119	149	21	43.025
0.261799	1.872854	1.543456	112	151	12	42.927
2.617994	2.115563	0.685730	132	139	13	42.893
1.047198	0.850607	-1.335383	130	134	7	42.789
-3.141593	0.615174	-0.666022	159	46	153	42.714
0.785398	2.396274	-1.959260	131	146	15	42.578
-1.047198	1.736875	3.023612	121	143	16	42.541
1.570796	1.721184	-0.153948	119	134	19	42.495
1.570796	0.992645	-1.723759	135	138	11	42.435
1.570796	1.440580	2.260026	111	144	5	42.396
2.356194	1.310100	1.488307	117	2	24	42.360
2.879793	0.674054	1.013609	126	139	11	42.240
-1.308997	1.569311	-3.003978	114	157	22	42.207
-1.308997	2.001437	0.381215	125	142	11	42.170
2.094395	1.310100	1.488307	119	4	25	42.166
-1.047198	2.001437	0.381215	128	142	12	42.165
2.879793	2.592629	0.909713	131	140	12	42.021
-3.141593	1.195355	1.200319	132	145	16	41.992
2.094395	1.214854	-1.966664	124	140	8	41.968
0.261799	0.640596	-2.797608	113	146	18	41.956
2.356194	1.554776	0.100351	122	146	19	41.847
2.879793	0.496451	0.593859	117	152	16	41.825
-0.785398	1.134796	2.434290	132	139	15	41.820
2.879793	0.762244	-0.273349	156	45	151	41.802
-3.141593	1.488617	1.159546	118	145	14	41.798
-1.047198	1.574060	2.783565	124	141	14	41.734
2.617994	1.440580	2.260026	124	134	7	41.724
0.261799	2.719179	-1.780644	119	152	19	41.695
-1.047198	2.979456	-1.009304	111	142	23	41.671
-2.356194	2.719179	-1.780644	125	141	16	41.558
0.261799	0.618092	2.539118	124	148	17	41.540
-1.832596	2.863997	0.549740	118	153	17	41.513
-0.523599	1.113094	-0.272241	127	142	12	41.484
-1.308997	1.617114	-1.572037	133	141	24	41.473
-0.785398	1.391910	3.030322	127	143	17	41.401
2.356194	1.247695	1.809890	125	139	9	41.378
-3.141593	1.135813	-2.658866	127	141	11	41.375
-0.523599	1.256302	0.062705	128	143	13	41.364
-0.523599	2.295480	1.008277	118	151	18	41.357
-2.879793	0.615174	-0.666022	153	45	153	41.347
1.570796	0.910508	1.903534	115	157	26	41.326
0.261799	2.356369	3.005869	6	44	153	41.226
0.785398	2.153910	-1.714959	126	147	15	41.222
-1.570796	1.846342	-1.796954	125	135	20	41.201
0.261799	2.393226	1.857173	114	151	14	41.189
-0.261799	1.168678	2.108595	135	151	30	41.157
2.617994	2.108018	1.311430	135	136	7	41.143
-0.785398	0.496451	0.593859	121	144	15	41.069
-0.261799	1.050534	3.042579	123	146	19	41.028
-0.523599	1.504028	0.636812	122	146	14	40.995
2.879793	2.295480	1.008277	134	140	12	40.970
-1.047198	2.404280	-0.174044	114	147	18	40.965
-3.141593	0.906588	1.252948	134	143	11	40.908
2.617994	1.617114	-1.572037	119	140	8	40.905
0.261799	2.579248	-2.364801	124	135	3	40.859
1.047198	2.073035	2.027405	136	142	16	40.816
-1.308997	0.418037	1.360082	120	146	16	40.811
-0.523599	0.619654	-2.216909	127	142	16	40.806
0.000000	0.866955	-0.931351	121	148	20	40.790
-0.785398	1.977582	0.969896	135	136	15	40.789
2.617994	1.909857	-0.381669	131	146	28	40.784
0.523599	2.579248	-2.364801	128	134	3	40.740
0.000000	0.864993	2.278281	125	147	17	40.705
-1.308997	2.356369	3.005869	115	143	8	40.665
-2.617994	0.619654	-2.216909	111	140	13	40.656
-1.570796	2.587733	0.232235	129	133	0	40.654
1.570796	1.606104	-0.451151	117	140	24	40.647
-2.094395	1.569311	-3.003978	118	144	13	40.601
-1.047198	2.174483	2.653697	122	138	8	40.578
-0.785398	1.045978	0.343692	121	149	18	40.547
0.523599	0.914445	2.687814	117	148	22	40.492
-0.523599	0.914445	2.687814	117	148	15	40.488
-3.141593	0.496451	0.593859	118	149	16	40.487
1.308997	1.696674	-1.253233	152	39	158	40.463
0.261799	0.571433	-1.188419	113	148	16	40.422
-2.617994	1.824694	1.850876	115	155	26	40.413
2.879793	1.247695	1.809890	120	140	11	40.402
0.000000	1.504028	0.636812	140	139	9	40.399
-2.617994	2.396274	-1.959260	125	138	12	40.346
-0.261799	1.870545	-2.976234	125	138	12	40.334
1.570796	2.356369	3.005869	132	147	21	40.330
-1.570796	1.736875	3.023612	113	156	21	40.314
-0.261799	1.504028	0.636812	137	136	9	40.304
-0.261799	0.618092	2.539118	120	151	19	40.291
0.785398	2.664082	-1.071402	116	153	17	40.264
1.832596	1.025536	1.576859	117	2	25	40.262
0.000000	1.977582	0.969896	129	144	14	40.260
-0.785398	1.025536	1.576859	134	143	24	40.257
0.000000	0.618092	2.539118	121	149	18	40.208
2.879793	1.128190	-2.288622	127	139	9	40.199
2.879793	0.906588	1.252948	130	142	13	40.189
-1.047198	2.478122	2.609777	123	136	4	40.178
1.308997	2.041297	-2.664597	122	140	17	40.178
-1.832596	1.374601	-2.456031	119	141	16	40.174
2.094395	2.295480	1.008277	118	148	18	40.153
-2.879793	2.579248	-2.364801	124	138	12	40.135
-2.094395	2.174483	2.653697	128	138	7	40.017
-0.261799	1.014500	0.906702	117	146	15	40.006
-1.832596	1.846342	-1.796954	127	139	25	40.005
2.356194	2.247462	0.191623	124	153	24	39.953
-1.047198	1.658653	-2.409879	126	136	12	39.953
2.879793	1.555207	1.708892	117	149	18	39.944
-0.523599	0.615174	-0.666022	122	143	16	39.924
-0.261799	2.115563	0.685730	130	142	12	39.918
-1.832596	1.450119	-2.739050	118	138	11	39.894
-1.308997	1.904882	-1.478089	127	142	26	39.878
0.261799	2.138223	1.678323	117	152	16	39.872
0.523599	0.615174	-0.666022	132	134	6	39.870
2.356194	2.299159	2.264663	126	140	17	39.863
1.832596	1.545873	-1.877082	140	139	8	39.836
-1.047198	1.218453	2.777284	127	142	17	39.820
1.308997	0.864993	2.278281	129	142	18	39.810
1.570796	2.724429	-0.348782	116	149	17	39.785
0.261799	2.104282	-0.813972	125	139	21	39.773
-1.047198	2.592629	0.909713	128	133	8	39.752
1.832596	1.440580	2.260026	115	140	5	39.731
0.000000	1.050534	3.042579	127	145	19	39.649
-2.094395	1.699788	2.452890	118	146	14	39.591
-1.047198	1.374601	-2.456031	127	135	13	39.548
0.523599	0.591903	2.010408	125	150	20	39.535
-1.308997	1.683268	0.374177	131	133	5	39.517
0.523599	1.872854	1.543456	113	148	13	39.517
-2.617994	1.488617	1.159546	125	143	14	39.514
1.832596	1.721184	-0.153948	125	133	19	39.509
-1.047198	0.685216	-1.712745	122	147	18	39.485
-1.047198	0.379747	-1.713059	125	149	20	39.474
-1.832596	1.134497	-1.109631	128	146	21	39.427
1.570796	1.448123	-2.163292	135	139	14	39.423
-1.570796	0.080730	-2.622036	117	143	15	39.417
1.570796	1.870545	-2.976234	123	144	20	39.415
-2.879793	1.014500	0.906702	130	144	15	39.407
2.879793	2.299159	2.264663	159	44	10	39.390
1.832596	1.128190	-2.288622	129	150	22	39.255
2.356194	1.812176	0.656819	130	138	13	39.236
-2.879793	2.356369	3.005869	3	45	6	39.233
0.523599	2.979456	-1.009304	118	151	18	39.181
-1.047198	1.448123	-2.163292	125	138	16	39.166
-1.047198	0.831641	0.616218	116	144	11	39.136
0.261799	0.733948	3.021411	112	149	19	39.112
1.047198	1.325504	-1.671296	158	37	149	39.054
-1.047198	1.413430	2.550734	128	140	16	39.050
-2.356194	1.050534	3.042579	127	147	18	39.040
1.047198	2.396274	-1.959260	129	144	14	39.028
-1.832596	0.866955	-0.931351	145	36	154	38.989
-0.523599	2.881233	-2.582574	123	149	20	38.988
-2.356194	1.756530	-2.105156	120	136	23	38.937
1.832596	0.640596	-2.797608	127	134	23	38.903
-2.879793	1.599406	1.426070	109	150	21	38.897
-3.141593	2.664082	-1.071402	131	138	17	38.803
1.832596	0.370812	-2.547742	115	151	19	38.776
-0.785398	1.256302	0.062705	123	143	13	38.737
-1.047198	1.617114	-1.572037	3	37	157	38.733
-1.570796	1.699788	2.452890	121	141	13	38.723
-1.570796	2.356369	3.005869	130	141	12	38.710
1.047198	1.872854	1.543456	114	143	15	38.708
-2.879793	1.872854	1.543456	109	156	21	38.701
1.832596	1.325504	-1.671296	138	138	8	38.684
1.047198	0.685216	-1.712745	119	145	18	38.666
-0.523599	2.588535	-2.976617	128	151	21	38.664
0.000000	0.914445	2.687814	128	147	20	38.659
1.570796	2.164094	-2.991358	128	143	19	38.639
1.832596	0.700570	1.559208	111	1	22	38.619
2.356194	2.108018	1.311430	131	135	8	38.608
1.832596	1.247695	1.809890	121	158	28	38.600
-0.785398	0.419640	2.974122	127	143	16	38.595
2.356194	1.506530	1.988858	127	156	28	38.560
2.617994	2.760637	2.781135	107	139	10	38.517
-1.308997	0.674054	1.013609	116	147	14	38.437
0.785398	1.569311	-3.003978	6	44	155	38.434
-0.261799	2.187132	-0.479875	2	38	2	38.433
-1.308997	1.440580	2.260026	126	137	13	38.425
-0.785398	2.295480	1.008277	133	135	12	38.401
-0.785398	2.115563	0.685730	121	151	19	38.399
2.356194	1.977582	0.969896	130	136	10	38.396
1.047198	2.760637	2.781135	136	136	14	38.392
2.094395	1.721184	-0.153948	114	151	19	38.382
0.523599	0.850607	-1.335383	126	148	21	38.375
-2.617994	1.574060	2.783565	122	155	19	38.373
-1.570796	0.762244	-0.273349	131	138	6	38.364
-3.141593	2.760637	2.781135	4	46	157	38.351
-2.879793	1.050534	3.042579	129	148	19	38.339
-0.785398	2.760637	2.781135	123	135	1	38.308
-1.570796	1.904882	-1.478089	133	131	20	38.307
-2.879793	1.555207	1.708892	115	151	26	38.294
-2.094395	2.349581	-2.702517	108	0	13	38.286
-0.785398	0.674054	1.013609	133	143	20	38.285
1.047198	1.696674	-1.253233	158	40	159	38.231
-1.570796	2.033014	2.977192	134	140	9	38.217
1.832596	2.108018	1.311430	115	148	17	38.206
0.000000	2.295480	1.008277	129	141	11	38.173
-1.832596	2.379497	0.561089	128	150	20	38.168
-2.356194	0.733948	3.021411	130	143	16	38.158
2.879793	2.704512	1.488683	123	146	20	38.153
-0.261799	0.864993	2.278281	123	146	18	38.134
2.617994	2.041297	-2.664597	110	150	10	38.128
-0.523599	0.929350	-2.910676	117	159	25	38.124
2.094395	1.128190	-2.288622	130	150	21	38.076
-0.785398	2.356369	3.005869	122	137	8	38.063
-1.047198	2.719179	-1.780644	137	129	15	38.063
-1.832596	1.869911	2.701025	118	147	14	38.041
2.879793	1.391910	3.030322	126	131	4	38.039
-0.785398	1.766067	2.153843	122	137	26	38.032
1.570796	1.433411	-1.035986	149	37	0	38.025
0.261799	0.619654	-2.216909	118	142	15	38.013
-0.785398	1.736875	3.023612	124	142	16	37.955
-0.523599	1.134796	2.434290	119	144	15	37.950
2.879793	0.203748	0.590255	117	149	15	37.949
1.047198	2.719179	-1.780644	128	135	159	37.940
-1.047198	1.242974	-2.977882	119	157	24	37.921
-0.523599	1.506530	1.988858	133	139	27	37.913
-0.785398	1.812176	0.656819	123	154	21	37.900
1.308997	1.325504	-1.671296	130	136	8	37.858
-0.261799	0.960688	-0.577532	116	148	17	37.837
-1.308997	1.242974	-2.977882	120	159	24	37.832
-1.047198	1.440580	2.260026	129	137	13	37.806
-1.047198	1.569311	-3.003978	114	154	22	37.780
-2.879793	1.247695	1.809890	134	133	4	37.771
-1.047198	0.640596	-2.797608	123	144	15	37.750
2.356194	1.870545	-2.976234	123	134	7	37.747
-0.261799	0.685216	-1.712745	128	142	14	37.740
1.832596	0.992645	-1.723759	136	138	10	37.739
-2.617994	0.458961	-0.107937	114	149	13	37.738
2.879793	1.488617	1.159546	106	159	17	37.726
-2.879793	0.685216	-1.712745	116	140	19	37.703
-0.261799	2.704512	1.488683	116	150	16	37.702
1.308997	0.297065	2.160177	126	146	16	37.670
1.832596	0.571433	-1.188419	125	144	20	37.659
-2.094395	0.290380	-0.796960	113	148	10	37.617
2.356194	2.041297	-2.664597	111	155	15	37.614
0.261799	1.554776	0.100351	157	39	157	37.602
2.617994	2.247462	0.191623	123	152	24	37.591
-2.094395	1.574060	2.783565	122	148	16	37.543
0.785398	1.367556	0.358405	116	144	18	37.542
-0.261799	2.379497	0.561089	107	155	18	37.537
2.094395	1.413430	2.550734	135	140	15	37.531
1.832596	0.418037	1.360082	121	151	18	37.530
-1.047198	1.504028	0.636812	132	134	10	37.509
2.094395	0.640596	-2.797608	118	153	22	37.503
0.261799	0.379747	-1.713059	129	133	9	37.497
-1.570796	1.617114	-1.572037	128	140	23	37.489
1.047198	2.063651	-2.044600	125	145	15	37.457
-1.047198	1.391910	3.030322	124	144	18	37.449
2.617994	0.929350	-2.910676	123	156	24	37.427
-2.094395	0.571433	-1.188419	134	138	17	37.424
0.785398	1.433411	-1.035986	123	148	24	37.391
-1.047198	1.696674	-1.253233	126	138	14	37.377
-1.047198	0.674054	1.013609	118	144	13	37.377
0.261799	0.910508	1.903534	130	145	17	37.376
1.832596	2.984978	1.954446	107	140	16	37.357
-2.617994	1.391910	3.030322	127	153	19	37.334
-1.832596	0.458961	-0.107937	130	138	6	37.332
-0.785398	0.899350	-2.069907	122	142	14	37.330
-3.141593	2.719179	-1.780644	110	156	18	37.328
-2.879793	0.929350	-2.910676	134	147	17	37.319
2.094395	0.674054	1.013609	139	128	158	37.307
1.047198	2.664082	-1.071402	116	151	18	37.300
-2.094395	0.850607	-1.335383	128	139	19	37.286
-1.308997	1.256302	0.062705	130	147	18	37.274
2.617994	1.696674	-1.253233	121	139	9	37.267
-2.617994	1.134497	-1.109631	127	129	17	37.266
-3.141593	1.247695	1.809890	129	132	4	37.259
-1.570796	2.478122	2.609777	116	140	4	37.257
-1.832596	1.325504	-1.671296	135	126	10	37.241
-1.832596	1.135834	-1.431087	139	128	12	37.241
-2.356194	1.699788	2.452890	117	149	14	37.237
2.094395	2.001437	0.381215	133	129	14	37.226
-1.832596	1.554776	0.100351	119	129	149	37.224
-0.261799	0.458961	-0.107937	123	143	16	37.218
-3.141593	1.599406	1.426070	109	155	21	37.213
2.356194	1.025536	1.576859	115	156	24	37.191
-1.047198	1.134796	2.434290	129	139	15	37.186
-1.308997	2.724429	-0.348782	111	147	13	37.160
0.261799	2.637879	2.121598	113	151	13	37.158
-3.141593	1.982574	-1.115518	127	140	13	37.133
-2.879793	0.709924	0.218797	117	152	15	37.092
-2.879793	1.134796	2.434290	136	145	28	37.070
-0.785398	1.367556	0.358405	120	145	13	37.036
1.047198	2.356369	3.005869	119	152	21	37.033
0.000000	2.719179	-1.780644	118	153	19	37.033
-1.308997	0.709924	0.218797	124	124	0	37.032
1.047198	2.637879	2.121598	139	137	8	37.010
-2.094395	2.456751	-1.503343	129	140	16	36.998
1.308997	1.617114	-1.572037	153	38	153	36.982
-1.570796	0.850607	-1.335383	134	142	18	36.979
0.000000	1.904882	-1.478089	134	143	23	36.971
0.000000	2.592629	0.909713	142	139	6	36.949
2.094395	1.766067	2.153843	119	138	11	36.941
2.094395	2.033014	2.977192	123	139	13	36.933
-2.094395	1.417623	-0.202254	132	140	19	36.874
1.047198	1.433411	-1.035986	125	147	22	36.845
2.879793	2.251330	-2.330739	112	149	15	36.832
1.047198	1.846342	-1.796954	124	149	16	36.827
0.261799	2.108018	1.311430	139	136	7	36.808
-2.617994	2.343981	-1.040456	111	2	30	36.807
0.785398	0.850607	-1.335383	124	134	8	36.805
0.000000	2.138223	1.678323	115	155	16	36.790
-0.261799	0.370812	-2.547742	109	154	18	36.784
-1.832596	2.356369	3.005869	127	140	12	36.767
2.094395	0.992645	-1.723759	138	140	10	36.758
1.308997	2.724429	-0.348782	115	151	16	36.756
1.047198	2.299159	2.264663	136	137	12	36.741
-0.523599	0.866395	-2.492918	138	142	15	36.703
2.094395	1.506530	1.988858	128	156	27	36.687
-1.832596	1.696674	-1.253233	132	133	22	36.662
-2.094395	1.510910	-0.740472	128	136	13	36.657
2.617994	1.606104	-0.451151	126	141	27	36.650
1.570796	1.214854	-1.966664	133	137	13	36.636
0.000000	0.640596	-2.797608	131	141	14	36.630
0.523599	2.984978	1.954446	143	138	9	36.601
-0.785398	1.504028	0.636812	118	148	14	36.576
-2.617994	2.379497	0.561089	132	135	14	36.561
-0.523599	0.910508	1.903534	137	139	11	36.558
1.308997	2.455966	-0.641220	114	150	14	36.553
1.047198	0.733948	3.021411	127	136	14	36.547
-0.523599	2.108018	1.311430	116	157	19	36.484
-1.570796	2.153910	-1.714959	124	143	28	36.478
1.047198	0.379747	-1.713059	115	148	16	36.468
-3.141593	2.349581	-2.702517	124	136	7	36.466
-1.308997	1.699788	2.452890	124	137	11	36.459
2.617994	1.998705	2.370472	126	138	15	36.459
0.523599	1.506530	1.988858	132	139	16	36.458
0.785398	0.618092	2.539118	116	150	23	36.443
-0.785398	1.909857	-0.381669	124	147	22	36.441
-0.261799	1.113094	-0.272241	154	41	11	36.440
-2.617994	1.506530	1.988858	122	150	29	36.423
-0.523599	1.683268	0.374177	126	144	13	36.413
-2.879793	1.662363	0.915448	118	147	14	36.408
0.261799	2.760637	2.781135	0	45	1	36.384
1.832596	1.766067	2.153843	115	140	11	36.379
-2.879793	1.391910	3.030322	119	2	24	36.375
-0.261799	1.909857	-0.381669	123	140	15	36.374
1.308997	2.356369	3.005869	132	146	20	36.373
0.785398	0.685216	-1.712745	117	147	19	36.362
-1.047198	1.683268	0.374177	134	132	3	36.350
-1.570796	1.869911	2.701025	134	140	9	36.343
1.308997	1.741644	-2.695914	119	143	17	36.335
1.308997	0.370812	-2.547742	116	134	19	36.330
-0.523599	1.413430	2.550734	131	139	14	36.313
-1.047198	2.760637	2.781135	132	141	11	36.286
-1.308997	1.846342	-1.796954	131	137	21	36.282
0.523599	2.704512	1.488683	141	138	7	36.277
1.308997	1.256302	0.062705	114	140	18	36.277
-0.523599	1.977582	0.969896	121	154	20	36.265
-1.570796	1.134796	2.434290	127	141	16	36.242
1.308997	2.760637	2.781135	141	139	13	36.238
1.832596	1.448123	-2.163292	137	138	11	36.217
0.000000	2.478122	2.609777	2	45	154	36.204
-3.141593	1.025536	1.576859	128	133	0	36.198
0.000000	0.960688	-0.577532	118	146	17	36.190
1.308997	1.658653	-2.409879	117	140	12	36.187
0.523599	1.247695	1.809890	132	144	19	36.186
-0.261799	1.256302	0.062705	138	135	5	36.182
1.832596	1.413430	2.550734	133	139	15	36.172
0.000000	0.709924	0.218797	109	150	16	36.169
0.261799	0.929350	-2.910676	115	143	17	36.159
-2.879793	1.824694	1.850876	116	158	26	36.141
0.261799	0.850607	-1.335383	115	146	16	36.126
2.617994	2.379497	0.561089	132	142	15	36.126
2.879793	0.733948	3.021411	118	155	23	36.117
0.785398	2.979456	-1.009304	120	149	18	36.116
1.047198	2.108018	1.311430	119	142	19	36.108
-0.261799	2.588535	-2.976617	125	136	4	36.101
1.832596	0.960688	-0.577532	111	144	22	36.100
1.570796	0.618092	2.539118	128	140	18	36.092
-1.832596	2.719179	-1.780644	115	138	22	36.086
-2.879793	1.909857	-0.381669	114	147	23	36.073
0.785398	1.977582	0.969896	119	149	23	36.069
-1.047198	1.184361	0.625864	127	136	13	36.061
-1.308997	0.640596	-2.797608	123	146	20	36.056
-1.047198	2.587733	0.232235	136	133	0	36.056
1.570796	1.699788	2.452890	133	139	16	36.033
-0.785398	2.588535	-2.976617	127	150	20	36.028
2.617994	1.869911	2.701025	126	135	11	36.013
-1.570796	1.433411	-1.035986	123	142	18	36.008
1.308997	1.948085	-2.363031	119	138	13	36.006
0.261799	2.979456	-1.009304	120	154	20	35.992
0.785398	2.108018	1.311430	131	142	12	35.989
-1.308997	1.113094	-0.272241	133	139	7	35.982
1.047198	1.555207	1.708892	125	142	12	35.979
-0.261799	1.450119	-2.739050	122	144	17	35.977
1.308997	2.187132	-0.479875	121	139	26	35.975
0.785398	2.138223	1.678323	138	143	16	35.967
1.832596	1.617114	-1.572037	139	138	5	35.967
-2.617994	2.587733	0.232235	132	137	16	35.966
-2.094395	0.914445	2.687814	126	142	16	35.961
0.261799	1.045978	0.343692	126	143	16	35.958
1.308997	2.456751	-1.503343	129	135	158	35.937
-0.785398	1.014500	0.906702	131	139	17	35.936
-2.617994	1.658653	-2.409879	113	134	16	35.926
-2.094395	1.247695	1.809890	126	139	27	35.910
0.000000	0.458961	-0.107937	131	135	10	35.895
-0.523599	1.440580	2.260026	129	145	31	35.884
-0.523599	1.391910	3.030322	128	143	18	35.884
2.617994	2.033014	2.977192	128	135	12	35.876
0.261799	2.174483	2.653697	156	42	146	35.868
-0.523599	2.407836	1.410646	117	155	17	35.856
0.000000	1.135813	-2.658866	125	146	19	35.851
-0.523599	2.033014	2.977192	125	137	12	35.843
-0.785398	1.824694	1.850876	153	42	142	35.840
0.523599	0.929350	-2.910676	118	141	18	35.832
-0.785398	2.396274	-1.959260	108	1	9	35.819
0.523599	1.413430	2.550734	125	136	13	35.805
2.879793	1.025536	1.576859	123	133	0	35.800
2.617994	0.418037	1.360082	122	145	17	35.795
1.308997	0.906588	1.252948	123	127	153	35.791
1.832596	1.214854	-1.966664	114	153	16	35.765
0.000000	0.899350	-2.069907	116	142	11	35.760
-1.570796	0.458961	-0.107937	123	134	2	35.757
1.570796	2.588535	-2.976617	136	135	12	35.751
2.617994	1.506530	1.988858	131	139	10	35.750
2.356194	2.295480	1.008277	129	137	13	35.743
0.261799	1.982574	-1.115518	131	142	23	35.733
1.832596	1.846342	-1.796954	140	138	3	35.682
-1.308997	0.762244	-0.273349	115	130	152	35.674
1.832596	1.506530	1.988858	115	141	10	35.670
1.047198	1.617114	-1.572037	157	39	154	35.663
0.523599	1.555207	1.708892	135	140	16	35.661
-1.308997	1.367556	0.358405	131	133	6	35.657
-1.570796	1.413347	-1.339188	135	133	2	35.657
0.523599	2.407836	1.410646	141	141	11	35.651
0.785398	2.063651	-2.044600	126	149	17	35.649
-2.879793	1.998705	2.370472	131	136	15	35.640
-2.879793	2.063651	-2.044600	125	129	157	35.622
-0.523599	2.356369	3.005869	125	135	7	35.613
1.570796	0.762244	-0.273349	109	141	15	35.600
2.094395	0.910508	1.903534	115	151	25	35.582
1.308997	1.904882	-1.478089	131	148	17	35.577
-2.879793	1.218453	2.777284	123	148	17	35.577
-0.785398	0.733948	3.021411	126	142	16	35.562
-1.047198	0.618092	2.539118	122	141	16	35.553
1.308997	1.756530	-2.105156	158	46	1	35.549
2.094395	2.881233	-2.582574	140	137	6	35.534
-0.261799	1.569311	-3.003978	126	141	16	35.524
-0.785398	2.033014	2.977192	122	138	12	35.513
0.785398	1.824694	1.850876	139	138	13	35.504
2.094395	2.984978	1.954446	7	43	152	35.498
0.785398	0.961715	0.014085	105	149	16	35.488
-1.047198	2.187132	-0.479875	120	144	20	35.480
-1.308997	0.866395	-2.492918	119	146	15	35.471
2.617994	1.870545	-2.976234	127	132	7	35.470
2.617994	1.417623	-0.202254	130	134	22	35.456
1.832596	2.407836	1.410646	6	46	1	35.444
0.000000	1.606104	-0.451151	127	143	18	35.436
1.308997	2.104282	-0.813972	124	145	31	35.430
-1.047198	1.256302	0.062705	131	126	151	35.421
0.523599	0.290380	-0.796960	127	143	18	35.419
2.094395	1.134796	2.434290	131	139	16	35.414
0.261799	1.599406	1.426070	136	139	15	35.383
-2.879793	1.310100	1.488307	127	141	12	35.379
-3.141593	1.440580	2.260026	133	133	7	35.378
-1.570796	1.683268	0.374177	126	133	5	35.375
1.308997	2.349581	-2.702517	134	123	3	35.354
2.617994	0.203748	0.590255	117	150	15	35.336
-0.785398	1.113094	-0.272241	121	141	11	35.335
-1.570796	1.135834	-1.431087	144	132	12	35.322
-2.879793	1.948085	-2.363031	136	136	12	35.320
-0.523599	2.299159	2.264663	125	127	11	35.305
0.261799	0.914445	2.687814	131	147	19	35.296
-0.785398	2.379497	0.561089	136	134	5	35.295
0.000000	2.174483	2.653697	2	42	146	35.292
0.000000	1.982574	-1.115518	127	142	23	35.292
1.832596	1.875281	0.107086	157	42	147	35.285
1.308997	0.914445	2.687814	131	138	16	35.263
0.785398	0.709924	0.218797	104	148	11	35.257
-3.141593	1.506530	1.988858	131	134	9	35.257
-1.308997	1.545873	-1.877082	135	136	19	35.254
-3.141593	0.674054	1.013609	129	141	11	35.247
-3.141593	2.187132	-0.479875	117	143	16	35.245
-3.141593	0.960688	-0.577532	156	42	145	35.245
0.261799	1.555207	1.708892	132	139	16	35.244
-0.261799	1.214854	-1.966664	111	156	18	35.240
0.785398	1.872854	1.543456	142	141	12	35.221
0.523599	1.599406	1.426070	139	142	15	35.203
-1.308997	1.554776	0.100351	126	148	18	35.190
0.261799	2.881233	-2.582574	127	135	0	35.189
-1.047198	1.335669	0.897240	130	132	14	35.178
0.261799	2.396274	-1.959260	118	155	19	35.150
2.094395	2.299159	2.264663	121	140	17	35.148
1.570796	2.153910	-1.714959	136	137	3	35.147
-2.617994	1.242974	-2.977882	118	147	15	35.146
2.879793	1.696674	-1.253233	124	138	9	35.145
-1.047198	1.128190	-2.288622	129	140	17	35.143
2.356194	1.135813	-2.658866	126	156	24	35.142
-2.879793	1.699788	2.452890	133	133	10	35.136
-2.879793	1.195355	1.200319	124	141	10	35.130
-0.785398	2.587733	0.232235	140	136	0	35.128
-0.523599	0.290380	-0.796960	118	125	0	35.128
0.523599	0.619654	-2.216909	127	133	7	35.121
-1.047198	1.904882	-1.478089	131	143	26	35.119
-1.570796	1.488617	1.159546	5	44	153	35.116
-0.261799	1.184361	0.625864	118	145	16	35.089
0.261799	2.407836	1.410646	103	157	6	35.086
-0.523599	0.640596	-2.797608	138	140	14	35.076
-1.047198	0.960688	-0.577532	135	139	3	35.070
-3.141593	1.391910	3.030322	131	131	4	35.069
0.261799	2.863997	0.549740	105	147	22	35.067
-0.785398	1.836682	-0.676006	122	141	16	35.064
0.000000	1.721184	-0.153948	105	159	21	35.062
-0.261799	1.998705	2.370472	154	40	139	35.059
1.308997	1.909857	-0.381669	116	139	24	35.055
-1.308997	2.592629	0.909713	121	133	8	35.046
-2.879793	2.664082	-1.071402	134	139	17	35.045
2.094395	0.929350	-2.910676	123	153	25	35.043
1.832596	0.619654	-2.216909	122	148	21	35.039
-1.047198	1.756530	-2.105156	122	138	15	35.036
2.356194	1.242974	-2.977882	146	134	16	35.030
1.832596	2.180315	-1.357379	129	140	11	35.025
-2.094395	0.297065	2.160177	121	149	20	35.021
2.879793	1.998705	2.370472	130	137	15	35.021
-0.261799	1.301460	-0.509251	115	144	14	35.018
-2.094395	0.762244	-0.273349	128	146	19	34.999
0.785398	1.134796	2.434290	125	146	24	34.999
2.356194	1.440580	2.260026	119	136	7	34.990
-1.832596	1.413430	2.550734	123	144	17	34.978
-2.356194	1.433411	-1.035986	130	133	22	34.977
-2.879793	0.203748	0.590255	136	141	12	34.970
0.785398	2.760637	2.781135	134	124	7	34.970
2.617994	0.619654	-2.216909	135	141	14	34.969
-0.523599	1.662363	0.915448	131	134	11	34.969
-2.094395	1.824694	1.850876	123	143	20	34.968
1.047198	2.153910	-1.714959	130	148	17	34.967
1.308997	0.290380	-0.796960	136	137	9	34.955
-2.356194	0.960688	-0.577532	148	37	149	34.949
-0.523599	1.870545	-2.976234	122	139	12	34.947
-3.141593	0.762244	-0.273349	150	43	151	34.939
-2.356194	0.929350	-2.910676	5	37	8	34.939
-0.523599	1.699788	2.452890	120	141	28	34.934
-1.047198	1.214854	-1.966664	143	139	16	34.910
-2.094395	1.325504	-1.671296	137	138	24	34.906
-2.617994	2.664082	-1.071402	112	156	21	34.906
-1.832596	0.290380	-0.796960	132	140	14	34.902
0.523599	1.256302	0.062705	153	38	151	34.891
1.832596	1.184361	0.625864	127	125	8	34.890
2.617994	0.674054	1.013609	120	152	18	34.876
1.570796	0.866955	-0.931351	129	141	19	34.874
1.832596	2.356369	3.005869	121	141	16	34.869
-1.047198	0.899350	-2.069907	119	143	14	34.864
-0.261799	0.831641	0.616218	119	146	17	34.862
2.094395	1.440580	2.260026	117	140	9	34.859
-1.047198	2.379497	0.561089	134	135	6	34.855
0.523599	0.960688	-0.577532	138	130	152	34.850
0.785398	1.809167	1.213774	112	150	21	34.848
2.094395	2.379497	0.561089	118	150	19	34.842
-1.832596	1.683268	0.374177	118	127	155	34.832
1.308997	0.619654	-2.216909	118	150	21	34.831
-2.094395	1.413430	2.550734	121	145	17	34.824
2.617994	1.721184	-0.153948	114	145	17	34.814
-0.523599	2.164094	-2.991358	122	139	11	34.814
-0.261799	0.619654	-2.216909	129	143	16	34.810
0.523599	0.618092	2.539118	126	143	14	34.802
0.000000	1.194549	-0.801900	120	144	17	34.782
-1.047198	1.872854	1.543456	156	45	148	34.782
-1.308997	1.417623	-0.202254	132	139	8	34.780
1.308997	1.766067	2.153843	133	159	34	34.776
-0.785398	0.685216	-1.712745	125	146	18	34.770
1.832596	1.756530	-2.105156	140	141	11	34.769
-0.523599	1.014500	0.906702	135	140	16	34.766
-0.785398	2.299159	2.264663	5	42	146	34.765
1.832596	1.904882	-1.478089	127	140	11	34.749
-0.261799	1.391910	3.030322	157	39	158	34.739
-0.785398	0.914445	2.687814	132	144	18	34.738
0.000000	2.704512	1.488683	134	133	7	34.731
-1.047198	2.579248	-2.364801	108	159	9	34.731
0.000000	0.929350	-2.910676	126	148	20	34.730
2.879793	1.506530	1.988858	121	141	15	34.730
-0.261799	0.709924	0.218797	139	139	12	34.729
2.356194	0.899350	-2.069907	137	142	14	34.726
-0.785398	0.864993	2.278281	117	3	25	34.723
1.047198	2.295480	1.008277	124	143	22	34.717
-0.261799	2.164094	-2.991358	124	137	11	34.711
-1.047198	2.588535	-2.976617	127	150	20	34.701
0.261799	1.809167	1.213774	139	138	11	34.695
-2.879793	2.455966	-0.641220	133	135	13	34.694
2.356194	1.367556	0.358405	133	128	15	34.693
1.570796	2.295480	1.008277	5	46	155	34.693
-0.523599	2.984978	1.954446	130	146	22	34.692
-1.832596	2.089241	-0.114193	129	130	144	34.664
0.785398	2.637879	2.121598	128	149	19	34.664
0.523599	2.393226	1.857173	126	151	19	34.661
-0.523599	1.247695	1.809890	118	153	24	34.652
-0.523599	0.831641	0.616218	135	140	15	34.643
1.832596	2.041297	-2.664597	142	126	5	34.640
-2.617994	1.872854	1.543456	133	133	11	34.639
1.308997	1.448123	-2.163292	125	146	18	34.631
2.356194	1.256302	0.062705	131	127	12	34.630
-1.308997	1.391910	3.030322	119	154	25	34.618
-2.094395	2.724429	-0.348782	138	128	149	34.607
-0.785398	1.310100	1.488307	137	129	14	34.605
-0.523599	0.709924	0.218797	122	142	12	34.595
-1.308997	1.134796	2.434290	129	140	16	34.592
-1.047198	0.992645	-1.723759	118	145	15	34.579
0.785398	0.899350	-2.069907	119	124	2	34.572
-3.141593	1.872854	1.543456	111	1	22	34.566
1.570796	1.846342	-1.796954	135	135	4	34.560
-0.523599	1.045978	0.343692	123	147	17	34.557
1.308997	0.419640	2.974122	127	137	15	34.532
0.000000	2.187132	-0.479875	158	38	3	34.532
0.523599	0.458961	-0.107937	118	140	13	34.531
1.047198	1.977582	0.969896	121	146	22	34.524
-2.356194	1.766067	2.153843	121	148	23	34.524
1.308997	0.910508	1.903534	129	146	20	34.523
1.832596	0.496451	0.593859	128	142	18	34.517
-3.141593	1.242974	-2.977882	117	151	16	34.515
-2.356194	2.349581	-2.702517	126	124	0	34.505
2.356194	2.637879	2.121598	114	135	8	34.496
-0.261799	0.850607	-1.335383	148	33	144	34.493
2.879793	1.766067	2.153843	117	144	18	34.490
-2.617994	1.050534	3.042579	129	147	17	34.483
0.785398	2.719179	-1.780644	124	135	159	34.480
2.879793	1.699788	2.452890	130	134	10	34.466
-2.356194	1.168678	2.108595	131	144	29	34.459
2.879793	1.948085	-2.363031	130	133	10	34.458
-2.094395	2.153910	-1.714959	116	146	27	34.456
2.879793	1.736875	3.023612	131	133	7	34.450
-0.785398	2.001437	0.381215	129	141	11	34.448
-1.047198	0.419640	2.974122	126	144	18	34.447
-1.570796	2.299159	2.264663	117	138	4	34.445
-1.047198	1.113094	-0.272241	131	144	16	34.434
-0.261799	2.393226	1.857173	113	158	14	34.432
-1.832596	1.998705	2.370472	116	141	7	34.432
0.523599	2.592629	0.909713	125	137	14	34.422
-2.617994	2.979456	-1.009304	131	140	18	34.412
-0.523599	1.569311	-3.003978	124	142	16	34.410
-2.879793	0.831641	0.616218	127	140	12	34.404
-0.523599	2.379497	0.561089	140	137	4	34.390
-1.570796	0.709924	0.218797	117	126	0	34.389
0.000000	2.115563	0.685730	106	156	17	34.387
-3.141593	1.721184	-0.153948	114	149	23	34.367
2.356194	1.756530	-2.105156	125	134	11	34.346
1.832596	2.881233	-2.582574	139	125	159	34.345
-2.879793	1.506530	1.988858	135	134	9	34.339
-2.879793	1.242974	-2.977882	129	150	18	34.319
2.356194	1.413430	2.550734	122	136	7	34.315
-2.617994	2.115563	0.685730	133	133	10	34.305
-2.094395	1.256302	0.062705	133	144	20	34.304
-3.141593	1.050534	3.042579	120	158	25	34.301
1.570796	1.904882	-1.478089	124	141	10	34.299
-1.570796	1.134497	-1.109631	146	138	17	34.298
2.879793	2.089241	-0.114193	139	149	27	34.293
1.570796	2.187132	-0.479875	127	138	26	34.286
-0.523599	1.025536	1.576859	137	146	24	34.273
-2.094395	1.904882	-1.478089	123	131	20	34.270
-0.785398	0.762244	-0.273349	123	143	14	34.269
-0.523599	0.618092	2.539118	127	140	15	34.268
-2.879793	2.033014	2.977192	134	137	15	34.264
-1.047198	2.041297	-2.664597	125	132	3	34.261
1.570796	2.379497	0.561089	108	4	19	34.247
-0.523599	1.766067	2.153843	126	136	26	34.239
-1.308997	0.929350	-2.910676	119	144	16	34.237
-3.141593	0.866395	-2.492918	129	138	6	34.232
-2.094395	1.433411	-1.035986	135	134	22	34.221
-0.261799	2.001437	0.381215	134	143	12	34.219
2.617994	2.299159	2.264663	128	141	18	34.209
-3.141593	1.736875	3.023612	131	133	10	34.207
1.570796	1.135834	-1.431087	135	135	5	34.198
1.047198	2.393226	1.857173	140	142	12	34.194
-2.094395	1.301460	-0.509251	131	135	13	34.188
2.094395	0.379747	-1.713059	136	139	12	34.186
-0.785398	2.041297	-2.664597	110	155	17	34.184
-0.261799	1.606104	-0.451151	125	144	18	34.176
1.570796	1.948085	-2.363031	137	124	159	34.172
-2.356194	0.080730	-2.622036	110	150	15	34.167
-3.141593	0.700570	1.559208	124	139	16	34.163
0.261799	2.704512	1.488683	137	135	7	34.161
-1.832596	1.617114	-1.572037	133	128	15	34.155
-0.785398	1.450119	-2.739050	131	133	9	34.145
2.617994	1.766067	2.153843	123	135	13	34.144
-0.523599	1.128190	-2.288622	129	149	23	34.133
0.523599	2.138223	1.678323	136	141	16	34.131
-2.617994	2.174483	2.653697	135	139	17	34.127
-1.047198	1.367556	0.358405	133	132	5	34.127
-3.141593	2.073035	2.027405	126	136	16	34.127
1.308997	0.685216	-1.712745	122	144	18	34.125
2.094395	0.496451	0.593859	122	138	13	34.124
2.617994	2.164094	-2.991358	128	134	12	34.119
1.047198	2.478122	2.609777	122	148	18	34.103
2.617994	2.719179	-1.780644	129	139	19	34.102
-2.356194	2.587733	0.232235	135	139	16	34.100
0.785398	1.045978	0.343692	106	144	13	34.071
2.879793	2.719179	-1.780644	132	140	19	34.070
-3.141593	0.370812	-2.547742	138	141	14	34.063
0.785398	1.135834	-1.431087	126	134	6	34.063
2.094395	1.014500	0.906702	130	138	13	34.055
1.308997	1.846342	-1.796954	133	135	6	34.050
-2.094395	1.846342	-1.796954	122	139	25	34.046
-0.523599	2.592629	0.909713	135	134	6	34.039
-0.261799	1.440580	2.260026	129	145	30	34.030
-2.879793	0.960688	-0.577532	134	128	16	34.026
1.047198	0.290380	-0.796960	133	135	10	34.025
2.356194	2.001437	0.381215	123	148	24	34.023
1.047198	1.756530	-2.105156	113	141	8	34.020
-2.094395	2.104282	-0.813972	119	157	33	34.011
-2.617994	2.349581	-2.702517	1	45	158	34.010
-2.617994	1.134796	2.434290	137	147	28	34.006
2.879793	1.977582	0.969896	134	137	9	34.004
0.523599	2.637879	2.121598	139	139	17	34.004
0.000000	0.571433	-1.188419	110	151	16	34.001
1.308997	2.299159	2.264663	138	139	12	33.998
2.094395	2.863997	0.549740	132	125	7	33.979
-0.261799	2.592629	0.909713	106	158	13	33.977
2.879793	1.135813	-2.658866	124	141	11	33.970
2.879793	1.448123	-2.163292	127	141	13	33.957
-0.785398	0.203748	0.590255	123	146	19	33.955
-0.785398	1.875281	0.107086	131	133	1	33.953
1.047198	0.914445	2.687814	128	137	15	33.953
-2.617994	1.756530	-2.105156	116	139	23	33.945
1.047198	1.310100	1.488307	124	144	15	33.943
0.785398	1.417623	-0.202254	148	36	151	33.938
1.308997	1.113094	-0.272241	111	145	23	33.935
0.000000	1.218453	2.777284	128	142	18	33.924
-1.832596	1.113094	-0.272241	138	140	14	33.919
-2.356194	1.872854	1.543456	118	141	16	33.919
0.785398	1.413430	2.550734	129	136	13	33.902
2.094395	0.419640	2.974122	117	138	25	33.895
-2.879793	0.418037	1.360082	126	135	11	33.894
1.308997	2.588535	-2.976617	130	133	12	33.890
2.094395	2.407836	1.410646	121	147	20	33.886
-0.785398	0.615174	-0.666022	119	144	16	33.884
0.785398	2.041297	-2.664597	158	45	150	33.878
0.261799	1.025536	1.576859	131	143	16	33.866
0.000000	0.619654	-2.216909	114	145	15	33.861
0.000000	1.168678	2.108595	127	142	15	33.855
1.832596	1.836682	-0.676006	105	154	8	33.848
0.000000	2.180315	-1.357379	134	139	21	33.846
-2.879793	1.977582	0.969896	127	132	9	33.835
-0.523599	0.864993	2.278281	116	1	25	33.829
0.785398	0.640596	-2.797608	6	43	153	33.829
-2.617994	1.310100	1.488307	114	140	22	33.827
1.308997	1.836682	-0.676006	117	144	29	33.827
-1.047198	0.709924	0.218797	131	123	0	33.827
-3.141593	1.168678	2.108595	132	132	2	33.825
-0.785398	2.592629	0.909713	141	126	2	33.823
-0.523599	2.587733	0.232235	124	151	28	33.820
-1.047198	0.762244	-0.273349	121	127	152	33.819
-2.879793	2.251330	-2.330739	126	135	6	33.819
-0.261799	0.762244	-0.273349	154	45	4	33.818
2.356194	2.089241	-0.114193	120	152	23	33.817
-0.261799	0.866395	-2.492918	129	139	12	33.810
0.261799	1.662363	0.915448	117	143	15	33.808
-1.308997	0.831641	0.616218	113	147	11	33.803
0.261799	1.977582	0.969896	124	139	10	33.802
2.356194	1.836682	-0.676006	122	133	159	33.800
1.047198	2.001437	0.381215	119	132	17	33.793
-0.261799	0.929350	-2.910676	115	156	25	33.793
2.094395	1.617114	-1.572037	127	133	159	33.793
-2.356194	0.866955	-0.931351	138	128	13	33.792
-0.261799	1.506530	1.988858	136	141	27	33.786
1.832596	2.637879	2.121598	103	143	7	33.777
-0.261799	2.174483	2.653697	1	41	143	33.771
-2.617994	1.025536	1.576859	118	136	23	33.766
-2.879793	0.619654	-2.216909	109	145	15	33.764
-2.617994	2.295480	1.008277	130	135	14	33.761
-2.879793	2.760637	2.781135	159	48	157	33.758
-0.785398	1.195355	1.200319	122	150	23	33.756
-2.356194	1.824694	1.850876	114	151	26	33.756
2.879793	2.174483	2.653697	131	138	16	33.754
0.523599	2.108018	1.311430	142	138	7	33.751
-2.094395	0.615174	-0.666022	125	144	18	33.748
-2.094395	2.637879	2.121598	100	9	18	33.740
0.523599	2.456751	-1.503343	122	143	12	33.740
2.879793	1.721184	-0.153948	137	140	25	33.725
0.523599	1.025536	1.576859	104	5	10	33.720
-3.141593	1.870545	-2.976234	132	134	12	33.718
-1.047198	2.299159	2.264663	109	141	22	33.715
-2.356194	1.504028	0.636812	123	140	8	33.704
1.047198	1.545873	-1.877082	157	37	148	33.695
-1.570796	2.089241	-0.114193	134	131	145	33.695
2.879793	2.041297	-2.664597	124	130	154	33.685
-0.261799	1.683268	0.374177	138	135	5	33.677
-1.832596	0.571433	-1.188419	139	141	17	33.672
-1.047198	0.866395	-2.492918	121	143	15	33.658
1.047198	1.218453	2.777284	131	135	12	33.652
2.356194	0.906588	1.252948	133	132	6	33.647
2.094395	1.846342	-1.796954	122	135	9	33.628
1.570796	0.864993	2.278281	131	142	18	33.627
-0.523599	0.961715	0.014085	155	44	7	33.617
0.785398	1.555207	1.708892	138	142	16	33.610
0.785398	2.393226	1.857173	138	139	13	33.600
0.000000	2.979456	-1.009304	139	130	16	33.598
-3.141593	2.138223	1.678323	125	137	15	33.596
-1.570796	0.864993	2.278281	129	137	12	33.590
0.523599	1.391910	3.030322	117	137	24	33.589
1.308997	1.506530	1.988858	134	155	29	33.587
-1.308997	0.960688	-0.577532	129	142	16	33.585
1.308997	1.824694	1.850876	114	137	10	33.584
-0.261799	1.554776	0.100351	138	135	3	33.578
0.000000	1.113094	-0.272241	134	130	148	33.574
-2.094395	2.073035	2.027405	121	149	22	33.574
1.570796	0.571433	-1.188419	122	144	20	33.572
-0.785398	2.979456	-1.009304	3	42	145	33.570
0.261799	0.591903	2.010408	124	151	20	33.565
2.879793	0.458961	-0.107937	153	45	159	33.565
-2.356194	1.413430	2.550734	121	147	15	33.546
-2.879793	0.864993	2.278281	133	137	26	33.543
-3.141593	1.310100	1.488307	120	143	13	33.542
0.000000	2.001437	0.381215	109	155	22	33.531
1.570796	2.349581	-2.702517	137	124	3	33.527
0.000000	2.349581	-2.702517	125	136	8	33.527
-2.356194	0.762244	-0.273349	133	130	2	33.526
-2.094395	1.696674	-1.253233	134	129	1	33.524
-2.879793	2.174483	2.653697	132	139	17	33.522
0.000000	1.809167	1.213774	135	136	11	33.513
0.785398	2.478122	2.609777	121	150	19	33.513
-1.832596	1.440580	2.260026	121	141	14	33.506
-2.617994	0.899350	-2.069907	112	141	17	33.498
0.261799	1.721184	-0.153948	133	137	13	33.490
2.617994	2.592629	0.909713	136	125	0	33.482
-0.261799	1.218453	2.777284	158	39	155	33.478
-2.879793	1.658653	-2.409879	109	138	16	33.477
0.785398	1.194549	-0.801900	117	148	21	33.477
0.261799	2.063651	-2.044600	114	146	12	33.474
0.523599	0.733948	3.021411	115	149	23	33.474
-1.047198	1.050534	3.042579	120	140	13	33.473
1.570796	1.756530	-2.105156	136	138	11	33.469
0.785398	1.134497	-1.109631	119	152	24	33.465
-1.832596	2.579248	-2.364801	133	125	8	33.465
-2.617994	0.615174	-0.666022	132	140	18	33.461
-2.356194	1.134497	-1.109631	132	129	17	33.458
1.570796	2.033014	2.977192	127	148	22	33.453
-2.356194	1.367556	0.358405	107	136	156	33.450
-0.261799	2.349581	-2.702517	121	138	8	33.447
-2.879793	2.393226	1.857173	128	140	19	33.434
-1.570796	1.574060	2.783565	135	141	8	33.420
-2.356194	0.571433	-1.188419	129	137	15	33.416
0.523599	2.863997	0.549740	109	143	22	33.416
1.047198	0.618092	2.539118	124	140	17	33.405
-0.785398	2.187132	-0.479875	134	140	16	33.403
-1.570796	2.247462	0.191623	128	133	0	33.395
0.523599	0.640596	-2.797608	111	145	20	33.393
2.094395	1.824694	1.850876	117	141	14	33.390
-3.141593	2.579248	-2.364801	120	140	12	33.387
2.356194	2.407836	1.410646	124	146	20	33.382
1.570796	0.700570	1.559208	127	151	20	33.380
2.617994	1.325504	-1.671296	116	142	24	33.378
1.047198	1.909857	-0.381669	111	142	24	33.378
1.832596	1.242974	-2.977882	113	152	18	33.371
1.308997	1.214854	-1.966664	129	136	13	33.369
-1.047198	1.301460	-0.509251	134	141	14	33.366
-2.617994	2.881233	-2.582574	111	137	16	33.362
-1.832596	1.256302	0.062705	127	140	11	33.361
2.879793	0.619654	-2.216909	128	138	4	33.358
-1.308997	1.721184	-0.153948	130	139	8	33.357
0.523599	1.662363	0.915448	122	142	15	33.355
-0.785398	1.574060	2.783565	129	140	15	33.329
-1.570796	0.615174	-0.666022	131	141	16	33.323
-2.617994	2.407836	1.410646	130	137	16	33.306
0.785398	1.599406	1.426070	126	134	5	33.291
-2.356194	1.242974	-2.977882	9	39	10	33.288
2.094395	0.418037	1.360082	121	150	18	33.277
2.356194	2.115563	0.685730	127	139	14	33.268
-0.523599	1.875281	0.107086	127	143	16	33.268
-0.523599	1.335669	0.897240	115	147	13	33.260
-1.308997	2.251330	-2.330739	109	4	13	33.259
2.617994	1.812176	0.656819	110	149	16	33.256
2.094395	2.164094	-2.991358	120	137	12	33.249
-2.356194	2.138223	1.678323	117	145	19	33.246
2.617994	1.875281	0.107086	151	37	152	33.234
0.523599	2.396274	-1.959260	107	142	158	33.232
2.356194	1.766067	2.153843	121	137	12	33.232
2.879793	0.866395	-2.492918	130	132	159	33.231
-0.523599	1.194549	-0.801900	117	147	17	33.229
-1.832596	1.812176	0.656819	109	151	14	33.229
-2.094395	1.135834	-1.431087	133	126	12	33.229
-3.141593	1.812176	0.656819	117	145	16	33.224
-1.047198	1.247695	1.809890	115	157	24	33.218
2.879793	1.113094	-0.272241	154	41	143	33.213
2.617994	1.413430	2.550734	125	133	5	33.207
0.000000	1.506530	1.988858	138	143	27	33.207
-2.094395	2.984978	1.954446	123	142	18	33.205
2.094395	2.247462	0.191623	136	126	7	33.203
-2.094395	2.760637	2.781135	131	124	4	33.198
2.094395	1.977582	0.969896	123	135	10	33.195
2.879793	2.396274	-1.959260	131	137	16	33.182
1.308997	1.569311	-3.003978	132	127	18	33.179
-2.879793	2.724429	-0.348782	131	138	17	33.166
2.879793	1.440580	2.260026	128	133	7	33.166
-1.570796	2.637879	2.121598	120	136	159	33.163
2.356194	0.992645	-1.723759	127	138	6	33.163
-3.141593	1.218453	2.777284	116	1	23	33.162
0.523599	1.135834	-1.431087	116	152	22	33.159
-1.570796	2.456751	-1.503343	125	131	20	33.155
0.785398	0.379747	-1.713059	127	123	5	33.155
-3.141593	0.418037	1.360082	122	137	11	33.154
2.879793	1.875281	0.107086	141	141	23	33.153
-0.261799	2.984978	1.954446	129	123	2	33.150
1.047198	2.979456	-1.009304	120	147	18	33.149
-1.047198	1.846342	-1.796954	3	37	3	33.144
1.047198	1.335669	0.897240	126	132	4	33.139
-1.832596	1.699788	2.452890	119	143	14	33.139
1.832596	1.977582	0.969896	125	141	21	33.138
-0.261799	2.138223	1.678323	132	140	25	33.133
1.308997	0.591903	2.010408	124	146	20	33.129
2.617994	1.134796	2.434290	124	133	2	33.121
-2.879793	1.736875	3.023612	118	7	21	33.117
-0.261799	1.242974	-2.977882	122	144	17	33.109
-1.570796	1.809167	1.213774	7	44	155	33.109
-1.832596	0.615174	-0.666022	129	141	16	33.107
-2.094395	1.875281	0.107086	117	131	148	33.101
-2.094395	1.606104	-0.451151	129	138	18	33.098
1.308997	2.295480	1.008277	110	139	16	33.098
-0.261799	2.104282	-0.813972	159	38	2	33.095
-1.047198	0.297065	2.160177	125	143	17	33.092
1.570796	1.741644	-2.695914	121	139	15	33.079
-2.879793	2.180315	-1.357379	137	134	10	33.078
0.000000	2.041297	-2.664597	124	136	9	33.077
-1.047198	0.203748	0.590255	120	147	19	33.074
2.356194	1.699788	2.452890	121	136	10	33.067
0.523599	1.510910	-0.740472	118	147	22	33.067
-0.523599	0.203748	0.590255	123	143	17	33.063
-0.261799	2.251330	-2.330739	121	144	16	33.057
1.570796	2.863997	0.549740	136	128	15	33.052
2.879793	1.168678	2.108595	127	133	2	33.052
-0.523599	1.367556	0.358405	124	144	13	33.049
-1.308997	1.658653	-2.409879	120	136	11	33.048
0.261799	1.310100	1.488307	120	136	6	33.042
-2.356194	1.869911	2.701025	115	151	13	33.039
-3.141593	2.404280	-0.174044	131	132	9	33.036
0.261799	1.824694	1.850876	114	156	16	33.032
1.047198	0.615174	-0.666022	116	149	21	33.025
0.000000	1.836682	-0.676006	155	39	155	33.024
-1.570796	2.760637	2.781135	123	135	157	33.016
1.308997	1.135834	-1.431087	134	135	6	33.015
2.879793	1.812176	0.656819	113	147	16	33.014
2.356194	1.869911	2.701025	123	135	11	33.012
-2.356194	0.290380	-0.796960	139	138	13	33.004
0.523599	0.685216	-1.712745	120	124	159	33.002
2.094395	2.089241	-0.114193	118	153	23	33.002
2.356194	0.914445	2.687814	149	38	144	33.000
0.785398	0.080730	-2.622036	123	137	14	33.000
0.523599	2.719179	-1.780644	119	149	18	32.983
-1.047198	2.863997	0.549740	133	145	19	32.971
-2.094395	1.413347	-1.339188	131	129	18	32.970
-1.832596	1.433411	-1.035986	138	136	23	32.970
-0.785398	1.128190	-2.288622	132	140	17	32.964
1.047198	1.658653	-2.409879	113	142	11	32.963
2.094395	1.195355	1.200319	114	143	16	32.962
-1.570796	1.413430	2.550734	125	142	17	32.962
0.000000	1.256302	0.062705	141	137	6	32.952
-2.617994	0.929350	-2.910676	130	138	6	32.949
-1.308997	1.448123	-2.163292	122	140	16	32.948
-0.523599	1.836682	-0.676006	125	140	16	32.940
2.617994	1.218453	2.777284	139	141	26	32.938
-0.523599	0.899350	-2.069907	124	140	14	32.936
-0.261799	1.335669	0.897240	152	136	8	32.935
-0.261799	0.379747	-1.713059	120	135	9	32.932
2.617994	0.709924	0.218797	120	136	10	32.931
-2.094395	0.709924	0.218797	118	141	12	32.924
1.047198	1.824694	1.850876	139	140	13	32.920
-1.047198	1.014500	0.906702	126	138	17	32.914
-2.094395	0.458961	-0.107937	134	144	17	32.912
0.785398	1.545873	-1.877082	114	1	17	32.909
-2.617994	1.194549	-0.801900	132	131	20	32.903
0.785398	0.700570	1.559208	118	146	17	32.901
-2.617994	0.762244	-0.273349	129	133	9	32.898
-3.141593	1.766067	2.153843	132	136	13	32.898
-0.523599	1.168678	2.108595	134	149	30	32.896
-0.785398	0.906588	1.252948	132	144	21	32.894
0.785398	0.419640	2.974122	134	145	14	32.887
-1.832596	1.134796	2.434290	126	141	16	32.881
-2.094395	0.733948	3.021411	132	143	16	32.877
-2.879793	2.881233	-2.582574	107	141	17	32.860
-0.523599	1.909857	-0.381669	119	142	15	32.856
1.308997	0.961715	0.014085	111	140	16	32.849
2.094395	1.184361	0.625864	123	136	13	32.839
-1.308997	1.135834	-1.431087	132	139	16	32.838
-3.141593	2.379497	0.561089	125	134	12	32.835
1.570796	0.419640	2.974122	130	137	15	32.830
0.261799	0.615174	-0.666022	119	148	18	32.829
-2.094395	1.113094	-0.272241	135	137	14	32.822
-2.879793	2.089241	-0.114193	131	132	7	32.815
0.261799	0.961715	0.014085	129	136	11	32.814
-1.308997	0.906588	1.252948	113	146	11	32.806
-1.308997	1.413347	-1.339188	127	138	16	32.786
2.356194	0.419640	2.974122	123	137	25	32.771
-0.785398	1.683268	0.374177	123	145	14	32.770
2.356194	0.929350	-2.910676	122	157	24	32.767
-3.141593	2.592629	0.909713	134	141	13	32.764
-0.785398	0.619654	-2.216909	124	143	16	32.759
-2.879793	0.496451	0.593859	127	140	9	32.757
-1.832596	1.135813	-2.658866	121	138	13	32.754
1.832596	2.579248	-2.364801	135	124	157	32.752
2.879793	1.599406	1.426070	111	159	22	32.751
1.570796	1.809167	1.213774	120	140	19	32.747
0.785398	1.440580	2.260026	131	138	16	32.739
1.308997	1.128190	-2.288622	130	123	5	32.735
2.356194	1.741644	-2.695914	110	153	11	32.735
-0.261799	1.662363	0.915448	135	135	10	32.732
-2.094395	2.180315	-1.357379	119	136	22	32.731
-2.356194	1.555207	1.708892	121	141	18	32.728
2.617994	0.914445	2.687814	134	135	25	32.720
0.785398	0.591903	2.010408	125	148	19	32.719
2.879793	0.700570	1.559208	122	140	16	32.713
2.879793	1.413430	2.550734	130	132	4	32.711
2.879793	2.379497	0.561089	121	136	12	32.711
2.879793	2.063651	-2.044600	130	133	11	32.703
1.570796	2.247462	0.191623	106	3	17	32.694
1.047198	1.184361	0.625864	121	143	17	32.691
2.879793	2.343981	-1.040456	105	155	18	32.687
0.000000	1.599406	1.426070	149	141	18	32.686
-2.617994	1.555207	1.708892	115	147	26	32.679
-1.570796	1.599406	1.426070	6	42	147	32.676
-2.356194	1.510910	-0.740472	124	134	13	32.674
-2.617994	0.864993	2.278281	137	139	26	32.671
0.261799	1.683268	0.374177	127	136	12	32.670
0.261799	1.135834	-1.431087	114	155	22	32.670
-1.308997	1.875281	0.107086	134	128	149	32.669
-0.261799	1.045978	0.343692	148	131	157	32.668
-2.356194	1.545873	-1.877082	126	136	24	32.656
0.000000	1.554776	0.100351	112	154	22	32.655
-3.141593	2.033014	2.977192	130	136	15	32.654
-0.785398	1.555207	1.708892	148	41	141	32.650
0.261799	0.762244	-0.273349	133	135	2	32.648
2.617994	0.700570	1.559208	131	140	10	32.643
0.785398	0.370812	-2.547742	127	134	12	32.643
0.785398	0.914445	2.687814	120	146	23	32.639
2.356194	2.180315	-1.357379	129	133	3	32.638
-1.570796	1.741644	-2.695914	121	142	14	32.638
0.261799	1.506530	1.988858	129	139	16	32.637
-0.523599	1.214854	-1.966664	110	159	18	32.637
-1.570796	0.290380	-0.796960	134	139	12	32.636
-2.617994	1.301460	-0.509251	119	144	19	32.636
0.523599	2.356369	3.005869	158	45	152	32.632
2.356194	1.617114	-1.572037	116	142	8	32.629
-0.785398	1.440580	2.260026	125	145	31	32.622
1.047198	1.741644	-2.695914	125	124	10	32.620
-0.261799	1.599406	1.426070	146	136	18	32.619
0.785398	1.391910	3.030322	120	135	24	32.619
-1.570796	0.571433	-1.188419	107	155	13	32.616
-1.832596	1.870545	-2.976234	117	142	10	32.606
1.047198	1.014500	0.906702	125	134	8	32.598
-1.570796	2.863997	0.549740	118	150	17	32.591
1.308997	2.664082	-1.071402	134	135	159	32.589
1.832596	1.812176	0.656819	132	127	11	32.578
2.617994	2.396274	-1.959260	116	154	19	32.576
0.261799	1.510910	-0.740472	116	147	20	32.572
-2.879793	2.073035	2.027405	129	136	15	32.571
0.000000	0.615174	-0.666022	118	150	20	32.561
0.000000	1.195355	1.200319	136	143	17	32.560
-0.523599	1.998705	2.370472	0	39	139	32.553
-2.617994	2.455966	-0.641220	138	136	13	32.549
-1.308997	2.153910	-1.714959	138	130	16	32.545
-0.785398	2.089241	-0.114193	118	149	21	32.542
1.308997	1.168678	2.108595	134	143	17	32.539
1.832596	1.113094	-0.272241	116	138	20	32.535
0.261799	2.592629	0.909713	124	141	20	32.535
2.879793	0.418037	1.360082	106	142	15	32.535
1.570796	2.587733	0.232235	124	125	9	32.532
1.308997	0.762244	-0.273349	106	146	16	32.530
2.356194	1.504028	0.636812	128	136	10	32.529
2.617994	2.637879	2.121598	3	46	1	32.529
2.356194	2.588535	-2.976617	128	139	17	32.526
-0.523599	2.001437	0.381215	135	133	0	32.520
2.356194	1.683268	0.374177	136	128	11	32.508
-2.879793	2.587733	0.232235	128	136	16	32.508
1.570796	1.766067	2.153843	133	2	34	32.505
0.785398	0.418037	1.360082	159	45	7	32.491
1.832596	1.301460	-0.509251	117	143	25	32.488
-2.356194	1.812176	0.656819	120	141	10	32.484
-1.047198	2.138223	1.678323	121	126	15	32.482
1.047198	2.881233	-2.582574	118	125	159	32.476
-0.785398	0.080730	-2.622036	149	43	10	32.466
-3.141593	0.203748	0.590255	119	146	14	32.463
2.094395	0.762244	-0.273349	127	130	12	32.462
-1.308997	0.458961	-0.107937	116	127	0	32.461
1.047198	1.247695	1.809890	123	142	12	32.460
2.356194	2.881233	-2.582574	150	134	159	32.456
1.308997	1.606104	-0.451151	112	142	24	32.453
2.356194	1.696674	-1.253233	118	141	8	32.442
-3.141593	1.374601	-2.456031	128	140	11	32.442
2.617994	2.704512	1.488683	122	148	20	32.439
1.308997	0.618092	2.539118	126	141	18	32.437
-2.094395	1.506530	1.988858	123	146	29	32.436
-0.523599	1.982574	-1.115518	130	136	13	32.435
2.356194	0.458961	-0.107937	159	48	156	32.435
-2.879793	1.869911	2.701025	133	135	13	32.435
-3.141593	1.545873	-1.877082	137	133	4	32.434
1.570796	0.866395	-2.492918	131	130	17	32.429
1.308997	0.866395	-2.492918	126	123	11	32.423
2.094395	1.325504	-1.671296	129	135	159	32.422
1.832596	1.982574	-1.115518	106	152	12	32.418
2.617994	1.662363	0.915448	111	149	16	32.418
-0.261799	1.247695	1.809890	140	146	27	32.412
1.308997	1.504028	0.636812	118	129	10	32.408
-2.356194	1.846342	-1.796954	118	128	13	32.408
2.617994	2.001437	0.381215	124	146	23	32.404
1.832596	1.658653	-2.409879	143	127	3	32.403
-0.785398	2.247462	0.191623	131	139	8	32.401
1.832596	2.588535	-2.976617	147	131	5	32.398
-0.261799	1.310100	1.488307	147	141	21	32.392
1.047198	0.866395	-2.492918	119	125	11	32.391
2.094395	1.450119	-2.739050	145	130	10	32.380
-1.308997	2.164094	-2.991358	109	158	17	32.378
-3.141593	1.904882	-1.478089	126	139	12	32.377
-2.617994	2.089241	-0.114193	136	133	7	32.376
2.617994	1.504028	0.636812	118	147	24	32.368
-0.785398	2.138223	1.678323	153	45	149	32.368
-2.356194	2.881233	-2.582574	4	44	151	32.359
1.570796	1.374601	-2.456031	137	124	6	32.358
-0.261799	1.488617	1.159546	150	136	13	32.358
-0.523599	2.251330	-2.330739	130	134	6	32.356
2.879793	1.504028	0.636812	122	146	24	32.351
2.617994	1.683268	0.374177	141	133	18	32.350
-0.261799	1.417623	-0.202254	136	134	1	32.340
0.523599	0.419640	2.974122	120	142	15	32.335
-0.523599	0.906588	1.252948	139	143	20	32.327
2.356194	0.762244	-0.273349	132	129	11	32.317
1.047198	1.574060	2.783565	133	133	9	32.316
-3.141593	1.554776	0.100351	146	138	15	32.314
-2.617994	1.504028	0.636812	104	140	3	32.314
1.047198	1.766067	2.153843	139	138	12	32.308
0.523599	1.433411	-1.035986	121	148	23	32.290
2.879793	0.914445	2.687814	137	137	25	32.287
0.785398	0.619654	-2.216909	116	131	13	32.282
-2.617994	0.496451	0.593859	129	139	9	32.280
0.000000	2.881233	-2.582574	123	136	0	32.277
0.523599	2.760637	2.781135	128	123	7	32.274
-2.879793	1.440580	2.260026	132	131	5	32.272
-0.523599	1.374601	-2.456031	129	143	20	32.268
2.356194	1.014500	0.906702	128	135	11	32.263
-3.141593	0.733948	3.021411	120	154	23	32.254
0.000000	1.310100	1.488307	132	142	18	32.249
-1.308997	2.587733	0.232235	124	140	8	32.249
-2.356194	0.910508	1.903534	132	135	25	32.248
2.094395	1.569311	-3.003978	144	133	16	32.247
-2.356194	2.174483	2.653697	136	140	17	32.247
-1.570796	1.510910	-0.740472	121	148	21	32.245
1.570796	2.174483	2.653697	120	144	16	32.241
-1.570796	2.180315	-1.357379	128	133	22	32.235
2.356194	1.214854	-1.966664	124	132	1	32.232
2.356194	1.128190	-2.288622	130	153	22	32.225
1.047198	0.709924	0.218797	107	144	11	32.224
-2.879793	1.766067	2.153843	131	133	11	32.223
0.261799	2.295480	1.008277	131	141	11	32.223
-2.094395	1.045978	0.343692	109	132	159	32.223
1.570796	0.297065	2.160177	121	143	17	32.219
2.879793	1.134497	-1.109631	113	141	23	32.216
2.356194	2.033014	2.977192	124	135	12	32.215
-2.617994	2.299159	2.264663	132	140	19	32.215
0.523599	1.683268	0.374177	116	144	17	32.213
-0.785398	0.910508	1.903534	120	159	26	32.202
2.617994	1.247695	1.809890	129	139	9	32.199
2.356194	1.574060	2.783565	124	136	8	32.192
0.785398	1.025536	1.576859	118	147	15	32.192
-1.832596	2.073035	2.027405	116	139	6	32.189
2.617994	0.831641	0.616218	127	134	10	32.185
2.879793	2.455966	-0.641220	130	133	11	32.182
-1.308997	2.719179	-1.780644	131	127	15	32.181
-0.523599	2.724429	-0.348782	111	147	28	32.180
0.261799	0.864993	2.278281	127	146	17	32.174
-1.308997	0.615174	-0.666022	133	142	16	32.167
-1.047198	1.135834	-1.431087	1	36	150	32.165
-0.785398	2.863997	0.549740	149	132	158	32.156
0.000000	1.909857	-0.381669	159	39	0	32.152
2.879793	1.134796	2.434290	129	132	0	32.149
2.879793	1.756530	-2.105156	133	134	11	32.141
1.832596	2.393226	1.857173	108	139	4	32.141
0.261799	0.992645	-1.723759	124	147	20	32.140
0.523599	0.866395	-2.492918	108	133	11	32.139
0.785398	2.073035	2.027405	133	140	16	32.139
-1.570796	1.662363	0.915448	6	45	1	32.133
1.047198	1.699788	2.452890	136	135	11	32.131
-2.879793	0.640596	-2.797608	134	143	16	32.130
2.094395	1.741644	-2.695914	147	130	8	32.129
-2.617994	0.866955	-0.931351	132	127	13	32.125
0.000000	0.297065	2.160177	131	143	16	32.125
-1.570796	2.588535	-2.976617	133	125	9	32.124
-0.785398	2.724429	-0.348782	108	151	28	32.123
-3.141593	2.455966	-0.641220	129	135	13	32.122
-0.261799	1.134796	2.434290	122	143	15	32.115
0.000000	2.153910	-1.714959	113	11	19	32.114
0.261799	1.812176	0.656819	124	134	8	32.114
-2.617994	1.732874	-0.951685	124	139	26	32.113
2.879793	1.050534	3.042579	120	159	25	32.113
2.617994	2.587733	0.232235	120	139	14	32.109
0.000000	1.242974	-2.977882	128	144	19	32.107
0.000000	1.699788	2.452890	151	34	134	32.106
2.617994	1.301460	-0.509251	122	135	22	32.102
-2.617994	0.203748	0.590255	129	138	6	32.099
-1.308997	2.295480	1.008277	121	135	12	32.087
1.832596	2.164094	-2.991358	131	144	19	32.086
-2.879793	2.041297	-2.664597	137	137	13	32.084
-1.047198	2.724429	-0.348782	113	143	13	32.082
2.879793	0.864993	2.278281	127	133	159	32.079
-0.785398	1.135813	-2.658866	111	0	21	32.077
-2.356194	1.488617	1.159546	110	137	15	32.074
-1.047198	0.571433	-1.188419	134	138	12	32.074
-0.523599	0.960688	-0.577532	116	151	17	32.071
-0.523599	2.073035	2.027405	153	43	144	32.057
0.785398	1.506530	1.988858	134	140	16	32.056
0.261799	0.899350	-2.069907	120	139	11	32.056
-3.141593	2.153910	-1.714959	134	133	11	32.053
-1.308997	2.979456	-1.009304	107	144	22	32.038
2.356194	2.760637	2.781135	102	144	10	32.038
2.879793	2.664082	-1.071402	128	138	17	32.027
-0.785398	2.704512	1.488683	117	157	19	32.025
-1.832596	2.984978	1.954446	130	139	9	32.024
-1.308997	2.588535	-2.976617	107	159	11	32.019
2.879793	2.984978	1.954446	137	127	10	32.015
-2.094395	1.391910	3.030322	118	141	11	32.015
1.570796	1.413430	2.550734	119	135	154	32.015
-1.570796	2.295480	1.008277	114	147	17	32.014
-2.617994	0.906588	1.252948	125	139	16	32.007
-2.356194	0.864993	2.278281	140	141	26	32.005
2.356194	1.218453	2.777284	123	135	3	31.998
-2.356194	2.724429	-0.348782	136	140	17	31.989
1.570796	0.370812	-2.547742	122	132	19	31.982
-2.617994	1.812176	0.656819	108	155	16	31.981
2.094395	2.356369	3.005869	123	139	16	31.973
-0.523599	0.733948	3.021411	115	150	16	31.972
-0.523599	2.104282	-0.813972	125	136	13	31.964
0.261799	1.766067	2.153843	0	38	143	31.961
-0.785398	1.732874	-0.951685	127	140	17	31.957
2.879793	2.456751	-1.503343	121	154	23	31.956
0.523599	1.846342	-1.796954	108	6	16	31.953
-2.356194	1.982574	-1.115518	126	129	7	31.952
2.094395	1.574060	2.783565	138	139	12	31.952
-2.879793	0.914445	2.687814	116	156	22	31.951
-0.261799	1.367556	0.358405	125	141	10	31.943
0.261799	1.194549	-0.801900	122	142	16	31.924
0.785398	1.135813	-2.658866	120	133	18	31.924
-3.141593	1.606104	-0.451151	132	141	27	31.922
-2.879793	2.979456	-1.009304	133	143	20	31.922
-2.356194	0.831641	0.616218	107	134	6	31.922
1.570796	2.881233	-2.582574	132	123	159	31.922
-3.141593	1.809167	1.213774	106	0	18	31.919
0.261799	1.417623	-0.202254	157	38	153	31.918
1.570796	1.413347	-1.339188	132	146	20	31.917
2.356194	1.195355	1.200319	132	133	9	31.914
-0.261799	0.733948	3.021411	122	159	26	31.913
-2.094395	2.001437	0.381215	115	129	155	31.910
1.308997	2.979456	-1.009304	132	135	157	31.909
1.570796	2.984978	1.954446	103	146	16	31.906
0.261799	0.685216	-1.712745	113	127	159	31.903
2.879793	2.187132	-0.479875	113	147	18	31.900
2.094395	2.719179	-1.780644	127	141	19	31.897
2.617994	1.168678	2.108595	123	134	2	31.895
0.000000	2.104282	-0.813972	121	140	22	31.892
2.356194	2.587733	0.232235	112	153	22	31.881
-1.047198	0.961715	0.014085	128	133	8	31.879
1.832596	0.864993	2.278281	123	140	16	31.875
-2.356194	1.194549	-0.801900	128	129	2	31.874
1.047198	1.809167	1.213774	116	145	19	31.872
2.617994	0.864993	2.278281	154	35	140	31.871
2.879793	1.310100	1.488307	132	144	15	31.870
-2.617994	0.709924	0.218797	119	150	16	31.869
0.261799	2.984978	1.954446	128	145	19	31.858
0.000000	1.662363	0.915448	118	137	8	31.854
-2.617994	0.571433	-1.188419	150	47	150	31.846
0.261799	1.836682	-0.676006	121	144	24	31.842
1.832596	1.413347	-1.339188	140	138	1	31.841
0.523599	1.195355	1.200319	134	137	6	31.841
0.785398	1.766067	2.153843	135	136	13	31.838
0.785398	0.929350	-2.910676	120	137	17	31.836
-0.261799	1.836682	-0.676006	128	139	16	31.832
-2.617994	2.138223	1.678323	131	136	15	31.831
0.000000	2.379497	0.561089	107	150	19	31.831
1.308997	0.899350	-2.069907	125	147	22	31.831
-2.617994	2.393226	1.857173	104	13	23	31.827
-1.832596	0.618092	2.539118	131	139	14	31.821
-0.261799	1.824694	1.850876	141	132	14	31.819
2.356194	1.662363	0.915448	138	126	6	31.813
-1.047198	1.998705	2.370472	115	135	18	31.798
-1.832596	2.174483	2.653697	131	138	6	31.798
2.094395	0.914445	2.687814	154	39	144	31.796
-1.308997	1.732874	-0.951685	138	143	27	31.796
0.523599	1.488617	1.159546	125	135	8	31.792
-0.785398	0.458961	-0.107937	125	123	2	31.789
-2.094395	1.134497	-1.109631	138	130	16	31.789
0.523599	1.135813	-2.658866	115	136	18	31.783
1.047198	1.998705	2.370472	110	142	4	31.779
-0.261799	0.419640	2.974122	111	3	22	31.777
0.261799	2.041297	-2.664597	128	135	9	31.773
-2.356194	2.251330	-2.330739	112	138	19	31.767
-0.261799	1.413430	2.550734	135	140	14	31.764
0.785398	2.115563	0.685730	133	135	7	31.764
1.570796	2.104282	-0.813972	126	146	30	31.756
2.617994	0.618092	2.539118	127	131	21	31.755
2.356194	0.591903	2.010408	123	138	14	31.755
-0.261799	0.910508	1.903534	121	158	27	31.746
-3.141593	1.741644	-2.695914	132	135	13	31.741
-1.308997	0.571433	-1.188419	130	138	13	31.740
2.617994	2.104282	-0.813972	109	148	13	31.739
0.261799	1.135813	-2.658866	112	140	18	31.733
-2.094395	2.379497	0.561089	119	139	8	31.731
0.000000	1.247695	1.809890	141	149	27	31.730
1.047198	1.662363	0.915448	133	136	10	31.729
2.356194	1.450119	-2.739050	150	134	10	31.729
-0.785398	1.569311	-3.003978	124	146	21	31.721
-2.879793	1.569311	-3.003978	137	133	7	31.721
2.617994	1.732874	-0.951685	118	154	32	31.720
-2.356194	2.478122	2.609777	128	124	158	31.720
2.879793	0.709924	0.218797	135	135	13	31.719
-3.141593	1.998705	2.370472	134	138	15	31.715
-1.308997	1.335669	0.897240	123	131	14	31.710
-0.523599	0.685216	-1.712745	126	142	14	31.707
-1.570796	1.310100	1.488307	3	42	145	31.706
0.261799	0.080730	-2.622036	113	151	21	31.705
2.094395	2.073035	2.027405	121	139	17	31.696
1.047198	2.115563	0.685730	117	130	11	31.694
-2.617994	0.960688	-0.577532	152	39	150	31.693
2.617994	1.413347	-1.339188	159	34	146	31.688
-1.832596	2.063651	-2.044600	122	136	23	31.681
-1.570796	2.579248	-2.364801	138	127	9	31.679
2.617994	0.733948	3.021411	117	157	23	31.673
2.617994	1.736875	3.023612	127	133	7	31.672
1.047198	1.134497	-1.109631	119	153	23	31.669
2.879793	1.218453	2.777284	125	131	1	31.662
2.094395	1.683268	0.374177	131	129	18	31.661
-2.094395	1.218453	2.777284	124	144	16	31.659
-1.570796	2.138223	1.678323	112	136	19	31.657
-1.570796	2.724429	-0.348782	112	152	21	31.657
-1.570796	1.440580	2.260026	123	138	13	31.654
-1.832596	0.866395	-2.492918	125	138	16	31.653
-1.570796	1.554776	0.100351	125	127	149	31.653
-0.785398	1.417623	-0.202254	129	132	1	31.652
-1.308997	2.247462	0.191623	139	128	150	31.650
-1.308997	1.025536	1.576859	151	40	140	31.650
-1.570796	0.700570	1.559208	115	147	15	31.648
1.570796	1.510910	-0.740472	115	145	29	31.646
-0.523599	1.696674	-1.253233	115	151	21	31.645
-1.570796	2.719179	-1.780644	125	127	15	31.644
-2.356194	2.588535	-2.976617	157	48	157	31.644
0.785398	1.413347	-1.339188	126	134	3	31.641
2.617994	1.113094	-0.272241	130	128	14	31.636
1.570796	0.591903	2.010408	110	156	23	31.632
2.617994	2.138223	1.678323	133	134	2	31.630
0.523599	1.194549	-0.801900	115	151	22	31.628
-1.308997	1.872854	1.543456	2	44	148	31.628
-1.570796	1.374601	-2.456031	124	140	17	31.620
1.570796	1.504028	0.636812	123	127	10	31.619
-2.356194	1.135834	-1.431087	127	126	12	31.619
-2.879793	2.719179	-1.780644	116	152	20	31.618
2.879793	1.574060	2.783565	125	132	8	31.613
2.094395	1.812176	0.656819	121	143	22	31.612
-2.356194	1.696674	-1.253233	124	133	22	31.609
-3.141593	1.699788	2.452890	123	141	18	31.603
2.617994	0.961715	0.014085	146	45	146	31.602
0.261799	1.569311	-3.003978	120	135	21	31.602
-2.094395	0.700570	1.559208	132	129	20	31.596
2.617994	1.658653	-2.409879	127	134	12	31.595
-0.261799	1.574060	2.783565	158	38	2	31.590
-2.617994	2.724429	-0.348782	134	139	17	31.587
-1.308997	1.696674	-1.253233	140	137	22	31.587
-1.570796	1.696674	-1.253233	136	134	22	31.586
-0.785398	1.699788	2.452890	118	144	29	31.582
0.523599	0.571433	-1.188419	115	144	14	31.580
1.832596	2.664082	-1.071402	131	139	10	31.575
-2.879793	2.153910	-1.714959	121	130	2	31.571
-0.785398	1.184361	0.625864	131	135	13	31.571
0.000000	1.683268	0.374177	122	137	12	31.569
-1.832596	2.478122	2.609777	130	144	20	31.563
0.261799	1.948085	-2.363031	106	142	11	31.554
-3.141593	1.417623	-0.202254	137	137	24	31.553
-3.141593	0.685216	-1.712745	113	144	21	31.553
1.047198	1.168678	2.108595	132	141	18	31.552
1.308997	2.153910	-1.714959	132	134	1	31.548
0.785398	1.732874	-0.951685	127	143	20	31.546
0.000000	1.741644	-2.695914	124	138	13	31.546
0.261799	1.504028	0.636812	124	137	12	31.539
-0.523599	0.379747	-1.713059	104	151	13	31.538
2.356194	0.831641	0.616218	123	134	10	31.534
-0.523599	2.063651	-2.044600	127	134	8	31.534
-0.523599	0.674054	1.013609	136	144	20	31.532
-3.141593	2.247462	0.191623	125	133	10	31.530
-0.785398	1.904882	-1.478089	159	38	159	31.529
-1.570796	2.396274	-1.959260	118	137	23	31.529
2.617994	2.063651	-2.044600	114	151	16	31.521
0.785398	1.658653	-2.409879	3	44	150	31.519
1.570796	2.456751	-1.503343	130	141	12	31.517
0.785398	0.864993	2.278281	126	143	18	31.515
-0.261799	1.869911	2.701025	1	36	137	31.511
-2.879793	2.592629	0.909713	127	137	16	31.509
1.570796	1.909857	-0.381669	122	137	24	31.495
1.570796	0.496451	0.593859	118	153	23	31.493
2.094395	1.736875	3.023612	145	138	21	31.491
-1.832596	0.961715	0.014085	129	139	10	31.490
1.832596	0.591903	2.010408	127	144	19	31.479
2.617994	0.910508	1.903534	126	141	18	31.477
-3.141593	0.709924	0.218797	129	133	10	31.476
2.879793	2.033014	2.977192	134	130	157	31.473
2.617994	2.180315	-1.357379	130	134	11	31.473
-2.094395	1.050534	3.042579	8	36	15	31.471
0.000000	2.863997	0.549740	102	153	22	31.470
0.523599	1.809167	1.213774	124	136	8	31.468
-0.261799	0.866955	-0.931351	119	151	20	31.464
-3.141593	0.914445	2.687814	115	158	22	31.463
-2.879793	2.247462	0.191623	132	131	6	31.458
-2.356194	0.709924	0.218797	127	139	10	31.452
0.523599	1.554776	0.100351	152	39	156	31.452
2.356194	2.349581	-2.702517	124	135	12	31.451
2.094395	2.115563	0.685730	137	128	14	31.451
2.094395	0.700570	1.559208	109	158	21	31.449
-2.879793	0.850607	-1.335383	123	142	24	31.446
-0.523599	2.456751	-1.503343	136	138	23	31.445
-1.308997	1.433411	-1.035986	126	141	18	31.444
-0.523599	2.704512	1.488683	115	153	18	31.443
-1.047198	1.168678	2.108595	132	136	11	31.442
1.308997	2.033014	2.977192	125	149	23	31.438
2.356194	0.733948	3.021411	128	140	28	31.436
2.617994	1.510910	-0.740472	123	133	157	31.433
2.094395	1.869911	2.701025	121	139	13	31.426
0.785398	1.574060	2.783565	129	133	9	31.422
2.356194	1.168678	2.108595	130	143	19	31.411
1.832596	2.115563	0.685730	131	127	14	31.410
2.879793	2.979456	-1.009304	124	124	154	31.408
-3.141593	0.591903	2.010408	123	132	21	31.406
-1.308997	0.290380	-0.796960	136	142	14	31.405
-2.094395	2.478122	2.609777	134	145	20	31.402
2.356194	1.736875	3.023612	123	134	7	31.395
1.047198	0.571433	-1.188419	134	135	10	31.386
-2.094395	0.203748	0.590255	114	128	8	31.385
-0.523599	1.448123	-2.163292	110	158	18	31.382
0.261799	0.458961	-0.107937	136	136	9	31.379
2.356194	2.174483	2.653697	124	138	16	31.378
0.261799	1.256302	0.062705	130	134	6	31.377
-0.261799	2.089241	-0.114193	118	151	28	31.376
-2.617994	1.433411	-1.035986	126	133	22	31.375
-1.047198	2.089241	-0.114193	117	150	21	31.373
1.047198	1.569311	-3.003978	0	46	155	31.370
0.261799	2.115563	0.685730	126	137	10	31.369
-0.523599	2.664082	-1.071402	132	132	21	31.368
1.047198	2.588535	-2.976617	133	122	3	31.367
2.094395	1.448123	-2.163292	141	139	10	31.366
-2.094395	0.496451	0.593859	113	129	7	31.361
2.617994	1.050534	3.042579	143	137	21	31.360
-2.356194	0.496451	0.593859	121	140	15	31.359
0.523599	0.866955	-0.931351	128	134	3	31.359
-1.832596	1.766067	2.153843	118	140	11	31.359
2.094395	1.413347	-1.339188	130	137	158	31.358
1.570796	0.203748	0.590255	2	47	5	31.353
2.094395	2.588535	-2.976617	124	139	16	31.352
2.617994	0.640596	-2.797608	148	37	147	31.348
-2.617994	0.733948	3.021411	135	12	122	31.347
2.617994	1.574060	2.783565	128	135	8	31.345
-2.617994	1.195355	1.200319	135	133	2	31.344
2.094395	2.592629	0.909713	112	159	24	31.344
1.832596	1.256302	0.062705	158	45	144	31.343
-1.047198	2.455966	-0.641220	114	152	32	31.343
1.570796	1.134497	-1.109631	130	142	18	31.341
-1.570796	2.001437	0.381215	125	132	4	31.333
1.308997	1.599406	1.426070	134	135	4	31.330
-2.094395	1.732874	-0.951685	127	135	12	31.327
1.047198	1.135834	-1.431087	130	135	6	31.326
2.094395	1.948085	-2.363031	145	128	158	31.316
2.617994	2.478122	2.609777	5	43	0	31.316
-2.094395	2.587733	0.232235	117	134	0	31.311
0.523599	1.050534	3.042579	119	142	20	31.311
2.617994	1.310100	1.488307	128	140	15	31.310
1.570796	0.418037	1.360082	121	150	18	31.306
-2.356194	2.393226	1.857173	102	7	23	31.306
2.879793	1.194549	-0.801900	121	139	25	31.305
-2.094395	1.440580	2.260026	119	142	12	31.303
2.356194	1.134796	2.434290	152	34	139	31.302
-2.356194	1.301460	-0.509251	123	143	19	31.301
-0.785398	0.418037	1.360082	144	135	15	31.301
2.356194	0.618092	2.539118	155	40	145	31.296
0.000000	1.488617	1.159546	117	139	8	31.296
-0.523599	1.812176	0.656819	133	133	6	31.295
-2.356194	2.984978	1.954446	123	144	18	31.295
0.523599	1.218453	2.777284	123	137	13	31.288
1.570796	0.906588	1.252948	137	134	3	31.287
2.617994	0.458961	-0.107937	158	47	159	31.286
0.785398	2.349581	-2.702517	157	46	154	31.285
1.570796	2.979456	-1.009304	129	140	10	31.281
-0.261799	1.766067	2.153843	148	37	137	31.276
-1.308997	2.180315	-1.357379	133	133	22	31.275
-1.308997	1.824694	1.850876	4	40	142	31.275
1.832596	2.704512	1.488683	4	45	155	31.273
0.261799	1.732874	-0.951685	126	147	26	31.272
1.308997	2.115563	0.685730	122	128	11	31.269
2.094395	2.187132	-0.479875	108	151	15	31.262
-0.523599	0.419640	2.974122	130	144	18	31.260
-3.141593	2.407836	1.410646	124	140	17	31.260
-0.261799	1.545873	-1.877082	109	154	15	31.260
1.570796	2.180315	-1.357379	126	140	11	31.257
-2.356194	2.456751	-1.503343	111	139	20	31.250
-0.785398	0.960688	-0.577532	126	133	3	31.247
2.094395	1.504028	0.636812	126	137	16	31.241
-2.356194	1.335669	0.897240	109	134	10	31.237
0.785398	1.050534	3.042579	115	140	24	31.236
0.000000	1.045978	0.343692	126	135	9	31.236
2.617994	1.195355	1.200319	124	140	16	31.234
1.308997	1.134796	2.434290	134	139	15	31.234
0.000000	0.850607	-1.335383	113	131	159	31.233
0.785398	1.195355	1.200319	108	155	17	31.232
-2.617994	2.356369	3.005869	158	46	5	31.229
-2.094395	1.555207	1.708892	119	141	26	31.228
-0.261799	0.961715	0.014085	138	136	8	31.228
1.570796	1.554776	0.100351	0	44	142	31.223
-3.141593	1.617114	-1.572037	133	131	1	31.223
0.000000	0.762244	-0.273349	134	126	156	31.223
-0.785398	2.349581	-2.702517	109	153	13	31.222
-2.879793	1.812176	0.656819	119	145	15	31.218
-2.879793	2.104282	-0.813972	134	132	7	31.216
2.879793	1.662363	0.915448	114	145	16	31.214
0.000000	0.992645	-1.723759	120	149	20	31.213
-1.832596	0.709924	0.218797	111	130	0	31.209
0.785398	0.733948	3.021411	118	145	22	31.208
-2.879793	1.025536	1.576859	132	132	0	31.208
0.523599	2.033014	2.977192	133	129	17	31.206
1.308997	1.310100	1.488307	134	135	6	31.201
-0.523599	1.554776	0.100351	129	141	10	31.201
0.785398	1.247695	1.809890	104	156	9	31.200
-3.141593	1.662363	0.915448	130	148	26	31.200
0.523599	2.164094	-2.991358	158	44	147	31.194
1.832596	1.045978	0.343692	156	48	152	31.191
1.308997	1.998705	2.370472	134	138	15	31.191
-0.261799	2.063651	-2.044600	132	133	9	31.191
-1.570796	1.050534	3.042579	125	133	158	31.187
-0.785398	1.506530	1.988858	151	36	136	31.186
1.047198	1.050534	3.042579	118	137	24	31.170
1.570796	2.664082	-1.071402	111	157	23	31.167
0.523599	2.063651	-2.044600	111	4	21	31.165
-2.094395	1.870545	-2.976234	117	145	11	31.161
-1.570796	2.984978	1.954446	133	139	8	31.159
2.356194	0.674054	1.013609	128	132	5	31.151
0.523599	1.824694	1.850876	109	150	10	31.150
0.000000	1.732874	-0.951685	154	39	154	31.144
-2.617994	1.875281	0.107086	136	132	3	31.142
2.094395	2.396274	-1.959260	127	139	16	31.140
0.523599	1.413347	-1.339188	121	129	150	31.140
2.094395	1.134497	-1.109631	112	145	28	31.139
1.047198	0.080730	-2.622036	127	136	14	31.137
2.879793	1.869911	2.701025	131	134	11	31.134
1.832596	1.869911	2.701025	118	141	13	31.133
0.000000	0.496451	0.593859	122	149	21	31.126
2.617994	2.174483	2.653697	128	138	15	31.123
1.832596	2.379497	0.561089	108	0	19	31.122
1.832596	1.741644	-2.695914	145	128	10	31.122
-2.617994	1.662363	0.915448	104	141	9	31.117
0.785398	0.615174	-0.666022	137	137	7	31.116
1.308997	0.700570	1.559208	130	128	149	31.116
2.094395	0.297065	2.160177	125	141	17	31.116
-1.832596	1.301460	-0.509251	136	138	13	31.111
-0.523599	1.218453	2.777284	120	158	34	31.107
-1.570796	1.450119	-2.739050	123	137	11	31.101
-2.879793	2.343981	-1.040456	135	135	12	31.101
2.879793	1.741644	-2.695914	129	132	8	31.101
0.523599	2.001437	0.381215	105	153	26	31.099
-2.356194	2.164094	-2.991358	158	47	4	31.098
1.308997	1.555207	1.708892	114	138	9	31.093
0.785398	0.571433	-1.188419	126	134	10	31.092
-1.832596	0.992645	-1.723759	137	125	4	31.089
2.094395	2.063651	-2.044600	123	137	15	31.083
2.094395	1.756530	-2.105156	121	136	11	31.083
1.832596	2.089241	-0.114193	153	37	142	31.081
2.094395	2.180315	-1.357379	125	134	3	31.078
2.094395	1.658653	-2.409879	146	129	0	31.077
1.570796	1.168678	2.108595	134	143	18	31.072
-1.047198	1.450119	-2.739050	129	135	10	31.070
2.356194	1.809167	1.213774	131	134	6	31.070
-2.094395	1.756530	-2.105156	124	134	23	31.067
2.617994	1.025536	1.576859	111	151	23	31.067
1.832596	1.574060	2.783565	130	150	30	31.065
-0.523599	1.242974	-2.977882	0	38	154	31.063
-1.570796	2.251330	-2.330739	109	157	16	31.061
1.047198	1.413430	2.550734	106	3	11	31.059
1.308997	2.881233	-2.582574	129	146	21	31.058
1.047198	0.910508	1.903534	128	145	20	31.055
-1.308997	2.187132	-0.479875	120	146	20	31.052
1.047198	1.135813	-2.658866	120	127	14	31.051
0.523599	1.875281	0.107086	134	136	10	31.050
-1.570796	0.961715	0.014085	120	136	8	31.050
-2.356194	1.025536	1.576859	122	134	23	31.049
2.356194	1.824694	1.850876	153	43	7	31.048
0.785398	1.812176	0.656819	132	137	11	31.046
1.570796	1.812176	0.656819	126	127	11	31.041
-0.261799	1.194549	-0.801900	117	146	17	31.041
2.356194	2.104282	-0.813972	152	30	141	31.036
2.879793	1.846342	-1.796954	134	134	10	31.034
-2.617994	0.685216	-1.712745	121	138	19	31.032
-2.094395	2.396274	-1.959260	113	143	24	31.028
0.261799	1.741644	-2.695914	127	137	13	31.025
0.000000	1.766067	2.153843	118	152	24	31.025
-1.832596	2.637879	2.121598	131	138	7	31.024
-1.047198	2.881233	-2.582574	120	150	19	31.024
1.832596	0.685216	-1.712745	135	138	13	31.023
1.308997	1.554776	0.100351	4	41	143	31.014
0.000000	2.984978	1.954446	127	146	20	31.012
0.523599	2.587733	0.232235	118	132	16	31.011
2.879793	2.115563	0.685730	131	146	23	31.011
2.094395	2.349581	-2.702517	120	137	12	31.009
1.832596	1.134497	-1.109631	109	149	28	31.009
-2.879793	2.299159	2.264663	129	140	19	31.002
0.000000	1.869911	2.701025	109	14	4	30.998
-2.356194	1.732874	-0.951685	127	129	6	30.993
-2.094395	0.910508	1.903534	135	137	25	30.987
1.047198	1.812176	0.656819	114	132	11	30.985
-2.356194	1.413347	-1.339188	126	129	17	30.984
1.308997	1.335669	0.897240	130	132	4	30.983
-0.523599	2.637879	2.121598	110	149	15	30.981
1.832596	2.033014	2.977192	111	153	22	30.980
-1.570796	0.929350	-2.910676	124	136	11	30.978
2.617994	0.899350	-2.069907	127	138	7	30.972
-0.785398	2.108018	1.311430	129	136	20	30.970
-0.523599	1.736875	3.023612	126	139	14	30.970
0.261799	1.488617	1.159546	138	140	14	30.967
2.094395	1.555207	1.708892	120	140	15	30.963
-1.832596	1.025536	1.576859	132	132	23	30.956
2.879793	0.297065	2.160177	156	42	148	30.952
0.000000	1.812176	0.656819	141	137	6	30.952
0.785398	1.450119	-2.739050	123	131	18	30.951
-0.785398	1.448123	-2.163292	123	146	22	30.951
-1.047198	1.982574	-1.115518	107	158	15	30.950
-2.617994	1.448123	-2.163292	119	133	19	30.950
0.261799	2.247462	0.191623	114	139	19	30.947
-0.523599	0.850607	-1.335383	152	35	144	30.946
0.000000	0.080730	-2.622036	118	144	15	30.942
-1.047198	1.606104	-0.451151	115	158	24	30.941
1.570796	1.617114	-1.572037	122	138	2	30.935
2.094395	1.168678	2.108595	128	143	19	30.933
0.261799	1.367556	0.358405	130	136	6	30.925
-2.617994	1.998705	2.370472	135	136	14	30.921
-2.356194	1.658653	-2.409879	118	131	16	30.911
1.570796	1.134796	2.434290	121	134	153	30.906
0.523599	2.455966	-0.641220	127	132	16	30.906
1.570796	1.256302	0.062705	125	129	10	30.906
-1.832596	1.391910	3.030322	133	137	5	30.905
-2.879793	0.674054	1.013609	132	141	10	30.901
0.261799	1.134497	-1.109631	124	145	19	30.901
2.617994	0.419640	2.974122	136	127	16	30.900
0.261799	2.033014	2.977192	157	41	141	30.900
2.356194	2.393226	1.857173	113	156	24	30.899
-1.047198	2.153910	-1.714959	127	134	19	30.897
-2.617994	1.135813	-2.658866	7	38	3	30.895
-2.617994	2.108018	1.311430	131	134	13	30.889
0.261799	0.866395	-2.492918	117	142	16	30.887
-1.570796	2.592629	0.909713	121	124	2	30.882
2.094395	1.242974	-2.977882	141	130	16	30.879
-0.785398	2.579248	-2.364801	108	155	9	30.879
-2.356194	1.045978	0.343692	114	146	13	30.877
-2.094395	1.617114	-1.572037	127	128	15	30.876
-1.570796	0.960688	-0.577532	144	134	0	30.873
1.570796	1.218453	2.777284	120	146	32	30.871
-2.879793	2.984978	1.954446	124	149	21	30.867
0.523599	1.812176	0.656819	128	136	11	30.867
-3.141593	2.588535	-2.976617	99	155	15	30.865
1.832596	1.134796	2.434290	126	133	153	30.865
-1.308997	1.948085	-2.363031	111	4	17	30.865
2.617994	2.251330	-2.330739	126	135	15	30.864
1.570796	1.982574	-1.115518	104	157	12	30.864
2.879793	2.164094	-2.991358	133	134	11	30.863
-3.141593	2.180315	-1.357379	133	133	10	30.857
-3.141593	0.458961	-0.107937	135	138	15	30.855
2.617994	2.984978	1.954446	131	125	10	30.846
1.308997	2.063651	-2.044600	133	125	157	30.846
-3.141593	1.909857	-0.381669	111	151	23	30.841
-2.617994	1.168678	2.108595	129	143	29	30.840
-2.879793	2.349581	-2.702517	112	133	7	30.840
-0.785398	0.866395	-2.492918	134	140	17	30.838
0.000000	1.510910	-0.740472	131	144	19	30.835
-0.785398	1.617114	-1.572037	159	38	157	30.833
1.308997	1.184361	0.625864	6	45	157	30.831
-0.523599	1.732874	-0.951685	137	147	26	30.831
2.356194	1.555207	1.708892	122	2	28	30.829
-2.879793	0.992645	-1.723759	115	143	23	30.829
-2.617994	0.910508	1.903534	127	135	25	30.825
-3.141593	1.569311	-3.003978	132	132	7	30.817
1.832596	0.914445	2.687814	0	40	145	30.816
-2.356194	1.662363	0.915448	107	135	9	30.815
-2.879793	2.138223	1.678323	129	136	15	30.808
-2.356194	1.948085	-2.363031	120	125	1	30.806
-1.570796	1.812176	0.656819	112	148	14	30.806
-0.261799	1.195355	1.200319	148	135	9	30.805
1.047198	2.041297	-2.664597	126	122	5	30.804
0.261799	1.658653	-2.409879	107	143	16	30.802
-0.785398	1.948085	-2.363031	127	134	9	30.799
-3.141593	2.343981	-1.040456	131	134	12	30.799
-3.141593	2.979456	-1.009304	131	124	154	30.798
0.261799	1.756530	-2.105156	115	147	16	30.798
-0.785398	1.247695	1.809890	145	35	137	30.793
2.617994	1.554776	0.100351	124	144	19	30.791
2.879793	2.108018	1.311430	134	136	8	30.789
1.832596	1.135834	-1.431087	139	137	5	30.789
2.356194	1.998705	2.370472	123	138	15	30.783
-0.261799	0.899350	-2.069907	113	145	12	30.781
-0.785398	0.290380	-0.796960	124	134	11	30.780
2.617994	1.555207	1.708892	119	0	26	30.775
-1.832596	2.104282	-0.813972	125	144	28	30.771
1.570796	0.080730	-2.622036	117	133	17	30.771
0.523599	0.961715	0.014085	154	35	146	30.767
0.261799	1.869911	2.701025	124	133	24	30.765
2.879793	1.450119	-2.739050	128	134	10	30.761
-2.617994	1.736875	3.023612	134	137	15	30.756
0.000000	2.247462	0.191623	129	136	8	30.749
0.523599	2.349581	-2.702517	123	125	4	30.747
2.356194	0.619654	-2.216909	133	139	15	30.745
-3.141593	0.910508	1.903534	130	133	158	30.741
2.356194	0.685216	-1.712745	134	138	158	30.739
-1.308997	2.138223	1.678323	117	132	19	30.739
-2.617994	1.809167	1.213774	105	145	15	30.738
2.879793	0.290380	-0.796960	3	47	157	30.735
-0.523599	1.310100	1.488307	144	137	21	30.732
0.785398	1.256302	0.062705	107	158	25	30.731
-1.832596	0.762244	-0.273349	108	151	14	30.731
1.832596	1.683268	0.374177	117	149	20	30.728
-2.879793	2.478122	2.609777	154	46	5	30.727
1.308997	1.870545	-2.976234	122	145	20	30.724
-3.141593	2.001437	0.381215	115	157	15	30.724
-0.523599	2.343981	-1.040456	116	145	26	30.724
0.785398	1.948085	-2.363031	3	45	155	30.723
0.261799	2.251330	-2.330739	106	141	6	30.718
0.000000	2.724429	-0.348782	124	133	22	30.715
-2.879793	1.732874	-0.951685	137	132	1	30.711
1.047198	1.045978	0.343692	109	139	12	30.709
0.785398	1.510910	-0.740472	121	145	22	30.709
-3.141593	0.290380	-0.796960	156	48	157	30.706
-3.141593	1.869911	2.701025	115	9	18	30.705
1.308997	2.180315	-1.357379	124	141	11	30.704
0.523599	1.134796	2.434290	124	151	30	30.703
0.261799	0.831641	0.616218	121	146	17	30.696
-1.832596	2.881233	-2.582574	136	126	9	30.690
1.308997	1.440580	2.260026	138	140	14	30.690
-1.832596	1.555207	1.708892	121	138	26	30.689
-2.094395	1.872854	1.543456	112	141	21	30.687
-2.879793	0.571433	-1.188419	129	126	5	30.683
-1.570796	2.063651	-2.044600	126	132	17	30.682
0.261799	0.709924	0.218797	124	147	20	30.681
-3.141593	2.724429	-0.348782	157	38	156	30.679
-1.047198	1.310100	1.488307	135	131	21	30.674
1.570796	1.998705	2.370472	138	140	14	30.673
2.617994	2.089241	-0.114193	150	35	147	30.671
-3.141593	2.115563	0.685730	117	147	21	30.669
-1.047198	2.063651	-2.044600	135	133	17	30.663
0.523599	1.982574	-1.115518	131	142	23	30.663
-0.785398	2.404280	-0.174044	116	146	17	30.663
2.879793	2.180315	-1.357379	128	132	10	30.654
2.356194	1.732874	-0.951685	116	156	32	30.654
2.879793	0.831641	0.616218	131	133	10	30.653
-0.523599	2.579248	-2.364801	123	153	21	30.647
-1.047198	1.875281	0.107086	136	134	0	30.641
-2.617994	1.766067	2.153843	122	157	29	30.640
-1.047198	2.164094	-2.991358	110	154	17	30.639
-1.308997	0.961715	0.014085	122	126	153	30.638
-0.785398	0.961715	0.014085	123	143	15	30.638
2.094395	1.870545	-2.976234	119	136	7	30.635
2.094395	0.591903	2.010408	130	132	155	30.630
1.308997	1.488617	1.159546	118	128	158	30.629
0.000000	2.089241	-0.114193	121	138	12	30.624
2.094395	1.904882	-1.478089	126	133	1	30.621
-2.094395	0.961715	0.014085	126	139	10	30.621
1.570796	2.115563	0.685730	127	126	11	30.620
-2.617994	1.440580	2.260026	155	37	149	30.618
0.523599	2.881233	-2.582574	129	133	159	30.612
-0.261799	2.719179	-1.780644	146	38	150	30.607
1.308997	2.587733	0.232235	133	131	20	30.603
-1.832596	0.960688	-0.577532	124	146	19	30.602
2.879793	0.910508	1.903534	125	133	159	30.597
1.832596	2.153910	-1.714959	123	134	7	30.596
1.832596	1.194549	-0.801900	113	143	26	30.596
2.094395	0.458961	-0.107937	111	138	14	30.594
-2.617994	2.984978	1.954446	125	148	21	30.588
0.000000	1.391910	3.030322	122	142	25	30.587
-1.570796	1.113094	-0.272241	129	138	7	30.586
0.785398	2.164094	-2.991358	125	123	10	30.585
0.523599	0.379747	-1.713059	120	124	5	30.578
0.261799	1.301460	-0.509251	130	134	7	30.578
2.356194	2.073035	2.027405	124	140	16	30.572
-1.308997	1.809167	1.213774	1	46	154	30.571
-2.094395	2.588535	-2.976617	108	156	8	30.571
-0.785398	2.073035	2.027405	158	43	143	30.569
-0.523599	0.080730	-2.622036	129	137	13	30.565
-1.308997	0.379747	-1.713059	126	137	14	30.563
2.617994	1.756530	-2.105156	129	133	11	30.562
0.000000	1.756530	-2.105156	112	150	16	30.555
2.356194	0.866955	-0.931351	117	138	21	30.555
-2.356194	2.299159	2.264663	134	140	17	30.547
2.617994	1.391910	3.030322	127	132	1	30.547
1.832596	2.251330	-2.330739	112	151	21	30.547
0.785398	1.846342	-1.796954	107	2	16	30.545
-0.523599	2.979456	-1.009304	128	128	17	30.545
0.000000	1.335669	0.897240	139	141	14	30.539
-2.617994	0.297065	2.160177	115	151	20	30.538
0.785398	1.218453	2.777284	122	139	21	30.538
0.523599	1.721184	-0.153948	152	39	157	30.537
-1.570796	2.187132	-0.479875	118	148	20	30.535
1.047198	0.619654	-2.216909	121	129	13	30.533
-0.261799	1.756530	-2.105156	134	136	12	30.531
2.879793	2.104282	-0.813972	125	132	8	30.530
2.617994	0.496451	0.593859	144	130	2	30.522
1.570796	1.450119	-2.739050	137	125	12	30.519
-1.832596	1.721184	-0.153948	110	2	19	30.515
0.785398	1.741644	-2.695914	118	126	10	30.515
-0.523599	0.458961	-0.107937	133	123	2	30.512
2.617994	1.194549	-0.801900	118	140	25	30.512
-3.141593	0.866955	-0.931351	116	141	24	30.511
2.617994	1.128190	-2.288622	123	140	10	30.508
1.047198	0.992645	-1.723759	124	144	18	30.508
-2.879793	0.866955	-0.931351	126	127	13	30.507
-3.141593	0.864993	2.278281	130	136	26	30.489
1.047198	2.138223	1.678323	130	140	10	30.489
-2.356194	1.904882	-1.478089	118	133	20	30.487
-1.832596	1.756530	-2.105156	132	124	4	30.486
-1.047198	1.824694	1.850876	159	42	142	30.486
-1.832596	1.732874	-0.951685	138	130	6	30.480
-1.308997	1.488617	1.159546	159	46	153	30.473
-1.832596	2.404280	-0.174044	135	130	146	30.466
-2.094395	0.419640	2.974122	135	141	14	30.464
-2.094395	2.089241	-0.114193	123	147	27	30.463
1.570796	1.128190	-2.288622	113	157	15	30.463
-0.523599	1.417623	-0.202254	133	132	0	30.460
-1.047198	0.914445	2.687814	128	143	18	30.449
2.094395	2.579248	-2.364801	141	127	157	30.448
-2.617994	1.982574	-1.115518	121	130	7	30.448
-2.356194	0.419640	2.974122	132	140	15	30.447
-2.617994	2.180315	-1.357379	113	142	22	30.445
2.617994	1.214854	-1.966664	128	132	1	30.439
2.879793	1.325504	-1.671296	104	150	20	30.439
-1.047198	2.456751	-1.503343	136	132	20	30.437
1.047198	1.721184	-0.153948	120	133	14	30.436
-1.832596	2.251330	-2.330739	109	1	16	30.434
2.094395	0.080730	-2.622036	136	125	11	30.430
1.570796	1.506530	1.988858	128	140	9	30.430
-0.785398	1.168678	2.108595	147	29	133	30.424
-1.308997	1.870545	-2.976234	112	157	20	30.422
-0.261799	0.496451	0.593859	139	140	15	30.420
-1.832596	2.396274	-1.959260	123	132	18	30.419
0.785398	2.356369	3.005869	120	154	21	30.418
0.000000	1.824694	1.850876	123	153	25	30.410
2.879793	2.153910	-1.714959	129	132	10	30.410
-2.356194	1.809167	1.213774	108	140	15	30.408
0.523599	1.168678	2.108595	128	142	19	30.405
-1.570796	2.404280	-0.174044	132	133	156	30.402
1.047198	1.391910	3.030322	124	134	24	30.398
0.000000	1.998705	2.370472	148	39	139	30.396
2.356194	2.164094	-2.991358	124	135	12	30.386
-1.308997	2.396274	-1.959260	139	128	12	30.384
-0.785398	2.063651	-2.044600	138	134	15	30.379
-1.047198	2.396274	-1.959260	129	130	13	30.376
0.000000	2.587733	0.232235	129	138	16	30.371
-0.785398	1.242974	-2.977882	119	154	24	30.370
2.356194	1.909857	-0.381669	117	135	2	30.369
-0.785398	0.850607	-1.335383	156	35	144	30.368
1.832596	2.104282	-0.813972	106	153	14	30.360
-2.356194	2.247462	0.191623	138	135	10	30.353
2.617994	1.135813	-2.658866	128	157	24	30.352
-1.832596	1.569311	-3.003978	119	141	13	30.347
-3.141593	2.456751	-1.503343	133	136	15	30.344
-3.141593	0.419640	2.974122	150	39	147	30.343
0.785398	1.875281	0.107086	110	152	30	30.343
0.523599	1.766067	2.153843	140	140	26	30.342
0.523599	1.242974	-2.977882	112	136	20	30.342
-2.617994	1.696674	-1.253233	122	129	1	30.336
1.832596	2.396274	-1.959260	123	141	18	30.336
-2.617994	1.836682	-0.676006	113	150	21	30.336
-1.832596	0.203748	0.590255	119	125	7	30.333
1.047198	0.899350	-2.069907	126	122	2	30.333
0.785398	2.407836	1.410646	120	141	18	30.329
-2.879793	2.396274	-1.959260	118	146	19	30.328
1.570796	1.195355	1.200319	126	126	155	30.327
2.617994	1.904882	-1.478089	130	132	7	30.327
-0.261799	2.881233	-2.582574	123	147	20	30.320
-2.356194	1.683268	0.374177	136	133	6	30.318
0.000000	1.301460	-0.509251	154	37	147	30.318
0.523599	1.736875	3.023612	120	131	21	30.309
-1.047198	1.554776	0.100351	128	134	4	30.306
-1.047198	1.948085	-2.363031	123	134	9	30.301
-0.261799	1.846342	-1.796954	128	136	13	30.295
0.261799	1.128190	-2.288622	111	137	13	30.295
2.617994	1.448123	-2.163292	128	132	7	30.293
-1.308997	2.863997	0.549740	137	125	157	30.292
-1.308997	2.407836	1.410646	118	126	11	30.292
1.308997	0.850607	-1.335383	133	135	7	30.291
0.785398	1.335669	0.897240	111	158	21	30.288
-0.523599	1.488617	1.159546	146	131	12	30.286
0.000000	1.367556	0.358405	141	138	8	30.284
2.617994	1.846342	-1.796954	131	133	10	30.284
-3.141593	1.367556	0.358405	120	143	22	30.283
-1.308997	1.909857	-0.381669	130	137	4	30.279
-1.308997	2.760637	2.781135	127	145	21	30.277
2.356194	0.640596	-2.797608	120	152	23	30.276
-2.356194	1.506530	1.988858	122	148	29	30.272
2.094395	0.831641	0.616218	126	138	15	30.270
-2.094395	2.881233	-2.582574	129	125	10	30.268
0.785398	1.736875	3.023612	126	130	21	30.268
-0.261799	2.247462	0.191623	129	143	19	30.263
0.000000	2.063651	-2.044600	112	149	13	30.260
0.523599	0.864993	2.278281	124	143	18	30.260
-3.141593	1.756530	-2.105156	134	132	8	30.257
1.047198	1.134796	2.434290	124	150	30	30.256
1.832596	1.310100	1.488307	112	144	15	30.256
2.879793	1.242974	-2.977882	127	131	0	30.254
2.617994	1.699788	2.452890	125	134	10	30.254
-2.356194	0.700570	1.559208	117	140	27	30.253
-0.261799	1.555207	1.708892	141	138	24	30.253
-2.356194	1.256302	0.062705	130	142	20	30.252
-0.523599	1.721184	-0.153948	124	152	24	30.251
1.308997	2.396274	-1.959260	135	136	3	30.249
2.094395	1.699788	2.452890	119	140	12	30.246
-1.570796	2.174483	2.653697	134	139	6	30.246
2.879793	1.569311	-3.003978	128	132	7	30.238
-3.141593	0.929350	-2.910676	119	148	16	30.236
-1.570796	2.979456	-1.009304	104	149	22	30.236
0.523599	1.569311	-3.003978	115	132	18	30.236
1.308997	1.247695	1.809890	124	142	12	30.235
-2.094395	2.979456	-1.009304	106	151	16	30.233
-1.308997	2.393226	1.857173	111	135	17	30.226
0.000000	1.184361	0.625864	121	143	16	30.224
2.094395	1.982574	-1.115518	129	138	8	30.218
-1.832596	1.574060	2.783565	132	138	7	30.217
-1.308997	1.247695	1.809890	131	134	24	30.216
-2.356194	1.836682	-0.676006	125	156	34	30.214
2.094395	1.998705	2.370472	122	142	16	30.213
2.617994	2.863997	0.549740	118	141	15	30.212
0.523599	1.045978	0.343692	105	149	12	30.210
