300	1.2	0
-2.356194	1.134796	2.434290
0.000000	0.000000	0.000000
model.B99990002.pdb	-20.855	19.393	61.786
1ext.pdb	-2.832	34.470	0.567
2.879793	1.050534	3.042579	248	7	253	68.416
1.047198	0.929350	-2.910676	287	50	24	66.734
1.308997	2.180315	-1.357379	295	290	253	66.225
-3.141593	0.929350	-2.910676	247	295	260	65.562
0.785398	0.929350	-2.910676	297	48	24	64.067
-0.261799	2.404280	-0.174044	255	25	60	63.093
-2.879793	1.242974	-2.977882	250	292	275	62.933
1.308997	2.455966	-0.641220	282	288	3	62.344
0.523599	1.050534	3.042579	5	39	15	62.311
-1.832596	2.404280	-0.174044	292	45	49	62.260
0.000000	0.370812	-2.547742	15	27	251	62.223
-3.141593	1.050534	3.042579	249	299	253	61.371
2.617994	1.050534	3.042579	248	16	253	61.151
1.047198	2.180315	-1.357379	296	289	254	60.655
1.832596	2.724429	-0.348782	297	285	295	60.473
-1.308997	2.724429	-0.348782	266	41	51	60.410
2.094395	0.866395	-2.492918	249	29	34	60.125
0.523599	2.379497	0.561089	246	11	271	59.717
2.094395	0.618092	2.539118	278	33	242	59.399
-0.523599	0.733948	3.021411	10	4	4	59.304
-0.261799	2.724429	-0.348782	254	12	59	59.296
-2.094395	0.640596	-2.797608	289	248	195	59.268
0.785398	2.396274	-1.959260	9	298	247	59.160
-1.308997	2.404280	-0.174044	279	44	53	59.114
2.617994	0.929350	-2.910676	244	13	259	59.055
-2.617994	2.073035	2.027405	295	255	54	59.036
2.356194	1.869911	2.701025	293	265	205	59.031
-2.617994	2.587733	0.232235	27	293	225	58.787
-2.617994	1.135813	-2.658866	260	283	284	58.747
0.523599	0.929350	-2.910676	5	44	24	58.734
-0.785398	2.404280	-0.174044	265	38	61	58.621
2.617994	2.881233	-2.582574	275	14	106	58.537
-0.261799	1.998705	2.370472	270	31	28	58.514
2.879793	0.929350	-2.910676	244	4	261	58.377
0.785398	0.733948	3.021411	2	39	14	58.347
-2.617994	2.299159	2.264663	290	250	63	58.328
0.523599	2.251330	-2.330739	39	18	110	58.257
-0.785398	0.733948	3.021411	6	298	4	58.249
-2.356194	2.478122	2.609777	289	249	73	58.181
1.308997	0.929350	-2.910676	278	50	23	58.168
-0.785398	2.724429	-0.348782	256	29	51	57.975
0.523599	0.733948	3.021411	8	34	15	57.962
0.261799	2.587733	0.232235	248	15	53	57.949
2.879793	2.174483	2.653697	4	269	208	57.903
2.356194	0.733948	3.021411	256	30	250	57.832
1.308997	0.419640	2.974122	296	38	241	57.328
2.356194	0.618092	2.539118	271	32	243	57.040
1.308997	0.866395	-2.492918	270	49	32	56.813
1.047198	2.153910	-1.714959	298	0	251	56.749
1.832596	2.404280	-0.174044	286	281	297	56.746
1.570796	2.863997	0.549740	268	284	51	56.684
1.308997	2.404280	-0.174044	270	281	297	56.644
-1.832596	0.640596	-2.797608	298	248	194	56.502
-2.879793	2.587733	0.232235	27	283	225	56.313
-2.356194	0.640596	-2.797608	280	252	195	56.306
-2.617994	2.379497	0.561089	30	282	216	56.267
-2.094395	0.619654	-2.216909	6	249	204	56.223
0.000000	2.587733	0.232235	251	24	53	56.053
1.047198	0.733948	3.021411	296	42	15	56.050
0.261799	2.379497	0.561089	248	21	271	56.006
-2.879793	0.929350	-2.910676	252	287	260	56.002
2.617994	0.914445	2.687814	258	20	245	55.896
1.047198	0.370812	-2.547742	284	43	247	55.880
-2.356194	0.866395	-2.492918	288	246	205	55.844
2.617994	2.592629	0.909713	293	277	43	55.609
2.356194	2.592629	0.909713	283	277	43	55.570
-2.094395	0.831641	0.616218	10	278	219	55.567
-2.356194	1.135813	-2.658866	269	279	282	55.542
1.832596	0.866395	-2.492918	254	38	33	55.484
-2.617994	1.242974	-2.977882	257	286	274	55.390
1.308997	2.174483	2.653697	268	4	34	55.366
1.570796	1.325504	-1.671296	256	297	99	55.365
1.570796	2.455966	-0.641220	288	290	3	55.295
0.785398	1.050534	3.042579	297	44	16	55.205
-3.141593	2.863997	0.549740	13	294	286	55.112
-1.047198	0.733948	3.021411	1	292	4	55.097
2.617994	0.899350	-2.069907	258	269	216	55.026
-0.261799	1.662363	0.915448	261	13	283	54.949
2.094395	1.869911	2.701025	288	265	205	54.912
-1.308997	2.455966	-0.641220	271	33	60	54.831
-1.832596	0.733948	3.021411	289	253	186	54.803
0.785398	1.510910	-0.740472	248	296	98	54.772
1.047198	2.396274	-1.959260	6	3	247	54.771
1.047198	1.325504	-1.671296	263	7	98	54.647
1.570796	0.929350	-2.910676	269	48	25	54.643
2.356194	0.866395	-2.492918	246	19	34	54.549
-3.141593	2.592629	0.909713	9	287	43	54.543
-2.094395	2.587733	0.232235	7	40	38	54.513
-2.879793	1.870545	-2.976234	265	262	219	54.211
2.617994	0.733948	3.021411	251	23	251	54.115
1.047198	2.456751	-1.503343	6	288	250	53.950
2.094395	1.135813	-2.658866	248	33	227	53.909
1.832596	0.929350	-2.910676	261	43	25	53.892
2.617994	0.619654	-2.216909	256	273	78	53.814
1.047198	2.187132	-0.479875	265	290	3	53.811
-1.570796	2.863997	0.549740	297	47	37	53.794
-1.832596	0.419640	2.974122	271	288	3	53.777
-1.832596	2.587733	0.232235	0	45	38	53.766
-1.570796	0.297065	2.160177	260	0	21	53.760
1.570796	0.866395	-2.492918	261	44	33	53.744
2.879793	1.168678	2.108595	264	293	36	53.738
2.094395	0.370812	-2.547742	252	34	10	53.736
-3.141593	1.741644	-2.695914	247	293	230	53.607
0.523599	0.370812	-2.547742	2	40	252	53.602
1.308997	2.587733	0.232235	267	284	55	53.448
-2.356194	1.998705	2.370472	292	254	56	53.385
-2.879793	1.050534	3.042579	250	297	264	53.366
-2.094395	2.588535	-2.976617	278	251	87	53.341
2.094395	1.699788	2.452890	290	265	206	53.270
0.261799	0.370812	-2.547742	9	33	251	53.228
-0.523599	0.929350	-2.910676	59	9	64	53.194
1.570796	2.404280	-0.174044	278	280	297	53.167
-3.141593	0.370812	-2.547742	262	265	196	52.974
2.094395	2.724429	-0.348782	1	291	297	52.760
2.617994	1.113094	-0.272241	265	10	31	52.754
0.000000	2.724429	-0.348782	256	6	60	52.619
-2.617994	0.458961	-0.107937	59	2	66	52.567
-0.261799	0.370812	-2.547742	18	18	251	52.530
-2.617994	2.393226	1.857173	3	253	63	52.485
-2.617994	2.478122	2.609777	279	249	73	52.472
0.261799	0.733948	3.021411	13	25	13	52.397
-1.570796	0.370812	-2.547742	41	281	74	52.331
1.047198	2.455966	-0.641220	277	286	0	52.286
-2.356194	1.506530	1.988858	279	275	38	52.262
2.356194	0.619654	-2.216909	254	282	78	52.233
-2.356194	2.174483	2.653697	287	249	65	52.199
0.000000	0.080730	-2.622036	9	272	217	52.189
-2.356194	2.456751	-1.503343	2	9	125	52.178
-2.617994	0.640596	-2.797608	271	255	195	52.165
-1.047198	2.704512	1.488683	3	44	288	52.150
1.047198	2.719179	-1.780644	15	292	246	52.123
1.047198	1.417623	-0.202254	278	33	34	52.084
1.047198	0.640596	-2.797608	287	49	23	52.066
2.617994	2.187132	-0.479875	2	292	288	52.038
2.879793	1.948085	-2.363031	291	11	110	52.000
0.261799	1.736875	3.023612	46	31	80	51.999
1.570796	2.174483	2.653697	272	1	34	51.970
2.617994	0.866395	-2.492918	246	10	34	51.940
-2.356194	2.073035	2.027405	290	263	49	51.931
-3.141593	1.218453	2.777284	250	6	259	51.887
-3.141593	0.914445	2.687814	253	14	255	51.874
0.523599	1.506530	1.988858	287	11	183	51.833
2.617994	1.869911	2.701025	298	266	205	51.742
-2.879793	0.640596	-2.797608	265	262	195	51.709
-2.879793	2.719179	-1.780644	294	19	120	51.682
1.570796	2.724429	-0.348782	289	282	295	51.661
0.785398	1.301460	-0.509251	242	296	89	51.658
-2.617994	0.370812	-2.547742	274	252	197	51.648
0.523599	2.587733	0.232235	249	7	53	51.629
-2.617994	2.174483	2.653697	278	251	66	51.625
-1.570796	1.658653	-2.409879	28	282	106	51.562
2.879793	0.914445	2.687814	256	15	245	51.544
2.617994	0.640596	-2.797608	247	11	243	51.505
1.047198	1.510910	-0.740472	248	290	99	51.429
-0.523599	2.407836	1.410646	284	54	278	51.417
-3.141593	1.504028	0.636812	20	274	48	51.367
0.785398	2.073035	2.027405	11	37	61	51.364
1.832596	1.135834	-1.431087	253	282	95	51.279
1.832596	1.998705	2.370472	286	266	212	51.270
-0.261799	1.391910	3.030322	53	12	75	51.259
1.570796	1.869911	2.701025	270	2	25	51.249
1.832596	0.419640	2.974122	277	40	250	51.249
1.832596	1.869911	2.701025	274	0	25	51.132
1.308997	2.456751	-1.503343	5	292	251	51.094
-1.047198	1.766067	2.153843	283	35	29	51.030
1.570796	1.135834	-1.431087	252	290	96	51.003
1.308997	0.640596	-2.797608	277	50	22	50.902
1.047198	2.295480	1.008277	294	281	233	50.867
-0.785398	2.407836	1.410646	293	51	278	50.861
-2.356194	0.080730	-2.622036	268	286	13	50.856
0.785398	2.587733	0.232235	254	298	53	50.808
-1.308997	2.187132	-0.479875	280	39	63	50.687
1.308997	1.194549	-0.801900	251	292	236	50.685
-2.094395	0.733948	3.021411	281	256	186	50.643
-2.617994	2.719179	-1.780644	293	13	120	50.618
0.261799	0.640596	-2.797608	11	37	24	50.512
-3.141593	1.391910	3.030322	248	299	268	50.484
-2.094395	1.504028	0.636812	4	280	230	50.482
-1.832596	0.615174	-0.666022	26	3	213	50.467
-2.356194	2.404280	-0.174044	5	36	46	50.463
-0.261799	1.242974	-2.977882	51	14	83	50.455
-1.047198	2.455966	-0.641220	266	29	65	50.433
2.094395	1.812176	0.656819	279	273	46	50.419
-2.094395	2.456751	-1.503343	3	5	125	50.342
-2.356194	1.168678	2.108595	281	276	31	50.341
1.047198	2.587733	0.232235	260	291	54	50.335
0.261799	2.724429	-0.348782	260	298	62	50.333
-1.832596	0.297065	2.160177	263	276	182	50.306
1.308997	2.664082	-1.071402	10	277	250	50.304
-1.570796	1.869911	2.701025	298	286	265	50.261
0.261799	1.510910	-0.740472	296	28	247	50.247
-2.879793	2.881233	-2.582574	251	16	48	50.235
-2.356194	2.724429	-0.348782	295	43	47	50.200
-2.617994	2.588535	-2.976617	263	280	294	50.194
0.785398	1.606104	-0.451151	284	34	33	50.154
-2.094395	0.458961	-0.107937	22	10	202	50.153
-2.356194	2.299159	2.264663	299	252	63	50.124
0.785398	1.135834	-1.431087	259	8	95	50.066
-1.832596	1.869911	2.701025	289	257	57	50.049
0.000000	0.297065	2.160177	37	286	61	50.032
1.832596	0.418037	1.360082	3	267	216	50.022
-1.832596	0.591903	2.010408	270	279	175	50.013
-1.832596	0.910508	1.903534	280	280	170	50.013
-2.094395	0.899350	-2.069907	293	281	291	49.965
-2.879793	1.869911	2.701025	1	1	254	49.948
0.261799	1.998705	2.370472	265	22	28	49.918
-3.141593	1.869911	2.701025	265	266	201	49.915
-2.879793	2.379497	0.561089	29	271	216	49.905
2.879793	0.733948	3.021411	250	14	251	49.866
2.356194	2.724429	-0.348782	19	269	223	49.811
-0.785398	2.984978	1.954446	5	38	297	49.804
-2.356194	1.310100	1.488307	298	287	30	49.794
-1.832596	1.391910	3.030322	283	279	268	49.777
2.879793	0.640596	-2.797608	250	8	28	49.757
1.047198	1.301460	-0.509251	249	291	233	49.752
2.879793	1.440580	2.260026	258	283	40	49.708
2.879793	0.370812	-2.547742	272	30	239	49.700
1.047198	0.899350	-2.069907	269	52	241	49.684
-2.879793	1.756530	-2.105156	276	266	242	49.594
-2.879793	0.370812	-2.547742	268	258	196	49.558
-0.523599	0.619654	-2.216909	20	21	260	49.557
1.570796	0.640596	-2.797608	267	51	3	49.552
1.570796	2.588535	-2.976617	297	41	104	49.518
-2.879793	2.356369	3.005869	261	279	284	49.515
0.785398	0.640596	-2.797608	297	47	25	49.461
0.261799	0.929350	-2.910676	11	37	24	49.458
-2.879793	2.247462	0.191623	28	279	223	49.452
2.879793	2.592629	0.909713	2	281	43	49.444
-1.308997	1.510910	-0.740472	299	297	259	49.403
1.308997	2.979456	-1.009304	4	292	294	49.373
2.094395	1.301460	-0.509251	265	23	29	49.334
-1.570796	2.588535	-2.976617	298	281	295	49.324
-2.617994	0.571433	-1.188419	46	285	89	49.274
-0.523599	2.592629	0.909713	274	47	272	49.263
-1.308997	2.299159	2.264663	12	297	251	49.240
-2.879793	2.404280	-0.174044	12	21	45	49.234
2.879793	1.242974	-2.977882	245	1	264	49.220
0.000000	2.863997	0.549740	254	25	271	49.194
-0.523599	2.724429	-0.348782	255	20	62	49.194
-0.261799	0.419640	2.974122	12	3	14	49.159
1.308997	1.325504	-1.671296	260	2	99	49.099
0.000000	2.456751	-1.503343	280	273	101	49.052
-2.356194	1.301460	-0.509251	54	15	97	49.014
2.356194	0.914445	2.687814	261	26	245	48.949
2.094395	0.733948	3.021411	261	35	250	48.942
1.308997	0.733948	3.021411	289	46	16	48.913
-0.785398	2.704512	1.488683	296	51	289	48.888
2.617994	1.948085	-2.363031	293	18	110	48.868
0.785398	2.251330	-2.330739	34	23	110	48.860
-2.879793	0.571433	-1.188419	39	279	89	48.835
1.832596	1.135813	-2.658866	256	39	34	48.831
-0.785398	1.050534	3.042579	272	18	203	48.821
-1.570796	2.404280	-0.174044	285	46	52	48.813
0.523599	1.756530	-2.105156	29	23	113	48.803
-2.094395	0.866395	-2.492918	282	280	284	48.778
-1.308997	1.391910	3.030322	299	284	268	48.769
-1.308997	1.301460	-0.509251	32	41	97	48.726
1.308997	1.510910	-0.740472	258	288	242	48.704
-0.523599	2.073035	2.027405	272	31	33	48.699
0.785398	2.404280	-0.174044	258	289	292	48.694
0.000000	0.419640	2.974122	14	11	14	48.687
-2.617994	1.440580	2.260026	278	267	34	48.676
-2.879793	2.164094	-2.991358	256	281	284	48.673
-2.617994	0.929350	-2.910676	261	280	258	48.662
2.879793	0.419640	2.974122	250	24	262	48.661
0.785398	2.455966	-0.641220	270	288	1	48.649
1.308997	2.349581	-2.702517	24	41	103	48.646
0.523599	2.089241	-0.114193	248	3	292	48.642
-2.879793	0.960688	-0.577532	271	2	25	48.621
-2.617994	0.866395	-2.492918	278	249	205	48.618
-2.879793	1.135813	-2.658866	252	289	283	48.572
0.000000	1.998705	2.370472	267	27	28	48.571
-1.308997	1.741644	-2.695914	10	287	285	48.550
-3.141593	0.640596	-2.797608	261	270	70	48.540
-0.785398	1.045978	0.343692	275	13	191	48.492
-2.879793	2.174483	2.653697	267	274	272	48.491
2.356194	2.033014	2.977192	281	297	28	48.483
-0.785398	1.998705	2.370472	279	35	27	48.450
-2.356194	2.349581	-2.702517	268	279	295	48.435
0.261799	0.591903	2.010408	37	295	54	48.404
1.570796	1.134497	-1.109631	253	278	93	48.392
1.047198	1.050534	3.042579	290	46	16	48.375
2.094395	0.899350	-2.069907	244	293	83	48.364
-2.356194	2.455966	-0.641220	294	33	269	48.361
2.879793	0.619654	-2.216909	260	263	207	48.349
1.047198	0.297065	2.160177	2	267	214	48.348
-1.308997	1.766067	2.153843	288	34	29	48.337
0.523599	2.187132	-0.479875	256	0	3	48.332
-0.785398	1.658653	-2.409879	45	299	106	48.292
1.832596	2.349581	-2.702517	8	39	103	48.290
-2.356194	1.440580	2.260026	3	19	235	48.286
-2.879793	2.033014	2.977192	261	278	274	48.250
1.047198	0.419640	2.974122	3	34	242	48.231
0.261799	1.870545	-2.976234	48	30	91	48.224
0.523599	1.948085	-2.363031	36	24	109	48.215
-1.570796	0.419640	2.974122	278	286	3	48.204
-1.047198	1.510910	-0.740472	299	39	267	48.202
1.308997	1.836682	-0.676006	259	278	104	48.177
0.523599	0.571433	-1.188419	255	39	285	48.174
1.047198	2.863997	0.549740	255	294	52	48.167
-0.523599	1.809167	1.213774	262	19	278	48.155
0.785398	0.370812	-2.547742	293	44	251	48.138
-2.356194	1.134497	-1.109631	48	0	105	48.118
2.094395	2.174483	2.653697	288	265	211	48.109
1.570796	0.370812	-2.547742	265	38	244	48.104
-2.879793	2.299159	2.264663	268	256	58	48.091
-2.356194	2.587733	0.232235	23	1	225	48.087
-2.879793	1.214854	-1.966664	279	249	226	48.065
-3.141593	2.033014	2.977192	5	271	203	48.054
-0.261799	2.587733	0.232235	254	32	54	48.041
0.785398	2.063651	-2.044600	29	19	116	48.005
1.308997	1.134497	-1.109631	249	286	93	47.992
-1.832596	0.831641	0.616218	12	280	219	47.985
1.832596	0.640596	-2.797608	261	42	23	47.918
2.094395	1.135834	-1.431087	245	3	297	47.887
1.832596	1.554776	0.100351	267	279	39	47.886
-3.141593	2.587733	0.232235	26	274	225	47.878
0.000000	0.929350	-2.910676	15	31	14	47.870
1.308997	0.960688	-0.577532	247	288	225	47.869
-2.356194	1.128190	-2.288622	276	279	292	47.867
-0.523599	1.736875	3.023612	54	6	80	47.865
-3.141593	1.756530	-2.105156	1	3	112	47.846
1.832596	0.685216	-1.712745	244	289	81	47.830
0.261799	0.080730	-2.622036	11	276	217	47.803
-3.141593	2.356369	3.005869	253	284	284	47.801
1.570796	0.685216	-1.712745	245	298	82	47.795
-1.570796	2.592629	0.909713	22	11	214	47.793
1.832596	2.588535	-2.976617	290	35	104	47.784
-2.356194	2.356369	3.005869	280	274	284	47.784
-2.879793	1.194549	-0.801900	270	2	26	47.758
1.308997	2.724429	-0.348782	282	280	295	47.753
-2.617994	0.685216	-1.712745	2	248	213	47.664
1.832596	2.379497	0.561089	272	278	45	47.662
-1.570796	0.640596	-2.797608	298	276	235	47.662
0.785398	1.135813	-2.658866	284	58	294	47.661
-1.832596	1.301460	-0.509251	47	31	97	47.635
-1.308997	0.419640	2.974122	286	286	4	47.633
-0.523599	1.194549	-0.801900	8	33	102	47.599
-1.570796	2.664082	-1.071402	261	26	58	47.597
-1.047198	1.869911	2.701025	9	299	265	47.584
-0.785398	0.709924	0.218797	297	20	279	47.583
-1.570796	0.685216	-1.712745	280	296	285	47.569
0.000000	2.404280	-0.174044	254	17	61	47.560
1.832596	2.579248	-2.364801	5	38	114	47.532
-2.356194	2.379497	0.561089	30	291	217	47.527
1.832596	0.899350	-2.069907	247	2	83	47.516
2.356194	1.870545	-2.976234	283	24	91	47.502
-0.261799	0.733948	3.021411	13	12	3	47.498
2.356194	1.135813	-2.658866	280	18	90	47.473
2.356194	1.658653	-2.409879	249	0	91	47.469
-0.261799	0.619654	-2.216909	15	29	260	47.467
-1.047198	0.419640	2.974122	294	288	3	47.447
-1.308997	0.370812	-2.547742	48	287	74	47.416
-0.785398	0.290380	-0.796960	29	46	73	47.366
0.261799	1.869911	2.701025	1	38	265	47.345
-2.617994	0.419640	2.974122	249	276	53	47.344
-2.356194	1.658653	-2.409879	288	246	225	47.321
-0.523599	0.370812	-2.547742	19	10	250	47.319
2.094395	0.297065	2.160177	295	33	246	47.307
0.000000	2.379497	0.561089	251	30	272	47.305
0.261799	2.063651	-2.044600	37	28	117	47.291
0.261799	2.299159	2.264663	31	42	71	47.284
-1.832596	1.168678	2.108595	288	272	41	47.265
2.356194	2.579248	-2.364801	293	29	114	47.264
0.261799	0.914445	2.687814	6	24	6	47.262
-1.308997	0.733948	3.021411	4	254	186	47.257
-2.094395	1.050534	3.042579	270	281	264	47.246
1.047198	1.732874	-0.951685	257	292	106	47.228
-2.356194	1.045978	0.343692	15	14	204	47.222
2.094395	0.929350	-2.910676	288	30	80	47.214
-3.141593	1.658653	-2.409879	288	298	106	47.194
0.523599	1.555207	1.708892	279	8	184	47.164
1.308997	0.418037	1.360082	294	265	216	47.164
2.094395	0.992645	-1.723759	239	10	290	47.149
-1.570796	0.762244	-0.273349	41	42	81	47.139
-0.523599	0.914445	2.687814	5	6	298	47.085
-1.047198	0.379747	-1.713059	5	270	220	47.084
-2.356194	1.836682	-0.676006	276	293	280	47.073
0.261799	2.349581	-2.702517	47	19	103	47.066
-1.308997	1.869911	2.701025	4	292	265	47.064
2.879793	1.506530	1.988858	266	279	37	47.049
-3.141593	2.180315	-1.357379	25	19	118	47.044
-1.308997	0.591903	2.010408	266	292	234	46.997
2.617994	1.450119	-2.739050	242	15	227	46.995
0.785398	2.033014	2.977192	29	43	83	46.995
1.308997	2.153910	-1.714959	294	0	250	46.966
1.832596	1.134497	-1.109631	246	3	298	46.962
-2.617994	0.080730	-2.622036	260	290	12	46.912
-1.308997	1.050534	3.042579	295	284	265	46.882
1.308997	0.685216	-1.712745	248	7	81	46.860
2.879793	2.881233	-2.582574	272	6	107	46.844
0.785398	0.571433	-1.188419	249	32	285	46.823
-1.308997	0.379747	-1.713059	21	8	260	46.817
-1.047198	2.724429	-0.348782	260	35	51	46.755
1.832596	2.174483	2.653697	275	298	34	46.752
-3.141593	0.297065	2.160177	263	15	48	46.735
-1.047198	1.367556	0.358405	26	52	77	46.733
2.356194	2.863997	0.549740	294	274	285	46.722
1.308997	0.899350	-2.069907	256	16	82	46.716
1.308997	1.909857	-0.381669	257	270	100	46.713
-3.141593	0.619654	-2.216909	267	256	206	46.712
-1.308997	1.756530	-2.105156	30	292	115	46.696
0.785398	2.724429	-0.348782	263	262	89	46.644
-2.094395	0.419640	2.974122	264	293	3	46.639
1.832596	0.992645	-1.723759	248	292	91	46.630
-2.356194	2.247462	0.191623	15	29	41	46.622
2.356194	2.153910	-1.714959	260	6	216	46.618
-2.879793	2.349581	-2.702517	253	288	295	46.588
0.000000	1.736875	3.023612	51	24	80	46.556
2.617994	2.379497	0.561089	0	281	45	46.536
0.000000	0.640596	-2.797608	17	23	250	46.533
-2.094395	1.391910	3.030322	274	279	268	46.530
-1.047198	0.960688	-0.577532	2	284	231	46.523
2.356194	0.370812	-2.547742	243	297	63	46.521
-1.308997	1.128190	-2.288622	43	290	101	46.519
2.094395	0.685216	-1.712745	245	280	81	46.513
2.617994	2.863997	0.549740	2	279	285	46.490
1.570796	2.704512	1.488683	0	276	228	46.473
1.308997	2.343981	-1.040456	298	279	252	46.470
-2.094395	1.301460	-0.509251	51	24	97	46.468
-0.261799	1.325504	-1.671296	16	16	111	46.455
1.047198	1.214854	-1.966664	267	15	92	46.445
2.356194	2.164094	-2.991358	284	25	94	46.426
-2.617994	2.247462	0.191623	29	288	224	46.422
-2.617994	0.733948	3.021411	259	297	297	46.413
-1.308997	0.899350	-2.069907	60	295	84	46.410
-1.308997	0.850607	-1.335383	287	0	290	46.376
2.879793	0.899350	-2.069907	263	261	216	46.364
0.000000	1.870545	-2.976234	49	22	92	46.361
-2.617994	1.045978	0.343692	54	20	69	46.345
0.261799	2.174483	2.653697	299	42	270	46.338
-1.308997	2.881233	-2.582574	276	256	87	46.293
-2.356194	1.756530	-2.105156	289	251	236	46.280
-2.094395	2.979456	-1.009304	280	16	111	46.276
-2.879793	2.588535	-2.976617	255	285	294	46.275
-1.570796	1.301460	-0.509251	40	38	97	46.270
-1.832596	0.709924	0.218797	11	277	216	46.265
-2.617994	1.325504	-1.671296	26	289	111	46.264
-2.617994	2.164094	-2.991358	265	277	286	46.251
0.523599	0.640596	-2.797608	5	43	23	46.251
-2.879793	1.325504	-1.671296	20	289	111	46.232
-0.261799	2.719179	-1.780644	283	264	96	46.212
1.047198	1.870545	-2.976234	278	54	239	46.212
1.308997	1.242974	-2.977882	276	51	26	46.210
2.356194	1.998705	2.370472	296	265	211	46.190
-1.570796	1.391910	3.030322	292	280	268	46.175
-3.141593	2.719179	-1.780644	11	34	108	46.173
1.832596	1.214854	-1.966664	251	299	92	46.163
-1.832596	2.979456	-1.009304	259	35	50	46.161
0.785398	1.256302	0.062705	241	4	63	46.141
2.094395	0.571433	-1.188419	259	285	265	46.136
1.832596	1.417623	-0.202254	267	25	34	46.122
-2.356194	1.391910	3.030322	265	282	268	46.122
1.832596	1.510910	-0.740472	268	264	93	46.121
0.523599	1.870545	-2.976234	41	37	91	46.102
2.879793	2.379497	0.561089	9	286	44	46.095
-2.617994	1.413430	2.550734	272	262	40	46.086
-2.879793	0.685216	-1.712745	284	275	268	46.061
1.308997	2.164094	-2.991358	17	44	94	46.060
-2.617994	1.301460	-0.509251	285	266	212	46.041
-2.617994	1.450119	-2.739050	259	283	285	46.033
2.094395	2.579248	-2.364801	298	35	114	46.027
1.832596	1.113094	-0.272241	266	26	30	46.008
0.000000	0.960688	-0.577532	296	45	95	46.008
-2.879793	0.619654	-2.216909	275	250	205	46.007
-1.832596	1.050534	3.042579	279	279	265	46.006
-0.523599	2.349581	-2.702517	45	271	108	46.005
-0.261799	2.379497	0.561089	257	43	44	46.002
0.000000	1.134497	-1.109631	274	41	262	45.990
0.785398	2.164094	-2.991358	34	40	94	45.987
2.879793	1.766067	2.153843	259	272	46	45.985
-1.570796	0.733948	3.021411	296	252	186	45.981
-2.094395	0.379747	-1.713059	48	285	82	45.971
-1.047198	0.899350	-2.069907	49	7	100	45.958
-3.141593	1.736875	3.023612	261	268	207	45.952
1.570796	2.349581	-2.702517	14	42	104	45.908
0.785398	1.242974	-2.977882	293	45	244	45.877
-1.570796	1.050534	3.042579	287	280	265	45.874
-2.356194	0.929350	-2.910676	265	280	272	45.851
-1.308997	2.760637	2.781135	6	289	285	45.832
-1.570796	2.979456	-1.009304	255	28	50	45.827
1.570796	0.418037	1.360082	299	265	216	45.825
0.785398	0.419640	2.974122	9	274	211	45.825
0.523599	2.174483	2.653697	264	19	28	45.814
0.523599	1.766067	2.153843	287	22	190	45.810
-2.879793	1.741644	-2.695914	254	284	230	45.797
2.617994	2.164094	-2.991358	281	16	95	45.796
2.356194	2.379497	0.561089	291	278	45	45.791
-1.047198	1.391910	3.030322	5	290	268	45.783
2.356194	1.301460	-0.509251	263	18	29	45.768
0.523599	2.579248	-2.364801	18	0	241	45.760
0.000000	2.001437	0.381215	249	28	270	45.736
-2.617994	1.391910	3.030322	258	287	268	45.730
-0.785398	2.881233	-2.582574	292	261	87	45.717
1.047198	2.164094	-2.991358	26	43	94	45.716
-0.261799	1.736875	3.023612	53	15	80	45.710
-1.832596	1.242974	-2.977882	283	277	275	45.708
-1.308997	0.866955	-0.931351	297	1	29	45.706
0.523599	2.033014	2.977192	38	39	83	45.701
2.356194	2.138223	1.678323	261	273	250	45.697
-0.785398	1.128190	-2.288622	20	12	282	45.694
-1.832596	2.349581	-2.702517	286	278	295	45.692
-2.094395	2.379497	0.561089	27	0	215	45.685
-3.141593	1.335669	0.897240	16	278	39	45.682
0.261799	1.135813	-2.658866	42	34	91	45.677
1.047198	2.724429	-0.348782	274	280	294	45.668
-0.261799	1.433411	-1.035986	1	21	32	45.667
0.523599	0.419640	2.974122	6	271	211	45.662
-3.141593	2.379497	0.561089	24	262	217	45.658
-1.047198	1.909857	-0.381669	14	40	102	45.643
1.570796	0.419640	2.974122	285	41	249	45.643
0.261799	2.404280	-0.174044	254	9	61	45.642
2.094395	2.664082	-1.071402	10	290	250	45.619
-2.094395	1.875281	0.107086	14	35	41	45.617
0.261799	2.001437	0.381215	246	19	270	45.606
-1.047198	1.374601	-2.456031	45	293	101	45.585
2.094395	1.870545	-2.976234	288	32	91	45.582
1.832596	1.325504	-1.671296	268	17	206	45.540
2.617994	1.574060	2.783565	298	267	201	45.538
2.879793	2.719179	-1.780644	1	29	120	45.506
-2.094395	1.168678	2.108595	272	277	37	45.496
-2.094395	1.242974	-2.977882	274	277	274	45.496
1.308997	2.863997	0.549740	262	287	52	45.460
-1.308997	0.864993	2.278281	19	268	50	45.459
1.570796	1.301460	-0.509251	271	32	23	45.454
-1.308997	2.089241	-0.114193	286	48	49	45.441
-2.094395	0.864993	2.278281	262	277	41	45.430
1.308997	0.992645	-1.723759	253	5	91	45.395
-1.832596	0.992645	-1.723759	275	295	285	45.393
-2.617994	2.349581	-2.702517	260	282	295	45.386
0.000000	1.658653	-2.409879	44	21	106	45.366
2.094395	0.619654	-2.216909	255	292	78	45.357
-1.047198	2.356369	3.005869	10	294	282	45.354
-2.617994	1.699788	2.452890	267	264	49	45.348
0.261799	0.910508	1.903534	31	3	49	45.345
-2.617994	1.998705	2.370472	283	252	55	45.327
0.261799	2.719179	-1.780644	297	295	4	45.326
-1.047198	1.045978	0.343692	283	16	191	45.304
-2.356194	1.014500	0.906702	9	277	222	45.299
2.879793	1.218453	2.777284	248	13	259	45.292
-1.570796	1.699788	2.452890	296	28	41	45.290
1.832596	0.618092	2.539118	283	33	243	45.282
-0.261799	0.640596	-2.797608	19	20	24	45.281
0.523599	1.875281	0.107086	244	7	280	45.271
1.308997	1.391910	3.030322	13	44	76	45.243
-1.047198	1.606104	-0.451151	293	44	265	45.241
-1.832596	2.724429	-0.348782	281	45	50	45.240
0.785398	1.506530	1.988858	21	26	49	45.221
1.570796	0.899350	-2.069907	251	9	83	45.218
2.094395	1.574060	2.783565	289	266	200	45.198
-0.261799	2.299159	2.264663	269	29	32	45.197
-2.094395	1.869911	2.701025	282	280	266	45.179
0.523599	2.164094	-2.991358	42	35	94	45.173
2.094395	2.592629	0.909713	273	279	42	45.171
-2.617994	0.914445	2.687814	255	276	47	45.165
-1.832596	1.506530	1.988858	299	273	42	45.165
-1.832596	2.295480	1.008277	29	1	204	45.147
1.047198	0.762244	-0.273349	246	289	213	45.137
0.000000	1.050534	3.042579	14	27	7	45.131
-2.617994	2.180315	-1.357379	277	269	68	45.128
-1.047198	2.033014	2.977192	10	294	275	45.110
0.785398	0.914445	2.687814	1	34	7	45.105
0.785398	0.618092	2.539118	3	269	207	45.102
1.047198	0.615174	-0.666022	238	18	276	45.092
2.094395	0.419640	2.974122	268	38	250	45.076
-1.832596	2.664082	-1.071402	0	17	124	45.070
-2.094395	2.356369	3.005869	287	249	78	45.066
2.356194	2.984978	1.954446	254	290	267	45.064
1.047198	2.349581	-2.702517	30	39	104	45.039
-0.523599	1.872854	1.543456	287	37	196	45.039
-1.832596	0.850607	-1.335383	280	297	290	45.033
-0.523599	1.374601	-2.456031	50	10	101	44.999
-0.785398	1.242974	-2.977882	48	296	83	44.987
0.000000	2.174483	2.653697	268	30	27	44.984
-0.261799	1.872854	1.543456	17	46	59	44.978
0.261799	2.041297	-2.664597	45	18	100	44.961
1.047198	2.033014	2.977192	273	52	234	44.953
-1.832596	2.760637	2.781135	290	255	76	44.941
-3.141593	0.992645	-1.723759	263	270	274	44.940
-2.879793	0.899350	-2.069907	264	268	265	44.940
-1.308997	2.407836	1.410646	25	7	202	44.936
1.047198	1.836682	-0.676006	274	267	231	44.928
-1.308997	2.979456	-1.009304	253	20	50	44.923
-2.356194	0.370812	-2.547742	284	249	196	44.912
-1.570796	1.766067	2.153843	292	32	28	44.906
-2.879793	2.455966	-0.641220	3	26	270	44.888
0.261799	1.756530	-2.105156	34	23	115	44.881
-0.523599	0.640596	-2.797608	58	6	62	44.871
-1.047198	0.910508	1.903534	16	277	47	44.869
2.356194	2.174483	2.653697	293	265	210	44.864
0.000000	2.704512	1.488683	271	49	278	44.856
-1.308997	0.297065	2.160177	264	294	21	44.835
1.308997	1.214854	-1.966664	261	11	92	44.833
-1.308997	2.073035	2.027405	286	34	33	44.827
-0.261799	0.685216	-1.712745	11	280	220	44.822
-1.832596	1.135813	-2.658866	269	293	255	44.819
0.523599	1.699788	2.452890	34	36	59	44.816
-0.785398	2.356369	3.005869	14	2	282	44.788
-1.047198	1.184361	0.625864	283	13	184	44.784
-2.617994	1.904882	-1.478089	22	8	118	44.774
-2.356194	2.164094	-2.991358	274	274	286	44.759
0.785398	0.762244	-0.273349	238	17	276	44.742
0.523599	2.455966	-0.641220	265	291	299	44.740
-1.308997	1.736875	3.023612	2	286	272	44.738
0.261799	2.247462	0.191623	244	16	287	44.729
-1.832596	0.960688	-0.577532	291	298	31	44.716
1.570796	1.736875	3.023612	1	42	80	44.703
-1.832596	1.510910	-0.740472	42	27	106	44.687
1.570796	1.870545	-2.976234	260	47	239	44.686
0.523599	2.138223	1.678323	7	35	60	44.685
1.047198	2.979456	-1.009304	299	286	293	44.676
0.785398	1.569311	-3.003978	289	54	231	44.661
-2.356194	0.619654	-2.216909	296	248	204	44.660
2.617994	2.033014	2.977192	288	297	32	44.656
-0.261799	1.256302	0.062705	252	55	294	44.638
0.000000	1.662363	0.915448	261	9	283	44.600
-3.141593	1.025536	1.576859	291	0	179	44.600
2.356194	1.325504	-1.671296	246	279	92	44.582
1.047198	0.992645	-1.723759	258	12	89	44.566
0.523599	2.349581	-2.702517	43	27	103	44.563
2.094395	1.214854	-1.966664	249	292	92	44.561
1.832596	2.863997	0.549740	286	249	98	44.561
-1.047198	0.866955	-0.931351	0	5	29	44.559
-0.523599	2.393226	1.857173	283	299	103	44.555
-2.617994	1.574060	2.783565	259	263	55	44.543
-1.308997	2.295480	1.008277	17	17	203	44.526
-0.785398	2.455966	-0.641220	263	24	65	44.525
-2.879793	1.391910	3.030322	252	292	269	44.515
1.047198	1.113094	-0.272241	248	287	223	44.513
-2.094395	0.929350	-2.910676	273	277	273	44.506
1.832596	2.587733	0.232235	292	250	98	44.484
0.000000	0.733948	3.021411	15	18	14	44.474
0.261799	2.187132	-0.479875	266	276	228	44.455
-1.832596	2.588535	-2.976617	289	278	295	44.454
-3.141593	0.458961	-0.107937	0	269	225	44.454
-2.617994	2.456751	-1.503343	2	12	125	44.451
-2.879793	1.658653	-2.409879	255	285	237	44.445
2.094395	0.640596	-2.797608	254	36	23	44.442
-0.523599	1.134497	-1.109631	3	14	29	44.422
-2.879793	1.904882	-1.478089	21	9	118	44.415
0.000000	1.045978	0.343692	282	286	228	44.411
-2.094395	2.251330	-2.330739	273	273	244	44.410
-3.141593	2.455966	-0.641220	297	20	15	44.403
0.785398	2.089241	-0.114193	251	295	289	44.397
0.000000	1.504028	0.636812	263	10	288	44.395
1.832596	2.456751	-1.503343	23	18	124	44.378
-2.617994	1.696674	-1.253233	32	5	117	44.374
2.094395	2.379497	0.561089	276	254	71	44.374
0.261799	0.419640	2.974122	13	19	13	44.370
2.879793	1.135813	-2.658866	243	299	271	44.359
-1.832596	1.184361	0.625864	10	282	225	44.356
0.785398	2.187132	-0.479875	260	294	3	44.339
-2.356194	2.393226	1.857173	298	262	57	44.324
-1.832596	1.836682	-0.676006	35	31	109	44.311
-2.617994	2.041297	-2.664597	262	280	292	44.310
0.261799	1.909857	-0.381669	262	283	225	44.294
-1.570796	1.506530	1.988858	295	31	237	44.292
-2.356194	0.733948	3.021411	264	291	297	44.288
1.832596	2.984978	1.954446	247	13	39	44.286
2.094395	2.587733	0.232235	290	283	36	44.271
2.356194	1.699788	2.452890	295	265	207	44.270
2.356194	1.050534	3.042579	250	24	253	44.269
0.785398	2.180315	-1.357379	291	288	251	44.263
-1.832596	0.700570	1.559208	277	292	173	44.247
2.879793	0.080730	-2.622036	252	10	30	44.243
-1.832596	0.929350	-2.910676	282	277	273	44.221
-2.879793	0.733948	3.021411	249	2	262	44.218
-0.261799	2.164094	-2.991358	15	15	286	44.201
1.832596	2.455966	-0.641220	293	292	3	44.199
-2.094395	1.184361	0.625864	14	6	184	44.189
-2.879793	2.456751	-1.503343	3	16	125	44.182
2.094395	2.455966	-0.641220	7	273	250	44.177
-1.047198	1.812176	0.656819	28	52	78	44.172
-1.047198	2.187132	-0.479875	274	37	64	44.169
-1.832596	1.948085	-2.363031	3	250	232	44.162
-2.617994	2.455966	-0.641220	299	30	269	44.159
0.523599	1.242974	-2.977882	2	42	244	44.153
0.523599	0.290380	-0.796960	250	33	19	44.147
1.308997	1.301460	-0.509251	254	283	233	44.130
1.308997	1.504028	0.636812	273	258	187	44.123
0.261799	1.948085	-2.363031	40	18	109	44.121
-3.141593	2.404280	-0.174044	13	4	281	44.118
1.308997	1.050534	3.042579	281	47	16	44.115
-3.141593	1.699788	2.452890	255	273	49	44.114
-0.523599	0.961715	0.014085	9	48	76	44.100
-0.785398	2.979456	-1.009304	8	276	224	44.097
1.832596	1.977582	0.969896	265	278	42	44.091
-0.785398	1.766067	2.153843	278	35	29	44.090
-2.094395	1.113094	-0.272241	297	266	213	44.087
1.570796	0.992645	-1.723759	249	299	90	44.086
0.000000	0.906588	1.252948	271	287	169	44.082
-2.617994	2.760637	2.781135	274	276	292	44.071
-3.141593	0.419640	2.974122	280	33	235	44.060
2.879793	2.760637	2.781135	251	2	246	44.056
-2.094395	1.574060	2.783565	277	281	262	44.054
1.047198	0.866395	-2.492918	277	56	14	44.050
-1.047198	1.301460	-0.509251	25	43	97	44.047
-0.785398	1.555207	1.708892	266	13	253	44.040
-2.356194	0.618092	2.539118	253	279	47	44.030
-2.617994	1.836682	-0.676006	272	295	280	44.022
-1.832596	1.218453	2.777284	279	282	258	44.020
-2.094395	1.135813	-2.658866	278	277	283	44.015
-0.523599	2.299159	2.264663	273	32	31	44.007
-2.879793	2.041297	-2.664597	254	285	291	43.997
0.523599	2.073035	2.027405	274	42	258	43.991
2.617994	1.242974	-2.977882	281	16	83	43.984
0.523599	2.863997	0.549740	250	6	271	43.981
-1.570796	0.850607	-1.335383	284	298	289	43.971
-1.308997	1.184361	0.625864	291	14	184	43.970
2.356194	2.393226	1.857173	257	288	246	43.966
0.523599	0.866955	-0.931351	254	33	44	43.966
0.261799	2.664082	-1.071402	272	266	96	43.952
2.879793	1.335669	0.897240	10	272	38	43.937
-2.879793	0.700570	1.559208	280	31	247	43.934
-2.356194	2.984978	1.954446	295	259	79	43.933
-2.094395	2.760637	2.781135	279	255	76	43.927
-2.356194	1.433411	-1.035986	44	7	111	43.918
-1.047198	2.379497	0.561089	279	57	295	43.914
-2.094395	1.413430	2.550734	274	263	46	43.906
-2.617994	2.108018	1.311430	16	266	185	43.904
1.570796	1.135813	-2.658866	263	46	33	43.900
-2.094395	2.478122	2.609777	299	250	73	43.884
2.879793	1.658653	-2.409879	286	5	107	43.880
-2.617994	1.310100	1.488307	299	284	31	43.879
0.523599	1.510910	-0.740472	293	30	46	43.858
-1.570796	1.025536	1.576859	285	288	169	43.855
-1.832596	1.247695	1.809890	292	280	169	43.855
2.356194	2.404280	-0.174044	299	286	297	43.853
-2.094395	1.433411	-1.035986	44	13	111	43.852
2.094395	2.349581	-2.702517	287	30	105	43.849
0.785398	1.433411	-1.035986	258	16	8	43.845
0.523599	1.135813	-2.658866	1	44	251	43.841
2.356194	1.045978	0.343692	9	268	49	43.838
-1.570796	1.045978	0.343692	43	45	70	43.838
2.094395	2.164094	-2.991358	289	33	94	43.824
-0.785398	0.458961	-0.107937	264	23	60	43.812
-2.094395	2.724429	-0.348782	288	45	47	43.805
1.308997	2.760637	2.781135	11	45	88	43.797
-1.570796	2.089241	-0.114193	294	45	49	43.792
-1.047198	2.984978	1.954446	11	31	298	43.789
1.308997	1.218453	2.777284	17	40	68	43.786
-1.832596	2.174483	2.653697	296	23	275	43.780
-1.308997	0.571433	-1.188419	6	273	224	43.772
2.356194	1.413430	2.550734	296	266	201	43.756
0.523599	2.984978	1.954446	12	45	91	43.756
-3.141593	1.948085	-2.363031	292	4	110	43.751
0.261799	1.050534	3.042579	10	34	14	43.749
-0.523599	1.325504	-1.671296	34	24	116	43.739
-2.879793	0.906588	1.252948	299	6	184	43.735
-1.308997	2.063651	-2.044600	33	288	118	43.731
-3.141593	0.080730	-2.622036	1	22	91	43.727
-2.617994	1.869911	2.701025	273	267	204	43.725
2.094395	2.407836	1.410646	258	273	263	43.724
-3.141593	1.214854	-1.966664	271	254	226	43.719
-1.570796	2.033014	2.977192	297	281	275	43.718
-0.785398	0.370812	-2.547742	18	1	250	43.713
-1.832596	2.592629	0.909713	28	3	214	43.711
0.000000	1.756530	-2.105156	36	18	116	43.707
-0.261799	2.174483	2.653697	271	32	27	43.702
-1.832596	1.741644	-2.695914	8	247	220	43.701
-2.094395	1.510910	-0.740472	47	22	107	43.700
0.523599	2.719179	-1.780644	2	0	4	43.687
2.356194	0.203748	0.590255	299	266	221	43.685
-3.141593	2.393226	1.857173	273	257	57	43.684
0.785398	2.719179	-1.780644	17	286	246	43.682
1.832596	2.664082	-1.071402	11	286	250	43.674
-2.617994	1.214854	-1.966664	18	284	106	43.670
2.356194	1.242974	-2.977882	249	22	27	43.665
0.261799	1.391910	3.030322	47	28	76	43.661
-1.047198	0.615174	-0.666022	35	45	83	43.656
0.000000	1.301460	-0.509251	299	27	240	43.653
-1.047198	2.001437	0.381215	265	12	273	43.652
-1.832596	1.699788	2.452890	288	263	48	43.647
-1.047198	1.247695	1.809890	14	14	25	43.639
-0.261799	1.812176	0.656819	262	12	287	43.633
0.785398	1.554776	0.100351	242	3	69	43.629
0.523599	1.214854	-1.966664	19	38	110	43.625
-2.094395	1.766067	2.153843	288	267	44	43.623
0.261799	2.356369	3.005869	6	37	282	43.619
-1.570796	1.256302	0.062705	35	44	80	43.618
2.617994	0.370812	-2.547742	243	288	63	43.614
0.000000	1.574060	2.783565	51	24	68	43.596
-3.141593	2.251330	-2.330739	293	11	111	43.595
1.832596	2.704512	1.488683	3	276	229	43.595
-1.047198	1.736875	3.023612	9	292	272	43.594
-1.047198	0.370812	-2.547742	15	297	231	43.591
2.356194	0.640596	-2.797608	250	28	22	43.582
0.000000	2.180315	-1.357379	275	281	106	43.568
1.047198	2.592629	0.909713	246	299	263	43.567
0.785398	1.417623	-0.202254	241	11	292	43.564
1.832596	1.812176	0.656819	270	274	47	43.556
0.785398	1.721184	-0.153948	247	1	284	43.536
-0.785398	2.295480	1.008277	263	15	263	43.533
0.785398	1.218453	2.777284	275	279	197	43.530
-0.785398	1.872854	1.543456	293	36	195	43.526
1.570796	1.658653	-2.409879	4	38	107	43.519
-0.785398	0.914445	2.687814	1	0	298	43.514
-1.308997	1.113094	-0.272241	31	45	87	43.512
-0.785398	2.073035	2.027405	11	21	237	43.501
2.356194	2.089241	-0.114193	297	278	279	43.498
-0.785398	0.640596	-2.797608	279	295	274	43.498
-0.785398	0.866395	-2.492918	18	8	271	43.490
-2.617994	2.407836	1.410646	2	266	59	43.479
-2.617994	2.187132	-0.479875	7	23	268	43.476
-1.570796	2.724429	-0.348782	273	44	51	43.472
2.879793	0.960688	-0.577532	265	8	26	43.471
0.000000	2.164094	-2.991358	13	24	286	43.462
-1.570796	2.456751	-1.503343	7	299	125	43.458
0.785398	1.870545	-2.976234	33	41	91	43.458
0.785398	1.045978	0.343692	263	267	191	43.454
0.523599	2.063651	-2.044600	32	15	116	43.449
0.261799	0.571433	-1.188419	265	47	36	43.448
-2.879793	1.736875	3.023612	258	279	266	43.441
-1.832596	2.247462	0.191623	5	43	44	43.440
-2.617994	2.592629	0.909713	19	297	275	43.436
0.000000	1.824694	1.850876	283	28	191	43.434
-1.570796	1.135813	-2.658866	271	291	254	43.433
-2.094395	0.591903	2.010408	270	284	175	43.433
-1.570796	1.417623	-0.202254	37	42	89	43.422
-1.832596	1.417623	-0.202254	44	37	89	43.422
1.570796	1.606104	-0.451151	256	293	4	43.411
-1.308997	2.174483	2.653697	8	293	270	43.396
-0.523599	1.050534	3.042579	14	12	7	43.391
-2.356194	0.571433	-1.188419	52	292	88	43.391
-0.261799	1.870545	-2.976234	51	13	92	43.375
-2.879793	1.510910	-0.740472	47	1	107	43.367
-2.356194	1.569311	-3.003978	266	278	278	43.367
-1.570796	2.760637	2.781135	299	283	285	43.357
-2.094395	1.440580	2.260026	278	269	41	43.354
2.094395	1.014500	0.906702	35	291	55	43.351
0.523599	1.617114	-1.572037	275	2	103	43.333
-0.785398	0.619654	-2.216909	22	12	261	43.325
2.879793	0.866395	-2.492918	245	1	282	43.322
-2.879793	2.153910	-1.714959	277	269	63	43.296
0.261799	2.456751	-1.503343	288	297	10	43.290
-1.832596	1.569311	-3.003978	284	276	278	43.284
1.308997	1.135813	-2.658866	7	45	91	43.281
-1.047198	2.349581	-2.702517	10	291	297	43.280
0.000000	1.554776	0.100351	284	34	96	43.279
1.308997	1.025536	1.576859	0	266	89	43.270
-1.308997	2.863997	0.549740	289	49	37	43.267
-2.094395	1.545873	-1.877082	4	253	237	43.265
-1.308997	1.909857	-0.381669	21	41	102	43.253
0.523599	1.113094	-0.272241	243	20	67	43.243
-0.523599	1.504028	0.636812	263	42	206	43.239
2.094395	2.984978	1.954446	249	3	40	43.235
-0.261799	2.349581	-2.702517	11	8	294	43.228
-0.261799	0.929350	-2.910676	18	22	13	43.224
0.523599	1.417623	-0.202254	245	15	278	43.221
-2.356194	0.866955	-0.931351	56	290	91	43.219
0.785398	1.391910	3.030322	29	41	76	43.218
-3.141593	1.824694	1.850876	273	269	41	43.213
-3.141593	1.134497	-1.109631	34	285	104	43.213
2.094395	2.033014	2.977192	285	28	84	43.206
2.356194	1.374601	-2.456031	246	298	85	43.175
-2.356194	1.504028	0.636812	35	294	203	43.174
-1.308997	1.836682	-0.676006	295	33	273	43.167
-2.617994	1.050534	3.042579	256	290	264	43.164
0.000000	1.417623	-0.202254	288	37	102	43.164
0.000000	1.812176	0.656819	262	8	287	43.162
-2.356194	2.760637	2.781135	283	249	83	43.159
2.879793	1.184361	0.625864	49	290	60	43.159
-1.047198	1.574060	2.783565	6	295	263	43.156
2.094395	1.904882	-1.478089	260	14	214	43.151
-2.356194	0.961715	0.014085	55	25	77	43.136
-1.832596	1.574060	2.783565	285	282	262	43.133
2.879793	1.875281	0.107086	295	21	253	43.131
2.879793	1.014500	0.906702	46	4	54	43.127
1.047198	0.571433	-1.188419	244	299	76	43.122
1.570796	1.050534	3.042579	273	46	17	43.121
2.356194	1.721184	-0.153948	290	273	275	43.105
-2.617994	1.555207	1.708892	297	273	32	43.089
-3.141593	2.349581	-2.702517	282	294	106	43.089
-3.141593	2.164094	-2.991358	249	288	285	43.076
1.047198	1.194549	-0.801900	246	12	282	43.075
-0.785398	1.736875	3.023612	13	0	272	43.074
1.047198	1.696674	-1.253233	262	0	108	43.071
1.570796	1.391910	3.030322	4	42	76	43.067
-2.356194	1.736875	3.023612	268	279	272	43.037
-1.308997	1.045978	0.343692	34	49	70	43.024
0.261799	0.831641	0.616218	13	30	89	43.018
0.261799	2.251330	-2.330739	41	15	112	43.017
2.356194	0.762244	-0.273349	266	11	241	43.002
2.356194	2.664082	-1.071402	3	13	290	42.999
2.617994	1.998705	2.370472	253	4	12	42.991
-2.879793	2.760637	2.781135	259	288	36	42.991
-2.094395	0.960688	-0.577532	286	297	30	42.991
1.832596	1.545873	-1.877082	266	14	205	42.984
1.570796	0.591903	2.010408	7	271	210	42.979
-1.832596	2.104282	-0.813972	24	30	111	42.976
0.261799	0.685216	-1.712745	283	50	40	42.974
-2.356194	1.869911	2.701025	274	280	266	42.974
2.094395	1.050534	3.042579	255	34	5	42.969
2.617994	0.419640	2.974122	252	8	53	42.966
1.308997	2.251330	-2.330739	13	41	112	42.964
-2.879793	1.413430	2.550734	268	283	233	42.963
-2.094395	2.863997	0.549740	6	35	1	42.961
-2.617994	2.033014	2.977192	11	279	202	42.958
0.000000	1.721184	-0.153948	287	31	107	42.956
-2.617994	2.664082	-1.071402	9	27	124	42.954
0.000000	2.719179	-1.780644	290	290	4	42.944
-1.308997	2.456751	-1.503343	10	298	125	42.943
1.832596	0.733948	3.021411	271	45	13	42.942
-1.308997	1.135834	-1.431087	283	298	289	42.935
-0.523599	1.506530	1.988858	34	29	48	42.927
2.356194	0.866955	-0.931351	257	255	79	42.909
-2.094395	1.506530	1.988858	284	275	37	42.909
-0.523599	2.356369	3.005869	14	11	282	42.908
-1.047198	1.128190	-2.288622	47	297	101	42.906
-2.879793	2.073035	2.027405	285	252	53	42.890
1.832596	2.063651	-2.044600	299	32	117	42.880
0.000000	0.685216	-1.712745	11	285	221	42.872
0.523599	1.736875	3.023612	296	46	246	42.869
0.261799	1.875281	0.107086	250	25	61	42.863
-2.094395	1.998705	2.370472	287	260	51	42.850
-2.094395	1.194549	-0.801900	52	16	101	42.847
-1.570796	2.295480	1.008277	23	9	204	42.840
-1.047198	0.992645	-1.723759	24	18	250	42.839
-0.785398	0.203748	0.590255	252	28	13	42.833
-1.047198	2.760637	2.781135	11	297	285	42.829
1.570796	2.164094	-2.991358	8	42	94	42.822
-2.879793	2.863997	0.549740	16	3	286	42.815
2.094395	0.961715	0.014085	264	17	31	42.814
0.523599	0.910508	1.903534	33	6	49	42.814
-2.356194	1.242974	-2.977882	265	280	275	42.798
-2.879793	0.850607	-1.335383	298	244	212	42.797
-0.523599	0.419640	2.974122	48	291	65	42.797
0.000000	0.864993	2.278281	40	3	52	42.796
-2.879793	0.290380	-0.796960	49	287	78	42.771
-0.785398	0.850607	-1.335383	7	276	224	42.766
0.523599	1.904882	-1.478089	278	291	106	42.762
-2.356194	1.134796	2.434290	262	273	41	42.743
0.785398	2.979456	-1.009304	291	281	293	42.741
1.832596	0.850607	-1.335383	239	8	288	42.738
1.832596	1.242974	-2.977882	256	41	225	42.719
-3.141593	0.733948	3.021411	250	6	251	42.713
-2.879793	2.295480	1.008277	19	262	194	42.709
2.879793	2.404280	-0.174044	12	297	280	42.700
0.785398	0.203748	0.590255	271	278	243	42.699
2.094395	1.242974	-2.977882	250	36	218	42.686
-1.047198	2.041297	-2.664597	13	295	292	42.682
-2.879793	0.419640	2.974122	247	284	53	42.681
-1.047198	1.050534	3.042579	11	295	11	42.681
-1.308997	1.325504	-1.671296	38	8	116	42.679
-1.570796	0.960688	-0.577532	45	35	91	42.671
-0.523599	1.869911	2.701025	57	7	69	42.662
-1.832596	0.866395	-2.492918	7	248	205	42.661
0.785398	1.134497	-1.109631	252	0	94	42.657
0.785398	2.379497	0.561089	246	0	269	42.656
-2.617994	1.218453	2.777284	259	292	258	42.655
-2.094395	1.256302	0.062705	14	19	215	42.654
-1.570796	0.866955	-0.931351	25	5	225	42.653
-1.570796	2.455966	-0.641220	273	38	57	42.648
-1.832596	2.455966	-0.641220	279	40	58	42.647
1.832596	2.295480	1.008277	254	272	63	42.645
-0.523599	2.588535	-2.976617	12	3	291	42.637
-1.570796	1.184361	0.625864	299	13	184	42.636
-2.094395	2.592629	0.909713	30	293	215	42.624
1.832596	1.699788	2.452890	285	266	206	42.611
2.617994	1.168678	2.108595	264	296	34	42.609
-2.356194	2.138223	1.678323	13	263	183	42.602
-0.523599	1.391910	3.030322	52	3	76	42.595
0.000000	2.343981	-1.040456	264	278	101	42.593
-0.261799	1.510910	-0.740472	298	280	232	42.588
-2.094395	2.404280	-0.174044	299	42	49	42.576
-0.523599	1.846342	-1.796954	28	8	121	42.564
-0.785398	0.929350	-2.910676	16	4	13	42.554
0.785398	1.756530	-2.105156	24	28	114	42.554
-0.523599	1.606104	-0.451151	275	45	57	42.554
-2.094395	0.700570	1.559208	281	296	172	42.550
-2.879793	0.458961	-0.107937	56	293	66	42.541
0.261799	1.113094	-0.272241	283	34	95	42.528
-0.785398	0.960688	-0.577532	12	283	204	42.524
-3.141593	2.138223	1.678323	278	261	49	42.519
-1.308997	1.875281	0.107086	292	52	41	42.514
2.617994	2.719179	-1.780644	6	32	120	42.512
-1.570796	2.356369	3.005869	296	280	281	42.508
-2.617994	1.545873	-1.877082	288	252	238	42.504
2.617994	1.440580	2.260026	256	288	39	42.503
-0.261799	0.290380	-0.796960	273	42	250	42.502
-1.047198	2.164094	-2.991358	16	297	286	42.496
-1.308997	0.203748	0.590255	261	39	263	42.495
0.785398	0.850607	-1.335383	252	10	86	42.494
0.523599	0.080730	-2.622036	6	35	246	42.493
-2.094395	1.450119	-2.739050	284	265	261	42.458
-2.356194	1.247695	1.809890	289	282	29	42.450
-1.047198	0.619654	-2.216909	283	294	280	42.443
-2.617994	0.496451	0.593859	15	3	185	42.439
-2.617994	2.063651	-2.044600	2	282	116	42.418
2.879793	1.699788	2.452890	251	277	49	42.405
-0.261799	1.045978	0.343692	263	1	191	42.404
-2.617994	2.637879	2.121598	283	254	68	42.380
-1.570796	1.824694	1.850876	11	280	47	42.373
1.832596	0.674054	1.013609	298	265	218	42.364
0.000000	0.618092	2.539118	6	6	3	42.358
2.879793	1.374601	-2.456031	242	273	75	42.347
0.523599	0.203748	0.590255	273	259	198	42.342
-2.356194	0.591903	2.010408	271	289	175	42.342
2.094395	2.404280	-0.174044	293	282	297	42.334
-2.094395	2.001437	0.381215	17	34	232	42.334
0.785398	1.904882	-1.478089	289	297	253	42.325
2.879793	0.203748	0.590255	7	270	220	42.321
0.523599	0.618092	2.539118	8	17	5	42.320
0.785398	1.846342	-1.796954	20	18	119	42.318
0.523599	2.104282	-0.813972	262	279	101	42.316
0.261799	0.864993	2.278281	42	7	52	42.309
-2.356194	0.914445	2.687814	260	294	255	42.307
0.523599	1.367556	0.358405	240	16	273	42.305
2.617994	1.699788	2.452890	252	296	253	42.302
-2.879793	0.591903	2.010408	266	29	249	42.300
-2.094395	1.134497	-1.109631	50	7	105	42.291
0.785398	2.456751	-1.503343	293	2	10	42.284
-0.523599	0.618092	2.539118	297	298	298	42.284
0.000000	2.251330	-2.330739	42	281	117	42.281
-2.879793	1.184361	0.625864	51	11	61	42.269
2.356194	1.128190	-2.288622	245	292	85	42.264
-0.785398	0.419640	2.974122	1	291	10	42.261
2.617994	2.251330	-2.330739	297	24	111	42.261
-1.832596	0.685216	-1.712745	14	297	249	42.253
-0.523599	2.587733	0.232235	260	39	55	42.250
1.832596	1.050534	3.042579	299	40	74	42.247
2.094395	1.391910	3.030322	290	32	76	42.246
1.570796	2.587733	0.232235	272	285	35	42.244
-0.261799	1.574060	2.783565	53	18	68	42.237
-1.570796	1.242974	-2.977882	292	279	275	42.235
1.570796	1.732874	-0.951685	260	281	107	42.230
1.832596	2.979456	-1.009304	8	13	7	42.230
2.879793	0.458961	-0.107937	42	267	61	42.223
1.570796	0.733948	3.021411	279	47	13	42.219
1.047198	0.866955	-0.931351	239	2	79	42.219
0.523599	1.184361	0.625864	249	296	197	42.209
1.308997	1.977582	0.969896	290	282	233	42.202
1.308997	1.948085	-2.363031	21	37	110	42.195
1.832596	1.982574	-1.115518	285	280	253	42.186
0.000000	1.869911	2.701025	7	31	264	42.180
1.047198	1.413430	2.550734	274	276	202	42.172
-1.047198	0.203748	0.590255	255	33	263	42.170
1.047198	1.045978	0.343692	269	260	191	42.169
-0.785398	1.194549	-0.801900	1	280	231	42.162
-1.570796	0.418037	1.360082	269	295	179	42.162
0.261799	1.872854	1.543456	274	18	190	42.158
0.000000	1.391910	3.030322	48	22	77	42.152
1.308997	2.719179	-1.780644	12	297	246	42.145
-2.094395	2.881233	-2.582574	260	293	48	42.145
-2.879793	1.128190	-2.288622	277	263	230	42.141
1.308997	1.433411	-1.035986	257	298	246	42.140
2.094395	0.418037	1.360082	7	270	217	42.136
-0.261799	1.050534	3.042579	14	20	7	42.134
2.879793	2.104282	-0.813972	11	281	233	42.128
-1.832596	1.998705	2.370472	297	287	260	42.128
0.523599	0.960688	-0.577532	247	26	271	42.128
-0.785398	1.135813	-2.658866	62	4	75	42.127
2.617994	1.194549	-0.801900	286	248	224	42.125
-2.094395	2.089241	-0.114193	8	37	48	42.114
2.356194	1.569311	-3.003978	283	23	87	42.104
-3.141593	1.184361	0.625864	19	279	44	42.101
-1.832596	1.732874	-0.951685	35	23	113	42.097
-2.356194	1.545873	-1.877082	296	251	238	42.090
0.785398	1.128190	-2.288622	19	42	101	42.088
1.832596	2.881233	-2.582574	287	41	274	42.086
1.308997	1.417623	-0.202254	274	31	35	42.086
-1.308997	1.658653	-2.409879	9	288	292	42.082
1.832596	1.014500	0.906702	29	289	55	42.082
0.261799	1.242974	-2.977882	45	31	84	42.077
-0.261799	2.579248	-2.364801	3	298	0	42.071
2.094395	2.251330	-2.330739	6	34	112	42.067
-0.785398	1.506530	1.988858	7	285	170	42.057
2.879793	0.290380	-0.796960	34	276	76	42.052
1.832596	1.128190	-2.288622	258	14	90	42.043
-1.047198	2.089241	-0.114193	278	46	55	42.041
2.356194	2.456751	-1.503343	18	22	125	42.032
0.785398	2.863997	0.549740	250	3	51	42.030
0.000000	1.242974	-2.977882	17	34	226	42.029
2.356194	1.904882	-1.478089	260	10	213	42.026
-0.261799	0.080730	-2.622036	18	13	246	42.018
0.523599	1.869911	2.701025	37	41	70	42.018
2.879793	1.998705	2.370472	256	298	11	42.015
-1.832596	1.812176	0.656819	2	284	233	42.007
-2.094395	2.664082	-1.071402	2	22	123	42.002
-1.570796	1.736875	3.023612	294	281	272	41.996
-0.261799	2.704512	1.488683	280	51	279	41.994
2.356194	1.574060	2.783565	245	13	256	41.992
-1.308997	1.417623	-0.202254	295	1	280	41.992
0.523599	1.310100	1.488307	282	271	210	41.990
-2.356194	0.960688	-0.577532	282	296	32	41.990
1.047198	1.367556	0.358405	266	262	194	41.984
1.308997	1.606104	-0.451151	275	33	33	41.968
1.308997	1.045978	0.343692	262	257	193	41.967
2.356194	1.756530	-2.105156	255	299	101	41.965
0.261799	2.863997	0.549740	251	16	271	41.963
2.094395	1.824694	1.850876	253	295	254	41.962
1.570796	2.251330	-2.330739	6	40	112	41.960
-2.879793	0.866395	-2.492918	270	253	205	41.960
-1.570796	0.929350	-2.910676	292	280	273	41.954
0.261799	1.574060	2.783565	46	31	68	41.953
2.879793	0.379747	-1.713059	266	278	257	41.952
1.308997	2.704512	1.488683	297	275	228	41.950
-0.523599	1.555207	1.708892	28	34	50	41.947
0.523599	0.866395	-2.492918	1	46	253	41.939
2.094395	1.413347	-1.339188	263	17	210	41.931
0.261799	1.168678	2.108595	35	15	49	41.925
0.261799	0.379747	-1.713059	21	49	76	41.923
-1.570796	2.343981	-1.040456	271	27	63	41.918
-3.141593	1.135813	-2.658866	245	266	64	41.913
-2.094395	1.699788	2.452890	2	21	39	41.908
-2.617994	1.168678	2.108595	277	277	30	41.891
1.308997	2.356369	3.005869	296	46	93	41.890
0.523599	2.393226	1.857173	9	43	70	41.887
-3.141593	1.014500	0.906702	16	284	178	41.878
-1.308997	2.588535	-2.976617	6	286	295	41.877
-2.356194	2.187132	-0.479875	4	28	268	41.868
-2.094395	0.961715	0.014085	50	32	77	41.867
-2.356194	1.741644	-2.695914	288	245	219	41.856
-1.832596	2.164094	-2.991358	295	275	285	41.853
-1.308997	2.587733	0.232235	286	47	60	41.847
-0.523599	2.881233	-2.582574	1	291	295	41.844
-1.047198	0.297065	2.160177	270	284	237	41.832
0.000000	1.872854	1.543456	17	33	55	41.828
1.570796	1.417623	-0.202254	270	29	34	41.825
-0.785398	1.869911	2.701025	12	7	266	41.822
0.523599	1.606104	-0.451151	291	31	244	41.817
1.832596	1.391910	3.030322	296	38	77	41.816
0.261799	1.367556	0.358405	18	25	99	41.813
0.261799	1.766067	2.153843	289	25	191	41.810
-0.523599	1.045978	0.343692	268	7	191	41.797
0.523599	1.450119	-2.739050	1	45	255	41.789
-0.261799	0.297065	2.160177	292	281	239	41.789
-0.261799	2.187132	-0.479875	262	26	64	41.787
-1.308997	1.721184	-0.153948	1	45	74	41.782
-3.141593	2.089241	-0.114193	290	27	254	41.779
0.000000	1.606104	-0.451151	262	32	283	41.778
2.094395	0.960688	-0.577532	8	10	105	41.769
-1.047198	1.135813	-2.658866	45	291	91	41.765
1.832596	2.187132	-0.479875	284	286	4	41.765
-1.570796	2.478122	2.609777	4	286	276	41.764
-2.094395	2.349581	-2.702517	277	277	296	41.762
-1.570796	1.113094	-0.272241	40	41	87	41.762
0.261799	2.881233	-2.582574	12	4	280	41.760
2.879793	2.588535	-2.976617	282	13	99	41.759
2.356194	2.356369	3.005869	282	22	90	41.759
-2.356194	2.001437	0.381215	19	25	35	41.746
-2.356194	0.297065	2.160177	264	291	182	41.745
-2.356194	1.218453	2.777284	264	287	258	41.745
1.570796	2.343981	-1.040456	4	271	235	41.741
0.261799	0.618092	2.539118	7	12	4	41.740
-2.617994	2.104282	-0.813972	38	21	112	41.739
-2.094395	2.187132	-0.479875	299	34	276	41.738
-1.570796	1.574060	2.783565	293	284	262	41.736
0.523599	1.732874	-0.951685	260	290	102	41.730
2.617994	2.664082	-1.071402	2	19	289	41.724
2.094395	0.290380	-0.796960	266	254	190	41.723
-3.141593	1.242974	-2.977882	246	292	264	41.713
-1.308997	1.135813	-2.658866	275	289	254	41.711
1.570796	0.700570	1.559208	1	267	213	41.707
0.261799	0.906588	1.252948	271	282	169	41.707
2.617994	1.214854	-1.966664	243	273	86	41.702
0.523599	0.700570	1.559208	283	269	213	41.700
-1.832596	1.413430	2.550734	281	263	46	41.692
-1.570796	1.998705	2.370472	2	292	260	41.689
-1.570796	1.756530	-2.105156	299	287	3	41.682
1.047198	0.379747	-1.713059	259	38	48	41.667
1.570796	1.194549	-0.801900	246	2	298	41.663
2.617994	0.203748	0.590255	2	268	220	41.658
0.785398	1.998705	2.370472	264	13	29	41.654
2.356194	2.881233	-2.582574	8	39	99	41.642
-2.094395	1.872854	1.543456	14	277	177	41.641
0.261799	2.455966	-0.641220	261	294	297	41.640
-0.523599	0.850607	-1.335383	8	280	226	41.636
-1.308997	2.478122	2.609777	11	295	277	41.628
2.617994	2.588535	-2.976617	278	10	104	41.627
-1.570796	2.587733	0.232235	292	49	37	41.624
0.000000	1.325504	-1.671296	1	13	117	41.620
-0.523599	1.658653	-2.409879	46	5	107	41.607
0.523599	1.045978	0.343692	246	296	204	41.607
-2.356194	1.448123	-2.163292	293	247	228	41.605
-0.785398	1.450119	-2.739050	49	298	93	41.604
2.617994	2.456751	-1.503343	261	4	222	41.598
1.570796	2.001437	0.381215	257	279	289	41.594
2.094395	0.203748	0.590255	47	290	67	41.593
1.047198	0.619654	-2.216909	271	50	33	41.592
-0.523599	1.662363	0.915448	262	18	283	41.589
-0.785398	1.301460	-0.509251	272	44	237	41.588
-1.570796	1.014500	0.906702	291	7	177	41.587
-3.141593	0.685216	-1.712745	275	275	269	41.571
-2.879793	1.413347	-1.339188	299	255	121	41.567
2.879793	1.247695	1.809890	290	271	27	41.563
-2.879793	2.187132	-0.479875	10	17	268	41.557
-1.047198	2.295480	1.008277	267	18	263	41.556
-0.523599	1.599406	1.426070	280	33	191	41.554
0.785398	1.732874	-0.951685	258	295	105	41.551
1.832596	2.104282	-0.813972	292	273	252	41.546
-0.523599	1.247695	1.809890	297	284	178	41.545
-3.141593	2.760637	2.781135	255	295	246	41.538
2.617994	2.174483	2.653697	0	267	207	41.536
-2.617994	0.297065	2.160177	255	27	257	41.533
-0.261799	1.658653	-2.409879	46	15	107	41.532
0.000000	0.203748	0.590255	262	272	187	41.529
-3.141593	2.456751	-1.503343	9	18	125	41.529
-3.141593	2.664082	-1.071402	23	27	123	41.529
0.261799	1.658653	-2.409879	40	28	106	41.525
-3.141593	0.960688	-0.577532	268	5	26	41.525
1.047198	0.591903	2.010408	299	266	210	41.521
1.832596	0.370812	-2.547742	254	36	271	41.512
2.879793	1.982574	-1.115518	293	274	253	41.512
1.047198	2.174483	2.653697	264	50	232	41.509
0.523599	1.741644	-2.695914	0	51	244	41.507
-0.785398	0.379747	-1.713059	9	273	220	41.484
-2.879793	1.699788	2.452890	262	291	256	41.480
-2.356194	0.762244	-0.273349	284	296	32	41.471
1.832596	2.592629	0.909713	265	282	44	41.464
-0.785398	0.685216	-1.712745	7	272	220	41.452
0.785398	2.108018	1.311430	268	4	292	41.449
-0.785398	1.574060	2.783565	273	37	278	41.448
-2.879793	1.982574	-1.115518	32	13	116	41.446
1.047198	1.948085	-2.363031	25	36	111	41.446
-0.785398	2.588535	-2.976617	7	294	291	41.445
2.094395	1.417623	-0.202254	265	21	34	41.422
-2.094395	1.045978	0.343692	25	19	102	41.414
2.617994	0.831641	0.616218	47	295	60	41.402
1.570796	1.909857	-0.381669	264	291	8	41.395
-2.356194	0.992645	-1.723759	36	284	101	41.395
1.308997	2.379497	0.561089	254	290	44	41.394
-2.094395	2.579248	-2.364801	272	273	111	41.391
-1.047198	2.104282	-0.813972	279	29	68	41.386
-2.094395	0.685216	-1.712745	3	289	289	41.366
-0.523599	0.496451	0.593859	262	293	186	41.356
-1.308997	0.080730	-2.622036	43	285	70	41.356
-3.141593	0.762244	-0.273349	54	293	83	41.350
-1.570796	2.063651	-2.044600	27	285	118	41.348
0.000000	1.113094	-0.272241	289	41	95	41.333
-0.785398	1.721184	-0.153948	7	42	93	41.332
2.879793	2.033014	2.977192	0	268	204	41.327
-0.523599	2.295480	1.008277	271	56	282	41.326
-2.094395	1.335669	0.897240	8	283	228	41.323
-2.356194	2.979456	-1.009304	285	22	111	41.321
-1.832596	2.379497	0.561089	12	41	235	41.314
2.094395	2.979456	-1.009304	23	286	223	41.312
-0.523599	1.450119	-2.739050	51	7	93	41.311
-1.832596	2.637879	2.121598	26	26	96	41.297
-2.879793	1.574060	2.783565	264	277	241	41.295
0.261799	1.325504	-1.671296	18	31	116	41.293
0.785398	0.379747	-1.713059	267	44	49	41.291
-0.523599	1.242974	-2.977882	51	4	84	41.280
-0.261799	2.760637	2.781135	14	19	272	41.278
0.000000	1.256302	0.062705	259	297	202	41.277
0.523599	2.247462	0.191623	245	7	287	41.273
0.785398	0.866955	-0.931351	243	11	79	41.270
-1.832596	1.134497	-1.109631	51	14	105	41.266
2.879793	1.450119	-2.739050	243	298	276	41.254
-0.523599	1.510910	-0.740472	3	28	109	41.245
2.094395	1.948085	-2.363031	1	30	110	41.244
-1.570796	2.187132	-0.479875	286	40	59	41.237
2.094395	1.766067	2.153843	250	3	252	41.228
-1.570796	2.719179	-1.780644	271	280	115	41.222
2.094395	1.367556	0.358405	299	250	194	41.211
0.785398	1.836682	-0.676006	268	283	245	41.204
1.308997	2.295480	1.008277	296	280	233	41.202
1.832596	1.741644	-2.695914	284	36	94	41.200
-1.570796	0.591903	2.010408	264	298	230	41.195
1.308997	0.571433	-1.188419	246	17	36	41.194
-2.356194	1.699788	2.452890	274	261	49	41.191
2.356194	1.134796	2.434290	274	287	168	41.191
2.356194	1.367556	0.358405	7	252	194	41.187
-2.879793	0.914445	2.687814	260	296	230	41.161
-2.617994	0.674054	1.013609	9	274	215	41.161
-1.570796	0.618092	2.539118	274	284	234	41.159
-1.832596	2.704512	1.488683	28	282	203	41.154
1.308997	2.588535	-2.976617	298	24	228	41.154
1.047198	1.569311	-3.003978	281	48	250	41.151
2.356194	0.899350	-2.069907	236	284	72	41.150
1.047198	1.869911	2.701025	270	43	242	41.146
0.523599	1.721184	-0.153948	254	288	228	41.130
-2.094395	1.824694	1.850876	294	274	42	41.127
0.523599	2.760637	2.781135	0	40	265	41.125
0.261799	1.417623	-0.202254	248	23	278	41.114
-2.094395	2.295480	1.008277	47	293	64	41.111
-2.617994	1.374601	-2.456031	280	247	218	41.109
-2.356194	2.115563	0.685730	22	18	33	41.105
0.785398	0.619654	-2.216909	282	48	52	41.104
-2.356194	1.050534	3.042579	262	285	265	41.087
0.785398	1.555207	1.708892	276	5	184	41.080
2.094395	2.588535	-2.976617	284	27	104	41.069
1.047198	2.404280	-0.174044	262	286	297	41.069
2.879793	2.637879	2.121598	263	286	236	41.068
-0.785398	2.115563	0.685730	19	52	86	41.068
2.879793	1.872854	1.543456	296	249	181	41.067
0.261799	1.506530	1.988858	28	25	50	41.064
2.356194	1.450119	-2.739050	283	22	94	41.063
2.094395	2.104282	-0.813972	295	272	252	41.061
2.356194	1.014500	0.906702	39	294	54	41.055
-1.832596	2.089241	-0.114193	1	42	50	41.054
1.832596	1.736875	3.023612	294	38	81	41.051
0.000000	1.433411	-1.035986	0	24	33	41.046
1.308997	0.906588	1.252948	292	265	215	41.044
0.523599	0.619654	-2.216909	290	50	33	41.039
-1.832596	1.504028	0.636812	6	283	230	41.037
0.523599	1.391910	3.030322	38	36	77	41.036
-0.785398	0.080730	-2.622036	297	265	217	41.030
-2.094395	1.014500	0.906702	11	281	223	41.027
2.356194	1.310100	1.488307	294	274	169	41.027
-1.308997	1.367556	0.358405	8	294	231	41.026
2.094395	1.184361	0.625864	1	254	184	41.026
-2.094395	1.658653	-2.409879	298	246	225	41.019
0.785398	1.741644	-2.695914	290	54	244	41.019
2.617994	2.704512	1.488683	274	272	288	41.016
0.523599	0.685216	-1.712745	268	23	80	41.016
-0.785398	0.591903	2.010408	286	263	174	41.016
0.000000	2.349581	-2.702517	12	16	295	41.013
-2.617994	0.618092	2.539118	251	286	46	41.012
-1.308997	1.606104	-0.451151	0	41	265	41.012
-0.785398	0.418037	1.360082	288	279	49	41.009
-2.879793	2.664082	-1.071402	28	34	107	41.008
2.356194	2.180315	-1.357379	14	12	127	41.005
-1.308997	2.033014	2.977192	4	286	275	41.004
1.308997	1.696674	-1.253233	260	297	108	40.995
-1.570796	0.899350	-2.069907	276	294	280	40.994
-2.879793	1.218453	2.777284	254	298	258	40.992
-2.617994	0.866955	-0.931351	51	293	96	40.981
2.879793	2.704512	1.488683	281	249	80	40.981
-2.617994	1.134796	2.434290	260	276	42	40.979
-3.141593	2.247462	0.191623	26	269	223	40.976
-1.832596	1.367556	0.358405	7	280	226	40.975
-2.617994	1.736875	3.023612	260	283	272	40.974
-2.879793	1.766067	2.153843	268	267	43	40.974
0.000000	1.909857	-0.381669	263	290	225	40.973
0.523599	1.569311	-3.003978	0	45	250	40.970
-1.308997	1.699788	2.452890	293	31	42	40.968
1.308997	0.850607	-1.335383	242	28	288	40.950
-0.523599	0.290380	-0.796960	21	48	73	40.945
-2.094395	1.870545	-2.976234	291	255	221	40.935
0.785398	0.910508	1.903534	34	9	48	40.925
-2.356194	2.592629	0.909713	31	283	215	40.922
-1.832596	1.113094	-0.272241	47	34	87	40.921
0.785398	1.766067	2.153843	261	8	278	40.918
0.785398	1.310100	1.488307	274	16	192	40.914
-2.617994	1.756530	-2.105156	6	277	112	40.910
1.570796	0.674054	1.013609	260	278	71	40.906
-0.523599	1.569311	-3.003978	19	17	272	40.905
-0.785398	1.510910	-0.740472	296	278	232	40.899
-1.308997	1.256302	0.062705	26	47	80	40.892
2.094395	0.831641	0.616218	37	286	61	40.884
-0.785398	1.134497	-1.109631	4	278	229	40.884
-1.832596	1.736875	3.023612	286	278	272	40.881
0.523599	1.574060	2.783565	41	37	67	40.880
1.832596	1.909857	-0.381669	293	254	224	40.877
-2.879793	1.824694	1.850876	2	253	179	40.863
-0.523599	2.579248	-2.364801	298	291	1	40.859
1.832596	0.619654	-2.216909	246	5	73	40.856
-1.832596	2.251330	-2.330739	283	267	114	40.856
2.617994	1.391910	3.030322	250	10	24	40.854
-0.523599	2.104282	-0.813972	297	16	116	40.849
-1.308997	1.554776	0.100351	37	48	90	40.845
-2.356194	1.450119	-2.739050	267	278	285	40.844
-2.094395	1.325504	-1.671296	38	293	110	40.843
-3.141593	0.496451	0.593859	52	16	61	40.841
1.047198	0.618092	2.539118	6	272	208	40.840
-1.570796	1.741644	-2.695914	3	280	285	40.839
-3.141593	1.545873	-1.877082	273	260	237	40.829
-0.523599	0.685216	-1.712745	10	276	221	40.823
2.094395	0.080730	-2.622036	252	33	266	40.822
-0.261799	1.218453	2.777284	53	11	62	40.819
1.308997	1.872854	1.543456	244	8	257	40.806
-1.832596	1.045978	0.343692	9	13	191	40.790
-1.308997	2.356369	3.005869	14	292	285	40.789
-2.617994	1.506530	1.988858	275	275	38	40.777
0.261799	1.256302	0.062705	256	288	202	40.765
0.000000	2.592629	0.909713	257	37	272	40.763
1.570796	1.242974	-2.977882	2	43	83	40.757
-1.047198	1.658653	-2.409879	41	292	106	40.743
-2.356194	0.458961	-0.107937	13	25	268	40.736
2.617994	1.014500	0.906702	43	298	54	40.735
-2.094395	2.073035	2.027405	296	266	49	40.731
-0.261799	2.592629	0.909713	265	43	270	40.730
2.356194	0.929350	-2.910676	284	24	82	40.724
-2.617994	1.741644	-2.695914	260	276	228	40.724
-0.785398	2.033014	2.977192	14	3	275	40.716
-0.785398	1.367556	0.358405	277	15	194	40.716
2.879793	2.073035	2.027405	268	271	247	40.715
-0.523599	2.115563	0.685730	261	15	284	40.714
1.308997	0.379747	-1.713059	251	34	28	40.711
-2.094395	1.736875	3.023612	277	277	272	40.703
2.617994	1.756530	-2.105156	253	291	101	40.701
0.000000	0.619654	-2.216909	10	36	260	40.700
2.094395	2.456751	-1.503343	22	22	125	40.698
2.879793	2.863997	0.549740	7	286	285	40.695
0.785398	0.290380	-0.796960	250	22	38	40.690
0.261799	1.194549	-0.801900	297	26	34	40.690
-1.047198	2.073035	2.027405	281	35	33	40.686
-2.879793	1.134497	-1.109631	281	273	193	40.682
1.047198	1.134497	-1.109631	250	292	93	40.680
2.094395	1.998705	2.370472	291	265	212	40.680
-2.617994	0.960688	-0.577532	55	4	92	40.674
0.261799	1.128190	-2.288622	21	25	96	40.673
0.785398	2.115563	0.685730	241	4	64	40.671
0.000000	0.914445	2.687814	8	18	5	40.669
-2.094395	1.836682	-0.676006	40	27	108	40.666
-1.570796	2.349581	-2.702517	295	279	297	40.665
-1.047198	2.174483	2.653697	12	0	270	40.665
-3.141593	2.984978	1.954446	269	256	78	40.665
-1.047198	0.458961	-0.107937	298	21	189	40.662
0.523599	0.906588	1.252948	272	276	169	40.658
-2.879793	2.984978	1.954446	278	255	78	40.656
-2.094395	1.247695	1.809890	292	279	169	40.650
-1.047198	2.404280	-0.174044	271	42	57	40.649
-1.047198	1.699788	2.452890	288	32	42	40.642
1.308997	0.290380	-0.796960	258	273	70	40.639
-0.523599	0.458961	-0.107937	9	47	66	40.629
-0.261799	1.417623	-0.202254	266	6	213	40.626
1.047198	1.504028	0.636812	267	264	187	40.624
2.356194	1.766067	2.153843	253	297	252	40.619
-2.617994	0.290380	-0.796960	55	295	77	40.615
-1.047198	0.618092	2.539118	287	282	234	40.610
-2.094395	1.025536	1.576859	289	290	169	40.600
-2.879793	0.297065	2.160177	259	33	257	40.599
0.261799	1.904882	-1.478089	20	25	125	40.596
-0.261799	0.914445	2.687814	7	12	299	40.590
-1.570796	1.325504	-1.671296	17	282	244	40.588
1.832596	0.379747	-1.713059	276	32	245	40.581
-2.094395	1.214854	-1.966664	31	286	107	40.576
1.570796	1.413430	2.550734	281	269	201	40.574
2.356194	0.615174	-0.666022	265	268	260	40.574
1.308997	2.108018	1.311430	289	278	231	40.569
0.785398	1.413430	2.550734	273	280	202	40.563
-2.356194	1.184361	0.625864	18	0	184	40.563
2.356194	2.251330	-2.330739	288	24	112	40.560
0.785398	0.961715	0.014085	246	292	211	40.557
1.308997	1.569311	-3.003978	11	46	86	40.554
-2.879793	2.704512	1.488683	298	283	28	40.545
-2.879793	0.864993	2.278281	258	292	40	40.541
-2.879793	2.108018	1.311430	30	11	101	40.540
-2.879793	1.998705	2.370472	274	268	200	40.539
2.617994	0.418037	1.360082	11	298	182	40.537
-2.879793	0.080730	-2.622036	257	288	247	40.536
2.356194	1.135834	-1.431087	248	295	297	40.531
-2.094395	1.195355	1.200319	1	296	173	40.525
-1.047198	2.393226	1.857173	24	296	191	40.521
-2.356194	0.864993	2.278281	259	282	40	40.516
-2.617994	2.138223	1.678323	7	259	183	40.501
2.356194	1.391910	3.030322	246	21	10	40.496
1.832596	0.571433	-1.188419	252	298	38	40.496
1.308997	1.998705	2.370472	266	1	285	40.487
-2.879793	0.618092	2.539118	253	16	254	40.487
0.523599	1.413347	-1.339188	266	4	101	40.485
1.570796	0.297065	2.160177	10	274	214	40.485
1.308997	0.910508	1.903534	0	268	207	40.477
-0.523599	0.379747	-1.713059	8	40	29	40.476
-0.261799	1.809167	1.213774	261	14	278	40.474
-2.879793	1.569311	-3.003978	253	257	63	40.474
-2.356194	1.214854	-1.966664	298	246	227	40.468
-2.879793	2.393226	1.857173	295	249	63	40.462
1.047198	1.606104	-0.451151	279	34	32	40.461
-1.308997	0.914445	2.687814	27	259	56	40.455
1.570796	2.033014	2.977192	276	274	196	40.455
1.570796	1.948085	-2.363031	14	36	110	40.454
-1.570796	2.174483	2.653697	2	285	270	40.446
2.094395	2.108018	1.311430	276	258	184	40.427
-2.356194	2.664082	-1.071402	5	24	124	40.423
0.261799	0.899350	-2.069907	296	53	33	40.419
1.308997	2.984978	1.954446	252	31	40	40.414
-2.617994	1.875281	0.107086	291	273	108	40.414
-1.570796	2.881233	-2.582574	272	284	46	40.413
1.832596	0.914445	2.687814	276	42	7	40.413
-1.308997	1.242974	-2.977882	12	282	244	40.408
-2.356194	1.413430	2.550734	270	288	254	40.402
-2.356194	2.881233	-2.582574	255	0	48	40.397
-1.308997	0.615174	-0.666022	7	282	228	40.394
1.832596	1.824694	1.850876	249	1	254	40.392
-0.523599	2.455966	-0.641220	262	18	66	40.391
-1.047198	2.153910	-1.714959	28	298	124	40.389
2.356194	0.571433	-1.188419	274	254	220	40.380
-1.832596	2.033014	2.977192	288	277	275	40.360
-2.356194	0.674054	1.013609	11	278	217	40.359
-3.141593	2.174483	2.653697	8	273	207	40.356
-3.141593	2.724429	-0.348782	4	23	10	40.344
-2.356194	0.418037	1.360082	271	37	254	40.343
2.617994	1.696674	-1.253233	282	268	248	40.336
-1.570796	0.496451	0.593859	272	44	261	40.334
2.094395	2.393226	1.857173	245	291	274	40.334
1.047198	2.251330	-2.330739	21	41	112	40.328
2.879793	2.455966	-0.641220	298	14	15	40.327
-1.047198	1.721184	-0.153948	16	46	93	40.321
-0.523599	1.977582	0.969896	261	11	265	40.316
1.832596	2.251330	-2.330739	14	35	111	40.308
2.356194	1.218453	2.777284	252	19	250	40.307
0.261799	2.180315	-1.357379	277	282	105	40.298
-1.832596	2.881233	-2.582574	265	288	46	40.298
-2.094395	1.696674	-1.253233	34	11	116	40.291
2.094395	2.247462	0.191623	282	253	92	40.288
-3.141593	1.904882	-1.478089	21	9	118	40.284
-0.523599	2.033014	2.977192	15	11	275	40.282
-3.141593	2.704512	1.488683	285	253	69	40.280
1.308997	0.458961	-0.107937	261	287	23	40.270
0.000000	1.214854	-1.966664	20	21	104	40.269
0.261799	2.089241	-0.114193	250	21	55	40.269
0.000000	1.836682	-0.676006	266	30	66	40.268
-1.308997	0.700570	1.559208	272	284	173	40.267
1.832596	1.658653	-2.409879	297	34	107	40.265
-0.523599	0.899350	-2.069907	46	24	100	40.262
-2.094395	0.290380	-0.796960	4	270	223	40.262
1.832596	1.574060	2.783565	284	267	200	40.255
1.832596	2.299159	2.264663	249	24	17	40.248
2.617994	1.374601	-2.456031	245	289	85	40.246
1.047198	0.906588	1.252948	288	266	215	40.243
0.523599	0.297065	2.160177	293	265	214	40.237
1.308997	0.961715	0.014085	255	261	61	40.232
0.000000	2.979456	-1.009304	268	287	48	40.219
0.785398	2.174483	2.653697	264	16	28	40.212
-1.047198	2.108018	1.311430	269	19	259	40.208
0.785398	1.736875	3.023612	28	44	81	40.206
2.617994	0.379747	-1.713059	258	283	258	40.205
2.094395	2.073035	2.027405	252	3	47	40.202
2.356194	1.948085	-2.363031	296	24	110	40.186
-0.261799	1.909857	-0.381669	262	36	59	40.186
0.785398	2.247462	0.191623	248	3	50	40.186
0.261799	1.982574	-1.115518	268	286	105	40.183
0.523599	1.014500	0.906702	271	271	177	40.179
1.832596	2.001437	0.381215	270	278	40	40.175
2.617994	2.089241	-0.114193	3	282	278	40.172
0.000000	2.138223	1.678323	21	40	60	40.167
-2.094395	1.569311	-3.003978	285	267	258	40.166
0.261799	1.812176	0.656819	264	4	287	40.164
-1.047198	1.194549	-0.801900	0	279	232	40.163
-2.617994	2.724429	-0.348782	296	34	9	40.154
0.785398	2.760637	2.781135	286	48	285	40.154
2.356194	2.979456	-1.009304	14	19	276	40.143
-2.879793	1.135834	-1.431087	29	286	107	40.135
2.879793	1.909857	-0.381669	1	286	292	40.131
1.308997	1.184361	0.625864	278	257	184	40.129
-2.879793	0.615174	-0.666022	273	298	234	40.123
0.785398	1.875281	0.107086	245	298	280	40.118
1.308997	1.128190	-2.288622	2	40	101	40.117
0.000000	1.699788	2.452890	2	29	256	40.108
2.879793	1.504028	0.636812	12	267	48	40.102
-0.785398	2.299159	2.264663	277	34	31	40.095
1.832596	2.164094	-2.991358	0	38	94	40.088
2.094395	2.760637	2.781135	253	29	49	40.086
-0.785398	1.756530	-2.105156	36	1	115	40.083
1.047198	1.135813	-2.658866	17	45	91	40.082
-1.570796	1.134497	-1.109631	47	23	107	40.079
0.261799	2.579248	-2.364801	7	10	0	40.071
-0.785398	2.164094	-2.991358	47	268	100	40.068
0.523599	1.440580	2.260026	32	28	54	40.065
-2.356194	2.041297	-2.664597	285	247	226	40.065
0.523599	1.909857	-0.381669	248	5	241	40.058
1.570796	1.113094	-0.272241	259	259	72	40.057
-2.356194	0.419640	2.974122	267	264	187	40.053
0.000000	1.948085	-2.363031	43	15	110	40.052
-3.141593	2.396274	-1.959260	293	11	120	40.048
-1.570796	2.138223	1.678323	21	285	183	40.048
-1.047198	0.866395	-2.492918	19	296	261	40.045
-1.832596	0.619654	-2.216909	299	284	282	40.044
-1.570796	0.992645	-1.723759	279	295	285	40.041
1.047198	1.391910	3.030322	21	43	76	40.040
0.000000	0.458961	-0.107937	263	8	189	40.039
0.785398	1.504028	0.636812	285	270	224	40.034
-0.523599	0.571433	-1.188419	292	49	36	40.033
0.785398	1.662363	0.915448	285	269	219	40.032
-1.832596	1.450119	-2.739050	7	247	211	40.032
-2.094395	1.367556	0.358405	4	277	227	40.030
-0.785398	1.184361	0.625864	275	9	184	40.017
2.356194	2.299159	2.264663	246	293	271	40.016
1.832596	1.045978	0.343692	292	250	191	40.014
-1.832596	1.756530	-2.105156	6	253	237	40.005
2.879793	0.831641	0.616218	50	2	60	39.993
-3.141593	1.998705	2.370472	267	271	246	39.992
-2.617994	1.824694	1.850876	284	268	42	39.987
-2.356194	2.343981	-1.040456	23	28	114	39.975
-1.570796	2.251330	-2.330739	290	282	3	39.970
-2.094395	0.370812	-2.547742	293	248	195	39.970
-1.308997	1.998705	2.370472	7	292	244	39.967
-1.570796	2.704512	1.488683	17	14	262	39.960
-1.308997	1.574060	2.783565	0	288	263	39.960
-1.047198	2.637879	2.121598	17	12	260	39.959
-0.261799	1.134497	-1.109631	271	28	97	39.954
-2.356194	1.367556	0.358405	52	21	70	39.951
0.785398	0.866395	-2.492918	289	52	33	39.950
-3.141593	1.374601	-2.456031	267	274	230	39.935
2.879793	0.850607	-1.335383	288	252	229	39.934
-1.308997	0.961715	0.014085	39	48	77	39.931
-2.617994	1.128190	-2.288622	282	246	216	39.929
-1.047198	0.496451	0.593859	40	15	79	39.928
1.570796	1.045978	0.343692	269	250	193	39.926
0.000000	1.135813	-2.658866	47	26	91	39.916
1.832596	2.033014	2.977192	291	36	83	39.916
-1.047198	0.290380	-0.796960	1	40	254	39.912
0.523599	1.836682	-0.676006	256	8	6	39.909
-1.047198	2.456751	-1.503343	13	297	126	39.905
-2.094395	1.741644	-2.695914	284	267	272	39.902
-1.832596	1.194549	-0.801900	297	265	207	39.902
2.356194	0.591903	2.010408	297	4	176	39.893
-0.523599	1.741644	-2.695914	25	18	245	39.888
1.047198	2.664082	-1.071402	291	292	6	39.883
-1.832596	1.870545	-2.976234	9	248	214	39.879
1.047198	0.685216	-1.712745	255	14	82	39.877
-1.047198	2.407836	1.410646	19	14	201	39.861
2.356194	0.080730	-2.622036	248	25	267	39.859
2.879793	1.736875	3.023612	247	294	267	39.855
0.785398	2.153910	-1.714959	1	297	252	39.839
1.308997	1.367556	0.358405	272	255	194	39.836
2.356194	2.001437	0.381215	3	249	203	39.836
1.047198	1.506530	1.988858	263	3	277	39.831
-2.617994	1.184361	0.625864	50	19	61	39.828
0.523599	1.812176	0.656819	283	270	222	39.824
0.785398	1.335669	0.897240	283	270	221	39.821
-2.617994	1.014500	0.906702	12	296	178	39.820
2.879793	2.251330	-2.330739	294	18	111	39.820
0.523599	1.658653	-2.409879	34	34	106	39.812
0.523599	1.134497	-1.109631	292	32	219	39.805
1.047198	1.242974	-2.977882	21	45	83	39.804
2.617994	0.458961	-0.107937	18	261	207	39.800
-2.356194	1.606104	-0.451151	279	292	280	39.799
0.261799	0.960688	-0.577532	288	40	95	39.797
2.617994	1.218453	2.777284	251	12	250	39.795
-1.047198	1.433411	-1.035986	6	32	267	39.791
-2.617994	1.413347	-1.339188	287	269	193	39.790
0.261799	0.850607	-1.335383	266	19	86	39.785
-2.617994	1.683268	0.374177	36	284	215	39.774
0.261799	1.045978	0.343692	281	283	228	39.774
2.356194	2.115563	0.685730	286	275	36	39.770
-2.094395	2.138223	1.678323	9	1	11	39.765
0.000000	2.115563	0.685730	253	34	264	39.762
-1.308997	1.433411	-1.035986	9	26	267	39.757
-2.617994	1.247695	1.809890	289	280	30	39.757
-1.047198	1.413430	2.550734	44	272	56	39.754
0.785398	2.349581	-2.702517	27	44	105	39.746
-0.261799	0.992645	-1.723759	10	279	220	39.740
-2.617994	2.704512	1.488683	26	21	100	39.739
-0.785398	1.374601	-2.456031	49	1	101	39.737
-3.141593	2.478122	2.609777	256	290	27	39.736
-1.570796	0.290380	-0.796960	24	8	204	39.730
0.523599	1.554776	0.100351	252	288	214	39.727
0.785398	0.458961	-0.107937	250	2	24	39.721
0.261799	1.450119	-2.739050	8	46	237	39.720
-2.617994	1.846342	-1.796954	284	260	244	39.718
-1.832596	2.073035	2.027405	29	272	197	39.716
-1.570796	2.108018	1.311430	26	3	194	39.713
-2.617994	1.658653	-2.409879	264	278	236	39.702
2.879793	1.869911	2.701025	252	289	263	39.702
-2.617994	1.732874	-0.951685	40	13	114	39.697
1.308997	0.591903	2.010408	4	268	210	39.695
1.308997	1.870545	-2.976234	12	46	92	39.694
-2.356194	1.599406	1.426070	8	280	173	39.687
-1.308997	2.984978	1.954446	27	285	213	39.684
-1.308997	2.180315	-1.357379	295	297	116	39.683
2.617994	1.658653	-2.409879	289	13	106	39.683
-1.047198	0.929350	-2.910676	46	286	81	39.683
-1.047198	1.506530	1.988858	7	281	170	39.682
2.879793	1.836682	-0.676006	12	271	230	39.679
-0.523599	2.379497	0.561089	266	43	273	39.679
-2.094395	1.948085	-2.363031	294	249	232	39.677
0.785398	2.984978	1.954446	263	46	33	39.675
-2.879793	1.617114	-1.572037	22	298	116	39.673
1.570796	2.592629	0.909713	256	283	258	39.667
1.047198	0.700570	1.559208	292	265	213	39.667
1.308997	1.721184	-0.153948	273	256	215	39.666
-2.617994	1.617114	-1.572037	25	299	116	39.665
-0.523599	1.184361	0.625864	270	4	184	39.650
-0.261799	0.496451	0.593859	258	298	41	39.647
-2.356194	2.407836	1.410646	21	267	193	39.641
-1.832596	0.080730	-2.622036	286	281	17	39.641
0.523599	0.850607	-1.335383	259	16	86	39.632
-2.617994	2.001437	0.381215	21	15	34	39.632
2.617994	0.618092	2.539118	266	29	244	39.626
1.570796	1.128190	-2.288622	264	21	92	39.625
-2.879793	2.251330	-2.330739	262	299	208	39.625
-3.141593	1.574060	2.783565	248	274	55	39.624
2.094395	1.218453	2.777284	255	26	249	39.620
-0.785398	1.977582	0.969896	263	15	265	39.617
-1.832596	1.658653	-2.409879	8	248	226	39.617
-1.047198	2.664082	-1.071402	268	292	115	39.614
2.617994	2.073035	2.027405	259	281	262	39.608
-1.570796	0.906588	1.252948	283	298	173	39.608
2.094395	1.977582	0.969896	273	275	42	39.601
2.879793	0.992645	-1.723759	255	276	274	39.600
-2.879793	1.812176	0.656819	298	25	247	39.595
1.308997	2.478122	2.609777	269	4	38	39.593
2.617994	2.295480	1.008277	296	248	195	39.591
-2.879793	2.724429	-0.348782	1	29	10	39.588
1.570796	1.184361	0.625864	286	254	184	39.584
0.523599	1.982574	-1.115518	269	285	105	39.583
1.047198	2.588535	-2.976617	7	23	228	39.577
0.000000	2.299159	2.264663	266	25	33	39.575
-2.094395	0.914445	2.687814	265	289	255	39.568
0.523599	1.195355	1.200319	280	271	215	39.560
0.000000	1.194549	-0.801900	260	36	299	39.560
2.356194	0.960688	-0.577532	280	245	212	39.559
1.047198	1.450119	-2.739050	279	55	30	39.556
0.785398	0.906588	1.252948	275	271	169	39.551
-2.094395	1.218453	2.777284	271	284	259	39.533
2.094395	1.658653	-2.409879	292	28	107	39.526
2.356194	0.379747	-1.713059	249	299	23	39.523
1.047198	1.433411	-1.035986	256	287	99	39.523
0.261799	1.699788	2.452890	297	34	256	39.522
2.879793	2.396274	-1.959260	294	17	121	39.521
2.094395	1.413430	2.550734	252	19	249	39.521
0.785398	1.134796	2.434290	297	31	2	39.519
0.261799	0.866395	-2.492918	5	47	22	39.516
-1.308997	0.929350	-2.910676	0	284	273	39.514
-1.832596	1.310100	1.488307	298	290	169	39.511
1.570796	1.433411	-1.035986	248	284	99	39.508
1.308997	0.615174	-0.666022	245	291	214	39.507
-0.785398	0.961715	0.014085	19	50	76	39.503
2.617994	1.872854	1.543456	271	267	43	39.499
1.047198	0.960688	-0.577532	246	297	224	39.499
-2.617994	2.881233	-2.582574	251	6	48	39.498
2.617994	2.393226	1.857173	264	270	259	39.495
2.879793	0.910508	1.903534	281	5	177	39.487
1.570796	2.407836	1.410646	248	297	49	39.487
0.261799	1.617114	-1.572037	17	19	119	39.478
-0.785398	2.393226	1.857173	12	30	249	39.472
1.047198	1.025536	1.576859	26	5	47	39.470
-0.523599	2.247462	0.191623	262	43	50	39.470
0.523599	2.356369	3.005869	299	43	281	39.470
1.308997	0.297065	2.160177	6	270	214	39.465
2.356194	1.113094	-0.272241	264	15	31	39.462
2.094395	1.113094	-0.272241	265	21	30	39.458
-2.617994	2.295480	1.008277	23	270	194	39.455
-1.570796	1.510910	-0.740472	37	32	106	39.452
-1.308997	2.247462	0.191623	265	12	273	39.445
-0.261799	0.618092	2.539118	2	0	299	39.440
-2.879793	1.872854	1.543456	289	268	43	39.434
-1.308997	0.640596	-2.797608	7	281	235	39.433
2.617994	0.496451	0.593859	51	2	62	39.429
-1.308997	0.685216	-1.712745	50	10	98	39.425
-0.523599	1.683268	0.374177	265	15	291	39.418
-1.308997	1.195355	1.200319	290	1	172	39.416
-0.523599	2.664082	-1.071402	272	281	114	39.407
-0.261799	2.979456	-1.009304	261	291	48	39.406
2.879793	2.984978	1.954446	265	284	38	39.406
0.261799	1.184361	0.625864	279	279	224	39.403
-0.523599	1.574060	2.783565	268	37	278	39.399
1.832596	1.184361	0.625864	293	253	184	39.399
2.094395	1.504028	0.636812	297	252	187	39.398
-1.570796	2.180315	-1.357379	17	4	127	39.396
0.000000	0.290380	-0.796960	260	41	274	39.396
2.879793	1.545873	-1.877082	268	266	237	39.396
-2.617994	0.619654	-2.216909	285	247	204	39.394
2.617994	1.184361	0.625864	15	262	184	39.390
-2.879793	1.809167	1.213774	12	267	179	39.389
-3.141593	1.870545	-2.976234	249	287	277	39.386
0.000000	0.571433	-1.188419	274	50	36	39.380
1.570796	2.456751	-1.503343	25	19	126	39.373
-0.261799	2.588535	-2.976617	13	10	291	39.372
0.785398	1.113094	-0.272241	242	9	271	39.372
2.356194	2.247462	0.191623	291	272	283	39.371
-1.047198	1.872854	1.543456	299	33	195	39.370
2.879793	0.571433	-1.188419	294	252	220	39.367
-1.832596	0.961715	0.014085	43	40	78	39.367
1.832596	1.721184	-0.153948	289	250	215	39.365
1.832596	0.297065	2.160177	44	24	48	39.364
0.261799	1.555207	1.708892	20	23	48	39.363
-2.879793	1.948085	-2.363031	294	297	110	39.357
-2.356194	1.194549	-0.801900	52	9	103	39.355
-2.879793	0.992645	-1.723759	279	276	191	39.349
1.308997	0.618092	2.539118	279	272	56	39.348
-2.356194	1.555207	1.708892	299	276	32	39.345
1.570796	2.187132	-0.479875	275	292	13	39.339
2.617994	1.367556	0.358405	15	257	194	39.332
0.000000	0.379747	-1.713059	30	47	76	39.323
1.047198	2.760637	2.781135	21	47	89	39.321
-1.308997	1.168678	2.108595	26	276	46	39.321
2.617994	2.180315	-1.357379	13	11	127	39.318
1.832596	1.367556	0.358405	289	249	194	39.315
1.570796	1.214854	-1.966664	255	6	92	39.304
2.879793	1.569311	-3.003978	241	274	63	39.302
2.617994	1.301460	-0.509251	294	247	222	39.300
-0.785398	1.218453	2.777284	4	297	259	39.299
-3.141593	1.413347	-1.339188	275	274	201	39.281
2.617994	1.569311	-3.003978	237	284	62	39.281
1.047198	1.413347	-1.339188	260	295	100	39.280
-2.879793	2.396274	-1.959260	294	5	120	39.277
1.047198	1.809167	1.213774	255	278	186	39.275
-0.261799	2.396274	-1.959260	290	273	99	39.273
-1.308997	0.762244	-0.273349	33	46	81	39.269
-1.832596	2.456751	-1.503343	5	3	125	39.267
-2.879793	1.045978	0.343692	55	11	68	39.266
2.879793	2.407836	1.410646	278	256	59	39.265
-1.308997	2.379497	0.561089	289	55	295	39.263
0.000000	2.579248	-2.364801	7	4	1	39.262
-0.785398	0.618092	2.539118	291	295	297	39.260
1.308997	2.104282	-0.813972	269	279	108	39.260
-0.523599	2.251330	-2.330739	38	268	117	39.254
-0.261799	2.251330	-2.330739	41	274	117	39.254
-0.785398	2.349581	-2.702517	41	263	109	39.254
-0.523599	0.906588	1.252948	276	297	169	39.250
-1.570796	2.164094	-2.991358	3	281	286	39.245
-1.570796	0.914445	2.687814	287	292	298	39.245
-1.570796	0.866395	-2.492918	271	289	259	39.242
1.308997	0.700570	1.559208	36	1	48	39.241
2.094395	1.134497	-1.109631	250	292	299	39.240
-0.261799	2.863997	0.549740	273	294	277	39.240
-3.141593	1.812176	0.656819	0	21	247	39.236
-1.047198	0.080730	-2.622036	50	290	70	39.234
0.261799	2.164094	-2.991358	48	28	94	39.233
-1.832596	1.766067	2.153843	297	29	239	39.226
2.094395	1.450119	-2.739050	287	30	94	39.216
2.617994	1.836682	-0.676006	9	267	230	39.216
1.047198	1.256302	0.062705	264	262	202	39.216
1.570796	1.756530	-2.105156	296	35	112	39.216
2.879793	0.685216	-1.712745	266	278	268	39.214
1.570796	0.906588	1.252948	297	265	216	39.212
-0.261799	2.033014	2.977192	14	20	275	39.208
-2.094395	0.674054	1.013609	292	7	178	39.208
-1.832596	0.203748	0.590255	298	15	179	39.205
2.094395	1.736875	3.023612	244	27	18	39.202
-0.785398	2.247462	0.191623	269	48	50	39.202
2.617994	2.108018	1.311430	289	253	185	39.199
1.570796	2.664082	-1.071402	11	282	250	39.196
-1.308997	2.664082	-1.071402	268	297	115	39.192
-0.523599	1.870545	-2.976234	20	18	279	39.188
2.356194	1.168678	2.108595	281	280	165	39.175
2.094395	2.863997	0.549740	295	250	97	39.173
2.094395	1.335669	0.897240	298	258	178	39.171
1.047198	2.001437	0.381215	246	297	40	39.170
-2.617994	0.850607	-1.335383	41	285	99	39.169
-3.141593	1.977582	0.969896	14	260	187	39.162
2.094395	1.310100	1.488307	272	284	183	39.138
2.617994	1.134497	-1.109631	290	257	237	39.137
1.308997	1.766067	2.153843	266	2	286	39.137
1.308997	1.374601	-2.456031	265	52	35	39.137
-0.261799	0.850607	-1.335383	287	47	46	39.136
0.000000	2.033014	2.977192	11	30	275	39.134
0.261799	1.721184	-0.153948	244	17	233	39.133
2.356194	1.982574	-1.115518	289	276	252	39.131
2.617994	1.506530	1.988858	262	282	38	39.131
-1.570796	1.448123	-2.163292	5	286	294	39.126
-2.356194	0.496451	0.593859	8	8	186	39.126
0.261799	1.809167	1.213774	265	12	192	39.126
-2.356194	1.025536	1.576859	291	290	169	39.125
0.785398	1.869911	2.701025	29	44	70	39.123
-1.308997	2.115563	0.685730	296	50	283	39.118
0.785398	0.960688	-0.577532	244	17	272	39.116
-2.617994	2.979456	-1.009304	20	42	100	39.111
0.523599	2.664082	-1.071402	282	287	298	39.109
0.523599	1.824694	1.850876	280	17	190	39.107
0.785398	1.014500	0.906702	282	270	220	39.106
2.094395	1.440580	2.260026	257	11	245	39.097
-2.617994	1.194549	-0.801900	52	289	99	39.094
-2.094395	1.417623	-0.202254	50	32	90	39.093
0.000000	2.153910	-1.714959	287	283	107	39.092
-2.094395	2.041297	-2.664597	281	275	292	39.081
-3.141593	1.417623	-0.202254	38	289	74	39.071
-1.308997	0.458961	-0.107937	38	46	67	39.069
-2.879793	1.504028	0.636812	22	282	48	39.066
1.570796	0.203748	0.590255	294	285	16	39.063
1.308997	1.014500	0.906702	290	267	221	39.061
-1.308997	0.960688	-0.577532	38	41	91	39.061
0.523599	1.413430	2.550734	39	32	59	39.056
-0.523599	0.203748	0.590255	250	21	14	39.055
2.356194	0.290380	-0.796960	288	253	209	39.049
0.785398	0.615174	-0.666022	241	28	276	39.046
1.308997	1.741644	-2.695914	271	52	244	39.042
-1.832596	1.909857	-0.381669	1	37	54	39.042
-3.141593	1.247695	1.809890	297	271	165	39.039
2.879793	2.001437	0.381215	18	259	203	39.038
-3.141593	1.128190	-2.288622	265	257	217	39.031
1.570796	1.998705	2.370472	241	34	273	39.030
0.523599	2.979456	-1.009304	279	259	88	39.029
2.356194	1.440580	2.260026	259	6	245	39.028
-2.879793	0.379747	-1.713059	292	248	202	39.027
-1.832596	1.488617	1.159546	50	14	53	39.022
-1.308997	1.948085	-2.363031	4	287	299	39.014
-1.832596	1.256302	0.062705	43	39	79	39.014
-0.261799	2.108018	1.311430	18	41	63	39.012
-1.570796	0.379747	-1.713059	19	299	260	39.007
-1.832596	1.014500	0.906702	13	285	223	39.003
-0.785398	2.138223	1.678323	1	37	201	39.002
-1.570796	1.194549	-0.801900	44	31	101	38.997
-2.094395	2.033014	2.977192	291	267	258	38.980
1.570796	1.256302	0.062705	279	251	202	38.980
-3.141593	0.866395	-2.492918	252	286	267	38.980
-1.832596	2.299159	2.264663	1	264	59	38.978
-3.141593	1.766067	2.153843	274	276	237	38.973
2.879793	1.194549	-0.801900	286	271	282	38.969
2.617994	1.135813	-2.658866	246	11	35	38.966
-3.141593	1.325504	-1.671296	276	276	195	38.965
0.000000	2.356369	3.005869	25	0	217	38.959
-2.879793	2.001437	0.381215	295	26	250	38.956
0.000000	2.063651	-2.044600	41	21	117	38.954
2.879793	2.299159	2.264663	257	292	18	38.950
1.308997	2.033014	2.977192	264	48	235	38.947
1.570796	0.379747	-1.713059	245	22	278	38.947
2.617994	1.982574	-1.115518	259	6	219	38.944
0.261799	0.203748	0.590255	257	289	244	38.944
0.785398	1.367556	0.358405	261	269	194	38.931
-3.141593	1.440580	2.260026	259	279	40	38.926
-1.047198	1.448123	-2.163292	16	1	293	38.926
-1.570796	0.458961	-0.107937	35	43	71	38.922
-3.141593	2.073035	2.027405	278	269	246	38.918
2.617994	2.349581	-2.702517	291	26	101	38.914
-1.570796	1.554776	0.100351	12	44	63	38.911
-2.617994	2.984978	1.954446	289	280	288	38.909
-1.832596	1.448123	-2.163292	11	250	228	38.907
-2.094395	1.756530	-2.105156	298	251	237	38.898
-2.094395	0.080730	-2.622036	276	283	12	38.898
-1.308997	2.393226	1.857173	15	11	251	38.895
-1.047198	1.168678	2.108595	28	277	47	38.891
0.523599	1.135834	-1.431087	264	13	94	38.890
0.261799	1.554776	0.100351	249	29	54	38.890
-2.617994	1.809167	1.213774	13	276	40	38.888
-1.832596	0.290380	-0.796960	7	273	222	38.880
-1.308997	1.824694	1.850876	288	33	242	38.878
-0.523599	1.998705	2.370472	46	293	72	38.877
-1.570796	2.407836	1.410646	17	18	247	38.875
2.617994	2.724429	-0.348782	21	277	223	38.875
-0.785398	2.001437	0.381215	263	16	289	38.874
2.356194	1.184361	0.625864	9	257	184	38.870
-0.261799	0.571433	-1.188419	283	51	36	38.868
-3.141593	2.299159	2.264663	264	286	17	38.860
0.261799	0.615174	-0.666022	253	36	33	38.857
1.570796	1.721184	-0.153948	281	252	215	38.845
-0.523599	1.256302	0.062705	270	12	202	38.844
1.047198	1.184361	0.625864	272	262	184	38.844
-1.570796	2.393226	1.857173	13	1	250	38.843
-1.832596	1.325504	-1.671296	273	296	286	38.838
0.523599	1.301460	-0.509251	259	286	220	38.836
2.094395	0.591903	2.010408	288	22	183	38.835
0.785398	0.591903	2.010408	295	266	209	38.831
-1.047198	1.325504	-1.671296	15	295	118	38.829
-0.785398	1.391910	3.030322	10	297	268	38.819
-0.261799	1.450119	-2.739050	51	16	93	38.812
0.000000	2.247462	0.191623	249	30	50	38.811
2.094395	1.721184	-0.153948	299	250	215	38.811
-2.879793	1.310100	1.488307	298	279	31	38.810
-0.523599	1.301460	-0.509251	280	51	50	38.808
-0.261799	1.569311	-3.003978	51	15	87	38.806
0.523599	0.379747	-1.713059	11	48	75	38.803
-1.570796	0.619654	-2.216909	12	285	260	38.799
1.570796	1.367556	0.358405	280	251	194	38.795
2.094395	1.569311	-3.003978	287	32	87	38.790
-0.261799	2.073035	2.027405	297	32	199	38.788
-2.879793	1.014500	0.906702	14	290	178	38.787
-0.523599	0.866395	-2.492918	63	16	74	38.785
-2.094395	2.455966	-0.641220	269	277	83	38.784
-1.308997	2.153910	-1.714959	24	294	124	38.780
-3.141593	2.001437	0.381215	23	267	203	38.778
1.570796	2.247462	0.191623	262	256	91	38.767
1.570796	0.496451	0.593859	28	280	63	38.765
2.617994	2.396274	-1.959260	296	23	120	38.762
2.617994	1.413347	-1.339188	278	291	290	38.759
2.617994	1.488617	1.159546	1	264	175	38.754
1.570796	2.760637	2.781135	269	35	79	38.753
-0.523599	2.174483	2.653697	20	33	233	38.750
1.308997	2.115563	0.685730	295	286	235	38.743
-0.261799	2.407836	1.410646	275	55	280	38.743
-2.617994	0.831641	0.616218	48	26	61	38.741
1.832596	2.115563	0.685730	268	274	53	38.738
-1.570796	0.203748	0.590255	268	43	263	38.738
0.261799	1.545873	-1.877082	17	27	105	38.737
0.785398	1.247695	1.809890	281	289	165	38.729
-2.879793	1.506530	1.988858	272	277	37	38.728
0.523599	2.180315	-1.357379	279	281	106	38.726
-1.047198	0.831641	0.616218	273	39	196	38.726
-1.047198	0.571433	-1.188419	11	33	265	38.725
-2.617994	1.025536	1.576859	293	289	169	38.720
-0.261799	1.766067	2.153843	3	29	213	38.717
-2.094395	2.396274	-1.959260	4	291	120	38.714
0.261799	2.588535	-2.976617	10	27	291	38.707
1.047198	0.290380	-0.796960	249	4	202	38.704
2.879793	1.617114	-1.572037	276	265	244	38.700
0.523599	1.998705	2.370472	265	16	38	38.696
-1.570796	1.948085	-2.363031	297	283	0	38.684
1.832596	0.080730	-2.622036	259	38	266	38.683
-1.570796	2.299159	2.264663	9	295	267	38.679
-2.356194	1.374601	-2.456031	290	245	218	38.678
-0.523599	0.709924	0.218797	265	5	193	38.674
2.879793	0.700570	1.559208	2	298	172	38.673
2.356194	1.812176	0.656819	290	273	46	38.672
1.570796	2.063651	-2.044600	4	34	118	38.670
-0.261799	1.247695	1.809890	296	285	167	38.662
2.617994	0.960688	-0.577532	263	12	26	38.662
-2.356194	0.685216	-1.712745	39	281	92	38.661
0.261799	0.290380	-0.796960	259	37	45	38.660
-3.141593	0.899350	-2.069907	270	254	215	38.657
0.000000	2.187132	-0.479875	260	21	64	38.657
-1.570796	0.709924	0.218797	298	16	193	38.655
-0.261799	2.104282	-0.813972	262	10	90	38.655
-2.879793	2.592629	0.909713	25	264	215	38.650
1.832596	0.591903	2.010408	31	25	59	38.643
-1.570796	1.440580	2.260026	3	267	184	38.642
-0.261799	2.455966	-0.641220	297	9	124	38.636
2.356194	1.194549	-0.801900	290	254	223	38.630
1.832596	1.301460	-0.509251	282	254	219	38.630
2.879793	1.413347	-1.339188	273	279	200	38.628
0.000000	1.846342	-1.796954	28	15	121	38.617
2.356194	0.992645	-1.723759	241	275	81	38.612
-2.879793	0.831641	0.616218	51	18	60	38.610
-1.047198	1.683268	0.374177	26	52	84	38.610
-1.832596	2.063651	-2.044600	20	283	118	38.605
0.785398	0.685216	-1.712745	261	19	80	38.605
0.785398	1.658653	-2.409879	290	53	250	38.597
0.000000	1.875281	0.107086	284	30	104	38.597
0.261799	2.033014	2.977192	45	33	83	38.597
-2.356194	1.335669	0.897240	14	294	179	38.592
0.000000	1.168678	2.108595	35	12	49	38.591
1.832596	1.504028	0.636812	288	252	187	38.585
-0.261799	1.977582	0.969896	261	13	281	38.583
-1.832596	2.984978	1.954446	9	296	288	38.583
-2.617994	1.870545	-2.976234	258	275	222	38.579
-0.261799	0.910508	1.903534	12	289	33	38.577
