160	1.2	0
-2.879793	0.864993	2.278281
0.000000	0.000000	0.000000
model.B99990002.pdb	-29.140	9.127	3.152
1iob.pdb	15.932	13.567	1.186
-0.785398	0.906588	1.252948	152	27	46	13.017
0.000000	1.824694	1.850876	153	31	39	11.397
-1.308997	2.138223	1.678323	149	27	42	11.374
-3.141593	1.488617	1.159546	156	29	45	11.117
2.879793	1.194549	-0.801900	155	30	41	10.663
-1.308997	0.418037	1.360082	1	29	42	10.349
-0.523599	0.203748	0.590255	1	29	41	9.894
-1.047198	1.310100	1.488307	129	6	34	9.495
2.879793	0.960688	-0.577532	154	28	46	9.263
-1.047198	1.599406	1.426070	128	5	31	9.202
-1.308997	1.812176	0.656819	128	4	33	9.016
-1.570796	2.115563	0.685730	127	9	28	8.763
-1.308997	2.115563	0.685730	127	5	27	8.479
-1.832596	0.297065	2.160177	151	25	49	8.319
-0.261799	0.203748	0.590255	153	21	53	8.319
-1.308997	1.977582	0.969896	127	7	29	8.242
-3.141593	1.134497	-1.109631	151	30	41	7.936
-1.570796	2.247462	0.191623	127	4	27	7.656
-1.047198	0.914445	2.687814	127	4	29	7.639
-1.570796	1.809167	1.213774	153	25	48	7.512
-1.570796	0.906588	1.252948	149	22	51	7.373
-1.832596	0.591903	2.010408	149	26	47	7.344
-2.617994	1.875281	0.107086	146	26	43	7.307
-1.047198	1.413430	2.550734	126	2	31	7.291
-0.261799	0.496451	0.593859	157	28	46	7.255
-3.141593	1.301460	-0.509251	150	29	41	7.248
-1.308997	0.906588	1.252948	159	27	46	7.189
-1.570796	2.001437	0.381215	127	7	31	7.176
-2.356194	1.904882	-1.478089	128	6	21	7.136
-2.356194	1.696674	-1.253233	127	7	26	7.136
-1.832596	2.592629	0.909713	145	24	45	7.123
-1.308997	0.914445	2.687814	127	8	29	7.119
-1.308997	2.247462	0.191623	128	159	27	7.095
-1.047198	2.115563	0.685730	128	0	28	7.094
1.047198	0.290380	-0.796960	159	30	40	6.999
-1.832596	1.812176	0.656819	141	21	44	6.985
0.261799	1.824694	1.850876	149	30	39	6.941
-1.570796	2.138223	1.678323	153	29	42	6.925
-1.047198	2.379497	0.561089	128	159	25	6.892
-2.356194	1.214854	-1.966664	127	9	26	6.883
-2.094395	0.866395	-2.492918	127	10	28	6.883
-2.617994	1.135834	-1.431087	128	11	31	6.875
-2.094395	0.929350	-2.910676	129	14	27	6.834
-0.785398	1.599406	1.426070	128	1	31	6.810
-1.308997	1.025536	1.576859	155	29	43	6.801
-1.570796	1.872854	1.543456	153	28	45	6.727
0.785398	1.699788	2.452890	5	136	8	6.662
-1.832596	1.335669	0.897240	147	21	50	6.655
-0.785398	1.488617	1.159546	129	1	34	6.624
-0.785398	2.295480	1.008277	128	159	24	6.607
-2.617994	1.696674	-1.253233	128	11	26	6.599
-2.094395	2.104282	-0.813972	127	4	24	6.598
-2.617994	1.617114	-1.572037	128	11	24	6.598
-1.570796	2.108018	1.311430	150	26	47	6.566
-2.094395	1.214854	-1.966664	127	6	26	6.566
-0.785398	2.108018	1.311430	128	1	25	6.525
-0.261799	1.766067	2.153843	159	31	37	6.485
2.094395	0.618092	2.539118	155	34	32	6.420
2.879793	0.080730	-2.622036	156	25	49	6.398
1.047198	1.699788	2.452890	9	137	8	6.369
-1.832596	0.700570	1.559208	152	24	50	6.361
-2.617994	0.899350	-2.069907	129	14	29	6.337
0.261799	1.869911	2.701025	152	31	39	6.325
-1.832596	0.733948	3.021411	129	13	31	6.322
-1.308997	0.733948	3.021411	127	5	31	6.314
-0.785398	1.555207	1.708892	127	2	28	6.313
-1.832596	0.906588	1.252948	152	23	51	6.200
-3.141593	1.325504	-1.671296	154	31	36	6.148
-2.094395	1.982574	-1.115518	127	3	23	6.078
-2.617994	1.413347	-1.339188	128	10	29	6.078
-1.570796	0.640596	-2.797608	127	5	31	6.061
-1.832596	1.662363	0.915448	144	23	45	6.039
-2.879793	1.391910	3.030322	122	1	26	6.021
-2.094395	1.812176	0.656819	144	25	44	6.010
1.570796	1.242974	-2.977882	155	34	42	5.994
-0.785398	1.809167	1.213774	128	0	29	5.988
1.570796	2.393226	1.857173	12	139	6	5.981
1.570796	1.870545	-2.976234	159	34	41	5.965
1.308997	2.073035	2.027405	11	138	7	5.915
-2.617994	2.349581	-2.702517	154	35	30	5.915
-2.617994	0.591903	2.010408	0	26	48	5.907
1.570796	1.741644	-2.695914	159	32	46	5.899
-2.617994	1.721184	-0.153948	144	24	45	5.878
-1.570796	1.113094	-0.272241	156	34	43	5.870
-1.832596	2.247462	0.191623	127	10	27	5.826
-1.047198	1.809167	1.213774	127	4	30	5.810
-1.047198	1.977582	0.969896	127	3	28	5.802
-0.785398	1.977582	0.969896	128	159	29	5.785
-1.832596	2.187132	-0.479875	127	2	25	5.785
-2.879793	1.569311	-3.003978	122	1	31	5.776
0.000000	1.699788	2.452890	155	31	36	5.768
1.832596	0.379747	-1.713059	2	25	48	5.746
-1.570796	1.025536	1.576859	145	24	46	5.717
-1.047198	1.662363	0.915448	129	3	33	5.712
-1.308997	1.555207	1.708892	152	29	42	5.694
2.617994	1.135834	-1.431087	153	29	42	5.680
-1.832596	1.374601	-2.456031	127	13	25	5.679
-2.879793	1.875281	0.107086	150	29	43	5.651
-2.094395	0.591903	2.010408	153	27	47	5.651
-3.141593	0.080730	-2.622036	153	25	50	5.651
-2.356194	1.812176	0.656819	147	27	44	5.651
-1.832596	1.025536	1.576859	148	26	46	5.651
-2.094395	0.685216	-1.712745	148	31	50	5.622
-0.261799	1.242974	-2.977882	158	135	10	5.621
2.094395	1.325504	-1.671296	3	29	36	5.585
2.356194	2.588535	-2.976617	128	17	32	5.582
-1.308997	2.379497	0.561089	127	3	25	5.558
-2.356194	1.982574	-1.115518	127	7	23	5.541
-0.785398	1.247695	1.809890	127	4	31	5.541
-2.617994	1.325504	-1.671296	128	12	27	5.500
-2.617994	1.214854	-1.966664	129	13	26	5.500
-2.094395	2.343981	-1.040456	129	2	19	5.500
-2.356194	0.866395	-2.492918	129	14	28	5.491
-1.308997	2.001437	0.381215	128	2	30	5.468
0.000000	1.812176	0.656819	152	29	43	5.467
1.047198	2.138223	1.678323	7	135	10	5.460
2.879793	1.256302	0.062705	155	29	45	5.459
-2.094395	0.297065	2.160177	154	26	49	5.424
-2.617994	1.812176	0.656819	151	29	44	5.423
0.785398	0.850607	-1.335383	142	23	49	5.387
2.879793	0.370812	-2.547742	155	27	47	5.387
0.261799	1.870545	-2.976234	154	31	40	5.379
2.879793	1.413347	-1.339188	148	28	40	5.357
-2.356194	1.335669	0.897240	152	26	49	5.357
-0.785398	0.674054	1.013609	157	27	46	5.327
-2.879793	2.404280	-0.174044	144	23	46	5.313
-1.047198	1.247695	1.809890	127	9	31	5.297
2.617994	1.696674	-1.253233	153	30	36	5.292
-2.356194	1.617114	-1.572037	127	6	24	5.265
-2.094395	0.992645	-1.723759	127	4	30	5.256
-2.094395	2.187132	-0.479875	127	7	25	5.256
0.523599	0.496451	0.593859	157	25	48	5.240
1.047198	1.413430	2.550734	10	136	10	5.233
-1.832596	0.910508	1.903534	147	26	45	5.226
-1.832596	1.504028	0.636812	144	20	48	5.226
-2.356194	2.180315	-1.357379	129	5	19	5.223
-1.570796	0.929350	-2.910676	127	6	27	5.215
0.261799	1.812176	0.656819	148	28	43	5.210
-3.141593	1.836682	-0.676006	146	27	41	5.197
-2.879793	2.001437	0.381215	152	30	42	5.197
-2.356194	1.440580	2.260026	148	28	42	5.166
-1.832596	2.108018	1.311430	154	27	47	5.137
-2.356194	0.297065	2.160177	157	26	49	5.131
1.832596	2.393226	1.857173	14	142	6	5.101
0.261799	0.674054	1.013609	154	23	51	5.086
-1.570796	0.418037	1.360082	154	23	51	5.065
-2.094395	1.683268	0.374177	143	21	47	5.064
-2.094395	2.089241	-0.114193	127	10	29	5.037
1.047198	1.998705	2.370472	7	138	5	5.035
1.308997	1.998705	2.370472	11	139	5	5.035
-2.094395	1.247695	1.809890	150	29	42	4.999
-2.094395	0.910508	1.903534	151	28	45	4.998
2.879793	0.419640	2.974122	3	26	46	4.998
-2.879793	0.992645	-1.723759	130	16	30	4.995
-0.523599	2.108018	1.311430	129	156	25	4.988
-0.523599	1.606104	-0.451151	125	14	35	4.971
-0.785398	2.115563	0.685730	129	157	28	4.971
-2.094395	0.640596	-2.797608	129	13	31	4.962
1.570796	2.637879	2.121598	7	139	3	4.940
-1.832596	1.214854	-1.966664	126	11	28	4.916
2.879793	1.732874	-0.951685	148	28	39	4.903
0.785398	1.506530	1.988858	5	133	15	4.874
2.356194	2.637879	2.121598	13	145	3	4.874
-3.141593	0.831641	0.616218	145	32	46	4.874
-2.356194	2.041297	-2.664597	148	35	36	4.873
-3.141593	1.662363	0.915448	154	30	41	4.873
-2.356194	1.875281	0.107086	143	23	43	4.866
0.523599	0.866955	-0.931351	140	21	48	4.866
2.356194	1.732874	-0.951685	145	26	40	4.844
1.308997	2.393226	1.857173	8	138	6	4.808
0.523599	1.413430	2.550734	3	134	11	4.808
1.570796	1.998705	2.370472	13	141	5	4.808
1.308997	1.869911	2.701025	11	140	5	4.808
1.047198	1.440580	2.260026	10	135	13	4.808
0.785398	1.440580	2.260026	6	134	13	4.808
2.094395	1.569311	-3.003978	147	32	41	4.793
0.000000	1.662363	0.915448	152	30	40	4.785
2.356194	0.850607	-1.335383	155	28	46	4.771
0.523599	1.113094	-0.272241	124	4	32	4.760
-1.047198	1.555207	1.708892	148	27	42	4.749
-1.047198	2.295480	1.008277	127	3	24	4.744
-0.785398	1.872854	1.543456	127	3	27	4.736
-1.308997	0.864993	2.278281	128	10	32	4.727
-1.047198	1.510910	-0.740472	147	27	51	4.727
-1.832596	2.104282	-0.813972	128	0	25	4.712
-2.879793	1.909857	-0.381669	145	26	41	4.705
-3.141593	2.588535	-2.976617	122	9	28	4.687
-2.094395	1.128190	-2.288622	127	9	25	4.678
1.570796	1.325504	-1.671296	125	8	25	4.678
-2.879793	1.870545	-2.976234	122	2	31	4.677
-2.879793	1.812176	0.656819	155	30	44	4.676
0.785398	2.138223	1.678323	4	135	10	4.676
-1.047198	1.488617	1.159546	129	5	35	4.671
1.832596	1.242974	-2.977882	150	33	42	4.661
-0.523599	1.374601	-2.456031	0	135	8	4.647
-3.141593	1.998705	2.370472	151	36	40	4.646
2.356194	0.379747	-1.713059	155	27	48	4.610
-1.832596	1.310100	1.488307	146	26	44	4.610
1.047198	1.948085	-2.363031	3	26	50	4.602
-1.570796	1.599406	1.426070	126	6	32	4.589
1.047198	1.766067	2.153843	9	136	9	4.581
2.356194	2.138223	1.678323	1	35	32	4.581
-0.261799	1.301460	-0.509251	0	32	36	4.573
-1.570796	1.195355	1.200319	145	21	49	4.544
2.094395	1.870545	-2.976234	148	33	41	4.537
-1.832596	1.741644	-2.695914	127	20	33	4.524
-0.261799	1.450119	-2.739050	1	136	7	4.515
0.785398	1.413430	2.550734	7	135	11	4.514
-1.308997	1.662363	0.915448	128	8	34	4.500
0.523599	2.295480	1.008277	126	11	20	4.492
-2.356194	0.992645	-1.723759	127	7	31	4.483
-1.832596	0.640596	-2.797608	127	8	31	4.483
2.879793	1.617114	-1.572037	9	137	3	4.478
-1.570796	1.135813	-2.658866	127	3	22	4.467
-2.356194	1.732874	-0.951685	127	8	28	4.451
-1.047198	1.025536	1.576859	130	9	36	4.451
-1.570796	0.700570	1.559208	148	22	50	4.441
-1.308997	0.203748	0.590255	126	19	25	4.434
-1.047198	0.864993	2.278281	128	6	32	4.410
-2.356194	2.588535	-2.976617	125	153	28	4.410
-2.356194	1.736875	3.023612	133	21	35	4.409
1.047198	0.496451	0.593859	150	25	47	4.404
-1.047198	1.812176	0.656819	129	1	31	4.353
1.832596	1.870545	-2.976234	153	34	41	4.338
0.785398	0.496451	0.593859	153	26	47	4.338
-1.570796	0.866395	-2.492918	127	8	34	4.321
-2.356194	1.195355	1.200319	155	27	48	4.317
-2.356194	1.662363	0.915448	150	28	45	4.316
1.832596	2.637879	2.121598	10	141	3	4.288
0.523599	2.073035	2.027405	0	136	7	4.288
1.832596	1.998705	2.370472	14	144	5	4.288
2.094395	2.393226	1.857173	16	145	6	4.288
2.094395	2.637879	2.121598	12	143	3	4.288
-2.094395	1.374601	-2.456031	146	32	46	4.287
1.047198	1.824694	1.850876	9	135	12	4.287
-2.094395	1.488617	1.159546	149	27	45	4.251
-2.356194	2.089241	-0.114193	141	22	40	4.250
-2.094395	1.909857	-0.381669	3	32	43	4.236
-3.141593	0.370812	-2.547742	152	28	46	4.222
-1.047198	0.418037	1.360082	150	22	53	4.222
1.308997	2.138223	1.678323	13	138	9	4.221
2.094395	1.242974	-2.977882	145	31	42	4.207
2.617994	1.014500	0.906702	123	4	24	4.199
0.523599	1.045978	0.343692	126	158	21	4.198
-3.141593	1.025536	1.576859	132	18	40	4.198
1.308997	1.699788	2.452890	12	137	8	4.192
0.261799	1.433411	-1.035986	152	31	38	4.178
-2.356194	1.413347	-1.339188	127	7	29	4.158
-1.832596	2.455966	-0.641220	129	1	19	4.157
-2.617994	2.164094	-2.991358	123	157	30	4.157
2.094395	0.619654	-2.216909	4	27	44	4.156
-3.141593	1.242974	-2.977882	122	5	31	4.149
0.785398	1.998705	2.370472	4	137	5	4.126
-2.356194	1.545873	-1.877082	135	0	151	4.126
1.308997	1.824694	1.850876	11	136	13	4.126
2.617994	0.080730	-2.622036	158	25	50	4.090
2.356194	0.685216	-1.712745	157	29	44	4.090
-0.785398	0.496451	0.593859	123	8	22	4.084
-1.308997	1.113094	-0.272241	151	34	43	4.082
-2.617994	0.297065	2.160177	124	13	23	4.076
-2.617994	2.247462	0.191623	147	22	50	4.074
2.879793	1.134497	-1.109631	156	30	41	4.059
-3.141593	0.850607	-1.335383	152	29	45	4.030
-3.141593	2.089241	-0.114193	153	30	39	4.023
-2.617994	1.662363	0.915448	154	29	45	4.023
-2.094395	2.455966	-0.641220	156	33	44	4.008
2.356194	2.719179	-1.780644	0	29	50	3.995
-0.523599	1.450119	-2.739050	157	137	7	3.994
-2.879793	0.899350	-2.069907	152	29	43	3.993
1.308997	1.014500	0.906702	148	32	35	3.987
2.617994	1.194549	-0.801900	159	29	42	3.985
-2.356194	0.615174	-0.666022	143	32	45	3.965
-1.308997	1.135813	-2.658866	126	4	30	3.964
-0.785398	1.310100	1.488307	128	4	35	3.963
-2.094395	1.310100	1.488307	151	28	44	3.958
-2.356194	0.906588	1.252948	157	25	50	3.958
-2.356194	1.504028	0.636812	149	25	48	3.958
-2.094395	1.662363	0.915448	147	26	44	3.957
0.000000	1.184361	0.625864	126	7	17	3.954
2.879793	1.948085	-2.363031	128	8	39	3.954
0.523599	1.256302	0.062705	124	1	27	3.946
1.570796	1.488617	1.159546	132	20	35	3.939
2.094395	0.685216	-1.712745	125	1	34	3.938
2.356194	0.899350	-2.069907	125	4	35	3.938
-1.570796	2.404280	-0.174044	128	0	23	3.931
-3.141593	1.658653	-2.409879	128	159	38	3.931
-1.832596	1.448123	-2.163292	141	30	42	3.928
-2.617994	1.732874	-0.951685	128	12	29	3.922
-2.356194	1.325504	-1.671296	127	7	26	3.922
-1.308997	0.929350	-2.910676	127	2	26	3.914
-1.047198	0.910508	1.903534	129	8	34	3.914
2.617994	0.850607	-1.335383	1	29	45	3.906
1.832596	0.080730	-2.622036	127	20	29	3.905
-1.832596	0.866395	-2.492918	127	6	29	3.898
0.000000	1.909857	-0.381669	123	1	33	3.890
-2.356194	0.618092	2.539118	123	159	22	3.873
-2.094395	0.899350	-2.069907	127	7	29	3.873
-3.141593	1.870545	-2.976234	122	8	31	3.865
-2.879793	2.164094	-2.991358	122	3	30	3.864
-2.094395	0.906588	1.252948	154	25	51	3.862
2.094395	1.374601	-2.456031	1	130	14	3.862
-1.832596	0.419640	2.974122	131	13	35	3.856
-2.617994	1.870545	-2.976234	124	156	31	3.841
0.523599	0.297065	2.160177	128	3	32	3.841
-0.785398	1.367556	0.358405	155	130	11	3.833
1.570796	0.379747	-1.713059	5	23	48	3.826
-1.308997	0.674054	1.013609	151	19	53	3.826
2.617994	1.433411	-1.035986	153	29	42	3.825
-2.356194	0.914445	2.687814	125	156	21	3.824
0.000000	1.998705	2.370472	156	31	41	3.817
-2.879793	2.478122	2.609777	148	36	31	3.804
-3.141593	2.478122	2.609777	153	37	31	3.803
-1.832596	1.488617	1.159546	147	25	45	3.796
0.785398	2.073035	2.027405	2	136	8	3.767
0.785398	1.448123	-2.163292	0	27	52	3.760
2.356194	1.510910	-0.740472	158	32	43	3.738
2.879793	0.992645	-1.723759	150	29	42	3.730
1.308997	0.831641	0.616218	150	22	50	3.723
-1.570796	1.741644	-2.695914	124	15	33	3.710
-2.094395	2.033014	2.977192	126	19	31	3.710
-2.356194	1.869911	2.701025	128	20	35	3.710
1.308997	1.574060	2.783565	15	141	7	3.701
0.785398	2.592629	0.909713	9	136	8	3.701
2.879793	1.301460	-0.509251	154	30	41	3.700
-2.356194	2.104282	-0.813972	127	8	26	3.687
-2.617994	0.496451	0.593859	127	12	39	3.686
-0.785398	0.864993	2.278281	127	3	32	3.678
-2.356194	0.961715	0.014085	137	27	38	3.672
-1.570796	0.297065	2.160177	148	26	50	3.672
-0.523599	1.812176	0.656819	3	131	5	3.672
1.570796	0.906588	1.252948	10	140	0	3.672
-0.785398	1.812176	0.656819	158	131	5	3.672
-3.141593	1.256302	0.062705	151	28	45	3.670
-1.308997	1.242974	-2.977882	126	6	29	3.670
0.261799	1.683268	0.374177	124	6	23	3.670
0.261799	2.115563	0.685730	125	10	21	3.670
0.785398	2.115563	0.685730	125	0	21	3.670
-1.832596	0.615174	-0.666022	125	14	35	3.669
-2.617994	2.138223	1.678323	125	16	22	3.661
-2.356194	1.184361	0.625864	122	10	27	3.661
-1.832596	1.184361	0.625864	122	159	27	3.661
-1.570796	0.866955	-0.931351	123	12	31	3.661
-2.356194	1.555207	1.708892	123	10	33	3.661
-1.832596	1.555207	1.708892	123	0	33	3.653
-0.523599	0.496451	0.593859	122	3	22	3.646
-0.523599	2.295480	1.008277	130	155	24	3.646
-2.356194	0.899350	-2.069907	128	9	28	3.620
0.000000	0.674054	1.013609	131	156	14	3.620
-1.570796	0.733948	3.021411	128	7	31	3.613
1.047198	1.506530	1.988858	8	134	15	3.606
0.261799	0.960688	-0.577532	5	129	16	3.606
-2.094395	1.335669	0.897240	150	24	49	3.598
2.617994	0.899350	-2.069907	158	30	40	3.598
-2.094395	0.700570	1.559208	156	25	50	3.598
1.047198	1.732874	-0.951685	129	14	33	3.596
0.000000	1.870545	-2.976234	158	31	41	3.591
-1.047198	1.606104	-0.451151	144	29	46	3.591
-2.879793	0.290380	-0.796960	156	30	53	3.569
0.523599	1.998705	2.370472	147	29	42	3.562
1.832596	0.929350	-2.910676	148	32	43	3.554
-0.261799	1.662363	0.915448	156	31	40	3.554
-2.094395	1.135834	-1.431087	143	33	39	3.540
1.308997	1.766067	2.153843	12	137	10	3.540
2.617994	1.301460	-0.509251	159	30	41	3.539
0.523599	1.870545	-2.976234	149	30	40	3.525
1.832596	1.741644	-2.695914	155	32	46	3.524
-3.141593	1.721184	-0.153948	151	28	46	3.503
-2.617994	2.863997	0.549740	150	30	42	3.496
-1.308997	2.393226	1.857173	150	29	39	3.481
2.356194	1.214854	-1.966664	0	31	38	3.475
0.523599	1.699788	2.452890	2	135	8	3.474
-1.832596	1.128190	-2.288622	127	12	29	3.459
1.832596	1.736875	3.023612	151	34	36	3.458
0.523599	2.108018	1.311430	137	4	144	3.445
2.879793	0.850607	-1.335383	157	29	45	3.444
2.879793	1.836682	-0.676006	151	29	41	3.437
0.000000	1.433411	-1.035986	157	33	38	3.437
-2.879793	1.440580	2.260026	133	19	40	3.434
0.785398	0.762244	-0.273349	124	159	28	3.426
-1.308997	0.709924	0.218797	126	153	34	3.426
0.523599	1.504028	0.636812	126	0	18	3.426
-2.094395	1.555207	1.708892	122	4	33	3.417
-0.785398	0.615174	-0.666022	126	153	34	3.417
2.617994	1.741644	-2.695914	125	11	32	3.417
-1.570796	2.164094	-2.991358	122	11	26	3.417
2.356194	1.741644	-2.695914	127	15	32	3.417
-1.832596	2.089241	-0.114193	127	7	29	3.410
-1.570796	0.831641	0.616218	125	155	33	3.409
2.879793	0.866395	-2.492918	124	0	30	3.409
2.879793	2.187132	-0.479875	152	31	36	3.408
0.261799	1.218453	2.777284	1	134	12	3.408
-0.785398	1.025536	1.576859	129	5	37	3.402
1.570796	1.448123	-2.163292	125	9	26	3.401
-1.832596	1.135813	-2.658866	127	7	23	3.401
-2.094395	1.545873	-1.877082	127	5	21	3.394
-1.308997	0.685216	-1.712745	127	13	39	3.393
1.308997	0.850607	-1.335383	127	8	39	3.393
-2.879793	0.906588	1.252948	128	15	39	3.393
-0.523599	0.685216	-1.712745	126	159	38	3.385
-2.879793	1.135834	-1.431087	130	14	31	3.384
0.785398	1.824694	1.850876	4	134	12	3.379
-3.141593	1.766067	2.153843	149	35	44	3.378
2.617994	2.033014	2.977192	124	16	24	3.376
2.879793	2.041297	-2.664597	126	16	36	3.376
0.523599	1.977582	0.969896	127	8	16	3.376
-1.047198	0.290380	-0.796960	127	1	40	3.376
-2.879793	1.836682	-0.676006	144	25	40	3.371
0.785398	1.977582	0.969896	127	3	16	3.368
-2.094395	1.766067	2.153843	123	9	33	3.368
1.570796	1.367556	0.358405	157	24	50	3.363
-0.261799	1.699788	2.452890	0	31	36	3.363
-0.523599	1.809167	1.213774	129	157	30	3.353
-0.261799	1.554776	0.100351	122	9	24	3.352
-1.308997	2.407836	1.410646	146	25	44	3.349
-1.047198	0.496451	0.593859	124	14	22	3.344
-1.047198	2.587733	0.232235	130	157	21	3.344
2.617994	0.370812	-2.547742	159	28	46	3.342
2.617994	1.134497	-1.109631	152	29	44	3.342
2.356194	0.992645	-1.723759	159	30	40	3.342
-3.141593	2.164094	-2.991358	122	9	29	3.335
1.047198	2.393226	1.857173	5	136	6	3.313
1.047198	2.073035	2.027405	6	136	7	3.313
1.308997	1.194549	-0.801900	126	10	24	3.312
1.570796	0.929350	-2.910676	152	34	42	3.298
0.000000	2.174483	2.653697	4	127	17	3.283
2.094395	2.587733	0.232235	126	11	32	3.280
0.000000	1.554776	0.100351	153	33	40	3.276
1.308997	2.881233	-2.582574	6	28	44	3.268
0.785398	1.658653	-2.409879	5	27	48	3.239
-0.523599	2.299159	2.264663	157	128	13	3.217
-2.094395	1.195355	1.200319	151	26	49	3.210
-2.617994	1.488617	1.159546	156	29	45	3.210
-3.141593	1.168678	2.108595	135	18	44	3.181
1.570796	2.251330	-2.330739	158	29	51	3.181
-2.879793	2.174483	2.653697	149	35	37	3.180
-0.261799	1.696674	-1.253233	4	130	38	3.180
-2.356194	1.599406	1.426070	153	29	42	3.173
2.356194	1.218453	2.777284	128	9	29	3.166
2.356194	2.164094	-2.991358	143	30	40	3.166
1.832596	1.391910	3.030322	152	34	36	3.166
-1.047198	2.456751	-1.503343	3	136	5	3.152
-1.308997	1.869911	2.701025	9	132	7	3.144
-1.308997	1.872854	1.543456	126	2	27	3.141
0.785398	0.960688	-0.577532	125	3	35	3.141
-2.356194	1.310100	1.488307	123	8	35	3.141
-1.570796	2.356369	3.005869	122	7	23	3.141
-2.094395	2.637879	2.121598	124	6	16	3.141
-1.308997	0.618092	2.539118	128	9	33	3.141
2.356194	1.658653	-2.409879	129	13	37	3.141
-1.308997	2.041297	-2.664597	122	8	26	3.141
-2.094395	0.674054	1.013609	126	0	39	3.141
0.785398	1.812176	0.656819	126	158	18	3.132
-2.094395	2.299159	2.264663	122	10	23	3.132
-2.356194	1.506530	1.988858	125	11	36	3.132
0.261799	1.504028	0.636812	126	6	18	3.132
-2.094395	2.180315	-1.357379	129	1	19	3.125
-2.617994	0.992645	-1.723759	128	12	30	3.124
0.261799	1.367556	0.358405	124	5	22	3.124
-2.879793	1.325504	-1.671296	130	16	26	3.124
-2.879793	2.407836	1.410646	128	16	15	3.124
-1.832596	1.450119	-2.739050	141	27	48	3.115
2.094395	1.134497	-1.109631	0	29	44	3.115
-1.832596	1.683268	0.374177	141	19	47	3.115
2.094395	1.413347	-1.339188	2	30	39	3.115
-1.570796	0.618092	2.539118	130	13	34	3.108
2.356194	0.370812	-2.547742	3	25	47	3.107
-0.523599	1.872854	1.543456	128	0	26	3.100
-2.879793	1.413347	-1.339188	130	14	29	3.100
0.261799	1.736875	3.023612	153	31	37	3.099
0.785398	1.872854	1.543456	5	133	14	3.085
-1.570796	1.184361	0.625864	147	17	52	3.078
-1.832596	1.195355	1.200319	148	24	48	3.078
-2.617994	1.391910	3.030322	124	156	26	3.060
1.832596	1.569311	-3.003978	125	3	25	3.059
-2.617994	1.869911	2.701025	133	22	33	3.059
2.617994	0.419640	2.974122	126	19	27	3.059
-2.356194	0.290380	-0.796960	147	28	53	3.049
-2.617994	1.683268	0.374177	149	27	47	3.048
-1.047198	1.836682	-0.676006	131	18	39	3.043
-1.832596	0.864993	2.278281	129	153	16	3.027
2.617994	1.335669	0.897240	14	141	2	3.020
-0.261799	1.569311	-3.003978	144	31	46	2.991
2.879793	0.961715	0.014085	155	38	38	2.990
-2.356194	2.349581	-2.702517	149	36	30	2.990
-1.308997	1.506530	1.988858	126	5	32	2.970
-1.047198	0.674054	1.013609	125	6	16	2.961
-1.308997	1.809167	1.213774	126	0	28	2.954
0.785398	1.766067	2.153843	6	135	9	2.954
2.094395	2.984978	1.954446	9	141	3	2.954
-3.141593	0.619654	-2.216909	149	31	43	2.924
2.879793	1.696674	-1.253233	148	28	37	2.917
1.570796	0.961715	0.014085	154	27	45	2.909
-2.094395	1.741644	-2.695914	131	23	33	2.905
-1.832596	2.115563	0.685730	148	21	51	2.902
0.261799	2.108018	1.311430	148	27	46	2.902
-1.832596	2.033014	2.977192	123	14	31	2.897
-1.570796	1.545873	-1.877082	125	18	27	2.897
-2.617994	1.766067	2.153843	127	19	35	2.897
-1.570796	1.756530	-2.105156	125	18	26	2.897
-2.094395	1.736875	3.023612	128	18	36	2.897
-1.832596	1.658653	-2.409879	128	21	31	2.897
-2.617994	1.168678	2.108595	130	13	44	2.896
-2.094395	1.504028	0.636812	146	23	49	2.888
-2.879793	0.419640	2.974122	155	29	45	2.887
0.785398	1.218453	2.777284	10	135	12	2.887
2.356194	0.733948	3.021411	142	32	38	2.887
-1.570796	1.982574	-1.115518	134	16	44	2.881
-3.141593	2.579248	-2.364801	141	28	44	2.880
-2.617994	1.433411	-1.035986	128	10	32	2.873
0.523599	1.417623	-0.202254	125	2	33	2.872
0.000000	1.335669	0.897240	129	7	13	2.864
-3.141593	2.251330	-2.330739	128	8	39	2.864
-0.523599	2.349581	-2.702517	131	18	38	2.864
1.308997	2.063651	-2.044600	129	13	37	2.864
1.047198	2.984978	1.954446	129	19	30	2.864
-1.832596	2.041297	-2.664597	127	19	25	2.864
0.000000	1.732874	-0.951685	156	134	2	2.858
-2.356194	1.948085	-2.363031	150	36	37	2.858
1.832596	2.863997	0.549740	157	128	12	2.858
-2.879793	1.766067	2.153843	145	33	44	2.858
-2.617994	0.762244	-0.273349	143	33	41	2.858
-1.570796	1.128190	-2.288622	126	7	29	2.856
0.523599	1.367556	0.358405	125	159	22	2.856
1.308997	0.615174	-0.666022	126	156	31	2.856
-2.617994	0.619654	-2.216909	130	14	33	2.856
-1.570796	1.450119	-2.739050	127	15	38	2.856
1.570796	2.041297	-2.664597	126	9	34	2.856
-2.617994	2.089241	-0.114193	144	25	40	2.851
1.047198	1.658653	-2.409879	130	18	29	2.849
-2.356194	2.073035	2.027405	123	13	26	2.848
-1.832596	1.998705	2.370472	122	6	29	2.848
2.617994	1.128190	-2.288622	126	4	35	2.848
-0.785398	0.866955	-0.931351	124	155	29	2.848
-2.617994	1.045978	0.343692	126	18	27	2.847
-2.617994	2.108018	1.311430	124	12	19	2.847
2.094395	1.135813	-2.658866	144	28	47	2.843
0.261799	1.998705	2.370472	151	30	41	2.843
1.047198	1.168678	2.108595	130	15	38	2.840
-2.879793	1.809167	1.213774	127	19	22	2.839
-2.094395	2.349581	-2.702517	127	151	34	2.832
-2.879793	1.736875	3.023612	122	0	26	2.832
1.047198	1.696674	-1.253233	129	15	33	2.832
1.570796	1.662363	0.915448	125	1	28	2.824
-0.785398	1.168678	2.108595	127	3	30	2.824
1.308997	1.683268	0.374177	125	5	30	2.824
-1.308997	2.180315	-1.357379	129	8	43	2.823
1.308997	2.089241	-0.114193	129	6	39	2.823
-1.047198	1.195355	1.200319	137	14	132	2.822
-3.141593	1.135813	-2.658866	126	156	30	2.815
1.832596	1.809167	1.213774	127	157	29	2.815
1.308997	1.756530	-2.105156	157	25	54	2.814
1.570796	2.073035	2.027405	13	139	8	2.792
-1.832596	1.696674	-1.253233	135	150	155	2.792
0.523599	1.554776	0.100351	17	137	5	2.792
-2.356194	1.374601	-2.456031	137	4	149	2.792
-0.785398	2.664082	-1.071402	4	136	6	2.792
1.047198	2.407836	1.410646	9	135	9	2.792
0.000000	1.696674	-1.253233	153	134	5	2.792
-2.617994	2.356369	3.005869	146	34	34	2.792
2.094395	0.379747	-1.713059	159	26	48	2.785
-1.308997	1.218453	2.777284	126	6	33	2.784
-2.617994	1.134796	2.434290	125	2	16	2.783
-1.832596	0.379747	-1.713059	127	9	31	2.783
1.047198	1.909857	-0.381669	129	11	36	2.782
-0.523599	1.721184	-0.153948	124	14	29	2.774
-0.261799	1.741644	-2.695914	135	140	1	2.763
-0.523599	2.001437	0.381215	141	31	36	2.763
1.047198	0.992645	-1.723759	145	28	51	2.763
1.308997	1.214854	-1.966664	147	29	52	2.763
1.570796	2.063651	-2.044600	157	28	54	2.763
1.308997	1.545873	-1.877082	151	26	55	2.763
1.570796	1.545873	-1.877082	149	25	55	2.763
-3.141593	1.417623	-0.202254	128	8	31	2.758
-3.141593	2.187132	-0.479875	148	29	36	2.756
-1.047198	1.256302	0.062705	150	32	37	2.748
-2.356194	1.134796	2.434290	127	158	16	2.733
0.000000	1.569311	-3.003978	3	137	5	2.726
2.356194	0.080730	-2.622036	2	25	48	2.726
2.879793	0.685216	-1.712745	150	29	46	2.726
1.308997	1.506530	1.988858	13	136	15	2.726
-2.879793	1.450119	-2.739050	4	131	12	2.726
-2.094395	1.756530	-2.105156	146	34	35	2.726
-0.523599	1.367556	0.358405	0	129	11	2.726
2.094395	0.906588	1.252948	125	9	27	2.726
2.879793	1.909857	-0.381669	129	13	27	2.717
-0.261799	1.721184	-0.153948	123	8	29	2.701
0.523599	1.433411	-1.035986	6	129	7	2.697
1.047198	2.592629	0.909713	12	136	9	2.697
1.047198	0.960688	-0.577532	159	28	45	2.696
2.617994	0.866395	-2.492918	0	30	39	2.690
-1.570796	1.335669	0.897240	145	19	50	2.690
-1.832596	2.724429	-0.348782	154	36	39	2.689
-3.141593	1.335669	0.897240	6	133	11	2.689
2.617994	1.948085	-2.363031	147	27	51	2.682
1.308997	2.588535	-2.976617	157	33	42	2.660
1.047198	2.863997	0.549740	12	141	5	2.660
-2.356194	0.866955	-0.931351	145	33	42	2.660
-2.094395	1.448123	-2.163292	146	33	43	2.660
-3.141593	2.299159	2.264663	150	35	33	2.660
1.570796	1.699788	2.452890	15	140	7	2.631
-0.785398	0.618092	2.539118	135	153	3	2.631
1.832596	1.325504	-1.671296	145	18	55	2.631
0.785398	1.846342	-1.796954	6	129	9	2.631
0.523599	2.138223	1.678323	145	30	44	2.631
-2.617994	0.458961	-0.107937	143	30	48	2.631
-2.879793	2.089241	-0.114193	148	28	39	2.624
-3.141593	1.195355	1.200319	6	134	8	2.623
-0.785398	2.379497	0.561089	129	156	25	2.621
-1.308997	1.870545	-2.976234	122	5	32	2.621
-1.308997	2.588535	-2.976617	124	5	17	2.620
-0.785398	1.448123	-2.163292	122	0	32	2.620
0.261799	1.045978	0.343692	124	2	22	2.612
1.832596	0.685216	-1.712745	125	7	35	2.612
-1.047198	1.450119	-2.739050	124	3	38	2.612
-2.879793	1.824694	1.850876	129	21	30	2.612
-1.308997	2.356369	3.005869	122	1	23	2.611
0.261799	2.379497	0.561089	150	23	51	2.608
-1.047198	0.762244	-0.273349	125	153	31	2.604
-2.617994	1.599406	1.426070	124	14	28	2.604
-0.785398	1.732874	-0.951685	127	159	13	2.604
-1.832596	0.831641	0.616218	123	159	34	2.603
2.356194	1.448123	-2.163292	129	10	40	2.603
0.261799	0.458961	-0.107937	1	28	44	2.601
2.617994	1.909857	-0.381669	158	31	41	2.594
-2.356194	0.591903	2.010408	157	28	47	2.594
2.617994	0.619654	-2.216909	157	30	44	2.594
-1.570796	2.187132	-0.479875	128	158	25	2.588
1.832596	1.869911	2.701025	125	2	30	2.588
-2.617994	2.719179	-1.780644	130	21	36	2.588
2.879793	1.741644	-2.695914	125	13	37	2.580
-1.832596	0.290380	-0.796960	129	14	41	2.580
2.879793	0.640596	-2.797608	122	5	33	2.579
-0.261799	1.736875	3.023612	2	30	37	2.579
-0.785398	0.619654	-2.216909	129	8	43	2.579
0.523599	2.001437	0.381215	124	2	25	2.571
0.523599	0.709924	0.218797	126	158	22	2.571
0.261799	2.001437	0.381215	124	7	25	2.571
2.094395	2.760637	2.781135	126	14	28	2.571
2.094395	0.080730	-2.622036	124	16	29	2.571
0.000000	2.108018	1.311430	16	134	7	2.565
2.879793	0.929350	-2.910676	156	136	4	2.565
-0.261799	1.448123	-2.163292	6	134	8	2.565
-2.879793	1.998705	2.370472	145	34	40	2.565
2.617994	2.637879	2.121598	157	34	26	2.565
-0.261799	1.335669	0.897240	10	129	17	2.565
2.879793	1.824694	1.850876	150	36	40	2.565
2.094395	2.478122	2.609777	125	12	23	2.563
0.523599	1.184361	0.625864	128	158	16	2.563
-1.570796	0.591903	2.010408	134	16	36	2.563
1.308997	2.115563	0.685730	127	6	36	2.563
1.047198	1.977582	0.969896	128	159	16	2.555
2.879793	1.736875	3.023612	122	12	25	2.554
-0.261799	1.836682	-0.676006	0	29	46	2.550
0.785398	0.709924	0.218797	129	7	32	2.540
1.047198	1.450119	-2.739050	130	18	24	2.539
1.308997	1.721184	-0.153948	126	7	32	2.539
-2.879793	1.545873	-1.877082	131	8	30	2.538
-2.617994	1.440580	2.260026	131	16	40	2.538
-2.879793	0.618092	2.539118	123	10	21	2.530
-2.617994	1.569311	-3.003978	124	155	31	2.530
-2.356194	2.033014	2.977192	131	22	29	2.530
2.879793	1.417623	-0.202254	155	30	41	2.527
1.832596	1.450119	-2.739050	125	4	23	2.522
-1.047198	1.134796	2.434290	5	133	5	2.521
0.261799	2.033014	2.977192	129	0	21	2.506
2.356194	0.906588	1.252948	124	4	27	2.499
-0.261799	1.872854	1.543456	9	129	15	2.499
0.785398	0.418037	1.360082	8	135	4	2.499
-2.879793	0.831641	0.616218	141	29	46	2.499
1.832596	2.579248	-2.364801	158	32	48	2.499
0.000000	1.194549	-0.801900	158	129	12	2.499
1.308997	1.440580	2.260026	13	137	13	2.499
0.785398	1.741644	-2.695914	125	1	33	2.498
-2.617994	1.909857	-0.381669	142	23	40	2.492
-0.523599	0.992645	-1.723759	2	138	5	2.492
0.785398	2.251330	-2.330739	125	0	32	2.490
-1.570796	1.242974	-2.977882	128	5	21	2.489
0.523599	2.174483	2.653697	148	28	45	2.484
-2.356194	0.419640	2.974122	126	152	27	2.481
-1.832596	0.418037	1.360082	125	13	19	2.481
-1.047198	1.766067	2.153843	126	0	28	2.475
-3.141593	2.404280	-0.174044	128	11	27	2.473
-0.523599	0.674054	1.013609	153	27	46	2.469
-2.617994	0.618092	2.539118	155	29	45	2.463
-3.141593	0.419640	2.974122	159	28	46	2.462
-1.308997	1.440580	2.260026	126	5	32	2.458
0.785398	2.174483	2.653697	144	26	45	2.455
2.617994	0.458961	-0.107937	129	8	32	2.449
1.832596	1.135813	-2.658866	148	30	47	2.447
2.094395	2.247462	0.191623	125	10	28	2.442
1.832596	2.404280	-0.174044	125	10	27	2.441
-1.832596	2.295480	1.008277	149	25	48	2.440
1.047198	0.571433	-1.188419	137	20	43	2.433
1.308997	2.704512	1.488683	10	139	4	2.433
1.832596	2.299159	2.264663	12	143	3	2.433
-1.570796	0.674054	1.013609	154	20	53	2.426
2.356194	2.579248	-2.364801	155	33	44	2.418
2.879793	2.579248	-2.364801	145	30	44	2.418
-2.617994	2.455966	-0.641220	6	30	44	2.410
-0.261799	0.961715	0.014085	2	127	18	2.404
1.570796	1.569311	-3.003978	7	137	6	2.396
2.879793	1.433411	-1.035986	149	28	42	2.396
1.570796	1.045978	0.343692	152	24	49	2.389
-1.308997	1.569311	-3.003978	124	7	39	2.376
-2.879793	1.869911	2.701025	137	26	35	2.376
-1.570796	1.569311	-3.003978	125	12	39	2.376
-2.356194	1.741644	-2.695914	136	26	33	2.376
-2.617994	2.033014	2.977192	135	26	31	2.376
-2.617994	1.413430	2.550734	133	18	43	2.376
-2.094395	1.413430	2.550734	128	10	43	2.376
0.523599	0.961715	0.014085	124	1	27	2.368
-2.879793	1.504028	0.636812	127	20	21	2.368
-3.141593	1.555207	1.708892	132	24	34	2.368
-2.617994	1.699788	2.452890	130	21	37	2.368
-2.356194	2.356369	3.005869	130	23	23	2.368
-2.879793	1.699788	2.452890	134	23	37	2.368
-1.832596	1.948085	-2.363031	128	22	26	2.368
-3.141593	0.700570	1.559208	131	14	44	2.368
-3.141593	1.506530	1.988858	134	23	38	2.367
-2.879793	1.506530	1.988858	130	20	38	2.367
-2.617994	2.174483	2.653697	131	24	28	2.367
2.094395	2.704512	1.488683	15	146	5	2.367
-2.356194	1.683268	0.374177	147	26	46	2.367
1.047198	2.299159	2.264663	5	139	3	2.367
-1.047198	1.504028	0.636812	137	9	132	2.367
1.308997	2.863997	0.549740	15	144	5	2.367
0.000000	1.391910	3.030322	159	135	9	2.367
-0.261799	1.413347	-1.339188	4	130	41	2.367
-2.094395	1.025536	1.576859	153	28	48	2.367
2.617994	2.478122	2.609777	5	33	30	2.367
-2.094395	2.164094	-2.991358	128	22	27	2.360
-1.047198	0.960688	-0.577532	122	156	26	2.360
-0.785398	1.194549	-0.801900	124	154	22	2.360
-0.523599	1.658653	-2.409879	123	155	30	2.360
-0.785398	1.696674	-1.253233	124	0	16	2.360
-0.785398	1.846342	-1.796954	122	2	19	2.360
0.261799	0.615174	-0.666022	139	23	41	2.360
-1.832596	1.870545	-2.976234	125	17	33	2.360
-1.047198	1.433411	-1.035986	122	2	19	2.359
-0.523599	2.180315	-1.357379	128	1	10	2.359
-0.785398	1.904882	-1.478089	124	2	15	2.359
-1.047198	1.696674	-1.253233	123	5	16	2.359
-1.570796	1.374601	-2.456031	127	15	36	2.352
-1.570796	1.448123	-2.163292	126	16	32	2.352
0.261799	2.356369	3.005869	153	28	47	2.352
2.356194	0.297065	2.160177	158	34	33	2.352
-0.785398	1.662363	0.915448	158	129	10	2.338
2.879793	1.247695	1.809890	149	32	49	2.338
1.308997	2.637879	2.121598	5	138	2	2.338
1.308997	2.299159	2.264663	139	10	147	2.338
-0.523599	1.554776	0.100351	158	131	5	2.338
2.879793	1.310100	1.488307	148	34	45	2.338
0.261799	2.579248	-2.364801	155	134	2	2.338
-1.047198	2.108018	1.311430	155	131	7	2.338
-1.047198	0.992645	-1.723759	123	6	34	2.336
-1.570796	1.869911	2.701025	123	3	34	2.336
-1.308997	0.992645	-1.723759	124	11	34	2.336
-2.094395	0.961715	0.014085	122	11	27	2.328
-0.523599	1.599406	1.426070	128	159	31	2.327
-1.047198	1.617114	-1.572037	122	6	22	2.327
-2.094395	2.478122	2.609777	124	14	20	2.327
-1.832596	0.929350	-2.910676	127	10	27	2.327
-0.785398	1.948085	-2.363031	122	159	25	2.327
-1.047198	2.356369	3.005869	123	157	22	2.327
-0.523599	1.135834	-1.431087	124	154	29	2.327
-2.356194	0.831641	0.616218	123	10	33	2.327
-1.832596	2.588535	-2.976617	127	16	17	2.327
1.047198	1.904882	-1.478089	131	15	37	2.320
-1.047198	2.104282	-0.813972	128	14	40	2.320
-2.617994	1.506530	1.988858	127	15	36	2.319
-1.570796	2.041297	-2.664597	124	15	25	2.319
-2.617994	1.247695	1.809890	127	12	38	2.319
-2.356194	1.872854	1.543456	122	10	25	2.319
1.832596	1.128190	-2.288622	130	17	35	2.319
-2.356194	1.998705	2.370472	125	16	29	2.318
-0.523599	0.762244	-0.273349	126	18	31	2.312
-1.570796	1.488617	1.159546	125	153	28	2.311
-0.261799	1.413430	2.550734	127	7	30	2.303
-2.356194	1.413430	2.550734	131	15	41	2.303
2.617994	2.104282	-0.813972	155	31	35	2.301
-2.617994	1.977582	0.969896	153	31	40	2.301
-1.308997	1.184361	0.625864	145	16	52	2.301
2.094395	1.617114	-1.572037	3	30	34	2.300
-2.879793	1.310100	1.488307	128	18	36	2.295
-0.785398	1.218453	2.777284	14	134	10	2.294
-2.879793	0.640596	-2.797608	125	153	33	2.286
-0.785398	1.113094	-0.272241	129	22	32	2.286
0.261799	1.872854	1.543456	148	29	41	2.286
2.617994	2.001437	0.381215	123	3	27	2.278
-0.523599	2.724429	-0.348782	122	10	28	2.278
-1.832596	0.850607	-1.335383	140	29	45	2.272
1.570796	0.674054	1.013609	12	137	3	2.272
2.879793	0.899350	-2.069907	153	32	41	2.272
-0.261799	1.374601	-2.456031	3	134	8	2.272
1.570796	0.496451	0.593859	7	133	7	2.272
1.047198	1.872854	1.543456	8	134	15	2.272
-2.356194	2.251330	-2.330739	151	35	30	2.271
2.879793	1.450119	-2.739050	124	5	31	2.270
-1.832596	0.618092	2.539118	129	149	21	2.262
-0.785398	1.836682	-0.676006	128	15	39	2.262
1.570796	1.433411	-1.035986	125	6	28	2.254
1.570796	1.413347	-1.339188	125	7	27	2.254
2.356194	2.984978	1.954446	123	158	23	2.246
0.000000	1.301460	-0.509251	124	5	36	2.246
2.094395	1.448123	-2.163292	126	159	26	2.246
0.000000	1.488617	1.159546	150	35	35	2.243
2.094395	2.396274	-1.959260	157	30	52	2.243
-0.261799	1.113094	-0.272241	140	29	42	2.243
0.785398	2.063651	-2.044600	146	31	47	2.243
1.047198	1.301460	-0.509251	21	136	9	2.243
-3.141593	2.174483	2.653697	154	38	38	2.243
0.523599	2.478122	2.609777	1	35	34	2.243
2.094395	2.251330	-2.330739	150	32	50	2.243
0.785398	0.297065	2.160177	142	32	32	2.242
1.308997	0.700570	1.559208	141	32	37	2.242
-0.523599	1.025536	1.576859	156	31	42	2.242
2.094395	0.961715	0.014085	8	129	16	2.242
-0.261799	0.831641	0.616218	124	0	18	2.237
2.094395	0.674054	1.013609	126	13	21	2.228
-2.879793	1.982574	-1.115518	3	25	54	2.228
1.570796	1.391910	3.030322	157	34	36	2.220
-0.261799	1.812176	0.656819	156	30	43	2.220
-3.141593	1.699788	2.452890	152	34	46	2.206
-1.308997	1.599406	1.426070	126	1	32	2.198
2.879793	1.721184	-0.153948	130	13	31	2.197
0.523599	2.033014	2.977192	148	29	43	2.191
-1.832596	1.510910	-0.740472	125	4	25	2.189
-1.832596	1.135834	-1.431087	139	31	38	2.177
2.094395	2.407836	1.410646	1	34	26	2.177
0.261799	2.637879	2.121598	16	133	5	2.177
-1.047198	0.831641	0.616218	140	138	3	2.177
-1.832596	1.325504	-1.671296	140	32	37	2.177
2.879793	1.599406	1.426070	147	36	41	2.177
-1.047198	2.187132	-0.479875	155	32	40	2.176
1.308997	2.164094	-2.991358	129	11	34	2.175
-2.356194	1.809167	1.213774	151	30	41	2.169
1.570796	1.875281	0.107086	2	27	45	2.161
1.308997	1.450119	-2.739050	128	12	23	2.157
0.261799	1.391910	3.030322	3	134	9	2.140
1.570796	1.658653	-2.409879	150	30	49	2.140
-3.141593	0.733948	3.021411	159	31	42	2.140
2.356194	1.433411	-1.035986	158	29	42	2.132
-0.261799	1.184361	0.625864	9	128	16	2.111
-0.523599	2.664082	-1.071402	7	136	6	2.111
1.308997	1.413430	2.550734	14	137	10	2.111
-0.785398	2.138223	1.678323	158	128	12	2.110
-0.785398	1.184361	0.625864	158	128	16	2.110
2.617994	1.113094	-0.272241	158	29	45	2.110
-1.832596	1.440580	2.260026	126	2	41	2.108
1.308997	1.904882	-1.478089	128	13	37	2.108
2.356194	1.135834	-1.431087	158	30	41	2.103
-2.356194	1.554776	0.100351	145	22	48	2.103
1.570796	1.617114	-1.572037	125	9	32	2.100
-2.094395	1.574060	2.783565	128	14	40	2.100
-2.356194	1.574060	2.783565	131	18	40	2.100
1.570796	1.256302	0.062705	157	27	46	2.096
2.356194	2.881233	-2.582574	152	34	38	2.095
-2.356194	0.674054	1.013609	125	4	39	2.092
-2.094395	1.870545	-2.976234	129	21	32	2.092
0.261799	0.831641	0.616218	127	159	18	2.092
2.617994	2.588535	-2.976617	125	12	32	2.091
-2.617994	0.700570	1.559208	129	6	43	2.091
-2.617994	1.736875	3.023612	136	24	36	2.091
-1.047198	1.135813	-2.658866	127	8	43	2.091
-1.832596	0.496451	0.593859	126	159	40	2.083
-1.308997	1.948085	-2.363031	122	10	25	2.083
-1.047198	2.349581	-2.702517	122	2	20	2.083
-2.094395	1.440580	2.260026	126	8	41	2.083
-1.308997	0.899350	-2.069907	127	15	40	2.083
-2.094395	2.356369	3.005869	126	18	23	2.083
-1.047198	2.396274	-1.959260	126	10	14	2.083
-2.094395	2.979456	-1.009304	130	2	32	2.083
-0.261799	2.592629	0.909713	130	6	33	2.075
-1.832596	1.766067	2.153843	122	3	33	2.075
-1.047198	1.113094	-0.272241	125	152	24	2.075
-2.356194	2.299159	2.264663	124	14	23	2.075
0.261799	1.335669	0.897240	129	4	13	2.075
1.570796	0.571433	-1.188419	125	1	32	2.075
-2.356194	2.478122	2.609777	127	19	20	2.075
1.832596	1.374601	-2.456031	132	20	36	2.074
-2.356194	0.619654	-2.216909	158	28	55	2.074
2.094395	2.073035	2.027405	17	147	7	2.074
-1.308997	1.374601	-2.456031	125	10	36	2.067
-1.308997	1.128190	-2.288622	126	2	29	2.067
-2.356194	0.700570	1.559208	159	24	50	2.067
-0.261799	1.417623	-0.202254	159	31	39	2.059
0.523599	1.721184	-0.153948	126	0	34	2.059
0.000000	2.637879	2.121598	127	6	25	2.051
-2.617994	1.335669	0.897240	124	15	29	2.051
-0.523599	1.741644	-2.695914	126	152	32	2.051
-0.523599	1.391910	3.030322	126	5	28	2.051
-1.047198	0.899350	-2.069907	126	10	39	2.051
1.047198	0.866955	-0.931351	126	5	38	2.051
1.047198	2.478122	2.609777	131	13	40	2.050
-3.141593	1.310100	1.488307	145	32	46	2.045
1.832596	0.203748	0.590255	14	134	10	2.045
1.047198	1.194549	-0.801900	17	12	55	2.045
-1.570796	1.247695	1.809890	142	26	43	2.045
-3.141593	2.664082	-1.071402	140	5	146	2.045
-1.047198	1.846342	-1.796954	123	6	20	2.042
-1.570796	0.290380	-0.796960	127	10	41	2.042
-1.570796	2.033014	2.977192	122	8	29	2.042
-1.570796	0.458961	-0.107937	125	2	38	2.042
-1.832596	1.869911	2.701025	123	10	33	2.042
2.356194	1.374601	-2.456031	127	12	35	2.042
-2.617994	0.203748	0.590255	129	9	43	2.042
-1.832596	2.164094	-2.991358	125	16	25	2.042
2.356194	1.194549	-0.801900	157	27	48	2.037
2.617994	1.732874	-0.951685	154	30	39	2.036
-1.047198	2.393226	1.857173	146	26	39	2.035
-1.308997	2.349581	-2.702517	123	9	20	2.034
0.000000	0.700570	1.559208	148	22	49	2.029
1.832596	2.033014	2.977192	126	3	33	2.027
1.308997	1.168678	2.108595	128	12	38	2.027
-1.570796	1.214854	-1.966664	127	16	33	2.027
-0.785398	1.506530	1.988858	127	3	27	2.019
1.832596	1.448123	-2.163292	125	3	26	2.018
-1.047198	1.872854	1.543456	127	158	27	2.018
-2.356194	1.756530	-2.105156	150	38	37	2.016
-2.094395	2.588535	-2.976617	141	32	29	2.016
-2.094395	2.063651	-2.044600	146	36	31	2.016
-0.523599	2.588535	-2.976617	147	135	5	2.016
-2.094395	1.325504	-1.671296	144	36	39	2.015
-2.879793	1.135813	-2.658866	126	157	38	2.010
-1.832596	2.719179	-1.780644	123	7	35	2.010
-2.879793	2.760637	2.781135	125	154	23	2.010
-2.094395	0.618092	2.539118	125	155	22	2.010
-2.617994	0.419640	2.974122	123	157	27	2.010
-3.141593	1.875281	0.107086	154	30	43	2.008
-2.617994	1.809167	1.213774	155	31	41	2.008
2.617994	1.214854	-1.966664	156	31	36	2.007
-2.094395	2.719179	-1.780644	124	13	35	2.002
2.094395	0.640596	-2.797608	128	20	33	2.001
-2.356194	1.135834	-1.431087	127	7	31	1.994
2.094395	1.450119	-2.739050	126	159	24	1.993
0.523599	0.458961	-0.107937	157	29	44	1.985
-0.523599	1.555207	1.708892	3	129	23	1.979
-2.879793	0.370812	-2.547742	149	28	48	1.979
-2.617994	1.998705	2.370472	141	31	40	1.979
2.879793	1.506530	1.988858	152	34	47	1.979
-0.523599	0.709924	0.218797	123	10	24	1.978
-0.785398	1.721184	-0.153948	127	19	29	1.977
1.570796	1.732874	-0.951685	127	5	33	1.971
2.356194	1.696674	-1.253233	159	30	35	1.971
-2.617994	2.588535	-2.976617	123	158	28	1.969
0.523599	0.419640	2.974122	126	13	22	1.961
2.879793	2.760637	2.781135	122	5	23	1.961
0.261799	1.554776	0.100351	123	158	23	1.961
1.570796	1.440580	2.260026	126	5	21	1.953
1.832596	1.599406	1.426070	127	158	25	1.952
1.570796	2.299159	2.264663	9	139	2	1.950
1.570796	1.812176	0.656819	144	33	41	1.950
-2.356194	1.977582	0.969896	130	158	147	1.950
-0.261799	1.875281	0.107086	137	26	40	1.950
0.000000	1.128190	-2.288622	137	141	7	1.950
0.000000	1.872854	1.543456	151	35	41	1.949
2.879793	2.664082	-1.071402	5	25	51	1.942
-0.261799	2.984978	1.954446	5	30	39	1.934
-1.570796	1.045978	0.343692	150	33	31	1.933
1.832596	2.089241	-0.114193	126	11	23	1.930
-1.308997	0.591903	2.010408	130	152	17	1.920
2.879793	1.554776	0.100351	155	31	40	1.919
1.570796	2.704512	1.488683	13	141	4	1.913
1.308997	2.407836	1.410646	13	138	8	1.913
1.832596	2.073035	2.027405	17	143	7	1.913
1.570796	1.869911	2.701025	14	143	4	1.913
2.356194	2.063651	-2.044600	156	27	54	1.898
0.261799	1.696674	-1.253233	158	131	4	1.884
1.570796	0.685216	-1.712745	138	22	45	1.884
1.570796	1.168678	2.108595	8	23	56	1.884
-3.141593	0.685216	-1.712745	144	139	4	1.884
0.261799	2.456751	-1.503343	141	31	38	1.884
1.832596	2.063651	-2.044600	155	28	53	1.884
1.570796	1.014500	0.906702	6	135	1	1.884
2.094395	1.168678	2.108595	3	28	56	1.883
-0.785398	2.637879	2.121598	156	131	5	1.883
-0.785398	1.325504	-1.671296	4	134	9	1.883
0.785398	2.187132	-0.479875	147	34	32	1.883
-1.570796	1.998705	2.370472	8	134	2	1.876
1.832596	1.554776	0.100351	155	27	46	1.868
1.832596	0.961715	0.014085	150	26	45	1.868
-0.785398	1.413347	-1.339188	156	129	40	1.847
-2.879793	0.850607	-1.335383	148	27	45	1.846
-1.308997	1.050534	3.042579	127	6	34	1.840
-1.570796	2.174483	2.653697	121	2	28	1.839
-1.047198	0.961715	0.014085	143	30	38	1.832
1.832596	1.948085	-2.363031	159	29	51	1.831
-2.094395	0.290380	-0.796960	144	28	51	1.818
0.261799	1.301460	-0.509251	13	0	58	1.818
2.879793	1.335669	0.897240	148	36	38	1.818
-1.047198	1.824694	1.850876	134	159	153	1.818
-0.785398	2.588535	-2.976617	144	26	50	1.818
2.879793	1.135813	-2.658866	155	134	7	1.818
0.523599	1.134796	2.434290	2	133	14	1.818
0.523599	0.960688	-0.577532	12	129	16	1.817
-2.879793	0.866395	-2.492918	154	29	45	1.816
-1.832596	1.050534	3.042579	128	12	25	1.816
1.308997	2.984978	1.954446	126	14	30	1.815
2.617994	1.413347	-1.339188	153	30	39	1.810
-2.617994	1.367556	0.358405	155	134	8	1.810
-0.261799	1.606104	-0.451151	0	32	41	1.809
-1.047198	1.741644	-2.695914	122	2	32	1.807
-1.570796	1.870545	-2.976234	123	10	32	1.807
-0.523599	0.899350	-2.069907	126	1	40	1.807
-0.785398	2.063651	-2.044600	123	1	19	1.807
-1.832596	1.699788	2.452890	124	5	36	1.807
-2.879793	1.555207	1.708892	128	19	33	1.807
0.523599	1.683268	0.374177	124	0	23	1.807
-2.879793	1.195355	1.200319	127	18	33	1.807
-2.879793	1.014500	0.906702	127	18	33	1.806
-2.617994	0.831641	0.616218	125	15	33	1.806
-2.617994	0.674054	1.013609	126	10	39	1.806
-1.570796	1.699788	2.452890	124	0	36	1.799
-0.261799	1.617114	-1.572037	127	151	22	1.799
-0.785398	2.251330	-2.330739	123	0	20	1.798
-1.832596	1.824694	1.850876	122	159	30	1.798
1.308997	0.290380	-0.796960	124	158	27	1.798
-0.785398	0.960688	-0.577532	126	152	28	1.798
0.523599	2.719179	-1.780644	124	11	33	1.798
-2.094395	2.174483	2.653697	124	15	26	1.798
-1.047198	2.063651	-2.044600	123	6	19	1.798
-1.308997	2.637879	2.121598	128	152	15	1.798
2.094395	0.899350	-2.069907	126	8	35	1.798
-1.570796	2.760637	2.781135	125	4	15	1.798
-0.785398	2.579248	-2.364801	125	2	15	1.798
-0.261799	2.153910	-1.714959	128	154	15	1.798
-1.308997	1.545873	-1.877082	123	13	27	1.798
-2.879793	2.073035	2.027405	130	23	28	1.798
-2.094395	1.869911	2.701025	125	16	35	1.798
-0.523599	1.433411	-1.035986	127	152	20	1.798
-1.832596	2.174483	2.653697	122	8	27	1.798
-0.261799	0.914445	2.687814	127	7	30	1.791
-0.785398	0.379747	-1.713059	128	7	42	1.791
-1.047198	0.379747	-1.713059	129	11	42	1.791
-1.047198	1.870545	-2.976234	122	1	30	1.790
2.356194	1.870545	-2.976234	126	15	28	1.790
-0.523599	1.732874	-0.951685	129	154	14	1.790
2.617994	1.658653	-2.409879	127	10	38	1.790
-2.617994	2.393226	1.857173	126	15	18	1.790
-2.356194	2.393226	1.857173	124	11	18	1.790
-1.047198	1.732874	-0.951685	126	3	13	1.790
-0.261799	2.251330	-2.330739	129	20	32	1.790
-2.879793	2.108018	1.311430	127	17	18	1.790
-0.261799	2.180315	-1.357379	130	158	10	1.790
0.523599	2.041297	-2.664597	4	125	16	1.789
-0.523599	1.184361	0.625864	3	125	18	1.788
0.000000	2.299159	2.264663	9	126	14	1.788
0.261799	2.478122	2.609777	10	127	11	1.788
0.261799	2.164094	-2.991358	2	125	16	1.788
0.785398	2.041297	-2.664597	10	126	16	1.788
0.000000	2.478122	2.609777	5	126	11	1.788
-2.879793	1.872854	1.543456	127	20	25	1.782
-0.785398	2.153910	-1.714959	125	5	14	1.782
2.356194	0.866395	-2.492918	4	29	39	1.781
0.523599	2.863997	0.549740	8	138	5	1.781
2.356194	0.619654	-2.216909	1	29	44	1.781
0.523599	1.218453	2.777284	5	134	12	1.781
2.879793	1.875281	0.107086	158	30	43	1.781
2.617994	2.187132	-0.479875	156	31	36	1.780
-2.617994	1.904882	-1.478089	129	8	22	1.775
-1.832596	1.242974	-2.977882	128	10	21	1.775
1.308997	1.846342	-1.796954	128	14	34	1.775
1.047198	1.510910	-0.740472	127	14	30	1.774
1.047198	2.295480	1.008277	126	0	19	1.774
0.000000	0.762244	-0.273349	122	9	31	1.774
0.523599	1.134497	-1.109631	144	20	52	1.773
1.832596	1.335669	0.897240	128	19	28	1.766
-3.141593	1.948085	-2.363031	128	12	42	1.766
0.261799	1.184361	0.625864	127	2	17	1.766
2.879793	0.619654	-2.216909	127	154	30	1.758
-3.141593	2.041297	-2.664597	124	11	36	1.758
2.617994	1.374601	-2.456031	126	7	35	1.758
2.879793	1.870545	-2.976234	123	13	31	1.758
-2.879793	2.356369	3.005869	152	36	33	1.752
0.523599	0.290380	-0.796960	137	23	37	1.752
1.047198	1.870545	-2.976234	0	34	40	1.752
1.570796	1.766067	2.153843	14	139	10	1.752
2.617994	2.984978	1.954446	13	144	3	1.752
-0.523599	1.256302	0.062705	156	130	11	1.752
-1.832596	1.836682	-0.676006	134	152	159	1.752
-0.785398	2.089241	-0.114193	141	142	158	1.751
-1.832596	1.846342	-1.796954	142	31	32	1.751
-1.308997	2.187132	-0.479875	137	146	155	1.751
-2.879793	0.709924	0.218797	143	32	44	1.751
-1.570796	1.218453	2.777284	159	128	10	1.751
2.879793	2.164094	-2.991358	123	14	30	1.749
-2.094395	2.073035	2.027405	122	8	26	1.749
-0.523599	2.979456	-1.009304	124	155	29	1.742
1.832596	1.014500	0.906702	128	19	24	1.741
1.308997	1.335669	0.897240	125	6	21	1.741
-0.523599	1.824694	1.850876	3	30	39	1.737
0.261799	1.756530	-2.105156	155	31	41	1.736
-2.094395	1.904882	-1.478089	128	2	21	1.734
1.832596	1.658653	-2.409879	125	3	28	1.734
1.047198	1.836682	-0.676006	129	13	35	1.725
-3.141593	0.961715	0.014085	129	4	35	1.725
-1.832596	0.866955	-0.931351	136	28	42	1.722
1.308997	1.554776	0.100351	125	6	29	1.717
-2.356194	1.488617	1.159546	152	29	45	1.715
0.523599	0.615174	-0.666022	124	4	36	1.710
-2.356194	2.881233	-2.582574	122	1	28	1.708
-2.879793	1.374601	-2.456031	128	159	42	1.708
1.832596	1.050534	3.042579	129	4	15	1.708
1.308997	1.325504	-1.671296	147	22	54	1.686
1.047198	1.574060	2.783565	11	137	7	1.686
0.785398	1.391910	3.030322	12	137	8	1.686
0.000000	1.450119	-2.739050	5	135	7	1.685
-2.094395	2.579248	-2.364801	124	159	34	1.685
2.879793	1.214854	-1.966664	152	32	38	1.685
-1.570796	1.721184	-0.153948	126	158	25	1.677
-2.617994	1.218453	2.777284	124	158	21	1.676
1.308997	1.569311	-3.003978	3	33	41	1.670
2.094395	2.579248	-2.364801	0	32	45	1.663
0.523599	1.696674	-1.253233	2	130	4	1.657
-2.617994	1.545873	-1.877082	135	2	152	1.657
-0.523599	1.045978	0.343692	139	27	33	1.656
0.785398	2.396274	-1.959260	1	132	1	1.656
0.785398	1.904882	-1.478089	4	131	3	1.656
-3.141593	1.014500	0.906702	142	33	45	1.656
1.308997	0.619654	-2.216909	144	32	49	1.656
1.570796	0.866955	-0.931351	25	141	40	1.656
2.617994	2.299159	2.264663	159	37	35	1.656
2.617994	0.379747	-1.713059	151	26	49	1.649
-0.785398	1.909857	-0.381669	127	16	31	1.643
2.094395	1.948085	-2.363031	155	30	51	1.641
-1.832596	0.458961	-0.107937	1	34	40	1.641
-2.356194	1.242974	-2.977882	129	5	31	1.621
-2.094395	0.866955	-0.931351	141	30	42	1.620
-2.356194	1.025536	1.576859	156	29	48	1.620
-3.141593	1.732874	-0.951685	144	27	40	1.620
0.785398	1.569311	-3.003978	12	140	5	1.620
0.000000	1.658653	-2.409879	9	138	5	1.620
1.047198	1.391910	3.030322	15	140	8	1.620
0.523599	1.836682	-0.676006	7	136	0	1.619
2.356194	1.413347	-1.339188	157	31	40	1.619
-2.094395	1.617114	-1.572037	145	33	32	1.619
0.000000	0.615174	-0.666022	142	27	41	1.612
-3.141593	1.433411	-1.035986	127	4	29	1.605
2.356194	2.251330	-2.330739	154	31	49	1.604
1.047198	0.619654	-2.216909	150	30	50	1.604
1.570796	2.349581	-2.702517	3	32	43	1.604
0.523599	2.349581	-2.702517	3	128	10	1.590
-0.523599	1.310100	1.488307	135	151	3	1.590
-2.879793	1.721184	-0.153948	155	133	5	1.590
0.523599	1.824694	1.850876	0	132	13	1.590
1.308997	0.674054	1.013609	148	32	32	1.583
1.308997	1.741644	-2.695914	4	31	46	1.575
1.308997	1.555207	1.708892	135	17	42	1.572
-1.047198	2.033014	2.977192	123	155	30	1.571
1.832596	0.419640	2.974122	153	34	37	1.567
-1.308997	1.488617	1.159546	129	10	35	1.564
-1.832596	0.992645	-1.723759	130	22	34	1.563
-3.141593	1.440580	2.260026	137	22	41	1.562
-2.356194	1.218453	2.777284	129	7	27	1.555
-2.094395	2.407836	1.410646	124	1	15	1.555
-1.570796	2.455966	-0.641220	134	21	33	1.555
-0.785398	1.870545	-2.976234	124	154	33	1.554
-3.141593	1.824694	1.850876	133	25	30	1.554
-0.785398	2.881233	-2.582574	127	4	11	1.554
-2.617994	1.504028	0.636812	124	15	21	1.554
-2.356194	0.762244	-0.273349	126	19	30	1.554
-0.261799	1.658653	-2.409879	4	136	6	1.553
2.879793	1.135834	-1.431087	148	29	42	1.553
2.617994	2.089241	-0.114193	1	31	39	1.553
-0.785398	1.741644	-2.695914	122	158	31	1.546
-0.785398	1.658653	-2.409879	121	0	30	1.546
-0.785398	2.396274	-1.959260	125	5	13	1.546
-0.785398	1.545873	-1.877082	121	1	26	1.546
-1.308997	1.417623	-0.202254	124	158	17	1.546
-1.047198	2.251330	-2.330739	122	7	19	1.546
-1.047198	1.448123	-2.163292	121	7	31	1.546
-1.047198	1.545873	-1.877082	121	7	26	1.546
-1.308997	2.033014	2.977192	121	2	29	1.546
-1.308997	2.251330	-2.330739	123	12	19	1.546
-1.047198	1.194549	-0.801900	122	159	22	1.546
-0.261799	1.846342	-1.796954	126	152	19	1.546
-2.094395	1.367556	0.358405	121	7	21	1.546
-1.047198	2.588535	-2.976617	123	1	17	1.546
-1.308997	0.615174	-0.666022	122	3	34	1.546
-1.308997	1.433411	-1.035986	122	7	19	1.546
-0.523599	1.696674	-1.253233	126	155	16	1.546
-2.879793	1.662363	0.915448	126	19	21	1.546
-0.261799	1.948085	-2.363031	126	150	24	1.546
-1.047198	1.658653	-2.409879	121	6	30	1.546
-0.785398	1.756530	-2.105156	121	1	25	1.546
-1.308997	1.756530	-2.105156	122	12	25	1.546
-1.570796	1.812176	0.656819	127	152	16	1.546
-0.523599	1.846342	-1.796954	123	157	19	1.546
-0.785398	1.134497	-1.109631	122	157	25	1.546
-2.356194	2.295480	1.008277	125	5	13	1.546
-0.523599	2.396274	-1.959260	125	1	13	1.546
-1.832596	2.073035	2.027405	121	2	26	1.546
-1.570796	0.960688	-0.577532	121	7	26	1.546
-0.261799	2.881233	-2.582574	130	154	11	1.546
0.000000	2.153910	-1.714959	131	150	14	1.546
-1.308997	1.301460	-0.509251	122	1	19	1.546
0.000000	1.904882	-1.478089	131	150	15	1.546
-0.523599	1.904882	-1.478089	125	158	15	1.546
-1.570796	2.089241	-0.114193	127	2	29	1.539
1.047198	1.545873	-1.877082	129	18	29	1.539
1.570796	2.588535	-2.976617	0	34	39	1.538
-1.308997	0.762244	-0.273349	122	158	30	1.538
-1.570796	2.073035	2.027405	122	157	26	1.538
-1.308997	0.961715	0.014085	123	155	27	1.537
-1.570796	0.961715	0.014085	121	0	27	1.537
-2.879793	0.700570	1.559208	130	9	43	1.530
2.879793	2.863997	0.549740	6	29	12	1.525
-0.785398	2.760637	2.781135	150	137	3	1.524
-2.879793	2.063651	-2.044600	4	34	29	1.524
0.000000	2.138223	1.678323	14	131	11	1.524
-1.047198	1.554776	0.100351	150	135	5	1.524
0.523599	1.413347	-1.339188	2	129	11	1.524
-3.141593	0.866955	-0.931351	2	132	8	1.524
2.617994	1.247695	1.809890	153	33	49	1.524
-3.141593	1.450119	-2.739050	159	131	12	1.524
-3.141593	1.214854	-1.966664	159	131	11	1.524
-1.308997	1.658653	-2.409879	123	10	31	1.522
-0.261799	0.674054	1.013609	129	1	14	1.522
2.879793	2.063651	-2.044600	133	11	43	1.522
-1.570796	1.658653	-2.409879	125	15	31	1.522
-0.785398	0.992645	-1.723759	123	1	34	1.522
2.356194	2.356369	3.005869	125	12	27	1.521
-2.356194	1.721184	-0.153948	142	21	45	1.517
-0.523599	1.134796	2.434290	13	136	5	1.517
-1.308997	1.413430	2.550734	4	132	5	1.517
2.617994	0.685216	-1.712745	153	28	44	1.517
-2.617994	1.195355	1.200319	124	13	33	1.514
-1.047198	0.850607	-1.335383	122	4	33	1.514
-1.047198	0.866955	-0.931351	122	0	29	1.514
-0.523599	1.325504	-1.671296	124	155	28	1.514
-2.356194	1.824694	1.850876	123	11	30	1.514
-2.617994	2.073035	2.027405	126	18	26	1.514
-2.617994	1.310100	1.488307	125	13	35	1.514
-1.047198	1.413347	-1.339188	122	4	23	1.514
2.879793	1.569311	-3.003978	122	12	31	1.514
-0.523599	1.214854	-1.966664	124	156	33	1.514
-2.094395	1.699788	2.452890	125	12	35	1.514
-0.523599	1.617114	-1.572037	124	156	22	1.513
-1.570796	2.637879	2.121598	126	157	15	1.513
-0.785398	1.135834	-1.431087	122	159	29	1.513
2.617994	1.135813	-2.658866	124	7	30	1.513
1.570796	1.195355	1.200319	130	21	31	1.513
1.047198	2.041297	-2.664597	4	29	46	1.509
1.308997	2.041297	-2.664597	128	13	34	1.507
-0.785398	2.104282	-0.813972	126	11	39	1.506
-2.094395	1.506530	1.988858	124	6	36	1.505
-1.832596	2.356369	3.005869	124	14	22	1.505
-2.094395	1.998705	2.370472	123	12	29	1.505
-1.832596	2.299159	2.264663	122	5	22	1.505
-2.356194	1.247695	1.809890	126	8	38	1.505
2.094395	1.184361	0.625864	126	16	22	1.505
2.356194	1.128190	-2.288622	126	8	35	1.505
-2.094395	0.496451	0.593859	125	3	38	1.505
-0.261799	2.104282	-0.813972	126	0	39	1.498
-2.879793	1.335669	0.897240	127	20	27	1.497
2.879793	1.218453	2.777284	124	15	20	1.497
-2.356194	2.637879	2.121598	126	13	15	1.497
-0.261799	0.762244	-0.273349	140	30	39	1.496
-0.523599	0.458961	-0.107937	136	29	39	1.495
2.879793	1.134796	2.434290	153	29	56	1.495
-1.308997	0.850607	-1.335383	134	22	44	1.495
-0.261799	2.343981	-1.040456	147	27	47	1.495
-2.094395	1.194549	-0.801900	139	32	33	1.495
2.356194	1.736875	3.023612	155	28	45	1.495
2.617994	1.025536	1.576859	150	34	51	1.495
-0.261799	0.866955	-0.931351	137	137	159	1.495
-3.141593	1.134796	2.434290	150	28	56	1.495
-2.879793	0.203748	0.590255	141	24	54	1.495
2.617994	1.555207	1.708892	154	38	43	1.495
-2.879793	1.218453	2.777284	151	29	56	1.495
-2.617994	0.709924	0.218797	138	30	45	1.495
-3.141593	0.496451	0.593859	144	32	50	1.495
2.356194	0.615174	-0.666022	17	157	140	1.495
-1.570796	0.571433	-1.188419	137	26	48	1.495
1.047198	1.247695	1.809890	18	146	145	1.495
-2.879793	1.134796	2.434290	147	27	56	1.495
2.356194	1.440580	2.260026	1	33	51	1.495
-1.047198	0.685216	-1.712745	136	21	50	1.495
2.094395	0.910508	1.903534	157	30	55	1.495
2.879793	2.592629	0.909713	143	142	3	1.495
2.356194	1.335669	0.897240	15	148	130	1.495
1.832596	0.618092	2.539118	152	27	46	1.495
-3.141593	0.674054	1.013609	142	30	49	1.495
-0.523599	0.961715	0.014085	141	31	37	1.495
2.617994	1.736875	3.023612	152	28	45	1.495
-0.523599	1.448123	-2.163292	159	30	45	1.495
2.617994	0.700570	1.559208	148	30	54	1.495
0.523599	2.587733	0.232235	144	27	43	1.495
-2.879793	2.187132	-0.479875	157	32	36	1.495
-2.617994	1.113094	-0.272241	142	35	34	1.495
-1.570796	2.063651	-2.044600	157	31	37	1.495
-2.356194	1.433411	-1.035986	146	36	30	1.494
-0.785398	1.195355	1.200319	130	3	37	1.489
-0.785398	0.458961	-0.107937	128	21	29	1.489
0.000000	0.290380	-0.796960	127	19	32	1.489
2.879793	2.089241	-0.114193	156	31	39	1.488
-0.785398	0.419640	2.974122	159	34	32	1.487
-1.570796	1.135834	-1.431087	136	24	39	1.487
2.617994	0.992645	-1.723759	153	30	40	1.487
2.094395	1.696674	-1.253233	2	30	36	1.487
2.094395	0.370812	-2.547742	125	14	34	1.483
-0.785398	2.187132	-0.479875	125	15	34	1.481
-1.308997	2.295480	1.008277	127	8	24	1.481
0.785398	2.001437	0.381215	126	156	25	1.481
-2.094395	0.419640	2.974122	133	15	35	1.481
2.356194	0.640596	-2.797608	125	16	33	1.481
-2.879793	0.297065	2.160177	126	18	23	1.481
1.308997	1.662363	0.915448	149	32	42	1.480
0.000000	0.960688	-0.577532	141	24	45	1.480
1.832596	1.756530	-2.105156	125	4	31	1.473
-0.785398	0.203748	0.590255	122	9	25	1.473
-2.356194	0.733948	3.021411	126	152	27	1.473
2.356194	2.089241	-0.114193	124	3	22	1.473
-0.261799	1.214854	-1.966664	127	152	32	1.473
2.879793	2.033014	2.977192	122	10	24	1.473
2.617994	2.379497	0.561089	124	6	33	1.473
0.000000	2.187132	-0.479875	124	158	34	1.466
0.785398	2.343981	-1.040456	127	12	24	1.466
1.570796	1.413430	2.550734	126	7	20	1.464
-2.617994	2.251330	-2.330739	125	8	38	1.464
-1.308997	2.984978	1.954446	129	14	25	1.464
1.570796	1.574060	2.783565	125	7	23	1.464
2.879793	2.393226	1.857173	152	35	29	1.458
1.570796	2.174483	2.653697	10	142	2	1.458
0.523599	1.766067	2.153843	1	134	9	1.458
2.094395	1.998705	2.370472	16	146	5	1.458
-0.523599	0.910508	1.903534	136	152	4	1.458
-0.785398	1.554776	0.100351	153	133	6	1.458
0.000000	1.242974	-2.977882	2	133	10	1.458
-2.094395	1.658653	-2.409879	145	34	41	1.458
-1.832596	0.674054	1.013609	156	23	54	1.458
-1.570796	1.310100	1.488307	145	25	46	1.458
-0.261799	1.510910	-0.740472	154	133	5	1.458
2.617994	2.138223	1.678323	155	36	32	1.458
1.308997	2.033014	2.977192	153	35	35	1.458
2.617994	2.393226	1.857173	156	35	29	1.457
-2.879793	1.134497	-1.109631	147	28	41	1.457
0.785398	1.374601	-2.456031	2	30	48	1.451
-2.094395	1.014500	0.906702	153	22	52	1.451
-1.570796	2.393226	1.857173	154	29	39	1.449
1.832596	1.510910	-0.740472	126	159	30	1.449
-0.523599	2.455966	-0.641220	123	5	33	1.449
-2.879793	2.719179	-1.780644	147	31	44	1.443
0.000000	1.721184	-0.153948	122	3	29	1.440
0.000000	1.256302	0.062705	122	2	25	1.432
0.261799	1.721184	-0.153948	123	158	28	1.432
1.047198	0.379747	-1.713059	157	32	34	1.430
0.523599	2.455966	-0.641220	148	36	35	1.430
-2.617994	1.448123	-2.163292	150	132	53	1.429
1.047198	1.741644	-2.695914	132	146	3	1.429
1.308997	0.914445	2.687814	1	152	67	1.429
-2.094395	0.615174	-0.666022	4	30	42	1.429
-0.261799	2.174483	2.653697	145	27	42	1.429
1.570796	2.033014	2.977192	147	35	34	1.429
0.785398	0.685216	-1.712745	146	33	45	1.429
0.785398	1.732874	-0.951685	143	30	44	1.429
0.785398	1.433411	-1.035986	11	129	9	1.429
1.832596	0.914445	2.687814	1	155	67	1.429
-2.356194	1.699788	2.452890	139	28	47	1.429
0.785398	1.214854	-1.966664	154	31	51	1.429
2.094395	0.850607	-1.335383	157	31	45	1.429
1.570796	1.504028	0.636812	143	33	37	1.429
-0.523599	2.174483	2.653697	148	29	42	1.429
0.785398	0.591903	2.010408	144	34	38	1.429
1.047198	0.700570	1.559208	146	35	37	1.429
-0.785398	1.699788	2.452890	152	31	40	1.429
0.785398	1.736875	3.023612	4	34	33	1.428
1.570796	0.203748	0.590255	154	34	26	1.428
1.047198	1.135813	-2.658866	157	36	41	1.428
1.308997	1.134796	2.434290	142	21	46	1.422
-0.261799	1.433411	-1.035986	1	32	38	1.421
1.570796	1.606104	-0.451151	126	3	31	1.417
1.570796	1.554776	0.100351	126	1	29	1.416
2.617994	0.496451	0.593859	127	10	16	1.415
-0.261799	0.418037	1.360082	155	27	46	1.414
-1.570796	1.683268	0.374177	126	0	29	1.401
0.000000	0.379747	-1.713059	130	2	16	1.401
-1.308997	0.700570	1.559208	127	159	14	1.400
1.308997	1.413347	-1.339188	127	10	27	1.399
-3.141593	1.194549	-0.801900	8	135	51	1.392
-0.261799	1.367556	0.358405	5	129	11	1.392
-1.308997	1.195355	1.200319	143	20	49	1.392
0.785398	1.134796	2.434290	7	134	15	1.392
2.879793	1.998705	2.370472	156	36	40	1.392
2.879793	0.733948	3.021411	3	30	42	1.392
-2.356194	1.658653	-2.409879	150	35	43	1.392
2.356194	1.662363	0.915448	125	9	31	1.376
-0.523599	1.998705	2.370472	149	28	44	1.364
-0.261799	1.310100	1.488307	154	29	45	1.364
1.570796	0.914445	2.687814	10	9	68	1.363
1.832596	2.180315	-1.357379	17	142	158	1.363
-1.832596	1.545873	-1.877082	141	33	36	1.363
0.785398	2.863997	0.549740	10	137	6	1.363
-1.308997	1.732874	-0.951685	133	159	143	1.363
-2.094395	1.450119	-2.739050	146	32	50	1.363
0.000000	1.367556	0.358405	11	130	9	1.363
-1.308997	1.014500	0.906702	137	140	3	1.363
-0.523599	1.683268	0.374177	2	130	4	1.363
1.570796	0.370812	-2.547742	143	34	44	1.363
-0.523599	2.407836	1.410646	8	130	5	1.363
0.261799	1.256302	0.062705	13	131	9	1.363
2.356194	2.407836	1.410646	157	35	26	1.363
-0.261799	1.256302	0.062705	3	128	9	1.363
0.261799	2.393226	1.857173	4	134	5	1.356
-2.879793	2.396274	-1.959260	146	29	49	1.355
0.785398	0.733948	3.021411	139	22	39	1.355
-3.141593	2.396274	-1.959260	148	28	50	1.340
-1.570796	0.619654	-2.216909	147	26	55	1.326
-1.047198	1.335669	0.897240	137	12	133	1.326
-0.785398	1.504028	0.636812	138	6	132	1.326
1.832596	2.984978	1.954446	7	140	3	1.326
2.617994	1.662363	0.915448	125	4	31	1.319
-0.261799	1.824694	1.850876	158	31	39	1.311
-1.308997	1.741644	-2.695914	122	10	33	1.311
-1.047198	1.135834	-1.431087	120	5	29	1.302
2.617994	1.325504	-1.671296	154	33	36	1.298
-1.308997	1.325504	-1.671296	14	145	53	1.297
1.308997	1.367556	0.358405	0	128	8	1.297
-0.523599	2.760637	2.781135	154	134	3	1.297
0.785398	1.194549	-0.801900	14	131	11	1.297
-0.523599	0.618092	2.539118	10	136	3	1.297
2.879793	2.588535	-2.976617	131	159	1	1.297
2.879793	1.440580	2.260026	154	33	51	1.297
0.785398	1.413347	-1.339188	9	129	11	1.297
1.047198	1.134796	2.434290	11	134	15	1.297
1.047198	1.982574	-1.115518	131	15	39	1.295
1.570796	1.904882	-1.478089	127	9	37	1.294
-1.832596	1.045978	0.343692	156	32	32	1.294
1.308997	1.310100	1.488307	133	21	37	1.294
0.000000	1.545873	-1.877082	2	132	10	1.290
2.356194	1.325504	-1.671296	159	30	36	1.290
-2.356194	2.379497	0.561089	126	5	27	1.287
-0.261799	1.756530	-2.105156	127	149	25	1.286
-1.832596	1.756530	-2.105156	129	22	26	1.286
-1.047198	1.214854	-1.966664	122	6	33	1.278
0.785398	0.458961	-0.107937	125	157	25	1.278
0.000000	0.831641	0.616218	126	3	18	1.278
-1.047198	0.571433	-1.188419	124	2	37	1.278
-1.832596	1.736875	3.023612	125	14	36	1.278
-1.308997	1.448123	-2.163292	123	13	33	1.278
0.785398	1.113094	-0.272241	125	159	32	1.278
-1.047198	2.881233	-2.582574	128	7	11	1.278
-0.785398	0.850607	-1.335383	123	157	33	1.278
-0.785398	1.450119	-2.739050	125	158	38	1.278
-3.141593	2.592629	0.909713	126	3	39	1.278
-2.094395	2.984978	1.954446	129	1	10	1.278
0.000000	2.719179	-1.780644	131	158	9	1.278
-0.785398	0.899350	-2.069907	125	6	40	1.278
2.356194	2.041297	-2.664597	129	16	33	1.270
-0.523599	1.413347	-1.339188	125	152	22	1.270
-1.832596	1.506530	1.988858	124	1	38	1.270
-0.523599	2.153910	-1.714959	126	158	14	1.270
-1.308997	2.174483	2.653697	122	158	26	1.270
-1.832596	1.872854	1.543456	122	159	26	1.270
-1.570796	1.194549	-0.801900	122	10	22	1.270
-2.879793	1.599406	1.426070	127	19	28	1.270
-1.308997	1.617114	-1.572037	123	13	22	1.270
-1.570796	2.299159	2.264663	122	159	22	1.269
-2.617994	0.961715	0.014085	128	22	29	1.269
-2.356194	2.407836	1.410646	124	6	15	1.269
0.000000	2.396274	-1.959260	131	151	13	1.269
0.000000	1.504028	0.636812	126	10	18	1.269
-1.308997	1.135834	-1.431087	122	12	29	1.269
0.261799	1.135834	-1.431087	4	126	44	1.268
0.261799	2.174483	2.653697	10	126	17	1.268
0.000000	1.135834	-1.431087	159	125	44	1.268
2.617994	1.450119	-2.739050	124	10	30	1.261
-1.832596	1.809167	1.213774	123	156	22	1.261
2.879793	1.128190	-2.288622	126	0	35	1.261
1.570796	1.872854	1.543456	124	2	29	1.261
-1.570796	1.662363	0.915448	126	151	21	1.261
-0.785398	1.433411	-1.035986	124	157	19	1.261
-1.047198	0.591903	2.010408	129	9	36	1.261
-3.141593	2.063651	-2.044600	131	8	42	1.261
-2.617994	2.407836	1.410646	125	11	15	1.261
-0.523599	1.982574	-1.115518	159	129	35	1.261
-2.617994	1.135813	-2.658866	157	29	54	1.260
-1.832596	1.982574	-1.115518	128	159	24	1.254
-0.785398	1.128190	-2.288622	125	2	38	1.254
-0.523599	1.417623	-0.202254	124	15	31	1.254
-1.570796	2.719179	-1.780644	123	1	36	1.254
-1.570796	1.504028	0.636812	127	2	33	1.253
-0.261799	2.349581	-2.702517	130	13	37	1.253
-2.356194	0.640596	-2.797608	130	16	30	1.253
-2.879793	2.138223	1.678323	128	20	21	1.253
1.308997	1.732874	-0.951685	127	10	35	1.246
1.832596	2.760637	2.781135	129	19	29	1.245
2.356194	1.948085	-2.363031	132	16	40	1.245
2.617994	2.251330	-2.330739	132	16	40	1.245
2.617994	2.881233	-2.582574	131	19	34	1.245
-1.308997	1.909857	-0.381669	134	24	33	1.245
-1.570796	0.992645	-1.723759	127	17	34	1.237
-1.570796	2.349581	-2.702517	125	13	20	1.237
2.617994	2.180315	-1.357379	153	29	40	1.232
-3.141593	2.073035	2.027405	147	35	36	1.231
-2.356194	1.448123	-2.163292	151	36	43	1.231
-1.047198	0.733948	3.021411	134	152	0	1.231
-0.523599	2.637879	2.121598	0	131	4	1.231
-2.879793	1.050534	3.042579	4	134	4	1.231
1.832596	0.496451	0.593859	11	134	8	1.231
1.832596	2.704512	1.488683	15	142	5	1.231
0.261799	1.732874	-0.951685	0	133	2	1.231
2.356194	1.617114	-1.572037	153	28	43	1.231
-1.308997	1.824694	1.850876	135	3	153	1.231
2.356194	0.960688	-0.577532	154	26	52	1.231
0.261799	1.662363	0.915448	19	135	11	1.231
0.523599	1.301460	-0.509251	11	131	9	1.231
0.261799	1.510910	-0.740472	3	131	5	1.231
2.879793	0.831641	0.616218	150	35	44	1.231
-2.356194	1.870545	-2.976234	145	34	42	1.231
2.356194	2.299159	2.264663	6	34	33	1.231
-2.879793	1.948085	-2.363031	2	36	35	1.231
2.356194	2.180315	-1.357379	156	29	40	1.231
-1.047198	2.164094	-2.991358	122	0	25	1.229
-1.047198	1.134497	-1.109631	122	1	26	1.229
2.356194	1.025536	1.576859	124	2	33	1.229
0.261799	0.290380	-0.796960	124	15	32	1.228
-0.261799	2.187132	-0.479875	123	3	34	1.222
-0.785398	1.606104	-0.451151	128	18	36	1.221
-2.617994	1.014500	0.906702	124	13	33	1.221
2.094395	2.041297	-2.664597	133	21	35	1.220
0.261799	0.496451	0.593859	128	157	18	1.220
-2.356194	2.108018	1.311430	123	8	19	1.220
-2.094395	1.599406	1.426070	122	3	29	1.220
2.094395	1.658653	-2.409879	132	18	38	1.220
-2.617994	0.685216	-1.712745	126	3	23	1.213
2.356194	1.450119	-2.739050	142	26	47	1.208
1.047198	1.218453	2.777284	126	5	37	1.205
-1.832596	2.579248	-2.364801	126	153	35	1.205
2.094395	1.756530	-2.105156	126	159	31	1.205
-0.261799	1.870545	-2.976234	146	126	45	1.202
-0.523599	2.164094	-2.991358	141	129	39	1.202
2.094395	0.591903	2.010408	152	25	59	1.202
-2.879793	1.732874	-0.951685	153	30	46	1.202
0.000000	2.579248	-2.364801	151	134	2	1.202
2.094395	1.599406	1.426070	139	22	51	1.202
1.570796	0.992645	-1.723759	140	22	51	1.202
2.356194	0.864993	2.278281	154	25	59	1.202
-1.570796	1.325504	-1.671296	136	29	39	1.202
-1.832596	2.063651	-2.044600	142	33	31	1.202
-2.617994	0.914445	2.687814	123	0	21	1.197
-0.261799	2.089241	-0.114193	122	9	28	1.196
-2.879793	0.685216	-1.712745	151	27	47	1.193
-2.617994	2.396274	-1.959260	129	16	40	1.188
-2.356194	2.396274	-1.959260	127	12	40	1.188
1.832596	2.001437	0.381215	1	26	47	1.187
-0.261799	2.247462	0.191623	156	27	50	1.187
-0.785398	2.455966	-0.641220	124	8	33	1.181
2.356194	2.187132	-0.479875	126	156	21	1.180
2.879793	1.683268	0.374177	125	158	22	1.179
-0.261799	0.458961	-0.107937	123	9	29	1.172
-2.356194	1.134497	-1.109631	147	35	36	1.165
-2.879793	0.960688	-0.577532	151	36	39	1.165
-1.570796	1.555207	1.708892	126	7	33	1.165
1.570796	1.025536	1.576859	10	26	50	1.165
-1.570796	0.910508	1.903534	145	26	44	1.165
1.047198	1.555207	1.708892	8	134	17	1.165
-2.356194	1.846342	-1.796954	152	35	30	1.165
-2.879793	2.033014	2.977192	152	36	39	1.165
0.261799	1.741644	-2.695914	8	138	3	1.165
-0.261799	0.619654	-2.216909	1	130	45	1.165
0.000000	1.510910	-0.740472	159	131	6	1.165
0.785398	1.870545	-2.976234	6	32	40	1.165
0.261799	1.113094	-0.272241	123	159	32	1.164
-3.141593	0.618092	2.539118	125	15	22	1.164
1.570796	1.824694	1.850876	125	2	28	1.164
2.617994	1.367556	0.358405	125	4	20	1.164
-0.523599	1.909857	-0.381669	124	12	33	1.164
2.617994	1.617114	-1.572037	6	135	4	1.158
-2.879793	0.961715	0.014085	9	135	8	1.158
-3.141593	1.184361	0.625864	6	133	11	1.157
0.000000	0.458961	-0.107937	122	5	29	1.156
1.047198	0.831641	0.616218	153	23	51	1.150
2.094395	0.419640	2.974122	147	33	38	1.150
-2.617994	0.864993	2.278281	125	7	16	1.147
-1.308997	2.719179	-1.780644	125	156	34	1.147
2.879793	0.458961	-0.107937	128	5	33	1.147
-3.141593	1.569311	-3.003978	122	6	31	1.147
-2.617994	1.050534	3.042579	124	156	26	1.147
-2.356194	0.864993	2.278281	125	2	16	1.147
-2.879793	0.733948	3.021411	122	1	27	1.147
1.308997	1.875281	0.107086	127	6	33	1.139
0.523599	2.637879	2.121598	152	36	34	1.136
2.094395	2.063651	-2.044600	152	28	53	1.136
-0.785398	2.356369	3.005869	132	144	152	1.136
2.094395	1.433411	-1.035986	19	9	0	1.136
-0.785398	0.762244	-0.273349	136	139	1	1.136
-1.570796	1.014500	0.906702	148	23	52	1.136
1.570796	2.592629	0.909713	6	30	5	1.136
0.261799	1.606104	-0.451151	6	133	0	1.136
0.523599	2.299159	2.264663	147	31	46	1.136
-2.356194	1.194549	-0.801900	143	34	32	1.136
1.832596	2.407836	1.410646	10	33	11	1.136
0.000000	1.025536	1.576859	150	30	41	1.136
-2.356194	2.719179	-1.780644	139	29	45	1.136
0.785398	2.984978	1.954446	147	37	33	1.136
-0.523599	2.073035	2.027405	148	25	48	1.136
0.523599	2.251330	-2.330739	0	129	6	1.136
0.000000	2.456751	-1.503343	145	34	38	1.136
2.617994	1.982574	-1.115518	152	33	34	1.136
-1.047198	2.138223	1.678323	153	130	10	1.136
0.261799	2.251330	-2.330739	155	130	6	1.136
1.832596	2.251330	-2.330739	154	32	50	1.136
2.879793	1.113094	-0.272241	154	29	45	1.135
-1.308997	1.554776	0.100351	148	35	34	1.128
-2.879793	0.080730	-2.622036	150	24	50	1.128
-1.570796	2.588535	-2.976617	158	129	17	1.128
2.356194	1.836682	-0.676006	0	31	41	1.099
1.047198	1.869911	2.701025	8	138	5	1.099
2.356194	2.393226	1.857173	16	149	5	1.099
1.570796	2.164094	-2.991358	150	33	41	1.099
-3.141593	2.104282	-0.813972	146	29	35	1.099
-2.617994	1.846342	-1.796954	157	35	30	1.099
1.047198	2.164094	-2.991358	1	33	42	1.099
0.000000	0.992645	-1.723759	9	139	5	1.092
-1.308997	1.699788	2.452890	148	27	41	1.084
1.570796	1.510910	-0.740472	126	4	29	1.082
-0.785398	2.041297	-2.664597	149	34	45	1.070
-2.879793	0.571433	-1.188419	159	35	47	1.070
-2.879793	2.299159	2.264663	139	15	153	1.070
-0.523599	1.247695	1.809890	154	30	43	1.070
1.047198	0.685216	-1.712745	3	127	51	1.070
0.000000	1.417623	-0.202254	5	130	5	1.070
-0.785398	1.417623	-0.202254	151	134	5	1.070
1.047198	0.899350	-2.069907	2	127	51	1.070
0.785398	1.554776	0.100351	21	140	5	1.070
1.832596	0.571433	-1.188419	158	28	50	1.070
1.832596	1.440580	2.260026	18	18	60	1.070
-1.047198	1.168678	2.108595	151	132	56	1.070
1.570796	2.396274	-1.959260	16	137	1	1.070
-0.261799	0.618092	2.539118	13	138	3	1.070
1.308997	1.433411	-1.035986	20	137	7	1.070
-0.261799	2.115563	0.685730	11	135	0	1.070
1.570796	2.115563	0.685730	145	33	44	1.070
-1.047198	2.724429	-0.348782	140	32	38	1.070
-2.879793	2.456751	-1.503343	152	34	51	1.070
2.617994	1.872854	1.543456	153	37	38	1.070
0.000000	0.866955	-0.931351	150	124	42	1.070
2.094395	1.050534	3.042579	145	36	37	1.070
-0.261799	0.591903	2.010408	144	26	45	1.070
1.832596	2.379497	0.561089	4	30	38	1.070
0.523599	0.619654	-2.216909	7	136	10	1.062
2.094395	1.135834	-1.431087	1	29	42	1.062
-0.523599	0.571433	-1.188419	127	152	38	1.034
-2.617994	1.836682	-0.676006	140	22	41	1.033
-1.047198	1.391910	3.030322	126	1	28	1.026
-1.308997	2.579248	-2.364801	126	13	15	1.026
-1.570796	0.615174	-0.666022	122	9	34	1.026
-2.094395	1.256302	0.062705	122	11	21	1.025
-2.617994	1.555207	1.708892	124	14	34	1.025
1.308997	1.658653	-2.409879	127	15	29	1.018
-1.308997	0.571433	-1.188419	123	9	36	1.018
-0.785398	1.214854	-1.966664	121	2	32	1.017
-1.308997	2.478122	2.609777	122	158	20	1.017
-1.308997	0.290380	-0.796960	125	6	40	1.017
-0.523599	1.756530	-2.105156	122	156	25	1.017
-1.570796	2.478122	2.609777	121	3	20	1.017
-2.617994	2.704512	1.488683	126	8	12	1.017
-1.832596	0.961715	0.014085	120	5	27	1.017
-0.523599	1.545873	-1.877082	122	155	26	1.017
-0.261799	2.719179	-1.780644	129	3	9	1.017
-2.617994	2.478122	2.609777	131	24	20	1.017
-0.785398	2.349581	-2.702517	122	158	20	1.017
-0.523599	1.128190	-2.288622	126	0	39	1.010
-1.832596	1.554776	0.100351	123	4	15	1.009
-3.141593	2.979456	-1.009304	140	2	144	1.004
0.785398	1.301460	-0.509251	16	6	58	1.004
0.261799	1.809167	1.213774	20	135	12	1.004
2.094395	0.831641	0.616218	3	143	56	1.004
0.000000	1.374601	-2.456031	8	134	8	1.004
1.308997	1.301460	-0.509251	16	13	57	1.004
2.094395	1.510910	-0.740472	10	22	53	1.004
1.570796	1.846342	-1.796954	155	23	55	1.004
0.785398	2.393226	1.857173	140	11	147	1.004
-0.785398	0.910508	1.903534	12	146	53	1.004
0.261799	1.599406	1.426070	148	33	35	1.004
2.617994	2.343981	-1.040456	156	29	40	1.004
2.879793	1.766067	2.153843	153	36	44	1.004
1.570796	2.984978	1.954446	152	133	10	1.004
-3.141593	1.869911	2.701025	155	36	44	1.004
-3.141593	2.863997	0.549740	3	30	12	1.004
-2.879793	2.115563	0.685730	0	34	23	1.003
2.094395	2.108018	1.311430	3	34	28	1.003
2.356194	1.488617	1.159546	125	9	35	1.002
-1.047198	1.128190	-2.288622	125	9	39	1.001
-1.832596	2.664082	-1.071402	131	18	34	1.001
2.879793	2.704512	1.488683	159	132	5	0.996
1.570796	0.080730	-2.622036	145	33	39	0.996
-0.785398	1.374601	-2.456031	124	0	36	0.993
-1.570796	1.736875	3.023612	124	7	36	0.993
-2.879793	0.674054	1.013609	128	14	39	0.993
-3.141593	1.741644	-2.695914	125	0	32	0.993
-1.047198	0.615174	-0.666022	124	157	35	0.993
-1.570796	0.762244	-0.273349	122	4	32	0.993
0.785398	2.299159	2.264663	131	17	36	0.993
-2.617994	2.299159	2.264663	128	20	23	0.993
-1.832596	0.762244	-0.273349	122	9	32	0.993
1.832596	2.164094	-2.991358	154	34	39	0.989
-1.832596	1.909857	-0.381669	157	34	43	0.989
-2.094395	2.108018	1.311430	123	2	18	0.985
-1.047198	2.760637	2.781135	127	156	14	0.985
-1.832596	1.599406	1.426070	123	157	29	0.985
-2.617994	1.872854	1.543456	124	15	25	0.985
-0.523599	2.063651	-2.044600	124	156	20	0.985
-2.094395	2.295480	1.008277	127	0	12	0.985
0.523599	2.592629	0.909713	124	10	24	0.985
-1.832596	1.574060	2.783565	126	11	39	0.984
-1.570796	1.948085	-2.363031	125	17	24	0.984
-2.356194	2.174483	2.653697	127	20	27	0.984
-2.094395	2.393226	1.857173	123	5	18	0.984
0.000000	1.809167	1.213774	152	30	41	0.981
1.308997	0.379747	-1.713059	125	12	37	0.978
-0.785398	1.510910	-0.740472	127	155	16	0.976
-2.356194	2.704512	1.488683	127	4	11	0.976
2.617994	1.870545	-2.976234	125	18	30	0.976
-1.308997	1.683268	0.374177	149	134	6	0.975
-1.047198	1.184361	0.625864	152	128	18	0.974
-0.523599	2.404280	-0.174044	123	14	28	0.969
1.308997	0.910508	1.903534	127	15	33	0.969
-0.261799	0.615174	-0.666022	128	19	35	0.969
-2.879793	1.977582	0.969896	127	17	17	0.968
0.785398	2.295480	1.008277	125	6	19	0.968
-2.356194	1.836682	-0.676006	127	9	30	0.961
1.308997	1.836682	-0.676006	127	9	36	0.961
1.832596	1.256302	0.062705	153	27	46	0.960
2.617994	1.812176	0.656819	123	5	29	0.953
-2.094395	2.041297	-2.664597	128	9	28	0.952
-1.047198	2.455966	-0.641220	125	16	33	0.952
-1.047198	0.709924	0.218797	128	21	24	0.952
2.879793	0.700570	1.559208	134	16	43	0.952
-2.879793	1.617114	-1.572037	130	15	24	0.952
-1.570796	2.104282	-0.813972	134	21	39	0.952
-0.261799	1.809167	1.213774	157	31	41	0.951
2.356194	2.001437	0.381215	123	8	27	0.944
1.570796	1.977582	0.969896	126	1	32	0.944
-1.047198	1.904882	-1.478089	125	6	16	0.944
-3.141593	2.001437	0.381215	127	152	27	0.944
-1.308997	2.404280	-0.174044	129	157	22	0.943
1.832596	0.700570	1.559208	1	28	55	0.938
1.047198	0.850607	-1.335383	140	21	48	0.938
0.785398	0.571433	-1.188419	15	10	59	0.938
0.785398	1.417623	-0.202254	19	138	6	0.938
-2.094395	1.846342	-1.796954	147	34	32	0.938
-2.617994	1.374601	-2.456031	139	7	149	0.938
-2.094395	1.732874	-0.951685	134	154	158	0.938
1.308997	2.592629	0.909713	15	139	9	0.938
-2.879793	1.214854	-1.966664	4	131	11	0.938
-0.261799	1.732874	-0.951685	152	136	3	0.938
-2.617994	0.960688	-0.577532	146	35	39	0.938
-3.141593	2.356369	3.005869	158	36	33	0.937
-0.261799	2.041297	-2.664597	129	18	35	0.936
1.308997	2.180315	-1.357379	124	2	20	0.936
-2.879793	2.587733	0.232235	128	12	29	0.935
-0.523599	2.247462	0.191623	126	17	20	0.935
0.785398	0.674054	1.013609	158	33	32	0.930
1.047198	1.756530	-2.105156	130	17	31	0.928
1.832596	2.455966	-0.641220	123	4	24	0.928
0.523599	1.948085	-2.363031	123	6	28	0.927
0.000000	2.393226	1.857173	153	28	47	0.923
-2.879793	1.741644	-2.695914	124	3	37	0.920
-1.047198	0.906588	1.252948	155	28	46	0.915
-2.356194	2.579248	-2.364801	123	4	34	0.912
-1.047198	1.721184	-0.153948	131	23	29	0.912
0.785398	0.864993	2.278281	140	30	44	0.909
1.308997	1.948085	-2.363031	158	32	50	0.909
1.570796	0.850607	-1.335383	23	137	43	0.909
1.570796	1.310100	1.488307	141	29	47	0.909
1.047198	2.153910	-1.714959	144	27	50	0.909
-1.570796	1.617114	-1.572037	148	25	46	0.909
-0.523599	2.592629	0.909713	149	35	35	0.909
0.000000	0.733948	3.021411	142	33	38	0.909
-0.523599	1.301460	-0.509251	150	131	8	0.909
0.000000	1.050534	3.042579	142	32	43	0.909
1.832596	2.041297	-2.664597	148	34	46	0.908
-1.570796	0.914445	2.687814	128	11	29	0.903
0.000000	1.555207	1.708892	153	33	35	0.901
-0.785398	2.979456	-1.009304	122	1	28	0.895
1.832596	1.617114	-1.572037	126	2	31	0.888
0.261799	2.138223	1.678323	149	28	45	0.886
1.832596	2.588535	-2.976617	154	34	39	0.886
-1.570796	1.875281	0.107086	126	159	24	0.880
1.308997	1.909857	-0.381669	128	8	36	0.879
2.879793	2.299159	2.264663	155	36	33	0.872
0.785398	1.721184	-0.153948	17	141	1	0.872
2.356194	1.504028	0.636812	12	135	6	0.872
0.000000	1.113094	-0.272241	3	129	13	0.872
1.570796	2.407836	1.410646	16	141	8	0.872
-2.879793	2.247462	0.191623	151	31	39	0.872
1.047198	2.588535	-2.976617	2	32	43	0.872
1.047198	2.349581	-2.702517	6	29	44	0.864
-1.570796	1.391910	3.030322	126	10	29	0.863
-1.832596	1.721184	-0.153948	125	3	26	0.863
-3.141593	2.760637	2.781135	123	159	23	0.862
-1.308997	1.256302	0.062705	148	33	35	0.857
2.356194	2.247462	0.191623	124	6	28	0.847
1.570796	1.113094	-0.272241	126	3	21	0.846
1.308997	2.478122	2.609777	141	14	152	0.843
2.356194	2.760637	2.781135	13	30	10	0.843
0.523599	2.579248	-2.364801	158	132	2	0.843
1.308997	2.174483	2.653697	143	13	150	0.843
-0.261799	1.025536	1.576859	137	150	5	0.843
-1.047198	0.618092	2.539118	134	156	3	0.843
-1.308997	1.606104	-0.451151	133	152	142	0.843
1.308997	1.504028	0.636812	22	152	48	0.843
1.570796	1.335669	0.897240	9	138	51	0.843
-0.785398	2.407836	1.410646	2	130	4	0.843
-1.308997	2.396274	-1.959260	135	6	143	0.843
0.523599	2.393226	1.857173	143	12	147	0.843
-2.879793	2.637879	2.121598	138	12	146	0.843
-3.141593	1.599406	1.426070	143	34	41	0.843
0.523599	0.899350	-2.069907	3	34	30	0.843
0.523599	2.456751	-1.503343	138	27	38	0.843
2.879793	0.379747	-1.713059	139	140	158	0.843
-0.785398	1.256302	0.062705	152	130	10	0.843
2.356194	2.174483	2.653697	131	0	149	0.843
-0.523599	0.591903	2.010408	136	154	6	0.843
2.879793	2.455966	-0.641220	20	149	139	0.843
0.785398	1.696674	-1.253233	8	131	4	0.843
-1.047198	2.407836	1.410646	156	131	4	0.843
-0.261799	2.588535	-2.976617	150	133	6	0.843
0.261799	1.875281	0.107086	148	32	46	0.843
0.000000	2.588535	-2.976617	155	131	5	0.843
2.094395	0.992645	-1.723759	1	31	42	0.843
2.617994	1.599406	1.426070	152	37	41	0.843
-1.570796	1.050534	3.042579	0	127	13	0.843
-0.261799	1.998705	2.370472	146	26	45	0.842
0.523599	0.910508	1.903534	150	35	43	0.842
-2.879793	1.413430	2.550734	125	3	16	0.830
2.356194	0.496451	0.593859	159	32	51	0.806
-2.617994	0.290380	-0.796960	151	30	53	0.806
-2.094395	1.134497	-1.109631	141	31	37	0.806
-1.832596	1.417623	-0.202254	0	35	41	0.799
-3.141593	0.992645	-1.723759	154	29	42	0.797
1.308997	1.391910	3.030322	3	33	36	0.791
-1.570796	0.850607	-1.335383	124	17	34	0.782
-3.141593	1.247695	1.809890	132	21	41	0.781
2.356194	0.418037	1.360082	137	19	46	0.781
-2.879793	2.153910	-1.714959	138	2	145	0.777
-1.308997	2.089241	-0.114193	135	148	158	0.777
-1.570796	2.587733	0.232235	134	156	152	0.777
1.570796	0.297065	2.160177	18	149	49	0.777
2.356194	0.910508	1.903534	3	22	63	0.777
2.094395	0.709924	0.218797	11	131	12	0.777
1.570796	1.683268	0.374177	132	152	1	0.777
-0.785398	2.456751	-1.503343	5	136	5	0.777
1.047198	1.554776	0.100351	23	146	4	0.777
1.308997	1.184361	0.625864	4	130	3	0.777
1.832596	0.297065	2.160177	8	137	51	0.777
1.047198	2.704512	1.488683	5	136	4	0.777
-0.523599	2.478122	2.609777	5	28	51	0.777
-0.261799	2.295480	1.008277	154	31	49	0.777
-0.261799	2.637879	2.121598	6	130	5	0.777
1.832596	2.396274	-1.959260	18	140	1	0.777
-2.879793	1.846342	-1.796954	138	5	147	0.777
-2.879793	2.041297	-2.664597	0	37	36	0.777
-1.047198	1.569311	-3.003978	14	129	19	0.777
0.785398	2.407836	1.410646	143	24	50	0.777
-1.308997	0.960688	-0.577532	155	36	48	0.777
2.617994	1.836682	-0.676006	155	33	40	0.776
2.879793	2.478122	2.609777	159	36	31	0.776
0.000000	0.961715	0.014085	8	128	16	0.776
1.308997	1.025536	1.576859	130	20	34	0.774
2.617994	1.545873	-1.877082	9	134	6	0.769
0.261799	2.247462	0.191623	12	136	6	0.769
-0.523599	1.736875	3.023612	126	6	25	0.757
0.523599	0.571433	-1.188419	127	16	39	0.757
-1.570796	1.554776	0.100351	125	158	15	0.749
-0.785398	0.571433	-1.188419	125	157	37	0.749
-2.356194	0.496451	0.593859	125	6	40	0.749
2.879793	0.910508	1.903534	136	17	45	0.749
0.261799	2.592629	0.909713	126	16	25	0.749
-1.832596	2.984978	1.954446	130	157	10	0.749
-1.832596	2.349581	-2.702517	127	18	20	0.749
-1.047198	1.325504	-1.671296	121	157	30	0.748
2.356194	1.184361	0.625864	135	23	34	0.748
2.617994	1.184361	0.625864	154	40	39	0.748
-1.047198	2.041297	-2.664597	131	16	37	0.748
1.570796	1.450119	-2.739050	148	36	43	0.748
2.879793	0.674054	1.013609	145	33	51	0.748
0.261799	0.866955	-0.931351	148	32	39	0.748
-0.261799	2.001437	0.381215	149	33	44	0.748
-3.141593	2.138223	1.678323	142	36	34	0.748
1.047198	2.108018	1.311430	141	27	37	0.748
-2.879793	1.606104	-0.451151	145	34	36	0.748
-2.879793	1.247695	1.809890	151	33	48	0.748
-0.261799	0.370812	-2.547742	143	21	53	0.748
-1.308997	1.574060	2.783565	1	29	53	0.748
-1.047198	0.370812	-2.547742	148	27	58	0.748
2.356194	2.456751	-1.503343	0	27	54	0.748
1.047198	1.184361	0.625864	23	145	133	0.748
2.356194	1.014500	0.906702	157	38	45	0.748
-2.094395	1.184361	0.625864	126	156	159	0.748
-2.879793	0.458961	-0.107937	145	35	49	0.748
1.308997	0.419640	2.974122	151	26	48	0.748
-2.617994	0.906588	1.252948	147	27	53	0.748
-1.570796	0.379747	-1.713059	144	30	54	0.748
-1.308997	1.736875	3.023612	155	30	48	0.748
-2.356194	1.113094	-0.272241	139	26	46	0.748
1.570796	2.089241	-0.114193	148	29	46	0.748
-2.094395	0.709924	0.218797	142	19	53	0.748
-2.356194	1.135813	-2.658866	152	34	52	0.748
0.785398	2.349581	-2.702517	8	127	7	0.748
0.261799	0.733948	3.021411	11	13	60	0.748
-0.261799	0.709924	0.218797	132	19	36	0.748
1.832596	2.174483	2.653697	22	152	133	0.748
-2.094395	1.218453	2.777284	147	27	53	0.748
-2.617994	1.824694	1.850876	135	29	42	0.748
1.570796	1.982574	-1.115518	11	135	103	0.748
-3.141593	0.709924	0.218797	134	155	151	0.748
2.879793	2.108018	1.311430	146	37	30	0.748
-1.308997	2.164094	-2.991358	138	148	3	0.748
1.832596	2.719179	-1.780644	5	28	50	0.748
-2.356194	1.045978	0.343692	141	25	49	0.748
-2.879793	2.455966	-0.641220	4	28	51	0.748
2.356194	1.367556	0.358405	1	38	32	0.748
-0.523599	0.370812	-2.547742	144	23	58	0.748
-1.832596	2.407836	1.410646	131	146	146	0.748
-1.832596	2.404280	-0.174044	156	39	40	0.748
2.617994	1.310100	1.488307	151	38	47	0.748
0.523599	1.325504	-1.671296	0	125	14	0.748
1.308997	1.242974	-2.977882	158	38	43	0.748
-1.832596	0.619654	-2.216909	150	32	55	0.748
-2.879793	1.554776	0.100351	145	34	38	0.748
-1.047198	1.574060	2.783565	154	29	50	0.748
2.617994	1.413430	2.550734	148	28	44	0.748
0.523599	0.906588	1.252948	145	29	42	0.748
-0.523599	0.379747	-1.713059	148	25	48	0.748
1.308997	1.617114	-1.572037	151	22	56	0.748
0.523599	1.194549	-0.801900	142	30	40	0.748
1.832596	0.899350	-2.069907	5	29	41	0.748
-2.356194	2.153910	-1.714959	153	31	40	0.748
-2.617994	1.134497	-1.109631	143	32	42	0.748
2.094395	0.290380	-0.796960	151	34	41	0.748
2.879793	2.407836	1.410646	146	35	27	0.748
-2.879793	2.349581	-2.702517	149	30	40	0.748
-2.356194	1.168678	2.108595	145	30	49	0.748
2.617994	1.699788	2.452890	148	29	41	0.748
-2.879793	1.184361	0.625864	138	33	39	0.748
-2.617994	1.184361	0.625864	143	29	48	0.748
-1.047198	1.050534	3.042579	156	33	41	0.748
-0.785398	2.704512	1.488683	3	34	35	0.748
-2.094395	1.135813	-2.658866	148	33	53	0.748
-3.141593	2.407836	1.410646	141	19	54	0.748
2.617994	0.640596	-2.797608	14	18	62	0.748
-0.261799	2.704512	1.488683	11	133	159	0.748
1.832596	0.418037	1.360082	155	31	56	0.748
2.617994	2.979456	-1.009304	8	28	46	0.747
2.879793	2.343981	-1.040456	8	28	51	0.747
-3.141593	0.906588	1.252948	141	31	50	0.747
2.879793	0.906588	1.252948	145	34	50	0.747
-1.832596	1.218453	2.777284	145	25	53	0.747
1.832596	0.910508	1.903534	156	27	54	0.747
-0.785398	1.242974	-2.977882	152	37	43	0.747
-1.308997	0.379747	-1.713059	141	27	54	0.747
2.879793	1.014500	0.906702	146	37	45	0.747
2.879793	1.488617	1.159546	146	38	40	0.747
-2.094395	2.863997	0.549740	150	30	49	0.747
2.879793	0.290380	-0.796960	157	32	49	0.747
2.094395	1.014500	0.906702	2	37	45	0.747
0.523599	1.135834	-1.431087	2	125	15	0.747
-2.356194	2.404280	-0.174044	6	35	40	0.747
2.617994	0.674054	1.013609	149	35	51	0.747
-1.570796	1.134497	-1.109631	148	29	42	0.747
2.617994	1.218453	2.777284	148	26	47	0.747
2.094395	1.683268	0.374177	141	27	37	0.747
2.879793	1.184361	0.625864	148	39	39	0.747
-0.261799	1.325504	-1.671296	150	32	42	0.747
2.879793	2.637879	2.121598	151	37	26	0.747
-3.141593	0.960688	-0.577532	151	36	38	0.747
2.356194	1.998705	2.370472	152	31	37	0.747
1.832596	1.135834	-1.431087	151	35	36	0.747
-1.308997	1.836682	-0.676006	134	21	40	0.742
-1.308997	2.063651	-2.044600	124	14	20	0.741
-1.047198	1.301460	-0.509251	124	156	20	0.741
-3.141593	2.704512	1.488683	131	12	43	0.740
-2.356194	1.569311	-3.003978	135	23	39	0.740
-3.141593	0.290380	-0.796960	0	30	53	0.740
-3.141593	1.128190	-2.288622	157	30	40	0.740
-1.047198	1.374601	-2.456031	124	5	36	0.734
-0.261799	2.396274	-1.959260	127	157	13	0.733
2.879793	2.456751	-1.503343	2	30	51	0.732
-1.047198	2.478122	2.609777	125	153	20	0.732
-1.047198	1.756530	-2.105156	121	7	25	0.732
-0.523599	2.579248	-2.364801	125	159	14	0.732
-2.356194	2.138223	1.678323	122	10	21	0.732
-1.570796	2.251330	-2.330739	126	17	19	0.732
-0.523599	2.456751	-1.503343	129	4	9	0.732
0.523599	1.335669	0.897240	130	0	11	0.732
-1.047198	2.579248	-2.364801	125	8	14	0.732
-1.832596	0.709924	0.218797	122	3	33	0.732
-1.047198	2.153910	-1.714959	125	9	14	0.732
-0.261799	1.982574	-1.115518	131	155	11	0.732
-2.094395	1.977582	0.969896	123	2	17	0.732
-0.785398	1.617114	-1.572037	122	1	21	0.732
0.523599	1.545873	-1.877082	132	14	35	0.732
-1.570796	2.379497	0.561089	127	8	26	0.725
-2.879793	2.343981	-1.040456	4	29	49	0.725
-0.523599	0.850607	-1.335383	124	155	32	0.724
-1.308997	1.045978	0.343692	125	152	27	0.724
-1.570796	0.709924	0.218797	123	158	33	0.724
