384	1.2	0
-1.832596	2.247462	0.191623
0.000000	0.000000	0.000000
model.B99990004.pdb	66.746	13.370	-18.805
1iob.pdb	15.932	13.567	1.186
2.879793	1.696674	-1.253233	251	77	357	10.437
0.261799	2.579248	-2.364801	243	7	343	9.491
1.308997	2.343981	-1.040456	137	359	373	7.542
0.000000	2.579248	-2.364801	243	7	343	7.410
-3.141593	0.866395	-2.492918	254	77	361	7.410
2.879793	1.413347	-1.339188	251	77	360	7.183
2.879793	1.699788	2.452890	135	361	372	7.117
1.570796	2.343981	-1.040456	135	362	373	7.021
-0.523599	2.356369	3.005869	233	5	343	6.823
-0.523599	2.349581	-2.702517	239	4	342	6.794
2.879793	1.325504	-1.671296	252	76	359	6.758
1.570796	2.979456	-1.009304	129	362	368	6.728
-3.141593	2.979456	-1.009304	246	66	346	6.728
1.570796	2.664082	-1.071402	132	362	370	6.728
2.879793	1.135834	-1.431087	251	76	363	6.662
1.832596	1.736875	3.023612	250	4	347	6.662
-0.785398	2.164094	-2.991358	234	3	343	6.662
-0.261799	2.356369	3.005869	234	4	343	6.596
-0.261799	2.579248	-2.364801	243	5	343	6.596
1.047198	2.456751	-1.503343	135	356	368	6.596
2.094395	1.374601	-2.456031	135	362	372	6.501
2.094395	1.214854	-1.966664	243	64	372	6.435
-3.141593	1.809167	1.213774	133	365	382	6.435
-0.523599	2.588535	-2.976617	237	8	342	6.369
-0.785398	2.588535	-2.976617	238	8	342	6.369
-3.141593	1.433411	-1.035986	248	74	363	6.303
2.094395	1.875281	0.107086	125	374	8	6.303
-2.356194	2.251330	-2.330739	230	5	344	6.303
1.570796	2.356369	3.005869	241	1	343	6.303
-2.879793	1.998705	2.370472	130	363	370	6.303
2.094395	2.356369	3.005869	242	3	343	6.303
-3.141593	2.180315	-1.357379	246	72	351	6.274
-3.141593	1.904882	-1.478089	248	73	353	6.237
2.879793	0.850607	-1.335383	250	74	368	6.208
-1.832596	0.733948	3.021411	243	70	363	6.208
0.261799	2.041297	-2.664597	248	351	353	6.142
-2.617994	1.998705	2.370472	127	364	369	6.142
-2.879793	0.640596	-2.797608	252	76	363	6.142
2.879793	1.824694	1.850876	138	361	377	6.142
-1.308997	2.164094	-2.991358	233	6	343	6.142
-3.141593	1.998705	2.370472	133	361	369	6.142
-2.094395	2.760637	2.781135	244	9	344	6.076
-2.879793	2.174483	2.653697	129	360	366	6.076
-3.141593	1.766067	2.153843	134	363	374	6.076
2.617994	1.699788	2.452890	137	357	372	6.010
-2.617994	2.349581	-2.702517	235	6	343	6.010
-0.261799	2.349581	-2.702517	240	4	342	5.981
-2.356194	0.914445	2.687814	252	77	360	5.915
2.879793	1.448123	-2.163292	255	77	353	5.915
2.094395	0.992645	-1.723759	242	59	371	5.915
-2.879793	2.295480	1.008277	127	368	376	5.915
-3.141593	1.696674	-1.253233	247	75	358	5.915
-3.141593	2.664082	-1.071402	246	69	348	5.915
-1.570796	2.349581	-2.702517	236	4	342	5.915
-2.879793	1.555207	1.708892	131	367	381	5.915
-1.832596	1.683268	0.374177	244	66	368	5.849
-2.094395	0.419640	2.974122	248	72	367	5.849
-1.308997	2.356369	3.005869	235	9	343	5.849
-3.141593	2.863997	0.549740	127	364	370	5.783
-2.617994	2.174483	2.653697	127	360	366	5.783
1.570796	2.455966	-0.641220	137	359	373	5.783
-3.141593	2.393226	1.857173	134	360	370	5.783
-0.785398	2.349581	-2.702517	238	4	342	5.754
-2.356194	2.187132	-0.479875	242	67	357	5.717
-2.879793	1.982574	-1.115518	245	71	355	5.717
2.356194	1.374601	-2.456031	132	364	372	5.688
-3.141593	1.982574	-1.115518	246	74	355	5.687
2.879793	0.992645	-1.723759	251	77	362	5.687
2.617994	0.685216	-1.712745	254	76	366	5.687
-2.356194	2.379497	0.561089	248	75	356	5.622
-1.832596	1.977582	0.969896	245	72	360	5.622
-2.617994	2.393226	1.857173	129	364	370	5.622
-1.047198	2.881233	-2.582574	245	7	343	5.622
-0.261799	2.164094	-2.991358	237	1	343	5.622
-1.832596	1.168678	2.108595	248	74	362	5.622
-3.141593	1.574060	2.783565	130	364	371	5.556
-3.141593	2.108018	1.311430	133	365	377	5.556
2.879793	1.574060	2.783565	133	362	371	5.556
-2.094395	2.247462	0.191623	243	69	359	5.556
1.308997	1.904882	-1.478089	138	357	373	5.556
-1.047198	2.356369	3.005869	234	8	343	5.555
0.523599	2.719179	-1.780644	247	9	345	5.490
2.879793	1.413430	2.550734	135	362	375	5.490
2.879793	1.545873	-1.877082	252	77	354	5.461
-1.832596	2.478122	2.609777	125	359	365	5.460
-3.141593	0.619654	-2.216909	250	76	365	5.460
0.000000	2.349581	-2.702517	246	356	351	5.460
-3.141593	1.872854	1.543456	135	364	378	5.460
2.617994	1.875281	0.107086	118	379	8	5.423
-2.356194	2.637879	2.121598	129	361	367	5.394
1.047198	2.180315	-1.357379	138	356	372	5.394
-2.617994	2.704512	1.488683	128	363	369	5.329
-2.879793	2.478122	2.609777	245	9	344	5.329
2.879793	1.168678	2.108595	137	361	382	5.329
2.094395	2.455966	-0.641220	132	364	373	5.328
-1.832596	2.164094	-2.991358	234	8	343	5.328
-1.308997	2.588535	-2.976617	239	8	342	5.328
-0.785398	2.356369	3.005869	234	7	343	5.328
-2.879793	1.904882	-1.478089	245	71	353	5.328
2.617994	1.812176	0.656819	123	376	9	5.328
2.879793	1.812176	0.656819	120	378	9	5.328
1.832596	1.741644	-2.695914	135	355	367	5.328
-2.879793	1.824694	1.850876	131	366	377	5.328
-2.879793	2.393226	1.857173	132	362	370	5.328
1.308997	2.153910	-1.714959	136	357	369	5.328
-2.879793	2.073035	2.027405	131	364	372	5.263
2.879793	1.194549	-0.801900	252	74	368	5.262
-0.523599	2.164094	-2.991358	235	1	343	5.262
-2.879793	2.455966	-0.641220	246	72	352	5.262
-1.570796	1.809167	1.213774	243	69	362	5.262
1.832596	2.356369	3.005869	242	2	343	5.262
2.879793	2.881233	-2.582574	234	1	343	5.262
0.000000	2.164094	-2.991358	237	0	343	5.262
-0.523599	2.579248	-2.364801	243	4	343	5.262
2.879793	1.617114	-1.572037	250	77	356	5.233
-2.094395	2.984978	1.954446	130	361	367	5.233
-3.141593	1.836682	-0.676006	248	76	362	5.233
-3.141593	1.413347	-1.339188	246	75	361	5.233
-2.356194	2.247462	0.191623	245	72	358	5.197
-1.047198	2.478122	2.609777	232	10	344	5.196
2.617994	2.174483	2.653697	133	353	366	5.196
0.000000	2.033014	2.977192	240	350	353	5.167
-2.617994	0.080730	-2.622036	249	70	371	5.167
1.832596	0.290380	-0.796960	253	70	373	5.167
-2.356194	1.113094	-0.272241	241	75	356	5.167
-1.832596	2.863997	0.549740	245	68	349	5.167
-3.141593	0.685216	-1.712745	248	73	367	5.102
-2.356194	2.299159	2.264663	126	362	367	5.101
1.832596	2.104282	-0.813972	123	377	1	5.101
0.261799	2.251330	-2.330739	251	354	353	5.101
2.879793	1.214854	-1.966664	254	78	358	5.101
1.832596	1.836682	-0.676006	124	377	5	5.101
-1.047198	2.164094	-2.991358	234	4	343	5.101
-2.879793	2.407836	1.410646	130	365	372	5.101
-2.617994	2.299159	2.264663	129	361	367	5.101
2.617994	0.571433	-1.188419	252	72	371	5.101
-0.785398	2.881233	-2.582574	245	7	344	5.035
1.832596	2.455966	-0.641220	135	362	373	5.035
0.523599	2.041297	-2.664597	244	1	344	5.035
-2.094395	1.683268	0.374177	246	69	368	5.035
-3.141593	1.214854	-1.966664	250	76	358	5.035
1.308997	2.592629	0.909713	316	62	344	5.035
-0.261799	2.588535	-2.976617	238	7	342	5.035
1.047198	2.979456	-1.009304	133	357	367	5.035
-1.308997	1.045978	0.343692	251	60	375	5.035
0.785398	1.870545	-2.976234	250	350	355	4.969
2.617994	2.979456	-1.009304	76	47	352	4.969
-2.879793	1.732874	-0.951685	245	72	360	4.969
-0.785398	2.478122	2.609777	231	9	344	4.969
2.879793	2.115563	0.685730	120	379	4	4.969
-2.356194	0.733948	3.021411	249	74	363	4.969
-1.570796	2.863997	0.549740	244	64	348	4.969
-1.308997	2.349581	-2.702517	237	3	343	4.969
-3.141593	2.138223	1.678323	134	363	374	4.969
-2.617994	2.984978	1.954446	134	356	366	4.940
-2.879793	2.299159	2.264663	132	360	367	4.874
2.617994	1.545873	-1.877082	257	78	354	4.874
0.523599	1.870545	-2.976234	248	349	354	4.874
1.570796	1.448123	-2.163292	138	357	372	4.874
1.308997	0.850607	-1.335383	241	64	369	4.874
1.570796	1.658653	-2.409879	253	77	370	4.874
-1.047198	2.349581	-2.702517	237	4	342	4.874
2.879793	2.063651	-2.044600	252	72	347	4.874
0.523599	2.033014	2.977192	238	382	344	4.874
1.047198	1.135813	-2.658866	259	352	364	4.874
0.785398	1.450119	-2.739050	255	349	359	4.874
0.261799	2.033014	2.977192	236	382	344	4.874
2.356194	1.699788	2.452890	139	354	371	4.874
2.617994	0.850607	-1.335383	254	75	368	4.808
-1.832596	1.256302	0.062705	248	62	373	4.808
2.094395	1.218453	2.777284	141	353	376	4.808
2.356194	2.724429	-0.348782	129	365	372	4.808
-2.617994	1.875281	0.107086	248	74	365	4.808
1.832596	2.724429	-0.348782	135	361	372	4.808
-2.094395	1.869911	2.701025	77	49	353	4.808
-2.094395	0.914445	2.687814	248	75	360	4.808
-2.617994	2.587733	0.232235	250	75	353	4.808
-3.141593	1.617114	-1.572037	248	75	356	4.808
-2.879793	0.619654	-2.216909	247	73	364	4.808
1.047198	1.374601	-2.456031	254	2	352	4.808
1.308997	2.979456	-1.009304	132	359	367	4.808
0.523599	0.961715	0.014085	245	75	351	4.778
-2.094395	1.875281	0.107086	243	67	365	4.742
-2.879793	1.417623	-0.202254	250	71	370	4.742
-1.570796	2.115563	0.685730	241	65	360	4.742
2.617994	2.863997	0.549740	133	360	369	4.742
-2.879793	2.104282	-0.813972	245	72	356	4.742
1.832596	2.478122	2.609777	241	382	344	4.742
2.356194	0.866955	-0.931351	256	73	370	4.742
2.356194	1.242974	-2.977882	136	361	374	4.742
1.308997	1.325504	-1.671296	140	356	379	4.742
-1.570796	1.367556	0.358405	247	62	372	4.742
-3.141593	1.699788	2.452890	132	363	372	4.676
2.356194	1.875281	0.107086	122	377	8	4.676
2.879793	2.456751	-1.503343	250	70	348	4.676
-2.094395	2.356369	3.005869	238	10	343	4.676
1.832596	2.299159	2.264663	248	382	347	4.676
2.617994	1.998705	2.370472	136	355	369	4.676
-2.617994	2.637879	2.121598	132	359	367	4.647
-1.308997	2.478122	2.609777	121	358	365	4.647
-3.141593	1.448123	-2.163292	250	76	353	4.647
2.356194	0.615174	-0.666022	252	69	373	4.647
-2.617994	0.370812	-2.547742	247	72	367	4.647
-3.141593	2.407836	1.410646	134	362	372	4.647
0.785398	1.699788	2.452890	307	58	344	4.610
2.356194	0.571433	-1.188419	254	73	370	4.581
-0.523599	2.984978	1.954446	247	66	345	4.581
-2.617994	1.721184	-0.153948	247	72	367	4.581
1.570796	1.214854	-1.966664	247	71	372	4.581
0.785398	2.456751	-1.503343	256	360	356	4.581
-0.261799	2.251330	-2.330739	247	352	352	4.581
-0.785398	2.033014	2.977192	229	4	344	4.581
0.261799	2.164094	-2.991358	240	0	343	4.581
-1.047198	2.588535	-2.976617	126	352	363	4.581
2.356194	2.073035	2.027405	139	351	371	4.581
2.879793	1.506530	1.988858	138	361	378	4.581
-1.570796	1.812176	0.656819	242	65	365	4.515
-1.832596	0.914445	2.687814	245	72	360	4.515
2.879793	1.433411	-1.035986	251	76	363	4.515
-3.141593	2.174483	2.653697	131	358	366	4.515
2.879793	1.869911	2.701025	133	359	368	4.515
-1.570796	2.164094	-2.991358	233	7	343	4.515
-0.261799	2.881233	-2.582574	129	355	364	4.515
-2.356194	2.984978	1.954446	131	359	367	4.515
2.617994	1.574060	2.783565	136	359	371	4.515
-2.879793	0.929350	-2.910676	253	77	360	4.515
1.570796	2.456751	-1.503343	132	360	368	4.515
-2.094395	2.174483	2.653697	121	360	365	4.515
2.617994	1.218453	2.777284	137	361	376	4.515
-2.617994	2.356369	3.005869	241	8	343	4.515
2.356194	2.588535	-2.976617	238	3	342	4.515
-0.523599	2.174483	2.653697	229	4	345	4.515
1.308997	2.456751	-1.503343	134	358	368	4.515
1.308997	2.356369	3.005869	239	2	343	4.515
-2.879793	1.242974	-2.977882	255	77	353	4.515
-2.356194	2.393226	1.857173	125	365	370	4.515
-1.308997	1.504028	0.636812	244	62	369	4.515
-3.141593	1.310100	1.488307	134	363	2	4.514
2.617994	0.914445	2.687814	139	360	380	4.486
-2.617994	1.554776	0.100351	250	72	369	4.449
2.879793	1.998705	2.370472	135	358	369	4.449
1.832596	1.242974	-2.977882	139	354	374	4.449
0.785398	1.741644	-2.695914	248	383	347	4.449
-2.879793	2.356369	3.005869	241	9	343	4.449
2.094395	2.478122	2.609777	244	1	344	4.449
-3.141593	1.869911	2.701025	130	361	368	4.449
-2.356194	2.704512	1.488683	125	363	369	4.449
-1.570796	2.356369	3.005869	236	9	343	4.449
-1.047198	2.174483	2.653697	229	8	345	4.449
-2.617994	2.073035	2.027405	129	365	371	4.420
1.832596	2.760637	2.781135	46	8	350	4.420
-2.879793	2.637879	2.121598	133	357	365	4.420
2.356194	1.721184	-0.153948	120	378	9	4.383
1.570796	1.374601	-2.456031	139	355	372	4.354
2.617994	1.869911	2.701025	135	356	367	4.354
-2.879793	1.247695	1.809890	244	73	371	4.354
1.832596	1.448123	-2.163292	136	360	372	4.354
0.523599	2.456751	-1.503343	257	357	356	4.353
-0.785398	1.869911	2.701025	227	4	347	4.353
-2.879793	2.138223	1.678323	132	365	374	4.353
0.261799	2.719179	-1.780644	254	359	354	4.353
-0.261799	1.977582	0.969896	247	74	348	4.353
2.879793	2.174483	2.653697	133	355	366	4.353
2.879793	2.343981	-1.040456	249	74	351	4.288
2.879793	0.619654	-2.216909	254	76	365	4.288
2.094395	0.290380	-0.796960	378	64	373	4.288
-3.141593	1.977582	0.969896	131	367	382	4.288
-1.832596	0.864993	2.278281	248	74	363	4.288
0.000000	2.881233	-2.582574	128	357	365	4.288
1.047198	2.349581	-2.702517	128	351	363	4.288
1.832596	1.869911	2.701025	249	2	347	4.288
-3.141593	0.640596	-2.797608	257	78	362	4.288
1.308997	2.251330	-2.330739	131	354	364	4.288
-3.141593	0.992645	-1.723759	248	74	363	4.288
-3.141593	1.545873	-1.877082	249	75	354	4.288
2.094395	2.033014	2.977192	247	5	344	4.288
1.570796	1.869911	2.701025	248	383	347	4.288
-0.523599	0.203748	0.590255	258	69	374	4.288
-1.832596	0.910508	1.903534	249	74	365	4.288
1.570796	2.041297	-2.664597	132	353	364	4.287
2.356194	1.134796	2.434290	141	355	380	4.287
1.308997	2.063651	-2.044600	134	355	366	4.287
2.356194	1.135834	-1.431087	258	77	363	4.287
1.832596	1.374601	-2.456031	137	358	372	4.287
-1.570796	1.433411	-1.035986	237	69	351	4.258
-1.832596	1.367556	0.358405	248	65	372	4.222
1.570796	1.870545	-2.976234	248	3	345	4.222
2.617994	2.724429	-0.348782	70	60	8	4.222
-1.832596	2.001437	0.381215	242	66	363	4.222
-3.141593	1.662363	0.915448	118	379	10	4.222
-1.832596	2.356369	3.005869	122	355	363	4.222
2.094395	1.846342	-1.796954	87	51	356	4.222
2.094395	2.174483	2.653697	254	356	355	4.222
-2.879793	1.909857	-0.381669	248	74	363	4.222
1.832596	2.187132	-0.479875	137	362	378	4.222
-3.141593	2.187132	-0.479875	251	76	358	4.222
2.094395	1.909857	-0.381669	122	378	6	4.221
-3.141593	1.732874	-0.951685	248	75	360	4.221
-2.356194	2.587733	0.232235	246	72	353	4.221
-1.832596	0.618092	2.539118	247	72	366	4.221
2.879793	0.910508	1.903534	137	359	3	4.221
1.832596	1.128190	-2.288622	243	73	368	4.193
1.832596	0.571433	-1.188419	259	73	371	4.193
1.570796	0.685216	-1.712745	239	67	367	4.192
2.617994	1.904882	-1.478089	142	358	368	4.192
-1.308997	1.310100	1.488307	243	67	365	4.156
-2.356194	2.724429	-0.348782	244	66	350	4.156
-1.570796	2.041297	-2.664597	231	3	344	4.155
1.308997	1.982574	-1.115518	139	357	376	4.155
0.785398	2.979456	-1.009304	135	354	366	4.126
1.832596	2.041297	-2.664597	250	78	366	4.126
2.879793	1.450119	-2.739050	126	379	13	4.126
-1.832596	2.760637	2.781135	129	356	364	4.126
-2.094395	2.637879	2.121598	127	362	367	4.126
2.879793	0.571433	-1.188419	248	70	371	4.126
-3.141593	1.721184	-0.153948	252	76	367	4.126
-1.832596	2.379497	0.561089	243	69	356	4.126
-1.047198	0.961715	0.014085	254	57	375	4.061
0.785398	1.569311	-3.003978	253	348	358	4.061
2.879793	0.685216	-1.712745	251	75	366	4.061
2.879793	1.555207	1.708892	138	361	380	4.061
1.047198	1.450119	-2.739050	251	1	350	4.061
-2.879793	1.310100	1.488307	242	74	367	4.060
0.785398	1.658653	-2.409879	251	0	348	4.060
0.261799	2.349581	-2.702517	246	356	351	4.060
-2.094395	2.164094	-2.991358	235	10	343	4.060
1.832596	2.164094	-2.991358	130	350	363	4.060
0.785398	2.033014	2.977192	240	382	344	4.060
-3.141593	2.104282	-0.813972	248	75	357	4.060
0.523599	2.251330	-2.330739	252	356	353	4.060
-2.356194	1.812176	0.656819	248	75	365	4.060
2.617994	1.766067	2.153843	139	357	373	4.060
-3.141593	1.325504	-1.671296	248	75	359	4.060
-1.570796	1.247695	1.809890	245	72	362	4.060
2.094395	1.741644	-2.695914	134	358	367	4.060
-1.308997	2.760637	2.781135	126	358	365	4.060
2.356194	1.741644	-2.695914	132	360	367	4.060
-1.832596	0.961715	0.014085	234	62	360	4.031
-3.141593	1.335669	0.897240	244	80	359	4.031
0.261799	1.440580	2.260026	99	380	35	4.031
-2.094395	2.299159	2.264663	235	67	356	4.031
-2.617994	1.256302	0.062705	240	76	354	4.031
0.785398	2.719179	-1.780644	245	11	345	4.024
1.308997	2.180315	-1.357379	137	358	371	3.995
2.617994	2.247462	0.191623	132	366	379	3.995
2.879793	2.478122	2.609777	246	5	344	3.994
2.879793	2.592629	0.909713	134	363	373	3.994
-2.879793	2.187132	-0.479875	247	74	358	3.994
-1.832596	1.812176	0.656819	244	69	365	3.994
-2.617994	0.914445	2.687814	256	78	360	3.994
-2.879793	1.869911	2.701025	128	363	368	3.994
2.094395	1.721184	-0.153948	123	376	10	3.994
-3.141593	2.295480	1.008277	131	366	376	3.994
-1.570796	2.984978	1.954446	124	361	367	3.994
2.879793	1.756530	-2.105156	254	75	350	3.994
-2.356194	1.554776	0.100351	248	69	370	3.994
1.570796	1.736875	3.023612	250	1	347	3.994
2.356194	1.904882	-1.478089	70	61	10	3.994
-2.356194	0.618092	2.539118	252	77	365	3.965
-2.617994	2.455966	-0.641220	244	69	351	3.929
-1.308997	1.335669	0.897240	245	64	370	3.929
1.308997	2.478122	2.609777	239	381	344	3.929
-2.356194	1.875281	0.107086	246	71	365	3.928
-2.356194	1.417623	-0.202254	246	66	370	3.928
2.356194	2.404280	-0.174044	132	365	376	3.928
-1.570796	2.588535	-2.976617	239	6	342	3.928
-1.832596	2.115563	0.685730	243	69	360	3.928
1.047198	2.863997	0.549740	314	63	341	3.928
2.356194	2.247462	0.191623	124	377	2	3.928
-2.879793	2.343981	-1.040456	245	70	351	3.928
-3.141593	2.478122	2.609777	245	8	344	3.928
1.570796	2.478122	2.609777	241	382	344	3.928
2.879793	1.904882	-1.478089	251	75	353	3.928
-2.879793	0.700570	1.559208	120	374	14	3.928
-3.141593	1.824694	1.850876	136	363	376	3.899
0.523599	2.343981	-1.040456	233	380	339	3.899
0.785398	2.664082	-1.071402	258	359	357	3.899
-2.617994	1.488617	1.159546	238	71	361	3.899
2.356194	0.992645	-1.723759	260	78	361	3.899
2.879793	2.295480	1.008277	136	363	375	3.899
-2.094395	0.733948	3.021411	244	73	362	3.899
-3.141593	1.135834	-1.431087	246	74	364	3.899
-2.617994	2.478122	2.609777	129	357	365	3.862
2.094395	2.299159	2.264663	249	2	347	3.862
2.879793	0.864993	2.278281	124	375	8	3.862
2.879793	2.153910	-1.714959	251	72	349	3.862
-1.047198	2.033014	2.977192	230	6	345	3.862
2.617994	1.194549	-0.801900	253	75	368	3.833
0.261799	1.869911	2.701025	240	346	356	3.833
-2.879793	1.721184	-0.153948	250	74	367	3.833
2.617994	2.115563	0.685730	137	363	379	3.833
0.523599	1.869911	2.701025	243	346	356	3.833
-2.617994	2.404280	-0.174044	246	73	355	3.833
-2.094395	2.295480	1.008277	248	75	357	3.833
-2.879793	2.089241	-0.114193	250	76	361	3.833
-1.832596	1.875281	0.107086	242	64	365	3.833
2.356194	0.618092	2.539118	140	354	2	3.833
-2.356194	1.045978	0.343692	237	69	360	3.833
2.879793	1.872854	1.543456	138	361	378	3.833
-1.570796	0.458961	-0.107937	239	15	0	3.833
-2.356194	0.080730	-2.622036	247	68	371	3.833
-2.879793	0.910508	1.903534	246	68	376	3.833
-3.141593	1.025536	1.576859	135	361	4	3.833
2.879793	2.073035	2.027405	136	359	372	3.796
2.879793	0.733948	3.021411	77	60	19	3.768
-2.356194	1.683268	0.374177	247	72	368	3.768
-2.356194	1.721184	-0.153948	245	69	367	3.767
-2.617994	2.407836	1.410646	126	367	373	3.767
-2.879793	2.033014	2.977192	127	360	365	3.767
-2.617994	0.640596	-2.797608	249	75	363	3.767
-1.570796	0.910508	1.903534	247	72	365	3.767
1.308997	1.869911	2.701025	247	380	347	3.767
-1.832596	1.134796	2.434290	246	73	359	3.767
-2.879793	1.606104	-0.451151	247	73	366	3.767
-3.141593	2.343981	-1.040456	246	72	351	3.767
1.308997	1.870545	-2.976234	246	3	345	3.767
1.832596	1.948085	-2.363031	132	358	366	3.767
-2.094395	1.050534	3.042579	246	73	356	3.767
-3.141593	2.404280	-0.174044	253	77	355	3.767
-2.356194	2.455966	-0.641220	241	65	352	3.767
-1.570796	2.760637	2.781135	127	357	364	3.767
2.617994	1.741644	-2.695914	129	362	367	3.767
2.356194	2.455966	-0.641220	129	366	373	3.767
2.617994	2.299159	2.264663	136	352	367	3.767
2.879793	1.741644	-2.695914	85	62	21	3.738
-1.832596	2.138223	1.678323	248	74	352	3.701
-1.308997	0.831641	0.616218	253	64	375	3.701
-2.879793	1.875281	0.107086	252	76	365	3.701
-1.832596	2.592629	0.909713	246	71	352	3.701
-1.832596	2.588535	-2.976617	240	6	342	3.701
-2.879793	1.450119	-2.739050	252	75	350	3.701
-0.523599	2.881233	-2.582574	244	9	343	3.701
2.356194	1.869911	2.701025	136	353	368	3.701
-3.141593	0.379747	-1.713059	248	70	370	3.701
-2.356194	2.089241	-0.114193	244	70	361	3.701
-1.570796	2.033014	2.977192	117	355	365	3.701
-1.570796	1.184361	0.625864	249	65	373	3.701
-3.141593	1.599406	1.426070	134	364	383	3.701
-2.879793	1.766067	2.153843	130	366	374	3.701
-1.047198	1.574060	2.783565	224	4	350	3.701
-2.617994	1.050534	3.042579	252	77	358	3.701
2.879793	1.683268	0.374177	118	378	11	3.701
1.047198	2.664082	-1.071402	136	356	369	3.701
-2.879793	1.545873	-1.877082	57	56	11	3.701
1.832596	2.063651	-2.044600	256	73	375	3.672
-2.879793	1.440580	2.260026	247	75	373	3.672
0.000000	1.872854	1.543456	253	72	342	3.672
-0.785398	1.433411	-1.035986	376	66	378	3.672
2.094395	2.063651	-2.044600	254	73	375	3.672
2.617994	2.664082	-1.071402	251	74	349	3.672
2.617994	0.992645	-1.723759	254	78	363	3.672
-1.832596	0.419640	2.974122	244	70	368	3.672
0.523599	0.709924	0.218797	244	73	361	3.672
2.879793	1.846342	-1.796954	141	364	373	3.672
2.094395	2.187132	-0.479875	122	378	1	3.635
-2.094395	1.440580	2.260026	250	76	356	3.635
1.832596	1.998705	2.370472	251	383	349	3.635
1.047198	1.870545	-2.976234	252	352	355	3.635
2.879793	2.180315	-1.357379	250	74	350	3.635
-3.141593	2.033014	2.977192	129	359	366	3.635
0.523599	2.637879	2.121598	231	381	346	3.635
-2.094395	2.041297	-2.664597	231	7	344	3.635
-1.047198	0.709924	0.218797	257	60	376	3.635
2.356194	1.218453	2.777284	139	357	376	3.635
-1.308997	2.041297	-2.664597	232	2	344	3.635
-2.617994	1.014500	0.906702	238	70	365	3.606
-2.617994	0.831641	0.616218	239	71	366	3.606
-1.047198	2.760637	2.781135	124	359	364	3.606
-1.832596	2.349581	-2.702517	237	6	342	3.606
2.879793	1.732874	-0.951685	250	77	360	3.606
1.047198	2.174483	2.653697	246	348	355	3.569
-3.141593	1.374601	-2.456031	64	60	9	3.541
1.570796	0.615174	-0.666022	259	70	373	3.540
-2.879793	0.080730	-2.622036	252	72	370	3.540
1.832596	1.450119	-2.739050	138	355	370	3.540
1.047198	2.033014	2.977192	242	383	344	3.540
1.570796	1.242974	-2.977882	255	5	353	3.540
0.785398	0.709924	0.218797	0	56	376	3.540
-2.356194	2.115563	0.685730	248	76	360	3.540
-0.523599	1.869911	2.701025	233	352	356	3.540
-2.879793	2.984978	1.954446	249	10	346	3.540
-0.785398	2.174483	2.653697	229	6	345	3.540
-2.617994	2.138223	1.678323	128	366	374	3.540
1.308997	1.617114	-1.572037	139	358	376	3.540
2.094395	0.866955	-0.931351	259	74	370	3.540
-2.879793	2.115563	0.685730	141	349	367	3.532
-1.570796	0.866955	-0.931351	236	69	362	3.511
-2.356194	0.762244	-0.273349	240	76	363	3.511
-3.141593	2.379497	0.561089	247	74	366	3.511
1.832596	1.824694	1.850876	141	366	383	3.511
-2.617994	1.218453	2.777284	255	77	356	3.503
0.523599	2.664082	-1.071402	250	357	350	3.503
0.523599	2.299159	2.264663	234	378	347	3.503
-2.879793	0.370812	-2.547742	251	74	367	3.474
2.617994	1.506530	1.988858	140	358	379	3.474
-1.308997	1.977582	0.969896	241	64	361	3.474
1.308997	1.569311	-3.003978	256	353	358	3.474
1.308997	2.041297	-2.664597	132	351	364	3.474
1.047198	1.569311	-3.003978	255	350	358	3.474
0.523599	2.979456	-1.009304	255	358	355	3.474
-1.570796	1.977582	0.969896	242	68	361	3.474
-3.141593	1.812176	0.656819	116	380	9	3.474
1.047198	2.478122	2.609777	237	381	344	3.474
2.356194	2.299159	2.264663	136	349	367	3.474
2.879793	2.033014	2.977192	131	357	365	3.474
1.570796	2.033014	2.977192	246	1	344	3.474
-1.832596	1.824694	1.850876	247	75	355	3.474
-2.617994	2.881233	-2.582574	247	323	361	3.474
1.570796	1.569311	-3.003978	257	356	358	3.474
2.094395	1.869911	2.701025	249	5	347	3.474
1.308997	1.450119	-2.739050	253	3	350	3.474
1.308997	1.242974	-2.977882	254	0	353	3.474
-1.308997	2.033014	2.977192	230	7	344	3.474
-2.879793	2.724429	-0.348782	248	72	351	3.474
2.617994	1.310100	1.488307	139	356	2	3.474
-1.570796	2.478122	2.609777	122	359	365	3.474
-3.141593	1.736875	3.023612	129	362	368	3.474
2.094395	1.574060	2.783565	253	6	350	3.474
-2.356194	0.640596	-2.797608	245	72	363	3.474
-1.047198	1.869911	2.701025	226	6	347	3.474
2.617994	1.247695	1.809890	140	357	0	3.474
2.879793	2.108018	1.311430	137	362	377	3.474
1.832596	1.325504	-1.671296	246	64	376	3.445
-1.832596	2.180315	-1.357379	251	75	341	3.445
0.785398	1.448123	-2.163292	260	353	361	3.445
-1.832596	1.741644	-2.695914	241	76	364	3.445
0.523599	0.080730	-2.622036	241	7	341	3.437
2.094395	1.135813	-2.658866	137	361	376	3.408
2.879793	1.977582	0.969896	122	378	5	3.408
-1.570796	1.504028	0.636812	245	65	369	3.408
0.000000	2.455966	-0.641220	311	58	346	3.408
2.094395	1.998705	2.370472	252	1	349	3.408
2.094395	1.242974	-2.977882	138	358	374	3.408
-2.879793	2.588535	-2.976617	239	5	342	3.408
1.047198	1.736875	3.023612	246	380	347	3.408
1.832596	2.637879	2.121598	250	348	356	3.408
-1.570796	0.906588	1.252948	250	70	371	3.408
2.356194	2.356369	3.005869	242	5	343	3.408
-3.141593	2.881233	-2.582574	235	383	343	3.408
-1.570796	0.831641	0.616218	254	65	375	3.408
2.617994	1.736875	3.023612	133	360	368	3.408
-1.832596	2.984978	1.954446	126	361	367	3.408
2.094395	2.588535	-2.976617	238	3	342	3.408
-2.094395	2.115563	0.685730	246	73	360	3.408
2.094395	0.733948	3.021411	140	356	383	3.408
-2.879793	2.979456	-1.009304	259	79	367	3.379
-2.617994	2.247462	0.191623	51	53	380	3.379
2.356194	2.187132	-0.479875	131	355	359	3.379
-2.356194	1.367556	0.358405	237	69	355	3.379
0.785398	2.478122	2.609777	258	81	354	3.379
2.617994	1.325504	-1.671296	254	78	359	3.379
-0.785398	1.870545	-2.976234	237	352	353	3.379
1.570796	2.592629	0.909713	88	50	347	3.379
-2.356194	1.195355	1.200319	131	358	362	3.379
-0.785398	2.299159	2.264663	142	355	371	3.379
-0.523599	2.393226	1.857173	243	60	348	3.379
2.094395	1.050534	3.042579	140	356	376	3.379
-1.832596	2.033014	2.977192	237	70	362	3.379
2.879793	2.863997	0.549740	130	362	369	3.342
1.832596	1.510910	-0.740472	122	377	8	3.342
-1.047198	2.041297	-2.664597	233	0	344	3.342
-2.356194	2.174483	2.653697	125	361	366	3.313
-3.141593	1.301460	-0.509251	249	72	370	3.313
0.000000	0.203748	0.590255	254	69	374	3.313
-1.832596	1.450119	-2.739050	243	74	370	3.313
2.094395	2.164094	-2.991358	134	370	1	3.313
-2.879793	1.696674	-1.253233	244	72	358	3.313
1.308997	1.545873	-1.877082	139	356	373	3.313
2.094395	2.251330	-2.330739	252	76	370	3.313
2.879793	0.960688	-0.577532	251	70	373	3.313
2.879793	1.982574	-1.115518	249	76	355	3.313
2.617994	2.164094	-2.991358	129	354	363	3.313
0.000000	2.041297	-2.664597	246	351	352	3.313
-1.570796	0.297065	2.160177	249	71	371	3.313
2.094395	2.247462	0.191623	139	361	380	3.313
-3.141593	0.733948	3.021411	86	54	367	3.312
1.308997	0.899350	-2.069907	141	355	382	3.312
2.094395	2.343981	-1.040456	87	52	357	3.276
0.523599	2.174483	2.653697	241	348	355	3.276
0.785398	2.637879	2.121598	234	379	346	3.276
1.832596	2.033014	2.977192	246	3	345	3.276
2.879793	0.899350	-2.069907	254	77	363	3.247
-2.094395	1.766067	2.153843	242	378	343	3.247
0.523599	2.393226	1.857173	81	54	349	3.247
1.570796	1.741644	-2.695914	136	353	367	3.247
-0.523599	2.033014	2.977192	230	2	344	3.247
-0.261799	2.033014	2.977192	232	0	344	3.247
1.047198	1.242974	-2.977882	257	349	362	3.247
2.617994	2.478122	2.609777	251	355	354	3.247
-2.879793	2.164094	-2.991358	124	357	363	3.247
-1.832596	2.295480	1.008277	245	72	357	3.247
-3.141593	0.080730	-2.622036	255	73	370	3.247
2.356194	0.379747	-1.713059	256	74	370	3.247
-2.879793	2.592629	0.909713	127	367	373	3.247
2.879793	2.164094	-2.991358	127	355	363	3.247
1.570796	1.510910	-0.740472	125	373	9	3.247
-1.832596	2.104282	-0.813972	74	45	344	3.218
-2.617994	1.335669	0.897240	236	71	360	3.218
-2.879793	1.504028	0.636812	240	76	354	3.218
-1.308997	0.929350	-2.910676	234	329	26	3.218
0.261799	0.700570	1.559208	102	5	38	3.218
-2.617994	1.045978	0.343692	238	74	360	3.218
-2.356194	1.194549	-0.801900	245	80	354	3.217
-1.570796	1.195355	1.200319	247	69	369	3.181
-2.094395	2.089241	-0.114193	241	66	361	3.181
-3.141593	1.506530	1.988858	134	364	378	3.181
2.617994	2.588535	-2.976617	237	4	342	3.181
1.308997	1.741644	-2.695914	135	350	367	3.181
-2.094395	2.881233	-2.582574	308	66	336	3.181
-1.308997	1.184361	0.625864	248	63	373	3.181
-2.617994	2.343981	-1.040456	243	67	351	3.181
0.523599	1.741644	-2.695914	251	349	356	3.181
-2.617994	0.733948	3.021411	252	77	363	3.181
1.570796	0.290380	-0.796960	256	70	373	3.181
-2.879793	1.214854	-1.966664	58	58	15	3.181
1.308997	1.756530	-2.105156	137	354	369	3.181
2.617994	2.033014	2.977192	132	355	365	3.181
2.094395	2.664082	-1.071402	126	357	362	3.173
-2.879793	2.247462	0.191623	54	55	380	3.152
2.617994	1.135834	-1.431087	132	376	5	3.152
-1.832596	2.343981	-1.040456	253	71	339	3.152
-2.879793	1.448123	-2.163292	245	73	353	3.152
-0.261799	2.379497	0.561089	240	74	350	3.152
-2.356194	0.961715	0.014085	232	21	0	3.151
-1.570796	0.961715	0.014085	232	17	0	3.151
1.832596	2.174483	2.653697	146	357	379	3.151
-0.261799	0.496451	0.593859	254	64	375	3.115
1.832596	1.909857	-0.381669	125	375	6	3.115
2.356194	2.478122	2.609777	311	69	336	3.115
1.832596	1.194549	-0.801900	119	377	11	3.115
-2.356194	2.356369	3.005869	124	355	363	3.115
1.832596	2.588535	-2.976617	237	3	342	3.115
-0.523599	2.664082	-1.071402	309	60	341	3.115
-2.356194	2.404280	-0.174044	243	69	355	3.115
-0.785398	2.760637	2.781135	121	357	364	3.115
-3.141593	1.510910	-0.740472	249	74	364	3.115
1.832596	1.417623	-0.202254	122	373	13	3.115
-2.617994	0.419640	2.974122	254	75	367	3.115
-2.879793	1.872854	1.543456	130	366	378	3.114
2.094395	2.724429	-0.348782	133	363	372	3.086
-1.570796	0.591903	2.010408	248	72	370	3.086
-2.356194	2.881233	-2.582574	248	323	361	3.086
1.832596	2.349581	-2.702517	252	79	366	3.086
0.785398	2.349581	-2.702517	127	351	362	3.086
-2.879793	0.914445	2.687814	254	67	380	3.086
0.261799	1.870545	-2.976234	245	348	354	3.086
-2.879793	1.736875	3.023612	255	81	368	3.086
-1.047198	1.721184	-0.153948	244	80	361	3.086
-2.356194	2.478122	2.609777	129	358	364	3.086
2.879793	1.134796	2.434290	241	73	347	3.086
2.356194	1.335669	0.897240	236	65	360	3.086
-2.356194	1.440580	2.260026	241	68	372	3.086
0.000000	1.504028	0.636812	239	65	350	3.086
2.094395	1.732874	-0.951685	142	353	366	3.086
0.000000	2.456751	-1.503343	226	382	341	3.086
-2.617994	1.599406	1.426070	238	71	361	3.086
-1.570796	2.407836	1.410646	245	71	353	3.085
2.356194	1.168678	2.108595	142	354	382	3.085
-1.832596	0.866955	-0.931351	237	74	362	3.056
-1.308997	1.948085	-2.363031	234	68	357	3.056
-1.832596	1.870545	-2.976234	237	73	364	3.056
-3.141593	2.760637	2.781135	246	70	355	3.056
-2.617994	1.214854	-1.966664	55	54	15	3.049
0.000000	1.998705	2.370472	235	347	358	3.049
-1.832596	1.555207	1.708892	247	74	359	3.049
-2.617994	0.619654	-2.216909	244	71	365	3.020
0.523599	0.615174	-0.666022	239	67	362	3.020
0.261799	1.736875	3.023612	244	346	356	3.020
0.785398	1.736875	3.023612	250	347	356	3.020
1.570796	1.301460	-0.509251	123	372	14	3.020
-1.570796	2.073035	2.027405	246	72	350	3.020
2.094395	1.836682	-0.676006	121	379	6	3.020
0.523599	1.736875	3.023612	247	346	356	3.020
-2.879793	1.617114	-1.572037	244	72	356	3.020
1.047198	1.658653	-2.409879	137	348	368	3.020
2.094395	2.153910	-1.714959	85	50	353	3.020
-1.832596	2.881233	-2.582574	251	324	361	3.020
-1.308997	2.704512	1.488683	247	69	349	3.020
1.570796	1.128190	-2.288622	140	357	377	3.020
-2.094395	2.588535	-2.976617	241	7	342	3.020
0.523599	2.396274	-1.959260	254	358	355	3.020
-0.523599	1.766067	2.153843	135	355	364	3.020
0.261799	2.396274	-1.959260	254	355	354	3.020
-2.617994	1.606104	-0.451151	245	70	367	3.020
-2.879793	1.301460	-0.509251	247	70	370	3.019
1.308997	1.658653	-2.409879	137	352	368	3.019
-3.141593	1.555207	1.708892	135	364	380	3.019
1.308997	1.948085	-2.363031	134	353	365	3.019
1.570796	2.180315	-1.357379	135	362	372	3.019
2.617994	2.719179	-1.780644	248	68	345	2.991
-2.879793	1.662363	0.915448	239	75	355	2.991
-1.047198	0.290380	-0.796960	239	58	373	2.990
-0.523599	1.488617	1.159546	249	70	342	2.990
-3.141593	1.014500	0.906702	244	79	366	2.990
-2.356194	1.218453	2.777284	251	76	356	2.983
0.261799	2.587733	0.232235	308	57	346	2.983
1.570796	2.760637	2.781135	236	383	344	2.983
2.356194	2.760637	2.781135	240	0	344	2.983
2.356194	1.325504	-1.671296	247	58	375	2.954
0.523599	2.579248	-2.364801	128	355	364	2.954
2.356194	2.587733	0.232235	123	377	381	2.954
1.570796	1.836682	-0.676006	126	374	5	2.954
2.094395	1.658653	-2.409879	133	361	369	2.954
2.356194	1.214854	-1.966664	243	61	372	2.954
-2.617994	2.187132	-0.479875	244	71	358	2.954
1.570796	1.545873	-1.877082	137	360	374	2.954
-1.570796	1.310100	1.488307	245	71	366	2.954
-2.617994	1.836682	-0.676006	243	69	362	2.954
2.617994	0.910508	1.903534	139	355	2	2.954
-1.570796	2.637879	2.121598	120	362	367	2.954
2.094395	2.404280	-0.174044	135	363	376	2.954
0.261799	2.881233	-2.582574	125	356	363	2.954
2.617994	2.356369	3.005869	130	351	363	2.954
-2.617994	0.496451	0.593859	117	365	19	2.954
0.000000	2.404280	-0.174044	308	56	349	2.954
-1.308997	2.592629	0.909713	242	64	352	2.954
1.047198	2.637879	2.121598	75	56	354	2.954
-3.141593	2.704512	1.488683	134	360	369	2.954
0.000000	2.356369	3.005869	119	349	363	2.954
0.261799	2.478122	2.609777	117	347	364	2.954
-2.879793	0.733948	3.021411	257	78	362	2.954
1.832596	0.458961	-0.107937	380	60	375	2.954
-2.879793	2.664082	-1.071402	245	66	349	2.954
2.879793	1.374601	-2.456031	257	77	352	2.953
0.000000	1.977582	0.969896	244	71	348	2.953
2.617994	1.134796	2.434290	139	360	380	2.953
2.356194	0.850607	-1.335383	257	76	367	2.953
2.356194	1.450119	-2.739050	134	362	371	2.953
1.308997	0.866395	-2.492918	256	5	360	2.953
-2.094395	1.256302	0.062705	249	65	373	2.953
1.308997	2.033014	2.977192	245	383	344	2.953
1.308997	1.448123	-2.163292	139	353	372	2.953
0.523599	0.203748	0.590255	251	65	374	2.953
2.617994	2.587733	0.232235	132	365	374	2.953
-1.570796	2.592629	0.909713	242	68	352	2.925
-0.261799	1.599406	1.426070	253	69	339	2.925
1.047198	0.709924	0.218797	383	57	376	2.924
2.094395	1.168678	2.108595	7	69	376	2.924
2.094395	0.961715	0.014085	233	317	368	2.924
2.617994	2.456751	-1.503343	139	351	362	2.924
-2.879793	1.335669	0.897240	239	75	360	2.924
-1.308997	2.251330	-2.330739	237	69	351	2.924
-1.047198	1.168678	2.108595	246	349	351	2.917
-0.523599	1.998705	2.370472	226	1	349	2.917
-2.617994	1.982574	-1.115518	243	68	356	2.888
-2.356194	0.674054	1.013609	116	372	17	2.888
-1.832596	1.335669	0.897240	248	70	370	2.888
-1.308997	1.195355	1.200319	245	66	369	2.888
-2.879793	2.760637	2.781135	311	71	336	2.888
1.308997	1.555207	1.708892	314	58	353	2.888
-3.141593	1.870545	-2.976234	126	361	366	2.888
2.879793	1.766067	2.153843	137	360	374	2.888
1.047198	1.741644	-2.695914	250	2	347	2.888
-2.617994	1.909857	-0.381669	245	71	363	2.888
2.094395	0.615174	-0.666022	256	70	373	2.887
2.617994	1.413430	2.550734	138	359	375	2.887
2.356194	2.863997	0.549740	135	358	370	2.887
-1.570796	1.045978	0.343692	251	62	375	2.887
-1.832596	1.662363	0.915448	246	71	366	2.887
2.356194	2.251330	-2.330739	145	355	372	2.859
0.000000	0.733948	3.021411	262	358	360	2.859
0.000000	0.831641	0.616218	82	358	25	2.859
0.523599	0.733948	3.021411	260	367	360	2.859
-2.356194	2.349581	-2.702517	243	329	360	2.859
-0.261799	1.045978	0.343692	239	69	353	2.858
-1.047198	1.736875	3.023612	233	356	355	2.858
-0.523599	1.872854	1.543456	258	72	342	2.858
2.617994	0.379747	-1.713059	252	74	370	2.858
0.785398	0.866955	-0.931351	245	74	350	2.858
-1.308997	0.290380	-0.796960	240	62	373	2.858
-3.141593	2.073035	2.027405	136	361	371	2.858
2.617994	2.063651	-2.044600	144	359	372	2.858
1.570796	2.349581	-2.702517	257	80	366	2.858
-2.356194	1.413430	2.550734	244	71	374	2.858
0.785398	1.194549	-0.801900	243	75	356	2.858
0.785398	2.592629	0.909713	96	42	347	2.858
1.570796	2.164094	-2.991358	253	81	361	2.858
-3.141593	1.247695	1.809890	136	363	383	2.858
2.094395	2.881233	-2.582574	376	57	377	2.858
-2.094395	0.640596	-2.797608	235	334	21	2.829
1.308997	1.214854	-1.966664	140	355	379	2.822
1.832596	1.433411	-1.035986	122	378	6	2.822
2.356194	1.050534	3.042579	126	374	1	2.822
1.570796	2.881233	-2.582574	251	64	343	2.822
1.308997	1.135813	-2.658866	260	355	365	2.822
-2.356194	2.001437	0.381215	247	73	363	2.822
-0.785398	2.579248	-2.364801	242	3	343	2.822
-2.617994	2.104282	-0.813972	243	69	355	2.822
-1.832596	1.488617	1.159546	247	72	366	2.821
-0.261799	2.455966	-0.641220	308	57	346	2.821
0.261799	0.458961	-0.107937	241	22	0	2.793
0.785398	2.138223	1.678323	265	352	364	2.793
-0.523599	2.251330	-2.330739	240	0	343	2.793
1.047198	1.554776	0.100351	257	1	348	2.793
0.523599	1.448123	-2.163292	250	79	358	2.793
-3.141593	2.299159	2.264663	134	358	367	2.793
-1.570796	0.618092	2.539118	244	70	366	2.792
2.356194	1.440580	2.260026	142	355	377	2.792
1.308997	2.664082	-1.071402	135	358	368	2.792
-2.879793	2.881233	-2.582574	245	323	361	2.792
-1.570796	2.393226	1.857173	247	72	349	2.792
-2.617994	1.766067	2.153843	242	75	366	2.792
-2.617994	1.506530	1.988858	244	70	356	2.792
2.094395	2.349581	-2.702517	145	352	372	2.792
-3.141593	2.153910	-1.714959	248	71	349	2.792
2.356194	1.736875	3.023612	136	355	367	2.792
2.094395	2.760637	2.781135	48	8	350	2.792
2.879793	1.247695	1.809890	138	360	383	2.792
-2.094395	0.831641	0.616218	235	24	0	2.792
-1.832596	0.831641	0.616218	234	23	0	2.792
1.047198	0.866955	-0.931351	240	61	369	2.792
0.000000	0.591903	2.010408	123	358	363	2.785
-2.617994	1.168678	2.108595	245	69	378	2.763
2.094395	1.433411	-1.035986	146	354	370	2.763
0.261799	2.379497	0.561089	138	347	360	2.763
-0.261799	2.104282	-0.813972	39	6	346	2.763
-2.879793	1.836682	-0.676006	246	73	360	2.756
-1.570796	1.662363	0.915448	243	67	365	2.756
-2.879793	2.108018	1.311430	130	366	377	2.727
2.879793	0.379747	-1.713059	251	72	370	2.727
2.879793	1.658653	-2.409879	67	59	6	2.727
2.356194	1.766067	2.153843	140	353	373	2.726
-3.141593	2.588535	-2.976617	239	2	342	2.726
-1.832596	1.872854	1.543456	249	356	346	2.726
1.047198	2.588535	-2.976617	123	351	362	2.726
2.879793	2.001437	0.381215	118	380	7	2.726
1.047198	2.299159	2.264663	239	377	346	2.726
1.308997	2.719179	-1.780644	129	359	366	2.726
0.000000	1.869911	2.701025	231	380	347	2.726
0.523599	2.349581	-2.702517	127	349	362	2.726
-2.879793	1.128190	-2.288622	247	75	357	2.726
1.832596	1.545873	-1.877082	250	68	375	2.726
1.308997	2.295480	1.008277	316	60	350	2.726
-3.141593	0.899350	-2.069907	249	76	361	2.726
-0.523599	2.979456	-1.009304	310	62	338	2.726
-2.094395	1.310100	1.488307	251	76	366	2.726
0.785398	2.251330	-2.330739	132	351	364	2.726
1.832596	1.721184	-0.153948	125	373	10	2.726
-2.617994	0.929350	-2.910676	249	76	359	2.726
-2.356194	1.948085	-2.363031	227	8	345	2.726
2.356194	2.379497	0.561089	138	361	378	2.726
-2.356194	1.510910	-0.740472	246	78	348	2.697
0.261799	1.569311	-3.003978	70	357	29	2.697
0.000000	1.569311	-3.003978	65	358	29	2.697
-1.570796	1.696674	-1.253233	240	72	348	2.697
1.047198	0.914445	2.687814	118	363	25	2.697
-3.141593	2.164094	-2.991358	125	356	363	2.661
1.308997	1.135834	-1.431087	126	372	7	2.661
-3.141593	1.128190	-2.288622	252	77	358	2.660
-1.308997	1.555207	1.708892	242	68	359	2.660
-2.356194	0.419640	2.974122	251	74	368	2.660
-1.570796	2.295480	1.008277	243	68	357	2.660
-1.047198	0.418037	1.360082	252	69	372	2.660
-2.879793	0.591903	2.010408	120	376	13	2.660
-1.047198	1.870545	-2.976234	230	2	345	2.660
1.570796	2.187132	-0.479875	140	357	378	2.660
0.261799	2.174483	2.653697	233	382	345	2.660
1.832596	0.960688	-0.577532	117	374	16	2.660
2.617994	0.864993	2.278281	139	358	1	2.660
2.879793	1.948085	-2.363031	255	72	346	2.660
0.261799	2.588535	-2.976617	122	352	362	2.660
-3.141593	2.356369	3.005869	243	7	343	2.660
2.356194	1.413430	2.550734	140	355	375	2.660
-1.308997	1.617114	-1.572037	236	68	353	2.631
2.356194	2.719179	-1.780644	138	346	362	2.631
-1.570796	1.214854	-1.966664	99	0	35	2.631
0.523599	1.417623	-0.202254	245	77	360	2.631
1.047198	0.619654	-2.216909	36	2	354	2.631
-0.785398	2.089241	-0.114193	239	76	360	2.631
-1.570796	1.135834	-1.431087	237	72	360	2.631
1.832596	2.704512	1.488683	254	75	370	2.631
-2.879793	2.251330	-2.330739	242	69	371	2.624
2.879793	2.719179	-1.780644	249	65	344	2.594
-2.879793	2.180315	-1.357379	245	69	351	2.594
-2.094395	2.379497	0.561089	245	72	356	2.594
2.879793	2.588535	-2.976617	239	4	342	2.594
-0.785398	2.041297	-2.664597	240	351	353	2.594
2.356194	2.343981	-1.040456	83	53	357	2.594
-2.356194	1.870545	-2.976234	232	12	345	2.594
-1.832596	1.218453	2.777284	244	71	356	2.594
2.879793	1.184361	0.625864	118	372	17	2.594
0.261799	2.138223	1.678323	39	376	365	2.594
1.570796	1.574060	2.783565	257	351	360	2.594
2.879793	1.662363	0.915448	122	376	10	2.594
0.523599	2.164094	-2.991358	240	0	343	2.594
-0.261799	2.979456	-1.009304	312	64	339	2.594
-1.570796	1.488617	1.159546	245	69	366	2.594
-2.879793	1.574060	2.783565	253	79	371	2.565
0.261799	0.733948	3.021411	261	362	360	2.565
1.832596	2.664082	-1.071402	130	364	370	2.565
-2.094395	2.349581	-2.702517	243	328	360	2.565
-1.308997	2.108018	1.311430	241	67	357	2.565
2.094395	0.929350	-2.910676	140	358	378	2.565
-2.094395	0.709924	0.218797	237	65	366	2.565
0.785398	2.299159	2.264663	263	347	364	2.565
1.308997	0.458961	-0.107937	254	66	375	2.565
-1.047198	1.367556	0.358405	228	14	381	2.565
0.523599	2.108018	1.311430	244	70	347	2.565
2.356194	1.846342	-1.796954	1	64	380	2.565
2.879793	2.349581	-2.702517	239	74	365	2.565
-1.047198	1.045978	0.343692	119	341	20	2.565
-1.047198	2.180315	-1.357379	223	9	342	2.565
1.308997	2.984978	1.954446	257	363	351	2.565
0.785398	2.379497	0.561089	251	9	341	2.565
-1.832596	2.251330	-2.330739	244	77	351	2.565
-3.141593	1.134497	-1.109631	246	73	366	2.565
2.617994	1.448123	-2.163292	257	77	353	2.565
2.356194	2.579248	-2.364801	143	352	367	2.565
2.356194	0.961715	0.014085	136	370	381	2.565
-1.308997	2.407836	1.410646	243	68	353	2.565
-3.141593	1.050534	3.042579	234	63	358	2.565
0.785398	2.089241	-0.114193	244	70	371	2.565
-1.570796	1.506530	1.988858	243	72	359	2.565
1.832596	0.929350	-2.910676	140	355	377	2.565
-2.879793	1.135834	-1.431087	28	21	0	2.565
-2.094395	1.301460	-0.509251	238	74	352	2.536
-3.141593	2.456751	-1.503343	248	68	348	2.528
-3.141593	2.724429	-0.348782	76	51	356	2.528
-1.308997	2.295480	1.008277	240	63	356	2.528
2.617994	1.214854	-1.966664	71	62	15	2.528
-2.617994	2.041297	-2.664597	232	10	344	2.528
2.617994	1.658653	-2.409879	71	59	6	2.500
-0.523599	0.496451	0.593859	234	22	0	2.499
1.308997	1.696674	-1.253233	141	357	378	2.499
0.785398	1.869911	2.701025	246	346	356	2.499
-1.832596	2.299159	2.264663	120	361	366	2.499
-2.356194	1.998705	2.370472	123	363	368	2.499
-3.141593	1.417623	-0.202254	252	73	370	2.499
1.047198	1.869911	2.701025	249	347	356	2.499
-1.047198	2.579248	-2.364801	242	2	342	2.499
2.094395	1.450119	-2.739050	136	359	370	2.499
2.617994	2.760637	2.781135	308	65	336	2.499
1.832596	1.574060	2.783565	252	3	350	2.499
1.308997	2.724429	-0.348782	259	360	359	2.499
0.785398	2.108018	1.311430	259	2	351	2.499
-1.047198	2.979456	-1.009304	304	60	338	2.499
-0.785398	2.664082	-1.071402	305	58	340	2.499
-0.261799	1.662363	0.915448	245	70	347	2.499
2.617994	2.592629	0.909713	137	360	373	2.499
-0.785398	1.184361	0.625864	229	15	382	2.499
0.785398	2.153910	-1.714959	258	358	357	2.499
0.000000	0.458961	-0.107937	241	21	0	2.499
1.308997	0.290380	-0.796960	259	71	373	2.499
-2.879793	0.419640	2.974122	236	0	340	2.499
1.570796	2.153910	-1.714959	134	360	369	2.499
1.308997	0.960688	-0.577532	120	370	17	2.499
-1.832596	2.637879	2.121598	124	362	367	2.499
1.570796	1.756530	-2.105156	136	357	369	2.499
-2.879793	1.135813	-2.658866	119	380	17	2.499
2.879793	2.407836	1.410646	137	360	372	2.499
1.047198	0.899350	-2.069907	141	351	382	2.499
-2.356194	0.831641	0.616218	237	66	366	2.499
-1.047198	1.184361	0.625864	228	17	382	2.499
-0.261799	0.458961	-0.107937	241	20	0	2.499
-2.094395	2.979456	-1.009304	136	353	359	2.470
2.094395	2.089241	-0.114193	124	376	4	2.462
-2.617994	2.588535	-2.976617	246	358	351	2.434
2.094395	0.571433	-1.188419	257	73	371	2.434
-2.879793	1.134796	2.434290	251	72	376	2.433
-0.785398	1.736875	3.023612	233	352	356	2.433
1.570796	2.104282	-0.813972	126	374	1	2.433
-2.356194	1.909857	-0.381669	242	68	363	2.433
2.617994	2.984978	1.954446	314	67	338	2.433
1.308997	2.349581	-2.702517	128	352	363	2.433
1.308997	1.413347	-1.339188	127	372	5	2.433
0.785398	1.948085	-2.363031	249	2	345	2.433
2.094395	2.587733	0.232235	138	359	373	2.433
2.356194	0.458961	-0.107937	378	57	375	2.433
-2.356194	2.164094	-2.991358	236	11	343	2.433
-0.261799	2.724429	-0.348782	306	57	342	2.433
1.308997	0.203748	0.590255	375	55	374	2.433
-2.356194	1.555207	1.708892	248	76	365	2.426
0.785398	1.413347	-1.339188	377	54	381	2.404
-2.094395	1.555207	1.708892	249	358	349	2.404
-2.617994	0.960688	-0.577532	247	82	358	2.404
-1.308997	2.153910	-1.714959	240	70	347	2.404
-1.308997	1.433411	-1.035986	236	64	351	2.404
-1.308997	2.396274	-1.959260	241	71	346	2.404
2.094395	1.554776	0.100351	137	365	367	2.404
1.570796	0.762244	-0.273349	248	73	355	2.404
1.832596	0.866395	-2.492918	243	76	370	2.404
-3.141593	0.866955	-0.931351	131	373	383	2.404
0.000000	0.866395	-2.492918	112	367	17	2.404
-2.617994	1.872854	1.543456	71	62	15	2.368
2.094395	2.863997	0.549740	137	355	369	2.367
1.308997	2.579248	-2.364801	126	355	363	2.367
0.785398	2.587733	0.232235	316	61	346	2.367
2.356194	2.180315	-1.357379	69	60	8	2.367
2.879793	2.299159	2.264663	135	355	367	2.367
-1.308997	2.138223	1.678323	243	68	353	2.367
1.832596	2.404280	-0.174044	138	360	376	2.367
-2.356194	0.864993	2.278281	255	77	363	2.367
-0.523599	2.760637	2.781135	119	357	364	2.367
-1.308997	1.736875	3.023612	226	7	347	2.367
-2.879793	2.153910	-1.714959	246	68	349	2.367
-1.570796	1.872854	1.543456	244	71	358	2.367
2.356194	2.984978	1.954446	312	65	338	2.367
1.047198	0.458961	-0.107937	257	66	375	2.367
2.879793	1.218453	2.777284	134	364	376	2.367
1.047198	2.343981	-1.040456	259	361	361	2.367
0.523599	2.356369	3.005869	121	347	363	2.367
-2.356194	0.709924	0.218797	239	71	366	2.338
-0.261799	1.569311	-3.003978	245	76	368	2.338
-2.356194	1.766067	2.153843	39	5	348	2.338
1.832596	1.440580	2.260026	126	375	17	2.338
-2.094395	0.961715	0.014085	236	68	360	2.338
-1.308997	0.080730	-2.622036	240	67	362	2.338
-1.570796	2.108018	1.311430	138	360	368	2.338
0.261799	2.637879	2.121598	251	373	348	2.338
-1.047198	1.433411	-1.035986	379	68	378	2.338
-0.261799	0.203748	0.590255	235	27	383	2.338
-0.523599	2.089241	-0.114193	236	71	360	2.338
0.523599	0.290380	-0.796960	240	70	358	2.338
-1.832596	1.433411	-1.035986	241	74	352	2.338
-1.308997	0.700570	1.559208	247	70	371	2.338
-0.523599	2.407836	1.410646	259	79	350	2.338
0.523599	2.984978	1.954446	250	80	361	2.338
-1.308997	0.961715	0.014085	233	15	0	2.338
1.832596	1.025536	1.576859	134	366	9	2.338
-0.785398	0.914445	2.687814	133	359	366	2.331
0.000000	1.574060	2.783565	249	72	373	2.330
0.000000	1.982574	-1.115518	319	64	333	2.309
-2.879793	1.218453	2.777284	84	54	361	2.301
-3.141593	0.929350	-2.910676	70	62	16	2.301
-1.308997	0.674054	1.013609	253	67	374	2.301
1.047198	1.440580	2.260026	311	57	349	2.301
2.617994	2.881233	-2.582574	233	2	343	2.301
1.047198	2.108018	1.311430	311	57	350	2.301
1.832596	1.606104	-0.451151	124	375	9	2.301
-2.879793	0.961715	0.014085	109	369	18	2.301
-3.141593	0.370812	-2.547742	254	74	368	2.301
-2.356194	2.041297	-2.664597	232	9	344	2.301
2.094395	2.637879	2.121598	246	382	346	2.301
2.094395	1.736875	3.023612	137	352	367	2.272
-1.308997	0.906588	1.252948	249	68	372	2.272
-2.617994	1.699788	2.452890	244	76	368	2.272
-2.094395	2.393226	1.857173	123	365	370	2.272
-2.617994	0.906588	1.252948	240	67	370	2.272
-2.879793	1.195355	1.200319	241	74	366	2.272
-1.570796	1.756530	-2.105156	239	73	358	2.272
1.308997	1.662363	0.915448	265	365	364	2.272
-2.617994	2.760637	2.781135	252	358	353	2.272
2.617994	0.899350	-2.069907	257	78	361	2.272
0.523599	0.458961	-0.107937	240	23	0	2.272
-1.832596	1.809167	1.213774	245	74	362	2.272
-2.617994	1.184361	0.625864	238	72	360	2.272
2.879793	2.587733	0.232235	129	367	375	2.272
-2.094395	2.719179	-1.780644	357	57	335	2.272
-2.879793	0.674054	1.013609	132	348	19	2.272
0.261799	2.456751	-1.503343	228	379	341	2.272
-2.879793	0.906588	1.252948	119	374	16	2.272
2.356194	1.506530	1.988858	142	353	378	2.272
2.879793	2.637879	2.121598	254	80	348	2.272
0.000000	1.617114	-1.572037	115	369	23	2.272
0.785398	0.615174	-0.666022	237	62	363	2.272
-0.785398	0.831641	0.616218	232	18	0	2.272
2.356194	1.998705	2.370472	138	351	369	2.272
-1.047198	2.456751	-1.503343	248	68	371	2.243
-1.570796	0.929350	-2.910676	376	64	379	2.243
-1.308997	0.640596	-2.797608	379	64	380	2.243
-2.094395	0.929350	-2.910676	381	67	379	2.243
-1.832596	2.719179	-1.780644	247	72	356	2.243
0.785398	0.640596	-2.797608	247	74	355	2.243
2.094395	1.413347	-1.339188	249	56	377	2.243
-1.832596	0.640596	-2.797608	383	66	380	2.243
-1.570796	0.640596	-2.797608	381	65	380	2.243
-3.141593	1.569311	-3.003978	104	382	31	2.243
-2.879793	0.418037	1.360082	245	70	362	2.243
-1.832596	0.929350	-2.910676	378	66	379	2.243
-3.141593	1.168678	2.108595	122	378	5	2.235
0.261799	2.247462	0.191623	309	56	351	2.235
2.879793	0.370812	-2.547742	257	76	367	2.206
-0.261799	1.869911	2.701025	235	350	356	2.206
0.523599	1.836682	-0.676006	247	75	367	2.206
2.356194	1.135813	-2.658866	134	365	376	2.206
-1.308997	2.073035	2.027405	244	69	350	2.206
1.308997	1.998705	2.370472	249	75	348	2.206
0.261799	2.760637	2.781135	118	352	363	2.206
2.617994	1.683268	0.374177	121	376	12	2.206
-0.261799	2.343981	-1.040456	230	1	339	2.206
-2.617994	1.113094	-0.272241	115	366	17	2.206
-1.570796	2.704512	1.488683	249	72	348	2.206
2.356194	1.569311	-3.003978	134	360	369	2.206
-2.617994	2.579248	-2.364801	234	1	342	2.206
0.523599	1.948085	-2.363031	253	352	354	2.206
0.785398	2.881233	-2.582574	123	357	364	2.206
2.356194	0.864993	2.278281	141	353	1	2.206
-1.832596	1.599406	1.426070	247	74	364	2.206
1.047198	2.719179	-1.780644	130	358	366	2.206
1.832596	2.343981	-1.040456	134	363	372	2.206
-2.617994	2.164094	-2.991358	252	82	358	2.206
-2.617994	1.574060	2.783565	249	77	371	2.206
-3.141593	1.194549	-0.801900	247	72	368	2.206
2.617994	1.440580	2.260026	140	359	377	2.206
1.047198	1.948085	-2.363031	134	350	365	2.206
2.094395	2.979456	-1.009304	124	362	366	2.206
1.832596	2.579248	-2.364801	259	78	368	2.206
2.879793	1.301460	-0.509251	313	92	371	2.206
1.832596	1.301460	-0.509251	121	374	14	2.206
-0.261799	2.863997	0.549740	245	348	352	2.199
-2.356194	1.699788	2.452890	240	73	369	2.177
1.570796	1.606104	-0.451151	127	372	12	2.177
-1.308997	2.379497	0.561089	43	3	347	2.177
-2.356194	1.869911	2.701025	241	76	367	2.177
-1.570796	1.741644	-2.695914	237	71	365	2.177
-2.617994	1.809167	1.213774	236	70	356	2.177
-2.094395	2.033014	2.977192	239	75	363	2.177
-2.094395	1.506530	1.988858	240	1	339	2.177
-2.356194	2.138223	1.678323	235	67	355	2.177
1.570796	1.391910	3.030322	253	80	362	2.177
0.261799	0.914445	2.687814	128	337	26	2.177
1.832596	2.251330	-2.330739	255	77	372	2.177
2.094395	2.393226	1.857173	250	1	349	2.169
1.832596	2.089241	-0.114193	127	373	4	2.140
-1.308997	0.418037	1.360082	254	70	373	2.140
1.570796	0.379747	-1.713059	121	375	13	2.140
2.879793	2.356369	3.005869	129	352	363	2.140
1.832596	1.135834	-1.431087	245	58	374	2.140
1.047198	2.881233	-2.582574	78	44	349	2.140
-1.832596	1.506530	1.988858	247	75	357	2.140
-2.356194	1.836682	-0.676006	241	65	362	2.140
-1.832596	0.960688	-0.577532	237	68	360	2.140
0.261799	2.356369	3.005869	120	348	363	2.140
0.261799	0.762244	-0.273349	118	363	19	2.140
-1.308997	0.297065	2.160177	248	68	371	2.140
-2.617994	1.683268	0.374177	250	74	368	2.140
-2.094395	0.910508	1.903534	253	76	365	2.140
1.832596	1.699788	2.452890	259	354	361	2.140
-1.570796	1.599406	1.426070	244	71	363	2.140
1.570796	2.063651	-2.044600	132	358	366	2.140
2.617994	1.450119	-2.739050	131	364	371	2.140
1.047198	2.579248	-2.364801	84	43	348	2.140
-3.141593	2.115563	0.685730	117	381	4	2.140
2.617994	1.168678	2.108595	140	358	383	2.140
-1.308997	1.741644	-2.695914	227	1	346	2.140
-0.261799	1.998705	2.370472	227	383	348	2.140
2.617994	1.413347	-1.339188	253	70	369	2.140
1.047198	1.134497	-1.109631	127	367	11	2.140
0.000000	0.496451	0.593859	234	20	0	2.140
-2.094395	2.001437	0.381215	244	71	362	2.140
2.356194	1.247695	1.809890	141	353	0	2.140
-2.356194	0.910508	1.903534	243	65	345	2.132
-1.308997	0.992645	-1.723759	237	69	365	2.111
-2.879793	1.014500	0.906702	240	74	366	2.111
-2.879793	1.599406	1.426070	240	75	362	2.111
-1.308997	1.545873	-1.877082	236	69	358	2.111
1.570796	1.948085	-2.363031	132	358	366	2.111
1.570796	2.001437	0.381215	138	359	363	2.111
2.094395	1.325504	-1.671296	246	61	375	2.111
1.308997	1.335669	0.897240	266	365	369	2.111
1.308997	1.134796	2.434290	256	375	356	2.111
0.785398	1.606104	-0.451151	255	344	354	2.111
-0.523599	1.433411	-1.035986	236	28	1	2.111
2.094395	1.766067	2.153843	138	368	4	2.111
0.785398	0.960688	-0.577532	124	366	17	2.111
2.094395	1.045978	0.343692	137	370	382	2.111
-2.356194	1.606104	-0.451151	246	75	344	2.111
-1.570796	1.766067	2.153843	134	342	363	2.111
0.261799	2.863997	0.549740	235	68	355	2.111
2.879793	1.554776	0.100351	255	81	347	2.111
1.570796	2.299159	2.264663	266	364	364	2.111
-1.570796	1.450119	-2.739050	232	327	367	2.111
-1.832596	2.247462	0.191623	240	66	360	2.111
-1.832596	2.724429	-0.348782	254	79	368	2.111
-1.047198	2.587733	0.232235	250	80	363	2.111
-2.094395	0.960688	-0.577532	240	75	357	2.111
-2.356194	0.571433	-1.188419	29	9	8	2.111
-1.832596	1.310100	1.488307	127	355	360	2.111
-0.785398	0.458961	-0.107937	244	18	0	2.110
0.785398	0.418037	1.360082	137	348	22	2.110
-1.570796	1.721184	-0.153948	221	15	376	2.110
2.356194	0.733948	3.021411	126	373	6	2.074
-2.617994	1.134796	2.434290	257	78	359	2.074
2.356194	2.664082	-1.071402	59	52	355	2.074
-3.141593	1.846342	-1.796954	249	73	352	2.074
0.785398	1.506530	1.988858	306	55	351	2.074
-3.141593	1.504028	0.636812	116	377	13	2.074
1.047198	1.310100	1.488307	309	57	359	2.074
-1.570796	1.025536	1.576859	248	71	368	2.074
-2.617994	2.180315	-1.357379	243	66	351	2.074
-3.141593	1.195355	1.200319	120	375	13	2.074
1.047198	0.910508	1.903534	308	57	359	2.074
1.570796	2.138223	1.678323	316	62	345	2.074
1.570796	2.174483	2.653697	246	381	346	2.074
-0.261799	2.719179	-1.780644	313	69	337	2.074
-1.832596	1.247695	1.809890	248	74	362	2.074
2.094395	1.569311	-3.003978	137	356	370	2.074
-1.570796	0.864993	2.278281	244	70	364	2.074
2.617994	1.617114	-1.572037	68	62	13	2.074
-2.617994	1.569311	-3.003978	133	360	370	2.066
2.356194	1.256302	0.062705	242	27	382	2.045
-2.094395	1.741644	-2.695914	245	79	364	2.045
-1.832596	0.290380	-0.796960	242	70	373	2.045
0.523599	0.762244	-0.273349	84	358	22	2.045
-2.879793	1.812176	0.656819	243	75	350	2.045
-0.523599	0.831641	0.616218	231	18	0	2.045
0.785398	1.374601	-2.456031	258	351	360	2.045
-2.879793	2.456751	-1.503343	248	16	341	2.045
2.617994	2.396274	-1.959260	251	70	345	2.045
-1.832596	1.736875	3.023612	239	70	368	2.045
-2.617994	1.869911	2.701025	246	79	366	2.045
-1.570796	1.870545	-2.976234	235	359	353	2.045
1.047198	1.325504	-1.671296	242	74	357	2.045
2.617994	1.909857	-0.381669	245	18	341	2.045
2.617994	1.050534	3.042579	136	363	376	2.045
-2.879793	1.025536	1.576859	242	70	372	2.045
-2.094395	0.762244	-0.273349	120	340	20	2.045
-0.785398	1.113094	-0.272241	242	78	364	2.045
-0.785398	0.379747	-1.713059	304	57	364	2.045
0.785398	2.001437	0.381215	254	3	343	2.045
2.617994	0.591903	2.010408	251	68	379	2.045
1.570796	0.992645	-1.723759	243	67	371	2.045
1.047198	1.413347	-1.339188	241	73	359	2.045
-0.523599	2.180315	-1.357379	223	1	342	2.045
1.570796	1.450119	-2.739050	138	352	369	2.045
0.000000	0.419640	2.974122	245	78	354	2.045
-1.570796	2.587733	0.232235	240	62	353	2.045
-1.570796	1.732874	-0.951685	241	68	345	2.045
-2.617994	1.870545	-2.976234	233	12	344	2.045
-2.094395	1.194549	-0.801900	111	339	14	2.045
2.879793	2.251330	-2.330739	140	365	373	2.045
1.308997	2.588535	-2.976617	255	379	349	2.045
-0.523599	2.478122	2.609777	144	355	376	2.045
1.047198	2.001437	0.381215	254	7	343	2.045
0.261799	2.108018	1.311430	246	72	347	2.045
-3.141593	0.591903	2.010408	124	374	13	2.045
2.879793	1.134497	-1.109631	249	75	366	2.045
-2.094395	1.113094	-0.272241	227	18	382	2.044
-2.879793	0.496451	0.593859	241	18	1	2.044
1.047198	1.134796	2.434290	119	13	8	2.015
-2.356194	0.418037	1.360082	241	326	26	2.015
-2.356194	1.256302	0.062705	250	66	373	2.008
-1.832596	2.041297	-2.664597	231	5	344	2.008
-3.141593	1.683268	0.374177	319	95	368	2.008
-2.356194	1.014500	0.906702	237	65	365	1.979
1.570796	1.325504	-1.671296	247	65	375	1.979
2.094395	2.073035	2.027405	254	4	351	1.979
-0.785398	0.496451	0.593859	70	359	30	1.979
-3.141593	2.637879	2.121598	250	10	346	1.979
1.047198	0.866395	-2.492918	260	353	368	1.979
-1.308997	2.881233	-2.582574	131	350	363	1.979
0.000000	2.174483	2.653697	231	0	345	1.979
1.308997	1.736875	3.023612	249	382	347	1.979
2.879793	1.440580	2.260026	137	362	376	1.979
1.832596	1.658653	-2.409879	135	358	368	1.979
0.785398	2.396274	-1.959260	134	354	365	1.979
-0.261799	1.696674	-1.253233	310	55	352	1.979
1.832596	0.640596	-2.797608	140	357	0	1.979
-2.617994	1.301460	-0.509251	246	67	371	1.979
-1.570796	2.174483	2.653697	118	357	365	1.979
0.261799	1.809167	1.213774	246	68	343	1.979
-2.094395	2.478122	2.609777	126	359	365	1.979
1.570796	2.588535	-2.976617	254	80	363	1.979
-2.879793	1.433411	-1.035986	243	71	363	1.979
-2.356194	2.760637	2.781135	245	9	343	1.979
-1.832596	1.846342	-1.796954	244	77	352	1.979
-2.617994	2.001437	0.381215	249	76	363	1.979
1.832596	1.413430	2.550734	127	372	17	1.979
2.617994	0.290380	-0.796960	374	60	373	1.979
-2.879793	1.510910	-0.740472	245	72	366	1.979
-2.879793	0.831641	0.616218	240	22	0	1.979
1.047198	2.356369	3.005869	244	353	351	1.979
1.047198	2.396274	-1.959260	133	356	365	1.979
0.785398	0.496451	0.593859	379	55	376	1.979
-2.094395	0.618092	2.539118	251	75	365	1.979
1.308997	0.379747	-1.713059	241	72	360	1.979
2.356194	1.574060	2.783565	138	356	371	1.979
-1.047198	0.831641	0.616218	232	20	0	1.979
1.047198	0.850607	-1.335383	251	22	377	1.979
-1.308997	1.812176	0.656819	220	18	374	1.979
-2.879793	1.506530	1.988858	132	366	378	1.978
1.570796	0.866395	-2.492918	130	368	5	1.978
-0.261799	1.741644	-2.695914	26	380	1	1.950
2.094395	1.256302	0.062705	141	366	373	1.950
0.000000	2.592629	0.909713	57	365	360	1.950
-1.308997	1.440580	2.260026	231	297	19	1.950
0.523599	1.335669	0.897240	109	0	23	1.950
0.523599	1.256302	0.062705	262	344	363	1.950
0.785398	1.977582	0.969896	146	349	370	1.950
1.570796	1.014500	0.906702	131	378	10	1.950
1.308997	1.606104	-0.451151	262	355	354	1.950
-1.570796	1.335669	0.897240	248	68	373	1.950
-3.141593	1.135813	-2.658866	124	377	19	1.950
-2.356194	0.615174	-0.666022	252	80	368	1.949
0.000000	1.014500	0.906702	34	5	10	1.949
-1.570796	2.343981	-1.040456	243	73	370	1.942
-3.141593	1.488617	1.159546	120	378	9	1.942
0.785398	2.984978	1.954446	231	382	346	1.942
2.879793	0.914445	2.687814	122	378	4	1.942
1.832596	1.904882	-1.478089	78	59	11	1.914
-1.832596	1.242974	-2.977882	246	71	375	1.913
-2.356194	1.736875	3.023612	245	77	367	1.913
-2.094395	0.418037	1.360082	250	358	350	1.913
-2.094395	1.977582	0.969896	247	75	361	1.913
-0.261799	0.640596	-2.797608	301	56	355	1.913
1.832596	1.218453	2.777284	261	355	365	1.913
1.047198	2.984978	1.954446	377	59	376	1.913
-1.832596	0.906588	1.252948	253	72	371	1.913
-1.832596	1.135813	-2.658866	247	73	374	1.913
2.617994	1.242974	-2.977882	134	364	374	1.913
0.785398	0.290380	-0.796960	238	65	359	1.913
-0.785398	1.998705	2.370472	226	5	348	1.913
-2.094395	1.658653	-2.409879	224	8	348	1.913
-1.047198	2.393226	1.857173	243	66	349	1.913
0.000000	2.588535	-2.976617	123	352	362	1.913
-1.308997	0.458961	-0.107937	240	15	0	1.913
1.047198	1.128190	-2.288622	256	3	357	1.913
2.879793	1.736875	3.023612	131	362	368	1.913
-1.832596	1.440580	2.260026	246	74	356	1.913
1.570796	2.396274	-1.959260	129	359	365	1.913
-1.832596	1.982574	-1.115518	247	72	343	1.913
-2.356194	1.242974	-2.977882	252	75	375	1.913
1.570796	0.899350	-2.069907	139	359	382	1.913
1.308997	2.104282	-0.813972	140	357	377	1.913
-1.047198	0.458961	-0.107937	241	16	0	1.913
2.617994	0.866395	-2.492918	74	62	17	1.912
-0.261799	2.174483	2.653697	251	63	377	1.905
-2.617994	0.203748	0.590255	241	65	375	1.884
0.785398	0.906588	1.252948	45	3	349	1.884
0.000000	1.836682	-0.676006	43	1	349	1.884
-1.308997	1.128190	-2.288622	219	27	379	1.884
-0.785398	1.448123	-2.163292	102	4	36	1.884
-0.523599	0.370812	-2.547742	39	11	353	1.884
-0.785398	0.203748	0.590255	238	69	353	1.884
-1.570796	1.683268	0.374177	31	6	354	1.884
2.879793	1.599406	1.426070	249	82	362	1.884
-3.141593	1.756530	-2.105156	248	73	350	1.884
-1.570796	1.554776	0.100351	219	382	347	1.884
-1.570796	1.135813	-2.658866	370	67	374	1.884
2.617994	0.700570	1.559208	249	15	343	1.884
2.617994	2.343981	-1.040456	135	352	359	1.884
-1.832596	1.045978	0.343692	231	22	0	1.884
-1.570796	0.290380	-0.796960	239	66	373	1.884
-2.356194	2.592629	0.909713	34	11	348	1.884
1.570796	1.555207	1.708892	143	363	3	1.884
-0.523599	0.866395	-2.492918	245	78	353	1.883
-2.617994	1.134497	-1.109631	26	16	3	1.883
2.879793	1.909857	-0.381669	128	363	360	1.883
2.879793	2.379497	0.561089	262	346	359	1.883
-2.356194	0.960688	-0.577532	243	79	358	1.883
-2.094395	1.014500	0.906702	235	28	383	1.883
0.000000	1.658653	-2.409879	238	72	359	1.883
1.570796	0.914445	2.687814	118	366	25	1.883
-0.261799	1.135813	-2.658866	242	77	358	1.883
-1.308997	1.554776	0.100351	221	378	347	1.883
1.832596	1.135813	-2.658866	253	13	383	1.883
-1.047198	1.982574	-1.115518	244	348	354	1.876
2.356194	1.545873	-1.877082	72	61	11	1.848
0.000000	2.719179	-1.780644	253	357	354	1.847
-0.523599	1.617114	-1.572037	306	55	349	1.847
0.000000	2.396274	-1.959260	252	353	354	1.847
-0.523599	2.456751	-1.503343	309	60	340	1.847
2.617994	1.555207	1.708892	140	358	381	1.847
1.832596	2.984978	1.954446	308	62	338	1.847
-1.832596	0.496451	0.593859	128	346	20	1.847
-2.094395	2.404280	-0.174044	241	65	356	1.847
-3.141593	1.606104	-0.451151	251	75	366	1.847
-2.879793	2.704512	1.488683	131	362	369	1.847
-0.261799	0.762244	-0.273349	117	361	18	1.847
2.617994	0.418037	1.360082	138	367	372	1.847
-1.308997	2.393226	1.857173	246	69	348	1.847
-1.308997	1.599406	1.426070	242	67	363	1.847
2.617994	2.379497	0.561089	123	378	0	1.847
-2.094395	0.864993	2.278281	251	76	363	1.847
-3.141593	0.906588	1.252948	121	371	16	1.847
-0.785398	0.709924	0.218797	112	363	20	1.847
2.356194	2.033014	2.977192	133	353	365	1.847
-2.617994	1.242974	-2.977882	251	76	353	1.847
-0.785398	0.961715	0.014085	255	56	375	1.847
0.523599	2.587733	0.232235	312	58	346	1.846
1.308997	1.113094	-0.272241	247	22	382	1.818
1.570796	1.113094	-0.272241	246	24	382	1.818
1.047198	0.992645	-1.723759	80	357	25	1.818
-0.523599	1.134796	2.434290	254	350	352	1.818
-2.094395	2.073035	2.027405	254	347	355	1.818
-1.832596	1.998705	2.370472	253	345	357	1.818
0.785398	1.510910	-0.740472	243	75	362	1.818
2.356194	2.349581	-2.702517	282	70	333	1.818
-3.141593	1.413430	2.550734	133	365	373	1.818
-3.141593	0.297065	2.160177	124	372	15	1.818
0.000000	1.736875	3.023612	241	347	355	1.818
1.832596	1.391910	3.030322	255	7	351	1.818
0.000000	1.135813	-2.658866	263	365	371	1.818
1.047198	1.194549	-0.801900	252	21	378	1.818
-1.308997	1.135834	-1.431087	235	67	360	1.818
-3.141593	1.554776	0.100351	256	75	371	1.818
2.356194	1.599406	1.426070	105	12	26	1.818
-2.094395	1.510910	-0.740472	244	75	347	1.818
-2.879793	1.554776	0.100351	253	74	371	1.818
0.785398	0.850607	-1.335383	78	356	24	1.818
1.570796	1.135834	-1.431087	244	62	375	1.818
-0.261799	1.134796	2.434290	256	353	352	1.818
1.047198	1.809167	1.213774	238	67	362	1.818
-1.570796	2.579248	-2.364801	246	352	351	1.818
-0.785398	1.809167	1.213774	255	74	344	1.818
-2.094395	0.906588	1.252948	124	362	363	1.818
1.832596	1.870545	-2.976234	255	359	354	1.818
-1.047198	2.407836	1.410646	241	64	353	1.817
-0.785398	2.295480	1.008277	382	55	374	1.817
1.570796	1.721184	-0.153948	253	23	376	1.817
-0.261799	1.128190	-2.288622	142	357	5	1.817
1.308997	1.766067	2.153843	146	352	2	1.817
-1.308997	1.683268	0.374177	222	17	377	1.817
-1.832596	1.301460	-0.509251	236	62	362	1.789
-1.047198	1.214854	-1.966664	233	64	365	1.789
-1.047198	2.295480	1.008277	43	380	351	1.788
-1.047198	1.325504	-1.671296	232	63	359	1.788
-1.047198	2.115563	0.685730	42	381	350	1.788
2.617994	0.640596	-2.797608	9	65	374	1.788
2.617994	1.374601	-2.456031	86	53	358	1.781
-0.261799	2.187132	-0.479875	306	55	351	1.781
2.094395	1.301460	-0.509251	118	376	13	1.781
-2.617994	0.458961	-0.107937	284	67	375	1.781
2.617994	1.391910	3.030322	135	362	373	1.781
-2.879793	2.404280	-0.174044	250	75	356	1.781
1.308997	2.455966	-0.641220	139	355	373	1.781
2.356194	1.417623	-0.202254	117	377	13	1.781
0.523599	1.134796	2.434290	304	55	352	1.781
-2.094395	2.587733	0.232235	244	69	353	1.781
-2.094395	1.218453	2.777284	247	74	356	1.781
-1.308997	2.174483	2.653697	229	11	345	1.781
-2.094395	0.203748	0.590255	120	365	17	1.781
2.879793	1.809167	1.213774	136	363	382	1.781
-3.141593	1.367556	0.358405	114	375	15	1.781
1.047198	0.203748	0.590255	376	57	374	1.780
-2.356194	1.824694	1.850876	69	62	13	1.752
-2.094395	1.391910	3.030322	244	72	373	1.752
2.879793	2.664082	-1.071402	249	72	347	1.752
2.356194	2.396274	-1.959260	256	75	373	1.752
-2.617994	1.440580	2.260026	244	72	373	1.752
1.047198	2.063651	-2.044600	135	353	366	1.752
1.047198	1.506530	1.988858	236	10	340	1.752
-3.141593	1.113094	-0.272241	119	350	18	1.752
-0.523599	1.824694	1.850876	89	45	347	1.752
2.356194	1.391910	3.030322	137	359	371	1.752
-2.356194	1.335669	0.897240	236	66	360	1.752
2.356194	0.290380	-0.796960	250	68	374	1.752
1.570796	1.488617	1.159546	359	54	332	1.752
2.617994	1.846342	-1.796954	383	64	380	1.752
1.047198	1.909857	-0.381669	241	68	368	1.752
-0.785398	0.762244	-0.273349	239	13	0	1.752
1.047198	2.251330	-2.330739	132	353	364	1.752
-0.785398	2.251330	-2.330739	247	322	361	1.752
1.570796	2.984978	1.954446	363	54	335	1.752
2.879793	1.836682	-0.676006	252	78	362	1.752
0.523599	0.618092	2.539118	260	358	356	1.752
2.879793	2.704512	1.488683	257	365	358	1.752
1.308997	2.637879	2.121598	258	9	348	1.752
0.785398	2.174483	2.653697	260	80	352	1.752
2.617994	2.153910	-1.714959	252	74	348	1.752
-1.832596	1.756530	-2.105156	243	78	357	1.752
0.785398	2.115563	0.685730	255	5	344	1.752
1.047198	1.766067	2.153843	265	354	374	1.752
0.261799	1.872854	1.543456	251	71	342	1.752
1.570796	0.850607	-1.335383	241	60	370	1.752
2.617994	2.579248	-2.364801	256	12	346	1.752
-2.356194	0.929350	-2.910676	246	74	359	1.752
0.000000	2.704512	1.488683	251	79	355	1.752
-2.617994	2.724429	-0.348782	245	70	350	1.751
-2.617994	0.961715	0.014085	120	345	20	1.751
2.617994	1.732874	-0.951685	252	17	345	1.751
1.047198	2.115563	0.685730	255	9	344	1.751
1.047198	2.153910	-1.714959	137	356	370	1.751
0.785398	1.809167	1.213774	266	354	365	1.751
0.261799	2.724429	-0.348782	254	66	378	1.751
-1.308997	1.809167	1.213774	241	67	362	1.751
-1.570796	2.063651	-2.044600	241	74	351	1.751
2.617994	0.960688	-0.577532	254	72	373	1.751
2.879793	1.113094	-0.272241	121	351	18	1.751
-1.832596	1.696674	-1.253233	25	6	378	1.751
-3.141593	2.579248	-2.364801	241	76	366	1.751
-1.570796	1.256302	0.062705	229	16	382	1.751
-1.570796	0.709924	0.218797	73	65	12	1.751
-0.523599	0.640596	-2.797608	373	58	380	1.723
-1.832596	1.904882	-1.478089	104	1	32	1.722
0.261799	0.929350	-2.910676	106	353	24	1.722
-2.094395	2.108018	1.311430	26	11	357	1.722
-2.879793	1.699788	2.452890	246	79	369	1.722
1.832596	1.982574	-1.115518	122	378	382	1.715
-0.785398	2.704512	1.488683	251	70	350	1.715
-2.617994	1.732874	-0.951685	243	69	360	1.715
-0.785398	2.247462	0.191623	243	77	354	1.715
2.356194	1.113094	-0.272241	114	374	16	1.715
2.356194	2.089241	-0.114193	122	379	5	1.686
-0.261799	2.041297	-2.664597	244	351	352	1.686
1.832596	2.979456	-1.009304	127	361	367	1.686
-2.356194	1.658653	-2.409879	252	82	363	1.686
1.308997	2.164094	-2.991358	130	348	363	1.686
0.261799	2.001437	0.381215	249	76	368	1.686
1.570796	2.724429	-0.348782	138	357	370	1.686
-0.523599	2.041297	-2.664597	242	351	352	1.686
-2.094395	0.496451	0.593859	3	58	376	1.686
-1.832596	2.407836	1.410646	249	74	352	1.686
1.832596	2.456751	-1.503343	86	50	353	1.686
-1.047198	2.704512	1.488683	245	66	349	1.686
-1.570796	1.168678	2.108595	244	72	361	1.686
2.617994	1.301460	-0.509251	316	93	371	1.686
1.308997	1.391910	3.030322	258	350	361	1.686
0.785398	2.393226	1.857173	247	76	350	1.686
1.308997	2.393226	1.857173	259	10	351	1.686
-1.832596	1.113094	-0.272241	236	65	357	1.686
-2.879793	1.184361	0.625864	114	373	18	1.686
0.000000	2.587733	0.232235	304	55	347	1.686
-1.308997	2.299159	2.264663	247	69	346	1.686
-1.308997	1.870545	-2.976234	229	4	345	1.686
1.308997	2.174483	2.653697	251	79	352	1.686
2.879793	2.393226	1.857173	78	57	357	1.686
2.879793	1.242974	-2.977882	87	53	358	1.686
-2.879793	1.374601	-2.456031	61	59	9	1.686
-2.617994	0.700570	1.559208	118	375	15	1.686
0.523599	0.864993	2.278281	249	4	343	1.686
-1.047198	1.374601	-2.456031	35	379	363	1.686
1.308997	0.831641	0.616218	251	71	372	1.686
2.094395	2.984978	1.954446	310	62	338	1.686
-2.879793	1.113094	-0.272241	250	67	374	1.685
-2.617994	2.863997	0.549740	253	75	349	1.685
1.308997	1.374601	-2.456031	140	351	372	1.685
2.356194	2.979456	-1.009304	79	49	352	1.685
2.879793	2.138223	1.678323	137	360	372	1.685
-1.047198	1.413430	2.550734	222	5	353	1.685
-2.617994	0.418037	1.360082	120	370	18	1.685
2.356194	1.301460	-0.509251	319	93	371	1.685
-1.047198	1.504028	0.636812	223	15	378	1.685
2.879793	1.195355	1.200319	136	358	6	1.685
1.047198	0.290380	-0.796960	240	28	383	1.657
-0.523599	2.863997	0.549740	136	348	359	1.657
2.617994	2.180315	-1.357379	139	354	361	1.657
1.570796	1.554776	0.100351	263	366	357	1.656
0.785398	2.407836	1.410646	145	349	368	1.656
1.832596	1.554776	0.100351	261	370	357	1.656
1.832596	1.555207	1.708892	42	13	346	1.656
2.094395	0.914445	2.687814	129	346	26	1.656
0.523599	2.407836	1.410646	144	344	368	1.656
-2.356194	2.343981	-1.040456	381	68	376	1.656
-0.785398	1.569311	-3.003978	54	368	29	1.656
2.094395	2.396274	-1.959260	258	75	374	1.656
0.000000	1.721184	-0.153948	237	66	366	1.656
-2.617994	1.977582	0.969896	237	69	351	1.656
2.356194	0.914445	2.687814	128	347	26	1.656
2.094395	1.555207	1.708892	83	51	359	1.656
1.308997	0.961715	0.014085	268	358	369	1.656
-1.047198	2.637879	2.121598	146	353	375	1.656
-2.094395	1.168678	2.108595	222	19	1	1.656
1.832596	2.396274	-1.959260	84	47	350	1.620
0.000000	0.290380	-0.796960	121	365	18	1.620
-2.879793	1.256302	0.062705	252	70	373	1.620
-2.356194	1.050534	3.042579	249	76	357	1.620
1.570796	1.135813	-2.658866	75	56	368	1.620
-1.832596	1.732874	-0.951685	243	71	346	1.620
1.832596	0.615174	-0.666022	257	70	373	1.620
1.047198	1.574060	2.783565	312	59	343	1.620
-1.570796	2.881233	-2.582574	310	68	336	1.620
2.617994	1.569311	-3.003978	132	362	369	1.620
-2.617994	0.866395	-2.492918	245	73	360	1.620
1.570796	0.370812	-2.547742	126	368	12	1.620
-0.261799	0.709924	0.218797	113	363	20	1.620
1.308997	2.396274	-1.959260	130	358	365	1.620
-2.094395	1.948085	-2.363031	227	6	345	1.619
-2.356194	1.168678	2.108595	255	78	361	1.619
1.047198	1.545873	-1.877082	141	352	375	1.619
2.617994	2.104282	-0.813972	253	364	348	1.591
0.261799	0.960688	-0.577532	241	70	367	1.591
-3.141593	0.831641	0.616218	241	23	1	1.591
-1.047198	0.700570	1.559208	245	67	371	1.591
2.094395	0.899350	-2.069907	239	65	368	1.591
-2.879793	1.168678	2.108595	373	66	376	1.591
-3.141593	0.864993	2.278281	116	358	363	1.591
-2.617994	1.504028	0.636812	237	71	354	1.591
-2.356194	1.506530	1.988858	39	10	345	1.591
1.832596	1.875281	0.107086	256	367	351	1.591
1.308997	1.301460	-0.509251	237	66	358	1.591
2.879793	2.104282	-0.813972	245	15	339	1.590
2.617994	2.393226	1.857173	259	359	358	1.590
2.094395	2.719179	-1.780644	141	366	4	1.590
-2.617994	1.247695	1.809890	243	358	348	1.590
2.879793	2.979456	-1.009304	248	70	348	1.590
1.832596	2.180315	-1.357379	257	350	351	1.590
2.094395	2.379497	0.561089	125	363	360	1.590
-2.617994	1.812176	0.656819	238	69	349	1.590
-0.785398	2.863997	0.549740	249	80	361	1.590
1.570796	1.875281	0.107086	258	364	351	1.590
0.523599	2.379497	0.561089	256	357	349	1.590
1.570796	2.379497	0.561089	251	368	349	1.590
0.000000	2.379497	0.561089	254	351	349	1.590
-2.356194	0.458961	-0.107937	241	73	369	1.590
-1.832596	1.134497	-1.109631	239	75	357	1.590
-0.261799	2.984978	1.954446	245	64	346	1.590
2.356194	2.001437	0.381215	236	65	360	1.590
-1.570796	1.374601	-2.456031	220	30	377	1.590
-1.308997	2.180315	-1.357379	245	70	341	1.590
-2.879793	0.571433	-1.188419	29	15	8	1.590
1.570796	1.168678	2.108595	11	64	376	1.590
0.523599	1.554776	0.100351	244	76	362	1.590
0.000000	2.295480	1.008277	243	75	351	1.590
-1.047198	1.135834	-1.431087	235	62	360	1.590
-1.570796	1.448123	-2.163292	219	31	373	1.590
-2.356194	1.184361	0.625864	233	28	383	1.590
-0.261799	0.906588	1.252948	30	8	8	1.590
-1.308997	1.367556	0.358405	227	17	381	1.590
1.832596	0.762244	-0.273349	259	67	375	1.554
-1.047198	2.108018	1.311430	241	62	357	1.554
-2.617994	2.089241	-0.114193	247	74	360	1.554
2.356194	2.174483	2.653697	134	351	366	1.554
-2.879793	0.866395	-2.492918	250	76	360	1.554
1.308997	2.073035	2.027405	312	60	343	1.554
1.570796	2.393226	1.857173	313	62	341	1.554
2.094395	2.456751	-1.503343	82	50	353	1.554
-2.356194	1.134796	2.434290	252	77	359	1.554
1.570796	0.619654	-2.216909	139	357	2	1.554
1.570796	2.704512	1.488683	313	62	341	1.553
1.308997	2.704512	1.488683	310	60	341	1.553
-1.832596	0.418037	1.360082	57	56	4	1.525
-1.570796	2.001437	0.381215	240	63	364	1.525
1.308997	2.760637	2.781135	250	80	360	1.525
2.356194	1.310100	1.488307	104	12	30	1.525
-1.832596	0.458961	-0.107937	238	63	370	1.525
-1.308997	0.496451	0.593859	240	76	354	1.525
0.785398	2.180315	-1.357379	260	358	359	1.524
-1.570796	0.615174	-0.666022	237	65	367	1.524
0.261799	2.295480	1.008277	241	71	352	1.524
1.047198	1.756530	-2.105156	138	352	369	1.524
-2.094395	2.251330	-2.330739	240	327	361	1.524
0.000000	1.599406	1.426070	251	67	341	1.524
-0.261799	0.379747	-1.713059	136	366	381	1.524
0.000000	2.108018	1.311430	249	75	347	1.524
-2.879793	0.709924	0.218797	57	63	23	1.524
-0.261799	0.929350	-2.910676	244	78	359	1.524
-0.785398	2.979456	-1.009304	307	60	338	1.524
-1.047198	1.256302	0.062705	222	373	353	1.524
1.308997	2.001437	0.381215	254	10	343	1.524
0.261799	1.836682	-0.676006	238	374	342	1.524
0.523599	1.606104	-0.451151	246	373	345	1.524
1.047198	2.138223	1.678323	241	69	367	1.524
0.785398	1.310100	1.488307	265	355	376	1.524
-2.879793	2.587733	0.232235	253	78	354	1.524
-1.832596	2.587733	0.232235	241	66	354	1.524
1.570796	0.864993	2.278281	119	371	23	1.524
0.785398	1.812176	0.656819	258	2	348	1.524
1.047198	1.555207	1.708892	233	6	339	1.524
-2.094395	1.335669	0.897240	134	362	365	1.524
-0.785398	2.180315	-1.357379	223	6	342	1.524
-0.261799	1.488617	1.159546	249	68	342	1.524
-1.570796	0.992645	-1.723759	250	65	374	1.524
2.094395	0.297065	2.160177	134	364	369	1.524
1.832596	2.881233	-2.582574	139	344	364	1.524
1.047198	1.812176	0.656819	258	7	348	1.524
1.570796	0.960688	-0.577532	132	351	18	1.524
-0.785398	2.456751	-1.503343	224	9	341	1.524
-1.308997	1.606104	-0.451151	220	1	345	1.524
-1.308997	0.615174	-0.666022	136	366	383	1.524
2.094395	2.579248	-2.364801	255	79	369	1.524
0.261799	1.391910	3.030322	241	71	369	1.524
-1.047198	1.014500	0.906702	229	21	382	1.524
1.570796	0.961715	0.014085	242	21	0	1.524
-2.094395	1.367556	0.358405	227	25	381	1.524
0.000000	1.766067	2.153843	123	378	6	1.496
-1.832596	1.606104	-0.451151	141	356	374	1.496
-0.785398	0.864993	2.278281	73	366	39	1.495
2.094395	0.458961	-0.107937	249	354	352	1.495
1.047198	2.760637	2.781135	263	349	356	1.495
0.523599	0.910508	1.903534	103	6	40	1.495
-0.523599	1.247695	1.809890	92	375	35	1.495
0.785398	1.440580	2.260026	106	2	36	1.495
1.832596	2.001437	0.381215	136	362	361	1.495
-0.261799	1.184361	0.625864	128	358	364	1.495
1.047198	1.247695	1.809890	133	368	15	1.495
2.617994	2.455966	-0.641220	69	61	10	1.488
-2.094395	2.704512	1.488683	132	359	372	1.488
2.356194	2.153910	-1.714959	81	50	353	1.488
1.308997	1.599406	1.426070	314	59	356	1.488
-1.047198	1.998705	2.370472	225	8	348	1.487
1.047198	1.135834	-1.431087	121	371	13	1.459
-0.785398	1.301460	-0.509251	244	77	369	1.459
-1.832596	2.456751	-1.503343	253	74	341	1.458
0.261799	0.615174	-0.666022	241	72	363	1.458
-2.094395	1.135834	-1.431087	246	80	361	1.458
-1.047198	1.488617	1.159546	242	63	366	1.458
1.308997	1.809167	1.213774	265	365	365	1.458
0.785398	0.458961	-0.107937	237	23	0	1.458
-1.570796	1.824694	1.850876	244	72	357	1.458
-0.785398	1.606104	-0.451151	241	75	368	1.458
-1.832596	2.174483	2.653697	120	358	365	1.458
-2.356194	0.203748	0.590255	120	361	19	1.458
-2.617994	0.674054	1.013609	118	369	19	1.458
-3.141593	1.256302	0.062705	123	351	18	1.458
-2.356194	1.599406	1.426070	236	66	361	1.458
-1.832596	1.617114	-1.572037	243	77	353	1.458
2.094395	1.247695	1.809890	238	6	339	1.458
-0.523599	1.545873	-1.877082	304	54	348	1.458
2.094395	1.440580	2.260026	261	356	365	1.458
0.523599	2.073035	2.027405	256	76	345	1.458
-1.570796	1.545873	-1.877082	239	73	359	1.458
-1.047198	0.992645	-1.723759	237	64	366	1.458
-3.141593	0.700570	1.559208	245	69	375	1.458
-1.308997	2.104282	-0.813972	247	64	339	1.458
1.570796	0.458961	-0.107937	235	23	0	1.458
0.523599	2.138223	1.678323	359	49	343	1.458
-1.832596	0.709924	0.218797	236	18	1	1.458
-0.261799	1.617114	-1.572037	117	368	22	1.458
1.832596	1.310100	1.488307	138	366	4	1.458
1.047198	2.379497	0.561089	255	363	350	1.458
0.785398	1.662363	0.915448	260	1	354	1.458
1.832596	1.134796	2.434290	122	372	21	1.458
1.832596	1.214854	-1.966664	137	363	378	1.458
2.356194	1.555207	1.708892	142	353	380	1.458
0.261799	1.450119	-2.739050	141	362	0	1.458
-1.832596	0.297065	2.160177	254	73	372	1.458
1.570796	1.982574	-1.115518	126	375	0	1.458
-3.141593	1.218453	2.777284	258	74	377	1.458
-0.261799	2.180315	-1.357379	225	382	342	1.458
0.261799	0.850607	-1.335383	250	11	377	1.458
0.523599	1.699788	2.452890	259	366	356	1.451
0.261799	1.504028	0.636812	262	344	363	1.429
-0.523599	0.929350	-2.910676	372	53	379	1.429
0.261799	1.413347	-1.339188	252	63	383	1.429
2.617994	1.433411	-1.035986	142	363	370	1.429
0.523599	1.504028	0.636812	265	349	363	1.429
1.047198	0.419640	2.974122	249	73	351	1.429
-0.785398	0.640596	-2.797608	374	60	380	1.429
-2.879793	2.349581	-2.702517	235	7	343	1.421
-2.094395	2.396274	-1.959260	253	78	345	1.393
2.356194	0.709924	0.218797	383	57	376	1.393
-2.617994	1.374601	-2.456031	57	56	9	1.393
1.570796	2.579248	-2.364801	80	43	348	1.393
2.879793	0.961715	0.014085	112	370	19	1.392
0.000000	1.809167	1.213774	248	70	344	1.392
2.879793	1.510910	-0.740472	251	76	365	1.392
-1.832596	1.413430	2.550734	246	73	353	1.392
0.261799	2.393226	1.857173	256	79	350	1.392
-0.785398	0.674054	1.013609	251	65	375	1.392
-1.308997	1.872854	1.543456	249	359	346	1.392
2.356194	1.448123	-2.163292	87	53	358	1.392
2.879793	1.870545	-2.976234	128	359	365	1.392
-0.785398	1.948085	-2.363031	303	62	338	1.392
0.523599	0.571433	-1.188419	124	364	16	1.392
-0.785398	2.153910	-1.714959	306	59	341	1.392
0.523599	2.863997	0.549740	308	58	341	1.392
0.523599	1.875281	0.107086	250	380	343	1.392
1.308997	1.247695	1.809890	240	64	350	1.392
2.094395	0.419640	2.974122	139	355	4	1.392
0.000000	0.914445	2.687814	253	2	347	1.392
2.356194	1.658653	-2.409879	131	363	369	1.392
0.261799	1.875281	0.107086	247	377	343	1.392
0.785398	1.721184	-0.153948	251	380	344	1.392
-2.879793	0.762244	-0.273349	108	366	19	1.392
2.879793	1.310100	1.488307	137	359	2	1.392
-3.141593	2.587733	0.232235	70	62	11	1.392
1.570796	0.640596	-2.797608	258	357	359	1.377
-0.785398	1.194549	-0.801900	238	34	381	1.363
1.570796	1.335669	0.897240	132	378	3	1.363
1.570796	1.812176	0.656819	261	371	358	1.363
1.047198	2.041297	-2.664597	248	75	352	1.363
1.832596	2.073035	2.027405	143	365	380	1.363
0.000000	1.050534	3.042579	111	7	22	1.363
0.523599	1.569311	-3.003978	250	347	356	1.363
0.261799	2.299159	2.264663	114	360	25	1.363
0.785398	1.599406	1.426070	147	347	381	1.363
-0.523599	2.637879	2.121598	264	366	357	1.363
2.356194	2.456751	-1.503343	258	354	350	1.363
2.356194	0.866395	-2.492918	252	18	1	1.363
-1.570796	1.134796	2.434290	247	75	359	1.363
-0.523599	0.379747	-1.713059	240	60	374	1.363
0.785398	0.297065	2.160177	243	77	354	1.363
-0.523599	0.899350	-2.069907	238	57	371	1.363
1.570796	0.591903	2.010408	143	361	368	1.363
2.617994	1.367556	0.358405	132	357	369	1.363
2.356194	2.104282	-0.813972	135	354	359	1.363
1.308997	1.554776	0.100351	145	352	368	1.363
2.094395	2.104282	-0.813972	136	351	359	1.363
1.832596	1.504028	0.636812	261	373	363	1.363
-2.617994	1.367556	0.358405	232	29	382	1.363
-0.261799	1.699788	2.452890	381	65	378	1.363
1.832596	1.662363	0.915448	139	369	376	1.363
-1.832596	1.658653	-2.409879	137	351	368	1.363
2.617994	0.619654	-2.216909	252	20	1	1.363
-2.617994	1.510910	-0.740472	26	19	2	1.363
2.356194	1.128190	-2.288622	23	17	4	1.363
-0.523599	0.733948	3.021411	91	349	1	1.363
-0.785398	1.014500	0.906702	227	19	383	1.363
-2.094395	1.982574	-1.115518	24	9	376	1.363
0.785398	1.134497	-1.109631	253	19	376	1.363
1.047198	1.510910	-0.740472	242	71	362	1.356
-2.094395	1.413430	2.550734	249	75	353	1.327
0.523599	2.881233	-2.582574	125	357	364	1.327
-1.047198	0.496451	0.593859	258	65	376	1.326
-2.094395	2.592629	0.909713	248	73	352	1.326
-2.617994	1.417623	-0.202254	248	69	370	1.326
2.094395	1.948085	-2.363031	249	74	371	1.326
-0.785398	2.587733	0.232235	34	379	365	1.326
-2.356194	0.496451	0.593859	240	19	0	1.326
1.832596	1.756530	-2.105156	134	360	369	1.326
-0.785398	2.073035	2.027405	252	3	341	1.326
2.617994	1.417623	-0.202254	319	93	371	1.326
-1.570796	2.379497	0.561089	241	64	357	1.326
-2.879793	0.899350	-2.069907	246	73	360	1.326
-3.141593	0.762244	-0.273349	107	367	19	1.326
-1.832596	2.108018	1.311430	247	74	356	1.326
-3.141593	1.909857	-0.381669	251	76	362	1.326
-1.047198	1.872854	1.543456	240	63	357	1.326
-2.094395	1.025536	1.576859	254	75	368	1.326
-2.617994	2.033014	2.977192	238	13	344	1.326
2.879793	1.569311	-3.003978	129	363	369	1.326
-2.094395	1.824694	1.850876	64	61	13	1.326
2.879793	1.128190	-2.288622	68	62	14	1.326
2.094395	1.606104	-0.451151	121	377	10	1.326
2.617994	1.824694	1.850876	140	357	376	1.326
2.094395	2.138223	1.678323	80	65	12	1.298
-2.356194	1.310100	1.488307	129	354	360	1.297
-2.094395	1.812176	0.656819	247	73	367	1.297
-2.356194	2.073035	2.027405	236	70	359	1.297
2.356194	0.899350	-2.069907	238	60	368	1.297
-2.617994	1.555207	1.708892	238	71	366	1.297
1.570796	1.417623	-0.202254	259	8	349	1.297
1.308997	1.872854	1.543456	265	365	366	1.297
-0.261799	0.733948	3.021411	262	352	360	1.297
1.047198	0.960688	-0.577532	247	22	382	1.297
0.785398	1.214854	-1.966664	262	355	367	1.297
-1.047198	1.617114	-1.572037	235	63	353	1.297
0.261799	1.606104	-0.451151	247	340	354	1.297
1.570796	1.732874	-0.951685	260	351	354	1.297
2.617994	2.251330	-2.330739	280	74	334	1.297
2.356194	1.948085	-2.363031	134	370	2	1.297
0.785398	2.247462	0.191623	249	6	339	1.297
-3.141593	2.089241	-0.114193	252	78	362	1.297
-1.308997	1.766067	2.153843	136	344	363	1.297
-1.308997	1.247695	1.809890	123	350	359	1.297
-0.785398	2.984978	1.954446	261	14	355	1.297
-1.308997	2.343981	-1.040456	50	38	342	1.297
1.570796	0.700570	1.559208	120	377	20	1.297
-3.141593	0.910508	1.903534	246	70	376	1.297
-0.523599	1.310100	1.488307	26	7	3	1.297
2.617994	1.756530	-2.105156	255	75	350	1.297
2.879793	0.591903	2.010408	124	364	365	1.297
2.356194	0.910508	1.903534	257	75	377	1.297
1.047198	1.836682	-0.676006	254	347	351	1.297
-1.570796	2.180315	-1.357379	351	53	341	1.297
-1.570796	1.128190	-2.288622	242	74	370	1.297
-2.094395	1.606104	-0.451151	243	71	344	1.297
0.261799	0.203748	0.590255	232	25	0	1.297
1.570796	2.108018	1.311430	142	362	371	1.297
0.000000	1.440580	2.260026	260	355	351	1.297
-1.047198	2.343981	-1.040456	23	15	8	1.297
0.000000	1.310100	1.488307	92	350	5	1.297
-0.261799	0.960688	-0.577532	244	10	382	1.297
-3.141593	2.247462	0.191623	58	56	380	1.297
-1.308997	2.456751	-1.503343	23	10	9	1.297
0.785398	2.724429	-0.348782	254	358	352	1.290
0.785398	1.128190	-2.288622	245	75	361	1.268
-2.094395	1.184361	0.625864	232	62	360	1.268
-0.785398	1.135813	-2.658866	238	60	374	1.268
-1.308997	0.571433	-1.188419	235	66	369	1.268
-1.308997	1.218453	2.777284	122	9	374	1.268
-2.879793	1.683268	0.374177	241	76	348	1.268
-0.785398	1.413347	-1.339188	242	65	364	1.268
-1.047198	0.899350	-2.069907	248	75	356	1.268
-0.785398	0.866395	-2.492918	248	75	361	1.268
-2.617994	2.115563	0.685730	238	67	344	1.268
-2.356194	1.756530	-2.105156	244	76	351	1.268
1.308997	0.419640	2.974122	246	73	351	1.268
-1.832596	2.396274	-1.959260	245	72	360	1.268
-2.094395	1.433411	-1.035986	237	69	358	1.268
-2.617994	0.290380	-0.796960	245	71	349	1.268
-0.785398	1.214854	-1.966664	233	59	365	1.268
-0.523599	1.135813	-2.658866	239	56	374	1.268
0.000000	1.391910	3.030322	243	70	353	1.268
-2.617994	2.295480	1.008277	237	66	345	1.268
-2.094395	0.615174	-0.666022	238	75	366	1.268
-0.785398	1.134497	-1.109631	242	66	363	1.268
-3.141593	2.251330	-2.330739	248	67	344	1.268
-0.261799	1.574060	2.783565	245	74	358	1.268
-0.261799	0.619654	-2.216909	240	58	376	1.268
-2.879793	1.488617	1.159546	237	76	361	1.268
2.356194	2.637879	2.121598	249	73	352	1.268
1.570796	2.637879	2.121598	242	378	346	1.261
1.832596	2.393226	1.857173	315	64	342	1.260
-1.570796	2.104282	-0.813972	32	381	369	1.260
-0.261799	2.404280	-0.174044	303	55	348	1.260
-2.879793	1.045978	0.343692	112	371	18	1.260
2.094395	1.617114	-1.572037	76	61	13	1.260
-1.308997	1.488617	1.159546	243	66	366	1.260
1.832596	2.247462	0.191623	138	360	371	1.253
-0.523599	0.914445	2.687814	89	352	0	1.232
2.094395	1.506530	1.988858	262	356	367	1.232
-0.785398	1.417623	-0.202254	241	77	363	1.231
-0.523599	0.458961	-0.107937	242	20	0	1.231
-1.832596	1.194549	-0.801900	112	336	14	1.231
-2.617994	2.379497	0.561089	252	78	357	1.231
-0.261799	0.899350	-2.069907	307	54	356	1.231
1.570796	1.194549	-0.801900	124	374	13	1.231
-1.308997	2.247462	0.191623	233	380	339	1.231
1.308997	2.115563	0.685730	258	365	353	1.231
-3.141593	0.850607	-1.335383	246	72	368	1.231
0.261799	1.247695	1.809890	246	71	364	1.231
1.308997	2.379497	0.561089	254	366	350	1.231
0.000000	1.113094	-0.272241	254	80	354	1.231
1.570796	2.247462	0.191623	252	365	349	1.231
-2.879793	1.809167	1.213774	240	75	355	1.231
-0.523599	1.184361	0.625864	242	71	349	1.231
-1.832596	1.766067	2.153843	131	340	363	1.231
0.000000	2.393226	1.857173	37	7	355	1.231
0.523599	0.866955	-0.931351	248	76	350	1.231
-1.308997	1.014500	0.906702	229	23	382	1.231
-2.617994	1.310100	1.488307	239	70	367	1.231
2.879793	2.760637	2.781135	309	66	336	1.231
2.094395	0.864993	2.278281	115	373	23	1.231
-0.261799	1.440580	2.260026	249	74	362	1.231
0.261799	2.180315	-1.357379	230	376	342	1.231
-2.094395	1.574060	2.783565	241	71	371	1.231
-1.570796	2.396274	-1.959260	245	74	346	1.231
-1.308997	1.662363	0.915448	242	65	366	1.231
-0.261799	0.831641	0.616218	379	54	376	1.231
-1.047198	2.251330	-2.330739	243	350	352	1.231
-0.261799	1.909857	-0.381669	305	54	357	1.231
1.308997	1.875281	0.107086	254	9	343	1.231
-0.261799	2.704512	1.488683	257	81	355	1.231
0.261799	1.812176	0.656819	30	13	351	1.231
1.570796	1.904882	-1.478089	137	362	375	1.231
0.261799	0.618092	2.539118	260	354	356	1.231
0.000000	2.343981	-1.040456	229	383	339	1.231
-1.308997	1.569311	-3.003978	34	13	355	1.231
1.308997	1.574060	2.783565	82	55	354	1.231
2.617994	1.256302	0.062705	116	373	18	1.231
1.308997	1.194549	-0.801900	126	371	13	1.231
1.047198	1.448123	-2.163292	140	350	372	1.231
-1.308997	1.025536	1.576859	244	69	368	1.231
-1.570796	1.194549	-0.801900	114	333	14	1.231
0.523599	1.599406	1.426070	244	76	357	1.231
-1.308997	2.579248	-2.364801	127	362	366	1.231
-3.141593	2.063651	-2.044600	137	368	373	1.231
-0.785398	2.637879	2.121598	257	7	349	1.224
1.308997	2.187132	-0.479875	243	72	354	1.223
-0.523599	1.301460	-0.509251	90	344	374	1.203
0.523599	1.128190	-2.288622	246	74	363	1.202
-1.570796	1.982574	-1.115518	69	46	346	1.202
0.000000	1.367556	0.358405	245	69	369	1.202
0.000000	1.904882	-1.478089	247	72	367	1.202
-1.308997	2.063651	-2.044600	236	70	352	1.202
1.570796	1.134796	2.434290	244	72	356	1.202
0.785398	1.134796	2.434290	118	10	8	1.202
2.094395	1.128190	-2.288622	246	73	353	1.202
0.000000	1.128190	-2.288622	232	292	17	1.202
-0.261799	1.247695	1.809890	138	359	372	1.202
0.261799	1.555207	1.708892	105	379	28	1.202
1.047198	0.864993	2.278281	252	76	351	1.202
-2.617994	0.910508	1.903534	242	65	377	1.202
-1.047198	2.396274	-1.959260	238	67	346	1.202
1.047198	1.113094	-0.272241	290	48	350	1.202
0.785398	0.866395	-2.492918	244	73	359	1.202
-0.523599	0.864993	2.278281	140	355	372	1.202
1.308997	0.618092	2.539118	249	74	351	1.202
1.047198	1.025536	1.576859	124	19	3	1.202
2.094395	1.448123	-2.163292	243	69	373	1.202
2.879793	1.256302	0.062705	113	374	16	1.195
1.570796	1.134497	-1.109631	123	375	9	1.194
-2.094395	2.456751	-1.503343	35	1	359	1.194
2.356194	1.554776	0.100351	120	375	13	1.194
2.617994	0.961715	0.014085	318	86	375	1.194
-2.879793	1.194549	-0.801900	245	69	369	1.166
0.523599	2.089241	-0.114193	247	73	371	1.166
1.570796	0.929350	-2.910676	261	358	367	1.165
2.356194	2.881233	-2.582574	240	328	361	1.165
-0.261799	2.396274	-1.959260	252	351	354	1.165
2.617994	1.504028	0.636812	121	373	14	1.165
1.832596	0.379747	-1.713059	49	46	18	1.165
-1.570796	1.948085	-2.363031	238	72	357	1.165
-1.832596	0.762244	-0.273349	236	65	363	1.165
-2.094395	1.870545	-2.976234	230	11	344	1.165
1.308997	2.247462	0.191623	253	362	349	1.165
1.047198	2.393226	1.857173	265	357	361	1.165
-1.047198	2.138223	1.678323	242	65	353	1.165
-0.523599	1.574060	2.783565	351	56	340	1.165
-2.617994	0.709924	0.218797	124	343	21	1.165
1.047198	1.977582	0.969896	313	57	354	1.165
-3.141593	1.045978	0.343692	114	371	19	1.165
-2.617994	2.396274	-1.959260	262	78	345	1.165
2.094395	1.391910	3.030322	128	370	17	1.165
1.308997	0.685216	-1.712745	127	370	11	1.165
1.832596	0.496451	0.593859	39	9	350	1.165
1.308997	1.683268	0.374177	102	5	32	1.165
-0.523599	2.343981	-1.040456	229	3	339	1.165
0.000000	0.571433	-1.188419	248	12	380	1.165
-1.832596	2.704512	1.488683	251	74	349	1.165
0.261799	1.977582	0.969896	34	18	348	1.165
0.785398	1.875281	0.107086	253	0	343	1.165
-0.261799	2.407836	1.410646	256	79	351	1.165
1.308997	1.977582	0.969896	317	60	354	1.165
-2.094395	1.417623	-0.202254	246	64	371	1.165
-1.832596	1.184361	0.625864	229	24	382	1.165
-1.570796	1.440580	2.260026	243	71	355	1.165
-2.094395	2.579248	-2.364801	244	325	360	1.165
0.000000	2.863997	0.549740	248	349	352	1.158
-0.785398	0.733948	3.021411	88	353	1	1.136
2.356194	1.606104	-0.451151	139	362	365	1.136
-1.308997	2.001437	0.381215	37	3	349	1.136
1.308997	1.050534	3.042579	247	12	4	1.136
0.785398	1.766067	2.153843	247	18	340	1.136
0.523599	0.496451	0.593859	106	3	35	1.136
-2.879793	2.379497	0.561089	45	36	343	1.136
-1.047198	1.732874	-0.951685	228	305	376	1.136
1.047198	1.606104	-0.451151	140	342	364	1.136
