160	1.2	1
-2.617994	1.134796	2.434290
0.000000	0.000000	0.000000
1ext.pdb	14.325	16.151	-23.365
model.B99990004.pdb	17.012	100.314	-86.349
1.570796	0.618092	2.539118	136	145	7	53.416
1.308997	1.696674	-1.253233	17	28	31	52.877
-0.261799	2.393226	1.857173	20	21	35	52.111
1.308997	1.904882	-1.478089	16	27	29	50.971
-0.261799	0.992645	-1.723759	23	19	36	50.288
0.000000	0.685216	-1.712745	20	21	32	50.024
0.261799	1.824694	1.850876	33	16	34	49.754
-0.261799	2.295480	1.008277	17	19	39	48.381
0.523599	1.555207	1.708892	30	20	31	48.220
-0.261799	1.872854	1.543456	18	21	30	47.880
-2.617994	0.674054	1.013609	27	9	37	47.819
-1.570796	1.846342	-1.796954	15	25	42	47.087
-1.047198	1.658653	-2.409879	28	20	23	46.674
1.308997	1.545873	-1.877082	17	23	22	46.576
2.356194	0.733948	3.021411	30	13	31	45.884
1.308997	1.846342	-1.796954	15	24	24	45.710
1.308997	1.756530	-2.105156	14	21	19	45.703
2.617994	1.417623	-0.202254	11	19	43	45.516
1.570796	1.846342	-1.796954	11	24	24	45.009
2.356194	1.367556	0.358405	14	17	45	44.960
-1.047198	1.756530	-2.105156	19	19	37	44.885
2.356194	1.050534	3.042579	28	12	28	44.755
0.000000	1.809167	1.213774	21	19	35	44.684
1.047198	1.696674	-1.253233	23	27	31	44.546
0.785398	1.025536	1.576859	30	21	31	44.543
-2.617994	1.195355	1.200319	27	12	40	44.504
1.570796	1.256302	0.062705	25	12	35	44.462
1.047198	1.617114	-1.572037	22	25	25	44.412
-1.308997	1.617114	-1.572037	13	26	39	44.380
0.261799	1.555207	1.708892	33	16	31	44.207
0.785398	1.310100	1.488307	28	21	27	44.013
-2.094395	0.618092	2.539118	23	25	21	43.946
1.570796	0.961715	0.014085	24	12	39	43.936
-1.047198	1.948085	-2.363031	31	21	29	43.879
-1.308997	1.554776	0.100351	143	147	21	43.778
-2.879793	2.404280	-0.174044	20	13	43	43.502
1.047198	1.982574	-1.115518	22	26	33	43.411
-2.094395	1.310100	1.488307	27	22	43	43.329
-2.094395	1.195355	1.200319	27	18	47	43.328
-1.832596	1.846342	-1.796954	19	25	41	43.238
-2.356194	0.906588	1.252948	28	13	41	43.016
-2.356194	2.587733	0.232235	20	16	42	42.978
-2.356194	1.504028	0.636812	23	12	48	42.856
1.570796	1.045978	0.343692	25	13	39	42.790
1.308997	2.579248	-2.364801	33	15	36	42.781
-2.356194	1.310100	1.488307	29	18	43	42.779
1.308997	1.617114	-1.572037	17	27	26	42.729
-3.141593	1.113094	-0.272241	39	19	22	42.701
-0.261799	0.685216	-1.712745	23	20	32	42.321
-0.523599	2.295480	1.008277	20	19	39	42.210
2.094395	0.733948	3.021411	30	9	30	42.204
-1.047198	2.041297	-2.664597	30	23	32	42.202
-1.308997	1.756530	-2.105156	22	18	37	42.180
-3.141593	2.089241	-0.114193	8	20	40	42.061
-0.523599	1.214854	-1.966664	21	20	33	41.900
0.000000	0.379747	-1.713059	19	21	29	41.898
2.094395	2.393226	1.857173	140	143	20	41.755
-2.617994	1.335669	0.897240	26	10	44	41.753
0.785398	0.906588	1.252948	32	16	25	41.749
1.047198	1.846342	-1.796954	19	23	23	41.641
-2.356194	0.674054	1.013609	28	9	40	41.639
0.523599	1.025536	1.576859	32	18	28	41.612
2.094395	1.374601	-2.456031	23	20	46	41.551
-0.523599	2.407836	1.410646	19	22	35	41.454
1.570796	1.367556	0.358405	24	14	34	41.430
2.879793	1.721184	-0.153948	10	19	42	41.182
-1.308997	2.041297	-2.664597	32	19	32	41.050
1.047198	0.906588	1.252948	29	21	27	40.974
0.261799	1.310100	1.488307	32	14	26	40.971
-1.308997	1.870545	-2.976234	29	22	30	40.933
-0.785398	0.458961	-0.107937	33	20	29	40.927
1.570796	0.640596	-2.797608	29	8	30	40.815
-2.617994	0.906588	1.252948	28	11	41	40.795
-0.785398	1.998705	2.370472	143	139	14	40.785
0.000000	2.001437	0.381215	20	21	47	40.774
-2.617994	0.418037	1.360082	9	25	34	40.745
-0.523599	2.108018	1.311430	18	22	31	40.671
0.523599	1.599406	1.426070	28	19	27	40.613
2.879793	2.089241	-0.114193	10	22	39	40.592
-1.832596	1.168678	2.108595	22	28	34	40.588
1.832596	0.640596	-2.797608	30	12	30	40.587
2.617994	1.113094	-0.272241	29	20	27	40.556
-0.261799	2.138223	1.678323	18	22	33	40.544
1.047198	2.349581	-2.702517	33	16	36	40.537
-2.094395	0.297065	2.160177	32	22	32	40.492
0.523599	1.683268	0.374177	17	23	47	40.450
1.308997	2.664082	-1.071402	17	28	45	40.431
1.047198	1.732874	-0.951685	23	27	37	40.384
-0.785398	1.450119	-2.739050	22	23	25	40.382
1.308997	1.184361	0.625864	31	13	20	40.371
2.094395	1.184361	0.625864	15	13	47	40.364
0.785398	2.587733	0.232235	23	21	43	40.339
0.000000	2.108018	1.311430	16	20	38	40.262
-2.094395	1.367556	0.358405	23	12	49	40.207
-3.141593	2.637879	2.121598	28	19	39	40.175
0.523599	1.247695	1.809890	31	20	35	40.154
-0.523599	1.766067	2.153843	128	159	13	40.140
-2.617994	0.640596	-2.797608	21	11	44	40.133
-1.832596	1.391910	3.030322	27	20	22	40.131
2.879793	0.899350	-2.069907	28	14	41	40.080
-1.047198	1.545873	-1.877082	20	20	33	39.926
0.523599	1.554776	0.100351	19	25	42	39.804
-2.356194	0.929350	-2.910676	19	13	44	39.744
-0.261799	2.356369	3.005869	24	23	26	39.709
-1.832596	2.063651	-2.044600	14	25	46	39.692
1.047198	0.370812	-2.547742	16	20	27	39.688
1.570796	2.153910	-1.714959	11	23	28	39.626
-0.523599	2.704512	1.488683	20	21	39	39.585
1.570796	2.664082	-1.071402	12	28	45	39.574
1.570796	0.370812	-2.547742	31	11	35	39.551
1.047198	1.904882	-1.478089	20	27	27	39.540
2.356194	1.184361	0.625864	13	13	47	39.531
-1.570796	1.025536	1.576859	22	26	42	39.507
0.261799	1.904882	-1.478089	128	143	19	39.481
-3.141593	1.417623	-0.202254	38	16	17	39.450
1.832596	0.618092	2.539118	138	143	6	39.403
-2.094395	1.325504	-1.671296	17	26	55	39.348
2.879793	1.214854	-1.966664	29	16	37	39.345
0.000000	1.367556	0.358405	21	27	37	39.331
-2.356194	1.488617	1.159546	25	18	47	39.277
1.570796	0.709924	0.218797	35	10	25	39.231
2.617994	2.724429	-0.348782	20	19	42	39.227
-1.832596	1.325504	-1.671296	13	27	55	39.208
-0.785398	2.407836	1.410646	22	21	35	39.185
2.094395	1.128190	-2.288622	21	17	50	39.154
0.785398	0.496451	0.593859	32	8	23	39.100
1.047198	1.756530	-2.105156	18	21	19	39.093
2.879793	1.135834	-1.431087	32	16	34	39.085
-2.879793	0.379747	-1.713059	34	9	28	39.080
-2.094395	1.247695	1.809890	26	23	38	38.933
2.617994	1.721184	-0.153948	12	21	43	38.892
1.047198	1.025536	1.576859	26	25	31	38.832
0.523599	1.812176	0.656819	29	11	17	38.811
-1.047198	0.458961	-0.107937	35	16	29	38.772
-0.261799	1.977582	0.969896	18	20	34	38.762
2.094395	1.606104	-0.451151	25	15	32	38.688
0.523599	0.619654	-2.216909	18	20	31	38.670
2.617994	2.089241	-0.114193	22	17	31	38.650
0.000000	1.555207	1.708892	21	19	35	38.584
-2.879793	2.592629	0.909713	30	15	41	38.546
-0.785398	1.214854	-1.966664	24	16	33	38.536
2.879793	1.599406	1.426070	131	159	4	38.516
-1.832596	1.247695	1.809890	22	27	39	38.500
-2.094395	2.379497	0.561089	13	20	51	38.495
2.617994	0.419640	2.974122	18	16	42	38.475
-1.308997	2.592629	0.909713	23	18	39	38.453
-0.785398	1.448123	-2.163292	24	18	35	38.441
0.000000	1.872854	1.543456	20	19	37	38.414
-1.570796	2.001437	0.381215	24	20	11	38.392
-2.094395	1.135834	-1.431087	20	28	51	38.382
-2.094395	1.391910	3.030322	25	22	19	38.378
-0.785398	1.824694	1.850876	130	1	17	38.374
1.570796	2.455966	-0.641220	14	26	48	38.365
0.785398	1.014500	0.906702	20	19	31	38.344
2.094395	1.417623	-0.202254	24	16	35	38.325
-1.047198	2.579248	-2.364801	33	17	20	38.264
-2.879793	2.001437	0.381215	22	20	23	38.255
-0.785398	2.579248	-2.364801	30	20	20	38.208
0.785398	2.588535	-2.976617	34	15	32	38.188
1.047198	0.418037	1.360082	33	19	34	38.173
2.094395	1.113094	-0.272241	35	13	27	38.157
-0.261799	2.407836	1.410646	20	19	40	38.147
2.356194	1.335669	0.897240	15	13	47	38.082
-1.570796	2.089241	-0.114193	136	141	23	38.046
-2.356194	0.458961	-0.107937	136	141	11	38.013
-2.617994	0.458961	-0.107937	133	145	11	37.965
-1.832596	1.574060	2.783565	30	22	27	37.950
1.308997	1.045978	0.343692	25	10	38	37.946
-2.617994	2.664082	-1.071402	23	31	38	37.938
2.879793	1.195355	1.200319	26	24	19	37.932
2.356194	0.960688	-0.577532	34	15	30	37.920
0.523599	1.310100	1.488307	30	18	26	37.916
-1.832596	1.310100	1.488307	23	24	44	37.903
0.261799	1.809167	1.213774	18	19	36	37.843
0.261799	1.872854	1.543456	29	18	28	37.826
-0.785398	2.138223	1.678323	129	157	17	37.787
-1.570796	2.153910	-1.714959	13	26	39	37.777
-2.617994	1.014500	0.906702	26	9	41	37.742
1.047198	1.504028	0.636812	29	12	18	37.711
-0.523599	0.762244	-0.273349	31	23	35	37.693
1.308997	0.618092	2.539118	133	148	7	37.633
0.261799	1.662363	0.915448	13	25	47	37.596
-3.141593	1.982574	-1.115518	32	24	37	37.589
1.832596	1.195355	1.200319	20	24	39	37.586
-2.356194	0.618092	2.539118	27	22	20	37.579
-1.047198	2.073035	2.027405	141	140	10	37.539
-1.308997	2.637879	2.121598	28	22	33	37.532
1.047198	1.195355	1.200319	27	21	24	37.511
0.000000	2.063651	-2.044600	30	30	24	37.510
0.261799	1.488617	1.159546	20	19	33	37.505
0.261799	2.396274	-1.959260	137	136	23	37.500
1.570796	1.134497	-1.109631	137	145	17	37.485
-0.785398	1.617114	-1.572037	25	17	40	37.474
-2.094395	2.251330	-2.330739	13	23	48	37.454
0.785398	1.335669	0.897240	34	11	21	37.451
-1.308997	1.846342	-1.796954	24	17	33	37.435
-2.617994	2.592629	0.909713	28	17	41	37.419
-2.094395	2.587733	0.232235	19	17	42	37.414
-1.570796	2.704512	1.488683	24	22	37	37.400
-2.356194	2.592629	0.909713	27	19	41	37.377
0.000000	0.290380	-0.796960	30	22	24	37.367
0.785398	1.554776	0.100351	14	26	42	37.356
1.832596	1.301460	-0.509251	35	7	25	37.334
-1.832596	1.135834	-1.431087	15	30	51	37.330
0.785398	1.982574	-1.115518	28	24	33	37.308
-1.308997	0.733948	3.021411	132	2	7	37.271
2.094395	0.831641	0.616218	127	140	14	37.252
-1.832596	1.732874	-0.951685	138	136	12	37.241
1.832596	1.683268	0.374177	21	17	30	37.200
-1.832596	1.045978	0.343692	25	14	45	37.118
-1.832596	1.025536	1.576859	25	24	42	37.087
-2.356194	1.335669	0.897240	25	13	45	37.076
-1.047198	1.721184	-0.153948	12	26	37	37.072
-1.570796	1.391910	3.030322	24	23	22	37.057
0.000000	1.599406	1.426070	20	19	34	37.052
-1.832596	1.218453	2.777284	26	23	24	37.034
-1.832596	2.138223	1.678323	31	20	32	37.020
2.879793	1.134497	-1.109631	32	18	31	37.016
-1.832596	0.850607	-1.335383	18	31	49	37.013
2.356194	1.301460	-0.509251	1	25	47	37.008
-0.261799	1.809167	1.213774	18	21	32	36.977
-2.356194	0.866955	-0.931351	129	148	8	36.968
0.261799	2.073035	2.027405	32	15	37	36.945
-0.785398	1.658653	-2.409879	26	24	25	36.926
1.308997	1.128190	-2.288622	22	17	15	36.921
-1.047198	0.733948	3.021411	14	25	30	36.905
2.617994	0.961715	0.014085	128	139	16	36.900
0.523599	1.335669	0.897240	20	18	30	36.884
-0.523599	1.869911	2.701025	144	139	17	36.856
-1.570796	2.719179	-1.780644	10	26	41	36.848
0.261799	1.506530	1.988858	33	16	37	36.844
1.832596	1.732874	-0.951685	1	25	44	36.815
2.617994	1.658653	-2.409879	20	24	43	36.801
0.785398	2.153910	-1.714959	6	36	37	36.784
-3.141593	2.247462	0.191623	19	17	31	36.776
1.570796	1.872854	1.543456	15	27	34	36.760
2.094395	0.370812	-2.547742	28	21	35	36.730
1.308997	0.080730	-2.622036	126	158	17	36.716
0.261799	1.335669	0.897240	22	17	29	36.711
0.523599	0.709924	0.218797	14	26	49	36.710
0.523599	1.617114	-1.572037	131	141	22	36.696
2.617994	1.367556	0.358405	12	16	46	36.669
0.000000	1.824694	1.850876	34	12	33	36.656
-0.785398	1.325504	-1.671296	25	17	36	36.651
-2.356194	1.736875	3.023612	31	18	20	36.645
2.879793	1.617114	-1.572037	32	17	30	36.644
2.617994	1.374601	-2.456031	18	22	47	36.635
-0.785398	0.850607	-1.335383	3	28	52	36.621
0.785398	1.256302	0.062705	14	28	39	36.605
-1.308997	2.704512	1.488683	34	10	23	36.602
-3.141593	1.658653	-2.409879	25	21	35	36.591
-1.308997	1.658653	-2.409879	20	18	39	36.584
-2.879793	0.899350	-2.069907	34	6	32	36.579
-1.047198	2.704512	1.488683	32	14	23	36.578
-2.094395	0.709924	0.218797	6	31	41	36.562
1.047198	1.812176	0.656819	26	14	17	36.538
-0.785398	2.033014	2.977192	138	141	16	36.528
1.832596	2.033014	2.977192	27	28	27	36.519
-2.617994	0.992645	-1.723759	33	14	31	36.517
2.617994	2.041297	-2.664597	27	24	38	36.514
-0.785398	2.478122	2.609777	132	5	12	36.503
0.000000	1.488617	1.159546	24	16	32	36.494
-1.308997	1.904882	-1.478089	11	28	38	36.494
-2.094395	0.591903	2.010408	31	23	25	36.463
-2.617994	1.741644	-2.695914	18	21	37	36.448
-2.356194	1.545873	-1.877082	143	138	10	36.414
1.832596	2.760637	2.781135	27	30	29	36.393
1.832596	1.135834	-1.431087	139	146	20	36.360
2.356194	1.658653	-2.409879	23	23	43	36.352
0.785398	1.599406	1.426070	18	23	36	36.340
1.308997	0.733948	3.021411	24	24	31	36.336
-3.141593	2.724429	-0.348782	21	14	43	36.324
2.094395	1.194549	-0.801900	35	9	28	36.319
-2.094395	1.488617	1.159546	23	19	48	36.314
1.570796	1.113094	-0.272241	35	6	26	36.308
-1.570796	1.135834	-1.431087	10	31	51	36.304
2.356194	1.113094	-0.272241	31	17	27	36.300
-0.785398	1.766067	2.153843	22	30	32	36.294
2.356194	1.025536	1.576859	13	31	36	36.287
0.523599	2.587733	0.232235	25	19	42	36.270
-1.832596	0.591903	2.010408	25	26	25	36.264
1.832596	0.960688	-0.577532	35	7	30	36.261
2.617994	0.685216	-1.712745	29	11	41	36.255
-2.617994	2.404280	-0.174044	20	13	44	36.249
-2.617994	2.108018	1.311430	35	11	37	36.240
-0.785398	1.413347	-1.339188	24	18	39	36.210
-3.141593	1.977582	0.969896	25	12	11	36.207
2.879793	0.961715	0.014085	133	134	16	36.190
2.617994	0.733948	3.021411	19	17	39	36.187
1.832596	0.370812	-2.547742	30	16	35	36.186
-3.141593	2.356369	3.005869	19	23	29	36.164
-1.832596	1.836682	-0.676006	137	137	16	36.160
-2.617994	1.504028	0.636812	22	10	49	36.156
2.879793	1.736875	3.023612	25	13	24	36.115
0.523599	1.504028	0.636812	10	27	43	36.113
1.047198	2.664082	-1.071402	22	28	44	36.097
1.047198	0.618092	2.539118	21	32	46	36.084
1.832596	1.872854	1.543456	11	27	35	36.068
2.356194	1.135834	-1.431087	33	11	34	36.060
0.785398	0.290380	-0.796960	23	26	43	36.046
-1.570796	1.134497	-1.109631	142	135	12	36.045
-1.570796	0.864993	2.278281	18	28	32	36.041
-1.832596	0.914445	2.687814	20	26	26	36.024
-1.308997	2.393226	1.857173	14	31	53	35.991
-2.094395	2.760637	2.781135	25	25	35	35.966
2.879793	2.455966	-0.641220	5	18	52	35.952
-0.785398	1.135813	-2.658866	21	22	21	35.917
2.094395	1.301460	-0.509251	34	11	25	35.911
-0.785398	2.073035	2.027405	20	29	38	35.906
2.879793	2.174483	2.653697	11	28	37	35.898
-2.356194	1.195355	1.200319	29	15	47	35.842
0.000000	1.242974	-2.977882	26	15	53	35.836
-1.308997	1.741644	-2.695914	31	19	26	35.822
-0.785398	1.872854	1.543456	132	157	21	35.819
-3.141593	1.599406	1.426070	130	155	4	35.819
-0.785398	1.875281	0.107086	145	143	23	35.799
1.570796	1.510910	-0.740472	33	3	26	35.784
-2.094395	2.295480	1.008277	32	8	19	35.783
2.879793	1.045978	0.343692	138	132	20	35.776
-3.141593	1.128190	-2.288622	28	16	41	35.765
1.832596	2.724429	-0.348782	18	25	49	35.762
2.617994	2.587733	0.232235	12	29	43	35.758
-2.617994	1.218453	2.777284	4	17	51	35.747
-2.094395	1.506530	1.988858	19	27	45	35.742
2.094395	0.850607	-1.335383	32	7	37	35.720
-1.308997	1.433411	-1.035986	147	134	11	35.713
2.094395	0.762244	-0.273349	35	11	25	35.694
0.000000	2.760637	2.781135	36	10	28	35.691
1.308997	0.866395	-2.492918	13	22	56	35.680
1.570796	2.001437	0.381215	27	12	17	35.674
2.617994	0.370812	-2.547742	31	22	25	35.670
-3.141593	1.766067	2.153843	122	159	7	35.664
-1.047198	2.637879	2.121598	24	24	33	35.644
2.356194	2.404280	-0.174044	9	22	52	35.642
0.785398	2.115563	0.685730	25	17	17	35.638
-1.308997	1.134497	-1.109631	147	134	12	35.599
-2.356194	2.247462	0.191623	12	16	53	35.590
0.785398	2.180315	-1.357379	25	26	30	35.582
-0.785398	0.733948	3.021411	20	19	47	35.581
2.617994	0.899350	-2.069907	29	12	41	35.580
1.832596	1.510910	-0.740472	34	7	26	35.573
1.308997	1.256302	0.062705	30	5	18	35.563
-1.832596	1.569311	-3.003978	27	18	20	35.559
-0.261799	2.073035	2.027405	128	152	13	35.559
2.094395	1.872854	1.543456	7	27	35	35.538
-1.047198	0.571433	-1.188419	135	157	21	35.537
2.094395	2.455966	-0.641220	7	25	50	35.532
2.356194	0.914445	2.687814	30	9	30	35.532
-0.261799	2.108018	1.311430	20	20	37	35.530
-2.356194	1.617114	-1.572037	30	19	30	35.526
1.570796	1.194549	-0.801900	33	3	30	35.507
1.570796	0.419640	2.974122	21	24	31	35.505
0.523599	2.115563	0.685730	26	15	17	35.485
-3.141593	0.960688	-0.577532	131	136	10	35.483
-3.141593	2.001437	0.381215	25	19	23	35.462
-2.879793	2.295480	1.008277	32	11	41	35.460
-1.047198	1.448123	-2.163292	20	20	36	35.455
1.570796	1.448123	-2.163292	30	13	47	35.454
-2.356194	1.367556	0.358405	22	9	49	35.442
2.356194	0.458961	-0.107937	34	17	29	35.413
-1.047198	1.741644	-2.695914	27	23	27	35.396
0.785398	2.001437	0.381215	18	16	53	35.390
-2.094395	1.683268	0.374177	24	20	11	35.381
0.785398	2.478122	2.609777	39	20	28	35.379
0.261799	1.599406	1.426070	30	16	26	35.367
-1.308997	1.545873	-1.877082	23	17	30	35.322
-2.879793	2.247462	0.191623	25	11	43	35.320
-0.261799	1.417623	-0.202254	125	152	5	35.305
-0.261799	1.184361	0.625864	133	141	4	35.304
0.523599	1.699788	2.452890	42	15	28	35.295
2.879793	1.113094	-0.272241	41	14	22	35.285
-1.308997	1.050534	3.042579	133	3	3	35.271
1.308997	1.504028	0.636812	28	14	18	35.263
-0.261799	2.478122	2.609777	36	8	26	35.261
-0.523599	0.914445	2.687814	20	16	48	35.254
1.047198	2.115563	0.685730	23	16	16	35.244
2.617994	2.138223	1.678323	24	14	47	35.229
-1.047198	1.050534	3.042579	131	159	4	35.218
1.570796	1.014500	0.906702	24	20	39	35.201
2.879793	1.574060	2.783565	27	14	26	35.199
-2.094395	1.128190	-2.288622	15	21	52	35.197
-1.570796	1.325504	-1.671296	9	27	55	35.190
0.261799	2.108018	1.311430	25	21	25	35.189
-1.570796	0.910508	1.903534	21	28	37	35.186
-2.094395	1.736875	3.023612	28	21	20	35.182
-3.141593	2.719179	-1.780644	34	27	32	35.180
-1.047198	2.299159	2.264663	26	23	28	35.178
1.308997	2.455966	-0.641220	20	26	47	35.165
2.094395	0.960688	-0.577532	35	11	31	35.164
-2.879793	1.869911	2.701025	3	24	43	35.154
-1.047198	0.619654	-2.216909	21	23	55	35.150
-2.356194	1.014500	0.906702	27	10	45	35.130
-0.785398	0.685216	-1.712745	136	156	22	35.123
2.094395	1.812176	0.656819	18	21	29	35.118
-1.308997	2.984978	1.954446	24	23	37	35.107
1.047198	1.545873	-1.877082	22	24	21	35.102
-2.094395	1.335669	0.897240	24	15	51	35.094
2.356194	2.187132	-0.479875	22	17	29	35.094
-1.047198	1.569311	-3.003978	27	24	29	35.082
-2.617994	0.297065	2.160177	27	22	42	35.071
2.879793	1.325504	-1.671296	16	18	57	35.044
1.832596	1.504028	0.636812	22	19	33	35.044
2.617994	0.571433	-1.188419	32	12	39	35.025
1.570796	1.904882	-1.478089	12	27	28	35.014
2.617994	1.683268	0.374177	13	20	43	35.008
-0.523599	2.379497	0.561089	19	17	43	35.006
0.785398	1.948085	-2.363031	20	24	25	34.999
0.261799	2.719179	-1.780644	28	29	40	34.988
0.261799	1.045978	0.343692	17	21	53	34.986
-3.141593	1.696674	-1.253233	30	23	44	34.986
1.832596	1.113094	-0.272241	35	10	26	34.974
-3.141593	2.588535	-2.976617	13	29	41	34.964
2.879793	1.909857	-0.381669	36	13	19	34.960
2.879793	0.929350	-2.910676	131	150	27	34.960
2.617994	1.875281	0.107086	21	18	33	34.960
0.261799	2.063651	-2.044600	138	139	28	34.949
0.261799	1.242974	-2.977882	26	17	53	34.945
-3.141593	0.850607	-1.335383	30	19	36	34.943
-1.308997	2.407836	1.410646	31	11	19	34.936
-0.523599	2.073035	2.027405	128	158	13	34.933
1.308997	0.640596	-2.797608	16	19	27	34.926
2.094395	2.251330	-2.330739	25	23	51	34.915
2.617994	1.736875	3.023612	17	27	40	34.886
-2.356194	1.721184	-0.153948	23	30	26	34.876
2.879793	0.866955	-0.931351	35	14	27	34.871
0.785398	1.904882	-1.478089	26	26	28	34.867
-1.047198	0.929350	-2.910676	17	19	49	34.857
-1.832596	2.251330	-2.330739	20	19	38	34.854
2.879793	1.875281	0.107086	13	20	43	34.853
2.879793	1.756530	-2.105156	29	20	32	34.850
1.308997	1.448123	-2.163292	19	19	18	34.844
-1.047198	1.617114	-1.572037	9	26	40	34.842
-1.570796	1.599406	1.426070	27	26	50	34.834
-1.047198	2.588535	-2.976617	37	26	36	34.834
1.570796	2.343981	-1.040456	159	29	49	34.833
0.785398	2.456751	-1.503343	27	25	33	34.833
1.570796	0.619654	-2.216909	19	15	40	34.827
-2.356194	1.218453	2.777284	3	16	49	34.825
1.570796	1.812176	0.656819	30	14	20	34.812
1.308997	1.367556	0.358405	29	9	17	34.808
-3.141593	1.574060	2.783565	8	24	46	34.808
-2.094395	1.134497	-1.109631	131	145	5	34.779
1.308997	0.458961	-0.107937	144	138	14	34.775
0.261799	2.587733	0.232235	28	15	42	34.774
2.094395	1.909857	-0.381669	25	15	31	34.769
2.356194	0.080730	-2.622036	26	24	41	34.768
-2.879793	2.379497	0.561089	26	14	44	34.768
-0.785398	2.404280	-0.174044	27	19	23	34.768
1.832596	1.256302	0.062705	25	15	36	34.753
0.785398	1.504028	0.636812	30	10	17	34.743
-2.094395	0.203748	0.590255	126	2	12	34.741
-0.261799	1.367556	0.358405	131	144	5	34.710
2.617994	1.504028	0.636812	15	16	47	34.706
-1.832596	1.195355	1.200319	24	20	48	34.704
-2.879793	2.115563	0.685730	7	24	52	34.691
2.356194	1.606104	-0.451151	23	18	33	34.678
1.047198	1.872854	1.543456	129	146	27	34.677
2.617994	1.741644	-2.695914	17	27	40	34.669
-2.356194	2.041297	-2.664597	24	15	36	34.667
-2.879793	1.662363	0.915448	34	4	36	34.667
2.879793	1.391910	3.030322	26	15	27	34.665
-3.141593	1.045978	0.343692	10	12	49	34.657
-0.261799	1.658653	-2.409879	28	25	14	34.650
-2.879793	2.108018	1.311430	35	7	37	34.646
-0.785398	2.379497	0.561089	12	16	56	34.643
2.617994	0.960688	-0.577532	32	18	31	34.630
1.570796	2.295480	1.008277	26	16	19	34.594
-0.523599	0.831641	0.616218	15	29	44	34.577
2.094395	2.724429	-0.348782	15	25	50	34.571
2.356194	1.741644	-2.695914	21	25	40	34.569
2.617994	1.756530	-2.105156	15	26	52	34.566
1.047198	2.343981	-1.040456	9	33	49	34.564
1.832596	1.417623	-0.202254	24	14	35	34.563
-2.617994	1.545873	-1.877082	139	140	10	34.536
1.570796	0.914445	2.687814	135	144	8	34.532
0.523599	1.184361	0.625864	10	29	38	34.531
2.094395	1.721184	-0.153948	26	15	33	34.515
-1.047198	0.850607	-1.335383	133	157	18	34.511
-3.141593	1.875281	0.107086	9	20	44	34.507
2.356194	1.194549	-0.801900	35	13	28	34.504
-2.356194	1.391910	3.030322	29	21	20	34.474
1.570796	0.831641	0.616218	25	18	40	34.471
-2.879793	1.135813	-2.658866	20	18	42	34.458
1.308997	1.982574	-1.115518	18	28	34	34.454
1.308997	2.396274	-1.959260	13	23	28	34.452
2.879793	0.571433	-1.188419	31	15	38	34.443
0.523599	0.290380	-0.796960	27	22	43	34.442
0.785398	0.619654	-2.216909	16	20	31	34.441
1.308997	0.831641	0.616218	26	14	40	34.438
1.832596	2.295480	1.008277	24	16	18	34.434
-2.094395	1.569311	-3.003978	25	19	16	34.433
2.356194	1.433411	-1.035986	35	11	27	34.432
0.785398	1.846342	-1.796954	7	34	32	34.432
-0.785398	2.984978	1.954446	36	11	27	34.414
-0.523599	2.089241	-0.114193	25	17	43	34.412
-1.570796	0.419640	2.974122	15	10	53	34.389
-0.523599	1.325504	-1.671296	23	19	39	34.385
-1.832596	2.863997	0.549740	22	17	42	34.378
-2.094395	1.696674	-1.253233	15	33	45	34.368
-0.261799	0.615174	-0.666022	31	22	29	34.351
2.617994	1.195355	1.200319	30	22	19	34.351
2.617994	1.301460	-0.509251	158	22	47	34.348
1.047198	0.674054	1.013609	33	15	25	34.347
1.832596	0.762244	-0.273349	35	10	32	34.347
-1.832596	2.153910	-1.714959	17	27	39	34.337
-1.832596	2.295480	1.008277	30	11	18	34.334
-2.617994	1.194549	-0.801900	127	150	9	34.333
-0.261799	1.413347	-1.339188	20	24	39	34.324
-1.308997	1.872854	1.543456	30	25	42	34.317
-1.047198	1.554776	0.100351	147	143	27	34.312
-1.570796	1.448123	-2.163292	138	149	30	34.310
-1.047198	1.872854	1.543456	133	1	22	34.308
0.261799	1.247695	1.809890	34	16	32	34.304
0.000000	0.850607	-1.335383	26	23	25	34.302
-0.261799	2.404280	-0.174044	21	20	23	34.296
-2.617994	2.407836	1.410646	35	12	37	34.240
-2.879793	1.184361	0.625864	26	26	22	34.236
-2.879793	0.674054	1.013609	10	32	37	34.231
-1.570796	2.104282	-0.813972	28	19	23	34.229
-2.356194	2.001437	0.381215	17	15	52	34.227
2.617994	1.554776	0.100351	5	20	54	34.225
-2.879793	1.977582	0.969896	24	13	11	34.220
0.261799	2.153910	-1.714959	132	139	22	34.218
-3.141593	0.762244	-0.273349	134	133	10	34.212
-0.523599	2.478122	2.609777	23	24	29	34.210
0.000000	1.683268	0.374177	20	25	42	34.208
2.617994	1.214854	-1.966664	31	14	37	34.205
-2.617994	2.349581	-2.702517	17	23	28	34.203
0.523599	1.195355	1.200319	21	19	34	34.203
2.356194	0.290380	-0.796960	21	14	48	34.198
0.000000	2.396274	-1.959260	31	30	32	34.190
-1.570796	0.496451	0.593859	25	21	36	34.189
-0.523599	1.998705	2.370472	146	139	13	34.182
-3.141593	1.869911	2.701025	7	26	43	34.177
-1.832596	0.203748	0.590255	125	157	12	34.171
-0.523599	1.977582	0.969896	21	21	35	34.169
-1.570796	1.812176	0.656819	16	21	50	34.162
0.000000	2.719179	-1.780644	33	20	21	34.155
1.570796	1.184361	0.625864	25	18	35	34.152
-3.141593	1.555207	1.708892	37	13	39	34.145
1.047198	0.379747	-1.713059	30	17	38	34.144
-1.832596	1.736875	3.023612	24	23	20	34.141
-3.141593	1.135813	-2.658866	23	17	42	34.140
-2.094395	0.370812	-2.547742	16	14	52	34.136
-0.523599	0.618092	2.539118	23	17	44	34.133
-1.832596	0.831641	0.616218	26	17	41	34.132
-3.141593	1.214854	-1.966664	29	18	38	34.131
-1.570796	0.418037	1.360082	39	21	20	34.128
-1.570796	1.909857	-0.381669	139	138	21	34.127
2.879793	1.050534	3.042579	25	18	29	34.126
-1.308997	0.929350	-2.910676	15	16	52	34.126
2.356194	0.850607	-1.335383	34	9	36	34.122
0.000000	1.696674	-1.253233	37	25	27	34.113
-2.879793	1.448123	-2.163292	26	21	37	34.103
-2.094395	2.863997	0.549740	23	16	40	34.099
-3.141593	1.325504	-1.671296	15	19	57	34.095
2.879793	0.762244	-0.273349	42	16	26	34.094
2.617994	1.256302	0.062705	29	21	28	34.091
-1.570796	2.295480	1.008277	29	15	19	34.080
2.094395	2.404280	-0.174044	12	22	53	34.078
0.785398	1.662363	0.915448	28	17	21	34.063
-2.617994	2.295480	1.008277	31	14	41	34.052
2.617994	1.335669	0.897240	15	14	47	34.030
1.570796	1.545873	-1.877082	15	23	24	34.030
0.785398	1.440580	2.260026	123	151	8	34.027
-1.308997	2.587733	0.232235	16	23	40	34.005
1.570796	1.301460	-0.509251	34	3	25	33.997
2.094395	1.448123	-2.163292	23	17	13	33.988
1.047198	1.367556	0.358405	30	7	17	33.983
-1.832596	2.299159	2.264663	38	23	39	33.970
1.047198	2.579248	-2.364801	15	24	31	33.969
-1.308997	2.138223	1.678323	27	25	43	33.968
-1.832596	1.872854	1.543456	31	20	32	33.968
-1.047198	1.450119	-2.739050	26	22	25	33.964
0.523599	2.592629	0.909713	24	12	46	33.957
1.308997	0.297065	2.160177	21	33	43	33.952
1.570796	1.948085	-2.363031	16	21	50	33.948
-0.523599	1.045978	0.343692	128	147	9	33.946
-3.141593	2.115563	0.685730	12	24	51	33.943
-3.141593	1.367556	0.358405	9	16	48	33.942
2.617994	2.247462	0.191623	11	17	56	33.933
-2.094395	0.864993	2.278281	39	18	18	33.930
0.523599	1.134796	2.434290	28	23	47	33.929
-2.094395	2.138223	1.678323	34	16	32	33.927
-2.094395	2.089241	-0.114193	19	26	37	33.926
-2.094395	2.979456	-1.009304	136	140	22	33.922
-2.617994	2.379497	0.561089	27	14	41	33.919
-1.832596	0.709924	0.218797	10	28	34	33.913
2.356194	1.417623	-0.202254	14	20	43	33.913
-2.094395	2.592629	0.909713	34	9	22	33.911
-1.832596	1.134796	2.434290	25	25	29	33.910
2.879793	0.685216	-1.712745	32	12	40	33.910
-2.094395	1.554776	0.100351	24	25	16	33.907
2.094395	0.290380	-0.796960	32	5	25	33.901
-1.308997	1.448123	-2.163292	139	147	30	33.897
-2.617994	1.045978	0.343692	9	12	49	33.884
1.047198	1.448123	-2.163292	21	20	17	33.875
-1.047198	1.846342	-1.796954	21	19	37	33.872
1.832596	1.721184	-0.153948	30	10	19	33.869
-2.617994	1.872854	1.543456	36	9	32	33.865
-1.308997	1.683268	0.374177	33	14	37	33.865
-2.879793	1.195355	1.200319	8	28	26	33.864
-1.570796	1.168678	2.108595	13	29	43	33.847
-2.879793	0.992645	-1.723759	132	147	2	33.845
-2.617994	0.866955	-0.931351	129	146	15	33.818
1.570796	1.982574	-1.115518	24	27	26	33.817
0.261799	0.899350	-2.069907	20	20	35	33.817
2.879793	0.203748	0.590255	132	146	13	33.816
-2.617994	2.455966	-0.641220	135	141	30	33.814
0.000000	2.251330	-2.330739	140	138	27	33.810
0.785398	2.073035	2.027405	125	151	22	33.798
2.617994	2.760637	2.781135	24	21	23	33.795
-0.523599	1.450119	-2.739050	18	26	26	33.783
-2.356194	0.709924	0.218797	20	29	23	33.780
0.523599	1.904882	-1.478089	131	139	19	33.775
-1.047198	1.218453	2.777284	133	2	6	33.769
-3.141593	0.866395	-2.492918	25	14	43	33.766
-2.094395	1.812176	0.656819	20	17	50	33.762
-2.879793	2.588535	-2.976617	8	27	42	33.762
-2.094395	1.510910	-0.740472	26	31	28	33.760
1.832596	1.977582	0.969896	27	17	20	33.757
-2.617994	1.812176	0.656819	16	23	22	33.730
-0.785398	1.870545	-2.976234	136	144	19	33.728
0.523599	2.719179	-1.780644	139	133	16	33.726
1.832596	2.138223	1.678323	11	27	35	33.722
1.308997	0.906588	1.252948	24	17	43	33.715
-1.047198	2.180315	-1.357379	128	152	18	33.707
2.879793	0.618092	2.539118	18	17	41	33.704
0.785398	1.448123	-2.163292	24	20	16	33.702
-2.879793	0.850607	-1.335383	41	12	36	33.689
1.832596	1.367556	0.358405	24	17	34	33.678
-1.570796	1.658653	-2.409879	22	16	38	33.677
-0.785398	0.762244	-0.273349	35	19	35	33.665
0.000000	1.948085	-2.363031	24	30	20	33.662
-1.832596	2.588535	-2.976617	22	21	43	33.634
1.308997	0.379747	-1.713059	28	22	38	33.631
2.879793	1.504028	0.636812	22	23	27	33.627
-2.356194	1.184361	0.625864	25	10	45	33.625
-1.308997	2.153910	-1.714959	8	26	41	33.623
-1.832596	1.617114	-1.572037	9	30	52	33.620
2.356194	2.393226	1.857173	21	22	23	33.618
-2.879793	1.812176	0.656819	18	22	22	33.612
1.047198	0.929350	-2.910676	25	22	36	33.607
2.094395	1.510910	-0.740472	6	30	42	33.598
-2.879793	0.910508	1.903534	34	9	21	33.595
2.356194	2.089241	-0.114193	20	24	39	33.592
1.570796	2.404280	-0.174044	19	22	51	33.582
-2.617994	1.135813	-2.658866	20	16	42	33.581
-1.570796	2.724429	-0.348782	13	23	44	33.549
-1.570796	1.554776	0.100351	140	148	21	33.543
2.879793	1.128190	-2.288622	28	15	40	33.542
-0.785398	1.168678	2.108595	131	4	16	33.533
-2.617994	2.089241	-0.114193	30	24	22	33.532
0.785398	1.113094	-0.272241	20	25	47	33.530
0.785398	2.719179	-1.780644	144	132	16	33.524
1.832596	2.108018	1.311430	22	19	13	33.523
1.832596	1.904882	-1.478089	17	24	19	33.518
0.523599	1.545873	-1.877082	134	144	28	33.514
-0.261799	1.662363	0.915448	140	149	30	33.508
-0.523599	0.418037	1.360082	19	27	37	33.507
-3.141593	1.756530	-2.105156	26	21	32	33.506
1.570796	1.574060	2.783565	25	30	36	33.490
-2.617994	2.587733	0.232235	23	16	42	33.483
2.356194	2.174483	2.653697	19	28	28	33.483
1.308997	0.685216	-1.712745	27	22	33	33.476
-2.879793	1.836682	-0.676006	32	25	33	33.468
-1.308997	2.478122	2.609777	32	29	38	33.458
-2.094395	0.914445	2.687814	5	11	52	33.457
0.785398	1.134497	-1.109631	23	32	22	33.450
-2.094395	1.617114	-1.572037	27	21	30	33.448
-2.094395	0.866955	-0.931351	132	143	9	33.428
-3.141593	2.881233	-2.582574	17	32	30	33.426
-1.570796	2.592629	0.909713	31	16	22	33.425
-0.785398	1.545873	-1.877082	14	16	50	33.420
0.000000	2.073035	2.027405	19	22	34	33.416
-2.356194	2.588535	-2.976617	125	154	17	33.411
-2.617994	0.866395	-2.492918	22	14	42	33.408
0.523599	1.135813	-2.658866	30	17	38	33.407
-3.141593	2.379497	0.561089	15	19	55	33.407
1.570796	2.063651	-2.044600	132	149	11	33.400
-0.785398	1.869911	2.701025	140	141	17	33.383
1.308997	1.732874	-0.951685	18	28	36	33.370
0.261799	2.404280	-0.174044	27	20	38	33.362
-3.141593	0.700570	1.559208	127	3	8	33.349
-3.141593	0.203748	0.590255	13	36	39	33.348
-3.141593	0.615174	-0.666022	17	23	46	33.345
0.785398	1.574060	2.783565	39	20	36	33.341
-3.141593	1.448123	-2.163292	18	15	61	33.339
0.523599	0.203748	0.590255	141	139	13	33.330
-2.356194	2.108018	1.311430	33	15	37	33.329
-2.356194	2.063651	-2.044600	144	137	12	33.307
2.094395	0.929350	-2.910676	29	13	28	33.296
-2.879793	2.089241	-0.114193	24	23	29	33.292
1.570796	0.906588	1.252948	22	21	43	33.291
0.785398	1.506530	1.988858	28	26	37	33.288
0.785398	2.979456	-1.009304	22	26	54	33.287
1.308997	2.063651	-2.044600	6	26	40	33.282
-2.879793	2.033014	2.977192	16	21	31	33.282
1.570796	2.104282	-0.813972	26	27	30	33.281
2.356194	0.615174	-0.666022	23	16	45	33.279
-0.523599	1.184361	0.625864	131	145	4	33.278
-1.308997	0.615174	-0.666022	5	26	51	33.274
2.617994	1.391910	3.030322	7	26	51	33.270
-0.523599	1.506530	1.988858	129	159	17	33.266
2.617994	2.033014	2.977192	17	28	34	33.266
0.261799	1.998705	2.370472	42	11	25	33.266
0.785398	1.168678	2.108595	27	27	40	33.246
0.261799	0.619654	-2.216909	21	21	31	33.241
-0.785398	0.419640	2.974122	22	20	43	33.240
-1.832596	0.290380	-0.796960	134	143	8	33.237
-1.832596	0.961715	0.014085	3	30	40	33.209
-2.879793	2.164094	-2.991358	18	22	30	33.208
-2.094395	1.555207	1.708892	25	25	39	33.204
-0.785398	2.637879	2.121598	35	7	24	33.202
0.000000	2.587733	0.232235	23	19	18	33.190
-2.879793	2.984978	1.954446	27	17	54	33.189
-1.570796	0.591903	2.010408	25	26	35	33.185
-0.523599	1.545873	-1.877082	24	16	42	33.182
0.523599	2.089241	-0.114193	23	24	37	33.174
-2.094395	0.379747	-1.713059	31	22	44	33.166
-1.047198	1.128190	-2.288622	23	20	36	33.164
-1.047198	0.419640	2.974122	129	158	12	33.158
0.261799	1.134796	2.434290	31	18	47	33.156
-2.879793	1.450119	-2.739050	20	20	39	33.149
-3.141593	1.301460	-0.509251	41	17	24	33.147
2.617994	1.194549	-0.801900	32	16	28	33.144
2.094395	1.135813	-2.658866	19	22	46	33.130
0.000000	2.979456	-1.009304	19	23	45	33.130
0.523599	1.113094	-0.272241	32	17	25	33.129
1.832596	1.433411	-1.035986	34	5	29	33.122
-2.356194	2.478122	2.609777	25	23	37	33.120
1.570796	2.478122	2.609777	30	30	30	33.114
-2.617994	2.299159	2.264663	36	20	26	33.103
0.785398	0.370812	-2.547742	19	19	27	33.097
2.879793	1.335669	0.897240	11	27	35	33.091
-2.617994	1.488617	1.159546	25	15	41	33.090
1.308997	2.073035	2.027405	17	24	43	33.085
0.000000	1.545873	-1.877082	32	24	16	33.076
2.879793	1.554776	0.100351	3	19	54	33.071
2.094395	1.310100	1.488307	32	19	16	33.069
2.879793	2.343981	-1.040456	127	147	24	33.064
1.832596	0.906588	1.252948	19	24	43	33.064
2.094395	0.615174	-0.666022	35	10	35	33.054
0.261799	1.875281	0.107086	17	26	43	33.046
2.617994	2.404280	-0.174044	4	29	44	33.041
2.617994	1.134796	2.434290	39	5	28	33.038
1.832596	1.325504	-1.671296	24	24	19	33.037
-1.308997	2.073035	2.027405	135	146	4	33.032
-3.141593	2.404280	-0.174044	27	17	28	33.030
-1.047198	0.914445	2.687814	131	3	10	33.028
2.356194	1.721184	-0.153948	22	17	35	33.020
0.000000	1.247695	1.809890	130	152	21	33.018
2.617994	0.080730	-2.622036	34	21	30	33.016
0.785398	2.063651	-2.044600	13	14	50	33.012
-0.785398	1.045978	0.343692	22	23	49	33.006
-3.141593	1.699788	2.452890	5	24	44	32.998
1.570796	2.180315	-1.357379	9	29	31	32.974
-3.141593	1.488617	1.159546	23	21	14	32.970
1.570796	1.135834	-1.431087	7	28	34	32.969
2.879793	2.073035	2.027405	6	27	36	32.967
-1.832596	2.104282	-0.813972	137	137	13	32.963
-2.356194	1.325504	-1.671296	31	18	32	32.962
-1.570796	0.080730	-2.622036	18	17	50	32.957
2.094395	2.984978	1.954446	9	25	42	32.951
-2.879793	1.554776	0.100351	6	16	46	32.948
0.261799	1.504028	0.636812	14	27	44	32.946
0.000000	1.699788	2.452890	31	15	27	32.943
2.617994	0.866955	-0.931351	33	15	33	32.942
-2.094395	0.674054	1.013609	156	25	37	32.939
2.356194	0.831641	0.616218	131	135	15	32.930
-2.356194	0.080730	-2.622036	18	10	51	32.930
-2.094395	2.704512	1.488683	29	19	37	32.921
0.785398	1.809167	1.213774	26	21	27	32.920
2.617994	0.850607	-1.335383	33	12	36	32.917
2.879793	0.864993	2.278281	31	6	18	32.914
0.000000	0.591903	2.010408	22	19	39	32.914
0.785398	0.762244	-0.273349	18	27	45	32.911
2.094395	1.367556	0.358405	21	20	34	32.903
-2.617994	1.325504	-1.671296	33	16	32	32.899
-2.094395	2.063651	-2.044600	18	25	44	32.892
-1.832596	2.379497	0.561089	11	21	51	32.883
-0.261799	1.683268	0.374177	25	23	42	32.883
-1.570796	0.866955	-0.931351	144	135	16	32.882
-0.523599	2.984978	1.954446	34	15	27	32.882
-0.261799	0.674054	1.013609	11	26	50	32.880
-2.617994	2.881233	-2.582574	20	20	21	32.877
-2.356194	0.297065	2.160177	30	22	21	32.874
1.832596	1.168678	2.108595	32	24	24	32.872
-2.356194	1.812176	0.656819	21	15	49	32.870
-0.523599	1.683268	0.374177	34	15	35	32.870
0.261799	2.138223	1.678323	30	19	31	32.865
-0.261799	2.247462	0.191623	26	19	21	32.860
-2.879793	1.391910	3.030322	24	19	29	32.857
0.261799	1.696674	-1.253233	33	29	28	32.856
-2.094395	1.662363	0.915448	25	14	16	32.854
2.356194	0.866955	-0.931351	35	12	33	32.852
1.308997	0.370812	-2.547742	13	19	28	32.852
1.570796	2.299159	2.264663	25	31	27	32.846
1.308997	0.864993	2.278281	21	33	42	32.845
0.785398	1.812176	0.656819	28	13	16	32.845
-1.832596	2.407836	1.410646	28	21	37	32.844
0.000000	2.407836	1.410646	16	20	39	32.842
-2.356194	1.741644	-2.695914	7	16	58	32.828
-2.879793	1.050534	3.042579	9	17	53	32.827
-3.141593	0.080730	-2.622036	25	27	30	32.821
-1.047198	0.591903	2.010408	12	33	26	32.820
0.523599	1.014500	0.906702	30	13	22	32.813
-2.094395	0.496451	0.593859	11	27	34	32.807
2.879793	1.732874	-0.951685	27	21	46	32.806
1.570796	1.617114	-1.572037	3	26	40	32.806
-2.617994	1.948085	-2.363031	20	23	32	32.802
1.047198	2.588535	-2.976617	32	19	32	32.794
2.617994	1.045978	0.343692	133	135	20	32.783
-2.356194	1.301460	-0.509251	134	142	21	32.780
2.879793	1.413347	-1.339188	38	14	34	32.779
1.308997	0.418037	1.360082	31	24	35	32.777
2.356194	1.045978	0.343692	10	15	47	32.773
2.356194	1.134497	-1.109631	35	11	31	32.772
2.356194	2.108018	1.311430	23	20	20	32.771
1.308997	1.014500	0.906702	26	16	39	32.769
-3.141593	1.554776	0.100351	1	16	54	32.767
-3.141593	0.961715	0.014085	138	131	16	32.764
-2.879793	1.824694	1.850876	36	19	35	32.761
1.570796	1.335669	0.897240	24	20	34	32.761
2.879793	1.433411	-1.035986	39	14	29	32.761
2.356194	0.929350	-2.910676	18	18	36	32.760
1.570796	1.732874	-0.951685	5	28	44	32.756
1.832596	2.704512	1.488683	22	19	19	32.753
-0.261799	1.904882	-1.478089	41	21	28	32.749
-2.356194	0.914445	2.687814	30	23	26	32.748
-2.094395	1.050534	3.042579	17	11	45	32.745
-2.617994	0.419640	2.974122	133	138	21	32.738
2.094395	2.073035	2.027405	21	25	22	32.738
-0.523599	0.992645	-1.723759	24	18	33	32.738
-2.617994	1.448123	-2.163292	22	22	37	32.737
-0.523599	2.138223	1.678323	22	21	32	32.736
1.832596	1.555207	1.708892	30	19	16	32.735
0.523599	1.325504	-1.671296	130	145	25	32.734
2.879793	0.297065	2.160177	33	11	20	32.732
-1.047198	1.766067	2.153843	27	30	31	32.731
2.879793	2.187132	-0.479875	29	18	33	32.730
-0.785398	2.089241	-0.114193	28	15	41	32.729
-1.570796	0.685216	-1.712745	20	27	53	32.726
2.617994	1.050534	3.042579	28	16	29	32.718
-1.832596	1.301460	-0.509251	141	137	20	32.715
1.308997	2.295480	1.008277	8	25	35	32.714
-2.094395	1.545873	-1.877082	146	138	8	32.711
-1.832596	2.108018	1.311430	30	20	36	32.705
-1.047198	1.875281	0.107086	30	16	39	32.700
1.570796	0.203748	0.590255	25	19	41	32.691
1.832596	1.448123	-2.163292	28	16	48	32.686
0.523599	1.696674	-1.253233	35	16	21	32.686
-0.785398	0.571433	-1.188419	3	31	48	32.684
-0.785398	0.297065	2.160177	18	7	51	32.680
-2.094395	1.732874	-0.951685	134	140	12	32.674
0.523599	0.866955	-0.931351	29	29	21	32.670
0.785398	0.961715	0.014085	15	25	51	32.662
-0.523599	2.153910	-1.714959	43	18	29	32.661
-3.141593	1.504028	0.636812	30	21	17	32.661
2.094395	1.569311	-3.003978	13	31	45	32.654
2.617994	2.455966	-0.641220	40	11	25	32.653
2.094395	2.704512	1.488683	31	15	40	32.651
0.523599	1.367556	0.358405	15	26	41	32.647
-1.308997	0.899350	-2.069907	17	22	58	32.636
-2.356194	1.696674	-1.253233	20	32	46	32.631
-2.617994	0.619654	-2.216909	34	7	32	32.624
1.832596	0.850607	-1.335383	32	4	37	32.620
-2.617994	2.719179	-1.780644	23	32	32	32.619
-3.141593	0.899350	-2.069907	29	15	41	32.617
2.617994	1.247695	1.809890	13	30	27	32.617
0.523599	2.033014	2.977192	34	17	30	32.616
1.308997	2.456751	-1.503343	17	25	34	32.614
1.570796	1.504028	0.636812	24	16	33	32.610
-0.261799	1.218453	2.777284	14	24	29	32.610
-1.832596	2.724429	-0.348782	16	22	44	32.607
1.308997	1.812176	0.656819	24	15	16	32.607
1.308997	0.992645	-1.723759	10	27	32	32.606
-1.570796	1.194549	-0.801900	144	135	17	32.605
1.832596	1.134497	-1.109631	34	4	32	32.604
-1.047198	0.203748	0.590255	26	20	47	32.604
-0.523599	0.850607	-1.335383	159	26	52	32.601
-1.308997	1.025536	1.576859	17	28	42	32.586
-2.617994	1.440580	2.260026	125	147	14	32.584
-2.879793	1.440580	2.260026	1	21	46	32.584
2.879793	1.824694	1.850876	5	26	38	32.584
1.570796	2.979456	-1.009304	8	29	54	32.579
2.879793	1.413430	2.550734	10	26	44	32.576
-1.570796	2.393226	1.857173	19	30	53	32.574
2.356194	2.164094	-2.991358	28	25	34	32.568
2.617994	1.433411	-1.035986	34	15	27	32.568
2.879793	2.760637	2.781135	21	21	23	32.568
-2.617994	2.863997	0.549740	34	6	16	32.568
-3.141593	2.863997	0.549740	10	24	58	32.566
-2.617994	0.709924	0.218797	17	31	41	32.563
-2.356194	1.662363	0.915448	23	16	47	32.558
1.047198	0.458961	-0.107937	140	139	14	32.552
1.570796	0.591903	2.010408	19	34	39	32.551
0.785398	1.555207	1.708892	27	25	31	32.551
-0.785398	0.618092	2.539118	129	1	13	32.546
-2.617994	1.128190	-2.288622	23	19	41	32.543
0.785398	1.875281	0.107086	19	21	49	32.542
-2.356194	0.733948	3.021411	25	24	23	32.538
-2.094395	1.014500	0.906702	26	17	40	32.538
-1.308997	1.045978	0.343692	22	21	46	32.537
-1.308997	1.569311	-3.003978	26	22	24	32.537
-1.832596	1.696674	-1.253233	9	34	45	32.537
-3.141593	1.721184	-0.153948	7	18	42	32.536
2.094395	0.640596	-2.797608	29	16	30	32.536
-1.570796	2.588535	-2.976617	33	17	18	32.535
-1.832596	0.992645	-1.723759	19	25	56	32.532
-2.879793	1.875281	0.107086	6	18	44	32.530
-2.094395	0.733948	3.021411	19	9	45	32.522
-0.523599	2.588535	-2.976617	25	32	35	32.521
1.570796	1.721184	-0.153948	31	6	19	32.520
1.570796	0.960688	-0.577532	35	3	30	32.518
-1.570796	1.741644	-2.695914	32	17	25	32.518
2.094395	1.195355	1.200319	36	16	19	32.515
-2.356194	1.045978	0.343692	9	11	49	32.510
1.308997	2.104282	-0.813972	31	25	30	32.508
-1.047198	2.984978	1.954446	35	5	17	32.505
1.308997	1.870545	-2.976234	24	25	51	32.503
1.570796	0.864993	2.278281	14	35	42	32.502
-3.141593	1.247695	1.809890	38	10	38	32.494
0.000000	0.960688	-0.577532	24	30	35	32.488
0.261799	1.699788	2.452890	19	16	49	32.488
2.617994	0.674054	1.013609	16	31	37	32.487
2.879793	0.700570	1.559208	32	3	23	32.486
2.879793	0.370812	-2.547742	135	139	25	32.486
-1.570796	1.756530	-2.105156	25	17	33	32.484
-2.879793	1.766067	2.153843	38	18	30	32.483
-2.356194	0.831641	0.616218	6	31	36	32.480
-1.832596	0.080730	-2.622036	25	14	44	32.478
-3.141593	2.073035	2.027405	39	13	30	32.476
-0.523599	2.349581	-2.702517	30	30	29	32.474
1.308997	0.960688	-0.577532	137	144	11	32.469
-2.879793	1.574060	2.783565	14	21	36	32.468
-1.047198	1.135834	-1.431087	18	23	44	32.457
0.000000	1.195355	1.200319	134	2	21	32.455
0.000000	2.343981	-1.040456	37	20	40	32.451
-2.879793	0.700570	1.559208	33	10	23	32.450
-1.832596	2.001437	0.381215	15	17	52	32.445
2.094395	1.325504	-1.671296	19	24	20	32.441
2.617994	2.637879	2.121598	5	25	41	32.440
-2.356194	2.863997	0.549740	34	9	16	32.437
0.785398	1.836682	-0.676006	13	34	48	32.435
2.356194	2.724429	-0.348782	3	24	57	32.429
-1.570796	1.045978	0.343692	24	17	46	32.415
1.308997	0.914445	2.687814	16	32	48	32.414
-0.523599	0.906588	1.252948	8	24	52	32.412
-1.308997	0.906588	1.252948	28	29	39	32.410
0.523599	1.214854	-1.966664	133	149	29	32.409
1.308997	0.619654	-2.216909	30	13	31	32.400
-0.523599	2.033014	2.977192	141	140	16	32.400
1.047198	2.637879	2.121598	131	142	26	32.393
2.879793	2.379497	0.561089	11	14	63	32.392
-2.356194	2.349581	-2.702517	18	20	35	32.384
-2.356194	2.299159	2.264663	43	11	39	32.378
2.879793	2.719179	-1.780644	130	139	22	32.377
0.523599	1.982574	-1.115518	35	18	24	32.369
-0.261799	2.001437	0.381215	23	21	46	32.366
-1.570796	1.367556	0.358405	21	18	49	32.365
-0.523599	1.242974	-2.977882	18	24	24	32.362
-1.832596	1.599406	1.426070	30	21	50	32.361
2.879793	1.014500	0.906702	31	24	23	32.360
-1.047198	2.404280	-0.174044	20	23	34	32.359
1.832596	1.128190	-2.288622	23	16	50	32.358
-3.141593	1.617114	-1.572037	16	24	53	32.352
1.832596	0.866395	-2.492918	19	16	38	32.351
-0.785398	2.187132	-0.479875	27	16	42	32.348
-2.094395	1.184361	0.625864	3	28	30	32.344
1.308997	2.343981	-1.040456	3	32	49	32.342
0.261799	2.579248	-2.364801	23	25	28	32.338
0.523599	0.899350	-2.069907	27	15	7	32.335
-1.570796	2.637879	2.121598	32	20	33	32.334
-1.570796	0.618092	2.539118	15	29	21	32.330
-0.523599	1.194549	-0.801900	21	23	38	32.322
-0.261799	2.760637	2.781135	14	27	41	32.318
0.523599	2.396274	-1.959260	25	25	28	32.318
-1.832596	2.592629	0.909713	33	13	22	32.309
-3.141593	0.906588	1.252948	5	25	43	32.302
-1.570796	2.881233	-2.582574	21	21	44	32.301
2.094395	1.824694	1.850876	8	27	40	32.301
1.832596	1.335669	0.897240	22	22	34	32.300
0.000000	0.910508	1.903534	33	14	30	32.300
-2.094395	1.504028	0.636812	25	19	19	32.299
-2.879793	1.214854	-1.966664	27	20	37	32.298
1.570796	0.674054	1.013609	41	16	20	32.298
1.047198	2.187132	-0.479875	22	25	44	32.295
0.000000	1.413430	2.550734	19	17	49	32.292
-1.047198	0.297065	2.160177	143	135	21	32.290
-2.879793	1.658653	-2.409879	24	22	36	32.281
0.785398	0.700570	1.559208	32	20	33	32.274
2.094395	2.164094	-2.991358	25	28	29	32.273
-1.832596	2.704512	1.488683	27	21	37	32.271
-2.879793	0.866395	-2.492918	25	13	43	32.269
1.047198	1.574060	2.783565	36	24	36	32.258
-2.617994	2.104282	-0.813972	138	134	24	32.252
-2.094395	1.301460	-0.509251	137	139	21	32.243
-2.356194	2.089241	-0.114193	22	23	37	32.243
-1.570796	2.138223	1.678323	21	28	53	32.233
-3.141593	1.732874	-0.951685	25	25	46	32.232
0.785398	2.343981	-1.040456	34	21	26	32.228
-0.261799	1.450119	-2.739050	22	10	55	32.226
0.523599	1.662363	0.915448	28	17	23	32.216
-3.141593	2.592629	0.909713	16	29	44	32.199
-2.094395	1.194549	-0.801900	135	138	17	32.198
2.356194	2.587733	0.232235	18	20	53	32.197
0.523599	2.724429	-0.348782	34	13	49	32.193
-2.617994	1.756530	-2.105156	12	27	48	32.191
0.523599	1.256302	0.062705	138	135	9	32.189
-2.617994	2.979456	-1.009304	24	30	35	32.188
1.832596	2.455966	-0.641220	23	27	30	32.183
-1.570796	1.683268	0.374177	17	18	52	32.178
2.094395	0.571433	-1.188419	33	5	38	32.176
-3.141593	2.041297	-2.664597	25	23	32	32.171
1.570796	0.762244	-0.273349	35	6	32	32.167
-1.570796	1.433411	-1.035986	142	135	12	32.166
-0.785398	1.683268	0.374177	28	19	37	32.165
-0.785398	0.899350	-2.069907	137	153	24	32.164
-2.617994	0.960688	-0.577532	129	148	13	32.161
-2.094395	1.846342	-1.796954	147	137	14	32.159
0.523599	2.153910	-1.714959	136	136	23	32.155
-0.785398	2.299159	2.264663	23	24	28	32.152
0.523599	2.063651	-2.044600	141	138	28	32.148
2.617994	2.719179	-1.780644	43	17	32	32.146
1.832596	1.599406	1.426070	132	141	17	32.145
-1.832596	0.866395	-2.492918	31	14	36	32.142
2.879793	1.134796	2.434290	39	10	28	32.142
1.047198	2.108018	1.311430	14	25	37	32.141
-3.141593	2.587733	0.232235	10	23	53	32.139
0.261799	2.760637	2.781135	35	15	28	32.139
1.308997	0.674054	1.013609	25	21	38	32.138
1.570796	1.413347	-1.339188	26	25	24	32.135
0.000000	0.831641	0.616218	14	24	52	32.131
-1.308997	0.418037	1.360082	18	27	48	32.125
-1.047198	1.025536	1.576859	11	26	50	32.122
-2.879793	1.310100	1.488307	36	5	27	32.122
-2.879793	1.569311	-3.003978	18	20	37	32.116
-0.523599	2.187132	-0.479875	25	18	42	32.112
-2.094395	2.396274	-1.959260	15	28	40	32.112
2.356194	2.396274	-1.959260	28	22	48	32.111
0.785398	1.658653	-2.409879	21	22	21	32.104
-1.570796	1.870545	-2.976234	32	19	30	32.104
0.785398	0.733948	3.021411	17	29	53	32.102
1.047198	2.164094	-2.991358	31	21	37	32.101
1.047198	1.014500	0.906702	34	14	24	32.099
-1.047198	2.393226	1.857173	21	26	44	32.099
-1.047198	2.881233	-2.582574	33	19	22	32.097
1.047198	1.134497	-1.109631	17	32	22	32.091
1.570796	0.080730	-2.622036	21	20	29	32.089
-0.523599	2.343981	-1.040456	42	10	41	32.085
0.523599	1.134497	-1.109631	29	29	21	32.084
-0.261799	2.251330	-2.330739	31	30	27	32.084
2.617994	1.574060	2.783565	28	11	26	32.084
0.523599	2.247462	0.191623	24	22	40	32.080
1.832596	2.979456	-1.009304	20	24	37	32.076
2.879793	2.404280	-0.174044	18	18	28	32.074
-0.785398	2.295480	1.008277	22	19	38	32.074
-1.308997	0.458961	-0.107937	9	25	41	32.073
1.832596	2.115563	0.685730	25	16	17	32.072
2.617994	1.134497	-1.109631	34	15	31	32.065
2.617994	0.864993	2.278281	6	31	38	32.064
0.000000	1.413347	-1.339188	37	23	21	32.060
2.356194	1.504028	0.636812	15	16	46	32.059
-2.094395	2.153910	-1.714959	146	137	16	32.056
1.047198	1.977582	0.969896	12	24	33	32.056
-2.879793	2.719179	-1.780644	29	31	32	32.055
0.523599	1.870545	-2.976234	35	14	35	32.048
1.832596	0.929350	-2.910676	21	13	14	32.041
-3.141593	0.379747	-1.713059	21	15	49	32.039
-2.879793	2.349581	-2.702517	21	23	28	32.039
0.523599	2.379497	0.561089	25	18	44	32.037
-1.832596	2.719179	-1.780644	11	29	35	32.036
-1.047198	1.683268	0.374177	29	18	36	32.036
-1.832596	2.164094	-2.991358	30	18	19	32.036
1.832596	1.617114	-1.572037	1	25	34	32.035
2.356194	2.033014	2.977192	24	26	34	32.033
2.617994	2.478122	2.609777	23	23	26	32.031
1.832596	1.812176	0.656819	28	16	20	32.029
1.308997	0.496451	0.593859	30	14	22	32.029
-2.617994	2.579248	-2.364801	14	29	39	32.025
2.094395	0.866955	-0.931351	34	9	35	32.017
-1.308997	0.619654	-2.216909	27	20	31	32.016
2.356194	1.134796	2.434290	33	3	28	32.015
-3.141593	1.440580	2.260026	123	159	11	32.009
-1.047198	1.242974	-2.977882	15	17	52	32.007
-2.879793	2.863997	0.549740	33	2	16	32.007
-0.261799	1.741644	-2.695914	23	28	15	31.997
0.785398	2.592629	0.909713	25	14	47	31.996
1.570796	0.866955	-0.931351	32	2	35	31.994
0.261799	1.417623	-0.202254	130	141	8	31.991
-2.356194	1.134497	-1.109631	128	149	5	31.990
-2.879793	0.297065	2.160177	30	18	42	31.987
2.094395	0.080730	-2.622036	29	20	41	31.987
-0.785398	0.914445	2.687814	129	158	9	31.986
-0.261799	1.195355	1.200319	27	22	34	31.985
1.047198	0.733948	3.021411	137	141	11	31.982
-1.570796	1.569311	-3.003978	28	20	24	31.965
1.570796	0.379747	-1.713059	24	26	38	31.954
-3.141593	2.343981	-1.040456	130	142	24	31.950
-2.879793	1.045978	0.343692	9	12	49	31.948
0.523599	1.756530	-2.105156	140	142	31	31.946
-1.047198	2.760637	2.781135	27	29	41	31.944
-0.523599	1.904882	-1.478089	44	15	28	31.944
-0.261799	1.214854	-1.966664	23	19	38	31.944
0.523599	2.456751	-1.503343	30	24	33	31.943
2.879793	1.242974	-2.977882	13	22	49	31.942
0.785398	2.104282	-0.813972	26	25	36	31.942
-2.094395	1.045978	0.343692	133	157	11	31.937
1.308997	1.194549	-0.801900	32	159	31	31.936
1.047198	0.700570	1.559208	23	22	42	31.934
-0.785398	2.979456	-1.009304	9	26	39	31.932
-0.523599	1.555207	1.708892	130	158	21	31.931
-0.785398	1.699788	2.452890	23	30	26	31.926
2.617994	1.506530	1.988858	39	2	34	31.923
0.261799	0.290380	-0.796960	35	21	15	31.923
1.570796	1.450119	-2.739050	21	25	50	31.922
1.570796	1.824694	1.850876	17	26	40	31.920
0.785398	2.396274	-1.959260	13	32	33	31.917
-1.047198	0.866955	-0.931351	132	154	17	31.909
1.570796	1.433411	-1.035986	32	2	29	31.904
-2.356194	2.579248	-2.364801	17	21	23	31.903
0.000000	2.180315	-1.357379	36	25	35	31.903
-2.094395	0.831641	0.616218	1	29	36	31.902
0.261799	0.418037	1.360082	34	11	27	31.892
1.832596	2.984978	1.954446	23	18	19	31.885
-0.523599	0.203748	0.590255	20	27	47	31.880
-1.570796	2.164094	-2.991358	33	17	36	31.880
2.879793	1.741644	-2.695914	8	23	59	31.878
-2.356194	0.992645	-1.723759	18	24	49	31.877
1.570796	0.297065	2.160177	15	34	43	31.868
-1.832596	1.977582	0.969896	31	15	34	31.864
-1.570796	0.992645	-1.723759	136	140	4	31.864
1.047198	1.809167	1.213774	14	25	34	31.861
-0.785398	1.732874	-0.951685	126	157	13	31.852
2.879793	1.699788	2.452890	9	26	44	31.852
-2.094395	2.349581	-2.702517	23	18	39	31.847
2.617994	0.458961	-0.107937	32	22	29	31.846
-2.879793	1.699788	2.452890	2	23	44	31.845
2.617994	1.510910	-0.740472	158	24	42	31.843
-1.570796	0.960688	-0.577532	147	136	21	31.840
0.523599	2.180315	-1.357379	29	24	30	31.839
1.832596	1.184361	0.625864	23	21	35	31.838
-2.094395	0.419640	2.974122	14	9	52	31.829
2.356194	2.588535	-2.976617	26	31	35	31.829
-2.879793	1.732874	-0.951685	31	25	39	31.824
1.832596	1.014500	0.906702	22	23	39	31.820
1.570796	1.696674	-1.253233	4	25	45	31.814
-1.832596	0.618092	2.539118	10	7	53	31.810
-0.785398	1.135834	-1.431087	24	18	34	31.800
2.879793	1.417623	-0.202254	40	11	17	31.795
-2.356194	2.760637	2.781135	20	20	47	31.790
0.785398	1.545873	-1.877082	25	22	20	31.788
-0.785398	0.496451	0.593859	37	26	24	31.786
-2.617994	2.637879	2.121598	30	14	52	31.784
1.832596	2.404280	-0.174044	16	22	52	31.784
-1.570796	1.617114	-1.572037	17	26	38	31.783
2.094395	0.297065	2.160177	26	23	28	31.779
0.523599	0.418037	1.360082	32	15	27	31.776
2.879793	0.080730	-2.622036	17	30	41	31.773
2.617994	0.992645	-1.723759	31	13	38	31.773
2.094395	2.295480	1.008277	24	16	17	31.772
1.047198	1.256302	0.062705	29	3	17	31.771
2.617994	1.909857	-0.381669	11	23	38	31.767
-2.356194	0.203748	0.590255	8	30	47	31.765
2.879793	2.115563	0.685730	25	21	43	31.755
0.785398	1.247695	1.809890	29	25	34	31.752
-2.356194	2.295480	1.008277	7	27	50	31.752
1.832596	2.349581	-2.702517	33	24	30	31.749
-2.094395	2.407836	1.410646	31	19	37	31.749
1.832596	2.863997	0.549740	14	22	49	31.746
1.832596	1.194549	-0.801900	35	5	28	31.746
-3.141593	1.025536	1.576859	36	7	42	31.745
0.000000	1.662363	0.915448	32	12	23	31.730
2.356194	1.374601	-2.456031	20	22	46	31.725
-2.879793	0.080730	-2.622036	14	7	52	31.724
2.356194	0.961715	0.014085	10	16	47	31.722
-1.832596	1.214854	-1.966664	20	24	41	31.719
-2.879793	0.618092	2.539118	27	24	37	31.704
-3.141593	1.184361	0.625864	12	14	48	31.704
-0.785398	2.041297	-2.664597	36	25	21	31.703
1.832596	1.662363	0.915448	20	23	30	31.703
-0.785398	1.134796	2.434290	130	1	11	31.702
1.047198	0.640596	-2.797608	22	23	35	31.698
-0.261799	1.050534	3.042579	27	17	35	31.687
-0.785398	2.115563	0.685730	23	19	38	31.686
-3.141593	1.242974	-2.977882	21	18	40	31.678
-2.879793	2.455966	-0.641220	130	148	22	31.673
2.617994	1.413347	-1.339188	23	16	54	31.670
-3.141593	1.310100	1.488307	17	24	17	31.669
-1.832596	2.637879	2.121598	31	22	34	31.667
-1.308997	2.719179	-1.780644	7	25	41	31.665
-1.308997	1.440580	2.260026	31	30	25	31.662
2.094395	2.187132	-0.479875	20	27	34	31.662
-1.832596	1.510910	-0.740472	139	137	17	31.659
-0.261799	0.297065	2.160177	25	17	40	31.654
2.879793	1.904882	-1.478089	31	23	42	31.648
-1.832596	1.683268	0.374177	19	17	51	31.648
-1.308997	2.881233	-2.582574	32	18	49	31.647
2.879793	2.041297	-2.664597	23	26	38	31.644
1.570796	0.992645	-1.723759	4	25	35	31.640
1.047198	1.050534	3.042579	28	22	31	31.639
2.356194	2.455966	-0.641220	13	26	30	31.639
-1.308997	1.510910	-0.740472	147	135	16	31.637
-3.141593	1.683268	0.374177	34	18	18	31.637
-2.356194	1.875281	0.107086	25	26	21	31.633
-2.879793	0.685216	-1.712745	28	17	40	31.624
0.523599	1.440580	2.260026	123	158	8	31.619
2.879793	2.587733	0.232235	7	19	60	31.618
1.832596	1.824694	1.850876	12	27	39	31.604
2.356194	1.869911	2.701025	21	27	33	31.603
2.356194	1.872854	1.543456	24	21	25	31.602
-1.047198	1.982574	-1.115518	19	21	25	31.600
-2.094395	2.108018	1.311430	31	18	37	31.599
0.785398	1.569311	-3.003978	25	20	54	31.595
1.047198	1.554776	0.100351	19	20	54	31.586
0.785398	2.579248	-2.364801	19	25	31	31.586
1.832596	0.571433	-1.188419	32	2	38	31.585
2.617994	1.135834	-1.431087	34	14	35	31.578
1.832596	0.709924	0.218797	24	16	44	31.577
-2.356194	2.455966	-0.641220	25	30	34	31.577
-1.832596	2.033014	2.977192	33	19	34	31.575
-1.047198	2.187132	-0.479875	147	135	17	31.574
-1.832596	1.504028	0.636812	21	18	49	31.569
-1.570796	2.984978	1.954446	27	21	36	31.565
-1.832596	0.418037	1.360082	25	21	48	31.564
1.570796	2.138223	1.678323	15	27	35	31.559
1.308997	2.704512	1.488683	23	10	48	31.558
1.832596	1.440580	2.260026	29	25	22	31.554
-1.832596	2.579248	-2.364801	6	24	44	31.552
-2.356194	1.904882	-1.478089	17	31	48	31.551
0.523599	2.349581	-2.702517	20	24	28	31.551
-2.879793	1.696674	-1.253233	33	23	30	31.547
1.832596	2.104282	-0.813972	20	27	29	31.541
-2.617994	1.134497	-1.109631	128	149	11	31.539
0.785398	0.080730	-2.622036	11	28	51	31.538
-3.141593	1.736875	3.023612	10	25	45	31.537
2.094395	2.138223	1.678323	26	20	21	31.535
-3.141593	0.290380	-0.796960	18	22	48	31.535
2.094395	0.591903	2.010408	26	22	23	31.535
1.308997	1.948085	-2.363031	18	19	50	31.533
0.261799	2.979456	-1.009304	25	25	31	31.529
-2.879793	2.664082	-1.071402	28	27	38	31.520
1.570796	2.115563	0.685730	27	14	17	31.519
2.617994	1.948085	-2.363031	30	22	39	31.519
2.094395	0.203748	0.590255	29	26	35	31.518
-0.261799	1.599406	1.426070	18	24	31	31.514
1.832596	1.606104	-0.451151	33	7	21	31.512
-0.785398	1.977582	0.969896	25	20	38	31.507
1.832596	1.413347	-1.339188	1	26	37	31.503
-0.785398	1.242974	-2.977882	22	24	24	31.501
1.047198	1.214854	-1.966664	32	12	16	31.498
2.094395	1.756530	-2.105156	30	19	44	31.497
2.356194	2.984978	1.954446	6	24	42	31.492
-0.261799	1.569311	-3.003978	12	17	51	31.484
-3.141593	0.591903	2.010408	9	24	33	31.482
-0.523599	0.866955	-0.931351	158	17	53	31.481
-2.356194	1.872854	1.543456	36	13	32	31.480
0.785398	2.164094	-2.991358	34	16	34	31.479
-2.617994	2.187132	-0.479875	22	23	41	31.478
-2.356194	0.418037	1.360082	5	24	33	31.477
-3.141593	1.506530	1.988858	39	13	34	31.476
1.047198	0.899350	-2.069907	7	21	50	31.470
-1.308997	2.164094	-2.991358	30	23	36	31.468
0.261799	1.195355	1.200319	132	158	20	31.468
2.356194	1.510910	-0.740472	2	28	42	31.467
2.094395	0.418037	1.360082	21	33	35	31.463
2.356194	1.310100	1.488307	29	22	16	31.458
-1.570796	1.488617	1.159546	28	22	52	31.456
1.308997	2.881233	-2.582574	29	20	32	31.454
1.832596	2.180315	-1.357379	5	28	31	31.453
1.570796	1.310100	1.488307	16	27	37	31.453
0.000000	1.214854	-1.966664	31	18	11	31.450
0.785398	1.617114	-1.572037	27	24	26	31.442
-1.570796	2.180315	-1.357379	129	1	19	31.441
1.308997	0.899350	-2.069907	17	15	40	31.441
2.617994	1.448123	-2.163292	33	14	37	31.439
-0.523599	1.875281	0.107086	27	19	40	31.438
-0.785398	2.881233	-2.582574	32	22	22	31.428
1.047198	1.555207	1.708892	23	28	32	31.428
-0.261799	1.045978	0.343692	130	143	9	31.422
-1.832596	1.998705	2.370472	30	24	41	31.422
2.094395	2.664082	-1.071402	12	23	25	31.413
-2.356194	2.033014	2.977192	34	16	21	31.406
-1.570796	2.063651	-2.044600	11	24	46	31.395
-0.523599	0.685216	-1.712745	135	153	22	31.393
1.308997	1.135834	-1.431087	11	29	34	31.392
1.570796	1.766067	2.153843	26	30	26	31.390
2.879793	2.478122	2.609777	129	155	11	31.385
1.832596	1.836682	-0.676006	3	24	48	31.380
-3.141593	0.618092	2.539118	29	20	37	31.378
2.094395	1.555207	1.708892	27	20	14	31.376
-0.523599	2.760637	2.781135	25	23	32	31.374
-2.094395	1.872854	1.543456	30	19	52	31.368
0.523599	1.510910	-0.740472	18	35	42	31.361
2.094395	0.496451	0.593859	37	21	22	31.361
-0.785398	0.203748	0.590255	24	24	47	31.360
-0.523599	2.404280	-0.174044	24	20	23	31.357
-2.094395	1.998705	2.370472	44	15	33	31.352
-1.832596	0.297065	2.160177	20	28	24	31.351
-1.308997	1.836682	-0.676006	146	135	15	31.345
2.356194	1.450119	-2.739050	28	10	12	31.345
-2.094395	2.984978	1.954446	137	134	11	31.343
2.879793	1.374601	-2.456031	27	17	38	31.340
1.832596	0.379747	-1.713059	31	22	25	31.340
-1.047198	1.374601	-2.456031	26	20	22	31.340
-1.570796	1.904882	-1.478089	16	29	36	31.334
2.879793	1.569311	-3.003978	14	24	48	31.328
1.308997	2.719179	-1.780644	20	23	36	31.327
2.617994	2.979456	-1.009304	18	19	39	31.327
-3.141593	1.433411	-1.035986	37	19	29	31.326
2.617994	1.184361	0.625864	37	17	22	31.320
2.094395	2.637879	2.121598	10	24	45	31.314
0.785398	1.872854	1.543456	23	26	28	31.313
0.261799	1.256302	0.062705	14	34	48	31.312
1.832596	1.699788	2.452890	11	34	44	31.309
-1.832596	0.640596	-2.797608	27	16	18	31.303
-2.094395	2.033014	2.977192	31	20	20	31.301
2.879793	1.194549	-0.801900	31	21	32	31.301
-1.832596	1.948085	-2.363031	13	22	49	31.292
-2.356194	2.138223	1.678323	36	12	32	31.291
0.000000	0.899350	-2.069907	23	19	34	31.290
2.617994	1.014500	0.906702	16	30	31	31.285
-3.141593	1.391910	3.030322	10	22	49	31.285
-2.617994	1.696674	-1.253233	130	146	7	31.283
0.000000	0.418037	1.360082	34	7	27	31.282
2.617994	1.662363	0.915448	12	25	33	31.276
-2.617994	1.574060	2.783565	3	20	47	31.275
-3.141593	1.606104	-0.451151	155	16	47	31.269
-0.785398	1.909857	-0.381669	28	17	39	31.268
0.785398	1.732874	-0.951685	12	35	41	31.266
1.832596	1.875281	0.107086	18	24	52	31.264
0.261799	2.881233	-2.582574	14	31	42	31.262
-2.094395	2.664082	-1.071402	13	33	40	31.261
-2.617994	1.909857	-0.381669	23	22	41	31.258
-0.785398	1.569311	-3.003978	24	25	29	31.250
-3.141593	0.831641	0.616218	11	4	55	31.249
-2.356194	1.756530	-2.105156	28	18	36	31.238
1.047198	0.419640	2.974122	24	29	39	31.232
2.617994	0.379747	-1.713059	18	11	50	31.230
2.879793	1.510910	-0.740472	28	19	46	31.228
-2.617994	1.870545	-2.976234	15	21	36	31.227
-1.570796	2.115563	0.685730	13	22	51	31.227
0.785398	1.756530	-2.105156	22	22	19	31.220
-1.832596	2.115563	0.685730	14	21	51	31.217
-3.141593	1.413430	2.550734	39	14	24	31.215
2.879793	2.704512	1.488683	25	11	57	31.214
-2.356194	2.407836	1.410646	32	16	37	31.214
-1.832596	1.413347	-1.339188	12	32	48	31.212
-1.570796	2.404280	-0.174044	16	23	42	31.211
-0.261799	2.174483	2.653697	35	7	25	31.210
-1.832596	0.960688	-0.577532	142	137	20	31.209
0.261799	0.709924	0.218797	18	25	49	31.202
2.617994	1.440580	2.260026	38	4	29	31.200
2.879793	2.863997	0.549740	29	156	16	31.196
2.879793	1.836682	-0.676006	38	14	23	31.195
-1.308997	0.709924	0.218797	25	20	41	31.195
-2.879793	1.113094	-0.272241	140	131	17	31.192
-2.879793	1.909857	-0.381669	33	24	27	31.184
0.261799	2.001437	0.381215	17	24	47	31.183
2.879793	1.367556	0.358405	37	18	22	31.183
-2.094395	1.168678	2.108595	19	30	40	31.174
2.617994	0.709924	0.218797	39	20	20	31.174
-1.047198	2.033014	2.977192	135	143	15	31.169
-1.308997	1.812176	0.656819	14	23	50	31.168
-0.261799	1.256302	0.062705	129	145	10	31.163
-1.047198	2.104282	-0.813972	22	21	23	31.160
-3.141593	0.458961	-0.107937	37	26	28	31.158
-1.832596	1.367556	0.358405	22	15	50	31.153
-1.570796	0.914445	2.687814	7	8	52	31.152
-1.308997	2.396274	-1.959260	44	4	32	31.151
-1.047198	1.214854	-1.966664	27	15	17	31.151
-2.356194	1.025536	1.576859	23	22	50	31.149
1.832596	1.741644	-2.695914	30	24	39	31.149
-2.617994	1.662363	0.915448	24	14	46	31.146
-1.832596	1.875281	0.107086	24	24	14	31.146
-2.094395	0.850607	-1.335383	23	28	49	31.141
1.047198	0.496451	0.593859	31	11	22	31.134
-0.523599	1.134796	2.434290	128	157	11	31.132
1.308997	2.115563	0.685730	21	17	17	31.131
-2.356194	2.664082	-1.071402	18	34	38	31.131
2.879793	0.733948	3.021411	17	18	40	31.128
-0.785398	1.741644	-2.695914	24	26	30	31.126
-2.879793	0.591903	2.010408	30	16	43	31.125
-1.047198	2.138223	1.678323	130	2	17	31.125
-3.141593	1.256302	0.062705	33	19	14	31.124
0.785398	1.488617	1.159546	19	17	39	31.113
1.570796	0.685216	-1.712745	24	26	33	31.108
2.356194	1.128190	-2.288622	20	17	50	31.107
0.523599	2.356369	3.005869	34	15	30	31.106
2.094395	1.658653	-2.409879	27	22	44	31.101
-2.356194	1.699788	2.452890	45	8	26	31.100
2.617994	1.617114	-1.572037	22	20	53	31.100
0.000000	1.417623	-0.202254	130	142	14	31.099
1.832596	1.696674	-1.253233	1	23	45	31.099
1.047198	0.297065	2.160177	26	29	43	31.095
-0.523599	1.824694	1.850876	129	156	18	31.094
-1.308997	1.732874	-0.951685	147	135	11	31.092
-1.047198	2.349581	-2.702517	40	22	29	31.090
-1.308997	2.089241	-0.114193	140	138	23	31.083
-2.094395	1.741644	-2.695914	20	17	38	31.083
-2.617994	1.569311	-3.003978	15	20	37	31.081
-1.832596	0.419640	2.974122	14	10	53	31.080
-2.094395	2.579248	-2.364801	10	24	45	31.072
-3.141593	2.174483	2.653697	7	27	38	31.072
-2.094395	1.374601	-2.456031	29	14	39	31.071
-3.141593	0.864993	2.278281	39	13	31	31.068
0.000000	2.664082	-1.071402	28	22	26	31.066
-0.261799	2.033014	2.977192	23	22	22	31.064
2.356194	0.640596	-2.797608	129	153	24	31.064
1.832596	2.343981	-1.040456	18	26	26	31.061
-1.047198	2.174483	2.653697	28	31	31	31.059
1.832596	0.685216	-1.712745	30	22	22	31.059
-2.617994	2.041297	-2.664597	17	23	32	31.057
-0.785398	2.180315	-1.357379	129	146	20	31.056
2.617994	1.325504	-1.671296	34	13	35	31.055
-1.047198	1.168678	2.108595	16	24	47	31.055
0.000000	1.025536	1.576859	132	156	24	31.048
-2.617994	1.113094	-0.272241	31	27	21	31.045
0.785398	1.214854	-1.966664	21	23	11	31.043
-2.879793	1.741644	-2.695914	21	22	37	31.036
0.523599	0.961715	0.014085	19	23	51	31.035
1.308997	1.554776	0.100351	33	6	21	31.031
1.047198	0.709924	0.218797	144	138	11	31.031
2.879793	1.696674	-1.253233	33	17	26	31.031
0.523599	0.379747	-1.713059	34	12	12	31.030
-1.570796	0.906588	1.252948	42	20	31	31.026
2.356194	0.496451	0.593859	30	28	31	31.021
2.094395	0.992645	-1.723759	23	25	22	31.021
2.356194	0.591903	2.010408	24	29	32	31.017
-0.261799	2.719179	-1.780644	33	20	23	31.015
2.617994	1.809167	1.213774	11	25	33	31.015
0.785398	2.704512	1.488683	28	28	23	31.013
-2.356194	1.599406	1.426070	27	20	44	31.012
2.094395	2.587733	0.232235	13	20	61	31.010
2.617994	2.187132	-0.479875	11	23	33	31.010
-1.832596	1.506530	1.988858	23	28	35	31.005
-1.570796	2.396274	-1.959260	9	25	43	31.003
-2.356194	1.574060	2.783565	0	18	47	30.999
2.879793	1.448123	-2.163292	31	17	37	30.999
-0.261799	2.343981	-1.040456	40	16	41	30.997
0.261799	1.440580	2.260026	21	19	46	30.992
-3.141593	0.685216	-1.712745	131	151	1	30.991
-2.879793	1.128190	-2.288622	26	18	41	30.989
-2.617994	1.736875	3.023612	4	23	45	30.982
-2.879793	0.496451	0.593859	22	30	25	30.980
-0.785398	0.619654	-2.216909	17	26	55	30.977
-1.570796	0.615174	-0.666022	134	0	19	30.976
-1.047198	2.115563	0.685730	25	18	38	30.976
-0.523599	2.637879	2.121598	34	11	23	30.975
-2.094395	1.574060	2.783565	26	24	20	30.975
2.879793	1.440580	2.260026	39	9	29	30.972
2.094395	1.134497	-1.109631	36	7	30	30.971
2.094395	2.979456	-1.009304	19	22	39	30.960
-1.047198	2.979456	-1.009304	12	26	40	30.959
-2.094395	2.001437	0.381215	29	17	11	30.958
0.000000	2.478122	2.609777	36	12	26	30.956
1.832596	1.488617	1.159546	20	24	35	30.956
2.879793	1.506530	1.988858	9	27	40	30.956
0.785398	1.417623	-0.202254	8	34	48	30.954
-2.617994	2.393226	1.857173	29	14	53	30.954
0.523599	1.488617	1.159546	7	25	46	30.952
-1.570796	0.370812	-2.547742	129	154	10	30.950
-2.617994	1.367556	0.358405	8	15	47	30.948
-1.308997	2.760637	2.781135	30	23	31	30.946
-1.047198	2.724429	-0.348782	18	23	38	30.945
1.570796	1.195355	1.200319	23	21	39	30.940
2.094395	2.343981	-1.040456	14	25	26	30.931
-1.570796	1.836682	-0.676006	141	135	17	30.929
-1.570796	1.732874	-0.951685	143	135	12	30.920
2.617994	1.977582	0.969896	31	16	43	30.913
0.000000	2.393226	1.857173	38	15	18	30.908
-2.356194	2.115563	0.685730	30	14	41	30.907
1.047198	1.247695	1.809890	25	28	35	30.906
1.832596	2.187132	-0.479875	25	27	34	30.905
0.000000	2.349581	-2.702517	18	32	29	30.897
-3.141593	0.297065	2.160177	30	13	42	30.890
0.785398	0.458961	-0.107937	25	25	35	30.884
-2.356194	1.732874	-0.951685	33	27	28	30.884
0.261799	0.080730	-2.622036	24	30	36	30.883
-1.308997	1.168678	2.108595	9	29	44	30.871
2.356194	1.214854	-1.966664	32	11	37	30.869
2.356194	1.195355	1.200319	33	20	19	30.866
-2.094395	1.836682	-0.676006	133	140	16	30.864
-2.617994	1.391910	3.030322	32	18	20	30.861
-2.879793	2.138223	1.678323	34	21	35	30.857
-2.356194	0.571433	-1.188419	130	145	13	30.855
-1.308997	1.214854	-1.966664	9	22	60	30.854
2.879793	2.984978	1.954446	30	20	35	30.853
-2.879793	2.356369	3.005869	15	23	29	30.850
-3.141593	1.741644	-2.695914	25	21	37	30.850
2.356194	1.875281	0.107086	21	21	43	30.850
-1.047198	1.433411	-1.035986	38	10	30	30.849
-2.879793	1.872854	1.543456	33	20	40	30.849
1.832596	1.506530	1.988858	30	22	18	30.839
-2.094395	0.571433	-1.188419	24	29	47	30.835
-0.785398	1.050534	3.042579	131	154	4	30.832
-0.785398	0.864993	2.278281	131	3	15	30.832
2.094395	2.041297	-2.664597	28	27	35	30.831
-2.617994	2.138223	1.678323	36	13	36	30.828
2.617994	1.696674	-1.253233	35	15	43	30.823
0.000000	2.153910	-1.714959	35	28	29	30.822
-0.261799	2.587733	0.232235	26	18	18	30.822
-0.261799	0.910508	1.903534	40	158	29	30.821
0.261799	1.014500	0.906702	31	10	22	30.820
-1.832596	1.699788	2.452890	31	23	35	30.818
-1.832596	2.247462	0.191623	11	16	54	30.818
-2.617994	0.370812	-2.547742	24	10	43	30.817
-3.141593	1.812176	0.656819	20	21	22	30.811
-1.832596	1.982574	-1.115518	29	19	26	30.810
1.308997	1.025536	1.576859	23	18	45	30.808
-0.261799	0.733948	3.021411	27	19	53	30.808
-2.879793	1.413430	2.550734	35	19	24	30.807
-1.047198	0.961715	0.014085	31	20	39	30.806
-1.570796	2.863997	0.549740	30	22	25	30.805
2.094395	0.866395	-2.492918	19	17	38	30.804
1.832596	2.587733	0.232235	21	25	45	30.803
1.570796	0.929350	-2.910676	25	8	13	30.799
-0.785398	1.812176	0.656819	26	21	37	30.798
-0.261799	1.433411	-1.035986	18	24	41	30.797
-1.308997	2.115563	0.685730	16	18	60	30.795
-1.570796	1.050534	3.042579	138	137	21	30.789
2.617994	2.343981	-1.040456	40	16	30	30.782
1.047198	2.063651	-2.044600	132	157	11	30.781
-1.570796	1.113094	-0.272241	11	28	40	30.781
2.879793	2.979456	-1.009304	33	18	32	30.779
1.047198	2.979456	-1.009304	27	25	46	30.777
2.356194	1.732874	-0.951685	0	15	49	30.772
0.261799	2.356369	3.005869	36	12	30	30.771
1.570796	0.850607	-1.335383	28	24	23	30.771
2.094395	0.618092	2.539118	12	31	45	30.766
1.570796	1.741644	-2.695914	19	22	56	30.765
1.308997	2.187132	-0.479875	16	26	48	30.765
0.261799	1.134497	-1.109631	34	26	21	30.751
-1.308997	1.875281	0.107086	31	14	40	30.748
-0.523599	0.733948	3.021411	28	18	36	30.746
1.308997	1.417623	-0.202254	33	3	22	30.745
2.356194	2.979456	-1.009304	20	19	38	30.740
-2.356194	2.393226	1.857173	37	11	32	30.739
-0.261799	2.164094	-2.991358	19	32	25	30.733
1.832596	0.831641	0.616218	23	21	40	30.731
0.261799	1.025536	1.576859	129	157	15	30.730
-2.617994	1.617114	-1.572037	36	20	38	30.728
1.308997	1.872854	1.543456	15	30	28	30.726
-1.308997	0.762244	-0.273349	158	26	46	30.721
-1.570796	1.872854	1.543456	28	22	31	30.720
1.570796	2.704512	1.488683	8	26	40	30.720
-1.047198	2.478122	2.609777	27	31	38	30.717
2.879793	1.812176	0.656819	32	13	14	30.717
-0.785398	2.704512	1.488683	23	19	39	30.715
-1.570796	1.374601	-2.456031	14	21	49	30.710
-2.356194	1.450119	-2.739050	9	18	53	30.710
-3.141593	2.349581	-2.702517	25	22	28	30.707
0.000000	1.732874	-0.951685	26	30	42	30.704
-1.570796	0.929350	-2.910676	16	15	52	30.701
2.094395	1.977582	0.969896	17	21	29	30.701
-2.356194	1.050534	3.042579	33	11	9	30.700
2.094395	1.662363	0.915448	18	22	33	30.700
1.832596	0.733948	3.021411	17	24	31	30.697
-2.356194	2.704512	1.488683	13	31	41	30.696
2.617994	2.001437	0.381215	5	8	61	30.694
-2.617994	0.929350	-2.910676	20	13	44	30.692
0.785398	2.863997	0.549740	25	16	45	30.690
1.570796	1.488617	1.159546	26	21	12	30.689
2.617994	2.164094	-2.991358	9	32	51	30.688
-0.523599	1.128190	-2.288622	24	17	33	30.681
0.261799	2.299159	2.264663	41	13	23	30.678
2.094395	0.709924	0.218797	124	147	12	30.676
-1.308997	2.356369	3.005869	38	25	32	30.675
-3.141593	1.662363	0.915448	16	23	23	30.668
0.000000	0.864993	2.278281	21	19	45	30.667
1.308997	2.979456	-1.009304	13	29	54	30.667
2.879793	1.256302	0.062705	37	15	15	30.666
1.832596	1.025536	1.576859	18	24	45	30.662
-2.356194	1.194549	-0.801900	131	142	17	30.661
-0.523599	1.696674	-1.253233	27	21	41	30.658
-2.356194	0.910508	1.903534	24	25	45	30.654
2.617994	1.413430	2.550734	39	4	24	30.654
2.094395	0.910508	1.903534	31	25	26	30.641
-1.308997	2.343981	-1.040456	24	21	27	30.640
1.308997	1.683268	0.374177	26	11	15	30.632
-2.617994	2.396274	-1.959260	27	24	30	30.631
0.000000	2.356369	3.005869	20	24	26	30.624
-0.785398	2.393226	1.857173	33	10	20	30.624
-2.617994	1.310100	1.488307	36	9	27	30.624
-0.261799	1.014500	0.906702	11	21	55	30.623
-2.879793	1.721184	-0.153948	5	17	44	30.620
1.047198	1.836682	-0.676006	7	33	48	30.618
0.261799	1.909857	-0.381669	22	27	54	30.614
-0.785398	0.640596	-2.797608	25	21	54	30.612
2.617994	1.310100	1.488307	25	23	16	30.612
-2.879793	1.809167	1.213774	35	5	35	30.609
-2.879793	2.299159	2.264663	38	15	27	30.608
2.879793	2.247462	0.191623	5	26	49	30.607
-2.617994	1.869911	2.701025	0	22	43	30.606
-1.047198	1.135813	-2.658866	29	14	36	30.605
-0.523599	2.115563	0.685730	12	25	33	30.604
-1.308997	1.982574	-1.115518	129	0	20	30.604
1.047198	1.135834	-1.431087	19	29	17	30.604
1.832596	2.664082	-1.071402	20	21	40	30.602
-2.356194	1.977582	0.969896	7	24	52	30.600
-1.570796	2.979456	-1.009304	22	31	28	30.587
-1.308997	0.992645	-1.723759	11	27	55	30.586
0.261799	0.379747	-1.713059	33	10	12	30.584
-1.308997	2.180315	-1.357379	127	157	19	30.570
0.000000	2.033014	2.977192	20	22	22	30.569
-0.785398	0.992645	-1.723759	23	19	31	30.564
-0.785398	1.736875	3.023612	139	142	20	30.563
1.570796	0.733948	3.021411	20	24	31	30.558
-2.617994	0.379747	-1.713059	33	13	28	30.556
0.785398	1.606104	-0.451151	11	33	49	30.556
-1.570796	2.760637	2.781135	37	23	41	30.554
2.356194	0.297065	2.160177	20	24	27	30.549
1.832596	0.619654	-2.216909	26	22	31	30.547
1.308997	0.290380	-0.796960	27	25	30	30.547
-1.308997	1.135834	-1.431087	143	136	7	30.546
2.356194	2.299159	2.264663	32	6	41	30.545
-2.879793	2.174483	2.653697	4	18	49	30.544
0.261799	1.870545	-2.976234	21	20	20	30.540
0.261799	1.977582	0.969896	14	21	51	30.540
2.617994	1.569311	-3.003978	18	25	44	30.540
2.094395	1.504028	0.636812	20	22	33	30.537
-1.308997	1.721184	-0.153948	142	144	17	30.536
2.879793	0.910508	1.903534	30	4	20	30.532
-0.523599	2.724429	-0.348782	144	145	25	30.531
1.832596	1.909857	-0.381669	156	23	54	30.530
-0.261799	0.914445	2.687814	29	15	31	30.527
0.523599	2.881233	-2.582574	37	0	23	30.525
-2.094395	2.637879	2.121598	36	20	44	30.523
0.785398	2.356369	3.005869	32	20	31	30.523
2.356194	1.617114	-1.572037	23	17	54	30.522
0.785398	1.194549	-0.801900	35	20	30	30.522
-2.094395	2.881233	-2.582574	6	24	44	30.520
0.261799	2.343981	-1.040456	37	16	25	30.519
1.308997	1.875281	0.107086	19	22	52	30.519
2.617994	1.846342	-1.796954	20	25	51	30.514
-0.785398	2.349581	-2.702517	36	27	29	30.506
2.617994	0.203748	0.590255	25	31	39	30.505
0.000000	1.977582	0.969896	23	17	37	30.504
-2.617994	1.809167	1.213774	36	10	35	30.502
2.879793	0.674054	1.013609	24	28	20	30.501
-1.832596	0.864993	2.278281	35	23	17	30.498
2.617994	1.872854	1.543456	8	27	35	30.493
-2.094395	1.766067	2.153843	26	26	30	30.491
-1.832596	0.370812	-2.547742	15	15	52	30.490
0.785398	1.721184	-0.153948	20	25	42	30.487
2.617994	1.766067	2.153843	40	3	30	30.484
0.261799	2.104282	-0.813972	34	24	41	30.484
2.094395	1.433411	-1.035986	15	27	29	30.482
-3.141593	0.674054	1.013609	5	24	45	30.471
2.879793	2.164094	-2.991358	4	31	51	30.469
-0.261799	2.704512	1.488683	16	24	38	30.469
-2.356194	1.433411	-1.035986	34	26	30	30.466
2.356194	0.685216	-1.712745	32	6	40	30.463
1.570796	1.413430	2.550734	25	30	32	30.460
-1.047198	0.640596	-2.797608	130	149	6	30.456
-0.261799	1.869911	2.701025	148	139	17	30.452
-1.308997	2.174483	2.653697	34	28	31	30.449
-3.141593	0.929350	-2.910676	30	19	18	30.447
0.785398	1.135813	-2.658866	27	19	38	30.447
-2.356194	2.343981	-1.040456	19	33	41	30.446
-2.356194	0.379747	-1.713059	32	16	28	30.443
0.261799	0.910508	1.903534	130	149	19	30.437
-0.785398	1.721184	-0.153948	32	15	35	30.436
-0.261799	1.756530	-2.105156	34	25	18	30.436
0.000000	0.615174	-0.666022	38	23	20	30.435
-1.308997	1.374601	-2.456031	11	22	49	30.432
1.832596	0.992645	-1.723759	28	24	21	30.428
1.308997	1.335669	0.897240	30	15	11	30.427
1.832596	0.458961	-0.107937	36	10	28	30.424
-2.356194	0.591903	2.010408	25	25	43	30.411
-2.879793	2.760637	2.781135	125	154	11	30.404
-3.141593	0.418037	1.360082	34	5	23	30.404
-1.570796	1.134796	2.434290	18	28	30	30.403
1.570796	2.984978	1.954446	19	30	27	30.403
2.617994	2.456751	-1.503343	40	15	28	30.403
-2.356194	1.413347	-1.339188	22	29	49	30.402
0.523599	0.992645	-1.723759	28	21	12	30.397
1.308997	1.721184	-0.153948	30	4	19	30.396
1.570796	1.417623	-0.202254	33	7	22	30.394
1.570796	1.128190	-2.288622	20	15	36	30.393
2.879793	1.310100	1.488307	24	10	51	30.387
-2.094395	1.904882	-1.478089	11	32	49	30.385
1.308997	1.998705	2.370472	23	32	39	30.380
2.617994	1.025536	1.576859	11	26	43	30.379
1.047198	0.910508	1.903534	25	29	37	30.378
1.308997	2.041297	-2.664597	133	147	14	30.377
-3.141593	2.455966	-0.641220	36	20	25	30.373
1.832596	1.545873	-1.877082	23	20	16	30.370
-1.832596	1.756530	-2.105156	16	24	46	30.370
-1.308997	0.203748	0.590255	31	21	24	30.370
1.570796	1.555207	1.708892	26	27	18	30.369
1.308997	1.413430	2.550734	21	32	46	30.369
-0.523599	0.458961	-0.107937	30	25	30	30.369
2.094395	0.419640	2.974122	20	15	27	30.364
1.570796	2.393226	1.857173	14	26	40	30.358
-1.832596	1.128190	-2.288622	142	148	31	30.358
-0.261799	2.881233	-2.582574	16	32	49	30.348
2.094395	0.379747	-1.713059	28	23	24	30.345
-2.879793	2.073035	2.027405	38	18	31	30.344
-1.308997	0.866395	-2.492918	31	14	33	30.344
-2.356194	1.569311	-3.003978	131	146	27	30.344
-2.617994	2.001437	0.381215	19	23	24	30.343
-1.570796	0.709924	0.218797	26	17	40	30.339
1.832596	1.310100	1.488307	19	24	41	30.337
1.570796	0.418037	1.360082	24	26	44	30.334
1.308997	2.724429	-0.348782	18	24	58	30.334
-2.094395	1.599406	1.426070	25	22	44	30.333
-1.308997	0.591903	2.010408	134	138	15	30.332
1.570796	1.756530	-2.105156	35	12	44	30.320
-1.832596	0.496451	0.593859	26	17	36	30.316
2.617994	2.579248	-2.364801	33	27	37	30.314
-2.356194	0.370812	-2.547742	17	13	52	30.314
0.000000	1.256302	0.062705	131	140	10	30.311
-2.094395	2.724429	-0.348782	25	29	32	30.309
2.356194	1.168678	2.108595	12	31	32	30.307
-0.261799	1.128190	-2.288622	28	14	7	30.304
-2.879793	2.456751	-1.503343	34	27	34	30.297
2.094395	1.683268	0.374177	29	16	19	30.293
0.261799	0.961715	0.014085	134	137	15	30.293
2.356194	1.488617	1.159546	15	25	36	30.291
0.523599	2.404280	-0.174044	23	23	39	30.288
2.356194	1.413430	2.550734	32	4	26	30.288
2.879793	0.906588	1.252948	25	27	22	30.287
1.832596	2.041297	-2.664597	32	24	35	30.286
0.000000	1.658653	-2.409879	23	26	14	30.285
-1.308997	1.696674	-1.253233	20	22	26	30.283
0.523599	2.001437	0.381215	13	25	47	30.278
-3.141593	1.413347	-1.339188	37	18	34	30.278
-2.094395	1.413347	-1.339188	17	31	48	30.277
-1.832596	1.554776	0.100351	21	25	15	30.276
0.785398	1.413347	-1.339188	15	28	41	30.276
2.879793	1.555207	1.708892	145	140	22	30.275
-2.617994	1.256302	0.062705	3	8	54	30.274
-3.141593	2.164094	-2.991358	22	23	32	30.273
2.617994	1.606104	-0.451151	11	21	39	30.272
1.047198	0.619654	-2.216909	8	20	57	30.270
-2.879793	1.242974	-2.977882	27	19	15	30.269
0.000000	1.506530	1.988858	128	150	16	30.269
0.000000	1.045978	0.343692	133	138	9	30.268
0.523599	0.866395	-2.492918	21	21	32	30.268
1.308997	0.203748	0.590255	32	14	25	30.265
0.523599	1.721184	-0.153948	14	30	54	30.254
-2.879793	1.683268	0.374177	30	22	18	30.254
-1.832596	2.396274	-1.959260	13	26	43	30.254
2.094395	1.488617	1.159546	33	13	14	30.253
0.261799	1.545873	-1.877082	28	27	16	30.246
2.094395	2.407836	1.410646	22	19	19	30.245
0.523599	1.413430	2.550734	28	21	50	30.243
-1.570796	0.961715	0.014085	9	28	35	30.237
-1.047198	2.343981	-1.040456	127	156	14	30.236
-1.832596	1.909857	-0.381669	136	140	21	30.230
-0.523599	1.247695	1.809890	19	27	26	30.227
1.308997	0.709924	0.218797	5	25	47	30.224
-1.308997	1.417623	-0.202254	35	12	34	30.221
1.308997	1.977582	0.969896	16	24	26	30.220
2.094395	2.760637	2.781135	22	32	29	30.218
-2.094395	0.910508	1.903534	21	28	45	30.216
2.617994	2.174483	2.653697	34	0	21	30.214
2.879793	1.658653	-2.409879	28	20	35	30.213
-2.617994	1.413430	2.550734	127	147	20	30.213
-2.879793	0.906588	1.252948	27	9	35	30.212
1.832596	0.419640	2.974122	9	29	49	30.212
1.832596	0.290380	-0.796960	32	2	25	30.212
2.879793	1.184361	0.625864	34	21	22	30.205
2.879793	1.545873	-1.877082	31	18	33	30.204
0.785398	1.242974	-2.977882	30	20	35	30.203
1.832596	0.496451	0.593859	22	21	45	30.200
-2.094395	1.977582	0.969896	22	14	60	30.196
0.000000	2.455966	-0.641220	33	17	27	30.195
1.570796	1.875281	0.107086	29	9	17	30.193
-2.094395	1.242974	-2.977882	32	10	10	30.190
-0.261799	0.866955	-0.931351	157	14	52	30.189
-2.879793	1.367556	0.358405	8	15	48	30.186
1.308997	2.637879	2.121598	27	30	24	30.185
-1.308997	2.664082	-1.071402	15	29	27	30.184
-0.523599	1.658653	-2.409879	33	22	14	30.184
-2.356194	1.242974	-2.977882	131	148	23	30.183
2.617994	0.618092	2.539118	30	9	17	30.180
-1.832596	0.700570	1.559208	20	25	49	30.180
-2.356194	2.984978	1.954446	33	21	47	30.180
0.785398	0.899350	-2.069907	18	24	30	30.176
1.570796	2.073035	2.027405	14	25	43	30.174
-2.617994	1.606104	-0.451151	28	27	33	30.170
-1.832596	1.440580	2.260026	30	24	34	30.170
2.617994	1.870545	-2.976234	7	28	55	30.168
-1.308997	2.588535	-2.976617	31	20	18	30.167
1.047198	1.184361	0.625864	34	10	20	30.167
-2.617994	1.374601	-2.456031	22	20	40	30.167
2.356194	1.683268	0.374177	12	21	55	30.166
-2.617994	0.571433	-1.188419	33	24	39	30.165
1.047198	1.683268	0.374177	26	11	15	30.162
-1.308997	1.599406	1.426070	33	24	39	30.160
-2.094395	2.115563	0.685730	30	15	19	30.160
2.356194	0.674054	1.013609	21	29	38	30.160
2.617994	0.910508	1.903534	37	159	37	30.159
-1.570796	1.510910	-0.740472	143	135	17	30.155
-2.356194	1.870545	-2.976234	1	14	57	30.150
-2.356194	2.637879	2.121598	28	19	52	30.148
-2.094395	2.299159	2.264663	41	17	39	30.147
-0.261799	0.864993	2.278281	33	14	33	30.144
-2.879793	1.510910	-0.740472	22	26	46	30.143
0.785398	0.418037	1.360082	22	15	48	30.141
2.617994	0.290380	-0.796960	32	11	24	30.139
0.523599	0.370812	-2.547742	140	140	7	30.135
2.879793	1.998705	2.370472	39	7	26	30.134
2.879793	2.299159	2.264663	2	21	44	30.130
1.047198	1.569311	-3.003978	21	24	54	30.126
1.570796	1.325504	-1.671296	3	25	39	30.125
2.356194	0.418037	1.360082	16	32	43	30.124
1.308997	0.419640	2.974122	25	23	31	30.121
-0.785398	0.929350	-2.910676	29	16	34	30.117
-2.356194	1.417623	-0.202254	23	30	31	30.116
2.356194	0.203748	0.590255	21	28	45	30.116
0.000000	2.579248	-2.364801	24	32	35	30.115
2.356194	2.041297	-2.664597	31	22	38	30.111
1.308997	1.606104	-0.451151	0	31	49	30.108
2.094395	0.619654	-2.216909	23	26	31	30.100
-2.094395	0.080730	-2.622036	34	9	28	30.095
-2.879793	0.831641	0.616218	12	10	49	30.094
-2.356194	1.683268	0.374177	13	28	26	30.093
-0.785398	0.418037	1.360082	32	17	23	30.093
2.356194	0.618092	2.539118	7	31	45	30.093
0.523599	1.846342	-1.796954	135	140	25	30.093
-1.570796	0.203748	0.590255	156	23	47	30.092
-1.308997	2.979456	-1.009304	22	23	23	30.080
1.308997	1.824694	1.850876	29	27	19	30.080
1.308997	2.349581	-2.702517	30	21	38	30.078
2.879793	2.180315	-1.357379	19	19	50	30.077
-2.094395	2.247462	0.191623	10	16	53	30.074
-1.832596	2.881233	-2.582574	23	19	44	30.074
-0.785398	1.696674	-1.253233	127	155	17	30.069
0.785398	1.909857	-0.381669	13	31	54	30.068
-1.832596	2.180315	-1.357379	20	31	33	30.068
2.094395	2.396274	-1.959260	38	20	33	30.067
-1.570796	1.696674	-1.253233	143	135	7	30.066
-2.356194	2.379497	0.561089	9	13	63	30.064
-1.832596	1.448123	-2.163292	134	155	22	30.061
1.570796	1.683268	0.374177	31	12	20	30.060
-1.570796	1.450119	-2.739050	33	17	25	30.059
-1.047198	1.134796	2.434290	133	5	11	30.059
-3.141593	2.579248	-2.364801	21	31	37	30.055
1.570796	2.349581	-2.702517	28	23	48	30.053
-1.570796	2.478122	2.609777	37	25	38	30.051
2.356194	1.448123	-2.163292	15	22	55	30.051
-2.094395	1.870545	-2.976234	28	16	14	30.050
2.356194	2.001437	0.381215	4	9	62	30.050
-0.785398	1.025536	1.576859	7	25	50	30.046
1.047198	2.456751	-1.503343	14	31	38	30.040
1.308997	1.741644	-2.695914	131	149	10	30.040
-3.141593	1.846342	-1.796954	12	28	51	30.034
0.000000	1.554776	0.100351	22	26	37	30.034
-1.832596	1.766067	2.153843	30	24	41	30.030
2.617994	2.396274	-1.959260	30	26	33	30.027
-1.047198	2.664082	-1.071402	12	26	38	30.017
1.047198	1.335669	0.897240	17	19	35	30.011
2.094395	1.450119	-2.739050	13	28	51	30.010
0.000000	1.448123	-2.163292	28	22	11	30.010
-2.356194	0.419640	2.974122	25	26	27	30.009
-2.094395	1.721184	-0.153948	18	31	26	29.997
-0.261799	1.870545	-2.976234	19	30	19	29.995
-1.570796	1.606104	-0.451151	142	137	21	29.994
-2.094395	0.458961	-0.107937	139	139	11	29.991
2.356194	2.138223	1.678323	4	26	36	29.986
-0.785398	1.014500	0.906702	130	145	6	29.985
1.832596	2.396274	-1.959260	40	15	33	29.985
2.094395	1.599406	1.426070	29	16	13	29.985
-0.261799	1.391910	3.030322	15	25	31	29.984
2.356194	2.251330	-2.330739	28	26	35	29.983
0.523599	1.506530	1.988858	20	21	43	29.982
2.617994	2.180315	-1.357379	21	17	50	29.982
2.879793	2.356369	3.005869	23	23	29	29.980
-1.047198	2.379497	0.561089	13	16	56	29.979
1.832596	2.356369	3.005869	26	27	25	29.979
2.879793	1.135813	-2.658866	25	16	41	29.977
0.000000	1.904882	-1.478089	36	26	28	29.976
-2.094395	2.719179	-1.780644	16	30	34	29.975
0.785398	1.696674	-1.253233	27	24	29	29.974
-1.832596	1.413430	2.550734	29	24	28	29.972
-2.617994	1.982574	-1.115518	36	26	33	29.971
-1.047198	1.870545	-2.976234	27	24	34	29.970
0.261799	1.658653	-2.409879	19	26	14	29.970
-3.141593	1.135834	-1.431087	18	16	57	29.968
-1.832596	0.458961	-0.107937	134	158	18	29.961
0.000000	1.875281	0.107086	34	13	34	29.960
1.570796	0.866395	-2.492918	11	22	56	29.959
-2.356194	0.762244	-0.273349	17	29	46	29.958
1.570796	1.699788	2.452890	16	34	42	29.956
0.261799	2.478122	2.609777	43	10	28	29.950
-0.261799	0.709924	0.218797	17	28	44	29.948
1.570796	1.977582	0.969896	13	24	26	29.943
0.261799	1.135813	-2.658866	19	19	58	29.942
-1.308997	1.574060	2.783565	15	9	51	29.935
-2.879793	0.960688	-0.577532	127	153	13	29.934
-1.308997	2.063651	-2.044600	35	16	28	29.931
-2.617994	1.510910	-0.740472	28	27	40	29.928
-3.141593	1.510910	-0.740472	26	23	46	29.927
0.785398	1.325504	-1.671296	15	26	39	29.927
-1.047198	0.906588	1.252948	23	33	39	29.927
-2.356194	1.998705	2.370472	45	9	33	29.927
-0.523599	1.135834	-1.431087	23	20	34	29.916
2.617994	1.998705	2.370472	13	28	36	29.915
-1.047198	2.587733	0.232235	13	24	40	29.912
-1.308997	2.104282	-0.813972	25	21	23	29.908
-0.261799	0.929350	-2.910676	28	18	48	29.902
-3.141593	0.910508	1.903534	34	6	21	29.900
-3.141593	1.836682	-0.676006	37	21	33	29.898
0.785398	1.977582	0.969896	16	24	33	29.892
-2.879793	2.979456	-1.009304	29	26	35	29.891
-0.261799	0.080730	-2.622036	20	32	45	29.890
2.879793	1.982574	-1.115518	26	24	45	29.885
1.308997	1.214854	-1.966664	9	17	52	29.885
-2.879793	1.870545	-2.976234	18	22	36	29.882
-0.261799	0.762244	-0.273349	26	29	34	29.882
0.000000	1.617114	-1.572037	17	25	41	29.880
2.356194	2.637879	2.121598	22	21	22	29.876
-2.356194	2.174483	2.653697	33	19	21	29.873
0.000000	0.992645	-1.723759	19	20	36	29.872
0.785398	0.850607	-1.335383	16	27	36	29.870
-2.879793	1.846342	-1.796954	33	19	33	29.868
-0.523599	0.290380	-0.796960	25	19	34	29.867
2.879793	0.992645	-1.723759	32	14	37	29.866
0.523599	1.998705	2.370472	21	16	49	29.866
2.617994	1.168678	2.108595	39	2	33	29.865
-0.785398	1.433411	-1.035986	127	158	17	29.862
-0.523599	2.001437	0.381215	145	141	28	29.857
-1.308997	0.640596	-2.797608	18	17	53	29.850
-2.617994	0.591903	2.010408	28	21	43	29.849
-1.047198	0.899350	-2.069907	22	22	33	29.849
0.000000	2.299159	2.264663	21	21	37	29.842
-1.832596	2.393226	1.857173	33	19	32	29.841
2.879793	0.496451	0.593859	18	32	40	29.839
1.570796	2.356369	3.005869	31	25	23	29.839
-2.356194	1.413430	2.550734	0	16	48	29.833
-1.308997	2.295480	1.008277	10	25	47	29.827
-2.356194	1.214854	-1.966664	27	21	40	29.827
-1.047198	2.001437	0.381215	28	16	41	29.823
-0.261799	0.203748	0.590255	16	29	46	29.818
-0.785398	2.174483	2.653697	140	140	14	29.818
2.879793	2.153910	-1.714959	27	27	37	29.817
-0.261799	1.617114	-1.572037	40	20	21	29.816
-0.261799	2.579248	-2.364801	136	136	22	29.815
-1.308997	1.488617	1.159546	24	26	52	29.812
-2.879793	1.504028	0.636812	15	26	27	29.809
-0.523599	0.297065	2.160177	34	10	30	29.808
2.094395	1.554776	0.100351	11	22	54	29.808
-1.308997	2.001437	0.381215	28	16	39	29.808
2.617994	0.615174	-0.666022	42	6	26	29.799
-2.617994	0.080730	-2.622036	17	9	51	29.798
1.832596	1.766067	2.153843	10	35	37	29.797
1.570796	1.658653	-2.409879	33	17	43	29.791
0.523599	1.417623	-0.202254	13	34	48	29.791
-2.617994	1.554776	0.100351	6	15	46	29.791
-1.832596	2.404280	-0.174044	31	23	16	29.787
0.523599	2.187132	-0.479875	21	26	33	29.787
2.094395	1.696674	-1.253233	159	19	45	29.782
-1.308997	1.135813	-2.658866	15	20	49	29.781
2.094395	1.135834	-1.431087	34	7	35	29.781
0.000000	0.080730	-2.622036	29	28	36	29.778
-0.523599	2.251330	-2.330739	36	27	27	29.776
-1.308997	0.914445	2.687814	141	134	18	29.773
-1.047198	1.325504	-1.671296	19	22	31	29.772
0.785398	1.134796	2.434290	24	28	47	29.772
-2.879793	0.640596	-2.797608	24	24	21	29.771
-2.879793	2.704512	1.488683	31	25	32	29.767
-0.785398	1.247695	1.809890	8	24	48	29.766
-1.570796	1.256302	0.062705	23	14	49	29.761
-0.261799	1.824694	1.850876	21	21	29	29.751
-2.094395	1.134796	2.434290	29	24	29	29.751
-3.141593	2.984978	1.954446	26	23	36	29.750
2.879793	0.914445	2.687814	17	19	39	29.749
1.570796	1.869911	2.701025	31	25	24	29.749
2.356194	2.073035	2.027405	29	7	45	29.749
1.832596	0.910508	1.903534	35	22	26	29.749
1.832596	0.615174	-0.666022	34	6	35	29.744
-2.094395	1.909857	-0.381669	20	32	31	29.742
-1.047198	2.719179	-1.780644	42	7	40	29.736
2.879793	0.866395	-2.492918	15	27	27	29.735
1.308997	2.760637	2.781135	127	144	23	29.733
-2.094395	1.824694	1.850876	24	27	36	29.731
1.047198	2.138223	1.678323	131	144	28	29.730
-2.094395	0.866395	-2.492918	32	11	36	29.727
1.570796	2.089241	-0.114193	13	21	52	29.725
1.570796	2.588535	-2.976617	27	28	42	29.722
1.308997	1.599406	1.426070	29	22	14	29.713
-0.523599	1.741644	-2.695914	28	26	15	29.709
-0.523599	1.310100	1.488307	8	21	51	29.707
-2.617994	1.242974	-2.977882	129	151	23	29.706
-1.308997	2.033014	2.977192	9	10	52	29.697
-2.617994	1.450119	-2.739050	19	19	41	29.694
0.523599	2.343981	-1.040456	29	28	40	29.693
-1.570796	2.108018	1.311430	18	24	58	29.693
-0.261799	0.290380	-0.796960	32	18	24	29.679
-0.261799	0.899350	-2.069907	137	149	24	29.679
-2.879793	2.407836	1.410646	30	24	36	29.676
2.094395	2.579248	-2.364801	33	24	29	29.676
0.785398	1.367556	0.358405	15	19	55	29.674
0.523599	0.591903	2.010408	32	21	40	29.672
2.879793	1.662363	0.915448	28	13	47	29.672
-0.261799	2.153910	-1.714959	9	13	51	29.671
