256	1.2	0
-3.141593	2.404280	-0.174044
0.000000	0.000000	0.000000
model.B99990001.pdb	-9.272	37.067	6.624
2hym.pdb	-8.522	-7.294	10.864
0.523599	2.356369	3.005869	225	95	22	0.520
0.523599	1.335669	0.897240	245	96	40	0.519
-0.261799	2.174483	2.653697	243	104	19	0.518
0.000000	2.174483	2.653697	234	101	19	0.518
0.523599	1.606104	-0.451151	28	109	249	0.230
-2.617994	1.135834	-1.431087	34	79	6	0.230
0.261799	1.875281	0.107086	35	100	13	0.228
-2.617994	1.413430	2.550734	53	93	0	0.225
-1.047198	1.875281	0.107086	19	93	16	0.221
-2.617994	2.404280	-0.174044	253	102	6	0.031
-2.356194	0.615174	-0.666022	248	141	237	0.031
-1.570796	0.615174	-0.666022	11	137	240	0.031
2.094395	1.134796	2.434290	0	144	247	0.031
2.356194	1.134796	2.434290	255	143	249	0.031
-2.879793	2.587733	0.232235	247	112	16	0.031
-0.523599	1.417623	-0.202254	18	106	2	0.031
1.832596	0.640596	-2.797608	3	152	243	0.031
-3.141593	2.343981	-1.040456	243	143	255	0.031
2.879793	0.674054	1.013609	252	144	255	0.031
-1.047198	0.379747	-1.713059	7	144	240	0.031
2.356194	2.396274	-1.959260	241	143	241	0.031
2.879793	2.396274	-1.959260	1	143	0	0.031
-2.879793	2.247462	0.191623	246	106	9	0.031
-0.785398	2.247462	0.191623	9	98	12	0.031
2.879793	2.174483	2.653697	12	127	3	0.031
2.617994	2.356369	3.005869	4	122	250	0.031
2.094395	1.948085	-2.363031	249	143	247	0.031
-2.879793	2.089241	-0.114193	250	106	12	0.031
1.570796	2.456751	-1.503343	245	166	1	0.031
2.617994	2.138223	1.678323	2	128	8	0.031
2.879793	2.478122	2.609777	17	143	3	0.031
2.356194	2.108018	1.311430	0	102	8	0.031
1.832596	1.488617	1.159546	244	128	12	0.031
2.094395	0.203748	0.590255	240	136	243	0.031
-2.094395	1.510910	-0.740472	7	142	246	0.031
1.047198	1.242974	-2.977882	247	144	245	0.031
2.356194	1.242974	-2.977882	4	149	240	0.031
2.617994	1.872854	1.543456	7	128	6	0.031
-1.047198	0.762244	-0.273349	24	101	253	0.031
-0.785398	0.762244	-0.273349	13	111	246	0.031
2.356194	0.733948	3.021411	10	143	251	0.031
2.617994	2.063651	-2.044600	254	100	245	0.031
1.570796	1.025536	1.576859	241	143	4	0.031
-0.785398	1.732874	-0.951685	19	128	2	0.031
0.261799	2.881233	-2.582574	249	181	253	0.031
0.785398	2.881233	-2.582574	241	144	1	0.031
1.047198	2.881233	-2.582574	248	164	254	0.031
2.879793	2.881233	-2.582574	3	138	251	0.031
-0.523599	1.301460	-0.509251	20	127	250	0.031
-2.356194	1.904882	-1.478089	3	139	249	0.031
-1.047198	0.709924	0.218797	13	103	253	0.031
1.047198	1.135813	-2.658866	247	120	239	0.031
-2.879793	1.448123	-2.163292	6	143	237	0.031
-3.141593	0.674054	1.013609	5	106	255	0.029
2.617994	0.864993	2.278281	6	124	253	0.029
-1.570796	0.961715	0.014085	12	127	248	0.029
-1.832596	2.456751	-1.503343	13	128	7	0.029
-1.308997	0.080730	-2.622036	247	130	241	0.029
2.617994	2.153910	-1.714959	253	95	251	0.028
-2.617994	1.450119	-2.739050	15	103	238	0.027
-2.094395	2.404280	-0.174044	252	123	1	0.027
-1.832596	2.404280	-0.174044	8	131	9	0.027
-1.308997	2.404280	-0.174044	254	114	7	0.027
-1.047198	2.115563	0.685730	255	100	18	0.027
1.047198	2.115563	0.685730	251	110	10	0.027
1.832596	2.115563	0.685730	252	112	2	0.027
-2.094395	1.756530	-2.105156	18	110	244	0.027
-1.308997	1.756530	-2.105156	14	111	247	0.027
2.094395	1.756530	-2.105156	248	103	246	0.027
-2.617994	1.869911	2.701025	9	103	0	0.027
-0.785398	0.458961	-0.107937	22	106	246	0.027
0.261799	1.599406	1.426070	0	109	11	0.027
1.047198	1.599406	1.426070	250	111	16	0.027
1.308997	1.599406	1.426070	255	128	6	0.027
-0.785398	1.554776	0.100351	20	103	1	0.027
0.785398	1.554776	0.100351	253	112	254	0.027
2.617994	1.554776	0.100351	240	120	254	0.027
2.617994	0.618092	2.539118	20	165	242	0.027
-3.141593	0.615174	-0.666022	245	118	244	0.027
0.000000	0.615174	-0.666022	17	127	244	0.027
1.308997	2.393226	1.857173	254	159	7	0.027
1.570796	2.393226	1.857173	2	102	14	0.027
-0.523599	0.419640	2.974122	243	111	241	0.027
0.785398	0.419640	2.974122	253	130	239	0.027
-0.261799	1.134796	2.434290	242	111	251	0.027
1.570796	1.134796	2.434290	242	120	2	0.027
-2.617994	1.574060	2.783565	15	103	247	0.027
-0.261799	1.574060	2.783565	251	111	255	0.027
-1.047198	2.587733	0.232235	253	111	12	0.027
2.356194	2.587733	0.232235	251	111	8	0.027
-2.356194	1.413430	2.550734	13	103	244	0.027
-1.570796	0.850607	-1.335383	255	98	244	0.027
-0.785398	0.850607	-1.335383	19	105	248	0.027
-0.261799	0.850607	-1.335383	4	108	231	0.027
-2.617994	0.370812	-2.547742	255	112	237	0.027
0.785398	0.370812	-2.547742	6	127	235	0.027
1.047198	0.640596	-2.797608	254	111	234	0.027
-2.617994	2.979456	-1.009304	246	128	5	0.027
-0.523599	2.979456	-1.009304	23	107	2	0.027
2.879793	2.979456	-1.009304	244	127	12	0.027
-2.617994	2.343981	-1.040456	7	125	252	0.027
2.094395	1.998705	2.370472	254	128	3	0.027
-1.308997	1.413347	-1.339188	22	100	251	0.027
-1.570796	0.674054	1.013609	17	118	246	0.027
2.094395	0.674054	1.013609	244	98	2	0.027
-2.356194	1.870545	-2.976234	14	111	3	0.027
1.570796	1.870545	-2.976234	241	103	235	0.027
2.094395	1.870545	-2.976234	253	122	249	0.027
2.356194	1.870545	-2.976234	248	100	252	0.027
-2.356194	2.164094	-2.991358	20	122	249	0.027
0.523599	2.164094	-2.991358	242	112	248	0.027
-1.832596	0.379747	-1.713059	242	105	234	0.027
-1.308997	0.379747	-1.713059	11	146	238	0.027
-0.261799	0.379747	-1.713059	14	102	233	0.027
0.523599	0.379747	-1.713059	17	114	243	0.027
0.785398	0.379747	-1.713059	16	106	245	0.027
-3.141593	2.187132	-0.479875	251	106	5	0.027
-2.617994	0.866955	-0.931351	243	102	237	0.027
-0.261799	0.866955	-0.931351	19	118	248	0.027
0.000000	0.866955	-0.931351	18	146	240	0.027
2.617994	0.866955	-0.931351	246	107	234	0.027
-2.094395	2.299159	2.264663	3	120	3	0.027
0.785398	2.299159	2.264663	249	159	4	0.027
1.570796	1.812176	0.656819	1	128	4	0.027
-2.356194	2.719179	-1.780644	1	127	252	0.027
1.047198	2.719179	-1.780644	247	143	252	0.027
-2.617994	2.396274	-1.959260	8	127	252	0.027
2.094395	2.396274	-1.959260	250	106	252	0.027
-1.570796	0.866395	-2.492918	3	118	230	0.027
1.308997	0.866395	-2.492918	9	98	228	0.027
2.094395	1.617114	-1.572037	241	111	246	0.027
-2.617994	2.247462	0.191623	252	103	12	0.027
-2.094395	2.247462	0.191623	4	104	8	0.027
-1.832596	2.247462	0.191623	2	123	9	0.027
2.356194	2.247462	0.191623	248	107	14	0.027
-2.356194	2.724429	-0.348782	240	97	11	0.027
-2.094395	2.724429	-0.348782	249	114	5	0.027
-1.047198	2.724429	-0.348782	16	127	3	0.027
-1.570796	1.194549	-0.801900	14	114	249	0.027
-1.308997	1.194549	-0.801900	3	104	236	0.027
-1.047198	1.194549	-0.801900	19	128	245	0.027
-1.308997	1.504028	0.636812	15	106	6	0.027
1.308997	1.504028	0.636812	242	143	9	0.027
1.308997	1.741644	-2.695914	252	102	0	0.027
1.570796	1.741644	-2.695914	246	111	244	0.027
2.094395	1.741644	-2.695914	247	110	243	0.027
-2.879793	2.664082	-1.071402	255	123	254	0.027
-1.832596	2.664082	-1.071402	15	114	254	0.027
2.879793	2.664082	-1.071402	246	120	9	0.027
-2.879793	2.984978	1.954446	17	112	5	0.027
1.570796	2.984978	1.954446	255	127	5	0.027
-2.094395	1.766067	2.153843	14	159	3	0.027
1.047198	1.809167	1.213774	244	119	10	0.027
1.832596	1.809167	1.213774	2	128	6	0.027
-3.141593	1.909857	-0.381669	246	106	5	0.027
0.000000	1.909857	-0.381669	16	112	8	0.027
2.879793	1.909857	-0.381669	245	106	2	0.027
1.832596	1.195355	1.200319	237	123	6	0.027
2.094395	1.195355	1.200319	247	101	6	0.027
-0.261799	1.310100	1.488307	255	107	4	0.027
1.570796	1.310100	1.488307	242	104	1	0.027
-2.356194	2.153910	-1.714959	13	118	250	0.027
2.094395	2.153910	-1.714959	243	111	249	0.027
2.879793	2.153910	-1.714959	248	105	246	0.027
-1.047198	1.367556	0.358405	16	99	1	0.027
-0.785398	1.367556	0.358405	14	107	253	0.027
2.356194	1.367556	0.358405	244	100	252	0.027
0.523599	2.863997	0.549740	19	166	5	0.027
2.617994	2.863997	0.549740	8	136	1	0.027
2.094395	2.041297	-2.664597	253	103	0	0.027
2.617994	2.041297	-2.664597	251	105	255	0.027
-1.047198	1.045978	0.343692	24	105	1	0.027
2.094395	1.045978	0.343692	244	106	8	0.027
-3.141593	0.290380	-0.796960	251	102	247	0.027
-2.879793	0.290380	-0.796960	237	106	243	0.027
0.523599	0.290380	-0.796960	17	127	239	0.027
-1.047198	1.545873	-1.877082	11	107	241	0.027
2.094395	2.356369	3.005869	255	119	3	0.027
1.832596	1.948085	-2.363031	242	128	253	0.027
1.047198	1.736875	3.023612	247	106	241	0.027
2.617994	1.736875	3.023612	8	116	250	0.027
-2.356194	0.591903	2.010408	12	106	245	0.027
-3.141593	2.760637	2.781135	16	127	6	0.027
-2.617994	2.760637	2.781135	9	102	5	0.027
0.261799	2.760637	2.781135	247	118	1	0.027
2.094395	1.256302	0.062705	243	128	250	0.027
1.047198	2.592629	0.909713	12	120	6	0.027
2.879793	2.592629	0.909713	14	168	5	0.027
0.261799	1.113094	-0.272241	16	111	251	0.027
-2.879793	2.407836	1.410646	13	146	8	0.027
-1.570796	2.407836	1.410646	251	112	10	0.027
2.356194	2.407836	1.410646	20	112	16	0.027
-2.094395	2.089241	-0.114193	0	103	3	0.027
-0.785398	0.619654	-2.216909	254	127	231	0.027
-0.261799	0.619654	-2.216909	6	110	242	0.027
0.000000	0.619654	-2.216909	7	107	235	0.027
2.356194	0.619654	-2.216909	7	128	237	0.027
-2.356194	2.456751	-1.503343	0	120	253	0.027
0.785398	2.456751	-1.503343	2	177	2	0.027
1.308997	2.456751	-1.503343	244	175	252	0.027
2.879793	2.456751	-1.503343	250	98	249	0.027
1.832596	2.001437	0.381215	247	112	9	0.027
0.261799	2.138223	1.678323	0	139	11	0.027
1.047198	2.349581	-2.702517	249	110	254	0.027
-2.879793	1.168678	2.108595	14	101	4	0.027
1.570796	1.168678	2.108595	249	103	250	0.027
-1.832596	2.180315	-1.357379	7	98	2	0.027
1.570796	2.180315	-1.357379	249	112	253	0.027
-2.617994	2.478122	2.609777	15	107	6	0.027
2.356194	2.478122	2.609777	14	133	2	0.027
-1.308997	1.184361	0.625864	14	103	248	0.027
2.879793	2.108018	1.311430	255	123	9	0.027
-1.308997	1.325504	-1.671296	11	100	239	0.027
1.047198	1.506530	1.988858	238	106	10	0.027
1.832596	1.506530	1.988858	253	120	4	0.027
-1.047198	1.977582	0.969896	2	110	13	0.027
1.832596	2.637879	2.121598	2	155	4	0.027
2.094395	2.637879	2.121598	4	101	14	0.027
2.879793	2.637879	2.121598	16	107	6	0.027
1.570796	1.555207	1.708892	246	119	254	0.027
-3.141593	2.295480	1.008277	4	128	9	0.027
1.308997	2.295480	1.008277	13	108	16	0.027
2.356194	2.295480	1.008277	2	141	6	0.027
2.617994	2.295480	1.008277	2	107	15	0.027
2.617994	0.203748	0.590255	6	103	245	0.027
2.879793	0.203748	0.590255	250	123	244	0.027
-1.308997	1.510910	-0.740472	10	102	247	0.027
-1.047198	1.510910	-0.740472	14	112	4	0.027
1.832596	1.510910	-0.740472	248	143	255	0.027
-1.570796	0.571433	-1.188419	255	112	238	0.027
-0.785398	0.571433	-1.188419	14	120	235	0.027
-0.261799	0.571433	-1.188419	252	102	242	0.027
2.879793	0.571433	-1.188419	248	166	240	0.027
1.832596	1.982574	-1.115518	247	106	251	0.027
2.879793	1.982574	-1.115518	244	103	0	0.027
0.523599	2.033014	2.977192	244	157	248	0.027
2.356194	2.033014	2.977192	5	113	251	0.027
-1.047198	0.297065	2.160177	249	173	232	0.027
-1.047198	0.992645	-1.723759	255	111	234	0.027
0.261799	0.992645	-1.723759	6	103	238	0.027
-3.141593	1.872854	1.543456	11	106	13	0.027
-2.356194	1.872854	1.543456	9	108	12	0.027
1.570796	1.872854	1.543456	253	106	13	0.027
2.356194	1.872854	1.543456	5	114	12	0.027
0.000000	0.762244	-0.273349	12	112	248	0.027
-2.356194	1.050534	3.042579	21	102	246	0.027
-3.141593	2.588535	-2.976617	7	127	252	0.027
-2.879793	2.588535	-2.976617	10	127	253	0.027
-2.617994	2.588535	-2.976617	5	102	5	0.027
1.047198	2.588535	-2.976617	231	103	255	0.027
2.879793	2.588535	-2.976617	15	122	1	0.027
-1.570796	0.685216	-1.712745	2	102	242	0.027
-0.523599	0.685216	-1.712745	2	123	239	0.027
-0.261799	0.685216	-1.712745	0	104	239	0.027
2.094395	2.063651	-2.044600	248	119	247	0.027
-1.047198	0.700570	1.559208	15	178	249	0.027
1.047198	1.025536	1.576859	240	103	252	0.027
1.308997	1.374601	-2.456031	250	128	234	0.027
2.879793	1.374601	-2.456031	7	106	241	0.027
-1.047198	1.732874	-0.951685	24	106	3	0.027
-2.356194	0.960688	-0.577532	250	118	247	0.027
-0.261799	0.960688	-0.577532	15	108	242	0.027
1.047198	2.704512	1.488683	3	126	8	0.027
2.617994	2.704512	1.488683	6	120	9	0.027
-2.617994	0.929350	-2.910676	8	107	245	0.027
0.785398	1.128190	-2.288622	255	138	232	0.027
1.832596	1.128190	-2.288622	4	102	243	0.027
-2.879793	2.881233	-2.582574	2	122	8	0.027
-0.785398	2.881233	-2.582574	4	126	3	0.027
1.570796	1.696674	-1.253233	249	111	248	0.027
2.356194	1.696674	-1.253233	241	106	3	0.027
-1.047198	1.683268	0.374177	10	106	10	0.027
1.832596	1.683268	0.374177	252	111	17	0.027
-2.879793	0.709924	0.218797	251	120	251	0.027
-1.308997	0.709924	0.218797	19	102	1	0.027
2.617994	0.709924	0.218797	241	106	247	0.027
-1.832596	0.496451	0.593859	18	102	242	0.027
-1.308997	0.496451	0.593859	18	104	247	0.027
-0.523599	0.496451	0.593859	22	163	245	0.027
-2.879793	2.379497	0.561089	11	107	10	0.027
-2.617994	2.379497	0.561089	255	104	17	0.027
-2.356194	2.379497	0.561089	248	107	19	0.027
-1.308997	2.379497	0.561089	10	111	15	0.027
-1.047198	2.379497	0.561089	253	98	15	0.027
-0.785398	2.379497	0.561089	6	106	11	0.027
-0.523599	2.379497	0.561089	10	116	13	0.027
2.094395	2.379497	0.561089	4	109	16	0.027
2.356194	2.379497	0.561089	255	118	13	0.027
0.785398	1.658653	-2.409879	251	166	246	0.027
1.308997	1.658653	-2.409879	244	110	246	0.027
2.094395	1.658653	-2.409879	254	118	244	0.027
1.047198	0.418037	1.360082	244	112	250	0.027
1.570796	0.418037	1.360082	236	115	250	0.027
-0.785398	1.214854	-1.966664	7	168	238	0.027
0.785398	1.214854	-1.966664	0	111	243	0.027
2.356194	1.214854	-1.966664	5	153	232	0.027
-0.785398	0.914445	2.687814	253	170	237	0.027
1.832596	1.448123	-2.163292	249	110	234	0.027
-0.523599	2.455966	-0.641220	16	119	9	0.027
2.356194	2.455966	-0.641220	235	107	250	0.027
2.879793	2.455966	-0.641220	254	159	4	0.027
-2.094395	1.662363	0.915448	11	114	13	0.027
-1.832596	1.869911	2.701025	11	118	2	0.025
1.047198	0.458961	-0.107937	255	154	243	0.025
2.094395	0.458961	-0.107937	244	151	251	0.025
2.356194	0.458961	-0.107937	252	135	245	0.025
1.570796	1.846342	-1.796954	244	122	249	0.025
-2.356194	2.393226	1.857173	5	140	0	0.025
-1.832596	1.569311	-3.003978	11	134	239	0.025
0.785398	1.569311	-3.003978	240	149	246	0.025
2.879793	1.569311	-3.003978	9	109	243	0.025
-1.047198	0.419640	2.974122	246	132	244	0.025
1.832596	0.419640	2.974122	15	151	235	0.025
2.356194	1.574060	2.783565	1	109	243	0.025
0.523599	2.587733	0.232235	8	153	13	0.025
-1.832596	1.413430	2.550734	12	128	242	0.025
-2.617994	0.640596	-2.797608	14	120	239	0.025
-0.785398	0.640596	-2.797608	1	113	231	0.025
0.261799	0.640596	-2.797608	0	113	237	0.025
1.570796	0.831641	0.616218	237	121	3	0.025
1.832596	2.343981	-1.040456	240	120	252	0.025
2.356194	2.343981	-1.040456	239	122	5	0.025
-2.879793	1.998705	2.370472	19	94	5	0.025
1.308997	0.674054	1.013609	238	146	2	0.025
-2.356194	1.335669	0.897240	7	110	4	0.025
-1.570796	1.870545	-2.976234	10	148	243	0.025
-1.308997	1.870545	-2.976234	5	160	0	0.025
-2.617994	2.164094	-2.991358	14	112	242	0.025
-2.094395	0.379747	-1.713059	242	134	245	0.025
-2.617994	2.299159	2.264663	18	132	6	0.025
1.570796	0.866395	-2.492918	10	123	231	0.025
-1.832596	0.864993	2.278281	14	152	249	0.025
-2.094395	1.741644	-2.695914	10	112	255	0.025
1.047198	2.579248	-2.364801	246	118	249	0.025
-3.141593	0.899350	-2.069907	2	152	237	0.025
-1.832596	2.984978	1.954446	7	119	6	0.025
2.094395	2.984978	1.954446	3	110	4	0.025
-2.356194	1.909857	-0.381669	253	111	8	0.025
-1.570796	1.195355	1.200319	9	119	5	0.025
1.047198	1.310100	1.488307	240	116	4	0.025
-1.832596	2.153910	-1.714959	9	111	250	0.025
2.879793	1.367556	0.358405	254	106	5	0.025
0.785398	2.863997	0.549740	15	114	8	0.025
1.832596	1.736875	3.023612	254	128	250	0.025
1.047198	2.760637	2.781135	238	114	3	0.025
1.308997	2.760637	2.781135	0	128	255	0.025
1.570796	1.256302	0.062705	251	138	4	0.025
-2.094395	0.619654	-2.216909	253	117	239	0.025
-3.141593	2.456751	-1.503343	2	111	2	0.025
2.356194	2.456751	-1.503343	234	112	243	0.025
-2.879793	2.180315	-1.357379	0	111	255	0.025
1.308997	1.699788	2.452890	245	128	1	0.025
2.617994	1.699788	2.452890	12	127	253	0.025
0.785398	1.184361	0.625864	252	128	254	0.025
1.308997	2.108018	1.311430	247	147	13	0.025
-1.047198	1.488617	1.159546	9	145	5	0.025
-1.832596	1.977582	0.969896	10	147	7	0.025
1.308997	1.977582	0.969896	248	127	8	0.025
2.356194	2.637879	2.121598	18	94	16	0.025
1.570796	1.218453	2.777284	251	126	241	0.025
-2.094395	1.721184	-0.153948	4	107	4	0.025
1.832596	0.733948	3.021411	4	128	244	0.025
-1.570796	1.391910	3.030322	9	160	0	0.025
1.832596	1.391910	3.030322	252	128	248	0.025
-2.094395	0.700570	1.559208	10	127	247	0.025
-2.094395	2.251330	-2.330739	16	152	242	0.025
1.570796	1.374601	-2.456031	3	118	238	0.025
-3.141593	2.704512	1.488683	7	119	10	0.025
-2.094395	2.704512	1.488683	0	144	4	0.025
-1.308997	2.704512	1.488683	246	117	10	0.025
-0.523599	2.704512	1.488683	243	159	5	0.025
-1.047198	1.128190	-2.288622	5	114	233	0.025
2.094395	2.881233	-2.582574	0	128	254	0.025
-1.570796	2.073035	2.027405	6	135	13	0.025
-1.832596	1.301460	-0.509251	14	127	245	0.025
1.832596	1.904882	-1.478089	249	116	251	0.025
-2.617994	0.496451	0.593859	10	112	255	0.025
0.000000	0.496451	0.593859	9	168	2	0.025
-1.570796	2.379497	0.561089	246	127	6	0.025
-2.617994	0.418037	1.360082	3	107	250	0.025
-0.785398	0.418037	1.360082	18	162	249	0.025
-2.617994	2.455966	-0.641220	3	111	7	0.025
2.617994	1.662363	0.915448	7	111	8	0.025
1.308997	1.846342	-1.796954	254	136	240	0.024
0.261799	0.619654	-2.216909	6	96	233	0.024
-2.879793	1.450119	-2.739050	7	120	246	0.023
-2.356194	1.450119	-2.739050	9	148	243	0.023
-2.094395	1.450119	-2.739050	15	108	242	0.023
-1.832596	1.450119	-2.739050	7	128	233	0.023
-1.308997	1.450119	-2.739050	19	159	243	0.023
0.261799	1.450119	-2.739050	242	112	245	0.023
0.523599	1.450119	-2.739050	254	128	244	0.023
0.785398	1.450119	-2.739050	241	147	245	0.023
1.047198	1.450119	-2.739050	248	116	246	0.023
1.308997	1.450119	-2.739050	250	106	242	0.023
1.570796	1.450119	-2.739050	255	144	246	0.023
1.832596	1.450119	-2.739050	253	100	247	0.023
2.356194	1.450119	-2.739050	253	103	240	0.023
2.617994	1.450119	-2.739050	8	124	241	0.023
-3.141593	2.404280	-0.174044	240	106	11	0.023
-2.879793	2.404280	-0.174044	0	143	8	0.023
-2.356194	2.404280	-0.174044	247	127	14	0.023
-1.047198	2.404280	-0.174044	14	110	9	0.023
-0.785398	2.404280	-0.174044	7	127	7	0.023
1.570796	2.404280	-0.174044	245	122	3	0.023
1.832596	2.404280	-0.174044	249	111	10	0.023
2.356194	2.404280	-0.174044	3	122	7	0.023
2.617994	2.404280	-0.174044	255	110	8	0.023
-3.141593	2.115563	0.685730	9	105	16	0.023
-2.879793	2.115563	0.685730	248	122	13	0.023
-2.617994	2.115563	0.685730	11	108	12	0.023
-2.356194	2.115563	0.685730	1	106	12	0.023
-1.832596	2.115563	0.685730	11	111	13	0.023
-1.570796	2.115563	0.685730	11	107	15	0.023
-1.308997	2.115563	0.685730	247	102	19	0.023
-0.785398	2.115563	0.685730	12	127	20	0.023
0.785398	2.115563	0.685730	254	107	16	0.023
1.308997	2.115563	0.685730	251	173	7	0.023
1.570796	2.115563	0.685730	251	111	12	0.023
2.094395	2.115563	0.685730	252	104	18	0.023
2.617994	2.115563	0.685730	254	109	18	0.023
2.879793	2.115563	0.685730	1	110	18	0.023
-2.617994	1.756530	-2.105156	8	136	242	0.023
-1.832596	1.756530	-2.105156	20	107	244	0.023
-1.570796	1.756530	-2.105156	18	139	248	0.023
1.047198	1.756530	-2.105156	245	110	229	0.023
1.570796	1.756530	-2.105156	241	120	243	0.023
1.832596	1.756530	-2.105156	254	122	243	0.023
2.356194	1.756530	-2.105156	252	122	247	0.023
2.617994	1.756530	-2.105156	254	143	243	0.023
-3.141593	1.869911	2.701025	10	127	254	0.023
-2.879793	1.869911	2.701025	24	143	254	0.023
-2.356194	1.869911	2.701025	18	123	1	0.023
0.785398	1.869911	2.701025	236	157	250	0.023
1.047198	1.869911	2.701025	250	136	253	0.023
1.308997	1.869911	2.701025	244	131	248	0.023
1.570796	1.869911	2.701025	237	118	0	0.023
2.094395	1.869911	2.701025	2	140	5	0.023
2.356194	1.869911	2.701025	3	97	7	0.023
2.617994	1.869911	2.701025	13	120	5	0.023
2.879793	1.869911	2.701025	7	98	3	0.023
-3.141593	0.458961	-0.107937	1	103	246	0.023
-1.832596	0.458961	-0.107937	15	123	239	0.023
-1.047198	0.458961	-0.107937	16	102	252	0.023
-0.523599	0.458961	-0.107937	17	112	254	0.023
0.785398	0.458961	-0.107937	5	175	243	0.023
1.570796	0.458961	-0.107937	249	141	239	0.023
1.832596	0.458961	-0.107937	233	110	245	0.023
2.617994	0.458961	-0.107937	237	110	251	0.023
2.879793	0.458961	-0.107937	251	157	248	0.023
-2.356194	1.599406	1.426070	20	103	10	0.023
-2.094395	1.599406	1.426070	16	165	250	0.023
-1.832596	1.599406	1.426070	10	107	18	0.023
0.000000	1.599406	1.426070	254	126	10	0.023
0.785398	1.599406	1.426070	245	102	7	0.023
1.570796	1.599406	1.426070	253	101	20	0.023
1.832596	1.599406	1.426070	253	128	17	0.023
2.094395	1.599406	1.426070	254	97	19	0.023
2.356194	1.599406	1.426070	255	102	15	0.023
2.617994	1.599406	1.426070	4	98	13	0.023
2.879793	1.599406	1.426070	4	100	5	0.023
-2.617994	1.554776	0.100351	6	100	11	0.023
-2.356194	1.554776	0.100351	255	103	12	0.023
-1.832596	1.554776	0.100351	6	118	13	0.023
-1.308997	1.554776	0.100351	18	141	5	0.023
-0.523599	1.554776	0.100351	15	107	254	0.023
2.094395	1.554776	0.100351	254	144	14	0.023
-3.141593	0.618092	2.539118	10	120	252	0.023
-2.879793	0.618092	2.539118	25	140	239	0.023
-2.356194	0.618092	2.539118	18	112	249	0.023
-2.094395	0.618092	2.539118	16	110	246	0.023
-0.785398	0.618092	2.539118	2	169	238	0.023
0.000000	0.618092	2.539118	241	110	246	0.023
0.785398	0.618092	2.539118	245	107	246	0.023
1.570796	0.618092	2.539118	6	125	247	0.023
1.832596	0.618092	2.539118	0	116	248	0.023
2.094395	0.618092	2.539118	4	143	235	0.023
2.879793	0.618092	2.539118	11	106	244	0.023
-2.617994	1.846342	-1.796954	4	115	251	0.023
-2.356194	1.846342	-1.796954	0	119	0	0.023
-2.094395	1.846342	-1.796954	5	119	253	0.023
-1.832596	1.846342	-1.796954	17	161	245	0.023
-1.308997	1.846342	-1.796954	15	102	248	0.023
-1.047198	1.846342	-1.796954	13	111	247	0.023
0.000000	1.846342	-1.796954	11	108	249	0.023
1.047198	1.846342	-1.796954	243	119	252	0.023
1.832596	1.846342	-1.796954	246	120	247	0.023
2.094395	1.846342	-1.796954	238	120	238	0.023
2.356194	1.846342	-1.796954	249	107	252	0.023
-2.879793	0.615174	-0.666022	251	114	243	0.023
-2.094395	0.615174	-0.666022	1	128	246	0.023
-1.832596	0.615174	-0.666022	22	111	248	0.023
-1.047198	0.615174	-0.666022	17	119	254	0.023
-0.785398	0.615174	-0.666022	9	143	248	0.023
-0.523599	0.615174	-0.666022	16	104	241	0.023
-0.261799	0.615174	-0.666022	24	105	249	0.023
0.261799	0.615174	-0.666022	14	167	238	0.023
2.356194	0.615174	-0.666022	251	116	237	0.023
2.879793	0.615174	-0.666022	249	110	250	0.023
-3.141593	2.393226	1.857173	3	112	16	0.023
-2.879793	2.393226	1.857173	14	160	4	0.023
-2.617994	2.393226	1.857173	4	103	8	0.023
-2.094395	2.393226	1.857173	11	107	2	0.023
-1.570796	2.393226	1.857173	12	112	2	0.023
0.000000	2.393226	1.857173	1	168	11	0.023
0.785398	2.393226	1.857173	255	119	10	0.023
1.047198	2.393226	1.857173	4	102	15	0.023
1.832596	2.393226	1.857173	3	136	9	0.023
2.094395	2.393226	1.857173	18	118	18	0.023
2.356194	2.393226	1.857173	12	109	14	0.023
2.617994	2.393226	1.857173	13	103	13	0.023
-3.141593	1.569311	-3.003978	21	141	250	0.023
-2.879793	1.569311	-3.003978	28	106	244	0.023
-2.617994	1.569311	-3.003978	21	106	243	0.023
-2.356194	1.569311	-3.003978	20	99	250	0.023
-1.570796	1.569311	-3.003978	5	136	248	0.023
-0.523599	1.569311	-3.003978	5	175	250	0.023
0.261799	1.569311	-3.003978	243	128	251	0.023
0.523599	1.569311	-3.003978	242	106	253	0.023
1.047198	1.569311	-3.003978	241	98	246	0.023
1.832596	1.569311	-3.003978	255	123	241	0.023
2.094395	1.569311	-3.003978	244	103	1	0.023
2.356194	1.569311	-3.003978	0	97	250	0.023
2.617994	1.569311	-3.003978	9	140	243	0.023
-2.879793	0.419640	2.974122	19	162	238	0.023
-2.617994	0.419640	2.974122	22	111	241	0.023
-2.356194	0.419640	2.974122	22	107	246	0.023
-1.832596	0.419640	2.974122	5	112	246	0.023
-1.570796	0.419640	2.974122	7	181	231	0.023
-0.785398	0.419640	2.974122	6	173	238	0.023
-0.261799	0.419640	2.974122	242	106	244	0.023
0.000000	0.419640	2.974122	238	126	241	0.023
0.261799	0.419640	2.974122	1	123	241	0.023
0.523599	0.419640	2.974122	236	110	245	0.023
1.570796	0.419640	2.974122	255	128	242	0.023
2.356194	0.419640	2.974122	19	105	245	0.023
-2.617994	1.134796	2.434290	16	160	254	0.023
-2.094395	1.134796	2.434290	18	112	0	0.023
-1.832596	1.134796	2.434290	19	172	251	0.023
0.523599	1.134796	2.434290	235	110	249	0.023
1.308997	1.134796	2.434290	250	134	254	0.023
2.617994	1.134796	2.434290	11	138	0	0.023
-2.879793	1.574060	2.783565	19	128	253	0.023
-2.356194	1.574060	2.783565	15	122	253	0.023
-1.832596	1.574060	2.783565	21	144	254	0.023
-1.570796	1.574060	2.783565	13	131	254	0.023
1.047198	1.574060	2.783565	241	110	247	0.023
1.308997	1.574060	2.783565	245	130	2	0.023
2.094395	1.574060	2.783565	253	137	248	0.023
2.617994	1.574060	2.783565	10	149	245	0.023
2.879793	1.574060	2.783565	6	104	248	0.023
-3.141593	2.587733	0.232235	246	109	10	0.023
-2.617994	2.587733	0.232235	0	109	12	0.023
-2.356194	2.587733	0.232235	250	116	13	0.023
-2.094395	2.587733	0.232235	250	123	9	0.023
-1.832596	2.587733	0.232235	5	102	12	0.023
-1.570796	2.587733	0.232235	6	111	17	0.023
-0.785398	2.587733	0.232235	4	144	4	0.023
-0.523599	2.587733	0.232235	8	122	8	0.023
-0.261799	2.587733	0.232235	4	127	7	0.023
0.000000	2.587733	0.232235	3	107	13	0.023
0.785398	2.587733	0.232235	10	107	10	0.023
1.047198	2.587733	0.232235	1	138	10	0.023
1.570796	2.587733	0.232235	10	182	9	0.023
2.094395	2.587733	0.232235	254	112	3	0.023
-3.141593	1.413430	2.550734	12	98	250	0.023
-2.094395	1.413430	2.550734	16	111	249	0.023
0.785398	1.413430	2.550734	241	128	250	0.023
1.047198	1.413430	2.550734	246	127	5	0.023
1.832596	1.413430	2.550734	250	135	249	0.023
2.617994	1.413430	2.550734	16	143	248	0.023
-2.094395	1.417623	-0.202254	13	119	3	0.023
-1.570796	1.417623	-0.202254	9	116	2	0.023
-1.047198	1.417623	-0.202254	12	115	4	0.023
1.832596	1.417623	-0.202254	244	156	1	0.023
2.094395	1.417623	-0.202254	247	119	4	0.023
2.356194	1.417623	-0.202254	244	120	1	0.023
2.617994	1.417623	-0.202254	238	128	7	0.023
2.879793	1.417623	-0.202254	245	98	5	0.023
-2.879793	0.850607	-1.335383	251	101	244	0.023
-2.617994	0.850607	-1.335383	0	100	247	0.023
-1.832596	0.850607	-1.335383	5	97	246	0.023
-1.308997	0.850607	-1.335383	13	106	0	0.023
-1.047198	0.850607	-1.335383	7	110	245	0.023
-0.523599	0.850607	-1.335383	11	102	243	0.023
0.000000	0.850607	-1.335383	7	103	244	0.023
0.261799	0.850607	-1.335383	13	112	236	0.023
0.523599	0.850607	-1.335383	8	107	236	0.023
0.785398	0.850607	-1.335383	14	171	237	0.023
2.356194	0.850607	-1.335383	254	169	246	0.023
2.617994	0.850607	-1.335383	252	143	236	0.023
-2.879793	0.370812	-2.547742	9	111	246	0.023
-2.094395	0.370812	-2.547742	9	169	242	0.023
-1.832596	0.370812	-2.547742	244	111	237	0.023
-0.785398	0.370812	-2.547742	253	120	243	0.023
-0.523599	0.370812	-2.547742	2	144	242	0.023
-0.261799	0.370812	-2.547742	0	134	243	0.023
0.000000	0.370812	-2.547742	252	127	241	0.023
0.261799	0.370812	-2.547742	5	111	242	0.023
0.523599	0.370812	-2.547742	252	112	242	0.023
1.047198	0.370812	-2.547742	5	141	240	0.023
1.308997	0.370812	-2.547742	18	103	241	0.023
1.570796	0.370812	-2.547742	1	107	242	0.023
1.832596	0.370812	-2.547742	6	126	235	0.023
2.617994	0.370812	-2.547742	20	111	243	0.023
-2.879793	0.640596	-2.797608	17	104	237	0.023
-2.356194	0.640596	-2.797608	8	110	248	0.023
-1.832596	0.640596	-2.797608	15	112	243	0.023
-1.308997	0.640596	-2.797608	5	163	244	0.023
-1.047198	0.640596	-2.797608	247	111	246	0.023
-0.523599	0.640596	-2.797608	246	127	237	0.023
-0.261799	0.640596	-2.797608	254	112	242	0.023
0.523599	0.640596	-2.797608	9	103	237	0.023
0.785398	0.640596	-2.797608	247	136	236	0.023
1.308997	0.640596	-2.797608	2	136	247	0.023
1.570796	0.640596	-2.797608	6	105	236	0.023
2.356194	0.640596	-2.797608	14	119	237	0.023
2.617994	0.640596	-2.797608	7	110	243	0.023
-3.141593	2.979456	-1.009304	249	134	11	0.023
-2.879793	2.979456	-1.009304	245	140	5	0.023
-2.356194	2.979456	-1.009304	7	124	11	0.023
-2.094395	2.979456	-1.009304	5	139	10	0.023
-1.832596	2.979456	-1.009304	15	105	4	0.023
-1.570796	2.979456	-1.009304	255	104	9	0.023
-1.308997	2.979456	-1.009304	6	128	13	0.023
-0.785398	2.979456	-1.009304	23	140	7	0.023
1.047198	2.979456	-1.009304	0	135	4	0.023
1.832596	2.979456	-1.009304	250	128	4	0.023
2.094395	2.979456	-1.009304	251	128	9	0.023
2.356194	2.979456	-1.009304	245	127	3	0.023
2.617994	2.979456	-1.009304	241	106	0	0.023
-2.879793	0.831641	0.616218	5	140	0	0.023
-2.617994	0.831641	0.616218	5	135	0	0.023
-2.094395	0.831641	0.616218	6	124	5	0.023
-1.570796	0.831641	0.616218	27	112	10	0.023
-1.047198	0.831641	0.616218	6	109	254	0.023
-0.261799	0.831641	0.616218	20	173	252	0.023
0.000000	0.831641	0.616218	6	111	3	0.023
1.308997	0.831641	0.616218	248	110	0	0.023
1.832596	0.831641	0.616218	246	135	248	0.023
2.094395	0.831641	0.616218	240	103	4	0.023
2.356194	0.831641	0.616218	244	100	9	0.023
2.617994	0.831641	0.616218	246	114	249	0.023
2.879793	0.831641	0.616218	249	143	4	0.023
-2.879793	2.343981	-1.040456	254	143	250	0.023
-2.356194	2.343981	-1.040456	11	143	2	0.023
-2.094395	2.343981	-1.040456	3	121	254	0.023
-1.832596	2.343981	-1.040456	11	140	5	0.023
-1.570796	2.343981	-1.040456	12	127	4	0.023
-0.785398	2.343981	-1.040456	19	122	2	0.023
1.570796	2.343981	-1.040456	246	112	254	0.023
2.094395	2.343981	-1.040456	241	149	253	0.023
2.879793	2.343981	-1.040456	249	103	5	0.023
-3.141593	1.998705	2.370472	18	128	6	0.023
-2.617994	1.998705	2.370472	21	127	7	0.023
-2.094395	1.998705	2.370472	20	111	255	0.023
-1.832596	1.998705	2.370472	12	112	252	0.023
-1.570796	1.998705	2.370472	11	107	249	0.023
0.785398	1.998705	2.370472	247	106	0	0.023
1.308997	1.998705	2.370472	244	144	248	0.023
1.570796	1.998705	2.370472	255	127	11	0.023
2.356194	1.998705	2.370472	7	116	4	0.023
2.617994	1.998705	2.370472	9	98	9	0.023
2.879793	1.998705	2.370472	13	100	0	0.023
-2.617994	1.413347	-1.339188	6	98	245	0.023
-1.832596	1.413347	-1.339188	3	143	247	0.023
-1.570796	1.413347	-1.339188	17	118	249	0.023
-1.047198	1.413347	-1.339188	15	111	1	0.023
-0.785398	1.413347	-1.339188	19	106	248	0.023
2.356194	1.413347	-1.339188	249	128	252	0.023
-2.879793	0.674054	1.013609	255	138	248	0.023
-2.617994	0.674054	1.013609	8	114	7	0.023
-2.356194	0.674054	1.013609	7	114	255	0.023
-1.832596	0.674054	1.013609	21	113	5	0.023
0.261799	0.674054	1.013609	9	189	251	0.023
1.570796	0.674054	1.013609	241	120	0	0.023
1.832596	0.674054	1.013609	236	106	9	0.023
-2.879793	0.906588	1.252948	5	143	3	0.023
-2.094395	0.906588	1.252948	26	111	2	0.023
-1.832596	0.906588	1.252948	20	146	252	0.023
-0.523599	0.906588	1.252948	7	172	3	0.023
1.047198	0.906588	1.252948	244	122	1	0.023
1.308997	0.906588	1.252948	246	155	8	0.023
1.570796	0.906588	1.252948	235	103	0	0.023
1.832596	0.906588	1.252948	241	110	1	0.023
2.094395	0.906588	1.252948	249	118	3	0.023
2.356194	0.906588	1.252948	255	103	4	0.023
-2.617994	1.335669	0.897240	4	123	11	0.023
-2.094395	1.335669	0.897240	11	143	0	0.023
-1.832596	1.335669	0.897240	12	143	4	0.023
-1.570796	1.335669	0.897240	9	144	10	0.023
-1.308997	1.335669	0.897240	15	111	4	0.023
1.570796	1.335669	0.897240	246	128	14	0.023
2.094395	1.335669	0.897240	239	107	3	0.023
2.356194	1.335669	0.897240	253	114	7	0.023
2.617994	1.335669	0.897240	246	98	6	0.023
-2.879793	1.870545	-2.976234	14	130	249	0.023
-2.617994	1.870545	-2.976234	12	106	245	0.023
-2.094395	1.870545	-2.976234	14	112	250	0.023
-1.832596	1.870545	-2.976234	12	136	254	0.023
0.261799	1.870545	-2.976234	244	106	241	0.023
0.785398	1.870545	-2.976234	238	128	249	0.023
1.308997	1.870545	-2.976234	239	108	251	0.023
1.832596	1.870545	-2.976234	252	116	248	0.023
2.617994	1.870545	-2.976234	4	143	246	0.023
-3.141593	2.164094	-2.991358	10	143	251	0.023
-2.879793	2.164094	-2.991358	12	143	247	0.023
-2.094395	2.164094	-2.991358	11	136	4	0.023
-1.570796	2.164094	-2.991358	4	111	253	0.023
0.261799	2.164094	-2.991358	245	159	251	0.023
0.785398	2.164094	-2.991358	241	106	248	0.023
1.047198	2.164094	-2.991358	245	128	252	0.023
1.308997	2.164094	-2.991358	241	106	1	0.023
1.570796	2.164094	-2.991358	242	127	5	0.023
1.832596	2.164094	-2.991358	249	134	0	0.023
2.094395	2.164094	-2.991358	251	138	2	0.023
2.356194	2.164094	-2.991358	254	143	250	0.023
2.617994	2.164094	-2.991358	4	110	1	0.023
2.879793	2.164094	-2.991358	9	115	255	0.023
-2.617994	0.379747	-1.713059	242	110	240	0.023
-2.356194	0.379747	-1.713059	244	107	226	0.023
-1.570796	0.379747	-1.713059	253	123	235	0.023
-0.785398	0.379747	-1.713059	3	102	244	0.023
-0.523599	0.379747	-1.713059	17	112	245	0.023
0.000000	0.379747	-1.713059	13	119	238	0.023
0.261799	0.379747	-1.713059	14	127	236	0.023
1.047198	0.379747	-1.713059	21	108	238	0.023
1.308997	0.379747	-1.713059	12	136	235	0.023
1.832596	0.379747	-1.713059	19	169	235	0.023
-2.879793	2.187132	-0.479875	253	144	8	0.023
-2.617994	2.187132	-0.479875	255	118	12	0.023
-2.356194	2.187132	-0.479875	253	130	4	0.023
-2.094395	2.187132	-0.479875	7	122	1	0.023
-1.832596	2.187132	-0.479875	10	118	7	0.023
-1.308997	2.187132	-0.479875	10	123	7	0.023
-1.047198	2.187132	-0.479875	21	109	254	0.023
1.047198	2.187132	-0.479875	5	193	253	0.023
1.308997	2.187132	-0.479875	3	175	251	0.023
1.570796	2.187132	-0.479875	2	127	4	0.023
2.094395	2.187132	-0.479875	248	112	4	0.023
2.356194	2.187132	-0.479875	245	143	5	0.023
2.617994	2.187132	-0.479875	247	128	3	0.023
2.879793	2.187132	-0.479875	242	107	6	0.023
-2.879793	0.866955	-0.931351	252	104	250	0.023
-2.094395	0.866955	-0.931351	12	143	243	0.023
-1.570796	0.866955	-0.931351	16	111	246	0.023
-1.308997	0.866955	-0.931351	8	121	253	0.023
-1.047198	0.866955	-0.931351	21	107	249	0.023
-0.785398	0.866955	-0.931351	5	101	239	0.023
-0.523599	0.866955	-0.931351	14	136	243	0.023
2.094395	0.866955	-0.931351	255	173	237	0.023
2.356194	0.866955	-0.931351	245	112	238	0.023
-3.141593	2.299159	2.264663	8	99	5	0.023
-2.879793	2.299159	2.264663	14	99	254	0.023
-2.356194	2.299159	2.264663	15	142	5	0.023
0.261799	2.299159	2.264663	248	112	11	0.023
1.308997	2.299159	2.264663	253	126	10	0.023
1.832596	2.299159	2.264663	255	123	8	0.023
2.094395	2.299159	2.264663	5	124	7	0.023
2.356194	2.299159	2.264663	18	118	11	0.023
2.617994	2.299159	2.264663	14	122	252	0.023
2.879793	2.299159	2.264663	15	103	7	0.023
-3.141593	1.812176	0.656819	3	103	22	0.023
-2.617994	1.812176	0.656819	2	102	4	0.023
-2.356194	1.812176	0.656819	2	107	19	0.023
-2.094395	1.812176	0.656819	254	133	8	0.023
-1.832596	1.812176	0.656819	13	127	18	0.023
-1.570796	1.812176	0.656819	0	102	15	0.023
-1.308997	1.812176	0.656819	4	128	10	0.023
-1.047198	1.812176	0.656819	11	106	17	0.023
-0.523599	1.812176	0.656819	12	111	11	0.023
2.094395	1.812176	0.656819	245	101	15	0.023
2.356194	1.812176	0.656819	247	101	11	0.023
2.617994	1.812176	0.656819	1	103	16	0.023
2.879793	1.812176	0.656819	251	98	10	0.023
-3.141593	2.719179	-1.780644	3	118	1	0.023
-2.879793	2.719179	-1.780644	4	127	249	0.023
-2.094395	2.719179	-1.780644	253	143	4	0.023
-1.832596	2.719179	-1.780644	1	98	5	0.023
-0.523599	2.719179	-1.780644	16	128	3	0.023
-0.261799	2.719179	-1.780644	12	152	5	0.023
0.523599	2.719179	-1.780644	12	112	10	0.023
1.570796	2.719179	-1.780644	251	163	0	0.023
1.832596	2.719179	-1.780644	246	128	255	0.023
2.094395	2.719179	-1.780644	239	111	10	0.023
2.356194	2.719179	-1.780644	250	101	10	0.023
2.617994	2.719179	-1.780644	255	144	9	0.023
2.879793	2.719179	-1.780644	252	118	254	0.023
-3.141593	2.396274	-1.959260	7	143	4	0.023
-2.094395	2.396274	-1.959260	18	120	255	0.023
-1.308997	2.396274	-1.959260	25	102	8	0.023
-0.261799	2.396274	-1.959260	2	159	246	0.023
0.785398	2.396274	-1.959260	1	196	249	0.023
1.570796	2.396274	-1.959260	245	143	251	0.023
1.832596	2.396274	-1.959260	239	111	251	0.023
2.617994	2.396274	-1.959260	251	140	4	0.023
-1.832596	0.866395	-2.492918	3	106	240	0.023
-0.523599	0.866395	-2.492918	4	123	235	0.023
-0.261799	0.866395	-2.492918	10	103	241	0.023
0.261799	0.866395	-2.492918	3	108	246	0.023
0.523599	0.866395	-2.492918	254	152	242	0.023
0.785398	0.866395	-2.492918	246	104	236	0.023
1.047198	0.866395	-2.492918	2	109	242	0.023
1.832596	0.866395	-2.492918	7	100	241	0.023
2.879793	0.866395	-2.492918	11	126	238	0.023
-2.879793	1.617114	-1.572037	2	106	240	0.023
-2.356194	1.617114	-1.572037	5	153	245	0.023
-2.094395	1.617114	-1.572037	5	101	251	0.023
-1.308997	1.617114	-1.572037	13	109	255	0.023
-1.047198	1.617114	-1.572037	21	103	250	0.023
-0.523599	1.617114	-1.572037	20	102	241	0.023
0.000000	1.617114	-1.572037	11	112	247	0.023
0.523599	1.617114	-1.572037	6	177	253	0.023
1.047198	1.617114	-1.572037	246	171	243	0.023
-2.094395	0.864993	2.278281	20	106	252	0.023
0.785398	0.864993	2.278281	240	101	249	0.023
1.047198	0.864993	2.278281	247	102	250	0.023
1.570796	0.864993	2.278281	243	98	0	0.023
2.356194	0.864993	2.278281	9	144	248	0.023
2.879793	0.864993	2.278281	16	139	249	0.023
-2.617994	1.014500	0.906702	7	143	3	0.023
-2.356194	1.014500	0.906702	18	144	3	0.023
-2.094395	1.014500	0.906702	12	103	12	0.023
-1.832596	1.014500	0.906702	14	107	4	0.023
-1.570796	1.014500	0.906702	20	154	8	0.023
-1.308997	1.014500	0.906702	16	106	248	0.023
-1.047198	1.014500	0.906702	19	159	2	0.023
-0.523599	1.014500	0.906702	12	175	254	0.023
-0.261799	1.014500	0.906702	6	175	254	0.023
1.570796	1.014500	0.906702	251	118	6	0.023
1.832596	1.014500	0.906702	239	103	17	0.023
2.094395	1.014500	0.906702	250	139	2	0.023
2.356194	1.014500	0.906702	255	149	7	0.023
-3.141593	2.247462	0.191623	5	103	17	0.023
-2.356194	2.247462	0.191623	0	106	18	0.023
-1.570796	2.247462	0.191623	13	141	13	0.023
-1.308997	2.247462	0.191623	17	103	7	0.023
-1.047198	2.247462	0.191623	21	143	10	0.023
-0.523599	2.247462	0.191623	20	100	14	0.023
0.523599	2.247462	0.191623	255	112	250	0.023
1.047198	2.247462	0.191623	255	176	3	0.023
1.570796	2.247462	0.191623	0	143	4	0.023
2.094395	2.247462	0.191623	254	107	18	0.023
2.879793	2.247462	0.191623	239	107	12	0.023
-3.141593	2.724429	-0.348782	0	124	12	0.023
-2.879793	2.724429	-0.348782	238	130	7	0.023
-2.617994	2.724429	-0.348782	255	144	7	0.023
-1.832596	2.724429	-0.348782	9	123	7	0.023
-1.570796	2.724429	-0.348782	7	140	4	0.023
-0.785398	2.724429	-0.348782	20	126	2	0.023
-0.523599	2.724429	-0.348782	7	100	12	0.023
-0.261799	2.724429	-0.348782	6	144	4	0.023
0.261799	2.724429	-0.348782	13	109	10	0.023
0.785398	2.724429	-0.348782	0	112	3	0.023
1.308997	2.724429	-0.348782	10	192	4	0.023
1.570796	2.724429	-0.348782	3	141	13	0.023
2.094395	2.724429	-0.348782	4	110	13	0.023
2.356194	2.724429	-0.348782	244	111	11	0.023
2.879793	2.724429	-0.348782	239	110	10	0.023
-2.617994	1.194549	-0.801900	251	134	244	0.023
-2.094395	1.194549	-0.801900	12	143	252	0.023
-1.832596	1.194549	-0.801900	8	122	247	0.023
-0.785398	1.194549	-0.801900	21	118	247	0.023
-0.523599	1.194549	-0.801900	15	123	249	0.023
-0.261799	1.194549	-0.801900	18	165	242	0.023
2.356194	1.194549	-0.801900	247	110	247	0.023
2.879793	1.194549	-0.801900	244	112	243	0.023
-2.356194	1.504028	0.636812	2	126	12	0.023
-2.094395	1.504028	0.636812	6	102	6	0.023
-1.570796	1.504028	0.636812	12	107	253	0.023
1.570796	1.504028	0.636812	255	168	12	0.023
1.832596	1.504028	0.636812	3	169	16	0.023
2.094395	1.504028	0.636812	254	110	16	0.023
2.356194	1.504028	0.636812	253	100	1	0.023
2.617994	1.504028	0.636812	248	102	14	0.023
-3.141593	1.741644	-2.695914	14	143	243	0.023
-1.832596	1.741644	-2.695914	13	128	248	0.023
-1.308997	1.741644	-2.695914	13	144	251	0.023
-1.047198	1.741644	-2.695914	18	170	244	0.023
1.047198	1.741644	-2.695914	243	144	249	0.023
1.832596	1.741644	-2.695914	251	139	241	0.023
2.356194	1.741644	-2.695914	253	106	255	0.023
-3.141593	2.174483	2.653697	20	102	8	0.023
-2.879793	2.174483	2.653697	22	111	9	0.023
-2.617994	2.174483	2.653697	12	116	2	0.023
-2.356194	2.174483	2.653697	15	108	255	0.023
-2.094395	2.174483	2.653697	15	111	1	0.023
-1.047198	2.174483	2.653697	3	123	254	0.023
0.261799	2.174483	2.653697	245	112	9	0.023
0.785398	2.174483	2.653697	251	112	254	0.023
1.832596	2.174483	2.653697	0	134	3	0.023
2.094395	2.174483	2.653697	5	133	9	0.023
2.356194	2.174483	2.653697	2	123	4	0.023
2.617994	2.174483	2.653697	10	143	2	0.023
-3.141593	2.664082	-1.071402	254	127	7	0.023
-2.617994	2.664082	-1.071402	254	118	255	0.023
-2.356194	2.664082	-1.071402	4	118	10	0.023
-2.094395	2.664082	-1.071402	11	126	4	0.023
-1.308997	2.664082	-1.071402	12	143	254	0.023
-1.047198	2.664082	-1.071402	19	111	2	0.023
-0.785398	2.664082	-1.071402	18	119	3	0.023
-0.261799	2.664082	-1.071402	13	127	254	0.023
0.000000	2.664082	-1.071402	11	138	246	0.023
0.523599	2.664082	-1.071402	8	197	254	0.023
2.094395	2.664082	-1.071402	240	112	5	0.023
2.356194	2.664082	-1.071402	241	107	8	0.023
-3.141593	2.579248	-2.364801	10	137	4	0.023
-2.879793	2.579248	-2.364801	13	127	252	0.023
-2.617994	2.579248	-2.364801	13	103	255	0.023
-1.832596	2.579248	-2.364801	17	144	253	0.023
-1.570796	2.579248	-2.364801	12	114	0	0.023
-1.308997	2.579248	-2.364801	10	111	0	0.023
0.000000	2.579248	-2.364801	6	175	0	0.023
0.261799	2.579248	-2.364801	1	168	252	0.023
1.308997	2.579248	-2.364801	242	112	253	0.023
1.570796	2.579248	-2.364801	249	127	2	0.023
1.832596	2.579248	-2.364801	250	112	7	0.023
2.094395	2.579248	-2.364801	255	137	251	0.023
2.356194	2.579248	-2.364801	243	119	4	0.023
2.617994	2.579248	-2.364801	3	120	4	0.023
2.879793	2.579248	-2.364801	13	144	5	0.023
-2.617994	0.899350	-2.069907	4	107	236	0.023
-2.356194	0.899350	-2.069907	251	111	240	0.023
-2.094395	0.899350	-2.069907	8	102	238	0.023
-1.570796	0.899350	-2.069907	11	144	244	0.023
-1.308997	0.899350	-2.069907	11	103	244	0.023
-0.785398	0.899350	-2.069907	12	107	248	0.023
-0.523599	0.899350	-2.069907	1	149	234	0.023
-0.261799	0.899350	-2.069907	6	99	240	0.023
0.000000	0.899350	-2.069907	13	102	230	0.023
0.261799	0.899350	-2.069907	6	107	241	0.023
0.785398	0.899350	-2.069907	250	109	235	0.023
1.308997	0.899350	-2.069907	5	128	236	0.023
2.356194	0.899350	-2.069907	3	127	232	0.023
2.879793	0.899350	-2.069907	1	106	236	0.023
-3.141593	2.984978	1.954446	20	149	4	0.023
-1.308997	2.984978	1.954446	252	129	12	0.023
-0.785398	2.984978	1.954446	238	111	5	0.023
-0.523599	2.984978	1.954446	244	144	0	0.023
-0.261799	2.984978	1.954446	2	135	9	0.023
0.000000	2.984978	1.954446	1	103	10	0.023
0.261799	2.984978	1.954446	251	102	19	0.023
0.523599	2.984978	1.954446	7	144	8	0.023
0.785398	2.984978	1.954446	2	141	11	0.023
1.047198	2.984978	1.954446	7	107	8	0.023
1.308997	2.984978	1.954446	5	116	0	0.023
1.832596	2.984978	1.954446	11	126	13	0.023
2.356194	2.984978	1.954446	11	120	15	0.023
-2.879793	1.766067	2.153843	14	103	7	0.023
-2.617994	1.766067	2.153843	9	103	8	0.023
-2.356194	1.766067	2.153843	20	107	252	0.023
-1.832596	1.766067	2.153843	15	106	2	0.023
0.785398	1.766067	2.153843	253	128	9	0.023
1.047198	1.766067	2.153843	244	102	249	0.023
1.308997	1.766067	2.153843	244	144	2	0.023
1.570796	1.766067	2.153843	250	127	6	0.023
1.832596	1.766067	2.153843	0	114	13	0.023
2.094395	1.766067	2.153843	2	135	250	0.023
2.356194	1.766067	2.153843	2	117	0	0.023
2.617994	1.766067	2.153843	6	141	2	0.023
-2.879793	1.809167	1.213774	9	128	9	0.023
-2.094395	1.809167	1.213774	12	111	9	0.023
-1.047198	1.809167	1.213774	254	125	18	0.023
0.523599	1.809167	1.213774	2	127	10	0.023
1.308997	1.809167	1.213774	244	105	13	0.023
1.570796	1.809167	1.213774	252	106	17	0.023
2.356194	1.809167	1.213774	249	103	20	0.023
2.617994	1.809167	1.213774	255	104	8	0.023
2.879793	1.809167	1.213774	11	103	18	0.023
-3.141593	1.135834	-1.431087	247	107	241	0.023
-2.879793	1.135834	-1.431087	250	114	241	0.023
-2.356194	1.135834	-1.431087	254	137	237	0.023
-1.832596	1.135834	-1.431087	15	99	246	0.023
-1.570796	1.135834	-1.431087	14	128	248	0.023
-1.308997	1.135834	-1.431087	15	106	245	0.023
-1.047198	1.135834	-1.431087	4	143	238	0.023
-0.261799	1.135834	-1.431087	14	123	242	0.023
0.000000	1.135834	-1.431087	13	105	249	0.023
0.261799	1.135834	-1.431087	8	110	239	0.023
1.570796	1.135834	-1.431087	253	106	233	0.023
-2.879793	1.909857	-0.381669	252	157	255	0.023
-2.617994	1.909857	-0.381669	253	143	2	0.023
-2.094395	1.909857	-0.381669	4	120	2	0.023
-1.832596	1.909857	-0.381669	3	138	248	0.023
-1.570796	1.909857	-0.381669	4	116	15	0.023
-1.047198	1.909857	-0.381669	18	111	8	0.023
-0.785398	1.909857	-0.381669	17	107	3	0.023
1.570796	1.909857	-0.381669	247	152	246	0.023
2.094395	1.909857	-0.381669	244	160	2	0.023
2.356194	1.909857	-0.381669	253	111	4	0.023
-3.141593	1.195355	1.200319	5	106	11	0.023
-2.356194	1.195355	1.200319	18	106	3	0.023
-2.094395	1.195355	1.200319	9	107	254	0.023
-1.832596	1.195355	1.200319	18	111	2	0.023
-1.308997	1.195355	1.200319	11	144	253	0.023
0.785398	1.195355	1.200319	241	111	3	0.023
1.047198	1.195355	1.200319	247	112	9	0.023
1.570796	1.195355	1.200319	239	120	10	0.023
-1.570796	1.310100	1.488307	15	128	11	0.023
1.308997	1.310100	1.488307	245	119	9	0.023
-3.141593	2.153910	-1.714959	1	118	253	0.023
-2.617994	2.153910	-1.714959	8	118	251	0.023
-2.094395	2.153910	-1.714959	12	144	248	0.023
-1.570796	2.153910	-1.714959	11	102	252	0.023
-1.047198	2.153910	-1.714959	25	112	2	0.023
1.047198	2.153910	-1.714959	246	172	247	0.023
1.832596	2.153910	-1.714959	245	128	252	0.023
2.356194	2.153910	-1.714959	251	118	242	0.023
-2.094395	1.134497	-1.109631	5	98	1	0.023
-1.570796	1.134497	-1.109631	7	106	255	0.023
-1.308997	1.134497	-1.109631	8	118	253	0.023
-1.047198	1.134497	-1.109631	18	106	1	0.023
-0.523599	1.134497	-1.109631	20	103	245	0.023
-0.261799	1.134497	-1.109631	23	106	249	0.023
0.261799	1.134497	-1.109631	16	111	253	0.023
0.523599	1.134497	-1.109631	2	112	237	0.023
-2.879793	0.961715	0.014085	251	102	1	0.023
-2.356194	0.961715	0.014085	14	131	250	0.023
-2.094395	0.961715	0.014085	18	132	4	0.023
-1.308997	0.961715	0.014085	14	123	1	0.023
-1.047198	0.961715	0.014085	14	126	252	0.023
-0.785398	0.961715	0.014085	14	156	254	0.023
-0.523599	0.961715	0.014085	19	112	5	0.023
0.523599	0.961715	0.014085	253	127	0	0.023
0.785398	0.961715	0.014085	255	176	246	0.023
1.308997	0.961715	0.014085	246	134	245	0.023
1.570796	0.961715	0.014085	252	122	248	0.023
2.094395	0.961715	0.014085	246	112	249	0.023
2.356194	0.961715	0.014085	238	111	1	0.023
2.617994	0.961715	0.014085	242	100	3	0.023
-2.617994	1.367556	0.358405	254	143	9	0.023
-2.356194	1.367556	0.358405	11	116	10	0.023
-2.094395	1.367556	0.358405	2	118	6	0.023
-1.832596	1.367556	0.358405	9	118	8	0.023
-1.570796	1.367556	0.358405	16	106	17	0.023
-1.308997	1.367556	0.358405	24	136	3	0.023
-0.523599	1.367556	0.358405	11	110	9	0.023
2.617994	1.367556	0.358405	235	105	0	0.023
-2.617994	1.440580	2.260026	25	108	3	0.023
-2.356194	1.440580	2.260026	20	112	5	0.023
-2.094395	1.440580	2.260026	20	112	255	0.023
-1.047198	1.440580	2.260026	7	127	254	0.023
0.523599	1.440580	2.260026	242	97	6	0.023
0.785398	1.440580	2.260026	239	106	3	0.023
1.832596	1.440580	2.260026	249	102	17	0.023
2.356194	1.440580	2.260026	5	98	1	0.023
-2.879793	2.863997	0.549740	236	111	9	0.023
-2.617994	2.863997	0.549740	246	112	14	0.023
-2.094395	2.863997	0.549740	241	115	16	0.023
-1.570796	2.863997	0.549740	2	103	16	0.023
-1.308997	2.863997	0.549740	253	106	16	0.023
-1.047198	2.863997	0.549740	252	127	13	0.023
-0.523599	2.863997	0.549740	7	143	8	0.023
-0.261799	2.863997	0.549740	5	119	10	0.023
0.000000	2.863997	0.549740	251	103	13	0.023
0.261799	2.863997	0.549740	2	120	8	0.023
1.047198	2.863997	0.549740	10	125	15	0.023
1.308997	2.863997	0.549740	15	110	13	0.023
1.570796	2.863997	0.549740	254	144	7	0.023
1.832596	2.863997	0.549740	16	128	1	0.023
2.356194	2.863997	0.549740	255	111	9	0.023
2.879793	2.863997	0.549740	246	126	2	0.023
-3.141593	2.041297	-2.664597	254	101	251	0.023
-2.879793	2.041297	-2.664597	13	109	243	0.023
-2.617994	2.041297	-2.664597	10	142	246	0.023
-2.356194	2.041297	-2.664597	19	102	240	0.023
-2.094395	2.041297	-2.664597	19	111	247	0.023
-1.832596	2.041297	-2.664597	20	127	241	0.023
0.785398	2.041297	-2.664597	249	110	250	0.023
1.047198	2.041297	-2.664597	246	162	241	0.023
1.308997	2.041297	-2.664597	244	118	238	0.023
1.570796	2.041297	-2.664597	249	107	251	0.023
1.832596	2.041297	-2.664597	242	134	0	0.023
2.356194	2.041297	-2.664597	254	98	254	0.023
2.879793	2.041297	-2.664597	3	103	245	0.023
-2.879793	1.045978	0.343692	0	122	251	0.023
-2.094395	1.045978	0.343692	3	113	2	0.023
-1.570796	1.045978	0.343692	13	141	252	0.023
-1.308997	1.045978	0.343692	23	105	8	0.023
-0.785398	1.045978	0.343692	17	110	0	0.023
2.356194	1.045978	0.343692	243	107	9	0.023
-2.617994	0.290380	-0.796960	242	156	237	0.023
-2.356194	0.290380	-0.796960	251	103	245	0.023
-2.094395	0.290380	-0.796960	1	119	237	0.023
-1.832596	0.290380	-0.796960	6	120	237	0.023
-1.570796	0.290380	-0.796960	4	123	240	0.023
-1.308997	0.290380	-0.796960	12	114	243	0.023
-1.047198	0.290380	-0.796960	14	110	243	0.023
-0.785398	0.290380	-0.796960	19	106	244	0.023
-0.523599	0.290380	-0.796960	18	128	246	0.023
-0.261799	0.290380	-0.796960	24	159	248	0.023
0.000000	0.290380	-0.796960	20	119	247	0.023
1.047198	0.290380	-0.796960	19	111	239	0.023
1.570796	0.290380	-0.796960	7	112	244	0.023
1.832596	0.290380	-0.796960	3	112	246	0.023
2.094395	0.290380	-0.796960	249	112	241	0.023
2.356194	0.290380	-0.796960	255	161	245	0.023
2.617994	0.290380	-0.796960	245	112	249	0.023
-2.094395	1.545873	-1.877082	8	102	249	0.023
-1.832596	1.545873	-1.877082	11	144	234	0.023
-1.570796	1.545873	-1.877082	17	128	247	0.023
-1.308997	1.545873	-1.877082	7	120	242	0.023
2.094395	1.545873	-1.877082	248	110	240	0.023
-3.141593	2.356369	3.005869	25	110	1	0.023
-2.879793	2.356369	3.005869	22	98	2	0.023
-2.617994	2.356369	3.005869	17	106	7	0.023
-2.356194	2.356369	3.005869	14	111	255	0.023
-2.094395	2.356369	3.005869	18	134	0	0.023
-1.047198	2.356369	3.005869	16	167	249	0.023
-0.785398	2.356369	3.005869	249	112	254	0.023
0.785398	2.356369	3.005869	244	118	6	0.023
1.047198	2.356369	3.005869	234	147	0	0.023
1.308997	2.356369	3.005869	238	114	248	0.023
1.570796	2.356369	3.005869	248	122	249	0.023
1.832596	2.356369	3.005869	251	128	4	0.023
2.356194	2.356369	3.005869	245	114	255	0.023
2.879793	2.356369	3.005869	12	144	254	0.023
-3.141593	1.836682	-0.676006	244	103	9	0.023
-2.617994	1.836682	-0.676006	254	146	5	0.023
-2.356194	1.836682	-0.676006	4	126	252	0.023
-2.094395	1.836682	-0.676006	9	115	1	0.023
-1.832596	1.836682	-0.676006	15	136	253	0.023
-1.570796	1.836682	-0.676006	10	120	3	0.023
-1.308997	1.836682	-0.676006	18	106	255	0.023
-1.047198	1.836682	-0.676006	14	107	252	0.023
2.356194	1.836682	-0.676006	243	106	6	0.023
2.617994	1.836682	-0.676006	250	101	4	0.023
-3.141593	1.948085	-2.363031	7	102	247	0.023
-2.617994	1.948085	-2.363031	14	120	249	0.023
-2.356194	1.948085	-2.363031	12	114	250	0.023
-1.832596	1.948085	-2.363031	20	104	255	0.023
-1.570796	1.948085	-2.363031	11	112	243	0.023
0.523599	1.948085	-2.363031	249	112	254	0.023
0.785398	1.948085	-2.363031	251	171	235	0.023
1.308997	1.948085	-2.363031	246	108	248	0.023
1.570796	1.948085	-2.363031	250	122	0	0.023
2.356194	1.948085	-2.363031	249	99	254	0.023
2.879793	1.948085	-2.363031	3	114	254	0.023
-3.141593	1.736875	3.023612	9	102	245	0.023
-2.617994	1.736875	3.023612	17	117	249	0.023
-2.356194	1.736875	3.023612	22	166	244	0.023
-2.094395	1.736875	3.023612	15	126	2	0.023
-0.785398	1.736875	3.023612	253	176	251	0.023
0.523599	1.736875	3.023612	242	103	244	0.023
0.785398	1.736875	3.023612	247	143	249	0.023
1.570796	1.736875	3.023612	244	136	250	0.023
2.356194	1.736875	3.023612	9	127	252	0.023
-2.879793	0.591903	2.010408	17	138	253	0.023
-2.094395	0.591903	2.010408	16	120	246	0.023
-1.308997	0.591903	2.010408	20	179	249	0.023
-1.047198	0.591903	2.010408	6	124	248	0.023
0.000000	0.591903	2.010408	246	112	245	0.023
0.261799	0.591903	2.010408	240	112	243	0.023
0.785398	0.591903	2.010408	237	109	249	0.023
1.047198	0.591903	2.010408	236	122	251	0.023
1.308997	0.591903	2.010408	248	114	242	0.023
2.617994	0.591903	2.010408	5	143	254	0.023
2.879793	0.591903	2.010408	9	107	253	0.023
-2.879793	2.760637	2.781135	20	127	10	0.023
-2.356194	2.760637	2.781135	5	109	9	0.023
-2.094395	2.760637	2.781135	11	110	11	0.023
-0.785398	2.760637	2.781135	5	168	253	0.023
-0.261799	2.760637	2.781135	255	168	0	0.023
0.000000	2.760637	2.781135	242	152	254	0.023
0.523599	2.760637	2.781135	241	103	5	0.023
0.785398	2.760637	2.781135	245	127	10	0.023
1.570796	2.760637	2.781135	252	108	10	0.023
2.094395	2.760637	2.781135	254	118	7	0.023
2.356194	2.760637	2.781135	5	121	9	0.023
2.617994	2.760637	2.781135	14	118	11	0.023
2.879793	2.760637	2.781135	7	117	7	0.023
-2.617994	1.256302	0.062705	5	141	3	0.023
-2.356194	1.256302	0.062705	255	142	247	0.023
-2.094395	1.256302	0.062705	11	106	2	0.023
-1.570796	1.256302	0.062705	19	103	7	0.023
-1.308997	1.256302	0.062705	15	98	6	0.023
-1.047198	1.256302	0.062705	28	104	4	0.023
-0.785398	1.256302	0.062705	26	108	3	0.023
1.832596	1.256302	0.062705	246	128	9	0.023
-3.141593	2.592629	0.909713	0	128	9	0.023
-2.879793	2.592629	0.909713	251	110	15	0.023
-2.617994	2.592629	0.909713	247	111	17	0.023
-2.356194	2.592629	0.909713	2	127	16	0.023
-2.094395	2.592629	0.909713	252	123	11	0.023
-1.570796	2.592629	0.909713	255	150	15	0.023
-1.308997	2.592629	0.909713	244	112	15	0.023
-1.047198	2.592629	0.909713	250	144	19	0.023
-0.785398	2.592629	0.909713	251	100	16	0.023
-0.523599	2.592629	0.909713	2	103	19	0.023
-0.261799	2.592629	0.909713	7	127	15	0.023
0.000000	2.592629	0.909713	9	115	10	0.023
0.261799	2.592629	0.909713	2	143	14	0.023
0.523599	2.592629	0.909713	250	102	9	0.023
0.785398	2.592629	0.909713	15	176	6	0.023
1.570796	2.592629	0.909713	7	106	4	0.023
1.832596	2.592629	0.909713	10	148	0	0.023
2.094395	2.592629	0.909713	10	111	15	0.023
2.356194	2.592629	0.909713	17	110	19	0.023
2.617994	2.592629	0.909713	4	107	11	0.023
-3.141593	1.113094	-0.272241	239	107	250	0.023
-2.356194	1.113094	-0.272241	7	136	250	0.023
-2.094395	1.113094	-0.272241	17	142	249	0.023
-1.570796	1.113094	-0.272241	13	143	3	0.023
-1.308997	1.113094	-0.272241	7	116	238	0.023
-0.785398	1.113094	-0.272241	14	110	2	0.023
0.000000	1.113094	-0.272241	9	104	0	0.023
2.094395	1.113094	-0.272241	239	114	255	0.023
2.617994	1.113094	-0.272241	243	116	253	0.023
2.879793	1.113094	-0.272241	242	144	249	0.023
-3.141593	2.407836	1.410646	8	111	22	0.023
-2.356194	2.407836	1.410646	255	109	16	0.023
-1.047198	2.407836	1.410646	253	153	16	0.023
-0.523599	2.407836	1.410646	3	109	9	0.023
-0.261799	2.407836	1.410646	250	128	10	0.023
0.000000	2.407836	1.410646	4	105	15	0.023
0.261799	2.407836	1.410646	4	118	10	0.023
0.523599	2.407836	1.410646	251	107	14	0.023
0.785398	2.407836	1.410646	0	106	19	0.023
1.047198	2.407836	1.410646	3	123	3	0.023
1.308997	2.407836	1.410646	2	107	9	0.023
1.570796	2.407836	1.410646	1	99	12	0.023
1.832596	2.407836	1.410646	7	127	4	0.023
2.617994	2.407836	1.410646	11	143	13	0.023
2.879793	2.407836	1.410646	253	105	7	0.023
-3.141593	2.089241	-0.114193	254	104	11	0.023
-2.617994	2.089241	-0.114193	247	103	8	0.023
-2.356194	2.089241	-0.114193	250	103	11	0.023
-1.832596	2.089241	-0.114193	12	125	4	0.023
-1.570796	2.089241	-0.114193	255	127	11	0.023
-1.308997	2.089241	-0.114193	10	127	0	0.023
-0.785398	2.089241	-0.114193	21	105	4	0.023
1.047198	2.089241	-0.114193	3	175	251	0.023
1.570796	2.089241	-0.114193	7	172	1	0.023
1.832596	2.089241	-0.114193	250	128	9	0.023
2.094395	2.089241	-0.114193	255	116	2	0.023
2.356194	2.089241	-0.114193	6	106	16	0.023
2.617994	2.089241	-0.114193	248	109	1	0.023
-2.617994	0.619654	-2.216909	5	112	233	0.023
-2.356194	0.619654	-2.216909	1	127	231	0.023
-1.832596	0.619654	-2.216909	251	144	233	0.023
-1.308997	0.619654	-2.216909	248	107	238	0.023
-1.047198	0.619654	-2.216909	6	107	245	0.023
-0.523599	0.619654	-2.216909	0	104	245	0.023
0.523599	0.619654	-2.216909	255	136	241	0.023
0.785398	0.619654	-2.216909	254	112	246	0.023
1.047198	0.619654	-2.216909	5	111	235	0.023
1.308997	0.619654	-2.216909	10	104	238	0.023
-2.879793	2.456751	-1.503343	248	119	251	0.023
-2.617994	2.456751	-1.503343	3	119	7	0.023
-1.570796	2.456751	-1.503343	14	138	7	0.023
-1.308997	2.456751	-1.503343	16	110	0	0.023
1.832596	2.456751	-1.503343	237	112	252	0.023
2.094395	2.456751	-1.503343	241	119	0	0.023
2.617994	2.456751	-1.503343	247	143	255	0.023
-2.879793	2.001437	0.381215	252	127	13	0.023
-2.617994	2.001437	0.381215	4	124	9	0.023
-2.356194	2.001437	0.381215	254	116	13	0.023
-2.094395	2.001437	0.381215	2	120	15	0.023
-1.832596	2.001437	0.381215	252	101	16	0.023
-1.570796	2.001437	0.381215	2	97	19	0.023
-1.047198	2.001437	0.381215	10	104	1	0.023
-0.785398	2.001437	0.381215	17	103	12	0.023
0.785398	2.001437	0.381215	3	168	3	0.023
1.570796	2.001437	0.381215	5	159	13	0.023
2.094395	2.001437	0.381215	248	110	16	0.023
2.356194	2.001437	0.381215	240	110	16	0.023
2.617994	2.001437	0.381215	248	126	10	0.023
2.879793	2.001437	0.381215	242	106	6	0.023
-3.141593	2.138223	1.678323	6	124	13	0.023
-2.879793	2.138223	1.678323	10	106	8	0.023
-2.094395	2.138223	1.678323	13	110	16	0.023
-0.785398	2.138223	1.678323	2	107	19	0.023
0.785398	2.138223	1.678323	245	120	10	0.023
1.047198	2.138223	1.678323	1	127	10	0.023
1.308997	2.138223	1.678323	3	143	9	0.023
1.570796	2.138223	1.678323	5	114	15	0.023
1.832596	2.138223	1.678323	6	98	19	0.023
2.094395	2.138223	1.678323	10	127	11	0.023
2.356194	2.138223	1.678323	10	102	19	0.023
-3.141593	2.349581	-2.702517	4	141	0	0.023
-2.617994	2.349581	-2.702517	9	120	255	0.023
-2.356194	2.349581	-2.702517	13	143	250	0.023
-2.094395	2.349581	-2.702517	22	141	3	0.023
-1.832596	2.349581	-2.702517	15	112	2	0.023
-1.570796	2.349581	-2.702517	25	143	251	0.023
-1.308997	2.349581	-2.702517	19	132	248	0.023
1.308997	2.349581	-2.702517	246	124	243	0.023
1.570796	2.349581	-2.702517	0	101	3	0.023
1.832596	2.349581	-2.702517	253	130	252	0.023
2.094395	2.349581	-2.702517	255	119	253	0.023
2.356194	2.349581	-2.702517	3	113	5	0.023
2.617994	2.349581	-2.702517	3	128	1	0.023
2.879793	2.349581	-2.702517	254	128	0	0.023
-1.832596	1.168678	2.108595	20	112	248	0.023
-1.570796	1.168678	2.108595	13	112	6	0.023
-1.308997	1.168678	2.108595	12	152	251	0.023
-1.047198	1.168678	2.108595	6	132	255	0.023
0.785398	1.168678	2.108595	238	102	4	0.023
1.308997	1.168678	2.108595	243	90	7	0.023
-3.141593	2.180315	-1.357379	0	134	3	0.023
-2.356194	2.180315	-1.357379	0	106	3	0.023
-1.047198	2.180315	-1.357379	21	102	239	0.023
1.308997	2.180315	-1.357379	238	110	250	0.023
1.832596	2.180315	-1.357379	251	127	1	0.023
2.094395	2.180315	-1.357379	248	107	248	0.023
2.356194	2.180315	-1.357379	248	127	3	0.023
2.617994	2.180315	-1.357379	253	115	255	0.023
2.879793	2.180315	-1.357379	255	124	252	0.023
-3.141593	2.478122	2.609777	12	93	3	0.023
-2.879793	2.478122	2.609777	29	235	13	0.023
-2.356194	2.478122	2.609777	26	110	1	0.023
-2.094395	2.478122	2.609777	11	116	1	0.023
-0.523599	2.478122	2.609777	1	173	0	0.023
0.000000	2.478122	2.609777	240	110	6	0.023
1.047198	2.478122	2.609777	249	146	3	0.023
1.308997	2.478122	2.609777	247	136	5	0.023
1.570796	2.478122	2.609777	255	143	0	0.023
2.094395	2.478122	2.609777	10	124	9	0.023
2.617994	2.478122	2.609777	9	120	10	0.023
-3.141593	1.699788	2.452890	18	98	1	0.023
-2.879793	1.699788	2.452890	17	106	3	0.023
-2.617994	1.699788	2.452890	18	158	4	0.023
-2.356194	1.699788	2.452890	16	111	5	0.023
-2.094395	1.699788	2.452890	10	111	6	0.023
-0.785398	1.699788	2.452890	0	173	253	0.023
0.785398	1.699788	2.452890	241	111	253	0.023
1.570796	1.699788	2.452890	252	131	251	0.023
1.832596	1.699788	2.452890	2	125	2	0.023
2.094395	1.699788	2.452890	255	104	10	0.023
2.356194	1.699788	2.452890	6	127	7	0.023
2.879793	1.699788	2.452890	11	117	251	0.023
-3.141593	1.184361	0.625864	255	118	2	0.023
-2.617994	1.184361	0.625864	5	114	8	0.023
-2.356194	1.184361	0.625864	2	114	0	0.023
-2.094395	1.184361	0.625864	12	103	5	0.023
-1.832596	1.184361	0.625864	11	106	3	0.023
-1.570796	1.184361	0.625864	19	127	8	0.023
1.570796	1.184361	0.625864	247	105	11	0.023
2.094395	1.184361	0.625864	249	128	15	0.023
-3.141593	2.108018	1.311430	3	109	16	0.023
-2.617994	2.108018	1.311430	3	123	20	0.023
-2.094395	2.108018	1.311430	9	107	17	0.023
-1.047198	2.108018	1.311430	255	126	14	0.023
-0.785398	2.108018	1.311430	1	128	12	0.023
-0.523599	2.108018	1.311430	248	107	17	0.023
0.523599	2.108018	1.311430	249	112	15	0.023
1.047198	2.108018	1.311430	255	103	17	0.023
1.570796	2.108018	1.311430	3	127	13	0.023
1.832596	2.108018	1.311430	252	110	14	0.023
2.094395	2.108018	1.311430	255	108	19	0.023
2.617994	2.108018	1.311430	254	99	15	0.023
-3.141593	1.488617	1.159546	3	118	12	0.023
-2.356194	1.488617	1.159546	7	143	11	0.023
-2.094395	1.488617	1.159546	17	157	0	0.023
1.047198	1.488617	1.159546	250	108	16	0.023
1.570796	1.488617	1.159546	251	110	16	0.023
2.094395	1.488617	1.159546	245	101	17	0.023
2.879793	1.488617	1.159546	255	97	4	0.023
-3.141593	1.325504	-1.671296	253	119	237	0.023
-2.094395	1.325504	-1.671296	12	114	247	0.023
-1.832596	1.325504	-1.671296	2	107	243	0.023
-1.047198	1.325504	-1.671296	9	103	246	0.023
-0.785398	1.325504	-1.671296	7	99	246	0.023
-0.523599	1.325504	-1.671296	8	118	239	0.023
-0.261799	1.325504	-1.671296	7	104	240	0.023
1.570796	1.325504	-1.671296	248	111	240	0.023
2.617994	1.325504	-1.671296	245	103	235	0.023
-2.617994	1.606104	-0.451151	254	151	251	0.023
-2.356194	1.606104	-0.451151	6	132	255	0.023
-1.832596	1.606104	-0.451151	11	124	255	0.023
-1.570796	1.606104	-0.451151	4	142	3	0.023
-1.047198	1.606104	-0.451151	13	108	2	0.023
1.047198	1.606104	-0.451151	2	173	254	0.023
1.832596	1.606104	-0.451151	242	110	8	0.023
2.094395	1.606104	-0.451151	240	107	2	0.023
2.356194	1.606104	-0.451151	244	103	5	0.023
-3.141593	1.506530	1.988858	9	98	6	0.023
-2.617994	1.506530	1.988858	10	110	11	0.023
-1.832596	1.506530	1.988858	20	103	1	0.023
-1.570796	1.506530	1.988858	17	111	11	0.023
-1.308997	1.506530	1.988858	9	112	6	0.023
1.308997	1.506530	1.988858	240	136	7	0.023
1.570796	1.506530	1.988858	253	103	13	0.023
2.617994	1.506530	1.988858	7	120	5	0.023
-2.879793	1.977582	0.969896	2	121	16	0.023
-2.094395	1.977582	0.969896	251	119	19	0.023
-1.570796	1.977582	0.969896	253	123	18	0.023
-1.308997	1.977582	0.969896	7	134	12	0.023
-0.785398	1.977582	0.969896	8	110	15	0.023
0.000000	1.977582	0.969896	254	107	8	0.023
0.785398	1.977582	0.969896	252	112	14	0.023
1.570796	1.977582	0.969896	5	116	13	0.023
2.094395	1.977582	0.969896	250	107	17	0.023
2.356194	1.977582	0.969896	0	98	20	0.023
2.617994	1.977582	0.969896	3	103	15	0.023
2.879793	1.977582	0.969896	254	112	19	0.023
-3.141593	2.637879	2.121598	13	103	6	0.023
-2.879793	2.637879	2.121598	15	130	1	0.023
-2.617994	2.637879	2.121598	5	139	7	0.023
-2.356194	2.637879	2.121598	18	144	254	0.023
-2.094395	2.637879	2.121598	16	126	6	0.023
-0.523599	2.637879	2.121598	244	128	11	0.023
0.000000	2.637879	2.121598	251	109	14	0.023
0.261799	2.637879	2.121598	244	119	4	0.023
0.523599	2.637879	2.121598	241	103	12	0.023
0.785398	2.637879	2.121598	246	159	0	0.023
1.047198	2.637879	2.121598	7	146	12	0.023
1.308997	2.637879	2.121598	6	106	4	0.023
1.570796	2.637879	2.121598	2	114	15	0.023
2.617994	2.637879	2.121598	17	111	12	0.023
-2.617994	1.218453	2.777284	15	107	249	0.023
-2.356194	1.218453	2.777284	19	124	250	0.023
0.523599	1.218453	2.777284	244	104	247	0.023
1.047198	1.218453	2.777284	251	105	239	0.023
1.308997	1.218453	2.777284	244	143	1	0.023
1.832596	1.218453	2.777284	254	127	253	0.023
2.094395	1.218453	2.777284	1	137	243	0.023
2.356194	1.218453	2.777284	5	101	255	0.023
-0.261799	1.555207	1.708892	3	112	9	0.023
0.523599	1.555207	1.708892	245	109	15	0.023
0.785398	1.555207	1.708892	249	173	16	0.023
1.308997	1.555207	1.708892	246	103	18	0.023
2.094395	1.555207	1.708892	3	123	9	0.023
2.356194	1.555207	1.708892	6	99	6	0.023
2.617994	1.555207	1.708892	2	107	13	0.023
2.879793	1.555207	1.708892	3	98	7	0.023
-2.617994	2.295480	1.008277	1	107	10	0.023
-2.356194	2.295480	1.008277	5	110	15	0.023
-1.047198	2.295480	1.008277	6	109	6	0.023
-0.785398	2.295480	1.008277	2	126	13	0.023
-0.523599	2.295480	1.008277	3	164	12	0.023
-0.261799	2.295480	1.008277	255	149	13	0.023
0.261799	2.295480	1.008277	8	111	12	0.023
0.523599	2.295480	1.008277	253	118	13	0.023
0.785398	2.295480	1.008277	12	101	19	0.023
1.570796	2.295480	1.008277	252	106	12	0.023
1.832596	2.295480	1.008277	255	107	17	0.023
2.094395	2.295480	1.008277	6	160	11	0.023
2.879793	2.295480	1.008277	3	107	16	0.023
-2.879793	0.203748	0.590255	249	120	248	0.023
-2.356194	0.203748	0.590255	251	136	241	0.023
-2.094395	0.203748	0.590255	19	103	249	0.023
-1.832596	0.203748	0.590255	14	143	248	0.023
-1.308997	0.203748	0.590255	11	107	247	0.023
-1.047198	0.203748	0.590255	18	127	246	0.023
-0.785398	0.203748	0.590255	25	159	250	0.023
-0.523599	0.203748	0.590255	3	112	243	0.023
0.000000	0.203748	0.590255	11	179	243	0.023
1.570796	0.203748	0.590255	243	112	241	0.023
-2.879793	1.510910	-0.740472	251	144	243	0.023
-1.832596	1.510910	-0.740472	14	120	246	0.023
-1.570796	1.510910	-0.740472	19	137	249	0.023
-0.785398	1.510910	-0.740472	27	110	0	0.023
-0.523599	1.510910	-0.740472	24	106	3	0.023
-0.261799	1.510910	-0.740472	23	106	241	0.023
0.523599	1.510910	-0.740472	6	112	251	0.023
1.308997	1.510910	-0.740472	249	166	253	0.023
-2.879793	0.571433	-1.188419	254	102	250	0.023
-2.617994	0.571433	-1.188419	5	97	248	0.023
-1.832596	0.571433	-1.188419	12	143	242	0.023
-1.308997	0.571433	-1.188419	6	126	241	0.023
-1.047198	0.571433	-1.188419	10	106	246	0.023
-0.523599	0.571433	-1.188419	17	110	243	0.023
0.000000	0.571433	-1.188419	15	107	249	0.023
0.261799	0.571433	-1.188419	14	109	234	0.023
0.523599	0.571433	-1.188419	20	108	236	0.023
0.785398	0.571433	-1.188419	18	167	240	0.023
2.094395	0.571433	-1.188419	245	172	246	0.023
-3.141593	1.982574	-1.115518	247	103	251	0.023
-2.879793	1.982574	-1.115518	0	134	0	0.023
-2.617994	1.982574	-1.115518	252	100	0	0.023
-2.356194	1.982574	-1.115518	3	136	9	0.023
-2.094395	1.982574	-1.115518	7	125	249	0.023
-1.308997	1.982574	-1.115518	12	123	255	0.023
-1.047198	1.982574	-1.115518	19	139	0	0.023
2.094395	1.982574	-1.115518	241	111	6	0.023
2.356194	1.982574	-1.115518	240	107	1	0.023
-2.617994	2.033014	2.977192	20	127	251	0.023
-2.356194	2.033014	2.977192	18	109	250	0.023
-1.570796	2.033014	2.977192	20	123	252	0.023
1.047198	2.033014	2.977192	246	120	7	0.023
1.308997	2.033014	2.977192	254	134	246	0.023
1.570796	2.033014	2.977192	255	134	251	0.023
2.094395	2.033014	2.977192	251	121	5	0.023
2.617994	2.033014	2.977192	13	123	254	0.023
2.879793	2.033014	2.977192	12	98	251	0.023
-3.141593	0.297065	2.160177	8	133	242	0.023
-2.094395	0.297065	2.160177	28	107	251	0.023
-1.832596	0.297065	2.160177	17	168	243	0.023
-1.570796	0.297065	2.160177	13	135	244	0.023
-1.308997	0.297065	2.160177	2	118	245	0.023
-0.523599	0.297065	2.160177	242	143	244	0.023
-0.261799	0.297065	2.160177	8	135	240	0.023
0.000000	0.297065	2.160177	248	112	247	0.023
0.261799	0.297065	2.160177	241	128	240	0.023
0.523599	0.297065	2.160177	235	122	240	0.023
1.047198	0.297065	2.160177	247	111	245	0.023
1.308997	0.297065	2.160177	2	114	242	0.023
2.356194	0.297065	2.160177	9	144	248	0.023
2.617994	0.297065	2.160177	14	130	235	0.023
-3.141593	0.080730	-2.622036	14	177	236	0.023
-2.356194	0.080730	-2.622036	249	110	246	0.023
-1.832596	0.080730	-2.622036	249	112	233	0.023
-1.047198	0.080730	-2.622036	243	105	245	0.023
-0.523599	0.080730	-2.622036	1	103	247	0.023
-0.261799	0.080730	-2.622036	251	128	243	0.023
0.000000	0.080730	-2.622036	1	142	244	0.023
0.261799	0.080730	-2.622036	4	166	231	0.023
0.523599	0.080730	-2.622036	4	123	243	0.023
0.785398	0.080730	-2.622036	6	112	240	0.023
1.308997	0.080730	-2.622036	4	118	246	0.023
1.570796	0.080730	-2.622036	15	114	238	0.023
1.832596	0.080730	-2.622036	0	102	238	0.023
2.094395	0.080730	-2.622036	6	156	241	0.023
2.617994	0.080730	-2.622036	18	126	244	0.023
-2.617994	1.242974	-2.977882	14	103	241	0.023
-2.356194	1.242974	-2.977882	10	109	248	0.023
-2.094395	1.242974	-2.977882	19	175	245	0.023
-0.785398	1.242974	-2.977882	5	128	247	0.023
0.000000	1.242974	-2.977882	245	109	246	0.023
1.308997	1.242974	-2.977882	255	106	248	0.023
1.570796	1.242974	-2.977882	250	110	228	0.023
1.832596	1.242974	-2.977882	4	128	246	0.023
2.094395	1.242974	-2.977882	249	136	249	0.023
2.879793	1.242974	-2.977882	13	143	238	0.023
-2.617994	0.992645	-1.723759	1	122	238	0.023
-2.356194	0.992645	-1.723759	247	114	237	0.023
-2.094395	0.992645	-1.723759	10	153	240	0.023
-1.832596	0.992645	-1.723759	2	106	231	0.023
-1.570796	0.992645	-1.723759	11	102	237	0.023
-1.308997	0.992645	-1.723759	0	104	239	0.023
-0.785398	0.992645	-1.723759	18	99	240	0.023
-0.523599	0.992645	-1.723759	7	103	246	0.023
-0.261799	0.992645	-1.723759	8	110	237	0.023
0.000000	0.992645	-1.723759	5	100	234	0.023
0.523599	0.992645	-1.723759	13	107	234	0.023
1.047198	0.992645	-1.723759	7	155	231	0.023
-3.141593	2.104282	-0.813972	248	143	251	0.023
-2.879793	2.104282	-0.813972	252	121	1	0.023
-2.356194	2.104282	-0.813972	5	112	8	0.023
-1.308997	2.104282	-0.813972	17	143	9	0.023
-1.047198	2.104282	-0.813972	24	97	4	0.023
-0.785398	2.104282	-0.813972	19	106	2	0.023
1.570796	2.104282	-0.813972	250	112	6	0.023
1.832596	2.104282	-0.813972	250	108	3	0.023
2.094395	2.104282	-0.813972	0	106	0	0.023
2.356194	2.104282	-0.813972	237	126	0	0.023
2.617994	2.104282	-0.813972	246	156	5	0.023
2.879793	2.104282	-0.813972	247	103	2	0.023
-2.879793	1.872854	1.543456	16	110	8	0.023
-1.832596	1.872854	1.543456	6	107	18	0.023
-0.261799	1.872854	1.543456	1	101	17	0.023
0.523599	1.872854	1.543456	252	100	6	0.023
0.785398	1.872854	1.543456	249	102	12	0.023
1.047198	1.872854	1.543456	252	110	12	0.023
1.832596	1.872854	1.543456	5	102	22	0.023
2.094395	1.872854	1.543456	0	101	20	0.023
2.879793	1.872854	1.543456	4	144	8	0.023
-2.356194	0.762244	-0.273349	12	143	248	0.023
-2.094395	0.762244	-0.273349	13	143	0	0.023
-1.832596	0.762244	-0.273349	253	139	242	0.023
-1.570796	0.762244	-0.273349	17	134	0	0.023
-1.308997	0.762244	-0.273349	23	120	250	0.023
-0.523599	0.762244	-0.273349	15	105	248	0.023
-0.261799	0.762244	-0.273349	22	112	240	0.023
1.308997	0.762244	-0.273349	252	112	250	0.023
1.570796	0.762244	-0.273349	252	143	238	0.023
1.832596	0.762244	-0.273349	242	127	242	0.023
2.094395	0.762244	-0.273349	240	108	1	0.023
2.356194	0.762244	-0.273349	245	127	247	0.023
2.617994	0.762244	-0.273349	248	103	247	0.023
-2.617994	1.050534	3.042579	9	111	242	0.023
-1.832596	1.050534	3.042579	12	146	244	0.023
-1.047198	1.050534	3.042579	255	152	242	0.023
0.785398	1.050534	3.042579	243	106	244	0.023
1.047198	1.050534	3.042579	251	111	239	0.023
1.308997	1.050534	3.042579	3	111	242	0.023
1.832596	1.050534	3.042579	0	144	244	0.023
-2.356194	1.721184	-0.153948	254	137	3	0.023
-1.832596	1.721184	-0.153948	14	144	12	0.023
-1.570796	1.721184	-0.153948	3	143	4	0.023
-1.308997	1.721184	-0.153948	16	118	252	0.023
-1.047198	1.721184	-0.153948	18	134	4	0.023
-0.785398	1.721184	-0.153948	22	125	6	0.023
2.356194	1.721184	-0.153948	246	104	12	0.023
2.617994	1.721184	-0.153948	242	106	7	0.023
-3.141593	0.733948	3.021411	16	112	244	0.023
-2.356194	0.733948	3.021411	22	112	248	0.023
-2.094395	0.733948	3.021411	12	108	248	0.023
-1.832596	0.733948	3.021411	255	168	231	0.023
-1.570796	0.733948	3.021411	0	128	246	0.023
-1.308997	0.733948	3.021411	6	152	245	0.023
-1.047198	0.733948	3.021411	5	119	236	0.023
-0.785398	0.733948	3.021411	0	124	234	0.023
0.000000	0.733948	3.021411	251	112	234	0.023
0.261799	0.733948	3.021411	246	103	243	0.023
1.047198	0.733948	3.021411	255	119	249	0.023
1.308997	0.733948	3.021411	248	131	247	0.023
1.570796	0.733948	3.021411	6	110	241	0.023
2.094395	0.733948	3.021411	3	114	241	0.023
2.617994	0.733948	3.021411	8	104	249	0.023
2.879793	0.733948	3.021411	9	162	236	0.023
-2.356194	2.588535	-2.976617	14	107	13	0.023
-1.832596	2.588535	-2.976617	28	162	252	0.023
-0.523599	2.588535	-2.976617	252	150	6	0.023
0.785398	2.588535	-2.976617	244	102	8	0.023
1.308997	2.588535	-2.976617	240	141	255	0.023
1.570796	2.588535	-2.976617	247	135	252	0.023
1.832596	2.588535	-2.976617	7	118	5	0.023
2.094395	2.588535	-2.976617	255	128	5	0.023
2.356194	2.588535	-2.976617	10	122	7	0.023
2.617994	2.588535	-2.976617	253	120	2	0.023
-2.617994	1.391910	3.030322	12	101	244	0.023
-2.356194	1.391910	3.030322	17	144	243	0.023
-1.047198	1.391910	3.030322	254	112	250	0.023
0.261799	1.391910	3.030322	248	128	243	0.023
1.047198	1.391910	3.030322	239	117	247	0.023
1.308997	1.391910	3.030322	241	128	245	0.023
2.094395	1.391910	3.030322	254	127	248	0.023
2.356194	1.391910	3.030322	253	117	245	0.023
2.617994	1.391910	3.030322	5	141	246	0.023
-2.879793	0.685216	-1.712745	255	102	241	0.023
-2.617994	0.685216	-1.712745	5	107	234	0.023
-2.356194	0.685216	-1.712745	252	107	234	0.023
-2.094395	0.685216	-1.712745	254	114	226	0.023
-1.308997	0.685216	-1.712745	4	127	240	0.023
-1.047198	0.685216	-1.712745	9	116	237	0.023
-0.785398	0.685216	-1.712745	5	103	236	0.023
0.000000	0.685216	-1.712745	10	126	240	0.023
0.261799	0.685216	-1.712745	3	102	238	0.023
0.523599	0.685216	-1.712745	11	107	241	0.023
0.785398	0.685216	-1.712745	7	127	234	0.023
1.047198	0.685216	-1.712745	28	210	238	0.023
1.308997	0.685216	-1.712745	8	121	236	0.023
1.570796	0.685216	-1.712745	254	124	233	0.023
2.094395	0.685216	-1.712745	248	110	244	0.023
-3.141593	2.063651	-2.044600	5	104	247	0.023
-2.879793	2.063651	-2.044600	253	98	252	0.023
-2.356194	2.063651	-2.044600	10	102	254	0.023
-2.094395	2.063651	-2.044600	12	144	1	0.023
-1.832596	2.063651	-2.044600	15	101	240	0.023
-1.570796	2.063651	-2.044600	15	107	254	0.023
-1.308997	2.063651	-2.044600	12	110	246	0.023
0.261799	2.063651	-2.044600	5	195	244	0.023
1.570796	2.063651	-2.044600	252	143	249	0.023
2.356194	2.063651	-2.044600	254	120	250	0.023
-3.141593	0.700570	1.559208	6	143	4	0.023
-2.879793	0.700570	1.559208	13	134	254	0.023
-2.617994	0.700570	1.559208	18	168	252	0.023
-2.356194	0.700570	1.559208	26	111	247	0.023
-1.832596	0.700570	1.559208	18	143	1	0.023
-1.308997	0.700570	1.559208	26	181	253	0.023
-0.785398	0.700570	1.559208	254	123	241	0.023
-0.523599	0.700570	1.559208	254	112	249	0.023
0.785398	0.700570	1.559208	247	110	2	0.023
1.047198	0.700570	1.559208	239	143	1	0.023
1.308997	0.700570	1.559208	245	123	2	0.023
1.570796	0.700570	1.559208	244	100	255	0.023
2.356194	0.700570	1.559208	2	136	252	0.023
-2.356194	1.025536	1.576859	14	103	5	0.023
-2.094395	1.025536	1.576859	16	128	14	0.023
-1.832596	1.025536	1.576859	13	109	6	0.023
-1.570796	1.025536	1.576859	7	112	242	0.023
-1.308997	1.025536	1.576859	14	128	5	0.023
0.785398	1.025536	1.576859	243	106	5	0.023
1.308997	1.025536	1.576859	246	101	12	0.023
1.832596	1.025536	1.576859	253	143	1	0.023
2.356194	1.025536	1.576859	246	137	1	0.023
2.617994	1.025536	1.576859	253	114	253	0.023
-3.141593	2.251330	-2.330739	0	104	254	0.023
-2.879793	2.251330	-2.330739	9	144	246	0.023
-2.617994	2.251330	-2.330739	5	122	2	0.023
-2.356194	2.251330	-2.330739	13	119	248	0.023
1.308997	2.251330	-2.330739	238	106	1	0.023
1.570796	2.251330	-2.330739	248	120	0	0.023
1.832596	2.251330	-2.330739	248	100	7	0.023
2.094395	2.251330	-2.330739	242	122	251	0.023
2.356194	2.251330	-2.330739	247	143	254	0.023
2.617994	2.251330	-2.330739	252	123	0	0.023
2.879793	2.251330	-2.330739	250	118	253	0.023
-2.356194	1.374601	-2.456031	18	135	240	0.023
-1.832596	1.374601	-2.456031	7	104	246	0.023
0.785398	1.374601	-2.456031	248	104	236	0.023
1.047198	1.374601	-2.456031	0	145	234	0.023
1.832596	1.374601	-2.456031	0	144	240	0.023
2.094395	1.374601	-2.456031	5	120	243	0.023
2.356194	1.374601	-2.456031	1	111	233	0.023
2.617994	1.374601	-2.456031	0	144	240	0.023
-2.356194	1.732874	-0.951685	2	122	0	0.023
-2.094395	1.732874	-0.951685	10	143	255	0.023
-1.832596	1.732874	-0.951685	10	115	241	0.023
-1.570796	1.732874	-0.951685	11	120	241	0.023
-1.308997	1.732874	-0.951685	11	106	255	0.023
1.308997	1.732874	-0.951685	0	163	4	0.023
1.570796	1.732874	-0.951685	244	109	249	0.023
1.832596	1.732874	-0.951685	250	112	247	0.023
2.094395	1.732874	-0.951685	248	102	2	0.023
-3.141593	0.960688	-0.577532	251	104	251	0.023
-2.879793	0.960688	-0.577532	244	141	246	0.023
-1.832596	0.960688	-0.577532	13	128	245	0.023
-1.570796	0.960688	-0.577532	5	143	234	0.023
-1.308997	0.960688	-0.577532	8	127	242	0.023
-1.047198	0.960688	-0.577532	13	151	245	0.023
-0.785398	0.960688	-0.577532	19	106	249	0.023
0.000000	0.960688	-0.577532	25	108	244	0.023
0.523599	0.960688	-0.577532	1	111	244	0.023
1.570796	0.960688	-0.577532	251	114	240	0.023
1.832596	0.960688	-0.577532	249	131	244	0.023
2.617994	0.960688	-0.577532	238	120	249	0.023
2.879793	0.960688	-0.577532	244	102	248	0.023
-3.141593	1.824694	1.850876	9	128	10	0.023
-2.879793	1.824694	1.850876	11	106	8	0.023
-1.832596	1.824694	1.850876	13	104	12	0.023
-0.261799	1.824694	1.850876	248	166	6	0.023
1.047198	1.824694	1.850876	248	103	14	0.023
1.308997	1.824694	1.850876	254	102	8	0.023
1.570796	1.824694	1.850876	251	97	19	0.023
1.832596	1.824694	1.850876	0	143	13	0.023
2.094395	1.824694	1.850876	1	117	12	0.023
2.356194	1.824694	1.850876	5	127	10	0.023
2.617994	1.824694	1.850876	4	103	20	0.023
2.879793	1.824694	1.850876	12	137	9	0.023
-2.617994	2.704512	1.488683	20	173	6	0.023
-1.047198	2.704512	1.488683	249	127	17	0.023
-0.785398	2.704512	1.488683	237	111	16	0.023
-0.261799	2.704512	1.488683	250	101	13	0.023
0.261799	2.704512	1.488683	247	143	10	0.023
0.523599	2.704512	1.488683	249	102	14	0.023
0.785398	2.704512	1.488683	13	103	9	0.023
1.308997	2.704512	1.488683	7	121	15	0.023
1.570796	2.704512	1.488683	12	125	7	0.023
1.832596	2.704512	1.488683	19	175	11	0.023
2.094395	2.704512	1.488683	12	128	9	0.023
2.356194	2.704512	1.488683	254	140	12	0.023
2.879793	2.704512	1.488683	4	130	13	0.023
-1.570796	0.910508	1.903534	16	111	10	0.023
-1.047198	0.910508	1.903534	6	135	6	0.023
-0.785398	0.910508	1.903534	7	110	240	0.023
0.523599	0.910508	1.903534	243	110	2	0.023
0.785398	0.910508	1.903534	246	128	255	0.023
1.047198	0.910508	1.903534	242	120	251	0.023
1.308997	0.910508	1.903534	248	112	254	0.023
1.570796	0.910508	1.903534	241	141	248	0.023
2.094395	0.910508	1.903534	247	144	0	0.023
2.617994	0.910508	1.903534	8	143	251	0.023
2.879793	0.910508	1.903534	4	142	3	0.023
-2.356194	0.929350	-2.910676	9	111	241	0.023
-1.832596	0.929350	-2.910676	4	165	235	0.023
-1.308997	0.929350	-2.910676	9	112	239	0.023
-0.785398	0.929350	-2.910676	3	128	235	0.023
-0.261799	0.929350	-2.910676	255	103	234	0.023
0.523599	0.929350	-2.910676	251	152	242	0.023
0.785398	0.929350	-2.910676	1	135	240	0.023
1.047198	0.929350	-2.910676	251	147	240	0.023
1.308997	0.929350	-2.910676	247	144	248	0.023
1.570796	0.929350	-2.910676	1	109	251	0.023
1.832596	0.929350	-2.910676	4	105	250	0.023
2.617994	0.929350	-2.910676	4	111	248	0.023
-2.617994	1.128190	-2.288622	1	166	229	0.023
-1.832596	1.128190	-2.288622	16	169	237	0.023
-1.570796	1.128190	-2.288622	10	144	245	0.023
-0.785398	1.128190	-2.288622	2	126	239	0.023
-0.523599	1.128190	-2.288622	6	118	232	0.023
-0.261799	1.128190	-2.288622	1	107	237	0.023
0.523599	1.128190	-2.288622	248	103	239	0.023
1.047198	1.128190	-2.288622	1	103	228	0.023
1.308997	1.128190	-2.288622	2	120	237	0.023
1.570796	1.128190	-2.288622	5	103	239	0.023
2.094395	1.128190	-2.288622	251	124	241	0.023
2.356194	1.128190	-2.288622	2	128	232	0.023
2.879793	1.128190	-2.288622	12	102	239	0.023
-3.141593	2.881233	-2.582574	252	130	1	0.023
-2.617994	2.881233	-2.582574	5	119	2	0.023
-2.356194	2.881233	-2.582574	19	143	251	0.023
-2.094395	2.881233	-2.582574	23	137	255	0.023
-1.832596	2.881233	-2.582574	13	119	255	0.023
-1.570796	2.881233	-2.582574	22	119	2	0.023
-1.308997	2.881233	-2.582574	19	138	254	0.023
-0.523599	2.881233	-2.582574	10	143	254	0.023
-0.261799	2.881233	-2.582574	19	111	8	0.023
1.570796	2.881233	-2.582574	234	102	255	0.023
1.832596	2.881233	-2.582574	245	111	3	0.023
2.356194	2.881233	-2.582574	4	128	9	0.023
2.617994	2.881233	-2.582574	12	120	8	0.023
-2.617994	1.696674	-1.253233	253	114	251	0.023
-2.356194	1.696674	-1.253233	7	107	4	0.023
-2.094395	1.696674	-1.253233	12	128	252	0.023
-1.832596	1.696674	-1.253233	16	147	255	0.023
-1.570796	1.696674	-1.253233	4	101	0	0.023
-1.308997	1.696674	-1.253233	21	100	6	0.023
-1.047198	1.696674	-1.253233	20	107	251	0.023
-0.785398	1.696674	-1.253233	24	116	253	0.023
-0.523599	1.696674	-1.253233	13	111	1	0.023
-2.879793	1.683268	0.374177	244	136	10	0.023
-2.617994	1.683268	0.374177	7	100	8	0.023
-2.356194	1.683268	0.374177	2	149	0	0.023
-2.094395	1.683268	0.374177	5	140	16	0.023
-1.832596	1.683268	0.374177	9	102	5	0.023
-1.570796	1.683268	0.374177	255	102	9	0.023
-1.308997	1.683268	0.374177	12	104	8	0.023
-0.785398	1.683268	0.374177	16	112	255	0.023
1.308997	1.683268	0.374177	248	122	12	0.023
1.570796	1.683268	0.374177	250	128	251	0.023
2.094395	1.683268	0.374177	249	107	9	0.023
2.356194	1.683268	0.374177	248	122	12	0.023
2.617994	1.683268	0.374177	247	111	16	0.023
-2.356194	2.073035	2.027405	11	122	0	0.023
0.785398	2.073035	2.027405	244	107	13	0.023
1.308997	2.073035	2.027405	246	98	10	0.023
1.570796	2.073035	2.027405	248	119	5	0.023
1.832596	2.073035	2.027405	7	114	1	0.023
2.094395	2.073035	2.027405	7	128	14	0.023
2.356194	2.073035	2.027405	11	128	12	0.023
2.617994	2.073035	2.027405	5	127	12	0.023
2.879793	2.073035	2.027405	21	101	13	0.023
-2.356194	1.875281	0.107086	251	134	10	0.023
-2.094395	1.875281	0.107086	6	104	9	0.023
-1.832596	1.875281	0.107086	11	120	4	0.023
-1.570796	1.875281	0.107086	12	104	14	0.023
-1.308997	1.875281	0.107086	14	119	3	0.023
-0.785398	1.875281	0.107086	13	106	3	0.023
0.000000	1.875281	0.107086	17	165	255	0.023
1.832596	1.875281	0.107086	249	141	18	0.023
2.094395	1.875281	0.107086	252	118	254	0.023
2.356194	1.875281	0.107086	250	110	254	0.023
2.617994	1.875281	0.107086	255	103	15	0.023
2.879793	1.875281	0.107086	242	100	13	0.023
-2.879793	1.247695	1.809890	11	144	6	0.023
-2.356194	1.247695	1.809890	9	103	251	0.023
0.785398	1.247695	1.809890	243	107	10	0.023
1.308997	1.247695	1.809890	249	102	2	0.023
1.570796	1.247695	1.809890	244	116	6	0.023
1.832596	1.247695	1.809890	249	123	9	0.023
2.094395	1.247695	1.809890	251	141	247	0.023
2.356194	1.247695	1.809890	251	136	8	0.023
-2.879793	1.301460	-0.509251	250	124	247	0.023
-1.308997	1.301460	-0.509251	10	125	245	0.023
-1.047198	1.301460	-0.509251	9	100	241	0.023
-0.785398	1.301460	-0.509251	13	128	255	0.023
2.617994	1.301460	-0.509251	241	112	3	0.023
-2.879793	1.904882	-1.478089	254	114	254	0.023
-2.617994	1.904882	-1.478089	0	103	0	0.023
-2.094395	1.904882	-1.478089	3	143	252	0.023
-1.832596	1.904882	-1.478089	14	118	252	0.023
-1.308997	1.904882	-1.478089	11	100	0	0.023
-0.785398	1.904882	-1.478089	20	111	244	0.023
-0.523599	1.904882	-1.478089	10	102	245	0.023
2.094395	1.904882	-1.478089	244	125	255	0.023
2.356194	1.904882	-1.478089	237	112	254	0.023
-3.141593	0.709924	0.218797	253	114	252	0.023
-2.617994	0.709924	0.218797	0	144	249	0.023
-2.356194	0.709924	0.218797	2	143	254	0.023
-2.094395	0.709924	0.218797	19	163	2	0.023
-1.832596	0.709924	0.218797	13	118	0	0.023
0.000000	0.709924	0.218797	3	112	252	0.023
0.785398	0.709924	0.218797	4	168	240	0.023
1.047198	0.709924	0.218797	249	140	242	0.023
1.570796	0.709924	0.218797	245	110	246	0.023
1.832596	0.709924	0.218797	244	127	244	0.023
2.094395	0.709924	0.218797	244	106	253	0.023
2.356194	0.709924	0.218797	246	103	251	0.023
2.879793	0.709924	0.218797	246	117	2	0.023
-3.141593	0.496451	0.593859	4	136	249	0.023
-2.356194	0.496451	0.593859	13	143	243	0.023
-2.094395	0.496451	0.593859	12	141	246	0.023
-1.570796	0.496451	0.593859	24	100	0	0.023
-1.047198	0.496451	0.593859	18	110	4	0.023
-0.261799	0.496451	0.593859	18	166	250	0.023
0.785398	0.496451	0.593859	250	134	247	0.023
1.308997	0.496451	0.593859	247	112	250	0.023
1.832596	0.496451	0.593859	229	134	253	0.023
2.094395	0.496451	0.593859	241	109	254	0.023
2.356194	0.496451	0.593859	250	132	252	0.023
2.617994	0.496451	0.593859	237	116	247	0.023
-2.094395	2.379497	0.561089	254	112	12	0.023
-1.832596	2.379497	0.561089	0	136	11	0.023
-0.261799	2.379497	0.561089	4	119	13	0.023
1.047198	2.379497	0.561089	12	120	7	0.023
1.308997	2.379497	0.561089	12	123	10	0.023
1.570796	2.379497	0.561089	248	108	255	0.023
1.832596	2.379497	0.561089	10	110	6	0.023
2.617994	2.379497	0.561089	0	112	22	0.023
2.879793	2.379497	0.561089	252	127	13	0.023
-2.094395	1.433411	-1.035986	7	122	250	0.023
-1.832596	1.433411	-1.035986	17	130	5	0.023
-1.570796	1.433411	-1.035986	6	102	254	0.023
-1.308997	1.433411	-1.035986	10	102	3	0.023
-1.047198	1.433411	-1.035986	15	101	254	0.023
-0.785398	1.433411	-1.035986	22	110	252	0.023
-0.523599	1.433411	-1.035986	21	103	251	0.023
0.000000	1.433411	-1.035986	14	110	239	0.023
0.523599	1.433411	-1.035986	11	174	243	0.023
1.308997	1.433411	-1.035986	242	112	247	0.023
-2.879793	1.658653	-2.409879	9	122	241	0.023
-2.356194	1.658653	-2.409879	13	106	241	0.023
-2.094395	1.658653	-2.409879	17	121	244	0.023
-1.570796	1.658653	-2.409879	15	122	239	0.023
-1.308997	1.658653	-2.409879	16	112	230	0.023
-1.047198	1.658653	-2.409879	4	128	232	0.023
0.523599	1.658653	-2.409879	245	108	247	0.023
1.570796	1.658653	-2.409879	250	144	243	0.023
1.832596	1.658653	-2.409879	252	107	247	0.023
2.617994	1.658653	-2.409879	252	103	250	0.023
-2.879793	0.418037	1.360082	12	110	247	0.023
-1.570796	0.418037	1.360082	21	159	252	0.023
0.785398	0.418037	1.360082	241	111	247	0.023
1.308997	0.418037	1.360082	243	103	250	0.023
2.879793	0.418037	1.360082	22	143	251	0.023
-1.832596	1.214854	-1.966664	15	123	241	0.023
-1.570796	1.214854	-1.966664	9	144	229	0.023
-1.308997	1.214854	-1.966664	14	104	241	0.023
-1.047198	1.214854	-1.966664	14	128	249	0.023
-0.261799	1.214854	-1.966664	255	106	234	0.023
0.000000	1.214854	-1.966664	4	110	240	0.023
0.261799	1.214854	-1.966664	248	110	239	0.023
1.047198	1.214854	-1.966664	2	156	236	0.023
1.570796	1.214854	-1.966664	253	128	234	0.023
1.832596	1.214854	-1.966664	253	110	235	0.023
-2.617994	0.914445	2.687814	18	164	246	0.023
-2.356194	0.914445	2.687814	14	103	244	0.023
-2.094395	0.914445	2.687814	16	151	244	0.023
-1.832596	0.914445	2.687814	2	160	234	0.023
-0.261799	0.914445	2.687814	251	143	243	0.023
0.523599	0.914445	2.687814	237	97	248	0.023
1.047198	0.914445	2.687814	251	112	244	0.023
1.308997	0.914445	2.687814	255	144	241	0.023
1.570796	0.914445	2.687814	253	144	255	0.023
1.832596	0.914445	2.687814	254	144	233	0.023
2.094395	0.914445	2.687814	2	136	250	0.023
2.617994	0.914445	2.687814	3	143	248	0.023
2.879793	0.914445	2.687814	14	103	249	0.023
-2.879793	1.135813	-2.658866	13	103	237	0.023
-2.617994	1.135813	-2.658866	11	112	243	0.023
-2.356194	1.135813	-2.658866	12	108	243	0.023
-2.094395	1.135813	-2.658866	1	107	248	0.023
-1.570796	1.135813	-2.658866	2	108	235	0.023
-1.308997	1.135813	-2.658866	14	165	240	0.023
1.570796	1.135813	-2.658866	251	130	245	0.023
1.832596	1.135813	-2.658866	5	103	240	0.023
2.356194	1.135813	-2.658866	252	151	235	0.023
2.879793	1.135813	-2.658866	12	112	237	0.023
-2.617994	1.448123	-2.163292	1	122	238	0.023
-2.356194	1.448123	-2.163292	4	102	238	0.023
-2.094395	1.448123	-2.163292	16	106	233	0.023
-1.832596	1.448123	-2.163292	9	111	249	0.023
-1.570796	1.448123	-2.163292	16	129	237	0.023
-0.785398	1.448123	-2.163292	3	111	235	0.023
0.000000	1.448123	-2.163292	4	110	242	0.023
0.261799	1.448123	-2.163292	250	112	233	0.023
0.785398	1.448123	-2.163292	251	110	240	0.023
1.570796	1.448123	-2.163292	250	117	241	0.023
2.356194	1.448123	-2.163292	254	119	236	0.023
-3.141593	2.455966	-0.641220	239	101	11	0.023
-2.879793	2.455966	-0.641220	245	107	11	0.023
-2.356194	2.455966	-0.641220	252	127	9	0.023
-2.094395	2.455966	-0.641220	252	136	12	0.023
-1.832596	2.455966	-0.641220	10	122	10	0.023
-1.308997	2.455966	-0.641220	14	107	7	0.023
-0.261799	2.455966	-0.641220	22	110	2	0.023
0.261799	2.455966	-0.641220	14	111	15	0.023
1.570796	2.455966	-0.641220	253	111	9	0.023
2.094395	2.455966	-0.641220	242	111	12	0.023
2.617994	2.455966	-0.641220	249	106	8	0.023
-3.141593	1.662363	0.915448	1	150	10	0.023
-2.617994	1.662363	0.915448	10	114	8	0.023
-2.356194	1.662363	0.915448	9	123	12	0.023
-1.832596	1.662363	0.915448	8	107	16	0.023
-1.570796	1.662363	0.915448	11	110	19	0.023
-1.047198	1.662363	0.915448	4	112	9	0.023
-0.261799	1.662363	0.915448	251	105	14	0.023
1.308997	1.662363	0.915448	249	105	19	0.023
1.570796	1.662363	0.915448	0	142	12	0.023
2.094395	1.662363	0.915448	255	103	15	0.023
2.356194	1.662363	0.915448	254	102	18	0.023
1.047198	0.850607	-1.335383	12	134	229	0.022
1.308997	0.866955	-0.931351	2	152	236	0.022
-2.879793	1.014500	0.906702	255	112	4	0.022
1.832596	1.135834	-1.431087	248	132	250	0.022
-3.141593	1.367556	0.358405	254	93	8	0.022
0.261799	1.948085	-2.363031	249	143	248	0.022
1.047198	2.180315	-1.357379	250	119	1	0.022
-1.047198	1.699788	2.452890	255	136	3	0.022
-0.523599	1.218453	2.777284	247	139	251	0.022
0.000000	1.555207	1.708892	252	132	13	0.022
1.047198	0.762244	-0.273349	254	150	254	0.022
-1.570796	1.247695	1.809890	4	119	255	0.022
-1.570796	1.450119	-2.739050	14	120	247	0.021
-0.523599	1.450119	-2.739050	2	123	248	0.021
2.094395	1.450119	-2.739050	250	111	233	0.021
-1.570796	2.404280	-0.174044	6	126	251	0.021
0.523599	2.404280	-0.174044	2	143	10	0.021
1.047198	2.404280	-0.174044	5	139	13	0.021
1.308997	2.404280	-0.174044	9	181	255	0.021
0.523599	2.115563	0.685730	255	150	8	0.021
0.523599	1.756530	-2.105156	252	134	239	0.021
0.523599	1.869911	2.701025	252	128	250	0.021
-2.356194	0.458961	-0.107937	253	127	247	0.021
-2.094395	0.458961	-0.107937	12	118	241	0.021
-1.308997	0.458961	-0.107937	27	128	250	0.021
0.000000	0.458961	-0.107937	19	143	246	0.021
