160	1.2	1
-2.617994	1.134796	2.434290
0.000000	0.000000	0.000000
1ext.pdb	14.325	16.151	-23.365
model.B99990005.pdb	-24.566	-3.704	-23.463
-0.261799	0.496451	0.593859	18	19	47	55.931
-2.356194	2.299159	2.264663	15	25	37	52.493
-2.879793	0.992645	-1.723759	17	26	40	51.695
-0.261799	0.203748	0.590255	19	23	43	50.433
-2.094395	2.174483	2.653697	17	25	35	49.938
-2.879793	2.863997	0.549740	12	3	53	49.802
-0.261799	2.760637	2.781135	15	14	54	48.783
-3.141593	1.662363	0.915448	135	136	13	48.591
2.617994	2.108018	1.311430	131	145	25	47.805
-1.832596	1.904882	-1.478089	33	17	36	47.666
0.523599	1.756530	-2.105156	127	9	9	47.527
-2.617994	1.504028	0.636812	146	133	7	47.422
-1.308997	1.335669	0.897240	130	147	17	47.205
0.523599	1.218453	2.777284	25	18	25	47.077
0.261799	1.391910	3.030322	27	18	29	47.037
-2.879793	1.214854	-1.966664	17	27	36	46.709
-1.308997	2.984978	1.954446	14	8	55	46.633
-1.832596	1.134497	-1.109631	23	20	31	46.555
0.261799	1.658653	-2.409879	130	13	10	46.551
-0.261799	0.709924	0.218797	23	15	48	46.453
2.879793	1.488617	1.159546	132	138	12	46.352
-1.047198	2.247462	0.191623	124	153	11	45.827
-2.879793	1.662363	0.915448	141	134	13	45.290
-0.261799	1.045978	0.343692	19	11	50	45.063
-2.094395	1.134497	-1.109631	25	17	30	44.939
0.000000	2.407836	1.410646	129	146	3	44.785
1.570796	0.960688	-0.577532	24	24	33	44.780
2.356194	2.180315	-1.357379	21	18	46	44.399
0.523599	1.658653	-2.409879	126	7	10	44.083
-1.047198	2.637879	2.121598	36	18	25	44.015
-2.879793	1.325504	-1.671296	17	28	34	43.895
1.308997	0.290380	-0.796960	19	25	41	43.855
-1.832596	1.135834	-1.431087	25	20	34	43.688
-2.617994	2.299159	2.264663	21	24	37	43.492
-2.879793	0.899350	-2.069907	17	25	42	43.324
2.879793	2.153910	-1.714959	17	28	27	43.302
-0.523599	0.496451	0.593859	21	18	47	43.119
2.094395	1.683268	0.374177	27	23	35	43.082
-3.141593	1.335669	0.897240	135	135	6	43.067
-2.094395	2.478122	2.609777	16	25	32	42.871
-1.832596	0.992645	-1.723759	26	18	36	42.798
2.879793	1.872854	1.543456	135	139	23	42.753
2.356194	2.153910	-1.714959	18	21	46	42.567
1.308997	0.960688	-0.577532	27	21	31	42.490
-0.785398	1.450119	-2.739050	133	141	16	42.439
-2.356194	2.174483	2.653697	22	25	35	42.413
-2.617994	1.214854	-1.966664	13	27	38	42.407
-1.047198	0.419640	2.974122	128	142	16	42.398
1.308997	2.637879	2.121598	22	19	40	42.309
2.356194	2.063651	-2.044600	13	24	46	42.251
1.832596	1.335669	0.897240	20	25	43	42.219
-1.308997	0.419640	2.974122	125	147	16	42.178
-0.785398	0.960688	-0.577532	26	20	17	42.153
0.785398	1.506530	1.988858	11	29	38	42.110
-2.617994	1.696674	-1.253233	36	4	31	42.102
-1.832596	0.850607	-1.335383	23	20	34	42.102
-0.785398	1.569311	-3.003978	133	141	14	42.006
-3.141593	1.134497	-1.109631	136	142	18	41.980
-1.308997	0.992645	-1.723759	20	25	36	41.978
-0.261799	2.407836	1.410646	127	151	3	41.943
-3.141593	1.904882	-1.478089	21	26	23	41.925
2.617994	2.396274	-1.959260	14	25	43	41.897
-2.879793	1.812176	0.656819	140	135	14	41.888
0.000000	0.458961	-0.107937	27	19	46	41.772
-1.832596	2.356369	3.005869	17	26	30	41.768
1.047198	0.929350	-2.910676	34	14	39	41.659
0.000000	2.174483	2.653697	15	25	49	41.631
-2.879793	1.836682	-0.676006	143	148	28	41.561
-3.141593	1.242974	-2.977882	22	27	37	41.480
-0.261799	0.961715	0.014085	25	10	49	41.390
0.000000	2.356369	3.005869	14	21	51	41.379
0.261799	0.458961	-0.107937	24	19	46	41.324
1.047198	0.290380	-0.796960	23	23	41	41.295
0.000000	1.569311	-3.003978	29	17	32	41.243
2.617994	2.295480	1.008277	130	146	26	41.152
-3.141593	1.809167	1.213774	137	135	19	41.125
2.356194	1.977582	0.969896	23	26	32	41.119
0.785398	0.618092	2.539118	29	13	27	41.010
1.570796	2.164094	-2.991358	24	23	32	40.996
-2.356194	2.704512	1.488683	26	18	44	40.953
0.523599	1.574060	2.783565	129	8	20	40.920
0.000000	0.709924	0.218797	20	16	49	40.858
1.047198	1.998705	2.370472	19	21	40	40.671
-0.523599	0.831641	0.616218	18	14	49	40.669
-2.879793	1.335669	0.897240	141	133	6	40.648
-2.094395	0.850607	-1.335383	25	19	33	40.590
1.570796	0.906588	1.252948	16	21	49	40.537
-2.617994	0.290380	-0.796960	7	18	56	40.507
-1.570796	2.760637	2.781135	21	22	25	40.502
-2.617994	1.998705	2.370472	23	24	40	40.482
-1.308997	2.247462	0.191623	123	159	11	40.467
-1.832596	1.662363	0.915448	133	145	17	40.449
2.094395	1.977582	0.969896	26	24	31	40.435
2.879793	1.599406	1.426070	133	138	17	40.389
0.000000	0.762244	-0.273349	29	13	47	40.356
-1.570796	1.025536	1.576859	5	29	47	40.353
2.094395	1.504028	0.636812	17	28	38	40.288
-2.879793	1.374601	-2.456031	8	31	42	40.278
2.879793	0.709924	0.218797	13	25	52	40.259
-2.356194	2.587733	0.232235	148	136	31	40.253
2.617994	0.496451	0.593859	14	21	55	40.234
-0.523599	2.760637	2.781135	17	13	52	40.206
1.047198	2.073035	2.027405	18	22	37	40.206
-3.141593	0.992645	-1.723759	21	25	40	40.200
2.879793	0.674054	1.013609	31	17	27	40.183
2.879793	1.809167	1.213774	132	139	20	40.116
2.617994	0.370812	-2.547742	26	27	33	40.110
1.308997	2.073035	2.027405	14	23	37	40.108
1.832596	2.164094	-2.991358	20	25	32	40.101
-2.094395	2.704512	1.488683	19	4	50	40.061
-1.832596	1.301460	-0.509251	24	19	28	40.052
0.523599	1.554776	0.100351	9	37	35	40.029
2.879793	1.846342	-1.796954	16	29	33	40.026
-1.047198	2.984978	1.954446	14	7	55	39.958
-2.094395	1.488617	1.159546	10	28	50	39.871
1.308997	2.299159	2.264663	18	20	41	39.828
0.523599	0.914445	2.687814	129	8	5	39.783
2.356194	1.413347	-1.339188	26	26	36	39.753
-1.832596	0.370812	-2.547742	127	147	19	39.732
2.617994	1.195355	1.200319	29	24	36	39.717
-1.308997	2.637879	2.121598	21	24	39	39.710
2.879793	1.555207	1.708892	24	28	32	39.685
-0.523599	1.242974	-2.977882	137	139	19	39.680
0.523599	1.948085	-2.363031	127	7	16	39.672
2.879793	2.108018	1.311430	133	142	25	39.668
-0.261799	2.478122	2.609777	17	19	53	39.636
-2.879793	1.545873	-1.877082	18	27	30	39.629
2.356194	2.041297	-2.664597	25	25	29	39.628
0.523599	0.297065	2.160177	23	20	37	39.607
2.094395	1.367556	0.358405	27	23	41	39.593
-3.141593	0.899350	-2.069907	21	25	42	39.588
-1.570796	1.696674	-1.253233	31	20	31	39.545
0.523599	1.904882	-1.478089	30	21	38	39.514
0.261799	1.766067	2.153843	16	29	43	39.478
-2.879793	1.555207	1.708892	8	19	55	39.473
-1.570796	2.984978	1.954446	16	8	52	39.456
-0.785398	2.637879	2.121598	20	13	55	39.452
0.523599	2.041297	-2.664597	127	5	22	39.449
-2.617994	1.662363	0.915448	147	133	14	39.431
-1.832596	1.870545	-2.976234	34	17	46	39.414
0.785398	1.247695	1.809890	12	29	33	39.359
-2.617994	1.374601	-2.456031	40	155	22	39.352
2.617994	2.174483	2.653697	29	22	20	39.309
2.879793	0.370812	-2.547742	21	28	33	39.281
1.570796	0.496451	0.593859	18	27	37	39.250
-1.832596	0.685216	-1.712745	25	18	35	39.240
2.094395	1.433411	-1.035986	29	23	37	39.209
1.308997	1.413347	-1.339188	34	22	31	39.187
-1.832596	1.809167	1.213774	40	156	42	39.181
1.832596	2.984978	1.954446	17	20	41	39.171
1.570796	2.187132	-0.479875	12	14	54	39.164
2.617994	2.760637	2.781135	25	21	30	39.145
-2.094395	1.869911	2.701025	17	26	35	39.088
2.094395	1.256302	0.062705	36	19	35	39.081
2.617994	2.251330	-2.330739	21	27	27	39.062
-3.141593	1.325504	-1.671296	21	27	33	39.061
2.617994	0.700570	1.559208	25	23	45	39.039
-2.094395	0.370812	-2.547742	125	152	20	38.997
1.570796	1.325504	-1.671296	32	24	26	38.954
2.879793	0.619654	-2.216909	28	22	35	38.953
2.094395	0.674054	1.013609	20	19	53	38.917
-0.261799	2.396274	-1.959260	20	30	41	38.910
2.356194	1.766067	2.153843	34	22	28	38.896
-1.832596	2.881233	-2.582574	31	17	51	38.872
0.523599	1.741644	-2.695914	126	7	15	38.856
2.094395	1.510910	-0.740472	27	24	37	38.845
1.832596	2.979456	-1.009304	158	10	60	38.831
2.094395	1.301460	-0.509251	26	22	43	38.795
0.523599	0.458961	-0.107937	20	21	45	38.779
1.570796	0.992645	-1.723759	33	24	29	38.759
-2.356194	1.310100	1.488307	17	29	47	38.742
-0.785398	1.440580	2.260026	133	140	17	38.741
-2.094395	1.904882	-1.478089	17	24	31	38.713
1.308997	0.571433	-1.188419	17	28	49	38.711
2.617994	1.721184	-0.153948	29	25	26	38.698
-1.308997	1.696674	-1.253233	29	25	32	38.635
-0.785398	1.045978	0.343692	20	10	50	38.628
-2.094395	1.135834	-1.431087	27	16	34	38.580
-1.570796	0.685216	-1.712745	22	22	32	38.560
1.047198	1.696674	-1.253233	126	157	10	38.542
0.261799	1.506530	1.988858	21	29	37	38.538
2.879793	1.736875	3.023612	26	27	28	38.536
-1.832596	1.391910	3.030322	35	15	39	38.528
0.000000	1.450119	-2.739050	25	20	32	38.523
-1.570796	0.290380	-0.796960	13	19	53	38.521
2.879793	2.164094	-2.991358	25	24	21	38.501
2.356194	1.904882	-1.478089	18	17	49	38.495
-0.523599	0.961715	0.014085	25	8	49	38.462
2.879793	1.335669	0.897240	130	139	6	38.446
2.617994	1.872854	1.543456	130	143	23	38.441
-1.570796	1.195355	1.200319	45	2	27	38.425
2.356194	1.909857	-0.381669	32	21	22	38.396
2.094395	1.335669	0.897240	15	27	43	38.382
0.785398	1.658653	-2.409879	124	3	11	38.382
-1.308997	1.909857	-0.381669	14	22	45	38.380
-0.523599	0.866395	-2.492918	15	27	39	38.358
-1.570796	1.904882	-1.478089	31	22	37	38.349
2.617994	1.506530	1.988858	29	24	26	38.319
2.356194	0.418037	1.360082	32	16	28	38.274
0.523599	1.391910	3.030322	24	21	29	38.247
0.261799	2.104282	-0.813972	18	33	32	38.244
0.000000	0.866955	-0.931351	36	5	41	38.237
-1.570796	1.617114	-1.572037	31	21	34	38.203
-3.141593	1.824694	1.850876	22	149	46	38.188
0.785398	1.574060	2.783565	18	22	39	38.186
-0.785398	2.881233	-2.582574	23	20	24	38.180
1.047198	1.113094	-0.272241	18	19	55	38.164
-2.617994	1.870545	-2.976234	40	156	39	38.162
-0.261799	2.295480	1.008277	127	145	9	38.146
-1.570796	2.187132	-0.479875	15	20	46	38.139
-3.141593	1.214854	-1.966664	22	26	36	38.139
0.523599	1.545873	-1.877082	30	23	29	38.138
2.356194	2.073035	2.027405	33	21	22	38.132
-2.617994	0.929350	-2.910676	40	158	18	38.131
-1.047198	1.168678	2.108595	42	22	29	38.123
-3.141593	1.488617	1.159546	137	134	13	38.099
-0.261799	2.881233	-2.582574	4	23	59	38.092
-0.785398	1.504028	0.636812	35	23	39	38.028
-0.523599	1.374601	-2.456031	136	138	17	38.015
2.617994	1.599406	1.426070	29	26	31	38.008
-2.879793	0.850607	-1.335383	20	25	30	37.984
2.617994	1.736875	3.023612	31	24	28	37.942
1.832596	1.683268	0.374177	39	15	27	37.912
0.261799	1.904882	-1.478089	33	18	38	37.903
2.617994	0.850607	-1.335383	29	21	42	37.901
-1.832596	0.615174	-0.666022	15	10	61	37.897
-1.570796	2.979456	-1.009304	25	20	41	37.864
-0.785398	1.448123	-2.163292	132	141	15	37.846
-2.617994	0.866395	-2.492918	37	1	13	37.814
2.617994	1.025536	1.576859	27	24	39	37.778
-0.785398	1.909857	-0.381669	128	145	16	37.767
-3.141593	2.180315	-1.357379	147	129	17	37.762
-2.879793	1.448123	-2.163292	18	27	33	37.742
-1.832596	1.194549	-0.801900	22	20	28	37.741
2.879793	0.080730	-2.622036	21	26	38	37.735
2.617994	0.685216	-1.712745	27	24	32	37.720
2.879793	0.850607	-1.335383	131	146	13	37.709
-2.879793	0.961715	0.014085	141	134	158	37.693
2.879793	0.992645	-1.723759	26	24	40	37.676
-2.879793	2.637879	2.121598	37	13	19	37.662
-1.832596	0.910508	1.903534	25	20	18	37.643
-1.047198	1.440580	2.260026	130	144	17	37.634
0.785398	1.440580	2.260026	10	29	41	37.628
-0.523599	1.045978	0.343692	10	28	44	37.611
-2.879793	2.073035	2.027405	27	154	50	37.561
0.523599	1.506530	1.988858	16	29	38	37.528
-2.879793	2.664082	-1.071402	150	134	28	37.525
0.000000	1.554776	0.100351	17	15	42	37.518
-3.141593	1.450119	-2.739050	13	31	41	37.503
0.261799	0.762244	-0.273349	16	24	35	37.472
2.617994	2.138223	1.678323	133	145	27	37.468
-0.523599	2.295480	1.008277	125	150	9	37.456
-1.047198	2.478122	2.609777	23	23	35	37.452
0.261799	1.736875	3.023612	27	20	31	37.435
1.832596	1.367556	0.358405	39	14	33	37.430
-1.047198	2.001437	0.381215	124	155	15	37.406
2.094395	0.418037	1.360082	33	12	28	37.404
1.570796	2.356369	3.005869	21	23	27	37.396
2.356194	0.929350	-2.910676	29	27	25	37.388
2.094395	1.242974	-2.977882	21	31	34	37.385
-0.261799	0.418037	1.360082	22	28	22	37.358
0.523599	1.374601	-2.456031	39	3	22	37.355
0.785398	0.297065	2.160177	23	21	20	37.344
2.617994	1.310100	1.488307	28	25	36	37.342
-1.832596	0.831641	0.616218	37	155	15	37.340
1.832596	1.325504	-1.671296	27	27	26	37.335
-2.094395	0.080730	-2.622036	128	151	23	37.299
-1.308997	1.617114	-1.572037	28	25	34	37.271
-2.094395	1.662363	0.915448	131	149	17	37.271
-1.832596	2.104282	-0.813972	17	18	48	37.265
1.832596	2.174483	2.653697	19	23	42	37.241
0.523599	0.906588	1.252948	25	19	43	37.237
-0.523599	2.592629	0.909713	126	150	5	37.218
-2.879793	1.699788	2.452890	32	20	18	37.199
1.570796	1.195355	1.200319	21	21	48	37.187
2.617994	1.948085	-2.363031	22	27	33	37.174
2.356194	1.869911	2.701025	34	21	26	37.162
2.094395	2.108018	1.311430	26	24	30	37.151
-2.617994	2.637879	2.121598	35	17	19	37.133
-1.832596	1.732874	-0.951685	26	20	36	37.129
2.094395	1.904882	-1.478089	20	33	43	37.117
-2.879793	0.619654	-2.216909	10	24	54	37.114
-0.523599	2.407836	1.410646	126	155	3	37.096
0.000000	1.870545	-2.976234	30	16	36	37.083
-0.785398	1.218453	2.777284	33	31	29	37.072
-2.879793	1.128190	-2.288622	19	27	38	37.069
2.356194	2.299159	2.264663	25	22	40	37.042
-1.047198	1.045978	0.343692	133	144	22	37.021
0.523599	1.247695	1.809890	18	30	32	37.013
0.523599	1.413347	-1.339188	27	23	36	37.008
-1.047198	1.214854	-1.966664	18	26	41	36.990
2.617994	0.419640	2.974122	15	17	57	36.975
-1.832596	2.033014	2.977192	30	16	53	36.953
1.832596	1.195355	1.200319	144	137	11	36.932
2.617994	2.587733	0.232235	155	6	57	36.929
-2.094395	0.866955	-0.931351	24	18	29	36.913
0.261799	1.374601	-2.456031	130	12	5	36.913
-3.141593	1.756530	-2.105156	22	27	27	36.898
-3.141593	0.419640	2.974122	28	26	33	36.869
2.617994	1.683268	0.374177	28	26	27	36.867
2.879793	0.929350	-2.910676	6	36	38	36.866
2.356194	1.721184	-0.153948	33	22	26	36.852
2.879793	2.041297	-2.664597	26	25	22	36.835
2.094395	1.606104	-0.451151	37	18	28	36.835
-2.879793	2.393226	1.857173	23	1	53	36.823
-2.617994	2.174483	2.653697	31	14	14	36.781
-0.261799	1.506530	1.988858	18	36	46	36.781
-2.617994	1.555207	1.708892	6	18	55	36.781
-1.832596	1.134796	2.434290	36	11	38	36.781
-0.523599	1.184361	0.625864	127	149	25	36.772
2.879793	1.134497	-1.109631	133	145	19	36.766
-0.261799	2.174483	2.653697	19	25	49	36.764
0.000000	1.998705	2.370472	19	27	48	36.763
2.617994	1.870545	-2.976234	31	24	25	36.755
0.000000	1.766067	2.153843	21	29	42	36.747
-1.832596	1.433411	-1.035986	25	20	33	36.742
-3.141593	2.719179	-1.780644	9	26	40	36.736
-0.261799	0.458961	-0.107937	29	17	46	36.733
2.879793	1.450119	-2.739050	18	30	41	36.730
2.879793	1.301460	-0.509251	31	16	25	36.725
-2.094395	1.846342	-1.796954	33	13	38	36.694
-2.879793	1.809167	1.213774	142	133	20	36.692
2.356194	0.379747	-1.713059	16	27	36	36.685
-2.617994	1.128190	-2.288622	38	158	16	36.666
1.308997	1.134497	-1.109631	32	23	37	36.665
-2.094395	1.824694	1.850876	36	158	45	36.661
1.570796	1.413430	2.550734	26	22	34	36.653
-1.832596	1.606104	-0.451151	26	18	30	36.634
2.356194	2.724429	-0.348782	17	20	52	36.632
2.356194	1.846342	-1.796954	15	19	49	36.627
-3.141593	0.866395	-2.492918	13	27	51	36.618
2.617994	0.418037	1.360082	29	20	29	36.615
-1.047198	1.195355	1.200319	45	14	27	36.613
-2.356194	2.478122	2.609777	21	25	32	36.605
-2.879793	0.370812	-2.547742	11	19	56	36.598
-0.523599	1.683268	0.374177	31	28	41	36.596
-2.356194	2.295480	1.008277	8	31	41	36.589
1.308997	2.164094	-2.991358	27	20	29	36.582
-2.617994	1.448123	-2.163292	14	27	34	36.562
-1.047198	2.881233	-2.582574	23	21	51	36.560
-2.617994	1.135813	-2.658866	4	28	47	36.544
1.308997	1.809167	1.213774	28	19	27	36.529
1.570796	1.977582	0.969896	39	10	23	36.528
1.832596	1.014500	0.906702	123	155	6	36.528
0.261799	1.846342	-1.796954	33	20	33	36.520
1.570796	1.872854	1.543456	26	21	32	36.515
-1.308997	1.488617	1.159546	130	146	15	36.500
-2.879793	1.824694	1.850876	26	150	46	36.488
-1.308997	1.683268	0.374177	37	9	40	36.487
2.356194	1.506530	1.988858	24	26	41	36.479
0.785398	1.599406	1.426070	131	148	10	36.465
2.879793	1.766067	2.153843	25	27	28	36.456
-2.879793	1.135813	-2.658866	8	29	47	36.454
0.523599	1.736875	3.023612	128	7	21	36.451
2.356194	1.736875	3.023612	35	21	28	36.446
-2.356194	0.899350	-2.069907	141	135	17	36.441
2.356194	1.658653	-2.409879	35	21	29	36.438
-1.047198	2.174483	2.653697	22	21	30	36.434
2.879793	1.195355	1.200319	24	27	38	36.425
-1.832596	1.510910	-0.740472	26	19	33	36.397
2.617994	0.733948	3.021411	17	22	53	36.389
2.094395	0.700570	1.559208	20	19	54	36.388
1.047198	2.979456	-1.009304	34	20	22	36.388
2.094395	1.732874	-0.951685	37	17	25	36.372
-2.617994	1.450119	-2.739050	41	155	27	36.365
-0.785398	1.741644	-2.695914	34	8	21	36.355
0.523599	1.846342	-1.796954	29	23	33	36.339
-1.570796	1.809167	1.213774	134	144	19	36.337
0.523599	1.367556	0.358405	10	37	34	36.334
-1.047198	0.914445	2.687814	27	30	30	36.324
0.261799	1.617114	-1.572037	33	20	35	36.301
2.356194	2.863997	0.549740	34	7	40	36.301
1.047198	1.741644	-2.695914	40	13	18	36.298
-1.047198	1.134497	-1.109631	28	16	48	36.282
0.000000	1.696674	-1.253233	33	15	39	36.261
-2.617994	2.295480	1.008277	14	31	41	36.259
2.356194	1.555207	1.708892	16	19	53	36.255
0.261799	0.674054	1.013609	15	33	25	36.252
1.308997	2.881233	-2.582574	136	145	33	36.228
-2.356194	2.108018	1.311430	13	31	40	36.217
2.356194	1.870545	-2.976234	16	24	43	36.212
-2.356194	1.998705	2.370472	19	24	40	36.212
2.356194	0.961715	0.014085	32	21	40	36.210
-2.617994	0.619654	-2.216909	15	24	46	36.209
-1.832596	2.164094	-2.991358	41	13	43	36.186
-0.523599	1.440580	2.260026	22	35	44	36.186
-1.047198	1.683268	0.374177	37	16	40	36.169
2.094395	0.961715	0.014085	35	17	40	36.154
2.094395	0.906588	1.252948	23	21	50	36.153
-2.617994	2.247462	0.191623	146	132	24	36.143
-1.047198	0.899350	-2.069907	19	26	37	36.139
2.879793	1.014500	0.906702	22	27	38	36.135
-0.523599	0.203748	0.590255	23	23	43	36.108
0.000000	0.914445	2.687814	20	16	45	36.106
2.094395	1.766067	2.153843	37	18	28	36.105
-2.617994	1.218453	2.777284	39	153	28	36.103
-2.617994	1.617114	-1.572037	35	4	34	36.098
-1.308997	0.906588	1.252948	5	25	52	36.089
2.094395	2.033014	2.977192	28	22	31	36.085
0.261799	1.247695	1.809890	20	14	49	36.085
1.832596	1.417623	-0.202254	16	22	55	36.083
-1.308997	1.440580	2.260026	129	149	17	36.075
2.356194	1.982574	-1.115518	33	20	20	36.074
1.832596	1.413430	2.550734	22	24	34	36.066
2.356194	1.683268	0.374177	33	22	27	36.064
0.000000	0.203748	0.590255	16	24	45	36.061
-0.785398	0.992645	-1.723759	131	148	16	36.057
-0.785398	2.299159	2.264663	15	28	33	36.052
1.308997	0.297065	2.160177	34	13	30	36.050
1.047198	1.134497	-1.109631	36	20	37	36.049
-3.141593	1.812176	0.656819	35	27	32	36.046
-2.879793	1.450119	-2.739050	7	31	41	36.029
-1.047198	1.413347	-1.339188	27	10	50	36.026
-1.832596	1.325504	-1.671296	26	18	40	36.021
2.356194	2.174483	2.653697	12	26	42	36.014
-1.570796	1.242974	-2.977882	33	22	33	36.008
1.047198	1.214854	-1.966664	40	18	30	36.008
-0.785398	1.812176	0.656819	34	22	46	36.008
-2.356194	2.637879	2.121598	32	20	19	36.003
0.785398	0.290380	-0.796960	28	22	41	36.002
-3.141593	2.349581	-2.702517	22	23	16	35.990
-2.094395	2.180315	-1.357379	21	22	27	35.988
-2.617994	1.875281	0.107086	148	129	17	35.983
1.832596	2.407836	1.410646	34	13	16	35.974
-2.617994	0.615174	-0.666022	9	24	49	35.973
2.356194	1.545873	-1.877082	35	21	30	35.972
2.617994	2.164094	-2.991358	29	22	21	35.969
2.094395	1.846342	-1.796954	17	20	48	35.968
0.000000	2.863997	0.549740	23	22	38	35.961
2.094395	0.914445	2.687814	18	27	43	35.958
-1.570796	0.674054	1.013609	7	28	52	35.955
-1.570796	2.881233	-2.582574	28	20	51	35.950
-2.617994	2.041297	-2.664597	41	156	39	35.943
-3.141593	1.448123	-2.163292	22	27	31	35.943
-0.785398	1.662363	0.915448	6	27	43	35.943
0.261799	2.407836	1.410646	131	142	3	35.942
1.047198	1.391910	3.030322	22	21	36	35.935
-2.356194	1.741644	-2.695914	44	1	33	35.935
2.617994	1.766067	2.153843	30	25	28	35.935
2.094395	2.153910	-1.714959	19	21	44	35.931
2.879793	2.033014	2.977192	26	25	22	35.918
1.832596	1.247695	1.809890	29	19	29	35.917
-1.832596	2.984978	1.954446	16	7	49	35.917
0.261799	2.063651	-2.044600	32	20	32	35.916
0.261799	0.866955	-0.931351	36	10	41	35.911
-0.523599	1.909857	-0.381669	131	141	16	35.894
-2.356194	1.870545	-2.976234	43	2	39	35.884
2.356194	2.108018	1.311430	22	25	28	35.880
-1.308997	2.404280	-0.174044	123	152	9	35.873
1.308997	1.662363	0.915448	28	18	25	35.868
-2.356194	1.875281	0.107086	155	130	17	35.853
-2.617994	0.640596	-2.797608	7	22	54	35.852
1.570796	2.984978	1.954446	20	19	41	35.819
-0.523599	2.153910	-1.714959	36	6	36	35.807
1.047198	1.256302	0.062705	16	13	57	35.804
-3.141593	0.906588	1.252948	37	23	36	35.801
2.094395	1.875281	0.107086	22	22	51	35.790
0.523599	1.134497	-1.109631	24	24	35	35.789
-0.261799	2.153910	-1.714959	23	33	34	35.789
-2.617994	0.864993	2.278281	3	23	52	35.774
-2.094395	2.984978	1.954446	21	26	28	35.769
-3.141593	1.766067	2.153843	21	28	28	35.765
-0.785398	2.478122	2.609777	20	26	35	35.762
1.308997	1.113094	-0.272241	24	24	35	35.758
1.308997	0.762244	-0.273349	25	23	38	35.745
-2.356194	2.153910	-1.714959	33	11	41	35.734
1.832596	1.113094	-0.272241	38	14	37	35.706
1.308997	1.599406	1.426070	136	141	10	35.689
1.832596	2.089241	-0.114193	148	16	46	35.673
-1.832596	2.704512	1.488683	38	16	28	35.670
-1.308997	1.555207	1.708892	44	12	39	35.668
2.879793	1.756530	-2.105156	27	26	26	35.666
-0.261799	0.914445	2.687814	20	14	43	35.659
-0.785398	1.134497	-1.109631	24	25	19	35.654
2.617994	2.073035	2.027405	29	24	22	35.649
0.785398	2.343981	-1.040456	30	16	35	35.648
2.617994	1.134796	2.434290	25	29	31	35.624
-1.832596	1.869911	2.701025	33	7	18	35.616
-2.617994	2.180315	-1.357379	159	132	18	35.604
0.523599	2.187132	-0.479875	15	32	36	35.584
2.356194	0.674054	1.013609	18	22	53	35.583
-3.141593	0.674054	1.013609	28	20	27	35.577
1.047198	0.961715	0.014085	12	17	57	35.574
-0.785398	1.195355	1.200319	6	28	36	35.560
-3.141593	1.875281	0.107086	137	131	17	35.558
-3.141593	0.850607	-1.335383	133	142	13	35.556
-0.261799	2.299159	2.264663	19	22	51	35.555
2.356194	1.194549	-0.801900	34	21	36	35.550
-2.617994	2.343981	-1.040456	156	132	22	35.540
2.617994	1.732874	-0.951685	30	24	26	35.535
-2.094395	1.025536	1.576859	14	30	47	35.521
2.879793	2.251330	-2.330739	26	22	18	35.518
2.617994	1.113094	-0.272241	29	24	37	35.510
0.523599	2.863997	0.549740	17	22	37	35.503
2.879793	1.194549	-0.801900	25	26	35	35.494
0.523599	2.724429	-0.348782	20	27	47	35.486
-2.356194	1.391910	3.030322	44	159	29	35.479
-2.617994	2.455966	-0.641220	151	132	25	35.478
-3.141593	2.164094	-2.991358	9	9	54	35.473
1.570796	1.413347	-1.339188	30	26	31	35.463
-2.094395	2.343981	-1.040456	25	17	44	35.457
0.785398	1.413430	2.550734	125	5	18	35.446
-0.523599	1.135834	-1.431087	137	138	20	35.445
2.617994	1.374601	-2.456031	31	25	34	35.445
1.570796	2.089241	-0.114193	150	22	46	35.437
-1.570796	1.721184	-0.153948	29	18	32	35.431
2.879793	1.869911	2.701025	26	27	26	35.429
-1.570796	0.992645	-1.723759	24	22	36	35.428
2.879793	2.379497	0.561089	29	27	32	35.426
2.356194	1.569311	-3.003978	14	23	46	35.423
1.832596	0.914445	2.687814	31	23	35	35.413
-1.832596	2.637879	2.121598	23	10	55	35.409
2.617994	1.555207	1.708892	29	26	32	35.407
-3.141593	0.290380	-0.796960	31	10	17	35.406
0.523599	1.504028	0.636812	9	37	40	35.397
1.047198	1.218453	2.777284	122	157	12	35.387
2.356194	1.732874	-0.951685	34	21	25	35.372
-0.785398	1.506530	1.988858	134	139	16	35.371
-0.261799	1.335669	0.897240	0	24	42	35.366
1.570796	1.135834	-1.431087	21	29	49	35.361
-2.617994	2.396274	-1.959260	29	10	43	35.356
-1.570796	1.488617	1.159546	128	151	15	35.355
-3.141593	1.128190	-2.288622	22	26	39	35.354
-0.785398	0.866395	-2.492918	19	26	39	35.353
1.570796	1.050534	3.042579	34	20	35	35.349
2.094395	2.724429	-0.348782	20	18	52	35.347
1.047198	1.809167	1.213774	31	17	28	35.346
1.832596	2.724429	-0.348782	21	15	52	35.340
-0.785398	2.587733	0.232235	124	148	4	35.339
2.094395	1.045978	0.343692	34	19	39	35.339
-1.308997	1.413347	-1.339188	133	142	19	35.336
2.094395	1.599406	1.426070	27	24	39	35.336
-1.832596	1.413347	-1.339188	25	20	37	35.331
0.523599	1.440580	2.260026	132	11	20	35.323
2.879793	1.662363	0.915448	130	139	13	35.317
-3.141593	1.374601	-2.456031	23	27	35	35.316
-0.785398	1.194549	-0.801900	27	24	21	35.316
-3.141593	1.741644	-2.695914	22	27	27	35.315
2.356194	1.374601	-2.456031	35	21	34	35.306
2.356194	1.488617	1.159546	33	23	32	35.299
2.879793	2.704512	1.488683	20	27	30	35.297
2.356194	0.992645	-1.723759	129	155	22	35.290
1.047198	1.448123	-2.163292	143	140	14	35.281
2.879793	2.104282	-0.813972	24	24	19	35.272
-0.261799	2.063651	-2.044600	20	33	35	35.260
0.785398	1.025536	1.576859	14	28	25	35.258
-3.141593	1.555207	1.708892	139	134	18	35.254
2.879793	2.396274	-1.959260	9	23	44	35.248
0.000000	1.824694	1.850876	13	33	54	35.243
1.832596	2.588535	-2.976617	130	155	13	35.242
-0.523599	1.168678	2.108595	32	31	29	35.237
0.523599	1.696674	-1.253233	28	21	40	35.228
-1.832596	1.218453	2.777284	45	11	27	35.227
-0.785398	1.374601	-2.456031	132	142	16	35.215
2.356194	0.571433	-1.188419	20	20	54	35.210
2.617994	0.080730	-2.622036	26	25	38	35.205
0.523599	1.325504	-1.671296	29	23	30	35.195
-2.356194	1.683268	0.374177	152	135	7	35.194
0.523599	1.014500	0.906702	9	36	32	35.185
-0.785398	2.760637	2.781135	19	11	49	35.175
-0.523599	2.343981	-1.040456	33	28	38	35.172
0.261799	2.396274	-1.959260	34	13	16	35.172
-1.832596	2.760637	2.781135	32	16	16	35.170
0.261799	1.545873	-1.877082	33	20	29	35.169
2.356194	0.906588	1.252948	26	23	38	35.162
-2.356194	1.025536	1.576859	19	28	47	35.154
-1.570796	1.699788	2.452890	30	15	18	35.154
0.785398	1.741644	-2.695914	123	1	15	35.153
2.617994	1.824694	1.850876	132	142	24	35.143
2.094395	1.488617	1.159546	36	19	32	35.143
1.308997	2.664082	-1.071402	20	20	50	35.139
2.356194	1.998705	2.370472	33	21	23	35.138
-2.879793	1.413430	2.550734	33	148	34	35.137
2.356194	1.599406	1.426070	33	23	31	35.133
-0.785398	2.588535	-2.976617	36	15	29	35.129
0.523599	0.961715	0.014085	14	16	57	35.128
-0.261799	1.413347	-1.339188	15	34	26	35.128
0.261799	2.299159	2.264663	14	22	55	35.122
-1.570796	1.599406	1.426070	1	28	45	35.121
0.000000	1.413347	-1.339188	21	29	17	35.120
-2.094395	1.736875	3.023612	34	9	47	35.119
2.094395	1.214854	-1.966664	25	26	23	35.114
-2.617994	0.899350	-2.069907	34	2	10	35.112
2.094395	1.836682	-0.676006	36	18	23	35.112
2.617994	1.504028	0.636812	35	16	24	35.110
-0.523599	1.721184	-0.153948	129	144	18	35.104
2.617994	0.906588	1.252948	23	25	38	35.104
2.879793	2.115563	0.685730	30	26	35	35.099
2.879793	1.699788	2.452890	25	27	29	35.097
-2.356194	2.001437	0.381215	153	131	22	35.095
0.523599	1.569311	-3.003978	126	7	15	35.095
-0.785398	1.555207	1.708892	39	23	39	35.094
0.785398	1.569311	-3.003978	123	1	15	35.093
1.308997	1.025536	1.576859	23	22	39	35.087
-0.523599	2.251330	-2.330739	37	11	30	35.080
2.356194	1.809167	1.213774	22	26	35	35.061
2.094395	1.809167	1.213774	36	19	26	35.055
2.617994	1.417623	-0.202254	29	26	32	35.054
0.523599	1.450119	-2.739050	126	7	10	35.046
-1.047198	2.587733	0.232235	123	153	4	35.046
-2.356194	0.370812	-2.547742	125	157	19	35.044
-1.308997	0.458961	-0.107937	29	13	49	35.044
0.523599	1.256302	0.062705	17	11	57	35.040
1.832596	2.455966	-0.641220	15	18	53	35.036
2.356194	0.733948	3.021411	21	20	53	35.033
-2.356194	1.904882	-1.478089	24	22	30	35.026
2.094395	0.496451	0.593859	22	23	40	35.023
2.094395	0.850607	-1.335383	130	150	24	35.014
-2.356194	0.640596	-2.797608	38	7	13	35.006
-1.832596	0.929350	-2.910676	124	147	13	35.002
-0.261799	2.180315	-1.357379	27	32	34	35.001
-0.785398	2.396274	-1.959260	21	32	50	35.000
-1.047198	0.290380	-0.796960	14	24	45	34.998
2.879793	0.733948	3.021411	15	23	53	34.998
-0.523599	2.881233	-2.582574	23	22	23	34.997
-2.356194	2.863997	0.549740	142	143	35	34.997
-2.879793	0.591903	2.010408	8	21	55	34.996
-0.261799	1.741644	-2.695914	28	18	35	34.992
-1.047198	2.041297	-2.664597	34	28	38	34.984
0.785398	0.914445	2.687814	6	28	38	34.972
1.832596	1.488617	1.159546	144	137	14	34.969
1.047198	1.367556	0.358405	158	33	34	34.967
-0.785398	1.683268	0.374177	34	23	41	34.966
-1.570796	2.404280	-0.174044	122	158	9	34.960
-1.308997	0.370812	-2.547742	25	20	7	34.960
-1.832596	1.699788	2.452890	32	12	18	34.959
2.879793	1.184361	0.625864	24	26	36	34.959
-2.094395	1.413347	-1.339188	36	13	29	34.952
-0.523599	2.187132	-0.479875	132	140	11	34.949
0.785398	1.555207	1.708892	11	29	38	34.941
-0.785398	1.134796	2.434290	35	29	28	34.933
0.523599	1.683268	0.374177	9	37	41	34.928
-3.141593	2.456751	-1.503343	13	22	44	34.928
-1.047198	0.591903	2.010408	30	24	26	34.925
1.832596	1.574060	2.783565	22	25	34	34.919
-0.523599	2.299159	2.264663	22	20	51	34.914
0.000000	1.904882	-1.478089	35	14	38	34.910
-3.141593	1.872854	1.543456	7	24	51	34.903
2.879793	2.979456	-1.009304	141	140	33	34.902
-2.094395	2.664082	-1.071402	30	13	21	34.901
0.785398	1.721184	-0.153948	12	31	28	34.901
-1.047198	2.588535	-2.976617	37	11	29	34.886
-3.141593	1.696674	-1.253233	21	27	26	34.883
2.356194	1.872854	1.543456	24	25	35	34.882
-2.617994	2.704512	1.488683	30	25	24	34.879
-1.047198	0.674054	1.013609	41	11	14	34.877
-1.570796	2.356369	3.005869	37	6	25	34.877
1.832596	0.203748	0.590255	13	27	40	34.871
2.356194	1.450119	-2.739050	35	21	33	34.869
2.356194	1.256302	0.062705	33	23	35	34.867
-2.879793	1.134796	2.434290	32	147	29	34.867
2.879793	0.640596	-2.797608	4	33	46	34.864
-2.879793	1.504028	0.636812	140	134	6	34.862
2.094395	2.299159	2.264663	34	16	18	34.860
1.832596	2.104282	-0.813972	121	150	17	34.859
-2.356194	2.984978	1.954446	24	24	28	34.858
2.879793	1.909857	-0.381669	24	25	22	34.857
0.785398	1.218453	2.777284	21	20	25	34.855
-3.141593	1.732874	-0.951685	138	147	26	34.852
-1.570796	1.168678	2.108595	36	14	40	34.852
2.879793	1.045978	0.343692	14	29	47	34.843
0.785398	1.433411	-1.035986	11	25	49	34.840
-1.570796	2.063651	-2.044600	43	16	34	34.840
0.000000	2.637879	2.121598	10	31	33	34.839
1.047198	0.674054	1.013609	21	25	40	34.835
-2.094395	1.756530	-2.105156	41	9	33	34.833
-0.523599	0.709924	0.218797	24	14	48	34.827
1.047198	1.301460	-0.509251	27	20	27	34.817
1.570796	1.301460	-0.509251	18	24	53	34.816
-1.047198	0.992645	-1.723759	16	27	36	34.812
2.356194	2.138223	1.678323	32	21	21	34.811
-2.879793	2.001437	0.381215	142	131	22	34.809
-1.308997	0.685216	-1.712745	19	25	32	34.800
2.094395	1.025536	1.576859	35	16	28	34.796
2.356194	2.089241	-0.114193	31	20	19	34.786
2.094395	2.180315	-1.357379	22	18	46	34.782
0.000000	0.618092	2.539118	24	16	41	34.776
-3.141593	1.569311	-3.003978	22	28	32	34.770
-0.523599	1.194549	-0.801900	23	27	21	34.768
-2.879793	2.588535	-2.976617	29	22	33	34.760
0.523599	0.866955	-0.931351	22	25	34	34.757
-2.617994	1.904882	-1.478089	35	5	36	34.756
-3.141593	2.863997	0.549740	22	19	49	34.745
2.617994	2.063651	-2.044600	30	22	21	34.738
-2.094395	1.135813	-2.658866	43	9	20	34.735
-1.047198	1.335669	0.897240	12	29	42	34.731
0.000000	2.153910	-1.714959	36	14	36	34.723
-3.141593	1.599406	1.426070	138	134	17	34.721
1.832596	0.379747	-1.713059	27	26	36	34.716
2.617994	1.756530	-2.105156	32	24	26	34.715
0.261799	1.417623	-0.202254	7	21	52	34.713
2.617994	1.812176	0.656819	28	25	25	34.713
1.047198	2.138223	1.678323	16	24	34	34.712
2.356194	0.591903	2.010408	41	17	35	34.711
-0.785398	1.417623	-0.202254	33	23	29	34.706
1.570796	1.574060	2.783565	25	22	34	34.695
-1.832596	1.335669	0.897240	31	158	38	34.694
0.000000	1.812176	0.656819	31	31	39	34.692
-2.617994	2.984978	1.954446	35	17	20	34.692
-0.523599	1.450119	-2.739050	137	138	16	34.692
-3.141593	2.089241	-0.114193	27	31	34	34.691
-1.832596	1.545873	-1.877082	43	9	20	34.687
-2.617994	0.914445	2.687814	38	154	22	34.686
2.356194	1.417623	-0.202254	34	22	31	34.684
-2.356194	1.836682	-0.676006	159	132	11	34.682
1.047198	2.404280	-0.174044	9	27	42	34.681
-2.879793	1.242974	-2.977882	17	28	38	34.678
1.308997	2.455966	-0.641220	153	23	50	34.676
0.785398	2.704512	1.488683	23	19	36	34.668
0.261799	1.256302	0.062705	17	9	57	34.656
-2.617994	1.247695	1.809890	10	14	56	34.644
-2.356194	2.881233	-2.582574	34	11	51	34.642
-2.617994	0.961715	0.014085	146	134	158	34.634
-2.879793	1.732874	-0.951685	149	129	7	34.631
1.047198	2.704512	1.488683	23	19	37	34.630
-3.141593	1.982574	-1.115518	145	128	13	34.625
0.261799	0.700570	1.559208	22	20	44	34.624
1.308997	1.506530	1.988858	21	22	40	34.624
0.261799	1.504028	0.636812	8	2	55	34.619
-0.523599	1.135813	-2.658866	16	26	44	34.618
-3.141593	1.846342	-1.796954	17	27	38	34.615
2.617994	0.992645	-1.723759	4	30	53	34.614
-1.570796	1.869911	2.701025	128	153	9	34.612
2.879793	2.407836	1.410646	19	27	35	34.610
1.308997	0.640596	-2.797608	29	21	46	34.602
-0.785398	2.664082	-1.071402	35	21	45	34.596
-2.356194	1.128190	-2.288622	40	2	15	34.594
0.523599	1.194549	-0.801900	23	11	56	34.593
-2.879793	1.569311	-3.003978	7	31	40	34.591
-2.356194	0.914445	2.687814	42	159	22	34.591
-0.785398	1.335669	0.897240	124	153	20	34.590
2.356194	1.310100	1.488307	11	19	54	34.586
2.879793	0.961715	0.014085	133	139	158	34.584
1.570796	1.506530	1.988858	19	23	40	34.577
-1.047198	2.724429	-0.348782	28	21	36	34.575
-2.094395	2.108018	1.311430	8	31	40	34.560
2.094395	2.407836	1.410646	32	16	16	34.559
0.261799	1.824694	1.850876	16	31	45	34.556
-2.617994	2.063651	-2.044600	26	19	19	34.543
-2.617994	1.413430	2.550734	38	152	34	34.542
1.570796	2.664082	-1.071402	17	23	49	34.535
2.879793	2.073035	2.027405	25	25	22	34.535
1.308997	2.404280	-0.174044	16	9	54	34.526
0.523599	2.396274	-1.959260	30	22	35	34.525
0.000000	1.741644	-2.695914	29	17	37	34.515
-2.356194	1.574060	2.783565	20	25	33	34.509
-2.617994	2.349581	-2.702517	13	13	54	34.497
-0.785398	1.554776	0.100351	35	23	35	34.496
1.308997	1.998705	2.370472	16	21	41	34.495
2.879793	0.914445	2.687814	135	141	12	34.492
2.617994	1.658653	-2.409879	22	28	36	34.488
-3.141593	1.256302	0.062705	18	28	34	34.486
-2.879793	0.733948	3.021411	22	28	27	34.477
2.356194	2.349581	-2.702517	23	24	24	34.477
-1.570796	2.588535	-2.976617	36	3	28	34.454
1.308997	0.929350	-2.910676	42	15	30	34.448
0.523599	1.134796	2.434290	129	11	11	34.445
-2.617994	1.982574	-1.115518	17	26	34	34.440
2.617994	1.606104	-0.451151	29	25	28	34.440
-2.617994	2.719179	-1.780644	29	13	42	34.424
-2.879793	0.866395	-2.492918	35	157	13	34.423
-2.094395	2.299159	2.264663	23	11	60	34.422
1.047198	2.174483	2.653697	20	19	43	34.418
-2.617994	1.948085	-2.363031	41	154	34	34.413
-1.308997	2.033014	2.977192	35	22	44	34.412
-2.356194	2.073035	2.027405	33	0	50	34.412
-1.047198	2.393226	1.857173	30	12	54	34.406
0.000000	1.982574	-1.115518	23	33	29	34.406
2.356194	1.554776	0.100351	33	23	28	34.405
0.523599	2.455966	-0.641220	15	30	40	34.396
2.617994	0.571433	-1.188419	17	22	54	34.388
-1.832596	0.591903	2.010408	20	20	18	34.382
0.523599	1.732874	-0.951685	12	31	24	34.382
0.000000	0.929350	-2.910676	12	29	40	34.378
1.570796	1.683268	0.374177	40	10	27	34.373
2.094395	1.569311	-3.003978	17	22	46	34.372
0.000000	2.396274	-1.959260	36	15	35	34.364
-1.570796	1.662363	0.915448	44	1	37	34.364
-0.785398	2.251330	-2.330739	29	30	40	34.348
0.261799	0.906588	1.252948	27	16	43	34.341
-1.047198	1.014500	0.906702	13	29	38	34.331
0.785398	2.104282	-0.813972	30	13	40	34.329
-0.523599	2.041297	-2.664597	29	13	39	34.325
1.832596	1.617114	-1.572037	40	12	28	34.315
-0.785398	2.356369	3.005869	23	21	33	34.311
1.308997	2.343981	-1.040456	35	22	27	34.307
-1.570796	1.545873	-1.877082	23	21	45	34.303
2.879793	1.504028	0.636812	129	139	7	34.302
1.832596	1.301460	-0.509251	15	25	53	34.296
-2.879793	1.982574	-1.115518	137	148	25	34.291
2.356194	1.606104	-0.451151	34	22	28	34.291
-1.832596	1.574060	2.783565	35	13	45	34.287
0.000000	0.674054	1.013609	130	143	26	34.280
-2.617994	1.335669	0.897240	28	30	35	34.280
2.617994	0.866395	-2.492918	19	23	51	34.279
2.094395	2.089241	-0.114193	34	17	20	34.275
-2.094395	0.419640	2.974122	38	10	13	34.273
1.832596	1.870545	-2.976234	31	21	12	34.271
-0.261799	1.135813	-2.658866	12	27	44	34.268
-0.261799	2.704512	1.488683	33	14	39	34.267
2.617994	1.574060	2.783565	31	25	32	34.264
-1.308997	1.809167	1.213774	43	8	42	34.257
2.879793	1.325504	-1.671296	26	26	33	34.251
1.832596	1.736875	3.023612	127	140	22	34.250
-2.356194	1.135813	-2.658866	42	3	20	34.249
-2.356194	1.134796	2.434290	42	156	28	34.248
2.879793	1.554776	0.100351	24	27	29	34.246
2.356194	1.696674	-1.253233	34	21	26	34.241
-2.094395	1.599406	1.426070	10	31	43	34.234
-2.617994	1.574060	2.783565	39	153	36	34.234
2.356194	1.504028	0.636812	33	23	31	34.233
0.785398	0.906588	1.252948	22	22	44	34.230
1.570796	1.812176	0.656819	38	10	24	34.226
-2.617994	1.599406	1.426070	20	29	45	34.220
-3.141593	1.050534	3.042579	27	25	20	34.219
-3.141593	1.134796	2.434290	14	34	31	34.213
-1.570796	1.413347	-1.339188	22	24	37	34.213
-0.785398	2.164094	-2.991358	35	14	23	34.208
0.000000	1.417623	-0.202254	10	23	52	34.201
0.000000	2.719179	-1.780644	36	10	38	34.201
0.523599	1.214854	-1.966664	30	21	26	34.194
0.261799	1.875281	0.107086	141	132	20	34.170
-2.617994	1.440580	2.260026	36	151	36	34.169
-1.308997	1.242974	-2.977882	41	23	24	34.163
-2.879793	0.571433	-1.188419	33	6	19	34.163
-1.308997	1.325504	-1.671296	21	26	39	34.159
-2.879793	0.379747	-1.713059	128	152	24	34.157
1.308997	0.619654	-2.216909	38	21	36	34.155
-2.617994	2.863997	0.549740	17	24	49	34.155
-2.617994	2.592629	0.909713	23	19	48	34.152
-0.261799	2.592629	0.909713	127	145	5	34.146
-1.570796	0.419640	2.974122	123	153	16	34.146
-2.094395	1.218453	2.777284	36	8	37	34.145
-2.617994	1.766067	2.153843	23	157	54	34.144
-2.094395	0.866395	-2.492918	140	134	11	34.138
-1.570796	1.554776	0.100351	29	17	28	34.138
2.356194	1.812176	0.656819	33	23	25	34.137
0.000000	1.846342	-1.796954	36	16	33	34.137
-3.141593	2.073035	2.027405	24	153	50	34.136
-2.094395	1.574060	2.783565	23	23	39	34.134
2.879793	0.864993	2.278281	22	32	38	34.130
0.785398	2.187132	-0.479875	10	30	36	34.129
-2.094395	0.910508	1.903534	28	18	18	34.121
0.785398	1.683268	0.374177	3	36	41	34.121
0.000000	1.134796	2.434290	22	12	44	34.118
2.356194	2.356369	3.005869	32	18	17	34.112
-2.617994	1.824694	1.850876	31	152	45	34.103
1.832596	2.343981	-1.040456	123	148	23	34.103
-1.308997	1.025536	1.576859	10	24	36	34.103
-3.141593	1.045978	0.343692	136	134	1	34.101
-3.141593	0.496451	0.593859	26	14	57	34.096
2.617994	0.929350	-2.910676	31	23	22	34.088
2.094395	1.113094	-0.272241	36	18	37	34.088
2.879793	2.063651	-2.044600	148	129	19	34.085
0.523599	1.335669	0.897240	8	37	39	34.079
2.094395	1.134796	2.434290	20	27	37	34.078
1.570796	2.979456	-1.009304	21	22	47	34.073
-1.832596	2.393226	1.857173	19	10	62	34.072
2.356194	1.014500	0.906702	21	25	48	34.071
0.000000	0.290380	-0.796960	35	13	42	34.067
-0.785398	0.618092	2.539118	21	31	25	34.056
-2.879793	1.247695	1.809890	11	14	56	34.056
1.832596	1.554776	0.100351	39	15	29	34.054
0.785398	2.724429	-0.348782	20	6	51	34.051
0.523599	1.050534	3.042579	127	7	6	34.045
2.617994	1.998705	2.370472	30	24	24	34.039
0.523599	2.592629	0.909713	19	24	35	34.031
-1.047198	1.448123	-2.163292	130	145	16	34.030
-2.094395	1.875281	0.107086	35	3	23	34.027
-0.523599	2.704512	1.488683	9	31	36	34.025
0.785398	0.615174	-0.666022	17	23	54	34.024
2.879793	1.696674	-1.253233	15	30	40	34.023
-1.832596	2.073035	2.027405	35	6	50	34.017
-3.141593	2.108018	1.311430	137	139	25	34.015
-3.141593	1.658653	-2.409879	22	28	28	34.013
0.523599	1.488617	1.159546	5	36	43	34.005
-3.141593	2.041297	-2.664597	22	26	21	34.005
-1.047198	1.569311	-3.003978	130	145	14	34.002
0.261799	2.579248	-2.364801	159	26	55	34.001
0.523599	2.104282	-0.813972	12	32	33	33.999
-1.047198	1.721184	-0.153948	14	24	40	33.997
-1.308997	1.982574	-1.115518	46	15	30	33.994
-1.308997	1.310100	1.488307	46	10	32	33.990
-2.356194	1.617114	-1.572037	12	25	41	33.988
1.832596	0.496451	0.593859	20	16	55	33.988
0.000000	1.736875	3.023612	29	17	31	33.986
-1.047198	2.760637	2.781135	10	21	62	33.984
-1.047198	2.108018	1.311430	9	28	42	33.969
2.094395	1.812176	0.656819	36	20	25	33.967
-2.094395	1.134796	2.434290	44	2	28	33.956
-0.785398	1.168678	2.108595	38	27	29	33.952
2.617994	1.904882	-1.478089	22	28	30	33.950
-2.094395	1.413430	2.550734	44	3	34	33.947
-3.141593	0.379747	-1.713059	12	20	56	33.947
2.356194	1.134796	2.434290	132	132	11	33.947
2.094395	2.588535	-2.976617	24	21	20	33.944
2.617994	1.662363	0.915448	29	26	28	33.943
1.832596	1.510910	-0.740472	16	29	48	33.943
-1.308997	2.760637	2.781135	12	21	62	33.935
2.617994	1.184361	0.625864	19	29	45	33.934
2.879793	2.863997	0.549740	24	17	49	33.934
1.832596	1.846342	-1.796954	39	11	24	33.931
1.570796	1.450119	-2.739050	37	23	22	33.921
0.261799	1.045978	0.343692	136	141	29	33.919
2.879793	1.506530	1.988858	25	27	26	33.912
0.261799	2.164094	-2.991358	19	20	42	33.908
-2.879793	1.904882	-1.478089	32	14	24	33.908
-0.261799	0.419640	2.974122	23	17	37	33.902
0.523599	2.719179	-1.780644	159	25	56	33.901
0.523599	0.960688	-0.577532	17	23	38	33.892
-2.617994	2.187132	-0.479875	151	130	21	33.883
2.879793	1.050534	3.042579	10	35	33	33.879
-1.308997	2.041297	-2.664597	39	23	38	33.877
0.785398	0.866395	-2.492918	33	13	45	33.877
-1.570796	1.374601	-2.456031	41	19	22	33.875
1.570796	2.455966	-0.641220	150	18	50	33.872
2.879793	1.413430	2.550734	31	22	16	33.871
-1.832596	0.700570	1.559208	26	22	21	33.870
2.879793	1.025536	1.576859	14	28	49	33.869
1.832596	1.045978	0.343692	125	157	2	33.868
-2.094395	1.812176	0.656819	3	24	52	33.866
-3.141593	0.864993	2.278281	17	35	38	33.863
2.356194	1.301460	-0.509251	23	26	42	33.863
-1.832596	1.599406	1.426070	42	157	38	33.862
-1.832596	1.617114	-1.572037	33	17	35	33.860
-1.047198	1.310100	1.488307	44	17	31	33.857
2.879793	0.831641	0.616218	23	24	42	33.854
-1.308997	1.599406	1.426070	45	10	39	33.844
0.785398	1.134497	-1.109631	20	25	36	33.843
1.832596	2.881233	-2.582574	141	142	33	33.832
1.832596	0.866955	-0.931351	129	152	18	33.832
-0.785398	1.184361	0.625864	11	28	43	33.828
-0.785398	2.343981	-1.040456	38	24	38	33.819
2.356194	0.203748	0.590255	13	16	57	33.808
-3.141593	0.370812	-2.547742	12	18	57	33.807
-2.094395	1.194549	-0.801900	25	18	28	33.805
0.523599	1.875281	0.107086	19	33	34	33.804
-0.261799	1.184361	0.625864	3	25	43	33.789
-1.570796	2.073035	2.027405	26	14	58	33.787
1.832596	1.812176	0.656819	37	15	24	33.787
-0.523599	1.433411	-1.035986	23	31	26	33.786
-0.523599	2.579248	-2.364801	37	11	33	33.779
-0.785398	2.089241	-0.114193	39	20	32	33.770
1.570796	0.866955	-0.931351	28	20	29	33.762
0.261799	1.195355	1.200319	12	37	36	33.762
-1.570796	1.310100	1.488307	3	28	47	33.762
-2.617994	1.812176	0.656819	146	134	14	33.761
0.261799	2.984978	1.954446	130	149	3	33.761
-1.047198	1.488617	1.159546	131	143	16	33.761
0.000000	2.343981	-1.040456	22	32	38	33.760
1.047198	1.662363	0.915448	157	31	46	33.754
-2.617994	0.458961	-0.107937	17	21	50	33.748
1.832596	1.977582	0.969896	30	20	27	33.746
2.356194	1.247695	1.809890	14	21	50	33.740
0.523599	0.992645	-1.723759	30	22	27	33.737
-1.832596	1.135813	-2.658866	42	14	20	33.731
-0.785398	2.001437	0.381215	33	20	48	33.728
-1.308997	1.045978	0.343692	131	147	21	33.727
2.094395	1.736875	3.023612	131	135	22	33.720
-0.785398	2.063651	-2.044600	37	4	31	33.717
2.094395	1.696674	-1.253233	37	17	26	33.713
1.570796	0.762244	-0.273349	20	22	47	33.713
-2.879793	2.592629	0.909713	17	31	37	33.712
-2.356194	1.756530	-2.105156	33	7	40	33.712
1.570796	2.881233	-2.582574	138	144	33	33.712
1.832596	2.138223	1.678323	158	11	59	33.705
-2.879793	1.440580	2.260026	31	147	37	33.704
0.000000	2.063651	-2.044600	14	32	35	33.697
-1.570796	1.836682	-0.676006	18	19	46	33.693
2.879793	1.904882	-1.478089	26	25	23	33.693
2.617994	2.104282	-0.813972	131	133	17	33.692
-1.570796	1.824694	1.850876	30	12	54	33.689
-0.523599	0.080730	-2.622036	15	24	27	33.681
2.094395	0.960688	-0.577532	35	17	40	33.679
-1.047198	2.343981	-1.040456	42	18	38	33.677
0.523599	1.824694	1.850876	11	30	47	33.669
-0.261799	0.960688	-0.577532	32	4	45	33.666
2.617994	1.696674	-1.253233	31	25	26	33.666
2.617994	1.869911	2.701025	30	24	26	33.663
-0.785398	2.174483	2.653697	18	23	30	33.662
0.785398	1.982574	-1.115518	29	17	37	33.660
-0.523599	2.063651	-2.044600	38	8	31	33.658
-0.261799	1.683268	0.374177	26	33	41	33.658
2.617994	2.592629	0.909713	27	24	37	33.658
-1.832596	2.579248	-2.364801	38	14	46	33.655
-2.879793	0.929350	-2.910676	8	27	50	33.654
2.617994	2.180315	-1.357379	29	21	18	33.650
-0.523599	1.335669	0.897240	4	27	42	33.650
-1.570796	1.870545	-2.976234	31	23	46	33.645
-0.785398	0.419640	2.974122	25	25	10	33.643
0.000000	1.756530	-2.105156	36	17	28	33.642
-1.308997	1.391910	3.030322	30	27	39	33.641
1.308997	0.906588	1.252948	27	20	33	33.635
-1.832596	2.664082	-1.071402	30	18	39	33.634
0.785398	2.404280	-0.174044	14	7	54	33.634
2.879793	0.618092	2.539118	14	22	55	33.632
2.879793	2.719179	-1.780644	13	26	39	33.621
-1.570796	1.335669	0.897240	45	1	28	33.615
2.094395	1.909857	-0.381669	35	18	23	33.614
1.570796	1.184361	0.625864	124	2	6	33.608
-2.094395	1.450119	-2.739050	45	7	27	33.599
-2.356194	1.450119	-2.739050	13	28	39	33.596
0.000000	0.700570	1.559208	15	34	28	33.588
1.308997	1.433411	-1.035986	34	22	36	33.585
-2.617994	2.073035	2.027405	30	157	50	33.583
-1.832596	0.906588	1.252948	21	25	35	33.581
0.261799	0.850607	-1.335383	30	22	31	33.575
0.000000	2.455966	-0.641220	26	30	42	33.575
2.094395	0.929350	-2.910676	34	24	25	33.568
2.356194	1.025536	1.576859	22	24	49	33.567
2.879793	1.836682	-0.676006	25	26	23	33.559
2.617994	1.367556	0.358405	124	145	1	33.559
0.000000	1.440580	2.260026	9	37	44	33.552
-0.523599	1.510910	-0.740472	26	31	28	33.550
-2.356194	2.138223	1.678323	28	158	51	33.550
2.356194	1.756530	-2.105156	35	21	27	33.543
-2.879793	2.104282	-0.813972	149	128	16	33.543
-2.879793	0.831641	0.616218	24	23	54	33.529
2.094395	1.545873	-1.877082	37	17	29	33.528
1.308997	1.195355	1.200319	135	141	11	33.525
2.617994	2.356369	3.005869	29	20	17	33.525
-2.094395	1.555207	1.708892	11	32	40	33.519
-0.523599	1.417623	-0.202254	29	28	29	33.518
1.570796	2.180315	-1.357379	122	151	19	33.516
2.094395	1.218453	2.777284	18	28	40	33.516
2.879793	1.741644	-2.695914	26	27	27	33.509
-2.617994	2.404280	-0.174044	148	131	25	33.507
-0.261799	2.579248	-2.364801	30	14	14	33.503
2.617994	1.242974	-2.977882	21	27	45	33.501
2.617994	2.588535	-2.976617	27	18	15	33.494
1.832596	0.906588	1.252948	123	153	5	33.478
0.261799	2.138223	1.678323	18	27	51	33.474
2.094395	0.866395	-2.492918	28	29	29	33.470
-0.261799	1.301460	-0.509251	27	18	42	33.470
-3.141593	1.194549	-0.801900	20	28	36	33.470
-1.570796	1.766067	2.153843	31	16	53	33.455
-0.785398	2.295480	1.008277	26	16	57	33.439
-2.094395	1.310100	1.488307	12	30	46	33.438
1.832596	1.809167	1.213774	150	15	51	33.431
-2.094395	0.929350	-2.910676	42	9	18	33.428
-0.523599	1.325504	-1.671296	18	33	25	33.426
1.308997	1.194549	-0.801900	20	20	56	33.422
-3.141593	2.393226	1.857173	11	5	63	33.422
-2.617994	1.809167	1.213774	20	32	38	33.421
0.261799	0.864993	2.278281	22	16	42	33.420
2.879793	0.960688	-0.577532	139	140	20	33.418
-3.141593	0.591903	2.010408	10	22	55	33.414
-2.094395	1.247695	1.809890	32	17	20	33.414
-1.308997	1.195355	1.200319	131	147	20	33.407
0.261799	2.073035	2.027405	16	27	52	33.406
0.523599	1.417623	-0.202254	22	10	55	33.398
-2.617994	2.104282	-0.813972	155	130	17	33.395
1.047198	2.180315	-1.357379	15	25	48	33.394
2.356194	2.033014	2.977192	34	20	23	33.394
0.785398	1.325504	-1.671296	39	12	27	33.393
-1.308997	1.741644	-2.695914	40	24	31	33.389
-1.832596	1.168678	2.108595	14	27	29	33.388
-0.523599	2.349581	-2.702517	20	29	44	33.385
-0.261799	1.504028	0.636812	26	33	39	33.383
-2.356194	0.615174	-0.666022	15	19	52	33.383
-1.308997	1.872854	1.543456	41	10	45	33.374
-1.308997	1.545873	-1.877082	20	24	45	33.373
-2.879793	1.766067	2.153843	137	145	10	33.370
-2.094395	2.393226	1.857173	27	18	38	33.365
0.523599	2.404280	-0.174044	20	29	42	33.357
-1.570796	2.174483	2.653697	36	11	22	33.357
-1.570796	0.910508	1.903534	22	21	18	33.355
-0.261799	2.588535	-2.976617	19	15	49	33.349
-2.879793	1.998705	2.370472	34	17	18	33.341
-2.094395	0.640596	-2.797608	122	157	13	33.341
-3.141593	0.961715	0.014085	10	29	48	33.340
1.047198	2.587733	0.232235	15	25	48	33.331
-2.617994	1.256302	0.062705	148	130	4	33.331
-1.047198	2.251330	-2.330739	35	26	40	33.324
2.356194	0.762244	-0.273349	21	23	51	33.323
2.356194	2.407836	1.410646	2	11	61	33.323
-3.141593	2.187132	-0.479875	26	28	30	33.322
1.047198	2.247462	0.191623	10	27	43	33.321
-2.879793	1.554776	0.100351	142	130	10	33.320
-3.141593	1.869911	2.701025	21	28	26	33.315
-0.523599	1.195355	1.200319	2	27	36	33.315
-1.832596	0.961715	0.014085	36	156	13	33.313
2.617994	1.488617	1.159546	29	26	32	33.307
-3.141593	1.367556	0.358405	133	136	0	33.307
1.832596	2.033014	2.977192	131	140	29	33.299
-0.261799	1.367556	0.358405	5	24	49	33.290
-1.047198	2.299159	2.264663	19	26	34	33.289
-1.832596	1.824694	1.850876	30	7	54	33.284
-2.356194	2.579248	-2.364801	27	21	28	33.283
1.047198	1.413430	2.550734	123	159	18	33.282
2.879793	0.685216	-1.712745	16	24	53	33.281
-2.356194	1.256302	0.062705	153	132	3	33.273
-1.570796	1.391910	3.030322	33	21	39	33.270
1.832596	2.349581	-2.702517	22	25	32	33.266
-2.879793	2.138223	1.678323	23	155	51	33.266
1.047198	0.899350	-2.069907	40	17	34	33.261
-2.879793	0.419640	2.974122	23	28	33	33.258
2.617994	1.510910	-0.740472	29	25	30	33.252
-1.832596	2.174483	2.653697	36	7	22	33.250
1.832596	1.374601	-2.456031	35	28	28	33.248
0.000000	2.456751	-1.503343	35	10	40	33.240
-2.617994	2.001437	0.381215	145	136	15	33.240
2.356194	2.478122	2.609777	30	17	16	33.230
-2.617994	1.554776	0.100351	147	134	4	33.224
1.308997	2.187132	-0.479875	14	14	54	33.224
1.047198	2.187132	-0.479875	14	13	54	33.224
1.308997	1.836682	-0.676006	8	19	53	33.222
2.879793	1.242974	-2.977882	17	29	45	33.217
2.617994	1.977582	0.969896	28	25	23	33.208
-3.141593	1.617114	-1.572037	21	28	28	33.208
-2.617994	1.836682	-0.676006	153	130	11	33.208
0.523599	2.356369	3.005869	132	159	32	33.200
1.047198	2.104282	-0.813972	152	28	42	33.198
-1.570796	1.506530	1.988858	7	16	55	33.197
-1.832596	2.180315	-1.357379	32	17	38	33.196
-2.356194	1.554776	0.100351	155	130	10	33.193
-2.356194	1.545873	-1.877082	10	23	45	33.190
0.523599	1.025536	1.576859	18	29	25	33.189
1.570796	2.724429	-0.348782	22	12	52	33.184
2.617994	1.545873	-1.877082	30	25	29	33.183
2.356194	1.699788	2.452890	34	17	12	33.182
0.785398	1.113094	-0.272241	19	18	55	33.178
2.617994	2.979456	-1.009304	138	142	33	33.177
-2.617994	2.587733	0.232235	143	137	31	33.173
2.879793	1.310100	1.488307	24	28	35	33.172
-2.617994	0.866955	-0.931351	33	8	19	33.168
1.570796	0.850607	-1.335383	16	28	53	33.164
-2.356194	1.846342	-1.796954	34	9	39	33.158
2.094395	0.379747	-1.713059	22	27	36	33.156
-1.832596	0.960688	-0.577532	8	13	61	33.154
-2.617994	1.683268	0.374177	146	133	8	33.151
-1.570796	1.184361	0.625864	129	152	19	33.151
0.261799	1.732874	-0.951685	18	32	24	33.145
1.308997	1.904882	-1.478089	121	156	12	33.145
2.617994	1.135813	-2.658866	9	36	37	33.141
-1.308997	1.184361	0.625864	44	6	23	33.135
0.000000	1.391910	3.030322	30	14	27	33.115
-0.523599	1.367556	0.358405	129	146	27	33.114
-2.356194	2.407836	1.410646	14	31	35	33.112
2.356194	1.168678	2.108595	15	19	51	33.108
0.000000	1.488617	1.159546	30	28	29	33.106
-3.141593	1.433411	-1.035986	21	28	32	33.102
0.000000	1.325504	-1.671296	22	20	51	33.100
-1.832596	1.195355	1.200319	32	0	36	33.100
0.785398	2.863997	0.549740	14	23	60	33.098
-2.356194	1.909857	-0.381669	157	131	15	33.096
2.356194	0.914445	2.687814	27	30	36	33.096
1.047198	1.617114	-1.572037	123	2	5	33.095
-1.047198	0.906588	1.252948	10	28	34	33.089
2.356194	1.440580	2.260026	24	26	42	33.089
1.832596	1.545873	-1.877082	39	13	29	33.080
0.785398	1.391910	3.030322	12	25	36	33.080
-1.047198	0.297065	2.160177	25	23	20	33.079
0.523599	1.433411	-1.035986	25	22	40	33.079
1.832596	2.187132	-0.479875	11	15	54	33.079
-2.617994	1.506530	1.988858	34	150	39	33.078
1.047198	1.982574	-1.115518	126	157	12	33.077
-1.047198	1.812176	0.656819	10	25	49	33.076
0.785398	2.979456	-1.009304	36	16	21	33.073
0.785398	1.554776	0.100351	3	36	35	33.072
2.617994	1.809167	1.213774	28	25	26	33.070
1.047198	1.699788	2.452890	14	23	38	33.065
-0.261799	1.014500	0.906702	21	15	48	33.064
2.356194	1.325504	-1.671296	35	21	33	33.062
-3.141593	2.881233	-2.582574	23	16	44	33.061
0.785398	2.180315	-1.357379	28	19	37	33.054
2.617994	1.836682	-0.676006	29	24	23	33.052
-1.308997	2.138223	1.678323	16	27	37	33.047
0.785398	1.875281	0.107086	13	32	34	33.047
2.356194	1.662363	0.915448	44	9	30	33.040
1.047198	1.721184	-0.153948	25	12	53	33.038
2.617994	0.674054	1.013609	15	23	53	33.035
0.785398	0.864993	2.278281	10	28	33	33.029
1.047198	2.001437	0.381215	9	28	40	33.024
-0.261799	1.824694	1.850876	18	32	54	33.022
1.570796	0.418037	1.360082	18	14	57	33.020
-2.617994	2.393226	1.857173	32	23	23	32.999
-1.308997	2.063651	-2.044600	40	22	34	32.994
-2.356194	1.506530	1.988858	16	31	36	32.990
0.261799	0.615174	-0.666022	34	14	44	32.989
0.523599	1.113094	-0.272241	20	15	55	32.989
0.000000	2.760637	2.781135	13	14	55	32.989
-1.570796	2.251330	-2.330739	25	22	52	32.981
-2.617994	2.153910	-1.714959	33	7	41	32.980
-2.356194	2.104282	-0.813972	0	133	17	32.979
0.523599	2.407836	1.410646	135	137	2	32.976
-2.094395	0.615174	-0.666022	12	20	53	32.973
0.785398	2.579248	-2.364801	35	17	13	32.971
2.879793	0.496451	0.593859	12	21	55	32.970
2.356194	0.685216	-1.712745	29	21	33	32.968
-2.617994	1.732874	-0.951685	142	143	26	32.965
1.832596	1.256302	0.062705	39	14	35	32.964
1.832596	2.247462	0.191623	15	6	53	32.963
1.047198	2.089241	-0.114193	7	28	37	32.957
-1.047198	0.370812	-2.547742	20	20	36	32.956
1.832596	1.741644	-2.695914	33	25	17	32.953
0.000000	1.875281	0.107086	31	30	34	32.947
-0.785398	0.496451	0.593859	21	26	28	32.947
2.879793	0.591903	2.010408	13	22	55	32.943
-0.523599	1.014500	0.906702	4	27	38	32.942
0.523599	2.174483	2.653697	25	18	44	32.941
1.570796	0.297065	2.160177	39	4	41	32.941
-0.523599	2.478122	2.609777	20	18	51	32.938
-2.617994	0.850607	-1.335383	35	6	23	32.934
1.570796	1.504028	0.636812	123	3	14	32.933
2.356194	1.948085	-2.363031	35	19	23	32.932
1.047198	1.599406	1.426070	31	14	25	32.932
-1.570796	0.619654	-2.216909	30	17	8	32.926
2.879793	1.982574	-1.115518	25	25	21	32.923
-2.356194	1.699788	2.452890	25	24	19	32.916
-3.141593	2.724429	-0.348782	138	138	30	32.915
0.261799	0.297065	2.160177	26	19	37	32.910
-2.617994	1.433411	-1.035986	142	140	23	32.905
-0.523599	0.960688	-0.577532	23	23	17	32.899
2.617994	0.619654	-2.216909	20	28	29	32.899
-2.879793	1.045978	0.343692	141	132	2	32.898
-2.356194	1.824694	1.850876	13	23	45	32.896
2.356194	0.496451	0.593859	17	20	55	32.890
-0.261799	2.637879	2.121598	10	14	63	32.889
-1.047198	1.617114	-1.572037	24	29	34	32.888
-3.141593	1.506530	1.988858	15	19	55	32.886
1.832596	1.413347	-1.339188	25	28	32	32.885
2.094395	2.001437	0.381215	35	19	21	32.884
-0.261799	1.554776	0.100351	19	15	42	32.871
-1.570796	0.831641	0.616218	40	0	15	32.867
-2.879793	1.506530	1.988858	28	146	39	32.867
-1.570796	0.700570	1.559208	22	22	21	32.861
-3.141593	0.619654	-2.216909	13	24	54	32.859
-1.570796	1.135834	-1.431087	22	23	34	32.854
1.570796	1.696674	-1.253233	30	26	29	32.853
0.000000	1.135834	-1.431087	20	25	12	32.852
2.617994	1.440580	2.260026	30	25	35	32.849
-3.141593	2.588535	-2.976617	31	19	33	32.848
0.261799	1.367556	0.358405	137	137	25	32.847
0.000000	0.297065	2.160177	19	25	10	32.846
-2.356194	2.379497	0.561089	149	136	31	32.840
-2.617994	0.762244	-0.273349	16	23	49	32.837
-2.094395	2.579248	-2.364801	39	9	46	32.833
-1.047198	1.696674	-1.253233	25	28	34	32.830
1.570796	1.736875	3.023612	34	16	12	32.829
-2.356194	2.063651	-2.044600	43	158	33	32.827
1.308997	1.335669	0.897240	30	17	26	32.826
2.617994	1.617114	-1.572037	17	31	37	32.826
1.047198	0.379747	-1.713059	33	23	42	32.819
-3.141593	1.417623	-0.202254	137	132	6	32.817
-1.047198	1.658653	-2.409879	22	30	43	32.812
1.308997	1.488617	1.159546	29	19	29	32.811
-1.308997	2.478122	2.609777	25	19	35	32.807
-2.356194	1.504028	0.636812	21	30	36	32.806
2.879793	1.134796	2.434290	20	33	31	32.806
-2.356194	1.448123	-2.163292	124	152	14	32.798
-3.141593	0.733948	3.021411	11	23	53	32.798
-2.356194	0.700570	1.559208	34	151	20	32.792
-1.047198	1.875281	0.107086	14	25	39	32.789
1.047198	1.242974	-2.977882	34	13	33	32.789
-1.570796	0.418037	1.360082	23	23	22	32.787
-2.879793	2.704512	1.488683	18	7	55	32.786
-1.570796	1.909857	-0.381669	18	22	43	32.781
0.261799	1.113094	-0.272241	18	19	38	32.781
2.094395	2.073035	2.027405	0	4	59	32.777
2.356194	0.866395	-2.492918	29	25	24	32.771
-2.356194	1.658653	-2.409879	44	0	28	32.770
0.785398	1.256302	0.062705	17	12	57	32.769
2.356194	0.960688	-0.577532	23	24	48	32.762
-1.570796	2.164094	-2.991358	39	19	44	32.755
-2.094395	1.448123	-2.163292	43	6	21	32.754
1.047198	1.836682	-0.676006	152	29	36	32.752
-2.356194	1.872854	1.543456	150	136	21	32.746
1.047198	1.766067	2.153843	7	27	43	32.743
0.261799	1.325504	-1.671296	33	20	31	32.738
1.832596	0.685216	-1.712745	28	26	33	32.738
-2.094395	1.506530	1.988858	33	15	20	32.737
0.785398	2.881233	-2.582574	133	151	34	32.736
-3.141593	1.948085	-2.363031	22	27	23	32.728
-2.094395	0.619654	-2.216909	126	146	18	32.723
0.000000	1.721184	-0.153948	9	18	54	32.721
1.308997	1.448123	-2.163292	30	24	40	32.717
-3.141593	2.396274	-1.959260	154	132	25	32.712
-1.570796	0.906588	1.252948	34	7	32	32.710
1.308997	0.733948	3.021411	44	10	32	32.707
2.879793	1.683268	0.374177	37	23	38	32.705
2.094395	2.164094	-2.991358	36	15	20	32.704
-2.094395	2.637879	2.121598	28	14	39	32.697
-0.523599	1.448123	-2.163292	16	36	31	32.695
-3.141593	1.135813	-2.658866	21	27	37	32.694
-0.785398	0.899350	-2.069907	15	28	37	32.690
-2.879793	1.870545	-2.976234	37	151	39	32.689
-1.832596	0.419640	2.974122	37	14	12	32.689
-3.141593	2.153910	-1.714959	11	24	44	32.685
-0.261799	1.417623	-0.202254	34	28	21	32.681
2.356194	2.164094	-2.991358	33	19	20	32.680
0.523599	1.617114	-1.572037	29	22	34	32.680
-0.261799	0.591903	2.010408	16	33	26	32.680
1.570796	0.733948	3.021411	30	22	41	32.677
-2.879793	2.089241	-0.114193	143	130	19	32.676
2.356194	0.866955	-0.931351	22	23	49	32.672
-2.094395	1.617114	-1.572037	9	25	41	32.671
-1.570796	1.256302	0.062705	0	22	55	32.664
-1.308997	2.379497	0.561089	28	7	57	32.664
2.094395	1.310100	1.488307	27	22	43	32.657
-2.617994	2.379497	0.561089	13	33	38	32.646
-0.261799	2.089241	-0.114193	35	29	37	32.643
2.617994	2.407836	1.410646	33	14	17	32.643
1.047198	0.619654	-2.216909	40	16	36	32.641
-2.617994	1.301460	-0.509251	13	26	46	32.640
-2.094395	0.618092	2.539118	40	5	16	32.638
-1.047198	1.554776	0.100351	37	17	35	32.632
2.879793	0.906588	1.252948	13	27	50	32.630
-1.308997	0.929350	-2.910676	28	27	26	32.629
-2.356194	2.979456	-1.009304	22	17	49	32.627
1.570796	1.335669	0.897240	23	24	43	32.627
1.832596	1.025536	1.576859	122	151	10	32.624
1.570796	1.367556	0.358405	40	10	33	32.621
-2.617994	0.831641	0.616218	31	23	44	32.618
0.261799	2.455966	-0.641220	18	8	53	32.617
1.832596	0.615174	-0.666022	22	26	37	32.611
0.261799	0.709924	0.218797	10	20	56	32.608
-1.308997	1.374601	-2.456031	27	26	38	32.603
-0.261799	1.721184	-0.153948	25	34	37	32.602
-2.356194	1.569311	-3.003978	44	0	30	32.599
1.047198	0.615174	-0.666022	25	22	44	32.598
-0.523599	1.824694	1.850876	32	26	45	32.597
-0.523599	1.555207	1.708892	34	28	39	32.594
2.879793	1.417623	-0.202254	24	27	32	32.594
-0.523599	1.301460	-0.509251	26	28	25	32.592
-1.308997	2.299159	2.264663	22	23	34	32.588
2.879793	1.574060	2.783565	23	26	14	32.588
1.308997	1.870545	-2.976234	34	17	13	32.587
1.308997	0.674054	1.013609	29	19	31	32.583
-1.047198	2.033014	2.977192	31	26	44	32.582
0.000000	1.134497	-1.109631	32	19	36	32.582
-0.523599	1.662363	0.915448	2	25	44	32.579
0.523599	0.685216	-1.712745	40	11	40	32.578
1.570796	2.637879	2.121598	125	153	6	32.574
-1.570796	2.153910	-1.714959	44	14	35	32.566
-0.785398	1.301460	-0.509251	30	23	23	32.563
1.047198	1.413347	-1.339188	38	18	30	32.559
-1.047198	0.866955	-0.931351	30	21	42	32.558
1.047198	2.164094	-2.991358	126	152	28	32.557
2.094395	1.195355	1.200319	15	24	46	32.552
0.785398	1.367556	0.358405	3	36	34	32.552
0.261799	1.433411	-1.035986	18	30	17	32.551
-1.570796	1.247695	1.809890	2	30	42	32.550
0.000000	2.033014	2.977192	15	26	46	32.545
1.047198	1.194549	-0.801900	21	18	56	32.542
-2.356194	1.736875	3.023612	43	0	37	32.542
-2.356194	1.113094	-0.272241	10	21	59	32.537
-2.356194	0.864993	2.278281	14	32	38	32.535
0.785398	2.407836	1.410646	33	14	27	32.534
-2.356194	1.732874	-0.951685	1	133	7	32.533
2.356194	1.433411	-1.035986	26	26	38	32.529
-3.141593	2.251330	-2.330739	22	24	17	32.525
0.523599	2.180315	-1.357379	9	30	35	32.524
0.261799	1.948085	-2.363031	30	22	26	32.523
1.308997	2.104282	-0.813972	12	19	53	32.521
0.261799	1.440580	2.260026	2	36	44	32.519
0.785398	2.063651	-2.044600	38	15	19	32.519
1.047198	1.869911	2.701025	18	20	42	32.515
-0.523599	0.370812	-2.547742	15	26	31	32.512
-0.785398	0.297065	2.160177	21	26	20	32.511
-0.261799	2.455966	-0.641220	31	27	41	32.506
-2.617994	2.108018	1.311430	18	31	40	32.502
1.047198	0.571433	-1.188419	33	21	39	32.501
-2.094395	2.356369	3.005869	37	10	48	32.500
-1.308997	1.736875	3.023612	38	23	37	32.499
-2.879793	1.014500	0.906702	32	26	38	32.494
-0.785398	1.014500	0.906702	8	29	38	32.494
-2.879793	2.174483	2.653697	32	156	48	32.494
2.617994	1.909857	-0.381669	29	24	22	32.493
1.308997	2.033014	2.977192	126	149	27	32.493
0.261799	1.909857	-0.381669	148	133	22	32.488
0.000000	2.073035	2.027405	32	17	37	32.487
0.261799	1.721184	-0.153948	144	134	24	32.486
-0.261799	2.251330	-2.330739	18	31	40	32.484
-0.523599	0.910508	1.903534	24	33	35	32.482
-3.141593	1.683268	0.374177	33	27	38	32.477
0.000000	1.506530	1.988858	130	144	11	32.476
0.523599	2.247462	0.191623	26	19	35	32.476
1.832596	1.721184	-0.153948	39	14	26	32.469
1.047198	1.433411	-1.035986	37	18	36	32.469
2.094395	1.417623	-0.202254	37	19	32	32.469
-2.356194	1.606104	-0.451151	157	132	7	32.469
2.879793	1.510910	-0.740472	26	27	30	32.469
0.523599	1.599406	1.426070	34	8	25	32.468
2.879793	0.899350	-2.069907	28	24	30	32.465
1.570796	1.875281	0.107086	150	22	44	32.459
-0.785398	2.104282	-0.813972	41	24	34	32.454
-2.356194	0.929350	-2.910676	42	3	18	32.452
-0.785398	2.041297	-2.664597	36	9	24	32.451
2.879793	2.393226	1.857173	23	22	17	32.450
1.047198	1.555207	1.708892	7	28	36	32.446
2.356194	1.448123	-2.163292	35	21	33	32.445
-1.308997	2.356369	3.005869	37	10	25	32.445
-2.356194	2.251330	-2.330739	42	1	40	32.445
-1.832596	1.977582	0.969896	131	146	14	32.441
2.356194	2.251330	-2.330739	11	26	41	32.436
-1.570796	2.299159	2.264663	30	13	52	32.432
1.570796	1.448123	-2.163292	37	25	30	32.432
-1.047198	0.929350	-2.910676	25	20	40	32.429
-1.570796	1.134796	2.434290	44	15	28	32.427
2.094395	2.393226	1.857173	33	16	17	32.427
2.094395	2.587733	0.232235	20	9	50	32.426
2.356194	1.574060	2.783565	31	23	14	32.418
-2.356194	1.301460	-0.509251	5	21	59	32.416
1.308997	2.356369	3.005869	24	21	25	32.415
2.617994	2.033014	2.977192	31	23	23	32.410
-2.356194	0.866395	-2.492918	12	25	45	32.397
0.523599	1.510910	-0.740472	22	19	43	32.397
-1.047198	0.080730	-2.622036	14	25	44	32.396
-1.308997	1.433411	-1.035986	28	23	26	32.396
1.308997	1.766067	2.153843	3	26	43	32.396
-2.617994	0.571433	-1.188419	32	10	19	32.391
-3.141593	0.685216	-1.712745	135	139	19	32.383
0.000000	2.295480	1.008277	131	140	9	32.383
-0.785398	2.379497	0.561089	125	149	12	32.377
0.261799	1.554776	0.100351	25	32	27	32.377
0.523599	1.766067	2.153843	24	24	35	32.375
-1.570796	1.325504	-1.671296	24	23	39	32.374
1.047198	1.450119	-2.739050	42	12	23	32.374
-2.094395	0.914445	2.687814	35	7	31	32.370
0.000000	2.724429	-0.348782	29	24	47	32.370
-0.523599	1.413347	-1.339188	35	10	36	32.370
-1.308997	1.662363	0.915448	45	7	36	32.369
0.785398	1.870545	-2.976234	124	0	21	32.367
0.523599	1.448123	-2.163292	41	6	24	32.366
2.617994	2.153910	-1.714959	30	21	19	32.362
-1.047198	1.504028	0.636812	37	16	39	32.358
-0.261799	2.104282	-0.813972	30	32	34	32.357
1.047198	2.724429	-0.348782	21	8	52	32.357
1.047198	2.664082	-1.071402	35	19	23	32.355
-1.047198	0.733948	3.021411	22	30	25	32.347
-3.141593	0.960688	-0.577532	30	18	27	32.344
2.879793	2.247462	0.191623	132	136	26	32.344
0.261799	2.863997	0.549740	20	23	38	32.341
-2.617994	2.115563	0.685730	27	30	26	32.335
-2.356194	0.290380	-0.796960	6	17	56	32.335
0.261799	1.218453	2.777284	29	14	24	32.333
0.000000	1.367556	0.358405	133	139	25	32.333
-1.570796	1.732874	-0.951685	41	12	23	32.332
2.617994	0.618092	2.539118	16	21	55	32.332
0.785398	1.045978	0.343692	6	34	27	32.331
0.000000	0.960688	-0.577532	25	23	38	32.329
1.570796	2.349581	-2.702517	26	22	31	32.328
-1.308997	2.456751	-1.503343	41	17	41	32.328
1.047198	1.134796	2.434290	13	17	51	32.315
-2.617994	1.606104	-0.451151	151	130	8	32.314
-2.356194	1.413430	2.550734	42	157	34	32.312
1.832596	1.555207	1.708892	144	138	7	32.310
0.785398	1.128190	-2.288622	42	9	26	32.307
1.308997	2.063651	-2.044600	39	20	22	32.307
-2.617994	2.251330	-2.330739	18	13	52	32.300
-0.261799	1.836682	-0.676006	26	11	45	32.300
1.832596	1.606104	-0.451151	18	26	51	32.299
-2.879793	2.407836	1.410646	19	0	53	32.299
-1.308997	0.418037	1.360082	19	24	22	32.298
-3.141593	1.606104	-0.451151	138	131	8	32.297
-0.785398	1.977582	0.969896	4	26	45	32.294
1.570796	0.831641	0.616218	34	12	26	32.291
-2.879793	0.615174	-0.666022	22	22	27	32.290
2.617994	2.719179	-1.780644	142	136	29	32.287
-1.047198	0.685216	-1.712745	24	21	13	32.285
1.308997	0.992645	-1.723759	37	20	29	32.282
-0.261799	2.979456	-1.009304	26	22	49	32.282
0.785398	1.504028	0.636812	3	36	40	32.282
-0.785398	0.674054	1.013609	40	16	14	32.282
2.356194	2.760637	2.781135	19	17	44	32.282
1.832596	1.998705	2.370472	17	25	41	32.281
2.356194	0.419640	2.974122	17	16	57	32.281
-2.094395	2.041297	-2.664597	43	8	39	32.281
-2.356194	1.417623	-0.202254	155	131	4	32.274
2.356194	1.741644	-2.695914	35	21	27	32.274
-1.832596	1.741644	-2.695914	44	14	33	32.271
-2.617994	0.379747	-1.713059	129	148	24	32.269
-0.785398	1.367556	0.358405	35	22	32	32.267
0.261799	1.014500	0.906702	15	36	32	32.265
0.000000	2.979456	-1.009304	23	23	51	32.260
0.000000	2.180315	-1.357379	20	33	34	32.258
-1.570796	1.998705	2.370472	34	15	21	32.258
-0.785398	2.979456	-1.009304	33	17	50	32.257
-0.261799	0.290380	-0.796960	32	21	26	32.257
1.047198	1.506530	1.988858	6	28	38	32.256
-1.047198	1.374601	-2.456031	23	30	38	32.251
0.523599	0.831641	0.616218	11	34	25	32.250
-2.879793	1.417623	-0.202254	143	130	4	32.250
-2.356194	1.721184	-0.153948	156	130	11	32.250
2.617994	0.203748	0.590255	12	17	57	32.249
1.308997	1.301460	-0.509251	25	23	27	32.247
0.000000	1.045978	0.343692	3	25	44	32.243
0.261799	0.831641	0.616218	17	33	25	32.242
-2.879793	1.413347	-1.339188	34	0	29	32.241
1.308997	2.089241	-0.114193	154	27	46	32.240
-1.832596	1.310100	1.488307	44	157	31	32.240
-2.356194	0.992645	-1.723759	34	4	9	32.239
-2.879793	2.587733	0.232235	28	29	23	32.237
1.308997	1.569311	-3.003978	38	15	17	32.236
2.356194	0.910508	1.903534	21	23	51	32.233
-0.785398	1.050534	3.042579	31	31	23	32.231
0.000000	1.050534	3.042579	16	28	41	32.230
-1.832596	1.766067	2.153843	33	15	20	32.226
1.570796	1.113094	-0.272241	21	25	35	32.226
1.047198	0.864993	2.278281	12	20	49	32.225
-2.094395	1.242974	-2.977882	127	152	13	32.225
1.570796	1.809167	1.213774	125	0	25	32.225
2.879793	2.138223	1.678323	31	19	18	32.223
2.879793	2.174483	2.653697	25	25	20	32.217
1.047198	1.440580	2.260026	5	28	41	32.216
-2.879793	2.247462	0.191623	25	32	28	32.215
-0.523599	1.812176	0.656819	30	28	46	32.215
-0.785398	2.108018	1.311430	27	20	56	32.213
-2.094395	1.050534	3.042579	44	6	22	32.210
1.308997	2.704512	1.488683	15	21	39	32.205
0.523599	1.195355	1.200319	20	29	25	32.203
1.308997	0.850607	-1.335383	20	26	53	32.202
0.785398	1.869911	2.701025	128	1	27	32.201
-3.141593	0.831641	0.616218	9	27	51	32.199
2.356194	1.242974	-2.977882	25	24	45	32.199
0.000000	2.664082	-1.071402	12	32	54	32.195
1.832596	0.419640	2.974122	41	14	35	32.193
-3.141593	1.699788	2.452890	27	147	41	32.192
-1.832596	0.914445	2.687814	35	14	31	32.191
-1.047198	2.138223	1.678323	12	28	37	32.188
2.617994	1.014500	0.906702	18	27	48	32.184
0.785398	2.455966	-0.641220	9	28	40	32.183
-2.879793	1.218453	2.777284	35	149	28	32.183
0.523599	1.168678	2.108595	132	13	14	32.183
0.261799	1.335669	0.897240	15	37	39	32.182
-1.570796	1.846342	-1.796954	39	19	32	32.178
-0.261799	1.756530	-2.105156	36	12	28	32.171
2.879793	2.456751	-1.503343	25	19	15	32.168
2.879793	1.247695	1.809890	15	29	46	32.167
1.832596	1.982574	-1.115518	122	146	14	32.166
1.308997	0.866395	-2.492918	41	17	29	32.160
1.832596	0.418037	1.360082	17	15	56	32.156
-1.308997	0.379747	-1.713059	17	24	28	32.153
-0.523599	2.164094	-2.991358	33	18	23	32.151
2.356194	2.104282	-0.813972	127	137	17	32.150
2.356194	2.592629	0.909713	21	27	29	32.149
-2.356194	1.195355	1.200319	21	32	32	32.148
-2.094395	1.699788	2.452890	31	7	51	32.141
1.047198	2.579248	-2.364801	33	21	14	32.140
-0.785398	1.433411	-1.035986	22	16	51	32.140
0.785398	2.984978	1.954446	18	21	50	32.132
-3.141593	2.455966	-0.641220	29	21	24	32.127
2.356194	2.984978	1.954446	26	14	54	32.126
1.570796	1.982574	-1.115518	9	23	51	32.124
2.356194	0.831641	0.616218	20	23	50	32.122
2.879793	1.374601	-2.456031	27	26	34	32.118
-2.356194	2.247462	0.191623	152	132	25	32.115
2.879793	0.458961	-0.107937	12	21	54	32.113
-1.047198	1.135834	-1.431087	131	145	21	32.113
-1.308997	0.762244	-0.273349	10	17	61	32.112
-0.523599	2.979456	-1.009304	19	23	58	32.103
-1.047198	1.982574	-1.115518	133	135	18	32.100
0.785398	2.396274	-1.959260	152	23	50	32.097
2.617994	1.050534	3.042579	20	26	48	32.089
1.308997	1.135834	-1.431087	35	22	31	32.088
1.832596	0.700570	1.559208	22	16	54	32.084
-1.308997	0.733948	3.021411	26	27	25	32.084
-1.570796	1.135813	-2.658866	32	23	27	32.083
2.879793	2.592629	0.909713	26	26	37	32.081
1.047198	1.569311	-3.003978	40	10	17	32.074
2.617994	2.343981	-1.040456	15	35	37	32.072
-2.356194	2.588535	-2.976617	35	9	50	32.070
-2.356194	1.869911	2.701025	40	0	43	32.069
-2.879793	0.906588	1.252948	32	27	35	32.066
-0.785398	2.349581	-2.702517	26	27	44	32.059
2.879793	1.824694	1.850876	136	139	24	32.059
-2.356194	2.115563	0.685730	21	31	26	32.058
-3.141593	1.510910	-0.740472	30	17	24	32.056
-2.094395	2.760637	2.781135	36	2	31	32.055
0.000000	2.579248	-2.364801	3	28	55	32.049
2.356194	2.579248	-2.364801	12	26	38	32.047
2.879793	0.418037	1.360082	29	19	52	32.045
1.832596	0.992645	-1.723759	28	26	29	32.045
-2.356194	0.709924	0.218797	17	21	59	32.045
1.047198	0.762244	-0.273349	30	20	36	32.042
-1.308997	1.448123	-2.163292	27	27	36	32.040
1.570796	1.214854	-1.966664	34	22	23	32.038
-2.356194	2.664082	-1.071402	24	15	48	32.032
-0.785398	0.762244	-0.273349	137	142	26	32.030
-1.832596	2.719179	-1.780644	25	18	55	32.030
-0.785398	1.214854	-1.966664	133	142	19	32.027
0.261799	2.343981	-1.040456	16	32	37	32.022
-1.832596	2.063651	-2.044600	30	17	47	32.019
0.261799	2.637879	2.121598	131	148	3	32.017
-0.261799	0.866955	-0.931351	28	18	8	32.015
-2.094395	2.251330	-2.330739	43	7	39	32.014
-1.570796	2.393226	1.857173	19	13	62	32.013
2.617994	1.448123	-2.163292	6	36	39	32.012
-2.617994	0.709924	0.218797	20	19	59	32.008
-3.141593	0.866955	-0.931351	138	139	17	32.007
2.879793	1.218453	2.777284	14	34	28	32.003
-1.047198	1.662363	0.915448	11	28	44	31.998
2.617994	2.379497	0.561089	34	23	31	31.997
1.308997	2.247462	0.191623	13	7	51	31.997
0.523599	0.591903	2.010408	27	21	21	31.994
0.523599	2.073035	2.027405	11	26	52	31.987
-1.308997	0.700570	1.559208	33	16	28	31.987
-1.570796	2.138223	1.678323	25	11	59	31.981
-0.261799	1.510910	-0.740472	20	34	29	31.981
2.617994	0.831641	0.616218	17	25	50	31.979
-2.094395	2.073035	2.027405	34	3	50	31.977
-2.879793	1.391910	3.030322	33	19	36	31.976
-1.047198	0.203748	0.590255	13	28	53	31.975
0.785398	2.164094	-2.991358	127	157	28	31.971
2.879793	1.732874	-0.951685	19	30	41	31.970
2.617994	1.450119	-2.739050	31	25	33	31.964
1.832596	2.180315	-1.357379	123	144	19	31.963
-0.785398	0.418037	1.360082	26	22	22	31.963
-0.523599	2.356369	3.005869	21	25	33	31.962
2.356194	1.617114	-1.572037	35	21	27	31.956
1.832596	1.869911	2.701025	19	16	49	31.955
-2.879793	1.184361	0.625864	140	135	0	31.953
1.308997	2.180315	-1.357379	32	23	23	31.950
1.832596	1.135834	-1.431087	33	16	27	31.946
2.617994	1.194549	-0.801900	30	24	36	31.945
2.879793	2.089241	-0.114193	132	134	20	31.942
2.094395	1.413430	2.550734	19	27	34	31.940
0.000000	2.001437	0.381215	29	29	33	31.939
0.785398	0.674054	1.013609	24	22	39	31.937
-1.832596	1.875281	0.107086	36	7	23	31.937
1.047198	2.033014	2.977192	19	21	35	31.934
0.000000	0.831641	0.616218	32	13	37	31.930
-2.356194	1.488617	1.159546	21	32	28	31.930
-1.832596	1.948085	-2.363031	45	12	34	31.930
1.570796	2.579248	-2.364801	26	25	15	31.926
2.356194	1.050534	3.042579	22	33	34	31.923
1.308997	1.824694	1.850876	134	144	8	31.923
-2.356194	2.187132	-0.479875	157	132	21	31.922
-2.356194	0.960688	-0.577532	10	19	57	31.921
-2.094395	2.592629	0.909713	17	25	48	31.915
2.094395	2.637879	2.121598	130	144	6	31.912
2.879793	1.168678	2.108595	24	31	32	31.910
-2.094395	1.870545	-2.976234	44	8	39	31.907
-1.047198	1.184361	0.625864	132	143	20	31.906
-1.832596	1.506530	1.988858	8	17	55	31.905
-2.617994	1.413347	-1.339188	36	4	29	31.900
2.879793	2.587733	0.232235	20	17	52	31.899
0.523599	1.045978	0.343692	10	12	58	31.898
0.000000	1.510910	-0.740472	26	30	19	31.893
1.047198	1.846342	-1.796954	21	25	33	31.890
-2.879793	0.960688	-0.577532	134	151	28	31.889
-2.356194	1.050534	3.042579	42	0	22	31.889
-1.832596	1.488617	1.159546	31	0	44	31.888
-1.047198	1.242974	-2.977882	25	28	39	31.884
2.356194	1.195355	1.200319	124	141	11	31.882
-1.570796	0.370812	-2.547742	5	13	57	31.882
1.832596	2.637879	2.121598	127	148	7	31.881
1.570796	1.904882	-1.478089	121	150	13	31.880
-0.785398	0.640596	-2.797608	19	18	40	31.878
2.879793	1.214854	-1.966664	26	26	36	31.876
-3.141593	0.618092	2.539118	11	22	55	31.874
-1.570796	2.579248	-2.364801	36	19	46	31.874
-0.523599	0.419640	2.974122	24	18	39	31.870
-1.047198	2.089241	-0.114193	41	15	32	31.869
1.047198	0.906588	1.252948	31	16	33	31.867
2.617994	1.256302	0.062705	29	25	35	31.866
1.570796	0.571433	-1.188419	10	27	55	31.863
2.879793	1.658653	-2.409879	27	26	28	31.857
0.523599	2.089241	-0.114193	9	11	55	31.853
-3.141593	0.640596	-2.797608	19	28	27	31.842
-2.617994	1.510910	-0.740472	5	25	52	31.842
0.000000	1.301460	-0.509251	17	5	57	31.837
0.785398	1.417623	-0.202254	22	13	55	31.836
2.356194	2.393226	1.857173	23	24	46	31.835
1.832596	1.440580	2.260026	12	19	49	31.830
0.785398	2.089241	-0.114193	12	31	37	31.825
-0.261799	0.733948	3.021411	20	16	43	31.824
1.570796	0.685216	-1.712745	32	24	33	31.818
1.570796	1.242974	-2.977882	40	20	24	31.815
2.094395	1.658653	-2.409879	39	17	28	31.801
-1.570796	0.571433	-1.188419	11	15	54	31.799
-3.141593	0.709924	0.218797	22	15	59	31.794
1.047198	1.870545	-2.976234	36	13	13	31.789
0.785398	1.846342	-1.796954	26	24	33	31.784
-0.523599	0.297065	2.160177	18	28	20	31.779
1.570796	2.041297	-2.664597	26	22	36	31.777
0.000000	0.418037	1.360082	17	31	21	31.769
-2.094395	0.733948	3.021411	42	8	18	31.766
-2.094395	0.700570	1.559208	38	155	20	31.764
1.308997	2.724429	-0.348782	22	10	52	31.762
2.356194	2.115563	0.685730	31	21	19	31.762
1.308997	2.174483	2.653697	17	19	44	31.761
-3.141593	2.579248	-2.364801	30	14	20	31.755
1.570796	1.310100	1.488307	32	14	25	31.755
0.261799	1.982574	-1.115518	30	15	42	31.755
0.261799	1.184361	0.625864	16	36	33	31.755
0.523599	0.709924	0.218797	8	19	57	31.753
-1.832596	1.450119	-2.739050	11	24	46	31.752
-2.617994	1.658653	-2.409879	42	154	28	31.752
-1.047198	1.599406	1.426070	43	16	39	31.751
0.261799	1.756530	-2.105156	130	14	8	31.750
2.094395	1.574060	2.783565	129	136	19	31.749
0.000000	1.683268	0.374177	1	19	52	31.744
0.523599	2.108018	1.311430	31	12	21	31.744
-1.047198	0.762244	-0.273349	9	17	61	31.740
-1.570796	0.929350	-2.910676	30	23	26	31.732
1.308997	2.587733	0.232235	11	23	48	31.730
0.785398	1.134796	2.434290	9	29	39	31.728
0.000000	1.433411	-1.035986	37	0	37	31.726
2.879793	2.180315	-1.357379	25	23	18	31.721
0.523599	2.349581	-2.702517	129	1	28	31.720
1.570796	0.910508	1.903534	122	153	7	31.714
-0.523599	2.396274	-1.959260	26	30	41	31.714
2.617994	1.554776	0.100351	124	144	2	31.714
-3.141593	1.736875	3.023612	28	22	26	31.714
0.261799	2.180315	-1.357379	33	15	41	31.711
-0.523599	0.591903	2.010408	21	32	26	31.711
0.523599	1.555207	1.708892	21	14	47	31.710
2.356194	0.640596	-2.797608	15	33	46	31.707
1.570796	1.417623	-0.202254	18	20	55	31.706
1.832596	2.664082	-1.071402	14	24	50	31.697
0.261799	2.153910	-1.714959	34	17	36	31.697
-0.261799	1.846342	-1.796954	22	33	27	31.697
-2.617994	1.417623	-0.202254	149	130	4	31.696
-1.570796	1.113094	-0.272241	31	22	41	31.696
1.047198	0.914445	2.687814	123	157	5	31.695
-3.141593	2.299159	2.264663	29	23	37	31.691
2.879793	1.606104	-0.451151	26	26	28	31.689
-1.047198	2.396274	-1.959260	26	29	50	31.683
-1.308997	0.674054	1.013609	41	6	14	31.680
2.879793	1.875281	0.107086	35	26	37	31.679
2.356194	0.458961	-0.107937	17	26	34	31.677
-0.785398	1.128190	-2.288622	134	142	20	31.676
1.832596	0.910508	1.903534	123	147	8	31.672
2.094395	2.719179	-1.780644	134	139	29	31.671
-0.261799	0.700570	1.559208	21	33	28	31.671
-1.047198	1.736875	3.023612	130	145	10	31.670
-2.879793	2.724429	-0.348782	142	136	30	31.670
-1.832596	0.709924	0.218797	14	24	58	31.669
1.832596	1.184361	0.625864	19	27	40	31.667
-1.570796	1.301460	-0.509251	36	8	15	31.666
-1.832596	1.025536	1.576859	9	30	47	31.665
1.308997	1.982574	-1.115518	30	22	43	31.664
-2.879793	1.875281	0.107086	142	129	17	31.662
0.261799	2.251330	-2.330739	30	22	29	31.656
-2.879793	2.979456	-1.009304	147	140	34	31.654
0.523599	1.836682	-0.676006	13	32	27	31.654
2.617994	1.741644	-2.695914	32	24	27	31.654
1.308997	1.050534	3.042579	43	10	25	31.652
1.047198	1.732874	-0.951685	10	23	51	31.644
0.785398	2.719179	-1.780644	20	24	46	31.631
-1.570796	1.218453	2.777284	43	17	27	31.630
-1.570796	2.104282	-0.813972	12	18	49	31.622
2.094395	0.640596	-2.797608	22	32	46	31.620
-2.094395	2.187132	-0.479875	128	151	18	31.615
1.308997	1.875281	0.107086	153	27	44	31.613
2.094395	1.450119	-2.739050	131	133	11	31.613
0.523599	0.615174	-0.666022	31	18	44	31.607
1.832596	2.073035	2.027405	38	13	22	31.606
-1.832596	1.696674	-1.253233	26	20	39	31.604
1.832596	1.218453	2.777284	30	23	29	31.598
-2.617994	0.960688	-0.577532	11	19	57	31.589
-1.832596	1.448123	-2.163292	126	142	14	31.589
-2.094395	1.195355	1.200319	10	32	45	31.586
-1.308997	1.721184	-0.153948	42	10	24	31.585
0.000000	1.977582	0.969896	30	26	37	31.584
-1.047198	1.247695	1.809890	43	20	31	31.582
-3.141593	2.104282	-0.813972	21	24	19	31.582
-2.094395	2.164094	-2.991358	41	10	45	31.581
0.523599	2.153910	-1.714959	30	21	36	31.574
0.785398	1.732874	-0.951685	40	13	34	31.567
2.617994	0.709924	0.218797	17	24	52	31.565
2.356194	1.113094	-0.272241	32	22	37	31.564
-2.879793	2.379497	0.561089	140	138	30	31.562
-2.356194	1.555207	1.708892	5	17	55	31.560
-1.832596	1.242974	-2.977882	44	14	25	31.557
0.785398	1.194549	-0.801900	35	15	41	31.557
-0.785398	0.910508	1.903534	38	25	22	31.556
1.308997	0.866955	-0.931351	18	26	51	31.547
-1.308997	2.180315	-1.357379	28	25	43	31.544
1.308997	2.979456	-1.009304	23	20	48	31.542
-3.141593	2.343981	-1.040456	143	130	21	31.542
-2.879793	2.984978	1.954446	20	15	54	31.541
1.832596	1.904882	-1.478089	123	143	12	31.539
1.570796	1.662363	0.915448	32	18	31	31.536
0.785398	1.606104	-0.451151	27	13	51	31.535
-0.261799	1.134796	2.434290	14	38	36	31.528
-1.832596	0.379747	-1.713059	21	21	32	31.527
2.094395	2.379497	0.561089	19	5	50	31.526
-2.617994	2.760637	2.781135	28	12	54	31.523
0.000000	1.699788	2.452890	20	29	42	31.522
-1.570796	1.450119	-2.739050	35	23	35	31.519
1.832596	2.108018	1.311430	157	17	52	31.519
-1.832596	0.619654	-2.216909	131	141	25	31.516
-0.261799	1.325504	-1.671296	12	33	25	31.516
1.832596	1.599406	1.426070	123	152	21	31.515
-2.879793	1.050534	3.042579	18	26	43	31.514
1.047198	1.574060	2.783565	37	10	26	31.511
2.094395	1.448123	-2.163292	38	17	31	31.510
-3.141593	1.836682	-0.676006	21	26	23	31.508
-1.570796	0.297065	2.160177	37	11	10	31.503
1.832596	1.766067	2.153843	15	26	40	31.501
2.094395	1.824694	1.850876	20	23	43	31.500
-0.261799	0.674054	1.013609	25	28	25	31.499
2.617994	2.001437	0.381215	41	20	32	31.497
-1.308997	2.174483	2.653697	35	15	23	31.494
0.261799	1.696674	-1.253233	31	18	39	31.494
-0.785398	2.579248	-2.364801	37	7	31	31.493
-1.308997	2.719179	-1.780644	36	18	46	31.492
-1.570796	1.214854	-1.966664	25	21	41	31.491
-1.570796	1.510910	-0.740472	39	10	19	31.488
-1.570796	2.033014	2.977192	39	17	44	31.485
-2.617994	2.356369	3.005869	35	3	50	31.483
-3.141593	2.379497	0.561089	37	7	33	31.483
-1.570796	1.417623	-0.202254	29	18	30	31.477
-3.141593	2.664082	-1.071402	145	134	28	31.475
2.356194	1.214854	-1.966664	34	20	36	31.475
1.047198	1.488617	1.159546	132	144	13	31.470
-1.570796	1.872854	1.543456	1	29	39	31.470
-2.356194	1.247695	1.809890	17	31	41	31.470
-3.141593	0.571433	-1.188419	23	25	33	31.468
2.356194	1.875281	0.107086	32	23	23	31.459
1.308997	1.732874	-0.951685	35	22	34	31.452
0.785398	1.448123	-2.163292	26	24	24	31.452
-0.523599	1.504028	0.636812	31	29	38	31.452
-1.570796	2.349581	-2.702517	28	22	55	31.450
-0.523599	1.050534	3.042579	25	33	23	31.449
-2.879793	2.033014	2.977192	34	154	44	31.447
-2.094395	2.979456	-1.009304	26	18	22	31.445
0.000000	1.617114	-1.572037	35	16	34	31.445
-2.617994	1.194549	-0.801900	21	19	21	31.445
-1.570796	2.478122	2.609777	25	20	15	31.445
-2.356194	0.618092	2.539118	39	0	16	31.443
-2.617994	0.496451	0.593859	22	21	57	31.441
0.785398	1.617114	-1.572037	26	24	35	31.436
-1.570796	1.606104	-0.451151	28	18	34	31.433
0.000000	1.504028	0.636812	31	32	31	31.429
-0.261799	2.719179	-1.780644	36	7	38	31.419
0.785398	2.356369	3.005869	130	156	32	31.419
0.261799	0.960688	-0.577532	21	23	37	31.415
-0.785398	1.846342	-1.796954	36	3	33	31.413
1.832596	1.506530	1.988858	27	21	27	31.412
2.094395	0.899350	-2.069907	28	26	26	31.411
-2.617994	1.134796	2.434290	38	151	28	31.410
2.094395	2.356369	3.005869	33	15	18	31.409
0.261799	0.961715	0.014085	15	15	57	31.404
-0.785398	0.700570	1.559208	30	25	28	31.404
-2.094395	0.496451	0.593859	26	23	47	31.396
-1.308997	1.247695	1.809890	46	13	31	31.395
-2.879793	1.948085	-2.363031	29	20	23	31.392
0.785398	2.033014	2.977192	21	21	35	31.387
-0.523599	1.872854	1.543456	25	28	53	31.386
2.094395	2.041297	-2.664597	37	15	21	31.386
-2.879793	2.343981	-1.040456	150	130	22	31.385
-1.570796	1.555207	1.708892	45	5	38	31.378
-2.094395	2.115563	0.685730	4	33	42	31.374
0.261799	1.699788	2.452890	14	29	42	31.373
-0.261799	1.617114	-1.572037	24	31	21	31.371
-2.617994	1.367556	0.358405	26	27	43	31.364
-0.523599	2.455966	-0.641220	136	133	11	31.363
1.308997	1.134796	2.434290	122	154	12	31.363
0.523599	1.242974	-2.977882	127	7	7	31.362
0.000000	0.591903	2.010408	10	34	26	31.361
-0.785398	0.615174	-0.666022	16	15	61	31.358
2.356194	1.836682	-0.676006	33	22	24	31.354
-3.141593	2.592629	0.909713	22	28	37	31.353
-1.832596	1.736875	3.023612	34	16	47	31.347
-2.094395	1.168678	2.108595	28	16	17	31.346
1.832596	1.310100	1.488307	36	12	23	31.344
1.047198	0.640596	-2.797608	31	17	46	31.342
-2.094395	2.349581	-2.702517	40	10	45	31.339
-2.094395	0.674054	1.013609	33	152	14	31.338
0.785398	1.545873	-1.877082	126	0	10	31.336
-1.570796	1.050534	3.042579	32	22	31	31.335
0.261799	1.450119	-2.739050	129	12	8	31.334
0.000000	1.113094	-0.272241	20	22	40	31.332
2.356194	0.618092	2.539118	18	20	55	31.332
1.047198	2.592629	0.909713	8	24	60	31.329
-2.356194	0.297065	2.160177	8	32	47	31.324
2.617994	0.914445	2.687814	19	25	51	31.323
-1.308997	2.588535	-2.976617	37	6	29	31.322
-2.617994	0.992645	-1.723759	35	2	17	31.315
1.047198	0.850607	-1.335383	36	19	36	31.314
-2.094395	2.033014	2.977192	31	11	53	31.312
-1.832596	1.440580	2.260026	35	11	45	31.307
0.261799	2.379497	0.561089	19	25	31	31.305
2.356194	1.128190	-2.288622	21	30	27	31.305
-1.308997	1.569311	-3.003978	39	24	30	31.303
-2.617994	2.664082	-1.071402	154	135	28	31.302
2.617994	0.379747	-1.713059	25	24	39	31.298
-1.047198	2.349581	-2.702517	31	25	44	31.296
-2.879793	0.685216	-1.712745	15	26	42	31.295
-2.356194	0.733948	3.021411	4	21	54	31.295
1.570796	1.194549	-0.801900	27	21	29	31.292
2.879793	1.440580	2.260026	22	29	25	31.292
0.261799	1.683268	0.374177	138	134	20	31.291
2.356194	0.700570	1.559208	18	21	54	31.288
1.570796	1.391910	3.030322	25	22	40	31.287
-1.832596	2.138223	1.678323	23	7	58	31.285
0.261799	1.574060	2.783565	27	18	28	31.283
-1.047198	0.910508	1.903534	42	20	23	31.283
0.000000	1.242974	-2.977882	31	15	30	31.276
-3.141593	1.504028	0.636812	134	136	6	31.270
2.617994	0.762244	-0.273349	139	139	18	31.263
0.785398	2.478122	2.609777	29	13	16	31.262
1.832596	0.370812	-2.547742	33	25	37	31.260
-0.261799	0.080730	-2.622036	34	12	35	31.259
0.523599	1.301460	-0.509251	32	12	23	31.258
1.308997	2.984978	1.954446	23	19	41	31.251
2.879793	1.367556	0.358405	15	31	41	31.250
2.356194	0.619654	-2.216909	39	9	30	31.244
-1.570796	2.180315	-1.357379	45	10	35	31.242
1.832596	0.674054	1.013609	22	17	53	31.238
-1.308997	1.134497	-1.109631	129	149	20	31.233
0.523599	0.899350	-2.069907	41	5	34	31.233
-2.356194	2.180315	-1.357379	34	10	37	31.233
-0.523599	2.180315	-1.357379	32	5	37	31.232
-0.785398	1.599406	1.426070	41	21	39	31.228
-1.047198	1.506530	1.988858	131	143	16	31.222
-1.047198	1.433411	-1.035986	25	26	26	31.221
2.879793	0.700570	1.559208	12	24	54	31.216
1.832596	1.875281	0.107086	147	17	44	31.215
1.832596	1.214854	-1.966664	30	24	22	31.215
-0.785398	2.863997	0.549740	27	13	19	31.213
-3.141593	2.138223	1.678323	20	155	51	31.208
1.570796	1.766067	2.153843	19	24	40	31.208
1.570796	1.554776	0.100351	24	22	42	31.201
2.617994	2.863997	0.549740	11	11	53	31.199
-0.523599	1.869911	2.701025	32	18	36	31.198
-2.094395	0.709924	0.218797	14	25	40	31.196
0.000000	2.881233	-2.582574	2	20	60	31.195
-1.047198	1.555207	1.708892	42	18	39	31.191
2.617994	1.846342	-1.796954	22	28	34	31.191
-2.356194	0.419640	2.974122	36	7	11	31.191
2.094395	1.014500	0.906702	146	136	13	31.189
-1.047198	0.864993	2.278281	29	26	32	31.188
-1.832596	1.756530	-2.105156	45	11	27	31.181
-3.141593	0.203748	0.590255	19	20	50	31.178
-1.308997	1.506530	1.988858	44	14	38	31.175
0.523599	1.662363	0.915448	9	36	47	31.174
1.570796	2.174483	2.653697	22	21	42	31.173
-1.570796	1.194549	-0.801900	35	11	14	31.170
0.000000	0.961715	0.014085	34	7	30	31.167
0.785398	0.850607	-1.335383	22	26	31	31.167
2.879793	1.113094	-0.272241	24	26	38	31.164
1.047198	1.135834	-1.431087	27	22	48	31.159
-1.308997	2.073035	2.027405	35	15	49	31.158
-2.879793	1.909857	-0.381669	26	24	30	31.154
1.570796	2.343981	-1.040456	13	22	52	31.153
0.000000	1.335669	0.897240	21	35	39	31.151
2.356194	1.824694	1.850876	34	22	27	31.151
1.570796	1.488617	1.159546	26	21	29	31.151
2.617994	2.664082	-1.071402	135	136	27	31.149
-1.308997	1.977582	0.969896	12	26	45	31.145
1.308997	1.617114	-1.572037	34	22	25	31.144
2.356194	0.709924	0.218797	20	23	51	31.142
-3.141593	2.295480	1.008277	37	22	19	31.142
-2.879793	1.683268	0.374177	142	129	15	31.140
-2.617994	1.869911	2.701025	28	18	15	31.136
-2.094395	1.301460	-0.509251	3	20	57	31.136
-2.617994	2.478122	2.609777	31	5	52	31.136
2.094395	1.721184	-0.153948	28	23	32	31.135
1.047198	2.719179	-1.780644	154	16	57	31.135
2.617994	2.247462	0.191623	30	27	37	31.125
2.617994	1.045978	0.343692	18	28	47	31.125
-0.261799	1.870545	-2.976234	27	20	39	31.125
-0.523599	0.992645	-1.723759	137	139	22	31.124
-2.094395	1.214854	-1.966664	39	6	14	31.106
1.047198	2.343981	-1.040456	37	18	26	31.103
-1.308997	2.393226	1.857173	28	11	53	31.102
-2.356194	2.760637	2.781135	29	12	53	31.102
2.094395	2.063651	-2.044600	36	15	20	31.101
0.000000	2.379497	0.561089	24	24	31	31.096
0.261799	2.724429	-0.348782	24	26	47	31.094
1.570796	0.591903	2.010408	15	23	46	31.094
-1.570796	0.899350	-2.069907	36	16	10	31.093
2.617994	1.214854	-1.966664	5	34	46	31.092
1.047198	0.910508	1.903534	22	21	43	31.091
1.308997	2.579248	-2.364801	29	23	15	31.087
-0.523599	2.001437	0.381215	37	21	33	31.085
-2.094395	1.766067	2.153843	34	11	21	31.084
-1.047198	2.579248	-2.364801	30	25	47	31.078
-3.141593	1.977582	0.969896	135	137	20	31.078
-2.617994	1.569311	-3.003978	34	159	39	31.068
0.523599	0.571433	-1.188419	36	14	39	31.067
-2.356194	1.335669	0.897240	22	32	35	31.065
2.094395	2.138223	1.678323	159	8	59	31.060
-2.879793	0.866955	-0.931351	8	27	49	31.053
-2.356194	1.809167	1.213774	23	30	23	31.050
2.617994	0.910508	1.903534	133	132	7	31.047
0.261799	1.050534	3.042579	11	28	41	31.047
-0.523599	0.914445	2.687814	15	35	32	31.045
0.523599	0.850607	-1.335383	26	25	31	31.045
1.832596	2.393226	1.857173	34	13	17	31.044
-1.047198	0.709924	0.218797	136	145	26	31.035
-1.308997	1.214854	-1.966664	22	24	41	31.032
0.000000	0.370812	-2.547742	31	16	36	31.031
-2.879793	0.674054	1.013609	34	22	42	31.024
-2.617994	1.134497	-1.109631	35	5	23	31.022
-2.356194	1.982574	-1.115518	3	134	12	31.020
-2.094395	2.588535	-2.976617	34	13	50	31.012
-3.141593	1.391910	3.030322	27	23	18	31.006
2.356194	2.881233	-2.582574	9	26	34	31.005
0.785398	1.696674	-1.253233	15	25	49	31.001
-3.141593	0.700570	1.559208	34	26	36	31.001
1.047198	2.637879	2.121598	24	19	41	31.000
-3.141593	2.063651	-2.044600	154	129	20	30.996
2.879793	1.391910	3.030322	24	24	15	30.991
2.879793	0.866955	-0.931351	134	142	17	30.989
